1 2.000000 2.000000 0.11181699999999999973
2 1.000000 1.000000 0.05763900000000000273
3 1.000000 1.000000 0.05129899999999999738
4 1.000000 1.000000 0.03831299999999999983
5 1.000000 1.000000 0.02938199999999999840
6 1.000000 1.000000 0.01078600000000000045
7 1.000000 1.000000 0.00839699999999999995
8 1.000000 1.000000 0.00862599999999999999
9 2.000000 2.000000 0.02328699999999999867
10 1.000000 1.000000 0.01629500000000000046
11 1.000000 1.000000 0.00829900000000000082
12 1.000000 1.000000 0.01216599999999999973
13 2.000000 2.000000 0.01195500000000000035
14 1.000000 1.000000 0.01076700000000000053
15 1.000000 1.000000 0.00907200000000000020
16 1.000000 1.000000 0.01008099999999999968
17 1.000000 1.000000 0.01143899999999999952
18 1.000000 1.000000 0.01017999999999999981
19 1.000000 1.000000 0.01030299999999999966
20 2.000000 2.000000 0.01108499999999999937
21 1.000000 1.000000 0.00897500000000000034
22 1.000000 1.000000 0.01062699999999999929
23 1.000000 1.000000 0.00863099999999999978
24 1.000000 1.000000 0.00844600000000000038
25 1.000000 1.000000 0.00879199999999999947
26 2.000000 2.000000 0.01306000000000000043
27 2.000000 2.000000 0.01186100000000000002
28 1.000000 1.000000 0.00982899999999999920
29 1.000000 1.000000 0.00916699999999999980
30 1.000000 1.000000 0.00894900000000000036
31 2.000000 2.000000 0.01208099999999999972
32 1.000000 1.000000 0.00884500000000000043
33 1.000000 1.000000 0.02801500000000000171
34 1.000000 1.000000 0.01689799999999999983
35 1.000000 1.000000 0.00811500000000000069
36 1.000000 1.000000 0.00870800000000000046
37 1.000000 1.000000 0.00871599999999999979
38 2.000000 2.000000 0.01014699999999999977
39 2.000000 2.000000 0.01062899999999999956
40 1.000000 1.000000 0.01752199999999999938
41 1.000000 1.000000 0.00937699999999999992
42 2.000000 2.000000 0.01076799999999999979
43 1.000000 1.000000 0.00970500000000000008
44 2.000000 2.000000 0.01002399999999999992
45 1.000000 1.000000 0.00894299999999999956
46 1.000000 1.000000 0.00931300000000000010
47 1.000000 1.000000 0.00878400000000000014
48 1.000000 1.000000 0.00798699999999999931
49 1.000000 1.000000 0.00852699999999999986
50 1.000000 1.000000 0.00778400000000000012
51 1.000000 1.000000 0.00837199999999999923
52 1.000000 1.000000 0.00842200000000000067
53 1.000000 1.000000 0.00755600000000000022
54 1.000000 1.000000 0.00935700000000000073
55 1.000000 1.000000 0.00768600000000000012
56 1.000000 1.000000 0.00808700000000000044
57 2.000000 2.000000 0.00937200000000000012
58 1.000000 1.000000 0.00800700000000000023
59 2.000000 2.000000 0.01935299999999999868
60 1.000000 1.000000 0.00801499999999999956
61 1.000000 1.000000 0.00818100000000000077
62 2.000000 2.000000 0.01816900000000000112
63 2.000000 2.000000 0.01763299999999999937
64 1.000000 1.000000 0.00841000000000000081
65 1.000000 1.000000 0.00870199999999999967
66 1.000000 1.000000 0.00779900000000000038
67 1.000000 1.000000 0.00789399999999999998
68 1.000000 1.000000 0.00787900000000000059
69 1.000000 1.000000 0.02562299999999999994
70 1.000000 1.000000 0.01065400000000000028
71 1.000000 1.000000 0.00803000000000000068
72 1.000000 1.000000 0.01908400000000000027
73 2.000000 2.000000 0.02289400000000000115
74 1.000000 1.000000 0.01869499999999999981
75 1.000000 1.000000 0.00876200000000000069
76 1.000000 1.000000 0.00842500000000000020
77 1.000000 1.000000 0.00810699999999999962
78 1.000000 1.000000 0.00771800000000000003
79 1.000000 1.000000 0.00762000000000000004
80 2.000000 2.000000 0.00960599999999999996
81 1.000000 1.000000 0.00823499999999999927
82 2.000000 2.000000 0.01435200000000000017
83 1.000000 1.000000 0.00807700000000000085
84 1.000000 1.000000 0.04125600000000000100
85 2.000000 2.000000 0.00937699999999999992
86 1.000000 1.000000 0.00851099999999999947
87 1.000000 1.000000 0.00823100000000000047
88 1.000000 1.000000 0.00795300000000000000
89 1.000000 1.000000 0.00784100000000000075
90 1.000000 1.000000 0.00813299999999999960
91 1.000000 1.000000 0.00789499999999999924
92 2.000000 2.000000 0.00993199999999999986
93 1.000000 1.000000 0.00824100000000000006
94 2.000000 2.000000 0.00915200000000000041
95 2.000000 2.000000 0.01425700000000000058
96 2.000000 2.000000 0.00884500000000000043
97 2.000000 2.000000 0.00915000000000000015
98 1.000000 1.000000 0.01013299999999999965
99 1.000000 1.000000 0.00919099999999999952
100 1.000000 1.000000 0.00847499999999999989
101 1.000000 1.000000 0.00970299999999999982
102 1.000000 1.000000 0.00835600000000000058
103 2.000000 2.000000 0.03509000000000000313
104 2.000000 2.000000 0.06897799999999999765
105 1.000000 1.000000 0.00843400000000000052
106 1.000000 1.000000 0.00892699999999999917
107 1.000000 1.000000 0.00847299999999999963
108 1.000000 1.000000 0.00846799999999999983
109 1.000000 1.000000 0.00976400000000000011
110 1.000000 1.000000 0.00956399999999999958
111 2.000000 2.000000 0.01319099999999999960
112 1.000000 1.000000 0.02020200000000000121
113 1.000000 1.000000 0.00806300000000000072
114 1.000000 1.000000 0.00842200000000000067
115 1.000000 1.000000 0.00967699999999999984
116 1.000000 1.000000 0.00874600000000000030
117 1.000000 1.000000 0.00811199999999999942
118 2.000000 2.000000 0.00902299999999999977
119 1.000000 1.000000 0.00794100000000000014
120 1.000000 1.000000 0.00814899999999999999
121 1.000000 1.000000 0.00787700000000000032
122 2.000000 2.000000 0.02153599999999999959
123 2.000000 2.000000 0.01008000000000000042
124 1.000000 1.000000 0.00838599999999999936
125 1.000000 1.000000 0.03117100000000000079
126 1.000000 1.000000 0.03768799999999999928
127 1.000000 1.000000 0.00865499999999999950
128 1.000000 1.000000 0.00823699999999999953
129 1.000000 1.000000 0.00864599999999999917
130 1.000000 1.000000 0.00800900000000000049
131 1.000000 1.000000 0.00791500000000000016
132 1.000000 1.000000 0.00790700000000000083
133 1.000000 1.000000 0.00769900000000000011
134 1.000000 1.000000 0.00784100000000000075
135 1.000000 1.000000 0.00769099999999999992
136 1.000000 1.000000 0.00792299999999999949
137 2.000000 2.000000 0.00867700000000000068
138 2.000000 2.000000 0.00919400000000000078
139 1.000000 1.000000 0.00786599999999999973
140 1.000000 1.000000 0.00779399999999999971
141 1.000000 1.000000 0.00763099999999999976
142 1.000000 1.000000 0.00916800000000000080
143 1.000000 1.000000 0.00857899999999999982
144 1.000000 1.000000 0.00779800000000000024
145 1.000000 1.000000 0.00784200000000000001
146 1.000000 1.000000 0.00821799999999999961
147 1.000000 1.000000 0.01310200000000000080
148 1.000000 1.000000 0.02460800000000000140
149 1.000000 1.000000 0.02027999999999999942
150 1.000000 1.000000 0.00787599999999999932
151 1.000000 1.000000 0.00782700000000000062
152 1.000000 1.000000 0.00765099999999999981
153 1.000000 1.000000 0.00782700000000000062
154 2.000000 2.000000 0.00845800000000000024
155 1.000000 1.000000 0.00803500000000000048
156 1.000000 1.000000 0.00822400000000000041
157 1.000000 1.000000 0.00822200000000000014
158 1.000000 1.000000 0.01394600000000000006
159 1.000000 1.000000 0.00796999999999999965
160 1.000000 1.000000 0.01703700000000000006
161 1.000000 1.000000 0.00800599999999999923
162 1.000000 1.000000 0.00849399999999999981
163 1.000000 1.000000 0.00779999999999999964
164 2.000000 2.000000 0.00878299999999999914
165 1.000000 1.000000 0.00841500000000000060
166 1.000000 1.000000 0.01362400000000000069
167 1.000000 1.000000 0.02450799999999999854
168 2.000000 2.000000 0.01843300000000000147
169 2.000000 2.000000 0.01010999999999999920
170 1.000000 1.000000 0.02485700000000000062
171 1.000000 1.000000 0.02061400000000000038
172 1.000000 1.000000 0.01480399999999999945
173 1.000000 1.000000 0.02094700000000000034
174 1.000000 1.000000 0.00823400000000000000
175 2.000000 2.000000 0.00941200000000000023
176 1.000000 1.000000 0.00818299999999999930
177 1.000000 1.000000 0.00815399999999999979
178 1.000000 1.000000 0.00802199999999999962
179 1.000000 1.000000 0.01625100000000000156
180 1.000000 1.000000 0.00808000000000000038
181 2.000000 2.000000 0.00906000000000000034
182 1.000000 1.000000 0.02168799999999999895
183 1.000000 1.000000 0.02007099999999999856
184 1.000000 1.000000 0.00784499999999999954
185 1.000000 1.000000 0.00829500000000000029
186 2.000000 2.000000 0.01887099999999999889
187 2.000000 2.000000 0.00883300000000000057
188 2.000000 2.000000 0.00859399999999999921
189 1.000000 1.000000 0.00831900000000000001
190 1.000000 1.000000 0.00811899999999999948
191 1.000000 1.000000 0.00797299999999999918
192 1.000000 1.000000 0.00805299999999999939
193 1.000000 1.000000 0.00794300000000000041
194 1.000000 1.000000 0.00797199999999999992
195 1.000000 1.000000 0.00779100000000000018
196 1.000000 1.000000 0.00792499999999999975
197 1.000000 1.000000 0.00802100000000000035
198 1.000000 1.000000 0.00816099999999999985
199 2.000000 2.000000 0.01009900000000000034
200 1.000000 1.000000 0.00856499999999999970
201 1.000000 1.000000 0.00778600000000000039
202 1.000000 1.000000 0.02436599999999999877
203 1.000000 1.000000 0.02847399999999999931
204 1.000000 1.000000 0.01341799999999999937
205 2.000000 2.000000 0.00949900000000000050
206 1.000000 1.000000 0.00821900000000000061
207 1.000000 1.000000 0.00776500000000000020
208 2.000000 2.000000 0.00955699999999999952
209 1.000000 1.000000 0.00859799999999999974
210 1.000000 1.000000 0.00779900000000000038
211 2.000000 2.000000 0.00857300000000000076
212 1.000000 1.000000 0.00793100000000000055
213 1.000000 1.000000 0.00800200000000000043
214 2.000000 2.000000 0.00851000000000000020
215 1.000000 1.000000 0.00825500000000000018
216 2.000000 2.000000 0.00981600000000000007
217 1.000000 1.000000 0.00803199999999999921
218 1.000000 1.000000 0.01478499999999999953
219 1.000000 1.000000 0.00790800000000000010
220 1.000000 1.000000 0.00815899999999999959
221 1.000000 1.000000 0.00786399999999999946
222 1.000000 1.000000 0.00785499999999999914
223 1.000000 1.000000 0.00795500000000000027
224 1.000000 1.000000 0.00811599999999999995
225 1.000000 1.000000 0.00789899999999999977
226 1.000000 1.000000 0.00804000000000000027
227 2.000000 2.000000 0.01480599999999999972
228 2.000000 2.000000 0.00971699999999999994
229 2.000000 2.000000 0.00976699999999999964
230 1.000000 1.000000 0.00796499999999999986
231 1.000000 1.000000 0.00819699999999999943
232 1.000000 1.000000 0.00804900000000000060
233 2.000000 2.000000 0.00862199999999999946
234 2.000000 2.000000 0.00853100000000000039
235 1.000000 1.000000 0.00781100000000000023
236 2.000000 2.000000 0.00854099999999999998
237 1.000000 1.000000 0.00799799999999999990
238 1.000000 1.000000 0.00787799999999999959
239 1.000000 1.000000 0.00798100000000000025
240 2.000000 2.000000 0.01623099999999999890
241 1.000000 1.000000 0.00795500000000000027
242 2.000000 2.000000 0.00875199999999999936
243 1.000000 1.000000 0.00807899999999999938
244 1.000000 1.000000 0.00803000000000000068
245 1.000000 1.000000 0.00780199999999999991
246 1.000000 1.000000 0.00812300000000000001
247 1.000000 1.000000 0.00788100000000000085
248 1.000000 1.000000 0.02467199999999999949
249 1.000000 1.000000 0.02459000000000000075
250 1.000000 1.000000 0.00821000000000000028
251 2.000000 2.000000 0.00963600000000000047
252 1.000000 1.000000 0.02531800000000000023
253 1.000000 1.000000 0.00893099999999999970
254 1.000000 1.000000 0.00820899999999999928
255 1.000000 1.000000 0.00840100000000000048
256 1.000000 1.000000 0.00818400000000000030
257 1.000000 1.000000 0.00800400000000000070
258 1.000000 1.000000 0.00816899999999999918
259 1.000000 1.000000 0.00859399999999999921
260 1.000000 1.000000 0.00811399999999999968
261 1.000000 1.000000 0.00833500000000000039
262 1.000000 1.000000 0.00826400000000000051
263 1.000000 1.000000 0.00806600000000000025
264 1.000000 1.000000 0.00800700000000000023
265 1.000000 1.000000 0.00813400000000000060
266 1.000000 1.000000 0.00854300000000000025
267 1.000000 1.000000 0.02109199999999999964
268 1.000000 1.000000 0.02466199999999999989
269 2.000000 2.000000 0.02256700000000000025
270 1.000000 1.000000 0.00820599999999999975
271 1.000000 1.000000 0.00845599999999999997
272 1.000000 1.000000 0.00829799999999999982
273 1.000000 1.000000 0.00862500000000000072
274 1.000000 1.000000 0.04145000000000000073
275 1.000000 1.000000 0.00796299999999999959
276 1.000000 1.000000 0.02510400000000000131
277 1.000000 1.000000 0.02490300000000000152
278 1.000000 1.000000 0.00872000000000000032
279 1.000000 1.000000 0.00843299999999999952
280 1.000000 1.000000 0.00805999999999999946
281 1.000000 1.000000 0.00873099999999999918
282 1.000000 1.000000 0.00820599999999999975
283 2.000000 2.000000 0.00877700000000000008
284 1.000000 1.000000 0.00784100000000000075
285 1.000000 1.000000 0.00793199999999999981
286 2.000000 2.000000 0.00910799999999999978
287 1.000000 1.000000 0.00789399999999999998
288 1.000000 1.000000 0.00762200000000000030
289 1.000000 1.000000 0.00795300000000000000
290 1.000000 1.000000 0.00799599999999999964
291 1.000000 1.000000 0.00790300000000000030
292 2.000000 2.000000 0.00958200000000000024
293 1.000000 1.000000 0.00817099999999999944
294 1.000000 1.000000 0.00839200000000000015
295 1.000000 1.000000 0.00788799999999999918
296 1.000000 1.000000 0.01379700000000000024
297 1.000000 1.000000 0.00791700000000000043
298 1.000000 1.000000 0.00812900000000000081
299 1.000000 1.000000 0.00784299999999999928
300 1.000000 1.000000 0.00804400000000000080
301 2.000000 2.000000 0.02627099999999999921
302 1.000000 1.000000 0.02460800000000000140
303 1.000000 1.000000 0.01188999999999999953
304 1.000000 1.000000 0.01217099999999999953
305 1.000000 1.000000 0.02681700000000000056
306 2.000000 2.000000 0.03412699999999999761
307 1.000000 1.000000 0.00801900000000000009
308 1.000000 1.000000 0.00825200000000000065
309 1.000000 1.000000 0.00815800000000000032
310 2.000000 2.000000 0.02448399999999999882
311 1.000000 1.000000 0.02461800000000000099
312 1.000000 1.000000 0.01286799999999999923
313 1.000000 1.000000 0.03681000000000000244
314 2.000000 2.000000 0.02647100000000000147
315 1.000000 1.000000 0.03910600000000000187
316 1.000000 1.000000 0.00797999999999999925
317 1.000000 1.000000 0.02422399999999999901
318 2.000000 2.000000 0.02619300000000000100
319 2.000000 2.000000 0.02566600000000000131
320 1.000000 1.000000 0.02462900000000000159
321 1.000000 1.000000 0.02508600000000000066
322 1.000000 1.000000 0.02495100000000000096
323 2.000000 2.000000 0.00956300000000000032
324 1.000000 1.000000 0.00784900000000000007
325 2.000000 2.000000 0.00937699999999999992
326 1.000000 1.000000 0.00792499999999999975
327 1.000000 1.000000 0.00779499999999999985
328 2.000000 2.000000 0.00902999999999999983
329 2.000000 2.000000 0.00891300000000000078
330 1.000000 1.000000 0.00814400000000000020
331 1.000000 1.000000 0.00773699999999999995
332 1.000000 1.000000 0.00799000000000000057
333 2.000000 2.000000 0.01009999999999999960
334 1.000000 1.000000 0.00828500000000000070
335 1.000000 1.000000 0.00826499999999999978
336 2.000000 2.000000 0.00889200000000000060
337 1.000000 1.000000 0.00829500000000000029
338 1.000000 1.000000 0.00791399999999999916
339 1.000000 1.000000 0.00820099999999999996
340 1.000000 1.000000 0.00790500000000000057
341 1.000000 1.000000 0.00795700000000000053
342 1.000000 1.000000 0.00791700000000000043
343 2.000000 2.000000 0.00933999999999999934
344 1.000000 1.000000 0.00810100000000000056
345 1.000000 1.000000 0.00808500000000000017
346 1.000000 1.000000 0.00809299999999999950
347 1.000000 1.000000 0.00791299999999999989
348 2.000000 2.000000 0.00981199999999999954
349 2.000000 2.000000 0.00963400000000000020
350 1.000000 1.000000 0.00816599999999999965
351 2.000000 2.000000 0.00921499999999999923
352 1.000000 1.000000 0.00795500000000000027
353 1.000000 1.000000 0.00777800000000000019
354 1.000000 1.000000 0.00799799999999999990
355 2.000000 2.000000 0.00969899999999999929
356 1.000000 1.000000 0.00796299999999999959
357 1.000000 1.000000 0.00779200000000000031
358 1.000000 1.000000 0.00799000000000000057
359 1.000000 1.000000 0.00786199999999999920
360 2.000000 2.000000 0.00978300000000000003
361 1.000000 1.000000 0.00801499999999999956
362 1.000000 1.000000 0.00796799999999999939
363 1.000000 1.000000 0.00830700000000000015
364 1.000000 1.000000 0.00780899999999999997
365 2.000000 2.000000 0.00953900000000000060
366 1.000000 1.000000 0.00811699999999999922
367 1.000000 1.000000 0.00813099999999999934
368 1.000000 1.000000 0.00782000000000000056
369 1.000000 1.000000 0.00801200000000000002
370 1.000000 1.000000 0.00795099999999999973
371 1.000000 1.000000 0.00779499999999999985
372 2.000000 2.000000 0.01230000000000000017
373 1.000000 1.000000 0.00785800000000000040
374 2.000000 2.000000 0.00842700000000000046
375 1.000000 1.000000 0.00779200000000000031
376 2.000000 2.000000 0.00839600000000000068
377 1.000000 1.000000 0.00788900000000000018
378 1.000000 1.000000 0.00775800000000000014
379 1.000000 1.000000 0.00770399999999999991
380 2.000000 2.000000 0.00835200000000000005
381 1.000000 1.000000 0.00776000000000000040
382 1.000000 1.000000 0.00804000000000000027
383 2.000000 2.000000 0.00873299999999999944
384 2.000000 2.000000 0.00869400000000000034
385 1.000000 1.000000 0.00805999999999999946
386 1.000000 1.000000 0.00802800000000000041
387 2.000000 2.000000 0.02471900000000000139
388 1.000000 1.000000 0.02445599999999999857
389 1.000000 1.000000 0.02437200000000000130
390 1.000000 1.000000 0.02406399999999999859
391 1.000000 1.000000 0.00788499999999999965
392 1.000000 1.000000 0.02414799999999999933
393 2.000000 2.000000 0.00862300000000000046
394 1.000000 1.000000 0.00832899999999999960
395 1.000000 1.000000 0.00792200000000000022
396 2.000000 2.000000 0.00818499999999999957
397 1.000000 1.000000 0.00734199999999999957
398 1.000000 1.000000 0.00751600000000000011
399 1.000000 1.000000 0.00753299999999999977
400 2.000000 2.000000 0.00817599999999999924
401 1.000000 1.000000 0.00784900000000000007
402 2.000000 2.000000 0.00842900000000000073
403 1.000000 1.000000 0.00766800000000000034
404 2.000000 2.000000 0.00867500000000000042
405 1.000000 1.000000 0.00788900000000000018
406 1.000000 1.000000 0.00783000000000000015
407 1.000000 1.000000 0.00763699999999999969
408 1.000000 1.000000 0.03343000000000000138
409 1.000000 1.000000 0.01902600000000000124
410 1.000000 1.000000 0.02464699999999999877
411 1.000000 1.000000 0.00979700000000000015
412 1.000000 1.000000 0.02152600000000000000
413 2.000000 2.000000 0.02506500000000000047
414 1.000000 1.000000 0.02913500000000000117
415 1.000000 1.000000 0.00847299999999999963
416 2.000000 2.000000 0.00842999999999999999
417 1.000000 1.000000 0.01845400000000000165
418 1.000000 1.000000 0.00798100000000000025
419 2.000000 2.000000 0.00875500000000000063
420 1.000000 1.000000 0.00806199999999999972
