1 2.000000 2.000000 0.10833700000000000274
2 2.000000 2.000000 0.04841700000000000170
3 1.000000 1.000000 0.05306000000000000300
4 3.000000 3.000000 0.02604499999999999871
5 1.000000 1.000000 0.04266799999999999760
6 2.000000 2.000000 0.01817500000000000018
7 1.000000 1.000000 0.01223499999999999935
8 1.000000 1.000000 0.02378399999999999959
9 2.000000 2.000000 0.02230999999999999997
10 4.000000 4.000000 0.01372499999999999935
11 4.000000 4.000000 0.01207500000000000066
12 2.000000 2.000000 0.00974599999999999946
13 1.000000 1.000000 0.00968399999999999990
14 2.000000 2.000000 0.06974800000000000444
15 3.000000 3.000000 0.05541599999999999998
16 2.000000 2.000000 0.02621899999999999925
17 2.000000 2.000000 0.02950499999999999998
18 1.000000 1.000000 0.01917599999999999860
19 2.000000 2.000000 0.02498300000000000173
20 2.000000 2.000000 0.00978700000000000056
21 1.000000 1.000000 0.02498699999999999879
22 2.000000 2.000000 0.02016700000000000090
23 2.000000 2.000000 0.00910599999999999951
24 3.000000 3.000000 0.02250800000000000023
25 1.000000 1.000000 0.00954299999999999940
26 2.000000 2.000000 0.02918400000000000161
27 1.000000 1.000000 0.00986599999999999977
28 2.000000 2.000000 0.00903999999999999942
29 2.000000 2.000000 0.01697099999999999997
30 2.000000 2.000000 0.02401899999999999868
31 4.000000 4.000000 0.02780399999999999885
32 1.000000 1.000000 0.03535100000000000048
33 2.000000 2.000000 0.02544899999999999940
34 1.000000 1.000000 0.02569499999999999909
35 1.000000 1.000000 0.02552199999999999955
36 1.000000 1.000000 0.01405900000000000032
37 3.000000 3.000000 0.02508900000000000019
38 1.000000 1.000000 0.02518000000000000099
39 2.000000 2.000000 0.00903799999999999916
40 1.000000 1.000000 0.02564500000000000113
41 1.000000 1.000000 0.02531699999999999923
42 2.000000 2.000000 0.02523999999999999855
43 1.000000 1.000000 0.02614599999999999910
44 1.000000 1.000000 0.00929999999999999924
45 1.000000 1.000000 0.02081500000000000017
46 2.000000 2.000000 0.02563199999999999854
47 4.000000 4.000000 0.00927200000000000073
48 2.000000 2.000000 0.00945600000000000086
49 3.000000 3.000000 0.02656899999999999887
50 1.000000 1.000000 0.01657000000000000139
51 1.000000 1.000000 0.02025400000000000117
52 3.000000 3.000000 0.02939299999999999899
53 2.000000 2.000000 0.01766300000000000162
54 2.000000 2.000000 0.02159600000000000061
55 4.000000 4.000000 0.02171400000000000066
56 1.000000 1.000000 0.01471899999999999945
57 1.000000 1.000000 0.00994899999999999951
58 1.000000 1.000000 0.00948899999999999917
59 1.000000 1.000000 0.00940099999999999963
60 1.000000 1.000000 0.00989100000000000049
61 2.000000 2.000000 0.00896100000000000022
62 1.000000 1.000000 0.00976100000000000058
63 1.000000 1.000000 0.00958900000000000030
64 1.000000 1.000000 0.02230199999999999891
65 1.000000 1.000000 0.00970099999999999955
66 1.000000 1.000000 0.00946699999999999972
67 1.000000 1.000000 0.00953599999999999934
68 1.000000 1.000000 0.00950299999999999929
69 2.000000 2.000000 0.00994800000000000025
70 1.000000 1.000000 0.00918899999999999925
71 1.000000 1.000000 0.00920600000000000064
72 1.000000 1.000000 0.00957999999999999997
73 1.000000 1.000000 0.00909599999999999992
74 2.000000 2.000000 0.00947100000000000025
75 2.000000 2.000000 0.00922199999999999930
76 3.000000 3.000000 0.00838400000000000083
77 4.000000 4.000000 0.01075100000000000014
78 3.000000 3.000000 0.00859299999999999994
79 1.000000 1.000000 0.00961799999999999981
80 3.000000 3.000000 0.01005699999999999997
81 1.000000 1.000000 0.00918099999999999992
82 1.000000 1.000000 0.00938699999999999951
83 1.000000 1.000000 0.00971600000000000068
84 4.000000 4.000000 0.00973000000000000080
85 1.000000 1.000000 0.00953500000000000007
86 2.000000 2.000000 0.01072200000000000063
87 2.000000 2.000000 0.01874599999999999878
88 1.000000 1.000000 0.02750500000000000167
89 1.000000 1.000000 0.00955100000000000046
90 1.000000 1.000000 0.02579700000000000049
91 2.000000 2.000000 0.04814100000000000323
92 3.000000 3.000000 0.02474300000000000110
93 4.000000 4.000000 0.02548800000000000024
94 2.000000 2.000000 0.02530900000000000163
95 4.000000 4.000000 0.00917399999999999986
96 1.000000 1.000000 0.02553599999999999967
97 1.000000 1.000000 0.02501199999999999951
98 6.000000 6.000000 0.02632900000000000171
99 1.000000 1.000000 0.02900099999999999900
100 2.000000 2.000000 0.02574299999999999852
101 1.000000 1.000000 0.03448899999999999882
102 2.000000 2.000000 0.02655300000000000021
103 2.000000 2.000000 0.01813299999999999981
104 1.000000 1.000000 0.01824200000000000127
105 2.000000 2.000000 0.02197599999999999901
106 1.000000 1.000000 0.02642600000000000157
107 2.000000 2.000000 0.01833100000000000007
108 1.000000 1.000000 0.01819000000000000131
109 6.000000 6.000000 0.01904399999999999843
110 4.000000 4.000000 0.02669300000000000145
111 3.000000 3.000000 0.01782200000000000104
112 1.000000 1.000000 0.01827799999999999911
113 1.000000 1.000000 0.02688300000000000065
114 1.000000 1.000000 0.03421799999999999842
115 1.000000 1.000000 0.01377800000000000032
116 2.000000 2.000000 0.00967299999999999931
117 1.000000 1.000000 0.00948099999999999984
118 4.000000 4.000000 0.03819899999999999685
119 3.000000 3.000000 0.02512700000000000003
120 1.000000 1.000000 0.02508000000000000160
121 1.000000 1.000000 0.02262000000000000122
122 1.000000 1.000000 0.01656600000000000086
123 1.000000 1.000000 0.00984100000000000079
124 1.000000 1.000000 0.02600900000000000087
125 2.000000 2.000000 0.02607399999999999995
126 1.000000 1.000000 0.02626200000000000062
127 1.000000 1.000000 0.00976999999999999917
128 2.000000 2.000000 0.00871099999999999999
129 2.000000 2.000000 0.00866500000000000083
130 1.000000 1.000000 0.00823600000000000027
131 1.000000 1.000000 0.02466099999999999889
132 1.000000 1.000000 0.02499399999999999886
133 2.000000 2.000000 0.02498500000000000026
134 3.000000 3.000000 0.02423900000000000013
135 1.000000 1.000000 0.02509400000000000172
136 3.000000 3.000000 0.02544700000000000087
137 4.000000 4.000000 0.02595599999999999991
138 3.000000 3.000000 0.02549600000000000130
139 1.000000 1.000000 0.02652300000000000144
140 1.000000 1.000000 0.04414400000000000268
141 2.000000 2.000000 0.00851500000000000000
142 1.000000 1.000000 0.02173399999999999985
143 2.000000 2.000000 0.02983099999999999988
144 2.000000 2.000000 0.02519400000000000112
145 1.000000 1.000000 0.02545599999999999946
146 6.000000 6.000000 0.02128499999999999837
147 1.000000 1.000000 0.00920100000000000084
148 4.000000 4.000000 0.00934199999999999961
149 3.000000 3.000000 0.02484600000000000003
150 1.000000 1.000000 0.02582100000000000020
151 1.000000 1.000000 0.02274400000000000033
152 2.000000 2.000000 0.02154299999999999965
153 4.000000 4.000000 0.02538199999999999831
154 1.000000 1.000000 0.00853600000000000018
155 6.000000 6.000000 0.00811500000000000069
156 1.000000 1.000000 0.00959899999999999989
157 3.000000 3.000000 0.00847200000000000036
158 2.000000 2.000000 0.02583999999999999839
159 4.000000 4.000000 0.04620900000000000007
160 1.000000 1.000000 0.01780699999999999991
161 1.000000 1.000000 0.00958999999999999957
162 1.000000 1.000000 0.02652699999999999850
163 4.000000 4.000000 0.02570599999999999968
164 4.000000 4.000000 0.01786899999999999947
165 1.000000 1.000000 0.02237499999999999906
166 2.000000 2.000000 0.01775600000000000095
167 1.000000 1.000000 0.01821000000000000049
168 1.000000 1.000000 0.00923299999999999989
169 4.000000 4.000000 0.01809600000000000097
170 6.000000 6.000000 0.01751300000000000079
171 4.000000 4.000000 0.02642800000000000010
172 2.000000 2.000000 0.01743000000000000105
173 1.000000 1.000000 0.01696699999999999944
174 2.000000 2.000000 0.02566200000000000078
175 2.000000 2.000000 0.01728400000000000075
176 1.000000 1.000000 0.01689399999999999930
177 1.000000 1.000000 0.01705200000000000118
178 1.000000 1.000000 0.01731100000000000000
179 6.000000 6.000000 0.01724300000000000138
180 2.000000 2.000000 0.01308400000000000014
181 1.000000 1.000000 0.01785399999999999834
182 2.000000 2.000000 0.02648199999999999860
183 3.000000 3.000000 0.03121499999999999969
184 1.000000 1.000000 0.02181699999999999959
185 2.000000 2.000000 0.02603300000000000058
186 4.000000 4.000000 0.05444600000000000134
187 3.000000 3.000000 0.01671699999999999922
188 1.000000 1.000000 0.01011800000000000026
189 2.000000 2.000000 0.02639599999999999932
190 2.000000 2.000000 0.01741600000000000092
191 3.000000 3.000000 0.01260799999999999942
192 1.000000 1.000000 0.01760000000000000106
193 2.000000 2.000000 0.01821400000000000102
194 2.000000 2.000000 0.01795100000000000168
195 2.000000 2.000000 0.00974399999999999919
196 3.000000 3.000000 0.01730399999999999994
197 1.000000 1.000000 0.02218499999999999986
198 1.000000 1.000000 0.02598800000000000068
199 2.000000 2.000000 0.01815800000000000053
200 1.000000 1.000000 0.02622700000000000031
201 3.000000 3.000000 0.00869999999999999940
202 1.000000 1.000000 0.01813599999999999934
203 1.000000 1.000000 0.03426799999999999985
204 1.000000 1.000000 0.03412899999999999961
205 1.000000 1.000000 0.02580800000000000108
206 2.000000 2.000000 0.02595300000000000037
207 1.000000 1.000000 0.02593000000000000166
208 2.000000 2.000000 0.02597199999999999856
209 2.000000 2.000000 0.02642500000000000057
210 1.000000 1.000000 0.00959400000000000010
211 1.000000 1.000000 0.02627699999999999828
212 1.000000 1.000000 0.01252499999999999968
213 1.000000 1.000000 0.00927299999999999999
214 4.000000 4.000000 0.02546400000000000052
215 2.000000 2.000000 0.02517300000000000093
216 1.000000 1.000000 0.03353899999999999937
217 1.000000 1.000000 0.03390900000000000164
218 2.000000 2.000000 0.00874199999999999977
219 3.000000 3.000000 0.00799700000000000064
220 1.000000 1.000000 0.00868400000000000075
221 3.000000 3.000000 0.00781100000000000023
222 1.000000 1.000000 0.02527799999999999839
223 1.000000 1.000000 0.02088800000000000032
224 2.000000 2.000000 0.02481799999999999978
225 2.000000 2.000000 0.01673699999999999841
226 1.000000 1.000000 0.00891800000000000058
227 1.000000 1.000000 0.00838200000000000056
228 1.000000 1.000000 0.02473200000000000051
229 1.000000 1.000000 0.02473099999999999951
230 4.000000 4.000000 0.02530599999999999863
231 2.000000 2.000000 0.00871300000000000026
232 3.000000 3.000000 0.02278200000000000017
233 2.000000 2.000000 0.02508000000000000160
234 4.000000 4.000000 0.02519199999999999912
235 2.000000 2.000000 0.01508100000000000065
236 1.000000 1.000000 0.00898000000000000013
237 2.000000 2.000000 0.03524599999999999955
238 2.000000 2.000000 0.03341899999999999732
239 2.000000 2.000000 0.03332700000000000246
240 4.000000 4.000000 0.04979900000000000299
241 1.000000 1.000000 0.03032500000000000126
242 2.000000 2.000000 0.04393899999999999889
243 2.000000 2.000000 0.02411500000000000102
244 1.000000 1.000000 0.02741299999999999987
245 1.000000 1.000000 0.00892500000000000064
246 1.000000 1.000000 0.00868799999999999954
247 1.000000 1.000000 0.00861800000000000066
248 1.000000 1.000000 0.00871300000000000026
249 1.000000 1.000000 0.00855400000000000084
250 1.000000 1.000000 0.01622300000000000131
251 1.000000 1.000000 0.01004999999999999991
252 1.000000 1.000000 0.00942899999999999988
253 1.000000 1.000000 0.02254899999999999960
254 2.000000 2.000000 0.02808599999999999985
255 4.000000 4.000000 0.02261799999999999922
256 1.000000 1.000000 0.00980100000000000068
257 1.000000 1.000000 0.02121100000000000069
258 1.000000 1.000000 0.00886400000000000035
259 3.000000 3.000000 0.00808299999999999991
260 1.000000 1.000000 0.02455999999999999850
261 2.000000 2.000000 0.00832899999999999960
262 2.000000 2.000000 0.01671800000000000022
263 4.000000 4.000000 0.00919200000000000052
264 1.000000 1.000000 0.02230700000000000044
265 1.000000 1.000000 0.05322199999999999848
266 2.000000 2.000000 0.03750099999999999961
267 1.000000 1.000000 0.02442000000000000073
268 2.000000 2.000000 0.00885400000000000076
269 4.000000 4.000000 0.02528499999999999845
270 2.000000 2.000000 0.02905999999999999903
271 4.000000 4.000000 0.00889099999999999960
272 4.000000 4.000000 0.00839600000000000068
273 2.000000 2.000000 0.02476700000000000082
274 2.000000 2.000000 0.02438999999999999849
275 1.000000 1.000000 0.02270399999999999849
276 1.000000 1.000000 0.03280500000000000083
277 1.000000 1.000000 0.02504599999999999882
278 2.000000 2.000000 0.00874800000000000057
279 2.000000 2.000000 0.02521500000000000130
280 2.000000 2.000000 0.01921399999999999844
281 3.000000 3.000000 0.00831499999999999947
282 2.000000 2.000000 0.00876900000000000075
283 2.000000 2.000000 0.00874899999999999983
284 4.000000 4.000000 0.04111700000000000077
285 1.000000 1.000000 0.02511400000000000091
286 2.000000 2.000000 0.02915200000000000083
287 4.000000 4.000000 0.01475800000000000028
288 1.000000 1.000000 0.00933800000000000081
289 1.000000 1.000000 0.00919599999999999931
290 1.000000 1.000000 0.00921800000000000050
291 1.000000 1.000000 0.00866300000000000056
292 1.000000 1.000000 0.00926300000000000040
293 4.000000 4.000000 0.03142400000000000054
294 1.000000 1.000000 0.03534199999999999842
295 2.000000 2.000000 0.02581800000000000067
296 2.000000 2.000000 0.02915200000000000083
297 1.000000 1.000000 0.02511800000000000144
298 2.000000 2.000000 0.02115300000000000166
299 1.000000 1.000000 0.03692399999999999849
300 2.000000 2.000000 0.02534199999999999994
301 2.000000 2.000000 0.00847499999999999989
302 4.000000 4.000000 0.00884300000000000017
303 1.000000 1.000000 0.00843400000000000052
304 1.000000 1.000000 0.02526199999999999973
305 2.000000 2.000000 0.00863099999999999978
306 2.000000 2.000000 0.02856300000000000158
307 1.000000 1.000000 0.02558699999999999863
308 2.000000 2.000000 0.02895599999999999910
309 3.000000 3.000000 0.02215200000000000155
310 1.000000 1.000000 0.00866199999999999956
311 2.000000 2.000000 0.00875300000000000036
312 1.000000 1.000000 0.00891899999999999984
313 3.000000 3.000000 0.00886699999999999988
314 2.000000 2.000000 0.00899999999999999932
315 1.000000 1.000000 0.00921199999999999970
316 2.000000 2.000000 0.00938399999999999998
317 1.000000 1.000000 0.00922100000000000003
318 1.000000 1.000000 0.00963499999999999947
319 1.000000 1.000000 0.00901199999999999918
320 1.000000 1.000000 0.00864499999999999991
321 1.000000 1.000000 0.01054000000000000076
322 1.000000 1.000000 0.00943100000000000015
323 1.000000 1.000000 0.02602000000000000146
324 1.000000 1.000000 0.01241599999999999995
325 2.000000 2.000000 0.00936099999999999953
326 3.000000 3.000000 0.01084300000000000021
327 4.000000 4.000000 0.00878199999999999988
328 4.000000 4.000000 0.00864700000000000017
329 1.000000 1.000000 0.00819100000000000036
330 1.000000 1.000000 0.00886600000000000062
331 4.000000 4.000000 0.00867799999999999995
332 2.000000 2.000000 0.00834700000000000025
333 4.000000 4.000000 0.00834400000000000072
334 1.000000 1.000000 0.00876500000000000022
335 1.000000 1.000000 0.00905700000000000081
336 1.000000 1.000000 0.00882699999999999978
337 1.000000 1.000000 0.00874100000000000051
338 1.000000 1.000000 0.00922399999999999956
339 1.000000 1.000000 0.00924900000000000028
340 2.000000 2.000000 0.00926599999999999993
341 4.000000 4.000000 0.00924499999999999975
342 1.000000 1.000000 0.00949400000000000070
343 1.000000 1.000000 0.00886400000000000035
344 1.000000 1.000000 0.00921199999999999970
345 1.000000 1.000000 0.00919799999999999958
346 2.000000 2.000000 0.00864000000000000011
347 1.000000 1.000000 0.01311200000000000039
348 1.000000 1.000000 0.00936500000000000006
349 4.000000 4.000000 0.02370200000000000085
350 1.000000 1.000000 0.00960300000000000042
351 1.000000 1.000000 0.00922599999999999983
352 1.000000 1.000000 0.00869499999999999960
353 1.000000 1.000000 0.00900199999999999959
354 1.000000 1.000000 0.01060499999999999984
355 1.000000 1.000000 0.00908600000000000033
356 2.000000 2.000000 0.00925300000000000081
357 1.000000 1.000000 0.03704400000000000054
358 1.000000 1.000000 0.03015800000000000078
359 1.000000 1.000000 0.02553899999999999920
360 2.000000 2.000000 0.00863799999999999985
361 1.000000 1.000000 0.00896300000000000048
362 1.000000 1.000000 0.00954799999999999920
363 4.000000 4.000000 0.00952599999999999975
364 4.000000 4.000000 0.00932999999999999975
365 1.000000 1.000000 0.00966000000000000018
366 2.000000 2.000000 0.00858399999999999962
367 1.000000 1.000000 0.00860999999999999960
368 2.000000 2.000000 0.01877099999999999949
369 1.000000 1.000000 0.00988799999999999922
370 1.000000 1.000000 0.01013200000000000038
371 1.000000 1.000000 0.01072799999999999969
372 1.000000 1.000000 0.01421900000000000074
373 4.000000 4.000000 0.01760700000000000112
374 2.000000 2.000000 0.02476899999999999935
375 1.000000 1.000000 0.00878899999999999994
376 1.000000 1.000000 0.00875000000000000083
377 2.000000 2.000000 0.01320799999999999925
378 4.000000 4.000000 0.00862199999999999946
379 2.000000 2.000000 0.00838200000000000056
380 1.000000 1.000000 0.00852100000000000080
381 4.000000 4.000000 0.00868999999999999981
382 1.000000 1.000000 0.00868400000000000075
383 1.000000 1.000000 0.02274800000000000086
384 1.000000 1.000000 0.00841000000000000081
385 1.000000 1.000000 0.00869400000000000034
386 3.000000 3.000000 0.00827999999999999917
387 1.000000 1.000000 0.03568000000000000338
388 1.000000 1.000000 0.02532500000000000029
389 1.000000 1.000000 0.01410199999999999995
390 2.000000 2.000000 0.02938500000000000140
391 1.000000 1.000000 0.01499200000000000012
392 2.000000 2.000000 0.00850399999999999941
393 2.000000 2.000000 0.00860200000000000027
394 1.000000 1.000000 0.00938199999999999971
395 4.000000 4.000000 0.01486499999999999974
396 2.000000 2.000000 0.01428600000000000009
397 4.000000 4.000000 0.01502599999999999943
398 4.000000 4.000000 0.01549099999999999956
399 2.000000 2.000000 0.01626599999999999921
400 2.000000 2.000000 0.00828800000000000023
401 1.000000 1.000000 0.00847599999999999916
402 6.000000 6.000000 0.00781000000000000010
403 2.000000 2.000000 0.00841300000000000034
404 2.000000 2.000000 0.00833200000000000086
405 1.000000 1.000000 0.00893299999999999997
406 4.000000 4.000000 0.00875599999999999989
407 1.000000 1.000000 0.01116999999999999937
408 3.000000 3.000000 0.00846399999999999930
409 2.000000 2.000000 0.00939399999999999957
410 1.000000 1.000000 0.00935399999999999947
411 4.000000 4.000000 0.00974900000000000072
412 1.000000 1.000000 0.00914200000000000082
413 1.000000 1.000000 0.00947500000000000078
414 1.000000 1.000000 0.00978000000000000050
415 1.000000 1.000000 0.00976999999999999917
416 1.000000 1.000000 0.00989699999999999955
417 1.000000 1.000000 0.00983000000000000020
418 3.000000 3.000000 0.00900899999999999965
419 1.000000 1.000000 0.01016199999999999916
420 1.000000 1.000000 0.01005699999999999997
