1 4.000000 4.000000 0.09280299999999999661
2 7.000000 7.000000 0.04650800000000000073
3 1.000000 1.000000 0.06959100000000000008
4 6.000000 6.000000 0.07335700000000000554
5 2.000000 2.000000 0.26895299999999999763
6 6.000000 6.000000 0.04045599999999999891
7 1.000000 1.000000 0.02821500000000000050
8 1.000000 1.000000 0.03235699999999999688
9 4.000000 4.000000 0.03222699999999999870
10 1.000000 1.000000 0.03143200000000000160
11 1.000000 1.000000 0.02898500000000000035
12 4.000000 4.000000 0.02349400000000000099
13 6.000000 6.000000 0.04343799999999999745
14 1.000000 1.000000 0.03145300000000000179
15 1.000000 1.000000 0.02878400000000000056
16 6.000000 6.000000 0.05155599999999999766
17 1.000000 1.000000 0.02753699999999999898
18 4.000000 4.000000 0.06374799999999999911
19 4.000000 4.000000 0.02952600000000000016
20 1.000000 1.000000 0.01141400000000000053
21 6.000000 6.000000 0.03379000000000000059
22 6.000000 6.000000 0.03030899999999999914
23 4.000000 4.000000 0.01138600000000000029
24 3.000000 3.000000 0.00973800000000000013
25 5.000000 5.000000 0.02803200000000000136
26 1.000000 1.000000 0.02789600000000000066
27 3.000000 3.000000 0.01054700000000000082
28 2.000000 2.000000 0.02697099999999999845
29 3.000000 3.000000 0.02834199999999999914
30 3.000000 3.000000 0.00929199999999999991
31 1.000000 1.000000 0.02752100000000000032
32 4.000000 4.000000 0.04563299999999999995
33 1.000000 1.000000 0.02383899999999999908
34 4.000000 4.000000 0.01100699999999999942
35 1.000000 1.000000 0.02779799999999999979
36 3.000000 3.000000 0.02578499999999999889
37 6.000000 6.000000 0.02774000000000000077
38 6.000000 6.000000 0.00910700000000000051
39 3.000000 3.000000 0.02638400000000000120
40 4.000000 4.000000 0.03353500000000000231
41 3.000000 3.000000 0.01009900000000000034
42 1.000000 1.000000 0.03087200000000000014
43 1.000000 1.000000 0.02763499999999999984
44 1.000000 1.000000 0.02804500000000000048
45 1.000000 1.000000 0.02787200000000000094
46 1.000000 1.000000 0.02950300000000000145
47 8.000000 8.000000 0.02681400000000000103
48 6.000000 6.000000 0.02768699999999999981
49 6.000000 6.000000 0.02792400000000000090
50 2.000000 2.000000 0.01045899999999999955
51 1.000000 1.000000 0.01248800000000000084
52 1.000000 1.000000 0.01141700000000000007
53 1.000000 1.000000 0.01178000000000000054
54 9.000000 9.000000 0.01060999999999999964
55 1.000000 1.000000 0.01125899999999999991
56 1.000000 1.000000 0.01120799999999999921
57 13.000000 13.000000 0.00975900000000000031
58 3.000000 3.000000 0.01134499999999999918
59 6.000000 6.000000 0.00986300000000000024
60 2.000000 2.000000 0.01017500000000000002
61 4.000000 4.000000 0.01098700000000000024
62 6.000000 6.000000 0.01137799999999999923
63 9.000000 9.000000 0.01739599999999999827
64 10.000000 10.000000 0.00898999999999999973
65 2.000000 2.000000 0.01017900000000000055
66 6.000000 6.000000 0.01165799999999999996
67 2.000000 2.000000 0.01095899999999999999
68 3.000000 3.000000 0.01950999999999999956
69 1.000000 1.000000 0.01152300000000000026
70 1.000000 1.000000 0.01162799999999999945
71 1.000000 1.000000 0.02806499999999999967
72 4.000000 4.000000 0.02170400000000000107
73 1.000000 1.000000 0.01178200000000000081
74 8.000000 8.000000 0.01603900000000000117
75 1.000000 1.000000 0.01119999999999999989
76 8.000000 8.000000 0.01013999999999999971
77 6.000000 6.000000 0.01106999999999999998
78 2.000000 2.000000 0.01586699999999999916
79 6.000000 6.000000 0.01109199999999999943
80 4.000000 4.000000 0.01026000000000000002
81 8.000000 8.000000 0.01074100000000000055
82 4.000000 4.000000 0.01070699999999999950
83 4.000000 4.000000 0.01070899999999999977
84 3.000000 3.000000 0.01923499999999999863
85 3.000000 3.000000 0.00907700000000000000
86 5.000000 5.000000 0.01000000000000000021
87 2.000000 2.000000 0.01044600000000000042
88 9.000000 9.000000 0.01007199999999999936
89 6.000000 6.000000 0.01048900000000000006
90 1.000000 1.000000 0.01119200000000000056
91 10.000000 10.000000 0.01021400000000000086
92 1.000000 1.000000 0.01134800000000000045
93 6.000000 6.000000 0.01096899999999999958
94 1.000000 1.000000 0.01109100000000000016
95 5.000000 5.000000 0.00995799999999999984
96 1.000000 1.000000 0.01102200000000000055
97 2.000000 2.000000 0.00875500000000000063
98 4.000000 4.000000 0.00830700000000000015
99 1.000000 1.000000 0.01011699999999999926
100 2.000000 2.000000 0.00998300000000000055
101 2.000000 2.000000 0.01027199999999999988
102 7.000000 7.000000 0.01067300000000000020
103 9.000000 9.000000 0.01001100000000000080
104 2.000000 2.000000 0.00957799999999999971
105 7.000000 7.000000 0.00945299999999999960
106 1.000000 1.000000 0.01138699999999999955
107 1.000000 1.000000 0.01086299999999999939
108 1.000000 1.000000 0.01134800000000000045
109 3.000000 3.000000 0.01813899999999999887
110 1.000000 1.000000 0.01033700000000000070
111 4.000000 4.000000 0.00929699999999999971
112 2.000000 2.000000 0.01956300000000000053
113 1.000000 1.000000 0.01025099999999999970
114 3.000000 3.000000 0.00953799999999999960
115 6.000000 6.000000 0.01067500000000000046
116 3.000000 3.000000 0.00874800000000000057
117 6.000000 6.000000 0.00873200000000000018
118 3.000000 3.000000 0.00825399999999999918
119 1.000000 1.000000 0.04976200000000000068
120 6.000000 6.000000 0.01697500000000000051
121 8.000000 8.000000 0.01470400000000000006
122 4.000000 4.000000 0.01756100000000000022
123 8.000000 8.000000 0.01170400000000000086
124 6.000000 6.000000 0.01096100000000000026
125 1.000000 1.000000 0.01157399999999999922
126 3.000000 3.000000 0.00829799999999999982
127 2.000000 2.000000 0.00890099999999999919
128 3.000000 3.000000 0.01011699999999999926
129 6.000000 6.000000 0.00931099999999999983
130 4.000000 4.000000 0.02661399999999999877
131 2.000000 2.000000 0.02634200000000000083
132 2.000000 2.000000 0.00911900000000000037
133 1.000000 1.000000 0.01061400000000000017
134 4.000000 4.000000 0.01010100000000000060
135 1.000000 1.000000 0.01135500000000000051
136 3.000000 3.000000 0.00910700000000000051
137 5.000000 5.000000 0.00974599999999999946
138 6.000000 6.000000 0.00984400000000000032
139 4.000000 4.000000 0.01088199999999999931
140 3.000000 3.000000 0.00978399999999999929
141 1.000000 1.000000 0.01101700000000000075
142 4.000000 4.000000 0.01105300000000000032
143 1.000000 1.000000 0.01710300000000000015
144 5.000000 5.000000 0.01090299999999999950
145 3.000000 3.000000 0.00994199999999999945
146 5.000000 5.000000 0.01009799999999999934
147 1.000000 1.000000 0.01150999999999999940
148 1.000000 1.000000 0.01098799999999999950
149 1.000000 1.000000 0.01098200000000000044
150 6.000000 6.000000 0.01145499999999999990
151 1.000000 1.000000 0.01214400000000000028
152 4.000000 4.000000 0.01076200000000000073
153 1.000000 1.000000 0.01053899999999999976
154 1.000000 1.000000 0.01085200000000000053
155 1.000000 1.000000 0.01108400000000000010
156 2.000000 2.000000 0.00941600000000000076
157 1.000000 1.000000 0.01055000000000000035
158 2.000000 2.000000 0.00860200000000000027
159 4.000000 4.000000 0.01122899999999999940
160 5.000000 5.000000 0.02548900000000000124
161 2.000000 2.000000 0.02545800000000000146
162 4.000000 4.000000 0.01067500000000000046
163 1.000000 1.000000 0.01111000000000000008
164 1.000000 1.000000 0.01066499999999999913
165 6.000000 6.000000 0.01044600000000000042
166 5.000000 5.000000 0.00977199999999999944
167 1.000000 1.000000 0.01143399999999999972
168 7.000000 7.000000 0.00995599999999999957
169 6.000000 6.000000 0.00965399999999999939
170 6.000000 6.000000 0.01003199999999999925
171 3.000000 3.000000 0.01473499999999999983
172 1.000000 1.000000 0.01153400000000000085
173 4.000000 4.000000 0.01083399999999999988
174 4.000000 4.000000 0.01041399999999999965
175 4.000000 4.000000 0.01467899999999999934
176 1.000000 1.000000 0.01115299999999999972
177 4.000000 4.000000 0.01005099999999999917
178 1.000000 1.000000 0.01102900000000000061
179 1.000000 1.000000 0.01129100000000000069
180 2.000000 2.000000 0.01016000000000000063
181 1.000000 1.000000 0.01162400000000000065
182 3.000000 3.000000 0.02054500000000000076
183 1.000000 1.000000 0.03034900000000000098
184 2.000000 2.000000 0.01072999999999999995
185 1.000000 1.000000 0.01203700000000000082
186 1.000000 1.000000 0.01218600000000000065
187 1.000000 1.000000 0.01094099999999999934
188 1.000000 1.000000 0.01184900000000000016
189 1.000000 1.000000 0.02105100000000000027
190 6.000000 6.000000 0.00990399999999999961
191 1.000000 1.000000 0.01113100000000000027
192 2.000000 2.000000 0.00891300000000000078
193 6.000000 6.000000 0.01170099999999999960
194 4.000000 4.000000 0.01147899999999999962
195 1.000000 1.000000 0.01150799999999999913
196 12.000000 12.000000 0.00812399999999999928
197 4.000000 4.000000 0.01072799999999999969
198 1.000000 1.000000 0.01092300000000000042
199 1.000000 1.000000 0.01161000000000000053
200 2.000000 2.000000 0.01328299999999999967
201 4.000000 4.000000 0.02441000000000000114
202 2.000000 2.000000 0.00997400000000000023
203 4.000000 4.000000 0.01179599999999999919
204 2.000000 2.000000 0.01610899999999999832
205 13.000000 13.000000 0.00994100000000000018
206 1.000000 1.000000 0.01285400000000000084
207 1.000000 1.000000 0.01139699999999999915
208 1.000000 1.000000 0.01063500000000000036
209 1.000000 1.000000 0.02357400000000000120
210 10.000000 10.000000 0.00875399999999999963
211 6.000000 6.000000 0.00836600000000000017
212 6.000000 6.000000 0.01047000000000000014
213 6.000000 6.000000 0.00933900000000000008
214 4.000000 4.000000 0.01042599999999999950
215 5.000000 5.000000 0.02434700000000000059
216 6.000000 6.000000 0.02099699999999999830
217 3.000000 3.000000 0.00877400000000000055
218 5.000000 5.000000 0.00986399999999999950
219 1.000000 1.000000 0.01069999999999999944
220 6.000000 6.000000 0.01138300000000000076
221 6.000000 6.000000 0.04883099999999999941
222 2.000000 2.000000 0.00991200000000000067
223 1.000000 1.000000 0.01052600000000000063
224 1.000000 1.000000 0.01646299999999999847
225 5.000000 5.000000 0.01425900000000000084
226 4.000000 4.000000 0.00791799999999999969
227 1.000000 1.000000 0.01124400000000000052
228 3.000000 3.000000 0.00819300000000000063
229 1.000000 1.000000 0.02730799999999999894
230 6.000000 6.000000 0.02706100000000000172
231 6.000000 6.000000 0.01102000000000000028
232 6.000000 6.000000 0.00985699999999999944
233 1.000000 1.000000 0.01121300000000000074
234 3.000000 3.000000 0.00854099999999999998
235 2.000000 2.000000 0.00897200000000000081
236 1.000000 1.000000 0.01115999999999999978
237 1.000000 1.000000 0.01125100000000000058
238 3.000000 3.000000 0.00858399999999999962
239 9.000000 9.000000 0.00970500000000000008
240 3.000000 3.000000 0.00913199999999999949
241 3.000000 3.000000 0.00999899999999999921
242 8.000000 8.000000 0.01046500000000000034
243 1.000000 1.000000 0.01092699999999999921
244 5.000000 5.000000 0.00971699999999999994
245 1.000000 1.000000 0.02269300000000000136
246 1.000000 1.000000 0.01108699999999999963
247 2.000000 2.000000 0.00917899999999999966
248 5.000000 5.000000 0.00984200000000000005
249 1.000000 1.000000 0.01126399999999999971
250 2.000000 2.000000 0.01005099999999999917
251 4.000000 4.000000 0.01158999999999999961
252 1.000000 1.000000 0.01132000000000000020
253 2.000000 2.000000 0.00983599999999999926
254 13.000000 13.000000 0.01036100000000000042
255 1.000000 1.000000 0.01058500000000000066
256 2.000000 2.000000 0.00869299999999999934
257 1.000000 1.000000 0.01030499999999999992
258 6.000000 6.000000 0.01042799999999999977
259 2.000000 2.000000 0.00979799999999999942
260 9.000000 9.000000 0.00905599999999999981
261 1.000000 1.000000 0.01039999999999999952
262 4.000000 4.000000 0.00745300000000000042
263 6.000000 6.000000 0.01036100000000000042
264 6.000000 6.000000 0.01041100000000000012
265 5.000000 5.000000 0.00891699999999999958
266 1.000000 1.000000 0.01010600000000000040
267 9.000000 9.000000 0.00921600000000000023
268 1.000000 1.000000 0.01083499999999999915
269 8.000000 8.000000 0.00999799999999999994
270 1.000000 1.000000 0.01438500000000000022
271 4.000000 4.000000 0.00881599999999999918
272 2.000000 2.000000 0.01509699999999999931
273 9.000000 9.000000 0.00941999999999999955
274 4.000000 4.000000 0.01106299999999999992
275 9.000000 9.000000 0.00993600000000000039
276 5.000000 5.000000 0.00954600000000000067
277 1.000000 1.000000 0.01601500000000000146
278 6.000000 6.000000 0.02546999999999999958
279 4.000000 4.000000 0.03956400000000000194
280 4.000000 4.000000 0.01145499999999999990
281 1.000000 1.000000 0.01193800000000000069
282 2.000000 2.000000 0.00986500000000000050
283 2.000000 2.000000 0.00977199999999999944
284 3.000000 3.000000 0.00915400000000000068
285 4.000000 4.000000 0.01057699999999999960
286 2.000000 2.000000 0.00902599999999999930
287 1.000000 1.000000 0.00991099999999999967
288 2.000000 2.000000 0.00949900000000000050
289 6.000000 6.000000 0.03139299999999999730
290 8.000000 8.000000 0.01021400000000000086
291 4.000000 4.000000 0.01105700000000000086
292 4.000000 4.000000 0.01115599999999999925
293 6.000000 6.000000 0.01119900000000000062
294 4.000000 4.000000 0.01078100000000000065
295 1.000000 1.000000 0.02754799999999999957
296 6.000000 6.000000 0.01118099999999999997
297 6.000000 6.000000 0.02733500000000000166
298 4.000000 4.000000 0.02236600000000000046
299 1.000000 1.000000 0.01111000000000000008
300 13.000000 13.000000 0.01990099999999999855
301 4.000000 4.000000 0.01122800000000000013
302 1.000000 1.000000 0.01201999999999999943
303 6.000000 6.000000 0.00973700000000000086
304 9.000000 9.000000 0.01133299999999999932
305 10.000000 10.000000 0.00960399999999999969
306 6.000000 6.000000 0.01099200000000000003
307 1.000000 1.000000 0.01191799999999999977
308 6.000000 6.000000 0.01116299999999999931
309 2.000000 2.000000 0.00912400000000000017
310 4.000000 4.000000 0.01120799999999999921
311 3.000000 3.000000 0.00921899999999999976
312 1.000000 1.000000 0.01133900000000000012
313 12.000000 12.000000 0.00941900000000000029
314 1.000000 1.000000 0.01126699999999999924
315 1.000000 1.000000 0.01095100000000000066
316 4.000000 4.000000 0.00765099999999999981
317 4.000000 4.000000 0.01089700000000000044
318 6.000000 6.000000 0.02546400000000000052
319 4.000000 4.000000 0.02576799999999999924
320 1.000000 1.000000 0.01232199999999999962
321 7.000000 7.000000 0.00965399999999999939
322 6.000000 6.000000 0.01235699999999999993
323 4.000000 4.000000 0.02743400000000000005
324 1.000000 1.000000 0.02808300000000000032
325 1.000000 1.000000 0.02815499999999999947
326 2.000000 2.000000 0.02629899999999999946
327 2.000000 2.000000 0.00925499999999999934
328 5.000000 5.000000 0.02559900000000000023
329 1.000000 1.000000 0.02706199999999999925
330 4.000000 4.000000 0.01035299999999999936
331 3.000000 3.000000 0.00856099999999999917
332 1.000000 1.000000 0.01820799999999999849
333 1.000000 1.000000 0.01197299999999999927
334 1.000000 1.000000 0.02772700000000000164
335 2.000000 2.000000 0.02551399999999999849
336 8.000000 8.000000 0.03635900000000000243
337 1.000000 1.000000 0.01039699999999999999
338 5.000000 5.000000 0.01763299999999999937
339 5.000000 5.000000 0.01084000000000000068
340 4.000000 4.000000 0.00966900000000000051
341 2.000000 2.000000 0.02434199999999999905
342 1.000000 1.000000 0.01040899999999999985
343 1.000000 1.000000 0.01054100000000000002
344 4.000000 4.000000 0.00731799999999999985
345 4.000000 4.000000 0.01000700000000000027
346 3.000000 3.000000 0.00867500000000000042
347 1.000000 1.000000 0.00986300000000000024
348 1.000000 1.000000 0.00994699999999999925
349 3.000000 3.000000 0.00807399999999999958
350 1.000000 1.000000 0.01004500000000000011
351 6.000000 6.000000 0.00894299999999999956
352 1.000000 1.000000 0.01673399999999999888
353 6.000000 6.000000 0.02402800000000000075
354 1.000000 1.000000 0.01196299999999999968
355 1.000000 1.000000 0.01146600000000000050
356 3.000000 3.000000 0.03396799999999999820
357 5.000000 5.000000 0.03668300000000000033
358 2.000000 2.000000 0.00993499999999999939
359 10.000000 10.000000 0.01962099999999999955
360 4.000000 4.000000 0.01838100000000000150
361 4.000000 4.000000 0.02593399999999999872
362 1.000000 1.000000 0.03545199999999999740
363 2.000000 2.000000 0.02255199999999999913
364 4.000000 4.000000 0.01396200000000000045
365 6.000000 6.000000 0.02952799999999999869
366 4.000000 4.000000 0.02254400000000000154
367 3.000000 3.000000 0.00940299999999999990
368 2.000000 2.000000 0.00945600000000000086
369 6.000000 6.000000 0.00958499999999999977
370 1.000000 1.000000 0.01090099999999999923
371 1.000000 1.000000 0.01096800000000000032
372 8.000000 8.000000 0.00960800000000000022
373 5.000000 5.000000 0.00971299999999999941
374 5.000000 5.000000 0.00975700000000000005
375 6.000000 6.000000 0.01123000000000000040
376 4.000000 4.000000 0.00855700000000000037
377 6.000000 6.000000 0.01116600000000000058
378 4.000000 4.000000 0.01940899999999999917
379 4.000000 4.000000 0.01040699999999999958
380 4.000000 4.000000 0.01030999999999999972
381 6.000000 6.000000 0.00998800000000000035
382 6.000000 6.000000 0.00996499999999999990
383 4.000000 4.000000 0.01084099999999999994
384 3.000000 3.000000 0.00955800000000000052
385 1.000000 1.000000 0.01187900000000000067
386 1.000000 1.000000 0.02762399999999999925
387 7.000000 7.000000 0.02104400000000000021
388 6.000000 6.000000 0.02723599999999999979
389 2.000000 2.000000 0.02553800000000000167
390 1.000000 1.000000 0.01136200000000000057
391 4.000000 4.000000 0.02659500000000000058
392 1.000000 1.000000 0.02778200000000000114
393 1.000000 1.000000 0.02697899999999999951
394 8.000000 8.000000 0.02560300000000000076
395 6.000000 6.000000 0.02725999999999999951
396 6.000000 6.000000 0.02723799999999999832
397 3.000000 3.000000 0.01942800000000000082
398 1.000000 1.000000 0.01150400000000000034
399 4.000000 4.000000 0.02703300000000000147
400 3.000000 3.000000 0.03371299999999999991
401 1.000000 1.000000 0.01115499999999999999
402 3.000000 3.000000 0.00864599999999999917
403 4.000000 4.000000 0.01077099999999999932
404 1.000000 1.000000 0.02667699999999999932
405 1.000000 1.000000 0.01127300000000000003
406 3.000000 3.000000 0.01471399999999999965
407 10.000000 10.000000 0.02532999999999999835
408 1.000000 1.000000 0.02672700000000000076
409 1.000000 1.000000 0.03107700000000000046
410 4.000000 4.000000 0.02690000000000000030
411 3.000000 3.000000 0.00881000000000000012
412 4.000000 4.000000 0.02602900000000000005
413 1.000000 1.000000 0.03321700000000000347
414 4.000000 4.000000 0.02651500000000000037
415 9.000000 9.000000 0.02286399999999999891
416 3.000000 3.000000 0.02573999999999999899
417 4.000000 4.000000 0.01083499999999999915
418 2.000000 2.000000 0.02643099999999999963
419 6.000000 6.000000 0.01960200000000000137
420 6.000000 6.000000 0.02668500000000000039
