1 7.000000 7.000000 0.10637599999999999834
2 10.000000 10.000000 0.06612200000000000022
3 8.000000 8.000000 0.03505699999999999789
4 1.000000 1.000000 0.18303600000000000425
5 4.000000 4.000000 0.10692200000000000315
6 8.000000 8.000000 0.01666799999999999879
7 10.000000 10.000000 0.02245099999999999874
8 6.000000 6.000000 0.03497800000000000215
9 8.000000 8.000000 0.02376699999999999993
10 11.000000 11.000000 0.09838399999999999923
11 12.000000 12.000000 0.02736799999999999997
12 8.000000 8.000000 0.02614999999999999963
13 1.000000 1.000000 0.01964899999999999980
14 1.000000 1.000000 0.02060400000000000079
15 6.000000 6.000000 0.01818399999999999878
16 8.000000 8.000000 0.01794899999999999968
17 12.000000 12.000000 0.00988099999999999916
18 6.000000 6.000000 0.01907500000000000168
19 6.000000 6.000000 0.01484899999999999935
20 10.000000 10.000000 0.04986999999999999766
21 21.000000 21.000000 0.02597500000000000156
22 10.000000 10.000000 0.01234599999999999934
23 1.000000 1.000000 0.01886499999999999982
24 8.000000 8.000000 0.01365099999999999994
25 3.000000 3.000000 0.03190899999999999986
26 10.000000 10.000000 0.02565699999999999925
27 4.000000 4.000000 0.00892500000000000064
28 2.000000 2.000000 0.03572199999999999681
29 4.000000 4.000000 0.02789499999999999966
30 15.000000 15.000000 0.01269299999999999942
31 1.000000 1.000000 0.02035100000000000103
32 5.000000 5.000000 0.02475700000000000123
33 15.000000 15.000000 0.01205600000000000074
34 4.000000 4.000000 0.01830000000000000029
35 20.000000 20.000000 0.01163199999999999998
36 1.000000 1.000000 0.02052000000000000005
37 10.000000 10.000000 0.01187000000000000034
38 17.000000 17.000000 0.01287400000000000003
39 20.000000 20.000000 0.05244000000000000050
40 6.000000 6.000000 0.01459300000000000007
41 2.000000 2.000000 0.02832499999999999948
42 7.000000 7.000000 0.01896899999999999975
43 15.000000 15.000000 0.01306299999999999996
44 9.000000 9.000000 0.02829100000000000018
45 5.000000 5.000000 0.04236199999999999688
46 6.000000 6.000000 0.05473599999999999993
47 6.000000 6.000000 0.03620999999999999913
48 8.000000 8.000000 0.04210799999999999960
49 17.000000 17.000000 0.03329000000000000015
50 9.000000 9.000000 0.01486799999999999927
51 6.000000 6.000000 0.02471500000000000086
52 8.000000 8.000000 0.02625600000000000156
53 15.000000 15.000000 0.01228399999999999978
54 11.000000 11.000000 0.02726500000000000104
55 17.000000 17.000000 0.02808899999999999939
56 8.000000 8.000000 0.05235900000000000276
57 5.000000 5.000000 0.01431600000000000060
58 8.000000 8.000000 0.03608000000000000096
59 6.000000 6.000000 0.03674700000000000188
60 8.000000 8.000000 0.05725100000000000328
61 2.000000 2.000000 0.08598600000000000687
62 1.000000 1.000000 0.01958700000000000024
63 3.000000 3.000000 0.00959199999999999983
64 14.000000 14.000000 0.01068599999999999932
65 4.000000 4.000000 0.01274300000000000085
66 15.000000 15.000000 0.01036100000000000042
67 6.000000 6.000000 0.01109199999999999943
68 6.000000 6.000000 0.01543100000000000027
69 12.000000 12.000000 0.01423699999999999966
70 6.000000 6.000000 0.01841500000000000081
71 1.000000 1.000000 0.02009100000000000122
72 12.000000 12.000000 0.01399099999999999996
73 8.000000 8.000000 0.00948000000000000058
74 6.000000 6.000000 0.01210199999999999991
75 2.000000 2.000000 0.01395700000000000066
76 12.000000 12.000000 0.01808200000000000085
77 1.000000 1.000000 0.03062399999999999844
78 8.000000 8.000000 0.03176500000000000157
79 18.000000 18.000000 0.02071699999999999930
80 7.000000 7.000000 0.02990800000000000056
81 1.000000 1.000000 0.05265399999999999942
82 18.000000 18.000000 0.01086400000000000039
83 8.000000 8.000000 0.03269299999999999984
84 5.000000 5.000000 0.03665899999999999714
85 13.000000 13.000000 0.02862400000000000014
86 3.000000 3.000000 0.01113100000000000027
87 4.000000 4.000000 0.03409000000000000224
88 12.000000 12.000000 0.03838099999999999845
89 1.000000 1.000000 0.03839200000000000251
90 11.000000 11.000000 0.01583599999999999938
91 10.000000 10.000000 0.04967300000000000187
92 12.000000 12.000000 0.03398299999999999932
93 10.000000 10.000000 0.03450199999999999795
94 6.000000 6.000000 0.04032600000000000073
95 6.000000 6.000000 0.01250500000000000049
96 9.000000 9.000000 0.04009200000000000264
97 6.000000 6.000000 0.03511299999999999838
98 6.000000 6.000000 0.03153199999999999753
99 8.000000 8.000000 0.02690599999999999936
100 9.000000 9.000000 0.03558499999999999858
101 11.000000 11.000000 0.03421199999999999936
102 1.000000 1.000000 0.03922599999999999698
103 1.000000 1.000000 0.04515899999999999775
104 1.000000 1.000000 0.04894699999999999745
105 4.000000 4.000000 0.03048999999999999974
106 8.000000 8.000000 0.04536300000000000054
107 4.000000 4.000000 0.03496200000000000002
108 6.000000 6.000000 0.02988599999999999937
109 10.000000 10.000000 0.01807100000000000026
110 16.000000 16.000000 0.02758800000000000141
111 10.000000 10.000000 0.01176400000000000015
112 9.000000 9.000000 0.02261600000000000069
113 1.000000 1.000000 0.05100199999999999873
114 8.000000 8.000000 0.03652999999999999997
115 3.000000 3.000000 0.03033200000000000132
116 12.000000 12.000000 0.01641400000000000151
117 8.000000 8.000000 0.04514300000000000257
118 13.000000 13.000000 0.03934599999999999903
119 10.000000 10.000000 0.02882799999999999946
120 7.000000 7.000000 0.02718599999999999836
121 8.000000 8.000000 0.03742600000000000093
122 14.000000 14.000000 0.00975600000000000078
123 8.000000 8.000000 0.04993800000000000322
124 11.000000 11.000000 0.02934099999999999903
125 8.000000 8.000000 0.01052999999999999943
126 13.000000 13.000000 0.03368100000000000260
127 2.000000 2.000000 0.04962899999999999950
128 21.000000 21.000000 0.01340599999999999951
129 1.000000 1.000000 0.04815599999999999742
130 15.000000 15.000000 0.02697000000000000092
131 1.000000 1.000000 0.03453099999999999919
132 2.000000 2.000000 0.03965799999999999881
133 9.000000 9.000000 0.02679399999999999837
134 8.000000 8.000000 0.00975600000000000078
135 6.000000 6.000000 0.04857800000000000312
136 4.000000 4.000000 0.07533700000000000119
137 1.000000 1.000000 0.06951799999999999646
138 6.000000 6.000000 0.03190199999999999980
139 11.000000 11.000000 0.01752700000000000091
140 1.000000 1.000000 0.07010500000000000065
141 1.000000 1.000000 0.03733800000000000313
142 6.000000 6.000000 0.03764699999999999991
143 12.000000 12.000000 0.03223399999999999876
144 1.000000 1.000000 0.04670799999999999952
145 9.000000 9.000000 0.02548299999999999871
146 11.000000 11.000000 0.02770600000000000146
147 18.000000 18.000000 0.01213000000000000016
148 8.000000 8.000000 0.07810699999999999588
149 15.000000 15.000000 0.04603499999999999953
150 15.000000 15.000000 0.01228699999999999931
151 15.000000 15.000000 0.06045299999999999979
152 5.000000 5.000000 0.02325100000000000083
153 8.000000 8.000000 0.03251300000000000023
154 16.000000 16.000000 0.02417000000000000051
155 6.000000 6.000000 0.02558600000000000110
156 1.000000 1.000000 0.02141600000000000101
157 8.000000 8.000000 0.01933500000000000149
158 16.000000 16.000000 0.01136500000000000010
159 1.000000 1.000000 0.02285799999999999985
160 8.000000 8.000000 0.06034300000000000080
161 8.000000 8.000000 0.03156899999999999984
162 7.000000 7.000000 0.01637500000000000067
163 15.000000 15.000000 0.02837500000000000092
164 10.000000 10.000000 0.03878600000000000103
165 20.000000 20.000000 0.01966100000000000139
166 1.000000 1.000000 0.05215700000000000197
167 1.000000 1.000000 0.07917899999999999938
168 1.000000 1.000000 0.02322799999999999865
169 13.000000 13.000000 0.01118199999999999923
170 3.000000 3.000000 0.04489400000000000335
171 5.000000 5.000000 0.02820999999999999897
172 7.000000 7.000000 0.01688800000000000023
173 6.000000 6.000000 0.04562499999999999889
174 3.000000 3.000000 0.02508900000000000019
175 10.000000 10.000000 0.05335999999999999771
176 1.000000 1.000000 0.03661999999999999977
177 6.000000 6.000000 0.03505899999999999989
178 7.000000 7.000000 0.02857499999999999971
179 2.000000 2.000000 0.03150599999999999928
180 1.000000 1.000000 0.03903100000000000319
181 10.000000 10.000000 0.03569100000000000050
182 16.000000 16.000000 0.01414600000000000059
183 1.000000 1.000000 0.02650399999999999978
184 22.000000 22.000000 0.01880099999999999827
185 3.000000 3.000000 0.01285299999999999984
186 8.000000 8.000000 0.01050700000000000071
187 11.000000 11.000000 0.01212399999999999936
188 10.000000 10.000000 0.03215699999999999809
189 12.000000 12.000000 0.03708399999999999891
190 8.000000 8.000000 0.01839800000000000116
191 7.000000 7.000000 0.01126800000000000024
192 1.000000 1.000000 0.04807700000000000168
193 1.000000 1.000000 0.02041300000000000059
194 9.000000 9.000000 0.00932299999999999969
195 12.000000 12.000000 0.01065100000000000074
196 2.000000 2.000000 0.01600899999999999893
197 1.000000 1.000000 0.02072699999999999890
198 15.000000 15.000000 0.01195300000000000008
199 11.000000 11.000000 0.01582599999999999979
200 13.000000 13.000000 0.01420000000000000082
201 6.000000 6.000000 0.01416199999999999924
202 12.000000 12.000000 0.01476300000000000008
203 1.000000 1.000000 0.02440000000000000155
204 1.000000 1.000000 0.03834599999999999814
205 20.000000 20.000000 0.01162000000000000012
206 1.000000 1.000000 0.05064899999999999958
207 13.000000 13.000000 0.02927199999999999941
208 8.000000 8.000000 0.03482699999999999685
209 1.000000 1.000000 0.06029299999999999937
210 2.000000 2.000000 0.03315799999999999997
211 13.000000 13.000000 0.02858399999999999830
212 9.000000 9.000000 0.02658399999999999999
213 16.000000 16.000000 0.01038599999999999940
214 16.000000 16.000000 0.01549099999999999956
215 1.000000 1.000000 0.03510400000000000326
216 6.000000 6.000000 0.03581399999999999861
217 7.000000 7.000000 0.02976499999999999979
218 2.000000 2.000000 0.03341999999999999832
219 6.000000 6.000000 0.04372700000000000198
220 10.000000 10.000000 0.01327899999999999914
221 6.000000 6.000000 0.04343700000000000339
222 1.000000 1.000000 0.04729799999999999977
223 16.000000 16.000000 0.02195799999999999835
224 16.000000 16.000000 0.01814899999999999847
225 10.000000 10.000000 0.01393499999999999947
226 10.000000 10.000000 0.03232299999999999757
227 4.000000 4.000000 0.03082199999999999870
228 6.000000 6.000000 0.02491099999999999912
229 4.000000 4.000000 0.03159900000000000209
230 6.000000 6.000000 0.04519399999999999806
231 8.000000 8.000000 0.02795600000000000168
232 6.000000 6.000000 0.02990699999999999956
233 1.000000 1.000000 0.03193900000000000211
234 12.000000 12.000000 0.04067500000000000282
235 5.000000 5.000000 0.01371299999999999950
236 5.000000 5.000000 0.01478900000000000006
237 1.000000 1.000000 0.05915200000000000319
238 1.000000 1.000000 0.02182500000000000065
239 1.000000 1.000000 0.02185499999999999943
240 6.000000 6.000000 0.01107700000000000004
241 6.000000 6.000000 0.02146899999999999850
242 4.000000 4.000000 0.02007799999999999863
243 1.000000 1.000000 0.02274500000000000133
244 1.000000 1.000000 0.03871100000000000235
245 16.000000 16.000000 0.01222099999999999922
246 10.000000 10.000000 0.01713900000000000146
247 8.000000 8.000000 0.01848699999999999996
248 1.000000 1.000000 0.02021299999999999833
249 1.000000 1.000000 0.02021299999999999833
250 3.000000 3.000000 0.01277499999999999990
251 6.000000 6.000000 0.04255199999999999955
252 14.000000 14.000000 0.01335000000000000075
253 13.000000 13.000000 0.01350499999999999964
254 9.000000 9.000000 0.01307999999999999961
255 8.000000 8.000000 0.01503099999999999922
256 15.000000 15.000000 0.01385400000000000000
257 5.000000 5.000000 0.01367799999999999919
258 6.000000 6.000000 0.01705900000000000125
259 8.000000 8.000000 0.01992100000000000121
260 2.000000 2.000000 0.01527399999999999938
261 10.000000 10.000000 0.01590000000000000094
262 8.000000 8.000000 0.02021399999999999933
263 12.000000 12.000000 0.01335199999999999929
264 4.000000 4.000000 0.01538300000000000084
265 10.000000 10.000000 0.01246500000000000039
266 8.000000 8.000000 0.01486799999999999927
267 4.000000 4.000000 0.01700300000000000075
268 4.000000 4.000000 0.01643899999999999875
269 12.000000 12.000000 0.01533999999999999947
270 8.000000 8.000000 0.02693600000000000161
271 7.000000 7.000000 0.02675299999999999900
272 6.000000 6.000000 0.02902100000000000166
273 6.000000 6.000000 0.01135700000000000078
274 13.000000 13.000000 0.01362799999999999949
275 4.000000 4.000000 0.01854300000000000045
276 8.000000 8.000000 0.00972499999999999927
277 1.000000 1.000000 0.02275999999999999898
278 6.000000 6.000000 0.01310300000000000006
279 8.000000 8.000000 0.01023499999999999931
280 11.000000 11.000000 0.01482299999999999937
281 7.000000 7.000000 0.01568500000000000102
282 13.000000 13.000000 0.01299400000000000034
283 3.000000 3.000000 0.02588800000000000129
284 8.000000 8.000000 0.03394099999999999895
285 16.000000 16.000000 0.01922700000000000103
286 18.000000 18.000000 0.01343699999999999929
287 5.000000 5.000000 0.01447299999999999975
288 11.000000 11.000000 0.01102500000000000008
289 8.000000 8.000000 0.01896300000000000069
290 8.000000 8.000000 0.05392899999999999777
291 5.000000 5.000000 0.01037700000000000081
292 10.000000 10.000000 0.04326699999999999990
293 6.000000 6.000000 0.01958000000000000018
294 14.000000 14.000000 0.00967900000000000010
295 3.000000 3.000000 0.01341499999999999984
296 8.000000 8.000000 0.01211399999999999977
297 20.000000 20.000000 0.01082400000000000029
298 10.000000 10.000000 0.01585999999999999910
299 15.000000 15.000000 0.01151499999999999919
300 17.000000 17.000000 0.01335399999999999955
301 1.000000 1.000000 0.02075700000000000114
302 6.000000 6.000000 0.01599700000000000080
303 4.000000 4.000000 0.00884199999999999917
304 1.000000 1.000000 0.02279600000000000029
305 1.000000 1.000000 0.02556699999999999945
306 1.000000 1.000000 0.02055500000000000035
307 7.000000 7.000000 0.01535000000000000080
308 12.000000 12.000000 0.01409400000000000062
309 8.000000 8.000000 0.00893599999999999950
310 11.000000 11.000000 0.01739200000000000121
311 11.000000 11.000000 0.01604699999999999876
312 21.000000 21.000000 0.01932199999999999890
313 18.000000 18.000000 0.00948799999999999991
314 15.000000 15.000000 0.04142900000000000055
315 8.000000 8.000000 0.02721300000000000108
316 1.000000 1.000000 0.03962799999999999656
317 10.000000 10.000000 0.01963900000000000021
318 7.000000 7.000000 0.02756700000000000123
319 1.000000 1.000000 0.04528399999999999787
320 15.000000 15.000000 0.02932900000000000090
321 8.000000 8.000000 0.08035200000000000675
322 5.000000 5.000000 0.01701899999999999941
323 1.000000 1.000000 0.02025300000000000017
324 6.000000 6.000000 0.03382299999999999890
325 8.000000 8.000000 0.03670000000000000345
326 6.000000 6.000000 0.01832999999999999907
327 7.000000 7.000000 0.01096300000000000052
328 4.000000 4.000000 0.01748200000000000101
329 1.000000 1.000000 0.01900500000000000106
330 8.000000 8.000000 0.01346600000000000054
331 1.000000 1.000000 0.02056799999999999948
332 3.000000 3.000000 0.00943899999999999947
333 6.000000 6.000000 0.01298000000000000022
334 6.000000 6.000000 0.02418800000000000117
335 13.000000 13.000000 0.01853000000000000133
336 1.000000 1.000000 0.02077700000000000033
337 1.000000 1.000000 0.05050700000000000328
338 12.000000 12.000000 0.01061400000000000017
339 8.000000 8.000000 0.01520700000000000003
340 1.000000 1.000000 0.02264999999999999999
341 14.000000 14.000000 0.02960899999999999990
342 8.000000 8.000000 0.01956000000000000100
343 4.000000 4.000000 0.01764999999999999902
344 3.000000 3.000000 0.01091800000000000062
345 17.000000 17.000000 0.01392700000000000014
346 14.000000 14.000000 0.01274600000000000039
347 2.000000 2.000000 0.01815900000000000153
348 8.000000 8.000000 0.02736699999999999897
349 4.000000 4.000000 0.04922800000000000092
350 1.000000 1.000000 0.03056700000000000042
351 6.000000 6.000000 0.05711100000000000204
352 13.000000 13.000000 0.06943599999999999772
353 1.000000 1.000000 0.09130299999999999527
354 6.000000 6.000000 0.05661999999999999672
355 4.000000 4.000000 0.03522999999999999743
356 7.000000 7.000000 0.03365900000000000142
357 11.000000 11.000000 0.03071000000000000119
358 1.000000 1.000000 0.04709499999999999797
359 15.000000 15.000000 0.02646000000000000088
360 7.000000 7.000000 0.01033199999999999917
361 5.000000 5.000000 0.03146800000000000291
362 9.000000 9.000000 0.02619900000000000007
363 1.000000 1.000000 0.03607199999999999990
364 8.000000 8.000000 0.03427600000000000091
365 6.000000 6.000000 0.03435400000000000259
366 1.000000 1.000000 0.05017300000000000232
367 7.000000 7.000000 0.02248700000000000004
368 6.000000 6.000000 0.03320200000000000234
369 3.000000 3.000000 0.01726600000000000010
370 13.000000 13.000000 0.02549399999999999930
371 1.000000 1.000000 0.04779100000000000015
372 8.000000 8.000000 0.07695799999999999863
373 5.000000 5.000000 0.03867600000000000204
374 3.000000 3.000000 0.05386500000000000316
375 14.000000 14.000000 0.02482300000000000131
376 7.000000 7.000000 0.03315599999999999797
377 15.000000 15.000000 0.03574299999999999700
378 3.000000 3.000000 0.03420299999999999729
379 4.000000 4.000000 0.03010900000000000035
380 10.000000 10.000000 0.04070800000000000113
381 2.000000 2.000000 0.04684200000000000169
382 8.000000 8.000000 0.02489699999999999899
383 1.000000 1.000000 0.05036399999999999905
384 1.000000 1.000000 0.04882299999999999834
385 6.000000 6.000000 0.03053000000000000158
386 1.000000 1.000000 0.03623799999999999938
387 1.000000 1.000000 0.05897000000000000158
388 4.000000 4.000000 0.02841300000000000076
389 14.000000 14.000000 0.00936700000000000033
390 13.000000 13.000000 0.03426499999999999685
391 1.000000 1.000000 0.02014099999999999918
392 6.000000 6.000000 0.02060999999999999985
393 6.000000 6.000000 0.01974400000000000113
394 11.000000 11.000000 0.01604600000000000123
395 19.000000 19.000000 0.01184900000000000016
396 1.000000 1.000000 0.01943800000000000042
397 6.000000 6.000000 0.02014000000000000165
398 11.000000 11.000000 0.01138199999999999976
399 1.000000 1.000000 0.03066999999999999935
400 3.000000 3.000000 0.00934899999999999967
401 3.000000 3.000000 0.01589799999999999894
402 4.000000 4.000000 0.04674400000000000083
403 12.000000 12.000000 0.02311399999999999913
404 8.000000 8.000000 0.03034699999999999898
405 1.000000 1.000000 0.05138899999999999718
406 1.000000 1.000000 0.03688400000000000012
407 11.000000 11.000000 0.03119299999999999851
408 12.000000 12.000000 0.01093500000000000028
409 7.000000 7.000000 0.01037399999999999954
410 7.000000 7.000000 0.03163400000000000239
411 4.000000 4.000000 0.02370699999999999891
412 8.000000 8.000000 0.02741100000000000134
413 5.000000 5.000000 0.01831500000000000142
414 11.000000 11.000000 0.02822799999999999962
415 8.000000 8.000000 0.03593799999999999772
416 3.000000 3.000000 0.02700500000000000123
417 9.000000 9.000000 0.00846200000000000077
418 16.000000 16.000000 0.02787099999999999994
419 13.000000 13.000000 0.01690200000000000036
420 10.000000 10.000000 0.00845199999999999944
