1 44.000000 44.000000 0.16029799999999999605
2 19.000000 19.000000 0.51814000000000004498
3 60.000000 60.000000 0.04803700000000000331
4 7.000000 7.000000 0.29937700000000000422
5 5.000000 5.000000 0.04140699999999999936
6 64.000000 64.000000 0.02882900000000000046
7 66.000000 66.000000 0.02707700000000000037
8 56.000000 56.000000 0.08204799999999999593
9 28.000000 28.000000 0.35444500000000001005
10 21.000000 21.000000 0.19428300000000001124
11 55.000000 55.000000 0.03176199999999999857
12 73.000000 73.000000 0.08189599999999999658
13 18.000000 18.000000 0.07531999999999999806
14 52.000000 52.000000 0.05790599999999999914
15 1.000000 1.000000 0.86285199999999995235
16 22.000000 22.000000 0.55017199999999999438
17 1.000000 1.000000 0.62848099999999995635
18 59.000000 59.000000 0.07303900000000000670
19 38.000000 38.000000 0.02076599999999999974
20 15.000000 15.000000 0.61879600000000001270
21 20.000000 20.000000 0.69470799999999999219
22 35.000000 35.000000 0.03166200000000000264
23 25.000000 25.000000 0.01170400000000000086
24 35.000000 35.000000 0.21337200000000000610
25 27.000000 27.000000 0.47801399999999999446
26 61.000000 61.000000 0.03376900000000000041
27 31.000000 31.000000 0.01753800000000000150
28 35.000000 35.000000 0.05500300000000000328
29 31.000000 31.000000 0.11334299999999999931
30 31.000000 31.000000 0.06561200000000000365
31 19.000000 19.000000 0.01018600000000000061
32 12.000000 12.000000 0.44053599999999998316
33 13.000000 13.000000 0.43005599999999999383
34 23.000000 23.000000 0.31644299999999997430
35 21.000000 21.000000 0.47933999999999998831
36 22.000000 22.000000 0.28763899999999997803
37 12.000000 12.000000 0.10517700000000000660
38 21.000000 21.000000 0.40587400000000001254
39 81.000000 81.000000 0.01880899999999999933
40 23.000000 23.000000 0.01140000000000000041
41 42.000000 42.000000 0.02812999999999999876
42 15.000000 15.000000 0.29475800000000001999
43 28.000000 28.000000 0.12520600000000001173
44 47.000000 47.000000 0.03139800000000000230
45 46.000000 46.000000 0.16337399999999999145
46 10.000000 10.000000 0.19302099999999999813
47 10.000000 10.000000 0.64477600000000001579
48 26.000000 26.000000 0.07726199999999999735
49 42.000000 42.000000 0.03818300000000000166
50 5.000000 5.000000 0.01447999999999999982
51 66.000000 66.000000 0.14431800000000000184
52 38.000000 38.000000 0.24886600000000000388
53 57.000000 57.000000 0.05377500000000000335
54 18.000000 18.000000 0.03417400000000000299
55 50.000000 50.000000 0.07749300000000000632
56 6.000000 6.000000 0.02075099999999999861
57 1.000000 1.000000 0.59962000000000004185
58 45.000000 45.000000 0.02648599999999999913
59 16.000000 16.000000 0.46607700000000001905
60 47.000000 47.000000 0.12523899999999998922
61 24.000000 24.000000 0.15076800000000001312
62 32.000000 32.000000 0.01132799999999999953
63 5.000000 5.000000 0.02945000000000000048
64 36.000000 36.000000 0.24115700000000001024
65 14.000000 14.000000 0.95857700000000001239
66 10.000000 10.000000 0.39855400000000001937
67 1.000000 1.000000 1.37629200000000007087
68 55.000000 55.000000 0.20604000000000000092
69 24.000000 24.000000 0.02568600000000000050
70 15.000000 15.000000 0.50233300000000002949
71 47.000000 47.000000 0.11069099999999999773
72 24.000000 24.000000 0.19585400000000000031
73 37.000000 37.000000 0.05700700000000000212
74 10.000000 10.000000 0.02771600000000000105
75 47.000000 47.000000 0.11402900000000000535
76 42.000000 42.000000 0.16097700000000000897
77 16.000000 16.000000 0.11101999999999999369
78 23.000000 23.000000 0.01683600000000000027
79 53.000000 53.000000 0.10986500000000000432
80 18.000000 18.000000 0.19420999999999999375
81 24.000000 24.000000 0.52381100000000002659
82 63.000000 63.000000 0.05732999999999999902
83 33.000000 33.000000 0.03800100000000000006
84 17.000000 17.000000 0.91448600000000002108
85 19.000000 19.000000 0.01372199999999999982
86 44.000000 44.000000 0.21925800000000000844
87 44.000000 44.000000 0.04117099999999999926
88 14.000000 14.000000 0.25928099999999998371
89 39.000000 39.000000 0.37652000000000002133
90 24.000000 24.000000 0.40351900000000001656
91 10.000000 10.000000 0.69791999999999998483
92 39.000000 39.000000 0.09068600000000000272
93 12.000000 12.000000 1.05925899999999995060
94 64.000000 64.000000 0.06144399999999999862
95 48.000000 48.000000 0.26144299999999998096
96 11.000000 11.000000 0.65096100000000001184
97 58.000000 58.000000 0.15520700000000001162
98 53.000000 53.000000 0.10713399999999999312
99 10.000000 10.000000 0.49972499999999997478
100 27.000000 27.000000 0.21387100000000000555
101 53.000000 53.000000 0.04732299999999999701
102 33.000000 33.000000 0.06293899999999999495
103 47.000000 47.000000 0.32080700000000000882
104 6.000000 6.000000 0.44538200000000000012
105 1.000000 1.000000 0.68603499999999995040
106 7.000000 7.000000 0.13456099999999998618
107 18.000000 18.000000 0.01966100000000000139
108 45.000000 45.000000 0.01702100000000000141
109 19.000000 19.000000 0.10482800000000000451
110 23.000000 23.000000 0.42126700000000000257
111 27.000000 27.000000 0.02140500000000000042
112 42.000000 42.000000 0.19617399999999998728
113 37.000000 37.000000 0.08324499999999999955
114 52.000000 52.000000 0.13194000000000000172
115 72.000000 72.000000 0.19358200000000000407
116 18.000000 18.000000 0.70548299999999997123
117 37.000000 37.000000 0.07722600000000000298
118 23.000000 23.000000 0.30669800000000002616
119 13.000000 13.000000 0.47823700000000002319
120 15.000000 15.000000 0.54637500000000005507
121 36.000000 36.000000 0.02317500000000000115
122 52.000000 52.000000 0.02216999999999999874
123 57.000000 57.000000 0.08577799999999999314
124 12.000000 12.000000 0.53714799999999995883
125 61.000000 61.000000 0.02600999999999999840
126 41.000000 41.000000 0.06873300000000000243
127 56.000000 56.000000 0.07476599999999999913
128 12.000000 12.000000 0.48450799999999999423
129 10.000000 10.000000 0.50507800000000002694
130 22.000000 22.000000 0.47531000000000001027
131 75.000000 75.000000 0.02880100000000000021
132 18.000000 18.000000 0.33819100000000001938
133 79.000000 79.000000 0.03203899999999999804
134 1.000000 1.000000 0.64229000000000002757
135 26.000000 26.000000 0.15257499999999998841
136 18.000000 18.000000 0.43986999999999998323
137 16.000000 16.000000 0.40633099999999999774
138 1.000000 1.000000 0.83837700000000003886
139 8.000000 8.000000 0.69559300000000001685
140 65.000000 65.000000 0.06234200000000000158
141 20.000000 20.000000 0.47919299999999998008
142 10.000000 10.000000 0.53816600000000003323
143 38.000000 38.000000 0.02224399999999999988
144 35.000000 35.000000 0.03635700000000000043
145 43.000000 43.000000 0.08366999999999999438
146 45.000000 45.000000 0.04252299999999999830
147 12.000000 12.000000 0.51605400000000001270
148 56.000000 56.000000 0.09984899999999999332
149 42.000000 42.000000 0.05973699999999999843
150 33.000000 33.000000 0.18157699999999998841
151 66.000000 66.000000 0.04440000000000000197
152 25.000000 25.000000 0.05749100000000000044
153 41.000000 41.000000 0.08829099999999999449
154 13.000000 13.000000 0.39235100000000000531
155 13.000000 13.000000 0.37742500000000001048
156 66.000000 66.000000 0.03891100000000000114
157 19.000000 19.000000 0.07079199999999999382
158 36.000000 36.000000 0.02732800000000000160
159 41.000000 41.000000 0.11926699999999999802
160 39.000000 39.000000 0.12491700000000000026
161 1.000000 1.000000 0.68898300000000001209
162 10.000000 10.000000 0.62393900000000002137
163 1.000000 1.000000 0.68641900000000000137
164 32.000000 32.000000 0.16678200000000001357
165 18.000000 18.000000 0.36130000000000001004
166 1.000000 1.000000 0.71538699999999999513
167 21.000000 21.000000 0.01173599999999999990
168 44.000000 44.000000 0.20529600000000000626
169 32.000000 32.000000 0.33920800000000000951
170 41.000000 41.000000 0.07078600000000000170
171 21.000000 21.000000 0.50725399999999998268
172 76.000000 76.000000 0.02814699999999999841
173 14.000000 14.000000 0.41492899999999999228
174 74.000000 74.000000 0.04911399999999999794
175 26.000000 26.000000 0.17471999999999998643
176 74.000000 74.000000 0.03320700000000000041
177 52.000000 52.000000 0.01863499999999999879
178 22.000000 22.000000 0.29799700000000001188
179 16.000000 16.000000 0.24662200000000000788
180 4.000000 4.000000 0.05507700000000000096
181 57.000000 57.000000 0.03195300000000000223
182 28.000000 28.000000 0.20247799999999999132
183 50.000000 50.000000 0.01221500000000000016
184 15.000000 15.000000 0.37363400000000002166
185 37.000000 37.000000 0.02993399999999999880
186 50.000000 50.000000 0.08403700000000000059
187 10.000000 10.000000 0.52791999999999994486
188 39.000000 39.000000 0.29062599999999999545
189 21.000000 21.000000 0.38149300000000002653
190 22.000000 22.000000 0.37074400000000001798
191 18.000000 18.000000 0.38247700000000001141
192 15.000000 15.000000 0.31342700000000001115
193 56.000000 56.000000 0.07756100000000000494
194 85.000000 85.000000 0.02560099999999999876
195 69.000000 69.000000 0.09092200000000000282
196 7.000000 7.000000 0.23580499999999998684
197 10.000000 10.000000 0.01855599999999999958
198 48.000000 48.000000 0.01976299999999999932
199 35.000000 35.000000 0.40853000000000000425
200 56.000000 56.000000 0.02826000000000000040
201 54.000000 54.000000 0.04802599999999999925
202 1.000000 1.000000 0.59072299999999999809
203 70.000000 70.000000 0.02269399999999999890
204 20.000000 20.000000 0.35772300000000001319
205 46.000000 46.000000 0.19163099999999999579
206 8.000000 8.000000 1.03098200000000006504
207 1.000000 1.000000 1.10721699999999989572
208 39.000000 39.000000 0.10328600000000000281
209 29.000000 29.000000 0.25075900000000000967
210 1.000000 1.000000 0.59528499999999995307
211 61.000000 61.000000 0.06278400000000000647
212 47.000000 47.000000 0.01977900000000000144
213 10.000000 10.000000 0.51321099999999997276
214 65.000000 65.000000 0.04421300000000000230
215 49.000000 49.000000 0.11306800000000000184
216 49.000000 49.000000 0.02091000000000000150
217 32.000000 32.000000 0.14557300000000000795
218 25.000000 25.000000 0.02845299999999999913
219 12.000000 12.000000 0.45736999999999999877
220 44.000000 44.000000 0.02079699999999999951
221 28.000000 28.000000 0.01542400000000000021
222 1.000000 1.000000 0.78922999999999998710
223 38.000000 38.000000 0.32301699999999999857
224 12.000000 12.000000 0.52464999999999994973
225 59.000000 59.000000 0.04758199999999999930
226 1.000000 1.000000 0.58267199999999996773
227 27.000000 27.000000 0.32752100000000000657
228 22.000000 22.000000 0.13973499999999999810
229 56.000000 56.000000 0.02195400000000000129
230 26.000000 26.000000 0.03745699999999999724
231 66.000000 66.000000 0.10315299999999999470
232 74.000000 74.000000 0.03656000000000000222
233 52.000000 52.000000 0.08712000000000000299
234 20.000000 20.000000 0.41256500000000001505
235 75.000000 75.000000 0.04646100000000000230
236 11.000000 11.000000 0.01269600000000000069
237 40.000000 40.000000 0.01425200000000000078
238 17.000000 17.000000 0.03420800000000000229
239 31.000000 31.000000 0.02061800000000000091
240 47.000000 47.000000 0.14680199999999998806
241 1.000000 1.000000 0.74303300000000005454
242 33.000000 33.000000 0.09549499999999999655
243 57.000000 57.000000 0.10571099999999999941
244 57.000000 57.000000 0.06136799999999999894
245 10.000000 10.000000 0.69556200000000001360
246 1.000000 1.000000 0.56855800000000000782
247 14.000000 14.000000 0.62726300000000001500
248 10.000000 10.000000 0.03220900000000000152
249 65.000000 65.000000 0.05655299999999999910
250 24.000000 24.000000 0.20477699999999998681
251 34.000000 34.000000 0.22072500000000000453
252 63.000000 63.000000 0.06540300000000000280
253 15.000000 15.000000 0.12620200000000000862
254 44.000000 44.000000 0.02889500000000000055
255 45.000000 45.000000 0.10693900000000000627
256 31.000000 31.000000 0.25477800000000000447
257 29.000000 29.000000 0.23630799999999999028
258 74.000000 74.000000 0.07389600000000000335
259 67.000000 67.000000 0.04863599999999999868
260 53.000000 53.000000 0.02779300000000000173
261 8.000000 8.000000 0.47559400000000001674
262 84.000000 84.000000 0.02247100000000000139
263 38.000000 38.000000 0.09811499999999999388
264 1.000000 1.000000 0.60558500000000003993
265 57.000000 57.000000 0.06199899999999999856
266 1.000000 1.000000 0.61401200000000000223
267 36.000000 36.000000 0.06880799999999999417
268 27.000000 27.000000 0.12268900000000000639
269 51.000000 51.000000 0.10643900000000000583
270 52.000000 52.000000 0.07162999999999999923
271 31.000000 31.000000 0.26903399999999999537
272 1.000000 1.000000 0.62564299999999994917
273 71.000000 71.000000 0.01588900000000000035
274 21.000000 21.000000 0.04377199999999999841
275 11.000000 11.000000 0.14765200000000000546
276 30.000000 30.000000 0.09569400000000000128
277 46.000000 46.000000 0.10331899999999999418
278 20.000000 20.000000 0.42433500000000001773
279 9.000000 9.000000 0.05734299999999999814
280 40.000000 40.000000 0.07584000000000000463
281 49.000000 49.000000 0.05424799999999999761
282 18.000000 18.000000 0.43922800000000000731
283 57.000000 57.000000 0.01695500000000000132
284 21.000000 21.000000 0.42005300000000000971
285 54.000000 54.000000 0.02393599999999999894
286 79.000000 79.000000 0.01713100000000000039
287 49.000000 49.000000 0.08907900000000000540
288 14.000000 14.000000 0.43087399999999997924
289 15.000000 15.000000 0.48123899999999997235
290 47.000000 47.000000 0.08601499999999999424
291 41.000000 41.000000 0.11392199999999999549
292 32.000000 32.000000 0.02738000000000000156
293 23.000000 23.000000 0.38014799999999998592
294 12.000000 12.000000 0.58015499999999997627
295 67.000000 67.000000 0.02274800000000000086
296 38.000000 38.000000 0.02752500000000000085
297 44.000000 44.000000 0.17328299999999999259
298 12.000000 12.000000 0.38176100000000001700
299 22.000000 22.000000 0.37173400000000000887
300 13.000000 13.000000 0.37672200000000000131
301 26.000000 26.000000 0.27603100000000002634
302 57.000000 57.000000 0.08863300000000000345
303 32.000000 32.000000 0.43018000000000000682
304 40.000000 40.000000 0.03097700000000000106
305 41.000000 41.000000 0.13188099999999999823
306 26.000000 26.000000 0.03072599999999999984
307 12.000000 12.000000 0.55324600000000001554
308 20.000000 20.000000 0.09293400000000000272
309 12.000000 12.000000 0.08446099999999999441
310 8.000000 8.000000 0.43895800000000001484
311 1.000000 1.000000 0.62292000000000002924
312 30.000000 30.000000 0.13170200000000001350
313 63.000000 63.000000 0.06321300000000000530
314 23.000000 23.000000 0.01598099999999999868
315 50.000000 50.000000 0.22131100000000000771
316 32.000000 32.000000 0.25651400000000001977
317 53.000000 53.000000 0.12765299999999998870
318 48.000000 48.000000 0.01200700000000000031
319 1.000000 1.000000 0.61111899999999996780
320 12.000000 12.000000 0.65385499999999996401
321 18.000000 18.000000 0.32862200000000002520
322 44.000000 44.000000 0.16759699999999999598
323 13.000000 13.000000 0.00844300000000000085
324 9.000000 9.000000 0.39926200000000000578
325 14.000000 14.000000 0.46134399999999997632
326 35.000000 35.000000 0.11166800000000000337
327 56.000000 56.000000 0.06099199999999999761
328 45.000000 45.000000 0.14380499999999998839
329 30.000000 30.000000 0.30450899999999997414
330 49.000000 49.000000 0.05632800000000000307
331 17.000000 17.000000 0.33625100000000002209
332 12.000000 12.000000 0.50399000000000004906
333 17.000000 17.000000 0.24655799999999999939
334 71.000000 71.000000 0.02681100000000000150
335 58.000000 58.000000 0.12234399999999999442
336 38.000000 38.000000 0.04385200000000000209
337 41.000000 41.000000 0.17924499999999998767
338 39.000000 39.000000 0.18370400000000000618
339 10.000000 10.000000 0.50919899999999995721
340 67.000000 67.000000 0.02029699999999999907
341 17.000000 17.000000 0.46981400000000000938
342 10.000000 10.000000 0.57742000000000004434
343 8.000000 8.000000 0.49708099999999999508
344 42.000000 42.000000 0.01903900000000000037
345 71.000000 71.000000 0.01517499999999999925
346 26.000000 26.000000 0.19642000000000001125
347 47.000000 47.000000 0.07064700000000000146
348 21.000000 21.000000 0.26808100000000001373
349 22.000000 22.000000 0.35050399999999998224
350 16.000000 16.000000 0.56834200000000001385
351 54.000000 54.000000 0.02365499999999999894
352 32.000000 32.000000 0.27263199999999998546
353 29.000000 29.000000 0.05048600000000000310
354 25.000000 25.000000 0.22467699999999998783
355 35.000000 35.000000 0.02919499999999999873
356 1.000000 1.000000 0.64042500000000002203
357 22.000000 22.000000 0.15462600000000001343
358 1.000000 1.000000 0.68291400000000002102
359 26.000000 26.000000 0.31816100000000002712
360 48.000000 48.000000 0.08931200000000000250
361 25.000000 25.000000 0.26841599999999998793
362 11.000000 11.000000 0.48083700000000001440
363 41.000000 41.000000 0.06780899999999999428
364 71.000000 71.000000 0.05624799999999999939
365 14.000000 14.000000 0.73353900000000005210
366 19.000000 19.000000 0.12725800000000001000
367 71.000000 71.000000 0.03109299999999999911
368 63.000000 63.000000 0.01289799999999999974
369 47.000000 47.000000 0.07219100000000000517
370 1.000000 1.000000 0.55029600000000000737
371 10.000000 10.000000 0.94971200000000000063
372 92.000000 92.000000 0.01805599999999999913
373 39.000000 39.000000 0.18569099999999999495
374 22.000000 22.000000 0.35485499999999997600
375 1.000000 1.000000 0.75972600000000001241
376 31.000000 31.000000 0.22912499999999999534
377 45.000000 45.000000 0.14885100000000001108
378 58.000000 58.000000 0.03365900000000000142
379 69.000000 69.000000 0.02632100000000000065
380 40.000000 40.000000 0.09150800000000000600
381 12.000000 12.000000 0.68346099999999998520
382 58.000000 58.000000 0.13036200000000000565
383 38.000000 38.000000 0.26810699999999998422
384 22.000000 22.000000 0.33156999999999997586
385 48.000000 48.000000 0.20807400000000000895
386 13.000000 13.000000 0.07055699999999999472
387 53.000000 53.000000 0.07787299999999999778
388 26.000000 26.000000 0.09320299999999999419
389 40.000000 40.000000 0.16047100000000000253
390 32.000000 32.000000 0.02606100000000000083
391 27.000000 27.000000 0.27807300000000001461
392 16.000000 16.000000 0.32859399999999999720
393 21.000000 21.000000 0.18193200000000001038
394 12.000000 12.000000 0.66849700000000000788
395 25.000000 25.000000 0.33243499999999998051
396 24.000000 24.000000 0.48984100000000002639
397 51.000000 51.000000 0.01513899999999999968
398 13.000000 13.000000 0.24698600000000001109
399 50.000000 50.000000 0.15306600000000000761
400 50.000000 50.000000 0.13840600000000000125
401 38.000000 38.000000 0.16960200000000000276
402 4.000000 4.000000 0.06573199999999999876
403 29.000000 29.000000 0.26678099999999999037
404 39.000000 39.000000 0.14447999999999999732
405 16.000000 16.000000 0.22121199999999999197
406 4.000000 4.000000 0.77719800000000005546
407 53.000000 53.000000 0.04951799999999999952
408 40.000000 40.000000 0.02570300000000000015
409 8.000000 8.000000 0.06471999999999999975
410 33.000000 33.000000 0.20399800000000001265
411 78.000000 78.000000 0.02973800000000000054
412 26.000000 26.000000 0.25309399999999998565
413 68.000000 68.000000 0.03430699999999999722
414 6.000000 6.000000 0.25876199999999999202
415 49.000000 49.000000 0.05044699999999999879
416 43.000000 43.000000 0.14046800000000000952
417 15.000000 15.000000 0.37525900000000000922
418 8.000000 8.000000 0.04340700000000000114
419 1.000000 1.000000 0.54357299999999997286
420 38.000000 38.000000 0.09388900000000000023
