1 95.000000 95.000000 0.60490999999999994774
2 56.000000 56.000000 1.13888499999999992518
3 94.000000 94.000000 0.42701099999999997392
4 8.000000 8.000000 4.56600499999999964729
5 28.000000 28.000000 3.27148400000000005861
6 82.000000 82.000000 1.49411099999999996690
7 77.000000 77.000000 0.14463899999999998980
8 101.000000 101.000000 0.16290299999999999225
9 22.000000 22.000000 3.04241999999999990223
10 109.000000 109.000000 0.10729900000000000548
11 105.000000 105.000000 0.02748300000000000048
12 65.000000 65.000000 0.01572300000000000086
13 25.000000 25.000000 3.22663399999999978007
14 12.000000 12.000000 4.80714500000000022339
15 103.000000 103.000000 0.40872100000000000097
16 38.000000 38.000000 0.15468000000000001193
17 150.000000 150.000000 0.07379900000000000349
18 31.000000 31.000000 3.13204299999999991044
19 33.000000 33.000000 2.49515099999999989677
20 8.000000 8.000000 4.64391700000000007265
21 133.000000 133.000000 0.15408700000000000174
22 91.000000 91.000000 0.73392299999999999205
23 47.000000 47.000000 0.29699300000000000699
24 48.000000 48.000000 2.51901300000000016865
25 70.000000 70.000000 1.29174999999999995381
26 16.000000 16.000000 0.22162999999999999368
27 1.000000 1.000000 5.16472499999999978826
28 62.000000 62.000000 0.90944199999999997264
29 22.000000 22.000000 0.01581199999999999967
30 28.000000 28.000000 1.12256899999999992801
31 115.000000 115.000000 0.83536399999999999544
32 43.000000 43.000000 3.62486100000000011079
33 136.000000 136.000000 0.12585099999999999065
34 65.000000 65.000000 3.23841400000000012582
35 150.000000 150.000000 0.25544400000000000439
36 107.000000 107.000000 0.06980100000000000193
37 56.000000 56.000000 1.94063999999999992063
38 78.000000 78.000000 1.67623900000000003452
39 56.000000 56.000000 1.57091500000000006132
40 11.000000 11.000000 0.09175400000000000222
41 96.000000 96.000000 0.51710999999999995858
42 17.000000 17.000000 4.17710999999999987864
43 64.000000 64.000000 0.01426799999999999943
44 10.000000 10.000000 4.11615899999999967918
45 126.000000 126.000000 0.08031299999999999550
46 17.000000 17.000000 4.85655699999999956873
47 86.000000 86.000000 0.54073199999999999044
48 172.000000 172.000000 0.07700400000000000300
49 153.000000 153.000000 0.06791200000000000014
50 61.000000 61.000000 0.02357700000000000073
51 55.000000 55.000000 1.66871600000000008812
52 46.000000 46.000000 0.16363300000000000067
53 55.000000 55.000000 6.18297000000000007702
54 79.000000 79.000000 0.45749099999999998101
55 58.000000 58.000000 0.92676300000000000345
56 1.000000 1.000000 5.38815199999999983049
57 36.000000 36.000000 2.46969599999999989137
58 123.000000 123.000000 0.34082600000000001783
59 102.000000 102.000000 0.02290100000000000122
60 138.000000 138.000000 0.13356499999999998929
61 21.000000 21.000000 4.23988399999999998613
62 28.000000 28.000000 3.19766599999999989734
63 1.000000 1.000000 5.50021900000000041331
64 11.000000 11.000000 3.76877199999999978886
65 48.000000 48.000000 2.40877000000000007773
66 45.000000 45.000000 0.44322899999999998411
67 73.000000 73.000000 0.40244099999999999318
68 71.000000 71.000000 1.44261299999999992316
69 24.000000 24.000000 0.28335100000000001952
70 1.000000 1.000000 4.87009199999999964348
71 61.000000 61.000000 0.45694299999999998807
72 54.000000 54.000000 1.29141900000000009463
73 16.000000 16.000000 4.09821699999999999875
74 49.000000 49.000000 2.30012399999999983535
75 122.000000 122.000000 0.50718499999999999694
76 12.000000 12.000000 5.10323100000000007270
77 85.000000 85.000000 0.21044599999999999418
78 75.000000 75.000000 1.01541299999999989900
79 56.000000 56.000000 0.98994499999999996387
80 54.000000 54.000000 0.04349499999999999894
81 95.000000 95.000000 0.12222399999999999931
82 12.000000 12.000000 4.40237999999999995993
83 102.000000 102.000000 0.05529400000000000287
84 112.000000 112.000000 0.29957800000000001095
85 129.000000 129.000000 0.10480299999999999339
86 72.000000 72.000000 0.24891299999999999537
87 53.000000 53.000000 0.10599500000000000588
88 33.000000 33.000000 0.85497999999999996223
89 41.000000 41.000000 2.00373100000000015086
90 139.000000 139.000000 0.02253600000000000048
91 90.000000 90.000000 0.18674399999999999333
92 22.000000 22.000000 3.20394800000000001816
93 8.000000 8.000000 0.02963400000000000062
94 125.000000 125.000000 0.34893200000000001992
95 59.000000 59.000000 1.31020099999999994900
96 30.000000 30.000000 0.01126899999999999950
97 1.000000 1.000000 5.06771700000000002717
98 16.000000 16.000000 2.71976400000000007040
99 12.000000 12.000000 0.12417899999999999772
100 67.000000 67.000000 1.07033000000000000362
101 97.000000 97.000000 0.15771899999999999809
102 99.000000 99.000000 0.03127599999999999825
103 60.000000 60.000000 7.59545899999999996055
104 20.000000 20.000000 3.65352100000000001856
105 14.000000 14.000000 4.72398900000000043775
106 126.000000 126.000000 0.20621100000000000541
107 77.000000 77.000000 0.17847399999999999376
108 105.000000 105.000000 0.47392099999999998117
109 51.000000 51.000000 2.43523500000000003851
110 67.000000 67.000000 0.65658799999999994945
111 42.000000 42.000000 0.73295299999999996565
112 17.000000 17.000000 2.32471199999999988961
113 41.000000 41.000000 1.97852199999999989188
114 112.000000 112.000000 0.33824700000000001987
115 36.000000 36.000000 2.54238300000000005952
116 59.000000 59.000000 0.33376400000000000512
117 20.000000 20.000000 1.28811399999999998123
118 3.000000 3.000000 2.57128699999999987824
119 135.000000 135.000000 0.27763300000000001866
120 37.000000 37.000000 2.57938299999999998136
121 43.000000 43.000000 4.42936900000000033373
122 27.000000 27.000000 0.90381800000000001027
123 41.000000 41.000000 0.93496699999999999253
124 18.000000 18.000000 4.06084900000000015297
125 78.000000 78.000000 0.01454100000000000011
126 36.000000 36.000000 1.64401400000000008639
127 66.000000 66.000000 0.15001700000000001145
128 46.000000 46.000000 0.01969900000000000123
129 15.000000 15.000000 4.08654000000000028336
130 150.000000 150.000000 0.06718100000000000460
131 2.000000 2.000000 4.25861800000000023658
132 28.000000 28.000000 3.22313099999999996825
133 24.000000 24.000000 3.75887400000000004852
134 76.000000 76.000000 0.73506800000000005468
135 94.000000 94.000000 0.42429800000000000848
136 81.000000 81.000000 0.26288899999999998380
137 47.000000 47.000000 2.12788099999999991141
138 1.000000 1.000000 5.01146699999999967190
139 55.000000 55.000000 0.86857899999999998997
140 69.000000 69.000000 1.46141000000000009784
141 70.000000 70.000000 1.30075500000000010559
142 114.000000 114.000000 0.15529299999999998660
143 122.000000 122.000000 0.09385999999999999899
144 72.000000 72.000000 0.15791399999999999881
145 100.000000 100.000000 0.44780599999999998184
146 27.000000 27.000000 2.78581199999999995498
147 28.000000 28.000000 3.07430799999999981864
148 25.000000 25.000000 4.45433500000000037744
149 1.000000 1.000000 5.24963300000000021583
150 53.000000 53.000000 0.99362799999999995570
151 111.000000 111.000000 0.17428099999999999148
152 76.000000 76.000000 1.21593599999999990580
153 125.000000 125.000000 0.20645199999999999663
154 26.000000 26.000000 0.69871499999999997499
155 84.000000 84.000000 1.03719999999999989981
156 24.000000 24.000000 3.20211300000000020916
157 103.000000 103.000000 0.03883899999999999852
158 86.000000 86.000000 0.05955099999999999977
159 40.000000 40.000000 1.58422599999999991205
160 83.000000 83.000000 0.57832099999999997397
161 71.000000 71.000000 0.07188600000000000545
162 37.000000 37.000000 0.29238799999999998125
163 92.000000 92.000000 0.03737300000000000344
164 55.000000 55.000000 0.02007400000000000156
165 87.000000 87.000000 0.16069600000000000550
166 14.000000 14.000000 3.78657999999999983487
167 72.000000 72.000000 0.09449100000000000554
168 11.000000 11.000000 2.81018400000000001526
169 113.000000 113.000000 0.10212899999999999756
170 76.000000 76.000000 0.36710900000000001864
171 17.000000 17.000000 4.38562899999999977751
172 125.000000 125.000000 0.26867099999999999316
173 92.000000 92.000000 0.03490599999999999953
174 69.000000 69.000000 1.07790300000000005554
175 34.000000 34.000000 0.12771099999999999119
176 120.000000 120.000000 0.64632699999999998486
177 34.000000 34.000000 2.58493199999999978544
178 122.000000 122.000000 0.04333300000000000346
179 112.000000 112.000000 0.22635399999999999965
180 130.000000 130.000000 0.42463000000000000744
181 57.000000 57.000000 1.41319599999999989670
182 62.000000 62.000000 0.48015000000000002123
183 31.000000 31.000000 0.46259099999999997443
184 37.000000 37.000000 1.41631499999999999062
185 58.000000 58.000000 1.58057300000000000573
186 117.000000 117.000000 1.25233499999999997598
187 75.000000 75.000000 0.26024100000000000010
188 20.000000 20.000000 0.02465799999999999936
189 131.000000 131.000000 0.08493499999999999661
190 17.000000 17.000000 0.87976699999999996571
191 30.000000 30.000000 3.18333999999999983643
192 81.000000 81.000000 0.01655799999999999980
193 82.000000 82.000000 0.42248200000000002419
194 110.000000 110.000000 0.34791199999999999903
195 28.000000 28.000000 0.02765000000000000097
196 30.000000 30.000000 0.01065600000000000054
197 106.000000 106.000000 0.40448000000000000620
198 10.000000 10.000000 0.25719700000000000895
199 34.000000 34.000000 0.16607299999999999840
200 67.000000 67.000000 0.31257400000000001850
201 32.000000 32.000000 0.89181600000000005313
202 74.000000 74.000000 0.02465300000000000130
203 141.000000 141.000000 0.23397699999999999054
204 25.000000 25.000000 0.02527199999999999933
205 147.000000 147.000000 0.05587400000000000005
206 133.000000 133.000000 0.03342500000000000332
207 55.000000 55.000000 1.34368599999999993599
208 118.000000 118.000000 0.11420199999999999796
209 49.000000 49.000000 1.45933000000000001606
210 153.000000 153.000000 0.07238300000000000289
211 1.000000 1.000000 4.96123400000000014387
212 83.000000 83.000000 0.38795000000000001705
213 58.000000 58.000000 1.59384600000000009601
214 85.000000 85.000000 0.73772800000000005038
215 111.000000 111.000000 0.05550900000000000278
216 38.000000 38.000000 0.51512400000000002631
217 42.000000 42.000000 1.90571599999999996555
218 116.000000 116.000000 0.35633199999999998209
219 78.000000 78.000000 0.90426899999999998947
220 52.000000 52.000000 1.31173999999999990607
221 71.000000 71.000000 0.02270499999999999949
222 20.000000 20.000000 3.47105700000000005900
223 154.000000 154.000000 0.10147399999999999476
224 80.000000 80.000000 1.10172500000000006537
225 106.000000 106.000000 2.80298699999999989529
226 61.000000 61.000000 0.27550299999999999789
227 78.000000 78.000000 0.90788100000000004908
228 93.000000 93.000000 0.56179900000000004834
229 1.000000 1.000000 5.05061200000000010135
230 89.000000 89.000000 0.16408200000000000562
231 77.000000 77.000000 0.79236899999999999000
232 23.000000 23.000000 3.18171200000000009567
233 1.000000 1.000000 4.69218899999999994321
234 11.000000 11.000000 1.38670399999999993668
235 15.000000 15.000000 3.78065899999999999181
236 63.000000 63.000000 0.01548300000000000023
237 38.000000 38.000000 1.47091499999999997250
238 40.000000 40.000000 1.72478799999999998782
239 17.000000 17.000000 0.79216500000000000803
240 41.000000 41.000000 5.73665000000000002700
241 42.000000 42.000000 0.67410499999999995424
242 19.000000 19.000000 3.04481199999999985195
243 1.000000 1.000000 4.77420899999999992502
244 145.000000 145.000000 0.02586099999999999857
245 88.000000 88.000000 0.69446799999999997421
246 94.000000 94.000000 0.09951899999999999635
247 118.000000 118.000000 0.26761499999999999178
248 50.000000 50.000000 0.15547500000000000209
249 71.000000 71.000000 1.04321200000000002817
250 19.000000 19.000000 3.72630900000000009342
251 10.000000 10.000000 4.16410699999999955878
252 105.000000 105.000000 0.42272100000000001341
253 164.000000 164.000000 0.03330199999999999827
254 48.000000 48.000000 0.08422799999999999732
255 97.000000 97.000000 0.34955500000000000460
256 130.000000 130.000000 0.02219499999999999945
257 6.000000 6.000000 0.05374199999999999811
258 27.000000 27.000000 0.15973200000000001286
259 102.000000 102.000000 0.01003399999999999952
260 12.000000 12.000000 4.83114799999999977587
261 96.000000 96.000000 0.16913100000000000356
262 143.000000 143.000000 0.26121299999999997299
263 24.000000 24.000000 3.19438099999999991496
264 42.000000 42.000000 1.65090899999999995984
265 133.000000 133.000000 0.04627699999999999869
266 17.000000 17.000000 3.87003699999999994930
267 137.000000 137.000000 0.09124599999999999378
268 93.000000 93.000000 0.70339899999999999647
269 29.000000 29.000000 2.96637500000000020606
270 34.000000 34.000000 2.91482399999999985951
271 22.000000 22.000000 2.82174099999999983268
272 52.000000 52.000000 0.11904599999999999904
273 76.000000 76.000000 0.86417800000000000171
274 12.000000 12.000000 4.12781199999999959260
275 45.000000 45.000000 0.21826599999999998780
276 96.000000 96.000000 0.23256299999999999195
277 82.000000 82.000000 0.11171999999999999986
278 143.000000 143.000000 0.17809900000000000730
279 71.000000 71.000000 0.85436699999999998756
280 25.000000 25.000000 3.53996200000000005303
281 54.000000 54.000000 0.02125000000000000153
282 29.000000 29.000000 2.97001299999999979207
283 138.000000 138.000000 0.07926199999999999912
284 86.000000 86.000000 0.01305100000000000010
285 27.000000 27.000000 2.50552500000000000213
286 67.000000 67.000000 1.21354000000000006310
287 68.000000 68.000000 1.15015599999999995617
288 115.000000 115.000000 0.03738999999999999962
289 116.000000 116.000000 0.04579600000000000337
290 132.000000 132.000000 0.05432000000000000023
291 54.000000 54.000000 1.80916100000000001913
292 138.000000 138.000000 0.16961399999999998700
293 22.000000 22.000000 1.57281399999999993433
294 114.000000 114.000000 0.25002900000000000125
295 83.000000 83.000000 0.33899000000000001354
296 73.000000 73.000000 3.75543199999999988137
297 62.000000 62.000000 0.01650700000000000084
298 78.000000 78.000000 0.98358800000000001784
299 33.000000 33.000000 2.25494199999999977990
300 115.000000 115.000000 0.37449300000000002031
301 38.000000 38.000000 0.68954000000000004178
302 19.000000 19.000000 4.01029500000000016513
303 17.000000 17.000000 4.01149799999999956412
304 16.000000 16.000000 4.03394700000000039353
305 69.000000 69.000000 0.19364500000000001156
306 14.000000 14.000000 4.54823299999999974830
307 27.000000 27.000000 0.02867899999999999963
308 86.000000 86.000000 1.08730700000000002348
309 1.000000 1.000000 4.81683199999999978047
310 17.000000 17.000000 4.14531000000000027228
311 16.000000 16.000000 2.34985400000000010934
312 59.000000 59.000000 1.16833999999999993413
313 49.000000 49.000000 0.15779599999999999183
314 94.000000 94.000000 0.74150599999999999845
315 33.000000 33.000000 2.66754900000000017002
316 64.000000 64.000000 1.50177399999999994229
317 110.000000 110.000000 0.36320599999999997332
318 43.000000 43.000000 4.56851900000000021862
319 104.000000 104.000000 0.07834299999999999597
320 49.000000 49.000000 1.95184800000000002740
321 60.000000 60.000000 0.07823199999999999599
322 46.000000 46.000000 0.86800399999999999778
323 58.000000 58.000000 0.95166399999999995440
324 130.000000 130.000000 0.30393799999999998596
325 101.000000 101.000000 0.52654400000000001203
326 45.000000 45.000000 1.01527499999999992752
327 132.000000 132.000000 0.20563400000000001122
328 130.000000 130.000000 0.07014399999999999802
329 37.000000 37.000000 2.26795400000000002549
330 92.000000 92.000000 0.37115199999999998193
331 26.000000 26.000000 3.24018799999999984607
332 69.000000 69.000000 0.85490200000000005076
333 65.000000 65.000000 0.68286899999999994826
334 54.000000 54.000000 0.01015699999999999936
335 34.000000 34.000000 3.11600099999999979872
336 11.000000 11.000000 2.08357100000000006190
337 43.000000 43.000000 2.41897200000000012210
338 54.000000 54.000000 3.32463800000000020418
339 30.000000 30.000000 0.05712699999999999723
340 73.000000 73.000000 0.50762899999999999689
341 127.000000 127.000000 0.03074199999999999849
342 3.000000 3.000000 1.73318499999999997563
343 1.000000 1.000000 4.87994000000000038852
344 16.000000 16.000000 3.37920800000000021157
345 83.000000 83.000000 0.54262100000000001998
346 19.000000 19.000000 3.57349100000000019506
347 101.000000 101.000000 0.05216599999999999709
348 32.000000 32.000000 3.79922599999999999199
349 20.000000 20.000000 2.86834200000000016928
350 117.000000 117.000000 0.13679099999999999593
351 19.000000 19.000000 4.50901700000000005275
352 86.000000 86.000000 0.54815599999999997660
353 156.000000 156.000000 0.06356900000000000051
354 163.000000 163.000000 0.03186100000000000043
355 38.000000 38.000000 2.38289499999999998536
356 116.000000 116.000000 0.04508399999999999908
357 101.000000 101.000000 0.02271300000000000055
358 115.000000 115.000000 0.31396200000000001884
359 97.000000 97.000000 0.50657499999999999751
360 17.000000 17.000000 4.06790599999999979985
361 105.000000 105.000000 0.11444000000000000006
362 38.000000 38.000000 2.10188499999999978129
363 84.000000 84.000000 0.19437899999999999623
364 42.000000 42.000000 0.01159499999999999940
365 43.000000 43.000000 2.30032399999999981333
366 129.000000 129.000000 0.17370800000000000129
367 31.000000 31.000000 1.33958899999999991870
368 46.000000 46.000000 1.84881300000000003969
369 58.000000 58.000000 3.00080400000000002692
370 39.000000 39.000000 2.59865300000000010172
371 113.000000 113.000000 0.01370999999999999996
372 64.000000 64.000000 0.64918799999999998729
373 64.000000 64.000000 1.38019500000000006068
374 30.000000 30.000000 0.06374599999999999711
375 1.000000 1.000000 5.02616399999999963200
376 72.000000 72.000000 1.08764799999999994817
377 101.000000 101.000000 0.59545099999999995255
378 36.000000 36.000000 1.93915900000000007708
379 35.000000 35.000000 1.39799500000000009869
380 101.000000 101.000000 0.37294699999999997297
381 39.000000 39.000000 1.02806200000000003136
382 13.000000 13.000000 3.27848799999999984678
383 17.000000 17.000000 0.18283800000000000052
384 3.000000 3.000000 1.18048899999999989952
385 42.000000 42.000000 0.60682999999999998053
386 1.000000 1.000000 4.80038099999999978706
387 35.000000 35.000000 0.38961099999999998511
388 14.000000 14.000000 4.66283899999999995600
389 102.000000 102.000000 0.11731700000000000461
390 95.000000 95.000000 0.77468700000000001449
391 66.000000 66.000000 0.38287199999999999012
392 93.000000 93.000000 0.89816799999999996640
393 1.000000 1.000000 4.65948799999999963006
394 1.000000 1.000000 5.43299000000000020805
395 142.000000 142.000000 0.20247200000000001308
396 15.000000 15.000000 0.30841400000000002146
397 76.000000 76.000000 0.79737400000000002720
398 72.000000 72.000000 0.87815699999999996539
399 21.000000 21.000000 0.01253499999999999927
400 92.000000 92.000000 0.74431499999999994888
401 49.000000 49.000000 0.59728199999999997960
402 47.000000 47.000000 1.85353600000000007242
403 123.000000 123.000000 0.17473700000000000343
404 50.000000 50.000000 1.11912499999999992539
405 24.000000 24.000000 1.56605799999999995009
406 122.000000 122.000000 0.01577699999999999936
407 100.000000 100.000000 0.53289900000000001157
408 84.000000 84.000000 0.55461800000000005539
409 47.000000 47.000000 1.99843499999999996142
410 98.000000 98.000000 0.73677700000000001523
411 70.000000 70.000000 1.34703900000000009740
412 36.000000 36.000000 2.75510600000000005494
413 28.000000 28.000000 0.58784000000000002917
414 1.000000 1.000000 5.21128999999999997783
415 51.000000 51.000000 2.43456399999999995032
416 105.000000 105.000000 0.08919299999999999451
417 76.000000 76.000000 0.01990499999999999908
418 45.000000 45.000000 0.58385600000000004162
419 101.000000 101.000000 0.34261700000000000488
420 14.000000 14.000000 4.73887600000000031031
