1 40.000000 32.000000 0.33702900000000002301
2 39.000000 32.000000 0.09731900000000000273
3 39.000000 32.000000 0.13108800000000001007
4 31.000000 25.000000 0.09981900000000000495
5 40.000000 31.000000 0.14864600000000000035
6 46.000000 36.000000 0.09174200000000000410
7 39.000000 33.000000 0.08232699999999999740
8 47.000000 33.000000 0.08660900000000000543
9 24.000000 20.000000 0.10304599999999999871
10 31.000000 24.000000 0.08968500000000000083
11 31.000000 28.000000 0.04236100000000000282
12 39.000000 30.000000 0.06068099999999999883
13 34.000000 28.000000 0.07205999999999999905
14 32.000000 29.000000 0.10641799999999999871
15 29.000000 25.000000 0.05293400000000000188
16 49.000000 38.000000 0.10895799999999999930
17 32.000000 26.000000 0.06423399999999999943
18 34.000000 27.000000 0.08563300000000000078
19 35.000000 28.000000 0.04642700000000000299
20 37.000000 27.000000 0.09280700000000000061
21 28.000000 23.000000 0.03334800000000000264
22 27.000000 25.000000 0.03636600000000000249
23 34.000000 27.000000 0.14742500000000000049
24 22.000000 19.000000 0.02923100000000000004
25 45.000000 33.000000 0.04477899999999999936
26 35.000000 30.000000 0.04298699999999999743
27 32.000000 26.000000 0.03647600000000000148
28 24.000000 20.000000 0.03703999999999999654
29 39.000000 30.000000 0.02897699999999999929
30 38.000000 32.000000 0.03324300000000000171
31 31.000000 29.000000 0.08253699999999999926
32 35.000000 29.000000 0.05218099999999999822
33 25.000000 21.000000 0.03049699999999999980
34 31.000000 24.000000 0.03559400000000000064
35 26.000000 22.000000 0.03473099999999999798
36 36.000000 29.000000 0.09378300000000000525
37 36.000000 29.000000 0.04353100000000000025
38 38.000000 25.000000 0.03903299999999999825
39 25.000000 23.000000 0.03723800000000000027
40 30.000000 24.000000 0.05015599999999999919
41 29.000000 25.000000 0.06688800000000000301
42 34.000000 27.000000 0.04093600000000000017
43 30.000000 25.000000 0.03870500000000000329
44 22.000000 20.000000 0.04909299999999999775
45 32.000000 30.000000 0.03422800000000000148
46 27.000000 23.000000 0.03500700000000000339
47 36.000000 26.000000 0.04775499999999999884
48 46.000000 33.000000 0.03845799999999999913
49 39.000000 35.000000 0.05915999999999999731
50 30.000000 25.000000 0.04541099999999999998
51 46.000000 35.000000 0.03660299999999999665
52 43.000000 31.000000 0.05003300000000000108
53 47.000000 37.000000 0.05657199999999999729
54 33.000000 27.000000 0.03614400000000000251
55 49.000000 36.000000 0.03267199999999999965
56 34.000000 25.000000 0.02784299999999999969
57 37.000000 28.000000 0.08433499999999999330
58 48.000000 38.000000 0.02814300000000000135
59 25.000000 21.000000 0.03427399999999999891
60 45.000000 37.000000 0.07870199999999999418
61 39.000000 35.000000 0.03617900000000000282
62 34.000000 25.000000 0.05607499999999999984
63 41.000000 31.000000 0.03890600000000000308
64 25.000000 20.000000 0.03698800000000000004
65 37.000000 30.000000 0.04924900000000000111
66 33.000000 30.000000 0.03560200000000000170
67 29.000000 21.000000 0.03234700000000000075
68 41.000000 29.000000 0.03386100000000000221
69 21.000000 21.000000 0.03300199999999999662
70 54.000000 39.000000 0.03663500000000000090
71 28.000000 21.000000 0.04075199999999999656
72 39.000000 32.000000 0.04293500000000000094
73 37.000000 28.000000 0.03151400000000000035
74 50.000000 40.000000 0.03322300000000000253
75 40.000000 34.000000 0.03435799999999999965
76 36.000000 25.000000 0.03672999999999999876
77 39.000000 32.000000 0.06329600000000000504
78 39.000000 34.000000 0.04289599999999999663
79 29.000000 24.000000 0.03314799999999999691
80 34.000000 28.000000 0.03792999999999999844
81 32.000000 28.000000 0.06946900000000000297
82 30.000000 28.000000 0.03364700000000000329
83 34.000000 32.000000 0.02954899999999999888
84 34.000000 27.000000 0.03799899999999999806
85 41.000000 30.000000 0.02617999999999999841
86 44.000000 35.000000 0.05270600000000000285
87 45.000000 37.000000 0.02746600000000000083
88 34.000000 26.000000 0.05608699999999999797
89 52.000000 37.000000 0.03612800000000000039
90 34.000000 29.000000 0.03192400000000000099
91 31.000000 24.000000 0.06300500000000000544
92 24.000000 22.000000 0.04363899999999999724
93 49.000000 37.000000 0.04061700000000000033
94 43.000000 37.000000 0.06156199999999999867
95 29.000000 24.000000 0.03451900000000000107
96 42.000000 31.000000 0.09404999999999999472
97 34.000000 27.000000 0.02390499999999999917
98 39.000000 32.000000 0.04333499999999999852
99 41.000000 31.000000 0.05259799999999999892
100 47.000000 38.000000 0.03562799999999999995
101 19.000000 17.000000 0.03456800000000000150
102 24.000000 20.000000 0.03690800000000000330
103 25.000000 21.000000 0.03828100000000000253
104 32.000000 28.000000 0.07547299999999999842
105 33.000000 28.000000 0.06911399999999999488
106 42.000000 33.000000 0.08972399999999999820
107 33.000000 30.000000 0.05250500000000000306
108 35.000000 31.000000 0.08293999999999999984
109 45.000000 37.000000 0.07226200000000000678
110 28.000000 24.000000 0.04264699999999999741
111 36.000000 28.000000 0.03615299999999999764
112 25.000000 24.000000 0.06736899999999999833
113 33.000000 29.000000 0.04909199999999999675
114 39.000000 29.000000 0.04618799999999999989
115 46.000000 35.000000 0.06489100000000000423
116 43.000000 32.000000 0.02938800000000000093
117 41.000000 33.000000 0.07934800000000000186
118 31.000000 27.000000 0.03825599999999999834
119 51.000000 38.000000 0.03363499999999999823
120 45.000000 35.000000 0.06538199999999999568
121 51.000000 38.000000 0.07429099999999999593
122 19.000000 17.000000 0.04948500000000000121
123 34.000000 29.000000 0.03364500000000000129
124 25.000000 22.000000 0.02939399999999999999
125 31.000000 26.000000 0.08626300000000000634
126 35.000000 31.000000 0.07746300000000000407
127 46.000000 35.000000 0.05052500000000000047
128 47.000000 32.000000 0.05877899999999999792
129 52.000000 42.000000 0.03014199999999999866
130 26.000000 23.000000 0.04037500000000000117
131 34.000000 28.000000 0.03996299999999999852
132 31.000000 26.000000 0.03585800000000000098
133 18.000000 17.000000 0.03939100000000000240
134 26.000000 23.000000 0.03574900000000000300
135 20.000000 18.000000 0.04449999999999999789
136 36.000000 29.000000 0.07240299999999999514
137 37.000000 32.000000 0.03120200000000000057
138 34.000000 27.000000 0.04784999999999999670
139 26.000000 23.000000 0.04266500000000000153
140 35.000000 30.000000 0.07148799999999999599
141 54.000000 36.000000 0.03874099999999999766
142 28.000000 25.000000 0.03483800000000000091
143 46.000000 36.000000 0.03376599999999999741
144 33.000000 26.000000 0.03700200000000000017
145 30.000000 25.000000 0.03587599999999999817
146 34.000000 29.000000 0.04218899999999999734
147 31.000000 27.000000 0.03179300000000000181
148 19.000000 19.000000 0.08354399999999999327
149 36.000000 31.000000 0.04426399999999999779
150 26.000000 22.000000 0.03446899999999999964
151 44.000000 34.000000 0.04045399999999999691
152 34.000000 28.000000 0.03375299999999999828
153 36.000000 32.000000 0.06755200000000000093
154 52.000000 41.000000 0.03517499999999999793
155 34.000000 28.000000 0.03749600000000000155
156 34.000000 28.000000 0.04367000000000000048
157 44.000000 33.000000 0.03456700000000000050
158 29.000000 24.000000 0.05936799999999999716
159 46.000000 35.000000 0.04368199999999999861
160 40.000000 33.000000 0.04760400000000000048
161 41.000000 31.000000 0.05148799999999999905
162 29.000000 26.000000 0.08274499999999999911
163 33.000000 27.000000 0.03878399999999999903
164 49.000000 36.000000 0.06605500000000000260
165 36.000000 30.000000 0.08048600000000000199
166 36.000000 29.000000 0.04245999999999999774
167 31.000000 25.000000 0.03482799999999999785
168 33.000000 28.000000 0.03593299999999999966
169 23.000000 23.000000 0.03513199999999999656
170 34.000000 28.000000 0.04324499999999999872
171 29.000000 24.000000 0.03656999999999999834
172 41.000000 36.000000 0.03599900000000000322
173 39.000000 34.000000 0.03668199999999999933
174 39.000000 31.000000 0.04448200000000000071
175 44.000000 34.000000 0.02968600000000000058
176 38.000000 28.000000 0.04330300000000000121
177 55.000000 40.000000 0.04504500000000000171
178 57.000000 43.000000 0.04330500000000000321
179 35.000000 29.000000 0.06146100000000000174
180 37.000000 28.000000 0.09110600000000000642
181 40.000000 27.000000 0.04839299999999999852
182 40.000000 33.000000 0.04134399999999999881
183 31.000000 27.000000 0.03524599999999999955
184 37.000000 30.000000 0.04211999999999999772
185 37.000000 30.000000 0.04657599999999999935
186 47.000000 37.000000 0.04392000000000000071
187 31.000000 27.000000 0.05088600000000000068
188 41.000000 34.000000 0.04595799999999999885
189 41.000000 36.000000 0.03445100000000000245
190 39.000000 30.000000 0.03661299999999999971
191 37.000000 35.000000 0.03149699999999999722
192 37.000000 27.000000 0.03857200000000000212
193 35.000000 29.000000 0.04543300000000000116
194 24.000000 19.000000 0.02803699999999999942
195 29.000000 26.000000 0.03712200000000000222
196 57.000000 44.000000 0.03864399999999999780
197 29.000000 25.000000 0.03367400000000000254
198 41.000000 33.000000 0.05080799999999999900
199 31.000000 22.000000 0.02757499999999999882
200 34.000000 28.000000 0.07366899999999999837
201 29.000000 21.000000 0.03402299999999999769
202 23.000000 23.000000 0.05834500000000000103
203 32.000000 28.000000 0.03465599999999999931
204 34.000000 26.000000 0.03137299999999999811
205 31.000000 27.000000 0.03082599999999999923
206 38.000000 31.000000 0.03122799999999999881
207 38.000000 29.000000 0.03282500000000000001
208 46.000000 34.000000 0.03395100000000000201
209 34.000000 29.000000 0.02607299999999999895
210 40.000000 32.000000 0.03366600000000000148
211 31.000000 24.000000 0.02993300000000000127
212 34.000000 31.000000 0.03380299999999999971
213 34.000000 30.000000 0.10612299999999999511
214 24.000000 19.000000 0.08312500000000000444
215 45.000000 34.000000 0.04330400000000000221
216 44.000000 34.000000 0.07227000000000000091
217 28.000000 23.000000 0.07199099999999999944
218 36.000000 29.000000 0.03477399999999999936
219 34.000000 26.000000 0.03566400000000000126
220 46.000000 35.000000 0.02871200000000000141
221 38.000000 31.000000 0.07109600000000000641
222 21.000000 20.000000 0.04218899999999999734
223 36.000000 29.000000 0.02763099999999999931
224 24.000000 22.000000 0.04290800000000000169
225 29.000000 25.000000 0.04469800000000000162
226 40.000000 31.000000 0.05203699999999999992
227 37.000000 31.000000 0.05429300000000000098
228 33.000000 29.000000 0.05299100000000000338
229 56.000000 41.000000 0.02936300000000000021
230 44.000000 31.000000 0.03807100000000000067
231 41.000000 30.000000 0.04845499999999999807
232 33.000000 24.000000 0.02327699999999999908
233 27.000000 23.000000 0.04766499999999999904
234 27.000000 21.000000 0.08041600000000000137
235 27.000000 24.000000 0.03688000000000000306
236 50.000000 33.000000 0.04439400000000000290
237 25.000000 22.000000 0.03389299999999999952
238 42.000000 32.000000 0.04525099999999999956
239 45.000000 33.000000 0.07920000000000000651
240 47.000000 40.000000 0.02933499999999999996
241 29.000000 28.000000 0.02731600000000000000
242 39.000000 31.000000 0.08591500000000000525
243 29.000000 26.000000 0.05117900000000000227
244 29.000000 23.000000 0.04539100000000000079
245 32.000000 25.000000 0.05185900000000000232
246 43.000000 32.000000 0.02865699999999999845
247 26.000000 23.000000 0.07099900000000000655
248 33.000000 29.000000 0.02531500000000000070
249 25.000000 23.000000 0.03844700000000000201
250 31.000000 28.000000 0.02980800000000000116
251 55.000000 40.000000 0.03717999999999999777
252 39.000000 31.000000 0.03119299999999999851
253 43.000000 31.000000 0.07411800000000000332
254 18.000000 18.000000 0.04233100000000000057
255 33.000000 25.000000 0.04796799999999999675
256 39.000000 30.000000 0.04037700000000000317
257 37.000000 28.000000 0.05659299999999999747
258 42.000000 34.000000 0.08889099999999999779
259 44.000000 36.000000 0.05540199999999999986
260 48.000000 35.000000 0.05084099999999999731
261 33.000000 25.000000 0.07774899999999999867
262 34.000000 30.000000 0.07284300000000000497
263 43.000000 35.000000 0.05058800000000000102
264 28.000000 24.000000 0.06410599999999999632
265 41.000000 31.000000 0.06466399999999999926
266 37.000000 30.000000 0.05432800000000000129
267 33.000000 24.000000 0.05997600000000000153
268 35.000000 27.000000 0.03876700000000000285
269 54.000000 44.000000 0.08007000000000000228
270 40.000000 32.000000 0.03110100000000000017
271 36.000000 28.000000 0.02923500000000000057
272 36.000000 28.000000 0.02109799999999999870
273 20.000000 17.000000 0.03708100000000000285
274 52.000000 39.000000 0.02719999999999999848
275 56.000000 46.000000 0.02838500000000000051
276 28.000000 24.000000 0.02957399999999999959
277 39.000000 32.000000 0.03277000000000000052
278 22.000000 19.000000 0.03037099999999999869
279 18.000000 18.000000 0.07951999999999999347
280 25.000000 21.000000 0.05434499999999999748
281 22.000000 20.000000 0.05894300000000000234
282 35.000000 28.000000 0.08537799999999999556
283 34.000000 26.000000 0.09238300000000000678
284 35.000000 28.000000 0.08284600000000000297
285 26.000000 20.000000 0.06632899999999999907
286 45.000000 35.000000 0.03598500000000000310
287 46.000000 35.000000 0.04002599999999999908
288 28.000000 24.000000 0.03558999999999999664
289 34.000000 29.000000 0.09571200000000000541
290 38.000000 34.000000 0.02535600000000000007
291 53.000000 42.000000 0.03284700000000000120
292 44.000000 37.000000 0.02943700000000000136
293 37.000000 28.000000 0.04163499999999999840
294 38.000000 33.000000 0.06000899999999999984
295 45.000000 36.000000 0.03165899999999999964
296 30.000000 22.000000 0.03649499999999999966
297 52.000000 40.000000 0.02921100000000000085
298 39.000000 29.000000 0.03863199999999999967
299 26.000000 22.000000 0.03344500000000000250
300 38.000000 30.000000 0.03148900000000000310
301 46.000000 38.000000 0.08081599999999999895
302 27.000000 23.000000 0.05467600000000000238
303 19.000000 17.000000 0.09190199999999999758
304 40.000000 31.000000 0.09174100000000000310
305 41.000000 36.000000 0.07219000000000000417
306 43.000000 30.000000 0.09405600000000000072
307 32.000000 26.000000 0.03105300000000000074
308 44.000000 34.000000 0.02945899999999999908
309 36.000000 29.000000 0.03457299999999999957
310 37.000000 32.000000 0.03819199999999999678
311 38.000000 31.000000 0.04032000000000000167
312 32.000000 27.000000 0.03413000000000000062
313 34.000000 27.000000 0.03444500000000000339
314 26.000000 23.000000 0.05166899999999999965
315 40.000000 33.000000 0.03367900000000000060
316 35.000000 27.000000 0.04356399999999999856
317 24.000000 21.000000 0.03133199999999999874
318 38.000000 35.000000 0.02812299999999999869
319 24.000000 20.000000 0.05304400000000000087
320 16.000000 16.000000 0.03572600000000000081
321 30.000000 25.000000 0.03930999999999999772
322 27.000000 24.000000 0.03266999999999999765
323 24.000000 20.000000 0.04238399999999999807
324 31.000000 29.000000 0.04256700000000000067
325 34.000000 27.000000 0.03004000000000000073
326 38.000000 29.000000 0.03210899999999999865
327 27.000000 25.000000 0.02687300000000000105
328 23.000000 21.000000 0.03389400000000000052
329 26.000000 21.000000 0.03564900000000000013
330 34.000000 29.000000 0.03661400000000000071
331 24.000000 20.000000 0.02814200000000000035
332 30.000000 28.000000 0.05444100000000000328
333 35.000000 29.000000 0.03096499999999999947
334 35.000000 27.000000 0.03901400000000000007
335 33.000000 26.000000 0.02896200000000000163
336 27.000000 24.000000 0.04036599999999999910
337 43.000000 34.000000 0.03344500000000000250
338 42.000000 34.000000 0.03695699999999999680
339 24.000000 19.000000 0.03156799999999999884
340 36.000000 27.000000 0.03940400000000000152
341 27.000000 21.000000 0.04646600000000000036
342 36.000000 26.000000 0.03377499999999999947
343 48.000000 40.000000 0.03218300000000000327
344 35.000000 27.000000 0.02288799999999999862
345 37.000000 27.000000 0.02503299999999999970
346 36.000000 29.000000 0.02466600000000000042
347 31.000000 27.000000 0.03894199999999999745
348 35.000000 29.000000 0.04935500000000000304
349 38.000000 33.000000 0.02684699999999999934
350 41.000000 34.000000 0.03713600000000000234
351 33.000000 30.000000 0.04310499999999999748
352 27.000000 25.000000 0.03774000000000000271
353 62.000000 42.000000 0.05402799999999999964
354 26.000000 22.000000 0.06316599999999999993
355 27.000000 22.000000 0.03911799999999999999
356 35.000000 31.000000 0.04228200000000000014
357 34.000000 28.000000 0.03703100000000000142
358 26.000000 24.000000 0.04410900000000000237
359 26.000000 20.000000 0.03213900000000000090
360 26.000000 24.000000 0.03216700000000000115
361 44.000000 34.000000 0.08027700000000000113
362 32.000000 26.000000 0.08383599999999999386
363 37.000000 31.000000 0.04733300000000000007
364 29.000000 24.000000 0.03449300000000000282
365 30.000000 25.000000 0.03958799999999999819
366 43.000000 32.000000 0.06701600000000000612
367 26.000000 22.000000 0.03842799999999999688
368 25.000000 23.000000 0.03542000000000000010
369 40.000000 29.000000 0.05288299999999999945
370 31.000000 26.000000 0.03780100000000000127
371 32.000000 23.000000 0.03547899999999999665
372 28.000000 22.000000 0.08044400000000000162
373 22.000000 21.000000 0.04087899999999999867
374 23.000000 20.000000 0.06045500000000000179
375 50.000000 37.000000 0.04516400000000000275
376 36.000000 30.000000 0.03883500000000000146
377 48.000000 37.000000 0.03275399999999999839
378 23.000000 21.000000 0.08356399999999999939
379 28.000000 27.000000 0.06985900000000000443
380 40.000000 31.000000 0.04049400000000000222
381 40.000000 36.000000 0.04784000000000000058
382 33.000000 28.000000 0.05141400000000000137
383 30.000000 24.000000 0.03731899999999999801
384 40.000000 32.000000 0.03697799999999999698
385 50.000000 40.000000 0.08208600000000000618
386 31.000000 24.000000 0.06760199999999999543
387 39.000000 29.000000 0.08943199999999999761
388 41.000000 34.000000 0.08433400000000000618
389 32.000000 30.000000 0.05118600000000000233
390 31.000000 26.000000 0.03953600000000000170
391 36.000000 32.000000 0.04356199999999999656
392 36.000000 28.000000 0.10688899999999999790
393 41.000000 35.000000 0.03765500000000000097
394 31.000000 25.000000 0.04479899999999999854
395 33.000000 30.000000 0.05124200000000000282
396 27.000000 24.000000 0.04887899999999999884
397 42.000000 34.000000 0.04981599999999999917
398 53.000000 40.000000 0.03050900000000000140
399 33.000000 28.000000 0.06246499999999999969
400 38.000000 32.000000 0.03856600000000000306
401 30.000000 27.000000 0.02897399999999999975
402 22.000000 19.000000 0.09972799999999999720
403 34.000000 27.000000 0.04926400000000000223
404 33.000000 28.000000 0.05500499999999999834
405 43.000000 28.000000 0.07353200000000000014
406 46.000000 36.000000 0.03647500000000000048
407 22.000000 18.000000 0.03009200000000000069
408 33.000000 26.000000 0.07048599999999999310
409 39.000000 31.000000 0.07653899999999999593
410 39.000000 31.000000 0.04714900000000000341
411 46.000000 40.000000 0.12203500000000000458
412 25.000000 20.000000 0.07305599999999999594
413 43.000000 33.000000 0.05687699999999999700
414 32.000000 26.000000 0.09297400000000000109
415 45.000000 39.000000 0.03255899999999999767
416 27.000000 24.000000 0.03917000000000000343
417 21.000000 20.000000 0.03713199999999999834
418 54.000000 41.000000 0.03801000000000000212
419 34.000000 31.000000 0.03521099999999999924
420 48.000000 35.000000 0.03900300000000000294
