1 132.000000 101.000000 1.07343399999999999928
2 190.000000 151.000000 1.30783899999999997377
3 88.000000 78.000000 0.96721000000000001418
4 164.000000 115.000000 2.35130699999999981387
5 159.000000 123.000000 0.66701399999999999579
6 180.000000 136.000000 0.41455199999999997607
7 164.000000 124.000000 0.72254600000000002158
8 106.000000 91.000000 1.44873600000000002375
9 172.000000 135.000000 0.87268400000000001526
10 109.000000 90.000000 0.93321900000000002073
11 140.000000 103.000000 1.03481200000000006511
12 204.000000 157.000000 1.02860299999999993403
13 197.000000 143.000000 0.58750800000000003021
14 110.000000 87.000000 0.69344799999999995332
15 174.000000 135.000000 0.35355700000000001015
16 172.000000 133.000000 0.69622200000000000752
17 91.000000 76.000000 1.48560599999999998211
18 161.000000 122.000000 0.30186400000000002120
19 163.000000 127.000000 0.84756799999999998807
20 162.000000 118.000000 0.29774400000000000865
21 179.000000 147.000000 4.95363199999999981316
22 159.000000 124.000000 0.57104699999999997129
23 142.000000 125.000000 0.76823500000000000121
24 109.000000 87.000000 0.91086999999999995747
25 128.000000 104.000000 2.15837499999999993250
26 181.000000 132.000000 0.64864399999999999835
27 97.000000 83.000000 0.49534699999999998177
28 139.000000 113.000000 1.05249700000000001587
29 139.000000 116.000000 0.68456600000000000783
30 141.000000 106.000000 0.82422899999999998943
31 186.000000 138.000000 0.98299400000000003441
32 139.000000 103.000000 1.09641900000000003246
33 145.000000 109.000000 1.37553299999999989467
34 154.000000 120.000000 1.01463999999999998636
35 151.000000 114.000000 0.55367999999999994998
36 199.000000 145.000000 0.67416299999999995674
37 101.000000 83.000000 0.50421499999999996877
38 186.000000 145.000000 0.57286599999999998634
39 182.000000 140.000000 1.11745199999999988982
40 138.000000 108.000000 0.41301399999999999224
41 158.000000 123.000000 0.72450899999999995860
42 98.000000 83.000000 1.48422900000000002052
43 192.000000 148.000000 0.38385099999999999776
44 99.000000 89.000000 0.97409900000000004816
45 137.000000 103.000000 1.65230900000000002770
46 152.000000 125.000000 0.82187500000000002220
47 112.000000 92.000000 1.06658300000000005880
48 149.000000 120.000000 0.92569199999999995931
49 160.000000 124.000000 0.84485100000000001863
50 98.000000 75.000000 0.92805199999999998806
51 126.000000 95.000000 0.76417800000000002392
52 177.000000 133.000000 0.56854999999999999982
53 77.000000 73.000000 0.49368499999999998495
54 123.000000 99.000000 0.73460999999999998522
55 163.000000 128.000000 0.65025599999999994516
56 90.000000 71.000000 1.30583699999999991448
57 179.000000 142.000000 0.34283799999999997610
58 158.000000 124.000000 0.49961400000000000254
59 174.000000 135.000000 0.59584099999999995401
60 124.000000 109.000000 0.94637400000000004852
61 182.000000 131.000000 1.25449100000000002275
62 143.000000 116.000000 0.46923100000000000920
63 156.000000 122.000000 1.00288800000000000168
64 200.000000 132.000000 1.09210800000000007870
65 177.000000 143.000000 0.53209700000000004216
66 136.000000 114.000000 0.37407899999999999485
67 104.000000 82.000000 0.70928899999999994730
68 111.000000 83.000000 0.87095599999999995244
69 180.000000 134.000000 4.25704900000000030502
70 197.000000 153.000000 0.91633100000000000662
71 84.000000 66.000000 1.06048100000000000698
72 132.000000 104.000000 1.01622199999999995867
73 170.000000 134.000000 2.35147899999999987486
74 146.000000 109.000000 0.77686200000000005250
75 123.000000 93.000000 2.90967300000000017590
76 130.000000 99.000000 0.57589199999999995949
77 160.000000 129.000000 0.93194299999999996587
78 98.000000 80.000000 0.53327000000000002178
79 60.000000 52.000000 0.49372500000000002496
80 180.000000 133.000000 1.05926499999999990109
81 122.000000 105.000000 0.59074700000000002209
82 173.000000 138.000000 0.40300599999999997536
83 138.000000 113.000000 1.96124199999999992983
84 166.000000 133.000000 1.15695600000000009544
85 123.000000 98.000000 0.66574900000000003519
86 188.000000 140.000000 0.31929699999999999749
87 170.000000 134.000000 1.19022000000000005571
88 182.000000 145.000000 0.50951500000000005119
89 122.000000 94.000000 1.65304899999999999061
90 113.000000 91.000000 1.21592400000000000482
91 120.000000 93.000000 1.01717999999999997307
92 182.000000 140.000000 0.72476399999999996382
93 185.000000 156.000000 0.71250599999999997269
94 176.000000 142.000000 0.61283799999999999386
95 157.000000 133.000000 1.00933699999999992869
96 124.000000 102.000000 0.83768799999999998818
97 197.000000 157.000000 0.51268199999999997107
98 151.000000 129.000000 0.29601600000000000135
99 169.000000 120.000000 0.85406300000000001660
100 180.000000 150.000000 1.12409000000000003361
101 165.000000 117.000000 2.35527700000000006497
102 160.000000 121.000000 6.37791200000000024772
103 168.000000 129.000000 0.45865499999999997938
104 129.000000 107.000000 0.53644800000000003593
105 172.000000 132.000000 0.37405899999999997485
106 153.000000 112.000000 0.93780099999999999572
107 159.000000 121.000000 0.42431099999999999373
108 180.000000 136.000000 1.02104900000000009541
109 136.000000 101.000000 1.38123700000000004806
110 132.000000 104.000000 0.84179300000000001347
111 158.000000 126.000000 1.03215400000000001590
112 136.000000 111.000000 0.99259200000000002984
113 140.000000 112.000000 1.37611900000000009214
114 130.000000 106.000000 0.65105800000000002559
115 106.000000 83.000000 0.59699100000000004940
116 140.000000 118.000000 0.65252600000000005043
117 166.000000 134.000000 0.82742899999999997007
118 124.000000 102.000000 0.88931800000000005291
119 146.000000 112.000000 0.69528999999999996362
120 61.000000 55.000000 1.13598599999999994026
121 148.000000 111.000000 0.97648000000000001464
122 146.000000 114.000000 0.96165500000000003755
123 183.000000 136.000000 1.36100700000000007783
124 136.000000 104.000000 0.95521400000000000752
125 174.000000 136.000000 0.54513199999999994994
126 138.000000 116.000000 0.72667199999999998461
127 152.000000 112.000000 0.54334999999999999964
128 163.000000 136.000000 0.78748899999999999455
129 203.000000 158.000000 0.65100100000000005185
130 178.000000 135.000000 0.55207799999999995766
131 176.000000 138.000000 0.86809899999999995401
132 150.000000 121.000000 0.48802800000000001734
133 113.000000 94.000000 1.32322099999999998055
134 176.000000 129.000000 3.73816900000000007509
135 130.000000 110.000000 0.66377299999999994640
136 136.000000 110.000000 0.40614800000000000901
137 155.000000 124.000000 0.93777600000000005398
138 97.000000 90.000000 0.33774399999999998867
139 140.000000 118.000000 0.63017100000000003668
140 193.000000 150.000000 0.32631700000000002371
141 146.000000 117.000000 0.53825999999999996071
142 170.000000 133.000000 0.33960899999999999421
143 130.000000 97.000000 0.95630000000000003890
144 101.000000 77.000000 0.95484400000000002606
145 118.000000 94.000000 1.01915800000000000836
146 196.000000 145.000000 1.43364899999999995117
147 106.000000 90.000000 0.61894400000000004969
148 158.000000 122.000000 0.41445300000000001583
149 150.000000 119.000000 0.41644999999999998685
150 132.000000 99.000000 0.86593100000000000627
151 130.000000 103.000000 1.34846599999999994246
152 146.000000 114.000000 0.70108800000000004449
153 118.000000 101.000000 1.12910400000000010756
154 137.000000 108.000000 0.60477999999999998426
155 163.000000 124.000000 1.28507700000000002483
156 134.000000 104.000000 3.79901100000000013779
157 150.000000 114.000000 0.40176000000000000600
158 196.000000 150.000000 1.24234099999999991759
159 114.000000 94.000000 0.41296800000000000175
160 138.000000 109.000000 0.59333199999999997054
161 145.000000 107.000000 1.52671899999999993724
162 159.000000 127.000000 0.57503599999999999159
163 166.000000 121.000000 0.78712899999999996759
164 171.000000 127.000000 0.88452900000000000968
165 126.000000 92.000000 0.97219400000000000261
166 192.000000 145.000000 0.39042599999999999527
167 171.000000 122.000000 1.14045899999999988950
168 153.000000 116.000000 1.14981500000000003148
169 154.000000 117.000000 0.43631799999999998363
170 175.000000 129.000000 0.88295699999999999186
171 161.000000 126.000000 0.40388299999999999201
172 147.000000 122.000000 0.91426700000000005186
173 175.000000 122.000000 0.35642299999999998983
174 112.000000 85.000000 1.05998900000000007005
175 165.000000 129.000000 0.79927499999999995772
176 100.000000 81.000000 0.80545100000000002805
177 145.000000 121.000000 0.75496099999999999319
178 131.000000 106.000000 1.14577900000000010294
179 133.000000 98.000000 0.90386100000000002552
180 166.000000 132.000000 0.85070299999999998697
181 162.000000 125.000000 0.41550399999999998446
182 168.000000 135.000000 0.51637100000000002442
183 107.000000 91.000000 6.15637800000000012801
184 173.000000 133.000000 0.63236899999999995892
185 114.000000 92.000000 0.85362499999999996714
186 123.000000 98.000000 1.06514599999999992619
187 156.000000 124.000000 1.13201499999999999346
188 174.000000 134.000000 1.01645000000000007567
189 179.000000 140.000000 0.48546899999999998387
190 162.000000 125.000000 1.01496699999999995256
191 134.000000 104.000000 0.73607699999999998131
192 155.000000 122.000000 0.52447299999999996700
193 150.000000 119.000000 0.52827699999999999658
194 154.000000 106.000000 0.69095399999999995710
195 214.000000 159.000000 0.46266699999999999493
196 167.000000 131.000000 0.37782399999999999318
197 159.000000 120.000000 1.41399399999999997313
198 213.000000 169.000000 0.28571299999999999475
199 164.000000 125.000000 0.76409599999999999742
200 123.000000 97.000000 0.67463099999999998069
201 151.000000 117.000000 0.60451100000000002055
202 180.000000 147.000000 0.51664699999999996738
203 153.000000 117.000000 0.46047300000000002118
204 124.000000 100.000000 0.75512699999999999267
205 205.000000 157.000000 0.66051599999999999202
206 188.000000 143.000000 0.81110199999999998965
207 136.000000 109.000000 0.49131200000000002648
208 144.000000 117.000000 0.54171800000000003283
209 111.000000 85.000000 1.34311000000000002608
210 202.000000 154.000000 1.00517100000000003668
211 144.000000 118.000000 0.67238200000000003520
212 130.000000 96.000000 0.94489699999999998692
213 132.000000 103.000000 0.41518899999999997474
214 146.000000 112.000000 0.73126299999999999635
215 130.000000 97.000000 1.06329199999999990389
216 118.000000 89.000000 4.26820899999999969765
217 130.000000 95.000000 1.37521099999999996122
218 137.000000 112.000000 0.84108400000000005381
219 149.000000 125.000000 0.85244100000000000428
220 111.000000 79.000000 1.37966900000000003423
221 173.000000 120.000000 1.36779600000000001181
222 181.000000 146.000000 0.53179799999999999294
223 136.000000 114.000000 0.84016999999999997240
224 160.000000 126.000000 0.43920100000000000806
225 181.000000 135.000000 2.74295599999999994978
226 130.000000 104.000000 0.51643899999999998141
227 103.000000 83.000000 1.11531699999999989181
228 127.000000 98.000000 0.78295300000000001006
229 144.000000 120.000000 0.97387599999999996392
230 196.000000 142.000000 0.69253799999999998693
231 203.000000 154.000000 0.48989199999999999413
232 171.000000 145.000000 0.44196099999999999275
233 140.000000 111.000000 0.87568999999999996842
234 113.000000 92.000000 0.86275999999999997137
235 170.000000 129.000000 0.54679500000000003102
236 169.000000 128.000000 0.64992700000000003246
237 169.000000 141.000000 0.62532399999999999096
238 147.000000 111.000000 0.70725899999999997103
239 167.000000 136.000000 1.06213500000000005130
240 154.000000 114.000000 0.49173800000000000843
241 106.000000 88.000000 0.89544400000000001771
242 82.000000 69.000000 1.28382700000000005147
243 176.000000 140.000000 0.70074199999999997601
244 108.000000 85.000000 0.54931499999999999773
245 136.000000 110.000000 0.64157600000000003515
246 156.000000 125.000000 0.72434699999999996312
247 128.000000 100.000000 0.37015300000000000979
248 193.000000 141.000000 0.75702300000000000146
249 152.000000 120.000000 1.45059699999999991427
250 146.000000 117.000000 0.74476799999999998558
251 141.000000 114.000000 2.33100299999999993616
252 115.000000 96.000000 1.09929399999999999338
253 127.000000 92.000000 0.69551899999999999835
254 200.000000 162.000000 0.45314599999999999325
255 169.000000 130.000000 0.75100800000000000889
256 175.000000 134.000000 0.44140299999999998981
257 156.000000 122.000000 0.46815299999999998581
258 139.000000 117.000000 2.54647099999999992903
259 197.000000 155.000000 0.25023400000000001198
260 97.000000 78.000000 1.21476999999999990543
261 145.000000 118.000000 1.14101999999999992319
262 168.000000 128.000000 0.17863599999999998924
263 107.000000 90.000000 0.75895699999999999275
264 192.000000 145.000000 0.49534499999999997977
265 177.000000 134.000000 0.47545999999999999375
266 145.000000 118.000000 0.62259900000000001352
267 153.000000 122.000000 0.87379499999999998838
268 200.000000 148.000000 0.59527300000000005209
269 150.000000 118.000000 0.80947700000000000209
270 233.000000 175.000000 1.44586999999999998856
271 128.000000 97.000000 3.40822100000000016706
272 181.000000 133.000000 0.31301499999999998769
273 164.000000 132.000000 0.74826599999999998669
274 203.000000 154.000000 1.41034999999999999254
275 178.000000 139.000000 0.88849900000000003875
276 208.000000 156.000000 0.99124599999999996047
277 126.000000 97.000000 1.13254800000000011018
278 138.000000 106.000000 1.24114999999999997549
279 109.000000 89.000000 1.31060700000000007748
280 128.000000 112.000000 0.61463699999999998891
281 220.000000 160.000000 0.35861799999999999233
282 182.000000 147.000000 0.74690699999999998759
283 127.000000 99.000000 0.65636099999999997223
284 209.000000 155.000000 0.37145899999999998364
285 132.000000 106.000000 0.75286200000000003119
286 173.000000 133.000000 0.56688600000000000101
287 166.000000 124.000000 0.50250099999999997546
288 223.000000 167.000000 0.90833699999999995001
289 167.000000 129.000000 0.54449199999999997601
290 116.000000 92.000000 1.12606600000000001138
291 199.000000 149.000000 0.91930199999999995253
292 102.000000 78.000000 1.04072600000000003995
293 146.000000 115.000000 0.67601500000000003254
294 120.000000 90.000000 0.64604700000000003790
295 123.000000 96.000000 0.75234299999999998398
296 102.000000 80.000000 0.94003300000000000747
297 112.000000 86.000000 0.39177499999999998437
298 181.000000 138.000000 0.96374800000000004907
299 141.000000 108.000000 1.34559199999999989927
300 184.000000 142.000000 0.24793899999999999273
301 51.000000 48.000000 0.50113200000000002188
302 91.000000 79.000000 0.53241899999999997561
303 164.000000 127.000000 0.55431099999999999817
304 171.000000 143.000000 0.40720099999999997964
305 209.000000 162.000000 1.43437999999999998835
306 215.000000 160.000000 0.39900700000000000056
307 174.000000 130.000000 1.33483900000000010877
308 202.000000 151.000000 0.59543100000000004357
309 178.000000 135.000000 1.13264999999999993463
310 118.000000 97.000000 0.59931199999999995587
311 116.000000 85.000000 0.68927300000000002456
312 100.000000 84.000000 0.48362399999999999833
313 132.000000 111.000000 0.76850600000000002243
314 175.000000 138.000000 0.41973100000000002074
315 163.000000 126.000000 0.25654500000000002302
316 101.000000 87.000000 1.47209600000000007114
317 160.000000 113.000000 0.61311800000000005184
318 198.000000 150.000000 0.82957999999999998408
319 131.000000 96.000000 0.96829799999999999205
320 124.000000 98.000000 0.62759299999999995645
321 160.000000 123.000000 2.35205300000000017135
322 175.000000 130.000000 5.84003500000000030923
323 130.000000 100.000000 0.72980100000000003302
324 157.000000 126.000000 0.86536800000000002608
325 216.000000 171.000000 0.55589900000000003200
326 224.000000 160.000000 0.41057500000000002327
327 115.000000 96.000000 0.93318599999999995998
328 129.000000 116.000000 0.53559100000000003927
329 154.000000 118.000000 0.45772800000000002374
330 196.000000 151.000000 1.20865399999999989511
331 132.000000 107.000000 0.67453200000000002046
332 160.000000 126.000000 0.57542300000000001781
333 200.000000 158.000000 0.35917399999999999327
334 132.000000 110.000000 0.79261999999999999122
335 139.000000 110.000000 0.64161199999999996013
336 132.000000 110.000000 0.41536699999999998623
337 154.000000 130.000000 0.32188800000000000745
338 154.000000 131.000000 1.01429700000000000415
339 197.000000 156.000000 0.36314899999999999958
340 111.000000 89.000000 0.60179800000000005511
341 79.000000 66.000000 0.63593100000000002403
342 205.000000 152.000000 0.27867599999999997928
343 241.000000 158.000000 4.18824199999999979838
344 105.000000 87.000000 0.70901300000000000434
345 118.000000 95.000000 0.71811000000000002608
346 181.000000 142.000000 1.76029199999999996784
347 194.000000 154.000000 0.37050600000000000200
348 150.000000 126.000000 0.65967100000000000737
349 173.000000 128.000000 0.97053000000000000380
350 224.000000 165.000000 0.61343300000000000605
351 128.000000 102.000000 0.36551499999999997881
352 115.000000 94.000000 0.76734700000000000131
353 111.000000 88.000000 1.12376999999999993562
354 163.000000 119.000000 0.73180199999999995253
355 160.000000 125.000000 0.62200800000000000534
356 140.000000 97.000000 1.01237099999999990985
357 125.000000 104.000000 0.94664300000000001223
358 110.000000 84.000000 0.72369600000000000595
359 118.000000 96.000000 0.61722500000000002363
360 171.000000 135.000000 1.17911699999999997068
361 90.000000 73.000000 0.89064699999999996649
362 139.000000 113.000000 0.66555900000000001171
363 119.000000 86.000000 1.04766000000000003567
364 158.000000 123.000000 0.43442599999999997884
365 157.000000 126.000000 0.96086099999999996513
366 142.000000 104.000000 1.60690599999999994552
367 162.000000 115.000000 0.83552400000000004443
368 149.000000 111.000000 0.27108700000000002239
369 97.000000 79.000000 0.53482099999999999085
370 144.000000 111.000000 1.00608600000000003583
371 152.000000 130.000000 0.60663999999999995705
372 132.000000 107.000000 0.64685400000000004006
373 168.000000 130.000000 0.29262599999999999723
374 169.000000 130.000000 0.66183800000000003738
375 123.000000 104.000000 0.42907099999999998019
376 154.000000 131.000000 0.36796499999999998654
377 166.000000 131.000000 0.67099699999999995459
378 151.000000 111.000000 1.35792099999999993365
379 171.000000 132.000000 0.78021399999999996311
380 153.000000 125.000000 0.65063300000000001688
381 168.000000 135.000000 0.64463300000000001155
382 159.000000 131.000000 0.44126999999999999558
383 181.000000 137.000000 0.77854000000000000981
384 172.000000 141.000000 0.56607399999999996609
385 117.000000 104.000000 0.82598499999999996923
386 177.000000 141.000000 0.64555600000000001870
387 110.000000 88.000000 0.77486800000000000122
388 97.000000 81.000000 0.79151400000000005086
389 138.000000 114.000000 0.66478899999999996329
390 186.000000 142.000000 0.61710600000000004339
391 128.000000 94.000000 1.19061599999999989663
392 144.000000 111.000000 0.98122200000000003861
393 180.000000 135.000000 1.53478200000000009062
394 139.000000 109.000000 0.64697800000000005305
395 149.000000 119.000000 0.62443499999999996231
396 150.000000 115.000000 0.61767799999999994931
397 158.000000 126.000000 0.70050400000000001555
398 143.000000 108.000000 0.83369999999999999662
399 114.000000 95.000000 0.98857799999999995677
400 206.000000 150.000000 0.94534399999999996211
401 125.000000 94.000000 1.56781199999999998340
402 95.000000 79.000000 0.88683500000000003993
403 163.000000 122.000000 0.69909299999999996444
404 217.000000 163.000000 0.73151999999999994806
405 123.000000 95.000000 0.68442899999999995408
406 140.000000 115.000000 0.61186700000000004973
407 147.000000 114.000000 0.64018799999999997929
408 146.000000 111.000000 0.76648700000000002941
409 128.000000 106.000000 1.01762299999999994427
410 167.000000 130.000000 0.87789099999999997692
411 78.000000 62.000000 0.68467400000000000482
412 96.000000 81.000000 0.63567700000000004756
413 120.000000 93.000000 0.67548099999999999810
414 176.000000 130.000000 0.42792200000000002458
415 115.000000 101.000000 0.48660100000000000575
416 135.000000 104.000000 0.52110199999999995413
417 132.000000 103.000000 1.09282699999999999285
418 157.000000 117.000000 0.85358100000000003416
419 127.000000 104.000000 0.60217500000000001581
420 141.000000 107.000000 0.52072899999999999743
