1 356.000000 278.000000 7.39707999999999987750
2 280.000000 226.000000 4.21566900000000011062
3 282.000000 227.000000 14.32645699999999955310
4 238.000000 197.000000 10.57869600000000076534
5 351.000000 258.000000 130.22819599999999695683
6 282.000000 230.000000 2.78379000000000020876
7 306.000000 238.000000 44.30884199999999850661
8 364.000000 298.000000 6.25881299999999995975
9 351.000000 258.000000 98.41118299999999408101
10 352.000000 268.000000 39.01170400000000171303
11 370.000000 286.000000 5.05996500000000004604
12 214.000000 192.000000 2.84824499999999991573
13 295.000000 244.000000 25.59299899999999894362
14 268.000000 199.000000 13.23605000000000053717
15 207.000000 161.000000 7.47115699999999982595
16 227.000000 183.000000 12.89709000000000038710
17 356.000000 269.000000 14.04278799999999982617
18 353.000000 263.000000 17.48639700000000019031
19 328.000000 266.000000 5.60521099999999972141
20 300.000000 228.000000 20.06862699999999932743
21 200.000000 172.000000 11.97753400000000034709
22 257.000000 205.000000 9.32211399999999912325
23 221.000000 167.000000 19.44615800000000049863
24 261.000000 206.000000 9.44449099999999930333
25 350.000000 292.000000 4.65485500000000040899
26 398.000000 316.000000 2.98595899999999980778
27 221.000000 188.000000 20.07660200000000116916
28 252.000000 201.000000 5.65963399999999960954
29 340.000000 267.000000 7.90531700000000014938
30 352.000000 275.000000 14.06893600000000077443
31 293.000000 238.000000 2.64587899999999986989
32 391.000000 299.000000 9.47757599999999911233
33 234.000000 195.000000 36.97003899999999987358
34 447.000000 327.000000 2.39897399999999993980
35 448.000000 333.000000 15.66319200000000044781
36 229.000000 171.000000 7.05492700000000017013
37 275.000000 225.000000 10.87070600000000020202
38 357.000000 277.000000 5.32973099999999977427
39 242.000000 202.000000 8.30097999999999913712
40 333.000000 272.000000 7.14760099999999987119
41 322.000000 245.000000 4.72763299999999997425
42 272.000000 227.000000 4.24562300000000014677
43 313.000000 251.000000 8.03757799999999988927
44 452.000000 337.000000 4.77148600000000033816
45 307.000000 231.000000 2.42504000000000008441
46 367.000000 290.000000 11.79439400000000048863
47 358.000000 274.000000 2.71081200000000022143
48 414.000000 323.000000 13.23794400000000059947
49 284.000000 210.000000 15.04102100000000064028
50 338.000000 255.000000 3.89787999999999978940
51 232.000000 190.000000 8.21381000000000049965
52 262.000000 224.000000 3.67121100000000000207
53 195.000000 159.000000 3.92126300000000016510
54 351.000000 283.000000 4.86568399999999989802
55 301.000000 254.000000 2.88755600000000001160
56 320.000000 259.000000 4.34446699999999985664
57 270.000000 220.000000 10.01043899999999986505
58 443.000000 329.000000 27.95025100000000151113
59 301.000000 244.000000 2.29643899999999989703
60 330.000000 267.000000 9.48102100000000014290
61 323.000000 250.000000 3.89234700000000000131
62 373.000000 270.000000 135.36340799999999262582
63 318.000000 259.000000 8.95689600000000041291
64 363.000000 288.000000 4.24085300000000042786
65 344.000000 281.000000 5.05972099999999969100
66 261.000000 224.000000 14.48781499999999944350
67 283.000000 227.000000 8.09482200000000062801
68 320.000000 246.000000 5.92138299999999961898
69 409.000000 306.000000 22.89640599999999892589
70 285.000000 228.000000 14.01319299999999934414
71 261.000000 212.000000 10.34237899999999932277
72 296.000000 219.000000 49.51793200000000183536
73 414.000000 305.000000 21.67704499999999967486
74 213.000000 171.000000 33.08283300000000082264
75 361.000000 273.000000 12.79492899999999977467
76 202.000000 160.000000 7.96160400000000034737
77 332.000000 274.000000 18.82617600000000024352
78 304.000000 221.000000 38.86364799999999775082
79 295.000000 248.000000 11.11009800000000069531
80 276.000000 211.000000 3.96862499999999984723
81 456.000000 353.000000 18.11271699999999995612
82 276.000000 227.000000 5.44004699999999985494
83 377.000000 293.000000 37.05412700000000114642
84 358.000000 283.000000 23.03190499999999829583
85 255.000000 198.000000 3.25330399999999997362
86 307.000000 230.000000 4.94103699999999967929
87 374.000000 280.000000 51.35820700000000016416
88 388.000000 294.000000 10.18191500000000004889
89 343.000000 289.000000 5.61336299999999965848
90 362.000000 305.000000 2.11152000000000006352
91 437.000000 315.000000 2.71270400000000000418
92 307.000000 238.000000 4.64001999999999981128
93 240.000000 186.000000 9.35194199999999931094
94 393.000000 309.000000 8.20248499999999935994
95 360.000000 287.000000 3.52585399999999982157
96 338.000000 252.000000 3.70530999999999988148
97 256.000000 233.000000 6.01160199999999989018
98 341.000000 269.000000 2.80091199999999984627
99 298.000000 231.000000 14.24074199999999912336
100 337.000000 259.000000 7.02760899999999999466
101 184.000000 150.000000 25.89687899999999842748
102 383.000000 291.000000 29.93546500000000065711
103 303.000000 232.000000 23.82612500000000110845
104 270.000000 229.000000 6.87509700000000023579
105 346.000000 269.000000 3.91227899999999984004
106 340.000000 257.000000 25.20390899999999945180
107 283.000000 211.000000 63.44738799999999656620
108 365.000000 284.000000 15.19133099999999991780
109 417.000000 316.000000 2.64025800000000021583
110 257.000000 200.000000 8.68136499999999955435
111 250.000000 197.000000 17.44133599999999972852
112 387.000000 307.000000 21.80657000000000067530
113 292.000000 232.000000 3.51139599999999996172
114 336.000000 271.000000 4.40515399999999957004
115 404.000000 323.000000 3.99838199999999988066
116 284.000000 214.000000 72.56193299999999624106
117 376.000000 299.000000 13.97414999999999984936
118 232.000000 193.000000 5.30037700000000011613
119 269.000000 211.000000 11.02826800000000062596
120 332.000000 269.000000 8.41844799999999970908
121 435.000000 348.000000 6.24293600000000026284
122 235.000000 199.000000 7.16370600000000035124
123 314.000000 246.000000 30.46953099999999992065
124 269.000000 210.000000 68.21265300000000308955
125 502.000000 361.000000 4.29943100000000022476
126 336.000000 251.000000 7.36630699999999993821
127 269.000000 211.000000 30.88996099999999955799
128 275.000000 215.000000 6.10785599999999995191
129 399.000000 310.000000 8.41717300000000001603
130 228.000000 194.000000 6.25192899999999962546
131 349.000000 276.000000 7.12490100000000037284
132 378.000000 308.000000 11.05221200000000081332
133 413.000000 337.000000 19.64908399999999843999
134 474.000000 365.000000 11.03029800000000015814
135 323.000000 246.000000 6.79739100000000018298
136 318.000000 251.000000 52.97841900000000237014
137 280.000000 209.000000 13.18583800000000039176
138 404.000000 306.000000 3.46609200000000017283
139 278.000000 230.000000 30.44760700000000142040
140 345.000000 275.000000 36.57476299999999724832
141 341.000000 286.000000 12.20075399999999987699
142 318.000000 247.000000 18.35654200000000102477
143 307.000000 238.000000 4.03283400000000025187
144 268.000000 215.000000 43.05994700000000108275
145 263.000000 213.000000 9.18490800000000007230
146 388.000000 310.000000 5.08184099999999983055
147 195.000000 150.000000 21.22757999999999967145
148 315.000000 243.000000 6.38461899999999982214
149 245.000000 198.000000 8.18547799999999980969
150 305.000000 245.000000 14.60829400000000077853
151 297.000000 230.000000 3.83757599999999987617
152 314.000000 260.000000 10.83292699999999975091
153 346.000000 268.000000 4.28759300000000020958
154 373.000000 281.000000 29.51031899999999907891
155 327.000000 256.000000 5.55387200000000014199
156 319.000000 252.000000 15.69653800000000032355
157 271.000000 222.000000 7.04475599999999957390
158 275.000000 211.000000 88.34505900000000622185
159 294.000000 233.000000 8.48508299999999948682
160 250.000000 193.000000 77.81842500000000484306
161 264.000000 213.000000 13.66591099999999947556
162 366.000000 285.000000 19.78698999999999941224
163 226.000000 194.000000 3.46289300000000022095
164 361.000000 268.000000 17.97920900000000088426
165 328.000000 242.000000 19.43784600000000040154
166 302.000000 258.000000 6.16427700000000022840
167 362.000000 284.000000 86.15065199999999379088
168 247.000000 198.000000 23.92169000000000167461
169 271.000000 209.000000 4.62710000000000043485
170 262.000000 217.000000 8.30694000000000087880
171 375.000000 300.000000 57.65693799999999669126
172 345.000000 284.000000 9.00253000000000014325
173 344.000000 266.000000 42.90838099999999855072
174 336.000000 267.000000 14.43110199999999920806
175 235.000000 200.000000 12.75252000000000052182
176 361.000000 278.000000 5.78666799999999970083
177 251.000000 200.000000 3.39796200000000014896
178 388.000000 283.000000 22.21602100000000135083
179 387.000000 300.000000 9.54050600000000059708
180 297.000000 230.000000 54.90171500000000293085
181 333.000000 262.000000 44.34107199999999693318
182 274.000000 221.000000 25.42706000000000088335
183 271.000000 210.000000 5.93831899999999990314
184 452.000000 352.000000 2.05692200000000013915
185 256.000000 207.000000 39.67989800000000144564
186 204.000000 156.000000 7.28679599999999982884
187 316.000000 255.000000 3.04403900000000016135
188 489.000000 381.000000 21.57749499999999898137
189 207.000000 161.000000 94.24258899999999528063
190 208.000000 178.000000 7.83725399999999972067
191 330.000000 241.000000 63.85641100000000136561
192 283.000000 217.000000 9.36966699999999974580
193 377.000000 293.000000 2.48552999999999979508
194 392.000000 301.000000 7.39410800000000012488
195 348.000000 301.000000 5.44094500000000014239
196 345.000000 264.000000 16.67501299999999986312
197 269.000000 220.000000 9.15192099999999975068
198 259.000000 194.000000 25.02449299999999965394
199 274.000000 222.000000 15.48395900000000047214
200 327.000000 262.000000 1.73002100000000003099
201 297.000000 220.000000 11.79405000000000036664
202 378.000000 297.000000 23.43785899999999955412
203 453.000000 338.000000 1.75184800000000007181
204 297.000000 239.000000 3.47672399999999992559
205 379.000000 296.000000 5.59676400000000029422
206 329.000000 243.000000 112.44704799999999522697
207 293.000000 235.000000 14.36931500000000028194
208 414.000000 310.000000 8.00802999999999975955
209 245.000000 209.000000 9.41716100000000011505
210 207.000000 173.000000 29.21724599999999938404
211 269.000000 202.000000 35.26922199999999918418
212 329.000000 255.000000 16.72983800000000087493
213 371.000000 287.000000 4.52369999999999983231
214 349.000000 280.000000 6.46099200000000006838
215 350.000000 270.000000 2.14175100000000018241
216 333.000000 270.000000 25.53770700000000104524
217 409.000000 319.000000 3.69763999999999981583
218 362.000000 290.000000 9.73486499999999921329
219 347.000000 266.000000 19.04775400000000118439
220 352.000000 246.000000 40.98633699999999890906
221 477.000000 374.000000 6.38808699999999962671
222 305.000000 251.000000 20.78200899999999862189
223 306.000000 244.000000 3.44658800000000020702
224 311.000000 242.000000 6.66417899999999985283
225 310.000000 243.000000 3.43888499999999996959
226 306.000000 247.000000 32.64876699999999942747
227 354.000000 266.000000 5.57517300000000037841
228 127.000000 100.000000 20.08101900000000128443
229 362.000000 295.000000 5.17908300000000032526
230 297.000000 232.000000 29.84951200000000071100
231 376.000000 276.000000 14.59900200000000047851
232 359.000000 275.000000 23.40842200000000161708
233 351.000000 275.000000 4.11734400000000011488
234 376.000000 304.000000 3.42130100000000014759
235 285.000000 236.000000 5.54920200000000019003
236 357.000000 264.000000 14.12253899999999973147
237 359.000000 274.000000 35.92414600000000035607
238 325.000000 271.000000 4.83674200000000009680
239 270.000000 213.000000 39.10463099999999769807
240 372.000000 291.000000 3.46571700000000015862
241 367.000000 278.000000 51.38092199999999820648
242 316.000000 248.000000 4.57386099999999995447
243 282.000000 226.000000 5.61427199999999970714
244 335.000000 295.000000 3.37403899999999978832
245 429.000000 305.000000 27.45858899999999991337
246 255.000000 198.000000 10.99893400000000021066
247 307.000000 247.000000 7.11107699999999987028
248 271.000000 217.000000 13.79981300000000032924
249 256.000000 211.000000 11.42087599999999980582
250 285.000000 224.000000 35.92448199999999758347
251 384.000000 304.000000 2.49699699999999991107
252 213.000000 168.000000 29.85225799999999907186
253 273.000000 222.000000 27.84325199999999966849
254 301.000000 231.000000 4.50866100000000002979
255 305.000000 244.000000 27.36211499999999929855
256 363.000000 282.000000 3.48467999999999999972
257 189.000000 160.000000 10.41510399999999947340
258 451.000000 342.000000 0.69156499999999998529
259 305.000000 241.000000 6.53850300000000039802
260 328.000000 252.000000 21.87241699999999866577
261 261.000000 201.000000 24.37797399999999825582
262 265.000000 204.000000 7.21152899999999963399
263 291.000000 238.000000 4.14187499999999975131
264 274.000000 208.000000 8.39205699999999943373
265 386.000000 305.000000 3.95750899999999994350
266 287.000000 230.000000 4.56630700000000011585
267 278.000000 216.000000 9.03158900000000031127
268 301.000000 247.000000 28.86738799999999827151
269 237.000000 196.000000 9.29883899999999918862
270 316.000000 249.000000 86.36194100000000162254
271 311.000000 259.000000 7.77886599999999983623
272 384.000000 291.000000 12.51786500000000046384
273 299.000000 242.000000 14.43061999999999933664
274 368.000000 273.000000 2.64296899999999990172
275 361.000000 263.000000 60.76596200000000180808
276 312.000000 252.000000 4.72061400000000030985
277 420.000000 308.000000 2.31836399999999986932
278 240.000000 205.000000 5.70586099999999962762
279 323.000000 256.000000 1.92443199999999992045
280 295.000000 257.000000 5.21945800000000037500
281 378.000000 304.000000 2.66768699999999991945
282 239.000000 198.000000 26.96735400000000026921
283 254.000000 199.000000 7.37272299999999969344
284 365.000000 295.000000 2.24424299999999998789
285 437.000000 333.000000 7.73402499999999992752
286 251.000000 202.000000 9.54942100000000060334
287 235.000000 187.000000 14.17995499999999964302
288 316.000000 246.000000 66.18897699999999417741
289 324.000000 254.000000 13.35635399999999961551
290 417.000000 309.000000 26.84931299999999865236
291 285.000000 219.000000 8.51910600000000073351
292 328.000000 262.000000 8.57389200000000073487
293 226.000000 198.000000 14.56752400000000058355
294 328.000000 276.000000 5.85504699999999989046
295 207.000000 172.000000 26.12400299999999830902
296 177.000000 144.000000 11.54311700000000051602
297 346.000000 274.000000 41.96222999999999814236
298 163.000000 133.000000 10.39775700000000036027
299 197.000000 162.000000 9.87789500000000053603
300 398.000000 309.000000 12.50610200000000027387
301 290.000000 249.000000 10.03418300000000051853
302 262.000000 194.000000 100.94456399999999973716
303 291.000000 233.000000 57.83508499999999941110
304 167.000000 145.000000 4.86655700000000024374
305 286.000000 226.000000 5.50056000000000011596
306 262.000000 208.000000 5.22778100000000023329
307 319.000000 251.000000 15.59172399999999925058
308 338.000000 256.000000 7.90556699999999956674
309 257.000000 212.000000 7.46507300000000029172
310 341.000000 252.000000 27.55592199999999891702
311 261.000000 211.000000 18.12213500000000010459
312 314.000000 252.000000 12.44265500000000024272
313 370.000000 290.000000 7.35768700000000031025
314 398.000000 289.000000 2.89254999999999995453
315 259.000000 210.000000 10.46509700000000009368
316 301.000000 237.000000 7.62207100000000004059
317 426.000000 338.000000 2.62415500000000001535
318 381.000000 289.000000 32.80299300000000073396
319 331.000000 259.000000 9.49865800000000071179
320 246.000000 189.000000 5.91639099999999995561
321 456.000000 345.000000 22.41328400000000087289
322 387.000000 298.000000 20.73184200000000032560
323 271.000000 202.000000 13.70845100000000016394
324 331.000000 278.000000 2.85274399999999994648
325 247.000000 181.000000 4.41554399999999969140
326 416.000000 318.000000 19.08960099999999826537
327 235.000000 181.000000 13.08146900000000023567
328 327.000000 253.000000 2.50848599999999999355
329 214.000000 163.000000 48.41570600000000013097
330 288.000000 224.000000 29.01206499999999977035
331 384.000000 309.000000 7.91537600000000018952
332 250.000000 211.000000 2.30197299999999982489
333 165.000000 123.000000 6.90283499999999961005
334 429.000000 332.000000 19.48232399999999842066
335 304.000000 242.000000 3.60798299999999994014
336 315.000000 244.000000 21.50779100000000099158
337 315.000000 247.000000 5.74409800000000014819
338 263.000000 212.000000 9.08229299999999994952
339 292.000000 240.000000 7.63098399999999976728
340 375.000000 286.000000 8.53913799999999945101
341 416.000000 342.000000 0.37748500000000001497
342 304.000000 249.000000 15.19775199999999948375
343 303.000000 240.000000 21.35574700000000092359
344 344.000000 261.000000 45.33438199999999795864
345 337.000000 249.000000 17.72318999999999888928
346 386.000000 296.000000 5.74045499999999986329
347 384.000000 304.000000 48.81061600000000311184
348 249.000000 214.000000 2.39054900000000003502
349 395.000000 300.000000 11.11945700000000059049
350 303.000000 246.000000 3.19492500000000001492
351 371.000000 288.000000 111.57956199999999569172
352 250.000000 215.000000 9.82563000000000030809
353 420.000000 323.000000 25.29406300000000129558
354 246.000000 204.000000 8.46906500000000050932
355 336.000000 253.000000 17.97182499999999905071
356 353.000000 291.000000 2.35579500000000008342
357 424.000000 312.000000 4.35562999999999966860
358 301.000000 257.000000 5.70269899999999996254
359 343.000000 280.000000 17.01452499999999901092
360 362.000000 277.000000 19.97024400000000099453
361 178.000000 155.000000 5.60663599999999995305
362 292.000000 245.000000 7.52049699999999976541
363 307.000000 253.000000 6.91657399999999977780
364 319.000000 247.000000 18.13327599999999861780
365 413.000000 305.000000 9.96808399999999927843
366 440.000000 344.000000 2.04398200000000018761
367 266.000000 207.000000 22.15996399999999866282
368 311.000000 229.000000 11.24688800000000021839
369 195.000000 158.000000 19.80166499999999984993
370 360.000000 276.000000 2.32408999999999998920
371 324.000000 253.000000 4.87341900000000016746
372 342.000000 274.000000 2.08795099999999989038
373 207.000000 162.000000 17.98342299999999838178
374 361.000000 294.000000 76.43024900000000343425
375 305.000000 257.000000 9.89548699999999925581
376 341.000000 262.000000 4.89033099999999976149
377 303.000000 241.000000 13.87484800000000007003
378 281.000000 208.000000 15.59040099999999995362
379 218.000000 167.000000 18.89974399999999832289
380 174.000000 143.000000 8.35158599999999928798
381 412.000000 329.000000 18.36276799999999909119
382 408.000000 311.000000 5.06650600000000039813
383 345.000000 269.000000 1.69196499999999994124
384 357.000000 292.000000 5.83195800000000019736
385 412.000000 297.000000 1.15013300000000007195
386 241.000000 193.000000 17.26442300000000074078
387 437.000000 338.000000 2.33685099999999978948
388 313.000000 252.000000 10.61472599999999921749
389 402.000000 307.000000 31.39086299999999951638
390 297.000000 243.000000 3.70266099999999998005
391 287.000000 222.000000 23.24372599999999877696
392 352.000000 290.000000 16.98048899999999861166
393 317.000000 254.000000 20.44033400000000000318
394 340.000000 259.000000 2.24820500000000000895
395 229.000000 197.000000 11.72025700000000014711
396 356.000000 266.000000 8.34339300000000072544
397 351.000000 286.000000 47.59357599999999877127
398 316.000000 240.000000 9.97466099999999933345
399 305.000000 232.000000 8.74614200000000074908
400 314.000000 264.000000 22.76231299999999890815
401 407.000000 319.000000 3.57689600000000007540
402 296.000000 225.000000 7.66930300000000020333
403 393.000000 326.000000 2.82212899999999988765
404 182.000000 154.000000 11.45584200000000052455
405 364.000000 285.000000 14.40840000000000031832
406 351.000000 265.000000 6.13362199999999990752
407 192.000000 167.000000 3.59474900000000019418
408 435.000000 322.000000 3.21948400000000001242
409 210.000000 169.000000 19.04603099999999926695
410 368.000000 294.000000 2.96856099999999978323
411 340.000000 260.000000 10.16139000000000081059
412 307.000000 242.000000 24.29732299999999867168
413 101.000000 82.000000 16.89752700000000018576
414 203.000000 168.000000 5.58109599999999961284
415 369.000000 284.000000 24.86598100000000144405
416 252.000000 195.000000 12.22915000000000063096
417 263.000000 209.000000 16.31587499999999835154
418 211.000000 155.000000 55.02964899999999914826
419 271.000000 230.000000 4.10484100000000040609
420 246.000000 203.000000 10.18088799999999949364
