1 515.000000 408.000000 899.44865200000003824243
2 779.000000 603.000000 1274.14020200000004479080
3 833.000000 651.000000 345.85551400000002786328
4 648.000000 517.000000 186.81204199999999104875
5 690.000000 550.000000 85.07535400000000436194
6 600.000000 484.000000 277.48343499999998584826
8 680.000000 552.000000 662.11727699999994456448
10 626.000000 485.000000 195.73486600000001089938
12 640.000000 529.000000 95.42902499999999577085
13 506.000000 427.000000 75.79654100000000482851
14 704.000000 605.000000 56.49899800000000027467
15 377.000000 299.000000 54.63215600000000193859
16 462.000000 378.000000 412.10784599999999500142
18 611.000000 491.000000 109.12142299999999295324
19 419.000000 341.000000 183.84579199999998877502
20 805.000000 664.000000 944.86399200000005293987
21 545.000000 459.000000 142.48752899999999499414
23 698.000000 572.000000 77.22784099999999796182
25 647.000000 525.000000 68.98668700000000342243
26 608.000000 474.000000 252.92263199999999301326
27 836.000000 667.000000 69.02484699999999406828
28 518.000000 414.000000 488.23324900000000070577
29 716.000000 568.000000 31.51876100000000135992
30 666.000000 578.000000 24.25430199999999913985
31 634.000000 534.000000 187.96029999999998949534
32 549.000000 421.000000 1125.11983400000008259667
33 475.000000 383.000000 30.32799100000000080968
34 685.000000 565.000000 733.21960000000001400622
35 443.000000 349.000000 979.74642700000003969762
36 603.000000 490.000000 733.52260499999999865395
37 630.000000 479.000000 345.30848400000002129673
38 635.000000 507.000000 861.92271900000002915476
39 946.000000 699.000000 207.93042500000001382432
40 613.000000 500.000000 136.12157199999998624662
41 600.000000 504.000000 731.57339899999999488500
42 601.000000 479.000000 82.64654400000000578075
43 701.000000 560.000000 166.37282500000000595719
44 682.000000 528.000000 1083.34184699999991607910
45 850.000000 671.000000 83.19011799999999823285
46 719.000000 560.000000 59.86208899999999744068
47 683.000000 536.000000 312.89960200000001577791
48 572.000000 457.000000 195.54944000000000414730
49 977.000000 758.000000 17.05734400000000050568
50 600.000000 464.000000 907.50284099999998943531
51 560.000000 446.000000 858.53011600000002090383
53 619.000000 491.000000 49.05216999999999671900
54 522.000000 436.000000 325.02135500000002821253
55 580.000000 477.000000 292.33797800000002098386
56 1050.000000 766.000000 432.48589099999998097701
58 559.000000 443.000000 1063.76924200000007658673
59 723.000000 570.000000 1032.07521599999995487451
61 586.000000 453.000000 272.21110700000002680099
63 618.000000 486.000000 132.95774499999998852218
64 581.000000 466.000000 47.08828199999999952752
66 641.000000 510.000000 499.11724400000002788147
67 465.000000 397.000000 116.92570899999999767260
68 622.000000 466.000000 361.02355899999997745908
69 531.000000 435.000000 295.07850100000001702938
70 595.000000 466.000000 460.69157400000000279761
71 593.000000 473.000000 369.24910799999997834675
72 867.000000 662.000000 284.43865199999999049396
73 670.000000 541.000000 53.95378000000000184855
74 599.000000 490.000000 155.37284399999998640851
76 766.000000 604.000000 310.36474900000001753142
77 767.000000 640.000000 121.57250100000000259115
78 518.000000 419.000000 290.80392699999998740168
79 762.000000 579.000000 238.44846000000001140506
80 673.000000 503.000000 879.84280999999998584826
81 562.000000 469.000000 36.05763400000000018508
84 772.000000 621.000000 80.67028299999999774172
85 437.000000 358.000000 75.51350200000000256750
86 774.000000 634.000000 148.17283000000000470209
87 822.000000 652.000000 39.11826299999999889678
88 528.000000 433.000000 94.73690299999999808733
89 533.000000 395.000000 1216.58483799999999064312
90 800.000000 635.000000 535.06167900000002646266
91 618.000000 524.000000 50.35085399999999822285
92 1057.000000 783.000000 68.51812900000000183809
94 297.000000 247.000000 950.12275699999997868872
95 908.000000 710.000000 227.94696099999998750718
96 600.000000 472.000000 192.17556999999999334250
97 746.000000 561.000000 174.81037299999999845568
98 448.000000 369.000000 151.22753800000000978798
99 636.000000 506.000000 795.09303299999999126157
100 686.000000 562.000000 178.13813999999999282409
102 556.000000 461.000000 78.56980900000000644923
103 894.000000 680.000000 232.90708499999999503416
104 569.000000 455.000000 356.33614799999998012936
106 774.000000 619.000000 257.76058499999999185093
107 675.000000 573.000000 45.92625799999999713918
108 627.000000 497.000000 430.62574399999999741340
109 682.000000 583.000000 206.07423399999998991916
110 759.000000 611.000000 272.75486399999999775901
114 771.000000 617.000000 109.92726299999999639567
115 747.000000 597.000000 358.61615999999997939085
117 557.000000 459.000000 42.94324399999999997135
119 468.000000 383.000000 50.62027700000000152158
120 703.000000 539.000000 175.63918899999998757266
121 539.000000 451.000000 252.33768299999999840111
122 891.000000 716.000000 196.24827899999999658576
123 657.000000 514.000000 116.19168000000000517957
124 669.000000 538.000000 1341.91676699999993616075
125 525.000000 444.000000 199.14561399999999480315
126 762.000000 616.000000 283.76320700000002261731
127 804.000000 655.000000 405.23968800000000101136
128 502.000000 417.000000 61.96207900000000279306
129 581.000000 444.000000 442.59521799999998847852
130 647.000000 541.000000 45.63617899999999849570
131 633.000000 504.000000 60.32311399999999679267
132 566.000000 457.000000 307.78598199999998996645
133 378.000000 311.000000 265.66635600000000749787
134 629.000000 493.000000 1345.51546600000006037590
135 630.000000 532.000000 75.86967900000000497585
136 949.000000 719.000000 796.35668299999997543637
138 563.000000 468.000000 23.51742000000000132331
139 642.000000 510.000000 1037.07537699999988944910
140 927.000000 696.000000 80.87445400000000006457
141 592.000000 476.000000 99.05229099999999675674
143 637.000000 513.000000 679.31062199999996664701
144 367.000000 315.000000 86.65497499999999320153
145 581.000000 459.000000 521.58341199999995296821
146 660.000000 529.000000 233.86977099999998586100
148 741.000000 576.000000 34.11545799999999672991
149 618.000000 499.000000 197.84617800000000897853
150 571.000000 463.000000 1306.86487400000009984069
151 576.000000 438.000000 850.15344100000004345929
153 513.000000 421.000000 220.34034500000001344233
154 654.000000 525.000000 147.79494900000000257023
155 597.000000 505.000000 231.33878500000000144610
156 311.000000 258.000000 111.22643399999999758165
157 793.000000 625.000000 215.41888299999999389911
158 635.000000 486.000000 917.03540699999996377301
159 621.000000 493.000000 220.65767700000000672844
160 720.000000 566.000000 103.92787500000000022737
