1 12.000000 12.000000 0.11556600000000000206
2 12.000000 12.000000 0.04922900000000000192
3 14.000000 13.000000 0.02869000000000000022
4 13.000000 13.000000 0.01906199999999999908
5 15.000000 13.000000 0.04000800000000000189
6 14.000000 12.000000 0.03103500000000000009
7 14.000000 13.000000 0.02492199999999999971
8 14.000000 13.000000 0.01461299999999999925
9 15.000000 13.000000 0.01384099999999999914
10 13.000000 12.000000 0.03519599999999999812
11 13.000000 13.000000 0.01233199999999999921
12 13.000000 13.000000 0.01562500000000000000
13 12.000000 12.000000 0.01981799999999999881
14 13.000000 12.000000 0.01268999999999999989
15 13.000000 13.000000 0.01766399999999999915
16 12.000000 12.000000 0.01383200000000000054
17 15.000000 13.000000 0.02157999999999999849
18 13.000000 12.000000 0.02000400000000000095
19 15.000000 13.000000 0.01202199999999999970
20 12.000000 12.000000 0.01763599999999999890
21 15.000000 13.000000 0.01133499999999999959
22 13.000000 12.000000 0.02495400000000000049
23 11.000000 11.000000 0.01239299999999999950
24 15.000000 13.000000 0.01558499999999999990
25 16.000000 13.000000 0.01160699999999999926
26 12.000000 12.000000 0.01233500000000000048
27 14.000000 13.000000 0.02511999999999999997
28 14.000000 13.000000 0.01225599999999999953
29 13.000000 13.000000 0.01194500000000000076
30 12.000000 12.000000 0.01177600000000000001
31 11.000000 11.000000 0.01236399999999999999
32 13.000000 12.000000 0.02545199999999999893
33 12.000000 12.000000 0.02594700000000000131
34 13.000000 12.000000 0.02773499999999999924
35 13.000000 12.000000 0.01262399999999999980
36 14.000000 13.000000 0.02706199999999999925
37 12.000000 12.000000 0.01585800000000000057
38 15.000000 13.000000 0.01181699999999999938
39 14.000000 12.000000 0.02856600000000000111
40 15.000000 13.000000 0.01227100000000000066
41 13.000000 12.000000 0.01277900000000000043
42 15.000000 13.000000 0.01267700000000000077
43 13.000000 13.000000 0.01263700000000000066
44 12.000000 12.000000 0.04468599999999999656
45 12.000000 12.000000 0.02727399999999999963
46 15.000000 13.000000 0.05321900000000000241
47 14.000000 13.000000 0.03698099999999999998
48 14.000000 13.000000 0.02999500000000000083
49 13.000000 12.000000 0.03143200000000000160
50 11.000000 11.000000 0.02554800000000000126
51 12.000000 12.000000 0.01289799999999999974
52 12.000000 12.000000 0.01256400000000000051
53 16.000000 12.000000 0.01181899999999999964
54 14.000000 13.000000 0.01255200000000000066
55 14.000000 12.000000 0.03875300000000000272
56 12.000000 12.000000 0.01213400000000000069
57 13.000000 12.000000 0.03097899999999999959
58 14.000000 13.000000 0.03845500000000000307
59 12.000000 12.000000 0.01191500000000000024
60 13.000000 13.000000 0.01217299999999999979
61 15.000000 13.000000 0.01199199999999999919
62 14.000000 13.000000 0.01221700000000000043
63 12.000000 12.000000 0.01173699999999999917
64 15.000000 13.000000 0.02498500000000000026
65 14.000000 13.000000 0.02754200000000000051
66 13.000000 13.000000 0.01186100000000000002
67 11.000000 11.000000 0.01235600000000000066
68 13.000000 12.000000 0.01183999999999999983
69 12.000000 12.000000 0.01115700000000000025
70 14.000000 13.000000 0.01093700000000000054
71 14.000000 13.000000 0.02319399999999999934
72 12.000000 12.000000 0.04378699999999999953
73 15.000000 13.000000 0.02489699999999999899
74 11.000000 11.000000 0.01282400000000000033
75 12.000000 12.000000 0.01198300000000000060
76 15.000000 13.000000 0.01231200000000000003
77 12.000000 12.000000 0.01286699999999999997
78 14.000000 13.000000 0.01186399999999999955
79 13.000000 13.000000 0.02057499999999999954
80 16.000000 13.000000 0.01177699999999999927
81 15.000000 13.000000 0.02810400000000000051
82 12.000000 12.000000 0.04088200000000000167
83 15.000000 13.000000 0.02758899999999999894
84 13.000000 13.000000 0.02896500000000000116
85 13.000000 12.000000 0.02884899999999999964
86 15.000000 13.000000 0.04216899999999999815
87 13.000000 12.000000 0.03694299999999999667
88 13.000000 13.000000 0.02473600000000000104
89 14.000000 13.000000 0.02891300000000000120
90 13.000000 12.000000 0.02029999999999999860
91 11.000000 11.000000 0.02439900000000000055
92 13.000000 12.000000 0.03749500000000000055
93 13.000000 13.000000 0.03266899999999999665
94 13.000000 12.000000 0.05322699999999999654
95 13.000000 12.000000 0.02792599999999999943
96 13.000000 13.000000 0.05334900000000000059
97 12.000000 12.000000 0.04947300000000000308
98 16.000000 13.000000 0.05306299999999999906
99 13.000000 12.000000 0.02462999999999999912
100 12.000000 12.000000 0.02910099999999999840
101 15.000000 13.000000 0.03649800000000000266
102 14.000000 13.000000 0.02810999999999999957
103 11.000000 11.000000 0.02840000000000000163
104 12.000000 12.000000 0.05584200000000000275
105 13.000000 13.000000 0.03650899999999999979
106 15.000000 13.000000 0.04419800000000000118
107 13.000000 12.000000 0.04520500000000000212
108 17.000000 13.000000 0.03403500000000000275
109 13.000000 12.000000 0.02471699999999999939
110 14.000000 13.000000 0.02874399999999999872
111 14.000000 13.000000 0.01253499999999999927
112 15.000000 13.000000 0.03560900000000000176
113 14.000000 12.000000 0.04445999999999999952
114 14.000000 13.000000 0.03961699999999999944
115 13.000000 13.000000 0.03481000000000000066
116 16.000000 13.000000 0.03647100000000000342
117 14.000000 12.000000 0.03606000000000000177
118 14.000000 13.000000 0.05405800000000000188
119 14.000000 13.000000 0.03575099999999999806
120 11.000000 11.000000 0.02506999999999999854
121 14.000000 13.000000 0.02484700000000000103
122 13.000000 12.000000 0.04459899999999999975
123 12.000000 12.000000 0.01268099999999999956
124 15.000000 13.000000 0.03649999999999999772
125 13.000000 12.000000 0.02803699999999999942
126 13.000000 12.000000 0.01194300000000000049
127 13.000000 12.000000 0.02796099999999999974
128 14.000000 13.000000 0.02806499999999999967
129 15.000000 13.000000 0.04674600000000000283
130 14.000000 12.000000 0.01181500000000000085
131 15.000000 13.000000 0.01158099999999999928
132 11.000000 11.000000 0.02795999999999999874
133 13.000000 13.000000 0.01109199999999999943
134 15.000000 13.000000 0.01120600000000000068
135 16.000000 13.000000 0.01106299999999999992
136 11.000000 11.000000 0.01193800000000000069
137 14.000000 13.000000 0.01129600000000000048
138 13.000000 12.000000 0.01185499999999999922
139 14.000000 12.000000 0.01214100000000000075
140 13.000000 13.000000 0.01247999999999999977
141 13.000000 12.000000 0.01182799999999999997
142 12.000000 12.000000 0.01182700000000000071
143 12.000000 12.000000 0.01161300000000000006
144 14.000000 13.000000 0.03913799999999999918
145 12.000000 12.000000 0.01676400000000000112
146 14.000000 12.000000 0.01187099999999999961
147 13.000000 12.000000 0.01194100000000000023
148 13.000000 13.000000 0.02256599999999999925
149 11.000000 11.000000 0.01322599999999999991
150 15.000000 13.000000 0.01173899999999999944
151 13.000000 12.000000 0.01143300000000000045
152 18.000000 13.000000 0.01143500000000000072
153 14.000000 13.000000 0.01135599999999999977
154 12.000000 12.000000 0.01169399999999999953
155 12.000000 12.000000 0.03599399999999999822
156 11.000000 11.000000 0.01401400000000000041
157 13.000000 12.000000 0.01397100000000000078
158 14.000000 13.000000 0.01196000000000000014
159 12.000000 12.000000 0.01186599999999999981
160 11.000000 11.000000 0.01222900000000000029
161 15.000000 13.000000 0.01148099999999999989
162 12.000000 12.000000 0.01136000000000000031
163 14.000000 13.000000 0.01085500000000000007
164 14.000000 13.000000 0.01176299999999999915
165 13.000000 12.000000 0.01203399999999999956
166 11.000000 11.000000 0.01196200000000000041
167 15.000000 13.000000 0.01100300000000000063
168 12.000000 12.000000 0.01108100000000000057
169 15.000000 13.000000 0.01130899999999999961
170 12.000000 12.000000 0.01213599999999999922
171 14.000000 12.000000 0.01169399999999999953
172 13.000000 13.000000 0.01095400000000000020
173 13.000000 12.000000 0.01124600000000000079
174 13.000000 13.000000 0.01076700000000000053
175 15.000000 13.000000 0.01078699999999999971
176 14.000000 12.000000 0.01132299999999999973
177 12.000000 12.000000 0.01119000000000000029
178 13.000000 12.000000 0.01189499999999999932
179 12.000000 12.000000 0.01146800000000000076
180 13.000000 12.000000 0.01160399999999999973
181 12.000000 12.000000 0.01206800000000000060
182 14.000000 13.000000 0.01091100000000000056
183 12.000000 12.000000 0.01855599999999999958
184 15.000000 13.000000 0.02703399999999999900
185 15.000000 13.000000 0.01081400000000000070
186 13.000000 12.000000 0.01286099999999999917
187 12.000000 12.000000 0.01289500000000000021
188 15.000000 13.000000 0.01088899999999999937
189 12.000000 12.000000 0.01176199999999999989
190 13.000000 12.000000 0.01160300000000000047
191 14.000000 13.000000 0.02574099999999999999
192 13.000000 13.000000 0.04397999999999999826
193 13.000000 13.000000 0.02780300000000000132
194 12.000000 12.000000 0.02751699999999999979
195 13.000000 13.000000 0.02399400000000000144
196 12.000000 12.000000 0.04104800000000000115
197 15.000000 13.000000 0.04359299999999999981
198 12.000000 12.000000 0.02899099999999999941
199 13.000000 12.000000 0.05785400000000000265
200 13.000000 12.000000 0.03575699999999999712
201 14.000000 13.000000 0.03593699999999999672
202 13.000000 13.000000 0.02783400000000000110
203 17.000000 13.000000 0.01092699999999999921
204 13.000000 13.000000 0.01109899999999999949
205 12.000000 12.000000 0.02910199999999999940
206 14.000000 13.000000 0.01130300000000000055
207 13.000000 13.000000 0.02812600000000000169
208 17.000000 13.000000 0.04089700000000000280
209 15.000000 13.000000 0.01254700000000000086
210 14.000000 13.000000 0.02874799999999999925
211 13.000000 12.000000 0.04472799999999999693
212 13.000000 12.000000 0.02367400000000000060
213 12.000000 12.000000 0.03388300000000000339
214 12.000000 12.000000 0.03579700000000000243
215 11.000000 11.000000 0.02408799999999999830
216 12.000000 12.000000 0.04367100000000000148
217 14.000000 13.000000 0.01156399999999999963
218 14.000000 13.000000 0.05428499999999999992
219 12.000000 12.000000 0.02343200000000000144
220 17.000000 13.000000 0.01095299999999999919
221 13.000000 13.000000 0.02389399999999999857
222 14.000000 13.000000 0.01153599999999999938
223 13.000000 12.000000 0.02788200000000000053
224 14.000000 13.000000 0.04504899999999999877
225 14.000000 13.000000 0.03017200000000000090
226 13.000000 12.000000 0.03611299999999999927
227 12.000000 12.000000 0.03450500000000000095
228 12.000000 12.000000 0.02445599999999999857
229 12.000000 12.000000 0.02390499999999999917
230 13.000000 12.000000 0.02893799999999999845
231 12.000000 12.000000 0.01196999999999999974
232 11.000000 11.000000 0.02784000000000000016
233 14.000000 13.000000 0.01213999999999999975
234 13.000000 12.000000 0.01196200000000000041
235 14.000000 13.000000 0.01164199999999999957
236 14.000000 13.000000 0.01194899999999999955
237 14.000000 13.000000 0.01111200000000000035
238 13.000000 13.000000 0.01147600000000000009
239 14.000000 13.000000 0.01150999999999999940
240 15.000000 13.000000 0.01130600000000000008
241 16.000000 13.000000 0.01168199999999999968
242 14.000000 12.000000 0.01123000000000000040
243 13.000000 12.000000 0.01213700000000000022
244 12.000000 12.000000 0.01225300000000000000
245 13.000000 13.000000 0.01441500000000000073
246 15.000000 13.000000 0.01123200000000000066
247 14.000000 13.000000 0.01162599999999999918
248 14.000000 13.000000 0.01130600000000000008
249 16.000000 13.000000 0.01055099999999999962
250 15.000000 13.000000 0.01179400000000000066
251 16.000000 13.000000 0.01078999999999999924
252 13.000000 13.000000 0.01105599999999999986
253 14.000000 13.000000 0.01176800000000000068
254 11.000000 11.000000 0.01229899999999999917
255 12.000000 12.000000 0.01174000000000000044
256 13.000000 13.000000 0.01098599999999999924
257 13.000000 12.000000 0.01179799999999999946
258 13.000000 13.000000 0.01178099999999999981
259 13.000000 13.000000 0.01164300000000000057
260 13.000000 13.000000 0.01151199999999999966
261 14.000000 13.000000 0.01304800000000000057
262 12.000000 12.000000 0.01102799999999999961
263 14.000000 13.000000 0.01096100000000000026
264 12.000000 12.000000 0.02866399999999999851
265 12.000000 12.000000 0.01200700000000000031
266 12.000000 12.000000 0.03275399999999999839
267 15.000000 13.000000 0.01912799999999999917
268 11.000000 11.000000 0.01823800000000000074
269 11.000000 11.000000 0.01984100000000000100
270 16.000000 13.000000 0.02868400000000000116
271 14.000000 13.000000 0.01188900000000000026
272 13.000000 13.000000 0.02402200000000000168
273 13.000000 12.000000 0.01173599999999999990
274 14.000000 13.000000 0.01203899999999999935
275 13.000000 12.000000 0.01226000000000000006
276 14.000000 13.000000 0.01165199999999999916
277 14.000000 13.000000 0.01147199999999999956
278 12.000000 12.000000 0.01166400000000000076
279 13.000000 12.000000 0.01223999999999999914
280 12.000000 12.000000 0.01227800000000000072
281 14.000000 12.000000 0.01208599999999999952
282 16.000000 13.000000 0.01137600000000000069
283 13.000000 12.000000 0.02020299999999999874
284 13.000000 12.000000 0.03251099999999999823
285 13.000000 12.000000 0.02842700000000000088
286 12.000000 12.000000 0.04075700000000000156
287 17.000000 13.000000 0.01188600000000000073
288 14.000000 13.000000 0.01205499999999999974
289 13.000000 12.000000 0.01202699999999999950
290 16.000000 13.000000 0.01137400000000000043
291 14.000000 13.000000 0.01328599999999999920
292 14.000000 13.000000 0.01203899999999999935
293 13.000000 13.000000 0.01175700000000000009
294 13.000000 13.000000 0.01247000000000000018
295 14.000000 12.000000 0.01187799999999999967
296 16.000000 12.000000 0.01110700000000000055
297 12.000000 12.000000 0.01216000000000000067
298 11.000000 11.000000 0.01190000000000000085
299 13.000000 13.000000 0.01114700000000000066
300 12.000000 12.000000 0.01171099999999999919
301 16.000000 13.000000 0.01104300000000000073
302 13.000000 13.000000 0.01162700000000000018
303 13.000000 13.000000 0.01220899999999999937
304 13.000000 13.000000 0.01163699999999999977
305 12.000000 12.000000 0.01110599999999999955
306 12.000000 12.000000 0.01076799999999999979
307 12.000000 12.000000 0.01155800000000000056
308 13.000000 13.000000 0.01129400000000000022
309 15.000000 13.000000 0.01031100000000000072
310 13.000000 13.000000 0.01101500000000000049
311 15.000000 13.000000 0.01126199999999999944
312 12.000000 12.000000 0.01157599999999999948
313 13.000000 13.000000 0.01182300000000000018
314 12.000000 12.000000 0.01164100000000000031
315 14.000000 13.000000 0.01151600000000000019
316 12.000000 12.000000 0.01101599999999999975
317 14.000000 13.000000 0.01151800000000000046
318 14.000000 12.000000 0.01086900000000000019
319 16.000000 13.000000 0.01115700000000000025
320 12.000000 12.000000 0.01069699999999999991
321 14.000000 12.000000 0.01037300000000000028
322 13.000000 12.000000 0.01082800000000000082
323 14.000000 13.000000 0.01125800000000000065
324 15.000000 12.000000 0.01125999999999999918
325 13.000000 12.000000 0.02487400000000000028
326 14.000000 13.000000 0.01115099999999999945
327 13.000000 13.000000 0.01223800000000000061
328 14.000000 13.000000 0.01064400000000000068
329 16.000000 12.000000 0.01129400000000000022
330 11.000000 11.000000 0.01172699999999999958
331 14.000000 13.000000 0.01059000000000000045
332 13.000000 13.000000 0.01148599999999999968
333 15.000000 12.000000 0.01141099999999999927
334 15.000000 13.000000 0.02797799999999999940
335 12.000000 12.000000 0.01177600000000000001
336 14.000000 12.000000 0.01110399999999999929
337 13.000000 13.000000 0.01203700000000000082
338 18.000000 13.000000 0.01127500000000000030
339 13.000000 12.000000 0.01208799999999999979
340 13.000000 13.000000 0.01018299999999999934
341 15.000000 13.000000 0.01017500000000000002
342 13.000000 12.000000 0.01050799999999999998
343 14.000000 12.000000 0.01105100000000000006
344 13.000000 13.000000 0.01169500000000000053
345 14.000000 13.000000 0.01176899999999999995
346 15.000000 13.000000 0.02346600000000000075
347 16.000000 13.000000 0.01067799999999999999
348 12.000000 12.000000 0.01135500000000000051
349 14.000000 13.000000 0.01196299999999999968
350 13.000000 12.000000 0.01215600000000000014
351 12.000000 12.000000 0.01204900000000000068
352 14.000000 13.000000 0.01160899999999999953
353 14.000000 13.000000 0.01103699999999999994
354 14.000000 13.000000 0.01192900000000000037
355 13.000000 12.000000 0.02790600000000000025
356 14.000000 13.000000 0.01129600000000000048
357 15.000000 13.000000 0.01166400000000000076
358 13.000000 13.000000 0.01200400000000000078
359 12.000000 12.000000 0.01165099999999999990
360 15.000000 13.000000 0.01139199999999999935
361 11.000000 11.000000 0.01136299999999999984
362 15.000000 12.000000 0.01079399999999999978
363 14.000000 12.000000 0.01132400000000000073
364 13.000000 12.000000 0.01146900000000000003
365 12.000000 12.000000 0.01151699999999999946
366 13.000000 12.000000 0.01165500000000000043
367 14.000000 13.000000 0.01115799999999999952
368 16.000000 13.000000 0.01002300000000000066
369 15.000000 13.000000 0.01043900000000000036
370 13.000000 13.000000 0.01097799999999999991
371 14.000000 12.000000 0.01114000000000000060
372 12.000000 12.000000 0.01127500000000000030
373 14.000000 12.000000 0.01081400000000000070
374 15.000000 13.000000 0.01062399999999999976
375 11.000000 11.000000 0.01127599999999999957
376 13.000000 12.000000 0.01077999999999999965
377 12.000000 12.000000 0.01146800000000000076
378 14.000000 13.000000 0.01148099999999999989
379 15.000000 13.000000 0.01115400000000000072
380 14.000000 13.000000 0.01171900000000000025
381 13.000000 13.000000 0.01134699999999999945
382 14.000000 13.000000 0.01130399999999999981
383 12.000000 12.000000 0.01029900000000000086
384 16.000000 13.000000 0.03883199999999999846
385 12.000000 12.000000 0.02716400000000000065
386 15.000000 13.000000 0.01106700000000000045
387 12.000000 12.000000 0.02929299999999999959
388 16.000000 13.000000 0.01042399999999999924
389 14.000000 12.000000 0.01104600000000000026
390 13.000000 12.000000 0.01093500000000000028
391 14.000000 13.000000 0.01144799999999999984
392 14.000000 13.000000 0.01121100000000000048
393 14.000000 13.000000 0.01142400000000000013
394 15.000000 13.000000 0.01072599999999999942
395 13.000000 13.000000 0.01578999999999999848
396 13.000000 12.000000 0.01156199999999999936
397 12.000000 12.000000 0.01114000000000000060
398 13.000000 12.000000 0.01100300000000000063
399 11.000000 11.000000 0.01144500000000000031
400 14.000000 13.000000 0.01078499999999999945
401 15.000000 13.000000 0.01321800000000000058
402 16.000000 13.000000 0.02102100000000000149
403 13.000000 13.000000 0.03303199999999999886
404 14.000000 12.000000 0.01151800000000000046
405 11.000000 11.000000 0.02737500000000000003
406 12.000000 12.000000 0.02679600000000000037
407 15.000000 13.000000 0.01034599999999999929
408 13.000000 12.000000 0.01089700000000000044
409 12.000000 12.000000 0.02736099999999999990
410 13.000000 13.000000 0.01080799999999999990
411 13.000000 12.000000 0.01110300000000000002
412 14.000000 13.000000 0.02301100000000000020
413 12.000000 12.000000 0.01287899999999999982
414 13.000000 13.000000 0.01134199999999999965
415 14.000000 13.000000 0.01306799999999999976
416 16.000000 13.000000 0.01333299999999999937
417 14.000000 13.000000 0.01246000000000000059
418 16.000000 13.000000 0.01327000000000000055
419 13.000000 13.000000 0.01302299999999999985
420 15.000000 13.000000 0.01218499999999999965
