1 25.000000 19.000000 0.20882100000000000661
2 16.000000 15.000000 0.06524399999999999644
3 30.000000 20.000000 0.05715800000000000047
4 22.000000 17.000000 0.06645600000000000118
5 15.000000 14.000000 0.08341999999999999416
6 22.000000 18.000000 0.03902100000000000013
7 16.000000 16.000000 0.05908900000000000263
8 24.000000 19.000000 0.03991000000000000103
9 22.000000 20.000000 0.06007099999999999940
10 21.000000 17.000000 0.02868499999999999869
11 25.000000 17.000000 0.01737199999999999855
12 25.000000 18.000000 0.01973899999999999960
13 18.000000 16.000000 0.01844300000000000106
14 17.000000 16.000000 0.05442500000000000115
15 19.000000 15.000000 0.01821000000000000049
16 27.000000 20.000000 0.02023099999999999898
17 22.000000 19.000000 0.01733000000000000165
18 26.000000 20.000000 0.01958000000000000018
19 18.000000 16.000000 0.09273499999999999799
20 16.000000 14.000000 0.01927399999999999947
21 22.000000 19.000000 0.05008499999999999758
22 19.000000 18.000000 0.03132700000000000068
23 16.000000 16.000000 0.01613200000000000051
24 24.000000 23.000000 0.01602299999999999905
25 24.000000 18.000000 0.01651800000000000143
26 19.000000 17.000000 0.01922499999999999903
27 19.000000 18.000000 0.01525199999999999993
28 17.000000 16.000000 0.01814599999999999894
29 20.000000 17.000000 0.03709900000000000003
30 20.000000 16.000000 0.01548300000000000023
31 27.000000 20.000000 0.02767899999999999874
32 21.000000 16.000000 0.02420100000000000029
33 21.000000 18.000000 0.04097200000000000147
34 21.000000 17.000000 0.02731400000000000147
35 16.000000 16.000000 0.03258599999999999691
36 19.000000 16.000000 0.02903499999999999831
37 23.000000 20.000000 0.03205199999999999716
38 27.000000 20.000000 0.03246199999999999780
39 24.000000 19.000000 0.02832399999999999848
40 20.000000 19.000000 0.03280899999999999789
41 22.000000 18.000000 0.04487900000000000222
42 17.000000 16.000000 0.03257399999999999879
43 13.000000 12.000000 0.04292599999999999888
44 18.000000 16.000000 0.01640899999999999997
45 21.000000 18.000000 0.01915000000000000036
46 22.000000 17.000000 0.01805400000000000060
47 19.000000 16.000000 0.04166600000000000165
48 27.000000 22.000000 0.01555699999999999965
49 22.000000 18.000000 0.04391599999999999671
50 22.000000 18.000000 0.03059999999999999873
51 22.000000 19.000000 0.01687200000000000158
52 18.000000 17.000000 0.04156599999999999878
53 19.000000 16.000000 0.01655799999999999980
54 20.000000 17.000000 0.05040000000000000036
55 18.000000 17.000000 0.06370199999999999474
56 21.000000 17.000000 0.01636299999999999907
57 16.000000 15.000000 0.01598799999999999874
58 21.000000 18.000000 0.01624899999999999956
59 19.000000 17.000000 0.02036999999999999922
60 14.000000 13.000000 0.01835399999999999879
61 16.000000 14.000000 0.01636800000000000060
62 18.000000 15.000000 0.01641499999999999904
63 20.000000 18.000000 0.03846999999999999725
64 18.000000 16.000000 0.06053000000000000047
65 17.000000 16.000000 0.01939799999999999858
66 18.000000 17.000000 0.01574599999999999958
67 23.000000 21.000000 0.01505300000000000041
68 25.000000 20.000000 0.01678599999999999884
69 23.000000 18.000000 0.03873900000000000260
70 32.000000 21.000000 0.03151299999999999935
71 18.000000 15.000000 0.01768300000000000080
72 18.000000 16.000000 0.01647500000000000006
73 20.000000 16.000000 0.03667600000000000027
74 12.000000 12.000000 0.01626599999999999921
75 20.000000 18.000000 0.01609700000000000020
76 15.000000 15.000000 0.01878399999999999861
77 15.000000 14.000000 0.01552399999999999960
78 32.000000 23.000000 0.01401600000000000068
79 17.000000 15.000000 0.01621399999999999925
80 24.000000 20.000000 0.01745999999999999983
81 21.000000 19.000000 0.01806299999999999920
82 16.000000 14.000000 0.01604600000000000123
83 18.000000 15.000000 0.01540099999999999976
84 19.000000 17.000000 0.01788800000000000112
85 19.000000 17.000000 0.01597300000000000109
86 17.000000 15.000000 0.01673499999999999988
87 19.000000 16.000000 0.01609800000000000120
88 21.000000 18.000000 0.01907700000000000021
89 16.000000 15.000000 0.01693300000000000013
90 15.000000 14.000000 0.01682499999999999968
91 19.000000 18.000000 0.02068300000000000000
92 17.000000 14.000000 0.01595399999999999943
93 23.000000 17.000000 0.01647399999999999906
94 31.000000 24.000000 0.04284400000000000014
95 19.000000 16.000000 0.01606600000000000042
96 24.000000 20.000000 0.01424300000000000045
97 16.000000 15.000000 0.02561099999999999835
98 28.000000 22.000000 0.01474800000000000069
99 22.000000 19.000000 0.01633700000000000083
100 16.000000 13.000000 0.01541200000000000035
101 20.000000 19.000000 0.02005600000000000091
102 15.000000 13.000000 0.01576899999999999830
103 22.000000 21.000000 0.01539599999999999996
104 16.000000 14.000000 0.01584899999999999851
105 18.000000 14.000000 0.01554099999999999926
106 18.000000 17.000000 0.01573499999999999899
107 18.000000 17.000000 0.01741300000000000139
108 22.000000 17.000000 0.01550200000000000015
109 24.000000 18.000000 0.01658899999999999958
110 23.000000 20.000000 0.03093100000000000016
111 19.000000 17.000000 0.03191900000000000293
112 18.000000 16.000000 0.03322800000000000059
113 21.000000 15.000000 0.02947200000000000167
114 23.000000 18.000000 0.01385699999999999953
115 18.000000 17.000000 0.02573100000000000040
116 17.000000 16.000000 0.01699499999999999969
117 25.000000 20.000000 0.01396900000000000051
118 25.000000 21.000000 0.04261999999999999816
119 15.000000 15.000000 0.02639299999999999979
120 22.000000 19.000000 0.01713200000000000139
121 17.000000 15.000000 0.01991400000000000114
122 20.000000 17.000000 0.03939200000000000340
123 27.000000 20.000000 0.03792199999999999738
124 21.000000 18.000000 0.05079600000000000087
125 23.000000 18.000000 0.02575600000000000112
126 32.000000 23.000000 0.04113499999999999795
127 26.000000 21.000000 0.01557099999999999977
128 23.000000 17.000000 0.01638300000000000173
129 16.000000 16.000000 0.01635899999999999854
130 18.000000 17.000000 0.02939999999999999905
131 21.000000 16.000000 0.03257199999999999679
132 16.000000 14.000000 0.03052900000000000058
133 12.000000 12.000000 0.02055900000000000089
134 27.000000 23.000000 0.02932600000000000137
135 22.000000 18.000000 0.06422600000000000531
136 22.000000 17.000000 0.03735700000000000132
137 16.000000 14.000000 0.02707899999999999890
138 22.000000 17.000000 0.02405799999999999952
139 17.000000 15.000000 0.04319599999999999829
140 22.000000 18.000000 0.04658600000000000241
141 19.000000 17.000000 0.03513800000000000257
142 23.000000 20.000000 0.02006300000000000097
143 23.000000 18.000000 0.01618899999999999853
144 20.000000 17.000000 0.01709600000000000009
145 25.000000 18.000000 0.04020100000000000062
146 21.000000 18.000000 0.01626599999999999921
147 18.000000 15.000000 0.01629099999999999993
148 23.000000 19.000000 0.01784600000000000075
149 24.000000 19.000000 0.01788899999999999865
150 21.000000 17.000000 0.01978699999999999903
151 16.000000 14.000000 0.01645299999999999888
152 20.000000 15.000000 0.01675600000000000006
153 23.000000 18.000000 0.01590799999999999853
154 15.000000 14.000000 0.01574300000000000005
155 24.000000 20.000000 0.01628900000000000139
156 20.000000 17.000000 0.01709600000000000009
157 18.000000 16.000000 0.01646600000000000147
158 28.000000 21.000000 0.03558299999999999658
159 17.000000 17.000000 0.01600000000000000033
160 18.000000 16.000000 0.01509899999999999957
161 20.000000 17.000000 0.02917499999999999954
162 26.000000 21.000000 0.03938099999999999934
163 15.000000 15.000000 0.04941000000000000253
164 30.000000 21.000000 0.01663399999999999948
165 27.000000 18.000000 0.01570799999999999974
166 21.000000 18.000000 0.01643599999999999922
167 21.000000 18.000000 0.01657799999999999899
168 21.000000 17.000000 0.01691000000000000142
169 21.000000 18.000000 0.01619400000000000006
170 28.000000 21.000000 0.01616000000000000075
171 27.000000 21.000000 0.01853600000000000039
172 30.000000 21.000000 0.01485099999999999962
173 19.000000 15.000000 0.01544099999999999986
174 24.000000 21.000000 0.03457600000000000257
175 17.000000 14.000000 0.04533199999999999730
176 16.000000 15.000000 0.01577399999999999983
177 21.000000 18.000000 0.03239199999999999718
178 20.000000 16.000000 0.02062299999999999897
179 22.000000 19.000000 0.01695899999999999838
180 25.000000 19.000000 0.01619699999999999959
181 18.000000 16.000000 0.01812700000000000075
182 22.000000 19.000000 0.01631200000000000011
183 18.000000 17.000000 0.01526600000000000006
184 26.000000 20.000000 0.01621300000000000172
185 15.000000 13.000000 0.01766099999999999962
186 17.000000 16.000000 0.01521300000000000083
187 21.000000 19.000000 0.01511200000000000043
188 17.000000 14.000000 0.01621399999999999925
189 18.000000 16.000000 0.01467300000000000028
190 20.000000 17.000000 0.01547399999999999991
191 15.000000 14.000000 0.01620500000000000065
192 16.000000 15.000000 0.01742000000000000146
193 18.000000 16.000000 0.03315499999999999697
194 24.000000 19.000000 0.01577500000000000083
195 19.000000 15.000000 0.01845700000000000118
196 15.000000 15.000000 0.03198199999999999654
197 14.000000 12.000000 0.01621799999999999978
198 19.000000 17.000000 0.01793399999999999855
199 16.000000 14.000000 0.02964899999999999827
200 27.000000 18.000000 0.03590999999999999748
201 15.000000 14.000000 0.01541400000000000062
202 20.000000 17.000000 0.01663200000000000095
203 29.000000 21.000000 0.01802300000000000083
204 18.000000 15.000000 0.03123599999999999988
205 15.000000 14.000000 0.03642200000000000298
206 19.000000 17.000000 0.01426200000000000037
207 13.000000 13.000000 0.01702700000000000047
208 22.000000 19.000000 0.01489000000000000046
209 25.000000 20.000000 0.01648000000000000159
210 21.000000 17.000000 0.01406600000000000038
211 18.000000 17.000000 0.02788200000000000053
212 15.000000 14.000000 0.01601400000000000046
213 23.000000 18.000000 0.05656200000000000117
214 19.000000 16.000000 0.02138500000000000123
215 23.000000 18.000000 0.01920399999999999885
216 19.000000 16.000000 0.01808399999999999938
217 22.000000 17.000000 0.02742999999999999952
218 17.000000 16.000000 0.01763500000000000137
219 25.000000 20.000000 0.01577999999999999889
220 27.000000 21.000000 0.02541699999999999862
221 22.000000 19.000000 0.02992999999999999827
222 15.000000 14.000000 0.02889800000000000008
223 24.000000 19.000000 0.04509300000000000114
224 19.000000 16.000000 0.04029499999999999749
225 22.000000 18.000000 0.01849100000000000049
226 22.000000 16.000000 0.01433199999999999925
227 15.000000 14.000000 0.01512699999999999982
228 17.000000 16.000000 0.01434900000000000064
229 16.000000 15.000000 0.02847699999999999884
230 19.000000 16.000000 0.04123299999999999882
231 19.000000 16.000000 0.03267400000000000165
232 11.000000 11.000000 0.02840700000000000169
233 18.000000 17.000000 0.02929700000000000013
234 25.000000 21.000000 0.03131699999999999762
235 25.000000 19.000000 0.04752300000000000274
236 24.000000 20.000000 0.04154299999999999660
237 23.000000 19.000000 0.03069300000000000153
238 27.000000 21.000000 0.03421099999999999836
239 27.000000 22.000000 0.02926000000000000129
240 17.000000 14.000000 0.01541499999999999988
241 14.000000 13.000000 0.01551699999999999954
242 20.000000 19.000000 0.01792900000000000049
243 28.000000 21.000000 0.01391399999999999929
244 22.000000 17.000000 0.01640499999999999944
245 20.000000 17.000000 0.01788199999999999859
246 25.000000 21.000000 0.02489900000000000099
247 24.000000 20.000000 0.01771000000000000005
248 27.000000 19.000000 0.01695899999999999838
249 21.000000 17.000000 0.01570999999999999827
250 19.000000 16.000000 0.03322699999999999959
251 31.000000 22.000000 0.05640099999999999975
252 20.000000 17.000000 0.01591000000000000053
253 17.000000 15.000000 0.01612699999999999897
254 20.000000 17.000000 0.02917700000000000154
255 20.000000 17.000000 0.03538999999999999785
256 21.000000 17.000000 0.03346299999999999969
257 20.000000 16.000000 0.02841000000000000122
258 27.000000 20.000000 0.04264199999999999935
259 19.000000 17.000000 0.02970000000000000070
260 19.000000 18.000000 0.03106300000000000033
261 22.000000 19.000000 0.03686299999999999993
262 20.000000 16.000000 0.02910400000000000140
263 22.000000 16.000000 0.03221600000000000158
264 25.000000 18.000000 0.03908299999999999969
265 26.000000 20.000000 0.03140600000000000336
266 26.000000 22.000000 0.02960000000000000131
267 18.000000 15.000000 0.03256300000000000167
268 18.000000 16.000000 0.02699100000000000110
269 20.000000 16.000000 0.04802700000000000025
270 25.000000 19.000000 0.01726499999999999910
271 17.000000 16.000000 0.04845599999999999907
272 23.000000 20.000000 0.03126199999999999812
273 16.000000 15.000000 0.03156599999999999684
274 23.000000 20.000000 0.01868200000000000069
275 18.000000 16.000000 0.01560100000000000028
276 22.000000 21.000000 0.01736700000000000049
277 16.000000 16.000000 0.01712400000000000033
278 19.000000 17.000000 0.01534899999999999980
279 22.000000 19.000000 0.01418299999999999943
280 23.000000 19.000000 0.01544500000000000040
281 18.000000 17.000000 0.01843099999999999947
282 22.000000 17.000000 0.02524399999999999908
283 23.000000 19.000000 0.01483100000000000043
284 19.000000 18.000000 0.03189199999999999674
285 24.000000 21.000000 0.01634700000000000042
286 24.000000 20.000000 0.03326300000000000090
287 22.000000 16.000000 0.04377799999999999747
288 22.000000 18.000000 0.01590300000000000047
289 20.000000 17.000000 0.01517100000000000046
290 20.000000 19.000000 0.01637200000000000114
291 21.000000 19.000000 0.01979300000000000156
292 23.000000 20.000000 0.01927099999999999994
293 13.000000 13.000000 0.01642199999999999910
294 13.000000 12.000000 0.03695299999999999974
295 24.000000 18.000000 0.06315199999999999980
296 22.000000 17.000000 0.03539799999999999891
297 30.000000 22.000000 0.01385699999999999953
298 20.000000 16.000000 0.03150800000000000128
299 24.000000 19.000000 0.04327299999999999897
300 22.000000 19.000000 0.02405600000000000099
301 23.000000 20.000000 0.03534600000000000242
302 19.000000 17.000000 0.01566700000000000037
303 20.000000 18.000000 0.01670999999999999916
304 27.000000 20.000000 0.01597099999999999909
305 20.000000 17.000000 0.04001500000000000196
306 22.000000 19.000000 0.04188700000000000062
307 23.000000 19.000000 0.03346600000000000269
308 24.000000 20.000000 0.01536000000000000039
309 20.000000 17.000000 0.02837999999999999898
310 26.000000 20.000000 0.01669700000000000004
311 20.000000 17.000000 0.01643800000000000122
312 14.000000 13.000000 0.01617100000000000135
313 16.000000 14.000000 0.01692499999999999907
314 22.000000 18.000000 0.01699000000000000163
315 17.000000 17.000000 0.01589600000000000041
316 22.000000 17.000000 0.01551499999999999928
317 23.000000 20.000000 0.03213799999999999990
318 25.000000 19.000000 0.03960999999999999938
319 20.000000 17.000000 0.03348600000000000187
320 19.000000 17.000000 0.01757799999999999987
321 17.000000 16.000000 0.01760000000000000106
322 19.000000 18.000000 0.03473299999999999998
323 19.000000 16.000000 0.01551300000000000075
324 21.000000 18.000000 0.01661699999999999983
325 21.000000 17.000000 0.03847799999999999832
326 20.000000 17.000000 0.01531500000000000049
327 21.000000 17.000000 0.01523599999999999954
328 31.000000 22.000000 0.01500199999999999971
329 13.000000 12.000000 0.01666400000000000173
330 19.000000 16.000000 0.01503200000000000022
331 24.000000 19.000000 0.03911499999999999699
332 18.000000 15.000000 0.03244699999999999668
333 32.000000 21.000000 0.04376700000000000035
334 17.000000 16.000000 0.01846700000000000078
335 18.000000 17.000000 0.01781100000000000044
336 17.000000 15.000000 0.01854499999999999899
337 16.000000 15.000000 0.02042899999999999924
338 26.000000 19.000000 0.01483300000000000070
339 24.000000 18.000000 0.02856200000000000058
340 27.000000 20.000000 0.04366799999999999848
341 18.000000 18.000000 0.03675500000000000295
342 20.000000 17.000000 0.03429600000000000010
343 14.000000 14.000000 0.01552599999999999987
344 17.000000 15.000000 0.01534100000000000047
345 17.000000 15.000000 0.02226900000000000060
346 15.000000 14.000000 0.01512499999999999956
347 17.000000 15.000000 0.01606499999999999942
348 22.000000 17.000000 0.01463799999999999997
349 20.000000 17.000000 0.01991700000000000068
350 19.000000 18.000000 0.01612500000000000044
351 20.000000 17.000000 0.01786000000000000087
352 30.000000 22.000000 0.01364199999999999961
353 17.000000 16.000000 0.01749900000000000067
354 24.000000 19.000000 0.01588900000000000035
355 26.000000 20.000000 0.01689699999999999883
356 20.000000 18.000000 0.01678100000000000078
357 25.000000 20.000000 0.01541200000000000035
358 23.000000 19.000000 0.01547899999999999970
359 24.000000 20.000000 0.01619299999999999906
360 20.000000 17.000000 0.01572600000000000040
361 20.000000 19.000000 0.02387500000000000039
362 24.000000 19.000000 0.01546999999999999938
363 25.000000 20.000000 0.01542199999999999994
364 25.000000 19.000000 0.01706099999999999978
365 17.000000 15.000000 0.01556699999999999924
366 25.000000 22.000000 0.01535500000000000059
367 14.000000 14.000000 0.01789800000000000071
368 21.000000 18.000000 0.01591700000000000059
369 20.000000 19.000000 0.01915100000000000136
370 22.000000 19.000000 0.01824699999999999933
371 20.000000 17.000000 0.01784099999999999922
372 17.000000 17.000000 0.01592299999999999965
373 15.000000 15.000000 0.03153700000000000253
374 23.000000 18.000000 0.02568300000000000097
375 23.000000 18.000000 0.03248999999999999805
376 16.000000 15.000000 0.01980499999999999969
377 18.000000 16.000000 0.01940800000000000164
378 24.000000 20.000000 0.01525299999999999920
379 20.000000 17.000000 0.01604999999999999830
380 25.000000 20.000000 0.01432899999999999972
381 18.000000 17.000000 0.01991400000000000114
382 21.000000 17.000000 0.01785799999999999887
383 24.000000 20.000000 0.01579699999999999854
384 16.000000 14.000000 0.01510799999999999990
385 22.000000 20.000000 0.01861499999999999960
386 19.000000 16.000000 0.01719899999999999901
387 18.000000 15.000000 0.01973499999999999907
388 16.000000 15.000000 0.01593400000000000025
389 17.000000 15.000000 0.01528799999999999951
390 16.000000 15.000000 0.03611400000000000027
391 25.000000 19.000000 0.01623700000000000143
392 16.000000 16.000000 0.01599099999999999827
393 22.000000 17.000000 0.01440499999999999940
394 20.000000 18.000000 0.02105299999999999880
395 21.000000 17.000000 0.04114400000000000002
396 22.000000 18.000000 0.01703299999999999953
397 18.000000 17.000000 0.02609300000000000161
398 19.000000 17.000000 0.01892299999999999885
399 24.000000 22.000000 0.02862599999999999867
400 20.000000 16.000000 0.01750600000000000073
401 19.000000 15.000000 0.03267799999999999871
402 23.000000 18.000000 0.01664300000000000154
403 20.000000 17.000000 0.01635100000000000095
404 18.000000 17.000000 0.05056599999999999984
405 18.000000 15.000000 0.04839999999999999858
406 14.000000 13.000000 0.01580200000000000007
407 27.000000 22.000000 0.01931700000000000084
408 24.000000 23.000000 0.01508999999999999925
409 18.000000 17.000000 0.04685099999999999681
410 16.000000 15.000000 0.05344299999999999745
411 18.000000 16.000000 0.01419600000000000029
412 23.000000 20.000000 0.03824400000000000022
413 25.000000 22.000000 0.02518499999999999905
414 22.000000 20.000000 0.01586699999999999916
415 18.000000 16.000000 0.02246300000000000033
416 18.000000 16.000000 0.01598899999999999974
417 20.000000 18.000000 0.01657600000000000046
418 25.000000 20.000000 0.04133099999999999968
419 14.000000 14.000000 0.02443299999999999986
420 18.000000 15.000000 0.01610200000000000173
