1 33.000000 26.000000 0.43471500000000001807
2 31.000000 28.000000 0.15042700000000000515
3 34.000000 30.000000 0.09301600000000000146
4 41.000000 33.000000 0.08797199999999999465
5 35.000000 29.000000 0.06545099999999999529
6 50.000000 40.000000 0.04220399999999999846
7 33.000000 27.000000 0.04869199999999999917
8 32.000000 28.000000 0.03510499999999999732
9 42.000000 35.000000 0.07414099999999999857
10 42.000000 35.000000 0.05417000000000000287
11 38.000000 32.000000 0.08285599999999999909
12 26.000000 23.000000 0.03440200000000000202
13 22.000000 20.000000 0.04037000000000000310
14 26.000000 24.000000 0.03559899999999999870
15 43.000000 36.000000 0.05058200000000000196
16 45.000000 32.000000 0.03953399999999999970
17 47.000000 34.000000 0.07457099999999999840
18 33.000000 26.000000 0.04406000000000000194
19 42.000000 30.000000 0.03577299999999999924
20 46.000000 35.000000 0.03964299999999999768
21 51.000000 37.000000 0.04356399999999999856
22 47.000000 36.000000 0.08136500000000000676
23 64.000000 47.000000 0.04651000000000000273
24 35.000000 30.000000 0.04034999999999999698
25 49.000000 34.000000 0.09914399999999999602
26 37.000000 31.000000 0.04605599999999999972
27 32.000000 24.000000 0.05963399999999999951
28 44.000000 34.000000 0.10831899999999999862
29 36.000000 27.000000 0.07318800000000000305
30 41.000000 34.000000 0.11141500000000000015
31 28.000000 25.000000 0.09195399999999999407
32 39.000000 30.000000 0.05807400000000000062
33 31.000000 25.000000 0.04098399999999999960
34 35.000000 27.000000 0.03564900000000000013
35 43.000000 36.000000 0.05976900000000000268
36 43.000000 32.000000 0.03982600000000000029
37 44.000000 36.000000 0.03922199999999999992
38 39.000000 30.000000 0.04407599999999999713
39 33.000000 30.000000 0.05282900000000000096
40 32.000000 28.000000 0.05401299999999999851
41 41.000000 34.000000 0.03234599999999999975
42 39.000000 31.000000 0.03817700000000000260
43 42.000000 35.000000 0.04150199999999999723
44 47.000000 38.000000 0.03742399999999999893
45 35.000000 29.000000 0.04289300000000000057
46 35.000000 32.000000 0.08334600000000000342
47 37.000000 32.000000 0.06597500000000000586
48 42.000000 34.000000 0.03836500000000000327
49 39.000000 35.000000 0.03570999999999999869
50 40.000000 31.000000 0.04073600000000000138
51 40.000000 35.000000 0.03543500000000000122
52 53.000000 41.000000 0.03459700000000000275
53 32.000000 28.000000 0.09246699999999999364
54 54.000000 38.000000 0.02948299999999999879
55 45.000000 35.000000 0.04198600000000000249
56 38.000000 31.000000 0.03387799999999999839
57 33.000000 29.000000 0.05229000000000000314
58 35.000000 30.000000 0.03195699999999999930
59 47.000000 32.000000 0.04483100000000000279
60 36.000000 32.000000 0.03992199999999999915
61 35.000000 29.000000 0.05612199999999999828
62 48.000000 34.000000 0.03238599999999999812
63 41.000000 30.000000 0.03558000000000000052
64 43.000000 34.000000 0.04438999999999999890
65 49.000000 32.000000 0.03364000000000000323
66 57.000000 42.000000 0.03713999999999999940
67 41.000000 36.000000 0.03777200000000000002
68 61.000000 48.000000 0.04287699999999999845
69 35.000000 32.000000 0.02985399999999999859
70 38.000000 33.000000 0.03632099999999999912
71 34.000000 29.000000 0.05469899999999999762
72 55.000000 42.000000 0.04276599999999999846
73 35.000000 32.000000 0.04050800000000000234
74 32.000000 28.000000 0.03710299999999999709
75 42.000000 34.000000 0.05390999999999999959
76 43.000000 35.000000 0.03746300000000000324
77 45.000000 35.000000 0.04147399999999999698
78 30.000000 24.000000 0.03974799999999999861
79 44.000000 33.000000 0.05535099999999999743
80 34.000000 31.000000 0.03700799999999999923
81 51.000000 39.000000 0.07331899999999999529
82 31.000000 26.000000 0.08749500000000000333
83 44.000000 35.000000 0.08191299999999999970
84 48.000000 41.000000 0.04406399999999999900
85 38.000000 34.000000 0.03940400000000000152
86 31.000000 27.000000 0.03675300000000000095
87 37.000000 28.000000 0.05571799999999999670
88 49.000000 36.000000 0.04355200000000000043
89 43.000000 34.000000 0.06997799999999999854
90 37.000000 30.000000 0.03976899999999999880
91 46.000000 39.000000 0.04860600000000000337
92 36.000000 29.000000 0.06535699999999999843
93 60.000000 41.000000 0.04047300000000000203
94 24.000000 21.000000 0.03897699999999999776
95 44.000000 34.000000 0.12625700000000000811
96 39.000000 30.000000 0.07360700000000000576
97 27.000000 25.000000 0.10308599999999999708
98 37.000000 30.000000 0.08769699999999999718
99 50.000000 37.000000 0.05155799999999999966
100 53.000000 40.000000 0.03813799999999999829
101 46.000000 32.000000 0.04693499999999999756
102 31.000000 25.000000 0.09612900000000000611
103 43.000000 31.000000 0.03271400000000000002
104 46.000000 34.000000 0.04250500000000000111
105 38.000000 33.000000 0.04998099999999999765
106 34.000000 29.000000 0.04464800000000000019
107 26.000000 24.000000 0.03451100000000000001
108 37.000000 32.000000 0.07598100000000000687
109 28.000000 23.000000 0.06495299999999999685
110 44.000000 32.000000 0.04152000000000000135
111 23.000000 22.000000 0.02973599999999999854
112 40.000000 32.000000 0.05524400000000000144
113 40.000000 34.000000 0.03727400000000000158
114 29.000000 25.000000 0.04264699999999999741
115 44.000000 36.000000 0.05683300000000000157
116 51.000000 33.000000 0.04211999999999999772
117 39.000000 30.000000 0.04978799999999999892
118 40.000000 31.000000 0.04462300000000000294
119 30.000000 29.000000 0.07169499999999999484
120 50.000000 39.000000 0.08468499999999999639
121 42.000000 36.000000 0.03768900000000000028
122 30.000000 25.000000 0.03878100000000000297
123 48.000000 37.000000 0.04286899999999999739
124 62.000000 43.000000 0.03792100000000000332
125 22.000000 19.000000 0.04076799999999999868
126 50.000000 37.000000 0.02665100000000000108
127 63.000000 44.000000 0.04541599999999999804
128 36.000000 32.000000 0.08755799999999999694
129 31.000000 28.000000 0.06506699999999999984
130 52.000000 37.000000 0.03733100000000000307
131 47.000000 38.000000 0.07038200000000000012
132 34.000000 28.000000 0.03419400000000000217
133 43.000000 32.000000 0.05136000000000000287
134 40.000000 32.000000 0.07858600000000000307
135 42.000000 31.000000 0.06623500000000000221
136 28.000000 22.000000 0.06775299999999999379
137 48.000000 38.000000 0.03305999999999999911
138 30.000000 24.000000 0.03865500000000000186
139 36.000000 28.000000 0.04023800000000000293
140 23.000000 22.000000 0.04309700000000000336
141 52.000000 39.000000 0.04175899999999999751
142 51.000000 37.000000 0.03959000000000000019
143 31.000000 28.000000 0.03524100000000000149
144 40.000000 31.000000 0.03587400000000000311
145 35.000000 27.000000 0.03270900000000000196
146 41.000000 29.000000 0.08035799999999999887
147 58.000000 44.000000 0.04092599999999999710
148 38.000000 33.000000 0.03878800000000000303
149 38.000000 32.000000 0.04242699999999999944
150 47.000000 34.000000 0.04355300000000000143
151 44.000000 36.000000 0.10738999999999999935
152 42.000000 33.000000 0.07195999999999999619
153 24.000000 23.000000 0.05568100000000000133
154 49.000000 42.000000 0.03118599999999999844
155 51.000000 40.000000 0.02750199999999999867
156 40.000000 30.000000 0.03045799999999999896
157 40.000000 30.000000 0.06162499999999999922
158 36.000000 30.000000 0.04170000000000000095
159 43.000000 34.000000 0.03593099999999999766
160 36.000000 29.000000 0.04137600000000000305
161 29.000000 26.000000 0.03846700000000000119
162 42.000000 35.000000 0.04111100000000000171
163 36.000000 28.000000 0.06263199999999999323
164 55.000000 40.000000 0.08475199999999999401
165 42.000000 32.000000 0.14920600000000000529
166 31.000000 27.000000 0.09913800000000000390
167 41.000000 29.000000 0.09959500000000000297
168 46.000000 36.000000 0.13130800000000000805
169 41.000000 31.000000 0.06946700000000000097
170 52.000000 38.000000 0.05755400000000000099
171 32.000000 26.000000 0.04820100000000000079
172 39.000000 31.000000 0.04272600000000000009
173 30.000000 26.000000 0.03635700000000000043
174 44.000000 35.000000 0.03811200000000000004
175 59.000000 44.000000 0.09485599999999999588
176 41.000000 33.000000 0.04067899999999999988
177 43.000000 35.000000 0.07555599999999999816
178 39.000000 30.000000 0.09489000000000000212
179 29.000000 27.000000 0.13805400000000001004
180 32.000000 29.000000 0.05596099999999999686
181 27.000000 22.000000 0.08709000000000000075
182 56.000000 42.000000 0.06962400000000000533
183 28.000000 22.000000 0.04007999999999999757
184 39.000000 30.000000 0.08219700000000000617
185 29.000000 23.000000 0.06713500000000000023
186 42.000000 33.000000 0.03656700000000000228
187 45.000000 36.000000 0.03719700000000000090
188 39.000000 33.000000 0.02594799999999999884
189 47.000000 34.000000 0.04302000000000000268
190 35.000000 30.000000 0.03148800000000000210
191 44.000000 31.000000 0.03502299999999999858
192 38.000000 34.000000 0.02762300000000000172
193 46.000000 32.000000 0.02589199999999999835
194 46.000000 34.000000 0.03950000000000000039
195 31.000000 26.000000 0.03286800000000000138
196 46.000000 37.000000 0.04158200000000000091
197 51.000000 38.000000 0.03465300000000000324
198 32.000000 29.000000 0.04089600000000000180
199 40.000000 33.000000 0.03169299999999999895
200 25.000000 23.000000 0.08948699999999999710
201 35.000000 26.000000 0.08010899999999999965
202 40.000000 30.000000 0.09188899999999999846
203 33.000000 27.000000 0.03019600000000000062
204 34.000000 24.000000 0.04221699999999999758
205 47.000000 32.000000 0.04588300000000000017
206 39.000000 34.000000 0.03803999999999999743
207 41.000000 31.000000 0.04211700000000000166
208 32.000000 27.000000 0.10736600000000000310
209 48.000000 35.000000 0.07838299999999999434
210 34.000000 28.000000 0.08147799999999999487
211 44.000000 32.000000 0.08365699999999999525
212 32.000000 29.000000 0.06488199999999999523
213 39.000000 31.000000 0.04359500000000000181
214 43.000000 34.000000 0.03321799999999999753
215 38.000000 32.000000 0.03221299999999999858
216 35.000000 30.000000 0.03697899999999999798
217 47.000000 36.000000 0.04596999999999999698
218 47.000000 37.000000 0.05723000000000000309
219 57.000000 43.000000 0.02534099999999999894
220 44.000000 32.000000 0.03944199999999999789
221 59.000000 43.000000 0.10293800000000000172
222 41.000000 36.000000 0.04234899999999999776
223 54.000000 40.000000 0.07971599999999999520
224 36.000000 26.000000 0.07158000000000000473
225 43.000000 37.000000 0.07049900000000000611
226 58.000000 45.000000 0.10285800000000000498
227 29.000000 22.000000 0.12190700000000000147
228 24.000000 22.000000 0.08719399999999999373
229 38.000000 32.000000 0.04024500000000000299
230 57.000000 43.000000 0.02927499999999999894
231 37.000000 29.000000 0.03177800000000000069
232 28.000000 25.000000 0.04431999999999999829
233 33.000000 27.000000 0.05150199999999999917
234 38.000000 31.000000 0.04639100000000000168
235 40.000000 31.000000 0.05115999999999999714
236 45.000000 32.000000 0.09707799999999999763
237 37.000000 27.000000 0.03374599999999999822
238 39.000000 34.000000 0.03054799999999999877
239 36.000000 31.000000 0.03154300000000000159
240 36.000000 28.000000 0.04922200000000000186
241 41.000000 31.000000 0.04303200000000000081
242 39.000000 29.000000 0.04361000000000000293
243 57.000000 39.000000 0.02992300000000000168
244 45.000000 37.000000 0.03604199999999999765
245 56.000000 42.000000 0.03635599999999999943
246 37.000000 33.000000 0.03285699999999999732
247 48.000000 37.000000 0.04780600000000000127
248 41.000000 33.000000 0.04246500000000000274
249 24.000000 23.000000 0.04152800000000000241
250 42.000000 34.000000 0.05671000000000000346
251 43.000000 34.000000 0.04163100000000000134
252 39.000000 30.000000 0.10843800000000000661
253 45.000000 34.000000 0.04139099999999999724
254 42.000000 30.000000 0.02470500000000000126
255 45.000000 34.000000 0.03661500000000000171
256 40.000000 30.000000 0.08343899999999999928
257 43.000000 32.000000 0.08208000000000000018
258 34.000000 26.000000 0.05173699999999999827
259 25.000000 22.000000 0.09514699999999999547
260 40.000000 30.000000 0.03265200000000000047
261 37.000000 30.000000 0.04735000000000000320
262 36.000000 32.000000 0.05150199999999999917
263 58.000000 40.000000 0.10492300000000000237
264 44.000000 29.000000 0.05002600000000000102
265 38.000000 30.000000 0.03522499999999999937
266 40.000000 31.000000 0.04047599999999999809
267 36.000000 26.000000 0.03069500000000000006
268 41.000000 31.000000 0.03837399999999999839
269 28.000000 23.000000 0.04042799999999999866
270 34.000000 28.000000 0.03674000000000000182
271 42.000000 37.000000 0.04376900000000000235
272 44.000000 39.000000 0.05434400000000000341
273 43.000000 33.000000 0.07429299999999999793
274 34.000000 29.000000 0.08030700000000000338
275 33.000000 26.000000 0.06557999999999999940
276 20.000000 17.000000 0.07543400000000000105
277 24.000000 20.000000 0.06226399999999999990
278 31.000000 26.000000 0.11581400000000000028
279 31.000000 24.000000 0.03910299999999999887
280 38.000000 30.000000 0.08747199999999999420
281 37.000000 33.000000 0.05043999999999999873
282 46.000000 36.000000 0.04340299999999999714
283 38.000000 30.000000 0.03659500000000000253
284 45.000000 35.000000 0.05280599999999999877
285 46.000000 35.000000 0.03636299999999999949
286 25.000000 23.000000 0.03896800000000000264
287 37.000000 29.000000 0.05385100000000000303
288 44.000000 34.000000 0.03975999999999999673
289 46.000000 36.000000 0.05780699999999999728
290 22.000000 19.000000 0.04975299999999999861
291 36.000000 29.000000 0.06644300000000000206
292 33.000000 28.000000 0.12047800000000000176
293 37.000000 30.000000 0.04636799999999999949
294 27.000000 26.000000 0.04382699999999999790
295 38.000000 31.000000 0.04428599999999999898
296 25.000000 22.000000 0.08077900000000000358
297 38.000000 31.000000 0.05135200000000000181
298 38.000000 30.000000 0.03799199999999999799
299 24.000000 21.000000 0.05437399999999999872
300 50.000000 41.000000 0.03530699999999999811
301 39.000000 30.000000 0.05350400000000000295
302 37.000000 30.000000 0.06894699999999999440
303 39.000000 29.000000 0.05631099999999999994
304 39.000000 32.000000 0.06076700000000000157
305 33.000000 27.000000 0.05282799999999999996
306 42.000000 33.000000 0.05993500000000000216
307 40.000000 32.000000 0.03954300000000000176
308 45.000000 35.000000 0.04705700000000000160
309 39.000000 31.000000 0.03906699999999999756
310 45.000000 35.000000 0.07973299999999999832
311 44.000000 33.000000 0.05428100000000000286
312 41.000000 32.000000 0.11033999999999999364
313 48.000000 35.000000 0.05959799999999999820
314 36.000000 27.000000 0.03871499999999999941
315 53.000000 39.000000 0.05630099999999999688
316 24.000000 22.000000 0.04227000000000000202
317 41.000000 34.000000 0.03502299999999999858
318 48.000000 37.000000 0.05022599999999999981
319 35.000000 30.000000 0.03638700000000000268
320 45.000000 32.000000 0.03191800000000000193
321 29.000000 26.000000 0.04182000000000000300
322 34.000000 25.000000 0.05310499999999999943
323 31.000000 27.000000 0.05414999999999999675
324 51.000000 40.000000 0.07654600000000000293
325 40.000000 33.000000 0.07690900000000000514
326 45.000000 37.000000 0.10599300000000000388
327 35.000000 27.000000 0.08588400000000000201
328 20.000000 18.000000 0.09800899999999999890
329 45.000000 33.000000 0.09519800000000000484
330 31.000000 24.000000 0.08163099999999999523
331 35.000000 27.000000 0.11841100000000000236
332 38.000000 31.000000 0.09871900000000000119
333 46.000000 36.000000 0.07687099999999999489
334 35.000000 32.000000 0.05451700000000000296
335 25.000000 21.000000 0.13150600000000001177
336 24.000000 21.000000 0.04906499999999999750
337 40.000000 30.000000 0.02610099999999999920
338 30.000000 27.000000 0.04407699999999999813
339 57.000000 40.000000 0.04879200000000000204
340 48.000000 34.000000 0.04526000000000000162
341 29.000000 28.000000 0.13103400000000001158
342 43.000000 33.000000 0.04345199999999999757
343 38.000000 27.000000 0.03713700000000000334
344 31.000000 26.000000 0.03080799999999999858
345 34.000000 27.000000 0.04342599999999999932
346 50.000000 38.000000 0.03123799999999999841
347 56.000000 40.000000 0.05305800000000000100
348 41.000000 33.000000 0.04725900000000000239
349 42.000000 35.000000 0.07212599999999999567
350 47.000000 38.000000 0.07679999999999999327
351 42.000000 32.000000 0.10231400000000000217
352 34.000000 29.000000 0.10457600000000000229
353 22.000000 19.000000 0.06247899999999999981
354 30.000000 28.000000 0.05099299999999999666
355 23.000000 20.000000 0.04627599999999999769
356 49.000000 43.000000 0.04562399999999999789
357 37.000000 30.000000 0.05482399999999999773
358 38.000000 30.000000 0.04248199999999999893
359 53.000000 40.000000 0.04007000000000000145
360 34.000000 26.000000 0.08312300000000000244
361 49.000000 38.000000 0.03568700000000000344
362 39.000000 32.000000 0.04079599999999999893
363 28.000000 26.000000 0.03799600000000000199
364 34.000000 26.000000 0.06786699999999999677
365 46.000000 34.000000 0.02676399999999999960
366 46.000000 37.000000 0.04529699999999999699
367 38.000000 31.000000 0.03537799999999999973
368 32.000000 31.000000 0.06836100000000000509
369 44.000000 34.000000 0.06164900000000000241
370 21.000000 21.000000 0.04651799999999999685
371 35.000000 28.000000 0.04397800000000000320
372 41.000000 32.000000 0.05535799999999999749
373 50.000000 35.000000 0.10324400000000000244
374 32.000000 30.000000 0.09957100000000000672
375 43.000000 33.000000 0.04209500000000000047
376 24.000000 23.000000 0.04321200000000000041
377 41.000000 29.000000 0.03663299999999999890
378 32.000000 25.000000 0.03281599999999999795
379 30.000000 27.000000 0.03386700000000000127
380 37.000000 27.000000 0.05066400000000000070
381 54.000000 39.000000 0.03909399999999999681
382 44.000000 33.000000 0.04811200000000000199
383 39.000000 26.000000 0.05976299999999999668
384 28.000000 22.000000 0.02398399999999999838
385 42.000000 35.000000 0.04087799999999999767
386 42.000000 34.000000 0.03354000000000000037
387 40.000000 33.000000 0.04805700000000000249
388 24.000000 22.000000 0.03342400000000000232
389 42.000000 28.000000 0.04225799999999999695
390 37.000000 28.000000 0.06637400000000000244
391 45.000000 35.000000 0.07506799999999999584
392 43.000000 34.000000 0.04013300000000000201
393 48.000000 34.000000 0.08304200000000000470
394 20.000000 19.000000 0.04115599999999999814
395 28.000000 22.000000 0.04172000000000000014
396 32.000000 27.000000 0.04106800000000000034
397 29.000000 25.000000 0.04759200000000000236
398 54.000000 35.000000 0.07024099999999999788
399 46.000000 35.000000 0.04303200000000000081
400 28.000000 25.000000 0.03814800000000000135
401 38.000000 31.000000 0.03952599999999999864
402 48.000000 37.000000 0.05272999999999999909
403 34.000000 30.000000 0.05645100000000000118
404 46.000000 35.000000 0.06075900000000000051
405 29.000000 24.000000 0.04829300000000000259
406 43.000000 34.000000 0.05776699999999999890
407 39.000000 30.000000 0.03344500000000000250
408 36.000000 29.000000 0.09147299999999999875
409 13.000000 13.000000 0.03093600000000000169
410 45.000000 35.000000 0.03957100000000000201
411 42.000000 35.000000 0.03568000000000000338
412 37.000000 26.000000 0.06476099999999999912
413 47.000000 35.000000 0.06889299999999999591
414 54.000000 43.000000 0.03379800000000000165
415 20.000000 18.000000 0.03687000000000000000
416 42.000000 35.000000 0.04487499999999999822
417 36.000000 30.000000 0.06702500000000000124
418 30.000000 23.000000 0.08697000000000000564
419 38.000000 31.000000 0.07698199999999999488
420 62.000000 43.000000 0.07698800000000000088
