1 53.000000 42.000000 0.53410000000000001918
2 58.000000 48.000000 0.27767799999999998040
3 68.000000 53.000000 0.17016800000000001369
4 99.000000 80.000000 0.10723499999999999699
5 42.000000 34.000000 0.15704299999999998816
6 81.000000 67.000000 0.13236899999999998667
7 60.000000 48.000000 0.22757299999999999751
8 47.000000 37.000000 0.48299500000000000766
9 91.000000 69.000000 0.16460299999999999931
10 98.000000 75.000000 0.17613200000000001078
11 89.000000 68.000000 0.08401899999999999646
12 82.000000 61.000000 0.13481699999999999240
13 83.000000 69.000000 0.21949399999999999467
14 84.000000 65.000000 0.25355499999999997485
15 96.000000 78.000000 0.10317800000000000582
16 88.000000 67.000000 0.10651900000000000257
17 65.000000 53.000000 0.09708100000000000063
18 86.000000 58.000000 0.13190499999999999448
19 64.000000 49.000000 0.21196300000000001251
20 55.000000 42.000000 0.25379499999999999282
21 65.000000 50.000000 0.19178000000000000602
22 71.000000 60.000000 0.12061399999999999899
23 74.000000 60.000000 0.16432599999999999985
24 63.000000 51.000000 0.29373799999999999910
25 72.000000 55.000000 0.16844500000000001139
26 103.000000 79.000000 0.13045599999999998864
27 80.000000 66.000000 0.16383900000000001240
28 69.000000 53.000000 0.20974300000000001276
29 95.000000 73.000000 0.24083099999999998952
30 85.000000 68.000000 0.22744800000000001128
31 88.000000 69.000000 0.19615799999999999903
32 78.000000 61.000000 0.20783899999999999597
33 100.000000 81.000000 0.28211399999999997590
34 77.000000 62.000000 0.22406999999999999140
35 95.000000 78.000000 0.15705299999999999816
36 53.000000 44.000000 0.14919399999999999329
37 87.000000 67.000000 0.14251199999999999979
38 70.000000 62.000000 0.17188899999999998625
39 84.000000 64.000000 0.22442799999999998861
40 99.000000 83.000000 0.14790200000000000569
41 78.000000 64.000000 0.28802100000000002700
42 67.000000 56.000000 0.10985999999999999932
43 67.000000 53.000000 0.14746699999999998698
44 121.000000 94.000000 0.11288199999999999623
45 61.000000 44.000000 0.16639999999999999236
46 78.000000 58.000000 0.22219200000000000061
47 60.000000 51.000000 0.19284499999999998865
48 83.000000 72.000000 0.13159699999999999176
49 65.000000 48.000000 0.11298199999999999910
50 91.000000 66.000000 0.16908100000000000906
51 48.000000 41.000000 0.12513799999999999923
52 89.000000 64.000000 0.12142699999999999327
53 83.000000 69.000000 0.14930799999999999628
54 99.000000 77.000000 0.19220400000000001373
55 60.000000 51.000000 0.18772800000000000598
56 84.000000 61.000000 0.31623699999999999033
57 84.000000 64.000000 0.20464399999999999258
58 93.000000 77.000000 0.07678400000000000503
59 71.000000 57.000000 0.16709399999999999253
60 69.000000 55.000000 0.10835899999999999699
61 67.000000 53.000000 0.16074700000000000100
62 73.000000 61.000000 0.22891600000000000836
63 54.000000 48.000000 0.15692400000000000793
64 72.000000 56.000000 0.11546399999999999719
65 89.000000 64.000000 0.10146900000000000364
66 78.000000 63.000000 0.19886499999999998622
67 54.000000 46.000000 0.12439999999999999669
68 86.000000 69.000000 0.09463000000000000578
69 62.000000 50.000000 0.16222900000000001208
70 75.000000 60.000000 0.16413500000000000312
71 67.000000 58.000000 0.12306300000000000572
72 79.000000 60.000000 0.12257600000000000440
73 95.000000 75.000000 0.11172500000000000486
74 67.000000 50.000000 0.22213099999999999512
75 65.000000 49.000000 0.12944900000000000850
76 69.000000 56.000000 0.08363199999999999801
77 101.000000 78.000000 0.12538900000000000046
78 57.000000 48.000000 0.14442299999999999582
79 78.000000 61.000000 0.13186000000000000498
80 86.000000 61.000000 0.22775599999999998624
81 98.000000 71.000000 0.09142400000000000526
82 66.000000 48.000000 0.12156899999999999651
83 87.000000 77.000000 0.15434800000000001297
84 75.000000 60.000000 0.17578900000000000081
85 87.000000 67.000000 0.17850399999999999601
86 77.000000 56.000000 0.41097200000000000397
87 83.000000 63.000000 0.18097499999999999698
88 65.000000 52.000000 0.10659499999999999531
89 98.000000 72.000000 0.19510199999999999765
90 63.000000 56.000000 0.22340799999999999548
91 94.000000 68.000000 0.09216699999999999893
92 87.000000 68.000000 0.15034300000000000441
93 85.000000 68.000000 0.12408600000000000185
94 78.000000 64.000000 0.18936000000000000054
95 73.000000 59.000000 0.28357900000000002549
96 76.000000 57.000000 0.19980000000000000537
97 84.000000 62.000000 0.15202599999999999447
98 85.000000 64.000000 0.28208100000000002616
99 61.000000 52.000000 0.27549299999999998789
100 89.000000 66.000000 0.33132299999999997864
101 90.000000 66.000000 0.13016800000000000592
102 53.000000 41.000000 0.27511000000000002119
103 83.000000 65.000000 0.07929799999999999349
104 69.000000 54.000000 0.18659500000000001085
105 72.000000 55.000000 0.14068700000000000649
106 111.000000 82.000000 0.48820400000000002683
107 75.000000 62.000000 0.08345900000000000540
108 84.000000 64.000000 0.14128699999999999593
109 94.000000 75.000000 0.11736199999999999410
110 65.000000 56.000000 0.17814299999999999580
111 74.000000 57.000000 0.12727199999999999624
112 88.000000 70.000000 0.20096800000000000774
113 106.000000 88.000000 0.14772699999999999720
114 102.000000 69.000000 0.23206599999999999451
115 140.000000 102.000000 0.17133599999999998831
116 72.000000 59.000000 0.15428300000000000347
117 82.000000 63.000000 0.09230499999999999816
118 61.000000 50.000000 0.13975999999999999535
119 75.000000 56.000000 0.09990000000000000269
120 92.000000 71.000000 0.18381300000000000416
121 52.000000 45.000000 0.20609500000000000042
122 73.000000 60.000000 0.11671199999999999630
123 67.000000 53.000000 0.11326200000000000156
124 86.000000 68.000000 0.11736399999999999610
125 77.000000 65.000000 0.27795999999999998487
126 84.000000 65.000000 0.21220400000000000373
127 93.000000 72.000000 0.19854399999999999826
128 78.000000 61.000000 0.33189400000000002233
129 83.000000 61.000000 0.14190900000000000736
130 85.000000 61.000000 0.18382499999999998841
131 97.000000 73.000000 0.10375900000000000400
132 66.000000 56.000000 0.13826299999999999701
133 95.000000 69.000000 0.09280099999999999461
134 82.000000 60.000000 0.33355800000000002115
135 82.000000 69.000000 0.10150599999999999901
136 118.000000 85.000000 0.11711499999999999688
137 53.000000 42.000000 0.10611299999999999899
138 80.000000 63.000000 0.08391800000000000648
139 81.000000 65.000000 0.17505499999999998839
140 99.000000 69.000000 0.10429700000000000082
141 79.000000 65.000000 0.14092399999999999372
142 76.000000 61.000000 0.14792399999999999993
143 110.000000 71.000000 0.18057000000000000828
144 70.000000 57.000000 0.18620900000000001340
145 79.000000 63.000000 0.08748400000000000620
146 64.000000 52.000000 0.09003300000000000192
147 101.000000 74.000000 0.09517399999999999471
148 66.000000 54.000000 0.14441000000000001058
149 86.000000 69.000000 0.10198100000000000220
150 65.000000 55.000000 0.11259199999999999764
151 70.000000 51.000000 0.23562500000000000111
152 65.000000 48.000000 0.21105699999999999461
153 81.000000 63.000000 0.11788200000000000067
154 82.000000 60.000000 0.20012499999999999734
155 94.000000 73.000000 0.13450300000000001144
156 100.000000 75.000000 0.26729799999999998006
157 101.000000 74.000000 0.23355500000000001259
158 106.000000 79.000000 0.20023299999999999432
159 66.000000 56.000000 0.13845999999999999974
160 104.000000 76.000000 0.16895399999999999308
161 98.000000 76.000000 0.12639700000000000935
162 80.000000 59.000000 0.09120699999999999641
163 111.000000 84.000000 0.16268599999999999728
164 90.000000 69.000000 0.13522300000000000986
165 84.000000 62.000000 0.17341000000000000858
166 81.000000 66.000000 0.14337500000000000244
167 74.000000 54.000000 0.21161299999999999555
168 74.000000 59.000000 0.15277399999999999314
169 82.000000 67.000000 0.09778199999999999392
170 95.000000 68.000000 0.10004699999999999704
171 110.000000 79.000000 0.11541600000000000470
172 89.000000 67.000000 0.18638799999999999812
173 71.000000 58.000000 0.17193300000000000249
174 100.000000 78.000000 0.16525100000000000899
175 97.000000 66.000000 0.12429199999999999970
176 72.000000 62.000000 0.13178799999999998849
177 64.000000 52.000000 0.14273700000000000276
178 88.000000 64.000000 0.10476900000000000102
179 74.000000 61.000000 0.14120399999999999618
180 91.000000 67.000000 0.12158900000000000263
181 88.000000 70.000000 0.16744000000000000550
182 72.000000 54.000000 0.13138700000000000379
183 65.000000 52.000000 0.17102700000000001235
184 59.000000 49.000000 0.20806800000000000295
185 108.000000 71.000000 0.09954999999999999960
186 48.000000 42.000000 0.17572899999999999632
187 86.000000 66.000000 0.17555999999999999384
188 63.000000 52.000000 0.18806800000000001294
189 99.000000 77.000000 0.20053099999999998704
190 42.000000 40.000000 0.18382499999999998841
191 82.000000 65.000000 0.15360199999999998854
192 82.000000 61.000000 0.13306899999999999284
193 85.000000 64.000000 0.21892400000000000748
194 103.000000 81.000000 0.14728900000000000325
195 66.000000 54.000000 0.27504600000000001270
196 47.000000 40.000000 0.29356999999999999762
197 80.000000 60.000000 0.14087700000000000222
198 82.000000 70.000000 0.12231799999999999617
199 77.000000 59.000000 0.14963999999999999524
200 64.000000 52.000000 0.15069099999999999162
201 63.000000 51.000000 0.23704700000000000770
202 90.000000 63.000000 0.11511299999999999311
203 102.000000 81.000000 0.09869699999999999307
204 103.000000 79.000000 0.08626899999999999846
205 87.000000 73.000000 0.16750499999999998724
206 70.000000 55.000000 0.16960100000000000176
207 72.000000 57.000000 0.17388200000000000878
208 78.000000 63.000000 0.11453399999999999692
209 72.000000 57.000000 0.31815900000000002512
210 102.000000 75.000000 0.17542299999999999560
211 60.000000 44.000000 0.13392899999999999250
212 81.000000 61.000000 0.15094799999999999884
213 110.000000 72.000000 0.10052999999999999436
214 70.000000 48.000000 0.13550100000000001033
215 67.000000 48.000000 0.13267699999999998939
216 90.000000 60.000000 0.11679399999999999504
217 82.000000 57.000000 0.12839100000000000512
218 79.000000 66.000000 0.14909300000000000330
219 86.000000 69.000000 0.10039199999999999513
220 61.000000 49.000000 0.11556299999999999906
221 80.000000 66.000000 0.09755900000000000682
222 69.000000 55.000000 0.26431399999999999340
223 62.000000 52.000000 0.12958700000000000774
224 63.000000 54.000000 0.21258099999999999219
225 82.000000 70.000000 0.21359200000000000408
226 73.000000 61.000000 0.19713100000000000067
227 43.000000 38.000000 0.41649799999999997935
228 69.000000 54.000000 0.17248499999999999943
229 68.000000 54.000000 0.17798300000000000232
230 92.000000 72.000000 0.13033700000000000840
231 93.000000 68.000000 0.14272699999999999276
232 87.000000 65.000000 0.13612199999999999300
233 73.000000 57.000000 0.10158200000000000562
234 60.000000 46.000000 0.15524599999999999511
235 75.000000 61.000000 0.11642600000000000171
236 101.000000 76.000000 0.23000200000000001199
237 51.000000 38.000000 0.18490799999999998904
238 88.000000 63.000000 0.34791499999999997428
239 64.000000 49.000000 0.25397999999999998355
240 99.000000 74.000000 0.17525199999999999112
241 62.000000 58.000000 0.11172100000000000086
242 86.000000 64.000000 0.30220200000000002616
243 86.000000 66.000000 0.15766600000000000059
244 93.000000 66.000000 0.15679299999999998794
245 79.000000 60.000000 0.17559900000000000508
246 76.000000 62.000000 0.21519599999999999840
247 82.000000 69.000000 0.11711100000000000676
248 96.000000 73.000000 0.14666000000000001258
249 70.000000 58.000000 0.13656199999999998895
250 46.000000 38.000000 0.21841900000000000204
251 122.000000 87.000000 0.24952599999999999780
252 55.000000 43.000000 0.15221399999999998820
253 102.000000 68.000000 0.25816499999999997783
254 78.000000 59.000000 0.14805299999999999017
255 85.000000 69.000000 0.14365400000000000391
256 69.000000 56.000000 0.13713700000000000889
257 81.000000 61.000000 0.16592399999999998816
258 45.000000 37.000000 0.14279600000000000626
259 58.000000 46.000000 0.12391699999999999937
260 65.000000 55.000000 0.10910899999999999765
261 111.000000 76.000000 0.08254799999999999638
262 84.000000 59.000000 0.07908500000000000252
263 76.000000 52.000000 0.28808000000000000274
264 84.000000 71.000000 0.13313400000000000234
265 94.000000 67.000000 0.08111999999999999766
266 56.000000 42.000000 0.29760399999999997966
267 79.000000 61.000000 0.17080799999999998762
268 64.000000 51.000000 0.13420499999999999097
269 99.000000 74.000000 0.13287899999999999712
270 70.000000 54.000000 0.11685800000000000354
271 60.000000 50.000000 0.13640499999999999847
272 56.000000 46.000000 0.16365999999999999992
273 75.000000 61.000000 0.07587000000000000688
274 86.000000 66.000000 0.13736599999999998811
275 86.000000 70.000000 0.19291900000000000714
276 65.000000 49.000000 0.32663799999999998391
277 63.000000 52.000000 0.15015100000000000668
278 51.000000 38.000000 0.21096899999999998987
279 111.000000 85.000000 0.12738399999999999723
280 84.000000 63.000000 0.16525000000000000799
281 86.000000 69.000000 0.14956099999999999950
282 97.000000 70.000000 0.13767599999999999283
283 55.000000 44.000000 0.15062800000000001188
284 121.000000 93.000000 0.08696700000000000264
285 83.000000 64.000000 0.12177799999999999736
286 81.000000 64.000000 0.15362999999999998879
287 72.000000 64.000000 0.17826900000000001079
288 62.000000 51.000000 0.21869099999999999651
289 93.000000 66.000000 0.09553399999999999392
290 55.000000 44.000000 0.16043199999999999128
291 109.000000 79.000000 0.13167200000000001125
292 89.000000 68.000000 0.13098599999999999133
293 76.000000 57.000000 0.21837699999999998779
294 86.000000 64.000000 0.16718700000000000228
295 79.000000 61.000000 0.19473599999999999244
296 93.000000 74.000000 0.14331299999999999595
297 62.000000 56.000000 0.12410899999999999710
298 94.000000 71.000000 0.08114799999999999791
299 98.000000 74.000000 0.20831500000000000017
300 88.000000 67.000000 0.09997899999999999843
301 75.000000 59.000000 0.11598899999999999488
302 65.000000 54.000000 0.14299300000000000899
303 76.000000 54.000000 0.15562400000000001232
304 75.000000 54.000000 0.18471799999999999331
305 75.000000 61.000000 0.12379099999999999826
306 72.000000 56.000000 0.09551199999999999968
307 67.000000 59.000000 0.16969000000000000750
308 38.000000 36.000000 0.17243500000000000494
309 77.000000 57.000000 0.10978400000000000658
310 114.000000 81.000000 0.21389600000000000279
311 62.000000 49.000000 0.17843500000000001027
312 94.000000 76.000000 0.11678199999999999692
313 88.000000 62.000000 0.13090199999999999059
314 68.000000 55.000000 0.09587299999999999989
315 94.000000 68.000000 0.18321999999999999398
316 78.000000 58.000000 0.07982200000000000406
317 72.000000 62.000000 0.17046700000000000741
318 98.000000 75.000000 0.18883099999999999885
319 68.000000 53.000000 0.16888600000000000834
320 56.000000 41.000000 0.17292299999999999338
321 83.000000 71.000000 0.06945600000000000385
322 72.000000 54.000000 0.19807500000000000107
323 50.000000 41.000000 0.14969799999999999773
324 74.000000 56.000000 0.25251400000000001622
325 70.000000 59.000000 0.09183099999999999596
326 103.000000 77.000000 0.14709300000000000153
327 91.000000 67.000000 0.12316599999999999770
328 84.000000 68.000000 0.09280199999999999561
329 94.000000 69.000000 0.10135199999999999765
330 69.000000 58.000000 0.12048100000000000476
331 62.000000 50.000000 0.13221900000000000319
332 60.000000 46.000000 0.18350400000000000045
333 72.000000 57.000000 0.15739000000000000212
334 112.000000 85.000000 0.13197999999999998622
335 89.000000 67.000000 0.16142500000000001292
336 61.000000 47.000000 0.11040700000000000514
337 61.000000 52.000000 0.08300299999999999345
338 103.000000 79.000000 0.16573799999999999644
339 45.000000 39.000000 0.12581100000000000616
340 64.000000 53.000000 0.10400700000000000223
341 109.000000 76.000000 0.07978200000000000569
342 102.000000 79.000000 0.08668800000000000117
343 70.000000 50.000000 0.19190999999999999726
344 107.000000 83.000000 0.15123000000000000331
345 62.000000 47.000000 0.17119300000000001183
346 93.000000 77.000000 0.09754100000000000270
347 80.000000 59.000000 0.18682099999999998707
348 69.000000 58.000000 0.13206999999999999296
349 74.000000 56.000000 0.08887499999999999567
350 68.000000 51.000000 0.11133400000000000241
351 83.000000 70.000000 0.10896999999999999742
352 108.000000 76.000000 0.14216100000000000958
353 99.000000 76.000000 0.07713499999999999523
354 71.000000 59.000000 0.16287599999999999301
355 67.000000 53.000000 0.11436399999999999344
356 82.000000 66.000000 0.44913300000000000445
357 80.000000 67.000000 0.09227699999999999791
358 93.000000 77.000000 0.09059599999999999598
359 64.000000 52.000000 0.12243700000000000416
360 52.000000 43.000000 0.19535500000000000087
361 68.000000 53.000000 0.18193999999999999062
362 74.000000 60.000000 0.13342899999999999205
363 75.000000 60.000000 0.23254600000000000271
364 75.000000 59.000000 0.08706400000000000250
365 66.000000 54.000000 0.14528599999999999848
366 89.000000 69.000000 0.10585300000000000264
367 103.000000 71.000000 0.16009000000000001007
368 112.000000 81.000000 0.10431100000000000094
369 92.000000 70.000000 0.12368899999999999340
370 132.000000 98.000000 0.06912500000000000588
371 92.000000 65.000000 0.16261500000000000954
372 67.000000 54.000000 0.11748500000000000609
373 58.000000 45.000000 0.11756300000000000083
374 93.000000 68.000000 0.25385999999999997456
375 68.000000 53.000000 0.15153200000000000003
376 100.000000 74.000000 0.18364099999999999868
377 85.000000 63.000000 0.10602399999999999325
378 60.000000 48.000000 0.19503699999999998815
379 105.000000 72.000000 0.10831200000000000550
380 85.000000 62.000000 0.07911200000000000176
381 101.000000 73.000000 0.15691599999999999993
382 92.000000 64.000000 0.24499599999999999156
383 70.000000 54.000000 0.15457099999999998619
384 74.000000 57.000000 0.13450599999999998668
385 107.000000 85.000000 0.14197499999999999010
386 72.000000 55.000000 0.15503300000000000414
387 61.000000 48.000000 0.16455500000000000682
388 77.000000 59.000000 0.20543500000000000649
389 76.000000 64.000000 0.29671999999999998376
390 111.000000 79.000000 0.13458200000000000718
391 64.000000 53.000000 0.17722699999999999565
392 62.000000 48.000000 0.24739099999999999979
393 103.000000 77.000000 0.16500500000000001277
394 81.000000 59.000000 0.09990999999999999881
395 80.000000 66.000000 0.11195299999999999696
396 55.000000 47.000000 0.13317499999999998783
397 84.000000 63.000000 0.09274200000000000499
398 90.000000 66.000000 0.16199099999999999611
399 68.000000 57.000000 0.14285900000000001375
400 72.000000 57.000000 0.18641599999999999837
401 65.000000 53.000000 0.17569599999999999107
402 80.000000 68.000000 0.11301799999999999347
403 71.000000 52.000000 0.11181399999999999673
404 80.000000 63.000000 0.19525400000000001088
405 92.000000 70.000000 0.16536400000000001098
406 61.000000 57.000000 0.13177400000000000224
407 76.000000 58.000000 0.08086799999999999544
408 71.000000 52.000000 0.14287600000000000300
409 119.000000 88.000000 0.10125199999999999478
410 111.000000 82.000000 0.21058399999999999341
411 79.000000 59.000000 0.18744299999999999851
412 121.000000 83.000000 0.11047999999999999488
413 75.000000 61.000000 0.16158300000000000440
414 65.000000 52.000000 0.13443299999999999694
415 64.000000 53.000000 0.15464400000000000368
416 57.000000 49.000000 0.13985000000000000209
417 78.000000 58.000000 0.29742099999999999094
418 72.000000 55.000000 0.12050299999999999900
419 91.000000 67.000000 0.12796099999999999142
420 70.000000 60.000000 0.11837000000000000299
