1 154.000000 127.000000 1.06847699999999989906
2 152.000000 119.000000 0.85891799999999995929
3 160.000000 118.000000 0.78743900000000000006
4 88.000000 72.000000 1.03344700000000000450
5 155.000000 130.000000 1.11512499999999992184
6 144.000000 121.000000 0.98862799999999995126
7 116.000000 95.000000 1.44130500000000005834
8 161.000000 124.000000 1.71043900000000004269
9 195.000000 146.000000 0.63722800000000001663
10 149.000000 120.000000 0.73181600000000002204
11 171.000000 131.000000 0.79520699999999999719
12 139.000000 115.000000 2.83002699999999984826
13 112.000000 89.000000 1.09983800000000009334
14 134.000000 98.000000 0.90971800000000002662
15 196.000000 147.000000 0.57668099999999999916
16 109.000000 89.000000 0.67759100000000005437
17 175.000000 141.000000 0.57499500000000003386
18 154.000000 118.000000 0.63043099999999996363
19 188.000000 142.000000 0.92837199999999997502
20 218.000000 169.000000 1.20813299999999990142
21 211.000000 159.000000 0.89938600000000001877
22 174.000000 127.000000 1.28074599999999994004
23 215.000000 157.000000 1.29672800000000010279
24 132.000000 107.000000 1.32383600000000001273
25 177.000000 134.000000 0.91472299999999995279
26 191.000000 135.000000 0.91735699999999997800
27 173.000000 137.000000 0.93581000000000003070
28 159.000000 123.000000 2.94613699999999978374
29 142.000000 109.000000 1.07087599999999993905
30 133.000000 107.000000 0.67908000000000001695
31 230.000000 169.000000 0.31370799999999998686
32 155.000000 118.000000 0.75020699999999995722
33 128.000000 104.000000 1.58789200000000008117
34 200.000000 149.000000 0.30249300000000001187
35 158.000000 114.000000 0.67324899999999998634
36 140.000000 120.000000 0.63468000000000002192
37 186.000000 140.000000 0.58123499999999994614
38 211.000000 159.000000 0.52910599999999996523
39 162.000000 132.000000 0.91656400000000004535
40 183.000000 141.000000 0.59765800000000002257
41 170.000000 143.000000 0.53251899999999996460
42 167.000000 130.000000 8.31813200000000030343
43 166.000000 137.000000 0.94353399999999998382
44 181.000000 143.000000 1.27673299999999989573
45 106.000000 81.000000 1.36069599999999990558
46 157.000000 130.000000 0.55413100000000004020
47 150.000000 118.000000 0.80018999999999995687
48 125.000000 102.000000 0.92021500000000000519
49 122.000000 109.000000 0.71781399999999995210
50 186.000000 144.000000 0.66989100000000001423
51 180.000000 140.000000 0.58515300000000003422
52 178.000000 128.000000 1.02859400000000000830
53 153.000000 116.000000 0.78573199999999998600
54 136.000000 104.000000 1.16405800000000003713
55 169.000000 134.000000 0.59543800000000002282
56 131.000000 105.000000 0.87466699999999997228
57 137.000000 101.000000 1.33560499999999993115
58 134.000000 111.000000 0.77237000000000000099
59 141.000000 111.000000 0.54591699999999998560
60 141.000000 116.000000 0.90314300000000002910
61 143.000000 124.000000 0.42606600000000000028
62 219.000000 170.000000 0.89838399999999996037
63 127.000000 104.000000 0.67995799999999995133
64 223.000000 174.000000 0.87287099999999995248
65 170.000000 137.000000 1.31492499999999989946
66 109.000000 89.000000 0.85883399999999998631
67 199.000000 145.000000 1.93192199999999991711
68 236.000000 177.000000 1.08356300000000005390
69 141.000000 115.000000 0.69551499999999999435
70 151.000000 119.000000 1.25273900000000004695
71 155.000000 118.000000 4.20913800000000026813
72 185.000000 144.000000 1.17450699999999996770
73 150.000000 125.000000 1.07978400000000007708
74 178.000000 138.000000 0.93459800000000003983
75 175.000000 131.000000 0.48432300000000000351
76 153.000000 117.000000 0.77247399999999999398
77 163.000000 128.000000 0.70757300000000000750
78 137.000000 103.000000 0.66413599999999994861
79 141.000000 108.000000 2.41846199999999988961
80 124.000000 100.000000 0.45813799999999998969
81 188.000000 146.000000 0.70412699999999994738
82 189.000000 148.000000 1.00510799999999989041
83 165.000000 121.000000 1.32474699999999989686
84 164.000000 128.000000 1.23697900000000005072
85 186.000000 143.000000 2.11772600000000021936
86 181.000000 135.000000 0.66793899999999994943
87 160.000000 124.000000 0.53281900000000004258
88 199.000000 152.000000 0.83718300000000001049
89 136.000000 110.000000 0.43807499999999999218
90 189.000000 139.000000 2.87495399999999978746
91 173.000000 131.000000 0.56041600000000002524
92 159.000000 117.000000 1.49059999999999992504
93 185.000000 147.000000 0.96582100000000004059
94 263.000000 197.000000 1.83359099999999997088
95 156.000000 127.000000 3.90855299999999994398
96 132.000000 103.000000 1.01582100000000008500
97 287.000000 195.000000 3.48782300000000011764
98 168.000000 130.000000 0.55175899999999999945
99 180.000000 144.000000 2.44940099999999993940
100 159.000000 126.000000 1.60570199999999996265
101 213.000000 168.000000 0.51445399999999996687
102 206.000000 161.000000 0.65875799999999995471
103 166.000000 125.000000 0.83265699999999998049
104 156.000000 116.000000 0.73131699999999999484
105 226.000000 170.000000 2.97950699999999990553
106 202.000000 155.000000 0.67733100000000001639
107 163.000000 130.000000 1.20770500000000002849
108 98.000000 80.000000 1.03705699999999989558
109 194.000000 149.000000 1.00132400000000010287
110 210.000000 163.000000 0.86222100000000001518
111 204.000000 136.000000 3.74144899999999980267
112 253.000000 193.000000 1.09738000000000002210
113 201.000000 154.000000 0.46763599999999999612
114 175.000000 129.000000 0.87919000000000002704
115 122.000000 92.000000 1.25003599999999992498
116 137.000000 108.000000 0.86048500000000005539
117 184.000000 139.000000 0.59125799999999995027
118 146.000000 115.000000 0.94159700000000001729
119 136.000000 105.000000 0.44002200000000002422
120 164.000000 121.000000 0.99433199999999999363
121 107.000000 84.000000 0.96118300000000000960
122 185.000000 142.000000 0.61202299999999998370
123 135.000000 110.000000 0.77360899999999999110
124 110.000000 93.000000 0.61971100000000001184
125 160.000000 117.000000 1.06550900000000003942
126 155.000000 125.000000 0.75070700000000001317
127 147.000000 111.000000 1.01209100000000007391
128 163.000000 129.000000 0.27055200000000001470
129 207.000000 148.000000 0.71567199999999997484
130 163.000000 117.000000 0.93520700000000001051
131 213.000000 160.000000 0.89421899999999998609
132 218.000000 175.000000 1.90660300000000004772
133 196.000000 143.000000 0.78338900000000000201
134 183.000000 135.000000 3.54165399999999985781
135 175.000000 147.000000 0.48932500000000000995
136 189.000000 156.000000 1.00531900000000007367
137 201.000000 147.000000 1.18534199999999989572
138 180.000000 132.000000 0.44727600000000000691
139 78.000000 60.000000 1.09601199999999998624
140 163.000000 121.000000 0.73076300000000005141
141 204.000000 146.000000 1.76118700000000005801
142 152.000000 120.000000 0.91735199999999994525
143 167.000000 121.000000 1.25543800000000005390
144 160.000000 127.000000 0.72529699999999996951
145 148.000000 122.000000 2.97423400000000004439
146 134.000000 113.000000 0.76152399999999997871
147 212.000000 167.000000 0.30560700000000001753
148 109.000000 91.000000 1.84179000000000003823
149 123.000000 94.000000 1.10981200000000002071
150 179.000000 135.000000 0.98750800000000005241
151 106.000000 83.000000 1.28324900000000008404
152 175.000000 132.000000 1.29229100000000007853
153 147.000000 125.000000 0.78207099999999996065
154 215.000000 152.000000 0.76481799999999999784
155 159.000000 130.000000 0.51049199999999994581
156 167.000000 128.000000 1.28252100000000002211
157 173.000000 138.000000 0.80386100000000004773
158 159.000000 131.000000 0.95299900000000004052
159 156.000000 122.000000 1.17161000000000004029
160 166.000000 138.000000 0.34276000000000000911
161 177.000000 141.000000 0.67290799999999995062
162 178.000000 144.000000 0.59293600000000001859
163 179.000000 135.000000 1.27006499999999999950
164 150.000000 120.000000 0.50964200000000003943
165 175.000000 131.000000 0.43042999999999997929
166 147.000000 115.000000 1.28201499999999990465
167 137.000000 105.000000 0.58815799999999995862
168 178.000000 142.000000 0.98104700000000000237
169 158.000000 121.000000 0.81917300000000004001
170 184.000000 134.000000 0.90892700000000004046
171 167.000000 128.000000 1.16695499999999996454
172 160.000000 108.000000 1.46778399999999997760
173 232.000000 162.000000 0.42335000000000000409
174 111.000000 93.000000 0.92115999999999997883
175 224.000000 157.000000 1.05986699999999989252
176 209.000000 156.000000 0.78699200000000002486
177 156.000000 127.000000 0.63868599999999997596
178 156.000000 119.000000 0.82811500000000004551
179 191.000000 149.000000 1.71521699999999999164
180 181.000000 139.000000 0.70696599999999998332
181 228.000000 173.000000 0.99107199999999995299
182 164.000000 119.000000 0.31750699999999998369
183 199.000000 150.000000 0.99061100000000001931
184 160.000000 125.000000 0.43609100000000000641
185 153.000000 124.000000 0.51753400000000004955
186 175.000000 129.000000 1.28640099999999990565
187 168.000000 124.000000 9.61590299999999942315
188 156.000000 125.000000 0.53133500000000000174
189 224.000000 161.000000 1.40083500000000005237
190 133.000000 112.000000 0.59827900000000000524
191 139.000000 112.000000 1.26542200000000004678
192 208.000000 156.000000 1.69177899999999992176
193 168.000000 129.000000 2.60030099999999997351
194 221.000000 169.000000 0.80289100000000002133
195 181.000000 137.000000 0.42722300000000001940
196 203.000000 161.000000 1.03873499999999996390
197 160.000000 133.000000 0.87813799999999997414
198 134.000000 94.000000 1.58258699999999996599
199 172.000000 131.000000 0.73807599999999995433
200 157.000000 126.000000 1.15810600000000007981
201 222.000000 173.000000 2.23762300000000013966
202 166.000000 125.000000 1.92809099999999999930
203 199.000000 152.000000 2.29100400000000004042
204 208.000000 153.000000 0.84159700000000003950
205 111.000000 88.000000 1.32121500000000002828
206 149.000000 116.000000 1.02965299999999992941
207 251.000000 169.000000 0.78460499999999999687
208 160.000000 126.000000 0.32824999999999998623
209 159.000000 127.000000 0.65095199999999997509
210 127.000000 107.000000 1.20331100000000001948
211 197.000000 143.000000 0.37226100000000000856
212 166.000000 133.000000 0.80809799999999998299
213 162.000000 129.000000 0.84865000000000001545
214 178.000000 143.000000 0.41499200000000002753
215 146.000000 123.000000 0.82860900000000003995
216 185.000000 141.000000 0.40316499999999999559
217 214.000000 154.000000 0.53385000000000004672
218 188.000000 145.000000 3.86768499999999981753
219 140.000000 117.000000 0.93693499999999996231
220 178.000000 139.000000 0.48936699999999999644
221 240.000000 185.000000 0.82083700000000003882
222 195.000000 136.000000 1.13862599999999991596
223 151.000000 122.000000 0.42687300000000000244
224 181.000000 138.000000 1.14743100000000008976
225 110.000000 88.000000 4.91634300000000035169
226 260.000000 198.000000 0.27553899999999997839
227 96.000000 77.000000 0.75274300000000005095
228 167.000000 132.000000 0.89195299999999999585
229 179.000000 142.000000 1.59031199999999994787
230 220.000000 160.000000 0.82355900000000004102
231 166.000000 129.000000 1.45886500000000007837
232 164.000000 125.000000 1.70213199999999997836
233 125.000000 103.000000 2.35328900000000018622
234 178.000000 137.000000 0.29655399999999998428
235 182.000000 147.000000 0.81737899999999996670
236 143.000000 102.000000 1.72989499999999996049
237 169.000000 127.000000 0.72065900000000004955
238 161.000000 115.000000 3.93684499999999992781
239 143.000000 110.000000 1.23090000000000010516
240 100.000000 75.000000 1.17497899999999999565
241 150.000000 118.000000 3.02135199999999981557
242 215.000000 157.000000 0.95395200000000002216
243 165.000000 125.000000 1.80665600000000003966
244 159.000000 137.000000 0.79862999999999995104
245 181.000000 131.000000 0.98103099999999998637
246 175.000000 128.000000 0.59347300000000002829
247 184.000000 141.000000 0.82743100000000002758
248 171.000000 142.000000 0.52790700000000001513
249 189.000000 137.000000 0.49697599999999997333
250 168.000000 137.000000 0.75108299999999994512
251 152.000000 123.000000 0.89678000000000002156
252 209.000000 161.000000 1.08916300000000010328
253 173.000000 136.000000 0.70112699999999994471
254 146.000000 112.000000 1.00187500000000007105
255 130.000000 87.000000 1.95528999999999997250
256 169.000000 136.000000 0.49845899999999998542
257 110.000000 88.000000 0.77693599999999995998
258 207.000000 145.000000 0.59214800000000000768
259 196.000000 146.000000 0.49624200000000001642
260 205.000000 151.000000 0.76092599999999999127
261 155.000000 123.000000 0.68756099999999997774
262 269.000000 198.000000 0.52214899999999997426
263 146.000000 109.000000 0.74587499999999995470
264 141.000000 106.000000 1.02280400000000004646
265 135.000000 102.000000 1.85508399999999995522
266 200.000000 162.000000 1.14350799999999996892
267 149.000000 131.000000 0.55780899999999999928
268 194.000000 142.000000 0.92949000000000003840
269 161.000000 127.000000 0.80449099999999995614
270 101.000000 83.000000 1.32509199999999993658
271 206.000000 155.000000 0.80669699999999999740
272 180.000000 130.000000 0.49838799999999999768
273 234.000000 169.000000 1.76438699999999992762
274 168.000000 142.000000 0.38301299999999999235
275 90.000000 70.000000 0.86502000000000001112
276 186.000000 138.000000 0.63044000000000000039
277 134.000000 97.000000 1.09101000000000003531
278 122.000000 97.000000 1.34688000000000007716
279 139.000000 111.000000 0.88236000000000003318
280 161.000000 123.000000 0.39178200000000001912
281 154.000000 124.000000 0.89560700000000004195
282 154.000000 135.000000 0.46066000000000001391
283 157.000000 118.000000 0.86159399999999997100
284 144.000000 118.000000 0.61936599999999997213
285 156.000000 115.000000 2.93711000000000010957
286 174.000000 131.000000 0.34061399999999997235
287 188.000000 139.000000 0.48387099999999999556
288 228.000000 165.000000 0.38656499999999999195
289 167.000000 127.000000 0.68069999999999997176
290 144.000000 107.000000 2.87295299999999986795
291 173.000000 142.000000 0.80217099999999996740
292 219.000000 154.000000 0.65485300000000001841
293 184.000000 149.000000 0.59891799999999995041
294 179.000000 138.000000 1.52625799999999989254
295 155.000000 121.000000 1.13480300000000000615
296 123.000000 104.000000 1.08079299999999989268
297 159.000000 118.000000 1.42657999999999995921
298 113.000000 89.000000 0.98065000000000002167
299 191.000000 140.000000 6.92941599999999979786
300 191.000000 135.000000 0.68645699999999998386
301 216.000000 171.000000 0.96566300000000004911
302 124.000000 102.000000 1.76691599999999993109
303 191.000000 147.000000 0.74461900000000003086
304 137.000000 104.000000 1.79883900000000007680
305 210.000000 171.000000 0.70838500000000004242
306 117.000000 94.000000 0.82391300000000000647
307 201.000000 148.000000 18.21325900000000075352
308 147.000000 114.000000 0.69130400000000002958
309 157.000000 125.000000 2.27034799999999981068
310 220.000000 171.000000 0.32441300000000000692
311 197.000000 145.000000 0.81041300000000004999
312 138.000000 106.000000 1.59762399999999993305
313 186.000000 150.000000 1.45826100000000002943
314 194.000000 148.000000 0.50844000000000000306
315 123.000000 102.000000 2.46038200000000006895
316 139.000000 109.000000 0.90217599999999997795
317 164.000000 125.000000 2.88269999999999981810
318 183.000000 133.000000 0.57953100000000001835
319 162.000000 125.000000 0.72045499999999995655
320 109.000000 90.000000 1.37897899999999995480
321 198.000000 153.000000 0.44645000000000001350
322 190.000000 150.000000 1.95518400000000003303
323 151.000000 118.000000 1.37692400000000003679
324 157.000000 127.000000 0.70294100000000003803
325 147.000000 114.000000 0.68856099999999997863
326 132.000000 104.000000 1.15938600000000002765
327 203.000000 146.000000 0.47473900000000002208
328 188.000000 143.000000 1.44536099999999989585
329 135.000000 110.000000 0.82688899999999998514
330 137.000000 112.000000 1.16904300000000005433
331 152.000000 116.000000 0.64510500000000003951
332 164.000000 115.000000 0.66569199999999995043
333 185.000000 136.000000 0.71101099999999994861
334 213.000000 154.000000 0.78108299999999997176
335 156.000000 114.000000 1.76582900000000009300
336 124.000000 93.000000 0.97700299999999995482
337 148.000000 115.000000 0.87633399999999994634
338 184.000000 144.000000 0.41588799999999997992
339 214.000000 156.000000 0.41371599999999997266
340 132.000000 101.000000 0.72640599999999999614
341 196.000000 142.000000 4.18723099999999970322
342 174.000000 129.000000 0.47572100000000000497
343 116.000000 93.000000 1.47388099999999999667
344 148.000000 122.000000 0.40338400000000002033
345 174.000000 126.000000 0.42864099999999999424
346 159.000000 128.000000 0.49051499999999997881
347 151.000000 120.000000 0.33311899999999999844
348 171.000000 128.000000 1.12585000000000001741
349 144.000000 106.000000 1.61915800000000009717
350 163.000000 132.000000 0.41760700000000000598
351 148.000000 126.000000 0.56023800000000001376
352 212.000000 166.000000 0.51269299999999995432
353 205.000000 149.000000 0.67137100000000005107
354 183.000000 144.000000 0.82110399999999994503
355 185.000000 141.000000 0.33623999999999998334
356 160.000000 124.000000 0.97848900000000005317
357 170.000000 130.000000 0.46671600000000001973
358 152.000000 119.000000 0.56862599999999996481
359 151.000000 113.000000 0.79708500000000004349
360 178.000000 145.000000 2.44902400000000008973
361 210.000000 160.000000 1.21085599999999993237
362 173.000000 133.000000 1.57605299999999992622
363 215.000000 169.000000 1.26228099999999998637
364 189.000000 137.000000 1.21896399999999993646
365 125.000000 113.000000 1.28492999999999990557
366 163.000000 123.000000 1.32965899999999992431
367 216.000000 170.000000 0.55666599999999999415
368 190.000000 146.000000 0.76285300000000000331
369 186.000000 137.000000 0.50305999999999995165
370 168.000000 132.000000 1.02472399999999996822
371 179.000000 148.000000 0.58302799999999999070
372 144.000000 113.000000 0.98928899999999997394
373 122.000000 95.000000 2.12158500000000005414
374 164.000000 129.000000 0.56054999999999999272
375 117.000000 98.000000 0.70279400000000002979
376 168.000000 132.000000 0.68363600000000002144
377 138.000000 103.000000 0.65247399999999999842
378 194.000000 160.000000 0.36384400000000000075
379 187.000000 136.000000 1.07592899999999991323
380 141.000000 109.000000 0.54408999999999996255
381 172.000000 127.000000 0.89252500000000001279
382 161.000000 125.000000 0.60937399999999997124
383 150.000000 119.000000 0.87802400000000002667
384 186.000000 140.000000 0.36691200000000001591
385 207.000000 152.000000 0.67514399999999996638
386 178.000000 140.000000 0.50446899999999994524
387 156.000000 129.000000 0.64706200000000002603
388 182.000000 140.000000 1.21879300000000001525
389 140.000000 119.000000 0.98842200000000002280
390 229.000000 169.000000 0.61651000000000000245
391 268.000000 181.000000 1.10296599999999989095
392 187.000000 150.000000 1.76679800000000009064
393 188.000000 150.000000 0.67066999999999998838
394 266.000000 180.000000 0.62525200000000002998
395 183.000000 143.000000 1.14020999999999994579
396 212.000000 167.000000 1.26046499999999994657
397 205.000000 147.000000 0.70422099999999998587
398 165.000000 130.000000 0.72489599999999998481
399 178.000000 141.000000 1.27855300000000005056
400 126.000000 101.000000 0.54974199999999995292
401 114.000000 85.000000 1.39406399999999996986
402 187.000000 143.000000 3.21921599999999985542
403 166.000000 117.000000 0.48837799999999997880
404 130.000000 108.000000 0.52458099999999996399
405 186.000000 137.000000 0.84795200000000003904
406 147.000000 120.000000 0.68463899999999999757
407 181.000000 142.000000 3.13100500000000003809
408 157.000000 121.000000 1.09859299999999993069
409 178.000000 144.000000 0.49403599999999997516
410 167.000000 136.000000 0.78719099999999997408
411 206.000000 152.000000 4.45583599999999968588
412 163.000000 124.000000 0.93056300000000002903
413 136.000000 117.000000 0.64161699999999999289
414 208.000000 154.000000 0.71082800000000001539
415 190.000000 145.000000 0.69836100000000000954
416 209.000000 173.000000 0.70693099999999997607
417 165.000000 131.000000 0.61411000000000004473
418 184.000000 136.000000 0.29402400000000000757
419 122.000000 92.000000 2.81089099999999980639
420 174.000000 134.000000 0.49920300000000000784
