1 290.000000 219.000000 13.40392300000000069815
2 364.000000 282.000000 11.63360199999999977649
3 315.000000 238.000000 4.90119699999999980378
4 308.000000 267.000000 14.22954599999999913962
5 343.000000 279.000000 6.58073399999999963939
6 420.000000 324.000000 7.74203599999999969583
7 337.000000 254.000000 8.89230000000000053717
8 284.000000 219.000000 22.66163500000000041723
9 380.000000 283.000000 111.43074699999999666034
10 423.000000 318.000000 4.37661799999999967525
11 291.000000 220.000000 29.13017400000000023397
12 278.000000 221.000000 21.73657899999999898455
13 475.000000 365.000000 3.90958899999999998087
14 441.000000 332.000000 31.69241299999999839088
15 274.000000 213.000000 35.01738100000000031287
16 495.000000 373.000000 26.78352699999999941838
17 311.000000 240.000000 41.19407999999999958618
18 325.000000 266.000000 4.51059500000000035413
19 273.000000 194.000000 57.08378600000000346881
20 317.000000 246.000000 12.42993099999999984107
21 238.000000 197.000000 17.04396900000000059094
22 371.000000 287.000000 24.22017400000000009186
23 429.000000 328.000000 14.81429299999999926740
24 292.000000 230.000000 6.65210699999999999221
25 287.000000 230.000000 11.11717299999999930549
26 354.000000 284.000000 3.91114199999999989643
27 311.000000 242.000000 54.47757200000000210593
28 479.000000 357.000000 7.36796200000000034436
29 237.000000 184.000000 9.30046600000000012187
30 314.000000 258.000000 12.35383200000000059049
31 269.000000 219.000000 21.46411300000000110799
32 385.000000 285.000000 113.34628100000000472392
33 379.000000 304.000000 8.90109900000000031639
34 264.000000 222.000000 4.53551699999999957669
35 302.000000 229.000000 4.84911199999999986687
36 384.000000 302.000000 62.59976100000000087675
37 263.000000 217.000000 20.13154400000000165960
38 377.000000 298.000000 28.05851200000000034152
39 398.000000 295.000000 16.98566900000000146065
40 308.000000 241.000000 21.27645000000000052864
41 253.000000 185.000000 17.51654999999999873239
42 245.000000 197.000000 9.44927900000000065006
43 350.000000 268.000000 89.73374099999999486954
44 378.000000 299.000000 6.00927100000000002922
45 417.000000 327.000000 2.40243299999999981864
46 318.000000 252.000000 9.14306599999999924933
47 256.000000 208.000000 18.45270199999999860552
48 292.000000 234.000000 7.49039799999999988955
49 342.000000 277.000000 18.93674000000000035016
50 271.000000 219.000000 18.63600399999999979173
51 209.000000 175.000000 7.87078499999999969816
52 374.000000 281.000000 0.57203899999999996417
53 253.000000 193.000000 19.18827800000000038949
54 483.000000 365.000000 8.95626999999999995339
55 363.000000 278.000000 7.44163999999999958845
56 242.000000 189.000000 18.12011499999999841748
57 339.000000 262.000000 24.55774200000000107025
58 261.000000 212.000000 4.90408099999999969043
59 342.000000 267.000000 46.49974300000000226873
60 325.000000 250.000000 37.42338500000000323098
61 245.000000 183.000000 9.00711300000000036903
62 330.000000 247.000000 124.58777100000000359614
63 458.000000 343.000000 14.01309200000000032560
64 395.000000 292.000000 6.76214099999999973534
65 361.000000 279.000000 18.68316599999999993997
66 303.000000 251.000000 14.55982500000000001705
67 304.000000 234.000000 68.16291599999999561987
68 358.000000 265.000000 43.15281099999999980810
69 289.000000 224.000000 27.94317900000000065575
70 458.000000 345.000000 18.57799999999999940314
71 442.000000 334.000000 19.53926900000000088653
72 373.000000 303.000000 18.45086799999999982447
73 429.000000 337.000000 30.70227600000000123259
74 378.000000 321.000000 11.55145399999999966667
75 358.000000 264.000000 14.47807300000000019224
76 358.000000 289.000000 15.09621100000000026853
77 409.000000 319.000000 25.02690600000000031855
78 327.000000 280.000000 10.70665600000000061698
79 271.000000 223.000000 40.66846300000000269392
80 321.000000 252.000000 28.20642899999999997362
81 423.000000 303.000000 74.60868000000000677119
82 331.000000 260.000000 26.13352799999999831471
83 357.000000 277.000000 52.35514400000000279078
84 424.000000 321.000000 2.80860900000000013321
85 437.000000 328.000000 6.15160999999999980048
86 378.000000 301.000000 3.53804199999999990922
87 287.000000 211.000000 39.94901099999999871670
88 245.000000 191.000000 13.67308899999999916020
89 358.000000 284.000000 3.13808499999999979124
90 331.000000 276.000000 24.21820800000000062369
91 219.000000 173.000000 5.26664799999999999613
92 321.000000 224.000000 10.06279600000000051807
93 433.000000 326.000000 85.78667299999999329430
94 306.000000 258.000000 9.01426700000000025170
95 453.000000 342.000000 5.34567499999999995453
96 351.000000 261.000000 2.53836199999999978516
97 437.000000 326.000000 19.58618399999999937222
98 261.000000 215.000000 21.13542500000000146088
99 253.000000 210.000000 10.67567700000000030514
100 461.000000 344.000000 26.36893399999999942906
101 370.000000 286.000000 19.58737899999999854117
102 424.000000 298.000000 3.86697900000000016618
103 428.000000 319.000000 35.27874200000000115551
104 306.000000 233.000000 27.72136499999999870170
105 282.000000 237.000000 16.58687199999999961619
106 382.000000 297.000000 6.59226799999999979462
107 207.000000 166.000000 34.61960799999999949250
108 334.000000 261.000000 9.82064899999999951774
109 376.000000 297.000000 84.92135700000000042564
110 306.000000 248.000000 39.76137299999999896727
111 319.000000 256.000000 2.50170899999999996055
112 233.000000 189.000000 35.49651699999999721058
113 308.000000 227.000000 29.00888799999999889678
114 360.000000 283.000000 5.07926699999999975432
115 224.000000 171.000000 25.45289500000000160185
116 333.000000 252.000000 77.92959999999999354259
117 336.000000 254.000000 8.07423099999999926979
118 342.000000 261.000000 44.73161799999999743704
119 318.000000 246.000000 11.99761699999999997601
120 362.000000 303.000000 10.49638700000000035573
121 363.000000 286.000000 8.68415700000000079228
122 240.000000 197.000000 8.19228599999999929082
123 352.000000 282.000000 56.75862000000000051614
124 354.000000 264.000000 19.31483700000000069963
125 440.000000 338.000000 14.66661500000000017963
126 276.000000 224.000000 9.82744300000000059470
127 409.000000 329.000000 6.43460400000000021237
128 287.000000 229.000000 5.59726199999999973755
129 401.000000 309.000000 52.67973400000000339105
130 316.000000 235.000000 21.33290200000000069736
131 348.000000 264.000000 5.44077199999999994162
132 305.000000 239.000000 28.06835900000000094678
133 344.000000 258.000000 14.66206099999999956651
134 374.000000 286.000000 43.08503499999999775127
135 366.000000 294.000000 14.96183100000000010255
136 380.000000 299.000000 3.92232799999999981466
137 291.000000 236.000000 25.29184800000000166165
138 319.000000 262.000000 10.13452500000000000568
139 396.000000 312.000000 1.65286899999999992161
140 372.000000 295.000000 17.66575999999999879719
141 304.000000 250.000000 10.43290000000000006253
142 245.000000 207.000000 9.33651099999999978252
143 219.000000 182.000000 5.15111200000000035715
144 263.000000 200.000000 31.78800199999999875899
145 345.000000 289.000000 18.10372800000000026444
146 308.000000 242.000000 22.80294699999999963325
147 415.000000 305.000000 19.30953999999999837200
148 358.000000 271.000000 38.71158799999999899910
149 218.000000 179.000000 19.66474099999999936017
150 289.000000 234.000000 42.91109699999999804731
151 312.000000 255.000000 9.90716300000000060777
152 374.000000 282.000000 15.92113799999999912416
153 266.000000 224.000000 5.02910300000000010101
154 411.000000 320.000000 12.34073099999999989507
155 297.000000 228.000000 9.23740100000000019520
156 321.000000 253.000000 4.95513300000000000978
157 240.000000 196.000000 11.50319099999999927775
158 368.000000 282.000000 30.62081099999999977967
159 340.000000 265.000000 5.18565300000000029002
160 338.000000 274.000000 6.60737899999999989120
161 289.000000 213.000000 24.89376899999999892543
162 352.000000 269.000000 7.02837499999999959499
163 362.000000 298.000000 13.12328899999999975989
164 266.000000 218.000000 13.57688199999999945078
165 401.000000 312.000000 11.81128700000000009140
166 378.000000 296.000000 16.90924199999999899546
167 312.000000 268.000000 18.01023800000000107957
168 281.000000 210.000000 31.85903800000000174464
169 445.000000 319.000000 16.79729800000000139448
170 362.000000 262.000000 27.96348499999999859256
171 365.000000 259.000000 96.99288099999999701595
172 349.000000 260.000000 5.85011800000000015132
173 254.000000 204.000000 24.38959699999999841680
174 366.000000 285.000000 26.29878400000000127079
175 337.000000 268.000000 28.25865599999999844272
176 354.000000 287.000000 16.46334099999999978081
177 324.000000 258.000000 56.11019100000000037198
178 308.000000 228.000000 65.87855600000000322325
179 382.000000 286.000000 71.33356899999999711781
180 456.000000 340.000000 24.29572699999999940701
181 366.000000 289.000000 21.31932400000000171758
182 403.000000 317.000000 23.10881399999999885608
183 319.000000 221.000000 141.45705300000000192995
184 355.000000 273.000000 11.63135899999999978149
185 357.000000 267.000000 17.16175099999999886791
186 349.000000 282.000000 10.40555100000000088301
187 366.000000 284.000000 48.53289600000000092450
188 228.000000 182.000000 24.62732600000000005025
189 278.000000 226.000000 15.13021400000000049602
190 225.000000 188.000000 26.20500799999999941292
191 296.000000 242.000000 45.34401700000000090540
192 330.000000 258.000000 3.76739099999999993429
193 385.000000 305.000000 47.29911100000000345744
194 233.000000 201.000000 2.48715000000000019398
195 417.000000 333.000000 8.91431599999999946249
196 371.000000 293.000000 5.22569999999999978968
197 407.000000 314.000000 27.37182800000000071350
198 444.000000 341.000000 10.76740999999999992554
199 354.000000 275.000000 10.42547500000000049170
200 369.000000 274.000000 72.19673000000000229193
201 352.000000 279.000000 4.01664499999999957680
202 479.000000 356.000000 4.87470499999999962171
203 403.000000 302.000000 27.10302499999999881197
204 316.000000 246.000000 4.74841699999999988790
205 283.000000 230.000000 7.44141600000000025261
206 469.000000 337.000000 8.28411799999999942656
207 386.000000 292.000000 13.07755000000000045191
208 296.000000 220.000000 59.78810099999999749798
209 366.000000 294.000000 10.73150799999999982504
210 396.000000 302.000000 4.53812499999999996447
211 464.000000 351.000000 2.66278900000000007253
212 340.000000 260.000000 10.25492200000000053706
213 319.000000 249.000000 4.05177500000000012648
214 344.000000 266.000000 13.76643900000000009243
215 364.000000 247.000000 89.06723900000000071486
216 330.000000 260.000000 5.49814899999999973090
217 271.000000 221.000000 6.84646400000000010522
218 416.000000 311.000000 33.13744700000000165119
219 334.000000 244.000000 83.39150300000000015643
220 226.000000 176.000000 36.50055700000000058481
221 339.000000 269.000000 19.01581499999999991246
222 246.000000 199.000000 11.24753399999999992076
223 260.000000 207.000000 22.08820400000000105933
224 445.000000 333.000000 3.79207900000000019958
225 469.000000 349.000000 22.04350200000000015166
226 352.000000 275.000000 37.38993399999999667216
227 311.000000 247.000000 9.26602500000000084412
228 306.000000 244.000000 15.59790600000000004854
229 291.000000 220.000000 9.65287900000000043121
230 356.000000 289.000000 5.91280800000000006378
231 273.000000 207.000000 35.05999400000000321143
232 264.000000 213.000000 18.48289099999999862689
233 339.000000 271.000000 25.16319000000000016826
234 347.000000 273.000000 51.10088600000000269574
235 395.000000 294.000000 11.64998199999999961562
236 268.000000 210.000000 12.32441000000000030923
237 340.000000 266.000000 21.04006599999999949091
238 242.000000 194.000000 26.57949299999999936972
239 398.000000 302.000000 1.03070599999999990004
240 402.000000 303.000000 26.60958400000000168006
241 347.000000 263.000000 10.99217600000000061300
242 363.000000 276.000000 27.01805399999999934835
243 313.000000 239.000000 17.92856300000000047135
244 246.000000 200.000000 13.83138899999999971158
245 300.000000 243.000000 7.57959300000000002484
246 341.000000 255.000000 11.02430299999999974148
247 394.000000 289.000000 84.59211299999999766897
248 361.000000 274.000000 29.37387299999999967781
249 430.000000 321.000000 4.63690900000000016945
250 377.000000 297.000000 2.83780900000000002592
251 410.000000 311.000000 8.53612200000000065359
252 376.000000 286.000000 27.67171499999999895181
253 328.000000 252.000000 9.77410899999999926990
254 328.000000 250.000000 54.32537700000000313594
255 366.000000 295.000000 8.10540699999999958436
256 351.000000 260.000000 59.49790500000000292857
257 324.000000 269.000000 7.26389700000000004820
258 343.000000 260.000000 45.55935699999999854981
259 295.000000 231.000000 14.34097099999999969100
260 323.000000 236.000000 21.57842399999999827287
261 395.000000 300.000000 4.39190099999999983282
262 264.000000 208.000000 12.08105600000000023897
263 418.000000 323.000000 1.23104900000000005988
264 491.000000 381.000000 4.42829599999999956594
265 398.000000 316.000000 104.77935700000000451837
266 391.000000 300.000000 5.27418700000000040262
267 308.000000 257.000000 12.07969499999999918316
268 236.000000 175.000000 57.31598199999999820875
269 367.000000 289.000000 10.89120300000000085561
270 282.000000 212.000000 41.76771800000000212094
271 226.000000 186.000000 4.69557700000000011187
272 421.000000 317.000000 31.99113099999999931811
273 325.000000 245.000000 24.17320799999999891838
274 305.000000 239.000000 27.12869200000000091677
275 317.000000 238.000000 21.18421400000000076602
276 327.000000 253.000000 15.55675500000000077705
277 409.000000 308.000000 8.34233500000000027796
278 458.000000 345.000000 2.61938599999999999213
279 337.000000 270.000000 51.06918399999999991223
280 302.000000 237.000000 8.70263500000000078671
281 361.000000 299.000000 7.07160299999999963916
282 378.000000 296.000000 15.77754599999999918225
283 292.000000 241.000000 27.42747200000000162845
284 411.000000 295.000000 35.09369699999999880902
285 279.000000 220.000000 13.91362999999999949807
286 291.000000 230.000000 81.94152400000000113778
287 298.000000 247.000000 35.67163899999999898682
288 276.000000 218.000000 8.57710400000000028342
289 405.000000 317.000000 22.25322299999999842157
290 352.000000 274.000000 33.19184599999999818465
291 220.000000 171.000000 7.60357299999999991513
292 335.000000 247.000000 9.55451000000000050250
293 327.000000 247.000000 48.19841699999999917736
294 375.000000 278.000000 6.19090100000000020941
295 351.000000 286.000000 8.82009000000000042974
296 462.000000 363.000000 3.89975700000000014001
297 414.000000 326.000000 2.71602599999999982927
298 333.000000 256.000000 7.35151700000000030144
299 349.000000 276.000000 6.96099200000000006838
300 344.000000 280.000000 5.66616099999999978110
301 303.000000 250.000000 4.36601899999999965019
302 375.000000 282.000000 22.41968400000000016803
303 399.000000 327.000000 9.57874900000000017997
304 359.000000 263.000000 2.34712800000000010314
305 318.000000 251.000000 3.56863699999999983703
306 410.000000 310.000000 10.12900300000000086698
307 384.000000 297.000000 42.33027200000000078717
308 299.000000 235.000000 18.31076399999999892998
309 304.000000 247.000000 123.25228799999999296233
310 431.000000 331.000000 4.04242100000000004201
311 419.000000 322.000000 60.95721300000000297814
312 361.000000 289.000000 8.99651700000000076329
313 267.000000 222.000000 12.07827400000000039881
314 320.000000 260.000000 4.75898899999999969168
315 387.000000 288.000000 20.17804399999999986903
316 354.000000 262.000000 32.08096199999999953434
317 345.000000 283.000000 14.78843400000000052330
318 296.000000 235.000000 17.02349200000000095656
319 244.000000 210.000000 8.83716500000000060311
320 336.000000 269.000000 3.22802899999999981517
321 441.000000 328.000000 64.71047699999999736065
322 430.000000 313.000000 6.95310000000000005826
323 338.000000 258.000000 36.96222099999999954889
324 388.000000 285.000000 19.15216200000000057457
325 340.000000 265.000000 9.10275599999999940337
326 368.000000 288.000000 11.00862000000000051614
327 270.000000 212.000000 44.33037300000000158207
328 522.000000 368.000000 32.31063600000000235468
329 371.000000 281.000000 6.55917499999999975557
330 379.000000 289.000000 47.29216300000000217096
331 302.000000 242.000000 76.35235000000000127329
332 261.000000 208.000000 19.17810199999999909437
333 374.000000 295.000000 10.09571299999999993702
334 360.000000 288.000000 4.19326899999999991309
335 326.000000 261.000000 23.95507999999999881879
336 306.000000 242.000000 15.75217800000000067939
337 324.000000 256.000000 12.55007799999999917873
338 377.000000 289.000000 9.90730699999999941952
339 440.000000 336.000000 6.76733700000000037988
340 349.000000 269.000000 26.93610699999999980037
341 291.000000 215.000000 91.41542900000000315686
342 364.000000 282.000000 17.53017900000000039995
343 324.000000 243.000000 30.38166599999999917259
344 391.000000 312.000000 10.32868700000000039552
345 281.000000 219.000000 10.43578800000000050829
346 357.000000 269.000000 68.20383900000000210184
347 351.000000 262.000000 14.45071199999999933539
348 329.000000 270.000000 11.83003199999999921488
349 277.000000 212.000000 17.70351900000000000546
350 261.000000 208.000000 5.93481400000000025585
351 455.000000 340.000000 2.71308600000000010866
352 287.000000 230.000000 13.32898899999999997590
353 285.000000 232.000000 9.33328500000000005343
354 319.000000 265.000000 6.45496699999999989927
355 301.000000 251.000000 6.30038099999999978706
356 396.000000 301.000000 38.57981300000000146611
357 283.000000 210.000000 11.41215599999999952274
358 341.000000 283.000000 22.27880199999999888405
359 292.000000 226.000000 39.81014700000000061664
360 330.000000 255.000000 10.66724499999999942190
361 451.000000 345.000000 73.32196999999999320607
362 380.000000 314.000000 1.87927399999999988900
363 349.000000 259.000000 64.32643899999999348438
364 274.000000 231.000000 4.97890000000000032543
365 376.000000 304.000000 6.49823299999999992593
366 259.000000 211.000000 4.91839899999999996538
367 385.000000 290.000000 24.18145499999999969987
368 336.000000 265.000000 20.62067800000000161731
369 316.000000 251.000000 17.34726600000000118484
370 278.000000 211.000000 14.50790899999999972181
371 214.000000 170.000000 26.22153700000000142722
372 410.000000 300.000000 34.24842499999999745341
373 446.000000 343.000000 3.57867399999999991067
374 293.000000 227.000000 6.03911300000000039745
375 285.000000 230.000000 2.41391400000000011516
376 211.000000 190.000000 9.77708200000000005048
377 430.000000 325.000000 16.03493399999999979855
378 428.000000 325.000000 6.44771200000000010988
379 404.000000 304.000000 8.53616399999999941883
380 250.000000 196.000000 8.44267400000000023397
381 335.000000 268.000000 25.09777899999999917213
382 306.000000 251.000000 40.51274599999999992406
383 206.000000 173.000000 10.08157199999999953377
384 315.000000 241.000000 21.67093699999999856232
385 462.000000 336.000000 20.75467300000000037130
386 302.000000 233.000000 14.52374299999999962552
387 323.000000 251.000000 65.00666300000000319415
388 255.000000 197.000000 8.81538100000000035550
389 305.000000 242.000000 4.50870899999999963370
390 423.000000 304.000000 21.32413000000000025125
391 380.000000 294.000000 4.41626899999999977808
392 384.000000 293.000000 3.19627699999999981273
393 362.000000 278.000000 30.75168599999999941019
394 462.000000 350.000000 2.69530799999999981509
395 276.000000 224.000000 11.32216700000000031423
396 523.000000 384.000000 25.89907200000000031537
397 283.000000 216.000000 14.06861800000000073396
398 281.000000 217.000000 36.35163099999999758438
399 407.000000 325.000000 4.18648699999999962529
400 313.000000 232.000000 85.20047300000000234377
401 358.000000 273.000000 13.49724499999999949296
402 364.000000 274.000000 40.07252400000000136515
403 370.000000 290.000000 12.47127899999999911529
404 365.000000 288.000000 17.29505299999999934357
405 384.000000 293.000000 3.07507399999999986306
406 233.000000 181.000000 33.04369499999999959527
407 387.000000 297.000000 2.57113499999999994827
408 525.000000 382.000000 4.87180700000000044270
409 476.000000 356.000000 66.24503599999999892134
410 337.000000 251.000000 21.60480199999999939564
411 307.000000 251.000000 5.26621600000000000819
412 452.000000 345.000000 2.45292000000000021132
413 325.000000 259.000000 8.47418799999999983186
414 414.000000 308.000000 29.81744700000000136697
415 401.000000 310.000000 4.50207599999999974472
416 318.000000 238.000000 62.91757799999999889451
417 274.000000 221.000000 7.42906800000000000495
418 359.000000 287.000000 109.55469700000000443652
419 383.000000 300.000000 4.11989400000000038915
420 381.000000 308.000000 30.22475999999999984880
