1 667.000000 524.000000 144.21806900000001405715
2 771.000000 586.000000 202.36431300000000987893
3 769.000000 589.000000 595.53504299999997328996
4 695.000000 554.000000 267.77994400000000041473
7 601.000000 486.000000 325.61475200000000995715
9 771.000000 606.000000 111.40917699999999967986
10 663.000000 483.000000 105.92014500000000509772
13 821.000000 608.000000 777.05970100000001821172
16 773.000000 602.000000 333.88718000000000074579
18 853.000000 672.000000 86.72838400000000547152
19 1009.000000 764.000000 44.78288100000000326872
20 789.000000 636.000000 174.54601800000000366708
21 722.000000 551.000000 724.36581400000000030559
23 885.000000 695.000000 77.26462700000000438649
25 689.000000 545.000000 414.74705999999997629857
26 918.000000 661.000000 297.68560999999999694410
27 745.000000 586.000000 38.33357099999999917372
28 756.000000 582.000000 371.55230499999998983185
30 803.000000 609.000000 582.73710600000003978494
31 542.000000 446.000000 478.70866599999999380088
32 570.000000 466.000000 409.07668899999998757266
33 859.000000 667.000000 201.79073900000000207910
34 899.000000 675.000000 126.54797700000000304499
35 542.000000 435.000000 816.87863300000003619061
36 691.000000 560.000000 62.12975300000000089540
37 831.000000 625.000000 72.34978800000000376258
39 640.000000 493.000000 559.79696699999999509600
41 425.000000 370.000000 248.55529500000000098225
42 798.000000 633.000000 64.81088099999999485590
43 604.000000 489.000000 272.03088300000001709122
44 729.000000 593.000000 140.56622200000001043918
45 546.000000 444.000000 456.87683900000001813169
46 952.000000 715.000000 240.89905600000000163163
47 807.000000 641.000000 642.86158699999998589192
48 579.000000 458.000000 51.95627199999999845659
49 646.000000 542.000000 40.63400099999999781630
51 1091.000000 804.000000 429.39571100000000569707
52 496.000000 418.000000 140.49096700000001192166
53 843.000000 668.000000 978.01755600000001322769
55 427.000000 348.000000 381.84705200000001923399
56 678.000000 532.000000 301.97679599999997890336
58 819.000000 628.000000 851.56976999999994859536
59 695.000000 581.000000 238.09322900000000799992
62 836.000000 622.000000 380.89814499999999952706
65 686.000000 538.000000 375.74106100000000196815
66 746.000000 598.000000 121.10012000000000398359
68 502.000000 407.000000 614.86037699999997130362
69 746.000000 563.000000 409.81295499999998810381
70 808.000000 629.000000 25.10820500000000166096
71 816.000000 656.000000 467.29327100000000427826
73 719.000000 556.000000 135.50432599999999183638
74 709.000000 553.000000 716.10857499999997344275
75 684.000000 526.000000 438.62884100000002263187
76 621.000000 521.000000 56.63577699999999737202
77 812.000000 631.000000 234.14903799999999023385
78 859.000000 656.000000 375.24214200000000118962
82 636.000000 483.000000 238.18468599999999923966
83 789.000000 614.000000 388.12212599999998019484
84 882.000000 714.000000 234.73875000000001023182
85 861.000000 660.000000 347.30473000000000638465
86 855.000000 644.000000 158.03879800000001409899
87 669.000000 542.000000 288.33980700000000751970
88 587.000000 457.000000 601.58064799999999650026
89 715.000000 555.000000 298.07976300000001401713
91 835.000000 641.000000 847.86364200000002711022
92 766.000000 614.000000 123.53196599999999705233
93 626.000000 518.000000 847.79857700000002296292
94 692.000000 546.000000 326.73750999999998612111
95 717.000000 577.000000 158.29893699999999512329
96 1065.000000 797.000000 245.20922699999999849751
97 889.000000 700.000000 83.64015000000000554792
99 465.000000 401.000000 413.05426899999997658597
100 888.000000 699.000000 314.32404999999999972715
101 821.000000 645.000000 680.99606200000005173933
102 594.000000 515.000000 268.60111899999998286148
103 881.000000 695.000000 1176.48849300000006223854
105 548.000000 439.000000 71.70747099999999818465
106 702.000000 556.000000 60.57968400000000031014
107 809.000000 621.000000 152.89836299999998914245
108 785.000000 609.000000 319.72365999999999530701
109 839.000000 639.000000 668.62771899999995639519
111 675.000000 560.000000 35.95674000000000347654
113 589.000000 452.000000 274.16268800000000283035
116 656.000000 512.000000 281.11692799999997305349
117 688.000000 553.000000 1224.84397500000000036380
118 805.000000 614.000000 111.90238399999999785450
119 695.000000 544.000000 98.18770700000000317686
120 543.000000 448.000000 108.72237099999999543343
122 805.000000 642.000000 62.83409699999999986630
123 716.000000 551.000000 331.65627200000000129876
125 781.000000 602.000000 488.05631299999998873318
128 715.000000 566.000000 888.06046500000002197339
