1 21.000000 17.000000 0.13678199999999998693
2 24.000000 21.000000 0.04037799999999999723
3 19.000000 18.000000 0.03355199999999999849
4 28.000000 23.000000 0.03628100000000000075
5 19.000000 18.000000 0.04301900000000000168
6 28.000000 23.000000 0.01961299999999999849
7 29.000000 24.000000 0.04442999999999999727
8 30.000000 23.000000 0.02157500000000000043
9 25.000000 20.000000 0.02193399999999999864
10 23.000000 20.000000 0.01976199999999999832
11 27.000000 19.000000 0.01597900000000000015
12 26.000000 21.000000 0.01771299999999999958
13 28.000000 20.000000 0.01930899999999999977
14 18.000000 18.000000 0.02544899999999999940
15 18.000000 17.000000 0.01762700000000000031
16 23.000000 20.000000 0.01760000000000000106
17 25.000000 21.000000 0.03240500000000000325
18 24.000000 19.000000 0.02834400000000000114
19 29.000000 23.000000 0.01562500000000000000
20 18.000000 16.000000 0.01576500000000000123
21 20.000000 16.000000 0.01638799999999999979
22 21.000000 17.000000 0.02360299999999999898
23 19.000000 17.000000 0.02740099999999999827
24 16.000000 14.000000 0.03095300000000000135
25 24.000000 21.000000 0.04209799999999999653
26 22.000000 19.000000 0.01894200000000000050
27 28.000000 22.000000 0.01740799999999999986
28 22.000000 20.000000 0.01562200000000000047
29 16.000000 14.000000 0.01634899999999999895
30 24.000000 19.000000 0.03533300000000000329
31 29.000000 24.000000 0.01776000000000000148
32 30.000000 23.000000 0.01940700000000000064
33 26.000000 20.000000 0.02891900000000000026
34 26.000000 21.000000 0.01634199999999999889
35 25.000000 21.000000 0.04648299999999999654
36 20.000000 16.000000 0.02903199999999999878
37 21.000000 17.000000 0.03516400000000000081
38 22.000000 17.000000 0.03216000000000000109
39 23.000000 17.000000 0.03197200000000000042
40 15.000000 15.000000 0.01741099999999999939
41 25.000000 22.000000 0.01733799999999999925
42 26.000000 23.000000 0.06205399999999999805
43 16.000000 16.000000 0.06604999999999999760
44 30.000000 25.000000 0.04529699999999999699
45 24.000000 18.000000 0.01559400000000000022
46 17.000000 16.000000 0.01556599999999999998
47 19.000000 15.000000 0.03450000000000000289
48 17.000000 16.000000 0.04927200000000000329
49 26.000000 21.000000 0.03198899999999999660
50 19.000000 16.000000 0.03380699999999999678
51 30.000000 23.000000 0.01648900000000000018
52 20.000000 17.000000 0.01639600000000000085
53 21.000000 19.000000 0.01570799999999999974
54 20.000000 16.000000 0.04912400000000000100
55 29.000000 24.000000 0.01767200000000000021
56 18.000000 17.000000 0.01650700000000000084
57 25.000000 21.000000 0.02350000000000000006
58 27.000000 19.000000 0.01596600000000000102
59 24.000000 19.000000 0.01717499999999999930
60 20.000000 16.000000 0.01715500000000000011
61 27.000000 20.000000 0.04003199999999999814
62 17.000000 15.000000 0.01653800000000000062
63 28.000000 20.000000 0.01629299999999999846
64 22.000000 19.000000 0.01896199999999999969
65 34.000000 24.000000 0.03539300000000000085
66 22.000000 20.000000 0.01642199999999999910
67 27.000000 23.000000 0.01757600000000000134
68 16.000000 15.000000 0.01993299999999999933
69 24.000000 19.000000 0.01503499999999999975
70 17.000000 15.000000 0.02704499999999999960
71 21.000000 17.000000 0.03339299999999999907
72 28.000000 20.000000 0.02908399999999999874
73 18.000000 18.000000 0.01807699999999999932
74 18.000000 16.000000 0.03544400000000000328
75 25.000000 20.000000 0.01868999999999999828
76 33.000000 23.000000 0.01644800000000000081
77 29.000000 22.000000 0.01564499999999999919
78 23.000000 18.000000 0.01804899999999999907
79 23.000000 19.000000 0.01807699999999999932
80 30.000000 22.000000 0.01695500000000000132
81 19.000000 15.000000 0.04013300000000000201
82 22.000000 19.000000 0.01765100000000000002
83 20.000000 19.000000 0.01870300000000000087
84 22.000000 19.000000 0.01945900000000000060
85 23.000000 21.000000 0.02238899999999999918
86 21.000000 18.000000 0.03798599999999999893
87 25.000000 21.000000 0.02017199999999999896
88 22.000000 17.000000 0.01650499999999999884
89 28.000000 19.000000 0.01708099999999999896
90 25.000000 21.000000 0.04727100000000000052
91 18.000000 18.000000 0.03516299999999999981
92 19.000000 18.000000 0.03420499999999999929
93 22.000000 17.000000 0.01532099999999999955
94 27.000000 23.000000 0.03158199999999999896
95 18.000000 15.000000 0.03795500000000000262
96 18.000000 17.000000 0.03619300000000000295
97 18.000000 18.000000 0.04056799999999999989
98 19.000000 16.000000 0.03540900000000000297
99 19.000000 16.000000 0.05930900000000000061
100 24.000000 21.000000 0.05408600000000000213
101 15.000000 14.000000 0.03109999999999999917
102 20.000000 18.000000 0.04368099999999999761
103 26.000000 21.000000 0.04564800000000000108
104 28.000000 20.000000 0.04856300000000000200
105 29.000000 22.000000 0.03365699999999999942
106 23.000000 19.000000 0.03318700000000000122
107 23.000000 20.000000 0.03505099999999999882
108 25.000000 18.000000 0.03501900000000000152
109 18.000000 17.000000 0.03130600000000000049
110 30.000000 22.000000 0.04565500000000000114
111 20.000000 18.000000 0.04836100000000000121
112 19.000000 18.000000 0.03384600000000000108
113 20.000000 18.000000 0.05467799999999999744
114 31.000000 24.000000 0.03367499999999999660
115 24.000000 18.000000 0.04796799999999999675
116 17.000000 17.000000 0.03153399999999999953
117 28.000000 22.000000 0.03276099999999999846
118 21.000000 19.000000 0.04532400000000000317
119 21.000000 18.000000 0.03757599999999999829
120 25.000000 19.000000 0.01678299999999999931
121 19.000000 17.000000 0.02043100000000000124
122 25.000000 20.000000 0.02798799999999999899
123 26.000000 19.000000 0.03104900000000000021
124 24.000000 18.000000 0.04665699999999999709
125 19.000000 16.000000 0.02865200000000000038
126 26.000000 21.000000 0.03648200000000000054
127 23.000000 18.000000 0.03994899999999999840
128 26.000000 19.000000 0.04363500000000000018
129 33.000000 23.000000 0.03194000000000000311
130 18.000000 17.000000 0.03284499999999999920
131 25.000000 22.000000 0.03167099999999999776
132 27.000000 23.000000 0.01536200000000000065
133 20.000000 18.000000 0.02831200000000000036
134 16.000000 16.000000 0.01702499999999999847
135 24.000000 21.000000 0.02786299999999999888
136 24.000000 19.000000 0.02229300000000000032
137 27.000000 21.000000 0.01683300000000000074
138 21.000000 19.000000 0.02321000000000000146
139 27.000000 21.000000 0.01525299999999999920
140 18.000000 16.000000 0.01627800000000000080
141 23.000000 19.000000 0.02208500000000000046
142 22.000000 18.000000 0.03336499999999999883
143 28.000000 22.000000 0.03444300000000000139
144 24.000000 20.000000 0.03665000000000000202
145 26.000000 20.000000 0.02481900000000000078
146 23.000000 19.000000 0.01675700000000000106
147 26.000000 20.000000 0.01578399999999999942
148 21.000000 16.000000 0.02307899999999999882
149 22.000000 19.000000 0.01483199999999999970
150 23.000000 19.000000 0.01730399999999999994
151 23.000000 20.000000 0.01596699999999999856
152 20.000000 19.000000 0.01460099999999999940
153 22.000000 19.000000 0.01676899999999999918
154 23.000000 19.000000 0.01578200000000000089
155 22.000000 18.000000 0.03205000000000000210
156 16.000000 15.000000 0.01605399999999999883
157 26.000000 21.000000 0.01708900000000000002
158 26.000000 21.000000 0.01627899999999999833
159 21.000000 18.000000 0.01714500000000000052
160 18.000000 15.000000 0.01646600000000000147
161 29.000000 22.000000 0.02407099999999999865
162 25.000000 19.000000 0.01537099999999999925
163 24.000000 20.000000 0.01481000000000000025
164 18.000000 17.000000 0.03086500000000000007
165 19.000000 16.000000 0.01594100000000000031
166 20.000000 18.000000 0.01725499999999999950
167 17.000000 17.000000 0.01889899999999999913
168 23.000000 18.000000 0.01636699999999999960
169 21.000000 18.000000 0.01795599999999999974
170 28.000000 20.000000 0.01581600000000000020
171 18.000000 15.000000 0.04656600000000000322
172 17.000000 16.000000 0.01631000000000000158
173 17.000000 15.000000 0.01693000000000000060
174 24.000000 19.000000 0.02097600000000000159
175 20.000000 17.000000 0.01667099999999999832
176 24.000000 19.000000 0.01589199999999999988
177 26.000000 22.000000 0.01656300000000000133
178 27.000000 21.000000 0.03735999999999999738
179 28.000000 20.000000 0.03677099999999999813
180 23.000000 19.000000 0.03280799999999999689
181 23.000000 19.000000 0.03809300000000000186
182 26.000000 21.000000 0.03643699999999999717
183 23.000000 18.000000 0.03540499999999999897
184 17.000000 16.000000 0.03562499999999999695
185 21.000000 17.000000 0.03815299999999999941
186 28.000000 23.000000 0.02577199999999999977
187 19.000000 16.000000 0.03758999999999999841
188 21.000000 16.000000 0.04019600000000000256
189 29.000000 22.000000 0.02961799999999999849
190 18.000000 17.000000 0.03423199999999999854
191 25.000000 19.000000 0.03716699999999999865
192 17.000000 15.000000 0.04305099999999999899
193 21.000000 18.000000 0.03605599999999999777
194 18.000000 15.000000 0.06006299999999999834
195 20.000000 17.000000 0.03071700000000000125
196 18.000000 15.000000 0.04752699999999999980
197 22.000000 18.000000 0.03240599999999999731
198 27.000000 23.000000 0.04555800000000000127
199 27.000000 21.000000 0.03518700000000000300
200 26.000000 25.000000 0.03704400000000000054
201 21.000000 18.000000 0.03652899999999999897
202 20.000000 17.000000 0.01747599999999999848
203 24.000000 19.000000 0.01610599999999999879
204 24.000000 19.000000 0.01620500000000000065
205 19.000000 16.000000 0.01620500000000000065
206 31.000000 24.000000 0.02147800000000000056
207 21.000000 19.000000 0.01582799999999999832
208 17.000000 15.000000 0.02505599999999999841
209 25.000000 20.000000 0.01583999999999999991
210 26.000000 21.000000 0.03645799999999999735
211 17.000000 16.000000 0.03658499999999999946
212 23.000000 21.000000 0.01603800000000000017
213 19.000000 18.000000 0.01754999999999999963
214 22.000000 19.000000 0.01525400000000000020
215 23.000000 19.000000 0.01608599999999999960
216 18.000000 17.000000 0.02018999999999999961
217 20.000000 18.000000 0.01668499999999999844
218 16.000000 16.000000 0.04367700000000000055
219 29.000000 24.000000 0.01524099999999999934
220 30.000000 26.000000 0.01625899999999999915
221 22.000000 18.000000 0.03429399999999999810
222 28.000000 24.000000 0.01982599999999999987
223 26.000000 22.000000 0.01776000000000000148
224 21.000000 17.000000 0.03928399999999999948
225 27.000000 22.000000 0.03194299999999999917
226 20.000000 19.000000 0.04908900000000000069
227 20.000000 17.000000 0.02149900000000000075
228 22.000000 19.000000 0.03531499999999999917
229 20.000000 16.000000 0.02699400000000000063
230 26.000000 20.000000 0.01521899999999999989
231 18.000000 17.000000 0.03566099999999999826
232 19.000000 18.000000 0.01508600000000000045
233 16.000000 15.000000 0.01582899999999999932
234 19.000000 16.000000 0.01644699999999999981
235 23.000000 20.000000 0.04170000000000000095
236 22.000000 18.000000 0.02564100000000000060
237 25.000000 20.000000 0.05247799999999999687
238 15.000000 14.000000 0.03528599999999999792
239 22.000000 17.000000 0.01872599999999999959
240 17.000000 16.000000 0.01671699999999999922
241 28.000000 23.000000 0.03356300000000000255
242 19.000000 17.000000 0.03533900000000000236
243 25.000000 18.000000 0.04749300000000000049
244 24.000000 19.000000 0.02781099999999999892
245 20.000000 16.000000 0.01860200000000000048
246 27.000000 19.000000 0.01975800000000000126
247 24.000000 18.000000 0.01832999999999999907
248 25.000000 19.000000 0.03232999999999999763
249 22.000000 19.000000 0.03989299999999999791
250 14.000000 13.000000 0.01898299999999999987
251 16.000000 16.000000 0.01821000000000000049
252 16.000000 15.000000 0.01875299999999999884
253 23.000000 18.000000 0.04071999999999999925
254 21.000000 19.000000 0.02854399999999999993
255 23.000000 18.000000 0.03244199999999999862
256 25.000000 21.000000 0.04136100000000000193
257 30.000000 24.000000 0.02415199999999999986
258 20.000000 18.000000 0.02612400000000000139
259 15.000000 15.000000 0.01609500000000000167
260 15.000000 15.000000 0.01476799999999999988
261 24.000000 18.000000 0.01472599999999999951
262 17.000000 15.000000 0.01492899999999999956
263 28.000000 20.000000 0.01512100000000000076
264 27.000000 22.000000 0.01334399999999999996
265 27.000000 21.000000 0.03276400000000000146
266 27.000000 21.000000 0.02253499999999999948
267 16.000000 16.000000 0.01705900000000000125
268 18.000000 18.000000 0.01783399999999999916
269 24.000000 20.000000 0.01702599999999999947
270 17.000000 16.000000 0.04509300000000000114
271 26.000000 19.000000 0.04910599999999999687
272 21.000000 20.000000 0.02109600000000000017
273 24.000000 22.000000 0.01560100000000000028
274 26.000000 20.000000 0.01863899999999999932
275 16.000000 16.000000 0.01955099999999999894
276 22.000000 19.000000 0.01734899999999999984
277 25.000000 21.000000 0.04752399999999999680
278 30.000000 24.000000 0.03223600000000000076
279 27.000000 20.000000 0.01528799999999999951
280 22.000000 16.000000 0.04094300000000000023
281 20.000000 17.000000 0.01889400000000000107
282 24.000000 20.000000 0.01694899999999999879
283 22.000000 19.000000 0.03155199999999999672
284 24.000000 19.000000 0.01751600000000000032
285 18.000000 17.000000 0.01622200000000000031
286 16.000000 15.000000 0.01774500000000000036
287 20.000000 18.000000 0.03542499999999999816
288 22.000000 20.000000 0.01899199999999999847
289 29.000000 23.000000 0.01550299999999999942
290 26.000000 20.000000 0.01766699999999999868
291 24.000000 19.000000 0.01818799999999999931
292 16.000000 14.000000 0.01697800000000000004
293 16.000000 15.000000 0.01878099999999999908
294 29.000000 21.000000 0.01472299999999999998
295 15.000000 14.000000 0.01570799999999999974
296 20.000000 18.000000 0.02173900000000000138
297 25.000000 18.000000 0.01497399999999999946
298 29.000000 24.000000 0.01725499999999999950
299 20.000000 17.000000 0.01742799999999999905
300 22.000000 19.000000 0.03239399999999999918
301 19.000000 16.000000 0.01562900000000000053
302 22.000000 20.000000 0.01504999999999999914
303 14.000000 14.000000 0.02985200000000000006
304 18.000000 17.000000 0.03455500000000000238
305 21.000000 20.000000 0.03245100000000000068
306 25.000000 19.000000 0.07036199999999999399
307 26.000000 21.000000 0.01763699999999999990
308 19.000000 16.000000 0.01601400000000000046
309 34.000000 22.000000 0.01620100000000000012
310 24.000000 20.000000 0.01530899999999999969
311 26.000000 20.000000 0.06068400000000000183
312 30.000000 21.000000 0.01447500000000000002
313 18.000000 16.000000 0.01360600000000000004
314 23.000000 19.000000 0.01792499999999999996
315 20.000000 18.000000 0.01500399999999999998
316 26.000000 21.000000 0.01541000000000000009
317 21.000000 18.000000 0.01526199999999999952
318 22.000000 19.000000 0.02312200000000000019
319 22.000000 20.000000 0.02392199999999999882
320 20.000000 17.000000 0.03873599999999999960
321 14.000000 14.000000 0.03280799999999999689
322 21.000000 17.000000 0.03111200000000000077
323 33.000000 23.000000 0.04207600000000000229
324 27.000000 22.000000 0.04475900000000000017
325 23.000000 17.000000 0.04604400000000000159
326 26.000000 19.000000 0.03808299999999999880
327 20.000000 18.000000 0.04340399999999999814
328 21.000000 19.000000 0.02971599999999999936
329 24.000000 22.000000 0.03612100000000000033
330 19.000000 16.000000 0.04587800000000000211
331 20.000000 17.000000 0.03032299999999999926
332 19.000000 17.000000 0.01870300000000000087
333 21.000000 18.000000 0.02555800000000000086
334 21.000000 16.000000 0.01881899999999999892
335 21.000000 16.000000 0.01736000000000000043
336 24.000000 18.000000 0.01720199999999999854
337 26.000000 19.000000 0.02535400000000000154
338 23.000000 18.000000 0.02005600000000000091
339 24.000000 20.000000 0.02008100000000000163
340 20.000000 16.000000 0.01606000000000000136
341 26.000000 22.000000 0.01650799999999999837
342 20.000000 16.000000 0.01958299999999999971
343 27.000000 20.000000 0.01628900000000000139
344 23.000000 20.000000 0.01810900000000000010
345 18.000000 17.000000 0.02470100000000000073
346 20.000000 17.000000 0.01762800000000000131
347 26.000000 20.000000 0.01628200000000000133
348 24.000000 19.000000 0.04981100000000000111
349 25.000000 20.000000 0.02053800000000000070
350 24.000000 18.000000 0.01885600000000000123
351 20.000000 19.000000 0.01833200000000000107
352 16.000000 15.000000 0.02328099999999999961
353 29.000000 21.000000 0.01805299999999999960
354 26.000000 22.000000 0.01593999999999999931
355 24.000000 18.000000 0.01751000000000000126
356 21.000000 16.000000 0.03171899999999999720
357 20.000000 17.000000 0.04487100000000000116
358 24.000000 21.000000 0.03130200000000000343
359 22.000000 19.000000 0.03721900000000000208
360 30.000000 23.000000 0.02894000000000000045
361 23.000000 18.000000 0.02661699999999999830
362 22.000000 18.000000 0.02953499999999999875
363 28.000000 20.000000 0.01568500000000000102
364 25.000000 20.000000 0.05601199999999999929
365 23.000000 21.000000 0.04040699999999999847
366 29.000000 21.000000 0.02722400000000000167
367 15.000000 15.000000 0.01779199999999999879
368 21.000000 18.000000 0.02491399999999999865
369 20.000000 18.000000 0.04134100000000000275
370 25.000000 22.000000 0.02971100000000000130
371 22.000000 20.000000 0.01556199999999999944
372 23.000000 19.000000 0.04164999999999999952
373 20.000000 17.000000 0.03205299999999999816
374 14.000000 13.000000 0.01754400000000000057
375 18.000000 16.000000 0.03170699999999999907
376 25.000000 17.000000 0.03173900000000000332
377 16.000000 15.000000 0.01726700000000000110
378 18.000000 17.000000 0.01781299999999999897
379 18.000000 16.000000 0.01948499999999999885
380 15.000000 14.000000 0.01809699999999999850
381 24.000000 20.000000 0.01782500000000000057
382 21.000000 18.000000 0.02596700000000000050
383 22.000000 20.000000 0.02288799999999999862
384 23.000000 18.000000 0.02043299999999999977
385 20.000000 19.000000 0.01644899999999999834
386 21.000000 18.000000 0.01863899999999999932
387 22.000000 20.000000 0.01741200000000000039
388 28.000000 22.000000 0.02021699999999999886
389 17.000000 16.000000 0.01587099999999999969
390 23.000000 20.000000 0.01826200000000000045
391 24.000000 19.000000 0.02816000000000000100
392 25.000000 21.000000 0.04312599999999999767
393 19.000000 17.000000 0.04737999999999999851
394 16.000000 15.000000 0.02872299999999999853
395 16.000000 16.000000 0.02805799999999999961
396 22.000000 19.000000 0.03722600000000000214
397 25.000000 21.000000 0.02921699999999999992
398 22.000000 20.000000 0.03070499999999999965
399 24.000000 20.000000 0.04633899999999999825
400 24.000000 20.000000 0.01602800000000000058
401 15.000000 13.000000 0.01548399999999999950
402 21.000000 19.000000 0.02929999999999999966
403 16.000000 15.000000 0.02843000000000000041
404 24.000000 20.000000 0.01583999999999999991
405 23.000000 20.000000 0.01576699999999999977
406 27.000000 21.000000 0.01775799999999999948
407 28.000000 21.000000 0.01604399999999999923
408 20.000000 20.000000 0.04249499999999999805
409 26.000000 22.000000 0.01740999999999999839
410 26.000000 20.000000 0.03238499999999999712
411 25.000000 21.000000 0.01635599999999999901
412 19.000000 17.000000 0.01846499999999999878
413 26.000000 21.000000 0.01484399999999999956
414 21.000000 19.000000 0.01506300000000000000
415 33.000000 23.000000 0.01660899999999999876
416 18.000000 15.000000 0.01610100000000000073
417 23.000000 18.000000 0.01483899999999999976
418 24.000000 21.000000 0.01746100000000000083
419 30.000000 23.000000 0.01400099999999999956
420 26.000000 19.000000 0.01473299999999999957
