1 62.000000 50.000000 0.73698600000000002996
2 110.000000 80.000000 0.35884700000000002706
3 84.000000 67.000000 0.16869799999999998685
4 63.000000 48.000000 0.28146599999999999397
5 94.000000 72.000000 0.24761500000000000177
6 71.000000 60.000000 0.25204599999999999227
7 85.000000 68.000000 0.12188100000000000322
8 64.000000 49.000000 0.16948699999999999877
9 109.000000 82.000000 0.08958399999999999697
10 88.000000 66.000000 0.31582700000000002438
11 82.000000 62.000000 0.27836699999999997557
12 90.000000 73.000000 0.31937399999999999123
13 102.000000 71.000000 0.15592600000000000904
14 131.000000 90.000000 0.12561100000000000043
15 107.000000 73.000000 0.17423500000000000099
16 78.000000 60.000000 0.17127600000000001157
17 84.000000 63.000000 0.14173900000000000388
18 71.000000 52.000000 0.17208100000000001173
19 82.000000 63.000000 0.14785300000000001219
20 71.000000 56.000000 0.21640899999999999026
21 67.000000 52.000000 0.22322000000000000175
22 84.000000 69.000000 0.17820199999999999929
23 85.000000 61.000000 0.13133100000000000329
24 61.000000 47.000000 0.17007099999999999995
25 53.000000 41.000000 0.23122200000000001086
26 103.000000 78.000000 0.28561900000000001176
27 104.000000 83.000000 0.28699799999999997535
28 101.000000 73.000000 0.22044900000000000606
29 66.000000 52.000000 0.16842799999999999438
30 55.000000 46.000000 0.35909099999999999353
31 85.000000 69.000000 0.20896300000000000985
32 90.000000 66.000000 0.34816000000000002501
33 56.000000 49.000000 0.19232799999999999896
34 82.000000 67.000000 0.11370800000000000352
35 64.000000 51.000000 0.16819600000000001216
36 96.000000 70.000000 0.15780399999999999983
37 106.000000 81.000000 0.11067899999999999960
38 87.000000 68.000000 0.14652000000000001134
39 82.000000 62.000000 0.28321099999999999053
40 87.000000 71.000000 0.13162899999999999601
41 76.000000 58.000000 0.19399299999999999877
42 75.000000 57.000000 0.20922799999999999732
43 72.000000 54.000000 0.16527700000000000724
44 89.000000 73.000000 0.21304500000000001214
45 84.000000 64.000000 0.13513900000000000912
46 112.000000 81.000000 0.11854099999999999360
47 105.000000 75.000000 0.24131500000000000172
48 88.000000 63.000000 0.12454800000000000593
49 107.000000 86.000000 0.23227000000000000424
50 83.000000 63.000000 0.14094599999999998796
51 81.000000 64.000000 0.25337500000000001688
52 106.000000 80.000000 0.11629499999999999560
53 84.000000 62.000000 0.22712699999999999556
54 116.000000 90.000000 0.13850899999999999324
55 73.000000 56.000000 0.25112200000000001188
56 120.000000 90.000000 0.09791300000000000003
57 64.000000 58.000000 0.13503499999999998837
58 109.000000 87.000000 0.13973199999999999510
59 117.000000 85.000000 0.25190200000000001479
60 73.000000 54.000000 0.17173700000000000077
61 79.000000 61.000000 0.18863499999999999712
62 59.000000 50.000000 0.18682599999999999207
63 71.000000 57.000000 0.19371700000000000030
64 104.000000 68.000000 0.24610599999999999143
65 58.000000 46.000000 0.22756499999999998951
66 74.000000 64.000000 0.19644600000000000950
67 76.000000 56.000000 0.18431600000000000761
68 100.000000 74.000000 0.13371099999999999652
69 92.000000 72.000000 0.16646500000000000186
70 72.000000 64.000000 0.11957600000000000173
71 107.000000 72.000000 0.15787300000000001332
72 76.000000 57.000000 0.21161599999999999855
73 114.000000 79.000000 0.13924800000000001066
74 112.000000 83.000000 0.35640199999999999658
75 95.000000 70.000000 0.35950999999999999623
76 82.000000 62.000000 0.17387400000000000078
77 94.000000 71.000000 0.13653199999999998671
78 81.000000 65.000000 0.21421100000000001251
79 66.000000 47.000000 0.18997500000000000497
80 68.000000 51.000000 0.18344499999999999695
81 92.000000 74.000000 0.13886100000000001220
82 82.000000 68.000000 0.34108699999999997354
83 90.000000 69.000000 0.14559099999999999819
84 88.000000 67.000000 0.50190000000000001279
85 92.000000 72.000000 0.20378299999999999192
86 88.000000 68.000000 0.19174399999999999777
87 106.000000 83.000000 0.19333400000000000585
88 71.000000 56.000000 0.20591499999999998693
89 86.000000 60.000000 0.24859100000000000641
90 75.000000 57.000000 0.15215699999999998671
91 87.000000 68.000000 0.16871700000000000585
92 119.000000 87.000000 0.13112399999999999056
93 88.000000 68.000000 0.29160700000000000509
94 80.000000 57.000000 0.18712599999999998679
95 102.000000 78.000000 0.13893300000000000094
96 101.000000 68.000000 0.40140900000000001580
97 106.000000 75.000000 0.20388600000000001167
98 85.000000 65.000000 0.12994400000000000395
99 85.000000 73.000000 0.17828800000000000203
100 104.000000 84.000000 0.16399700000000000388
101 64.000000 52.000000 0.14839099999999999513
102 72.000000 53.000000 0.25896700000000000275
103 94.000000 72.000000 0.21336199999999999610
104 106.000000 74.000000 0.18612899999999998890
105 77.000000 61.000000 0.14451700000000000657
106 94.000000 71.000000 0.16026899999999999480
107 77.000000 64.000000 0.17737500000000000488
108 82.000000 68.000000 0.16478300000000001280
109 75.000000 62.000000 0.13309299999999998909
110 98.000000 79.000000 0.56441799999999997528
111 106.000000 78.000000 0.14352300000000001168
112 72.000000 66.000000 0.12099699999999999345
113 114.000000 85.000000 0.23632500000000000728
114 96.000000 72.000000 0.27404499999999998305
115 80.000000 62.000000 0.14739800000000000124
116 73.000000 58.000000 0.25302499999999999991
117 86.000000 66.000000 0.27036799999999999722
118 95.000000 69.000000 0.18429599999999998761
119 89.000000 63.000000 0.22729800000000000004
120 120.000000 78.000000 0.25187900000000001954
121 77.000000 59.000000 0.13993900000000000783
122 76.000000 58.000000 0.30230200000000001515
123 74.000000 57.000000 0.17962100000000000288
124 84.000000 62.000000 0.15276300000000000989
125 79.000000 65.000000 0.12630600000000000160
126 91.000000 78.000000 0.09569999999999999341
127 88.000000 62.000000 0.19145699999999998830
128 94.000000 71.000000 0.13842899999999999650
129 74.000000 56.000000 0.17650599999999999623
130 87.000000 66.000000 0.24774699999999999500
131 75.000000 63.000000 0.20167999999999999816
132 98.000000 73.000000 0.12875400000000000733
133 67.000000 54.000000 0.27483000000000001872
134 86.000000 64.000000 0.15461500000000000243
135 73.000000 54.000000 0.22087200000000001276
136 59.000000 48.000000 0.24017399999999999860
137 76.000000 58.000000 0.21123300000000000409
138 83.000000 56.000000 0.19905700000000001171
139 103.000000 77.000000 0.15664900000000001046
140 70.000000 50.000000 0.20199400000000000688
141 62.000000 50.000000 0.18531700000000000950
142 95.000000 70.000000 1.03469499999999992035
143 65.000000 50.000000 0.18821799999999999642
144 68.000000 53.000000 0.34589199999999997726
145 61.000000 50.000000 0.18788199999999999346
146 79.000000 64.000000 0.20897999999999999909
147 73.000000 60.000000 0.19126699999999999258
148 80.000000 66.000000 0.14339299999999999269
149 87.000000 70.000000 0.12919600000000000528
150 69.000000 56.000000 0.13013199999999999767
151 94.000000 70.000000 0.30964199999999997281
152 67.000000 52.000000 0.21139900000000000357
153 117.000000 81.000000 0.15599399999999999378
154 91.000000 67.000000 0.35490100000000002201
155 70.000000 53.000000 0.16348599999999999244
156 118.000000 89.000000 0.11089899999999999758
157 85.000000 70.000000 0.19905500000000000971
158 100.000000 72.000000 0.11341600000000000292
159 58.000000 50.000000 0.15060299999999998688
160 94.000000 73.000000 0.25995200000000001639
161 73.000000 62.000000 0.35479199999999999626
162 77.000000 62.000000 0.11596299999999999664
163 80.000000 59.000000 0.21734600000000001141
164 59.000000 52.000000 0.23012799999999999923
165 87.000000 59.000000 0.12509600000000001274
166 71.000000 59.000000 0.42287700000000000289
167 76.000000 62.000000 0.41126099999999998769
168 73.000000 56.000000 0.11655999999999999694
169 73.000000 57.000000 0.18176600000000001089
170 64.000000 48.000000 0.16936300000000001353
171 88.000000 72.000000 0.28951700000000002433
172 109.000000 78.000000 0.15974499999999999811
173 113.000000 83.000000 0.18041199999999998904
174 106.000000 72.000000 0.19819300000000000805
175 77.000000 58.000000 0.21050499999999999767
176 99.000000 74.000000 0.14178499999999999437
177 95.000000 74.000000 0.08388500000000000123
178 96.000000 74.000000 0.14980199999999999072
179 100.000000 79.000000 0.26996799999999998576
180 87.000000 68.000000 0.26952500000000001457
181 63.000000 50.000000 0.14475499999999999479
182 79.000000 64.000000 0.20771200000000000774
183 104.000000 75.000000 0.22832900000000000418
184 111.000000 78.000000 0.17049100000000000366
185 94.000000 68.000000 0.12084799999999999709
186 82.000000 61.000000 0.19713700000000000667
187 103.000000 77.000000 0.19465099999999999070
188 88.000000 65.000000 0.36625600000000002598
189 78.000000 58.000000 0.16551499999999999546
190 94.000000 75.000000 0.17283699999999999064
191 97.000000 75.000000 0.16040699999999999403
192 54.000000 45.000000 0.19381300000000001305
193 105.000000 72.000000 0.36332700000000001106
194 56.000000 42.000000 0.18578200000000000269
195 60.000000 50.000000 0.26069900000000001405
196 86.000000 64.000000 0.23717099999999999294
197 69.000000 53.000000 0.27704899999999998972
198 91.000000 76.000000 0.26797999999999999599
199 115.000000 86.000000 0.13646400000000000197
200 96.000000 74.000000 0.16698899999999999855
201 68.000000 52.000000 0.21708099999999999619
202 68.000000 56.000000 0.09815100000000000213
203 101.000000 71.000000 0.14334399999999999920
204 94.000000 65.000000 0.14708599999999999453
205 81.000000 64.000000 0.15212500000000001021
206 125.000000 92.000000 0.08879700000000000093
207 92.000000 72.000000 0.32118200000000002303
208 47.000000 37.000000 0.15914500000000000868
209 88.000000 64.000000 0.36386400000000002075
210 76.000000 58.000000 0.23610800000000001231
211 82.000000 64.000000 0.11964900000000000535
212 90.000000 64.000000 0.17626400000000000401
213 78.000000 54.000000 0.20253299999999999081
214 61.000000 54.000000 0.17841199999999998727
215 98.000000 76.000000 0.17837500000000000577
216 73.000000 56.000000 0.11735199999999999798
217 98.000000 77.000000 0.11576699999999999491
218 133.000000 100.000000 0.09050900000000000611
219 72.000000 58.000000 0.32365300000000002401
220 74.000000 62.000000 0.17240600000000000369
221 130.000000 94.000000 0.20646800000000001263
222 78.000000 60.000000 0.11668900000000000106
223 106.000000 78.000000 0.18363399999999999168
224 66.000000 52.000000 0.15174299999999998900
225 62.000000 47.000000 0.17475599999999999468
226 66.000000 55.000000 0.10440800000000000081
227 96.000000 66.000000 0.17190900000000000625
228 89.000000 71.000000 0.14392399999999999638
229 70.000000 56.000000 0.14653700000000000059
230 86.000000 59.000000 0.09537900000000000544
231 86.000000 70.000000 0.14777899999999999370
232 98.000000 73.000000 0.11474800000000000277
233 85.000000 63.000000 0.11862699999999999634
234 102.000000 86.000000 0.12756600000000001272
235 102.000000 80.000000 0.13011700000000001043
236 86.000000 65.000000 0.15844900000000000651
237 47.000000 40.000000 0.17014099999999998669
238 81.000000 60.000000 0.22118299999999999073
239 66.000000 56.000000 0.12901699999999999280
240 83.000000 67.000000 0.12359799999999999953
241 112.000000 85.000000 0.10158000000000000362
242 95.000000 76.000000 0.20028899999999999482
243 98.000000 76.000000 0.42480800000000001893
244 51.000000 43.000000 0.16514100000000001001
245 81.000000 60.000000 0.41169099999999997364
246 101.000000 72.000000 0.20232800000000000784
247 88.000000 69.000000 0.27612399999999998057
248 70.000000 57.000000 0.18182799999999998963
249 86.000000 65.000000 0.10782899999999999430
250 77.000000 64.000000 0.13920499999999999541
251 115.000000 83.000000 0.12579499999999999016
252 45.000000 35.000000 0.12649799999999999933
253 94.000000 73.000000 0.20930599999999999206
254 83.000000 57.000000 0.15808500000000000330
255 75.000000 62.000000 0.15268399999999998640
256 102.000000 66.000000 0.17424899999999998723
257 117.000000 90.000000 0.27292399999999999993
258 70.000000 55.000000 0.17097899999999999210
259 86.000000 69.000000 0.12533600000000000296
260 108.000000 84.000000 0.12378000000000000114
261 136.000000 90.000000 0.13788800000000001056
262 89.000000 69.000000 0.18053099999999999703
263 95.000000 70.000000 0.35695100000000001828
264 112.000000 89.000000 0.13192599999999998772
265 97.000000 73.000000 0.17827100000000001279
266 87.000000 68.000000 0.23730499999999998817
267 71.000000 56.000000 0.16987499999999999822
268 105.000000 84.000000 0.12528300000000000547
269 114.000000 85.000000 0.13202300000000000146
270 82.000000 62.000000 0.22020600000000001284
271 89.000000 70.000000 0.26828699999999999770
272 85.000000 67.000000 0.12264799999999999314
273 91.000000 67.000000 0.13639799999999999147
274 72.000000 57.000000 0.15422700000000000298
275 70.000000 56.000000 0.17628599999999999826
276 68.000000 53.000000 0.10414400000000000046
277 47.000000 39.000000 0.18465400000000001257
278 80.000000 66.000000 0.12620500000000001162
279 71.000000 56.000000 0.18416799999999999837
280 76.000000 60.000000 0.25678800000000001624
281 91.000000 69.000000 0.18978300000000000725
282 100.000000 74.000000 0.13563000000000000056
283 76.000000 59.000000 0.10992699999999999694
284 69.000000 55.000000 0.19434499999999998998
285 72.000000 56.000000 0.15056800000000000739
286 74.000000 61.000000 0.16077500000000000124
287 86.000000 63.000000 0.09885399999999999743
288 109.000000 77.000000 0.11087800000000000433
289 76.000000 62.000000 0.24151300000000000545
290 91.000000 75.000000 0.18290500000000001202
291 67.000000 59.000000 0.30851499999999998369
292 72.000000 58.000000 0.18107300000000001172
293 79.000000 62.000000 0.16247800000000001130
294 98.000000 80.000000 0.09599199999999999400
295 96.000000 82.000000 0.11373300000000000076
296 55.000000 45.000000 0.12138300000000000478
297 78.000000 63.000000 0.33929100000000000925
298 74.000000 56.000000 0.11374199999999999589
299 88.000000 69.000000 0.16266600000000000503
300 82.000000 58.000000 0.24179000000000000492
301 101.000000 77.000000 0.15901799999999999269
302 115.000000 86.000000 0.17272299999999998765
303 123.000000 91.000000 0.14858399999999999386
304 88.000000 70.000000 0.13962199999999999611
305 100.000000 80.000000 0.17560200000000000808
306 112.000000 85.000000 0.13442799999999999194
307 67.000000 50.000000 0.27073500000000000343
308 81.000000 62.000000 0.15442900000000001071
309 66.000000 53.000000 0.14890600000000001057
310 91.000000 67.000000 0.18648799999999998711
311 120.000000 87.000000 0.12827700000000000213
312 111.000000 81.000000 0.23837300000000000155
313 81.000000 60.000000 0.31361299999999997512
314 83.000000 62.000000 0.29593300000000000161
315 76.000000 61.000000 0.15048600000000000865
316 91.000000 70.000000 0.09209399999999999531
317 65.000000 49.000000 0.19844300000000000828
318 81.000000 66.000000 0.25035699999999999621
319 145.000000 102.000000 0.15307499999999998885
320 81.000000 62.000000 0.10766100000000000669
321 90.000000 66.000000 0.13289300000000001112
322 69.000000 57.000000 0.12976899999999999546
323 70.000000 58.000000 0.17855299999999998950
324 75.000000 62.000000 0.11946099999999999774
325 92.000000 68.000000 0.15529399999999998760
326 78.000000 58.000000 0.12110799999999999343
327 85.000000 71.000000 0.10034700000000000564
328 75.000000 55.000000 0.16258600000000000829
329 84.000000 69.000000 0.23576500000000000234
330 124.000000 83.000000 0.11140300000000000202
331 93.000000 73.000000 0.24646399999999998864
332 94.000000 76.000000 0.16752400000000000624
333 67.000000 55.000000 0.18045300000000000229
334 90.000000 70.000000 0.16634299999999999087
335 58.000000 44.000000 0.22342999999999998972
336 83.000000 65.000000 0.18586900000000000643
337 88.000000 74.000000 0.22564999999999998948
338 80.000000 63.000000 0.13303300000000001235
339 88.000000 63.000000 0.11817900000000000627
340 101.000000 71.000000 0.13684399999999999342
341 91.000000 69.000000 0.22725400000000001155
342 100.000000 66.000000 0.32739000000000001434
343 69.000000 53.000000 0.12730500000000000149
344 72.000000 57.000000 0.13687199999999999367
345 73.000000 66.000000 0.09185999999999999721
346 86.000000 63.000000 0.15631900000000001349
347 79.000000 68.000000 0.11280700000000000449
348 114.000000 83.000000 0.15612699999999998801
349 80.000000 64.000000 0.13481099999999998640
350 93.000000 75.000000 0.09322600000000000331
351 101.000000 77.000000 0.13797899999999999054
352 85.000000 65.000000 0.17732300000000000839
353 123.000000 87.000000 0.13370199999999998752
354 87.000000 70.000000 0.14224600000000001132
355 93.000000 79.000000 0.12765699999999999270
356 74.000000 55.000000 0.42034500000000002418
357 115.000000 85.000000 0.12640799999999999259
358 74.000000 57.000000 0.12964899999999998648
359 89.000000 66.000000 0.18260399999999998855
360 57.000000 46.000000 0.21712899999999998868
361 84.000000 65.000000 0.09660799999999999943
362 69.000000 54.000000 0.23538799999999998613
363 98.000000 75.000000 0.12953100000000000724
364 105.000000 79.000000 0.21791199999999999459
365 78.000000 59.000000 0.37887999999999999456
366 73.000000 54.000000 0.13120699999999999030
367 111.000000 83.000000 0.24993599999999999151
368 79.000000 63.000000 0.13875899999999999346
369 74.000000 50.000000 0.20074600000000000777
370 101.000000 73.000000 0.20052100000000000479
371 82.000000 63.000000 0.17602100000000001079
372 96.000000 70.000000 0.12008299999999999530
373 79.000000 66.000000 0.16228699999999998682
374 65.000000 52.000000 0.16892999999999999683
375 105.000000 85.000000 0.13784799999999999831
376 83.000000 64.000000 0.11310900000000000121
377 95.000000 72.000000 0.27591100000000001735
378 104.000000 75.000000 0.24542700000000000626
379 77.000000 59.000000 0.17664499999999999647
380 118.000000 80.000000 0.20851300000000000390
381 111.000000 74.000000 0.11582299999999999540
382 117.000000 82.000000 0.36206800000000000095
383 76.000000 56.000000 0.21388799999999999479
384 59.000000 49.000000 0.23532900000000001040
385 66.000000 52.000000 0.14938299999999998802
386 71.000000 55.000000 0.19521299999999999764
387 85.000000 65.000000 0.08970599999999999408
388 69.000000 57.000000 0.24564900000000000624
389 82.000000 60.000000 0.10884399999999999631
390 80.000000 62.000000 0.21701300000000001145
391 72.000000 56.000000 0.45489499999999999380
392 46.000000 38.000000 0.16935100000000000153
393 95.000000 69.000000 0.13747500000000001386
394 67.000000 55.000000 0.15612999999999999101
395 73.000000 56.000000 0.21166199999999998904
396 68.000000 54.000000 0.16504499999999999726
397 102.000000 76.000000 0.09009499999999999453
398 94.000000 74.000000 0.09291299999999999559
399 71.000000 56.000000 0.15646799999999999597
400 86.000000 68.000000 0.17013600000000000945
401 76.000000 56.000000 0.14119399999999998618
402 86.000000 64.000000 0.14815600000000000991
403 86.000000 65.000000 0.13008800000000000918
404 86.000000 64.000000 0.16866600000000001036
405 89.000000 68.000000 0.18124699999999999145
406 72.000000 60.000000 0.16827200000000000490
407 113.000000 89.000000 0.25540699999999999514
408 106.000000 78.000000 0.17216400000000001147
409 60.000000 50.000000 0.37452499999999999680
410 70.000000 58.000000 0.14227400000000001157
411 87.000000 68.000000 0.16071499999999999675
412 93.000000 73.000000 0.15422800000000000398
413 89.000000 69.000000 0.13296099999999999586
414 76.000000 61.000000 0.12459399999999999642
415 47.000000 42.000000 0.14680199999999998806
416 80.000000 62.000000 0.12570899999999998742
417 97.000000 73.000000 0.12156899999999999651
418 100.000000 79.000000 0.26181599999999999318
419 74.000000 58.000000 0.18960199999999999276
420 92.000000 67.000000 0.13668099999999999694
