1 362.000000 265.000000 15.99850799999999928502
2 548.000000 378.000000 36.25857599999999791862
3 364.000000 276.000000 12.83084200000000052455
4 400.000000 308.000000 2.71028199999999985792
5 371.000000 294.000000 9.34556800000000009732
6 367.000000 278.000000 21.07790699999999972647
7 356.000000 287.000000 18.08827799999999896841
8 350.000000 268.000000 3.06434499999999987452
9 405.000000 311.000000 5.66106200000000026051
10 411.000000 318.000000 10.59269199999999955253
11 331.000000 258.000000 62.02848199999999678766
12 304.000000 238.000000 25.45693500000000142336
13 374.000000 280.000000 26.41059600000000173736
14 469.000000 360.000000 27.09673700000000096111
15 382.000000 291.000000 26.16916700000000162163
16 383.000000 290.000000 9.52107900000000029195
17 285.000000 220.000000 13.73643700000000045236
18 411.000000 307.000000 111.74736599999999953070
19 415.000000 297.000000 2.74130599999999979843
20 376.000000 285.000000 5.94767099999999970805
21 283.000000 226.000000 5.87728099999999997749
22 321.000000 238.000000 59.14667299999999983129
23 319.000000 245.000000 7.42650100000000001899
24 333.000000 257.000000 72.05428700000000219461
25 454.000000 332.000000 41.91667400000000043292
26 434.000000 301.000000 7.23133699999999990382
27 422.000000 322.000000 20.31807500000000032969
28 347.000000 271.000000 31.15999899999999911415
29 343.000000 266.000000 19.65991199999999849979
30 348.000000 272.000000 34.20542700000000024829
31 394.000000 323.000000 10.63499900000000053524
32 407.000000 316.000000 25.10879699999999914439
33 358.000000 282.000000 5.83281399999999994321
34 436.000000 307.000000 686.09181200000000444561
35 270.000000 201.000000 13.60138199999999919498
36 366.000000 284.000000 28.22682599999999908391
37 342.000000 254.000000 22.91246900000000152886
38 392.000000 288.000000 60.48662900000000064438
39 441.000000 341.000000 37.00257100000000320961
40 482.000000 360.000000 34.90207500000000351292
41 317.000000 232.000000 6.22472400000000014586
42 559.000000 408.000000 6.53011599999999958754
43 375.000000 284.000000 6.03023199999999981458
44 265.000000 213.000000 38.56117600000000322780
45 408.000000 317.000000 12.91042200000000050863
46 299.000000 235.000000 3.82354299999999991400
47 347.000000 271.000000 12.97360199999999963438
48 329.000000 257.000000 27.11388200000000026080
49 341.000000 277.000000 5.25756900000000015893
50 327.000000 257.000000 33.51780099999999862348
51 302.000000 267.000000 5.63013000000000030099
52 362.000000 258.000000 66.29944899999999563533
53 455.000000 345.000000 3.57065400000000021663
54 356.000000 285.000000 8.82447200000000009368
55 372.000000 292.000000 4.87128199999999988989
56 444.000000 335.000000 4.68548200000000036880
57 257.000000 204.000000 13.08640199999999964575
58 304.000000 233.000000 5.73527400000000042724
59 400.000000 314.000000 9.27217399999999969396
60 478.000000 344.000000 7.23342400000000029792
61 350.000000 267.000000 11.93055500000000002103
62 377.000000 251.000000 948.22444399999994857353
63 362.000000 290.000000 60.54620299999999843976
64 353.000000 278.000000 60.73823000000000149612
65 390.000000 294.000000 2.64315599999999983893
66 365.000000 266.000000 41.79769100000000037198
67 331.000000 265.000000 15.38408399999999964791
68 411.000000 307.000000 9.78542000000000022908
69 438.000000 338.000000 15.74609500000000039677
70 496.000000 358.000000 247.21804199999999696047
71 315.000000 245.000000 8.65101899999999979229
72 421.000000 316.000000 115.97383600000000569707
73 405.000000 300.000000 108.35463000000000022283
74 350.000000 275.000000 11.85760400000000025500
75 453.000000 331.000000 45.65822399999999703368
76 292.000000 228.000000 15.81023199999999917509
77 426.000000 314.000000 51.26973600000000175214
78 305.000000 234.000000 16.41517800000000093519
79 337.000000 269.000000 71.99922599999999306419
80 348.000000 257.000000 9.51943100000000086425
81 330.000000 266.000000 13.23517099999999935278
82 263.000000 193.000000 87.12913899999999500778
83 340.000000 261.000000 25.95629599999999825855
84 355.000000 272.000000 38.99085199999999673537
85 318.000000 236.000000 15.03037499999999937472
86 418.000000 310.000000 16.50199100000000029809
87 406.000000 320.000000 28.60230500000000120053
88 488.000000 372.000000 1.60913799999999995727
89 450.000000 328.000000 14.75588800000000055945
90 579.000000 417.000000 20.91429600000000021964
91 387.000000 301.000000 14.47175700000000020395
92 414.000000 324.000000 3.32500600000000012813
93 363.000000 279.000000 15.88775099999999973477
94 341.000000 282.000000 4.12449099999999990729
95 536.000000 393.000000 11.37232299999999973750
96 226.000000 183.000000 13.57154300000000013426
97 253.000000 198.000000 53.73177199999999942293
98 312.000000 254.000000 26.01770000000000138130
99 285.000000 243.000000 11.22656800000000032469
100 299.000000 230.000000 13.13959400000000066200
101 448.000000 344.000000 37.71812299999999851252
102 399.000000 301.000000 28.81189699999999831448
103 331.000000 242.000000 10.63817399999999935289
104 272.000000 230.000000 3.71600500000000000256
105 464.000000 352.000000 75.21533700000000521868
106 295.000000 220.000000 82.11005299999999351712
107 256.000000 218.000000 5.23797499999999960352
108 307.000000 250.000000 7.31976899999999996993
109 367.000000 286.000000 4.43479799999999979576
110 323.000000 235.000000 10.20119700000000051432
111 333.000000 264.000000 17.59802399999999877878
112 362.000000 271.000000 20.48610299999999995180
113 316.000000 242.000000 67.44770200000000670570
114 277.000000 214.000000 16.84181600000000145201
115 449.000000 352.000000 2.62828799999999995762
116 334.000000 254.000000 14.98783399999999943475
117 339.000000 263.000000 36.33664100000000019008
118 408.000000 303.000000 4.56430000000000024585
119 412.000000 301.000000 53.88234099999999671127
120 337.000000 255.000000 15.13872899999999965814
121 400.000000 297.000000 5.69783099999999986807
122 306.000000 242.000000 95.07984299999999677766
123 358.000000 271.000000 42.94644100000000008777
124 396.000000 302.000000 54.50192100000000294813
125 394.000000 322.000000 18.56805999999999912120
126 380.000000 275.000000 53.77190199999999720148
127 345.000000 279.000000 9.58180899999999979855
128 360.000000 277.000000 8.40710400000000035448
129 471.000000 337.000000 68.37976000000000453838
130 490.000000 367.000000 8.41794999999999937756
131 406.000000 308.000000 47.43655100000000146565
132 414.000000 319.000000 64.39206199999999569172
133 205.000000 165.000000 9.35568100000000058003
134 425.000000 317.000000 40.30014800000000008140
135 535.000000 387.000000 45.05361500000000063437
136 307.000000 250.000000 31.08997099999999846887
137 343.000000 256.000000 39.71479099999999817783
138 417.000000 279.000000 20.61315300000000050318
139 333.000000 263.000000 12.43389699999999997715
140 307.000000 234.000000 10.50341099999999983083
141 332.000000 259.000000 18.44992500000000035243
142 328.000000 246.000000 83.47982700000000022555
143 414.000000 318.000000 15.54620599999999974727
144 309.000000 250.000000 46.83706899999999961892
145 305.000000 230.000000 41.46132999999999668717
146 464.000000 352.000000 3.58883300000000016183
147 472.000000 346.000000 32.68002700000000260161
148 354.000000 284.000000 27.26001199999999968782
149 399.000000 305.000000 13.08186800000000005184
150 345.000000 271.000000 4.04661700000000035260
151 321.000000 255.000000 9.97477499999999928093
152 494.000000 350.000000 106.86136799999999880129
153 479.000000 352.000000 4.32421499999999969788
154 427.000000 336.000000 6.78578100000000006276
155 349.000000 257.000000 24.32918899999999950978
156 396.000000 307.000000 34.73802899999999738156
157 387.000000 298.000000 27.50560000000000115961
158 453.000000 339.000000 15.83618899999999918293
159 448.000000 354.000000 1.92818299999999998029
160 380.000000 296.000000 7.00017599999999973193
161 518.000000 381.000000 2.84695099999999978735
162 357.000000 299.000000 5.29731799999999974915
163 335.000000 258.000000 12.92874800000000057310
164 360.000000 295.000000 15.32809100000000057662
165 432.000000 316.000000 6.25820400000000010010
166 398.000000 304.000000 22.14511600000000157706
167 456.000000 337.000000 7.47862299999999979860
168 318.000000 260.000000 34.36692699999999689453
169 452.000000 336.000000 23.11996900000000110253
170 330.000000 245.000000 12.52665599999999912484
171 371.000000 286.000000 53.42683099999999996044
172 316.000000 249.000000 10.24285800000000001830
173 333.000000 252.000000 31.42419200000000145678
174 451.000000 321.000000 39.67104700000000150339
175 341.000000 268.000000 12.53346900000000019304
176 404.000000 305.000000 33.21637299999999726197
177 369.000000 285.000000 4.12114500000000028024
178 323.000000 243.000000 82.84996800000000405362
179 274.000000 226.000000 26.22526399999999924262
180 240.000000 196.000000 22.69161100000000175214
181 327.000000 257.000000 4.26164599999999982316
182 304.000000 248.000000 22.94833399999999912211
183 417.000000 307.000000 8.59049899999999944100
184 346.000000 274.000000 28.99471099999999879060
185 469.000000 365.000000 16.84696200000000132491
186 350.000000 265.000000 14.92803900000000005832
187 344.000000 277.000000 15.18191099999999948977
188 362.000000 271.000000 16.96459700000000125897
189 440.000000 297.000000 104.80048899999999889587
190 357.000000 264.000000 34.61756299999999697548
191 260.000000 225.000000 9.49306299999999936290
192 470.000000 340.000000 78.49785099999999715692
193 436.000000 310.000000 61.35967500000000285354
194 421.000000 310.000000 13.16057900000000024932
195 525.000000 358.000000 41.92253800000000296677
196 304.000000 251.000000 16.27238799999999940837
197 405.000000 298.000000 184.29117600000000720684
198 308.000000 232.000000 30.71668499999999824013
199 338.000000 269.000000 28.11719400000000135265
200 424.000000 331.000000 70.99278300000000285763
201 355.000000 271.000000 99.20064399999999693591
202 383.000000 294.000000 22.78766900000000106274
203 522.000000 388.000000 11.15853300000000025705
204 460.000000 343.000000 2.74861300000000019494
205 535.000000 377.000000 13.13114200000000053592
206 406.000000 304.000000 36.32383699999999748798
207 515.000000 393.000000 42.49911500000000330601
208 279.000000 221.000000 19.46110399999999884812
209 459.000000 345.000000 33.08113699999999823831
210 430.000000 316.000000 5.75073599999999984789
211 315.000000 229.000000 101.23072899999999663123
212 445.000000 320.000000 5.23449700000000017752
213 340.000000 241.000000 114.62210000000000320597
214 453.000000 327.000000 19.83881999999999834472
215 329.000000 253.000000 82.53178499999999928605
216 388.000000 296.000000 3.47782400000000002649
217 374.000000 278.000000 105.82440499999999872216
218 352.000000 272.000000 83.76756299999999555439
219 395.000000 316.000000 18.73332800000000020191
220 369.000000 287.000000 4.09944299999999994810
221 428.000000 331.000000 15.50034899999999993270
222 402.000000 311.000000 18.24680700000000044270
223 415.000000 301.000000 13.54831899999999933470
224 249.000000 193.000000 14.44199000000000054911
225 393.000000 296.000000 6.23316099999999995163
226 287.000000 231.000000 51.78845400000000154250
227 282.000000 226.000000 28.92802199999999857027
228 360.000000 271.000000 90.65387599999999679312
229 306.000000 241.000000 19.10717899999999858096
230 469.000000 345.000000 15.28003499999999981185
231 441.000000 338.000000 1.06748700000000007471
232 277.000000 240.000000 19.18584800000000001319
233 235.000000 195.000000 18.64512900000000072964
234 344.000000 274.000000 11.90505600000000008265
235 434.000000 329.000000 90.93856599999999446027
236 478.000000 328.000000 22.24348399999999870147
237 353.000000 266.000000 67.77902799999999672309
238 493.000000 350.000000 77.08793099999999753891
239 245.000000 192.000000 26.00550600000000045497
240 411.000000 313.000000 13.77601699999999951274
241 339.000000 264.000000 29.88179200000000079740
242 453.000000 348.000000 8.99360500000000051557
243 353.000000 267.000000 48.80993600000000043337
244 408.000000 334.000000 7.86282499999999995310
245 467.000000 328.000000 36.70250099999999804368
246 442.000000 343.000000 7.06860700000000008458
247 506.000000 376.000000 76.27792800000000283944
248 353.000000 285.000000 12.78950400000000087175
249 437.000000 321.000000 87.72642299999999693227
250 463.000000 338.000000 11.75563299999999955503
251 335.000000 258.000000 22.80283899999999874808
252 308.000000 235.000000 44.84648099999999715237
253 467.000000 352.000000 16.71970200000000161822
254 441.000000 320.000000 15.71444699999999983220
255 420.000000 323.000000 2.86583399999999999253
256 316.000000 245.000000 15.23642300000000027183
257 346.000000 271.000000 10.68123399999999989518
258 372.000000 268.000000 80.95960900000000037835
259 406.000000 298.000000 119.25327000000000055024
260 379.000000 296.000000 3.59416700000000011173
261 394.000000 299.000000 3.27207399999999992701
262 336.000000 253.000000 92.04658899999999732700
263 386.000000 305.000000 7.30438600000000004542
264 432.000000 315.000000 24.88416000000000138925
265 392.000000 302.000000 16.22092200000000161708
266 339.000000 261.000000 9.72708100000000008833
267 311.000000 233.000000 8.47977700000000034208
268 315.000000 231.000000 12.04048900000000088539
269 467.000000 347.000000 131.04365000000001373337
270 281.000000 227.000000 15.01806000000000018701
271 501.000000 353.000000 121.67166199999999776082
272 371.000000 281.000000 55.61982799999999826923
273 483.000000 350.000000 11.14206800000000008311
274 392.000000 291.000000 128.47057899999998653584
275 422.000000 312.000000 34.14157800000000264617
276 456.000000 363.000000 17.74971800000000143882
277 291.000000 223.000000 66.65421600000000523778
278 359.000000 268.000000 20.69317600000000112459
279 317.000000 260.000000 34.88192300000000045657
280 452.000000 320.000000 6.58680500000000002103
281 451.000000 357.000000 46.61086099999999987631
282 428.000000 324.000000 21.58514600000000172031
283 464.000000 336.000000 7.34014900000000025670
284 379.000000 284.000000 11.84760600000000074772
285 371.000000 291.000000 2.49739099999999991653
286 371.000000 279.000000 49.31107300000000037699
287 358.000000 285.000000 35.19202800000000053160
288 459.000000 355.000000 14.25266399999999933357
289 417.000000 320.000000 74.74937599999999804368
290 235.000000 194.000000 15.12076399999999942736
291 384.000000 299.000000 8.30747700000000044440
292 412.000000 312.000000 2.84991599999999989379
293 397.000000 292.000000 384.84978699999999207648
294 326.000000 236.000000 92.59234899999999868214
295 397.000000 313.000000 6.00909300000000001774
296 224.000000 174.000000 54.76928699999999849979
297 486.000000 359.000000 5.33368700000000028894
298 391.000000 295.000000 6.56390100000000042968
299 473.000000 337.000000 4.94849099999999975097
300 337.000000 256.000000 3.00561100000000003263
301 317.000000 260.000000 6.10143599999999963757
302 344.000000 265.000000 41.36058599999999785268
303 304.000000 239.000000 15.35282499999999927809
304 422.000000 309.000000 44.01847500000000223963
305 410.000000 325.000000 11.26104800000000061289
306 431.000000 329.000000 2.76291099999999989478
307 419.000000 312.000000 54.07937799999999839429
308 410.000000 310.000000 28.07820200000000099294
309 444.000000 341.000000 5.62881900000000001683
310 387.000000 296.000000 63.17181099999999815964
311 193.000000 155.000000 22.64790800000000103864
312 364.000000 287.000000 11.44001599999999996271
313 296.000000 228.000000 20.56307500000000132445
314 218.000000 173.000000 17.07160800000000122623
315 355.000000 282.000000 5.40402399999999971669
316 498.000000 361.000000 3.41279600000000016280
317 402.000000 306.000000 35.29671600000000353248
318 258.000000 200.000000 20.69261600000000100863
319 469.000000 336.000000 4.46900299999999983669
320 409.000000 306.000000 56.68528500000000036607
321 364.000000 284.000000 6.67659700000000011499
322 251.000000 191.000000 40.11369700000000193540
323 316.000000 246.000000 82.06423999999999807642
324 418.000000 329.000000 9.55899699999999974409
325 370.000000 281.000000 102.82953799999999944248
326 423.000000 299.000000 15.51784100000000066188
327 448.000000 345.000000 14.60967800000000060834
328 262.000000 183.000000 51.55551100000000275259
329 347.000000 280.000000 85.03270899999999699048
330 380.000000 274.000000 75.83908800000000383079
331 435.000000 331.000000 22.49565199999999975944
332 371.000000 278.000000 18.31127199999999888291
333 353.000000 265.000000 7.10659500000000043940
334 395.000000 304.000000 13.20684499999999950148
335 263.000000 217.000000 21.96908200000000022101
336 331.000000 263.000000 11.90465799999999951808
337 485.000000 357.000000 2.59938499999999983459
338 383.000000 299.000000 14.69600200000000000955
339 491.000000 365.000000 75.75209800000000370801
340 409.000000 310.000000 47.47005599999999958527
341 368.000000 285.000000 28.05786200000000008004
342 510.000000 380.000000 9.62170700000000067575
343 436.000000 328.000000 37.06215900000000118553
344 369.000000 267.000000 49.16576299999999832835
345 427.000000 322.000000 28.44846199999999925012
346 273.000000 219.000000 62.47998299999999716192
347 469.000000 339.000000 4.78131299999999992423
348 395.000000 298.000000 53.59780700000000308592
349 413.000000 312.000000 89.14324200000000075761
350 293.000000 233.000000 7.78034699999999990183
351 370.000000 284.000000 30.83620600000000067098
352 366.000000 267.000000 46.42099499999999778765
353 373.000000 279.000000 54.07102199999999925240
354 481.000000 367.000000 47.87537799999999776901
355 403.000000 295.000000 14.80564000000000035584
356 295.000000 239.000000 20.05877600000000171576
357 405.000000 318.000000 8.49571300000000029229
358 362.000000 273.000000 18.34687500000000071054
359 348.000000 263.000000 47.51612399999999780675
360 339.000000 268.000000 25.66820299999999832608
361 358.000000 275.000000 17.04473099999999874399
362 354.000000 281.000000 5.94208300000000022578
363 384.000000 282.000000 8.20955000000000012506
364 423.000000 314.000000 20.04191199999999994930
365 270.000000 217.000000 7.26062299999999982703
366 506.000000 378.000000 2.91503399999999990300
367 297.000000 217.000000 76.31335300000000643195
368 436.000000 316.000000 26.81934000000000040131
369 429.000000 309.000000 46.57227799999999717784
370 458.000000 360.000000 13.29131399999999985084
371 384.000000 283.000000 74.99583499999999958163
372 353.000000 277.000000 13.29809799999999953002
373 379.000000 295.000000 82.94872399999999856846
374 432.000000 309.000000 10.56315400000000082059
375 349.000000 256.000000 81.63738600000000644741
376 383.000000 296.000000 7.09156899999999978945
377 459.000000 339.000000 22.12160499999999885290
378 298.000000 237.000000 17.29428400000000110026
379 384.000000 292.000000 81.59594300000000544060
380 362.000000 285.000000 38.35905000000000342197
381 391.000000 306.000000 7.96450700000000022527
382 413.000000 321.000000 27.35322599999999937381
383 394.000000 314.000000 18.75854500000000157911
384 243.000000 193.000000 8.58470799999999911734
385 402.000000 289.000000 74.30392899999999656302
386 379.000000 289.000000 45.40933600000000325281
387 330.000000 256.000000 27.76964299999999852275
388 484.000000 369.000000 9.15544399999999924944
389 342.000000 279.000000 3.55857199999999984641
390 260.000000 213.000000 8.95544499999999921158
391 364.000000 282.000000 12.54236700000000048760
392 275.000000 211.000000 15.45810099999999920328
393 362.000000 279.000000 104.72010500000000376986
394 378.000000 295.000000 83.77202499999999929514
395 372.000000 280.000000 23.07346000000000074692
396 345.000000 262.000000 33.90804200000000179216
397 322.000000 252.000000 15.73237899999999989120
398 308.000000 248.000000 3.37952699999999994773
399 481.000000 353.000000 3.69188999999999989399
400 303.000000 244.000000 51.15616700000000349746
401 487.000000 349.000000 27.44873899999999977695
402 398.000000 310.000000 7.41744399999999970419
403 421.000000 307.000000 15.25802900000000050795
404 334.000000 274.000000 13.39416899999999976956
405 256.000000 196.000000 5.97491899999999986903
406 443.000000 331.000000 6.61809500000000028308
407 298.000000 241.000000 9.82370200000000082241
408 344.000000 259.000000 4.37776799999999965962
409 460.000000 350.000000 4.52198299999999964172
410 357.000000 287.000000 6.31160399999999999210
411 360.000000 295.000000 14.17658800000000063335
412 288.000000 216.000000 32.83407400000000109230
413 410.000000 316.000000 34.55386000000000024102
414 471.000000 343.000000 24.44749900000000053524
415 411.000000 308.000000 11.53152000000000043656
416 464.000000 341.000000 36.26433300000000059526
417 452.000000 334.000000 1.84715199999999990510
418 205.000000 160.000000 21.18204000000000064574
419 335.000000 254.000000 68.24567700000000058935
420 402.000000 303.000000 5.88491599999999959181
