1 649.000000 511.000000 347.53755400000000008731
2 818.000000 632.000000 480.52896600000002536035
3 832.000000 646.000000 693.84484599999996135011
5 863.000000 648.000000 1112.25226199999997334089
7 653.000000 505.000000 427.91781800000001112494
9 836.000000 660.000000 275.61040500000001429726
12 853.000000 647.000000 798.55188199999997777923
13 748.000000 595.000000 165.02294200000000046202
14 532.000000 424.000000 171.37764400000000364344
15 785.000000 615.000000 511.16752500000001191438
21 768.000000 587.000000 535.18486700000005384936
22 785.000000 574.000000 152.06849900000000275213
23 806.000000 660.000000 996.19368199999996704719
24 606.000000 481.000000 1211.98244599999998172279
25 652.000000 501.000000 844.38333799999998063868
26 534.000000 419.000000 1202.90059199999996053521
28 800.000000 621.000000 142.05906999999999129614
30 1018.000000 743.000000 1088.10277799999994385871
32 495.000000 421.000000 433.55950100000001157241
33 600.000000 473.000000 587.31478700000002390880
37 1072.000000 831.000000 1326.73137300000007599010
39 776.000000 600.000000 89.12665800000000615455
40 685.000000 554.000000 1077.03959400000007917697
41 741.000000 572.000000 246.00387699999998858402
42 643.000000 533.000000 31.72132600000000124396
47 710.000000 575.000000 288.37779100000000198634
48 649.000000 533.000000 269.04648100000002841625
49 861.000000 643.000000 161.49814399999999636748
50 1027.000000 786.000000 1303.09324199999991833465
51 519.000000 420.000000 245.16580600000000345062
53 791.000000 585.000000 542.52328199999999469583
54 899.000000 712.000000 98.64662199999999359079
55 685.000000 542.000000 661.00081399999999121064
58 758.000000 599.000000 345.43184300000001485387
62 776.000000 656.000000 193.21030600000000276850
64 672.000000 552.000000 189.96884700000001089393
66 1026.000000 755.000000 514.20335599999998521525
68 797.000000 635.000000 380.26145300000001725493
69 878.000000 675.000000 122.30631200000000546879
70 765.000000 576.000000 385.00783300000000508589
71 746.000000 580.000000 1227.90367900000001100125
72 762.000000 592.000000 165.72543300000000954242
74 683.000000 537.000000 421.63683800000001156150
75 635.000000 509.000000 892.48477100000002337765
78 728.000000 564.000000 725.03314699999998538260
79 587.000000 481.000000 150.77512600000000020373
80 831.000000 640.000000 304.12377800000001570879
81 667.000000 546.000000 190.38182900000001041008
82 974.000000 740.000000 78.06132999999999810825
84 985.000000 741.000000 457.82907599999998637941
85 904.000000 701.000000 81.82028900000000248838
87 751.000000 565.000000 843.17428299999994578684
88 705.000000 552.000000 214.00985299999999256215
