1 18.000000 15.000000 0.17404100000000000126
2 16.000000 15.000000 0.03971500000000000030
3 16.000000 14.000000 0.02145000000000000032
4 17.000000 15.000000 0.02718500000000000083
5 15.000000 15.000000 0.04515999999999999875
6 14.000000 14.000000 0.01956600000000000006
7 16.000000 14.000000 0.02665800000000000114
8 15.000000 15.000000 0.02492000000000000118
9 17.000000 15.000000 0.01417900000000000063
10 13.000000 13.000000 0.03340200000000000113
11 15.000000 14.000000 0.08300200000000000633
12 18.000000 15.000000 0.01190599999999999992
13 16.000000 15.000000 0.01670500000000000110
14 13.000000 13.000000 0.02615699999999999970
15 15.000000 15.000000 0.01594800000000000037
16 16.000000 14.000000 0.01326800000000000028
17 15.000000 14.000000 0.01215699999999999940
18 13.000000 13.000000 0.01353900000000000069
19 15.000000 15.000000 0.01260499999999999989
20 16.000000 15.000000 0.02417199999999999904
21 16.000000 15.000000 0.01289399999999999921
22 20.000000 15.000000 0.01175000000000000003
23 15.000000 15.000000 0.01210499999999999944
24 16.000000 15.000000 0.01243200000000000034
25 14.000000 14.000000 0.01234400000000000081
26 14.000000 14.000000 0.01533999999999999947
27 15.000000 14.000000 0.05327799999999999897
28 14.000000 14.000000 0.01335700000000000082
29 15.000000 14.000000 0.01340399999999999925
30 15.000000 15.000000 0.01310599999999999959
31 21.000000 15.000000 0.02876499999999999890
32 16.000000 15.000000 0.02637300000000000061
33 16.000000 15.000000 0.03323099999999999665
34 15.000000 15.000000 0.02963199999999999862
35 15.000000 15.000000 0.02958900000000000072
36 15.000000 15.000000 0.01223499999999999935
37 16.000000 14.000000 0.01165099999999999990
38 15.000000 14.000000 0.01362999999999999975
39 17.000000 15.000000 0.01280199999999999914
40 13.000000 13.000000 0.04169899999999999995
41 18.000000 15.000000 0.02957600000000000159
42 18.000000 15.000000 0.01781900000000000150
43 15.000000 14.000000 0.04057299999999999796
44 14.000000 14.000000 0.01320900000000000026
45 16.000000 15.000000 0.01462899999999999964
46 19.000000 15.000000 0.01467300000000000028
47 18.000000 15.000000 0.01194399999999999976
48 16.000000 14.000000 0.01260999999999999968
49 13.000000 13.000000 0.01389699999999999963
50 15.000000 14.000000 0.01226499999999999986
51 14.000000 14.000000 0.02682400000000000062
52 13.000000 13.000000 0.06335399999999999365
53 14.000000 14.000000 0.01243499999999999987
54 17.000000 15.000000 0.01292300000000000046
55 16.000000 15.000000 0.01217400000000000079
56 16.000000 15.000000 0.01209200000000000032
57 14.000000 14.000000 0.01218499999999999965
58 15.000000 15.000000 0.01218699999999999992
59 18.000000 15.000000 0.01175299999999999956
60 16.000000 15.000000 0.01287100000000000050
61 19.000000 15.000000 0.01242300000000000001
62 16.000000 15.000000 0.01238299999999999991
63 17.000000 15.000000 0.01179400000000000066
64 16.000000 14.000000 0.01160500000000000073
65 15.000000 15.000000 0.01286900000000000023
66 16.000000 15.000000 0.02947800000000000073
67 15.000000 15.000000 0.01273900000000000032
68 18.000000 15.000000 0.01206600000000000034
69 14.000000 14.000000 0.01395899999999999919
70 17.000000 15.000000 0.01322800000000000017
71 15.000000 14.000000 0.05785400000000000265
72 17.000000 15.000000 0.03038099999999999828
73 19.000000 15.000000 0.02856399999999999911
74 15.000000 15.000000 0.03403500000000000275
75 16.000000 15.000000 0.01335300000000000029
76 19.000000 15.000000 0.03210500000000000159
77 16.000000 15.000000 0.03247099999999999986
78 19.000000 15.000000 0.03628200000000000175
79 17.000000 15.000000 0.03280099999999999683
80 18.000000 15.000000 0.03214399999999999896
81 17.000000 15.000000 0.03754899999999999904
82 15.000000 15.000000 0.02834100000000000161
83 15.000000 14.000000 0.04447099999999999664
84 16.000000 15.000000 0.04601500000000000035
85 17.000000 15.000000 0.02560000000000000123
86 17.000000 14.000000 0.03259200000000000291
87 16.000000 15.000000 0.02432300000000000087
88 16.000000 15.000000 0.04928300000000000042
89 16.000000 15.000000 0.03472000000000000086
90 16.000000 15.000000 0.03638000000000000261
91 14.000000 14.000000 0.03631800000000000306
92 16.000000 15.000000 0.03645400000000000029
93 15.000000 14.000000 0.03641699999999999798
94 15.000000 15.000000 0.05769900000000000029
95 16.000000 15.000000 0.06074299999999999838
96 17.000000 14.000000 0.06048800000000000010
97 16.000000 14.000000 0.01145200000000000037
98 18.000000 15.000000 0.06137299999999999700
99 15.000000 15.000000 0.01236600000000000026
100 17.000000 15.000000 0.03627299999999999969
101 14.000000 14.000000 0.02363699999999999829
102 18.000000 15.000000 0.03581999999999999768
103 16.000000 15.000000 0.03634699999999999737
104 13.000000 13.000000 0.05461300000000000182
105 16.000000 15.000000 0.04391599999999999671
106 15.000000 15.000000 0.03587900000000000117
107 16.000000 15.000000 0.02930200000000000166
108 15.000000 14.000000 0.03636400000000000049
109 18.000000 15.000000 0.01125499999999999938
110 16.000000 15.000000 0.02879699999999999968
111 15.000000 15.000000 0.02808899999999999939
112 15.000000 15.000000 0.02784100000000000116
113 16.000000 15.000000 0.02474399999999999863
114 15.000000 14.000000 0.01215300000000000061
115 14.000000 14.000000 0.01252400000000000041
116 17.000000 15.000000 0.01258399999999999970
117 17.000000 15.000000 0.01236699999999999952
118 16.000000 15.000000 0.01265999999999999938
119 14.000000 14.000000 0.01280599999999999968
120 17.000000 15.000000 0.01287100000000000050
121 15.000000 14.000000 0.01224300000000000041
122 14.000000 14.000000 0.01255599999999999945
123 16.000000 15.000000 0.01290999999999999960
124 15.000000 15.000000 0.01254500000000000060
125 14.000000 14.000000 0.01192200000000000031
126 16.000000 14.000000 0.01301899999999999932
127 18.000000 15.000000 0.01183599999999999930
128 17.000000 15.000000 0.01159800000000000067
129 15.000000 14.000000 0.01251700000000000035
130 16.000000 15.000000 0.01306799999999999976
131 14.000000 14.000000 0.01260999999999999968
132 15.000000 15.000000 0.01220300000000000031
133 14.000000 14.000000 0.01300600000000000020
134 15.000000 14.000000 0.01252299999999999941
135 17.000000 14.000000 0.01188900000000000026
136 18.000000 15.000000 0.01212000000000000056
137 15.000000 14.000000 0.01237899999999999938
138 19.000000 15.000000 0.01235100000000000087
139 15.000000 14.000000 0.01254800000000000013
140 19.000000 15.000000 0.01149299999999999974
141 18.000000 15.000000 0.01196299999999999968
142 16.000000 15.000000 0.01295499999999999950
143 18.000000 15.000000 0.01291800000000000066
144 15.000000 14.000000 0.01229700000000000064
145 15.000000 14.000000 0.01264099999999999946
146 14.000000 14.000000 0.01249800000000000043
147 14.000000 14.000000 0.01287400000000000003
148 15.000000 15.000000 0.02819699999999999984
149 15.000000 14.000000 0.01149799999999999954
150 16.000000 14.000000 0.01177500000000000074
151 17.000000 15.000000 0.01308199999999999988
152 16.000000 14.000000 0.01231100000000000076
153 14.000000 14.000000 0.01177600000000000001
154 14.000000 14.000000 0.01213099999999999942
155 15.000000 15.000000 0.01117899999999999970
156 16.000000 15.000000 0.01210899999999999997
157 16.000000 15.000000 0.01233800000000000001
158 16.000000 15.000000 0.01144700000000000058
159 16.000000 15.000000 0.01229099999999999984
160 18.000000 15.000000 0.01156800000000000016
161 16.000000 15.000000 0.01290099999999999927
162 16.000000 14.000000 0.01186899999999999934
163 16.000000 14.000000 0.01211600000000000003
164 14.000000 14.000000 0.01254800000000000013
165 15.000000 15.000000 0.01181500000000000085
166 16.000000 15.000000 0.01209000000000000005
167 16.000000 15.000000 0.01250599999999999976
168 20.000000 15.000000 0.01069299999999999938
169 15.000000 14.000000 0.01317100000000000042
170 14.000000 14.000000 0.01482100000000000084
171 18.000000 15.000000 0.02514100000000000015
172 18.000000 15.000000 0.01317699999999999948
173 14.000000 14.000000 0.02144400000000000125
174 15.000000 15.000000 0.03333099999999999952
175 18.000000 15.000000 0.02651799999999999990
176 16.000000 15.000000 0.03754199999999999898
177 15.000000 15.000000 0.02088100000000000026
178 17.000000 14.000000 0.01207199999999999940
179 19.000000 15.000000 0.02870899999999999841
180 16.000000 14.000000 0.02863800000000000026
181 16.000000 15.000000 0.04227800000000000308
182 17.000000 15.000000 0.02963599999999999915
183 17.000000 15.000000 0.02795399999999999968
184 16.000000 15.000000 0.02910199999999999940
185 18.000000 15.000000 0.02853199999999999834
186 17.000000 15.000000 0.04449600000000000083
187 16.000000 15.000000 0.05753599999999999687
188 15.000000 15.000000 0.02789000000000000160
189 16.000000 15.000000 0.02796500000000000027
190 17.000000 15.000000 0.01360500000000000077
191 15.000000 15.000000 0.02859099999999999836
192 16.000000 15.000000 0.01387099999999999965
193 18.000000 15.000000 0.03392900000000000083
194 17.000000 15.000000 0.02804099999999999995
195 16.000000 15.000000 0.02810500000000000151
196 17.000000 15.000000 0.02108300000000000105
197 16.000000 15.000000 0.02497399999999999967
198 17.000000 15.000000 0.02891600000000000073
199 16.000000 15.000000 0.03175200000000000244
200 16.000000 15.000000 0.02835999999999999979
201 16.000000 14.000000 0.03237999999999999906
202 17.000000 15.000000 0.02767999999999999974
203 15.000000 15.000000 0.01264200000000000046
204 16.000000 15.000000 0.01193600000000000043
205 15.000000 14.000000 0.01123900000000000073
206 17.000000 15.000000 0.01086600000000000066
207 13.000000 13.000000 0.01190000000000000085
208 17.000000 15.000000 0.01209099999999999932
209 18.000000 15.000000 0.01136599999999999937
210 14.000000 14.000000 0.01282200000000000006
211 16.000000 15.000000 0.01149999999999999981
212 17.000000 15.000000 0.01190300000000000039
213 16.000000 15.000000 0.01238299999999999991
214 15.000000 14.000000 0.01182700000000000071
215 17.000000 15.000000 0.01132700000000000026
216 17.000000 15.000000 0.01141700000000000007
217 18.000000 15.000000 0.01127700000000000057
218 14.000000 14.000000 0.01153799999999999965
219 16.000000 15.000000 0.01681600000000000109
220 15.000000 15.000000 0.01301700000000000079
221 16.000000 15.000000 0.01168899999999999974
222 15.000000 14.000000 0.02547200000000000158
223 15.000000 14.000000 0.01207699999999999919
224 13.000000 13.000000 0.01292300000000000046
225 17.000000 15.000000 0.01095999999999999926
226 14.000000 14.000000 0.01102200000000000055
227 16.000000 15.000000 0.01794000000000000108
228 16.000000 15.000000 0.01148000000000000062
229 16.000000 15.000000 0.01184600000000000063
230 16.000000 15.000000 0.01137299999999999943
231 15.000000 14.000000 0.01099100000000000077
232 15.000000 15.000000 0.01105100000000000006
233 16.000000 15.000000 0.01103900000000000020
234 15.000000 14.000000 0.01460999999999999972
235 14.000000 14.000000 0.01494700000000000022
236 20.000000 15.000000 0.02938699999999999993
237 16.000000 15.000000 0.03159399999999999709
238 14.000000 14.000000 0.03075999999999999915
239 16.000000 15.000000 0.01017599999999999928
240 13.000000 13.000000 0.01848500000000000143
241 17.000000 15.000000 0.01882999999999999952
242 15.000000 14.000000 0.01251799999999999961
243 15.000000 14.000000 0.01575299999999999964
244 14.000000 14.000000 0.01154400000000000044
245 18.000000 15.000000 0.01143500000000000072
246 18.000000 15.000000 0.01187700000000000040
247 13.000000 13.000000 0.01140299999999999994
248 14.000000 14.000000 0.01184499999999999963
249 17.000000 14.000000 0.01191099999999999971
250 15.000000 15.000000 0.01171900000000000025
251 16.000000 15.000000 0.01234200000000000054
252 18.000000 15.000000 0.01181199999999999958
253 14.000000 14.000000 0.01670299999999999910
254 17.000000 15.000000 0.01112199999999999994
255 14.000000 14.000000 0.01204299999999999989
256 13.000000 13.000000 0.03205600000000000116
257 15.000000 15.000000 0.02836899999999999838
258 17.000000 14.000000 0.02793899999999999856
259 15.000000 14.000000 0.02809599999999999945
260 17.000000 15.000000 0.01165000000000000063
261 14.000000 14.000000 0.01179700000000000019
262 15.000000 15.000000 0.01175099999999999929
263 17.000000 15.000000 0.01228899999999999958
264 16.000000 15.000000 0.01218600000000000065
265 16.000000 14.000000 0.02506699999999999900
266 18.000000 15.000000 0.01204999999999999995
267 15.000000 14.000000 0.01214200000000000002
268 17.000000 15.000000 0.01116100000000000078
269 16.000000 15.000000 0.01182700000000000071
270 14.000000 14.000000 0.01124299999999999952
271 19.000000 15.000000 0.01101099999999999995
272 14.000000 14.000000 0.01183900000000000056
273 17.000000 15.000000 0.02104899999999999827
274 17.000000 15.000000 0.01107200000000000024
275 17.000000 15.000000 0.01165399999999999943
276 14.000000 14.000000 0.01042099999999999971
277 17.000000 15.000000 0.01085599999999999933
278 17.000000 14.000000 0.01033099999999999991
279 13.000000 13.000000 0.01064000000000000015
280 14.000000 14.000000 0.01102500000000000008
281 17.000000 15.000000 0.02449099999999999888
282 17.000000 15.000000 0.01082200000000000002
283 18.000000 15.000000 0.01158900000000000034
284 14.000000 14.000000 0.01151600000000000019
285 15.000000 14.000000 0.01069200000000000012
286 15.000000 15.000000 0.01174799999999999976
287 16.000000 14.000000 0.01167100000000000082
288 14.000000 14.000000 0.01065299999999999928
289 17.000000 14.000000 0.01179999999999999973
290 13.000000 13.000000 0.03212600000000000178
291 20.000000 14.000000 0.01099299999999999930
292 16.000000 15.000000 0.01224300000000000041
293 17.000000 14.000000 0.02096800000000000053
294 18.000000 15.000000 0.01237199999999999932
295 17.000000 15.000000 0.01242500000000000028
296 15.000000 14.000000 0.02736500000000000044
297 14.000000 14.000000 0.01180100000000000073
298 20.000000 15.000000 0.01160600000000000000
299 14.000000 14.000000 0.01237199999999999932
300 14.000000 14.000000 0.02105599999999999833
301 17.000000 15.000000 0.01276599999999999957
302 16.000000 15.000000 0.01062600000000000003
303 17.000000 14.000000 0.01022099999999999918
304 17.000000 15.000000 0.01057600000000000033
305 17.000000 15.000000 0.01154699999999999997
306 17.000000 14.000000 0.01119599999999999936
307 15.000000 14.000000 0.02004299999999999832
308 17.000000 15.000000 0.01061699999999999970
309 15.000000 15.000000 0.01093300000000000001
310 15.000000 15.000000 0.01107400000000000051
311 17.000000 14.000000 0.01106099999999999965
312 16.000000 15.000000 0.01085799999999999960
313 15.000000 14.000000 0.01165399999999999943
314 15.000000 14.000000 0.01163999999999999931
315 16.000000 15.000000 0.01943200000000000136
316 15.000000 14.000000 0.01130300000000000055
317 15.000000 14.000000 0.01159999999999999920
318 17.000000 15.000000 0.01093200000000000074
319 18.000000 15.000000 0.01106999999999999998
320 18.000000 15.000000 0.01169199999999999927
321 14.000000 14.000000 0.01093399999999999928
322 18.000000 15.000000 0.01060600000000000084
323 16.000000 15.000000 0.01178000000000000054
324 15.000000 15.000000 0.01156300000000000036
325 15.000000 14.000000 0.01139500000000000061
326 13.000000 13.000000 0.01122199999999999934
327 15.000000 14.000000 0.01203899999999999935
328 19.000000 15.000000 0.01199099999999999992
329 16.000000 15.000000 0.01193600000000000043
330 16.000000 15.000000 0.01122000000000000081
331 14.000000 14.000000 0.01160100000000000020
332 17.000000 15.000000 0.01181899999999999964
333 16.000000 14.000000 0.01107099999999999924
334 16.000000 15.000000 0.01274800000000000065
335 15.000000 15.000000 0.01182300000000000018
336 13.000000 13.000000 0.01380299999999999930
337 16.000000 15.000000 0.01350900000000000017
338 16.000000 14.000000 0.01206300000000000081
339 16.000000 15.000000 0.01149999999999999981
340 15.000000 15.000000 0.01162900000000000045
341 16.000000 14.000000 0.01195399999999999935
342 15.000000 14.000000 0.01151699999999999946
343 16.000000 15.000000 0.01587999999999999828
344 18.000000 15.000000 0.05196900000000000130
345 15.000000 15.000000 0.01220100000000000004
346 18.000000 15.000000 0.01254300000000000033
347 14.000000 14.000000 0.01122800000000000013
348 16.000000 15.000000 0.02829999999999999877
349 16.000000 15.000000 0.02532699999999999882
350 17.000000 14.000000 0.03672999999999999876
351 16.000000 15.000000 0.02617799999999999988
352 16.000000 14.000000 0.02697400000000000145
353 17.000000 14.000000 0.03582500000000000268
354 16.000000 15.000000 0.02723000000000000073
355 16.000000 15.000000 0.02738600000000000062
356 14.000000 14.000000 0.02839799999999999963
357 16.000000 15.000000 0.03445499999999999952
358 18.000000 15.000000 0.02763900000000000037
359 15.000000 14.000000 0.02805099999999999955
360 16.000000 15.000000 0.02807499999999999926
361 16.000000 15.000000 0.02765099999999999850
362 15.000000 15.000000 0.02881500000000000034
363 18.000000 15.000000 0.01119999999999999989
364 14.000000 14.000000 0.01188400000000000047
365 17.000000 15.000000 0.01179599999999999919
366 16.000000 15.000000 0.01205400000000000048
367 15.000000 15.000000 0.01102700000000000034
368 17.000000 15.000000 0.01074899999999999987
369 15.000000 15.000000 0.01284800000000000005
370 16.000000 15.000000 0.01563499999999999959
371 14.000000 14.000000 0.01223300000000000082
372 17.000000 15.000000 0.01244499999999999947
373 14.000000 14.000000 0.01054800000000000008
374 15.000000 15.000000 0.01099999999999999936
375 14.000000 14.000000 0.01191399999999999924
376 15.000000 15.000000 0.03750699999999999867
377 16.000000 15.000000 0.01055799999999999968
378 16.000000 15.000000 0.01094799999999999940
379 19.000000 15.000000 0.01150200000000000007
380 17.000000 15.000000 0.01158099999999999928
381 15.000000 14.000000 0.01187399999999999914
382 15.000000 15.000000 0.01072999999999999995
383 17.000000 15.000000 0.01070199999999999971
384 16.000000 15.000000 0.01143800000000000025
385 15.000000 14.000000 0.01091899999999999989
386 16.000000 15.000000 0.01132099999999999947
387 17.000000 15.000000 0.01118800000000000003
388 15.000000 15.000000 0.02044899999999999843
389 17.000000 15.000000 0.01077200000000000032
390 15.000000 15.000000 0.01162400000000000065
391 15.000000 15.000000 0.01310000000000000053
392 14.000000 14.000000 0.01160500000000000073
393 15.000000 14.000000 0.01131099999999999987
394 16.000000 15.000000 0.01099299999999999930
395 16.000000 15.000000 0.01165099999999999990
396 13.000000 13.000000 0.01100600000000000016
397 15.000000 15.000000 0.01098700000000000024
398 15.000000 15.000000 0.01184699999999999989
399 16.000000 15.000000 0.01600899999999999893
400 15.000000 14.000000 0.01087300000000000072
401 16.000000 15.000000 0.01114099999999999986
402 16.000000 15.000000 0.01184400000000000036
403 15.000000 14.000000 0.01166200000000000049
404 19.000000 15.000000 0.02737799999999999956
405 17.000000 15.000000 0.01107700000000000004
406 17.000000 15.000000 0.01149500000000000001
407 17.000000 15.000000 0.01245500000000000079
408 14.000000 14.000000 0.01136999999999999990
409 15.000000 15.000000 0.01172899999999999984
410 18.000000 15.000000 0.01202699999999999950
411 15.000000 15.000000 0.01207399999999999966
412 18.000000 15.000000 0.01217000000000000026
413 15.000000 14.000000 0.02266500000000000112
414 17.000000 15.000000 0.01187900000000000067
415 16.000000 14.000000 0.02515699999999999881
416 18.000000 15.000000 0.01246000000000000059
417 15.000000 14.000000 0.01136099999999999957
418 16.000000 14.000000 0.01131399999999999940
419 15.000000 15.000000 0.01346699999999999980
420 15.000000 14.000000 0.01175799999999999935
