2 961.000000 732.000000 437.85518999999999323336
3 967.000000 705.000000 700.91076799999996183033
4 756.000000 603.000000 1190.58867899999995643157
5 783.000000 618.000000 363.36917799999997669147
6 997.000000 759.000000 392.79328500000002577508
8 891.000000 709.000000 764.83005200000002332672
10 664.000000 532.000000 216.68770000000000663931
11 669.000000 539.000000 389.59757500000000618456
12 1087.000000 803.000000 1209.91864000000009582436
13 745.000000 557.000000 364.13036299999998846033
14 787.000000 608.000000 345.50308799999999109787
15 868.000000 640.000000 848.83960899999999583088
16 925.000000 696.000000 766.46067100000004757021
19 1144.000000 854.000000 1340.56568399999991925142
20 1036.000000 776.000000 156.67865900000001033732
21 1065.000000 768.000000 289.48936700000001565058
22 734.000000 587.000000 66.20671199999999601005
23 905.000000 724.000000 306.81454600000000709770
24 745.000000 612.000000 501.31969700000001921580
25 544.000000 433.000000 859.23212100000000646105
29 842.000000 647.000000 249.22404399999999213833
35 728.000000 553.000000 1333.05610299999989365460
39 981.000000 749.000000 358.39927999999997609848
40 791.000000 634.000000 547.43844300000000657747
42 884.000000 697.000000 263.53204499999998233761
43 968.000000 749.000000 93.84737199999999290867
44 990.000000 742.000000 384.87306300000000192085
45 991.000000 748.000000 410.56049300000000812361
46 921.000000 742.000000 186.18762100000000714317
47 1026.000000 788.000000 165.48914500000000771252
50 861.000000 660.000000 266.79114499999997178747
55 687.000000 579.000000 198.90724900000000729960
56 854.000000 656.000000 284.40788400000002411616
59 1086.000000 781.000000 349.49532599999997728446
65 659.000000 509.000000 195.05909099999999511965
69 550.000000 439.000000 729.97113100000001395529
70 787.000000 619.000000 661.06544399999995675898
73 820.000000 618.000000 331.04437300000000732325
74 1076.000000 811.000000 438.53319299999998293060
75 742.000000 573.000000 1288.73036499999989246135
