1 17.000000 15.000000 0.17107200000000000184
2 16.000000 16.000000 0.03561600000000000182
3 19.000000 16.000000 0.03552799999999999708
4 20.000000 16.000000 0.02571100000000000121
5 18.000000 16.000000 0.03274699999999999833
6 16.000000 16.000000 0.02219199999999999992
7 18.000000 16.000000 0.01586500000000000063
8 20.000000 16.000000 0.01566499999999999837
9 14.000000 14.000000 0.03018399999999999903
10 16.000000 15.000000 0.03314600000000000185
11 17.000000 16.000000 0.01318000000000000074
12 17.000000 15.000000 0.01344399999999999935
13 18.000000 16.000000 0.01235900000000000019
14 16.000000 15.000000 0.03459700000000000275
15 15.000000 15.000000 0.02216800000000000020
16 14.000000 14.000000 0.01354700000000000001
17 15.000000 15.000000 0.02271099999999999855
18 16.000000 16.000000 0.01322300000000000038
19 17.000000 16.000000 0.01542800000000000074
20 19.000000 16.000000 0.01518399999999999958
21 14.000000 14.000000 0.01358600000000000085
22 15.000000 15.000000 0.01445699999999999937
23 18.000000 16.000000 0.02289899999999999922
24 16.000000 16.000000 0.01621600000000000125
25 18.000000 16.000000 0.02726999999999999910
26 18.000000 16.000000 0.03036600000000000063
27 17.000000 16.000000 0.01285400000000000084
28 17.000000 16.000000 0.01293200000000000079
29 18.000000 16.000000 0.01405099999999999925
30 15.000000 15.000000 0.01267300000000000024
31 15.000000 15.000000 0.01282999999999999939
32 16.000000 16.000000 0.01294200000000000038
33 18.000000 16.000000 0.01349999999999999985
34 18.000000 16.000000 0.01235200000000000013
35 17.000000 16.000000 0.03791599999999999832
36 16.000000 16.000000 0.03751199999999999674
37 16.000000 16.000000 0.05355000000000000038
38 17.000000 16.000000 0.01233099999999999995
39 17.000000 15.000000 0.03363000000000000017
40 19.000000 16.000000 0.01256200000000000025
41 16.000000 16.000000 0.01292199999999999946
42 17.000000 15.000000 0.01165799999999999996
43 19.000000 15.000000 0.01260200000000000035
44 18.000000 16.000000 0.01247299999999999971
45 15.000000 15.000000 0.02540399999999999950
46 15.000000 15.000000 0.02802899999999999836
47 18.000000 16.000000 0.01378500000000000038
48 15.000000 15.000000 0.01369800000000000011
49 14.000000 14.000000 0.01482999999999999943
50 20.000000 15.000000 0.01414299999999999932
51 19.000000 16.000000 0.01205299999999999948
52 17.000000 16.000000 0.01309100000000000021
53 18.000000 16.000000 0.01274999999999999918
54 17.000000 16.000000 0.01209000000000000005
55 17.000000 16.000000 0.01191599999999999951
56 19.000000 16.000000 0.01171499999999999972
57 19.000000 16.000000 0.01152700000000000079
58 17.000000 15.000000 0.02871399999999999994
59 17.000000 16.000000 0.01223999999999999914
60 18.000000 15.000000 0.02820599999999999843
61 18.000000 16.000000 0.01209499999999999985
62 16.000000 16.000000 0.02934700000000000156
63 16.000000 15.000000 0.01255999999999999998
64 15.000000 15.000000 0.01268999999999999989
65 16.000000 16.000000 0.01215499999999999914
66 15.000000 15.000000 0.01320099999999999919
67 16.000000 15.000000 0.01357700000000000053
68 18.000000 16.000000 0.02636700000000000155
69 15.000000 15.000000 0.01707799999999999943
70 19.000000 16.000000 0.02928599999999999953
71 17.000000 16.000000 0.03706199999999999772
72 19.000000 16.000000 0.05259699999999999792
73 16.000000 15.000000 0.03109999999999999917
74 18.000000 16.000000 0.03703900000000000248
75 18.000000 15.000000 0.03713799999999999740
76 19.000000 16.000000 0.02206100000000000075
77 17.000000 16.000000 0.01407500000000000070
78 17.000000 16.000000 0.04610999999999999821
79 18.000000 16.000000 0.02775199999999999889
80 16.000000 15.000000 0.02563999999999999960
81 19.000000 16.000000 0.02923500000000000057
82 17.000000 16.000000 0.01262800000000000034
83 17.000000 15.000000 0.02932900000000000090
84 19.000000 16.000000 0.01240600000000000036
85 17.000000 16.000000 0.02918499999999999914
86 18.000000 16.000000 0.05505499999999999977
87 16.000000 16.000000 0.02586700000000000110
88 17.000000 16.000000 0.03751000000000000167
89 16.000000 16.000000 0.05184400000000000119
90 17.000000 15.000000 0.03664800000000000002
91 16.000000 15.000000 0.03690299999999999830
92 19.000000 16.000000 0.03607199999999999990
93 18.000000 16.000000 0.02828400000000000011
94 14.000000 14.000000 0.03714499999999999746
95 16.000000 15.000000 0.03653800000000000103
96 17.000000 15.000000 0.03692600000000000049
97 17.000000 16.000000 0.01271100000000000008
98 17.000000 16.000000 0.02065499999999999975
99 15.000000 15.000000 0.02871900000000000147
100 17.000000 16.000000 0.03648400000000000254
101 15.000000 15.000000 0.03744499999999999912
102 17.000000 15.000000 0.03618600000000000289
103 17.000000 16.000000 0.05618599999999999983
104 20.000000 16.000000 0.02784400000000000069
105 19.000000 16.000000 0.02756000000000000116
106 17.000000 15.000000 0.02452100000000000113
107 15.000000 15.000000 0.02465799999999999936
108 18.000000 16.000000 0.03241700000000000137
109 17.000000 16.000000 0.01261400000000000021
110 17.000000 16.000000 0.02482699999999999838
111 18.000000 16.000000 0.02478299999999999947
112 16.000000 15.000000 0.01267500000000000050
113 18.000000 16.000000 0.01315700000000000029
114 17.000000 16.000000 0.01252699999999999994
115 18.000000 16.000000 0.01479899999999999965
116 15.000000 15.000000 0.01253300000000000074
117 15.000000 15.000000 0.01245199999999999953
118 17.000000 15.000000 0.01235200000000000013
119 16.000000 15.000000 0.01237800000000000011
120 16.000000 15.000000 0.01286799999999999923
121 19.000000 16.000000 0.01179499999999999993
122 15.000000 15.000000 0.02822799999999999962
123 17.000000 16.000000 0.01225500000000000027
124 16.000000 15.000000 0.01233300000000000021
125 17.000000 16.000000 0.01209499999999999985
126 16.000000 16.000000 0.01167600000000000061
127 17.000000 15.000000 0.01180900000000000005
128 15.000000 15.000000 0.01220899999999999937
129 16.000000 15.000000 0.01234299999999999981
130 17.000000 15.000000 0.01227999999999999925
131 17.000000 15.000000 0.01255000000000000039
132 19.000000 16.000000 0.01179400000000000066
133 18.000000 16.000000 0.01209200000000000032
134 18.000000 16.000000 0.01276300000000000004
135 16.000000 15.000000 0.01301100000000000000
136 15.000000 15.000000 0.01341999999999999964
137 18.000000 16.000000 0.01263200000000000087
138 15.000000 15.000000 0.01239400000000000050
139 15.000000 15.000000 0.01214699999999999981
140 17.000000 16.000000 0.01192000000000000004
141 18.000000 16.000000 0.01180699999999999979
142 20.000000 16.000000 0.01140500000000000021
143 19.000000 16.000000 0.01211600000000000003
144 15.000000 15.000000 0.01272399999999999920
145 17.000000 16.000000 0.01171999999999999952
146 19.000000 16.000000 0.01201600000000000064
147 22.000000 16.000000 0.01128700000000000016
148 17.000000 15.000000 0.01246700000000000065
149 17.000000 15.000000 0.01157099999999999969
150 16.000000 15.000000 0.01211199999999999950
151 16.000000 16.000000 0.01266899999999999971
152 17.000000 15.000000 0.01233700000000000074
153 14.000000 14.000000 0.01229700000000000064
154 18.000000 16.000000 0.01301000000000000073
155 15.000000 15.000000 0.01368899999999999978
156 17.000000 16.000000 0.01155499999999999930
157 16.000000 15.000000 0.01205600000000000074
158 17.000000 16.000000 0.01429799999999999995
159 17.000000 16.000000 0.01265400000000000032
160 20.000000 16.000000 0.01156100000000000010
161 19.000000 16.000000 0.01203700000000000082
162 17.000000 16.000000 0.02939500000000000099
163 19.000000 16.000000 0.02375700000000000034
164 18.000000 16.000000 0.02334100000000000064
165 19.000000 16.000000 0.04579600000000000337
166 16.000000 15.000000 0.03653900000000000203
167 19.000000 16.000000 0.03597899999999999709
168 16.000000 15.000000 0.03647000000000000242
169 17.000000 16.000000 0.02825199999999999934
170 15.000000 15.000000 0.04893499999999999933
171 17.000000 16.000000 0.02291100000000000081
172 20.000000 16.000000 0.03900599999999999901
173 17.000000 16.000000 0.03547899999999999665
174 18.000000 16.000000 0.02862299999999999914
175 17.000000 16.000000 0.04855999999999999900
176 17.000000 16.000000 0.01208099999999999972
177 18.000000 16.000000 0.02729499999999999982
178 18.000000 16.000000 0.01310599999999999959
179 14.000000 14.000000 0.01268400000000000083
180 16.000000 16.000000 0.01689699999999999883
181 18.000000 16.000000 0.03675300000000000095
182 17.000000 16.000000 0.04024900000000000005
183 22.000000 16.000000 0.03649499999999999966
184 19.000000 16.000000 0.03067999999999999894
185 17.000000 16.000000 0.02688400000000000165
186 16.000000 15.000000 0.03477199999999999736
187 17.000000 15.000000 0.02941099999999999964
188 17.000000 15.000000 0.02063500000000000056
189 16.000000 16.000000 0.02581299999999999914
190 18.000000 16.000000 0.02806900000000000020
191 18.000000 16.000000 0.05057299999999999990
192 14.000000 14.000000 0.03242400000000000143
193 15.000000 15.000000 0.02861199999999999855
194 15.000000 15.000000 0.01166000000000000023
195 18.000000 16.000000 0.01118000000000000070
196 17.000000 16.000000 0.01149400000000000074
197 19.000000 16.000000 0.01143300000000000045
198 17.000000 16.000000 0.01192900000000000037
199 17.000000 15.000000 0.01208000000000000046
200 17.000000 16.000000 0.01145099999999999937
201 14.000000 14.000000 0.01210100000000000064
202 16.000000 16.000000 0.02477499999999999841
203 15.000000 15.000000 0.01213799999999999948
204 17.000000 16.000000 0.01147899999999999962
205 16.000000 16.000000 0.02801400000000000071
206 16.000000 16.000000 0.02471399999999999986
207 17.000000 15.000000 0.02812900000000000122
208 17.000000 16.000000 0.03518600000000000200
209 19.000000 16.000000 0.03103399999999999909
210 18.000000 16.000000 0.04502500000000000252
211 16.000000 15.000000 0.03615000000000000158
212 20.000000 16.000000 0.01145799999999999944
213 15.000000 15.000000 0.02100499999999999937
214 15.000000 15.000000 0.04106800000000000034
215 18.000000 15.000000 0.01112199999999999994
216 20.000000 16.000000 0.01209999999999999964
217 17.000000 15.000000 0.02782199999999999951
218 17.000000 16.000000 0.01146499999999999950
219 17.000000 15.000000 0.01182300000000000018
220 19.000000 16.000000 0.01087199999999999972
221 19.000000 16.000000 0.01086900000000000019
222 16.000000 16.000000 0.02417899999999999910
223 18.000000 16.000000 0.01329800000000000079
224 20.000000 16.000000 0.01204599999999999942
225 16.000000 15.000000 0.02864900000000000085
226 17.000000 16.000000 0.01192799999999999937
227 19.000000 16.000000 0.02481600000000000125
228 19.000000 16.000000 0.01248600000000000057
229 18.000000 16.000000 0.01261699999999999974
230 18.000000 15.000000 0.01234299999999999981
231 17.000000 16.000000 0.02923699999999999910
232 19.000000 16.000000 0.01200500000000000005
233 18.000000 16.000000 0.04038599999999999829
234 15.000000 15.000000 0.01232899999999999968
235 21.000000 16.000000 0.01146299999999999923
236 17.000000 16.000000 0.01189300000000000079
237 18.000000 16.000000 0.01176100000000000062
238 17.000000 15.000000 0.01211600000000000003
239 17.000000 16.000000 0.01187099999999999961
240 17.000000 16.000000 0.01222299999999999949
241 19.000000 16.000000 0.01754500000000000157
242 17.000000 16.000000 0.03253600000000000242
243 17.000000 15.000000 0.05013700000000000101
244 19.000000 16.000000 0.01166999999999999982
245 18.000000 16.000000 0.01197100000000000074
246 19.000000 16.000000 0.02846500000000000072
247 15.000000 15.000000 0.01248400000000000030
248 16.000000 15.000000 0.02958500000000000019
249 17.000000 15.000000 0.02474600000000000063
250 16.000000 15.000000 0.01328700000000000020
251 16.000000 16.000000 0.01194699999999999929
252 19.000000 16.000000 0.01146699999999999976
253 14.000000 14.000000 0.01006300000000000076
254 15.000000 15.000000 0.01035699999999999989
255 20.000000 16.000000 0.00971699999999999994
256 18.000000 16.000000 0.01058100000000000013
257 16.000000 15.000000 0.02795800000000000021
258 16.000000 16.000000 0.01200700000000000031
259 17.000000 16.000000 0.01122199999999999934
260 18.000000 16.000000 0.01235999999999999946
261 17.000000 16.000000 0.01192299999999999957
262 17.000000 16.000000 0.01114899999999999919
263 19.000000 16.000000 0.01090099999999999923
264 17.000000 15.000000 0.01106900000000000071
265 16.000000 16.000000 0.01304199999999999977
266 18.000000 16.000000 0.01118000000000000070
267 18.000000 16.000000 0.01194399999999999976
268 19.000000 16.000000 0.01113600000000000007
269 18.000000 16.000000 0.01089399999999999917
270 15.000000 15.000000 0.01193400000000000016
271 16.000000 16.000000 0.01182399999999999944
272 15.000000 15.000000 0.01222099999999999922
273 17.000000 16.000000 0.01127700000000000057
274 16.000000 15.000000 0.01405299999999999952
275 17.000000 16.000000 0.01177899999999999954
276 15.000000 15.000000 0.01117699999999999944
277 20.000000 16.000000 0.01106200000000000065
278 20.000000 16.000000 0.01043999999999999963
279 17.000000 15.000000 0.01122699999999999913
280 19.000000 16.000000 0.01085700000000000033
281 15.000000 15.000000 0.01107499999999999978
282 18.000000 16.000000 0.02406600000000000059
283 14.000000 14.000000 0.01211800000000000030
284 17.000000 16.000000 0.01097899999999999918
285 17.000000 15.000000 0.02561099999999999835
286 16.000000 15.000000 0.01263099999999999987
287 20.000000 16.000000 0.01227499999999999945
288 16.000000 15.000000 0.01174500000000000023
289 15.000000 15.000000 0.01212300000000000010
290 18.000000 16.000000 0.01195899999999999914
291 14.000000 14.000000 0.01254100000000000006
292 17.000000 15.000000 0.01164699999999999937
293 19.000000 16.000000 0.02142700000000000160
294 17.000000 16.000000 0.01178500000000000034
295 17.000000 16.000000 0.01999700000000000089
296 16.000000 15.000000 0.01226400000000000060
297 16.000000 16.000000 0.01192999999999999963
298 18.000000 16.000000 0.02517000000000000140
299 20.000000 16.000000 0.02953499999999999875
300 17.000000 16.000000 0.01163499999999999951
301 16.000000 16.000000 0.01205700000000000001
302 17.000000 15.000000 0.01134800000000000045
303 16.000000 16.000000 0.01128999999999999969
304 17.000000 16.000000 0.01135599999999999977
305 17.000000 16.000000 0.01176199999999999989
306 16.000000 16.000000 0.01103699999999999994
307 19.000000 16.000000 0.01099999999999999936
308 19.000000 16.000000 0.01192499999999999984
309 15.000000 15.000000 0.01186700000000000081
310 16.000000 15.000000 0.01148899999999999921
311 16.000000 15.000000 0.01111900000000000041
312 18.000000 16.000000 0.01055599999999999941
313 16.000000 16.000000 0.03894600000000000145
314 18.000000 16.000000 0.01090099999999999923
315 17.000000 16.000000 0.01149700000000000027
316 20.000000 16.000000 0.01231499999999999956
317 19.000000 16.000000 0.01154099999999999918
318 20.000000 16.000000 0.01058800000000000019
319 16.000000 16.000000 0.01096300000000000052
320 16.000000 15.000000 0.01075500000000000067
321 17.000000 16.000000 0.01069699999999999991
322 17.000000 16.000000 0.01058500000000000066
323 19.000000 16.000000 0.01202499999999999923
324 22.000000 16.000000 0.01046099999999999981
325 16.000000 16.000000 0.01120400000000000042
326 19.000000 16.000000 0.02809800000000000145
327 15.000000 15.000000 0.02003500000000000072
328 15.000000 15.000000 0.02801899999999999877
329 16.000000 16.000000 0.02895800000000000110
330 16.000000 16.000000 0.02918600000000000014
331 20.000000 16.000000 0.02068400000000000100
332 16.000000 15.000000 0.03381699999999999984
333 17.000000 15.000000 0.01217099999999999953
334 15.000000 15.000000 0.03034999999999999851
335 15.000000 15.000000 0.02570000000000000062
336 16.000000 16.000000 0.03197400000000000242
337 16.000000 15.000000 0.02047799999999999968
338 18.000000 16.000000 0.01985800000000000065
339 14.000000 14.000000 0.03001500000000000001
340 17.000000 15.000000 0.01611500000000000085
341 18.000000 16.000000 0.02211600000000000024
342 19.000000 16.000000 0.02849199999999999997
343 16.000000 15.000000 0.02038200000000000081
344 17.000000 16.000000 0.01134899999999999971
345 16.000000 15.000000 0.02261300000000000116
346 19.000000 16.000000 0.01187900000000000067
347 18.000000 16.000000 0.01194500000000000076
348 16.000000 16.000000 0.01220300000000000031
349 16.000000 15.000000 0.01201999999999999943
350 18.000000 15.000000 0.01154600000000000071
351 18.000000 15.000000 0.01194800000000000029
352 17.000000 16.000000 0.01190000000000000085
353 16.000000 16.000000 0.01166000000000000023
354 15.000000 15.000000 0.01251400000000000082
355 21.000000 16.000000 0.01146499999999999950
356 18.000000 15.000000 0.01133699999999999986
357 16.000000 15.000000 0.01156399999999999963
358 21.000000 16.000000 0.01094999999999999966
359 18.000000 16.000000 0.01159699999999999967
360 17.000000 16.000000 0.01105800000000000012
361 19.000000 16.000000 0.01133400000000000032
362 14.000000 14.000000 0.01213099999999999942
363 15.000000 15.000000 0.01126599999999999997
364 19.000000 16.000000 0.02169099999999999848
365 16.000000 16.000000 0.01133200000000000006
366 19.000000 16.000000 0.02575099999999999958
367 16.000000 16.000000 0.02060800000000000132
368 16.000000 15.000000 0.01877600000000000102
369 16.000000 16.000000 0.01239200000000000024
370 17.000000 16.000000 0.01259500000000000029
371 17.000000 15.000000 0.01264799999999999952
372 19.000000 16.000000 0.01140200000000000068
373 18.000000 16.000000 0.01177300000000000048
374 15.000000 15.000000 0.01149900000000000054
375 17.000000 16.000000 0.01187299999999999987
376 18.000000 16.000000 0.01207800000000000019
377 20.000000 16.000000 0.01210999999999999924
378 18.000000 16.000000 0.01253199999999999974
379 18.000000 16.000000 0.01241399999999999969
380 16.000000 15.000000 0.01272200000000000067
381 18.000000 15.000000 0.01164199999999999957
382 17.000000 16.000000 0.01165099999999999990
383 15.000000 15.000000 0.01186300000000000028
384 16.000000 16.000000 0.01203500000000000056
385 16.000000 16.000000 0.01381800000000000042
386 15.000000 15.000000 0.01524000000000000007
387 16.000000 15.000000 0.02707999999999999990
388 17.000000 16.000000 0.01168199999999999968
389 14.000000 14.000000 0.01302400000000000085
390 15.000000 15.000000 0.01336500000000000014
391 18.000000 16.000000 0.01150600000000000060
392 18.000000 16.000000 0.01199199999999999919
393 16.000000 15.000000 0.01155199999999999977
394 17.000000 16.000000 0.01445899999999999963
395 17.000000 16.000000 0.01390399999999999969
396 20.000000 16.000000 0.02566999999999999837
397 16.000000 15.000000 0.01217799999999999959
398 17.000000 16.000000 0.01197400000000000027
399 16.000000 15.000000 0.01289299999999999995
400 17.000000 15.000000 0.01197299999999999927
401 20.000000 16.000000 0.01084000000000000068
402 16.000000 15.000000 0.01113600000000000007
403 17.000000 16.000000 0.01176199999999999989
404 20.000000 16.000000 0.01154600000000000071
405 17.000000 15.000000 0.01114099999999999986
406 16.000000 15.000000 0.01109599999999999996
407 18.000000 16.000000 0.01136400000000000084
408 18.000000 16.000000 0.01156500000000000063
409 17.000000 15.000000 0.01074600000000000034
410 19.000000 16.000000 0.01077999999999999965
411 19.000000 16.000000 0.01131300000000000014
412 19.000000 16.000000 0.01163699999999999977
413 17.000000 16.000000 0.01082800000000000082
414 19.000000 16.000000 0.01066100000000000034
415 16.000000 15.000000 0.01119000000000000029
416 18.000000 16.000000 0.01201299999999999937
417 17.000000 16.000000 0.01108400000000000010
418 17.000000 16.000000 0.01086400000000000039
419 19.000000 16.000000 0.01084099999999999994
420 15.000000 15.000000 0.01191900000000000077
