1 21.000000 20.000000 0.13888000000000000345
2 28.000000 21.000000 0.14639299999999999535
3 27.000000 23.000000 0.07156099999999999961
4 25.000000 19.000000 0.05656100000000000017
5 21.000000 19.000000 0.08991100000000000481
6 20.000000 18.000000 0.05605500000000000066
7 35.000000 28.000000 0.04565799999999999720
8 26.000000 22.000000 0.03961599999999999844
9 20.000000 19.000000 0.04280199999999999977
10 22.000000 20.000000 0.05358899999999999775
11 27.000000 24.000000 0.03071099999999999872
12 19.000000 18.000000 0.05159500000000000197
13 30.000000 24.000000 0.03069099999999999953
14 28.000000 21.000000 0.04827200000000000241
15 18.000000 18.000000 0.04852599999999999969
16 22.000000 20.000000 0.04628299999999999775
17 32.000000 27.000000 0.01833600000000000160
18 20.000000 19.000000 0.04924900000000000111
19 28.000000 23.000000 0.02130500000000000102
20 21.000000 19.000000 0.01965499999999999886
21 21.000000 18.000000 0.02520199999999999871
22 23.000000 20.000000 0.03208500000000000241
23 32.000000 23.000000 0.02026199999999999876
24 23.000000 19.000000 0.01852900000000000033
25 30.000000 21.000000 0.05023099999999999787
26 27.000000 21.000000 0.04702699999999999936
27 24.000000 19.000000 0.04847300000000000220
28 33.000000 23.000000 0.02678900000000000031
29 25.000000 22.000000 0.04279499999999999971
30 24.000000 20.000000 0.03587400000000000311
31 25.000000 21.000000 0.03441700000000000315
32 23.000000 19.000000 0.04994300000000000128
33 26.000000 24.000000 0.06230399999999999827
34 28.000000 22.000000 0.03590399999999999842
35 34.000000 24.000000 0.03957100000000000201
36 29.000000 22.000000 0.03806099999999999761
37 21.000000 19.000000 0.03447000000000000064
38 37.000000 28.000000 0.06117899999999999727
39 20.000000 19.000000 0.05674799999999999983
40 28.000000 23.000000 0.06196299999999999725
41 27.000000 23.000000 0.05069200000000000095
42 32.000000 23.000000 0.03249400000000000205
43 15.000000 15.000000 0.06397200000000000109
44 20.000000 18.000000 0.04080399999999999999
45 26.000000 20.000000 0.04446200000000000152
46 24.000000 21.000000 0.03125599999999999906
47 36.000000 25.000000 0.01849599999999999855
48 27.000000 23.000000 0.01701899999999999941
49 23.000000 19.000000 0.01736899999999999902
50 26.000000 21.000000 0.01627299999999999927
51 29.000000 23.000000 0.01651199999999999890
52 25.000000 21.000000 0.04154999999999999666
53 24.000000 21.000000 0.01704400000000000012
54 30.000000 22.000000 0.01717700000000000130
55 24.000000 19.000000 0.02211700000000000124
56 25.000000 20.000000 0.01555199999999999985
57 22.000000 18.000000 0.01835099999999999926
58 28.000000 23.000000 0.02768599999999999881
59 24.000000 21.000000 0.01754299999999999957
60 23.000000 19.000000 0.01984800000000000106
61 26.000000 20.000000 0.04449999999999999789
62 23.000000 20.000000 0.02228600000000000025
63 32.000000 26.000000 0.01831199999999999842
64 22.000000 21.000000 0.02150699999999999834
65 28.000000 21.000000 0.01774399999999999936
66 35.000000 24.000000 0.01551100000000000048
67 27.000000 24.000000 0.01880700000000000080
68 24.000000 20.000000 0.01861600000000000060
69 22.000000 18.000000 0.01823500000000000121
70 25.000000 20.000000 0.01877200000000000049
71 33.000000 23.000000 0.01960399999999999990
72 25.000000 20.000000 0.01747999999999999901
73 21.000000 20.000000 0.01818399999999999878
74 29.000000 20.000000 0.01763299999999999937
75 24.000000 21.000000 0.02189400000000000027
76 39.000000 28.000000 0.01776200000000000001
77 20.000000 17.000000 0.01811799999999999869
78 24.000000 23.000000 0.02209500000000000006
79 29.000000 23.000000 0.01877300000000000149
80 26.000000 21.000000 0.01756800000000000028
81 23.000000 18.000000 0.01948700000000000085
82 25.000000 21.000000 0.01738800000000000068
83 25.000000 20.000000 0.02115500000000000019
84 26.000000 22.000000 0.02512800000000000103
85 27.000000 24.000000 0.01857100000000000070
86 21.000000 20.000000 0.01821100000000000149
87 24.000000 19.000000 0.03260899999999999910
88 24.000000 18.000000 0.05430800000000000211
89 30.000000 22.000000 0.01819399999999999837
90 33.000000 24.000000 0.01596399999999999902
91 32.000000 24.000000 0.01662599999999999842
92 30.000000 23.000000 0.01678299999999999931
93 30.000000 25.000000 0.03156699999999999784
94 30.000000 23.000000 0.06669999999999999540
95 27.000000 23.000000 0.03191599999999999993
96 26.000000 22.000000 0.04798899999999999694
97 28.000000 21.000000 0.01717899999999999983
98 26.000000 20.000000 0.04562499999999999889
99 26.000000 21.000000 0.05742900000000000088
100 35.000000 24.000000 0.03351900000000000018
101 20.000000 19.000000 0.04840599999999999764
102 22.000000 18.000000 0.01933899999999999855
103 29.000000 21.000000 0.01651199999999999890
104 28.000000 22.000000 0.04810299999999999992
105 28.000000 22.000000 0.03800599999999999812
106 29.000000 24.000000 0.04587000000000000105
107 22.000000 20.000000 0.03316199999999999704
108 25.000000 20.000000 0.06303499999999999381
109 25.000000 20.000000 0.01805899999999999866
110 32.000000 26.000000 0.02038500000000000034
111 24.000000 19.000000 0.01737000000000000002
112 30.000000 22.000000 0.01729699999999999988
113 22.000000 21.000000 0.01843399999999999900
114 35.000000 27.000000 0.04628399999999999875
115 19.000000 17.000000 0.01706799999999999984
116 27.000000 21.000000 0.01854599999999999999
117 26.000000 21.000000 0.01802399999999999836
118 31.000000 22.000000 0.03531200000000000311
119 22.000000 20.000000 0.05467700000000000338
120 28.000000 22.000000 0.01797599999999999892
121 25.000000 20.000000 0.01753800000000000150
122 29.000000 22.000000 0.02443999999999999992
123 39.000000 27.000000 0.02706400000000000125
124 24.000000 21.000000 0.03065000000000000016
125 26.000000 23.000000 0.04266699999999999660
126 22.000000 20.000000 0.03398400000000000032
127 24.000000 21.000000 0.02138299999999999923
128 28.000000 23.000000 0.01753499999999999850
129 31.000000 26.000000 0.01577299999999999883
130 33.000000 25.000000 0.04095700000000000035
131 28.000000 23.000000 0.01834900000000000073
132 25.000000 21.000000 0.02954100000000000129
133 24.000000 20.000000 0.03173600000000000032
134 30.000000 23.000000 0.03106899999999999940
135 28.000000 24.000000 0.05146799999999999986
136 24.000000 20.000000 0.03937800000000000328
137 34.000000 27.000000 0.01688800000000000023
138 21.000000 17.000000 0.03074800000000000103
139 20.000000 18.000000 0.04489699999999999941
140 25.000000 22.000000 0.01875299999999999884
141 21.000000 18.000000 0.02021600000000000133
142 29.000000 22.000000 0.01706099999999999978
143 34.000000 28.000000 0.01710400000000000115
144 24.000000 19.000000 0.01877500000000000002
145 22.000000 20.000000 0.01962799999999999961
146 26.000000 23.000000 0.02213299999999999990
147 20.000000 19.000000 0.02404699999999999893
148 30.000000 21.000000 0.01846000000000000071
149 28.000000 23.000000 0.02051199999999999898
150 27.000000 24.000000 0.03610300000000000314
151 29.000000 22.000000 0.01790500000000000078
152 30.000000 23.000000 0.01805299999999999960
153 24.000000 20.000000 0.01908400000000000027
154 33.000000 27.000000 0.03447399999999999770
155 26.000000 22.000000 0.03377100000000000241
156 25.000000 22.000000 0.01953799999999999981
157 28.000000 22.000000 0.01771599999999999911
158 45.000000 30.000000 0.02780300000000000132
159 26.000000 23.000000 0.04453000000000000014
160 36.000000 27.000000 0.02184399999999999883
161 27.000000 21.000000 0.01695800000000000085
162 20.000000 18.000000 0.02035500000000000156
163 20.000000 18.000000 0.01701700000000000088
164 30.000000 24.000000 0.02122599999999999834
165 28.000000 22.000000 0.01810399999999999857
166 29.000000 22.000000 0.02392100000000000129
167 24.000000 21.000000 0.02102199999999999902
168 25.000000 22.000000 0.02235099999999999934
169 22.000000 18.000000 0.02062399999999999997
170 26.000000 21.000000 0.05671699999999999658
171 21.000000 19.000000 0.04023899999999999699
172 35.000000 26.000000 0.02524300000000000155
173 25.000000 23.000000 0.02855500000000000052
174 26.000000 21.000000 0.11343300000000000605
175 32.000000 26.000000 0.06257699999999999374
176 28.000000 22.000000 0.03185899999999999843
177 22.000000 19.000000 0.01788599999999999912
178 23.000000 20.000000 0.03929599999999999760
179 32.000000 23.000000 0.01722999999999999879
180 27.000000 21.000000 0.01716300000000000117
181 26.000000 22.000000 0.01704599999999999865
182 32.000000 23.000000 0.01626199999999999868
183 37.000000 24.000000 0.02138800000000000076
184 20.000000 18.000000 0.03462900000000000006
185 20.000000 19.000000 0.01886499999999999982
186 34.000000 24.000000 0.01620200000000000112
187 26.000000 21.000000 0.01790599999999999831
188 32.000000 24.000000 0.01856100000000000111
189 25.000000 21.000000 0.02732199999999999906
190 24.000000 19.000000 0.05181700000000000195
191 26.000000 20.000000 0.03946800000000000308
192 20.000000 17.000000 0.02908399999999999874
193 27.000000 24.000000 0.01961200000000000096
194 19.000000 17.000000 0.01848500000000000143
195 32.000000 23.000000 0.01892699999999999938
196 25.000000 22.000000 0.02584499999999999992
197 28.000000 23.000000 0.01811499999999999916
198 24.000000 21.000000 0.01818200000000000024
199 25.000000 21.000000 0.01579900000000000054
200 26.000000 22.000000 0.02188199999999999867
201 26.000000 22.000000 0.01806500000000000120
202 25.000000 22.000000 0.02031600000000000072
203 33.000000 22.000000 0.04682700000000000057
204 30.000000 24.000000 0.05140999999999999737
205 25.000000 22.000000 0.02770799999999999999
206 26.000000 22.000000 0.02042199999999999918
207 28.000000 21.000000 0.03740700000000000275
208 21.000000 19.000000 0.01905499999999999902
209 32.000000 26.000000 0.03748300000000000243
210 29.000000 24.000000 0.03839399999999999757
211 24.000000 19.000000 0.02017800000000000149
212 27.000000 21.000000 0.06202499999999999680
213 30.000000 24.000000 0.03650300000000000072
214 23.000000 20.000000 0.01978299999999999850
215 19.000000 18.000000 0.04011900000000000188
216 23.000000 21.000000 0.01842600000000000141
217 24.000000 20.000000 0.01917200000000000154
218 36.000000 26.000000 0.01855800000000000158
219 30.000000 25.000000 0.05563200000000000089
220 32.000000 24.000000 0.02068400000000000100
221 25.000000 20.000000 0.01812300000000000022
222 25.000000 20.000000 0.03418899999999999717
223 30.000000 25.000000 0.01968699999999999964
224 29.000000 24.000000 0.03014899999999999872
225 29.000000 22.000000 0.04415199999999999680
226 18.000000 17.000000 0.04516200000000000075
227 22.000000 19.000000 0.03115000000000000061
228 29.000000 21.000000 0.01778800000000000173
229 22.000000 18.000000 0.04283800000000000108
230 24.000000 19.000000 0.01847100000000000131
231 27.000000 20.000000 0.03735700000000000132
232 21.000000 20.000000 0.01773900000000000129
233 32.000000 24.000000 0.03411299999999999749
234 23.000000 18.000000 0.05108800000000000147
235 20.000000 18.000000 0.01923000000000000057
236 38.000000 26.000000 0.01767099999999999921
237 19.000000 19.000000 0.01632099999999999870
238 21.000000 19.000000 0.03442499999999999727
239 25.000000 19.000000 0.03959100000000000119
240 24.000000 19.000000 0.01702800000000000147
241 31.000000 22.000000 0.01744700000000000070
242 26.000000 21.000000 0.03173399999999999832
243 22.000000 19.000000 0.01924400000000000069
244 25.000000 21.000000 0.03167299999999999977
245 28.000000 21.000000 0.03725200000000000039
246 24.000000 20.000000 0.03592800000000000160
247 27.000000 23.000000 0.04485200000000000298
248 27.000000 23.000000 0.03965899999999999981
249 25.000000 23.000000 0.05091299999999999992
250 27.000000 21.000000 0.03156699999999999784
251 26.000000 22.000000 0.01738299999999999915
252 20.000000 18.000000 0.04770400000000000335
253 27.000000 22.000000 0.02841600000000000029
254 21.000000 20.000000 0.01938700000000000145
255 22.000000 20.000000 0.01623700000000000143
256 26.000000 22.000000 0.01688699999999999923
257 23.000000 19.000000 0.01728299999999999975
258 29.000000 23.000000 0.01674900000000000000
259 19.000000 19.000000 0.01632000000000000117
260 23.000000 18.000000 0.01756599999999999828
261 24.000000 19.000000 0.01779400000000000079
262 20.000000 19.000000 0.01924500000000000169
263 28.000000 25.000000 0.01854499999999999899
264 36.000000 27.000000 0.01645900000000000141
265 31.000000 25.000000 0.01592500000000000165
266 23.000000 19.000000 0.01803799999999999848
267 21.000000 19.000000 0.03238400000000000306
268 34.000000 23.000000 0.01842699999999999894
269 27.000000 23.000000 0.04032600000000000073
270 22.000000 19.000000 0.04862799999999999762
271 24.000000 21.000000 0.01591100000000000153
272 23.000000 19.000000 0.01813599999999999934
273 27.000000 22.000000 0.01610299999999999926
274 20.000000 19.000000 0.01765900000000000108
275 27.000000 21.000000 0.01658000000000000099
276 27.000000 20.000000 0.02694300000000000167
277 26.000000 22.000000 0.01788700000000000012
278 24.000000 21.000000 0.05234400000000000164
279 27.000000 21.000000 0.01591400000000000106
280 30.000000 25.000000 0.01695299999999999932
281 22.000000 20.000000 0.03597000000000000197
282 27.000000 20.000000 0.01987699999999999884
283 25.000000 22.000000 0.01741900000000000046
284 23.000000 17.000000 0.01739100000000000021
285 27.000000 23.000000 0.02065000000000000169
286 28.000000 23.000000 0.01994500000000000092
287 29.000000 21.000000 0.01904399999999999843
288 17.000000 16.000000 0.02061699999999999991
289 36.000000 25.000000 0.01787499999999999853
290 32.000000 25.000000 0.01674399999999999847
291 29.000000 23.000000 0.01910699999999999898
292 24.000000 23.000000 0.01878799999999999915
293 37.000000 27.000000 0.01743400000000000158
294 22.000000 20.000000 0.01932199999999999890
295 31.000000 22.000000 0.01810099999999999903
296 20.000000 18.000000 0.03170699999999999907
297 29.000000 22.000000 0.02039699999999999847
298 22.000000 18.000000 0.01970799999999999982
299 26.000000 21.000000 0.03326899999999999996
300 22.000000 18.000000 0.02171100000000000113
301 25.000000 21.000000 0.01897300000000000028
302 26.000000 24.000000 0.04588300000000000017
303 35.000000 25.000000 0.05170299999999999896
304 31.000000 24.000000 0.02831600000000000089
305 21.000000 19.000000 0.02929400000000000059
306 19.000000 17.000000 0.01968299999999999911
307 27.000000 24.000000 0.02340300000000000019
308 28.000000 21.000000 0.01985800000000000065
309 35.000000 24.000000 0.02020599999999999827
310 23.000000 21.000000 0.02161499999999999880
311 32.000000 24.000000 0.01703000000000000000
312 26.000000 22.000000 0.01655600000000000127
313 23.000000 23.000000 0.02306899999999999923
314 23.000000 19.000000 0.05520499999999999713
315 22.000000 19.000000 0.04714900000000000341
316 23.000000 21.000000 0.04229200000000000320
317 22.000000 19.000000 0.02024899999999999964
318 27.000000 20.000000 0.01658000000000000099
319 28.000000 22.000000 0.01893399999999999944
320 20.000000 18.000000 0.01977900000000000144
321 26.000000 19.000000 0.01828199999999999964
322 21.000000 18.000000 0.01927099999999999994
323 30.000000 26.000000 0.01581899999999999973
324 28.000000 22.000000 0.02542300000000000115
325 22.000000 20.000000 0.02709800000000000056
326 24.000000 18.000000 0.01794300000000000062
327 33.000000 24.000000 0.01694800000000000126
328 24.000000 20.000000 0.01933700000000000002
329 23.000000 20.000000 0.02525300000000000114
330 21.000000 19.000000 0.02212499999999999883
331 28.000000 24.000000 0.04460900000000000282
332 22.000000 18.000000 0.03238400000000000306
333 22.000000 19.000000 0.03243900000000000255
334 27.000000 20.000000 0.01874899999999999831
335 31.000000 24.000000 0.01782900000000000110
336 25.000000 22.000000 0.01663900000000000101
337 21.000000 19.000000 0.01946499999999999966
338 26.000000 21.000000 0.03489699999999999747
339 37.000000 29.000000 0.01942699999999999982
340 19.000000 17.000000 0.01884399999999999964
341 23.000000 21.000000 0.01754700000000000010
342 28.000000 22.000000 0.01871799999999999853
343 26.000000 22.000000 0.04340900000000000314
344 26.000000 21.000000 0.03725300000000000139
345 24.000000 21.000000 0.03114099999999999854
346 26.000000 22.000000 0.04623000000000000026
347 24.000000 21.000000 0.01811300000000000063
348 24.000000 21.000000 0.02006199999999999997
349 27.000000 22.000000 0.02035899999999999863
350 28.000000 21.000000 0.03395600000000000007
351 22.000000 18.000000 0.04873999999999999860
352 23.000000 19.000000 0.01788000000000000006
353 26.000000 20.000000 0.01879099999999999868
354 29.000000 24.000000 0.01708300000000000096
355 34.000000 26.000000 0.01946799999999999919
356 29.000000 22.000000 0.02069100000000000106
357 28.000000 23.000000 0.01844600000000000059
358 34.000000 29.000000 0.01961200000000000096
359 21.000000 17.000000 0.01854899999999999952
360 35.000000 27.000000 0.01862199999999999966
361 31.000000 26.000000 0.01626100000000000115
362 19.000000 16.000000 0.02469199999999999867
363 24.000000 19.000000 0.01894900000000000057
364 25.000000 24.000000 0.01717099999999999876
365 26.000000 22.000000 0.01957300000000000012
366 23.000000 21.000000 0.01938300000000000092
367 29.000000 24.000000 0.01789100000000000065
368 27.000000 20.000000 0.01808099999999999985
369 28.000000 20.000000 0.01651100000000000137
370 22.000000 19.000000 0.01931799999999999837
371 18.000000 18.000000 0.01766300000000000162
372 30.000000 22.000000 0.01747399999999999995
373 22.000000 19.000000 0.01721599999999999867
374 26.000000 22.000000 0.01779299999999999979
375 22.000000 19.000000 0.01729800000000000088
376 20.000000 17.000000 0.02143799999999999872
377 23.000000 20.000000 0.04547400000000000053
378 19.000000 18.000000 0.02027100000000000082
379 26.000000 21.000000 0.01883599999999999858
380 28.000000 22.000000 0.01907800000000000121
381 27.000000 23.000000 0.01810399999999999857
382 27.000000 24.000000 0.03480899999999999966
383 22.000000 19.000000 0.02142900000000000013
384 26.000000 23.000000 0.01946399999999999866
385 23.000000 20.000000 0.01736499999999999849
386 23.000000 22.000000 0.01983700000000000047
387 24.000000 20.000000 0.03759300000000000141
388 21.000000 19.000000 0.01677199999999999872
389 21.000000 18.000000 0.02288400000000000156
390 32.000000 23.000000 0.02932799999999999990
391 28.000000 23.000000 0.02397799999999999931
392 40.000000 29.000000 0.02608500000000000055
393 27.000000 21.000000 0.02160300000000000067
394 32.000000 24.000000 0.02370799999999999991
395 29.000000 22.000000 0.03410400000000000237
396 25.000000 23.000000 0.05714400000000000035
397 23.000000 20.000000 0.02278000000000000164
398 35.000000 25.000000 0.02186300000000000049
399 30.000000 23.000000 0.01849100000000000049
400 31.000000 24.000000 0.01674700000000000147
401 31.000000 25.000000 0.01856800000000000117
402 28.000000 24.000000 0.01714200000000000099
403 26.000000 22.000000 0.02415700000000000139
404 32.000000 22.000000 0.02615999999999999923
405 28.000000 23.000000 0.02745500000000000024
406 36.000000 25.000000 0.01946099999999999913
407 22.000000 19.000000 0.01781599999999999850
408 21.000000 18.000000 0.02362099999999999964
409 24.000000 19.000000 0.01872599999999999959
410 32.000000 24.000000 0.01829300000000000023
411 33.000000 24.000000 0.02073200000000000043
412 35.000000 27.000000 0.02644600000000000076
413 27.000000 21.000000 0.01871099999999999847
414 22.000000 20.000000 0.01972600000000000048
415 25.000000 22.000000 0.02196800000000000141
416 22.000000 19.000000 0.02075799999999999867
417 39.000000 27.000000 0.01683799999999999880
418 28.000000 24.000000 0.01888099999999999848
419 20.000000 18.000000 0.02170199999999999907
420 26.000000 23.000000 0.01989000000000000143
