1 47.000000 37.000000 0.30658499999999999641
2 48.000000 39.000000 0.08835899999999999310
3 63.000000 46.000000 0.10116500000000000492
4 53.000000 40.000000 0.04987300000000000066
5 50.000000 38.000000 0.06940999999999999948
6 50.000000 37.000000 0.19278999999999998916
7 54.000000 41.000000 0.08409400000000000208
8 46.000000 35.000000 0.10501299999999999524
9 53.000000 40.000000 0.10418499999999999983
10 43.000000 36.000000 0.07469099999999999351
11 72.000000 47.000000 0.13573999999999999955
12 33.000000 29.000000 0.08891599999999999504
13 44.000000 35.000000 0.05563799999999999996
14 39.000000 32.000000 0.09204400000000000082
15 56.000000 41.000000 0.06819999999999999674
16 52.000000 39.000000 0.08847599999999999909
17 39.000000 28.000000 0.11175999999999999823
18 53.000000 39.000000 0.10605399999999999550
19 63.000000 39.000000 0.05059700000000000308
20 31.000000 30.000000 0.06301199999999999857
21 56.000000 43.000000 0.07894500000000000128
22 51.000000 38.000000 0.09306000000000000383
23 51.000000 39.000000 0.07154299999999999549
24 50.000000 40.000000 0.07546300000000000230
25 55.000000 46.000000 0.09270599999999999674
26 52.000000 42.000000 0.05130500000000000338
27 35.000000 28.000000 0.05469500000000000056
28 35.000000 32.000000 0.06891300000000000203
29 56.000000 39.000000 0.07941399999999999848
30 60.000000 46.000000 0.09873400000000000232
31 50.000000 40.000000 0.08673599999999999366
32 55.000000 40.000000 0.03957000000000000101
33 41.000000 32.000000 0.04416099999999999887
34 26.000000 23.000000 0.08847499999999999809
35 39.000000 33.000000 0.07322800000000000142
36 55.000000 40.000000 0.10489999999999999325
37 52.000000 39.000000 0.09113999999999999879
38 51.000000 39.000000 0.06608999999999999597
39 32.000000 26.000000 0.03762700000000000072
40 69.000000 46.000000 0.07937500000000000111
41 48.000000 40.000000 0.04533899999999999736
42 52.000000 41.000000 0.07037499999999999312
43 42.000000 32.000000 0.03231500000000000344
44 61.000000 45.000000 0.17090800000000000436
45 51.000000 42.000000 0.09879599999999999493
46 58.000000 47.000000 0.07427899999999999781
47 41.000000 30.000000 0.08999799999999999467
48 62.000000 45.000000 0.06565200000000000202
49 69.000000 48.000000 0.04973500000000000143
50 52.000000 40.000000 0.09978099999999999470
51 49.000000 40.000000 0.09883599999999999330
52 59.000000 44.000000 0.06283600000000000296
53 55.000000 43.000000 0.04136200000000000293
54 62.000000 41.000000 0.04637100000000000249
55 44.000000 38.000000 0.09684600000000000153
56 44.000000 35.000000 0.09995999999999999330
57 37.000000 31.000000 0.03870099999999999929
58 38.000000 31.000000 0.09721100000000000574
59 56.000000 44.000000 0.04728600000000000164
60 33.000000 30.000000 0.06383400000000000185
61 52.000000 40.000000 0.03675699999999999801
62 37.000000 30.000000 0.12656899999999998707
63 24.000000 20.000000 0.11190300000000000247
64 32.000000 28.000000 0.05428000000000000186
65 49.000000 43.000000 0.03699999999999999817
66 59.000000 45.000000 0.04826400000000000134
67 36.000000 30.000000 0.05527300000000000268
68 84.000000 56.000000 0.04731699999999999795
69 44.000000 38.000000 0.05328600000000000003
70 45.000000 35.000000 0.05471700000000000175
71 69.000000 47.000000 0.05551199999999999884
72 40.000000 34.000000 0.05385199999999999709
73 42.000000 33.000000 0.05570499999999999757
74 48.000000 38.000000 0.04283100000000000102
75 37.000000 32.000000 0.04237699999999999800
76 48.000000 35.000000 0.04531500000000000111
77 69.000000 46.000000 0.06714299999999999435
78 63.000000 47.000000 0.08449800000000000366
79 42.000000 32.000000 0.09056799999999999573
80 64.000000 42.000000 0.12164999999999999425
81 43.000000 32.000000 0.06706099999999999561
82 73.000000 57.000000 0.04226499999999999702
83 39.000000 32.000000 0.10155500000000000638
84 70.000000 52.000000 0.08490499999999999436
85 47.000000 38.000000 0.07524000000000000132
86 55.000000 40.000000 0.07275800000000000323
87 48.000000 35.000000 0.04836300000000000321
88 50.000000 37.000000 0.04433399999999999841
89 52.000000 39.000000 0.09754599999999999382
90 51.000000 36.000000 0.04938800000000000134
91 67.000000 49.000000 0.08681200000000000028
92 50.000000 39.000000 0.04906499999999999750
93 68.000000 46.000000 0.07799200000000000577
94 54.000000 40.000000 0.08329100000000000392
95 76.000000 51.000000 0.05792599999999999832
96 38.000000 28.000000 0.11723000000000000087
97 57.000000 43.000000 0.10547199999999999631
98 36.000000 31.000000 0.12821799999999999864
99 47.000000 36.000000 0.05336300000000000071
100 65.000000 47.000000 0.05585299999999999987
101 40.000000 30.000000 0.07325800000000000367
102 55.000000 41.000000 0.15231100000000000194
103 35.000000 28.000000 0.07611300000000000010
104 41.000000 33.000000 0.06325799999999999479
105 53.000000 40.000000 0.06047399999999999998
106 55.000000 41.000000 0.05442099999999999715
107 48.000000 41.000000 0.11710800000000000376
108 48.000000 40.000000 0.12298199999999999410
109 47.000000 36.000000 0.13786699999999998956
110 58.000000 47.000000 0.10924499999999999489
111 48.000000 39.000000 0.04908300000000000163
112 59.000000 43.000000 0.04278599999999999764
113 52.000000 41.000000 0.04417299999999999699
114 47.000000 36.000000 0.11171599999999999586
115 48.000000 35.000000 0.04305199999999999999
116 34.000000 30.000000 0.05634399999999999825
117 37.000000 35.000000 0.04799300000000000094
118 45.000000 35.000000 0.13171800000000000175
119 47.000000 35.000000 0.05986099999999999755
120 37.000000 29.000000 0.05415899999999999881
121 46.000000 35.000000 0.09330199999999999605
122 61.000000 43.000000 0.05799599999999999894
123 59.000000 46.000000 0.08950199999999999823
124 52.000000 41.000000 0.04385599999999999915
125 45.000000 37.000000 0.04885599999999999665
126 59.000000 46.000000 0.03994299999999999934
127 45.000000 35.000000 0.06817099999999999549
128 43.000000 34.000000 0.11767900000000000582
129 50.000000 38.000000 0.07911899999999999489
130 44.000000 35.000000 0.11766799999999999482
131 33.000000 29.000000 0.07234500000000000652
132 67.000000 46.000000 0.08896800000000000541
133 55.000000 39.000000 0.06319700000000000317
134 66.000000 48.000000 0.11042499999999999538
135 38.000000 30.000000 0.10978100000000000358
136 46.000000 36.000000 0.07424699999999999356
137 52.000000 40.000000 0.04997100000000000153
138 43.000000 33.000000 0.04274399999999999727
139 57.000000 45.000000 0.03942600000000000271
140 41.000000 34.000000 0.10580900000000000027
141 54.000000 42.000000 0.12092899999999999483
142 47.000000 36.000000 0.09386600000000000499
143 58.000000 42.000000 0.09684900000000000453
144 40.000000 31.000000 0.11448200000000000043
145 48.000000 35.000000 0.15659300000000000996
146 60.000000 41.000000 0.10537499999999999645
147 47.000000 37.000000 0.08568000000000000616
148 50.000000 42.000000 0.10374600000000000488
149 50.000000 37.000000 0.09123000000000000553
150 48.000000 38.000000 0.03804099999999999843
151 53.000000 38.000000 0.05238400000000000001
152 39.000000 30.000000 0.04120100000000000151
153 42.000000 31.000000 0.09367000000000000326
154 50.000000 37.000000 0.09764899999999999969
155 44.000000 35.000000 0.05366800000000000043
156 50.000000 38.000000 0.03401900000000000063
157 49.000000 39.000000 0.04093000000000000110
158 43.000000 36.000000 0.03709799999999999903
159 67.000000 49.000000 0.04230600000000000332
160 70.000000 50.000000 0.05769099999999999923
161 40.000000 32.000000 0.06540300000000000280
162 51.000000 40.000000 0.10917399999999999327
163 39.000000 32.000000 0.11562100000000000155
164 55.000000 41.000000 0.03975000000000000061
165 48.000000 37.000000 0.05560199999999999865
166 61.000000 44.000000 0.04340399999999999814
167 68.000000 49.000000 0.05579900000000000138
168 65.000000 47.000000 0.04957999999999999907
169 43.000000 31.000000 0.07004100000000000603
170 47.000000 33.000000 0.03924199999999999910
171 48.000000 42.000000 0.03914700000000000124
172 32.000000 28.000000 0.10277500000000000524
173 75.000000 50.000000 0.03300000000000000155
174 55.000000 40.000000 0.06102199999999999985
175 53.000000 41.000000 0.06811599999999999600
176 52.000000 38.000000 0.05336699999999999777
177 58.000000 43.000000 0.05903699999999999920
178 53.000000 40.000000 0.06702500000000000124
179 34.000000 28.000000 0.05479699999999999849
180 36.000000 31.000000 0.07721000000000000085
181 46.000000 36.000000 0.05433199999999999835
182 50.000000 38.000000 0.05462100000000000288
183 53.000000 41.000000 0.09362900000000000389
184 58.000000 43.000000 0.05011700000000000182
185 56.000000 41.000000 0.05331000000000000322
186 38.000000 31.000000 0.05190999999999999781
187 37.000000 32.000000 0.08318699999999999706
188 58.000000 43.000000 0.05749699999999999950
189 53.000000 43.000000 0.04818100000000000160
190 61.000000 44.000000 0.05496299999999999797
191 55.000000 39.000000 0.05571700000000000264
192 67.000000 45.000000 0.08375799999999999912
193 59.000000 47.000000 0.09174999999999999822
194 43.000000 34.000000 0.11294800000000000673
195 61.000000 42.000000 0.02916200000000000042
196 40.000000 33.000000 0.03563000000000000195
197 41.000000 36.000000 0.05805899999999999950
198 42.000000 36.000000 0.04911399999999999794
199 50.000000 38.000000 0.04756599999999999717
200 48.000000 36.000000 0.03037600000000000022
201 44.000000 36.000000 0.04354800000000000337
202 38.000000 29.000000 0.04812700000000000311
203 50.000000 41.000000 0.07623399999999999621
204 53.000000 38.000000 0.06153200000000000336
205 60.000000 41.000000 0.05318500000000000311
206 51.000000 39.000000 0.04587800000000000211
207 40.000000 29.000000 0.05381199999999999872
208 65.000000 46.000000 0.04333800000000000152
209 44.000000 36.000000 0.04155500000000000166
210 56.000000 44.000000 0.03360199999999999992
211 42.000000 38.000000 0.04064199999999999757
212 54.000000 39.000000 0.03821000000000000091
213 65.000000 42.000000 0.07196400000000000019
214 47.000000 36.000000 0.04921699999999999686
215 55.000000 41.000000 0.04136299999999999699
216 54.000000 42.000000 0.05190299999999999775
217 41.000000 31.000000 0.04056499999999999689
218 37.000000 31.000000 0.04693100000000000049
219 56.000000 40.000000 0.05363699999999999718
220 51.000000 38.000000 0.07018699999999999939
221 50.000000 38.000000 0.04565099999999999714
222 48.000000 41.000000 0.04986000000000000154
223 40.000000 35.000000 0.05490199999999999941
224 67.000000 49.000000 0.07615600000000000147
225 46.000000 38.000000 0.08341999999999999416
226 47.000000 36.000000 0.05148400000000000198
227 31.000000 26.000000 0.11096799999999999720
228 26.000000 23.000000 0.10096499999999999919
229 51.000000 41.000000 0.05311099999999999849
230 57.000000 44.000000 0.12723300000000001275
231 45.000000 33.000000 0.05487800000000000317
232 48.000000 39.000000 0.07339600000000000291
233 54.000000 42.000000 0.06129500000000000226
234 51.000000 40.000000 0.04062799999999999745
235 46.000000 38.000000 0.06000799999999999884
236 61.000000 48.000000 0.06915200000000000513
237 41.000000 35.000000 0.09887899999999999467
238 49.000000 37.000000 0.07118399999999999728
239 46.000000 40.000000 0.05859600000000000225
240 57.000000 44.000000 0.07265499999999999736
241 60.000000 44.000000 0.07778899999999999704
242 64.000000 47.000000 0.05218199999999999922
243 47.000000 38.000000 0.04108400000000000246
244 52.000000 40.000000 0.05261300000000000004
245 73.000000 51.000000 0.07237799999999999789
246 45.000000 37.000000 0.04744400000000000006
247 51.000000 36.000000 0.03881600000000000328
248 52.000000 41.000000 0.06957399999999999696
249 56.000000 41.000000 0.08805799999999999739
250 42.000000 32.000000 0.05256299999999999861
251 59.000000 42.000000 0.05075400000000000050
252 51.000000 38.000000 0.04148700000000000304
253 38.000000 31.000000 0.03898800000000000182
254 67.000000 50.000000 0.05462800000000000294
255 77.000000 56.000000 0.04315200000000000286
256 57.000000 42.000000 0.05048099999999999810
257 50.000000 34.000000 0.04381399999999999878
258 57.000000 43.000000 0.04199200000000000155
259 58.000000 41.000000 0.04726700000000000346
260 40.000000 33.000000 0.05125199999999999895
261 48.000000 42.000000 0.04376399999999999735
262 58.000000 41.000000 0.05279600000000000265
263 69.000000 45.000000 0.03864200000000000274
264 55.000000 36.000000 0.04031400000000000261
265 58.000000 42.000000 0.05764600000000000279
266 51.000000 40.000000 0.03310099999999999848
267 47.000000 37.000000 0.05233000000000000151
268 53.000000 40.000000 0.05797599999999999976
269 57.000000 41.000000 0.05303299999999999681
270 63.000000 49.000000 0.05599300000000000110
271 51.000000 37.000000 0.03609199999999999908
272 49.000000 40.000000 0.03800400000000000306
273 45.000000 31.000000 0.03808299999999999880
274 68.000000 48.000000 0.04269699999999999884
275 50.000000 39.000000 0.04810500000000000193
276 47.000000 39.000000 0.04409500000000000225
277 53.000000 39.000000 0.09656099999999999406
278 64.000000 48.000000 0.10008400000000000629
279 41.000000 31.000000 0.08156499999999999861
280 57.000000 40.000000 0.05513799999999999951
281 45.000000 37.000000 0.07068399999999999683
282 47.000000 38.000000 0.11319899999999999407
283 49.000000 38.000000 0.08415200000000000458
284 56.000000 43.000000 0.05695999999999999674
285 52.000000 41.000000 0.06135499999999999982
286 52.000000 39.000000 0.05439299999999999691
287 61.000000 44.000000 0.04628800000000000275
288 47.000000 43.000000 0.07217200000000000004
289 57.000000 47.000000 0.05292800000000000282
290 59.000000 40.000000 0.06680600000000000427
291 36.000000 29.000000 0.07278700000000000447
292 46.000000 37.000000 0.05570200000000000151
293 55.000000 41.000000 0.09122299999999999853
294 44.000000 36.000000 0.11165500000000000425
295 60.000000 43.000000 0.08634899999999999520
296 39.000000 33.000000 0.11557699999999999918
297 34.000000 28.000000 0.12101199999999999457
298 46.000000 35.000000 0.07003399999999999903
299 47.000000 32.000000 0.05060699999999999921
300 50.000000 38.000000 0.07441699999999999704
301 44.000000 38.000000 0.08477700000000000513
302 51.000000 39.000000 0.05077099999999999669
303 54.000000 40.000000 0.04898500000000000076
304 40.000000 32.000000 0.12479200000000000015
305 59.000000 46.000000 0.09724700000000000011
306 60.000000 46.000000 0.15206400000000000472
307 52.000000 40.000000 0.04900899999999999701
308 41.000000 34.000000 0.10435500000000000331
309 45.000000 35.000000 0.04483999999999999792
310 51.000000 39.000000 0.03929400000000000254
311 51.000000 40.000000 0.09289999999999999647
312 39.000000 31.000000 0.04748800000000000243
313 36.000000 31.000000 0.05053599999999999759
314 51.000000 37.000000 0.04127299999999999719
315 43.000000 32.000000 0.06077199999999999963
316 54.000000 42.000000 0.04408700000000000119
317 50.000000 38.000000 0.07601099999999999524
318 49.000000 36.000000 0.07179900000000000171
319 42.000000 33.000000 0.05327799999999999897
320 56.000000 44.000000 0.06818799999999999861
321 57.000000 39.000000 0.05473399999999999793
322 59.000000 41.000000 0.06261799999999999311
323 34.000000 28.000000 0.07785999999999999865
324 57.000000 44.000000 0.04629599999999999688
325 35.000000 28.000000 0.06128200000000000314
326 49.000000 38.000000 0.05065499999999999864
327 50.000000 40.000000 0.04175000000000000239
328 37.000000 32.000000 0.05323399999999999660
329 71.000000 46.000000 0.05612700000000000328
330 62.000000 43.000000 0.06844300000000000384
331 55.000000 38.000000 0.05950199999999999934
332 52.000000 41.000000 0.04508899999999999714
333 40.000000 32.000000 0.05245799999999999769
334 56.000000 40.000000 0.03963799999999999962
335 43.000000 35.000000 0.04685199999999999781
336 60.000000 47.000000 0.04596900000000000291
337 50.000000 39.000000 0.04426599999999999979
338 53.000000 36.000000 0.05539800000000000280
339 58.000000 47.000000 0.04728099999999999664
340 39.000000 29.000000 0.07327799999999999592
341 54.000000 38.000000 0.05127099999999999713
342 51.000000 38.000000 0.06761499999999999455
343 52.000000 41.000000 0.03861499999999999655
344 44.000000 35.000000 0.05124999999999999695
345 33.000000 26.000000 0.03442800000000000027
346 47.000000 35.000000 0.08863699999999999357
347 49.000000 39.000000 0.05467000000000000332
348 47.000000 41.000000 0.03144399999999999973
349 51.000000 38.000000 0.06969899999999999707
350 36.000000 30.000000 0.13094800000000000884
351 66.000000 46.000000 0.03692100000000000243
352 58.000000 46.000000 0.04417999999999999705
353 55.000000 43.000000 0.10278900000000000536
354 54.000000 41.000000 0.04173799999999999732
355 72.000000 48.000000 0.05732799999999999702
356 50.000000 39.000000 0.04774099999999999872
357 43.000000 34.000000 0.05044200000000000073
358 43.000000 36.000000 0.12485699999999999577
359 50.000000 41.000000 0.03958500000000000213
360 68.000000 50.000000 0.12459299999999999542
361 49.000000 45.000000 0.05206000000000000211
362 58.000000 41.000000 0.06762999999999999567
363 58.000000 44.000000 0.05135900000000000187
364 50.000000 40.000000 0.03365900000000000142
365 45.000000 36.000000 0.05530700000000000199
366 51.000000 40.000000 0.03722700000000000314
367 47.000000 34.000000 0.05703600000000000336
368 40.000000 33.000000 0.05034199999999999786
369 36.000000 29.000000 0.08975800000000000445
370 40.000000 32.000000 0.07876099999999999768
371 69.000000 48.000000 0.04987799999999999873
372 45.000000 34.000000 0.05599400000000000210
373 51.000000 39.000000 0.09125400000000000178
374 49.000000 35.000000 0.06617800000000000071
375 41.000000 31.000000 0.14418800000000001060
376 59.000000 42.000000 0.05814400000000000124
377 58.000000 40.000000 0.03206900000000000028
378 46.000000 37.000000 0.04184500000000000025
379 41.000000 33.000000 0.06757499999999999618
380 42.000000 34.000000 0.08251699999999999313
381 31.000000 27.000000 0.06749099999999999544
382 61.000000 48.000000 0.03671200000000000158
383 23.000000 22.000000 0.03843699999999999894
384 54.000000 39.000000 0.07217999999999999416
385 56.000000 43.000000 0.05166199999999999959
386 47.000000 34.000000 0.11024899999999999978
387 61.000000 44.000000 0.04882600000000000134
388 65.000000 44.000000 0.04729099999999999970
389 60.000000 45.000000 0.04718499999999999778
390 53.000000 41.000000 0.03982200000000000323
391 46.000000 36.000000 0.06185500000000000026
392 45.000000 38.000000 0.04874699999999999867
393 45.000000 35.000000 0.04658500000000000141
394 43.000000 33.000000 0.06044900000000000273
395 52.000000 38.000000 0.04398599999999999732
396 39.000000 31.000000 0.03939499999999999946
397 45.000000 37.000000 0.03378400000000000153
398 34.000000 30.000000 0.04081300000000000205
399 54.000000 45.000000 0.05371999999999999692
400 48.000000 42.000000 0.07278500000000000247
401 58.000000 44.000000 0.04309600000000000236
402 47.000000 39.000000 0.05326100000000000279
403 46.000000 38.000000 0.06634800000000000419
404 51.000000 40.000000 0.03663999999999999896
405 41.000000 34.000000 0.04984500000000000042
406 49.000000 34.000000 0.10164399999999999824
407 36.000000 30.000000 0.05902199999999999808
408 43.000000 35.000000 0.04926200000000000023
409 51.000000 40.000000 0.04618900000000000089
410 65.000000 46.000000 0.04664299999999999696
411 62.000000 48.000000 0.17375099999999998879
412 69.000000 50.000000 0.05410999999999999838
413 36.000000 31.000000 0.07582099999999999951
414 60.000000 41.000000 0.04780800000000000327
415 44.000000 31.000000 0.04644000000000000211
416 47.000000 34.000000 0.04548200000000000159
417 31.000000 28.000000 0.03991100000000000203
418 51.000000 40.000000 0.04253300000000000136
419 49.000000 39.000000 0.03676499999999999907
420 55.000000 45.000000 0.04048600000000000115
