1 116.000000 83.000000 0.60244299999999995077
2 114.000000 82.000000 0.24531100000000000128
3 117.000000 86.000000 0.17983099999999999086
4 84.000000 67.000000 0.21041999999999999593
5 89.000000 72.000000 0.27526800000000001267
6 109.000000 79.000000 0.15770700000000001384
7 61.000000 51.000000 0.21035899999999999044
8 113.000000 87.000000 0.15415400000000001324
9 111.000000 79.000000 0.25572499999999998010
10 114.000000 85.000000 0.15392000000000000126
11 85.000000 69.000000 0.20860500000000001264
12 108.000000 81.000000 0.14466000000000001080
13 78.000000 66.000000 0.19011100000000000221
14 106.000000 81.000000 0.18833300000000000041
15 90.000000 63.000000 0.20951600000000000779
16 68.000000 57.000000 0.28868100000000002092
17 140.000000 91.000000 0.29754399999999997517
18 126.000000 90.000000 0.13281499999999998862
19 88.000000 69.000000 0.21817900000000001182
20 99.000000 74.000000 0.15697500000000000342
21 94.000000 76.000000 0.20470499999999999807
22 120.000000 90.000000 0.19480100000000000193
23 116.000000 86.000000 0.23754600000000000715
24 91.000000 67.000000 0.17358299999999998731
25 57.000000 47.000000 0.31443799999999999528
26 112.000000 79.000000 0.46916200000000002346
27 91.000000 63.000000 0.23811599999999999433
28 95.000000 69.000000 0.19137699999999999156
29 93.000000 73.000000 0.17097999999999999310
30 102.000000 77.000000 0.21148200000000000331
31 100.000000 76.000000 0.30205199999999998717
32 80.000000 65.000000 0.16304599999999999649
33 80.000000 66.000000 0.15239400000000000168
34 135.000000 97.000000 0.19597899999999998655
35 83.000000 64.000000 0.14407600000000000962
36 132.000000 95.000000 0.17653199999999999448
37 123.000000 89.000000 0.14655099999999998683
38 121.000000 90.000000 0.29064800000000001745
39 92.000000 74.000000 0.24376700000000001145
40 122.000000 84.000000 0.16514400000000001301
41 128.000000 93.000000 0.12270899999999999863
42 87.000000 62.000000 0.40535799999999999610
43 88.000000 72.000000 0.40027200000000001667
44 86.000000 66.000000 0.19305900000000000838
45 104.000000 79.000000 0.16125999999999998669
46 93.000000 70.000000 0.26577099999999997948
47 124.000000 87.000000 0.15798899999999999055
48 107.000000 79.000000 0.27849200000000001731
49 108.000000 86.000000 0.26901199999999997337
50 92.000000 65.000000 0.21226700000000001123
51 108.000000 80.000000 0.16132499999999999618
52 83.000000 61.000000 0.33033000000000001251
53 110.000000 83.000000 0.17784600000000000408
54 123.000000 95.000000 0.13020499999999998741
55 144.000000 108.000000 0.23073699999999999766
56 104.000000 79.000000 0.48629699999999997928
57 133.000000 95.000000 0.47218300000000001937
58 128.000000 91.000000 0.15196299999999998698
59 112.000000 89.000000 0.22770799999999999375
60 102.000000 82.000000 0.20683099999999998708
61 114.000000 82.000000 0.17487400000000000166
62 86.000000 70.000000 0.17192399999999999349
63 60.000000 48.000000 0.13939599999999999214
64 70.000000 53.000000 0.17920099999999999918
65 86.000000 67.000000 0.15484000000000000541
66 101.000000 73.000000 0.20163200000000000567
67 88.000000 61.000000 0.16994500000000001272
68 108.000000 76.000000 0.18080799999999999650
69 117.000000 80.000000 0.19522900000000001364
70 107.000000 84.000000 0.32095200000000001506
71 87.000000 66.000000 0.20582400000000000695
72 109.000000 83.000000 0.17949499999999998789
73 87.000000 67.000000 0.48433700000000001751
74 67.000000 54.000000 0.34351599999999998802
75 136.000000 90.000000 0.17483499999999999042
76 115.000000 84.000000 0.57788899999999998602
77 104.000000 76.000000 0.24584500000000000797
78 119.000000 82.000000 0.42947400000000002240
79 77.000000 57.000000 1.07300299999999992906
80 103.000000 74.000000 0.20178399999999999115
81 109.000000 78.000000 0.25011899999999998023
82 121.000000 86.000000 0.19236300000000000621
83 88.000000 63.000000 0.22804299999999999571
84 77.000000 56.000000 0.14739399999999999724
85 99.000000 73.000000 0.23946100000000000718
86 109.000000 74.000000 0.17187900000000000400
87 83.000000 69.000000 0.17690400000000000569
88 119.000000 87.000000 0.17457400000000000695
89 149.000000 103.000000 0.20790900000000001047
90 95.000000 67.000000 0.30949599999999999334
91 81.000000 61.000000 0.27359099999999997310
92 85.000000 69.000000 0.23875399999999999401
93 73.000000 50.000000 0.41915700000000000180
94 114.000000 77.000000 0.24550099999999999700
95 123.000000 95.000000 0.18055799999999999628
96 135.000000 93.000000 0.17762100000000000111
97 121.000000 90.000000 0.17582300000000000706
98 123.000000 89.000000 0.20500099999999998879
99 107.000000 79.000000 0.22667599999999998861
100 97.000000 73.000000 0.30550399999999999778
101 126.000000 88.000000 0.11539000000000000645
102 111.000000 84.000000 0.12776499999999998969
103 90.000000 69.000000 0.27199499999999998678
104 75.000000 53.000000 0.15841399999999999926
105 101.000000 83.000000 0.15335899999999999532
106 128.000000 93.000000 0.12654099999999998682
107 100.000000 74.000000 0.23327700000000001213
108 68.000000 54.000000 0.13008900000000001018
109 104.000000 76.000000 0.31751800000000002244
110 93.000000 73.000000 0.28328900000000001302
111 111.000000 79.000000 0.15371699999999999253
112 106.000000 80.000000 0.15498500000000001164
113 100.000000 73.000000 0.16124299999999999744
114 113.000000 86.000000 0.22369600000000000595
115 85.000000 70.000000 0.37372600000000000264
116 90.000000 73.000000 0.17160600000000000853
117 109.000000 93.000000 0.28961900000000001532
118 106.000000 83.000000 0.25160100000000001907
119 105.000000 71.000000 0.18924599999999999755
120 82.000000 66.000000 0.18518399999999998751
121 112.000000 86.000000 0.28947699999999998433
122 106.000000 78.000000 0.17123099999999999432
123 138.000000 96.000000 0.20515100000000000002
124 102.000000 81.000000 0.16935000000000000053
125 88.000000 66.000000 0.16188800000000000412
126 89.000000 71.000000 0.23502999999999998892
127 103.000000 76.000000 0.22106200000000000849
128 99.000000 76.000000 0.41901100000000002233
129 131.000000 95.000000 0.46988600000000002588
130 71.000000 59.000000 0.51110500000000003151
131 95.000000 71.000000 0.41160099999999999465
132 96.000000 71.000000 0.22289600000000001079
133 63.000000 59.000000 0.18120300000000000296
134 113.000000 83.000000 0.18361600000000000144
135 89.000000 64.000000 0.19681199999999998695
136 73.000000 59.000000 0.23705699999999998995
137 125.000000 92.000000 0.23691300000000001247
138 86.000000 64.000000 0.41698800000000002530
139 99.000000 72.000000 0.18164600000000000191
140 120.000000 83.000000 0.34367599999999998150
141 94.000000 71.000000 0.22495299999999998630
142 111.000000 84.000000 0.10859199999999999409
143 103.000000 80.000000 0.15049899999999999389
144 135.000000 97.000000 0.17109900000000000109
145 117.000000 88.000000 0.26885399999999998188
146 90.000000 69.000000 0.20841499999999998916
147 124.000000 90.000000 0.20033799999999998831
148 83.000000 63.000000 0.20734500000000000153
149 66.000000 50.000000 0.19291099999999999914
150 99.000000 72.000000 0.18217900000000000760
151 128.000000 89.000000 0.17675499999999999545
152 97.000000 77.000000 0.13008900000000001018
153 84.000000 67.000000 0.13609899999999999776
154 97.000000 76.000000 0.30315799999999998304
155 90.000000 65.000000 0.35294599999999998197
156 106.000000 74.000000 0.25843100000000002181
157 118.000000 87.000000 0.28475200000000000511
158 88.000000 67.000000 0.31297300000000000120
159 74.000000 64.000000 0.16094800000000000773
160 115.000000 81.000000 0.22914399999999998658
161 102.000000 77.000000 0.16934899999999999953
162 101.000000 85.000000 0.16628499999999998837
163 63.000000 49.000000 0.23641899999999999027
164 115.000000 78.000000 0.21468799999999998995
165 82.000000 59.000000 0.13616300000000000625
166 117.000000 90.000000 0.18088199999999998724
167 93.000000 71.000000 0.16907900000000000706
168 79.000000 63.000000 0.12244399999999999729
169 120.000000 87.000000 0.19421499999999999875
170 110.000000 80.000000 0.47988799999999998125
171 106.000000 75.000000 0.16769400000000000972
172 104.000000 78.000000 0.31902399999999997426
173 150.000000 109.000000 0.21261599999999999944
174 110.000000 79.000000 0.17335800000000001209
175 113.000000 82.000000 0.20745299999999999851
176 106.000000 80.000000 0.17173499999999999877
177 92.000000 74.000000 0.08887799999999999867
178 83.000000 60.000000 0.20763300000000001200
179 96.000000 72.000000 0.25651699999999999502
180 96.000000 69.000000 0.16517999999999999350
181 120.000000 91.000000 0.23779300000000000437
182 98.000000 78.000000 0.18810399999999999343
183 90.000000 73.000000 0.13177099999999999924
184 115.000000 78.000000 0.17301199999999999912
185 119.000000 88.000000 0.13462599999999999567
186 108.000000 80.000000 0.11706700000000000439
187 71.000000 57.000000 0.17437400000000000122
188 120.000000 89.000000 0.16604599999999999915
189 96.000000 73.000000 0.24808499999999999996
190 121.000000 86.000000 0.39122499999999998943
191 117.000000 89.000000 0.47577099999999999946
192 98.000000 77.000000 0.21584300000000000708
193 119.000000 86.000000 0.17607999999999998653
194 106.000000 74.000000 0.66465200000000002056
195 109.000000 76.000000 0.46100799999999997336
196 76.000000 60.000000 0.19177500000000000102
197 115.000000 81.000000 0.38254100000000001991
198 123.000000 85.000000 0.23600299999999999057
199 74.000000 61.000000 0.16667599999999999083
200 97.000000 78.000000 0.34756999999999999007
201 74.000000 57.000000 0.14945400000000000351
202 122.000000 86.000000 0.17559400000000000008
203 98.000000 72.000000 0.22699900000000000633
204 130.000000 95.000000 0.10330300000000000593
205 78.000000 60.000000 0.13869200000000000972
206 118.000000 86.000000 0.35180899999999998284
207 105.000000 82.000000 0.28406900000000001594
208 111.000000 83.000000 0.15858099999999999974
209 78.000000 63.000000 0.27084500000000000242
210 95.000000 78.000000 0.11144600000000000339
211 106.000000 80.000000 0.14940999999999998726
212 93.000000 71.000000 0.25822200000000000708
213 120.000000 82.000000 0.18726000000000000978
214 103.000000 80.000000 0.21647700000000000276
215 109.000000 79.000000 0.26345499999999999474
216 98.000000 68.000000 0.16622799999999998688
217 96.000000 73.000000 0.14442199999999999482
218 108.000000 79.000000 0.12535999999999999921
219 122.000000 84.000000 0.16006699999999998707
220 113.000000 78.000000 0.17017299999999999094
221 109.000000 85.000000 0.36634800000000000697
222 93.000000 75.000000 0.18224199999999998734
223 90.000000 65.000000 0.15104799999999998783
224 114.000000 83.000000 0.19439899999999998847
225 112.000000 83.000000 0.20013800000000001034
226 108.000000 82.000000 0.14818300000000000916
227 86.000000 70.000000 0.20402899999999998815
228 59.000000 46.000000 0.47859299999999999065
229 92.000000 67.000000 0.18365100000000000868
230 111.000000 75.000000 0.21276999999999998692
231 94.000000 74.000000 0.12196799999999999309
232 121.000000 86.000000 0.40100599999999997358
233 72.000000 56.000000 0.20658000000000001362
234 92.000000 72.000000 0.15067800000000000638
235 85.000000 74.000000 0.18991199999999999748
236 92.000000 73.000000 0.31617899999999998784
237 80.000000 59.000000 0.15095000000000000084
238 110.000000 82.000000 0.51807099999999994822
239 131.000000 98.000000 0.20656700000000000061
240 75.000000 62.000000 0.32245000000000001439
241 114.000000 75.000000 0.16208400000000000585
242 106.000000 78.000000 0.41329300000000002147
243 84.000000 63.000000 0.16589000000000000967
244 103.000000 77.000000 0.16820999999999999841
245 102.000000 75.000000 0.17845400000000000151
246 107.000000 82.000000 0.30034699999999997511
247 74.000000 58.000000 0.17527999999999999137
248 90.000000 70.000000 0.14036599999999999078
249 79.000000 64.000000 0.27205099999999998728
250 82.000000 63.000000 0.11880799999999999694
251 108.000000 82.000000 0.21307999999999999163
252 89.000000 72.000000 0.13885100000000000220
253 126.000000 91.000000 0.13997499999999998832
254 84.000000 69.000000 0.18400900000000000589
255 85.000000 71.000000 0.16645699999999999386
256 102.000000 81.000000 0.18943499999999999228
257 86.000000 60.000000 0.21088599999999999013
258 92.000000 69.000000 0.34653099999999997793
259 114.000000 83.000000 0.21304100000000000814
260 92.000000 70.000000 0.20992900000000000449
261 85.000000 68.000000 0.23581099999999999284
262 97.000000 84.000000 0.17190500000000000225
263 144.000000 97.000000 0.25937900000000002620
264 128.000000 91.000000 0.15068400000000001238
265 86.000000 66.000000 0.27688299999999999024
266 113.000000 80.000000 0.16336999999999998745
267 128.000000 96.000000 0.11665399999999999381
268 98.000000 79.000000 0.19284299999999998665
269 145.000000 99.000000 0.24024899999999999034
270 120.000000 82.000000 0.64792400000000005544
271 86.000000 65.000000 0.26946599999999998332
272 53.000000 44.000000 0.15665399999999998770
273 110.000000 84.000000 0.16967799999999999550
274 118.000000 85.000000 0.20769699999999999274
275 124.000000 88.000000 0.26387599999999999945
276 105.000000 82.000000 0.27656399999999997652
277 64.000000 53.000000 0.18948599999999998778
278 101.000000 72.000000 0.21427199999999999025
279 111.000000 84.000000 0.13354699999999999904
280 115.000000 78.000000 0.17273700000000000165
281 106.000000 80.000000 0.14160400000000000764
282 115.000000 82.000000 0.12999499999999999944
283 92.000000 71.000000 0.16656299999999998884
284 107.000000 75.000000 0.22604399999999999493
285 94.000000 70.000000 0.61216199999999998393
286 97.000000 68.000000 0.23498700000000000143
287 98.000000 73.000000 0.21839500000000000579
288 127.000000 89.000000 0.21476500000000001145
289 78.000000 63.000000 0.19788200000000000234
290 105.000000 74.000000 0.26153500000000001746
291 121.000000 88.000000 0.12575000000000000067
292 107.000000 83.000000 0.21017199999999999771
293 66.000000 51.000000 0.14116899999999998894
294 94.000000 73.000000 0.20460500000000000909
295 103.000000 76.000000 0.17657700000000001173
296 111.000000 74.000000 0.29541400000000000992
297 94.000000 68.000000 0.13762599999999999834
298 102.000000 80.000000 0.15488199999999999190
299 73.000000 56.000000 0.16888400000000000634
300 153.000000 100.000000 0.30317100000000002380
301 126.000000 90.000000 0.15546399999999999109
302 100.000000 71.000000 0.16486000000000000654
303 116.000000 81.000000 0.18926100000000001256
304 86.000000 66.000000 0.22331799999999998874
305 114.000000 86.000000 0.23105600000000001137
306 78.000000 62.000000 0.26801199999999997248
307 132.000000 90.000000 0.20731299999999999728
308 126.000000 81.000000 0.15674799999999999844
309 96.000000 71.000000 0.18452099999999999058
310 103.000000 75.000000 0.17977599999999999136
311 117.000000 90.000000 0.23443900000000000849
312 96.000000 77.000000 0.24054300000000000681
313 118.000000 83.000000 0.17582200000000000606
314 114.000000 76.000000 0.18222099999999999409
315 94.000000 77.000000 0.39219100000000001183
316 89.000000 69.000000 0.17036899999999999267
317 134.000000 101.000000 0.24818399999999998795
318 139.000000 95.000000 0.20236399999999998833
319 99.000000 74.000000 0.13700499999999998790
320 79.000000 58.000000 0.24248000000000000109
321 116.000000 88.000000 0.14276099999999999901
322 115.000000 81.000000 0.18404200000000001114
323 104.000000 77.000000 0.29541200000000000792
324 95.000000 76.000000 0.11520400000000000085
325 119.000000 93.000000 0.14429300000000000459
326 84.000000 62.000000 0.17887600000000000722
327 79.000000 57.000000 0.20925299999999999456
328 138.000000 99.000000 0.39586399999999999366
329 78.000000 62.000000 0.20689799999999999858
330 96.000000 70.000000 0.25527100000000002566
331 93.000000 73.000000 0.31393700000000002159
332 104.000000 83.000000 0.19221699999999999897
333 107.000000 81.000000 0.25983099999999997864
334 86.000000 68.000000 0.31575100000000000389
335 107.000000 82.000000 0.26136199999999998322
336 73.000000 57.000000 0.14310700000000001197
337 53.000000 45.000000 0.20623400000000000065
338 128.000000 89.000000 0.87388500000000002288
339 99.000000 73.000000 0.23297000000000001041
340 109.000000 85.000000 0.17376199999999999979
341 104.000000 76.000000 0.51841999999999999194
342 106.000000 74.000000 0.35057500000000002549
343 106.000000 85.000000 0.42851600000000000801
344 116.000000 87.000000 0.17936199999999999366
345 85.000000 70.000000 0.18060200000000001253
346 119.000000 85.000000 0.21280599999999999516
347 112.000000 82.000000 0.36804199999999998028
348 88.000000 68.000000 0.48871100000000000652
349 95.000000 70.000000 0.11845700000000000673
350 110.000000 82.000000 0.13623399999999999399
351 110.000000 75.000000 0.21323800000000001087
352 137.000000 89.000000 0.17838000000000001077
353 107.000000 79.000000 0.15982399999999999385
354 101.000000 80.000000 0.11530500000000000471
355 90.000000 67.000000 0.15280699999999999839
356 123.000000 92.000000 0.16503300000000001302
357 101.000000 75.000000 0.24577899999999999747
358 107.000000 79.000000 0.22923199999999999132
359 76.000000 59.000000 0.18679100000000001258
360 91.000000 70.000000 0.43583899999999997643
361 89.000000 65.000000 0.16286400000000000876
362 103.000000 74.000000 0.43097699999999999898
363 90.000000 71.000000 0.13613500000000000600
364 126.000000 86.000000 0.14078399999999999248
365 128.000000 90.000000 0.23685999999999998722
366 132.000000 99.000000 0.10362100000000000477
367 87.000000 58.000000 0.22395599999999998841
368 124.000000 91.000000 0.16665299999999999558
369 124.000000 90.000000 0.14506700000000000150
370 137.000000 90.000000 0.14342299999999999494
371 84.000000 66.000000 0.14650299999999999434
372 90.000000 72.000000 0.35967100000000001847
373 82.000000 61.000000 0.11277399999999999924
374 53.000000 47.000000 0.18036699999999999955
375 134.000000 92.000000 0.13189500000000001223
376 107.000000 78.000000 0.23341100000000000736
377 88.000000 69.000000 0.17207400000000000473
378 98.000000 73.000000 0.20944899999999999629
379 83.000000 62.000000 0.43011399999999999633
380 87.000000 66.000000 0.15652199999999999447
381 104.000000 80.000000 0.30076100000000000056
382 107.000000 79.000000 0.22004000000000001336
383 82.000000 60.000000 0.18566099999999999270
384 72.000000 60.000000 0.19900100000000001121
385 103.000000 74.000000 0.23514499999999999291
386 93.000000 66.000000 0.16250999999999998780
387 127.000000 99.000000 0.15005099999999998994
388 113.000000 80.000000 0.11922299999999999565
389 68.000000 58.000000 0.13873099999999999321
390 111.000000 84.000000 0.20161200000000001342
391 123.000000 96.000000 0.10565099999999999492
392 71.000000 59.000000 0.21414199999999999902
393 109.000000 83.000000 0.20402699999999998615
394 90.000000 71.000000 0.24359700000000000797
395 74.000000 61.000000 0.18117800000000000571
396 99.000000 75.000000 0.18219499999999999584
397 98.000000 72.000000 0.20730699999999999128
398 93.000000 71.000000 0.24106199999999999850
399 99.000000 76.000000 0.29612399999999999833
400 100.000000 75.000000 0.14171000000000000263
401 59.000000 45.000000 0.24281300000000000106
402 132.000000 92.000000 0.39452799999999998981
403 103.000000 79.000000 0.26227299999999997837
404 105.000000 79.000000 0.26946999999999998732
405 114.000000 78.000000 0.14090600000000000347
406 93.000000 70.000000 0.23054099999999999593
407 98.000000 76.000000 0.28749799999999997580
408 103.000000 77.000000 0.28950199999999998157
409 120.000000 89.000000 0.11827300000000000313
410 99.000000 77.000000 0.21209900000000000975
411 125.000000 88.000000 0.48410500000000000753
412 123.000000 85.000000 0.18071499999999998676
413 122.000000 86.000000 0.26751500000000000279
414 141.000000 100.000000 0.22189200000000000590
415 86.000000 66.000000 0.11433699999999999419
416 119.000000 89.000000 0.28363899999999997448
417 111.000000 78.000000 0.18942100000000000604
418 127.000000 92.000000 0.17941499999999999115
419 112.000000 88.000000 0.22060699999999999754
420 138.000000 91.000000 0.21278700000000000392
