1 614.000000 444.000000 54.59812800000000265754
2 441.000000 325.000000 118.60603199999999901593
3 338.000000 258.000000 31.60217799999999854776
4 373.000000 305.000000 49.80878400000000283399
5 339.000000 265.000000 12.08402300000000018088
6 317.000000 240.000000 28.29913499999999970669
7 443.000000 331.000000 39.19139599999999745705
8 475.000000 370.000000 8.96775000000000055422
9 445.000000 333.000000 30.58427999999999968850
10 413.000000 291.000000 1090.41766600000005382753
11 260.000000 212.000000 20.41574299999999908550
12 399.000000 304.000000 11.42354300000000044690
13 331.000000 257.000000 61.02953500000000275350
14 515.000000 377.000000 95.22327900000000511227
15 525.000000 370.000000 80.51221800000000428099
16 442.000000 329.000000 106.41053100000000597447
17 470.000000 349.000000 47.91209099999999665442
18 370.000000 268.000000 166.41332700000000954788
19 280.000000 232.000000 9.98261199999999959687
20 373.000000 294.000000 50.39747799999999955389
21 396.000000 301.000000 33.02226100000000030832
22 521.000000 381.000000 13.71599100000000071020
23 457.000000 336.000000 47.91688599999999809143
24 440.000000 332.000000 7.76830300000000040228
25 417.000000 303.000000 76.27657600000000570617
26 528.000000 414.000000 22.58473700000000050636
27 520.000000 383.000000 93.09788100000000099499
28 350.000000 283.000000 33.09811100000000294585
29 244.000000 202.000000 21.63455599999999989791
30 533.000000 371.000000 111.37642499999999756710
31 392.000000 295.000000 15.03742300000000042814
32 457.000000 343.000000 2.34950999999999998735
33 361.000000 291.000000 22.40139500000000083446
34 425.000000 338.000000 50.32386499999999784905
35 293.000000 214.000000 50.25730699999999728789
36 497.000000 350.000000 99.13209799999999916054
37 456.000000 344.000000 37.23677099999999740021
38 342.000000 253.000000 121.21372900000000072396
39 439.000000 322.000000 12.53107100000000073692
40 386.000000 298.000000 51.07971899999999720876
41 347.000000 283.000000 27.42172599999999960119
42 371.000000 288.000000 26.49933400000000105479
43 362.000000 272.000000 19.42872699999999852594
44 426.000000 314.000000 179.46840299999999501779
45 390.000000 292.000000 5.02707200000000042905
46 333.000000 259.000000 48.50063899999999961210
47 387.000000 310.000000 9.71038599999999973988
48 484.000000 352.000000 85.92395799999999894681
49 442.000000 339.000000 10.13387400000000049261
50 439.000000 314.000000 86.41192499999999654392
51 628.000000 441.000000 2.51895099999999994012
52 438.000000 335.000000 12.04173399999999993781
53 473.000000 348.000000 14.85981699999999960937
54 516.000000 376.000000 97.61056999999999561624
55 621.000000 416.000000 130.31235699999999155807
56 419.000000 323.000000 38.05032200000000131013
57 484.000000 365.000000 4.02308899999999969310
58 531.000000 382.000000 13.97824999999999917577
59 286.000000 215.000000 137.91463699999999903412
60 510.000000 362.000000 101.11251900000000603086
61 346.000000 275.000000 12.03339099999999994850
62 481.000000 350.000000 89.47183599999999614738
63 422.000000 327.000000 10.61486299999999971533
64 422.000000 304.000000 18.21734700000000017894
65 634.000000 439.000000 10.60724500000000070088
66 415.000000 325.000000 6.70943500000000003780
67 376.000000 304.000000 3.02684100000000011477
68 388.000000 278.000000 53.62285700000000332466
69 372.000000 301.000000 42.08344499999999754891
70 452.000000 336.000000 50.31173100000000175669
71 364.000000 263.000000 7.25110100000000024068
72 508.000000 361.000000 135.37292400000001180160
73 391.000000 288.000000 38.91047400000000067166
74 515.000000 384.000000 107.64656100000000549244
75 409.000000 314.000000 73.95869199999999921147
76 532.000000 390.000000 55.41970599999999791407
77 443.000000 342.000000 5.12628299999999992309
78 397.000000 300.000000 2.40923199999999981813
79 536.000000 399.000000 44.13812899999999928013
80 471.000000 345.000000 54.61476900000000256341
81 416.000000 321.000000 80.84662000000000148248
82 605.000000 434.000000 69.48392900000000338423
83 411.000000 299.000000 32.62396799999999785769
84 430.000000 322.000000 44.39203100000000290493
85 500.000000 376.000000 25.38588899999999881629
86 314.000000 235.000000 78.93367000000000643922
87 449.000000 348.000000 14.46024000000000064858
88 402.000000 289.000000 634.32960800000000745058
89 306.000000 242.000000 12.45928900000000005832
90 313.000000 250.000000 24.87891199999999969350
91 454.000000 321.000000 14.65285300000000034970
92 477.000000 340.000000 55.87112700000000131695
93 587.000000 410.000000 137.23474200000001133048
94 427.000000 311.000000 81.99632300000000384443
95 567.000000 396.000000 13.63283599999999928798
96 390.000000 290.000000 31.22890100000000046521
97 385.000000 290.000000 28.32116299999999853299
98 371.000000 272.000000 27.72417799999999843408
99 494.000000 381.000000 26.93890000000000028990
100 403.000000 302.000000 105.36533400000000426644
101 306.000000 235.000000 54.42863899999999688362
102 458.000000 335.000000 38.23568699999999864758
103 444.000000 339.000000 18.22549899999999922784
104 492.000000 351.000000 52.85384200000000021191
105 468.000000 343.000000 42.10798499999999933152
106 304.000000 225.000000 46.63089000000000083901
107 344.000000 269.000000 72.42218400000000144701
108 544.000000 398.000000 19.86183700000000129648
109 425.000000 325.000000 36.11731100000000083128
110 493.000000 361.000000 20.98368899999999825923
111 465.000000 338.000000 88.90236699999999814281
112 454.000000 352.000000 7.18771000000000004349
113 461.000000 355.000000 27.94948400000000177101
114 635.000000 445.000000 36.73574200000000189448
115 493.000000 362.000000 19.77653700000000114301
116 320.000000 249.000000 14.83451799999999920487
117 337.000000 259.000000 68.04504000000000019099
118 368.000000 297.000000 66.53557600000000604723
119 385.000000 293.000000 17.62505300000000119098
120 446.000000 344.000000 10.15559700000000020736
121 503.000000 373.000000 11.70810999999999957311
122 548.000000 403.000000 16.36050200000000032219
123 320.000000 226.000000 57.25124799999999680722
124 490.000000 363.000000 3.74340800000000006875
125 519.000000 366.000000 96.06754399999999805004
126 435.000000 336.000000 68.80570600000000069940
127 588.000000 416.000000 6.44359799999999971476
128 418.000000 324.000000 23.26955299999999837723
129 399.000000 295.000000 38.32573500000000166210
130 338.000000 252.000000 121.87347200000000668751
131 572.000000 431.000000 5.01707199999999975404
132 533.000000 380.000000 91.88805000000000688942
133 357.000000 268.000000 48.29296000000000077534
134 420.000000 299.000000 86.44288799999999639567
135 458.000000 325.000000 44.51332699999999675811
136 395.000000 311.000000 17.17630799999999879901
137 454.000000 342.000000 17.57494499999999959527
138 369.000000 286.000000 11.60280700000000031480
139 494.000000 361.000000 84.11237699999999506417
140 402.000000 295.000000 69.07324699999999495503
141 462.000000 355.000000 28.45873900000000134014
142 382.000000 284.000000 66.80499100000000112232
143 516.000000 380.000000 355.04049300000002631350
144 249.000000 209.000000 5.97625600000000023471
145 441.000000 347.000000 10.71854399999999962745
146 409.000000 301.000000 8.25481100000000012074
147 435.000000 317.000000 62.62638199999999955025
148 349.000000 268.000000 76.75008599999999603369
149 367.000000 288.000000 11.50124199999999952126
150 568.000000 405.000000 301.96623299999998835119
151 580.000000 397.000000 18.63752099999999956026
152 450.000000 353.000000 9.17104400000000019588
153 283.000000 215.000000 98.70662799999999492684
154 367.000000 273.000000 30.17137699999999966849
155 412.000000 306.000000 32.23527899999999846159
156 466.000000 367.000000 7.56685300000000005127
157 391.000000 319.000000 9.67838300000000018031
158 421.000000 321.000000 13.07589199999999962643
159 501.000000 352.000000 6.33767000000000013671
160 402.000000 317.000000 41.70069199999999653983
161 533.000000 379.000000 464.38797599999998055864
162 406.000000 306.000000 86.46724000000000387445
163 356.000000 282.000000 52.28389899999999812508
164 298.000000 224.000000 55.51727400000000045566
165 230.000000 183.000000 24.92280299999999826355
166 413.000000 291.000000 94.13080200000000274940
167 440.000000 332.000000 70.02904700000000559612
168 428.000000 313.000000 83.64562700000000461387
169 288.000000 220.000000 54.44273400000000151522
170 512.000000 388.000000 12.16048400000000029308
171 280.000000 201.000000 60.06048299999999784404
172 444.000000 311.000000 20.23267699999999891247
173 502.000000 356.000000 31.54290400000000005321
174 411.000000 329.000000 42.82059499999999729880
175 463.000000 355.000000 13.23422700000000062914
176 467.000000 336.000000 110.06596500000000560249
177 382.000000 284.000000 15.62851700000000043644
178 540.000000 396.000000 5.89731000000000005201
179 394.000000 291.000000 9.87926999999999999602
180 581.000000 414.000000 115.03835599999999317333
181 504.000000 347.000000 106.65855000000000529781
182 327.000000 253.000000 47.55356599999999644979
183 596.000000 429.000000 7.35572499999999962483
184 459.000000 345.000000 43.62019899999999950069
185 440.000000 309.000000 15.45617000000000018645
186 473.000000 342.000000 10.67617800000000016780
187 468.000000 342.000000 62.17122299999999768261
188 565.000000 409.000000 95.97909599999999841202
189 322.000000 258.000000 41.12467999999999790361
190 475.000000 322.000000 34.23043400000000247019
191 356.000000 270.000000 62.67303100000000171121
192 416.000000 309.000000 118.36517200000000116233
193 626.000000 440.000000 74.29197100000000375530
194 382.000000 308.000000 11.66945399999999999352
195 516.000000 373.000000 22.67702799999999996317
196 555.000000 378.000000 100.60280199999999695137
197 422.000000 320.000000 11.23015799999999941861
198 329.000000 260.000000 17.00150599999999911915
199 386.000000 300.000000 12.76289200000000079172
200 474.000000 379.000000 13.71204799999999934812
201 450.000000 345.000000 3.51172100000000009246
202 361.000000 279.000000 13.29313400000000022771
203 521.000000 365.000000 15.80567600000000005878
204 560.000000 398.000000 105.07257599999999797546
205 521.000000 389.000000 5.11530299999999993332
206 502.000000 351.000000 59.75766800000000245063
207 472.000000 346.000000 86.93502800000000263481
208 461.000000 334.000000 13.64481600000000049988
209 422.000000 312.000000 7.07440300000000021896
210 415.000000 301.000000 45.21936999999999784450
211 342.000000 261.000000 14.53435900000000025045
212 564.000000 396.000000 96.88084800000000029740
213 497.000000 381.000000 50.10152099999999819602
214 429.000000 317.000000 60.46359799999999751208
215 294.000000 219.000000 58.73364500000000276714
216 399.000000 319.000000 13.65921499999999966235
217 393.000000 312.000000 4.33410199999999967702
218 417.000000 298.000000 46.64157699999999806550
219 502.000000 369.000000 94.23426899999999761803
220 492.000000 361.000000 42.65807300000000168438
221 463.000000 335.000000 93.13011799999999595912
222 449.000000 318.000000 13.93885099999999965803
223 404.000000 312.000000 14.21939099999999989166
224 462.000000 327.000000 51.50747599999999692955
225 554.000000 390.000000 10.98761400000000065802
226 405.000000 303.000000 76.24614499999999850388
227 400.000000 301.000000 46.73705799999999754846
228 419.000000 323.000000 23.81550100000000114164
229 533.000000 398.000000 19.80403899999999950410
230 290.000000 232.000000 40.96753799999999756665
231 468.000000 349.000000 4.86324999999999985079
232 410.000000 311.000000 57.33372599999999863485
233 430.000000 317.000000 24.41160199999999846909
234 330.000000 248.000000 9.92733899999999991337
235 444.000000 325.000000 13.79896300000000053387
236 461.000000 325.000000 85.19293600000000310501
237 301.000000 241.000000 7.25858199999999964547
238 353.000000 282.000000 19.36968299999999842953
239 529.000000 397.000000 71.66438499999999578449
240 479.000000 348.000000 35.08156000000000318551
241 479.000000 351.000000 85.48105300000000283944
242 448.000000 325.000000 33.74091500000000110049
243 518.000000 403.000000 9.67473999999999989541
244 362.000000 267.000000 38.70408100000000217733
245 500.000000 364.000000 20.94615500000000096747
246 449.000000 331.000000 10.44100899999999931822
247 407.000000 307.000000 20.19443499999999858119
248 390.000000 301.000000 47.85141000000000133241
249 360.000000 272.000000 58.83531800000000089312
250 416.000000 316.000000 88.97398499999999899046
251 483.000000 375.000000 4.27271700000000009823
252 394.000000 292.000000 3.91173700000000001964
253 595.000000 435.000000 74.47034800000000132059
254 564.000000 404.000000 41.44708200000000175578
255 495.000000 359.000000 30.72539499999999890179
256 374.000000 270.000000 12.93044300000000035311
257 514.000000 367.000000 10.37410999999999994259
258 466.000000 358.000000 105.92954299999999534521
259 485.000000 374.000000 21.43824000000000040700
260 314.000000 233.000000 13.41545600000000071361
261 348.000000 251.000000 121.23754200000000480486
262 427.000000 340.000000 13.49507400000000068019
263 340.000000 267.000000 114.91196399999999755437
264 525.000000 393.000000 6.89044800000000012830
265 476.000000 336.000000 4.95052900000000040137
266 384.000000 299.000000 11.05039900000000052671
267 528.000000 375.000000 19.12460000000000093223
268 456.000000 352.000000 5.41253299999999981651
269 392.000000 284.000000 112.48740200000000299951
270 324.000000 256.000000 16.65098199999999906140
271 373.000000 279.000000 33.26302199999999942293
272 459.000000 325.000000 56.01808100000000223417
273 406.000000 297.000000 115.84843700000000410455
274 450.000000 337.000000 41.99278799999999733927
275 438.000000 300.000000 81.47823699999999291776
276 499.000000 382.000000 55.17401300000000219370
277 548.000000 400.000000 40.72541400000000066939
278 415.000000 318.000000 58.35050499999999829015
279 513.000000 350.000000 152.03911700000000450927
280 470.000000 348.000000 10.59069399999999916417
281 385.000000 274.000000 83.91513299999999730971
282 389.000000 283.000000 79.56244900000000086493
283 465.000000 335.000000 36.18122999999999933607
284 456.000000 321.000000 8.36425499999999999545
285 463.000000 314.000000 93.53596100000000035379
286 398.000000 312.000000 9.39894100000000065620
287 431.000000 315.000000 30.57443800000000067030
288 508.000000 353.000000 123.74421900000000107411
289 445.000000 333.000000 42.17076800000000247337
290 373.000000 280.000000 34.11093999999999937245
291 281.000000 218.000000 15.25262099999999954036
292 494.000000 351.000000 187.11939799999998967905
293 502.000000 374.000000 48.96356399999999808870
294 421.000000 308.000000 90.90263299999999446754
295 458.000000 334.000000 68.25790499999999383363
296 510.000000 356.000000 88.74789400000000227919
297 378.000000 281.000000 26.74930099999999910665
298 387.000000 297.000000 14.72831099999999970862
299 276.000000 213.000000 22.83072400000000001796
300 524.000000 392.000000 78.33527499999999577085
301 518.000000 384.000000 35.06497900000000100817
302 353.000000 287.000000 30.84388999999999825263
303 384.000000 288.000000 23.38775400000000104228
304 431.000000 325.000000 73.24382300000000611817
305 429.000000 305.000000 42.36463799999999935153
306 472.000000 343.000000 80.01084000000000173713
307 392.000000 292.000000 13.54814999999999969305
308 378.000000 292.000000 34.12344999999999828333
309 466.000000 330.000000 186.42765099999999733882
310 468.000000 332.000000 3.20272900000000015908
311 501.000000 365.000000 27.84719199999999972306
312 420.000000 319.000000 89.98963200000000028922
313 430.000000 335.000000 27.81671300000000002228
314 539.000000 406.000000 11.60486200000000067689
315 432.000000 318.000000 50.63400699999999687861
316 607.000000 432.000000 87.31469400000000291584
317 422.000000 320.000000 16.80175099999999943634
318 525.000000 381.000000 70.08066100000000631098
319 425.000000 311.000000 54.48830300000000192995
320 512.000000 372.000000 53.00895899999999727470
321 362.000000 300.000000 20.30271300000000067598
322 521.000000 374.000000 3.47890800000000011138
323 349.000000 272.000000 5.98559800000000041820
324 543.000000 392.000000 49.00264800000000064983
325 457.000000 333.000000 32.15603300000000075443
326 352.000000 253.000000 66.63451100000000337786
327 549.000000 393.000000 46.78485400000000282716
328 532.000000 383.000000 67.44906100000000037653
329 548.000000 408.000000 15.35666200000000003456
330 378.000000 285.000000 12.13610500000000058662
331 515.000000 373.000000 15.38623600000000024579
332 390.000000 295.000000 22.04256099999999918282
333 318.000000 234.000000 97.94134900000000243381
334 528.000000 368.000000 93.77010099999999681586
335 407.000000 295.000000 45.53535500000000268983
336 522.000000 376.000000 88.33118699999999989814
337 346.000000 275.000000 16.22594199999999986517
338 444.000000 334.000000 67.74282599999999376905
339 365.000000 291.000000 9.92060400000000086607
340 414.000000 322.000000 15.35677500000000073044
341 395.000000 305.000000 22.84581000000000017280
342 385.000000 301.000000 113.94886999999999943611
343 516.000000 384.000000 9.17567099999999946647
344 369.000000 290.000000 29.85110500000000044452
345 305.000000 237.000000 26.59952499999999986358
346 446.000000 333.000000 31.17869299999999910256
347 440.000000 310.000000 47.83428800000000080672
348 501.000000 375.000000 76.97183400000000119690
349 526.000000 394.000000 5.87286800000000042132
350 342.000000 269.000000 6.43483499999999963848
351 383.000000 288.000000 23.38560899999999875831
352 376.000000 296.000000 14.28829799999999927707
353 550.000000 399.000000 43.66032200000000074169
354 308.000000 240.000000 40.85522799999999676857
355 528.000000 395.000000 5.36914499999999961233
356 467.000000 326.000000 69.74175599999999519696
357 345.000000 259.000000 29.01193400000000011119
358 428.000000 328.000000 14.81481800000000070838
359 427.000000 339.000000 12.49214300000000044122
360 408.000000 320.000000 4.34191000000000038028
361 495.000000 353.000000 90.18958000000000652108
362 474.000000 357.000000 1.60371100000000010866
363 433.000000 316.000000 16.32558399999999920738
364 428.000000 314.000000 26.57665400000000133218
365 328.000000 244.000000 71.94868200000000513228
366 492.000000 363.000000 18.81061800000000161504
367 407.000000 289.000000 57.88390199999999907732
368 415.000000 307.000000 104.41959099999999693864
369 453.000000 335.000000 186.21208799999999428110
370 450.000000 356.000000 21.55602599999999924307
371 409.000000 312.000000 62.76592500000000285354
372 572.000000 401.000000 125.97710299999999961074
373 390.000000 302.000000 79.88047100000000000364
374 365.000000 267.000000 552.14943000000005213224
375 519.000000 386.000000 6.22466999999999970328
376 345.000000 264.000000 133.61742100000000732507
377 499.000000 383.000000 3.11032699999999984186
378 562.000000 400.000000 52.63724899999999706779
379 454.000000 346.000000 10.18656099999999931072
380 554.000000 409.000000 34.24619700000000221962
381 331.000000 251.000000 110.36227700000000595537
382 408.000000 295.000000 45.74295200000000249929
383 366.000000 284.000000 18.26249299999999919919
384 551.000000 410.000000 105.89961900000000127875
385 371.000000 291.000000 13.58763300000000029399
386 512.000000 390.000000 22.28267400000000009186
387 416.000000 319.000000 32.43774899999999661304
388 343.000000 258.000000 53.85922500000000212594
389 395.000000 287.000000 26.54903799999999947090
390 491.000000 382.000000 24.62012800000000112277
391 411.000000 307.000000 15.59564899999999987301
392 570.000000 402.000000 59.15765499999999832426
393 379.000000 294.000000 34.39438100000000275713
394 479.000000 346.000000 173.13256999999998697604
395 514.000000 391.000000 36.52933600000000069485
396 382.000000 287.000000 28.31274099999999904753
397 407.000000 301.000000 59.01223699999999894317
398 434.000000 309.000000 24.44788300000000091927
399 386.000000 294.000000 19.54354999999999975557
400 441.000000 328.000000 95.42616700000000662385
401 497.000000 356.000000 6.13628399999999984971
402 314.000000 236.000000 602.03850499999998646672
403 418.000000 319.000000 31.63847700000000173759
404 472.000000 346.000000 51.78002500000000196678
405 484.000000 339.000000 102.27407300000000134332
406 460.000000 316.000000 17.82113599999999919987
407 423.000000 315.000000 44.06543400000000332284
408 415.000000 304.000000 31.84535800000000094201
409 492.000000 369.000000 66.21498800000000528598
410 465.000000 330.000000 30.73485799999999912302
411 517.000000 371.000000 8.44037999999999932754
412 444.000000 312.000000 95.88612000000000534783
413 374.000000 284.000000 16.41275399999999962120
414 438.000000 322.000000 6.16728300000000029257
415 452.000000 330.000000 39.77210300000000131604
416 517.000000 378.000000 5.10511300000000023402
417 489.000000 363.000000 21.37747099999999988995
418 407.000000 298.000000 7.85266700000000028581
419 378.000000 287.000000 84.47084099999999295960
420 491.000000 364.000000 103.11175900000000638101
