1 17.000000 17.000000 0.12496699999999999475
2 18.000000 17.000000 0.02917300000000000101
3 21.000000 17.000000 0.01904300000000000090
4 20.000000 17.000000 0.02418100000000000110
5 15.000000 15.000000 0.05038900000000000323
6 16.000000 16.000000 0.02947599999999999873
7 17.000000 16.000000 0.02877800000000000150
8 16.000000 16.000000 0.04958800000000000013
9 16.000000 16.000000 0.03789100000000000107
10 20.000000 17.000000 0.03682200000000000056
11 21.000000 17.000000 0.01594100000000000031
12 17.000000 16.000000 0.02832300000000000095
13 19.000000 17.000000 0.02546400000000000052
14 16.000000 16.000000 0.03678800000000000125
15 18.000000 17.000000 0.01379000000000000017
16 18.000000 17.000000 0.01345099999999999942
17 20.000000 17.000000 0.01303499999999999971
18 18.000000 16.000000 0.02818800000000000125
19 18.000000 16.000000 0.04059200000000000308
20 18.000000 17.000000 0.01561899999999999920
21 20.000000 17.000000 0.01569699999999999915
22 19.000000 17.000000 0.01356800000000000020
23 16.000000 16.000000 0.01514399999999999948
24 17.000000 17.000000 0.01507099999999999933
25 19.000000 17.000000 0.01442900000000000085
26 15.000000 15.000000 0.01408099999999999977
27 19.000000 17.000000 0.01418799999999999922
28 16.000000 16.000000 0.01324700000000000009
29 19.000000 16.000000 0.01373599999999999995
30 16.000000 16.000000 0.03008299999999999863
31 19.000000 17.000000 0.02994899999999999993
32 17.000000 17.000000 0.03067399999999999988
33 21.000000 17.000000 0.03095399999999999888
34 20.000000 17.000000 0.02880599999999999827
35 19.000000 17.000000 0.01298500000000000001
36 19.000000 17.000000 0.01277400000000000063
37 16.000000 16.000000 0.02852800000000000127
38 17.000000 16.000000 0.03260300000000000004
39 21.000000 17.000000 0.01247700000000000024
40 20.000000 17.000000 0.01233500000000000048
41 18.000000 16.000000 0.01313199999999999958
42 18.000000 17.000000 0.01288800000000000015
43 19.000000 17.000000 0.01267599999999999977
44 21.000000 17.000000 0.02210200000000000012
45 17.000000 16.000000 0.01897799999999999834
46 15.000000 15.000000 0.01346400000000000027
47 18.000000 17.000000 0.01273200000000000026
48 16.000000 16.000000 0.01440999999999999920
49 17.000000 16.000000 0.06496999999999999997
50 17.000000 16.000000 0.02760299999999999906
51 19.000000 17.000000 0.01315700000000000029
52 20.000000 17.000000 0.01297599999999999969
53 19.000000 16.000000 0.01317699999999999948
54 20.000000 17.000000 0.01222499999999999976
55 20.000000 16.000000 0.03301300000000000068
56 18.000000 16.000000 0.02615299999999999916
57 16.000000 16.000000 0.01275899999999999951
58 19.000000 17.000000 0.05790700000000000014
59 18.000000 16.000000 0.03024100000000000052
60 20.000000 17.000000 0.01283300000000000066
61 19.000000 17.000000 0.01291600000000000040
62 20.000000 17.000000 0.01289200000000000068
63 18.000000 17.000000 0.03490000000000000047
64 17.000000 17.000000 0.01301399999999999953
65 18.000000 16.000000 0.03880299999999999722
66 20.000000 17.000000 0.04168999999999999789
67 16.000000 16.000000 0.02601699999999999846
68 17.000000 16.000000 0.02371200000000000044
69 15.000000 15.000000 0.03406900000000000206
70 18.000000 17.000000 0.03742100000000000287
71 22.000000 17.000000 0.01238799999999999971
72 17.000000 16.000000 0.03747600000000000237
73 17.000000 17.000000 0.08310599999999999932
74 20.000000 17.000000 0.03737700000000000050
75 20.000000 17.000000 0.03319799999999999834
76 19.000000 17.000000 0.03737900000000000250
77 17.000000 17.000000 0.03319199999999999928
78 18.000000 17.000000 0.03692299999999999749
79 17.000000 16.000000 0.04972100000000000131
80 17.000000 17.000000 0.02909099999999999880
81 18.000000 16.000000 0.01626999999999999974
82 16.000000 16.000000 0.01343800000000000029
83 15.000000 15.000000 0.02299500000000000155
84 16.000000 16.000000 0.02796200000000000074
85 19.000000 17.000000 0.04123199999999999782
86 18.000000 17.000000 0.03111900000000000083
87 19.000000 17.000000 0.06106999999999999929
88 21.000000 17.000000 0.03657500000000000334
89 19.000000 17.000000 0.03731600000000000195
90 18.000000 17.000000 0.03706299999999999872
91 17.000000 16.000000 0.03153799999999999659
92 21.000000 17.000000 0.03703999999999999654
93 19.000000 17.000000 0.03033699999999999938
94 19.000000 17.000000 0.02995899999999999952
95 17.000000 16.000000 0.02946000000000000008
96 18.000000 17.000000 0.02902100000000000166
97 17.000000 16.000000 0.03669100000000000139
98 16.000000 16.000000 0.01281599999999999927
99 17.000000 17.000000 0.01224500000000000068
100 18.000000 17.000000 0.01215100000000000034
101 18.000000 17.000000 0.03287999999999999950
102 18.000000 17.000000 0.01206899999999999987
103 20.000000 17.000000 0.01212599999999999963
104 21.000000 17.000000 0.01299100000000000081
105 22.000000 17.000000 0.01339100000000000013
106 18.000000 17.000000 0.01387599999999999945
107 19.000000 17.000000 0.01259300000000000003
108 17.000000 17.000000 0.01217799999999999959
109 18.000000 17.000000 0.01207899999999999946
110 22.000000 17.000000 0.01897599999999999981
111 18.000000 17.000000 0.01892200000000000132
112 20.000000 17.000000 0.01909999999999999892
113 20.000000 17.000000 0.01863300000000000026
114 22.000000 17.000000 0.01819099999999999884
115 17.000000 16.000000 0.01163299999999999924
116 21.000000 17.000000 0.01212099999999999983
117 16.000000 16.000000 0.01252099999999999914
118 16.000000 16.000000 0.01221799999999999969
119 15.000000 15.000000 0.01229700000000000064
120 20.000000 17.000000 0.01184499999999999963
121 19.000000 17.000000 0.01194100000000000023
122 18.000000 17.000000 0.01252799999999999921
123 17.000000 16.000000 0.01307099999999999929
124 19.000000 17.000000 0.01206199999999999981
125 19.000000 17.000000 0.01374599999999999954
126 17.000000 16.000000 0.01470300000000000079
127 15.000000 15.000000 0.01504400000000000008
128 16.000000 16.000000 0.01468700000000000040
129 18.000000 17.000000 0.01510500000000000037
130 18.000000 17.000000 0.01166500000000000002
131 20.000000 17.000000 0.01137900000000000023
132 20.000000 17.000000 0.01111200000000000035
133 17.000000 17.000000 0.01116900000000000011
134 19.000000 17.000000 0.01174200000000000070
135 18.000000 17.000000 0.01197600000000000053
136 18.000000 17.000000 0.01221700000000000043
137 19.000000 17.000000 0.01243499999999999987
138 20.000000 17.000000 0.01178000000000000054
139 15.000000 15.000000 0.01340700000000000051
140 16.000000 16.000000 0.01184299999999999936
141 19.000000 17.000000 0.01161300000000000006
142 18.000000 17.000000 0.01178700000000000060
143 18.000000 17.000000 0.01138699999999999955
144 18.000000 17.000000 0.01154200000000000018
145 18.000000 16.000000 0.01219499999999999924
146 20.000000 17.000000 0.02910799999999999846
147 18.000000 17.000000 0.01305699999999999916
148 19.000000 17.000000 0.02546899999999999858
149 16.000000 16.000000 0.02887800000000000089
150 20.000000 17.000000 0.02864999999999999838
151 18.000000 17.000000 0.02514800000000000021
152 21.000000 17.000000 0.02401800000000000115
153 18.000000 17.000000 0.02840099999999999916
154 19.000000 17.000000 0.02803200000000000136
155 17.000000 16.000000 0.04051300000000000040
156 18.000000 16.000000 0.01374599999999999954
157 17.000000 17.000000 0.02518700000000000105
158 18.000000 17.000000 0.02920000000000000026
159 18.000000 16.000000 0.04144899999999999973
160 16.000000 16.000000 0.03015599999999999878
161 18.000000 16.000000 0.02976300000000000126
162 18.000000 16.000000 0.02636300000000000102
163 18.000000 17.000000 0.03773200000000000165
164 18.000000 17.000000 0.03756600000000000217
165 22.000000 17.000000 0.03280099999999999683
166 18.000000 17.000000 0.03046899999999999956
167 17.000000 16.000000 0.01258300000000000043
168 19.000000 17.000000 0.03405099999999999794
169 20.000000 17.000000 0.04174100000000000033
170 17.000000 17.000000 0.02942600000000000077
171 17.000000 16.000000 0.01248999999999999937
172 21.000000 17.000000 0.01226600000000000086
173 23.000000 17.000000 0.01222200000000000022
174 19.000000 17.000000 0.04296200000000000019
175 19.000000 17.000000 0.02318999999999999881
176 19.000000 17.000000 0.02668399999999999939
177 16.000000 16.000000 0.02928300000000000000
178 19.000000 17.000000 0.02926399999999999835
179 16.000000 16.000000 0.02956100000000000047
180 20.000000 17.000000 0.02857300000000000118
181 21.000000 17.000000 0.01208099999999999972
182 20.000000 17.000000 0.01128999999999999969
183 17.000000 17.000000 0.02904599999999999890
184 21.000000 17.000000 0.03604899999999999771
185 15.000000 15.000000 0.02486299999999999968
186 21.000000 17.000000 0.02825599999999999987
187 19.000000 17.000000 0.01214499999999999955
188 18.000000 16.000000 0.02894199999999999898
189 19.000000 17.000000 0.02851000000000000062
190 17.000000 16.000000 0.02860800000000000148
191 20.000000 17.000000 0.02844500000000000153
192 20.000000 17.000000 0.01164399999999999984
193 20.000000 17.000000 0.01181199999999999958
194 15.000000 15.000000 0.01261999999999999927
195 18.000000 16.000000 0.01217500000000000006
196 19.000000 17.000000 0.01171799999999999925
197 19.000000 17.000000 0.01232699999999999942
198 17.000000 16.000000 0.01333400000000000037
199 18.000000 17.000000 0.01363400000000000029
200 15.000000 15.000000 0.01102400000000000081
201 19.000000 17.000000 0.01012000000000000052
202 17.000000 17.000000 0.02825700000000000087
203 19.000000 17.000000 0.01027999999999999921
204 18.000000 16.000000 0.01938000000000000139
205 16.000000 16.000000 0.02524200000000000055
206 22.000000 17.000000 0.01285700000000000037
207 17.000000 17.000000 0.02095699999999999993
208 20.000000 17.000000 0.02264999999999999999
209 18.000000 17.000000 0.01231600000000000056
210 19.000000 17.000000 0.01363600000000000055
211 18.000000 17.000000 0.01196400000000000068
212 18.000000 17.000000 0.01221000000000000037
213 19.000000 17.000000 0.01208200000000000073
214 19.000000 17.000000 0.01213299999999999969
215 19.000000 17.000000 0.01742600000000000052
216 18.000000 17.000000 0.01956400000000000153
217 18.000000 17.000000 0.01314399999999999943
218 16.000000 16.000000 0.01229599999999999964
219 20.000000 17.000000 0.01252600000000000068
220 18.000000 17.000000 0.01351699999999999950
221 22.000000 17.000000 0.01196599999999999921
222 16.000000 16.000000 0.01975100000000000119
223 20.000000 17.000000 0.02838999999999999857
224 17.000000 16.000000 0.01260599999999999915
225 16.000000 16.000000 0.01287199999999999976
226 18.000000 17.000000 0.01284899999999999931
227 21.000000 17.000000 0.01174700000000000050
228 21.000000 17.000000 0.01215800000000000040
229 18.000000 16.000000 0.01271300000000000034
230 16.000000 16.000000 0.01200400000000000078
231 17.000000 17.000000 0.01198300000000000060
232 19.000000 16.000000 0.01176299999999999915
233 17.000000 17.000000 0.01197499999999999953
234 19.000000 17.000000 0.01219499999999999924
235 19.000000 17.000000 0.01210400000000000018
236 18.000000 17.000000 0.01145400000000000064
237 21.000000 17.000000 0.02033099999999999838
238 21.000000 17.000000 0.01243499999999999987
239 20.000000 17.000000 0.01123200000000000066
240 17.000000 16.000000 0.01225799999999999980
241 18.000000 17.000000 0.01222099999999999922
242 15.000000 15.000000 0.01305300000000000037
243 18.000000 16.000000 0.01204000000000000035
244 17.000000 17.000000 0.01183900000000000056
245 20.000000 17.000000 0.01150499999999999960
246 18.000000 17.000000 0.01145400000000000064
247 16.000000 16.000000 0.01277999999999999969
248 17.000000 17.000000 0.01232199999999999962
249 23.000000 17.000000 0.01093300000000000001
250 16.000000 16.000000 0.01271300000000000034
251 17.000000 17.000000 0.01228500000000000078
252 16.000000 16.000000 0.01314399999999999943
253 18.000000 17.000000 0.01259799999999999982
254 17.000000 16.000000 0.01194600000000000002
255 19.000000 17.000000 0.01353900000000000069
256 21.000000 16.000000 0.01172499999999999931
257 20.000000 17.000000 0.01191299999999999998
258 21.000000 17.000000 0.01181600000000000011
259 19.000000 17.000000 0.01274100000000000059
260 20.000000 17.000000 0.01151100000000000040
261 20.000000 17.000000 0.01192999999999999963
262 16.000000 16.000000 0.02838099999999999998
263 19.000000 17.000000 0.01160199999999999947
264 19.000000 17.000000 0.01088199999999999931
265 19.000000 17.000000 0.01116600000000000058
266 20.000000 17.000000 0.01666799999999999879
267 17.000000 17.000000 0.01137200000000000016
268 16.000000 16.000000 0.01217900000000000059
269 20.000000 17.000000 0.01148000000000000062
270 19.000000 17.000000 0.01372499999999999935
271 16.000000 16.000000 0.01220399999999999957
272 21.000000 17.000000 0.01289900000000000074
273 17.000000 16.000000 0.01893900000000000097
274 19.000000 17.000000 0.01208500000000000026
275 19.000000 17.000000 0.01163800000000000077
276 18.000000 17.000000 0.01226099999999999933
277 18.000000 16.000000 0.01132799999999999953
278 16.000000 16.000000 0.01204000000000000035
279 19.000000 17.000000 0.01173199999999999937
280 21.000000 17.000000 0.01192700000000000010
281 15.000000 15.000000 0.01286799999999999923
282 17.000000 16.000000 0.01211899999999999956
283 19.000000 17.000000 0.01202899999999999976
284 18.000000 16.000000 0.01167699999999999988
285 17.000000 17.000000 0.01228300000000000052
286 16.000000 16.000000 0.01163900000000000004
287 15.000000 15.000000 0.01145999999999999970
288 17.000000 17.000000 0.01180299999999999926
289 19.000000 17.000000 0.01211600000000000003
290 16.000000 16.000000 0.01162999999999999971
291 19.000000 17.000000 0.01153299999999999985
292 19.000000 17.000000 0.01177699999999999927
293 20.000000 16.000000 0.01213400000000000069
294 22.000000 17.000000 0.01120200000000000015
295 17.000000 16.000000 0.01121699999999999954
296 18.000000 16.000000 0.01134199999999999965
297 16.000000 16.000000 0.01187799999999999967
298 16.000000 16.000000 0.01317800000000000048
299 17.000000 16.000000 0.01202899999999999976
300 19.000000 16.000000 0.01141799999999999933
301 15.000000 15.000000 0.02841899999999999982
302 19.000000 17.000000 0.02811900000000000163
303 18.000000 16.000000 0.01210800000000000071
304 18.000000 16.000000 0.01281500000000000000
305 19.000000 17.000000 0.01166900000000000055
306 18.000000 17.000000 0.01151300000000000066
307 15.000000 15.000000 0.01195599999999999961
308 17.000000 17.000000 0.01302900000000000065
309 16.000000 16.000000 0.02778500000000000067
310 17.000000 16.000000 0.01104899999999999979
311 20.000000 17.000000 0.01104699999999999953
312 18.000000 17.000000 0.01149000000000000021
313 17.000000 17.000000 0.02804699999999999901
314 16.000000 16.000000 0.01128499999999999989
315 22.000000 17.000000 0.01096100000000000026
316 19.000000 17.000000 0.01218799999999999918
317 20.000000 17.000000 0.01137600000000000069
318 17.000000 17.000000 0.02962899999999999909
319 19.000000 17.000000 0.01192099999999999931
320 18.000000 17.000000 0.01246700000000000065
321 18.000000 17.000000 0.01171299999999999945
322 21.000000 17.000000 0.01134899999999999971
323 18.000000 16.000000 0.02415199999999999986
324 19.000000 17.000000 0.02583500000000000033
325 18.000000 17.000000 0.01154200000000000018
326 18.000000 16.000000 0.01234700000000000034
327 19.000000 17.000000 0.01148399999999999942
328 21.000000 17.000000 0.01209600000000000085
329 18.000000 16.000000 0.01287899999999999982
330 19.000000 17.000000 0.05074000000000000038
331 18.000000 17.000000 0.01171400000000000045
332 17.000000 17.000000 0.01278999999999999929
333 18.000000 17.000000 0.02810500000000000151
334 20.000000 17.000000 0.01217000000000000026
335 17.000000 16.000000 0.01186199999999999928
336 17.000000 17.000000 0.03470499999999999974
337 17.000000 17.000000 0.01208900000000000079
338 19.000000 17.000000 0.01183999999999999983
339 17.000000 16.000000 0.03194299999999999917
340 17.000000 16.000000 0.01255200000000000066
341 17.000000 16.000000 0.01235400000000000040
342 18.000000 17.000000 0.01156300000000000036
343 18.000000 16.000000 0.01197699999999999980
344 21.000000 17.000000 0.01034500000000000003
345 19.000000 17.000000 0.01962699999999999861
346 18.000000 17.000000 0.01128799999999999942
347 19.000000 17.000000 0.01135399999999999951
348 18.000000 17.000000 0.01229099999999999984
349 18.000000 17.000000 0.01213200000000000042
350 16.000000 16.000000 0.01184400000000000036
351 18.000000 16.000000 0.01441300000000000046
352 19.000000 17.000000 0.01149299999999999974
353 21.000000 17.000000 0.01210899999999999997
354 20.000000 17.000000 0.01187000000000000034
355 19.000000 17.000000 0.01145400000000000064
356 20.000000 17.000000 0.01183200000000000050
357 18.000000 17.000000 0.01152700000000000079
358 19.000000 17.000000 0.01154099999999999918
359 18.000000 16.000000 0.01165899999999999923
360 18.000000 16.000000 0.01262199999999999954
361 16.000000 16.000000 0.01299799999999999914
362 16.000000 16.000000 0.01282600000000000059
363 19.000000 16.000000 0.01158299999999999955
364 18.000000 17.000000 0.01165500000000000043
365 17.000000 16.000000 0.01192999999999999963
366 18.000000 16.000000 0.01334600000000000022
367 18.000000 17.000000 0.01161200000000000079
368 19.000000 17.000000 0.01228399999999999978
369 20.000000 17.000000 0.01117800000000000044
370 18.000000 17.000000 0.01164500000000000084
371 17.000000 17.000000 0.01175499999999999982
372 17.000000 17.000000 0.01200700000000000031
373 19.000000 17.000000 0.01181500000000000085
374 18.000000 17.000000 0.01190300000000000039
375 20.000000 17.000000 0.01167699999999999988
376 19.000000 16.000000 0.01102500000000000008
377 21.000000 17.000000 0.01251200000000000055
378 19.000000 16.000000 0.01123099999999999966
379 18.000000 17.000000 0.01195300000000000008
380 19.000000 17.000000 0.01167600000000000061
381 17.000000 16.000000 0.01177300000000000048
382 17.000000 16.000000 0.01196799999999999947
383 18.000000 17.000000 0.01157599999999999948
384 16.000000 16.000000 0.02081500000000000017
385 19.000000 17.000000 0.01538999999999999917
386 18.000000 17.000000 0.01148300000000000015
387 18.000000 17.000000 0.02773899999999999977
388 21.000000 17.000000 0.02737099999999999950
389 17.000000 17.000000 0.02163100000000000092
390 18.000000 17.000000 0.01453699999999999957
391 17.000000 16.000000 0.02522699999999999942
392 18.000000 16.000000 0.02815199999999999994
393 18.000000 17.000000 0.02833000000000000101
394 20.000000 17.000000 0.01179999999999999973
395 18.000000 17.000000 0.03095200000000000035
396 19.000000 17.000000 0.01099699999999999983
397 21.000000 17.000000 0.01869499999999999981
398 19.000000 17.000000 0.01503600000000000075
399 17.000000 17.000000 0.01259399999999999929
400 20.000000 17.000000 0.01540900000000000082
401 18.000000 17.000000 0.01381399999999999989
402 18.000000 17.000000 0.01357799999999999979
403 18.000000 17.000000 0.01124200000000000026
404 19.000000 17.000000 0.01082600000000000055
405 17.000000 17.000000 0.01209299999999999958
406 17.000000 17.000000 0.01094700000000000013
407 18.000000 17.000000 0.01148799999999999995
408 19.000000 17.000000 0.01167600000000000061
409 17.000000 17.000000 0.01139199999999999935
410 18.000000 17.000000 0.01135500000000000051
411 18.000000 17.000000 0.01128099999999999936
412 19.000000 17.000000 0.03118100000000000038
413 18.000000 17.000000 0.01658300000000000052
414 20.000000 17.000000 0.01159299999999999914
415 15.000000 15.000000 0.01206199999999999981
416 16.000000 16.000000 0.01237399999999999958
417 16.000000 16.000000 0.01174200000000000070
418 17.000000 16.000000 0.01151600000000000019
419 21.000000 17.000000 0.01092399999999999968
420 18.000000 17.000000 0.01072299999999999989
