1 24.000000 21.000000 0.16904299999999999882
2 31.000000 23.000000 0.05282099999999999990
3 22.000000 18.000000 0.04822499999999999704
4 25.000000 23.000000 0.05432000000000000023
5 32.000000 24.000000 0.09614000000000000323
6 43.000000 29.000000 0.02690599999999999936
7 29.000000 22.000000 0.05272999999999999909
8 24.000000 20.000000 0.05283999999999999808
9 36.000000 26.000000 0.11554499999999999493
10 28.000000 23.000000 0.05236600000000000282
11 26.000000 23.000000 0.04633500000000000119
12 33.000000 24.000000 0.06275899999999999535
13 26.000000 23.000000 0.05529499999999999693
14 26.000000 23.000000 0.04479999999999999954
15 30.000000 25.000000 0.04713200000000000028
16 25.000000 21.000000 0.04663899999999999990
17 27.000000 22.000000 0.05248799999999999993
18 34.000000 24.000000 0.04193800000000000305
19 31.000000 24.000000 0.05240299999999999819
20 27.000000 21.000000 0.04428599999999999898
21 23.000000 21.000000 0.03723599999999999827
22 26.000000 23.000000 0.02276299999999999851
23 24.000000 21.000000 0.04053299999999999959
24 26.000000 20.000000 0.03965799999999999881
25 36.000000 25.000000 0.02016199999999999937
26 20.000000 18.000000 0.01978800000000000003
27 26.000000 22.000000 0.03497200000000000308
28 28.000000 25.000000 0.03849500000000000144
29 26.000000 22.000000 0.03579000000000000237
30 27.000000 20.000000 0.04569600000000000051
31 24.000000 21.000000 0.02153899999999999912
32 33.000000 29.000000 0.01929600000000000065
33 29.000000 23.000000 0.01891299999999999926
34 25.000000 21.000000 0.03819999999999999785
35 31.000000 23.000000 0.03045899999999999996
36 26.000000 21.000000 0.02401999999999999968
37 26.000000 22.000000 0.01947799999999999879
38 25.000000 23.000000 0.02496800000000000061
39 30.000000 25.000000 0.03419300000000000117
40 31.000000 25.000000 0.03428099999999999897
41 25.000000 21.000000 0.04920800000000000174
42 27.000000 23.000000 0.02673800000000000135
43 25.000000 23.000000 0.02820500000000000090
44 34.000000 27.000000 0.03670199999999999851
45 28.000000 22.000000 0.02072500000000000037
46 29.000000 23.000000 0.05974600000000000050
47 27.000000 22.000000 0.05192800000000000193
48 29.000000 25.000000 0.01781599999999999850
49 24.000000 22.000000 0.03502299999999999858
50 28.000000 23.000000 0.01627599999999999880
51 28.000000 24.000000 0.01992299999999999974
52 31.000000 24.000000 0.01954699999999999840
53 29.000000 24.000000 0.03416600000000000192
54 24.000000 20.000000 0.01783900000000000069
55 36.000000 25.000000 0.01688699999999999923
56 19.000000 19.000000 0.02993399999999999880
57 27.000000 24.000000 0.02095299999999999940
58 24.000000 22.000000 0.01958700000000000024
59 31.000000 24.000000 0.01767399999999999874
60 35.000000 27.000000 0.02108300000000000105
61 25.000000 22.000000 0.02302500000000000033
62 19.000000 18.000000 0.01828899999999999970
63 25.000000 20.000000 0.03585499999999999798
64 24.000000 22.000000 0.03959900000000000225
65 32.000000 25.000000 0.04788699999999999901
66 31.000000 25.000000 0.04759700000000000042
67 33.000000 25.000000 0.03346899999999999875
68 25.000000 23.000000 0.04429999999999999910
69 41.000000 29.000000 0.03876600000000000185
70 34.000000 25.000000 0.04600599999999999828
71 23.000000 20.000000 0.03023299999999999946
72 25.000000 21.000000 0.03275600000000000039
73 29.000000 23.000000 0.04593300000000000161
74 29.000000 23.000000 0.02094400000000000081
75 19.000000 18.000000 0.02080399999999999958
76 29.000000 22.000000 0.03535900000000000154
77 33.000000 24.000000 0.01804300000000000001
78 27.000000 22.000000 0.03803000000000000130
79 25.000000 23.000000 0.05063399999999999845
80 30.000000 24.000000 0.02832000000000000142
81 32.000000 26.000000 0.04782999999999999752
82 21.000000 18.000000 0.02622700000000000031
83 26.000000 24.000000 0.03624200000000000338
84 31.000000 24.000000 0.04541200000000000098
85 28.000000 23.000000 0.01709799999999999862
86 31.000000 25.000000 0.01728899999999999881
87 20.000000 19.000000 0.01899100000000000094
88 20.000000 19.000000 0.01935500000000000068
89 30.000000 23.000000 0.01758099999999999941
90 25.000000 22.000000 0.05233000000000000151
91 30.000000 24.000000 0.01816100000000000006
92 24.000000 20.000000 0.04376000000000000029
93 38.000000 26.000000 0.04225899999999999795
94 35.000000 25.000000 0.03583399999999999780
95 28.000000 22.000000 0.04510700000000000126
96 23.000000 22.000000 0.06583999999999999575
97 27.000000 22.000000 0.04604799999999999865
98 27.000000 24.000000 0.02205500000000000169
99 26.000000 21.000000 0.04526000000000000162
100 37.000000 29.000000 0.04349900000000000294
101 27.000000 20.000000 0.03355999999999999955
102 29.000000 24.000000 0.01974800000000000166
103 23.000000 20.000000 0.01909500000000000086
104 27.000000 21.000000 0.01689299999999999830
105 26.000000 22.000000 0.02031900000000000026
106 26.000000 21.000000 0.01848899999999999849
107 23.000000 19.000000 0.03335500000000000270
108 28.000000 23.000000 0.01998799999999999882
109 30.000000 24.000000 0.01780100000000000085
110 25.000000 21.000000 0.05226100000000000190
111 29.000000 21.000000 0.04250600000000000211
112 27.000000 22.000000 0.01641300000000000051
113 31.000000 22.000000 0.01668299999999999991
114 24.000000 22.000000 0.04004499999999999726
115 32.000000 25.000000 0.01685899999999999899
116 25.000000 20.000000 0.01838800000000000157
117 36.000000 29.000000 0.01938799999999999898
118 32.000000 26.000000 0.03555599999999999733
119 23.000000 20.000000 0.03234100000000000169
120 39.000000 29.000000 0.02186000000000000096
121 28.000000 24.000000 0.01766500000000000015
122 28.000000 22.000000 0.02433099999999999846
123 25.000000 21.000000 0.02044800000000000090
124 30.000000 23.000000 0.01963600000000000068
125 22.000000 19.000000 0.01862000000000000113
126 36.000000 28.000000 0.01964799999999999880
127 29.000000 21.000000 0.01830899999999999889
128 23.000000 21.000000 0.03929099999999999954
129 30.000000 24.000000 0.04682499999999999857
130 22.000000 19.000000 0.03469900000000000068
131 27.000000 21.000000 0.03468899999999999761
132 27.000000 22.000000 0.01850699999999999915
133 35.000000 24.000000 0.01684700000000000086
134 26.000000 20.000000 0.01895600000000000063
135 29.000000 23.000000 0.01808699999999999891
136 28.000000 26.000000 0.02025599999999999970
137 26.000000 21.000000 0.01917699999999999960
138 29.000000 25.000000 0.03301199999999999968
139 18.000000 18.000000 0.01941500000000000170
140 30.000000 24.000000 0.02030699999999999866
141 29.000000 24.000000 0.03002200000000000008
142 26.000000 22.000000 0.04337799999999999989
143 22.000000 20.000000 0.01970699999999999882
144 38.000000 25.000000 0.01901600000000000165
145 25.000000 21.000000 0.02046900000000000108
146 40.000000 30.000000 0.01983000000000000040
147 36.000000 25.000000 0.01884900000000000117
148 20.000000 19.000000 0.02438099999999999989
149 33.000000 27.000000 0.03692700000000000149
150 35.000000 25.000000 0.03959599999999999925
151 33.000000 25.000000 0.01893099999999999991
152 30.000000 22.000000 0.01839299999999999963
153 23.000000 21.000000 0.01693800000000000167
154 31.000000 26.000000 0.01787199999999999900
155 29.000000 24.000000 0.01935800000000000021
156 21.000000 20.000000 0.02208099999999999993
157 24.000000 23.000000 0.05115299999999999708
158 18.000000 16.000000 0.03726000000000000145
159 27.000000 21.000000 0.01968699999999999964
160 26.000000 22.000000 0.05031999999999999668
161 29.000000 22.000000 0.01734899999999999984
162 25.000000 21.000000 0.01790699999999999931
163 32.000000 23.000000 0.01700499999999999928
164 29.000000 22.000000 0.01719599999999999948
165 25.000000 21.000000 0.03486299999999999816
166 33.000000 27.000000 0.04334699999999999664
167 18.000000 18.000000 0.02031799999999999926
168 27.000000 22.000000 0.01856500000000000164
169 26.000000 22.000000 0.01965099999999999833
170 28.000000 22.000000 0.01895300000000000110
171 23.000000 19.000000 0.01714399999999999952
172 30.000000 26.000000 0.01738400000000000015
173 33.000000 26.000000 0.03422399999999999748
174 34.000000 26.000000 0.01841200000000000128
175 25.000000 19.000000 0.03363800000000000123
176 32.000000 25.000000 0.01940499999999999864
177 29.000000 22.000000 0.01757999999999999841
178 34.000000 26.000000 0.01921700000000000144
179 25.000000 23.000000 0.01782299999999999857
180 31.000000 25.000000 0.02076599999999999974
181 27.000000 22.000000 0.01953099999999999975
182 33.000000 25.000000 0.01874699999999999978
183 32.000000 25.000000 0.01945500000000000007
184 34.000000 25.000000 0.05106600000000000028
185 27.000000 22.000000 0.04687299999999999800
186 33.000000 24.000000 0.01771599999999999911
187 39.000000 28.000000 0.01920699999999999838
188 21.000000 19.000000 0.04804599999999999843
189 19.000000 17.000000 0.04366899999999999948
190 27.000000 21.000000 0.02015600000000000031
191 28.000000 23.000000 0.04234500000000000069
192 26.000000 21.000000 0.03122799999999999881
193 26.000000 25.000000 0.05289100000000000051
194 25.000000 21.000000 0.02655799999999999828
195 26.000000 22.000000 0.03320800000000000141
196 26.000000 21.000000 0.03190799999999999886
197 30.000000 23.000000 0.01928200000000000053
198 18.000000 18.000000 0.02301999999999999880
199 39.000000 29.000000 0.02369399999999999978
200 30.000000 22.000000 0.02097100000000000006
201 25.000000 24.000000 0.04308100000000000124
202 32.000000 25.000000 0.02259399999999999950
203 25.000000 22.000000 0.01693400000000000113
204 25.000000 23.000000 0.01727199999999999916
205 30.000000 23.000000 0.01562500000000000000
206 24.000000 23.000000 0.01740799999999999986
207 41.000000 29.000000 0.02922500000000000098
208 33.000000 26.000000 0.01892100000000000032
209 23.000000 20.000000 0.03353199999999999931
210 39.000000 27.000000 0.03767399999999999916
211 27.000000 22.000000 0.03638600000000000168
212 18.000000 18.000000 0.03367099999999999954
213 26.000000 22.000000 0.03460699999999999887
214 40.000000 28.000000 0.02792999999999999997
215 25.000000 21.000000 0.01746199999999999836
216 31.000000 24.000000 0.01853300000000000086
217 26.000000 20.000000 0.01654200000000000115
218 28.000000 23.000000 0.03258699999999999791
219 23.000000 20.000000 0.02473300000000000151
220 32.000000 25.000000 0.01664900000000000060
221 37.000000 25.000000 0.03200299999999999673
222 20.000000 18.000000 0.05414599999999999969
223 38.000000 26.000000 0.03981300000000000117
224 22.000000 19.000000 0.03895799999999999957
225 30.000000 25.000000 0.02165800000000000017
226 30.000000 24.000000 0.04142400000000000249
227 29.000000 23.000000 0.01968699999999999964
228 41.000000 26.000000 0.01879499999999999921
229 29.000000 22.000000 0.04604500000000000259
230 23.000000 21.000000 0.05317600000000000104
231 33.000000 27.000000 0.04246699999999999781
232 27.000000 21.000000 0.08121499999999999553
233 30.000000 26.000000 0.04125999999999999807
234 27.000000 19.000000 0.04242599999999999844
235 24.000000 21.000000 0.04570300000000000057
236 26.000000 22.000000 0.04250099999999999711
237 30.000000 22.000000 0.01827200000000000005
238 34.000000 28.000000 0.06854300000000000670
239 23.000000 19.000000 0.03694999999999999674
240 38.000000 29.000000 0.05603899999999999854
241 31.000000 25.000000 0.04528599999999999987
242 25.000000 21.000000 0.03320200000000000234
243 27.000000 22.000000 0.04310300000000000242
244 19.000000 18.000000 0.01777199999999999960
245 35.000000 26.000000 0.02005099999999999938
246 26.000000 21.000000 0.01708099999999999896
247 24.000000 19.000000 0.05451399999999999996
248 24.000000 22.000000 0.04003199999999999814
249 31.000000 24.000000 0.07976999999999999369
250 23.000000 21.000000 0.02016099999999999837
251 23.000000 19.000000 0.04560499999999999970
252 29.000000 23.000000 0.01774799999999999989
253 27.000000 22.000000 0.02174500000000000044
254 25.000000 20.000000 0.04255400000000000155
255 31.000000 25.000000 0.03198700000000000154
256 30.000000 23.000000 0.02131699999999999914
257 29.000000 23.000000 0.01965199999999999933
258 30.000000 23.000000 0.02347899999999999987
259 30.000000 25.000000 0.01798100000000000045
260 25.000000 20.000000 0.01880499999999999880
261 37.000000 27.000000 0.01773500000000000076
262 30.000000 22.000000 0.01838899999999999910
263 32.000000 27.000000 0.01761400000000000118
264 35.000000 28.000000 0.04426100000000000173
265 25.000000 20.000000 0.02491600000000000065
266 22.000000 19.000000 0.03319400000000000128
267 26.000000 22.000000 0.02265400000000000053
268 28.000000 21.000000 0.01803400000000000142
269 35.000000 29.000000 0.02152099999999999846
270 26.000000 20.000000 0.01931599999999999984
271 22.000000 19.000000 0.03251699999999999730
272 27.000000 23.000000 0.01735400000000000137
273 31.000000 24.000000 0.02244399999999999867
274 28.000000 22.000000 0.01963200000000000014
275 24.000000 21.000000 0.02654899999999999968
276 23.000000 22.000000 0.01936099999999999974
277 31.000000 24.000000 0.01793900000000000008
278 20.000000 19.000000 0.01931199999999999931
279 30.000000 23.000000 0.01907500000000000168
280 28.000000 23.000000 0.02649900000000000172
281 35.000000 27.000000 0.02284200000000000119
282 22.000000 20.000000 0.04489699999999999941
283 16.000000 16.000000 0.01947300000000000073
284 25.000000 21.000000 0.02377500000000000099
285 33.000000 24.000000 0.02079999999999999905
286 23.000000 20.000000 0.02327800000000000008
287 27.000000 21.000000 0.02025899999999999923
288 29.000000 24.000000 0.01760700000000000112
289 31.000000 23.000000 0.01907899999999999874
290 24.000000 21.000000 0.04490999999999999853
291 32.000000 23.000000 0.05052199999999999747
292 27.000000 22.000000 0.03660999999999999671
293 27.000000 22.000000 0.03544200000000000128
294 31.000000 25.000000 0.03896999999999999770
295 31.000000 24.000000 0.02473600000000000104
296 28.000000 21.000000 0.03065599999999999922
297 30.000000 23.000000 0.04291999999999999982
298 26.000000 22.000000 0.04666300000000000309
299 28.000000 22.000000 0.02887899999999999842
300 25.000000 22.000000 0.01843699999999999853
301 34.000000 26.000000 0.02045699999999999949
302 28.000000 23.000000 0.04703500000000000042
303 26.000000 24.000000 0.03645199999999999829
304 30.000000 23.000000 0.02004200000000000079
305 32.000000 25.000000 0.04303400000000000281
306 26.000000 21.000000 0.02133099999999999927
307 25.000000 22.000000 0.02749599999999999961
308 21.000000 19.000000 0.05306700000000000306
309 30.000000 26.000000 0.01772999999999999923
310 27.000000 21.000000 0.04544100000000000222
311 25.000000 23.000000 0.02111800000000000135
312 30.000000 23.000000 0.01617199999999999888
313 22.000000 20.000000 0.01819600000000000037
314 27.000000 22.000000 0.02045900000000000149
315 31.000000 23.000000 0.01745199999999999876
316 35.000000 27.000000 0.01734399999999999831
317 23.000000 19.000000 0.01949899999999999897
318 23.000000 21.000000 0.01938600000000000045
319 32.000000 23.000000 0.05009000000000000258
320 24.000000 21.000000 0.04541599999999999804
321 27.000000 24.000000 0.01837599999999999997
322 35.000000 26.000000 0.01957400000000000112
323 23.000000 19.000000 0.05347699999999999676
324 26.000000 21.000000 0.03494699999999999890
325 22.000000 19.000000 0.01749200000000000060
326 19.000000 19.000000 0.01886699999999999836
327 37.000000 26.000000 0.01746699999999999989
328 22.000000 19.000000 0.01648200000000000012
329 25.000000 21.000000 0.02232400000000000009
330 24.000000 20.000000 0.01773399999999999976
331 22.000000 21.000000 0.02359500000000000139
332 31.000000 28.000000 0.02078599999999999892
333 23.000000 20.000000 0.05502300000000000246
334 40.000000 29.000000 0.04850800000000000251
335 24.000000 21.000000 0.04044799999999999784
336 27.000000 21.000000 0.03107700000000000046
337 29.000000 25.000000 0.02635499999999999995
338 28.000000 24.000000 0.02519400000000000112
339 23.000000 20.000000 0.01880700000000000080
340 35.000000 26.000000 0.02011500000000000093
341 30.000000 23.000000 0.02121800000000000075
342 26.000000 22.000000 0.02120299999999999963
343 22.000000 18.000000 0.01815900000000000153
344 33.000000 26.000000 0.01815599999999999853
345 25.000000 20.000000 0.01766500000000000015
346 29.000000 24.000000 0.05176900000000000251
347 34.000000 28.000000 0.02032499999999999932
348 30.000000 25.000000 0.01797999999999999945
349 33.000000 25.000000 0.01634499999999999842
350 35.000000 23.000000 0.01860900000000000054
351 35.000000 27.000000 0.01913899999999999976
352 25.000000 21.000000 0.02014799999999999924
353 31.000000 26.000000 0.02282299999999999954
354 35.000000 25.000000 0.01969200000000000117
355 22.000000 19.000000 0.05134799999999999781
356 32.000000 24.000000 0.02095599999999999893
357 21.000000 20.000000 0.02502000000000000057
358 24.000000 22.000000 0.01917999999999999913
359 29.000000 24.000000 0.01925199999999999828
360 29.000000 22.000000 0.01837000000000000091
361 29.000000 22.000000 0.05028200000000000031
362 21.000000 20.000000 0.01907599999999999921
363 26.000000 23.000000 0.01725399999999999850
364 30.000000 24.000000 0.02160400000000000167
365 26.000000 21.000000 0.01747100000000000042
366 35.000000 26.000000 0.01850100000000000008
367 29.000000 24.000000 0.01894200000000000050
368 34.000000 25.000000 0.02650399999999999978
369 29.000000 23.000000 0.02045599999999999849
370 21.000000 19.000000 0.02048600000000000074
371 24.000000 21.000000 0.02125600000000000059
372 38.000000 28.000000 0.02198100000000000054
373 27.000000 25.000000 0.01978800000000000003
374 33.000000 28.000000 0.01781800000000000050
375 29.000000 22.000000 0.01989499999999999949
376 26.000000 23.000000 0.02519899999999999918
377 25.000000 23.000000 0.02150200000000000028
378 28.000000 21.000000 0.01665499999999999967
379 27.000000 22.000000 0.01808200000000000085
380 21.000000 21.000000 0.01949499999999999844
381 27.000000 21.000000 0.01964399999999999827
382 24.000000 20.000000 0.01986999999999999877
383 34.000000 25.000000 0.01982000000000000081
384 24.000000 21.000000 0.01850200000000000108
385 36.000000 29.000000 0.01856700000000000017
386 30.000000 26.000000 0.01975899999999999879
387 29.000000 23.000000 0.02229899999999999938
388 31.000000 26.000000 0.02250500000000000070
389 44.000000 31.000000 0.01873000000000000012
390 45.000000 30.000000 0.04404999999999999888
391 30.000000 24.000000 0.06391900000000000359
392 22.000000 18.000000 0.04442499999999999921
393 31.000000 27.000000 0.02321000000000000146
394 29.000000 22.000000 0.01830400000000000083
395 26.000000 22.000000 0.02044199999999999837
396 36.000000 27.000000 0.05159400000000000097
397 27.000000 23.000000 0.03623799999999999938
398 32.000000 25.000000 0.01713800000000000046
399 22.000000 18.000000 0.05124999999999999695
400 24.000000 21.000000 0.02529199999999999851
401 31.000000 25.000000 0.01917100000000000054
402 35.000000 27.000000 0.02260200000000000056
403 28.000000 23.000000 0.04810500000000000193
404 30.000000 22.000000 0.02004999999999999838
405 27.000000 23.000000 0.05610400000000000109
406 31.000000 26.000000 0.01895700000000000163
407 30.000000 22.000000 0.01918299999999999866
408 31.000000 25.000000 0.01808399999999999938
409 27.000000 21.000000 0.01853799999999999892
410 21.000000 18.000000 0.02121400000000000022
411 31.000000 26.000000 0.02022799999999999945
412 31.000000 25.000000 0.02392400000000000082
413 31.000000 23.000000 0.02179899999999999893
414 32.000000 26.000000 0.02377500000000000099
415 34.000000 26.000000 0.02189999999999999933
416 25.000000 20.000000 0.01677000000000000018
417 27.000000 21.000000 0.01875500000000000084
418 21.000000 18.000000 0.02102300000000000002
419 27.000000 21.000000 0.01794300000000000062
420 32.000000 24.000000 0.02068800000000000153
