1 52.000000 36.000000 0.31191299999999999581
2 66.000000 44.000000 0.10985499999999999432
3 57.000000 41.000000 0.12370299999999999352
4 46.000000 38.000000 0.08908699999999999952
5 48.000000 36.000000 0.18264400000000000079
6 61.000000 45.000000 0.05688599999999999907
7 44.000000 33.000000 0.11875900000000000345
8 39.000000 34.000000 0.05172199999999999714
9 47.000000 38.000000 0.10112799999999999567
10 47.000000 38.000000 0.06862300000000000344
11 52.000000 38.000000 0.07362900000000000000
12 44.000000 37.000000 0.05898899999999999977
13 51.000000 38.000000 0.05689899999999999819
14 42.000000 33.000000 0.04186900000000000344
15 50.000000 40.000000 0.04141199999999999742
16 41.000000 35.000000 0.04976200000000000068
17 48.000000 41.000000 0.04571700000000000069
18 52.000000 42.000000 0.06114599999999999896
19 47.000000 37.000000 0.04885099999999999859
20 40.000000 34.000000 0.05324700000000000266
21 71.000000 49.000000 0.14531399999999999872
22 64.000000 43.000000 0.12531400000000000872
23 58.000000 41.000000 0.05185399999999999732
24 56.000000 40.000000 0.04864799999999999680
25 48.000000 39.000000 0.04946799999999999808
26 44.000000 32.000000 0.11130500000000000116
27 47.000000 35.000000 0.06029099999999999737
28 41.000000 34.000000 0.08317900000000000293
29 51.000000 39.000000 0.10642999999999999683
30 63.000000 51.000000 0.04904900000000000232
31 56.000000 41.000000 0.05459699999999999970
32 61.000000 41.000000 0.08913200000000000289
33 59.000000 49.000000 0.10349700000000000566
34 51.000000 38.000000 0.13543800000000000283
35 77.000000 56.000000 0.04553399999999999809
36 44.000000 34.000000 0.04653499999999999998
37 51.000000 45.000000 0.04528900000000000287
38 39.000000 33.000000 0.05528700000000000281
39 40.000000 31.000000 0.04743700000000000000
40 60.000000 42.000000 0.07280599999999999572
41 55.000000 44.000000 0.05746300000000000019
42 55.000000 41.000000 0.05231600000000000139
43 69.000000 48.000000 0.05251499999999999918
44 70.000000 50.000000 0.05716299999999999853
45 57.000000 45.000000 0.05193699999999999706
46 65.000000 50.000000 0.16784299999999999220
47 69.000000 47.000000 0.04865799999999999986
48 57.000000 42.000000 0.12071300000000000086
49 59.000000 49.000000 0.06167899999999999772
50 69.000000 50.000000 0.04976099999999999968
51 65.000000 49.000000 0.05420699999999999824
52 52.000000 39.000000 0.05708499999999999686
53 28.000000 26.000000 0.06343899999999999539
54 66.000000 49.000000 0.05797100000000000170
55 52.000000 39.000000 0.07180999999999999883
56 51.000000 41.000000 0.06371699999999999586
57 49.000000 38.000000 0.05957400000000000195
58 66.000000 49.000000 0.11318400000000000682
59 57.000000 41.000000 0.10967599999999999572
60 47.000000 39.000000 0.04898399999999999976
61 61.000000 47.000000 0.06201399999999999968
62 55.000000 44.000000 0.08799999999999999489
63 57.000000 44.000000 0.03708399999999999891
64 60.000000 44.000000 0.06650499999999999468
65 47.000000 37.000000 0.11534800000000000608
66 58.000000 44.000000 0.09131000000000000227
67 65.000000 48.000000 0.04888100000000000084
68 41.000000 34.000000 0.10975699999999999346
69 65.000000 48.000000 0.05195199999999999818
70 58.000000 44.000000 0.06845999999999999308
71 45.000000 37.000000 0.09585200000000000664
72 49.000000 37.000000 0.03872699999999999754
73 57.000000 42.000000 0.05310000000000000137
74 51.000000 39.000000 0.08453900000000000303
75 45.000000 37.000000 0.14657800000000001384
76 62.000000 50.000000 0.06039599999999999830
77 63.000000 50.000000 0.07516200000000000658
78 53.000000 40.000000 0.06782900000000000040
79 74.000000 54.000000 0.10117299999999999904
80 69.000000 52.000000 0.08972299999999999720
81 64.000000 46.000000 0.06597899999999999598
82 71.000000 51.000000 0.09283399999999999985
83 70.000000 51.000000 0.05598700000000000204
84 54.000000 42.000000 0.11146399999999999364
85 32.000000 29.000000 0.11045199999999999463
86 63.000000 45.000000 0.10634000000000000397
87 63.000000 42.000000 0.09390099999999999836
88 49.000000 34.000000 0.12060200000000000087
89 44.000000 32.000000 0.13467599999999999016
90 58.000000 39.000000 0.06443500000000000616
91 55.000000 42.000000 0.04886599999999999971
92 38.000000 29.000000 0.17687800000000000744
93 47.000000 42.000000 0.08591100000000000125
94 61.000000 44.000000 0.07017800000000000427
95 57.000000 46.000000 0.10557700000000000418
96 42.000000 33.000000 0.10918600000000000527
97 65.000000 48.000000 0.13241900000000000892
98 56.000000 43.000000 0.09878000000000000669
99 71.000000 50.000000 0.10583299999999999652
100 42.000000 32.000000 0.10216699999999999393
101 63.000000 45.000000 0.11216700000000000281
102 55.000000 44.000000 0.11519000000000000072
103 45.000000 34.000000 0.12692899999999998628
104 54.000000 44.000000 0.10517799999999999372
105 46.000000 39.000000 0.11947099999999999387
106 39.000000 30.000000 0.07909199999999999564
107 59.000000 40.000000 0.12915699999999999403
108 39.000000 35.000000 0.11436699999999999644
109 55.000000 41.000000 0.07799999999999999989
110 48.000000 36.000000 0.09283199999999999785
111 57.000000 46.000000 0.07499599999999999322
112 45.000000 35.000000 0.10439900000000000568
113 59.000000 46.000000 0.09282999999999999585
114 50.000000 39.000000 0.10050299999999999512
115 48.000000 37.000000 0.05198500000000000343
116 40.000000 32.000000 0.05972899999999999737
117 74.000000 52.000000 0.07967899999999999983
118 54.000000 44.000000 0.05304600000000000287
119 59.000000 41.000000 0.09273299999999999599
120 47.000000 37.000000 0.05774300000000000266
121 63.000000 43.000000 0.05621099999999999708
122 52.000000 42.000000 0.06689000000000000501
123 72.000000 55.000000 0.09244399999999999840
124 65.000000 48.000000 0.04378300000000000247
125 45.000000 36.000000 0.05207400000000000223
126 65.000000 47.000000 0.04357400000000000162
127 65.000000 51.000000 0.05358299999999999869
128 61.000000 48.000000 0.06914299999999999613
129 50.000000 40.000000 0.05637600000000000250
130 55.000000 41.000000 0.06892199999999999716
131 66.000000 47.000000 0.05278599999999999959
132 51.000000 40.000000 0.05120299999999999851
133 73.000000 54.000000 0.05816500000000000142
134 66.000000 43.000000 0.06578199999999999326
135 54.000000 38.000000 0.04659200000000000147
136 29.000000 23.000000 0.09960399999999999809
137 55.000000 42.000000 0.05926200000000000218
138 62.000000 48.000000 0.06384700000000000097
139 42.000000 33.000000 0.08781799999999999329
140 63.000000 43.000000 0.04168499999999999983
141 50.000000 42.000000 0.03412799999999999861
142 74.000000 49.000000 0.10120200000000000029
143 72.000000 56.000000 0.06154099999999999848
144 55.000000 43.000000 0.04798800000000000288
145 58.000000 44.000000 0.05641700000000000187
146 83.000000 53.000000 0.07937099999999999711
147 50.000000 38.000000 0.07569499999999999840
148 37.000000 30.000000 0.08400100000000000622
149 36.000000 31.000000 0.03840099999999999764
150 61.000000 48.000000 0.05401399999999999951
151 58.000000 44.000000 0.05889699999999999797
152 46.000000 40.000000 0.05186199999999999838
153 58.000000 46.000000 0.10590499999999999914
154 72.000000 53.000000 0.04901200000000000001
155 48.000000 36.000000 0.04815599999999999742
156 41.000000 30.000000 0.08983399999999999719
157 51.000000 41.000000 0.05367700000000000249
158 35.000000 30.000000 0.05905400000000000232
159 55.000000 44.000000 0.05958700000000000108
160 61.000000 45.000000 0.08881400000000000405
161 71.000000 49.000000 0.15312500000000001110
162 45.000000 34.000000 0.07197499999999999731
163 48.000000 35.000000 0.19792899999999999383
164 44.000000 35.000000 0.14774499999999998745
165 52.000000 42.000000 0.09534700000000000120
166 66.000000 49.000000 0.05383500000000000091
167 44.000000 33.000000 0.04487100000000000116
168 64.000000 48.000000 0.05283500000000000002
169 49.000000 38.000000 0.05257699999999999874
170 65.000000 43.000000 0.04955699999999999689
171 37.000000 30.000000 0.11316400000000000070
172 37.000000 31.000000 0.08586199999999999388
173 50.000000 40.000000 0.06229400000000000215
174 43.000000 36.000000 0.04804699999999999943
175 45.000000 34.000000 0.04709100000000000091
176 50.000000 41.000000 0.05117599999999999927
177 34.000000 28.000000 0.05419299999999999812
178 51.000000 40.000000 0.05062599999999999739
179 42.000000 35.000000 0.05528000000000000275
180 57.000000 43.000000 0.04947300000000000308
181 48.000000 37.000000 0.04884499999999999953
182 39.000000 33.000000 0.04528700000000000087
183 55.000000 41.000000 0.05632199999999999707
184 54.000000 42.000000 0.04346799999999999969
185 58.000000 45.000000 0.05575200000000000294
186 53.000000 41.000000 0.06680700000000000527
187 54.000000 42.000000 0.12062199999999999311
188 42.000000 31.000000 0.04362100000000000005
189 52.000000 41.000000 0.05065800000000000164
190 59.000000 47.000000 0.05534100000000000130
191 49.000000 36.000000 0.03632300000000000112
192 38.000000 32.000000 0.05089400000000000174
193 76.000000 48.000000 0.04477099999999999830
194 63.000000 46.000000 0.05399199999999999833
195 52.000000 44.000000 0.05726099999999999940
196 49.000000 40.000000 0.05260599999999999998
197 67.000000 47.000000 0.08934999999999999887
198 51.000000 39.000000 0.05119300000000000239
199 56.000000 42.000000 0.07917200000000000626
200 55.000000 45.000000 0.04585000000000000187
201 69.000000 53.000000 0.03910099999999999687
202 47.000000 37.000000 0.05838000000000000134
203 79.000000 53.000000 0.05501400000000000040
204 44.000000 33.000000 0.06035299999999999693
205 40.000000 34.000000 0.04749199999999999949
206 64.000000 45.000000 0.04807800000000000268
207 72.000000 56.000000 0.07341499999999999415
208 38.000000 34.000000 0.04413199999999999762
209 45.000000 36.000000 0.08607399999999999773
210 60.000000 46.000000 0.04054800000000000071
211 56.000000 40.000000 0.04826699999999999741
212 31.000000 26.000000 0.05578299999999999925
213 60.000000 45.000000 0.04994400000000000228
214 62.000000 42.000000 0.05923500000000000293
215 53.000000 39.000000 0.05238899999999999807
216 40.000000 31.000000 0.09579600000000000615
217 67.000000 47.000000 0.11314899999999999958
218 69.000000 53.000000 0.06414999999999999869
219 41.000000 35.000000 0.04472700000000000287
220 46.000000 36.000000 0.07603000000000000036
221 54.000000 39.000000 0.04911399999999999794
222 55.000000 43.000000 0.05331999999999999934
223 72.000000 52.000000 0.10483900000000000163
224 48.000000 34.000000 0.05139400000000000218
225 57.000000 40.000000 0.04074400000000000244
226 45.000000 39.000000 0.06214599999999999985
227 54.000000 39.000000 0.05767100000000000004
228 42.000000 32.000000 0.05610500000000000209
229 37.000000 29.000000 0.05108200000000000240
230 51.000000 39.000000 0.07420999999999999819
231 52.000000 38.000000 0.03729500000000000176
232 49.000000 39.000000 0.04984600000000000142
233 68.000000 50.000000 0.02885100000000000164
234 52.000000 42.000000 0.04096600000000000241
235 48.000000 35.000000 0.05816400000000000042
236 51.000000 43.000000 0.04876899999999999985
237 44.000000 35.000000 0.05150899999999999923
238 36.000000 32.000000 0.04881800000000000028
239 52.000000 41.000000 0.04707499999999999879
240 51.000000 40.000000 0.09022900000000000365
241 64.000000 48.000000 0.04157999999999999891
242 58.000000 41.000000 0.03510499999999999732
243 48.000000 38.000000 0.04729699999999999876
244 60.000000 45.000000 0.04479299999999999948
245 70.000000 49.000000 0.06600499999999999423
246 52.000000 38.000000 0.04352500000000000119
247 62.000000 48.000000 0.06393300000000000372
248 46.000000 39.000000 0.04972200000000000231
249 53.000000 42.000000 0.05099200000000000260
250 47.000000 35.000000 0.09072900000000000409
251 51.000000 41.000000 0.10489999999999999325
252 61.000000 44.000000 0.05217800000000000216
253 60.000000 42.000000 0.12265299999999999814
254 54.000000 42.000000 0.04039100000000000329
255 50.000000 40.000000 0.05061299999999999827
256 46.000000 35.000000 0.04925500000000000017
257 51.000000 38.000000 0.04655600000000000016
258 65.000000 46.000000 0.04376100000000000129
259 55.000000 44.000000 0.04950500000000000039
260 51.000000 39.000000 0.07331899999999999529
261 49.000000 34.000000 0.09436600000000000543
262 55.000000 43.000000 0.04166999999999999871
263 59.000000 44.000000 0.04177399999999999863
264 56.000000 42.000000 0.10029000000000000414
265 66.000000 50.000000 0.07137400000000000688
266 48.000000 36.000000 0.06570600000000000052
267 45.000000 34.000000 0.12811500000000000665
268 40.000000 29.000000 0.04582200000000000162
269 59.000000 42.000000 0.08213900000000000368
270 75.000000 48.000000 0.04329000000000000209
271 59.000000 45.000000 0.04321900000000000047
272 68.000000 51.000000 0.08777500000000000580
273 38.000000 32.000000 0.08371900000000000175
274 42.000000 36.000000 0.04411199999999999843
275 61.000000 44.000000 0.05102999999999999897
276 57.000000 41.000000 0.07272499999999999798
277 48.000000 39.000000 0.07141000000000000125
278 48.000000 38.000000 0.05353399999999999825
279 48.000000 39.000000 0.05057699999999999696
280 65.000000 46.000000 0.08260599999999999887
281 61.000000 45.000000 0.03917899999999999855
282 60.000000 44.000000 0.03230700000000000238
283 60.000000 46.000000 0.05717599999999999766
284 56.000000 39.000000 0.05461200000000000082
285 45.000000 33.000000 0.03699999999999999817
286 62.000000 46.000000 0.06044800000000000173
287 65.000000 51.000000 0.04173000000000000320
288 57.000000 43.000000 0.03887999999999999790
289 39.000000 34.000000 0.05746600000000000319
290 56.000000 41.000000 0.05091299999999999992
291 73.000000 46.000000 0.08738200000000000134
292 46.000000 37.000000 0.03835500000000000020
293 56.000000 42.000000 0.04448099999999999971
294 63.000000 47.000000 0.06676899999999999502
295 68.000000 48.000000 0.04422000000000000236
296 51.000000 41.000000 0.05060599999999999821
297 71.000000 50.000000 0.06259099999999999386
298 58.000000 47.000000 0.04987599999999999673
299 57.000000 42.000000 0.05178200000000000164
300 55.000000 42.000000 0.08150100000000000400
301 44.000000 32.000000 0.05300900000000000056
302 69.000000 48.000000 0.05660799999999999860
303 59.000000 43.000000 0.04570400000000000157
304 65.000000 46.000000 0.11209500000000000020
305 59.000000 44.000000 0.05111000000000000265
306 67.000000 48.000000 0.08699700000000000488
307 63.000000 48.000000 0.06332100000000000228
308 49.000000 38.000000 0.07396600000000000397
309 53.000000 42.000000 0.05007999999999999952
310 45.000000 37.000000 0.04973199999999999843
311 63.000000 43.000000 0.05459499999999999770
312 48.000000 35.000000 0.05162599999999999828
313 41.000000 35.000000 0.05050400000000000028
314 55.000000 39.000000 0.04519600000000000006
315 55.000000 45.000000 0.04721700000000000202
316 41.000000 30.000000 0.05726900000000000046
317 50.000000 38.000000 0.06832199999999999385
318 42.000000 37.000000 0.13377000000000000002
319 44.000000 35.000000 0.11818700000000000039
320 41.000000 34.000000 0.04717600000000000265
321 57.000000 40.000000 0.06542800000000000005
322 64.000000 46.000000 0.04077499999999999875
323 68.000000 50.000000 0.05219499999999999834
324 63.000000 47.000000 0.06991799999999999404
325 33.000000 30.000000 0.05755500000000000199
326 63.000000 46.000000 0.05954700000000000271
327 48.000000 36.000000 0.06053100000000000147
328 53.000000 43.000000 0.05703500000000000236
329 67.000000 45.000000 0.11633100000000000385
330 56.000000 44.000000 0.05076399999999999663
331 42.000000 33.000000 0.05518800000000000094
332 69.000000 51.000000 0.08929499999999999937
333 54.000000 41.000000 0.05304500000000000187
334 50.000000 39.000000 0.05508600000000000302
335 34.000000 26.000000 0.09699800000000000089
336 55.000000 41.000000 0.06829599999999999560
337 50.000000 40.000000 0.04348400000000000182
338 47.000000 36.000000 0.04760899999999999854
339 46.000000 34.000000 0.05224299999999999777
340 69.000000 52.000000 0.04771600000000000147
341 67.000000 48.000000 0.07281100000000000072
342 55.000000 44.000000 0.03449200000000000182
343 46.000000 37.000000 0.05206000000000000211
344 58.000000 43.000000 0.10402599999999999347
345 50.000000 39.000000 0.04053699999999999665
346 49.000000 37.000000 0.04030000000000000249
347 49.000000 39.000000 0.05283999999999999808
348 46.000000 38.000000 0.04587399999999999811
349 47.000000 35.000000 0.05814600000000000324
350 57.000000 42.000000 0.04529500000000000193
351 65.000000 48.000000 0.11805200000000000415
352 53.000000 39.000000 0.04488199999999999829
353 51.000000 40.000000 0.05243899999999999950
354 71.000000 49.000000 0.11509099999999999886
355 45.000000 37.000000 0.10609699999999999687
356 47.000000 35.000000 0.04910500000000000281
357 39.000000 31.000000 0.06518699999999999495
358 54.000000 40.000000 0.04540199999999999791
359 44.000000 34.000000 0.04753199999999999786
360 50.000000 38.000000 0.04616900000000000170
361 62.000000 46.000000 0.03907399999999999762
362 49.000000 33.000000 0.03517399999999999693
363 67.000000 46.000000 0.05407100000000000101
364 53.000000 40.000000 0.05754999999999999699
365 65.000000 47.000000 0.03494900000000000090
366 48.000000 40.000000 0.05630999999999999894
367 57.000000 41.000000 0.04329999999999999821
368 57.000000 38.000000 0.04549399999999999972
369 49.000000 40.000000 0.07081600000000000394
370 74.000000 51.000000 0.07037799999999999612
371 53.000000 38.000000 0.06541700000000000292
372 47.000000 36.000000 0.06715300000000000435
373 48.000000 39.000000 0.06546000000000000429
374 62.000000 46.000000 0.13332199999999999607
375 42.000000 35.000000 0.05268199999999999966
376 42.000000 34.000000 0.07329199999999999604
377 55.000000 40.000000 0.07711999999999999411
378 61.000000 43.000000 0.05062599999999999739
379 74.000000 53.000000 0.07335400000000000253
380 39.000000 33.000000 0.06035399999999999793
381 57.000000 42.000000 0.08245399999999999952
382 75.000000 56.000000 0.04700300000000000311
383 52.000000 41.000000 0.07233000000000000540
384 50.000000 37.000000 0.07863699999999999857
385 51.000000 40.000000 0.06211599999999999761
386 45.000000 38.000000 0.08244899999999999451
387 47.000000 40.000000 0.03475899999999999823
388 66.000000 44.000000 0.04445299999999999946
389 51.000000 38.000000 0.07780600000000000016
390 60.000000 45.000000 0.03550799999999999790
391 63.000000 47.000000 0.09792499999999999816
392 57.000000 39.000000 0.04965800000000000075
393 49.000000 37.000000 0.05148099999999999898
394 55.000000 42.000000 0.06232399999999999746
395 59.000000 42.000000 0.05510199999999999820
396 61.000000 48.000000 0.04843100000000000183
397 59.000000 43.000000 0.05874100000000000155
398 68.000000 48.000000 0.04561199999999999977
399 59.000000 42.000000 0.04031900000000000067
400 40.000000 36.000000 0.04319699999999999929
401 52.000000 40.000000 0.04724899999999999933
402 60.000000 43.000000 0.04436400000000000066
403 64.000000 48.000000 0.07905600000000000127
404 43.000000 35.000000 0.05221699999999999953
405 55.000000 41.000000 0.04818599999999999967
406 50.000000 36.000000 0.04333499999999999852
407 79.000000 51.000000 0.04788699999999999901
408 57.000000 40.000000 0.04992599999999999816
409 67.000000 46.000000 0.10283000000000000473
410 44.000000 35.000000 0.10663400000000000656
411 42.000000 32.000000 0.04789000000000000201
412 47.000000 35.000000 0.10295899999999999497
413 66.000000 50.000000 0.06658400000000000429
414 39.000000 30.000000 0.04707000000000000073
415 40.000000 35.000000 0.06562400000000000178
416 64.000000 44.000000 0.04771399999999999947
417 68.000000 47.000000 0.03596300000000000191
418 67.000000 48.000000 0.05900999999999999995
419 44.000000 33.000000 0.03926799999999999735
420 50.000000 42.000000 0.04940800000000000053
