1 101.000000 71.000000 0.55963099999999998957
2 91.000000 79.000000 0.31596600000000002462
3 117.000000 92.000000 0.18023800000000000932
4 120.000000 89.000000 0.20129900000000000571
5 82.000000 64.000000 0.19102199999999999736
6 91.000000 66.000000 0.39015899999999997805
7 134.000000 95.000000 0.11127299999999999691
8 131.000000 94.000000 0.37043500000000001426
9 121.000000 85.000000 0.52192799999999994753
10 120.000000 81.000000 0.43904599999999999183
11 149.000000 98.000000 0.29284900000000002596
12 109.000000 74.000000 0.28725200000000000733
13 85.000000 60.000000 0.22534799999999999276
14 103.000000 85.000000 0.18679200000000001358
15 74.000000 59.000000 0.18787100000000001021
16 89.000000 67.000000 0.14895500000000000407
17 85.000000 69.000000 0.45440799999999997860
18 59.000000 47.000000 0.22282899999999999929
19 97.000000 74.000000 0.19910300000000000220
20 98.000000 74.000000 0.56194999999999994955
21 123.000000 92.000000 0.21074799999999999089
22 143.000000 98.000000 0.14881500000000000283
23 121.000000 91.000000 0.29293999999999997819
24 150.000000 98.000000 0.16600799999999998890
25 95.000000 68.000000 0.23083100000000000840
26 97.000000 70.000000 0.35053400000000001224
27 101.000000 78.000000 0.25089299999999997715
28 116.000000 78.000000 0.19518499999999999739
29 110.000000 79.000000 0.15665499999999998870
30 136.000000 100.000000 0.16367000000000000992
31 98.000000 67.000000 0.17396200000000000552
32 141.000000 102.000000 0.19370999999999999330
33 106.000000 81.000000 0.15258299999999999641
34 122.000000 84.000000 0.24639600000000000390
35 132.000000 94.000000 0.22414100000000000690
36 105.000000 74.000000 0.19351999999999999758
37 124.000000 95.000000 0.11760199999999999820
38 102.000000 78.000000 0.15169699999999999851
39 97.000000 75.000000 0.24884800000000001363
40 151.000000 99.000000 0.13432299999999999796
41 105.000000 77.000000 0.16156599999999998740
42 111.000000 86.000000 0.24326100000000000501
43 112.000000 83.000000 0.25144699999999997608
44 128.000000 98.000000 0.26163799999999998169
45 101.000000 82.000000 0.17533599999999999186
46 105.000000 75.000000 0.37932900000000002727
47 113.000000 74.000000 0.30448900000000000965
48 120.000000 87.000000 0.35337400000000002143
49 83.000000 63.000000 0.32006699999999999040
50 112.000000 84.000000 0.43421999999999999487
51 97.000000 75.000000 0.15807499999999999329
52 134.000000 100.000000 0.31623699999999999033
53 102.000000 76.000000 0.32044200000000000461
54 113.000000 82.000000 0.29223500000000002252
55 95.000000 75.000000 0.23161599999999998856
56 96.000000 69.000000 0.26602599999999998470
57 121.000000 93.000000 0.21223700000000000898
58 88.000000 67.000000 0.18012900000000001133
59 118.000000 87.000000 0.12231699999999999517
60 137.000000 94.000000 0.23873099999999999876
61 127.000000 92.000000 0.41912599999999999856
62 120.000000 83.000000 0.36267700000000002714
63 107.000000 78.000000 0.35535299999999997445
64 120.000000 85.000000 0.19769600000000001061
65 106.000000 78.000000 0.15703100000000000391
66 154.000000 102.000000 0.21126600000000000934
67 79.000000 60.000000 0.34193200000000001371
68 100.000000 72.000000 0.22453100000000000835
69 105.000000 77.000000 0.22960400000000000253
70 132.000000 88.000000 0.19680000000000000271
71 129.000000 93.000000 0.44905699999999998395
72 94.000000 72.000000 0.22179999999999999716
73 128.000000 92.000000 0.12442699999999999594
74 63.000000 50.000000 0.22325100000000000500
75 119.000000 81.000000 0.46804499999999998883
76 112.000000 80.000000 0.19243499999999999495
77 110.000000 82.000000 0.28119300000000002626
78 96.000000 72.000000 0.24858199999999999741
79 144.000000 101.000000 0.32935399999999998011
80 82.000000 67.000000 0.26441900000000001514
81 89.000000 75.000000 0.18186399999999999788
82 140.000000 99.000000 0.26277699999999998282
83 92.000000 65.000000 0.25454300000000001925
84 117.000000 83.000000 0.18520400000000000751
85 120.000000 86.000000 0.22730900000000001104
86 81.000000 65.000000 0.14887200000000000433
87 94.000000 76.000000 0.18166599999999999415
88 114.000000 91.000000 0.24574099999999998722
89 96.000000 68.000000 0.25304599999999999316
90 110.000000 77.000000 0.25121100000000001762
91 81.000000 60.000000 0.39043699999999997852
92 122.000000 93.000000 0.15208299999999999597
93 83.000000 63.000000 0.19588900000000000756
94 121.000000 86.000000 0.35852000000000000535
95 116.000000 85.000000 0.16608800000000001340
96 109.000000 79.000000 0.27806799999999998185
97 103.000000 72.000000 0.77461100000000004950
98 127.000000 89.000000 0.28777500000000000302
99 118.000000 85.000000 0.18968699999999999450
100 126.000000 84.000000 0.14149999999999998690
101 82.000000 59.000000 0.20344200000000001172
102 102.000000 75.000000 0.38196999999999997621
103 117.000000 84.000000 0.33492300000000002624
104 92.000000 68.000000 0.31499399999999999622
105 91.000000 64.000000 0.31016199999999999326
106 111.000000 76.000000 0.19853000000000001202
107 112.000000 82.000000 0.17410800000000001275
108 93.000000 70.000000 0.18711600000000000454
109 101.000000 84.000000 0.20013000000000000234
110 86.000000 67.000000 0.22597500000000000919
111 110.000000 85.000000 0.20811599999999999544
112 144.000000 100.000000 0.25379000000000001558
113 129.000000 90.000000 0.22933300000000000907
114 113.000000 83.000000 0.20996400000000001174
115 119.000000 84.000000 0.19936499999999998667
116 95.000000 73.000000 0.16637699999999999712
117 158.000000 104.000000 0.20844799999999999440
118 114.000000 79.000000 0.22302900000000000502
119 130.000000 102.000000 0.22136500000000000621
120 105.000000 84.000000 0.09601600000000000412
121 129.000000 90.000000 0.18111099999999999421
122 108.000000 82.000000 0.17519899999999999363
123 106.000000 79.000000 0.22355400000000000271
124 101.000000 74.000000 0.15327399999999999358
125 122.000000 86.000000 0.22062000000000001054
126 115.000000 87.000000 0.14039699999999999402
127 87.000000 71.000000 0.18191399999999999237
128 146.000000 103.000000 0.21258499999999999619
129 93.000000 68.000000 0.21841299999999999604
130 120.000000 93.000000 0.24424399999999998889
131 121.000000 89.000000 0.22011900000000000910
132 148.000000 103.000000 0.58145199999999996887
133 97.000000 73.000000 0.33572899999999999965
134 90.000000 69.000000 0.14729800000000001226
135 108.000000 76.000000 0.15632799999999999474
136 72.000000 53.000000 0.14852299999999998836
137 135.000000 95.000000 0.20323199999999999599
138 107.000000 75.000000 0.24792000000000000148
139 133.000000 90.000000 0.23922599999999999421
140 135.000000 91.000000 0.35888900000000001356
141 121.000000 90.000000 0.43283700000000002728
142 110.000000 84.000000 0.18143400000000001193
143 114.000000 84.000000 0.23226900000000000324
144 98.000000 77.000000 0.25854300000000002280
145 84.000000 64.000000 0.16463200000000000056
146 127.000000 91.000000 0.26780500000000001526
147 109.000000 78.000000 0.20476400000000000157
148 86.000000 72.000000 0.23783000000000001362
149 117.000000 84.000000 0.29002400000000000402
150 83.000000 62.000000 0.18100099999999999523
151 115.000000 82.000000 0.17965700000000001113
152 107.000000 80.000000 0.19218899999999999872
153 152.000000 107.000000 0.09552099999999999480
154 118.000000 84.000000 0.22151799999999999269
155 100.000000 76.000000 0.20596999999999998643
156 89.000000 62.000000 0.39305600000000001648
157 95.000000 68.000000 0.22633300000000000640
158 88.000000 65.000000 0.16778499999999998971
159 120.000000 94.000000 0.17435100000000000597
160 102.000000 75.000000 0.32273000000000001686
161 116.000000 80.000000 0.09327699999999999880
162 116.000000 83.000000 0.25484000000000001096
163 86.000000 62.000000 0.14537200000000000122
164 119.000000 91.000000 0.34169599999999999973
165 108.000000 81.000000 0.14397099999999998787
166 89.000000 69.000000 0.15063199999999998813
167 126.000000 89.000000 0.26684799999999997411
168 88.000000 66.000000 0.25579200000000001936
169 125.000000 93.000000 0.19398199999999998777
170 114.000000 84.000000 0.14357100000000000417
171 98.000000 72.000000 0.20468100000000000183
172 91.000000 68.000000 0.18943999999999999728
173 135.000000 95.000000 0.17748900000000000787
174 108.000000 79.000000 0.26100400000000001377
175 74.000000 60.000000 0.18426100000000000811
176 102.000000 74.000000 0.30315999999999998504
177 66.000000 54.000000 0.33044099999999998474
178 119.000000 82.000000 0.15864900000000001223
179 109.000000 79.000000 0.23177900000000001279
180 111.000000 82.000000 0.12825900000000001189
181 103.000000 76.000000 0.15789600000000000857
182 110.000000 76.000000 0.15675900000000000944
183 112.000000 85.000000 0.14808399999999999341
184 123.000000 88.000000 0.33530799999999999494
185 123.000000 91.000000 0.18423000000000000487
186 117.000000 87.000000 0.12593599999999999239
187 101.000000 69.000000 0.17009699999999999820
188 86.000000 71.000000 0.16150999999999998691
189 89.000000 70.000000 0.14621000000000000663
190 116.000000 81.000000 0.15162500000000000977
191 116.000000 87.000000 0.39041700000000001403
192 88.000000 63.000000 0.24896099999999998786
193 106.000000 79.000000 0.12247800000000000353
194 99.000000 70.000000 0.19699900000000000744
195 91.000000 68.000000 0.20500499999999999279
196 103.000000 76.000000 0.22009100000000000885
197 120.000000 88.000000 0.13500300000000001188
198 79.000000 61.000000 0.29764800000000002367
199 107.000000 81.000000 0.25699199999999999822
200 100.000000 70.000000 0.19820599999999999330
201 64.000000 51.000000 0.27296100000000000918
202 73.000000 58.000000 0.23302800000000001290
203 133.000000 91.000000 0.33933400000000002450
204 147.000000 108.000000 0.15755600000000000160
205 130.000000 95.000000 0.16253000000000000780
206 144.000000 107.000000 0.19985200000000000187
207 80.000000 70.000000 0.13249400000000000066
208 119.000000 86.000000 0.15179100000000000925
209 80.000000 62.000000 0.32201699999999999768
210 111.000000 83.000000 0.31937199999999998923
211 131.000000 91.000000 0.20721400000000000929
212 130.000000 86.000000 0.24995800000000001351
213 104.000000 79.000000 0.27432200000000001028
214 88.000000 70.000000 0.41560999999999997945
215 123.000000 91.000000 0.15878000000000000447
216 114.000000 84.000000 0.19061500000000000665
217 95.000000 71.000000 0.13467399999999998816
218 136.000000 93.000000 0.22284499999999998754
219 130.000000 97.000000 0.21918599999999999195
220 82.000000 66.000000 0.21520700000000000940
221 89.000000 64.000000 0.23778699999999999837
222 111.000000 82.000000 0.33877499999999999281
223 95.000000 73.000000 0.24680799999999999961
224 145.000000 99.000000 0.15595400000000000929
225 111.000000 79.000000 0.22156400000000001094
226 95.000000 71.000000 0.37958999999999998298
227 67.000000 57.000000 0.19365399999999999281
228 92.000000 71.000000 0.29626299999999999857
229 132.000000 94.000000 0.16824500000000000566
230 102.000000 75.000000 0.21954899999999999416
231 123.000000 88.000000 0.25572099999999997610
232 136.000000 95.000000 0.21148400000000000531
233 85.000000 67.000000 0.51084399999999996478
234 139.000000 101.000000 0.16086300000000000598
235 87.000000 68.000000 0.14856099999999999861
236 113.000000 81.000000 0.27380399999999999183
237 108.000000 80.000000 0.17811199999999999255
238 114.000000 79.000000 0.22306400000000001227
239 104.000000 81.000000 0.25515500000000002068
240 78.000000 64.000000 0.22530300000000000327
241 128.000000 95.000000 0.31661000000000000254
242 154.000000 102.000000 0.30742300000000000182
243 103.000000 78.000000 0.16242000000000000881
244 110.000000 81.000000 0.15779699999999999283
245 95.000000 65.000000 0.22433600000000000763
246 126.000000 90.000000 0.37393900000000002137
247 121.000000 88.000000 0.27835100000000001508
248 136.000000 94.000000 0.12949499999999999900
249 110.000000 79.000000 0.12957199999999999274
250 66.000000 56.000000 0.22009300000000001085
251 94.000000 76.000000 0.18698000000000000731
252 80.000000 64.000000 0.22497500000000000830
253 108.000000 74.000000 0.30513699999999999157
254 98.000000 77.000000 0.22408200000000000340
255 120.000000 82.000000 0.22695000000000001283
256 109.000000 77.000000 0.16394300000000000539
257 115.000000 92.000000 0.24427499999999999214
258 111.000000 87.000000 0.13728599999999999137
259 94.000000 79.000000 0.22423000000000001264
260 117.000000 86.000000 0.20430799999999998962
261 130.000000 84.000000 0.33336999999999999966
262 108.000000 84.000000 0.30329400000000000803
263 106.000000 76.000000 0.26656299999999999439
264 116.000000 91.000000 0.18144099999999999118
265 117.000000 83.000000 0.22525500000000001077
266 92.000000 75.000000 0.11834400000000000475
267 66.000000 49.000000 0.26897300000000001763
268 93.000000 67.000000 0.17397999999999999576
269 116.000000 86.000000 0.17351700000000000457
270 93.000000 72.000000 0.21371699999999999031
271 100.000000 72.000000 0.14150699999999999390
272 105.000000 75.000000 0.22781799999999999273
273 87.000000 62.000000 0.24907000000000001361
274 126.000000 89.000000 0.13658200000000000895
275 118.000000 85.000000 0.29477799999999998448
276 86.000000 64.000000 0.13668500000000000094
277 99.000000 76.000000 0.24337400000000000699
278 122.000000 89.000000 0.17204099999999999948
279 96.000000 68.000000 0.19843800000000000328
280 125.000000 87.000000 0.17575999999999999956
281 112.000000 81.000000 0.19302900000000000613
282 109.000000 80.000000 0.31304199999999998694
283 82.000000 62.000000 0.23824000000000000732
284 95.000000 70.000000 0.20709099999999999731
285 167.000000 113.000000 0.43982100000000001749
286 108.000000 84.000000 0.15322600000000000109
287 99.000000 68.000000 0.20983299999999999175
288 124.000000 91.000000 0.19615399999999999503
289 146.000000 101.000000 0.18032100000000000906
290 109.000000 75.000000 0.23347899999999999210
291 133.000000 101.000000 0.23242699999999999472
292 103.000000 80.000000 0.17261599999999999167
293 110.000000 83.000000 0.17222899999999999321
294 121.000000 90.000000 0.16237499999999999156
295 105.000000 78.000000 0.27164199999999999458
296 124.000000 89.000000 0.42292499999999999538
297 114.000000 84.000000 0.15200600000000000223
298 71.000000 58.000000 0.14134800000000000142
299 69.000000 56.000000 0.34637499999999998845
300 126.000000 91.000000 0.23822399999999999132
301 141.000000 101.000000 0.21584300000000000708
302 88.000000 65.000000 0.19711300000000001043
303 88.000000 60.000000 0.22379699999999999593
304 145.000000 99.000000 0.20536999999999999700
305 96.000000 76.000000 0.17947599999999999665
306 69.000000 55.000000 0.31659500000000001529
307 104.000000 84.000000 0.16308400000000000674
308 159.000000 117.000000 0.42470599999999997243
309 183.000000 126.000000 0.15817899999999998628
310 130.000000 90.000000 0.32668000000000002592
311 127.000000 87.000000 0.18783800000000000496
312 91.000000 64.000000 0.25194699999999997653
313 107.000000 82.000000 0.21482999999999999319
314 78.000000 65.000000 0.24978400000000000603
315 104.000000 71.000000 0.31156400000000000761
316 63.000000 52.000000 0.22143699999999999495
317 114.000000 86.000000 0.12470000000000000528
318 112.000000 87.000000 0.31387300000000001310
319 96.000000 72.000000 0.21889200000000000323
320 73.000000 51.000000 0.25243500000000002048
321 122.000000 84.000000 0.24013799999999999035
322 83.000000 65.000000 0.44114999999999998659
323 132.000000 92.000000 0.16035900000000000154
324 116.000000 89.000000 0.19709899999999999642
325 102.000000 77.000000 0.19776199999999999335
326 85.000000 68.000000 0.25442500000000001226
327 188.000000 116.000000 0.11618100000000000649
328 109.000000 84.000000 0.17515800000000000813
329 121.000000 87.000000 0.23778399999999999537
330 66.000000 57.000000 0.21711700000000000443
331 107.000000 73.000000 0.26257200000000002760
332 117.000000 84.000000 0.27484999999999998321
333 160.000000 106.000000 0.25210300000000002152
334 85.000000 70.000000 0.15922800000000000842
335 68.000000 53.000000 0.20355699999999998795
336 101.000000 72.000000 0.23696800000000001196
337 143.000000 97.000000 0.25691100000000000048
338 123.000000 93.000000 0.22909399999999999209
339 145.000000 107.000000 0.16811799999999998967
340 57.000000 45.000000 0.21089800000000000213
341 72.000000 61.000000 0.16171299999999999564
342 82.000000 64.000000 0.18501600000000001378
343 74.000000 62.000000 0.26115300000000002401
344 106.000000 85.000000 0.13805000000000000604
345 111.000000 83.000000 0.14737100000000000199
346 140.000000 101.000000 0.19286700000000001065
347 95.000000 71.000000 0.14512100000000000000
348 109.000000 90.000000 0.10108200000000000518
349 93.000000 74.000000 0.15978999999999998760
350 116.000000 88.000000 0.17476800000000000668
351 122.000000 91.000000 0.18366199999999999193
352 91.000000 72.000000 0.18714600000000000679
353 117.000000 89.000000 0.39082000000000000073
354 111.000000 77.000000 0.25454100000000001724
355 123.000000 84.000000 0.20488400000000001056
356 73.000000 58.000000 0.15443999999999999395
357 113.000000 85.000000 0.17521500000000000963
358 76.000000 62.000000 0.21070300000000000140
359 123.000000 84.000000 0.25945699999999999319
360 120.000000 81.000000 0.17884700000000000597
361 123.000000 95.000000 0.14965800000000001324
362 106.000000 78.000000 0.19723599999999999466
363 96.000000 73.000000 0.19463400000000000145
364 87.000000 67.000000 0.16614399999999998614
365 117.000000 81.000000 0.42531700000000000061
366 132.000000 96.000000 0.17863200000000001300
367 94.000000 77.000000 0.14002200000000000757
368 111.000000 82.000000 0.17954000000000000514
369 103.000000 78.000000 0.22727200000000000180
370 142.000000 101.000000 0.22380700000000000593
371 116.000000 86.000000 0.18376200000000000867
372 91.000000 75.000000 0.19465799999999999770
373 136.000000 95.000000 0.20224700000000001010
374 125.000000 85.000000 0.19315599999999999437
375 158.000000 107.000000 0.14143000000000000016
376 108.000000 80.000000 0.12605700000000000238
377 96.000000 76.000000 0.19419300000000000450
378 99.000000 72.000000 0.19769300000000000761
379 109.000000 85.000000 0.17927199999999998692
380 106.000000 84.000000 0.18376999999999998892
381 131.000000 89.000000 0.16117100000000000870
382 99.000000 78.000000 0.11701599999999999502
383 101.000000 69.000000 0.23579400000000000359
384 113.000000 78.000000 0.20628299999999999415
385 120.000000 82.000000 0.15566599999999999882
386 85.000000 70.000000 0.19698299999999999144
387 105.000000 82.000000 0.16479099999999999304
388 134.000000 87.000000 0.18538699999999999624
389 155.000000 107.000000 0.14774100000000001121
390 106.000000 79.000000 0.19393299999999999428
391 98.000000 75.000000 0.19475999999999998868
392 117.000000 87.000000 0.26303399999999999004
393 142.000000 98.000000 0.22905900000000001260
394 111.000000 87.000000 0.21642900000000001026
395 126.000000 95.000000 0.13361200000000000854
396 122.000000 91.000000 0.41336699999999998445
397 94.000000 71.000000 0.15337300000000000932
398 142.000000 104.000000 0.12758800000000000696
399 58.000000 49.000000 0.23180100000000000704
400 111.000000 85.000000 0.22149499999999999744
401 111.000000 79.000000 0.17776100000000000234
402 122.000000 89.000000 0.36115099999999999980
403 98.000000 72.000000 0.18671699999999999409
404 107.000000 78.000000 0.29324200000000000266
405 99.000000 71.000000 0.15885399999999999521
406 114.000000 86.000000 0.40439000000000002721
407 77.000000 61.000000 0.34425200000000000244
408 113.000000 89.000000 0.35543099999999999694
409 108.000000 80.000000 0.23856199999999999628
410 139.000000 107.000000 0.12673400000000001331
411 87.000000 66.000000 0.24017499999999999960
412 118.000000 82.000000 0.23300799999999999290
413 130.000000 90.000000 0.29964000000000001744
414 76.000000 65.000000 0.27858899999999997554
415 74.000000 61.000000 0.22071799999999999753
416 131.000000 93.000000 0.21559600000000000986
417 139.000000 99.000000 0.17703699999999999992
418 92.000000 68.000000 0.28829399999999999471
419 98.000000 80.000000 0.15435299999999999021
420 125.000000 93.000000 0.16125999999999998669
