1 233.000000 182.000000 1.08401999999999998359
2 238.000000 174.000000 1.33817900000000000738
3 257.000000 174.000000 1.50385100000000004883
4 203.000000 145.000000 1.49453799999999992210
5 257.000000 181.000000 1.70212399999999997036
6 276.000000 188.000000 0.69625300000000001077
7 173.000000 127.000000 2.28489100000000000534
8 260.000000 185.000000 0.82291199999999997683
9 271.000000 204.000000 0.99050599999999999756
10 241.000000 169.000000 3.44733899999999993113
11 272.000000 195.000000 0.91237599999999996481
12 200.000000 139.000000 1.85114800000000001567
13 253.000000 185.000000 8.23093300000000027694
14 191.000000 149.000000 1.66794599999999992868
15 194.000000 139.000000 1.48647900000000010579
16 206.000000 154.000000 6.00199899999999963995
17 249.000000 179.000000 2.35041099999999980596
18 252.000000 185.000000 6.43469099999999993855
19 258.000000 186.000000 2.73590299999999997382
20 286.000000 202.000000 5.70829200000000014370
21 183.000000 136.000000 1.85970100000000004847
22 225.000000 163.000000 1.19042800000000004168
23 240.000000 167.000000 1.12648900000000007360
24 216.000000 163.000000 2.13812099999999993827
25 245.000000 190.000000 3.33983199999999991192
26 274.000000 192.000000 1.79950300000000007472
27 215.000000 161.000000 2.09892099999999981463
28 306.000000 210.000000 4.38104300000000002058
29 235.000000 177.000000 1.57918599999999997863
30 254.000000 181.000000 0.94881300000000001749
31 222.000000 171.000000 1.07372299999999998299
32 269.000000 189.000000 2.91019400000000016959
33 201.000000 140.000000 0.86379300000000003301
34 199.000000 145.000000 1.65504000000000006665
35 235.000000 177.000000 1.41939299999999990476
36 198.000000 151.000000 1.72013900000000008461
37 205.000000 148.000000 3.05798399999999981347
38 260.000000 172.000000 1.85653700000000010384
39 186.000000 142.000000 1.99287499999999995204
40 271.000000 191.000000 21.79318999999999917350
41 219.000000 164.000000 3.29023799999999999599
42 267.000000 198.000000 1.24373500000000003496
43 241.000000 171.000000 1.11914599999999997415
44 222.000000 164.000000 2.09169699999999991746
45 238.000000 169.000000 1.14417499999999994209
46 211.000000 146.000000 2.13764600000000015712
47 240.000000 186.000000 9.80556299999999936290
48 228.000000 156.000000 1.70994800000000002349
49 239.000000 168.000000 1.69178800000000006953
50 150.000000 134.000000 1.35781400000000007644
51 251.000000 181.000000 1.37238799999999994128
52 233.000000 176.000000 1.73430400000000006777
53 183.000000 134.000000 1.43272500000000002629
54 234.000000 173.000000 1.24254200000000003534
55 264.000000 185.000000 1.01825100000000001721
56 262.000000 188.000000 1.65572099999999999831
57 180.000000 137.000000 3.49139799999999977942
58 238.000000 174.000000 1.25030599999999991745
59 230.000000 172.000000 1.67756599999999989059
60 189.000000 139.000000 1.38021100000000007668
61 220.000000 164.000000 1.73447200000000001374
62 233.000000 169.000000 1.11302300000000009561
63 194.000000 156.000000 1.92346299999999992281
64 256.000000 197.000000 1.33417500000000011084
65 228.000000 174.000000 1.30445199999999994489
66 232.000000 163.000000 1.75559599999999993436
67 188.000000 145.000000 1.31521400000000010522
68 199.000000 145.000000 2.13826900000000019730
69 205.000000 164.000000 1.20381200000000010419
70 188.000000 143.000000 1.85525300000000004097
71 178.000000 127.000000 5.39872800000000019338
72 199.000000 149.000000 1.13335999999999992305
73 283.000000 192.000000 3.18085100000000009501
74 161.000000 126.000000 1.18717600000000000904
75 215.000000 156.000000 1.71793400000000007211
76 285.000000 192.000000 2.55215000000000014069
77 248.000000 173.000000 1.99148999999999998245
78 264.000000 187.000000 2.59630399999999994520
79 183.000000 139.000000 4.90535600000000027165
80 189.000000 129.000000 1.47020900000000009911
81 228.000000 173.000000 1.05132099999999994999
82 279.000000 197.000000 12.02787499999999987210
83 244.000000 181.000000 7.74936899999999972977
84 212.000000 158.000000 0.86803300000000005454
85 250.000000 175.000000 1.68748199999999992649
86 282.000000 206.000000 1.81587199999999993061
87 222.000000 163.000000 1.33465400000000000702
88 185.000000 136.000000 2.44767100000000015214
89 215.000000 164.000000 0.86336500000000004906
90 239.000000 170.000000 1.76180599999999998317
91 254.000000 176.000000 3.32284699999999988407
92 242.000000 177.000000 7.46379500000000017934
93 229.000000 159.000000 2.92663800000000007273
94 143.000000 101.000000 1.42927300000000001567
95 265.000000 195.000000 1.15861400000000003274
96 261.000000 184.000000 1.88243899999999997341
97 196.000000 151.000000 0.95600399999999996492
98 203.000000 143.000000 2.86109999999999997655
99 225.000000 159.000000 0.91043300000000004779
100 213.000000 144.000000 1.56026299999999995549
101 228.000000 176.000000 0.87089600000000000346
102 193.000000 151.000000 0.90000800000000003021
103 271.000000 189.000000 1.07937499999999997335
104 187.000000 142.000000 1.09215700000000004444
105 210.000000 146.000000 1.81224999999999991651
106 285.000000 202.000000 0.84184599999999998321
107 189.000000 141.000000 7.00698600000000038079
108 234.000000 167.000000 0.87915799999999999503
109 218.000000 157.000000 1.99229699999999998461
110 220.000000 161.000000 1.32632200000000000095
111 238.000000 173.000000 2.93649899999999997036
112 197.000000 143.000000 0.94069599999999997664
113 271.000000 186.000000 1.53376800000000002022
114 214.000000 154.000000 4.09432500000000043627
115 224.000000 167.000000 0.94534399999999996211
116 262.000000 193.000000 3.54868499999999986727
117 225.000000 166.000000 1.06109900000000001441
118 252.000000 179.000000 1.27506499999999989292
119 216.000000 154.000000 6.22600599999999992917
120 221.000000 158.000000 0.77685000000000004050
121 179.000000 138.000000 1.88374899999999989575
122 242.000000 178.000000 3.61699999999999999289
123 155.000000 117.000000 2.11096199999999978303
124 212.000000 153.000000 1.17198500000000005450
125 185.000000 141.000000 1.16464900000000004532
126 269.000000 184.000000 2.68823400000000001242
127 192.000000 144.000000 0.84642099999999997895
128 154.000000 120.000000 1.27945500000000000895
129 269.000000 185.000000 1.67547700000000010512
130 177.000000 143.000000 1.08243700000000009354
131 227.000000 163.000000 4.41779000000000010573
132 197.000000 144.000000 5.28463800000000016865
133 255.000000 184.000000 3.37667099999999997806
134 164.000000 120.000000 4.12642199999999981230
135 232.000000 161.000000 5.47574600000000000222
136 206.000000 147.000000 1.16388599999999997614
137 248.000000 166.000000 1.33935000000000004050
138 145.000000 116.000000 0.96260800000000001919
139 167.000000 131.000000 1.67848500000000000476
140 260.000000 180.000000 2.50019800000000014251
141 304.000000 226.000000 0.83971600000000001796
142 235.000000 172.000000 4.47888199999999958578
143 171.000000 134.000000 1.21078100000000010716
144 272.000000 200.000000 15.11069299999999948625
145 231.000000 171.000000 1.42818200000000006256
146 328.000000 234.000000 1.14537099999999991695
147 218.000000 152.000000 1.31359699999999990361
148 234.000000 171.000000 1.98191500000000009329
149 205.000000 152.000000 1.29032499999999994422
150 271.000000 187.000000 0.82019699999999995388
151 181.000000 143.000000 0.71277299999999998992
152 146.000000 118.000000 2.03705200000000008487
153 251.000000 186.000000 1.00246400000000002173
154 221.000000 168.000000 1.00947000000000008946
155 247.000000 176.000000 4.22848600000000018895
156 221.000000 167.000000 1.11335199999999989728
157 218.000000 164.000000 2.58450900000000016732
158 206.000000 156.000000 1.35454199999999991277
159 248.000000 175.000000 0.66326499999999999346
160 231.000000 169.000000 1.63074399999999997135
161 172.000000 128.000000 0.88338300000000002932
162 257.000000 183.000000 1.10589099999999995738
163 182.000000 128.000000 1.27391600000000004833
164 189.000000 137.000000 1.88529100000000005011
165 228.000000 172.000000 0.87774399999999996869
166 214.000000 164.000000 0.46984599999999998587
167 271.000000 201.000000 1.20923500000000005983
168 221.000000 153.000000 1.37743299999999990746
169 244.000000 177.000000 1.37348599999999998467
170 291.000000 195.000000 1.47458700000000009211
171 261.000000 186.000000 5.72838300000000000267
172 251.000000 183.000000 1.18354500000000006921
173 250.000000 173.000000 2.98729399999999989390
174 247.000000 172.000000 1.25257799999999996921
175 247.000000 191.000000 0.97662000000000004363
176 200.000000 151.000000 3.27490099999999983993
177 254.000000 186.000000 3.70693599999999978678
178 201.000000 160.000000 1.11480299999999998839
179 214.000000 156.000000 1.98094799999999993112
180 251.000000 194.000000 12.72730499999999942418
181 272.000000 188.000000 6.90282999999999979934
182 165.000000 117.000000 2.20244499999999998607
183 261.000000 192.000000 0.68740100000000003977
184 276.000000 187.000000 2.76910800000000012488
185 262.000000 189.000000 8.78220699999999965257
186 235.000000 162.000000 1.14929700000000001303
187 222.000000 157.000000 7.71556700000000006412
188 242.000000 170.000000 1.32579299999999999926
189 243.000000 184.000000 1.17368600000000000705
190 255.000000 171.000000 9.41589300000000051227
191 253.000000 178.000000 1.10572099999999995390
192 202.000000 149.000000 1.01252999999999993008
193 184.000000 137.000000 1.65214199999999999946
194 269.000000 182.000000 2.18479299999999998505
195 257.000000 179.000000 4.24325300000000016354
196 224.000000 169.000000 0.61175599999999996648
197 212.000000 157.000000 3.71387400000000011957
198 312.000000 210.000000 0.97704400000000002358
199 279.000000 206.000000 1.57212400000000007694
200 238.000000 177.000000 0.80471300000000001162
201 309.000000 203.000000 1.04874000000000000554
202 240.000000 162.000000 1.49498200000000003307
203 185.000000 135.000000 1.16107300000000002171
204 224.000000 173.000000 0.94771899999999997810
205 300.000000 203.000000 1.21965199999999995839
206 192.000000 153.000000 0.70150000000000001243
207 227.000000 168.000000 4.14146299999999989438
208 197.000000 141.000000 3.57015800000000016468
209 174.000000 142.000000 1.14538999999999990820
210 208.000000 160.000000 1.17047600000000007192
211 256.000000 181.000000 17.51504500000000064119
212 181.000000 126.000000 7.09897799999999978837
213 248.000000 194.000000 1.56298399999999992893
214 169.000000 129.000000 3.03969200000000006057
215 237.000000 160.000000 1.35073099999999990395
216 202.000000 140.000000 1.30363199999999990197
217 239.000000 174.000000 6.80682100000000023243
218 220.000000 168.000000 1.59106900000000006656
219 270.000000 189.000000 0.56440500000000004555
220 237.000000 181.000000 0.74118600000000001149
221 206.000000 154.000000 0.57411100000000003796
222 235.000000 188.000000 1.71544800000000008389
223 275.000000 207.000000 1.13501399999999996737
224 220.000000 158.000000 0.91137000000000001343
225 215.000000 154.000000 1.16117200000000009297
226 261.000000 185.000000 0.94507799999999997365
227 206.000000 153.000000 1.61218599999999989691
228 180.000000 129.000000 1.09422599999999992093
229 266.000000 183.000000 0.78234199999999998187
230 175.000000 139.000000 1.14999899999999999345
231 246.000000 174.000000 1.71825600000000000556
232 259.000000 192.000000 2.37700600000000017431
233 246.000000 179.000000 2.23842400000000019133
234 254.000000 177.000000 1.31037300000000000999
235 192.000000 141.000000 1.93809800000000009845
236 240.000000 174.000000 0.93304600000000004201
237 227.000000 164.000000 0.93986099999999994647
238 206.000000 163.000000 3.15866099999999994097
239 232.000000 173.000000 1.25663999999999997925
240 279.000000 190.000000 6.63323700000000027188
241 195.000000 152.000000 1.48307000000000011042
242 215.000000 164.000000 1.17284699999999997289
243 326.000000 205.000000 1.38865199999999999747
244 256.000000 193.000000 0.84160299999999998999
245 236.000000 174.000000 0.70934099999999999930
246 199.000000 152.000000 1.29244500000000006601
247 151.000000 113.000000 1.84800000000000008704
248 191.000000 142.000000 1.27370699999999992258
249 149.000000 124.000000 0.85208099999999997731
250 314.000000 211.000000 0.90824199999999999378
251 268.000000 186.000000 1.19524099999999999788
252 250.000000 181.000000 0.81648699999999996280
253 204.000000 153.000000 1.20756799999999997475
254 207.000000 155.000000 2.08431299999999986028
255 284.000000 214.000000 0.91437199999999996258
256 237.000000 169.000000 2.89317100000000015925
257 208.000000 160.000000 3.14397400000000004638
258 209.000000 159.000000 0.67150600000000004730
259 267.000000 180.000000 4.36064600000000002211
260 273.000000 188.000000 3.37372700000000014242
261 164.000000 118.000000 2.67457300000000008922
262 279.000000 195.000000 2.72455200000000008487
263 232.000000 167.000000 4.72998999999999991672
264 215.000000 152.000000 0.93609900000000001441
265 230.000000 174.000000 3.48208900000000021180
266 251.000000 179.000000 0.86058000000000001162
267 228.000000 173.000000 2.40260000000000006892
268 186.000000 132.000000 7.33406000000000002359
269 176.000000 136.000000 1.03430800000000000516
270 226.000000 156.000000 2.04756900000000019446
271 237.000000 168.000000 0.80182699999999995644
272 238.000000 178.000000 1.25094199999999999839
273 197.000000 139.000000 0.97842200000000001392
274 273.000000 193.000000 1.56258000000000008001
275 189.000000 150.000000 1.92288799999999993062
276 285.000000 188.000000 2.92037399999999980338
277 214.000000 166.000000 1.28591000000000010850
278 202.000000 151.000000 1.18361399999999994392
279 215.000000 162.000000 4.96884499999999995623
280 216.000000 152.000000 1.05407600000000001295
281 238.000000 168.000000 1.51507799999999992480
282 216.000000 159.000000 1.69384700000000010256
283 195.000000 150.000000 1.03877200000000002866
284 224.000000 160.000000 1.66392500000000009841
285 190.000000 141.000000 1.31582700000000007989
286 234.000000 170.000000 0.97560299999999999798
287 200.000000 150.000000 2.90247199999999994091
288 241.000000 183.000000 1.58542899999999997718
289 271.000000 184.000000 0.88541999999999998483
290 236.000000 179.000000 1.04946399999999995245
291 277.000000 191.000000 1.17572000000000009834
292 253.000000 178.000000 2.52783500000000005414
293 226.000000 166.000000 1.31370999999999993335
294 235.000000 174.000000 2.45441000000000020265
295 280.000000 193.000000 13.81873299999999993304
296 242.000000 171.000000 4.21035800000000026699
297 176.000000 132.000000 1.01617399999999991067
298 194.000000 139.000000 1.69794899999999993057
299 291.000000 208.000000 2.92255999999999982464
300 222.000000 166.000000 1.81764400000000003743
301 239.000000 174.000000 1.55580099999999998950
302 198.000000 143.000000 0.80265500000000000735
303 208.000000 154.000000 0.98902699999999998948
304 194.000000 140.000000 1.02761700000000000266
305 249.000000 175.000000 3.07811199999999995924
306 207.000000 156.000000 1.11879100000000009096
307 252.000000 173.000000 0.80157999999999995921
308 243.000000 168.000000 1.81413000000000002032
309 193.000000 137.000000 3.89545299999999983243
310 240.000000 174.000000 0.79304600000000002868
311 260.000000 182.000000 2.97425499999999987111
312 252.000000 184.000000 1.24961300000000008481
313 223.000000 162.000000 1.37641999999999997684
314 276.000000 196.000000 1.02547999999999994714
315 274.000000 199.000000 0.82350400000000001377
316 214.000000 150.000000 1.59801799999999993851
317 242.000000 179.000000 1.68925100000000005807
318 263.000000 193.000000 1.34719999999999995310
319 178.000000 139.000000 1.10720200000000001950
320 262.000000 187.000000 1.43567599999999995219
321 160.000000 118.000000 1.07467299999999998938
322 230.000000 164.000000 1.73349599999999992583
323 326.000000 212.000000 1.92331600000000002559
324 215.000000 160.000000 1.21629999999999993676
325 212.000000 148.000000 1.53889399999999998414
326 143.000000 101.000000 1.52403200000000005332
327 220.000000 163.000000 1.22787200000000007449
328 186.000000 139.000000 0.95550800000000002399
329 243.000000 163.000000 1.21175600000000005529
330 235.000000 178.000000 2.19977100000000014290
331 264.000000 178.000000 4.68367199999999961335
332 254.000000 177.000000 2.21308999999999977959
333 222.000000 169.000000 0.80442899999999994964
334 287.000000 214.000000 0.69715099999999996516
335 270.000000 189.000000 2.10267200000000009652
336 215.000000 156.000000 1.26885200000000009091
337 267.000000 185.000000 1.63410600000000005849
338 230.000000 171.000000 2.63061299999999986809
339 234.000000 163.000000 0.90298900000000004162
340 230.000000 163.000000 13.79282000000000074635
341 165.000000 125.000000 4.29531099999999987915
342 133.000000 104.000000 1.92960099999999989961
343 191.000000 141.000000 1.04222700000000001452
344 186.000000 135.000000 2.56509799999999987818
345 229.000000 164.000000 1.44511100000000003440
346 245.000000 174.000000 0.92305400000000004113
347 306.000000 206.000000 0.48326999999999997737
348 207.000000 158.000000 1.14111699999999993693
349 279.000000 197.000000 0.85449399999999997579
350 287.000000 214.000000 4.55137899999999984146
351 230.000000 167.000000 2.43238799999999999457
352 285.000000 201.000000 4.23956300000000041450
353 285.000000 207.000000 1.34945800000000004637
354 169.000000 133.000000 0.84177000000000001823
355 173.000000 125.000000 1.81909399999999998876
356 249.000000 179.000000 0.97910799999999997834
357 173.000000 124.000000 1.41205699999999989558
358 234.000000 171.000000 0.63509700000000002262
359 210.000000 160.000000 0.94400499999999998302
360 254.000000 174.000000 2.98216500000000017678
361 217.000000 156.000000 1.15590499999999996028
362 246.000000 168.000000 0.91727300000000000502
363 236.000000 170.000000 1.95857799999999993013
364 240.000000 180.000000 2.82607600000000003249
365 258.000000 170.000000 2.47995499999999990948
366 196.000000 138.000000 1.25659999999999993925
367 220.000000 167.000000 3.16906199999999982353
368 220.000000 171.000000 1.32692999999999994287
369 256.000000 185.000000 1.00272199999999989117
370 250.000000 177.000000 1.24802600000000007974
371 213.000000 158.000000 0.88687499999999996891
372 214.000000 157.000000 1.52536099999999996690
373 155.000000 121.000000 1.14892799999999994931
374 260.000000 189.000000 10.87559100000000000819
375 293.000000 200.000000 1.06793500000000007866
376 197.000000 144.000000 1.20074600000000009103
377 253.000000 183.000000 1.47047100000000008357
378 303.000000 216.000000 1.54854099999999994530
379 233.000000 176.000000 0.94089900000000004088
380 247.000000 188.000000 0.82769000000000003681
381 243.000000 180.000000 3.26569699999999984996
382 269.000000 188.000000 3.44622800000000006904
383 247.000000 184.000000 0.65732900000000005214
384 180.000000 137.000000 1.05342699999999989124
385 164.000000 121.000000 5.95377600000000040126
386 213.000000 150.000000 1.93660600000000004961
387 208.000000 147.000000 1.60236299999999998178
388 239.000000 169.000000 1.14984799999999998121
389 251.000000 193.000000 0.76726000000000005308
390 265.000000 190.000000 0.96091599999999999238
391 170.000000 133.000000 7.51400899999999971612
392 179.000000 146.000000 0.92126500000000000057
393 155.000000 122.000000 1.12711899999999998201
394 229.000000 171.000000 3.51182000000000016371
395 258.000000 186.000000 1.18889000000000000234
396 235.000000 170.000000 0.63790899999999994829
397 211.000000 150.000000 1.92986499999999994159
398 264.000000 180.000000 0.87956599999999995898
399 159.000000 129.000000 1.03494400000000008610
400 228.000000 158.000000 1.03946399999999994357
401 214.000000 151.000000 0.99402599999999996516
402 261.000000 185.000000 6.52497199999999999420
403 217.000000 154.000000 2.78808599999999984220
404 196.000000 146.000000 1.25967800000000007543
405 290.000000 199.000000 5.93992499999999967741
406 213.000000 152.000000 1.19213799999999991996
407 258.000000 183.000000 1.11393199999999992222
408 258.000000 184.000000 1.00885699999999989274
409 295.000000 196.000000 1.17234499999999997044
410 248.000000 177.000000 1.55599500000000001698
411 218.000000 164.000000 1.07514500000000001734
412 218.000000 155.000000 2.14912400000000003431
413 198.000000 151.000000 1.30207500000000009344
414 209.000000 168.000000 1.23279800000000006044
415 236.000000 173.000000 3.75551499999999993662
416 201.000000 150.000000 1.81171799999999993958
417 220.000000 165.000000 0.82415899999999997494
418 199.000000 161.000000 0.76438600000000000989
419 198.000000 160.000000 1.10155899999999995487
420 254.000000 179.000000 3.33471399999999995600
