1 438.000000 319.000000 106.65491600000000005366
2 441.000000 340.000000 13.57795699999999960994
3 626.000000 414.000000 1267.72273700000005192123
4 377.000000 295.000000 48.34760399999999691545
5 611.000000 431.000000 28.52686100000000024579
6 510.000000 381.000000 29.87122099999999846887
7 450.000000 331.000000 8.15663299999999935608
8 376.000000 293.000000 21.20586399999999827060
9 341.000000 271.000000 28.14933699999999916486
10 467.000000 323.000000 500.49130600000000868022
11 518.000000 373.000000 41.47173500000000245791
12 443.000000 327.000000 26.24399899999999874467
13 485.000000 361.000000 11.24911999999999956401
14 399.000000 326.000000 8.22963200000000050238
15 574.000000 412.000000 75.16374600000000327782
16 529.000000 371.000000 96.85944399999999632200
17 559.000000 384.000000 11.46654999999999979821
18 542.000000 374.000000 53.99069399999999774309
19 531.000000 396.000000 10.99493200000000037164
20 451.000000 335.000000 10.56353000000000008640
21 524.000000 386.000000 50.20611600000000152022
22 521.000000 363.000000 142.81779599999998708881
23 512.000000 362.000000 10.76592899999999985994
24 462.000000 361.000000 6.40706299999999995265
25 579.000000 389.000000 318.14812100000000327782
26 506.000000 367.000000 59.29050500000000312184
27 470.000000 343.000000 115.47787900000000149703
28 405.000000 291.000000 116.08218899999999962347
29 435.000000 314.000000 45.54489699999999885449
31 385.000000 300.000000 36.53783099999999706142
32 488.000000 364.000000 25.37060200000000165232
33 502.000000 374.000000 46.46289099999999905322
34 466.000000 342.000000 29.91096999999999894726
35 584.000000 416.000000 375.01562699999999495049
36 540.000000 375.000000 86.15548800000000539967
37 388.000000 291.000000 15.49073800000000034061
38 556.000000 405.000000 6.44983299999999992735
39 610.000000 427.000000 36.03499899999999911415
40 507.000000 369.000000 24.41645899999999969054
41 641.000000 441.000000 124.79522500000000206910
42 668.000000 461.000000 40.50192700000000201044
43 408.000000 302.000000 187.90871599999999830288
44 396.000000 280.000000 59.94163300000000305090
45 282.000000 222.000000 39.43688199999999710599
46 598.000000 430.000000 148.95410400000000095133
47 477.000000 357.000000 42.58388200000000267664
48 399.000000 290.000000 12.47883000000000031093
49 515.000000 384.000000 320.04991499999999859938
50 445.000000 326.000000 21.78037300000000087152
51 436.000000 322.000000 74.64739699999999800184
52 481.000000 366.000000 35.51577300000000292357
53 380.000000 295.000000 129.00785400000000890941
54 385.000000 301.000000 16.54233400000000031582
55 499.000000 364.000000 70.41949300000000278033
56 490.000000 358.000000 27.18768000000000029104
57 580.000000 427.000000 39.80651100000000042201
58 430.000000 316.000000 20.45917199999999880333
59 584.000000 425.000000 46.55591400000000135151
60 479.000000 352.000000 43.73722899999999924603
61 492.000000 351.000000 32.18842300000000022919
62 459.000000 330.000000 204.07399100000000657928
63 631.000000 453.000000 59.50526599999999888269
64 585.000000 408.000000 52.76749399999999923239
65 621.000000 428.000000 82.34967100000000073123
66 484.000000 331.000000 828.96244799999999486317
67 479.000000 361.000000 17.35424499999999881084
68 408.000000 297.000000 21.04168699999999958550
69 363.000000 289.000000 25.18896900000000016462
70 449.000000 318.000000 94.44281800000000259843
71 453.000000 335.000000 27.09454699999999860438
72 497.000000 370.000000 99.43999599999999361444
73 491.000000 379.000000 8.10004200000000018633
74 526.000000 372.000000 288.85079100000001517401
75 381.000000 297.000000 37.58727400000000073987
76 493.000000 368.000000 34.94495100000000320506
77 444.000000 330.000000 12.88133000000000016882
78 350.000000 267.000000 83.74236100000000249111
79 390.000000 296.000000 99.56639900000000409364
80 562.000000 405.000000 33.98586300000000193222
81 457.000000 333.000000 66.19838799999999423562
82 371.000000 264.000000 220.53084400000000186992
83 382.000000 289.000000 40.24897099999999738884
84 497.000000 365.000000 150.41515000000001123226
85 416.000000 305.000000 49.15824800000000038835
86 464.000000 351.000000 38.76793700000000342243
87 630.000000 445.000000 244.15457599999999160900
88 394.000000 295.000000 20.61363000000000056389
89 530.000000 364.000000 222.21562199999999620559
90 556.000000 402.000000 18.18751299999999915258
92 514.000000 371.000000 30.50316099999999863712
93 509.000000 384.000000 77.56688599999999667034
94 571.000000 400.000000 207.50380300000000488581
95 384.000000 278.000000 20.27964700000000064506
96 416.000000 300.000000 244.12322100000000091313
97 447.000000 326.000000 33.23335500000000308773
98 491.000000 345.000000 196.07616300000000819637
99 488.000000 339.000000 119.72890099999999335978
100 426.000000 306.000000 166.40628399999999942338
101 501.000000 359.000000 55.15775399999999706324
102 461.000000 331.000000 180.06719000000001074113
103 434.000000 329.000000 104.32876600000000166801
104 472.000000 345.000000 33.64297899999999685861
105 431.000000 326.000000 44.90451099999999939882
106 459.000000 339.000000 43.29371199999999930697
107 459.000000 335.000000 580.76457700000003114837
108 503.000000 346.000000 162.69542799999999260763
109 536.000000 384.000000 34.08145900000000239061
110 408.000000 300.000000 220.49741399999999202919
111 506.000000 369.000000 78.68554399999999304782
112 474.000000 358.000000 30.29962499999999891998
113 453.000000 347.000000 15.13921400000000083708
114 460.000000 362.000000 9.49489200000000010959
115 608.000000 434.000000 74.81281500000000050932
116 598.000000 420.000000 107.91138499999999567081
117 552.000000 391.000000 47.58676799999999929014
118 505.000000 362.000000 169.56542899999999463034
119 485.000000 362.000000 54.59498200000000167620
120 537.000000 394.000000 122.09195499999999867669
121 580.000000 405.000000 41.77257699999999829288
122 714.000000 509.000000 33.46464300000000235968
123 398.000000 298.000000 58.67595899999999886631
124 546.000000 387.000000 11.89483099999999993202
125 476.000000 359.000000 36.62647100000000222053
126 380.000000 281.000000 31.90231500000000153250
127 472.000000 360.000000 16.63075600000000164869
128 510.000000 355.000000 196.12627800000001343506
129 321.000000 230.000000 125.06824400000000707678
130 434.000000 319.000000 182.75836300000000278487
131 601.000000 442.000000 69.29902599999999779357
132 577.000000 415.000000 46.71504199999999684678
133 430.000000 324.000000 31.18448000000000064347
134 475.000000 355.000000 67.62292399999999759075
135 439.000000 329.000000 75.61168800000000089767
136 388.000000 287.000000 54.22651199999999960255
137 465.000000 334.000000 127.79473699999999780630
138 455.000000 322.000000 308.81724800000000641376
139 489.000000 349.000000 219.32581999999999311513
140 580.000000 416.000000 6.65377799999999997027
141 424.000000 306.000000 54.65431900000000098316
142 547.000000 399.000000 126.51632899999999892771
143 526.000000 374.000000 132.33467799999999670035
144 364.000000 272.000000 20.83609200000000072350
145 495.000000 361.000000 29.15918200000000126693
146 389.000000 294.000000 5.30666900000000030246
147 344.000000 240.000000 143.13594100000000253203
148 399.000000 291.000000 52.74320999999999770580
149 399.000000 284.000000 131.94981999999998834028
150 509.000000 392.000000 86.70566599999999368720
151 510.000000 353.000000 88.29328999999999894044
152 516.000000 387.000000 45.45738300000000009504
153 553.000000 400.000000 97.00975400000000092859
154 500.000000 366.000000 15.62510100000000079490
155 611.000000 435.000000 12.29598999999999975330
156 389.000000 270.000000 23.48117200000000082127
157 566.000000 411.000000 157.42309499999998934072
158 549.000000 393.000000 28.54894200000000026307
159 410.000000 312.000000 36.47230199999999911142
160 495.000000 355.000000 161.32806800000000180262
161 490.000000 351.000000 20.38492899999999963256
162 328.000000 256.000000 77.35883800000000576347
163 405.000000 294.000000 105.91346400000000471664
164 401.000000 300.000000 113.38111700000000325872
165 513.000000 393.000000 78.49454799999999465854
166 389.000000 299.000000 35.22707900000000336149
167 425.000000 317.000000 92.14998099999999681131
168 582.000000 413.000000 14.72573500000000024102
169 570.000000 417.000000 5.22987999999999964018
170 589.000000 437.000000 117.97968500000000346972
171 438.000000 329.000000 11.32137099999999918509
172 478.000000 354.000000 61.02552399999999721558
173 425.000000 332.000000 13.57555900000000015382
174 483.000000 347.000000 49.97803799999999796455
175 568.000000 397.000000 10.16613100000000002865
176 563.000000 397.000000 58.59551199999999937518
177 431.000000 313.000000 106.43936100000000521959
178 541.000000 361.000000 493.54256600000002208617
179 493.000000 378.000000 54.13085900000000094678
180 461.000000 333.000000 103.15512599999999565625
181 335.000000 248.000000 39.59287700000000143064
182 407.000000 299.000000 147.13826299999999491774
183 361.000000 282.000000 16.16976800000000125124
184 453.000000 352.000000 13.81072200000000016473
185 407.000000 302.000000 211.54261299999998868770
186 625.000000 449.000000 5.68906699999999965200
187 585.000000 416.000000 146.27507099999999695683
188 399.000000 281.000000 31.21911700000000067234
189 432.000000 331.000000 47.36672899999999941656
190 555.000000 390.000000 115.09202999999999406100
191 402.000000 300.000000 29.19352900000000161640
192 505.000000 354.000000 21.80699200000000104183
193 420.000000 306.000000 111.14666300000000376258
194 527.000000 387.000000 25.89573199999999886245
195 558.000000 403.000000 46.45390900000000300452
196 497.000000 362.000000 57.58405900000000343653
197 402.000000 294.000000 102.13773299999999721877
198 460.000000 334.000000 69.95799800000000345790
199 453.000000 315.000000 13.65870299999999915030
200 614.000000 428.000000 106.53304199999999468673
201 466.000000 351.000000 9.21252600000000043678
202 478.000000 346.000000 18.97344299999999961415
203 470.000000 335.000000 73.25690099999999915781
204 499.000000 377.000000 65.49158599999999808006
205 393.000000 303.000000 6.96753599999999995163
206 488.000000 344.000000 27.61862800000000106593
207 369.000000 278.000000 27.52423399999999986676
208 408.000000 310.000000 42.24008100000000354157
209 488.000000 344.000000 245.42983000000000970431
210 710.000000 502.000000 43.16138699999999772672
211 397.000000 313.000000 54.97321399999999869124
212 556.000000 391.000000 17.44741300000000094883
213 385.000000 271.000000 111.14727600000000506952
214 469.000000 337.000000 110.70972799999999836018
215 432.000000 352.000000 18.63047100000000000364
216 525.000000 391.000000 10.12345299999999959084
217 528.000000 396.000000 21.65372999999999947818
218 438.000000 312.000000 175.81729200000000901127
219 482.000000 333.000000 4.56829499999999999460
220 449.000000 329.000000 56.03629999999999711235
222 492.000000 346.000000 12.44194099999999991724
223 429.000000 309.000000 10.27723300000000072885
224 526.000000 386.000000 27.00309999999999988063
225 462.000000 334.000000 20.24436400000000091381
226 570.000000 397.000000 12.22662200000000076727
227 447.000000 303.000000 232.34124199999999405009
228 510.000000 370.000000 55.79674299999999931288
229 451.000000 339.000000 9.16608100000000014518
230 424.000000 303.000000 58.56714800000000309410
231 500.000000 365.000000 23.84742900000000176419
232 497.000000 369.000000 111.82846999999999582087
233 426.000000 303.000000 34.20030299999999812144
234 552.000000 396.000000 4.23777199999999965030
235 528.000000 380.000000 65.61497400000000368436
236 405.000000 293.000000 42.90279400000000009641
237 455.000000 341.000000 65.17014199999999846113
238 465.000000 331.000000 7.94723899999999972010
239 453.000000 339.000000 25.82753100000000046066
240 448.000000 327.000000 68.97470099999999604279
241 502.000000 357.000000 82.45583899999999744068
242 395.000000 301.000000 63.22915499999999866532
243 491.000000 361.000000 241.26913999999999305146
244 403.000000 314.000000 24.39975499999999897227
245 523.000000 372.000000 106.06693799999999328065
246 255.000000 206.000000 31.78980800000000073169
247 596.000000 433.000000 58.78925199999999762213
248 419.000000 305.000000 13.60710000000000086118
249 466.000000 348.000000 24.11683000000000021146
250 427.000000 314.000000 1006.41200800000001436274
251 330.000000 275.000000 18.83225799999999949819
252 505.000000 357.000000 20.34898899999999954957
253 404.000000 299.000000 82.16297000000000139153
254 657.000000 459.000000 126.93775999999999726242
255 508.000000 364.000000 13.88762599999999913791
256 475.000000 336.000000 134.53045499999998924068
257 637.000000 449.000000 15.61333400000000004582
258 397.000000 293.000000 69.25553499999999473857
259 539.000000 386.000000 320.03936299999998027488
260 520.000000 389.000000 71.39483099999999637930
261 437.000000 329.000000 11.58347999999999977661
262 548.000000 390.000000 120.56559400000000437103
263 451.000000 342.000000 79.15179299999999784632
264 400.000000 304.000000 107.31313099999999849388
265 465.000000 339.000000 42.67045600000000149521
266 427.000000 295.000000 174.13939400000001000990
267 511.000000 367.000000 86.68740099999999415559
268 427.000000 304.000000 74.08942500000000563887
269 520.000000 380.000000 77.23815600000000358705
270 572.000000 408.000000 4.37191699999999983106
271 530.000000 381.000000 41.90421099999999654528
272 396.000000 300.000000 16.48746399999999923125
273 419.000000 287.000000 110.70091700000000400905
274 410.000000 323.000000 30.82635099999999894749
275 382.000000 271.000000 53.31419799999999753481
276 426.000000 285.000000 117.78172800000000108867
277 422.000000 319.000000 88.55744799999999372631
278 511.000000 354.000000 277.20400300000000015643
279 407.000000 291.000000 180.34419700000000830187
280 560.000000 406.000000 7.58228100000000004854
281 424.000000 321.000000 59.60951000000000021828
282 499.000000 359.000000 15.46624500000000068667
283 520.000000 356.000000 29.34379399999999904480
284 487.000000 373.000000 13.03828299999999984493
285 548.000000 375.000000 459.70831399999997302075
286 308.000000 238.000000 13.11021399999999914598
287 496.000000 332.000000 140.36089400000000182445
288 529.000000 386.000000 38.53301400000000143109
289 481.000000 338.000000 147.37693300000000817818
290 443.000000 337.000000 110.04202100000000541513
291 538.000000 388.000000 4.56278399999999972891
292 442.000000 318.000000 100.95759700000000691489
293 420.000000 322.000000 74.93480700000000638283
294 578.000000 426.000000 24.86328100000000063119
295 611.000000 441.000000 193.05537799999999037937
296 420.000000 292.000000 94.15637900000000115597
297 572.000000 408.000000 70.84693599999999946704
298 488.000000 340.000000 8.57819300000000062312
299 435.000000 325.000000 128.55835500000000592991
300 577.000000 423.000000 149.82184300000000121145
301 364.000000 289.000000 37.16359899999999782949
302 439.000000 325.000000 217.80282099999999445572
303 471.000000 349.000000 58.08007500000000078444
304 369.000000 276.000000 33.62301999999999679858
305 403.000000 296.000000 71.61458199999999862939
306 407.000000 315.000000 80.02655099999999777083
307 646.000000 438.000000 55.44776399999999938473
308 425.000000 309.000000 247.05191800000000057480
309 362.000000 286.000000 107.28622500000000172804
310 446.000000 322.000000 27.30817700000000058935
311 324.000000 240.000000 13.56028399999999933812
312 399.000000 306.000000 36.91974299999999686861
313 530.000000 372.000000 9.05325500000000005230
314 535.000000 382.000000 23.25019599999999897477
315 548.000000 367.000000 269.42584599999997863051
316 423.000000 314.000000 79.20319800000000043383
317 613.000000 429.000000 80.38404599999999788906
318 374.000000 282.000000 43.33570499999999725560
319 435.000000 330.000000 17.64188100000000147816
320 463.000000 353.000000 112.08328299999999444481
321 484.000000 341.000000 26.15298699999999954002
322 477.000000 324.000000 96.60177500000000350155
323 433.000000 328.000000 189.70435499999999251486
324 551.000000 378.000000 258.15643000000000029104
325 410.000000 291.000000 199.94289599999999040847
326 408.000000 294.000000 73.54840500000000247383
327 426.000000 322.000000 70.89602399999999704505
328 391.000000 294.000000 90.16787999999999669853
329 431.000000 335.000000 76.35298299999999471765
330 372.000000 258.000000 28.72421100000000038222
331 430.000000 338.000000 32.35278699999999929560
332 449.000000 327.000000 84.52482700000000193086
333 536.000000 389.000000 58.16054499999999904958
334 466.000000 363.000000 4.43448599999999970578
335 603.000000 413.000000 59.88346200000000152386
336 388.000000 284.000000 31.40015800000000112391
337 531.000000 395.000000 10.54570799999999941576
338 502.000000 355.000000 60.96923300000000267573
339 504.000000 345.000000 126.30360600000000204091
340 471.000000 340.000000 68.20928100000000426917
341 417.000000 310.000000 118.74997600000000375076
342 549.000000 399.000000 67.76099000000000671662
343 549.000000 391.000000 91.86601600000000189539
344 539.000000 368.000000 39.06163699999999749934
345 500.000000 374.000000 6.31875099999999978451
346 364.000000 282.000000 39.28428699999999906822
347 479.000000 351.000000 27.21587500000000048317
348 521.000000 366.000000 138.45251300000001037915
349 417.000000 324.000000 37.63194200000000222417
351 334.000000 238.000000 129.19854399999999827742
352 492.000000 363.000000 47.17787799999999975853
353 499.000000 365.000000 35.95898900000000253385
354 522.000000 368.000000 17.61402299999999954139
355 318.000000 261.000000 40.13376399999999932788
356 414.000000 316.000000 7.20183399999999984686
357 486.000000 350.000000 58.26049499999999881084
358 551.000000 394.000000 2.67857199999999995299
359 462.000000 350.000000 118.81063799999999730517
360 378.000000 292.000000 14.42645199999999938711
361 403.000000 317.000000 86.76779000000000507953
362 349.000000 252.000000 13.87697999999999964871
363 509.000000 372.000000 2.65579400000000021009
364 470.000000 357.000000 107.64965999999999723968
365 477.000000 378.000000 62.98813799999999929469
366 447.000000 317.000000 26.59995100000000078921
367 540.000000 402.000000 39.05960499999999768761
368 516.000000 357.000000 45.13437400000000110367
369 494.000000 341.000000 34.89626499999999964530
370 579.000000 402.000000 4.89723000000000041609
371 442.000000 329.000000 45.48228000000000292857
372 377.000000 272.000000 36.83528700000000100090
373 550.000000 382.000000 93.29134999999999422471
374 484.000000 360.000000 58.26686600000000026967
375 500.000000 356.000000 34.64234900000000294540
376 512.000000 367.000000 72.91118799999999566808
377 537.000000 409.000000 38.50913700000000261525
378 585.000000 409.000000 47.86690999999999718284
379 561.000000 414.000000 58.26514800000000349200
380 480.000000 364.000000 11.16615299999999955105
381 519.000000 369.000000 97.45357500000000072760
382 518.000000 362.000000 98.82366199999999878401
383 552.000000 393.000000 46.76639300000000076807
384 429.000000 292.000000 76.05141999999999313786
385 481.000000 343.000000 28.51015699999999952752
386 369.000000 282.000000 115.70567200000000696036
387 463.000000 371.000000 16.59731400000000078876
388 570.000000 416.000000 14.97297999999999973397
389 415.000000 301.000000 22.63243200000000143746
390 612.000000 466.000000 33.47073000000000320142
391 597.000000 419.000000 107.30997000000000696218
392 369.000000 269.000000 26.49935800000000085674
393 396.000000 307.000000 153.86573599999999828469
394 544.000000 418.000000 74.84999399999999525335
395 477.000000 347.000000 145.33250899999998750900
396 406.000000 302.000000 62.70785399999999754073
397 297.000000 224.000000 18.80032200000000131013
398 346.000000 270.000000 25.03980400000000017258
399 395.000000 300.000000 39.66462800000000044065
400 476.000000 358.000000 19.64710200000000028808
401 462.000000 330.000000 101.13992199999999854754
402 551.000000 403.000000 24.23654099999999900206
403 381.000000 285.000000 26.81246900000000010778
404 383.000000 293.000000 12.22580300000000086413
405 344.000000 266.000000 46.13674799999999720512
406 579.000000 409.000000 4.52763000000000026546
407 449.000000 331.000000 49.62730499999999977945
408 353.000000 274.000000 17.57263299999999972556
409 593.000000 410.000000 74.20421199999999828378
410 364.000000 278.000000 5.66242000000000000881
411 576.000000 409.000000 41.02766100000000193404
412 427.000000 292.000000 55.01193200000000160799
413 476.000000 351.000000 121.92108199999999840202
414 500.000000 375.000000 95.09951900000000080126
415 332.000000 247.000000 150.66528199999999060310
416 510.000000 379.000000 20.96353099999999969327
417 514.000000 368.000000 6.84910599999999991638
418 533.000000 391.000000 180.86627599999999915781
419 536.000000 395.000000 72.90983900000000517139
420 297.000000 247.000000 30.68263800000000074419
