1 54.000000 41.000000 0.32938899999999998736
2 47.000000 35.000000 0.07478899999999999437
3 64.000000 49.000000 0.14840000000000000413
4 44.000000 35.000000 0.07951600000000000334
5 55.000000 44.000000 0.08606300000000000061
6 62.000000 49.000000 0.06670299999999999840
7 70.000000 46.000000 0.08459800000000000653
8 66.000000 49.000000 0.07152899999999999536
9 63.000000 47.000000 0.08083400000000000307
10 53.000000 36.000000 0.06490700000000000636
11 57.000000 44.000000 0.04707399999999999779
12 55.000000 38.000000 0.12401199999999999724
13 56.000000 40.000000 0.04646399999999999836
14 58.000000 45.000000 0.06864000000000000656
15 70.000000 53.000000 0.06970300000000000107
16 49.000000 37.000000 0.08905499999999999527
17 64.000000 48.000000 0.06648500000000000243
18 42.000000 35.000000 0.04723100000000000215
19 38.000000 31.000000 0.11615200000000000524
20 61.000000 43.000000 0.09833799999999999486
21 68.000000 47.000000 0.09282700000000000673
22 55.000000 39.000000 0.14160700000000001064
23 59.000000 45.000000 0.06255900000000000349
24 88.000000 56.000000 0.10622099999999999598
25 64.000000 49.000000 0.10020800000000000540
26 49.000000 39.000000 0.09326299999999999868
27 54.000000 43.000000 0.06283199999999999896
28 50.000000 40.000000 0.05308000000000000218
29 65.000000 46.000000 0.05533199999999999924
30 61.000000 49.000000 0.13436500000000001220
31 60.000000 43.000000 0.13539100000000001134
32 58.000000 46.000000 0.11032999999999999752
33 45.000000 34.000000 0.18845200000000000840
34 53.000000 41.000000 0.05529499999999999693
35 52.000000 44.000000 0.07241899999999999726
36 64.000000 46.000000 0.04857399999999999912
37 70.000000 52.000000 0.06225800000000000084
38 56.000000 42.000000 0.07712299999999999711
39 51.000000 38.000000 0.04465600000000000125
40 60.000000 42.000000 0.05778099999999999903
41 50.000000 37.000000 0.04868900000000000311
42 55.000000 43.000000 0.05437299999999999772
43 76.000000 53.000000 0.06524699999999999944
44 62.000000 44.000000 0.05387499999999999928
45 56.000000 44.000000 0.05349799999999999695
46 63.000000 45.000000 0.08347799999999999665
47 67.000000 48.000000 0.09225400000000000267
48 50.000000 41.000000 0.05065800000000000164
49 75.000000 51.000000 0.04906599999999999850
50 62.000000 43.000000 0.05879899999999999710
51 79.000000 55.000000 0.06551899999999999391
52 50.000000 39.000000 0.08115400000000000391
53 72.000000 47.000000 0.09167599999999999361
54 47.000000 39.000000 0.06296899999999999720
55 42.000000 36.000000 0.05929000000000000242
56 71.000000 51.000000 0.08942700000000000649
57 85.000000 55.000000 0.04609400000000000303
58 61.000000 47.000000 0.07179299999999999571
59 46.000000 38.000000 0.09198199999999999432
60 52.000000 43.000000 0.12413399999999999435
61 59.000000 44.000000 0.05956000000000000183
62 76.000000 48.000000 0.05816500000000000142
63 67.000000 49.000000 0.13182299999999999573
64 59.000000 42.000000 0.09430299999999999794
65 65.000000 48.000000 0.06397700000000000609
66 57.000000 40.000000 0.10270999999999999575
67 59.000000 45.000000 0.12718799999999999550
68 52.000000 41.000000 0.12396400000000000474
69 78.000000 53.000000 0.12814900000000001290
70 46.000000 36.000000 0.09615400000000000336
71 59.000000 42.000000 0.14007600000000000606
72 58.000000 43.000000 0.10097499999999999531
73 58.000000 44.000000 0.09303100000000000258
74 58.000000 45.000000 0.12123799999999999855
75 54.000000 37.000000 0.15103500000000000258
76 41.000000 34.000000 0.13839799999999999325
77 51.000000 42.000000 0.11501400000000000512
78 51.000000 40.000000 0.16165199999999999014
79 62.000000 49.000000 0.16412899999999999712
80 56.000000 45.000000 0.13535500000000000309
81 53.000000 44.000000 0.05233499999999999958
82 69.000000 53.000000 0.07206999999999999518
83 49.000000 40.000000 0.13772999999999999132
84 32.000000 28.000000 0.06161699999999999816
85 66.000000 46.000000 0.07240800000000000014
86 37.000000 34.000000 0.15727099999999999413
87 60.000000 42.000000 0.09522100000000000009
88 43.000000 33.000000 0.10763100000000000445
89 40.000000 33.000000 0.06208199999999999830
90 54.000000 42.000000 0.04784499999999999864
91 67.000000 49.000000 0.05061399999999999927
92 68.000000 50.000000 0.10309000000000000108
93 53.000000 41.000000 0.09459399999999999753
94 71.000000 49.000000 0.04609599999999999809
95 54.000000 41.000000 0.04870499999999999829
96 69.000000 52.000000 0.04139400000000000024
97 59.000000 46.000000 0.05063499999999999945
98 60.000000 48.000000 0.04328900000000000109
99 57.000000 43.000000 0.09662199999999999955
100 54.000000 43.000000 0.07010199999999999765
101 53.000000 39.000000 0.06281000000000000472
102 59.000000 43.000000 0.07418600000000000194
103 35.000000 30.000000 0.07672299999999999953
104 53.000000 40.000000 0.06926699999999999524
105 42.000000 34.000000 0.05593900000000000261
106 61.000000 43.000000 0.05543000000000000010
107 61.000000 44.000000 0.08664199999999999680
108 51.000000 37.000000 0.07731499999999999484
109 55.000000 42.000000 0.07461600000000000177
110 56.000000 44.000000 0.06671799999999999953
111 76.000000 56.000000 0.05256999999999999867
112 63.000000 47.000000 0.04294800000000000006
113 64.000000 52.000000 0.04941199999999999759
114 65.000000 52.000000 0.04899200000000000083
115 54.000000 39.000000 0.04869899999999999923
116 57.000000 42.000000 0.05564999999999999808
117 61.000000 49.000000 0.04895599999999999952
118 53.000000 41.000000 0.06342899999999999927
119 46.000000 35.000000 0.07624999999999999833
120 47.000000 38.000000 0.04440199999999999703
121 63.000000 49.000000 0.05043299999999999866
122 42.000000 31.000000 0.06484299999999999786
123 53.000000 46.000000 0.05966799999999999882
124 50.000000 40.000000 0.09924399999999999888
125 55.000000 41.000000 0.05532999999999999724
126 61.000000 46.000000 0.09970800000000000496
127 53.000000 41.000000 0.08430100000000000093
128 45.000000 37.000000 0.06205399999999999805
129 59.000000 47.000000 0.07143800000000000150
130 62.000000 48.000000 0.04802599999999999925
131 62.000000 46.000000 0.06743699999999999695
132 58.000000 46.000000 0.06142299999999999843
133 82.000000 56.000000 0.04230600000000000332
134 63.000000 47.000000 0.08004699999999999316
135 45.000000 37.000000 0.06992199999999999804
136 61.000000 44.000000 0.11930100000000000426
137 68.000000 49.000000 0.06759800000000000531
138 62.000000 48.000000 0.09635399999999999521
139 52.000000 40.000000 0.04966600000000000181
140 49.000000 40.000000 0.07413599999999999357
141 66.000000 47.000000 0.04725700000000000039
142 49.000000 37.000000 0.04835799999999999821
143 68.000000 51.000000 0.06598400000000000098
144 59.000000 45.000000 0.04977299999999999780
145 57.000000 42.000000 0.06254999999999999449
146 48.000000 35.000000 0.05317500000000000004
147 65.000000 46.000000 0.08150799999999999712
148 68.000000 51.000000 0.06075699999999999851
149 49.000000 39.000000 0.05635099999999999831
150 40.000000 32.000000 0.05885100000000000053
151 42.000000 32.000000 0.06111500000000000266
152 57.000000 40.000000 0.05816500000000000142
153 51.000000 39.000000 0.04856400000000000300
154 53.000000 39.000000 0.07428700000000000581
155 55.000000 43.000000 0.09021099999999999952
156 57.000000 40.000000 0.04745900000000000118
157 81.000000 54.000000 0.04601100000000000328
158 54.000000 40.000000 0.12733600000000000474
159 73.000000 50.000000 0.05825299999999999923
160 61.000000 45.000000 0.06306200000000000694
161 62.000000 45.000000 0.05599900000000000017
162 72.000000 48.000000 0.07628799999999999470
163 45.000000 35.000000 0.05673999999999999877
164 63.000000 49.000000 0.06512900000000000633
165 40.000000 36.000000 0.07416899999999999882
166 57.000000 40.000000 0.06112999999999999684
167 47.000000 39.000000 0.10869299999999999795
168 61.000000 46.000000 0.08208799999999999430
169 64.000000 48.000000 0.04216000000000000303
170 65.000000 53.000000 0.05066799999999999776
171 71.000000 47.000000 0.08959999999999999909
172 65.000000 47.000000 0.04106400000000000328
173 50.000000 41.000000 0.04376399999999999735
174 55.000000 43.000000 0.05367500000000000049
175 59.000000 43.000000 0.09032600000000000351
176 63.000000 43.000000 0.03960999999999999938
177 68.000000 54.000000 0.04714700000000000141
178 60.000000 45.000000 0.05430100000000000204
179 63.000000 45.000000 0.07648499999999999743
180 48.000000 37.000000 0.06325000000000000067
181 53.000000 42.000000 0.10406700000000000672
182 54.000000 44.000000 0.06996600000000000041
183 41.000000 36.000000 0.06354100000000000026
184 53.000000 43.000000 0.11796399999999999941
185 65.000000 46.000000 0.06085200000000000331
186 60.000000 42.000000 0.04642000000000000293
187 40.000000 32.000000 0.05599599999999999717
188 70.000000 45.000000 0.05045000000000000179
189 63.000000 50.000000 0.05887599999999999778
190 64.000000 49.000000 0.06774199999999999666
191 64.000000 50.000000 0.05192999999999999700
192 41.000000 34.000000 0.05597699999999999898
193 59.000000 45.000000 0.05437399999999999872
194 55.000000 43.000000 0.05574300000000000088
195 50.000000 34.000000 0.05766999999999999904
196 61.000000 43.000000 0.07016300000000000314
197 63.000000 44.000000 0.05073400000000000132
198 46.000000 38.000000 0.04982000000000000317
199 71.000000 49.000000 0.06116400000000000309
200 54.000000 41.000000 0.08428900000000000281
201 55.000000 41.000000 0.05641899999999999693
202 62.000000 44.000000 0.05286500000000000227
203 57.000000 45.000000 0.05124499999999999889
204 59.000000 45.000000 0.04288200000000000345
205 56.000000 43.000000 0.06112100000000000172
206 63.000000 46.000000 0.05513699999999999851
207 34.000000 30.000000 0.11842500000000000249
208 37.000000 31.000000 0.11131299999999999528
209 65.000000 48.000000 0.10205300000000000482
210 72.000000 52.000000 0.04881900000000000128
211 48.000000 38.000000 0.05809600000000000181
212 49.000000 38.000000 0.06348900000000000376
213 54.000000 43.000000 0.06530199999999999894
214 59.000000 39.000000 0.05262300000000000311
215 81.000000 54.000000 0.09905600000000000516
216 57.000000 41.000000 0.10260700000000000376
217 51.000000 40.000000 0.05031800000000000161
218 62.000000 44.000000 0.03799600000000000199
219 58.000000 44.000000 0.07431200000000000305
220 65.000000 50.000000 0.04544600000000000029
221 64.000000 46.000000 0.06892099999999999616
222 58.000000 42.000000 0.04099099999999999966
223 61.000000 43.000000 0.09056699999999999473
224 69.000000 50.000000 0.07131600000000000439
225 59.000000 40.000000 0.07537599999999999856
226 51.000000 40.000000 0.14442299999999999582
227 69.000000 49.000000 0.12725000000000000200
228 47.000000 40.000000 0.04917900000000000049
229 65.000000 53.000000 0.07029000000000000525
230 37.000000 33.000000 0.04818399999999999767
231 69.000000 50.000000 0.05423700000000000049
232 57.000000 44.000000 0.06407799999999999607
233 56.000000 45.000000 0.05644199999999999912
234 87.000000 57.000000 0.08096200000000000618
235 61.000000 40.000000 0.06301199999999999857
236 59.000000 46.000000 0.12876000000000001333
237 44.000000 35.000000 0.05546999999999999847
238 76.000000 54.000000 0.09625100000000000322
239 68.000000 47.000000 0.05859099999999999725
240 66.000000 49.000000 0.05507800000000000196
241 50.000000 37.000000 0.14283799999999999275
242 54.000000 38.000000 0.05406199999999999894
243 58.000000 42.000000 0.05091099999999999792
244 51.000000 45.000000 0.04865099999999999980
245 50.000000 40.000000 0.06674800000000000177
246 61.000000 43.000000 0.05468400000000000344
247 52.000000 37.000000 0.07768899999999999417
248 50.000000 37.000000 0.05800500000000000100
249 54.000000 42.000000 0.09917800000000000227
250 63.000000 47.000000 0.06705600000000000449
251 43.000000 36.000000 0.07791700000000000015
252 47.000000 40.000000 0.05988899999999999779
253 55.000000 40.000000 0.08948399999999999410
254 62.000000 47.000000 0.06471799999999999775
255 57.000000 42.000000 0.18950600000000000778
256 57.000000 45.000000 0.11298199999999999910
257 53.000000 37.000000 0.08924799999999999400
258 65.000000 47.000000 0.06274499999999999522
259 55.000000 38.000000 0.06584900000000000475
260 50.000000 43.000000 0.07947999999999999510
261 66.000000 50.000000 0.06565200000000000202
262 47.000000 35.000000 0.06484399999999999886
263 81.000000 54.000000 0.07292800000000000671
264 67.000000 52.000000 0.05626199999999999951
265 48.000000 36.000000 0.04769299999999999928
266 43.000000 33.000000 0.07662499999999999867
267 62.000000 45.000000 0.05845299999999999802
268 64.000000 47.000000 0.04968199999999999700
269 67.000000 50.000000 0.08640499999999999570
270 52.000000 39.000000 0.05363300000000000012
271 65.000000 49.000000 0.10644699999999999995
272 62.000000 46.000000 0.06865599999999999481
273 60.000000 44.000000 0.05408799999999999719
274 58.000000 47.000000 0.11178699999999999748
275 59.000000 43.000000 0.10856100000000000472
276 60.000000 44.000000 0.12387499999999999900
277 51.000000 40.000000 0.05446100000000000246
278 56.000000 42.000000 0.05395300000000000096
279 55.000000 38.000000 0.13293099999999999361
280 54.000000 43.000000 0.06837200000000000222
281 58.000000 48.000000 0.04695400000000000268
282 61.000000 41.000000 0.05133999999999999675
283 60.000000 46.000000 0.06517499999999999682
284 60.000000 45.000000 0.03814100000000000129
285 55.000000 44.000000 0.06801000000000000101
286 32.000000 27.000000 0.08512899999999999634
287 58.000000 42.000000 0.10911700000000000566
288 89.000000 56.000000 0.03441299999999999915
289 59.000000 44.000000 0.07879300000000000193
290 34.000000 32.000000 0.11232399999999999329
291 49.000000 39.000000 0.04642399999999999999
292 54.000000 45.000000 0.05028699999999999837
293 42.000000 35.000000 0.09708700000000000663
294 67.000000 52.000000 0.05478500000000000036
295 38.000000 32.000000 0.05352599999999999719
296 56.000000 45.000000 0.05123599999999999682
297 46.000000 36.000000 0.05812699999999999811
298 52.000000 41.000000 0.05842399999999999677
299 66.000000 46.000000 0.12548500000000001320
300 47.000000 35.000000 0.05166500000000000259
301 74.000000 51.000000 0.08013900000000000190
302 55.000000 38.000000 0.05996599999999999847
303 57.000000 41.000000 0.06300600000000000644
304 67.000000 46.000000 0.08405799999999999383
305 56.000000 48.000000 0.06687099999999999989
306 45.000000 36.000000 0.06641900000000000581
307 59.000000 46.000000 0.04891500000000000015
308 54.000000 43.000000 0.04348300000000000082
309 56.000000 44.000000 0.06865499999999999381
310 53.000000 43.000000 0.03681600000000000150
311 52.000000 41.000000 0.04528499999999999887
312 37.000000 32.000000 0.05280900000000000177
313 46.000000 34.000000 0.04851099999999999857
314 76.000000 56.000000 0.06477700000000000125
315 63.000000 50.000000 0.06105900000000000216
316 69.000000 54.000000 0.05506799999999999889
317 69.000000 49.000000 0.04675900000000000195
318 42.000000 36.000000 0.05351000000000000201
319 64.000000 49.000000 0.05027299999999999824
320 64.000000 48.000000 0.04809200000000000280
321 51.000000 41.000000 0.06220200000000000035
322 47.000000 38.000000 0.10936700000000000588
323 74.000000 55.000000 0.05777499999999999997
324 64.000000 49.000000 0.05761000000000000149
325 57.000000 40.000000 0.06729200000000000459
326 62.000000 48.000000 0.05659800000000000247
327 57.000000 46.000000 0.06427099999999999480
328 58.000000 45.000000 0.04773299999999999765
329 50.000000 37.000000 0.05090000000000000080
330 60.000000 48.000000 0.07001899999999999791
331 51.000000 37.000000 0.05007799999999999752
332 48.000000 41.000000 0.05165700000000000153
333 58.000000 41.000000 0.06797000000000000264
334 71.000000 49.000000 0.05171599999999999808
335 59.000000 44.000000 0.05048400000000000110
336 64.000000 42.000000 0.03853800000000000281
337 54.000000 42.000000 0.11145499999999999852
338 59.000000 46.000000 0.05656200000000000117
339 61.000000 44.000000 0.11312500000000000333
340 65.000000 47.000000 0.05589500000000000024
341 38.000000 32.000000 0.04071400000000000019
342 45.000000 33.000000 0.06120099999999999846
343 47.000000 35.000000 0.04823100000000000304
344 65.000000 46.000000 0.07367200000000000137
345 62.000000 48.000000 0.05826699999999999935
346 38.000000 31.000000 0.05824300000000000310
347 40.000000 32.000000 0.05214699999999999891
348 42.000000 34.000000 0.06645299999999999818
349 58.000000 43.000000 0.04898500000000000076
350 48.000000 38.000000 0.05942399999999999766
351 63.000000 42.000000 0.04716499999999999859
352 66.000000 43.000000 0.04366099999999999842
353 73.000000 53.000000 0.04633099999999999719
354 49.000000 38.000000 0.05290299999999999864
355 58.000000 40.000000 0.06668000000000000316
356 55.000000 43.000000 0.06175699999999999940
357 57.000000 44.000000 0.09011299999999999866
358 60.000000 44.000000 0.04714600000000000041
359 56.000000 43.000000 0.04758600000000000330
360 43.000000 31.000000 0.04160500000000000309
361 54.000000 46.000000 0.04189500000000000168
362 64.000000 51.000000 0.05879600000000000104
363 66.000000 46.000000 0.08295900000000000496
364 78.000000 54.000000 0.04815500000000000336
365 68.000000 48.000000 0.08147999999999999687
366 44.000000 40.000000 0.07146099999999999675
367 68.000000 46.000000 0.05206600000000000117
368 74.000000 52.000000 0.06209599999999999842
369 62.000000 45.000000 0.09837899999999999423
370 61.000000 43.000000 0.06126500000000000001
371 51.000000 42.000000 0.04884000000000000147
372 60.000000 44.000000 0.04997200000000000253
373 71.000000 50.000000 0.06953499999999999959
374 55.000000 40.000000 0.04407900000000000013
375 60.000000 45.000000 0.04572999999999999982
376 58.000000 43.000000 0.07591499999999999637
377 71.000000 50.000000 0.12230199999999999405
378 70.000000 48.000000 0.12186500000000000110
379 76.000000 52.000000 0.04991600000000000203
380 65.000000 51.000000 0.05022800000000000181
381 50.000000 40.000000 0.04847200000000000120
382 45.000000 34.000000 0.05059400000000000008
383 68.000000 48.000000 0.06851899999999999658
384 75.000000 53.000000 0.06303000000000000269
385 41.000000 31.000000 0.06206300000000000011
386 48.000000 40.000000 0.08423999999999999544
387 68.000000 50.000000 0.05072299999999999726
388 64.000000 49.000000 0.03896600000000000064
389 65.000000 45.000000 0.06637300000000000144
390 49.000000 40.000000 0.07141400000000000525
391 60.000000 43.000000 0.05120899999999999758
392 44.000000 36.000000 0.09744800000000000684
393 67.000000 51.000000 0.05995700000000000335
394 81.000000 54.000000 0.04263600000000000029
395 45.000000 34.000000 0.07315399999999999681
396 62.000000 46.000000 0.06765100000000000280
397 61.000000 43.000000 0.04632200000000000206
398 54.000000 40.000000 0.05520900000000000113
399 62.000000 46.000000 0.08118999999999999828
400 57.000000 48.000000 0.06785800000000000165
401 43.000000 34.000000 0.11253900000000000015
402 73.000000 51.000000 0.04250099999999999711
403 54.000000 42.000000 0.05893000000000000321
404 57.000000 44.000000 0.05138199999999999712
405 63.000000 49.000000 0.04623000000000000026
406 51.000000 37.000000 0.06207800000000000124
407 50.000000 38.000000 0.10610200000000000187
408 54.000000 40.000000 0.05996499999999999747
409 47.000000 35.000000 0.06122799999999999770
410 62.000000 42.000000 0.06451199999999999990
411 49.000000 39.000000 0.06851599999999999357
412 48.000000 36.000000 0.09420599999999999807
413 58.000000 40.000000 0.08734599999999999309
414 43.000000 35.000000 0.14942800000000000527
415 71.000000 51.000000 0.04925600000000000117
416 68.000000 48.000000 0.11719200000000000450
417 50.000000 39.000000 0.06066900000000000071
418 56.000000 42.000000 0.04925199999999999717
419 63.000000 48.000000 0.07508800000000000197
420 48.000000 35.000000 0.05718299999999999772
