1 97.000000 72.000000 0.75517299999999998317
2 118.000000 93.000000 0.30161599999999999522
3 122.000000 89.000000 0.31450099999999997502
4 92.000000 72.000000 0.29771599999999998065
5 94.000000 65.000000 0.34881899999999999018
6 107.000000 76.000000 0.16558700000000001196
7 111.000000 80.000000 0.27542600000000000415
8 104.000000 76.000000 0.21051300000000000567
9 117.000000 90.000000 0.18881000000000000560
10 103.000000 77.000000 0.30464099999999999513
11 130.000000 97.000000 0.27613900000000002333
12 116.000000 88.000000 0.21977900000000000214
13 125.000000 85.000000 0.34672999999999998266
14 119.000000 83.000000 0.26235900000000000887
15 116.000000 79.000000 0.51212199999999996614
16 128.000000 90.000000 0.18091899999999999649
17 150.000000 103.000000 0.39732200000000000850
18 100.000000 82.000000 0.21613999999999999879
19 132.000000 92.000000 0.28258199999999999985
20 114.000000 76.000000 0.27449299999999998700
21 113.000000 83.000000 0.35253400000000001402
22 132.000000 95.000000 0.26603300000000001946
23 126.000000 92.000000 0.25937100000000001820
24 134.000000 98.000000 0.39732200000000000850
25 130.000000 92.000000 0.24702499999999999458
26 98.000000 80.000000 0.34197400000000000020
27 79.000000 59.000000 0.35401300000000002210
28 134.000000 98.000000 0.23098099999999999188
29 128.000000 90.000000 0.30455799999999999539
30 106.000000 83.000000 0.41571700000000000319
31 117.000000 82.000000 0.24989000000000000101
32 121.000000 85.000000 0.48801400000000000334
33 112.000000 84.000000 0.17085600000000000787
34 117.000000 84.000000 0.41887499999999999734
35 142.000000 97.000000 0.12227999999999999980
36 120.000000 91.000000 0.15674799999999999844
37 116.000000 86.000000 0.19476499999999999369
38 140.000000 97.000000 0.25643300000000002203
39 105.000000 81.000000 0.15474599999999999467
40 113.000000 84.000000 0.25096299999999999164
41 129.000000 90.000000 0.27223000000000002752
42 122.000000 88.000000 0.18823799999999998867
43 137.000000 95.000000 0.44728699999999999015
44 96.000000 77.000000 0.20334199999999999497
45 108.000000 79.000000 0.32791300000000001003
46 140.000000 100.000000 0.55389100000000002222
47 89.000000 63.000000 0.29876999999999998003
48 146.000000 103.000000 0.19408000000000000251
49 124.000000 88.000000 0.25094600000000000239
50 72.000000 58.000000 0.15918699999999999517
51 98.000000 73.000000 0.18477899999999999880
52 95.000000 74.000000 0.21408499999999999752
53 134.000000 98.000000 0.27575100000000002387
54 139.000000 97.000000 0.39523700000000000498
55 143.000000 106.000000 0.12875100000000000433
56 152.000000 113.000000 0.14582600000000001117
57 112.000000 81.000000 0.20072599999999998777
58 130.000000 92.000000 0.16758600000000001273
59 123.000000 84.000000 0.51311200000000001253
60 152.000000 110.000000 0.34916700000000000514
61 114.000000 85.000000 0.26396199999999997443
62 115.000000 82.000000 0.23784199999999999786
63 92.000000 71.000000 0.38633600000000001273
64 69.000000 53.000000 0.20662300000000000111
65 133.000000 88.000000 0.53235500000000002263
66 126.000000 89.000000 0.31495600000000001373
67 115.000000 89.000000 0.29390199999999999658
68 124.000000 91.000000 0.20624999999999998890
69 90.000000 67.000000 0.22375000000000000444
70 115.000000 81.000000 0.10468900000000000428
71 141.000000 103.000000 0.17842399999999999927
72 110.000000 79.000000 0.22857399999999999940
73 119.000000 88.000000 0.18163199999999998790
74 119.000000 87.000000 0.20299400000000000777
75 102.000000 78.000000 0.20328499999999999348
76 112.000000 81.000000 0.32133299999999997976
77 89.000000 66.000000 0.38060699999999997312
78 109.000000 82.000000 0.25395099999999998230
79 117.000000 84.000000 0.35421999999999997932
80 118.000000 89.000000 0.21094099999999998962
81 114.000000 82.000000 0.19722999999999998866
82 107.000000 81.000000 0.33016299999999998427
83 108.000000 82.000000 0.19690799999999999970
84 173.000000 115.000000 0.19641500000000000625
85 137.000000 99.000000 0.28994900000000001228
86 79.000000 60.000000 0.27740700000000001468
87 130.000000 93.000000 0.20510300000000000753
88 88.000000 70.000000 0.22358300000000000396
89 161.000000 104.000000 0.26847300000000001718
90 147.000000 104.000000 0.27612399999999998057
91 110.000000 79.000000 0.29942600000000002547
92 140.000000 102.000000 0.18160399999999998766
93 111.000000 75.000000 0.18832399999999999141
94 94.000000 78.000000 0.19917399999999998994
95 122.000000 94.000000 0.26402599999999998293
96 87.000000 62.000000 0.25690800000000002523
97 103.000000 84.000000 0.21807799999999999407
98 96.000000 75.000000 0.26119199999999997974
99 103.000000 79.000000 0.19196199999999999375
100 138.000000 96.000000 0.21852499999999999702
101 141.000000 96.000000 0.37863900000000000334
102 150.000000 102.000000 0.28505999999999998007
103 105.000000 80.000000 0.25141700000000000159
104 110.000000 82.000000 0.25900299999999998324
105 109.000000 81.000000 0.19690799999999999970
106 104.000000 76.000000 0.17777499999999998859
107 96.000000 75.000000 0.19806299999999998906
108 141.000000 98.000000 0.36222500000000001918
109 115.000000 80.000000 0.44413999999999997925
110 123.000000 85.000000 0.15174699999999999300
111 133.000000 92.000000 0.18484800000000001230
112 134.000000 90.000000 0.17628699999999999926
113 112.000000 85.000000 0.23250899999999999346
114 91.000000 60.000000 0.37059399999999997899
115 108.000000 81.000000 0.36009400000000002517
116 158.000000 106.000000 0.14844299999999999162
117 168.000000 115.000000 0.41238799999999997681
118 125.000000 94.000000 0.22452199999999999935
119 127.000000 93.000000 0.24779799999999999049
120 69.000000 52.000000 0.33200600000000002332
121 136.000000 102.000000 0.13341800000000000881
122 75.000000 61.000000 0.17602300000000001279
123 139.000000 94.000000 0.28363100000000002199
124 87.000000 70.000000 0.18329100000000000947
125 134.000000 96.000000 0.18797500000000000320
126 137.000000 97.000000 0.22994600000000001150
127 155.000000 99.000000 0.19051299999999998791
128 105.000000 82.000000 0.22471800000000000108
129 86.000000 68.000000 0.17790900000000001158
130 99.000000 70.000000 0.25843300000000002381
131 93.000000 71.000000 0.25471700000000002673
132 108.000000 77.000000 0.30416900000000002269
133 94.000000 69.000000 0.17904999999999998694
134 101.000000 74.000000 0.17089299999999998936
135 84.000000 68.000000 0.20062800000000000078
136 120.000000 86.000000 0.15552599999999999758
137 135.000000 93.000000 0.23619200000000001305
138 134.000000 95.000000 0.26054800000000000182
139 91.000000 70.000000 0.23140800000000000258
140 122.000000 90.000000 0.21313899999999999513
141 113.000000 87.000000 0.23528999999999999915
142 163.000000 106.000000 0.23780299999999998661
143 152.000000 109.000000 0.22970699999999999452
144 157.000000 110.000000 0.16820499999999999341
145 137.000000 101.000000 0.36096699999999998232
146 173.000000 112.000000 0.25202099999999999502
147 123.000000 86.000000 0.20439199999999999036
148 106.000000 77.000000 0.27451599999999998225
149 94.000000 74.000000 0.16404299999999999438
150 121.000000 89.000000 0.33805400000000002114
151 91.000000 62.000000 0.25331999999999998963
152 103.000000 84.000000 0.24683299999999999685
153 136.000000 101.000000 0.20468000000000000083
154 147.000000 103.000000 0.34178900000000000947
155 90.000000 67.000000 0.62721599999999999575
156 133.000000 89.000000 0.21670700000000001073
157 138.000000 93.000000 0.49882100000000001438
158 99.000000 73.000000 0.24939000000000000057
159 65.000000 57.000000 0.23036699999999998845
160 96.000000 74.000000 0.15469199999999999617
161 122.000000 81.000000 0.23069200000000000816
162 127.000000 91.000000 0.23796400000000000885
163 125.000000 86.000000 0.19398299999999998877
164 132.000000 99.000000 0.38140699999999999603
165 113.000000 85.000000 0.13554499999999999882
166 136.000000 99.000000 0.19519100000000000339
167 109.000000 79.000000 0.15992999999999998884
168 139.000000 94.000000 0.20911799999999999833
169 108.000000 86.000000 0.31023200000000000776
170 127.000000 90.000000 0.16808400000000001118
171 101.000000 75.000000 0.16248099999999998655
172 159.000000 110.000000 0.16225100000000000633
173 129.000000 83.000000 0.22223799999999999111
174 117.000000 85.000000 0.30875299999999999967
175 134.000000 96.000000 0.27185700000000001531
176 119.000000 83.000000 0.42991400000000001835
177 128.000000 87.000000 0.35647000000000000908
178 117.000000 87.000000 0.15614200000000000301
179 82.000000 54.000000 0.27588800000000002210
180 134.000000 99.000000 0.19017899999999998695
181 119.000000 87.000000 0.31731599999999998696
182 140.000000 92.000000 0.33263399999999998524
183 117.000000 84.000000 0.37651800000000001933
184 135.000000 91.000000 0.15930900000000000616
185 138.000000 97.000000 0.19897599999999998621
186 122.000000 87.000000 0.32670799999999999841
187 79.000000 62.000000 0.18029999999999998805
188 98.000000 77.000000 0.19075600000000000889
189 129.000000 98.000000 0.51093200000000005279
190 110.000000 84.000000 0.21826300000000001256
191 127.000000 89.000000 0.33940399999999998348
192 89.000000 57.000000 0.34774699999999997280
193 161.000000 105.000000 0.28981000000000001204
194 106.000000 76.000000 0.21741800000000000015
195 88.000000 67.000000 0.55214799999999997215
196 74.000000 60.000000 0.19516500000000000514
197 96.000000 71.000000 0.22125900000000001122
198 117.000000 84.000000 0.16208900000000001085
199 96.000000 72.000000 0.23292599999999999416
200 123.000000 86.000000 0.42271100000000000341
201 100.000000 79.000000 0.21218699999999998673
202 108.000000 75.000000 0.26897300000000001763
203 125.000000 91.000000 0.14885100000000001108
204 156.000000 100.000000 0.16677400000000000557
205 148.000000 106.000000 0.26793400000000000549
206 114.000000 81.000000 0.29661100000000001353
207 122.000000 93.000000 0.21636700000000000377
208 110.000000 81.000000 0.31053599999999997872
209 75.000000 61.000000 0.15589900000000000979
210 106.000000 78.000000 0.18099699999999999123
211 121.000000 83.000000 0.27028499999999999748
212 152.000000 109.000000 0.22386200000000000543
213 122.000000 88.000000 0.19301699999999999413
214 104.000000 78.000000 0.20893200000000000660
215 98.000000 68.000000 0.17514099999999999113
216 119.000000 89.000000 0.14171700000000000963
217 112.000000 82.000000 0.23812300000000000133
218 143.000000 101.000000 0.19107399999999999385
219 82.000000 66.000000 0.16817299999999998916
220 124.000000 85.000000 0.22656899999999999262
221 94.000000 77.000000 0.17275699999999999390
222 124.000000 88.000000 0.16330900000000000971
223 145.000000 97.000000 0.27948099999999997944
224 110.000000 79.000000 0.45309599999999999875
225 126.000000 91.000000 0.33882899999999999130
226 122.000000 87.000000 0.17914599999999999969
227 92.000000 71.000000 0.23193600000000000327
228 100.000000 67.000000 0.19717100000000001292
229 104.000000 74.000000 0.36855700000000002348
230 119.000000 82.000000 0.17669199999999998796
231 100.000000 80.000000 0.20073299999999999477
232 81.000000 60.000000 0.14426700000000000634
233 136.000000 98.000000 0.19630400000000000627
234 108.000000 79.000000 0.25160599999999999632
235 139.000000 100.000000 0.57490799999999997461
236 120.000000 84.000000 0.21029300000000000770
237 114.000000 80.000000 0.32257700000000000262
238 76.000000 64.000000 0.18655399999999999761
239 89.000000 66.000000 0.22189200000000000590
240 131.000000 104.000000 0.28017100000000000337
241 121.000000 95.000000 0.26562400000000002676
242 141.000000 103.000000 0.17727100000000001190
243 96.000000 72.000000 0.18145600000000000618
244 146.000000 100.000000 0.37600099999999997413
245 143.000000 105.000000 0.20788899999999999046
246 126.000000 96.000000 0.24065200000000000480
247 129.000000 96.000000 0.32962500000000000133
248 111.000000 81.000000 0.30425400000000002443
249 141.000000 106.000000 0.20134599999999999720
250 74.000000 62.000000 0.29268199999999999772
251 131.000000 89.000000 0.27875800000000000578
252 130.000000 95.000000 0.14474000000000000754
253 135.000000 95.000000 0.20897299999999999209
254 139.000000 92.000000 0.24236099999999999310
255 111.000000 74.000000 0.24639099999999999890
256 116.000000 84.000000 0.33000899999999999679
257 95.000000 71.000000 0.24513499999999999179
258 95.000000 71.000000 0.16796400000000000219
259 132.000000 95.000000 0.62685400000000002230
260 158.000000 108.000000 0.15574499999999999456
261 101.000000 77.000000 0.17394799999999999152
262 88.000000 70.000000 0.23069799999999998641
263 99.000000 78.000000 0.20163800000000001167
264 120.000000 88.000000 0.25632700000000002705
265 147.000000 105.000000 0.22453400000000001135
266 146.000000 108.000000 0.16428799999999998960
267 143.000000 103.000000 0.39835799999999998988
268 156.000000 105.000000 0.25709599999999999120
269 81.000000 65.000000 0.19792399999999998883
270 173.000000 109.000000 0.11136100000000000165
271 137.000000 95.000000 0.20071300000000000252
272 83.000000 69.000000 0.21001800000000001023
273 126.000000 94.000000 0.27031800000000000272
274 133.000000 94.000000 0.19233900000000000996
275 128.000000 95.000000 0.26766299999999998427
276 180.000000 119.000000 0.31747100000000000319
277 102.000000 78.000000 0.21732899999999999441
278 117.000000 83.000000 0.53124899999999997124
279 135.000000 95.000000 0.33149299999999998212
280 101.000000 75.000000 0.21156900000000000706
281 127.000000 89.000000 0.20138700000000001045
282 123.000000 92.000000 0.25370399999999998508
283 120.000000 96.000000 0.20930499999999999106
284 78.000000 62.000000 0.22001799999999999136
285 102.000000 83.000000 0.17770900000000000585
286 143.000000 103.000000 0.27013399999999998524
287 111.000000 83.000000 0.28125800000000000800
288 129.000000 82.000000 0.23593000000000000083
289 122.000000 90.000000 0.21523100000000000565
290 139.000000 100.000000 0.18259600000000000830
291 102.000000 82.000000 0.27363300000000001511
292 137.000000 96.000000 0.17135700000000000931
293 108.000000 83.000000 0.24988399999999999501
294 98.000000 74.000000 0.13898199999999999443
295 93.000000 68.000000 0.23247699999999998921
296 119.000000 90.000000 0.47098899999999999100
297 152.000000 101.000000 0.17691799999999999193
298 104.000000 78.000000 0.27256999999999997897
299 135.000000 96.000000 0.35211500000000001132
300 109.000000 80.000000 0.20877000000000001112
301 123.000000 84.000000 0.16583899999999998642
302 119.000000 81.000000 0.26100200000000001177
303 107.000000 85.000000 0.13187999999999999723
304 121.000000 81.000000 0.18004000000000000559
305 87.000000 61.000000 0.34794900000000000828
306 94.000000 72.000000 0.29686000000000001275
307 150.000000 114.000000 0.18531000000000000250
308 178.000000 116.000000 0.31485899999999999999
309 136.000000 94.000000 0.21812200000000001032
310 113.000000 76.000000 0.39522200000000001774
311 97.000000 73.000000 0.16733700000000001351
312 152.000000 97.000000 0.22038599999999999857
313 109.000000 82.000000 0.21533099999999999463
314 126.000000 87.000000 0.10171700000000000186
315 146.000000 96.000000 0.17217599999999999572
316 72.000000 55.000000 0.31713599999999997348
317 157.000000 106.000000 0.18468999999999999306
318 120.000000 93.000000 0.20085400000000000476
319 118.000000 91.000000 0.24286399999999999655
320 126.000000 89.000000 0.45043699999999997630
321 107.000000 84.000000 0.25935099999999999820
322 106.000000 80.000000 0.27118999999999998662
323 103.000000 76.000000 0.17302999999999998937
324 101.000000 75.000000 0.26124300000000000299
325 110.000000 83.000000 0.26787400000000000100
326 115.000000 86.000000 0.27650200000000002554
327 136.000000 96.000000 0.24759600000000001052
328 104.000000 84.000000 0.27372600000000002485
329 143.000000 100.000000 0.28366200000000002523
330 99.000000 71.000000 0.21236599999999999921
331 100.000000 76.000000 0.17831700000000000328
332 142.000000 104.000000 0.17372599999999999154
333 105.000000 77.000000 0.17548800000000000510
334 113.000000 86.000000 0.17253799999999999693
335 104.000000 79.000000 0.22801099999999999146
336 95.000000 74.000000 0.16868700000000000361
337 85.000000 63.000000 0.23545399999999999663
338 88.000000 66.000000 0.17267299999999999316
339 125.000000 92.000000 0.22606999999999999318
340 94.000000 64.000000 0.25191299999999999804
341 110.000000 80.000000 0.22410199999999999565
342 139.000000 100.000000 0.36956899999999998085
343 105.000000 81.000000 0.13635300000000000198
344 96.000000 69.000000 0.22952600000000000779
345 91.000000 65.000000 0.15538899999999999935
346 131.000000 91.000000 0.52116200000000001413
347 94.000000 68.000000 0.25459700000000001774
348 129.000000 96.000000 0.36168400000000000549
349 104.000000 73.000000 0.29699799999999998423
350 147.000000 99.000000 0.16967899999999999650
351 133.000000 94.000000 0.25093999999999999639
352 98.000000 73.000000 0.25636100000000000554
353 114.000000 83.000000 0.17112399999999999833
354 103.000000 74.000000 0.14478900000000000103
355 102.000000 78.000000 0.17512600000000000389
356 106.000000 77.000000 0.40836299999999997601
357 111.000000 79.000000 0.27328999999999997739
358 106.000000 75.000000 0.25819999999999998508
359 90.000000 70.000000 0.16604199999999999515
360 135.000000 99.000000 0.18739800000000000901
361 89.000000 74.000000 0.15243699999999998917
362 137.000000 98.000000 0.19022300000000000320
363 129.000000 88.000000 0.21293699999999998740
364 122.000000 83.000000 0.44151499999999999080
365 93.000000 72.000000 0.20981199999999999850
366 101.000000 78.000000 0.19490199999999999192
367 91.000000 69.000000 0.38855699999999998573
368 97.000000 73.000000 0.20437299999999999911
369 112.000000 88.000000 0.23165299999999999780
370 120.000000 87.000000 0.18471999999999999531
371 139.000000 91.000000 0.20089899999999999425
372 115.000000 80.000000 0.39214100000000001733
373 103.000000 81.000000 0.23111499999999998711
374 121.000000 84.000000 0.20152600000000001068
375 129.000000 93.000000 0.26873099999999999765
376 134.000000 93.000000 0.20246300000000000407
377 128.000000 88.000000 0.30834099999999997621
378 144.000000 96.000000 0.25097099999999999964
379 115.000000 85.000000 0.48919099999999998696
380 112.000000 80.000000 0.22633800000000001140
381 138.000000 96.000000 0.25362400000000001610
382 144.000000 95.000000 0.31996099999999999541
383 95.000000 73.000000 0.14104099999999999970
384 142.000000 97.000000 0.30224400000000001265
385 116.000000 82.000000 0.33276299999999997548
386 122.000000 87.000000 0.18314900000000000624
387 130.000000 92.000000 0.46704699999999998994
388 125.000000 93.000000 0.18189600000000000213
389 139.000000 99.000000 0.30488700000000001911
390 144.000000 100.000000 0.22046099999999999031
391 75.000000 52.000000 0.68497200000000002529
392 114.000000 84.000000 0.44121500000000002384
393 94.000000 74.000000 0.19556799999999999184
394 112.000000 75.000000 0.16624600000000000488
395 122.000000 85.000000 0.20723600000000000354
396 94.000000 71.000000 0.36199700000000001321
397 99.000000 68.000000 0.14966799999999999549
398 143.000000 96.000000 0.16772699999999998721
399 124.000000 93.000000 0.14525799999999999823
400 154.000000 109.000000 0.30471900000000001763
401 115.000000 85.000000 0.26087100000000001954
402 170.000000 117.000000 0.19924300000000000344
403 108.000000 75.000000 0.19290999999999999814
404 131.000000 97.000000 0.24516899999999999804
405 94.000000 74.000000 0.20366600000000001369
406 143.000000 101.000000 0.31052299999999999347
407 132.000000 96.000000 0.34930699999999997862
408 92.000000 72.000000 0.18469599999999999906
409 89.000000 65.000000 0.23088400000000000589
410 101.000000 76.000000 0.37035899999999999377
411 101.000000 78.000000 0.20671800000000001285
412 138.000000 91.000000 0.22039000000000000257
413 148.000000 101.000000 0.30925900000000000611
414 101.000000 81.000000 0.19640900000000000025
415 78.000000 58.000000 0.17742499999999999938
416 85.000000 58.000000 0.16794799999999998619
417 137.000000 92.000000 0.21141299999999998982
418 129.000000 92.000000 0.18236700000000000133
419 100.000000 80.000000 0.16845099999999998963
420 108.000000 79.000000 0.20621100000000000541
