1 182.000000 135.000000 1.58377900000000004788
2 158.000000 130.000000 1.09559699999999993203
3 249.000000 177.000000 1.36445199999999999818
4 184.000000 134.000000 4.00651699999999966195
5 215.000000 166.000000 4.03232099999999960005
6 279.000000 184.000000 4.87135300000000004417
7 341.000000 220.000000 1.71975499999999992262
8 295.000000 211.000000 3.29677700000000006852
9 268.000000 178.000000 1.78571999999999997399
10 204.000000 152.000000 2.44819899999999979201
11 251.000000 176.000000 2.48375199999999995981
12 276.000000 201.000000 1.85746400000000000396
13 228.000000 169.000000 0.80882500000000001616
14 202.000000 147.000000 1.66429399999999994009
15 274.000000 197.000000 0.98133099999999995333
16 230.000000 164.000000 1.34783000000000008356
17 189.000000 142.000000 1.28930999999999995609
18 281.000000 207.000000 1.05023700000000008714
19 318.000000 219.000000 4.94542199999999976257
20 256.000000 194.000000 4.28861199999999964660
21 267.000000 197.000000 2.53662099999999979261
22 271.000000 181.000000 1.88209500000000007347
23 286.000000 205.000000 1.28566599999999997550
24 259.000000 191.000000 2.07159100000000018227
25 229.000000 163.000000 4.08188900000000032264
26 224.000000 155.000000 2.88920999999999983388
27 269.000000 187.000000 0.98416300000000001003
28 200.000000 144.000000 1.21440100000000006375
29 258.000000 187.000000 1.28366500000000005599
30 239.000000 167.000000 8.87453600000000086823
31 209.000000 147.000000 1.30933199999999994034
32 172.000000 130.000000 1.21153800000000000381
33 216.000000 159.000000 5.07823500000000027654
34 198.000000 154.000000 0.86381499999999999950
35 251.000000 181.000000 1.30498800000000003685
36 247.000000 183.000000 5.46913400000000038403
37 310.000000 221.000000 1.00553300000000001013
38 205.000000 145.000000 3.32554499999999997328
39 286.000000 213.000000 0.81557299999999999240
40 245.000000 166.000000 4.01736200000000032162
41 271.000000 194.000000 1.37395500000000003737
42 272.000000 190.000000 1.43439300000000002910
43 234.000000 165.000000 1.33826700000000009538
44 286.000000 192.000000 5.73431599999999974671
45 175.000000 136.000000 2.37055999999999977845
46 236.000000 170.000000 1.36827300000000007252
47 315.000000 201.000000 1.72758999999999995900
48 262.000000 185.000000 4.82574799999999992650
49 276.000000 190.000000 31.48903200000000168757
50 223.000000 168.000000 2.10189700000000012636
51 309.000000 219.000000 11.97769899999999942963
52 209.000000 159.000000 3.07482599999999983709
53 305.000000 205.000000 0.94601999999999997204
54 238.000000 171.000000 2.56659399999999982001
55 271.000000 203.000000 1.15995300000000001184
56 235.000000 162.000000 3.57492400000000021265
57 211.000000 163.000000 1.84412400000000009648
58 283.000000 195.000000 0.66762100000000001998
59 252.000000 181.000000 1.75816599999999989556
60 210.000000 158.000000 1.48047700000000004295
61 241.000000 169.000000 2.09344000000000018957
62 234.000000 171.000000 0.87565499999999996117
63 317.000000 222.000000 0.97276399999999996204
64 194.000000 145.000000 1.16004599999999991056
65 285.000000 195.000000 1.13802200000000008906
66 251.000000 186.000000 1.21846300000000007380
67 306.000000 208.000000 1.43701300000000009582
68 231.000000 173.000000 1.38775500000000007184
69 268.000000 193.000000 3.45371899999999998343
70 191.000000 148.000000 1.04884200000000005204
71 249.000000 177.000000 1.31394600000000005835
72 214.000000 153.000000 1.89464900000000002755
73 252.000000 183.000000 10.67661499999999996646
74 233.000000 172.000000 1.69069399999999991913
75 249.000000 171.000000 2.31634500000000009834
76 248.000000 173.000000 2.45900600000000002510
77 238.000000 179.000000 1.40826500000000010004
78 204.000000 155.000000 6.74809699999999956788
79 170.000000 131.000000 1.66474300000000008382
80 239.000000 185.000000 1.32378499999999998948
81 271.000000 199.000000 1.63954800000000000537
82 327.000000 213.000000 1.22597700000000009446
83 286.000000 209.000000 2.30333399999999999253
84 191.000000 151.000000 0.84195200000000003371
85 273.000000 194.000000 13.82626600000000038904
86 232.000000 181.000000 2.58321999999999984965
87 219.000000 159.000000 3.31467599999999995575
88 259.000000 183.000000 4.75460300000000035681
89 252.000000 181.000000 1.25707999999999997520
90 232.000000 157.000000 2.33622700000000005360
91 332.000000 237.000000 1.75973099999999993415
92 191.000000 138.000000 2.69171799999999983299
93 259.000000 191.000000 1.18450999999999995183
94 217.000000 160.000000 1.58489300000000010726
95 278.000000 193.000000 6.31160999999999994259
96 235.000000 169.000000 4.01735500000000023135
97 278.000000 199.000000 1.10526300000000010648
98 270.000000 185.000000 0.76712299999999999933
99 250.000000 182.000000 0.99151900000000003921
100 210.000000 152.000000 3.75326199999999987611
101 262.000000 191.000000 0.71670199999999995022
102 256.000000 188.000000 2.99521499999999996078
103 229.000000 163.000000 3.49608900000000000219
104 277.000000 195.000000 1.96155900000000005257
105 256.000000 176.000000 1.61650000000000004796
106 260.000000 188.000000 1.50852100000000000080
107 199.000000 142.000000 0.94484900000000004994
108 277.000000 187.000000 5.39384499999999977859
109 249.000000 181.000000 2.57260199999999983334
110 229.000000 171.000000 1.25242699999999995697
111 265.000000 185.000000 1.25057599999999990992
112 225.000000 157.000000 3.49351700000000020552
113 258.000000 180.000000 1.44928100000000004144
114 200.000000 145.000000 0.91744800000000004125
115 236.000000 179.000000 1.93162999999999995815
116 211.000000 155.000000 3.53123100000000000875
117 277.000000 204.000000 5.54070100000000032026
118 234.000000 173.000000 8.74323000000000050136
119 358.000000 240.000000 1.80895500000000009067
120 290.000000 206.000000 6.06351499999999976609
121 190.000000 136.000000 3.33661200000000013333
122 297.000000 213.000000 9.12227700000000041314
123 242.000000 170.000000 1.61041400000000001214
124 218.000000 158.000000 2.40008599999999994168
125 218.000000 161.000000 1.32934700000000005637
126 288.000000 197.000000 2.91600400000000004042
127 238.000000 171.000000 1.56652700000000000280
128 229.000000 171.000000 1.41842599999999996463
129 272.000000 194.000000 1.17262700000000008593
130 298.000000 205.000000 24.15087799999999873535
131 190.000000 146.000000 1.19068100000000010041
132 176.000000 141.000000 1.68968099999999998850
133 268.000000 193.000000 1.50771199999999994112
134 284.000000 194.000000 2.96982699999999999463
135 223.000000 169.000000 0.79722700000000001896
136 329.000000 221.000000 1.77982599999999990814
137 201.000000 160.000000 0.78633699999999995267
138 336.000000 222.000000 1.62618299999999993410
139 296.000000 203.000000 2.50919200000000008899
140 267.000000 185.000000 1.91096299999999996722
141 268.000000 189.000000 5.33049999999999979394
142 260.000000 177.000000 2.59075899999999981205
143 230.000000 154.000000 2.51760999999999990351
144 278.000000 190.000000 1.06810899999999997512
145 246.000000 175.000000 1.67879299999999997972
146 294.000000 194.000000 0.99700800000000000534
147 284.000000 195.000000 1.10175599999999995759
148 230.000000 173.000000 1.17464499999999993918
149 202.000000 154.000000 1.14689599999999991553
150 165.000000 128.000000 1.19415500000000007752
151 185.000000 138.000000 2.49296000000000006480
152 270.000000 192.000000 2.23331500000000016115
153 259.000000 170.000000 1.46533399999999991437
154 279.000000 185.000000 0.62745399999999995622
155 253.000000 165.000000 1.07151499999999999524
156 216.000000 156.000000 1.47315299999999993474
157 214.000000 161.000000 1.40915199999999996017
158 249.000000 183.000000 0.98046299999999997343
159 242.000000 181.000000 2.64794999999999980389
160 260.000000 176.000000 1.01116500000000009152
161 223.000000 171.000000 2.02489000000000007873
162 200.000000 150.000000 6.60012899999999991252
163 203.000000 138.000000 6.07439000000000017820
164 213.000000 152.000000 1.35198299999999993481
165 219.000000 161.000000 2.44365800000000010783
166 229.000000 153.000000 7.22004999999999963478
167 191.000000 138.000000 6.47072000000000002728
168 215.000000 159.000000 1.63761700000000010036
169 241.000000 163.000000 13.13535000000000074749
170 225.000000 170.000000 0.98109100000000004638
171 320.000000 209.000000 1.41115900000000005221
172 217.000000 157.000000 1.30257599999999995610
173 230.000000 155.000000 2.05684800000000000963
174 246.000000 174.000000 1.49973599999999995802
175 281.000000 207.000000 0.73164700000000004732
176 297.000000 212.000000 1.37111500000000008370
177 193.000000 150.000000 1.17865200000000003300
178 232.000000 173.000000 1.35700599999999993450
179 208.000000 148.000000 2.10265700000000022030
180 283.000000 206.000000 1.36538000000000003809
181 251.000000 175.000000 5.82121400000000033259
182 227.000000 170.000000 0.96431999999999995499
183 218.000000 160.000000 4.87718299999999960193
184 312.000000 221.000000 0.95714900000000002755
185 270.000000 200.000000 0.98540200000000000014
186 181.000000 131.000000 1.09826200000000007151
187 251.000000 176.000000 3.14810400000000001342
188 223.000000 167.000000 1.40132699999999998930
189 183.000000 136.000000 2.40592700000000014882
190 228.000000 176.000000 1.10161400000000009314
191 264.000000 174.000000 0.89998199999999994869
192 270.000000 194.000000 19.26946299999999823171
193 231.000000 177.000000 1.61665900000000006820
194 280.000000 187.000000 3.20812799999999986866
195 200.000000 148.000000 0.93275699999999994727
196 287.000000 202.000000 4.67151300000000002655
197 269.000000 185.000000 1.67244700000000001694
198 234.000000 163.000000 1.34633800000000003472
199 211.000000 153.000000 5.66344799999999981566
200 254.000000 187.000000 0.94095200000000001062
201 258.000000 188.000000 2.43025700000000011158
202 172.000000 120.000000 4.72251099999999990331
203 190.000000 146.000000 1.33361200000000001964
204 192.000000 148.000000 1.54398300000000010535
205 223.000000 151.000000 0.88032699999999997065
206 232.000000 170.000000 1.08820500000000008889
207 227.000000 153.000000 0.99868500000000004491
208 240.000000 164.000000 4.94206500000000037431
209 180.000000 143.000000 1.52401000000000008683
210 282.000000 199.000000 3.59105100000000021510
211 302.000000 205.000000 1.56776800000000005042
212 246.000000 183.000000 1.04350600000000004464
213 303.000000 206.000000 1.60217499999999990479
214 287.000000 196.000000 2.39306000000000018701
215 299.000000 208.000000 1.18799399999999999444
216 307.000000 220.000000 0.69906000000000001471
217 266.000000 186.000000 3.75424600000000019406
218 269.000000 198.000000 1.08777199999999996116
219 276.000000 189.000000 2.79789799999999999613
220 210.000000 155.000000 0.79052900000000003722
221 255.000000 187.000000 3.70368500000000011596
222 218.000000 162.000000 2.33046100000000011576
223 234.000000 177.000000 5.44929000000000041126
224 232.000000 162.000000 1.07576999999999989299
225 234.000000 173.000000 1.79764400000000001967
226 233.000000 176.000000 1.41481799999999990902
227 254.000000 174.000000 1.13002500000000005720
228 171.000000 127.000000 2.08915100000000020231
229 292.000000 195.000000 0.65585599999999999454
230 257.000000 181.000000 1.29301400000000010770
231 246.000000 172.000000 1.82304899999999991955
232 260.000000 194.000000 1.21737000000000006317
233 226.000000 158.000000 3.04680699999999982097
234 276.000000 197.000000 3.74766699999999985948
235 254.000000 171.000000 1.03567699999999995875
236 242.000000 174.000000 2.66625900000000015666
237 259.000000 171.000000 8.74649600000000049249
238 244.000000 177.000000 1.85792000000000001592
239 235.000000 173.000000 4.60225200000000000955
240 234.000000 164.000000 1.40205200000000007599
241 256.000000 182.000000 0.89382399999999995188
242 224.000000 160.000000 6.14987999999999956913
243 211.000000 155.000000 0.89976500000000003698
244 206.000000 141.000000 1.51825999999999994294
245 284.000000 202.000000 1.99074599999999990452
246 283.000000 200.000000 1.64057300000000005902
247 235.000000 170.000000 1.14101399999999997270
248 321.000000 211.000000 3.63165799999999983072
249 257.000000 186.000000 1.53608699999999998020
250 242.000000 172.000000 1.43371000000000003993
251 233.000000 178.000000 0.79482600000000003249
252 273.000000 191.000000 2.38488699999999997914
253 233.000000 171.000000 2.33596899999999996211
254 217.000000 143.000000 2.80976500000000006807
255 262.000000 186.000000 0.71098399999999994936
256 192.000000 141.000000 1.33424699999999996081
257 260.000000 193.000000 1.86745199999999988982
258 246.000000 174.000000 0.72088799999999997326
259 219.000000 164.000000 0.80543900000000001604
260 324.000000 222.000000 0.72283399999999997654
261 243.000000 174.000000 1.43088400000000004475
262 284.000000 189.000000 1.07279499999999994309
263 340.000000 227.000000 0.58844600000000002460
264 217.000000 169.000000 1.49063900000000004731
265 215.000000 167.000000 3.38849100000000014177
266 257.000000 194.000000 1.45090999999999992198
267 276.000000 190.000000 1.41070199999999990048
268 213.000000 155.000000 1.74463199999999996059
269 245.000000 176.000000 0.87399000000000004462
270 286.000000 213.000000 1.20739200000000002078
271 255.000000 187.000000 1.35697299999999998477
272 267.000000 186.000000 4.90587600000000012557
273 220.000000 154.000000 1.27675899999999997725
274 223.000000 156.000000 1.58955599999999996896
275 279.000000 194.000000 1.85853200000000007286
276 193.000000 144.000000 1.30348400000000008703
277 243.000000 172.000000 2.70761599999999980071
278 267.000000 194.000000 0.80503800000000003134
279 200.000000 127.000000 1.71109700000000009013
280 301.000000 217.000000 4.90623100000000000875
281 182.000000 137.000000 0.87414000000000002810
282 162.000000 120.000000 3.03631399999999995742
283 286.000000 202.000000 2.76075399999999993028
284 199.000000 153.000000 4.93280600000000024608
285 268.000000 189.000000 0.89240200000000002856
286 178.000000 136.000000 1.01259199999999993658
287 216.000000 174.000000 0.91001100000000001433
288 297.000000 209.000000 2.28061299999999977928
289 242.000000 175.000000 1.34174900000000008049
290 233.000000 170.000000 1.03178700000000000969
291 274.000000 199.000000 0.80623599999999995269
292 218.000000 153.000000 1.38481800000000010442
293 241.000000 188.000000 1.47971300000000005603
294 263.000000 180.000000 0.81747199999999997644
295 202.000000 151.000000 2.26141099999999983794
296 177.000000 125.000000 1.63239000000000000767
297 233.000000 173.000000 1.23590899999999992431
298 195.000000 133.000000 2.78194000000000007944
299 237.000000 166.000000 2.54628500000000013159
300 291.000000 212.000000 0.99510100000000001330
301 271.000000 187.000000 1.70970899999999992325
302 279.000000 196.000000 1.20581099999999996619
303 205.000000 154.000000 0.80002899999999999014
304 190.000000 149.000000 1.13235299999999994291
305 218.000000 160.000000 1.13155099999999997351
306 326.000000 221.000000 3.20118500000000016925
307 283.000000 198.000000 3.22856299999999984962
308 249.000000 182.000000 0.71544600000000002638
309 154.000000 111.000000 2.12848699999999979582
310 160.000000 122.000000 1.26666300000000009440
311 182.000000 133.000000 1.12524700000000010824
312 273.000000 187.000000 1.97220100000000009288
313 190.000000 143.000000 1.63049500000000002764
314 128.000000 106.000000 1.79302600000000000868
315 223.000000 160.000000 7.66855200000000003513
316 270.000000 193.000000 1.67763700000000004486
317 308.000000 214.000000 1.17207100000000008500
318 232.000000 164.000000 1.19440400000000002123
319 247.000000 181.000000 1.25998000000000009990
320 231.000000 162.000000 2.17624599999999990274
321 277.000000 198.000000 2.28469500000000014239
322 234.000000 166.000000 1.06292300000000006222
323 153.000000 119.000000 2.06053100000000011249
324 218.000000 163.000000 0.89235399999999998055
325 257.000000 184.000000 0.58726299999999997947
326 275.000000 193.000000 1.96076600000000000890
327 277.000000 209.000000 1.65316799999999997084
328 198.000000 145.000000 7.90036999999999967059
329 283.000000 206.000000 1.32584999999999997300
330 205.000000 155.000000 1.22284299999999990227
331 272.000000 187.000000 5.30402799999999974290
332 213.000000 169.000000 1.73793299999999995009
333 248.000000 175.000000 1.14342000000000010296
334 261.000000 182.000000 1.14799699999999993416
335 219.000000 158.000000 0.58665999999999995929
336 192.000000 132.000000 2.18504500000000012605
337 209.000000 157.000000 1.02220899999999992325
338 290.000000 210.000000 1.14962100000000000399
339 214.000000 159.000000 1.10704200000000008153
340 243.000000 175.000000 1.66460900000000000531
341 195.000000 145.000000 4.65751899999999974256
342 213.000000 163.000000 7.60914000000000001478
343 240.000000 167.000000 1.14225500000000002032
344 196.000000 157.000000 1.27879900000000001903
345 230.000000 161.000000 2.78731099999999987205
346 180.000000 134.000000 1.28077200000000002156
347 176.000000 134.000000 1.00170899999999996055
348 186.000000 131.000000 2.04334900000000008191
349 231.000000 172.000000 3.51390299999999999869
350 258.000000 176.000000 3.16005700000000011585
351 133.000000 102.000000 1.32355500000000003702
352 206.000000 151.000000 0.90866199999999996972
353 234.000000 180.000000 0.86316899999999996407
354 269.000000 187.000000 10.95005300000000048044
355 213.000000 149.000000 1.96701400000000004020
356 304.000000 203.000000 3.97527900000000000702
357 309.000000 208.000000 18.08297599999999860643
358 165.000000 125.000000 0.92900599999999999845
359 222.000000 161.000000 4.62845999999999957453
360 252.000000 181.000000 0.89394399999999996087
361 232.000000 160.000000 12.30327699999999957470
362 295.000000 208.000000 1.26705899999999993533
363 197.000000 138.000000 1.79015499999999994074
364 269.000000 185.000000 2.89298900000000003274
365 230.000000 166.000000 1.52387500000000009059
366 227.000000 166.000000 1.13006999999999990791
367 276.000000 193.000000 1.69594500000000003581
368 262.000000 192.000000 1.28378799999999992920
369 167.000000 116.000000 1.36450000000000004619
370 275.000000 183.000000 1.38054399999999999338
371 218.000000 163.000000 1.38702499999999995239
372 259.000000 185.000000 4.50329599999999974358
373 289.000000 200.000000 1.22396499999999996966
374 244.000000 175.000000 3.01615900000000003445
375 303.000000 195.000000 1.54519899999999998919
376 275.000000 186.000000 4.84320899999999987529
377 254.000000 192.000000 1.06011799999999989375
378 289.000000 211.000000 1.05505000000000004334
379 261.000000 189.000000 0.93390499999999998515
380 285.000000 194.000000 1.99575700000000000323
381 227.000000 166.000000 1.51664299999999996338
382 240.000000 182.000000 0.98693699999999995320
383 279.000000 192.000000 1.36927299999999996238
384 275.000000 189.000000 2.04981200000000018946
385 261.000000 188.000000 1.02854899999999993554
386 264.000000 186.000000 11.63678299999999943282
387 244.000000 175.000000 1.07410500000000008747
388 210.000000 150.000000 1.39216600000000001458
389 253.000000 194.000000 1.31723100000000004073
390 241.000000 175.000000 8.31005200000000066041
391 282.000000 208.000000 0.56145699999999998386
392 299.000000 218.000000 1.15588000000000001855
393 318.000000 201.000000 0.88217199999999995619
394 249.000000 180.000000 4.68613700000000044099
395 187.000000 134.000000 1.60222400000000009257
396 353.000000 250.000000 0.41230499999999997707
397 238.000000 177.000000 2.99913100000000021339
398 189.000000 144.000000 1.76147300000000006648
399 274.000000 183.000000 2.44351800000000007884
400 283.000000 197.000000 1.00094400000000005591
401 298.000000 219.000000 5.16710899999999995202
402 230.000000 170.000000 1.04805400000000004113
403 238.000000 173.000000 0.97560599999999997323
404 143.000000 112.000000 1.46928799999999992743
405 269.000000 191.000000 1.90362199999999992528
406 276.000000 207.000000 1.44117500000000009486
407 230.000000 155.000000 2.14408000000000020790
408 261.000000 184.000000 1.05242700000000000138
409 200.000000 154.000000 1.43938199999999993928
410 175.000000 132.000000 1.10436700000000009858
411 259.000000 176.000000 1.05372200000000004749
412 284.000000 192.000000 1.64132900000000003793
413 252.000000 185.000000 0.78240799999999999237
414 179.000000 132.000000 2.05161600000000010624
415 190.000000 149.000000 1.07705600000000001337
416 222.000000 154.000000 1.31652600000000008507
417 238.000000 179.000000 0.65104499999999998483
418 242.000000 175.000000 1.10741700000000009574
419 289.000000 207.000000 1.74491599999999991155
420 298.000000 194.000000 1.12572699999999992215
