1 422.000000 313.000000 432.51336800000001403532
2 486.000000 347.000000 19.57927700000000115210
3 506.000000 363.000000 109.23941600000000562432
4 520.000000 374.000000 34.63325400000000087175
5 612.000000 436.000000 50.75740900000000266346
6 498.000000 363.000000 94.76365699999999492320
7 527.000000 369.000000 61.89776899999999670854
8 468.000000 348.000000 63.25567600000000112459
9 649.000000 458.000000 90.85625600000000190448
10 516.000000 361.000000 58.11030300000000181626
11 571.000000 416.000000 7.80368300000000036931
12 330.000000 246.000000 183.88556399999998802741
13 560.000000 387.000000 108.21755000000000279670
14 433.000000 326.000000 38.00836799999999726651
15 503.000000 363.000000 58.72233800000000059072
16 654.000000 437.000000 90.83296099999999739794
17 517.000000 370.000000 45.05414100000000132695
18 484.000000 345.000000 92.45546699999999873398
19 652.000000 456.000000 225.37306799999998929707
20 491.000000 363.000000 15.77667600000000014404
21 452.000000 316.000000 36.08888000000000317868
22 609.000000 452.000000 15.05755399999999966099
23 580.000000 418.000000 206.96712600000000747968
24 464.000000 342.000000 48.53872100000000244790
25 432.000000 319.000000 29.16501200000000082468
26 418.000000 315.000000 26.41276399999999924262
27 290.000000 242.000000 18.95340699999999856118
28 463.000000 331.000000 95.48103299999999649117
29 489.000000 347.000000 21.70580100000000101090
30 444.000000 300.000000 210.69253199999999992542
31 612.000000 436.000000 29.59188100000000076761
32 509.000000 374.000000 34.57461200000000189902
33 588.000000 410.000000 95.37488100000000201817
34 456.000000 335.000000 163.43449200000000587352
35 649.000000 466.000000 4.80873099999999986665
36 493.000000 345.000000 110.27348800000000039745
37 454.000000 329.000000 148.34900799999999776446
38 617.000000 429.000000 6.34626700000000010249
39 567.000000 390.000000 78.47297199999999861575
40 529.000000 364.000000 157.05970099999998979001
41 411.000000 300.000000 40.79742399999999946658
42 615.000000 441.000000 44.91885099999999653164
43 423.000000 319.000000 115.57774100000000316868
44 472.000000 335.000000 79.67271300000000167074
45 520.000000 373.000000 156.02953999999999723514
46 368.000000 276.000000 34.18346900000000232467
47 491.000000 348.000000 46.41738800000000253476
48 426.000000 303.000000 48.49276499999999856527
49 645.000000 441.000000 36.56306000000000011596
50 628.000000 443.000000 49.41931100000000043337
51 695.000000 499.000000 145.56405599999999367355
52 521.000000 378.000000 72.94111900000000048294
53 478.000000 361.000000 85.87067500000000563887
54 489.000000 368.000000 12.98254400000000075011
55 456.000000 336.000000 10.07254499999999985960
56 483.000000 343.000000 130.46670700000001374974
57 516.000000 375.000000 559.04008199999998396379
58 442.000000 354.000000 78.75082000000000448381
59 347.000000 251.000000 144.85449099999999589272
60 599.000000 430.000000 24.59187999999999973966
61 432.000000 324.000000 24.35698999999999969646
62 659.000000 461.000000 106.21391300000000512682
63 543.000000 378.000000 144.80928199999999606007
64 538.000000 396.000000 39.62880299999999778038
65 466.000000 361.000000 14.18285200000000045861
66 465.000000 341.000000 105.62351599999999507418
67 450.000000 328.000000 149.26940600000000358705
68 401.000000 295.000000 120.88911799999999630018
69 494.000000 354.000000 19.21961900000000156297
70 499.000000 375.000000 82.32945100000000593354
71 545.000000 377.000000 26.74620699999999828833
72 602.000000 432.000000 10.86243999999999942929
73 563.000000 403.000000 134.35232899999999744978
74 491.000000 360.000000 57.96530500000000074579
75 547.000000 394.000000 94.70282100000000014006
76 508.000000 367.000000 321.54293400000000247019
77 475.000000 355.000000 51.35530299999999925831
78 396.000000 303.000000 138.12788299999999708234
79 447.000000 317.000000 73.23283299999999940155
80 461.000000 317.000000 100.34455499999999972260
81 427.000000 318.000000 101.31764499999999884494
82 573.000000 424.000000 28.62409399999999948250
83 517.000000 388.000000 39.30510100000000051068
84 535.000000 382.000000 133.19139000000001260560
85 546.000000 397.000000 91.61157500000000197815
86 551.000000 378.000000 118.86025399999999763168
87 420.000000 294.000000 468.73194799999998849671
88 303.000000 231.000000 30.81195599999999856777
89 429.000000 329.000000 99.41461200000000530963
90 565.000000 393.000000 173.37282999999999333340
91 391.000000 291.000000 57.46209100000000091768
92 345.000000 267.000000 24.42374399999999923239
93 418.000000 304.000000 385.81854499999997187842
94 536.000000 373.000000 99.55606000000000221917
95 383.000000 297.000000 24.03975499999999954071
96 383.000000 294.000000 9.92633200000000037733
97 614.000000 398.000000 118.88084499999999366082
98 529.000000 371.000000 142.88294099999998820749
99 492.000000 349.000000 5.25926199999999965939
100 559.000000 424.000000 90.31392900000000167893
101 430.000000 318.000000 26.23987899999999839906
102 494.000000 359.000000 81.30842300000000477667
103 392.000000 303.000000 30.43058399999999963370
104 650.000000 448.000000 19.71899900000000016576
105 371.000000 286.000000 42.67364700000000254931
106 471.000000 343.000000 69.55210700000000656473
107 478.000000 355.000000 134.34183600000000069485
108 375.000000 300.000000 34.65777700000000294267
109 490.000000 374.000000 37.95510300000000114551
110 396.000000 295.000000 81.09975400000000433920
111 523.000000 382.000000 40.91382300000000071805
112 288.000000 219.000000 17.81544699999999892270
113 427.000000 326.000000 6.10013399999999972323
114 387.000000 282.000000 59.75415699999999930014
115 616.000000 440.000000 216.41518600000000560613
116 469.000000 329.000000 119.01991200000000503678
117 536.000000 383.000000 98.94364600000000109503
118 651.000000 474.000000 23.44420399999999915508
119 365.000000 273.000000 39.86393300000000294858
120 541.000000 391.000000 109.84002200000000470936
121 367.000000 274.000000 108.42999199999999859756
122 556.000000 400.000000 72.58928199999999719694
123 419.000000 322.000000 26.24395600000000072782
124 463.000000 327.000000 12.06306099999999936756
125 580.000000 417.000000 67.71998100000000420096
126 427.000000 315.000000 23.19565400000000110481
127 391.000000 301.000000 62.03799800000000175260
128 424.000000 310.000000 90.80484300000000530417
129 463.000000 329.000000 125.31229299999999682314
130 333.000000 261.000000 31.30200400000000016121
131 540.000000 376.000000 81.52709099999999864394
132 407.000000 299.000000 60.05884400000000056252
133 472.000000 340.000000 42.45755599999999674310
134 614.000000 444.000000 7.47037100000000009459
135 495.000000 369.000000 11.01645300000000027296
136 530.000000 369.000000 73.04789499999999691227
137 653.000000 459.000000 3.73915599999999992420
138 498.000000 374.000000 47.90286100000000146792
139 548.000000 396.000000 109.33313599999999610191
140 377.000000 260.000000 57.83364999999999866986
141 469.000000 337.000000 22.17644200000000154205
142 532.000000 373.000000 69.35748300000000199361
143 338.000000 258.000000 69.82621299999999564534
144 505.000000 349.000000 232.00503599999998982639
145 516.000000 378.000000 17.70176299999999969259
146 497.000000 365.000000 13.49947799999999986653
147 498.000000 383.000000 27.58717700000000050409
148 448.000000 320.000000 94.88219200000000341788
149 480.000000 347.000000 31.77840199999999981628
150 440.000000 335.000000 24.76616599999999834836
151 434.000000 301.000000 141.13913700000000517321
152 443.000000 325.000000 13.14232400000000033913
153 448.000000 347.000000 101.85168500000000335604
154 452.000000 318.000000 33.80462500000000147793
155 530.000000 372.000000 60.85429100000000346427
156 498.000000 345.000000 369.83421099999998205021
157 618.000000 454.000000 94.43048100000000033560
158 602.000000 423.000000 43.30875600000000247292
159 407.000000 290.000000 12.03995399999999982299
160 583.000000 411.000000 80.09991999999999734428
161 520.000000 392.000000 100.84505900000000622185
162 539.000000 398.000000 8.26783499999999982322
163 512.000000 370.000000 8.41073699999999924160
164 462.000000 327.000000 207.90237200000001394073
165 514.000000 375.000000 175.37958100000000172258
166 419.000000 306.000000 31.68589599999999961710
167 591.000000 414.000000 306.79429399999997940540
168 376.000000 264.000000 7.64040300000000005554
169 581.000000 425.000000 7.42923400000000011545
170 403.000000 293.000000 46.08837900000000331602
171 537.000000 396.000000 49.56943900000000269301
172 461.000000 335.000000 82.83665000000000588898
173 502.000000 364.000000 95.41990099999999586089
174 333.000000 267.000000 31.66372799999999898546
175 377.000000 278.000000 23.11610500000000101295
176 566.000000 407.000000 79.05374999999999374722
177 467.000000 337.000000 135.01779700000000161708
178 478.000000 336.000000 88.60884400000000482578
179 487.000000 346.000000 47.52766600000000352111
180 450.000000 314.000000 206.01350099999999088141
181 494.000000 364.000000 42.11643699999999768124
182 313.000000 246.000000 14.62228700000000003456
183 552.000000 393.000000 5.48896799999999984720
184 502.000000 350.000000 48.76328699999999827241
185 470.000000 347.000000 8.71695700000000073260
186 527.000000 390.000000 242.29571500000000128239
187 518.000000 382.000000 20.99730399999999974625
188 480.000000 357.000000 37.72905099999999833926
189 479.000000 331.000000 105.05293100000000094951
190 471.000000 348.000000 112.23013899999999409829
191 561.000000 383.000000 357.39195599999999330976
192 448.000000 335.000000 52.17538299999999651391
193 284.000000 215.000000 61.94963400000000319778
194 449.000000 310.000000 89.56342399999999770444
195 502.000000 359.000000 54.30570000000000163709
196 567.000000 393.000000 101.35676300000000082946
197 410.000000 296.000000 38.25319300000000311002
198 440.000000 326.000000 140.38582800000000361251
199 494.000000 354.000000 102.10382799999999292595
200 527.000000 378.000000 29.24650000000000105160
201 495.000000 348.000000 127.77341800000000660020
202 465.000000 349.000000 191.65642199999999206739
203 529.000000 401.000000 42.62513599999999769352
204 430.000000 336.000000 77.01862099999999600186
205 416.000000 315.000000 33.80341399999999651982
206 507.000000 373.000000 95.08087999999999340162
207 419.000000 304.000000 394.10598299999998062049
208 448.000000 311.000000 296.80185199999999667853
209 536.000000 381.000000 121.46225099999999486045
210 575.000000 396.000000 141.72168600000000537875
211 622.000000 448.000000 69.23710800000000631371
212 637.000000 445.000000 111.11495499999999481133
213 439.000000 332.000000 126.09193399999999485317
214 585.000000 412.000000 19.02240400000000164482
215 523.000000 389.000000 22.38830700000000106797
216 589.000000 411.000000 47.27100399999999780221
217 569.000000 404.000000 52.69765000000000298996
218 387.000000 290.000000 93.71356500000000266937
219 552.000000 398.000000 216.90150700000000938417
220 349.000000 282.000000 15.63900100000000037426
221 489.000000 340.000000 108.27905800000000624550
222 424.000000 309.000000 49.23881800000000197315
223 552.000000 384.000000 31.05912700000000015166
224 502.000000 373.000000 112.53901600000000371438
225 452.000000 340.000000 8.32199199999999983390
226 456.000000 343.000000 8.68558299999999938734
227 636.000000 451.000000 100.56635900000000560794
228 451.000000 318.000000 192.04993300000000999717
229 579.000000 416.000000 45.36135600000000067666
230 605.000000 435.000000 109.12989399999999307056
231 447.000000 324.000000 150.48209099999999693864
232 439.000000 327.000000 23.82647400000000104114
233 551.000000 389.000000 11.96721999999999930253
234 499.000000 360.000000 98.39819599999999866213
235 497.000000 356.000000 93.79305600000000708860
236 593.000000 425.000000 85.16110199999999963438
237 513.000000 383.000000 41.33313100000000162026
238 411.000000 315.000000 34.93579900000000293403
239 544.000000 388.000000 131.89771200000001272201
240 475.000000 361.000000 41.94708299999999923102
241 396.000000 307.000000 12.22586500000000064858
242 551.000000 375.000000 390.16965299999998251224
243 519.000000 384.000000 79.15097599999999999909
244 462.000000 329.000000 45.05408299999999854890
245 441.000000 324.000000 102.07725700000000301770
246 425.000000 312.000000 71.58438300000000253931
247 517.000000 388.000000 98.70714900000000113778
248 498.000000 370.000000 44.70271199999999822694
249 447.000000 339.000000 79.53584399999999732245
250 480.000000 354.000000 81.62610100000000556975
251 410.000000 300.000000 72.90477699999999572356
252 398.000000 294.000000 69.00426600000000121327
253 394.000000 284.000000 46.68575799999999986767
254 607.000000 446.000000 30.24945500000000109253
255 492.000000 364.000000 70.63188700000000608270
256 401.000000 313.000000 44.41695299999999946294
258 710.000000 483.000000 80.92411699999999541433
259 393.000000 309.000000 28.52947500000000147224
260 618.000000 433.000000 40.74314900000000250202
261 596.000000 414.000000 46.75945800000000218688
262 603.000000 429.000000 173.80961700000000291766
263 647.000000 452.000000 26.81817099999999953752
264 459.000000 334.000000 98.46639899999999556712
265 500.000000 372.000000 46.08486400000000315913
266 594.000000 428.000000 60.21477200000000351565
267 407.000000 306.000000 13.46043200000000084060
268 410.000000 279.000000 57.29715900000000061709
269 519.000000 384.000000 104.49603600000000369619
270 491.000000 382.000000 31.17902300000000082036
271 385.000000 292.000000 59.01339899999999971669
272 491.000000 341.000000 1215.88735100000008060306
273 628.000000 426.000000 163.90691400000000044201
274 416.000000 299.000000 24.37273400000000123100
275 357.000000 268.000000 14.75791100000000000136
276 543.000000 381.000000 36.98547099999999687725
277 432.000000 328.000000 60.29894399999999876627
278 480.000000 331.000000 85.85177400000000602631
279 518.000000 362.000000 54.38049600000000083355
280 379.000000 279.000000 81.92767000000000621185
281 500.000000 372.000000 80.67514199999999391366
282 547.000000 380.000000 14.41545699999999996521
283 561.000000 396.000000 83.97706900000000018736
284 578.000000 395.000000 91.75286300000000494492
285 494.000000 342.000000 15.74812400000000067735
286 486.000000 353.000000 372.76322499999997717168
287 471.000000 340.000000 137.41084299999999984720
288 560.000000 394.000000 104.06064499999999384272
289 444.000000 327.000000 9.14454699999999931492
290 491.000000 348.000000 51.37403700000000128512
291 357.000000 261.000000 51.95646899999999845932
292 435.000000 320.000000 34.42730799999999646843
293 402.000000 300.000000 50.62949700000000063937
294 748.000000 510.000000 56.07900699999999716283
295 565.000000 397.000000 92.09333300000000122054
296 519.000000 377.000000 130.90965099999999665670
297 549.000000 396.000000 37.34326699999999732427
298 629.000000 439.000000 48.09598199999999934562
299 557.000000 404.000000 43.95039200000000079172
300 397.000000 277.000000 165.22565000000000168257
301 325.000000 260.000000 22.50093100000000134742
302 487.000000 328.000000 72.26175999999999532974
303 432.000000 303.000000 105.90312699999999779266
304 415.000000 313.000000 75.26064100000000678392
305 578.000000 407.000000 101.77506099999999378269
306 544.000000 396.000000 23.07701099999999883039
307 459.000000 329.000000 12.98832699999999995555
308 431.000000 336.000000 29.20592500000000057980
309 445.000000 332.000000 108.34655600000000674754
310 467.000000 327.000000 55.04376599999999797319
311 493.000000 354.000000 151.86721000000000003638
312 430.000000 321.000000 6.37383900000000025443
313 512.000000 384.000000 3.71475100000000013623
314 455.000000 335.000000 72.21569399999999916417
315 462.000000 322.000000 266.11157100000002628803
316 563.000000 388.000000 94.36309400000000380260
317 476.000000 354.000000 16.86886799999999908550
318 647.000000 462.000000 663.35022100000003320019
319 405.000000 298.000000 158.38015100000001211811
320 441.000000 323.000000 75.10085399999999822285
321 589.000000 416.000000 60.08371100000000097907
322 501.000000 355.000000 385.33308399999998528074
323 575.000000 406.000000 476.67648900000000367072
324 398.000000 301.000000 66.90619399999999927786
325 557.000000 406.000000 154.48973000000000865839
326 454.000000 336.000000 23.70601999999999875968
327 519.000000 389.000000 23.67894000000000076511
328 566.000000 404.000000 40.40776499999999771262
329 512.000000 383.000000 22.85486099999999964894
330 525.000000 374.000000 60.53114999999999668034
331 344.000000 261.000000 34.88175199999999875899
332 505.000000 358.000000 94.66223599999999294141
333 406.000000 305.000000 38.31430699999999944794
334 449.000000 328.000000 31.96583199999999891361
335 465.000000 353.000000 102.29962799999999845113
336 557.000000 365.000000 46.89096700000000339514
337 581.000000 410.000000 59.42923499999999847887
338 387.000000 304.000000 8.81987900000000024647
339 583.000000 417.000000 53.28948799999999863530
340 596.000000 398.000000 39.84145900000000040109
341 497.000000 376.000000 13.80689300000000052648
342 466.000000 354.000000 38.67449400000000281352
343 649.000000 448.000000 44.45507899999999779084
344 573.000000 394.000000 87.55520699999999578722
345 400.000000 283.000000 30.28684700000000162845
346 365.000000 257.000000 51.92056900000000041473
347 403.000000 283.000000 56.42870400000000330465
348 586.000000 420.000000 289.85124300000001085209
349 483.000000 351.000000 29.58735799999999827037
350 417.000000 302.000000 74.17563699999999471402
351 590.000000 409.000000 1357.73920199999997748819
352 492.000000 352.000000 103.44036400000000242017
353 467.000000 354.000000 44.94982900000000114460
354 590.000000 408.000000 60.47263300000000185719
355 441.000000 341.000000 142.27597499999998831299
356 505.000000 357.000000 248.60760300000001166154
357 589.000000 448.000000 11.01014799999999915769
358 360.000000 262.000000 167.83664600000000177715
359 388.000000 290.000000 156.93649199999998700150
360 409.000000 310.000000 96.80589299999999752799
361 564.000000 395.000000 141.09641500000000746695
362 521.000000 353.000000 118.41026700000000460022
363 438.000000 334.000000 100.42125599999999963075
364 439.000000 313.000000 62.63059299999999751662
365 519.000000 362.000000 100.90373099999999340071
366 527.000000 366.000000 88.05549000000000603450
367 663.000000 438.000000 67.76478000000000179170
368 528.000000 361.000000 121.93340100000000347791
369 546.000000 381.000000 54.90039699999999811553
370 621.000000 424.000000 152.57375300000001061562
371 566.000000 390.000000 375.08270499999997582563
372 626.000000 455.000000 64.09120199999999556439
373 444.000000 312.000000 583.18054299999994327663
374 525.000000 393.000000 39.31615299999999990632
375 407.000000 278.000000 75.23215199999999924785
376 580.000000 420.000000 6.85231299999999965422
377 556.000000 404.000000 93.46625099999999974898
378 494.000000 356.000000 47.85028700000000156933
379 586.000000 390.000000 212.81257800000000202090
380 593.000000 426.000000 47.59472999999999842657
381 517.000000 375.000000 101.88902899999999362990
382 535.000000 386.000000 19.30109500000000011255
383 524.000000 376.000000 33.09230999999999767169
384 400.000000 295.000000 29.73236500000000148702
385 451.000000 345.000000 67.36286499999999932697
386 415.000000 312.000000 72.08816799999999602733
387 612.000000 428.000000 88.91417199999999354532
388 430.000000 314.000000 5.44627100000000030633
389 645.000000 463.000000 182.43555100000000379623
390 415.000000 308.000000 57.91141400000000061254
391 504.000000 350.000000 58.37788900000000325008
392 455.000000 334.000000 72.97973199999999849297
393 495.000000 357.000000 90.59400999999999726242
394 509.000000 368.000000 91.17488299999999412648
395 601.000000 438.000000 30.36678300000000163550
396 513.000000 361.000000 528.57221200000003591413
397 417.000000 325.000000 61.59302199999999771762
398 488.000000 359.000000 25.09865500000000082537
399 425.000000 311.000000 25.70161200000000079058
400 447.000000 339.000000 79.86437700000000461387
401 518.000000 374.000000 77.79732900000000483942
402 627.000000 442.000000 40.67102599999999767988
403 604.000000 413.000000 71.32210200000000099863
404 431.000000 330.000000 32.15941899999999975535
405 448.000000 325.000000 98.10389800000000093405
406 396.000000 287.000000 61.75190899999999771808
407 520.000000 367.000000 109.98217300000000307136
408 470.000000 349.000000 30.30536999999999991928
409 444.000000 323.000000 83.38546300000000144337
410 544.000000 387.000000 56.86484899999999953479
411 541.000000 382.000000 40.29305899999999951433
412 535.000000 377.000000 95.94341500000000166892
413 529.000000 349.000000 115.20891000000000303771
414 583.000000 407.000000 172.87284700000000725595
415 348.000000 275.000000 47.66274899999999803413
416 606.000000 428.000000 123.44418699999999944339
417 506.000000 366.000000 36.32267399999999923921
418 360.000000 281.000000 46.77215000000000344471
419 525.000000 379.000000 25.28770700000000104524
420 429.000000 326.000000 68.96282600000000684304
