1 2.000000 2.000000 0.30783300000000002328
2 5.000000 5.000000 0.17161000000000001253
3 3.000000 3.000000 0.04555200000000000221
4 5.000000 4.000000 0.04851099999999999857
5 5.000000 4.000000 0.03780900000000000233
6 2.000000 2.000000 0.01806900000000000173
7 3.000000 3.000000 0.01795100000000000168
8 2.000000 2.000000 0.02090300000000000144
9 4.000000 4.000000 0.01526699999999999932
10 7.000000 6.000000 0.01862899999999999973
11 3.000000 3.000000 0.01743199999999999958
12 4.000000 4.000000 0.01206300000000000081
13 4.000000 4.000000 0.00892500000000000064
14 2.000000 2.000000 0.01213999999999999975
15 6.000000 6.000000 0.02483000000000000138
16 10.000000 9.000000 0.02816799999999999859
17 3.000000 3.000000 0.04695200000000000068
18 3.000000 3.000000 0.02414799999999999933
19 4.000000 3.000000 0.01603699999999999917
20 4.000000 4.000000 0.02447099999999999970
21 2.000000 2.000000 0.01058000000000000086
22 5.000000 5.000000 0.02431499999999999981
23 2.000000 2.000000 0.01150100000000000081
24 4.000000 4.000000 0.01053499999999999923
25 2.000000 2.000000 0.01027499999999999941
26 7.000000 6.000000 0.00894099999999999930
27 7.000000 7.000000 0.00968100000000000037
28 5.000000 5.000000 0.01149500000000000001
29 2.000000 2.000000 0.01079899999999999957
30 6.000000 5.000000 0.02629499999999999893
31 2.000000 2.000000 0.01519299999999999991
32 2.000000 2.000000 0.01014299999999999924
33 2.000000 2.000000 0.02700299999999999923
34 3.000000 3.000000 0.02527499999999999886
35 4.000000 4.000000 0.03109500000000000111
36 2.000000 2.000000 0.02743699999999999958
37 3.000000 3.000000 0.01119700000000000036
38 2.000000 2.000000 0.02279700000000000129
39 2.000000 2.000000 0.01035400000000000036
40 4.000000 4.000000 0.01148300000000000015
41 8.000000 6.000000 0.01039400000000000046
42 5.000000 5.000000 0.01887899999999999995
43 2.000000 2.000000 0.02663000000000000089
44 2.000000 2.000000 0.01041100000000000012
45 6.000000 6.000000 0.03839999999999999664
46 2.000000 2.000000 0.01057499999999999933
47 8.000000 8.000000 0.02719299999999999842
48 2.000000 2.000000 0.01040300000000000079
49 5.000000 5.000000 0.00963699999999999973
50 7.000000 7.000000 0.01069299999999999938
51 3.000000 3.000000 0.02680599999999999997
52 4.000000 4.000000 0.02685099999999999987
53 6.000000 6.000000 0.01048600000000000053
54 3.000000 3.000000 0.01756100000000000022
55 2.000000 2.000000 0.02785999999999999935
56 5.000000 5.000000 0.03787000000000000088
57 2.000000 2.000000 0.02046600000000000155
58 2.000000 2.000000 0.01662699999999999942
59 3.000000 3.000000 0.01110399999999999929
60 6.000000 5.000000 0.00901000000000000065
61 5.000000 5.000000 0.01023499999999999931
62 3.000000 3.000000 0.01119900000000000062
63 3.000000 3.000000 0.01186399999999999955
64 5.000000 5.000000 0.01009999999999999960
65 5.000000 5.000000 0.03841300000000000270
66 7.000000 7.000000 0.02689400000000000124
67 6.000000 6.000000 0.02578499999999999889
68 3.000000 3.000000 0.00973300000000000033
69 6.000000 5.000000 0.01002499999999999919
70 4.000000 4.000000 0.03481700000000000073
71 4.000000 4.000000 0.02144100000000000172
72 2.000000 2.000000 0.02896200000000000163
73 5.000000 5.000000 0.02760800000000000060
74 2.000000 2.000000 0.01040400000000000005
75 5.000000 5.000000 0.01078100000000000065
76 7.000000 7.000000 0.01144399999999999931
77 3.000000 3.000000 0.01074600000000000034
78 3.000000 3.000000 0.01038700000000000040
79 3.000000 3.000000 0.00922899999999999936
80 3.000000 3.000000 0.01031499999999999952
81 5.000000 5.000000 0.00884399999999999943
82 7.000000 7.000000 0.00898000000000000013
83 3.000000 3.000000 0.00955699999999999952
84 4.000000 3.000000 0.00906299999999999988
85 5.000000 5.000000 0.01040199999999999979
86 5.000000 5.000000 0.01056200000000000021
87 6.000000 6.000000 0.01095699999999999973
88 6.000000 5.000000 0.01023199999999999978
89 5.000000 5.000000 0.01077700000000000012
90 2.000000 2.000000 0.01131399999999999940
91 3.000000 3.000000 0.01205600000000000074
92 4.000000 4.000000 0.01560800000000000035
93 3.000000 3.000000 0.01080399999999999937
94 3.000000 3.000000 0.01111499999999999988
95 2.000000 2.000000 0.01090900000000000029
96 5.000000 5.000000 0.01056400000000000047
97 3.000000 3.000000 0.01120200000000000015
98 4.000000 4.000000 0.01040499999999999932
99 7.000000 6.000000 0.01022900000000000025
100 5.000000 5.000000 0.01034900000000000056
101 3.000000 3.000000 0.01072900000000000069
102 2.000000 2.000000 0.01096500000000000079
103 5.000000 5.000000 0.01128599999999999916
104 3.000000 3.000000 0.01137099999999999916
105 3.000000 3.000000 0.01113199999999999953
106 4.000000 4.000000 0.01058100000000000013
107 3.000000 3.000000 0.01107499999999999978
108 3.000000 3.000000 0.01067700000000000073
109 4.000000 4.000000 0.01039999999999999952
110 3.000000 3.000000 0.02547599999999999865
111 4.000000 4.000000 0.00939700000000000084
112 2.000000 2.000000 0.01008200000000000068
113 5.000000 5.000000 0.01092800000000000021
114 5.000000 5.000000 0.01190300000000000039
115 7.000000 7.000000 0.01044800000000000069
116 3.000000 3.000000 0.01511799999999999949
117 4.000000 4.000000 0.01485999999999999995
118 4.000000 4.000000 0.01119099999999999956
119 3.000000 3.000000 0.01107999999999999957
120 3.000000 3.000000 0.03518999999999999906
121 2.000000 2.000000 0.01010199999999999987
122 3.000000 3.000000 0.01079100000000000024
123 5.000000 5.000000 0.01086900000000000019
124 3.000000 3.000000 0.01090200000000000023
125 4.000000 3.000000 0.01028100000000000021
126 3.000000 3.000000 0.01101599999999999975
127 2.000000 2.000000 0.03909499999999999781
128 3.000000 3.000000 0.01099600000000000057
129 3.000000 3.000000 0.03050399999999999986
130 3.000000 3.000000 0.02673499999999999835
131 3.000000 3.000000 0.02632100000000000065
132 2.000000 2.000000 0.03468199999999999755
133 2.000000 2.000000 0.02620700000000000113
134 2.000000 2.000000 0.02429900000000000115
135 3.000000 3.000000 0.02677399999999999919
136 2.000000 2.000000 0.01022799999999999924
137 2.000000 2.000000 0.02426400000000000085
138 5.000000 5.000000 0.01072299999999999989
139 3.000000 3.000000 0.02320499999999999993
140 2.000000 2.000000 0.01054300000000000029
141 4.000000 4.000000 0.01037000000000000074
142 5.000000 5.000000 0.01023300000000000078
143 2.000000 2.000000 0.01731699999999999906
144 3.000000 3.000000 0.02660900000000000071
145 3.000000 3.000000 0.01066499999999999913
146 3.000000 3.000000 0.01098099999999999944
147 2.000000 2.000000 0.01036899999999999974
148 4.000000 4.000000 0.00983799999999999952
149 4.000000 4.000000 0.01010899999999999993
150 6.000000 5.000000 0.01078400000000000018
151 5.000000 5.000000 0.01090799999999999929
152 3.000000 3.000000 0.01052299999999999937
153 8.000000 7.000000 0.01026200000000000029
154 4.000000 4.000000 0.01056200000000000021
155 3.000000 3.000000 0.01129900000000000002
156 5.000000 5.000000 0.01007000000000000083
157 4.000000 4.000000 0.01019800000000000047
158 2.000000 2.000000 0.01068400000000000079
159 3.000000 3.000000 0.01118599999999999976
160 2.000000 2.000000 0.01082299999999999929
161 8.000000 8.000000 0.01086299999999999939
162 2.000000 2.000000 0.01040199999999999979
163 7.000000 7.000000 0.00996000000000000010
164 4.000000 4.000000 0.01066499999999999913
165 5.000000 5.000000 0.01029799999999999986
166 2.000000 2.000000 0.01046200000000000081
167 4.000000 4.000000 0.01035699999999999989
168 4.000000 4.000000 0.01033399999999999944
169 5.000000 5.000000 0.01113500000000000080
170 6.000000 6.000000 0.01351499999999999924
171 3.000000 3.000000 0.01092300000000000042
172 4.000000 4.000000 0.01019800000000000047
173 2.000000 2.000000 0.01080200000000000084
174 3.000000 3.000000 0.01161000000000000053
175 4.000000 4.000000 0.01016099999999999989
176 4.000000 4.000000 0.01017799999999999955
177 3.000000 3.000000 0.01085999999999999986
178 5.000000 5.000000 0.01320799999999999925
179 6.000000 6.000000 0.01093000000000000048
180 2.000000 2.000000 0.01075699999999999920
181 3.000000 3.000000 0.01094700000000000013
182 5.000000 5.000000 0.01154799999999999924
183 2.000000 2.000000 0.01079899999999999957
184 4.000000 4.000000 0.01081499999999999996
185 3.000000 3.000000 0.01133299999999999932
186 3.000000 3.000000 0.01081999999999999976
187 4.000000 4.000000 0.01077000000000000006
188 2.000000 2.000000 0.01159499999999999940
189 2.000000 2.000000 0.01081000000000000016
190 3.000000 3.000000 0.01093300000000000001
191 2.000000 2.000000 0.01060600000000000084
192 3.000000 3.000000 0.01090600000000000076
193 3.000000 3.000000 0.01100699999999999942
194 3.000000 3.000000 0.02524900000000000061
195 5.000000 5.000000 0.01103999999999999947
196 6.000000 5.000000 0.01060799999999999937
197 3.000000 3.000000 0.01082699999999999982
198 5.000000 5.000000 0.01105800000000000012
199 6.000000 5.000000 0.00987000000000000030
200 4.000000 4.000000 0.00977800000000000023
201 3.000000 3.000000 0.01099900000000000010
202 3.000000 3.000000 0.01071100000000000003
203 5.000000 5.000000 0.01105300000000000032
204 4.000000 4.000000 0.02987100000000000172
205 6.000000 5.000000 0.04700300000000000311
206 2.000000 2.000000 0.01290799999999999934
207 6.000000 5.000000 0.01088000000000000078
208 5.000000 5.000000 0.01024000000000000084
209 2.000000 2.000000 0.01098599999999999924
210 4.000000 4.000000 0.01030700000000000019
211 3.000000 3.000000 0.01122699999999999913
212 6.000000 6.000000 0.01077799999999999939
213 2.000000 2.000000 0.02021500000000000033
214 2.000000 2.000000 0.02650800000000000031
215 2.000000 2.000000 0.02563100000000000100
216 3.000000 3.000000 0.00953900000000000060
217 2.000000 2.000000 0.02370200000000000085
218 2.000000 2.000000 0.02628799999999999887
219 5.000000 5.000000 0.02649100000000000066
220 4.000000 4.000000 0.00901099999999999991
221 2.000000 2.000000 0.01023400000000000004
222 2.000000 2.000000 0.01079300000000000051
223 4.000000 4.000000 0.01059700000000000052
224 2.000000 2.000000 0.01081999999999999976
225 3.000000 3.000000 0.01119299999999999982
226 5.000000 5.000000 0.01079399999999999978
227 3.000000 3.000000 0.01048600000000000053
228 3.000000 3.000000 0.01080599999999999963
229 4.000000 4.000000 0.01044899999999999995
230 3.000000 3.000000 0.01066499999999999913
231 5.000000 5.000000 0.01090700000000000003
232 3.000000 3.000000 0.01089399999999999917
233 5.000000 5.000000 0.01077700000000000012
234 6.000000 6.000000 0.01052799999999999916
235 4.000000 4.000000 0.00979700000000000015
236 5.000000 5.000000 0.01049800000000000039
237 3.000000 3.000000 0.01068900000000000058
238 5.000000 5.000000 0.01055000000000000035
239 2.000000 2.000000 0.01013099999999999938
240 3.000000 3.000000 0.01043600000000000083
241 4.000000 4.000000 0.00991700000000000047
242 5.000000 5.000000 0.01036399999999999995
243 4.000000 4.000000 0.00969700000000000076
244 2.000000 2.000000 0.00995500000000000031
245 4.000000 3.000000 0.00988799999999999922
246 5.000000 5.000000 0.01052100000000000084
247 5.000000 5.000000 0.01048499999999999953
248 6.000000 5.000000 0.00933600000000000055
249 4.000000 4.000000 0.01735799999999999843
250 4.000000 3.000000 0.00993499999999999939
251 4.000000 4.000000 0.02351699999999999971
252 4.000000 4.000000 0.00952099999999999995
253 4.000000 4.000000 0.00919400000000000078
254 5.000000 5.000000 0.01012599999999999958
255 3.000000 3.000000 0.01011899999999999952
256 5.000000 5.000000 0.01003099999999999999
257 3.000000 3.000000 0.00948200000000000084
258 6.000000 5.000000 0.00921800000000000050
259 2.000000 2.000000 0.00905000000000000075
260 6.000000 5.000000 0.00986899999999999930
261 5.000000 5.000000 0.00995399999999999931
262 2.000000 2.000000 0.00885799999999999955
263 4.000000 4.000000 0.00872099999999999959
264 3.000000 3.000000 0.00908400000000000006
265 5.000000 5.000000 0.00953700000000000034
266 8.000000 8.000000 0.02660799999999999971
267 2.000000 2.000000 0.01012900000000000085
268 8.000000 7.000000 0.01036100000000000042
269 5.000000 4.000000 0.00865699999999999976
270 8.000000 7.000000 0.01131500000000000040
271 3.000000 3.000000 0.01099699999999999983
272 10.000000 9.000000 0.00923099999999999962
273 6.000000 5.000000 0.00930300000000000051
274 3.000000 3.000000 0.01116900000000000011
275 4.000000 3.000000 0.00916299999999999927
276 3.000000 3.000000 0.00988799999999999922
277 5.000000 4.000000 0.00912800000000000070
278 3.000000 3.000000 0.01031900000000000005
279 8.000000 7.000000 0.00915299999999999968
280 5.000000 5.000000 0.00948500000000000038
281 3.000000 3.000000 0.01014100000000000071
282 7.000000 6.000000 0.01017200000000000049
283 7.000000 7.000000 0.00998399999999999982
284 2.000000 2.000000 0.01036499999999999921
285 5.000000 5.000000 0.01088300000000000031
286 2.000000 2.000000 0.01055599999999999941
287 5.000000 5.000000 0.01255500000000000019
288 2.000000 2.000000 0.01037000000000000074
289 2.000000 2.000000 0.01013599999999999918
290 3.000000 3.000000 0.01012099999999999979
291 2.000000 2.000000 0.01015399999999999983
292 6.000000 6.000000 0.01010899999999999993
293 3.000000 3.000000 0.01120400000000000042
294 3.000000 3.000000 0.01052799999999999916
295 7.000000 7.000000 0.01034999999999999983
296 3.000000 3.000000 0.01087100000000000045
297 4.000000 4.000000 0.00922700000000000083
298 6.000000 5.000000 0.00967600000000000057
299 4.000000 4.000000 0.00960500000000000069
300 2.000000 2.000000 0.01016700000000000069
301 2.000000 2.000000 0.02648800000000000113
302 2.000000 2.000000 0.00966999999999999978
303 3.000000 3.000000 0.00958099999999999924
304 7.000000 6.000000 0.00937100000000000086
305 3.000000 3.000000 0.01002499999999999919
306 3.000000 3.000000 0.01026999999999999962
307 7.000000 7.000000 0.00974999999999999999
308 3.000000 3.000000 0.01911799999999999958
309 4.000000 4.000000 0.01027499999999999941
310 3.000000 3.000000 0.01039400000000000046
311 3.000000 3.000000 0.01031299999999999925
312 6.000000 6.000000 0.01041100000000000012
313 3.000000 3.000000 0.01009600000000000081
314 7.000000 7.000000 0.00968499999999999917
315 5.000000 5.000000 0.01037500000000000054
316 3.000000 3.000000 0.00998800000000000035
317 2.000000 2.000000 0.01033300000000000017
318 2.000000 2.000000 0.01009000000000000001
319 5.000000 5.000000 0.01002399999999999992
320 5.000000 5.000000 0.01036699999999999948
321 2.000000 2.000000 0.01056700000000000000
322 2.000000 2.000000 0.01026600000000000082
323 2.000000 2.000000 0.01013400000000000065
324 4.000000 4.000000 0.01002300000000000066
325 3.000000 3.000000 0.01054300000000000029
326 2.000000 2.000000 0.01031900000000000005
327 5.000000 5.000000 0.01109699999999999923
328 8.000000 8.000000 0.01122500000000000060
329 2.000000 2.000000 0.01030700000000000019
330 5.000000 5.000000 0.00986899999999999930
331 2.000000 2.000000 0.01119700000000000036
332 5.000000 5.000000 0.01049800000000000039
333 2.000000 2.000000 0.01053300000000000070
334 4.000000 4.000000 0.01193199999999999990
335 4.000000 4.000000 0.01103600000000000067
336 3.000000 3.000000 0.01131199999999999914
337 3.000000 3.000000 0.01082699999999999982
338 2.000000 2.000000 0.01068799999999999958
339 3.000000 3.000000 0.01028600000000000000
340 2.000000 2.000000 0.01068599999999999932
341 3.000000 3.000000 0.02032000000000000126
342 2.000000 2.000000 0.01003199999999999925
343 3.000000 3.000000 0.01076099999999999973
344 4.000000 4.000000 0.00955300000000000073
345 4.000000 4.000000 0.01041699999999999918
346 2.000000 2.000000 0.03737200000000000244
347 3.000000 3.000000 0.01136700000000000037
348 2.000000 2.000000 0.02733199999999999866
349 8.000000 8.000000 0.01052200000000000010
350 3.000000 3.000000 0.01096699999999999932
351 2.000000 2.000000 0.01083399999999999988
352 2.000000 2.000000 0.01049100000000000033
353 5.000000 5.000000 0.01093500000000000028
354 2.000000 2.000000 0.01076799999999999979
355 5.000000 5.000000 0.01166200000000000049
356 6.000000 6.000000 0.01067099999999999993
357 8.000000 8.000000 0.01031900000000000005
358 3.000000 3.000000 0.01067599999999999973
359 3.000000 3.000000 0.01061800000000000070
360 5.000000 5.000000 0.01149200000000000048
361 4.000000 4.000000 0.01037700000000000081
362 2.000000 2.000000 0.01067500000000000046
363 3.000000 3.000000 0.01016799999999999995
364 2.000000 2.000000 0.01038299999999999987
365 3.000000 3.000000 0.01118599999999999976
366 2.000000 2.000000 0.01079300000000000051
367 3.000000 3.000000 0.01080899999999999916
368 5.000000 5.000000 0.01085400000000000080
369 4.000000 4.000000 0.01010600000000000040
370 3.000000 3.000000 0.01158700000000000008
371 5.000000 5.000000 0.01101500000000000049
372 3.000000 3.000000 0.01066399999999999987
373 8.000000 6.000000 0.01011899999999999952
374 4.000000 4.000000 0.01039600000000000073
375 3.000000 3.000000 0.02083099999999999882
376 8.000000 7.000000 0.01050300000000000018
377 2.000000 2.000000 0.01061600000000000044
378 8.000000 8.000000 0.01046599999999999961
379 5.000000 5.000000 0.01087699999999999952
380 3.000000 3.000000 0.01101399999999999949
381 3.000000 3.000000 0.01041899999999999944
382 3.000000 3.000000 0.01082900000000000008
383 4.000000 4.000000 0.00999799999999999994
384 4.000000 4.000000 0.01025299999999999996
385 4.000000 4.000000 0.00890999999999999952
386 3.000000 3.000000 0.01088800000000000011
387 2.000000 2.000000 0.01047000000000000014
388 3.000000 3.000000 0.01080000000000000057
389 3.000000 3.000000 0.02682500000000000162
390 4.000000 4.000000 0.00964500000000000079
391 2.000000 2.000000 0.01051900000000000057
392 5.000000 5.000000 0.01008799999999999975
393 3.000000 3.000000 0.01013299999999999965
394 2.000000 2.000000 0.01004999999999999991
395 8.000000 8.000000 0.01569800000000000015
396 2.000000 2.000000 0.02479699999999999960
397 5.000000 5.000000 0.01016500000000000042
398 2.000000 2.000000 0.01850600000000000162
399 2.000000 2.000000 0.00974900000000000072
400 5.000000 5.000000 0.01072999999999999995
401 5.000000 5.000000 0.01120900000000000021
402 3.000000 3.000000 0.00988499999999999969
403 3.000000 3.000000 0.01003099999999999999
404 3.000000 3.000000 0.01076900000000000079
405 7.000000 7.000000 0.00972699999999999954
406 3.000000 3.000000 0.01023600000000000031
407 5.000000 5.000000 0.01035499999999999962
408 6.000000 5.000000 0.01047599999999999920
409 4.000000 4.000000 0.00957099999999999965
410 3.000000 3.000000 0.03695099999999999774
411 3.000000 3.000000 0.02895500000000000157
412 3.000000 3.000000 0.01037800000000000007
413 3.000000 3.000000 0.01044699999999999969
414 2.000000 2.000000 0.01046899999999999914
415 5.000000 5.000000 0.01053699999999999949
416 2.000000 2.000000 0.00997299999999999923
417 3.000000 3.000000 0.00980299999999999921
418 5.000000 5.000000 0.00943899999999999947
419 3.000000 3.000000 0.01086400000000000039
420 5.000000 5.000000 0.01027699999999999968
