1 6.000000 6.000000 0.13190299999999999248
2 2.000000 2.000000 0.04369800000000000073
3 7.000000 7.000000 0.04058200000000000002
4 8.000000 8.000000 0.01428199999999999956
5 10.000000 9.000000 0.04150399999999999923
6 7.000000 7.000000 0.03046799999999999856
7 13.000000 13.000000 0.02120700000000000016
8 8.000000 8.000000 0.04661400000000000265
9 5.000000 5.000000 0.05079600000000000087
10 7.000000 7.000000 0.01402199999999999974
11 3.000000 3.000000 0.01804800000000000154
12 4.000000 4.000000 0.02023900000000000005
13 4.000000 4.000000 0.01541700000000000015
14 2.000000 2.000000 0.01372999999999999915
15 3.000000 3.000000 0.01684099999999999833
16 2.000000 2.000000 0.01400900000000000062
17 10.000000 10.000000 0.02953199999999999922
18 15.000000 11.000000 0.01138199999999999976
19 3.000000 3.000000 0.01414900000000000012
20 3.000000 3.000000 0.01330500000000000085
21 7.000000 7.000000 0.02785899999999999835
22 8.000000 8.000000 0.01075199999999999941
23 8.000000 8.000000 0.01301700000000000079
24 7.000000 7.000000 0.01363100000000000075
25 3.000000 3.000000 0.01429399999999999941
26 12.000000 11.000000 0.01242000000000000048
27 14.000000 14.000000 0.01145200000000000037
28 11.000000 11.000000 0.01277499999999999990
29 10.000000 10.000000 0.02283500000000000113
30 5.000000 5.000000 0.01342199999999999990
31 10.000000 10.000000 0.01205600000000000074
32 2.000000 2.000000 0.01353900000000000069
33 4.000000 4.000000 0.01203000000000000076
34 6.000000 5.000000 0.01280799999999999994
35 10.000000 9.000000 0.01867900000000000116
36 10.000000 10.000000 0.01261699999999999974
37 5.000000 5.000000 0.01273200000000000026
38 4.000000 4.000000 0.01450700000000000080
39 6.000000 6.000000 0.00921100000000000044
40 2.000000 2.000000 0.01413500000000000000
41 7.000000 7.000000 0.01211800000000000030
42 5.000000 5.000000 0.01243400000000000061
43 7.000000 7.000000 0.01350100000000000085
44 10.000000 10.000000 0.01233300000000000021
45 7.000000 7.000000 0.01674399999999999847
46 4.000000 4.000000 0.01244900000000000000
47 2.000000 2.000000 0.01376199999999999993
48 3.000000 3.000000 0.01334600000000000022
49 4.000000 4.000000 0.01261600000000000048
50 7.000000 7.000000 0.01460799999999999946
51 9.000000 9.000000 0.01344099999999999982
52 5.000000 5.000000 0.03353199999999999931
53 6.000000 6.000000 0.03047700000000000062
54 11.000000 11.000000 0.01410600000000000048
55 8.000000 8.000000 0.01151800000000000046
56 14.000000 14.000000 0.01144099999999999978
57 6.000000 6.000000 0.01256900000000000031
58 2.000000 2.000000 0.01349000000000000025
59 12.000000 11.000000 0.01396200000000000045
60 10.000000 10.000000 0.01215600000000000014
61 12.000000 10.000000 0.01248100000000000077
62 10.000000 10.000000 0.01058300000000000039
63 9.000000 8.000000 0.00983099999999999946
64 8.000000 8.000000 0.01042500000000000024
65 13.000000 12.000000 0.01284099999999999998
66 7.000000 7.000000 0.01135399999999999951
67 5.000000 5.000000 0.01193499999999999943
68 11.000000 9.000000 0.01150900000000000013
69 5.000000 5.000000 0.01050199999999999918
70 14.000000 12.000000 0.01040100000000000052
71 3.000000 3.000000 0.01230000000000000017
72 13.000000 13.000000 0.01143800000000000025
73 5.000000 5.000000 0.01358600000000000085
74 3.000000 3.000000 0.01237800000000000011
75 2.000000 2.000000 0.01409499999999999989
76 5.000000 5.000000 0.01321100000000000052
77 7.000000 7.000000 0.01112900000000000000
78 3.000000 3.000000 0.01248699999999999984
79 5.000000 5.000000 0.01241599999999999995
80 12.000000 12.000000 0.01073400000000000049
81 2.000000 2.000000 0.01298099999999999948
82 9.000000 7.000000 0.01062399999999999976
83 7.000000 7.000000 0.01344599999999999962
84 2.000000 2.000000 0.01319099999999999960
85 2.000000 2.000000 0.01429500000000000041
86 2.000000 2.000000 0.01332200000000000051
87 8.000000 7.000000 0.01142300000000000086
88 7.000000 7.000000 0.01496399999999999987
89 16.000000 14.000000 0.01239099999999999924
90 15.000000 13.000000 0.01155199999999999977
91 7.000000 7.000000 0.01359699999999999971
92 5.000000 5.000000 0.01240999999999999916
93 5.000000 5.000000 0.01312600000000000051
94 2.000000 2.000000 0.01384099999999999914
95 5.000000 5.000000 0.01815299999999999900
96 2.000000 2.000000 0.01998700000000000129
97 10.000000 9.000000 0.01279899999999999961
98 3.000000 3.000000 0.03254300000000000248
99 7.000000 7.000000 0.01358700000000000012
100 7.000000 7.000000 0.01435200000000000017
101 7.000000 7.000000 0.01385699999999999953
102 7.000000 7.000000 0.01411399999999999981
103 15.000000 15.000000 0.01037100000000000001
104 3.000000 3.000000 0.01262800000000000034
105 8.000000 7.000000 0.01654100000000000015
106 7.000000 6.000000 0.01122899999999999940
107 5.000000 5.000000 0.01308999999999999921
108 10.000000 10.000000 0.01324400000000000056
109 12.000000 12.000000 0.01222600000000000076
110 12.000000 12.000000 0.01087300000000000072
111 6.000000 6.000000 0.01258699999999999923
112 15.000000 13.000000 0.01355300000000000081
113 7.000000 7.000000 0.01444999999999999930
114 7.000000 7.000000 0.01920900000000000038
115 6.000000 6.000000 0.01268400000000000083
116 5.000000 5.000000 0.01420800000000000014
117 6.000000 6.000000 0.01182700000000000071
118 3.000000 3.000000 0.01223300000000000082
119 11.000000 10.000000 0.01131099999999999987
120 7.000000 7.000000 0.01340799999999999978
121 2.000000 2.000000 0.01310300000000000006
122 3.000000 3.000000 0.01283100000000000039
123 5.000000 5.000000 0.01406199999999999985
124 6.000000 6.000000 0.01202499999999999923
125 11.000000 11.000000 0.01094000000000000007
126 18.000000 16.000000 0.01127300000000000003
127 6.000000 5.000000 0.01185100000000000042
128 5.000000 5.000000 0.01350499999999999964
129 11.000000 11.000000 0.01137400000000000043
130 3.000000 3.000000 0.01306099999999999969
131 4.000000 4.000000 0.02013200000000000059
132 7.000000 7.000000 0.01467599999999999981
133 4.000000 4.000000 0.01403399999999999960
134 9.000000 9.000000 0.01255599999999999945
135 13.000000 13.000000 0.01110099999999999976
136 7.000000 7.000000 0.01137600000000000069
137 7.000000 7.000000 0.01077099999999999932
138 5.000000 5.000000 0.01299799999999999914
139 3.000000 3.000000 0.01286499999999999970
140 9.000000 9.000000 0.01415800000000000045
141 9.000000 9.000000 0.01187099999999999961
142 7.000000 7.000000 0.01345900000000000048
143 3.000000 3.000000 0.01315299999999999976
144 5.000000 5.000000 0.01391500000000000029
145 10.000000 9.000000 0.01299299999999999934
146 7.000000 6.000000 0.01165599999999999969
147 4.000000 4.000000 0.01240400000000000010
148 2.000000 2.000000 0.01338300000000000080
149 5.000000 5.000000 0.01340200000000000072
150 7.000000 7.000000 0.01418699999999999996
151 12.000000 11.000000 0.01247900000000000051
152 2.000000 2.000000 0.01364600000000000014
153 8.000000 8.000000 0.01245199999999999953
154 7.000000 7.000000 0.01035200000000000009
155 4.000000 4.000000 0.01201799999999999917
156 11.000000 11.000000 0.01287100000000000050
157 5.000000 5.000000 0.02428599999999999856
158 11.000000 11.000000 0.01137600000000000069
159 9.000000 9.000000 0.01169500000000000053
160 10.000000 10.000000 0.01203000000000000076
161 5.000000 5.000000 0.01263799999999999993
162 9.000000 9.000000 0.01021200000000000059
163 12.000000 10.000000 0.01123500000000000019
164 5.000000 5.000000 0.01039499999999999973
165 16.000000 16.000000 0.01257199999999999984
166 10.000000 9.000000 0.01088700000000000084
167 2.000000 2.000000 0.01320999999999999952
168 3.000000 3.000000 0.01347300000000000060
169 13.000000 13.000000 0.01087800000000000052
170 17.000000 15.000000 0.01205999999999999954
171 6.000000 6.000000 0.01287400000000000003
172 7.000000 7.000000 0.01094299999999999960
173 2.000000 2.000000 0.01347899999999999966
174 7.000000 7.000000 0.01120499999999999968
175 3.000000 3.000000 0.01456499999999999982
176 9.000000 9.000000 0.01357900000000000079
177 7.000000 7.000000 0.01574300000000000005
178 12.000000 10.000000 0.02690899999999999889
179 12.000000 11.000000 0.01394100000000000027
180 8.000000 8.000000 0.02891399999999999873
181 2.000000 2.000000 0.01367200000000000013
182 10.000000 9.000000 0.02202000000000000138
183 4.000000 4.000000 0.01233399999999999948
184 7.000000 7.000000 0.01777400000000000160
185 3.000000 3.000000 0.01350400000000000038
186 6.000000 5.000000 0.01418400000000000043
187 7.000000 7.000000 0.01947700000000000126
188 8.000000 8.000000 0.01353799999999999969
189 5.000000 5.000000 0.01201100000000000084
190 4.000000 4.000000 0.01444199999999999998
191 7.000000 7.000000 0.01389400000000000010
192 13.000000 13.000000 0.01608499999999999860
193 5.000000 5.000000 0.01640499999999999944
194 2.000000 2.000000 0.01800500000000000017
195 15.000000 14.000000 0.01448600000000000061
196 3.000000 3.000000 0.02103199999999999861
197 11.000000 11.000000 0.01568200000000000149
198 8.000000 8.000000 0.01437300000000000036
199 7.000000 7.000000 0.01319799999999999966
200 8.000000 8.000000 0.01477599999999999920
201 5.000000 5.000000 0.01323200000000000071
202 8.000000 8.000000 0.02520500000000000171
203 3.000000 3.000000 0.01332700000000000030
204 2.000000 2.000000 0.01326699999999999928
205 3.000000 3.000000 0.01282299999999999933
206 7.000000 7.000000 0.01375000000000000007
207 5.000000 5.000000 0.01854400000000000145
208 9.000000 9.000000 0.01839000000000000010
209 9.000000 9.000000 0.01155899999999999983
210 2.000000 2.000000 0.01214600000000000055
211 7.000000 7.000000 0.01507999999999999965
212 2.000000 2.000000 0.03997099999999999959
213 9.000000 9.000000 0.02159499999999999961
214 9.000000 8.000000 0.02896100000000000063
215 4.000000 4.000000 0.01222999999999999955
216 7.000000 7.000000 0.01392700000000000014
217 7.000000 7.000000 0.01243299999999999961
218 5.000000 5.000000 0.01478400000000000027
219 13.000000 12.000000 0.01132999999999999979
220 10.000000 10.000000 0.01589499999999999941
221 2.000000 2.000000 0.01585500000000000104
222 10.000000 10.000000 0.01400799999999999962
223 5.000000 5.000000 0.01561599999999999967
224 4.000000 4.000000 0.01476599999999999961
225 14.000000 13.000000 0.01472000000000000045
226 9.000000 9.000000 0.01310900000000000086
227 5.000000 5.000000 0.01475199999999999949
228 15.000000 14.000000 0.01552300000000000034
229 9.000000 8.000000 0.01154400000000000044
230 6.000000 6.000000 0.01508100000000000065
231 13.000000 12.000000 0.01419199999999999975
232 6.000000 6.000000 0.01508999999999999925
233 13.000000 13.000000 0.01220000000000000077
234 7.000000 7.000000 0.01252799999999999921
235 9.000000 9.000000 0.01350299999999999938
236 2.000000 2.000000 0.01376899999999999999
237 14.000000 14.000000 0.01170400000000000086
238 7.000000 7.000000 0.01384900000000000020
239 10.000000 10.000000 0.01106200000000000065
240 4.000000 4.000000 0.01247499999999999998
241 5.000000 5.000000 0.03031999999999999973
242 12.000000 12.000000 0.01228800000000000031
243 4.000000 4.000000 0.01332200000000000051
244 7.000000 7.000000 0.01298099999999999948
245 5.000000 5.000000 0.01320499999999999972
246 2.000000 2.000000 0.01340299999999999998
247 10.000000 9.000000 0.01253199999999999974
248 2.000000 2.000000 0.01487400000000000007
249 2.000000 2.000000 0.04727399999999999658
250 5.000000 5.000000 0.01320999999999999952
251 2.000000 2.000000 0.01341099999999999931
252 11.000000 11.000000 0.01284000000000000072
253 2.000000 2.000000 0.02838200000000000098
254 14.000000 14.000000 0.02789900000000000019
255 7.000000 7.000000 0.01386100000000000006
256 10.000000 8.000000 0.01167100000000000082
257 12.000000 10.000000 0.01682499999999999968
258 2.000000 2.000000 0.01447599999999999928
259 5.000000 5.000000 0.01317399999999999995
260 3.000000 3.000000 0.01205600000000000074
261 4.000000 4.000000 0.01331300000000000018
262 7.000000 7.000000 0.01260799999999999942
263 3.000000 3.000000 0.03700599999999999723
264 6.000000 6.000000 0.01992000000000000021
265 2.000000 2.000000 0.02159700000000000161
266 5.000000 5.000000 0.01838499999999999857
267 5.000000 5.000000 0.01336299999999999988
268 5.000000 5.000000 0.01180699999999999979
269 18.000000 18.000000 0.02231500000000000150
270 4.000000 4.000000 0.01098000000000000018
271 2.000000 2.000000 0.01280000000000000061
272 5.000000 5.000000 0.01277799999999999943
273 9.000000 9.000000 0.01222499999999999976
274 12.000000 11.000000 0.01208399999999999926
275 16.000000 14.000000 0.01084099999999999994
276 2.000000 2.000000 0.01384600000000000067
277 11.000000 11.000000 0.03432400000000000034
278 9.000000 9.000000 0.01225599999999999953
279 9.000000 9.000000 0.02737200000000000050
280 5.000000 5.000000 0.01203300000000000029
281 5.000000 5.000000 0.00946499999999999946
282 6.000000 6.000000 0.01294400000000000064
283 14.000000 14.000000 0.02216999999999999874
284 7.000000 7.000000 0.01388700000000000004
285 9.000000 8.000000 0.01185199999999999969
286 2.000000 2.000000 0.01465400000000000036
287 5.000000 5.000000 0.01174900000000000076
288 5.000000 5.000000 0.01091800000000000062
289 12.000000 12.000000 0.01911099999999999952
290 6.000000 6.000000 0.01259500000000000029
291 2.000000 2.000000 0.01332400000000000077
292 12.000000 11.000000 0.01203199999999999929
293 16.000000 16.000000 0.02099600000000000077
294 6.000000 6.000000 0.01335599999999999982
295 2.000000 2.000000 0.02267600000000000171
296 5.000000 5.000000 0.01330300000000000059
297 8.000000 8.000000 0.01399300000000000023
298 8.000000 7.000000 0.01462699999999999938
299 8.000000 7.000000 0.01128900000000000042
300 5.000000 5.000000 0.01388200000000000024
301 3.000000 3.000000 0.01320699999999999999
302 7.000000 7.000000 0.01100100000000000036
303 2.000000 2.000000 0.01356599999999999993
304 4.000000 4.000000 0.01235400000000000040
305 7.000000 7.000000 0.01118500000000000050
306 7.000000 7.000000 0.01297799999999999995
307 10.000000 10.000000 0.01195899999999999914
308 8.000000 8.000000 0.01068599999999999932
309 12.000000 9.000000 0.01339199999999999939
310 8.000000 8.000000 0.01274100000000000059
311 10.000000 10.000000 0.01453899999999999984
312 10.000000 10.000000 0.01229200000000000084
313 11.000000 11.000000 0.02717400000000000024
314 5.000000 5.000000 0.03006500000000000145
315 7.000000 7.000000 0.02984099999999999947
316 10.000000 10.000000 0.01332900000000000057
317 2.000000 2.000000 0.02455799999999999997
318 12.000000 12.000000 0.03594499999999999779
319 5.000000 5.000000 0.02810999999999999957
320 7.000000 7.000000 0.01421399999999999920
321 3.000000 3.000000 0.01363600000000000055
322 7.000000 7.000000 0.00939599999999999984
323 8.000000 8.000000 0.01152599999999999979
324 11.000000 11.000000 0.01112999999999999927
325 7.000000 7.000000 0.01428600000000000009
326 7.000000 7.000000 0.01412399999999999940
327 8.000000 8.000000 0.01246000000000000059
328 5.000000 5.000000 0.02905599999999999850
329 3.000000 3.000000 0.01299699999999999987
330 10.000000 10.000000 0.02553499999999999867
331 9.000000 9.000000 0.01110599999999999955
332 3.000000 3.000000 0.01359899999999999998
333 7.000000 7.000000 0.01381899999999999969
334 11.000000 11.000000 0.01344000000000000056
335 7.000000 7.000000 0.01385499999999999926
336 4.000000 4.000000 0.03150599999999999928
337 7.000000 7.000000 0.02036599999999999869
338 5.000000 5.000000 0.01324499999999999983
339 7.000000 7.000000 0.01139199999999999935
340 3.000000 3.000000 0.02128700000000000037
341 7.000000 6.000000 0.01177300000000000048
342 13.000000 13.000000 0.01061899999999999997
343 3.000000 3.000000 0.01308199999999999988
344 6.000000 5.000000 0.01269200000000000016
345 5.000000 5.000000 0.01675400000000000153
346 7.000000 7.000000 0.01234000000000000027
347 7.000000 6.000000 0.01244999999999999926
348 7.000000 7.000000 0.01455299999999999996
349 13.000000 11.000000 0.01023899999999999984
350 7.000000 6.000000 0.01165399999999999943
351 2.000000 2.000000 0.02972699999999999995
352 11.000000 9.000000 0.03115199999999999914
353 5.000000 5.000000 0.02972199999999999842
354 6.000000 6.000000 0.02416400000000000145
355 4.000000 4.000000 0.01269499999999999969
356 15.000000 14.000000 0.04768000000000000016
357 10.000000 10.000000 0.02844299999999999953
358 7.000000 7.000000 0.02800000000000000058
359 12.000000 11.000000 0.02739700000000000121
360 2.000000 2.000000 0.01273299999999999953
361 6.000000 6.000000 0.01255399999999999919
362 4.000000 4.000000 0.02461800000000000099
363 7.000000 7.000000 0.01249499999999999916
364 16.000000 16.000000 0.01795700000000000074
365 5.000000 5.000000 0.01247700000000000024
366 3.000000 3.000000 0.01238399999999999918
367 9.000000 7.000000 0.02539399999999999991
368 5.000000 5.000000 0.04320600000000000135
369 5.000000 5.000000 0.04637000000000000149
370 7.000000 7.000000 0.02874200000000000019
371 4.000000 4.000000 0.04225899999999999795
372 12.000000 11.000000 0.04749300000000000049
373 7.000000 7.000000 0.01359699999999999971
374 15.000000 14.000000 0.02871599999999999847
375 9.000000 9.000000 0.03279200000000000170
376 2.000000 2.000000 0.06413699999999999957
377 7.000000 7.000000 0.01392400000000000061
378 13.000000 13.000000 0.01091899999999999989
379 4.000000 4.000000 0.02839699999999999863
380 14.000000 12.000000 0.02311500000000000013
381 8.000000 7.000000 0.02491700000000000165
382 5.000000 5.000000 0.01420199999999999935
383 7.000000 7.000000 0.01459399999999999933
384 2.000000 2.000000 0.01336099999999999961
385 2.000000 2.000000 0.01368899999999999978
386 12.000000 10.000000 0.02926799999999999888
387 3.000000 3.000000 0.03056199999999999889
388 3.000000 3.000000 0.01268299999999999983
389 5.000000 5.000000 0.04593400000000000261
390 3.000000 3.000000 0.01341299999999999958
391 6.000000 6.000000 0.01336000000000000035
392 5.000000 4.000000 0.01140000000000000041
393 7.000000 7.000000 0.01291300000000000087
394 4.000000 4.000000 0.01274199999999999985
395 5.000000 5.000000 0.03513999999999999763
396 2.000000 2.000000 0.02211300000000000071
397 14.000000 14.000000 0.03660100000000000159
398 8.000000 8.000000 0.02898900000000000088
399 10.000000 10.000000 0.02254499999999999907
400 5.000000 5.000000 0.01373100000000000015
401 8.000000 8.000000 0.01081400000000000070
402 4.000000 4.000000 0.01081799999999999949
403 2.000000 2.000000 0.01374200000000000074
404 2.000000 2.000000 0.01345299999999999968
405 8.000000 7.000000 0.01105399999999999959
406 2.000000 2.000000 0.01341700000000000011
407 7.000000 7.000000 0.01415100000000000038
408 10.000000 10.000000 0.01351499999999999924
409 6.000000 6.000000 0.01161900000000000086
410 5.000000 5.000000 0.02663300000000000042
411 8.000000 8.000000 0.01417099999999999957
412 8.000000 7.000000 0.01198300000000000060
413 2.000000 2.000000 0.01790999999999999884
414 10.000000 10.000000 0.02685799999999999993
415 13.000000 13.000000 0.01941800000000000123
416 16.000000 16.000000 0.03366799999999999654
417 11.000000 9.000000 0.01023199999999999978
418 12.000000 11.000000 0.01158999999999999961
419 2.000000 2.000000 0.04836300000000000321
420 7.000000 7.000000 0.00890999999999999952
