1 7.000000 7.000000 0.56864800000000004232
2 5.000000 5.000000 0.14056799999999999851
3 2.000000 2.000000 0.11108700000000000518
4 21.000000 19.000000 0.10644499999999999795
5 7.000000 7.000000 0.04274900000000000228
6 20.000000 18.000000 0.02528100000000000139
7 24.000000 23.000000 0.01886399999999999882
8 18.000000 18.000000 0.02029900000000000107
9 23.000000 23.000000 0.08010599999999999665
10 8.000000 8.000000 0.02735399999999999984
11 17.000000 17.000000 0.04069300000000000000
12 24.000000 22.000000 0.02935400000000000162
13 7.000000 7.000000 0.03166599999999999970
14 12.000000 12.000000 0.11721800000000000275
15 13.000000 13.000000 0.08705699999999999550
16 15.000000 15.000000 0.04614700000000000052
17 15.000000 15.000000 0.02556699999999999945
18 13.000000 13.000000 0.04770800000000000041
19 13.000000 13.000000 0.03361600000000000005
20 7.000000 7.000000 0.05416499999999999787
21 12.000000 12.000000 0.05893099999999999727
22 17.000000 16.000000 0.04757100000000000217
23 12.000000 12.000000 0.05063700000000000145
24 24.000000 22.000000 0.03229800000000000032
25 13.000000 13.000000 0.04053299999999999959
26 19.000000 19.000000 0.05942000000000000060
27 16.000000 16.000000 0.02922699999999999951
28 7.000000 7.000000 0.06350799999999999501
29 15.000000 15.000000 0.03308099999999999929
30 15.000000 15.000000 0.05695200000000000262
31 22.000000 22.000000 0.05214099999999999985
32 24.000000 21.000000 0.02837900000000000145
33 15.000000 14.000000 0.04534200000000000036
34 10.000000 10.000000 0.04224499999999999783
35 13.000000 13.000000 0.08664399999999999880
36 16.000000 16.000000 0.04656300000000000022
37 21.000000 21.000000 0.05750199999999999756
38 16.000000 15.000000 0.04715300000000000047
39 14.000000 14.000000 0.04829100000000000059
40 15.000000 15.000000 0.05498100000000000209
41 14.000000 14.000000 0.09284900000000000098
42 22.000000 20.000000 0.06398600000000000121
43 2.000000 2.000000 0.08892500000000000404
44 20.000000 17.000000 0.05161500000000000116
45 16.000000 15.000000 0.04497400000000000009
46 13.000000 13.000000 0.07061599999999999822
47 21.000000 20.000000 0.06022999999999999882
48 30.000000 28.000000 0.03129799999999999943
49 12.000000 12.000000 0.07832799999999999485
50 14.000000 14.000000 0.03061900000000000038
51 19.000000 19.000000 0.05095000000000000223
52 11.000000 11.000000 0.05327799999999999897
53 9.000000 9.000000 0.08712699999999999612
54 9.000000 9.000000 0.05833200000000000190
55 16.000000 14.000000 0.07530799999999999994
56 2.000000 2.000000 0.05019799999999999957
57 7.000000 7.000000 0.05967800000000000188
58 21.000000 20.000000 0.05782099999999999740
59 5.000000 5.000000 0.04859700000000000131
60 7.000000 7.000000 0.02433199999999999946
61 17.000000 17.000000 0.01537099999999999925
62 21.000000 19.000000 0.02712200000000000027
63 8.000000 8.000000 0.02440300000000000108
64 19.000000 19.000000 0.02176399999999999862
65 13.000000 12.000000 0.02279799999999999882
66 16.000000 16.000000 0.01571699999999999833
67 17.000000 17.000000 0.03234700000000000075
68 20.000000 20.000000 0.01721599999999999867
69 35.000000 33.000000 0.01730299999999999894
70 19.000000 19.000000 0.01922300000000000050
71 2.000000 2.000000 0.03133899999999999880
72 7.000000 7.000000 0.03144199999999999773
73 14.000000 12.000000 0.02652799999999999950
74 22.000000 21.000000 0.02650999999999999884
75 12.000000 11.000000 0.02351699999999999971
76 16.000000 16.000000 0.02271899999999999961
77 15.000000 15.000000 0.01872899999999999912
78 18.000000 17.000000 0.02750400000000000067
79 10.000000 10.000000 0.04810500000000000193
80 17.000000 17.000000 0.02533099999999999935
81 16.000000 16.000000 0.02295099999999999918
82 13.000000 12.000000 0.04972100000000000131
83 16.000000 16.000000 0.01460999999999999972
84 12.000000 12.000000 0.02736099999999999990
85 17.000000 16.000000 0.03235799999999999788
86 22.000000 19.000000 0.01408500000000000030
87 7.000000 7.000000 0.02926399999999999835
88 14.000000 14.000000 0.01887199999999999989
89 22.000000 22.000000 0.02288700000000000109
90 8.000000 7.000000 0.02401800000000000115
91 21.000000 19.000000 0.03048199999999999868
92 12.000000 12.000000 0.03522399999999999837
93 6.000000 6.000000 0.02480500000000000066
94 28.000000 25.000000 0.03355500000000000149
95 9.000000 8.000000 0.01310799999999999986
96 20.000000 18.000000 0.02192900000000000058
97 22.000000 22.000000 0.02250100000000000017
98 19.000000 19.000000 0.01184299999999999936
99 4.000000 4.000000 0.02824799999999999880
100 9.000000 9.000000 0.05902600000000000208
101 24.000000 23.000000 0.01742499999999999952
102 13.000000 13.000000 0.02574500000000000052
103 10.000000 10.000000 0.03200399999999999773
104 25.000000 24.000000 0.04377000000000000335
105 5.000000 5.000000 0.05327599999999999697
106 11.000000 11.000000 0.08551200000000000467
107 5.000000 5.000000 0.06446100000000000441
108 2.000000 2.000000 0.06621199999999999308
109 15.000000 15.000000 0.04619600000000000095
110 12.000000 12.000000 0.03352999999999999731
111 9.000000 9.000000 0.06231400000000000133
112 19.000000 17.000000 0.01544200000000000086
113 15.000000 13.000000 0.04373900000000000010
114 2.000000 2.000000 0.02882099999999999940
115 14.000000 14.000000 0.02299100000000000102
116 15.000000 15.000000 0.01391599999999999955
117 10.000000 10.000000 0.02150900000000000034
118 22.000000 21.000000 0.02605599999999999930
119 5.000000 5.000000 0.02100199999999999984
120 28.000000 26.000000 0.01607600000000000001
121 8.000000 8.000000 0.01611699999999999938
122 3.000000 3.000000 0.02621499999999999872
123 19.000000 17.000000 0.02909199999999999980
124 2.000000 2.000000 0.02900300000000000100
125 12.000000 10.000000 0.02450199999999999947
126 18.000000 17.000000 0.01658199999999999952
127 15.000000 15.000000 0.02608800000000000008
128 13.000000 13.000000 0.02487100000000000075
129 10.000000 9.000000 0.02392499999999999835
130 13.000000 13.000000 0.02012299999999999853
131 13.000000 13.000000 0.01654999999999999874
132 7.000000 7.000000 0.02726800000000000057
133 19.000000 19.000000 0.01702100000000000141
134 21.000000 21.000000 0.01328999999999999973
135 2.000000 2.000000 0.02964100000000000068
136 11.000000 11.000000 0.01717499999999999930
137 2.000000 2.000000 0.02918000000000000108
138 9.000000 7.000000 0.01630600000000000105
139 9.000000 9.000000 0.01780899999999999844
140 12.000000 12.000000 0.03474800000000000111
141 2.000000 2.000000 0.03174199999999999938
142 15.000000 15.000000 0.02716999999999999971
143 26.000000 25.000000 0.01673799999999999941
144 18.000000 18.000000 0.06202799999999999980
145 2.000000 2.000000 0.02827299999999999952
146 22.000000 22.000000 0.02503400000000000070
147 19.000000 19.000000 0.01902600000000000124
148 14.000000 14.000000 0.02314000000000000085
149 12.000000 12.000000 0.02284100000000000019
150 16.000000 15.000000 0.01910200000000000092
151 14.000000 14.000000 0.01872400000000000106
152 23.000000 23.000000 0.02040200000000000000
153 13.000000 13.000000 0.04010500000000000176
154 17.000000 17.000000 0.03465399999999999731
155 17.000000 16.000000 0.02923200000000000104
156 11.000000 11.000000 0.03615899999999999670
157 18.000000 18.000000 0.02942699999999999830
158 9.000000 9.000000 0.02838500000000000051
159 5.000000 5.000000 0.02870100000000000082
160 20.000000 19.000000 0.01902399999999999924
161 28.000000 28.000000 0.03153199999999999753
162 10.000000 10.000000 0.02328900000000000067
163 20.000000 20.000000 0.02490600000000000105
164 25.000000 25.000000 0.02429800000000000015
165 11.000000 11.000000 0.03732699999999999907
166 16.000000 14.000000 0.02771799999999999958
167 14.000000 13.000000 0.02332700000000000051
168 16.000000 13.000000 0.02387299999999999839
169 13.000000 13.000000 0.02799199999999999952
170 14.000000 14.000000 0.02246700000000000086
171 11.000000 11.000000 0.02851499999999999868
172 19.000000 19.000000 0.03412400000000000155
173 12.000000 12.000000 0.03112200000000000036
174 21.000000 17.000000 0.01552500000000000061
175 21.000000 20.000000 0.02725699999999999998
176 16.000000 15.000000 0.02517300000000000093
177 18.000000 17.000000 0.02176200000000000009
178 18.000000 16.000000 0.01776499999999999954
179 19.000000 19.000000 0.01397800000000000084
180 12.000000 11.000000 0.01714900000000000105
181 4.000000 4.000000 0.02539100000000000038
182 15.000000 12.000000 0.02610499999999999973
183 9.000000 9.000000 0.02773300000000000071
184 24.000000 23.000000 0.04019500000000000156
185 2.000000 2.000000 0.05090299999999999686
186 12.000000 12.000000 0.03659400000000000153
187 18.000000 18.000000 0.03060399999999999926
188 15.000000 14.000000 0.05583199999999999968
189 19.000000 18.000000 0.05363799999999999818
190 15.000000 15.000000 0.01266100000000000038
191 16.000000 16.000000 0.01680699999999999902
192 18.000000 15.000000 0.02559499999999999970
193 17.000000 16.000000 0.02010100000000000081
194 8.000000 8.000000 0.01173100000000000011
195 14.000000 14.000000 0.03438399999999999790
196 19.000000 19.000000 0.02489900000000000099
197 9.000000 7.000000 0.01370200000000000064
198 7.000000 7.000000 0.02573399999999999993
199 18.000000 18.000000 0.02342999999999999944
200 10.000000 10.000000 0.02930800000000000072
201 13.000000 12.000000 0.02003999999999999879
202 21.000000 19.000000 0.02968300000000000105
203 7.000000 7.000000 0.03068500000000000047
204 8.000000 8.000000 0.02813099999999999976
205 11.000000 11.000000 0.01993699999999999986
206 20.000000 20.000000 0.02268399999999999930
207 13.000000 13.000000 0.01777600000000000013
208 19.000000 16.000000 0.01905799999999999855
209 24.000000 23.000000 0.01637600000000000167
210 20.000000 20.000000 0.02017199999999999896
211 12.000000 10.000000 0.02512400000000000050
212 10.000000 8.000000 0.02421299999999999841
213 13.000000 11.000000 0.02321600000000000052
214 10.000000 10.000000 0.02590299999999999894
215 9.000000 9.000000 0.01939600000000000005
216 15.000000 15.000000 0.05940499999999999947
217 7.000000 7.000000 0.03925200000000000217
218 14.000000 14.000000 0.03544200000000000128
219 12.000000 11.000000 0.06040000000000000230
220 11.000000 11.000000 0.01826799999999999952
221 21.000000 21.000000 0.03750400000000000261
222 27.000000 27.000000 0.01494400000000000069
223 5.000000 5.000000 0.02900300000000000100
224 9.000000 9.000000 0.03755800000000000111
225 5.000000 5.000000 0.02543399999999999828
226 2.000000 2.000000 0.06290900000000000658
227 17.000000 17.000000 0.01749699999999999867
228 23.000000 22.000000 0.02977799999999999891
229 11.000000 9.000000 0.03556100000000000233
230 5.000000 5.000000 0.04477600000000000330
231 21.000000 21.000000 0.02881099999999999980
232 10.000000 10.000000 0.03139800000000000230
233 20.000000 20.000000 0.04340600000000000014
234 15.000000 15.000000 0.04053299999999999959
235 2.000000 2.000000 0.03373700000000000310
236 24.000000 20.000000 0.02644799999999999929
237 9.000000 9.000000 0.03422300000000000342
238 2.000000 2.000000 0.07532899999999999319
239 2.000000 2.000000 0.02589100000000000082
240 4.000000 4.000000 0.03135199999999999793
241 9.000000 9.000000 0.03270800000000000096
242 2.000000 2.000000 0.03579100000000000337
243 12.000000 12.000000 0.05239699999999999913
244 5.000000 5.000000 0.04876799999999999885
245 18.000000 17.000000 0.03322300000000000253
246 11.000000 11.000000 0.01644400000000000028
247 12.000000 12.000000 0.03948100000000000220
248 20.000000 19.000000 0.01559100000000000069
249 5.000000 5.000000 0.01710599999999999968
250 9.000000 9.000000 0.03894299999999999845
251 18.000000 16.000000 0.03423600000000000254
252 23.000000 19.000000 0.03413100000000000162
253 12.000000 12.000000 0.07902099999999999402
254 21.000000 21.000000 0.02572899999999999840
255 20.000000 18.000000 0.03739100000000000062
256 28.000000 22.000000 0.01976699999999999985
257 7.000000 7.000000 0.05818299999999999861
258 25.000000 21.000000 0.04371400000000000285
259 14.000000 13.000000 0.04059600000000000014
260 21.000000 19.000000 0.03842899999999999788
261 5.000000 5.000000 0.04567000000000000226
262 7.000000 7.000000 0.09179400000000000059
263 3.000000 3.000000 0.04762199999999999767
264 16.000000 16.000000 0.03314399999999999985
265 15.000000 15.000000 0.01202600000000000023
266 12.000000 12.000000 0.06542299999999999505
267 19.000000 18.000000 0.02452000000000000013
268 3.000000 3.000000 0.03126000000000000306
269 10.000000 10.000000 0.02173800000000000038
270 9.000000 9.000000 0.04509599999999999720
271 18.000000 18.000000 0.02949999999999999845
272 27.000000 24.000000 0.03400899999999999757
273 14.000000 14.000000 0.03365400000000000336
274 2.000000 2.000000 0.05582800000000000262
275 23.000000 21.000000 0.01629999999999999852
276 9.000000 9.000000 0.04291099999999999776
277 4.000000 4.000000 0.02784899999999999876
278 29.000000 29.000000 0.01355400000000000008
279 18.000000 18.000000 0.04405400000000000288
280 9.000000 9.000000 0.03077600000000000127
281 13.000000 13.000000 0.01695100000000000079
282 7.000000 7.000000 0.03998700000000000171
283 20.000000 19.000000 0.02706400000000000125
284 12.000000 12.000000 0.01736499999999999849
285 7.000000 7.000000 0.02951000000000000151
286 10.000000 10.000000 0.03498699999999999727
287 17.000000 15.000000 0.02847500000000000031
288 15.000000 15.000000 0.03250700000000000117
289 7.000000 7.000000 0.06641099999999999781
290 17.000000 16.000000 0.02482699999999999838
291 18.000000 18.000000 0.01884299999999999864
292 17.000000 17.000000 0.02188400000000000067
293 11.000000 11.000000 0.02539900000000000144
294 9.000000 9.000000 0.01563600000000000059
295 26.000000 26.000000 0.01501899999999999936
296 22.000000 22.000000 0.02651999999999999844
297 34.000000 28.000000 0.02602199999999999999
298 15.000000 15.000000 0.01824100000000000027
299 10.000000 9.000000 0.02875000000000000125
300 3.000000 3.000000 0.02658200000000000146
301 22.000000 22.000000 0.01706600000000000131
302 8.000000 8.000000 0.01959599999999999884
303 15.000000 14.000000 0.02054500000000000076
304 15.000000 15.000000 0.01812799999999999828
305 12.000000 12.000000 0.02443499999999999839
306 16.000000 16.000000 0.02895299999999999957
307 14.000000 13.000000 0.03102699999999999902
308 20.000000 17.000000 0.02822099999999999956
309 12.000000 12.000000 0.02240400000000000030
310 11.000000 11.000000 0.02798600000000000046
311 10.000000 10.000000 0.02823399999999999868
312 17.000000 16.000000 0.01975000000000000019
313 10.000000 10.000000 0.03080099999999999852
314 20.000000 19.000000 0.03064199999999999910
315 9.000000 9.000000 0.03313699999999999979
316 2.000000 2.000000 0.02836800000000000085
317 26.000000 25.000000 0.04304999999999999799
318 24.000000 24.000000 0.01607700000000000101
319 10.000000 8.000000 0.02620000000000000107
320 13.000000 13.000000 0.02526799999999999879
321 25.000000 23.000000 0.01883800000000000058
322 13.000000 12.000000 0.02348000000000000087
323 7.000000 7.000000 0.02594700000000000131
324 11.000000 10.000000 0.02048900000000000027
325 16.000000 14.000000 0.05363500000000000212
326 13.000000 13.000000 0.04333000000000000046
327 16.000000 14.000000 0.01443599999999999918
328 14.000000 13.000000 0.02503800000000000123
329 12.000000 12.000000 0.01712599999999999886
330 11.000000 11.000000 0.05326999999999999791
331 21.000000 17.000000 0.02920599999999999932
332 9.000000 9.000000 0.02349800000000000152
333 15.000000 15.000000 0.02167900000000000035
334 16.000000 16.000000 0.02741400000000000087
335 8.000000 8.000000 0.03380199999999999871
336 7.000000 7.000000 0.02912500000000000158
337 5.000000 5.000000 0.03042100000000000012
338 31.000000 27.000000 0.01910099999999999992
339 20.000000 20.000000 0.01235900000000000019
340 12.000000 12.000000 0.02008199999999999916
341 3.000000 3.000000 0.03154900000000000065
342 22.000000 22.000000 0.04488700000000000329
343 11.000000 11.000000 0.05434699999999999948
344 22.000000 21.000000 0.05136000000000000287
345 9.000000 8.000000 0.05287700000000000039
346 2.000000 2.000000 0.06349699999999999789
347 12.000000 12.000000 0.03648099999999999954
348 11.000000 11.000000 0.03785999999999999782
349 22.000000 21.000000 0.01366299999999999980
350 15.000000 15.000000 0.03799500000000000099
351 9.000000 9.000000 0.03595700000000000285
352 39.000000 38.000000 0.02124300000000000146
353 10.000000 9.000000 0.02179100000000000134
354 14.000000 14.000000 0.01898299999999999987
355 6.000000 6.000000 0.03325999999999999790
356 9.000000 9.000000 0.03307500000000000023
357 28.000000 26.000000 0.04488199999999999829
358 7.000000 7.000000 0.03805599999999999955
359 22.000000 20.000000 0.06383300000000000085
360 12.000000 11.000000 0.03665199999999999708
361 14.000000 13.000000 0.05942000000000000060
362 10.000000 9.000000 0.03021300000000000027
363 17.000000 17.000000 0.03703800000000000148
364 14.000000 12.000000 0.02624999999999999903
365 28.000000 25.000000 0.05885399999999999660
366 10.000000 9.000000 0.03156400000000000178
367 6.000000 6.000000 0.04950800000000000339
368 20.000000 19.000000 0.06700599999999999612
369 10.000000 10.000000 0.04288499999999999951
370 13.000000 13.000000 0.06457599999999999452
371 23.000000 23.000000 0.01596200000000000049
372 26.000000 26.000000 0.01922600000000000003
373 12.000000 12.000000 0.01713200000000000139
374 9.000000 9.000000 0.02505299999999999888
375 10.000000 10.000000 0.05668200000000000321
376 7.000000 7.000000 0.03952900000000000164
377 19.000000 19.000000 0.01438200000000000069
378 21.000000 21.000000 0.02470500000000000126
379 17.000000 14.000000 0.01226799999999999939
380 3.000000 3.000000 0.02504899999999999835
381 9.000000 9.000000 0.02951499999999999957
382 19.000000 19.000000 0.03956799999999999901
383 19.000000 17.000000 0.06765000000000000180
384 19.000000 17.000000 0.06779399999999999316
385 19.000000 19.000000 0.02558600000000000110
386 12.000000 12.000000 0.02732800000000000160
387 22.000000 20.000000 0.03289999999999999869
388 9.000000 9.000000 0.03906500000000000250
389 14.000000 14.000000 0.01527399999999999938
390 28.000000 25.000000 0.07820100000000000662
391 13.000000 13.000000 0.02314199999999999938
392 13.000000 13.000000 0.01891100000000000073
393 23.000000 21.000000 0.04196199999999999930
394 2.000000 2.000000 0.02841700000000000129
395 24.000000 21.000000 0.01998700000000000129
396 5.000000 5.000000 0.02315199999999999897
397 29.000000 27.000000 0.01658000000000000099
398 19.000000 18.000000 0.02754300000000000151
399 19.000000 17.000000 0.03447399999999999770
400 20.000000 20.000000 0.01127700000000000057
401 15.000000 13.000000 0.01494299999999999969
402 17.000000 15.000000 0.02639599999999999932
403 16.000000 14.000000 0.01369599999999999984
404 14.000000 14.000000 0.02286399999999999891
405 20.000000 20.000000 0.02702600000000000141
406 30.000000 30.000000 0.03376200000000000034
407 19.000000 19.000000 0.02419100000000000070
408 4.000000 4.000000 0.04692700000000000343
409 23.000000 23.000000 0.02525300000000000114
410 14.000000 14.000000 0.02780499999999999985
411 17.000000 17.000000 0.05599799999999999917
412 17.000000 16.000000 0.03973600000000000049
413 3.000000 3.000000 0.06431399999999999617
414 5.000000 5.000000 0.04264300000000000035
415 16.000000 15.000000 0.01909699999999999939
416 7.000000 7.000000 0.02305600000000000011
417 30.000000 27.000000 0.02087200000000000166
418 20.000000 18.000000 0.03065199999999999869
419 14.000000 14.000000 0.03458499999999999769
420 14.000000 12.000000 0.01670100000000000057
