1 65.000000 61.000000 1.18825599999999997891
2 84.000000 81.000000 0.35930899999999998951
3 152.000000 137.000000 0.18670100000000000584
4 58.000000 54.000000 0.11611499999999999599
5 9.000000 9.000000 1.21143399999999989980
6 85.000000 83.000000 0.19042200000000000792
7 49.000000 44.000000 0.99299300000000001454
8 72.000000 68.000000 0.20233100000000001084
9 73.000000 69.000000 0.80593599999999998573
10 52.000000 50.000000 0.24625099999999999767
11 59.000000 56.000000 0.81647000000000002906
12 124.000000 106.000000 0.15484300000000000841
13 70.000000 70.000000 1.19676800000000005397
14 72.000000 68.000000 1.41052899999999992176
15 75.000000 75.000000 0.04777599999999999902
16 80.000000 80.000000 0.47916399999999997883
17 32.000000 32.000000 0.73929599999999995319
18 27.000000 27.000000 0.27158500000000002084
19 52.000000 51.000000 0.99125700000000005474
20 32.000000 32.000000 0.75312299999999998690
21 73.000000 67.000000 0.29242899999999999450
22 38.000000 38.000000 0.45575900000000002521
23 47.000000 46.000000 0.71220399999999994822
24 114.000000 114.000000 0.13794699999999998630
25 56.000000 54.000000 0.68081999999999998074
26 124.000000 114.000000 0.02951900000000000010
27 38.000000 35.000000 1.14778399999999991543
28 21.000000 21.000000 0.95756799999999997475
29 58.000000 58.000000 0.47035100000000001907
30 27.000000 27.000000 0.94222099999999997522
31 33.000000 33.000000 0.65829899999999996751
32 40.000000 37.000000 0.80043399999999997885
33 55.000000 55.000000 0.17233599999999998920
34 19.000000 18.000000 0.74703100000000000058
35 40.000000 38.000000 0.39512999999999998124
36 59.000000 57.000000 1.04597199999999990183
37 31.000000 29.000000 1.02544300000000010442
38 89.000000 85.000000 0.28366999999999997772
39 95.000000 90.000000 0.02587199999999999916
40 37.000000 35.000000 1.54244899999999995899
41 63.000000 53.000000 0.74755899999999997352
42 74.000000 70.000000 0.58521299999999998320
43 96.000000 90.000000 0.18576400000000001245
44 48.000000 48.000000 0.45860800000000001564
45 91.000000 88.000000 0.04875399999999999873
46 41.000000 38.000000 0.44814900000000001956
47 105.000000 98.000000 0.22469100000000000183
48 67.000000 67.000000 0.39726499999999997925
49 108.000000 103.000000 0.10231600000000000417
50 101.000000 101.000000 0.08296499999999999708
51 38.000000 37.000000 0.68780099999999999572
52 44.000000 44.000000 0.14425199999999999134
53 78.000000 78.000000 0.84975900000000004209
54 43.000000 43.000000 0.08558100000000000429
55 9.000000 9.000000 1.30303499999999994330
56 42.000000 39.000000 0.27525600000000000067
57 19.000000 19.000000 1.06186000000000002608
58 71.000000 67.000000 0.30736799999999997457
59 51.000000 49.000000 0.60787400000000002542
60 78.000000 77.000000 0.27916999999999997373
61 66.000000 64.000000 0.62236899999999995003
62 71.000000 68.000000 0.28407900000000002594
63 78.000000 72.000000 0.24534000000000000252
64 32.000000 29.000000 0.17989600000000000035
65 109.000000 109.000000 0.14096100000000000296
66 87.000000 84.000000 0.49494300000000002182
67 31.000000 27.000000 0.06617000000000000659
68 32.000000 29.000000 1.33745099999999994544
69 66.000000 62.000000 0.46861000000000002652
70 68.000000 68.000000 0.59565900000000004955
71 64.000000 57.000000 0.13705200000000000715
72 77.000000 72.000000 0.44392999999999999128
73 72.000000 70.000000 0.51029199999999996784
74 78.000000 76.000000 1.14596199999999992514
75 14.000000 12.000000 0.79830699999999998884
76 48.000000 45.000000 0.47592099999999998294
77 94.000000 89.000000 0.40510200000000001763
78 36.000000 36.000000 0.80442400000000002791
79 39.000000 38.000000 0.91939199999999998703
80 118.000000 111.000000 0.08296199999999999408
81 53.000000 46.000000 0.63127299999999997304
82 106.000000 101.000000 0.14292900000000000049
83 82.000000 80.000000 0.25139699999999998159
84 74.000000 74.000000 0.38878499999999999170
85 31.000000 29.000000 0.74229599999999995585
86 142.000000 124.000000 0.05394499999999999990
87 75.000000 72.000000 0.42223899999999997545
88 13.000000 13.000000 1.32321099999999991503
89 67.000000 61.000000 1.92507500000000009166
90 108.000000 108.000000 0.04930999999999999966
91 107.000000 97.000000 0.08869599999999999707
92 41.000000 40.000000 0.47997600000000001375
93 58.000000 56.000000 0.65730299999999997063
94 66.000000 62.000000 0.49759700000000001152
95 135.000000 132.000000 0.05165399999999999853
96 71.000000 70.000000 0.18085300000000001375
97 97.000000 90.000000 0.42602499999999998703
98 31.000000 31.000000 0.24108999999999999875
99 13.000000 13.000000 0.83383499999999999286
100 42.000000 42.000000 0.01644400000000000028
101 108.000000 105.000000 0.11066299999999999748
102 33.000000 27.000000 0.96305099999999999039
103 70.000000 70.000000 0.04751299999999999968
104 95.000000 94.000000 0.10742000000000000159
105 125.000000 118.000000 0.12726799999999999224
106 49.000000 44.000000 0.73928099999999996594
107 63.000000 60.000000 0.74467499999999997584
108 19.000000 19.000000 0.45948600000000000554
109 33.000000 29.000000 0.91010299999999999532
110 37.000000 37.000000 0.75465199999999998948
111 15.000000 13.000000 0.96313300000000001688
112 38.000000 35.000000 0.69719100000000000517
113 88.000000 81.000000 0.37621199999999999086
114 71.000000 66.000000 0.39031300000000002104
115 65.000000 65.000000 0.22374399999999999844
116 83.000000 76.000000 0.55260399999999998411
117 87.000000 82.000000 0.36057000000000000162
118 65.000000 65.000000 0.59015600000000001391
119 54.000000 48.000000 0.75209700000000001552
120 69.000000 69.000000 0.27707300000000001372
121 11.000000 11.000000 0.93259400000000003406
122 117.000000 114.000000 0.20388300000000000867
123 84.000000 83.000000 0.46568199999999998484
124 64.000000 61.000000 0.11452400000000000080
125 54.000000 51.000000 1.48203200000000001602
126 83.000000 79.000000 0.31483699999999997798
127 26.000000 25.000000 0.98554500000000000437
128 41.000000 37.000000 0.63871699999999997921
129 31.000000 31.000000 0.94357999999999997431
130 49.000000 45.000000 0.94374100000000005206
131 35.000000 35.000000 0.79127800000000003688
132 67.000000 65.000000 0.57879000000000002668
133 42.000000 41.000000 0.60971500000000000696
134 96.000000 96.000000 0.22280300000000000105
135 94.000000 92.000000 0.21163499999999998979
136 46.000000 44.000000 0.40708600000000000341
137 40.000000 39.000000 0.77809099999999997710
138 37.000000 37.000000 0.15555900000000000283
139 85.000000 84.000000 0.30317199999999999704
140 80.000000 75.000000 0.45628900000000000015
141 17.000000 17.000000 1.24808000000000007823
142 89.000000 86.000000 0.10713499999999999412
143 97.000000 97.000000 0.03415300000000000280
144 89.000000 83.000000 0.73665000000000002700
145 64.000000 64.000000 0.33286300000000001997
146 16.000000 16.000000 0.75433700000000003527
147 22.000000 22.000000 0.63838200000000000500
148 68.000000 66.000000 0.36175600000000002199
149 36.000000 36.000000 0.19932099999999999818
150 28.000000 27.000000 0.89525600000000005174
151 61.000000 59.000000 0.39648800000000000709
152 139.000000 139.000000 0.04310699999999999948
153 56.000000 53.000000 1.37251699999999998703
154 61.000000 61.000000 0.43838599999999999790
155 76.000000 70.000000 0.33016600000000001502
156 31.000000 28.000000 0.73956800000000000317
157 76.000000 73.000000 0.54945200000000005147
158 24.000000 24.000000 0.82067800000000001859
159 88.000000 83.000000 0.33626099999999997658
160 31.000000 29.000000 1.19711499999999992916
161 55.000000 52.000000 0.57233599999999995589
162 27.000000 25.000000 1.03142500000000003624
163 87.000000 84.000000 0.06355700000000000238
164 75.000000 70.000000 0.48300300000000001566
165 84.000000 79.000000 0.59926199999999996137
166 54.000000 49.000000 1.02254200000000006199
167 39.000000 37.000000 0.60600900000000001988
168 47.000000 44.000000 0.13042200000000001014
169 85.000000 82.000000 0.28886000000000000565
170 46.000000 46.000000 0.46023500000000000520
171 101.000000 98.000000 0.37749100000000002098
172 74.000000 70.000000 0.55161899999999997046
173 39.000000 36.000000 1.04521500000000000519
174 124.000000 113.000000 0.06230999999999999733
175 122.000000 107.000000 0.17255499999999998617
176 94.000000 91.000000 0.42293300000000000338
177 47.000000 46.000000 0.87864799999999998459
178 36.000000 36.000000 0.37252400000000002178
179 53.000000 53.000000 0.92722400000000004816
180 81.000000 75.000000 0.10533499999999999808
181 108.000000 100.000000 0.07316100000000000381
182 49.000000 49.000000 0.01713500000000000092
183 66.000000 64.000000 0.15932199999999999140
184 17.000000 15.000000 0.90924400000000005218
185 45.000000 40.000000 0.01304400000000000004
186 86.000000 86.000000 0.67688700000000001644
187 32.000000 32.000000 0.52081299999999997041
188 62.000000 56.000000 0.66768199999999999772
189 35.000000 35.000000 0.21881600000000001049
190 69.000000 66.000000 0.03482500000000000179
191 93.000000 84.000000 0.23219400000000001150
192 62.000000 62.000000 0.37179800000000001736
193 36.000000 36.000000 0.68553399999999997672
194 34.000000 34.000000 0.47816799999999998194
195 75.000000 72.000000 0.51298299999999996679
196 42.000000 42.000000 0.51801099999999999923
197 61.000000 61.000000 0.67444400000000004347
198 67.000000 65.000000 0.42399199999999998001
199 22.000000 22.000000 0.04746000000000000218
200 47.000000 41.000000 0.39290199999999997349
201 46.000000 46.000000 0.66246599999999999930
202 75.000000 72.000000 0.07034200000000000175
203 96.000000 95.000000 0.66989200000000004298
204 22.000000 18.000000 0.91502899999999998126
205 60.000000 56.000000 0.47883100000000000662
206 49.000000 47.000000 0.37973899999999999322
207 75.000000 70.000000 0.38581599999999999229
208 62.000000 62.000000 0.13771400000000000308
209 87.000000 79.000000 0.57654799999999994942
210 31.000000 29.000000 0.62909899999999996378
211 96.000000 92.000000 0.37967200000000000948
212 80.000000 80.000000 0.26775999999999999801
213 62.000000 61.000000 0.57543500000000002981
214 68.000000 66.000000 0.42187500000000000000
215 63.000000 59.000000 0.56295899999999998720
216 97.000000 88.000000 0.28586000000000000298
217 24.000000 22.000000 0.66495999999999999552
218 53.000000 52.000000 0.71639699999999995050
219 78.000000 76.000000 1.03074700000000007982
220 45.000000 41.000000 1.66114999999999990443
221 28.000000 26.000000 0.97223800000000004662
222 68.000000 66.000000 0.17948000000000000065
223 101.000000 91.000000 0.07439400000000000179
224 54.000000 48.000000 0.57286599999999998634
225 78.000000 78.000000 0.03900599999999999901
226 40.000000 37.000000 0.69724200000000002841
227 61.000000 55.000000 0.55084500000000002906
228 109.000000 108.000000 0.17357400000000000606
229 42.000000 39.000000 0.82497200000000003861
230 82.000000 81.000000 0.16219100000000000183
231 71.000000 69.000000 0.70747000000000004327
232 85.000000 83.000000 0.25136199999999997434
233 95.000000 94.000000 0.35336200000000000943
234 48.000000 45.000000 0.42905700000000002170
235 80.000000 74.000000 0.67780499999999999083
236 31.000000 31.000000 0.83649300000000004207
237 47.000000 47.000000 0.56626399999999998958
238 102.000000 102.000000 0.13610800000000000676
239 38.000000 38.000000 0.65427500000000005098
240 40.000000 40.000000 0.13086800000000001210
241 55.000000 49.000000 0.26849499999999998368
242 63.000000 62.000000 0.18646999999999999686
243 80.000000 77.000000 0.12778300000000000769
244 130.000000 123.000000 0.16588900000000000867
245 77.000000 71.000000 0.58331299999999997041
246 66.000000 61.000000 0.40320499999999998009
247 94.000000 91.000000 0.30204199999999997717
248 78.000000 77.000000 0.89673700000000000632
249 37.000000 33.000000 0.92736499999999999488
250 63.000000 60.000000 0.13317399999999998683
251 56.000000 47.000000 0.36003600000000002268
252 64.000000 59.000000 0.51768300000000000427
253 32.000000 31.000000 0.56630700000000000482
254 140.000000 132.000000 0.08864199999999999857
255 24.000000 24.000000 0.21278900000000000592
256 75.000000 73.000000 0.64065799999999994974
257 97.000000 86.000000 0.17892199999999999771
258 61.000000 61.000000 0.63019400000000003192
259 69.000000 66.000000 0.28615200000000001745
260 72.000000 70.000000 0.43761100000000002774
261 63.000000 61.000000 0.53475700000000003786
262 59.000000 55.000000 0.36880499999999999394
263 46.000000 45.000000 0.75909499999999996422
264 78.000000 76.000000 0.42252499999999998392
265 121.000000 116.000000 0.28658800000000000940
266 46.000000 46.000000 0.47368100000000001870
267 56.000000 54.000000 0.27724399999999999045
268 62.000000 62.000000 0.53998999999999997002
269 14.000000 13.000000 0.93749199999999999200
270 87.000000 87.000000 0.39108599999999998920
271 42.000000 40.000000 0.20127400000000000846
272 80.000000 72.000000 0.44537399999999999212
273 11.000000 11.000000 1.25285399999999991216
274 59.000000 56.000000 0.38461099999999998067
275 44.000000 43.000000 0.78101399999999998602
276 21.000000 21.000000 0.51011200000000000987
277 32.000000 29.000000 1.08853899999999992332
278 50.000000 50.000000 0.42193000000000002725
279 90.000000 83.000000 0.34431800000000001294
280 83.000000 82.000000 0.46243899999999998895
281 83.000000 70.000000 0.53714600000000001234
282 68.000000 68.000000 0.53705499999999994909
283 92.000000 88.000000 0.16905600000000001182
284 74.000000 72.000000 0.57824500000000000899
285 70.000000 68.000000 0.32639200000000001545
286 90.000000 87.000000 0.86265599999999997838
287 39.000000 39.000000 0.66587399999999996592
288 60.000000 58.000000 0.51321700000000003428
289 78.000000 78.000000 0.10281600000000000461
290 23.000000 23.000000 0.63399399999999994648
291 76.000000 72.000000 0.03468700000000000255
292 55.000000 55.000000 0.67471499999999995367
293 24.000000 24.000000 0.74987999999999999101
294 41.000000 40.000000 0.81350199999999994738
295 48.000000 48.000000 0.78364599999999995372
296 45.000000 45.000000 0.30860100000000001419
297 33.000000 30.000000 0.96021900000000004471
298 36.000000 36.000000 0.86875500000000005496
299 40.000000 40.000000 0.78374999999999994671
300 38.000000 38.000000 0.73531299999999999439
301 106.000000 106.000000 0.07251799999999999913
302 17.000000 17.000000 0.36873099999999997545
303 72.000000 70.000000 1.26209999999999999964
304 45.000000 45.000000 0.18316999999999999948
305 51.000000 49.000000 0.38388299999999997425
306 66.000000 64.000000 0.62572799999999995091
307 48.000000 43.000000 0.61646299999999998320
308 45.000000 41.000000 0.26006499999999999062
309 73.000000 70.000000 0.47337800000000002099
310 93.000000 90.000000 0.44228699999999998571
311 68.000000 66.000000 0.32073200000000001708
312 55.000000 54.000000 0.67904900000000001370
313 20.000000 20.000000 0.65184600000000003650
314 46.000000 44.000000 0.44892500000000001847
315 83.000000 81.000000 0.48081099999999998840
316 20.000000 17.000000 0.47406799999999998940
317 61.000000 56.000000 0.48036899999999999045
318 52.000000 50.000000 0.43131300000000000194
319 56.000000 56.000000 0.70144799999999996043
320 83.000000 74.000000 0.29590100000000002511
321 66.000000 61.000000 0.61443899999999995742
322 97.000000 89.000000 0.21093999999999998862
323 59.000000 55.000000 0.59727300000000005387
324 77.000000 73.000000 0.68842999999999998639
325 26.000000 24.000000 0.60173900000000002386
326 74.000000 72.000000 0.42081099999999999062
327 60.000000 58.000000 0.18434400000000000786
328 83.000000 71.000000 0.57082599999999994456
329 41.000000 41.000000 0.87783199999999994567
330 26.000000 25.000000 0.36005999999999999117
331 56.000000 54.000000 0.25855099999999997529
332 72.000000 69.000000 0.12942999999999998950
333 88.000000 86.000000 0.20846799999999998665
334 27.000000 27.000000 0.86189899999999997071
335 90.000000 83.000000 0.16529499999999999749
336 51.000000 51.000000 0.53216699999999994564
337 75.000000 71.000000 0.41180499999999997662
338 54.000000 52.000000 0.51620800000000000018
339 122.000000 116.000000 0.16236600000000001032
340 62.000000 62.000000 0.69803400000000004333
341 66.000000 65.000000 0.49696899999999999409
342 96.000000 94.000000 0.12317500000000000671
343 25.000000 25.000000 0.80193300000000000693
344 114.000000 113.000000 0.17757200000000000761
345 77.000000 70.000000 0.54537000000000002142
346 52.000000 49.000000 0.61714700000000000113
347 44.000000 44.000000 0.53345200000000003726
348 106.000000 104.000000 0.98711700000000002220
349 75.000000 74.000000 0.54021699999999994724
350 30.000000 28.000000 0.88092800000000004434
351 95.000000 88.000000 0.22497000000000000330
352 63.000000 59.000000 1.87871999999999994557
353 101.000000 95.000000 0.10025299999999999490
354 43.000000 43.000000 0.28280600000000000183
355 73.000000 73.000000 0.05607899999999999691
356 46.000000 43.000000 0.74645200000000000440
357 13.000000 13.000000 1.05228699999999997239
358 48.000000 48.000000 0.41248499999999999055
359 74.000000 74.000000 0.67540400000000000436
360 82.000000 79.000000 0.40992499999999998384
361 35.000000 35.000000 0.21264800000000000368
362 101.000000 94.000000 0.33456399999999997252
363 33.000000 33.000000 0.53717700000000001559
364 37.000000 36.000000 1.13628299999999993197
365 89.000000 87.000000 0.33287299999999997446
366 37.000000 37.000000 1.15213100000000001621
367 26.000000 26.000000 0.33676400000000000778
368 42.000000 40.000000 0.54705199999999998273
369 86.000000 86.000000 0.41672599999999998532
370 31.000000 31.000000 0.69780500000000000860
371 84.000000 79.000000 0.13913800000000001167
372 48.000000 46.000000 0.73673800000000000399
373 44.000000 41.000000 0.23106899999999999662
374 95.000000 93.000000 0.32900400000000001866
375 79.000000 76.000000 0.44767899999999999361
376 135.000000 122.000000 0.08415300000000000558
377 36.000000 36.000000 0.51178000000000001268
378 46.000000 46.000000 0.01749900000000000067
379 67.000000 65.000000 0.26494800000000001683
380 72.000000 72.000000 0.53454599999999996562
381 38.000000 38.000000 0.04459300000000000069
382 2.000000 2.000000 1.02011099999999999000
383 59.000000 57.000000 0.20545299999999999674
384 37.000000 37.000000 0.69139600000000001057
385 71.000000 71.000000 0.51095199999999996177
386 48.000000 41.000000 0.43477399999999999380
387 72.000000 72.000000 0.19375899999999998680
388 35.000000 35.000000 0.79976300000000000168
389 79.000000 69.000000 0.20564599999999999547
390 70.000000 69.000000 0.39556299999999999795
391 37.000000 34.000000 0.82925400000000004663
392 78.000000 72.000000 0.42589300000000002155
393 89.000000 87.000000 0.26841700000000001669
394 30.000000 29.000000 0.29164000000000001034
395 28.000000 26.000000 0.54725800000000002221
396 82.000000 78.000000 0.41478900000000001880
397 95.000000 90.000000 0.38341199999999997505
398 60.000000 59.000000 0.51721700000000003783
399 56.000000 56.000000 0.13119900000000001006
400 56.000000 56.000000 0.59167700000000000848
401 84.000000 82.000000 0.50397499999999995079
402 91.000000 85.000000 0.06294199999999999795
403 32.000000 32.000000 0.81519600000000003170
404 130.000000 121.000000 0.11741799999999999460
405 79.000000 75.000000 0.28043499999999998984
406 70.000000 66.000000 0.62185100000000004261
407 114.000000 109.000000 0.16864599999999999036
408 89.000000 87.000000 0.30535099999999998355
409 108.000000 90.000000 0.04742400000000000088
410 64.000000 61.000000 0.30175600000000002421
411 94.000000 94.000000 0.15306500000000000661
412 54.000000 50.000000 0.79052800000000000846
413 43.000000 39.000000 0.61057700000000003637
414 75.000000 69.000000 0.88663400000000003320
415 77.000000 77.000000 0.19891900000000001247
416 53.000000 49.000000 0.74447799999999997311
417 72.000000 72.000000 0.09338000000000000467
418 43.000000 43.000000 0.16114400000000000945
419 73.000000 73.000000 0.04148500000000000104
420 70.000000 70.000000 0.07591399999999999537
