1 208.000000 204.000000 0.50072700000000003318
2 217.000000 210.000000 0.83500200000000002198
3 53.000000 53.000000 4.93724800000000030309
4 123.000000 118.000000 4.31216099999999968873
5 176.000000 169.000000 2.37983900000000003772
6 96.000000 90.000000 1.42484600000000005693
7 126.000000 124.000000 1.40558500000000008434
8 223.000000 205.000000 3.42435799999999979093
9 88.000000 88.000000 4.09432599999999968787
10 75.000000 73.000000 2.61183299999999984919
11 74.000000 71.000000 8.92085600000000056298
12 79.000000 77.000000 5.17259600000000041575
13 153.000000 145.000000 1.94413100000000005352
14 135.000000 126.000000 0.72661299999999995336
15 101.000000 98.000000 12.59547599999999967224
16 120.000000 119.000000 4.39721899999999976671
17 111.000000 104.000000 0.82145800000000002150
18 218.000000 215.000000 1.04384999999999994458
19 223.000000 212.000000 1.13515199999999993885
20 200.000000 200.000000 1.07204000000000010395
21 142.000000 137.000000 2.37807900000000005392
22 71.000000 64.000000 15.16119100000000052830
23 143.000000 139.000000 4.08766699999999971737
24 47.000000 47.000000 7.71307499999999990337
25 85.000000 82.000000 6.64083899999999971442
26 64.000000 64.000000 3.92484099999999980213
27 63.000000 61.000000 7.25790899999999972181
28 71.000000 69.000000 1.95974300000000001276
29 166.000000 157.000000 1.07698599999999999888
30 210.000000 200.000000 0.69413800000000003276
31 168.000000 162.000000 2.73595200000000016161
32 55.000000 55.000000 1.84389099999999994672
33 64.000000 60.000000 5.26382800000000017349
34 46.000000 46.000000 5.77121200000000023067
35 28.000000 28.000000 6.32868199999999969663
36 191.000000 181.000000 0.03525799999999999768
37 190.000000 185.000000 3.62324499999999982691
38 47.000000 44.000000 4.82633299999999998420
39 84.000000 76.000000 8.74994599999999955742
40 216.000000 208.000000 0.44445699999999999097
41 191.000000 187.000000 2.86370000000000013429
42 152.000000 149.000000 3.98173000000000021359
43 33.000000 33.000000 8.10801200000000044099
44 194.000000 185.000000 2.21449199999999990496
45 108.000000 104.000000 2.55770000000000008455
46 258.000000 249.000000 0.16376099999999998991
47 81.000000 77.000000 9.44747399999999970532
48 150.000000 144.000000 3.07995499999999999829
49 133.000000 129.000000 0.38725300000000001388
50 193.000000 187.000000 1.40392199999999989224
51 179.000000 169.000000 0.69424699999999994748
52 148.000000 135.000000 3.01898499999999980759
53 117.000000 106.000000 0.69534399999999996211
54 164.000000 154.000000 4.61740700000000003911
55 61.000000 61.000000 4.80857600000000040552
56 49.000000 44.000000 9.15797000000000060993
57 131.000000 128.000000 1.37508600000000003050
58 126.000000 120.000000 3.36297500000000004761
59 78.000000 73.000000 9.87158200000000007890
60 49.000000 47.000000 4.65625300000000041933
61 209.000000 204.000000 0.19644800000000001150
62 132.000000 127.000000 4.81541499999999977888
63 152.000000 152.000000 4.27899399999999996425
64 147.000000 142.000000 0.98974600000000001465
65 62.000000 58.000000 3.29058599999999978891
66 122.000000 120.000000 2.06415300000000012659
67 123.000000 119.000000 0.25192700000000001204
68 170.000000 166.000000 0.34551999999999999380
69 212.000000 196.000000 0.28458600000000000563
70 199.000000 192.000000 1.92545900000000003160
71 161.000000 147.000000 3.33671499999999987551
72 123.000000 118.000000 0.09713399999999999812
73 66.000000 62.000000 9.38005099999999991667
74 111.000000 109.000000 5.74616500000000041126
75 159.000000 157.000000 3.61907099999999992690
76 86.000000 86.000000 1.24065699999999989878
77 47.000000 44.000000 6.05449999999999999289
78 274.000000 258.000000 0.68753200000000003200
79 112.000000 109.000000 8.80790400000000062164
80 163.000000 156.000000 2.45081399999999982597
81 8.000000 8.000000 4.72326800000000002200
82 118.000000 118.000000 0.06138699999999999712
83 160.000000 156.000000 1.50723399999999996268
84 158.000000 149.000000 2.77492200000000011073
85 207.000000 203.000000 0.28599799999999997446
86 145.000000 145.000000 5.45981399999999972295
87 99.000000 92.000000 3.48105900000000012540
88 109.000000 104.000000 2.03256399999999981532
89 268.000000 255.000000 0.88451400000000002244
90 47.000000 46.000000 3.13035500000000022069
91 123.000000 114.000000 4.88075100000000006162
92 121.000000 121.000000 6.61404800000000037130
93 49.000000 43.000000 7.87856199999999962102
94 133.000000 130.000000 1.25704900000000008298
95 89.000000 89.000000 6.43961200000000033583
96 162.000000 152.000000 1.39759699999999997821
97 95.000000 89.000000 3.89681999999999995055
98 148.000000 140.000000 0.30380400000000001848
99 137.000000 134.000000 0.52788100000000004464
100 160.000000 149.000000 1.92147599999999996179
101 89.000000 78.000000 17.86902699999999910574
102 24.000000 24.000000 8.41381299999999932027
103 15.000000 15.000000 8.96616500000000016257
104 186.000000 176.000000 1.16009300000000004083
105 216.000000 199.000000 0.93057800000000001628
106 220.000000 215.000000 2.39935900000000001953
107 129.000000 127.000000 0.81360500000000002263
108 172.000000 161.000000 1.22585999999999994969
109 152.000000 145.000000 2.29866500000000018034
110 115.000000 106.000000 2.52597499999999985931
111 46.000000 42.000000 8.33266899999999921533
112 76.000000 71.000000 5.51741800000000015558
113 274.000000 256.000000 1.61148800000000003152
114 197.000000 187.000000 1.33525099999999996569
115 57.000000 55.000000 7.10489499999999996049
116 156.000000 149.000000 1.12227100000000001856
117 180.000000 168.000000 0.77253700000000002923
118 160.000000 160.000000 5.63491799999999987136
119 193.000000 189.000000 1.37801799999999996515
120 39.000000 38.000000 4.61195299999999974716
121 25.000000 25.000000 8.11268399999999978434
122 65.000000 64.000000 6.63700400000000012568
123 85.000000 85.000000 0.90524400000000004862
124 34.000000 30.000000 7.97843000000000035499
125 142.000000 136.000000 3.19460399999999999920
126 122.000000 122.000000 5.59565999999999963421
127 124.000000 118.000000 9.63615300000000019054
128 82.000000 82.000000 4.68248599999999992605
129 210.000000 201.000000 0.25203199999999997827
130 206.000000 201.000000 0.44904600000000000071
131 131.000000 121.000000 5.45336999999999960664
132 50.000000 50.000000 3.35316500000000017323
133 105.000000 103.000000 3.25866699999999998028
134 67.000000 63.000000 12.45574500000000028876
135 205.000000 189.000000 2.50231300000000000949
136 106.000000 97.000000 5.12974499999999977717
137 127.000000 127.000000 0.44179400000000002002
138 125.000000 121.000000 6.04609799999999975029
139 81.000000 81.000000 5.50149000000000043542
140 188.000000 174.000000 0.52176400000000000556
141 142.000000 142.000000 2.94983199999999978758
142 43.000000 43.000000 3.01343499999999986372
143 129.000000 127.000000 5.30826699999999984669
144 67.000000 64.000000 1.34567999999999998728
145 82.000000 82.000000 4.85201499999999974477
146 114.000000 113.000000 4.86039200000000004565
147 51.000000 48.000000 7.30696600000000007213
148 7.000000 7.000000 9.07931100000000057548
149 132.000000 129.000000 4.31547199999999975262
150 69.000000 68.000000 4.65921099999999999142
151 218.000000 206.000000 1.15441400000000005122
152 131.000000 124.000000 2.58721800000000001774
153 139.000000 135.000000 0.76700599999999996559
154 79.000000 70.000000 1.38741000000000003212
155 104.000000 102.000000 3.64576300000000008694
156 51.000000 50.000000 7.30130700000000043559
157 61.000000 61.000000 7.54628199999999971226
158 48.000000 46.000000 7.46967099999999994964
159 151.000000 144.000000 1.78320999999999996177
160 221.000000 214.000000 0.21608399999999999830
161 147.000000 145.000000 1.47009600000000006936
162 218.000000 203.000000 0.04190200000000000174
163 52.000000 50.000000 3.75637100000000012656
164 207.000000 193.000000 0.75243300000000001848
165 115.000000 115.000000 5.95180299999999995464
166 112.000000 108.000000 4.37512300000000031730
167 230.000000 217.000000 2.08296599999999987318
168 153.000000 143.000000 6.66423900000000024590
169 216.000000 199.000000 2.68143399999999987315
170 137.000000 137.000000 5.04208700000000042962
171 171.000000 168.000000 3.75349999999999983658
172 172.000000 168.000000 0.21597500000000000031
173 147.000000 146.000000 2.86121099999999994878
174 32.000000 32.000000 9.14261800000000057764
175 145.000000 141.000000 2.79133399999999998187
176 199.000000 194.000000 0.57510700000000003485
177 141.000000 138.000000 1.31157400000000001761
178 90.000000 85.000000 6.16922100000000028786
179 161.000000 144.000000 2.33537000000000016797
180 173.000000 170.000000 1.51528400000000007530
181 207.000000 189.000000 6.78101600000000015456
182 141.000000 139.000000 4.30554699999999979099
183 101.000000 97.000000 2.81197100000000022035
184 93.000000 93.000000 5.10526700000000044355
185 161.000000 157.000000 0.26001800000000002688
186 53.000000 50.000000 4.32522900000000021237
187 19.000000 19.000000 8.75812400000000046418
188 302.000000 285.000000 0.09931399999999999950
189 106.000000 100.000000 6.09227800000000030423
190 73.000000 73.000000 4.54898799999999958743
191 123.000000 122.000000 4.59442299999999992366
192 111.000000 107.000000 1.80197899999999999743
193 198.000000 185.000000 1.94764500000000007063
194 119.000000 111.000000 0.63136000000000003229
195 156.000000 154.000000 2.31816399999999989134
196 225.000000 218.000000 1.22023999999999999133
197 229.000000 224.000000 0.24840699999999998893
198 212.000000 203.000000 1.21528199999999997338
199 93.000000 91.000000 3.53084800000000020859
200 151.000000 151.000000 4.48565199999999997260
201 130.000000 126.000000 3.39296299999999995123
202 125.000000 123.000000 2.72707500000000013785
203 145.000000 135.000000 28.78851699999999880220
204 256.000000 234.000000 1.28228699999999995462
205 222.000000 200.000000 0.30473400000000000487
206 134.000000 127.000000 1.62001400000000006507
207 148.000000 144.000000 2.22917500000000012861
208 192.000000 179.000000 1.49033900000000008035
209 30.000000 27.000000 7.88312100000000004485
210 229.000000 208.000000 1.09696900000000008291
211 138.000000 136.000000 4.94616900000000025983
212 61.000000 59.000000 2.44962500000000016342
213 220.000000 217.000000 0.72167099999999995141
214 213.000000 201.000000 0.54420599999999996754
215 180.000000 179.000000 1.35692199999999996152
216 191.000000 187.000000 2.15316699999999983106
217 236.000000 218.000000 0.67241499999999998494
218 81.000000 80.000000 4.38100000000000022737
219 140.000000 133.000000 5.28690499999999996561
220 189.000000 179.000000 0.18167500000000000315
221 88.000000 87.000000 2.20433799999999990860
222 98.000000 94.000000 6.65526399999999984658
223 117.000000 113.000000 1.45618899999999995565
224 97.000000 90.000000 3.89746900000000007225
225 203.000000 194.000000 0.18783299999999999996
226 20.000000 20.000000 7.87365899999999996339
227 94.000000 90.000000 0.16551499999999999546
228 116.000000 113.000000 7.27731399999999961636
229 281.000000 274.000000 0.30407200000000000895
230 149.000000 144.000000 17.45009699999999952524
231 203.000000 200.000000 2.40902299999999991442
232 147.000000 143.000000 0.67078000000000004288
233 116.000000 116.000000 4.57560400000000022658
234 214.000000 197.000000 0.71589300000000000157
235 189.000000 181.000000 1.15500399999999991962
236 211.000000 195.000000 0.60129699999999997040
237 154.000000 153.000000 2.83385899999999990584
238 62.000000 59.000000 8.28522399999999947795
239 62.000000 57.000000 7.45988600000000001700
240 138.000000 135.000000 2.95557099999999994822
241 120.000000 111.000000 5.25539000000000022794
242 105.000000 101.000000 8.62770599999999987517
243 94.000000 87.000000 12.16855999999999937700
244 257.000000 239.000000 0.35328399999999998693
245 141.000000 137.000000 1.92183100000000006702
246 54.000000 50.000000 6.24076499999999967372
247 203.000000 203.000000 1.22452699999999992109
248 110.000000 108.000000 4.22568900000000002848
249 59.000000 59.000000 0.32457799999999997764
250 94.000000 87.000000 7.44290699999999993963
251 93.000000 93.000000 5.37116099999999985215
252 66.000000 66.000000 4.46507900000000024221
253 104.000000 104.000000 7.28612999999999999545
254 149.000000 145.000000 0.28351700000000001900
255 48.000000 44.000000 6.92226199999999991519
256 136.000000 130.000000 2.00456199999999995498
257 140.000000 134.000000 4.51985900000000029308
258 104.000000 97.000000 25.31413699999999877832
259 165.000000 165.000000 4.67169100000000003803
260 31.000000 31.000000 7.64277099999999975921
261 111.000000 108.000000 4.85771800000000020248
262 143.000000 139.000000 1.46059800000000006293
263 155.000000 149.000000 2.77031599999999977868
264 197.000000 185.000000 0.60984300000000002395
265 104.000000 102.000000 3.46694900000000005846
266 39.000000 37.000000 7.16925200000000018008
267 51.000000 46.000000 7.77587500000000009237
268 134.000000 126.000000 3.07855500000000015248
269 66.000000 66.000000 1.94630999999999998451
270 144.000000 137.000000 1.38827499999999992575
271 217.000000 207.000000 0.13098099999999998633
272 216.000000 212.000000 0.34092899999999998206
273 148.000000 136.000000 1.15061700000000000088
274 140.000000 137.000000 4.29821299999999961727
275 200.000000 192.000000 0.30218600000000001016
276 85.000000 79.000000 16.73013699999999914780
277 185.000000 176.000000 2.68369999999999997442
278 187.000000 182.000000 1.34956199999999992833
279 25.000000 25.000000 5.35592799999999957805
280 241.000000 234.000000 0.31176700000000001634
281 258.000000 243.000000 0.17716299999999998716
282 138.000000 128.000000 5.55539700000000014057
283 181.000000 176.000000 1.74920800000000009611
284 247.000000 240.000000 0.17919699999999999518
285 247.000000 236.000000 0.68737400000000004052
286 186.000000 178.000000 2.82320700000000002206
287 102.000000 102.000000 2.14846100000000017616
288 106.000000 104.000000 4.67175700000000038159
289 162.000000 160.000000 3.34709700000000021092
290 222.000000 217.000000 0.41504900000000000126
291 150.000000 141.000000 1.29046799999999994846
292 63.000000 63.000000 4.10937800000000041933
293 60.000000 58.000000 3.33535100000000017673
294 143.000000 140.000000 4.54204000000000007731
295 149.000000 147.000000 3.43828099999999992065
296 198.000000 198.000000 1.43696399999999990804
297 81.000000 81.000000 4.37199399999999993582
298 213.000000 201.000000 1.43636399999999997412
299 180.000000 165.000000 0.23410300000000000553
300 196.000000 175.000000 1.72230799999999995009
301 52.000000 52.000000 5.97385400000000021947
302 145.000000 140.000000 2.42909299999999994668
303 120.000000 118.000000 5.48294200000000042650
304 101.000000 97.000000 3.13928299999999982361
305 209.000000 203.000000 2.08094599999999996243
306 183.000000 183.000000 0.47134799999999998921
307 100.000000 100.000000 5.11327599999999993230
308 193.000000 176.000000 2.40273199999999986787
309 267.000000 260.000000 0.39239299999999999180
310 223.000000 208.000000 6.47302100000000013580
311 80.000000 80.000000 1.65303700000000008963
312 69.000000 63.000000 3.48637100000000010880
313 40.000000 37.000000 9.92823899999999959221
314 144.000000 134.000000 3.25363800000000003010
315 112.000000 109.000000 2.36772399999999993980
316 180.000000 168.000000 0.34995700000000001806
317 142.000000 141.000000 4.75545099999999987261
318 125.000000 117.000000 0.28155400000000002647
319 84.000000 84.000000 1.09680899999999992289
320 86.000000 78.000000 32.56857399999999813645
321 169.000000 169.000000 0.06149199999999999805
322 87.000000 87.000000 3.67657599999999984419
323 48.000000 48.000000 5.02838000000000029388
324 88.000000 81.000000 4.41986200000000017951
325 124.000000 118.000000 0.91449700000000000433
326 233.000000 226.000000 0.43343700000000001671
327 47.000000 44.000000 7.14661100000000004684
328 76.000000 71.000000 8.28844600000000042428
329 178.000000 168.000000 3.60304700000000011073
330 164.000000 155.000000 1.09300400000000008660
331 120.000000 120.000000 1.53108599999999994701
332 43.000000 41.000000 3.76971999999999995978
333 248.000000 229.000000 0.34354499999999998927
334 86.000000 86.000000 5.71078400000000030445
335 161.000000 159.000000 2.84462800000000015643
336 99.000000 93.000000 3.52218799999999987449
337 112.000000 107.000000 13.66627000000000080604
338 156.000000 153.000000 0.42684100000000002595
339 167.000000 159.000000 2.32424600000000003419
340 183.000000 180.000000 0.85403200000000001335
341 132.000000 130.000000 4.30082499999999967599
342 125.000000 125.000000 2.98490199999999994418
343 66.000000 59.000000 42.48890899999999959391
344 145.000000 133.000000 19.56062100000000114619
345 91.000000 88.000000 12.11674599999999912825
346 86.000000 80.000000 0.89304200000000000248
347 241.000000 223.000000 0.65080899999999997085
348 236.000000 224.000000 0.08037099999999999800
349 108.000000 102.000000 6.16861100000000028842
350 245.000000 236.000000 0.46283900000000000041
351 194.000000 187.000000 2.36483499999999979835
352 209.000000 209.000000 0.19988700000000000911
353 58.000000 52.000000 6.26929400000000036641
354 119.000000 116.000000 2.53419000000000016470
355 285.000000 263.000000 0.18088199999999998724
356 131.000000 125.000000 3.79760000000000008669
357 135.000000 128.000000 0.25263700000000000045
358 154.000000 154.000000 0.31925100000000000700
359 126.000000 122.000000 9.70211300000000065324
360 152.000000 150.000000 1.66175199999999989586
361 228.000000 221.000000 0.12387399999999999800
362 39.000000 37.000000 6.92949699999999957356
363 36.000000 36.000000 4.55726899999999979229
364 166.000000 159.000000 1.99210599999999993237
365 65.000000 64.000000 4.68121100000000023300
366 70.000000 70.000000 7.48388499999999989853
367 97.000000 97.000000 3.14527299999999998548
368 49.000000 46.000000 6.51788100000000003575
369 144.000000 141.000000 1.45550800000000002399
370 269.000000 255.000000 0.51550200000000001577
371 61.000000 61.000000 5.55356700000000014228
372 155.000000 139.000000 2.32965199999999983405
373 138.000000 130.000000 1.74586500000000000021
374 148.000000 146.000000 3.45242300000000001958
375 239.000000 235.000000 0.72172599999999997866
376 164.000000 155.000000 3.89644000000000012562
377 77.000000 68.000000 4.93122699999999980491
378 167.000000 154.000000 2.62734600000000018127
379 181.000000 178.000000 2.20043800000000011607
380 118.000000 113.000000 7.31451100000000042911
381 206.000000 192.000000 0.09720700000000000174
382 156.000000 147.000000 1.36535699999999993182
383 51.000000 51.000000 3.03060999999999980403
384 47.000000 43.000000 8.08889899999999961722
385 73.000000 68.000000 3.71587900000000015410
386 104.000000 99.000000 4.55110900000000029308
387 99.000000 89.000000 3.06978200000000001069
388 252.000000 238.000000 0.38780700000000001282
389 97.000000 90.000000 3.53814200000000012025
390 102.000000 99.000000 5.22695799999999977103
391 119.000000 119.000000 6.70870500000000014040
392 208.000000 204.000000 1.71741499999999991388
393 129.000000 119.000000 6.53828600000000026427
394 274.000000 257.000000 0.33313700000000001644
395 131.000000 131.000000 4.72299600000000019406
396 135.000000 135.000000 0.04876300000000000079
397 134.000000 132.000000 2.69666100000000019676
398 166.000000 160.000000 1.93208599999999997010
399 88.000000 81.000000 12.94091200000000085879
400 122.000000 121.000000 5.78588799999999991996
401 113.000000 106.000000 8.49341899999999938586
402 157.000000 152.000000 1.94089000000000000412
403 244.000000 228.000000 0.27923599999999998422
404 121.000000 118.000000 2.95734999999999992326
405 144.000000 140.000000 0.50042100000000000470
406 160.000000 156.000000 0.16607199999999999740
407 209.000000 208.000000 1.32096100000000005181
408 241.000000 232.000000 0.67248600000000002819
409 66.000000 56.000000 7.34809399999999968145
410 139.000000 137.000000 5.79457000000000022055
411 155.000000 147.000000 2.17511199999999993437
412 138.000000 132.000000 2.69271599999999988739
413 125.000000 118.000000 0.11578099999999999503
414 49.000000 49.000000 3.89375699999999991263
415 135.000000 135.000000 3.89190900000000006287
416 44.000000 41.000000 6.66209499999999987807
417 125.000000 117.000000 3.89051599999999986323
418 94.000000 89.000000 8.40004199999999912052
419 249.000000 241.000000 2.43493199999999987426
420 154.000000 149.000000 3.11684200000000011244
