1 621.000000 601.000000 0.82299500000000003208
2 255.000000 254.000000 12.02156300000000044292
3 416.000000 397.000000 2.68540400000000012426
4 370.000000 370.000000 3.33220699999999991903
5 358.000000 350.000000 10.20555500000000037630
6 2.000000 2.000000 92.96828499999999451120
7 167.000000 163.000000 38.26061700000000342925
8 337.000000 334.000000 126.25486700000000439559
9 279.000000 264.000000 45.33167199999999752436
10 315.000000 312.000000 30.34988200000000091450
11 559.000000 517.000000 2.72274500000000019284
12 407.000000 396.000000 27.61189900000000108093
13 196.000000 192.000000 3.60525500000000009848
14 379.000000 363.000000 2.71255300000000021399
15 208.000000 199.000000 267.94708600000001297303
16 110.000000 107.000000 39.61710800000000176624
17 100.000000 99.000000 178.55643499999999335159
18 74.000000 70.000000 49.68583300000000235741
19 222.000000 222.000000 48.20580300000000306682
20 246.000000 226.000000 96.18659300000000200725
21 167.000000 162.000000 73.11715900000000090131
22 401.000000 384.000000 67.76821499999999787178
23 36.000000 34.000000 68.41581399999999746342
24 41.000000 39.000000 86.60066899999999634474
25 216.000000 210.000000 11.15042500000000025295
26 216.000000 205.000000 173.08136099999998691601
27 181.000000 181.000000 50.10464499999999787860
28 397.000000 387.000000 45.97118700000000046657
29 399.000000 380.000000 4.19568500000000010886
30 43.000000 37.000000 98.85206599999999355077
31 104.000000 101.000000 13.70115599999999922431
32 334.000000 332.000000 14.02765400000000006742
33 298.000000 298.000000 0.07170799999999999397
34 199.000000 196.000000 37.48488100000000144973
35 198.000000 190.000000 12.28403800000000067882
36 199.000000 194.000000 99.41164200000000050750
37 263.000000 254.000000 197.49236899999999650390
38 311.000000 302.000000 35.68510799999999960619
39 261.000000 240.000000 214.25133900000000153341
40 254.000000 249.000000 71.62616400000000282944
41 269.000000 259.000000 101.96164799999999672764
42 313.000000 310.000000 9.35073799999999977217
43 131.000000 118.000000 164.26421500000000719410
44 237.000000 230.000000 74.73319800000000157070
45 160.000000 160.000000 68.27452900000000113323
46 114.000000 112.000000 62.83351600000000303226
47 77.000000 77.000000 113.87229899999999815918
48 445.000000 424.000000 9.94514700000000040347
49 460.000000 447.000000 0.72676499999999999435
50 238.000000 228.000000 42.83120900000000119690
51 86.000000 86.000000 144.53868099999999685679
52 175.000000 174.000000 56.91257699999999886131
53 417.000000 383.000000 5.73665599999999997749
54 456.000000 444.000000 14.81063400000000029877
55 436.000000 427.000000 1.35483799999999998676
56 142.000000 139.000000 291.91669699999999920692
57 60.000000 58.000000 73.93130200000000229466
58 284.000000 282.000000 41.94399599999999850297
59 74.000000 69.000000 352.33498400000001993249
60 499.000000 480.000000 0.49251499999999998058
61 276.000000 276.000000 49.40689499999999867441
62 253.000000 241.000000 20.75703999999999993520
63 138.000000 137.000000 80.38531500000000562522
64 208.000000 200.000000 18.76771199999999950592
65 474.000000 461.000000 1.95460900000000004084
66 328.000000 319.000000 16.77707900000000051932
67 401.000000 393.000000 24.19704400000000177329
68 98.000000 98.000000 146.31677999999999428837
69 150.000000 148.000000 48.43613400000000268619
70 146.000000 141.000000 27.38694399999999973261
71 501.000000 484.000000 9.71349999999999980105
72 110.000000 102.000000 416.90640300000001161607
73 300.000000 283.000000 13.53989699999999984925
74 412.000000 401.000000 17.73423700000000025057
75 280.000000 272.000000 101.03128399999999942338
76 228.000000 215.000000 101.09849400000000230193
77 138.000000 127.000000 309.88954200000000582804
78 336.000000 328.000000 0.56384599999999995834
79 263.000000 251.000000 91.66222199999999986630
80 62.000000 60.000000 168.60384799999999927422
81 49.000000 42.000000 109.89050699999999949341
82 305.000000 282.000000 163.34957700000001068474
83 211.000000 207.000000 50.74650199999999955480
84 97.000000 91.000000 479.37634100000002490560
85 105.000000 95.000000 112.04157399999999711326
86 358.000000 350.000000 83.87119500000000016371
87 244.000000 232.000000 61.58523000000000280352
88 511.000000 498.000000 16.67526200000000002888
89 117.000000 109.000000 56.76661699999999655120
90 80.000000 80.000000 141.99976599999999393731
91 461.000000 448.000000 27.68024700000000137834
92 360.000000 340.000000 2.64745600000000003149
93 494.000000 480.000000 0.21197399999999999576
94 134.000000 134.000000 39.52784400000000175623
95 359.000000 347.000000 81.84129400000000487125
96 163.000000 160.000000 145.52746099999998818930
97 406.000000 389.000000 7.19512800000000041223
98 337.000000 329.000000 4.16213199999999972079
99 174.000000 164.000000 201.30297899999999344800
100 184.000000 175.000000 170.07359299999998825115
101 215.000000 210.000000 46.28595899999999829788
102 329.000000 318.000000 30.27945700000000073260
103 533.000000 508.000000 0.25197199999999997377
104 208.000000 204.000000 82.45615700000000458658
105 307.000000 292.000000 6.57251799999999963831
106 364.000000 349.000000 25.90421399999999962915
107 218.000000 216.000000 50.34314799999999934244
108 95.000000 86.000000 170.99782799999999838292
109 190.000000 179.000000 27.93140800000000112391
110 402.000000 384.000000 15.10694100000000084094
111 76.000000 76.000000 41.38262600000000190903
112 216.000000 205.000000 654.67455900000004476169
113 304.000000 286.000000 12.39543500000000086914
114 338.000000 332.000000 18.26708299999999951524
115 231.000000 221.000000 13.65010299999999965337
116 144.000000 137.000000 136.05942099999998617932
117 185.000000 177.000000 25.80170599999999936358
118 226.000000 210.000000 166.71457000000000903128
119 256.000000 247.000000 109.25629100000000448745
120 318.000000 302.000000 0.33012900000000000578
121 131.000000 118.000000 78.45649799999999629563
122 278.000000 269.000000 30.29359600000000085629
123 325.000000 305.000000 94.45898400000000094678
124 48.000000 48.000000 0.06114800000000000096
125 297.000000 291.000000 40.11128899999999930515
126 244.000000 230.000000 130.40341000000000803993
127 152.000000 151.000000 43.10018199999999666261
128 498.000000 486.000000 1.13200499999999992795
129 364.000000 347.000000 76.84192699999999831562
130 192.000000 187.000000 5.89817699999999955907
131 35.000000 35.000000 71.55629600000000323234
132 386.000000 360.000000 80.50321999999999889042
133 74.000000 74.000000 39.80461400000000082855
134 318.000000 318.000000 32.35204000000000235104
135 462.000000 428.000000 0.45750200000000001976
136 389.000000 379.000000 8.81074300000000043553
137 254.000000 249.000000 81.76438199999999767442
138 111.000000 111.000000 111.25134699999999554620
139 364.000000 350.000000 5.01364799999999988245
140 275.000000 273.000000 80.05740199999999617830
141 330.000000 308.000000 50.13523699999999649890
142 151.000000 149.000000 35.31495300000000270302
143 144.000000 137.000000 45.88407800000000236196
144 276.000000 274.000000 35.10712099999999935562
145 192.000000 188.000000 97.23789899999999875035
146 134.000000 126.000000 371.96187099999997371924
147 161.000000 152.000000 550.73922700000002805609
148 549.000000 517.000000 8.91709799999999930264
149 170.000000 158.000000 97.72141299999999830561
150 58.000000 57.000000 68.95007200000000580076
151 346.000000 346.000000 51.81482700000000107821
152 413.000000 393.000000 0.44453999999999999071
153 222.000000 218.000000 123.00155700000000535965
154 121.000000 119.000000 242.14805300000000443106
155 194.000000 188.000000 393.81529100000000198634
156 106.000000 101.000000 73.01101400000000296586
157 120.000000 104.000000 293.91469200000000228101
158 122.000000 119.000000 64.73885099999999681586
159 219.000000 208.000000 60.47472599999999687270
160 168.000000 160.000000 18.60117100000000078808
161 509.000000 491.000000 6.95403999999999999915
162 171.000000 171.000000 36.07834700000000083264
163 406.000000 378.000000 46.15824700000000291311
164 208.000000 202.000000 69.55487800000000220280
165 274.000000 261.000000 9.78500299999999967326
166 527.000000 512.000000 4.44715699999999980463
167 65.000000 65.000000 54.32497399999999743159
168 337.000000 328.000000 23.11132200000000125328
169 332.000000 314.000000 124.04463199999999289957
170 257.000000 241.000000 47.36720300000000349883
171 268.000000 268.000000 5.31411099999999958499
172 137.000000 134.000000 145.82966300000001069748
173 278.000000 260.000000 75.53059799999999768261
174 484.000000 472.000000 0.45220500000000002361
175 409.000000 399.000000 2.03190500000000007219
176 258.000000 258.000000 49.66133500000000111640
177 132.000000 129.000000 66.39846099999999751162
178 99.000000 97.000000 77.79873100000000363252
179 288.000000 274.000000 184.81967299999999454485
180 330.000000 313.000000 89.10321000000000424279
181 447.000000 438.000000 10.05974600000000052091
182 128.000000 126.000000 106.41396600000000205455
183 113.000000 107.000000 99.77642500000000325144
184 164.000000 157.000000 36.72691900000000231330
185 271.000000 271.000000 50.43001900000000148339
186 397.000000 375.000000 36.20653399999999777492
187 252.000000 237.000000 556.05906700000002729212
188 173.000000 165.000000 569.11711600000000998989
189 225.000000 225.000000 36.63633300000000048158
190 258.000000 248.000000 18.74024199999999851229
191 85.000000 85.000000 40.75604700000000235605
192 163.000000 159.000000 150.50092799999998760541
193 138.000000 133.000000 7.71902000000000043656
194 119.000000 111.000000 61.70788900000000154478
195 204.000000 196.000000 268.84968600000001970329
196 358.000000 346.000000 2.40543700000000004735
197 313.000000 308.000000 69.37996599999999602915
198 130.000000 126.000000 167.50443200000000842920
199 230.000000 230.000000 48.32336800000000209820
200 129.000000 129.000000 8.49287499999999972999
201 146.000000 139.000000 128.30084199999998872954
202 220.000000 208.000000 300.73186500000002752131
203 132.000000 131.000000 62.73259800000000296905
204 365.000000 350.000000 3.46484199999999997743
205 72.000000 68.000000 91.50853899999999896409
206 198.000000 188.000000 171.23235800000000494947
207 351.000000 347.000000 36.40484399999999709507
208 215.000000 213.000000 36.53292700000000081673
209 386.000000 380.000000 28.50892199999999832016
210 182.000000 175.000000 985.54069400000003042805
211 342.000000 329.000000 11.22824499999999936506
212 238.000000 235.000000 10.76725199999999915690
213 188.000000 183.000000 10.18735399999999913234
214 310.000000 302.000000 3.20657799999999992835
215 313.000000 302.000000 3.28396800000000022024
216 133.000000 132.000000 166.73937399999999797728
217 144.000000 136.000000 202.12702500000000327418
218 542.000000 515.000000 1.31785100000000010567
219 232.000000 217.000000 113.04772800000000643195
220 191.000000 174.000000 89.99347799999999608644
221 263.000000 254.000000 1.02432999999999996277
222 460.000000 438.000000 0.67899200000000003996
223 281.000000 272.000000 9.80855900000000069383
224 224.000000 214.000000 44.79415099999999938518
225 292.000000 290.000000 41.71957799999999849661
226 301.000000 301.000000 43.36382600000000309137
227 291.000000 280.000000 31.19138600000000138834
228 285.000000 283.000000 38.12178300000000064074
229 420.000000 402.000000 14.04759499999999938780
230 321.000000 314.000000 45.76728099999999699321
231 137.000000 130.000000 181.82233199999998873864
232 263.000000 250.000000 44.00010400000000032605
233 301.000000 293.000000 183.48060200000000463660
234 121.000000 121.000000 131.13560400000000072396
235 92.000000 87.000000 95.77723100000000044929
236 232.000000 224.000000 104.21403999999999712145
237 94.000000 90.000000 60.05873400000000117416
238 45.000000 41.000000 158.01402999999999110514
239 260.000000 237.000000 16.25371399999999866282
240 241.000000 236.000000 10.14073699999999966792
241 337.000000 325.000000 10.26183299999999931629
242 236.000000 233.000000 30.49107599999999962392
243 411.000000 399.000000 18.98177700000000100999
244 359.000000 342.000000 17.47044700000000005957
245 577.000000 555.000000 2.14381000000000021544
246 160.000000 144.000000 422.95082400000001143781
247 322.000000 315.000000 15.53916300000000028092
248 298.000000 283.000000 189.98235199999999167630
249 207.000000 204.000000 14.12429500000000004434
250 250.000000 239.000000 12.11434000000000033026
251 197.000000 197.000000 83.78168999999999755346
252 251.000000 230.000000 25.64082300000000103068
253 378.000000 371.000000 32.64694099999999821193
254 9.000000 9.000000 49.17721999999999837883
255 242.000000 242.000000 16.51020199999999960028
256 110.000000 107.000000 157.98036200000001372246
257 154.000000 153.000000 50.92929800000000284399
258 433.000000 423.000000 1.14891699999999996606
259 380.000000 351.000000 6.08499899999999982469
260 329.000000 306.000000 1089.99178800000004230242
261 195.000000 178.000000 107.80813700000000210366
262 24.000000 24.000000 1.47244100000000011086
263 234.000000 224.000000 306.20144900000002508023
264 373.000000 365.000000 65.33346500000000389718
265 262.000000 253.000000 11.24416100000000007242
266 139.000000 139.000000 53.07891200000000253567
267 428.000000 402.000000 12.05620599999999953411
268 216.000000 210.000000 15.19006300000000031503
269 351.000000 342.000000 7.46939200000000003143
270 224.000000 218.000000 2.50938300000000014123
271 375.000000 359.000000 61.42369200000000262207
272 155.000000 146.000000 119.60663800000000378532
273 416.000000 410.000000 0.41076699999999999324
274 65.000000 65.000000 62.28990399999999993952
275 145.000000 135.000000 254.50758899999999584907
276 241.000000 227.000000 64.33010899999999310239
277 272.000000 272.000000 1.69985600000000003362
278 295.000000 283.000000 10.10615999999999914394
279 223.000000 216.000000 0.24074499999999998678
280 211.000000 204.000000 88.54171900000000050568
281 417.000000 399.000000 21.27560199999999923648
282 72.000000 70.000000 100.21989200000000153068
283 178.000000 164.000000 28.73438700000000167734
284 264.000000 257.000000 10.32794900000000026807
285 78.000000 77.000000 52.13491299999999739612
286 115.000000 108.000000 262.03712300000000823275
287 292.000000 289.000000 34.46791600000000244108
288 173.000000 163.000000 54.62187800000000237333
289 559.000000 554.000000 0.82791499999999995651
290 266.000000 266.000000 1.05118800000000001127
291 295.000000 283.000000 1.07137299999999990874
292 394.000000 362.000000 10.83012800000000019907
293 260.000000 250.000000 28.30884400000000056252
294 137.000000 133.000000 220.20800600000001168155
295 419.000000 414.000000 7.21285299999999995890
296 390.000000 377.000000 13.77801000000000009038
297 206.000000 195.000000 460.40976100000000315049
298 318.000000 309.000000 38.73868300000000175487
299 56.000000 56.000000 51.08763700000000085311
300 498.000000 477.000000 1.72752700000000003477
301 330.000000 313.000000 63.75981699999999818829
302 271.000000 261.000000 24.41702000000000083446
303 251.000000 233.000000 25.24553999999999831516
304 167.000000 167.000000 54.40885600000000010823
305 264.000000 240.000000 338.51127100000002201341
306 219.000000 217.000000 57.12460699999999746979
307 507.000000 482.000000 7.85873600000000038790
308 258.000000 253.000000 3.74874499999999999389
309 279.000000 272.000000 5.37786999999999970612
310 130.000000 126.000000 120.23448100000000238197
311 293.000000 280.000000 2.50090000000000012292
312 213.000000 203.000000 18.36939500000000080604
313 197.000000 190.000000 59.07774700000000223099
314 205.000000 191.000000 4.08445799999999969998
315 263.000000 250.000000 209.98827099999999745705
316 83.000000 83.000000 102.41205399999999769989
317 421.000000 401.000000 22.47692100000000081650
318 116.000000 110.000000 69.53345500000000356522
319 163.000000 154.000000 209.21944600000000491491
320 181.000000 179.000000 36.31545400000000256568
321 225.000000 222.000000 79.06198600000000453747
322 232.000000 227.000000 229.52367899999998712701
323 236.000000 236.000000 54.02974499999999835609
324 201.000000 201.000000 14.23288999999999937529
325 21.000000 21.000000 87.54803900000000282944
326 497.000000 467.000000 5.28781700000000043360
327 225.000000 215.000000 14.14395799999999958629
328 323.000000 322.000000 23.63379499999999922011
329 309.000000 285.000000 44.36594699999999846796
330 189.000000 183.000000 3.09886799999999995592
331 438.000000 411.000000 4.43783300000000036079
332 85.000000 78.000000 45.65784699999999673992
333 196.000000 191.000000 74.52625000000000454747
334 131.000000 123.000000 407.05134700000002112574
335 128.000000 122.000000 142.42971600000001330955
336 68.000000 68.000000 52.06322000000000116415
337 115.000000 115.000000 41.93353900000000322734
338 177.000000 177.000000 26.69723300000000065779
339 147.000000 138.000000 159.28563900000000330692
340 412.000000 395.000000 0.13533500000000001084
341 164.000000 151.000000 442.55326700000000528235
342 372.000000 357.000000 27.08920699999999825991
343 148.000000 137.000000 125.50401100000000553791
344 282.000000 268.000000 24.89686700000000030286
345 265.000000 254.000000 11.94934600000000024522
346 246.000000 246.000000 2.46567399999999992133
347 326.000000 324.000000 26.98227199999999825764
348 284.000000 276.000000 33.18379199999999684678
349 441.000000 431.000000 6.37264400000000019730
350 142.000000 137.000000 40.74828000000000116643
351 131.000000 130.000000 48.17582199999999659212
352 228.000000 225.000000 54.28354499999999660531
353 400.000000 394.000000 14.83660599999999973875
354 131.000000 127.000000 117.29958399999999585361
355 270.000000 270.000000 1.94987599999999994260
356 138.000000 134.000000 13.20820699999999980889
357 152.000000 152.000000 104.96322600000000591081
358 227.000000 227.000000 1.29362500000000002487
359 360.000000 354.000000 2.20926199999999983703
360 408.000000 384.000000 16.46490700000000018122
361 117.000000 117.000000 203.41403900000000248838
362 228.000000 228.000000 38.09317300000000017235
363 302.000000 291.000000 9.42904099999999978365
364 257.000000 248.000000 48.07242500000000262617
365 90.000000 88.000000 109.63580299999999567717
366 305.000000 289.000000 15.86583100000000001728
367 226.000000 225.000000 35.30738199999999693546
368 193.000000 184.000000 16.24851299999999909573
369 176.000000 174.000000 61.53381999999999862894
370 214.000000 214.000000 0.12507799999999999474
371 417.000000 409.000000 20.58434400000000152886
372 254.000000 251.000000 25.98936300000000088062
373 269.000000 255.000000 31.32739600000000024238
374 413.000000 398.000000 2.50018500000000010175
375 280.000000 259.000000 21.15318299999999851480
376 428.000000 412.000000 3.44280700000000017269
377 120.000000 114.000000 346.45446199999997816121
378 370.000000 354.000000 3.92212100000000019051
379 158.000000 158.000000 128.76705400000000167893
380 51.000000 45.000000 76.11555400000000304317
381 32.000000 32.000000 67.83084499999999650299
382 130.000000 130.000000 65.07663300000000106138
383 349.000000 342.000000 214.44454500000000507498
384 185.000000 179.000000 113.79459199999999441388
385 387.000000 370.000000 47.47872999999999876763
386 175.000000 164.000000 1.90619200000000010853
387 234.000000 228.000000 46.36347399999999652209
388 302.000000 290.000000 148.41195200000001364060
389 187.000000 187.000000 1.04426899999999989177
390 280.000000 266.000000 2.29650899999999991152
391 329.000000 324.000000 1.20606199999999996741
392 270.000000 268.000000 32.63377100000000297086
393 247.000000 237.000000 60.39558699999999902275
394 455.000000 440.000000 83.14770900000000608543
395 142.000000 140.000000 31.64123199999999869192
396 404.000000 385.000000 0.82380100000000000549
397 157.000000 152.000000 36.21723099999999817555
398 429.000000 414.000000 4.11981299999999972528
399 219.000000 207.000000 272.82406099999997195482
400 360.000000 345.000000 61.10129400000000288173
401 270.000000 254.000000 14.27365700000000003911
402 202.000000 197.000000 4.48872699999999991149
403 398.000000 366.000000 4.32863600000000037227
404 351.000000 349.000000 12.11013499999999964984
405 409.000000 403.000000 0.96131900000000003459
406 262.000000 257.000000 1.67026300000000005319
407 536.000000 503.000000 0.75522100000000003117
408 141.000000 138.000000 20.96568100000000001160
409 134.000000 131.000000 55.99271600000000148611
410 142.000000 133.000000 202.34815900000000965520
411 247.000000 234.000000 289.16742299999998522253
412 143.000000 141.000000 39.29524500000000131195
413 60.000000 60.000000 11.95138500000000014722
414 247.000000 229.000000 88.39035099999999545162
415 85.000000 84.000000 134.32110199999999622378
416 98.000000 93.000000 34.94654500000000041382
417 287.000000 277.000000 3.86355799999999982575
418 270.000000 261.000000 298.64388000000002421075
419 267.000000 262.000000 1.44518400000000002414
420 322.000000 320.000000 39.88374499999999756028
