1 4.000000 4.000000 0.30061700000000002309
2 4.000000 4.000000 0.04890599999999999808
3 3.000000 3.000000 0.03885000000000000259
4 9.000000 9.000000 0.03661899999999999877
5 6.000000 6.000000 0.03314799999999999691
6 5.000000 5.000000 0.02110899999999999929
7 4.000000 4.000000 0.01063599999999999962
8 4.000000 4.000000 0.00911799999999999937
9 7.000000 7.000000 0.01134100000000000039
10 3.000000 3.000000 0.01061100000000000064
11 7.000000 6.000000 0.01139100000000000008
12 5.000000 5.000000 0.01559999999999999928
13 4.000000 4.000000 0.01159400000000000014
14 3.000000 3.000000 0.00877200000000000028
15 4.000000 4.000000 0.02440700000000000161
16 8.000000 7.000000 0.02760800000000000060
17 4.000000 4.000000 0.00921100000000000044
18 4.000000 4.000000 0.01124400000000000052
19 3.000000 3.000000 0.00818600000000000057
20 4.000000 4.000000 0.01230700000000000023
21 4.000000 4.000000 0.02519400000000000112
22 5.000000 5.000000 0.02024499999999999911
23 5.000000 5.000000 0.02136199999999999904
24 9.000000 9.000000 0.02401899999999999868
25 12.000000 9.000000 0.04765699999999999797
26 4.000000 4.000000 0.06242000000000000326
27 4.000000 4.000000 0.01814699999999999994
28 8.000000 8.000000 0.01777899999999999966
29 4.000000 4.000000 0.02045299999999999896
30 3.000000 3.000000 0.01653100000000000055
31 6.000000 6.000000 0.01926500000000000087
32 3.000000 3.000000 0.01791299999999999837
33 7.000000 7.000000 0.01782900000000000110
34 5.000000 5.000000 0.01943200000000000136
35 5.000000 4.000000 0.01826799999999999952
36 6.000000 6.000000 0.01273400000000000053
37 4.000000 4.000000 0.01154600000000000071
38 8.000000 8.000000 0.01197200000000000000
39 3.000000 3.000000 0.02315100000000000144
40 5.000000 5.000000 0.01081799999999999949
41 5.000000 5.000000 0.01188200000000000020
42 4.000000 4.000000 0.01313600000000000011
43 5.000000 5.000000 0.01123999999999999999
44 6.000000 6.000000 0.02006099999999999897
45 7.000000 6.000000 0.01198699999999999939
46 5.000000 4.000000 0.01186599999999999981
47 12.000000 12.000000 0.01179000000000000013
48 7.000000 6.000000 0.01192299999999999957
49 6.000000 6.000000 0.01154799999999999924
50 3.000000 3.000000 0.01077400000000000059
51 4.000000 4.000000 0.01174200000000000070
52 4.000000 4.000000 0.01183099999999999950
53 3.000000 3.000000 0.01155199999999999977
54 5.000000 5.000000 0.01127399999999999930
55 6.000000 5.000000 0.01116699999999999984
56 6.000000 6.000000 0.01207599999999999993
57 6.000000 6.000000 0.01192799999999999937
58 3.000000 3.000000 0.01159400000000000014
59 6.000000 6.000000 0.01085900000000000060
60 3.000000 3.000000 0.01086999999999999945
61 8.000000 8.000000 0.01194800000000000029
62 5.000000 5.000000 0.01101399999999999949
63 3.000000 3.000000 0.02719999999999999848
64 3.000000 3.000000 0.01042099999999999971
65 6.000000 6.000000 0.03733800000000000313
66 5.000000 4.000000 0.01280199999999999914
67 4.000000 4.000000 0.01112800000000000074
68 6.000000 6.000000 0.02980400000000000063
69 8.000000 7.000000 0.01115799999999999952
70 4.000000 4.000000 0.01180900000000000005
71 3.000000 3.000000 0.01084300000000000021
72 3.000000 3.000000 0.03050900000000000140
73 7.000000 6.000000 0.01141299999999999953
74 9.000000 7.000000 0.01386500000000000059
75 5.000000 5.000000 0.01136099999999999957
76 7.000000 6.000000 0.01052400000000000037
77 6.000000 6.000000 0.01225599999999999953
78 5.000000 5.000000 0.01092199999999999942
79 9.000000 7.000000 0.01094400000000000060
80 8.000000 7.000000 0.01081099999999999943
81 3.000000 3.000000 0.01029500000000000033
82 8.000000 8.000000 0.00982500000000000040
83 6.000000 6.000000 0.01236800000000000052
84 9.000000 8.000000 0.01102799999999999961
85 5.000000 5.000000 0.01095699999999999973
86 6.000000 5.000000 0.01020399999999999953
87 6.000000 6.000000 0.01159999999999999920
88 3.000000 3.000000 0.01031800000000000078
89 6.000000 6.000000 0.01051400000000000078
90 6.000000 6.000000 0.01086400000000000039
91 3.000000 3.000000 0.01040100000000000052
92 4.000000 4.000000 0.01124900000000000032
93 13.000000 12.000000 0.01433899999999999932
94 5.000000 4.000000 0.01033000000000000064
95 5.000000 5.000000 0.00974999999999999999
96 3.000000 3.000000 0.01045300000000000049
97 6.000000 6.000000 0.00958400000000000050
98 4.000000 4.000000 0.01101000000000000069
99 4.000000 4.000000 0.01210499999999999944
100 9.000000 7.000000 0.01036300000000000068
101 4.000000 4.000000 0.01131099999999999987
102 6.000000 6.000000 0.01082400000000000029
103 14.000000 12.000000 0.01035600000000000062
104 3.000000 3.000000 0.01054800000000000008
105 3.000000 3.000000 0.01053499999999999923
106 6.000000 6.000000 0.01058399999999999966
107 6.000000 6.000000 0.01116900000000000011
108 5.000000 5.000000 0.01020599999999999979
109 9.000000 9.000000 0.01102999999999999987
110 6.000000 6.000000 0.01149500000000000001
111 4.000000 4.000000 0.01100300000000000063
112 4.000000 4.000000 0.01156800000000000016
113 6.000000 6.000000 0.02654899999999999968
114 7.000000 7.000000 0.02352399999999999977
115 3.000000 3.000000 0.01070699999999999950
116 9.000000 7.000000 0.01105300000000000032
117 6.000000 5.000000 0.01022299999999999945
118 3.000000 3.000000 0.01030799999999999945
119 6.000000 5.000000 0.01055900000000000068
120 3.000000 3.000000 0.01059200000000000072
121 8.000000 7.000000 0.01077999999999999965
122 3.000000 3.000000 0.01107700000000000004
123 6.000000 6.000000 0.00977100000000000017
124 6.000000 6.000000 0.01048400000000000026
125 3.000000 3.000000 0.01062300000000000050
126 5.000000 5.000000 0.01127599999999999957
127 4.000000 4.000000 0.01135500000000000051
128 5.000000 5.000000 0.01108800000000000063
129 8.000000 8.000000 0.01095199999999999993
130 6.000000 6.000000 0.01124799999999999932
131 12.000000 9.000000 0.01044899999999999995
132 4.000000 4.000000 0.01066399999999999987
133 4.000000 4.000000 0.01058000000000000086
134 5.000000 5.000000 0.01021500000000000012
135 4.000000 4.000000 0.01088899999999999937
136 3.000000 3.000000 0.01033099999999999991
137 3.000000 3.000000 0.01011899999999999952
138 7.000000 7.000000 0.01112299999999999921
139 6.000000 6.000000 0.01041800000000000018
140 4.000000 4.000000 0.01066800000000000040
141 3.000000 3.000000 0.01047799999999999947
142 6.000000 6.000000 0.00992000000000000000
143 6.000000 6.000000 0.01064700000000000021
144 5.000000 5.000000 0.01031100000000000072
145 6.000000 6.000000 0.01061600000000000044
146 5.000000 5.000000 0.01073200000000000022
147 4.000000 4.000000 0.01106099999999999965
148 7.000000 6.000000 0.01091100000000000056
149 4.000000 4.000000 0.01102299999999999981
150 6.000000 6.000000 0.01095299999999999919
151 3.000000 3.000000 0.01065600000000000054
152 3.000000 3.000000 0.01010100000000000060
153 6.000000 6.000000 0.00984999999999999938
154 3.000000 3.000000 0.00982799999999999993
155 6.000000 6.000000 0.01088199999999999931
156 8.000000 7.000000 0.01066899999999999966
157 5.000000 5.000000 0.01047200000000000041
158 9.000000 7.000000 0.01008700000000000048
159 3.000000 3.000000 0.01114000000000000060
160 5.000000 4.000000 0.01109199999999999943
161 3.000000 3.000000 0.01066600000000000013
162 6.000000 6.000000 0.01031900000000000005
163 7.000000 7.000000 0.01083899999999999968
164 6.000000 5.000000 0.01244400000000000020
165 4.000000 4.000000 0.01084399999999999947
166 8.000000 8.000000 0.02689499999999999877
167 3.000000 3.000000 0.01091499999999999936
168 4.000000 4.000000 0.01126300000000000044
169 5.000000 5.000000 0.01059399999999999925
170 4.000000 4.000000 0.01030400000000000066
171 4.000000 4.000000 0.01015199999999999957
172 5.000000 4.000000 0.02540999999999999856
173 6.000000 6.000000 0.02059000000000000066
174 3.000000 3.000000 0.01135399999999999951
175 4.000000 4.000000 0.01199700000000000072
176 5.000000 5.000000 0.01064400000000000068
177 5.000000 5.000000 0.01786000000000000087
178 6.000000 6.000000 0.01078699999999999971
179 10.000000 10.000000 0.00939399999999999957
180 6.000000 6.000000 0.01082600000000000055
181 3.000000 3.000000 0.01185899999999999975
182 6.000000 6.000000 0.02532900000000000082
183 7.000000 6.000000 0.01177500000000000074
184 5.000000 5.000000 0.01095600000000000046
185 8.000000 7.000000 0.01077299999999999959
186 4.000000 4.000000 0.01112499999999999947
187 3.000000 3.000000 0.00997600000000000049
188 5.000000 4.000000 0.01105599999999999986
189 4.000000 4.000000 0.01104300000000000073
190 8.000000 8.000000 0.01034200000000000050
191 6.000000 6.000000 0.01104499999999999926
192 7.000000 6.000000 0.01092699999999999921
193 12.000000 9.000000 0.01009099999999999928
194 5.000000 5.000000 0.01029700000000000060
195 6.000000 6.000000 0.01119400000000000082
196 5.000000 4.000000 0.01047700000000000020
197 6.000000 5.000000 0.02931100000000000025
198 11.000000 8.000000 0.00962599999999999914
199 6.000000 6.000000 0.01241100000000000016
200 8.000000 8.000000 0.01160100000000000020
201 5.000000 5.000000 0.01182500000000000044
202 4.000000 4.000000 0.01201600000000000064
203 7.000000 7.000000 0.01149799999999999954
204 7.000000 6.000000 0.01187599999999999940
205 4.000000 4.000000 0.01273799999999999932
206 7.000000 7.000000 0.01253199999999999974
207 5.000000 5.000000 0.01220700000000000084
208 6.000000 6.000000 0.01300899999999999973
209 3.000000 3.000000 0.01249199999999999963
210 6.000000 6.000000 0.01656300000000000133
211 6.000000 6.000000 0.01456700000000000009
212 5.000000 4.000000 0.01124900000000000032
213 4.000000 4.000000 0.01133499999999999959
214 6.000000 6.000000 0.01107999999999999957
215 6.000000 6.000000 0.01170900000000000066
216 4.000000 4.000000 0.01096899999999999958
217 6.000000 6.000000 0.01112499999999999947
218 3.000000 3.000000 0.01109899999999999949
219 9.000000 9.000000 0.01087399999999999999
220 9.000000 7.000000 0.01072700000000000042
221 3.000000 3.000000 0.01042500000000000024
222 7.000000 7.000000 0.01111099999999999935
223 7.000000 5.000000 0.00975499999999999978
224 6.000000 6.000000 0.01113399999999999980
225 9.000000 9.000000 0.01055200000000000062
226 4.000000 4.000000 0.01111200000000000035
227 5.000000 5.000000 0.01014699999999999977
228 8.000000 7.000000 0.01015399999999999983
229 7.000000 6.000000 0.00923500000000000015
230 4.000000 4.000000 0.01051099999999999951
231 3.000000 3.000000 0.01044400000000000016
232 7.000000 6.000000 0.01090600000000000076
233 6.000000 6.000000 0.01124799999999999932
234 6.000000 6.000000 0.01113399999999999980
235 3.000000 3.000000 0.01063799999999999989
236 9.000000 7.000000 0.01108699999999999963
237 7.000000 6.000000 0.01090799999999999929
238 6.000000 6.000000 0.01105500000000000059
239 7.000000 6.000000 0.01085400000000000080
240 7.000000 7.000000 0.01083199999999999961
241 3.000000 3.000000 0.01061400000000000017
242 3.000000 3.000000 0.01031400000000000025
243 7.000000 7.000000 0.01184200000000000010
244 4.000000 4.000000 0.02666900000000000173
245 5.000000 4.000000 0.01073900000000000028
246 4.000000 4.000000 0.01094200000000000034
247 3.000000 3.000000 0.01085599999999999933
248 10.000000 10.000000 0.01096800000000000032
249 3.000000 3.000000 0.01047999999999999973
250 8.000000 6.000000 0.01430299999999999974
251 3.000000 3.000000 0.01605600000000000083
252 4.000000 4.000000 0.01248699999999999984
253 4.000000 4.000000 0.01099699999999999983
254 6.000000 6.000000 0.01079500000000000078
255 6.000000 6.000000 0.00948700000000000064
256 3.000000 3.000000 0.00991900000000000073
257 3.000000 3.000000 0.01099800000000000083
258 5.000000 5.000000 0.01020300000000000026
259 3.000000 3.000000 0.01063799999999999989
260 5.000000 5.000000 0.01263099999999999987
261 6.000000 6.000000 0.01063200000000000083
262 6.000000 6.000000 0.02633200000000000124
263 5.000000 5.000000 0.01054100000000000002
264 6.000000 6.000000 0.01055000000000000035
265 6.000000 6.000000 0.01618599999999999900
266 13.000000 9.000000 0.01150999999999999940
267 8.000000 7.000000 0.01172600000000000031
268 7.000000 7.000000 0.01115200000000000045
269 6.000000 6.000000 0.01170700000000000039
270 9.000000 8.000000 0.01174799999999999976
271 9.000000 8.000000 0.01240999999999999916
272 5.000000 5.000000 0.01022299999999999945
273 7.000000 7.000000 0.01186899999999999934
274 3.000000 3.000000 0.01193899999999999996
275 3.000000 3.000000 0.01193199999999999990
276 6.000000 6.000000 0.01860300000000000148
277 4.000000 4.000000 0.01169800000000000006
278 5.000000 5.000000 0.01098700000000000024
279 7.000000 7.000000 0.01036499999999999921
280 8.000000 8.000000 0.00979499999999999989
281 3.000000 3.000000 0.01075899999999999947
282 3.000000 3.000000 0.01064999999999999974
283 6.000000 6.000000 0.01055500000000000015
284 4.000000 4.000000 0.01122899999999999940
285 3.000000 3.000000 0.01095199999999999993
286 3.000000 3.000000 0.02400700000000000056
287 3.000000 3.000000 0.01024800000000000016
288 4.000000 4.000000 0.01102999999999999987
289 6.000000 6.000000 0.01867699999999999916
290 6.000000 6.000000 0.02431300000000000128
291 9.000000 9.000000 0.01038000000000000034
292 7.000000 6.000000 0.00990899999999999941
293 4.000000 4.000000 0.01045100000000000022
294 5.000000 5.000000 0.01053399999999999996
295 4.000000 4.000000 0.01120200000000000015
296 6.000000 5.000000 0.01076300000000000000
297 3.000000 3.000000 0.01128400000000000063
298 3.000000 3.000000 0.01109100000000000016
299 4.000000 4.000000 0.01145999999999999970
300 8.000000 8.000000 0.01075699999999999920
301 6.000000 5.000000 0.01062399999999999976
302 6.000000 6.000000 0.01134300000000000065
303 7.000000 6.000000 0.01126599999999999997
304 5.000000 4.000000 0.01107999999999999957
305 4.000000 4.000000 0.01049100000000000033
306 3.000000 3.000000 0.01015500000000000083
307 5.000000 5.000000 0.01040800000000000058
308 5.000000 4.000000 0.01122000000000000081
309 5.000000 5.000000 0.01013799999999999944
310 5.000000 5.000000 0.00973899999999999939
311 5.000000 5.000000 0.01022099999999999918
312 4.000000 4.000000 0.01126699999999999924
313 4.000000 4.000000 0.01130500000000000081
314 6.000000 6.000000 0.01084099999999999994
315 5.000000 5.000000 0.01084099999999999994
316 3.000000 3.000000 0.01128400000000000063
317 6.000000 5.000000 0.01058699999999999919
318 10.000000 8.000000 0.01126899999999999950
319 5.000000 4.000000 0.01152700000000000079
320 7.000000 6.000000 0.01095699999999999973
321 8.000000 8.000000 0.01039400000000000046
322 9.000000 7.000000 0.01454000000000000084
323 4.000000 4.000000 0.01108199999999999984
324 6.000000 6.000000 0.01198399999999999986
325 5.000000 5.000000 0.01085900000000000060
326 3.000000 3.000000 0.01083100000000000035
327 6.000000 6.000000 0.01151100000000000040
328 4.000000 4.000000 0.01169500000000000053
329 6.000000 6.000000 0.01110900000000000082
330 4.000000 4.000000 0.01101800000000000002
331 8.000000 8.000000 0.01004500000000000011
332 4.000000 4.000000 0.01051900000000000057
333 4.000000 4.000000 0.01406100000000000058
334 3.000000 3.000000 0.00980699999999999975
335 5.000000 5.000000 0.01045800000000000028
336 4.000000 4.000000 0.01096600000000000005
337 10.000000 9.000000 0.01050500000000000045
338 9.000000 8.000000 0.01051200000000000051
339 4.000000 4.000000 0.01120299999999999942
340 5.000000 5.000000 0.01025399999999999923
341 8.000000 6.000000 0.01047900000000000047
342 6.000000 6.000000 0.01113199999999999953
343 7.000000 6.000000 0.01056600000000000074
344 7.000000 7.000000 0.00976100000000000058
345 7.000000 6.000000 0.01030999999999999972
346 3.000000 3.000000 0.00975799999999999931
347 10.000000 8.000000 0.00860999999999999960
348 9.000000 9.000000 0.00920499999999999964
349 4.000000 4.000000 0.01505500000000000067
350 4.000000 4.000000 0.02706300000000000025
351 11.000000 11.000000 0.02651999999999999844
352 8.000000 6.000000 0.02647100000000000147
353 7.000000 6.000000 0.05072900000000000326
354 4.000000 4.000000 0.03104499999999999968
355 7.000000 6.000000 0.03472999999999999698
356 7.000000 6.000000 0.01029300000000000007
357 8.000000 8.000000 0.02595099999999999837
358 6.000000 6.000000 0.01034099999999999950
359 4.000000 4.000000 0.02255800000000000166
360 4.000000 4.000000 0.04709800000000000098
361 8.000000 7.000000 0.02188199999999999867
362 6.000000 6.000000 0.02794699999999999962
363 4.000000 4.000000 0.02276600000000000151
364 7.000000 7.000000 0.02723300000000000026
365 6.000000 6.000000 0.01094000000000000007
366 3.000000 3.000000 0.04519600000000000006
367 4.000000 4.000000 0.02721399999999999861
368 3.000000 3.000000 0.01013700000000000018
369 4.000000 4.000000 0.02726500000000000104
370 6.000000 6.000000 0.02401100000000000109
371 4.000000 4.000000 0.02778600000000000167
372 10.000000 8.000000 0.02730499999999999941
373 4.000000 4.000000 0.01109899999999999949
374 6.000000 6.000000 0.02692999999999999908
375 3.000000 3.000000 0.03487400000000000222
376 7.000000 7.000000 0.01029900000000000086
377 7.000000 6.000000 0.02730300000000000088
378 11.000000 11.000000 0.02738000000000000156
379 6.000000 6.000000 0.02434199999999999905
380 4.000000 4.000000 0.01119999999999999989
381 6.000000 6.000000 0.02839600000000000110
382 4.000000 4.000000 0.01085000000000000027
383 3.000000 3.000000 0.01191399999999999924
384 5.000000 5.000000 0.01001800000000000086
385 7.000000 6.000000 0.01077099999999999932
386 3.000000 3.000000 0.01033199999999999917
387 9.000000 9.000000 0.01049500000000000086
388 5.000000 5.000000 0.01037199999999999928
389 5.000000 5.000000 0.01012700000000000058
390 3.000000 3.000000 0.01054399999999999955
391 3.000000 3.000000 0.01018100000000000081
392 5.000000 5.000000 0.01017500000000000002
393 6.000000 5.000000 0.01013099999999999938
394 8.000000 8.000000 0.01087800000000000052
395 5.000000 4.000000 0.01093000000000000048
396 4.000000 4.000000 0.01098799999999999950
397 5.000000 5.000000 0.02200900000000000079
398 5.000000 5.000000 0.01074100000000000055
399 5.000000 4.000000 0.02170800000000000160
400 5.000000 5.000000 0.01022200000000000018
401 7.000000 6.000000 0.01096500000000000079
402 7.000000 7.000000 0.01177800000000000027
403 4.000000 4.000000 0.01218200000000000012
404 8.000000 8.000000 0.00990100000000000008
405 7.000000 6.000000 0.03845099999999999907
406 8.000000 6.000000 0.02623299999999999937
407 5.000000 5.000000 0.01084899999999999927
408 7.000000 7.000000 0.01138600000000000029
409 8.000000 8.000000 0.00862800000000000025
410 6.000000 6.000000 0.01049100000000000033
411 5.000000 5.000000 0.01050300000000000018
412 6.000000 6.000000 0.01091300000000000082
413 9.000000 8.000000 0.01087699999999999952
414 6.000000 6.000000 0.01102099999999999955
415 8.000000 8.000000 0.01046300000000000008
416 5.000000 5.000000 0.01184299999999999936
417 4.000000 4.000000 0.02742299999999999946
418 5.000000 5.000000 0.00970900000000000062
419 7.000000 7.000000 0.01061400000000000017
420 4.000000 4.000000 0.02035800000000000110
