1 5.000000 5.000000 0.11762699999999999545
2 11.000000 10.000000 0.04284700000000000314
3 14.000000 12.000000 0.02862299999999999914
4 18.000000 17.000000 0.02278399999999999870
5 21.000000 19.000000 0.03706899999999999779
6 14.000000 14.000000 0.01805800000000000113
7 8.000000 8.000000 0.02094899999999999887
8 17.000000 16.000000 0.02587300000000000016
9 19.000000 18.000000 0.01541599999999999915
10 14.000000 13.000000 0.02521400000000000030
11 14.000000 14.000000 0.01928099999999999953
12 11.000000 9.000000 0.01483199999999999970
13 7.000000 7.000000 0.05503700000000000259
14 16.000000 14.000000 0.04423599999999999755
15 12.000000 11.000000 0.03820899999999999991
16 8.000000 7.000000 0.02775700000000000042
17 17.000000 16.000000 0.01781399999999999997
18 4.000000 4.000000 0.01965700000000000086
19 9.000000 8.000000 0.01566199999999999884
20 7.000000 7.000000 0.01442599999999999959
21 19.000000 18.000000 0.02546400000000000052
22 12.000000 10.000000 0.01434400000000000085
23 18.000000 18.000000 0.01401099999999999915
24 8.000000 7.000000 0.01527799999999999991
25 11.000000 11.000000 0.01857699999999999976
26 15.000000 14.000000 0.01370700000000000043
27 13.000000 12.000000 0.01836700000000000138
28 3.000000 3.000000 0.03622100000000000319
29 3.000000 3.000000 0.01796800000000000133
30 7.000000 6.000000 0.02347799999999999887
31 11.000000 10.000000 0.01622300000000000131
32 8.000000 8.000000 0.01733000000000000165
33 11.000000 11.000000 0.03771999999999999659
34 4.000000 4.000000 0.03041200000000000153
35 3.000000 3.000000 0.02043400000000000077
36 10.000000 8.000000 0.01305899999999999943
37 15.000000 13.000000 0.01759700000000000153
38 8.000000 8.000000 0.01413400000000000073
39 11.000000 9.000000 0.01500899999999999977
40 8.000000 8.000000 0.02892899999999999985
41 18.000000 16.000000 0.02903800000000000131
42 13.000000 11.000000 0.02771099999999999952
43 6.000000 6.000000 0.01580000000000000154
44 10.000000 10.000000 0.01582599999999999979
45 11.000000 9.000000 0.01554499999999999979
46 17.000000 17.000000 0.01729400000000000034
47 11.000000 11.000000 0.01762700000000000031
48 8.000000 7.000000 0.01276799999999999984
49 16.000000 14.000000 0.02997999999999999970
50 13.000000 11.000000 0.01234400000000000081
51 12.000000 9.000000 0.03313699999999999979
52 5.000000 5.000000 0.02395100000000000007
53 17.000000 14.000000 0.01160399999999999973
54 16.000000 14.000000 0.01489299999999999999
55 14.000000 12.000000 0.01484800000000000009
56 13.000000 11.000000 0.01582799999999999832
57 12.000000 12.000000 0.01705200000000000118
58 15.000000 11.000000 0.01155899999999999983
59 9.000000 8.000000 0.01450100000000000000
60 3.000000 3.000000 0.01545900000000000052
61 13.000000 12.000000 0.01355899999999999987
62 18.000000 16.000000 0.01687999999999999917
63 17.000000 15.000000 0.04442399999999999821
64 9.000000 8.000000 0.04166000000000000258
65 3.000000 3.000000 0.01704100000000000059
66 7.000000 7.000000 0.01582000000000000073
67 6.000000 6.000000 0.01308400000000000014
68 5.000000 5.000000 0.01506000000000000047
69 8.000000 8.000000 0.01487400000000000007
70 12.000000 10.000000 0.01133900000000000012
71 5.000000 5.000000 0.01413099999999999946
72 3.000000 3.000000 0.02518199999999999952
73 13.000000 11.000000 0.01522199999999999942
74 18.000000 15.000000 0.01373300000000000042
75 22.000000 20.000000 0.01417299999999999983
76 15.000000 13.000000 0.02067799999999999847
77 10.000000 9.000000 0.04032800000000000273
78 11.000000 10.000000 0.02365300000000000041
79 7.000000 7.000000 0.02207599999999999840
80 13.000000 13.000000 0.01532500000000000008
81 9.000000 9.000000 0.01225799999999999980
82 14.000000 12.000000 0.01403199999999999933
83 4.000000 4.000000 0.01572700000000000140
84 6.000000 6.000000 0.01671200000000000116
85 11.000000 9.000000 0.01442200000000000079
86 7.000000 6.000000 0.01566700000000000037
87 12.000000 12.000000 0.01414400000000000032
88 3.000000 3.000000 0.01559600000000000049
89 14.000000 14.000000 0.02466700000000000143
90 6.000000 6.000000 0.01621300000000000172
91 9.000000 9.000000 0.04309500000000000136
92 11.000000 11.000000 0.03712800000000000128
93 12.000000 11.000000 0.02381600000000000036
94 17.000000 15.000000 0.02585000000000000145
95 13.000000 11.000000 0.02779300000000000173
96 3.000000 3.000000 0.02880599999999999827
97 4.000000 4.000000 0.01576599999999999877
98 13.000000 11.000000 0.01577200000000000130
99 9.000000 8.000000 0.01551499999999999928
100 9.000000 8.000000 0.01505599999999999994
101 8.000000 8.000000 0.01671500000000000069
102 17.000000 17.000000 0.01380699999999999983
103 15.000000 13.000000 0.01352399999999999956
104 8.000000 7.000000 0.01562400000000000073
105 9.000000 8.000000 0.01561099999999999988
106 8.000000 8.000000 0.01640099999999999891
107 13.000000 12.000000 0.01623700000000000143
108 20.000000 14.000000 0.01114599999999999966
109 11.000000 11.000000 0.01451700000000000039
110 7.000000 6.000000 0.01522800000000000022
111 3.000000 3.000000 0.01640199999999999991
112 7.000000 7.000000 0.02980800000000000116
113 6.000000 6.000000 0.01599199999999999927
114 8.000000 8.000000 0.01678699999999999984
115 10.000000 8.000000 0.01314300000000000017
116 5.000000 5.000000 0.01552300000000000034
117 3.000000 3.000000 0.01597799999999999915
118 15.000000 15.000000 0.01599700000000000080
119 10.000000 9.000000 0.01555899999999999991
120 8.000000 8.000000 0.01681399999999999909
121 13.000000 11.000000 0.02145199999999999885
122 8.000000 7.000000 0.01587600000000000122
123 14.000000 13.000000 0.01997900000000000023
124 11.000000 11.000000 0.02354499999999999996
125 8.000000 8.000000 0.01589600000000000041
126 14.000000 11.000000 0.01409599999999999916
127 14.000000 14.000000 0.02130999999999999908
128 10.000000 10.000000 0.02248500000000000151
129 3.000000 3.000000 0.01635199999999999848
130 18.000000 17.000000 0.01396799999999999951
131 10.000000 10.000000 0.01395700000000000066
132 9.000000 9.000000 0.01306200000000000069
133 11.000000 11.000000 0.01431299999999999933
134 10.000000 10.000000 0.05228700000000000014
135 11.000000 10.000000 0.01252799999999999921
136 18.000000 14.000000 0.01385600000000000026
137 11.000000 10.000000 0.02952499999999999916
138 8.000000 8.000000 0.01439999999999999961
139 12.000000 12.000000 0.04060500000000000220
140 10.000000 9.000000 0.03190699999999999786
141 4.000000 4.000000 0.02444500000000000145
142 3.000000 3.000000 0.01577699999999999936
143 7.000000 7.000000 0.01566000000000000031
144 9.000000 8.000000 0.01288199999999999935
145 9.000000 8.000000 0.01566599999999999937
146 10.000000 9.000000 0.01731299999999999853
147 17.000000 16.000000 0.01659100000000000158
148 16.000000 15.000000 0.01489299999999999999
149 13.000000 13.000000 0.01655900000000000080
150 22.000000 18.000000 0.01244900000000000000
151 8.000000 8.000000 0.01765800000000000008
152 6.000000 6.000000 0.01676599999999999965
153 13.000000 10.000000 0.01211399999999999977
154 11.000000 10.000000 0.04109299999999999758
155 17.000000 15.000000 0.01591300000000000006
156 8.000000 8.000000 0.04018900000000000250
157 8.000000 8.000000 0.02627300000000000121
158 12.000000 11.000000 0.04118299999999999739
159 9.000000 8.000000 0.01618100000000000094
160 14.000000 12.000000 0.01451200000000000059
161 9.000000 9.000000 0.01416899999999999930
162 13.000000 11.000000 0.01713999999999999899
163 6.000000 6.000000 0.01680600000000000149
164 3.000000 3.000000 0.01879199999999999968
165 6.000000 6.000000 0.02912800000000000111
166 8.000000 8.000000 0.01577200000000000130
167 6.000000 6.000000 0.02559399999999999870
168 16.000000 14.000000 0.01839800000000000116
169 14.000000 12.000000 0.01495200000000000001
170 11.000000 10.000000 0.01574700000000000058
171 12.000000 12.000000 0.01753400000000000097
172 18.000000 15.000000 0.02499600000000000086
173 11.000000 11.000000 0.01249399999999999990
174 13.000000 13.000000 0.03338599999999999901
175 8.000000 8.000000 0.01190399999999999965
176 10.000000 9.000000 0.01677500000000000172
177 6.000000 6.000000 0.01510000000000000057
178 19.000000 16.000000 0.01505199999999999941
179 13.000000 13.000000 0.01545099999999999946
180 19.000000 18.000000 0.01413299999999999973
181 13.000000 12.000000 0.01492699999999999930
182 6.000000 6.000000 0.01595299999999999843
183 19.000000 19.000000 0.01489900000000000078
184 3.000000 3.000000 0.01789800000000000071
185 8.000000 8.000000 0.01527899999999999918
186 15.000000 15.000000 0.01333900000000000016
187 13.000000 12.000000 0.01494200000000000042
188 13.000000 12.000000 0.01668499999999999844
189 3.000000 3.000000 0.02824499999999999927
190 11.000000 11.000000 0.03925000000000000017
191 11.000000 11.000000 0.01524299999999999961
192 11.000000 10.000000 0.01682900000000000021
193 8.000000 8.000000 0.01609599999999999920
194 6.000000 6.000000 0.01782699999999999910
195 9.000000 9.000000 0.01431100000000000080
196 11.000000 9.000000 0.01268400000000000083
197 9.000000 9.000000 0.01545999999999999978
198 5.000000 5.000000 0.01442599999999999959
199 15.000000 14.000000 0.01400900000000000062
200 12.000000 10.000000 0.01420500000000000061
201 16.000000 13.000000 0.01585400000000000004
202 20.000000 18.000000 0.01279399999999999982
203 8.000000 8.000000 0.01669199999999999851
204 12.000000 12.000000 0.01375600000000000087
205 13.000000 11.000000 0.01164100000000000031
206 11.000000 9.000000 0.01350200000000000011
207 6.000000 6.000000 0.01387399999999999918
208 13.000000 12.000000 0.01279800000000000035
209 13.000000 13.000000 0.01502299999999999990
210 10.000000 10.000000 0.01441599999999999999
211 14.000000 13.000000 0.01284399999999999951
212 12.000000 9.000000 0.01200799999999999958
213 9.000000 9.000000 0.01569600000000000162
214 3.000000 3.000000 0.01592800000000000119
215 23.000000 20.000000 0.01313800000000000037
216 6.000000 6.000000 0.01622600000000000084
217 12.000000 12.000000 0.01523700000000000054
218 3.000000 3.000000 0.02284200000000000119
219 8.000000 8.000000 0.01778599999999999973
220 10.000000 9.000000 0.02137100000000000111
221 9.000000 9.000000 0.01438000000000000042
222 13.000000 13.000000 0.01385199999999999973
223 13.000000 13.000000 0.02474900000000000017
224 4.000000 4.000000 0.01731500000000000053
225 9.000000 9.000000 0.01599199999999999927
226 17.000000 15.000000 0.01451500000000000012
227 8.000000 8.000000 0.01887199999999999989
228 12.000000 11.000000 0.02303900000000000045
229 8.000000 8.000000 0.03066800000000000082
230 12.000000 10.000000 0.01923100000000000157
231 15.000000 15.000000 0.03253099999999999742
232 11.000000 11.000000 0.03830399999999999777
233 8.000000 7.000000 0.03827900000000000053
234 6.000000 6.000000 0.03492599999999999871
235 6.000000 6.000000 0.02824099999999999874
236 15.000000 13.000000 0.03585200000000000192
237 13.000000 11.000000 0.02310800000000000007
238 19.000000 19.000000 0.03600300000000000028
239 16.000000 13.000000 0.02320699999999999846
240 15.000000 15.000000 0.03500500000000000139
241 9.000000 9.000000 0.03716699999999999865
242 11.000000 10.000000 0.02062500000000000097
243 20.000000 18.000000 0.03128399999999999931
244 11.000000 10.000000 0.02261300000000000116
245 8.000000 8.000000 0.05666299999999999809
246 9.000000 9.000000 0.01591499999999999859
247 13.000000 11.000000 0.01336200000000000061
248 15.000000 12.000000 0.01595299999999999843
249 28.000000 24.000000 0.01190000000000000085
250 6.000000 6.000000 0.02981800000000000075
251 19.000000 16.000000 0.03359499999999999986
252 10.000000 9.000000 0.03542599999999999916
253 9.000000 8.000000 0.02957399999999999959
254 10.000000 10.000000 0.02759500000000000147
255 8.000000 8.000000 0.02894499999999999851
256 7.000000 7.000000 0.03160799999999999721
257 8.000000 7.000000 0.06791300000000000114
258 7.000000 7.000000 0.05098300000000000054
259 9.000000 9.000000 0.03547499999999999959
260 6.000000 6.000000 0.04397999999999999826
261 13.000000 12.000000 0.03260500000000000204
262 3.000000 3.000000 0.02986000000000000112
263 6.000000 6.000000 0.03534500000000000142
264 17.000000 15.000000 0.02985700000000000159
265 4.000000 4.000000 0.03062899999999999998
266 10.000000 10.000000 0.04554099999999999815
267 11.000000 10.000000 0.04891299999999999815
268 17.000000 16.000000 0.05012699999999999795
269 17.000000 15.000000 0.03222499999999999670
270 6.000000 6.000000 0.03465700000000000031
271 13.000000 13.000000 0.02862800000000000067
272 6.000000 6.000000 0.03803800000000000237
273 18.000000 18.000000 0.03401499999999999663
274 7.000000 7.000000 0.02421799999999999994
275 11.000000 11.000000 0.04259899999999999798
276 12.000000 11.000000 0.01563099999999999906
277 15.000000 15.000000 0.01448799999999999914
278 12.000000 12.000000 0.02929100000000000106
279 13.000000 11.000000 0.02765700000000000103
280 12.000000 12.000000 0.01666799999999999879
281 8.000000 6.000000 0.02981899999999999828
282 8.000000 8.000000 0.03038300000000000028
283 11.000000 11.000000 0.01646399999999999947
284 6.000000 5.000000 0.05511100000000000027
285 8.000000 8.000000 0.01295400000000000024
286 9.000000 9.000000 0.01216599999999999973
287 6.000000 6.000000 0.01323599999999999950
288 10.000000 10.000000 0.02213599999999999943
289 17.000000 15.000000 0.03571799999999999975
290 20.000000 18.000000 0.02042599999999999971
291 9.000000 9.000000 0.01082600000000000055
292 9.000000 9.000000 0.03146999999999999797
293 14.000000 13.000000 0.03223999999999999783
294 9.000000 9.000000 0.01440400000000000014
295 12.000000 12.000000 0.02667100000000000026
296 10.000000 8.000000 0.04034599999999999992
297 5.000000 5.000000 0.01287400000000000003
298 8.000000 8.000000 0.05362100000000000199
299 6.000000 6.000000 0.01438299999999999995
300 11.000000 11.000000 0.01219199999999999971
301 9.000000 8.000000 0.02944099999999999842
302 13.000000 12.000000 0.01227400000000000019
303 11.000000 11.000000 0.01669500000000000151
304 9.000000 8.000000 0.01387000000000000038
305 12.000000 11.000000 0.03235600000000000281
306 8.000000 8.000000 0.01532400000000000082
307 12.000000 11.000000 0.01331899999999999924
308 10.000000 9.000000 0.04379299999999999859
309 6.000000 6.000000 0.01592100000000000112
310 14.000000 13.000000 0.01363999999999999935
311 12.000000 10.000000 0.01438299999999999995
312 6.000000 6.000000 0.01285099999999999958
313 19.000000 15.000000 0.01437500000000000062
314 11.000000 10.000000 0.01404599999999999946
315 11.000000 10.000000 0.03574200000000000293
316 13.000000 13.000000 0.02246400000000000133
317 6.000000 6.000000 0.02072799999999999990
318 5.000000 5.000000 0.02816799999999999859
319 11.000000 10.000000 0.06218699999999999922
320 16.000000 14.000000 0.04463600000000000206
321 12.000000 12.000000 0.04073000000000000231
322 13.000000 11.000000 0.04694299999999999862
323 11.000000 10.000000 0.03286599999999999938
324 10.000000 9.000000 0.03039299999999999988
325 9.000000 8.000000 0.03418800000000000311
326 17.000000 17.000000 0.02868000000000000063
327 13.000000 12.000000 0.03127499999999999725
328 6.000000 6.000000 0.05261400000000000104
329 13.000000 13.000000 0.06187200000000000338
330 15.000000 13.000000 0.06203600000000000086
331 16.000000 15.000000 0.02424199999999999966
332 7.000000 7.000000 0.04781099999999999933
333 11.000000 10.000000 0.03033999999999999891
334 13.000000 13.000000 0.02658200000000000146
335 7.000000 7.000000 0.01580900000000000014
336 14.000000 14.000000 0.02967300000000000146
337 3.000000 3.000000 0.03324599999999999778
338 25.000000 22.000000 0.01391300000000000002
339 14.000000 13.000000 0.02518499999999999905
340 15.000000 15.000000 0.01660500000000000170
341 6.000000 6.000000 0.02791000000000000078
342 16.000000 15.000000 0.03832399999999999696
343 14.000000 14.000000 0.02934700000000000156
344 15.000000 15.000000 0.04159800000000000303
345 11.000000 10.000000 0.02984900000000000053
346 11.000000 10.000000 0.02957600000000000159
347 10.000000 9.000000 0.02812299999999999869
348 9.000000 9.000000 0.03129799999999999943
349 10.000000 9.000000 0.03805900000000000255
350 11.000000 11.000000 0.04291799999999999782
351 13.000000 10.000000 0.02011800000000000047
352 7.000000 7.000000 0.03073700000000000043
353 9.000000 8.000000 0.02274899999999999839
354 12.000000 10.000000 0.03069399999999999906
355 13.000000 12.000000 0.02111100000000000129
356 8.000000 8.000000 0.05344000000000000139
357 3.000000 3.000000 0.03091899999999999857
358 10.000000 10.000000 0.03478200000000000042
359 7.000000 7.000000 0.02085700000000000054
360 19.000000 16.000000 0.01255399999999999919
361 13.000000 13.000000 0.03414099999999999774
362 16.000000 15.000000 0.03419200000000000017
363 13.000000 12.000000 0.02695099999999999926
364 27.000000 21.000000 0.03247599999999999792
365 20.000000 18.000000 0.02910000000000000087
366 8.000000 6.000000 0.01323399999999999924
367 12.000000 12.000000 0.02601399999999999893
368 6.000000 6.000000 0.03170400000000000301
369 17.000000 16.000000 0.02243300000000000155
370 10.000000 7.000000 0.02299599999999999908
371 11.000000 10.000000 0.01594599999999999837
372 13.000000 13.000000 0.01404900000000000072
373 11.000000 11.000000 0.01304899999999999984
374 7.000000 7.000000 0.01198100000000000033
375 3.000000 3.000000 0.01574599999999999958
376 13.000000 12.000000 0.01830499999999999836
377 14.000000 14.000000 0.01651000000000000037
378 5.000000 5.000000 0.01502700000000000043
379 12.000000 12.000000 0.01504199999999999982
380 8.000000 8.000000 0.01594200000000000131
381 4.000000 4.000000 0.01616300000000000028
382 12.000000 10.000000 0.01266699999999999944
383 17.000000 14.000000 0.01386899999999999938
384 11.000000 10.000000 0.01644699999999999981
385 5.000000 5.000000 0.01465699999999999989
386 13.000000 11.000000 0.01998700000000000129
387 9.000000 9.000000 0.01367600000000000066
388 7.000000 7.000000 0.01435699999999999997
389 16.000000 16.000000 0.01296399999999999983
390 8.000000 8.000000 0.01730599999999999847
391 7.000000 7.000000 0.01812300000000000022
392 8.000000 8.000000 0.01691199999999999995
393 17.000000 14.000000 0.01128700000000000016
394 9.000000 9.000000 0.01574000000000000052
395 12.000000 12.000000 0.01843500000000000000
396 12.000000 11.000000 0.02173100000000000032
397 9.000000 8.000000 0.01314300000000000017
398 6.000000 6.000000 0.01414499999999999959
399 11.000000 11.000000 0.03468700000000000255
400 6.000000 6.000000 0.01538199999999999984
401 16.000000 16.000000 0.01341700000000000011
402 9.000000 9.000000 0.03382299999999999890
403 8.000000 8.000000 0.02573999999999999899
404 10.000000 10.000000 0.03903899999999999731
405 8.000000 8.000000 0.02832099999999999895
406 12.000000 10.000000 0.02262399999999999828
407 8.000000 7.000000 0.01270400000000000001
408 11.000000 10.000000 0.01566499999999999837
409 12.000000 12.000000 0.01483600000000000023
410 20.000000 18.000000 0.01540599999999999956
411 8.000000 8.000000 0.01640000000000000138
412 13.000000 13.000000 0.01286900000000000023
413 11.000000 10.000000 0.01467700000000000081
414 5.000000 5.000000 0.01384999999999999946
415 11.000000 10.000000 0.03637699999999999961
416 5.000000 5.000000 0.02742299999999999946
417 8.000000 8.000000 0.03109699999999999964
418 9.000000 9.000000 0.02101199999999999943
419 11.000000 11.000000 0.03176299999999999957
420 14.000000 14.000000 0.02778800000000000020
