1 10.000000 10.000000 0.29822500000000001785
2 20.000000 18.000000 0.09822200000000000375
3 39.000000 36.000000 0.04068000000000000088
4 27.000000 25.000000 0.04189600000000000268
5 12.000000 11.000000 0.09876899999999999569
6 20.000000 20.000000 0.09883400000000000518
7 27.000000 27.000000 0.07903899999999999815
8 18.000000 18.000000 0.08772900000000000142
9 16.000000 16.000000 0.07530900000000000094
10 18.000000 18.000000 0.11043200000000000238
11 12.000000 12.000000 0.08013000000000000678
12 21.000000 19.000000 0.02336600000000000135
13 33.000000 27.000000 0.06084900000000000031
14 57.000000 49.000000 0.04671999999999999764
15 25.000000 25.000000 0.05590500000000000330
16 34.000000 32.000000 0.02945599999999999954
17 24.000000 23.000000 0.04067400000000000182
18 15.000000 14.000000 0.03624000000000000138
19 25.000000 22.000000 0.02248500000000000151
20 23.000000 20.000000 0.04188999999999999668
21 13.000000 13.000000 0.03420800000000000229
22 29.000000 29.000000 0.02994099999999999887
23 16.000000 15.000000 0.02237899999999999959
24 11.000000 10.000000 0.03368399999999999866
25 22.000000 22.000000 0.06769300000000000317
26 25.000000 23.000000 0.03387300000000000033
27 23.000000 22.000000 0.03134200000000000180
28 23.000000 22.000000 0.03986599999999999866
29 23.000000 21.000000 0.01827900000000000011
30 14.000000 13.000000 0.02300599999999999867
31 33.000000 26.000000 0.02043499999999999830
32 14.000000 13.000000 0.03275600000000000039
33 17.000000 17.000000 0.05789300000000000002
34 25.000000 23.000000 0.05650800000000000267
35 19.000000 19.000000 0.02184200000000000030
36 21.000000 19.000000 0.05772100000000000147
37 37.000000 35.000000 0.01700700000000000128
38 15.000000 15.000000 0.08037400000000000100
39 10.000000 10.000000 0.04689299999999999718
40 30.000000 28.000000 0.03740500000000000075
41 18.000000 17.000000 0.02267999999999999877
42 27.000000 26.000000 0.03530500000000000305
43 22.000000 20.000000 0.04839999999999999858
44 28.000000 28.000000 0.06329999999999999516
45 19.000000 18.000000 0.02329399999999999873
46 30.000000 27.000000 0.01784699999999999828
47 21.000000 21.000000 0.03647399999999999948
48 8.000000 8.000000 0.05677700000000000108
49 22.000000 21.000000 0.04731599999999999695
50 15.000000 13.000000 0.03884100000000000052
51 33.000000 31.000000 0.02919400000000000120
52 22.000000 21.000000 0.02829299999999999871
53 17.000000 17.000000 0.03084699999999999942
54 14.000000 14.000000 0.03755200000000000204
55 34.000000 30.000000 0.02496500000000000108
56 23.000000 21.000000 0.03841599999999999876
57 32.000000 32.000000 0.02752500000000000085
58 28.000000 25.000000 0.02491900000000000018
59 17.000000 17.000000 0.03728800000000000170
60 24.000000 22.000000 0.02167300000000000129
61 31.000000 25.000000 0.02635499999999999995
62 10.000000 10.000000 0.06493599999999999373
63 18.000000 17.000000 0.04089399999999999979
64 12.000000 12.000000 0.06364999999999999825
65 21.000000 21.000000 0.03149400000000000116
66 17.000000 15.000000 0.03931300000000000072
67 26.000000 24.000000 0.01949499999999999844
68 27.000000 23.000000 0.04161100000000000215
69 15.000000 15.000000 0.04113800000000000096
70 24.000000 20.000000 0.03505799999999999889
71 34.000000 30.000000 0.03690399999999999930
72 10.000000 10.000000 0.04329899999999999721
73 29.000000 27.000000 0.02356099999999999861
74 31.000000 28.000000 0.02868800000000000169
75 18.000000 17.000000 0.03863199999999999967
76 33.000000 30.000000 0.03143699999999999967
77 8.000000 8.000000 0.06949800000000000422
78 30.000000 25.000000 0.03439799999999999802
79 21.000000 21.000000 0.03295100000000000112
80 43.000000 39.000000 0.07206300000000000205
81 19.000000 15.000000 0.03368899999999999673
82 17.000000 17.000000 0.04195200000000000318
83 20.000000 17.000000 0.11636399999999999522
84 16.000000 15.000000 0.04461899999999999894
85 11.000000 11.000000 0.04168100000000000277
86 29.000000 29.000000 0.02501300000000000051
87 22.000000 19.000000 0.02779500000000000026
88 20.000000 19.000000 0.03357000000000000262
89 28.000000 26.000000 0.04109700000000000158
90 26.000000 23.000000 0.02793599999999999903
91 16.000000 16.000000 0.03821800000000000197
92 22.000000 21.000000 0.02912299999999999958
93 34.000000 29.000000 0.03238100000000000006
94 18.000000 18.000000 0.03090400000000000091
95 27.000000 21.000000 0.03706600000000000172
96 8.000000 8.000000 0.06843100000000000571
97 13.000000 13.000000 0.03922799999999999898
98 27.000000 25.000000 0.03036499999999999963
99 16.000000 15.000000 0.04103799999999999809
100 17.000000 16.000000 0.05328700000000000103
101 9.000000 9.000000 0.03344799999999999857
102 16.000000 16.000000 0.05321000000000000035
103 15.000000 11.000000 0.04954999999999999682
104 17.000000 15.000000 0.03229400000000000326
105 4.000000 4.000000 0.03567200000000000232
106 28.000000 24.000000 0.03710999999999999716
107 30.000000 27.000000 0.02412699999999999914
108 16.000000 14.000000 0.04634699999999999931
109 18.000000 15.000000 0.02056300000000000142
110 26.000000 26.000000 0.01591599999999999959
111 25.000000 23.000000 0.05202600000000000280
112 22.000000 18.000000 0.03560900000000000176
113 10.000000 10.000000 0.03418000000000000205
114 24.000000 22.000000 0.06566199999999999815
115 31.000000 28.000000 0.02882099999999999940
116 19.000000 18.000000 0.05666500000000000009
117 16.000000 16.000000 0.03918499999999999761
118 15.000000 13.000000 0.02978000000000000091
119 19.000000 19.000000 0.03674100000000000282
120 8.000000 7.000000 0.08451899999999999691
121 8.000000 8.000000 0.03896000000000000157
122 3.000000 3.000000 0.11713800000000000601
123 19.000000 19.000000 0.03012099999999999847
124 16.000000 15.000000 0.09243700000000000527
125 23.000000 23.000000 0.06730600000000000471
126 15.000000 15.000000 0.04807499999999999968
127 15.000000 15.000000 0.02908099999999999921
128 16.000000 16.000000 0.02241800000000000043
129 26.000000 23.000000 0.03837700000000000139
130 14.000000 13.000000 0.05550100000000000172
131 18.000000 17.000000 0.04309999999999999942
132 11.000000 11.000000 0.03558399999999999758
133 21.000000 19.000000 0.04178699999999999776
134 28.000000 24.000000 0.04468300000000000050
135 14.000000 14.000000 0.03697299999999999892
136 11.000000 10.000000 0.07460899999999999477
137 24.000000 20.000000 0.04683199999999999863
138 24.000000 24.000000 0.04560000000000000164
139 24.000000 22.000000 0.03833099999999999702
140 21.000000 19.000000 0.11238199999999999579
141 32.000000 30.000000 0.05793399999999999939
142 18.000000 15.000000 0.04945299999999999696
143 13.000000 13.000000 0.04989600000000000285
144 4.000000 4.000000 0.03502500000000000058
145 20.000000 20.000000 0.03918599999999999861
146 33.000000 30.000000 0.06377599999999999936
147 38.000000 33.000000 0.06274599999999999622
148 16.000000 16.000000 0.08858699999999999908
149 22.000000 19.000000 0.04129100000000000131
150 16.000000 15.000000 0.09580800000000000427
151 20.000000 20.000000 0.03108599999999999905
152 17.000000 16.000000 0.02841799999999999882
153 15.000000 13.000000 0.04262400000000000216
154 16.000000 16.000000 0.04272200000000000303
155 14.000000 12.000000 0.02281000000000000041
156 18.000000 15.000000 0.03077500000000000027
157 25.000000 24.000000 0.05189900000000000069
158 37.000000 37.000000 0.06581499999999999850
159 22.000000 22.000000 0.04328300000000000203
160 12.000000 12.000000 0.03296199999999999825
161 25.000000 21.000000 0.01417900000000000063
162 24.000000 24.000000 0.04753199999999999786
163 10.000000 10.000000 0.04485700000000000104
164 22.000000 19.000000 0.03765199999999999797
165 10.000000 10.000000 0.04779499999999999721
166 29.000000 25.000000 0.03286000000000000032
167 43.000000 35.000000 0.02048699999999999827
168 31.000000 29.000000 0.03456999999999999656
169 22.000000 18.000000 0.03429200000000000303
170 26.000000 23.000000 0.03035699999999999857
171 45.000000 39.000000 0.06396300000000000596
172 34.000000 28.000000 0.07941099999999999548
173 15.000000 14.000000 0.05976599999999999968
174 43.000000 38.000000 0.02609200000000000061
175 19.000000 16.000000 0.04816000000000000142
176 29.000000 25.000000 0.04645500000000000324
177 19.000000 17.000000 0.07026799999999999713
178 28.000000 27.000000 0.03557899999999999952
179 36.000000 34.000000 0.04555000000000000021
180 13.000000 13.000000 0.07227799999999999503
181 15.000000 15.000000 0.06709400000000000086
182 23.000000 22.000000 0.07811600000000000488
183 27.000000 25.000000 0.03902900000000000119
184 13.000000 11.000000 0.04086200000000000249
185 21.000000 19.000000 0.08638500000000000345
186 28.000000 25.000000 0.04762799999999999673
187 29.000000 25.000000 0.03487300000000000122
188 23.000000 21.000000 0.07487599999999999811
189 17.000000 13.000000 0.04182299999999999907
190 17.000000 17.000000 0.07736099999999999921
191 14.000000 14.000000 0.04104100000000000109
192 15.000000 13.000000 0.07605299999999999561
193 16.000000 16.000000 0.06276900000000000535
194 32.000000 28.000000 0.01636599999999999860
195 23.000000 20.000000 0.04570799999999999863
196 26.000000 26.000000 0.04770200000000000135
197 13.000000 13.000000 0.09486700000000000688
198 29.000000 29.000000 0.03853000000000000175
199 13.000000 12.000000 0.03803999999999999743
200 30.000000 27.000000 0.06338699999999999890
201 19.000000 19.000000 0.05826200000000000129
202 17.000000 17.000000 0.06830300000000000260
203 34.000000 32.000000 0.02647300000000000000
204 14.000000 14.000000 0.03418500000000000011
205 19.000000 18.000000 0.05504599999999999771
206 17.000000 17.000000 0.03475199999999999817
207 21.000000 21.000000 0.01975899999999999879
208 22.000000 21.000000 0.03840500000000000164
209 33.000000 31.000000 0.04232199999999999851
210 26.000000 22.000000 0.04511099999999999832
211 15.000000 15.000000 0.04524100000000000343
212 8.000000 8.000000 0.08601999999999999924
213 25.000000 21.000000 0.04492700000000000166
214 36.000000 32.000000 0.03494099999999999984
215 16.000000 16.000000 0.05651699999999999779
216 23.000000 23.000000 0.02042100000000000165
217 25.000000 22.000000 0.08626399999999999346
218 20.000000 16.000000 0.05433299999999999935
219 16.000000 16.000000 0.02565999999999999878
220 10.000000 10.000000 0.07860899999999999832
221 21.000000 21.000000 0.04491400000000000253
222 34.000000 29.000000 0.04902000000000000107
223 15.000000 15.000000 0.03984300000000000341
224 25.000000 22.000000 0.05428000000000000186
225 22.000000 18.000000 0.03327299999999999702
226 18.000000 18.000000 0.04352099999999999719
227 17.000000 17.000000 0.03013100000000000153
228 17.000000 15.000000 0.02002400000000000013
229 33.000000 31.000000 0.09063300000000000523
230 3.000000 3.000000 0.03870799999999999935
231 15.000000 15.000000 0.02288199999999999956
232 35.000000 31.000000 0.04338000000000000189
233 13.000000 12.000000 0.03937600000000000128
234 17.000000 17.000000 0.01625100000000000156
235 10.000000 10.000000 0.06105900000000000216
236 15.000000 14.000000 0.04013699999999999907
237 19.000000 18.000000 0.05730299999999999977
238 12.000000 11.000000 0.04090799999999999992
239 21.000000 19.000000 0.02039099999999999940
240 28.000000 26.000000 0.02774799999999999836
241 19.000000 17.000000 0.03173900000000000332
242 33.000000 31.000000 0.03422800000000000148
243 21.000000 20.000000 0.04433200000000000335
244 17.000000 16.000000 0.04074300000000000144
245 6.000000 6.000000 0.03762900000000000272
246 16.000000 14.000000 0.05075999999999999956
247 32.000000 30.000000 0.02322199999999999959
248 13.000000 13.000000 0.03653300000000000297
249 32.000000 28.000000 0.01499699999999999991
250 27.000000 25.000000 0.06302699999999999969
251 16.000000 15.000000 0.04545799999999999841
252 19.000000 17.000000 0.06767600000000000005
253 10.000000 10.000000 0.04408100000000000213
254 3.000000 3.000000 0.07899000000000000465
255 22.000000 22.000000 0.06583999999999999575
256 23.000000 22.000000 0.04961499999999999938
257 17.000000 16.000000 0.04985099999999999948
258 23.000000 20.000000 0.07129699999999999926
259 15.000000 15.000000 0.01575999999999999970
260 23.000000 20.000000 0.07919299999999999951
261 27.000000 26.000000 0.04062600000000000239
262 23.000000 21.000000 0.03506700000000000095
263 23.000000 22.000000 0.03459299999999999875
264 13.000000 13.000000 0.10274899999999999312
265 15.000000 15.000000 0.03765299999999999897
266 32.000000 28.000000 0.05659299999999999747
267 19.000000 19.000000 0.08877000000000000168
268 19.000000 19.000000 0.07372499999999999887
269 15.000000 15.000000 0.06651899999999999480
270 15.000000 12.000000 0.05509800000000000114
271 28.000000 26.000000 0.03728499999999999870
272 13.000000 12.000000 0.03305899999999999811
273 23.000000 23.000000 0.08067599999999999771
274 35.000000 32.000000 0.08025899999999999701
275 17.000000 17.000000 0.07088400000000000256
276 18.000000 17.000000 0.07948700000000000210
277 38.000000 36.000000 0.05351700000000000207
278 34.000000 28.000000 0.04281200000000000283
279 16.000000 16.000000 0.03006899999999999851
280 14.000000 13.000000 0.04657000000000000028
281 31.000000 28.000000 0.05312299999999999661
282 34.000000 32.000000 0.06976799999999999669
283 46.000000 39.000000 0.04501499999999999946
284 18.000000 15.000000 0.04003500000000000114
285 14.000000 14.000000 0.04020599999999999868
286 25.000000 24.000000 0.05410600000000000132
287 14.000000 14.000000 0.03834599999999999814
288 14.000000 14.000000 0.08629699999999999871
289 15.000000 13.000000 0.06651999999999999580
290 20.000000 18.000000 0.11780999999999999805
291 10.000000 9.000000 0.10029299999999999327
292 19.000000 19.000000 0.02031600000000000072
293 17.000000 17.000000 0.03334000000000000158
294 25.000000 23.000000 0.01962099999999999955
295 21.000000 21.000000 0.03121000000000000163
296 19.000000 19.000000 0.03547499999999999959
297 7.000000 7.000000 0.07306999999999999607
298 20.000000 20.000000 0.09258099999999999663
299 25.000000 22.000000 0.09385400000000000686
300 28.000000 26.000000 0.05951000000000000040
301 21.000000 19.000000 0.03468099999999999655
302 23.000000 21.000000 0.03314799999999999691
303 40.000000 35.000000 0.09151199999999999612
304 30.000000 28.000000 0.05696099999999999774
305 26.000000 25.000000 0.04728700000000000264
306 5.000000 5.000000 0.04229200000000000320
307 29.000000 25.000000 0.03998199999999999671
308 5.000000 5.000000 0.04907399999999999957
309 14.000000 14.000000 0.04449000000000000177
310 11.000000 11.000000 0.05759399999999999936
311 48.000000 46.000000 0.02260600000000000109
312 22.000000 19.000000 0.04354899999999999743
313 14.000000 13.000000 0.05423599999999999949
314 16.000000 16.000000 0.05350699999999999901
315 35.000000 32.000000 0.02933099999999999943
316 26.000000 26.000000 0.09421300000000000507
317 11.000000 11.000000 0.14677200000000001356
318 19.000000 18.000000 0.10489400000000000113
319 26.000000 26.000000 0.12347500000000000142
320 12.000000 10.000000 0.07630399999999999683
321 8.000000 8.000000 0.05693600000000000050
322 22.000000 21.000000 0.07017199999999999827
323 17.000000 13.000000 0.05907699999999999757
324 10.000000 10.000000 0.02192600000000000104
325 20.000000 19.000000 0.08070599999999999996
326 25.000000 22.000000 0.08665200000000000680
327 20.000000 17.000000 0.07516200000000000658
328 14.000000 14.000000 0.03901600000000000207
329 24.000000 22.000000 0.03818300000000000166
330 19.000000 19.000000 0.05125600000000000295
331 30.000000 25.000000 0.06773999999999999466
332 18.000000 17.000000 0.03347699999999999981
333 18.000000 17.000000 0.08551899999999999780
334 19.000000 19.000000 0.07612299999999999622
335 25.000000 23.000000 0.11132799999999999641
336 8.000000 8.000000 0.04645500000000000324
337 21.000000 18.000000 0.04006599999999999745
338 10.000000 10.000000 0.05598100000000000298
339 20.000000 17.000000 0.06655600000000000405
340 29.000000 22.000000 0.05327400000000000191
341 11.000000 10.000000 0.04472799999999999693
342 22.000000 21.000000 0.02937400000000000080
343 12.000000 12.000000 0.05003500000000000308
344 18.000000 17.000000 0.04979999999999999705
345 7.000000 7.000000 0.07446300000000000141
346 30.000000 27.000000 0.09292799999999999672
347 32.000000 29.000000 0.05074900000000000244
348 16.000000 14.000000 0.03667000000000000121
349 15.000000 13.000000 0.04875299999999999773
350 20.000000 19.000000 0.05573800000000000282
351 22.000000 22.000000 0.02696000000000000132
352 7.000000 7.000000 0.02514100000000000015
353 33.000000 31.000000 0.02171599999999999919
354 30.000000 29.000000 0.02443899999999999892
355 6.000000 6.000000 0.03670099999999999751
356 15.000000 13.000000 0.03901700000000000307
357 17.000000 17.000000 0.02422200000000000047
358 27.000000 22.000000 0.02808400000000000132
359 30.000000 27.000000 0.02010199999999999834
360 21.000000 18.000000 0.03901099999999999707
361 19.000000 19.000000 0.02801700000000000024
362 17.000000 17.000000 0.03258099999999999885
363 39.000000 37.000000 0.02303799999999999945
364 17.000000 15.000000 0.03074500000000000149
365 18.000000 15.000000 0.03046000000000000096
366 41.000000 36.000000 0.02565600000000000172
367 10.000000 10.000000 0.04303599999999999787
368 28.000000 26.000000 0.04310100000000000042
369 11.000000 10.000000 0.04548300000000000259
370 23.000000 21.000000 0.05025999999999999912
371 10.000000 8.000000 0.05607299999999999784
372 17.000000 16.000000 0.07250800000000000300
373 39.000000 36.000000 0.03021300000000000027
374 10.000000 10.000000 0.05366100000000000037
375 20.000000 16.000000 0.08973499999999999532
376 30.000000 28.000000 0.07352300000000000502
377 14.000000 14.000000 0.08288900000000000434
378 16.000000 14.000000 0.06543100000000000305
379 22.000000 21.000000 0.07305699999999999694
380 36.000000 36.000000 0.04825900000000000328
381 8.000000 8.000000 0.10924300000000000677
382 18.000000 17.000000 0.06198700000000000043
383 23.000000 20.000000 0.05155699999999999866
384 35.000000 34.000000 0.03388100000000000139
385 16.000000 16.000000 0.02954100000000000129
386 22.000000 21.000000 0.03827900000000000053
387 21.000000 21.000000 0.03817799999999999666
388 12.000000 10.000000 0.06030400000000000343
389 15.000000 14.000000 0.02078100000000000086
390 11.000000 11.000000 0.07955700000000000272
391 14.000000 14.000000 0.13867799999999999572
392 23.000000 23.000000 0.03842399999999999982
393 34.000000 29.000000 0.09012299999999999478
394 13.000000 12.000000 0.04829499999999999765
395 9.000000 9.000000 0.06912500000000000588
396 20.000000 18.000000 0.07444000000000000616
397 23.000000 23.000000 0.04758199999999999930
398 15.000000 14.000000 0.10582800000000000540
399 11.000000 11.000000 0.06112399999999999778
400 22.000000 21.000000 0.04492700000000000166
401 18.000000 18.000000 0.05207599999999999729
402 25.000000 24.000000 0.02674100000000000088
403 23.000000 23.000000 0.02737900000000000056
404 32.000000 30.000000 0.03142600000000000254
405 28.000000 26.000000 0.02669699999999999851
406 44.000000 43.000000 0.02928800000000000153
407 30.000000 26.000000 0.03633399999999999824
408 12.000000 12.000000 0.02373600000000000015
409 17.000000 16.000000 0.04708099999999999785
410 26.000000 21.000000 0.03162899999999999739
411 15.000000 13.000000 0.03104799999999999921
412 11.000000 11.000000 0.04457699999999999857
413 10.000000 10.000000 0.05520200000000000107
414 15.000000 15.000000 0.04084000000000000130
415 20.000000 17.000000 0.05344999999999999751
416 28.000000 27.000000 0.02684500000000000081
417 27.000000 27.000000 0.02054999999999999882
418 24.000000 24.000000 0.03643300000000000011
419 17.000000 15.000000 0.02370799999999999991
420 10.000000 10.000000 0.02536000000000000060
