1 32.000000 27.000000 0.48522199999999998665
2 71.000000 66.000000 0.14982500000000001372
3 67.000000 54.000000 0.16486999999999998878
4 25.000000 25.000000 0.22361600000000000921
5 44.000000 39.000000 0.22188900000000000290
6 21.000000 18.000000 0.19421599999999999975
7 15.000000 15.000000 0.16383300000000000640
8 22.000000 22.000000 0.22181600000000001316
9 59.000000 52.000000 0.11118699999999999417
10 58.000000 50.000000 0.07435200000000000142
11 34.000000 31.000000 0.14488799999999998902
12 23.000000 21.000000 0.21316599999999999437
13 40.000000 40.000000 0.25613399999999997281
14 30.000000 30.000000 0.17621999999999998776
15 54.000000 51.000000 0.18337999999999998746
16 22.000000 20.000000 0.22698899999999999633
17 17.000000 15.000000 0.42984299999999997510
18 38.000000 34.000000 0.32581799999999999651
19 69.000000 62.000000 0.26839800000000002544
20 48.000000 48.000000 0.20464799999999999658
21 68.000000 63.000000 0.06802700000000000413
22 43.000000 41.000000 0.24417300000000000115
23 26.000000 26.000000 0.45420800000000000063
24 50.000000 41.000000 0.14453900000000000081
25 16.000000 16.000000 0.14940400000000000902
26 28.000000 28.000000 0.24228199999999999736
27 45.000000 44.000000 0.17620099999999999651
28 64.000000 53.000000 0.25301000000000001267
29 42.000000 42.000000 0.09163100000000000411
30 17.000000 15.000000 0.24997400000000000175
31 73.000000 65.000000 0.11014699999999999491
32 32.000000 28.000000 0.19059899999999999065
33 42.000000 36.000000 0.07325500000000000067
34 36.000000 36.000000 0.07622900000000000509
35 54.000000 47.000000 0.21773300000000000987
36 35.000000 30.000000 0.30230600000000001915
37 76.000000 74.000000 0.07348000000000000365
38 51.000000 47.000000 0.32856000000000001871
39 47.000000 43.000000 0.16487499999999999378
40 56.000000 49.000000 0.08448200000000000154
41 55.000000 49.000000 0.07983700000000000518
42 10.000000 10.000000 0.22317200000000000926
43 42.000000 38.000000 0.10359400000000000552
44 32.000000 29.000000 0.11384600000000000275
45 41.000000 39.000000 0.14608099999999998864
46 47.000000 47.000000 0.12313000000000000334
47 57.000000 53.000000 0.14083899999999999197
48 26.000000 26.000000 0.18009000000000000008
49 32.000000 32.000000 0.24075399999999999578
50 42.000000 38.000000 0.17510400000000000964
51 64.000000 60.000000 0.06318999999999999617
52 97.000000 89.000000 0.08054899999999999560
53 62.000000 57.000000 0.11108500000000000318
54 23.000000 23.000000 0.07031400000000000150
55 38.000000 38.000000 0.15342500000000000582
56 80.000000 67.000000 0.05877000000000000279
57 38.000000 36.000000 0.29820699999999999985
58 38.000000 35.000000 0.10027600000000000402
59 42.000000 42.000000 0.20526800000000000601
60 56.000000 48.000000 0.14406099999999999461
61 21.000000 20.000000 0.17066000000000000614
62 38.000000 37.000000 0.10165299999999999336
63 44.000000 39.000000 0.11852300000000000335
64 57.000000 51.000000 0.12794099999999999917
65 26.000000 22.000000 0.12856200000000000960
66 19.000000 18.000000 0.08132200000000000539
67 8.000000 8.000000 0.21406600000000000628
68 57.000000 50.000000 0.09362900000000000389
69 56.000000 54.000000 0.18136499999999999844
70 35.000000 34.000000 0.12891299999999999981
71 28.000000 28.000000 0.08854099999999999471
72 51.000000 44.000000 0.13287599999999999412
73 49.000000 45.000000 0.19572600000000001108
74 24.000000 24.000000 0.13216900000000000870
75 63.000000 56.000000 0.12449399999999999356
76 60.000000 56.000000 0.06892800000000000316
77 85.000000 76.000000 0.06180599999999999983
78 21.000000 20.000000 0.20078199999999998826
79 65.000000 60.000000 0.10505899999999999961
80 55.000000 51.000000 0.28913499999999997536
81 38.000000 38.000000 0.13429900000000000171
82 39.000000 38.000000 0.21089199999999999613
83 74.000000 67.000000 0.10778899999999999593
84 33.000000 31.000000 0.10640199999999999658
85 44.000000 39.000000 0.14586799999999999766
86 28.000000 28.000000 0.12616900000000000337
87 44.000000 42.000000 0.54390400000000005409
88 67.000000 56.000000 0.19325800000000001311
89 28.000000 26.000000 0.26987699999999997802
90 56.000000 52.000000 0.27721000000000001195
91 38.000000 38.000000 0.12654399999999998983
92 22.000000 21.000000 0.19849400000000000377
93 46.000000 42.000000 0.04715199999999999947
94 49.000000 47.000000 0.12320299999999999307
95 29.000000 29.000000 0.25395600000000001506
96 33.000000 33.000000 0.12228100000000000080
97 24.000000 24.000000 0.21778500000000000636
98 57.000000 53.000000 0.21638399999999999301
99 31.000000 30.000000 0.22463099999999999734
100 53.000000 49.000000 0.26030100000000000460
101 40.000000 37.000000 0.40454200000000001269
102 62.000000 48.000000 0.08682499999999999940
103 9.000000 8.000000 0.21811900000000000732
104 35.000000 33.000000 0.22271900000000000031
105 47.000000 44.000000 0.14425399999999999334
106 59.000000 53.000000 0.03174199999999999938
107 36.000000 35.000000 0.32083200000000000607
108 60.000000 57.000000 0.13496500000000000163
109 39.000000 34.000000 0.46534199999999997788
110 92.000000 85.000000 0.08206499999999999906
111 12.000000 12.000000 0.31069600000000002771
112 35.000000 35.000000 0.40270299999999997764
113 48.000000 44.000000 0.14740500000000000824
114 27.000000 23.000000 0.28252899999999997460
115 24.000000 24.000000 0.22805000000000000271
116 28.000000 25.000000 0.12004099999999999493
117 35.000000 31.000000 0.20788699999999998846
118 46.000000 43.000000 0.06591500000000000137
119 30.000000 29.000000 0.05494899999999999785
120 41.000000 40.000000 0.18705299999999999705
121 49.000000 42.000000 0.07288799999999999446
122 34.000000 28.000000 0.23992299999999999738
123 39.000000 36.000000 0.02708100000000000090
124 61.000000 57.000000 0.21258299999999999419
125 90.000000 81.000000 0.02076599999999999974
126 75.000000 71.000000 0.02019299999999999914
127 41.000000 35.000000 0.08669000000000000317
128 62.000000 60.000000 0.13885600000000000720
129 49.000000 45.000000 0.18454000000000000958
130 59.000000 57.000000 0.18987599999999998923
131 36.000000 33.000000 0.33287200000000000122
132 54.000000 50.000000 0.19902400000000000646
133 46.000000 43.000000 0.08402900000000000647
134 59.000000 59.000000 0.27822599999999997333
135 21.000000 21.000000 0.23647899999999999476
136 49.000000 46.000000 0.18727599999999999802
137 31.000000 31.000000 0.23100599999999998913
138 34.000000 33.000000 0.12076299999999999535
139 41.000000 37.000000 0.04846600000000000213
140 55.000000 52.000000 0.05119699999999999945
141 34.000000 31.000000 0.19668900000000000272
142 24.000000 19.000000 0.19056799999999998740
143 37.000000 35.000000 0.19325800000000001311
144 32.000000 28.000000 0.37569099999999999717
145 33.000000 31.000000 0.28376400000000001622
146 91.000000 83.000000 0.05450900000000000190
147 73.000000 69.000000 0.08319300000000000306
148 76.000000 68.000000 0.13125700000000001255
149 69.000000 59.000000 0.13129899999999999904
150 36.000000 32.000000 0.09193500000000000283
151 61.000000 61.000000 0.08450299999999999478
152 26.000000 25.000000 0.22061800000000000854
153 35.000000 31.000000 0.14152100000000000790
154 42.000000 33.000000 0.15254300000000001192
155 32.000000 32.000000 0.03894399999999999945
156 48.000000 44.000000 0.16508000000000000451
157 38.000000 35.000000 0.21044399999999999218
158 63.000000 56.000000 0.17968100000000000738
159 45.000000 41.000000 0.10745799999999999796
160 40.000000 40.000000 0.31395400000000001084
161 35.000000 35.000000 0.07142500000000000238
162 29.000000 28.000000 0.13795699999999999630
163 28.000000 27.000000 0.20076600000000000001
164 38.000000 35.000000 0.37899800000000000155
165 37.000000 35.000000 0.06317300000000000693
166 72.000000 64.000000 0.04042300000000000060
167 26.000000 22.000000 0.30568699999999998651
168 67.000000 61.000000 0.16248999999999999555
169 85.000000 75.000000 0.05759700000000000236
170 61.000000 59.000000 0.06285899999999999821
171 67.000000 60.000000 0.04257400000000000073
172 61.000000 61.000000 0.02528000000000000039
173 31.000000 31.000000 0.17648500000000000298
174 56.000000 52.000000 0.06269299999999999873
175 80.000000 70.000000 0.05582399999999999862
176 79.000000 63.000000 0.07497800000000000298
177 79.000000 72.000000 0.17932300000000001017
178 57.000000 52.000000 0.02205500000000000169
179 31.000000 29.000000 0.26272000000000000908
180 78.000000 75.000000 0.03969600000000000212
181 15.000000 15.000000 0.20819499999999999118
182 48.000000 43.000000 0.25757600000000002716
183 58.000000 54.000000 0.12807799999999999740
184 34.000000 31.000000 0.43092700000000000449
185 66.000000 63.000000 0.04692999999999999949
186 41.000000 37.000000 0.20522099999999998676
187 33.000000 32.000000 0.10752699999999999758
188 76.000000 70.000000 0.06790200000000000402
189 49.000000 47.000000 0.07326100000000000667
190 27.000000 27.000000 0.25236900000000000999
191 36.000000 34.000000 0.15746499999999999386
192 32.000000 32.000000 0.08839199999999999835
193 28.000000 28.000000 0.15678400000000000669
194 62.000000 56.000000 0.10414099999999999746
195 46.000000 44.000000 0.20122799999999999021
196 31.000000 30.000000 0.14843600000000001238
197 70.000000 66.000000 0.13613600000000000700
198 60.000000 54.000000 0.19552800000000000735
199 17.000000 17.000000 0.42227500000000001146
200 44.000000 37.000000 0.07033599999999999575
201 63.000000 59.000000 0.05631099999999999994
202 57.000000 52.000000 0.08542099999999999693
203 56.000000 54.000000 0.10653799999999999382
204 17.000000 14.000000 0.21226900000000001323
205 20.000000 20.000000 0.13341200000000000281
206 32.000000 30.000000 0.16206100000000001060
207 73.000000 68.000000 0.13497100000000000763
208 39.000000 35.000000 0.20340300000000000047
209 16.000000 15.000000 0.13021399999999999642
210 70.000000 60.000000 0.08364399999999999613
211 41.000000 37.000000 0.18245200000000000307
212 57.000000 47.000000 0.14129600000000000493
213 51.000000 47.000000 0.13917799999999999616
214 52.000000 46.000000 0.15977500000000000036
215 38.000000 34.000000 0.29998599999999997490
216 30.000000 27.000000 0.11477099999999999802
217 73.000000 66.000000 0.25030799999999997496
218 46.000000 44.000000 0.28870099999999998541
219 66.000000 57.000000 0.07191899999999999682
220 45.000000 42.000000 0.09994300000000000406
221 46.000000 43.000000 0.11188900000000000234
222 43.000000 43.000000 0.07317500000000000393
223 43.000000 39.000000 0.09581800000000000039
224 32.000000 29.000000 0.37455899999999997529
225 58.000000 55.000000 0.10666599999999999693
226 46.000000 42.000000 0.09197800000000000420
227 73.000000 62.000000 0.07726900000000000435
228 41.000000 41.000000 0.05720999999999999697
229 53.000000 48.000000 0.06719999999999999585
230 48.000000 48.000000 0.12359000000000000541
231 42.000000 42.000000 0.16741300000000000625
232 52.000000 47.000000 0.11297400000000000497
233 48.000000 42.000000 0.23046400000000000219
234 52.000000 45.000000 0.13691400000000000792
235 33.000000 32.000000 0.14251900000000000679
236 73.000000 67.000000 0.04002900000000000208
237 15.000000 15.000000 0.29066100000000000270
238 25.000000 25.000000 0.18873400000000001286
239 68.000000 60.000000 0.11232000000000000317
240 45.000000 43.000000 0.12396799999999999486
241 47.000000 46.000000 0.08737300000000000622
242 66.000000 61.000000 0.13330700000000000882
243 8.000000 8.000000 0.18326200000000000823
244 49.000000 43.000000 0.07077700000000000657
245 42.000000 36.000000 0.13612399999999999500
246 57.000000 53.000000 0.04352500000000000119
247 26.000000 24.000000 0.16723299999999999277
248 66.000000 59.000000 0.08260399999999999687
249 65.000000 59.000000 0.04730199999999999683
250 54.000000 47.000000 0.39764599999999999946
251 46.000000 39.000000 0.30571300000000001251
252 41.000000 38.000000 0.17259900000000000242
253 66.000000 58.000000 0.12537699999999998846
254 51.000000 43.000000 0.57504500000000002835
255 24.000000 22.000000 0.45787699999999997846
256 24.000000 24.000000 0.12953000000000000624
257 25.000000 25.000000 0.39616600000000001813
258 55.000000 55.000000 0.12101699999999999957
259 38.000000 35.000000 0.50094600000000000239
260 49.000000 43.000000 0.19406000000000001027
261 69.000000 66.000000 0.10713499999999999412
262 28.000000 28.000000 0.40864200000000000523
263 62.000000 56.000000 0.20924200000000001132
264 38.000000 33.000000 0.28169499999999997319
265 28.000000 26.000000 0.23352700000000001235
266 56.000000 51.000000 0.03876999999999999891
267 33.000000 33.000000 0.27539799999999997615
268 81.000000 74.000000 0.06900799999999999990
269 18.000000 18.000000 0.15400600000000000400
270 27.000000 26.000000 0.17737500000000000488
271 21.000000 17.000000 0.14652899999999999259
272 64.000000 57.000000 0.04340100000000000208
273 58.000000 53.000000 0.10591499999999999526
274 50.000000 47.000000 0.14728099999999999525
275 73.000000 70.000000 0.21702699999999999769
276 63.000000 59.000000 0.15218799999999998995
277 22.000000 22.000000 0.21421899999999999276
278 32.000000 32.000000 0.16952300000000000701
279 65.000000 61.000000 0.17458299999999998819
280 60.000000 56.000000 0.16835400000000000365
281 38.000000 35.000000 0.12092700000000000671
282 36.000000 32.000000 0.34001100000000000767
283 27.000000 24.000000 0.20340199999999999947
284 60.000000 57.000000 0.04085500000000000242
285 61.000000 57.000000 0.11859000000000000097
286 52.000000 49.000000 0.05085499999999999743
287 77.000000 64.000000 0.07050399999999999723
288 31.000000 30.000000 0.22026799999999999158
289 61.000000 53.000000 0.07856799999999999895
290 39.000000 37.000000 0.04399299999999999738
291 28.000000 25.000000 0.27607199999999998408
292 45.000000 42.000000 0.17139399999999999080
293 51.000000 48.000000 0.01892399999999999985
294 43.000000 43.000000 0.14997599999999999820
295 64.000000 51.000000 0.07676199999999999690
296 41.000000 39.000000 0.19876900000000000124
297 24.000000 24.000000 0.02323800000000000171
298 43.000000 38.000000 0.14522199999999998998
299 19.000000 19.000000 0.13152500000000000302
300 13.000000 13.000000 0.16518299999999999650
301 45.000000 43.000000 0.19101199999999998735
302 59.000000 51.000000 0.12421799999999999509
303 46.000000 44.000000 0.09701300000000000201
304 4.000000 4.000000 0.40069199999999999262
305 46.000000 43.000000 0.18220700000000000784
306 58.000000 55.000000 0.10537000000000000532
307 77.000000 68.000000 0.06938099999999999823
308 41.000000 35.000000 0.24234900000000000886
309 33.000000 32.000000 0.10278600000000000236
310 91.000000 83.000000 0.09507400000000000573
311 60.000000 55.000000 0.07857799999999999507
312 40.000000 36.000000 0.09847799999999999609
313 49.000000 45.000000 0.17891999999999999571
314 62.000000 56.000000 0.07123000000000000165
315 52.000000 47.000000 0.04118999999999999745
316 92.000000 86.000000 0.03073199999999999890
317 28.000000 28.000000 0.15695300000000000917
318 59.000000 56.000000 0.07085199999999999831
319 37.000000 35.000000 0.06141699999999999937
320 54.000000 51.000000 0.10675400000000000167
321 49.000000 41.000000 0.05587700000000000305
322 41.000000 40.000000 0.21537899999999998712
323 65.000000 58.000000 0.21404999999999999027
324 88.000000 78.000000 0.07428800000000000681
325 35.000000 30.000000 0.20402000000000000690
326 84.000000 70.000000 0.08491600000000000537
327 22.000000 22.000000 0.12428100000000000258
328 41.000000 36.000000 0.12663199999999999457
329 37.000000 37.000000 0.15153400000000000203
330 36.000000 34.000000 0.14870400000000000285
331 34.000000 34.000000 0.05805199999999999944
332 9.000000 9.000000 0.18265600000000001280
333 66.000000 61.000000 0.09187900000000000234
334 24.000000 20.000000 0.14530499999999998972
335 35.000000 33.000000 0.11948100000000000387
336 66.000000 61.000000 0.11781800000000000606
337 25.000000 25.000000 0.16666900000000001159
338 64.000000 57.000000 0.14944699999999999651
339 43.000000 43.000000 0.13014700000000001268
340 18.000000 18.000000 0.11320299999999999807
341 35.000000 34.000000 0.33716000000000001524
342 12.000000 12.000000 0.16996600000000000597
343 64.000000 58.000000 0.11434500000000000219
344 66.000000 62.000000 0.10145600000000000451
345 51.000000 45.000000 0.10846799999999999498
346 43.000000 37.000000 0.49410100000000001241
347 55.000000 50.000000 0.10548899999999999944
348 46.000000 43.000000 0.33659800000000000830
349 56.000000 53.000000 0.11429499999999999382
350 27.000000 26.000000 0.10196399999999999908
351 49.000000 47.000000 0.18547900000000000498
352 64.000000 59.000000 0.08774300000000000155
353 36.000000 34.000000 0.18004700000000001259
354 37.000000 37.000000 0.11738400000000000223
355 101.000000 89.000000 0.05975199999999999956
356 10.000000 9.000000 0.16927000000000000379
357 58.000000 53.000000 0.11362600000000000477
358 82.000000 82.000000 0.15703500000000000791
359 29.000000 27.000000 0.34700300000000000589
360 42.000000 35.000000 0.22554799999999999849
361 35.000000 34.000000 0.13574800000000000755
362 65.000000 64.000000 0.05449600000000000277
363 52.000000 50.000000 0.18611800000000000566
364 38.000000 36.000000 0.14668100000000000582
365 8.000000 8.000000 0.21281100000000000017
366 46.000000 46.000000 0.05910800000000000082
367 35.000000 32.000000 0.17699500000000001343
368 17.000000 16.000000 0.23890600000000000724
369 49.000000 47.000000 0.12526699999999998947
370 34.000000 33.000000 0.19372300000000000630
371 53.000000 48.000000 0.08941000000000000336
372 20.000000 20.000000 0.12951599999999999224
373 3.000000 3.000000 0.23091300000000000714
374 60.000000 53.000000 0.19075700000000000989
375 46.000000 42.000000 0.13020100000000001117
376 15.000000 12.000000 0.13574900000000000855
377 40.000000 39.000000 0.15183299999999999574
378 34.000000 32.000000 0.13546900000000000608
379 42.000000 38.000000 0.17286899999999999489
380 75.000000 65.000000 0.19034699999999998843
381 66.000000 59.000000 0.22154399999999999094
382 36.000000 33.000000 0.07194599999999999607
383 80.000000 71.000000 0.03978399999999999992
384 66.000000 58.000000 0.04724600000000000327
385 95.000000 92.000000 0.02600299999999999834
386 47.000000 44.000000 0.13008000000000000118
387 49.000000 47.000000 0.10573799999999999866
388 30.000000 28.000000 0.13804099999999999704
389 22.000000 22.000000 0.13624900000000000899
390 15.000000 15.000000 0.28072000000000002506
391 77.000000 73.000000 0.08336899999999999866
392 48.000000 41.000000 0.13668299999999999894
393 29.000000 28.000000 0.12397700000000000387
394 25.000000 25.000000 0.14339499999999999469
395 54.000000 54.000000 0.04025700000000000112
396 55.000000 48.000000 0.20691799999999999082
397 67.000000 62.000000 0.25057899999999999618
398 50.000000 43.000000 0.11341900000000000592
399 62.000000 54.000000 0.12967600000000001348
400 54.000000 52.000000 0.18424399999999999111
401 78.000000 73.000000 0.05333299999999999846
402 65.000000 60.000000 0.14383999999999999564
403 64.000000 59.000000 0.18519800000000000151
404 57.000000 53.000000 0.04098600000000000160
405 77.000000 67.000000 0.10692400000000000515
406 74.000000 64.000000 0.11730100000000000249
407 67.000000 57.000000 0.06696799999999999975
408 34.000000 32.000000 0.15558099999999999707
409 55.000000 50.000000 0.21321200000000001262
410 61.000000 51.000000 0.16334000000000001296
411 43.000000 43.000000 0.20409700000000000064
412 43.000000 41.000000 0.13269700000000000939
413 26.000000 25.000000 0.18258199999999999430
414 25.000000 23.000000 0.05355499999999999844
415 27.000000 25.000000 0.03521400000000000224
416 72.000000 58.000000 0.02083300000000000082
417 51.000000 47.000000 0.18035499999999998755
418 88.000000 76.000000 0.03603499999999999759
419 44.000000 42.000000 0.17983099999999999086
420 66.000000 62.000000 0.09139799999999999314
