1 53.000000 51.000000 1.33986500000000008370
2 164.000000 146.000000 0.20219000000000000861
3 90.000000 85.000000 0.74476600000000003909
4 80.000000 75.000000 0.89557299999999995244
5 56.000000 56.000000 1.15943700000000005090
6 126.000000 123.000000 0.95062400000000002454
7 172.000000 156.000000 0.30190899999999998293
8 80.000000 76.000000 0.11239200000000000579
9 64.000000 54.000000 1.24036300000000010435
10 92.000000 89.000000 1.05957499999999993356
11 60.000000 59.000000 1.33375700000000008139
12 109.000000 106.000000 0.85426100000000004808
13 61.000000 56.000000 2.08170000000000010587
14 111.000000 104.000000 0.52426399999999995227
15 149.000000 129.000000 0.28184399999999998343
16 46.000000 45.000000 1.80432199999999998141
17 51.000000 46.000000 1.72504999999999997229
18 104.000000 88.000000 0.67113000000000000433
19 92.000000 89.000000 1.13357100000000010631
20 135.000000 122.000000 0.67367299999999996629
21 93.000000 88.000000 0.78671800000000002839
22 54.000000 47.000000 1.47681799999999996409
23 46.000000 42.000000 1.09153199999999994674
24 53.000000 47.000000 1.03689399999999998236
25 80.000000 79.000000 1.06256900000000009676
26 114.000000 102.000000 0.53932500000000005436
27 72.000000 65.000000 0.65044199999999996464
28 150.000000 139.000000 0.16280800000000000827
29 81.000000 74.000000 0.89177300000000003788
30 102.000000 94.000000 0.72673399999999999110
31 75.000000 68.000000 0.57740599999999997483
32 210.000000 179.000000 0.13982100000000000084
33 136.000000 117.000000 0.45711499999999999355
34 26.000000 22.000000 1.56524299999999993993
35 91.000000 86.000000 1.12558500000000005770
36 31.000000 31.000000 0.93820999999999998842
37 100.000000 93.000000 0.78949400000000002908
38 91.000000 90.000000 0.57227600000000000691
39 85.000000 75.000000 0.18441399999999999459
40 89.000000 81.000000 0.96637099999999998001
41 138.000000 120.000000 0.88710100000000002840
42 85.000000 73.000000 0.43906400000000000983
43 81.000000 79.000000 0.63369699999999995477
44 126.000000 116.000000 0.69841799999999998327
45 23.000000 21.000000 1.17024100000000008670
46 72.000000 69.000000 0.85149799999999997713
47 91.000000 91.000000 0.20800199999999999245
48 49.000000 46.000000 1.52688599999999996548
49 79.000000 75.000000 0.28468700000000002337
50 70.000000 70.000000 0.66384399999999998965
51 103.000000 91.000000 1.67545900000000003160
52 155.000000 136.000000 0.41562599999999999545
53 76.000000 70.000000 1.29824099999999997834
54 99.000000 93.000000 0.38314700000000001534
55 77.000000 77.000000 0.37899599999999999955
56 172.000000 153.000000 0.29943399999999997796
57 38.000000 32.000000 1.37730400000000008376
58 71.000000 63.000000 0.25290400000000001768
59 168.000000 161.000000 0.12992999999999998995
60 113.000000 104.000000 0.76360300000000003173
61 117.000000 105.000000 1.37483399999999988950
62 86.000000 74.000000 5.77240500000000000824
63 149.000000 144.000000 0.21477799999999999669
64 108.000000 106.000000 0.79403500000000004633
65 98.000000 84.000000 0.32368099999999999650
66 165.000000 150.000000 0.10234600000000000641
67 45.000000 42.000000 1.16852899999999992886
68 83.000000 78.000000 0.75989799999999996238
69 110.000000 99.000000 0.50412400000000001654
70 95.000000 82.000000 1.02163200000000009560
71 71.000000 70.000000 0.78676500000000004764
72 72.000000 72.000000 0.09604799999999999449
73 82.000000 78.000000 1.11728399999999994385
74 97.000000 95.000000 0.35978900000000002546
75 79.000000 69.000000 0.49685800000000002186
76 138.000000 124.000000 0.40880100000000002547
77 45.000000 43.000000 0.49494199999999999307
78 107.000000 95.000000 0.24302899999999999503
79 95.000000 91.000000 0.65239400000000002944
80 110.000000 106.000000 1.53849700000000000344
81 90.000000 87.000000 0.45393899999999998141
82 62.000000 56.000000 1.56163099999999999135
83 117.000000 105.000000 1.13836500000000007127
84 103.000000 88.000000 1.79723300000000008048
85 20.000000 20.000000 1.22005999999999992234
86 56.000000 53.000000 0.90255200000000002092
87 96.000000 89.000000 0.50248300000000001297
88 115.000000 109.000000 0.36403000000000002023
89 70.000000 67.000000 0.18206500000000000461
90 96.000000 90.000000 0.93802200000000002245
91 154.000000 138.000000 0.34831099999999998174
92 55.000000 53.000000 0.43019400000000002082
93 172.000000 160.000000 1.28437599999999996214
94 129.000000 119.000000 0.12410000000000000198
95 72.000000 72.000000 0.01893699999999999897
96 104.000000 99.000000 1.63275100000000006339
97 94.000000 87.000000 0.76279300000000005433
98 89.000000 82.000000 0.37216700000000002557
99 73.000000 67.000000 0.68761600000000000499
100 114.000000 104.000000 1.00109200000000009290
101 133.000000 126.000000 0.50422699999999998077
102 111.000000 107.000000 0.03268100000000000172
103 124.000000 102.000000 0.92047199999999995690
104 41.000000 37.000000 0.85734100000000001973
105 79.000000 76.000000 0.56465100000000001401
106 66.000000 64.000000 0.83108000000000004093
107 104.000000 99.000000 0.22264400000000000857
108 122.000000 114.000000 0.65420599999999995422
109 118.000000 107.000000 0.81665500000000001979
110 48.000000 45.000000 1.72810700000000005971
111 109.000000 95.000000 0.38621100000000002650
112 56.000000 53.000000 2.25607200000000007734
113 86.000000 70.000000 1.90327599999999996783
114 48.000000 44.000000 0.86117699999999997029
115 98.000000 88.000000 0.49968000000000001304
116 33.000000 29.000000 0.11486599999999999588
117 55.000000 55.000000 1.02394199999999990780
118 63.000000 56.000000 2.23076400000000019119
119 96.000000 88.000000 2.06065100000000001046
120 77.000000 70.000000 0.74380500000000004945
121 64.000000 57.000000 0.99533899999999997377
122 107.000000 100.000000 1.54334499999999996689
123 157.000000 139.000000 0.32400099999999998346
124 103.000000 93.000000 1.85354799999999997340
125 71.000000 71.000000 0.72262300000000001532
126 59.000000 52.000000 1.62437900000000001732
127 70.000000 65.000000 0.81800399999999995337
128 146.000000 131.000000 0.75877600000000000602
129 143.000000 127.000000 1.02915299999999998448
130 107.000000 90.000000 1.03386299999999997645
131 120.000000 116.000000 0.34700199999999997713
132 87.000000 79.000000 0.23646300000000000652
133 52.000000 47.000000 1.08552000000000004043
134 106.000000 97.000000 1.07985500000000000931
135 127.000000 124.000000 0.72435899999999997512
136 25.000000 24.000000 1.86207600000000006446
137 60.000000 59.000000 1.19906200000000007222
138 87.000000 81.000000 0.57799599999999995426
139 96.000000 89.000000 0.56962199999999996169
140 116.000000 101.000000 2.00941899999999984416
141 65.000000 65.000000 1.42256200000000010419
142 124.000000 120.000000 0.33684700000000000752
143 113.000000 111.000000 0.96303600000000000314
144 122.000000 113.000000 0.50046000000000001595
145 167.000000 142.000000 0.55076300000000000257
146 92.000000 84.000000 0.96054499999999998217
147 40.000000 35.000000 0.93710899999999996979
148 123.000000 116.000000 0.31224200000000001953
149 123.000000 111.000000 0.57274999999999998135
150 109.000000 99.000000 0.83481399999999994499
151 75.000000 70.000000 1.44645899999999993923
152 74.000000 70.000000 1.44062899999999993739
153 143.000000 128.000000 0.48387099999999999556
154 100.000000 96.000000 0.84731599999999995809
155 83.000000 80.000000 0.47449400000000002686
156 53.000000 53.000000 0.11030500000000000027
157 66.000000 63.000000 0.77867699999999995253
158 112.000000 95.000000 1.31321400000000010344
159 95.000000 87.000000 1.54575799999999996537
160 87.000000 85.000000 0.88870400000000004948
161 182.000000 164.000000 0.81280300000000005323
162 29.000000 28.000000 0.53432100000000004592
163 122.000000 112.000000 0.13194800000000000972
164 59.000000 58.000000 1.53175100000000008471
165 59.000000 59.000000 0.41890100000000002334
166 83.000000 76.000000 0.78386500000000003396
167 136.000000 122.000000 1.20610100000000008968
168 79.000000 72.000000 1.93014899999999989255
169 114.000000 106.000000 0.33149699999999998612
170 137.000000 124.000000 0.38309300000000001685
171 55.000000 54.000000 1.09020199999999989338
172 81.000000 70.000000 0.47373999999999999444
173 84.000000 81.000000 0.71830600000000000005
174 123.000000 120.000000 0.21966399999999999815
175 101.000000 94.000000 0.69687799999999999745
176 86.000000 80.000000 0.61873199999999994869
177 98.000000 92.000000 0.35906599999999999628
178 56.000000 52.000000 0.79171700000000000408
179 87.000000 74.000000 0.78340799999999999326
180 51.000000 49.000000 0.86333999999999999631
181 139.000000 130.000000 0.68024200000000001332
182 117.000000 106.000000 0.60748800000000002797
183 130.000000 117.000000 0.52339700000000000113
184 132.000000 118.000000 0.92206699999999996997
185 64.000000 59.000000 0.75698399999999999022
186 97.000000 89.000000 0.48678500000000002323
187 69.000000 64.000000 1.03150000000000008349
188 117.000000 111.000000 0.94803000000000003933
189 55.000000 51.000000 0.56854400000000004933
190 63.000000 59.000000 1.11172500000000007425
191 93.000000 91.000000 0.83392800000000000260
192 86.000000 82.000000 0.93826500000000001567
193 90.000000 85.000000 0.69652899999999995373
194 138.000000 127.000000 0.55041399999999995885
195 120.000000 108.000000 1.03574399999999999800
196 84.000000 76.000000 0.50248199999999998422
197 84.000000 77.000000 0.67016799999999998594
198 63.000000 61.000000 1.08471999999999990649
199 73.000000 72.000000 1.10676799999999997404
200 124.000000 120.000000 0.58671200000000001129
201 109.000000 105.000000 0.42504300000000000415
202 52.000000 44.000000 2.67913300000000020873
203 118.000000 111.000000 0.39184700000000000086
204 137.000000 125.000000 0.77756999999999998341
205 94.000000 85.000000 0.60224100000000002630
206 115.000000 111.000000 0.36888799999999999368
207 117.000000 109.000000 0.85970100000000004847
208 109.000000 101.000000 0.61177899999999996172
209 50.000000 46.000000 1.40039899999999994940
210 108.000000 103.000000 1.36995000000000000107
211 96.000000 91.000000 0.50330399999999997362
212 32.000000 31.000000 1.23196499999999997677
213 161.000000 144.000000 0.42242499999999999494
214 84.000000 82.000000 1.06328099999999992065
215 42.000000 41.000000 0.74007599999999995610
216 84.000000 76.000000 0.71369000000000004658
217 87.000000 77.000000 0.50126000000000003887
218 105.000000 100.000000 0.76646000000000003016
219 48.000000 48.000000 1.08681999999999989726
220 62.000000 62.000000 0.01437599999999999989
221 47.000000 47.000000 0.66467200000000004056
222 77.000000 75.000000 1.45520699999999991725
223 134.000000 115.000000 0.53234800000000004339
224 101.000000 97.000000 0.14110500000000000820
225 150.000000 134.000000 0.32524300000000000432
226 43.000000 41.000000 0.91702700000000003655
227 143.000000 134.000000 0.31211800000000000654
228 149.000000 132.000000 0.32287599999999999634
229 146.000000 135.000000 0.81622899999999998233
230 70.000000 67.000000 1.67399600000000003952
231 105.000000 96.000000 0.54996500000000003716
232 61.000000 55.000000 1.49555100000000007476
233 64.000000 63.000000 1.19788500000000008860
234 80.000000 77.000000 0.90371199999999995978
235 63.000000 56.000000 1.12261900000000003352
236 86.000000 79.000000 1.25532899999999991714
237 84.000000 84.000000 0.86625600000000002598
238 107.000000 98.000000 0.96754099999999998438
239 67.000000 57.000000 1.17817599999999989002
240 132.000000 112.000000 0.98780900000000004813
241 44.000000 41.000000 0.66609099999999998865
242 161.000000 138.000000 0.46084700000000000664
243 135.000000 123.000000 0.63594899999999998652
244 49.000000 46.000000 0.79429499999999997328
245 62.000000 53.000000 1.56380800000000008687
246 171.000000 154.000000 0.17644099999999998674
247 138.000000 116.000000 0.45918100000000000582
248 98.000000 87.000000 0.10641399999999999471
249 75.000000 66.000000 0.79398999999999997357
250 78.000000 70.000000 0.78255399999999997185
251 144.000000 134.000000 0.97384000000000003894
252 77.000000 74.000000 1.56963399999999997370
253 92.000000 89.000000 0.55190600000000000769
254 144.000000 139.000000 0.37947300000000000475
255 65.000000 59.000000 0.64612599999999997813
256 69.000000 67.000000 0.44375700000000001255
257 111.000000 104.000000 0.31345699999999998564
258 81.000000 75.000000 0.78993500000000005379
259 89.000000 81.000000 2.66603399999999979286
260 114.000000 106.000000 0.26327099999999997726
261 133.000000 124.000000 0.45222200000000001285
262 128.000000 127.000000 0.23922999999999999821
263 86.000000 75.000000 0.30111599999999999477
264 146.000000 142.000000 1.42064900000000005065
265 72.000000 61.000000 1.72430299999999991911
266 69.000000 63.000000 1.09777300000000010982
267 58.000000 58.000000 1.25053400000000003445
268 88.000000 85.000000 1.01880999999999999339
269 74.000000 67.000000 0.08183100000000000096
270 106.000000 97.000000 0.86802599999999996427
271 84.000000 79.000000 0.59521999999999997133
272 118.000000 116.000000 0.19763500000000000512
273 94.000000 83.000000 0.45659600000000000186
274 144.000000 135.000000 0.55267599999999994509
275 90.000000 84.000000 0.49657499999999998863
276 89.000000 88.000000 0.85318599999999999994
277 121.000000 114.000000 0.93204500000000001236
278 64.000000 58.000000 0.99602000000000001645
279 152.000000 138.000000 1.24059600000000003206
280 133.000000 122.000000 0.63560399999999994680
281 137.000000 123.000000 0.73869899999999999451
282 112.000000 90.000000 1.00018999999999991246
283 110.000000 107.000000 1.05918200000000006789
284 126.000000 118.000000 0.27773900000000001365
285 110.000000 102.000000 0.28350399999999997824
286 69.000000 68.000000 1.03560999999999991950
287 108.000000 104.000000 0.44128600000000001158
288 111.000000 101.000000 3.71667300000000011551
289 122.000000 109.000000 0.21740399999999998615
290 107.000000 103.000000 0.92027999999999998693
291 125.000000 114.000000 0.19260199999999999543
292 113.000000 93.000000 1.63858999999999999098
293 102.000000 89.000000 0.32718599999999997685
294 142.000000 124.000000 0.24008999999999999786
295 72.000000 70.000000 1.15719900000000008866
296 76.000000 74.000000 1.23191500000000009329
297 59.000000 58.000000 1.02800099999999994260
298 116.000000 96.000000 1.31375700000000006362
299 52.000000 45.000000 6.01258200000000009311
300 147.000000 132.000000 0.30445699999999997765
301 140.000000 129.000000 0.28704600000000002336
302 79.000000 70.000000 0.47027799999999997382
303 38.000000 35.000000 0.95881000000000005112
304 79.000000 78.000000 0.75328600000000001113
305 73.000000 68.000000 0.76958199999999998830
306 93.000000 87.000000 1.36975599999999997358
307 121.000000 118.000000 0.12423900000000000221
308 40.000000 40.000000 1.19436199999999992372
309 108.000000 100.000000 0.75506399999999995742
310 80.000000 71.000000 0.89340799999999997993
311 123.000000 111.000000 0.23593300000000000383
312 116.000000 103.000000 0.52132000000000000561
313 134.000000 120.000000 0.07357500000000000151
314 138.000000 128.000000 0.22802200000000000246
315 88.000000 88.000000 0.10362300000000000677
316 55.000000 54.000000 1.01137999999999994571
317 111.000000 98.000000 0.32045000000000001261
318 26.000000 24.000000 3.40764099999999992008
319 119.000000 112.000000 0.37541700000000000070
320 55.000000 52.000000 0.73135700000000003485
321 28.000000 27.000000 1.41711600000000004229
322 106.000000 101.000000 0.96971399999999996488
323 146.000000 128.000000 0.58155900000000004813
324 71.000000 60.000000 4.52222900000000027632
325 73.000000 70.000000 1.04130100000000003213
326 158.000000 149.000000 0.07938699999999999923
327 116.000000 111.000000 0.52507199999999998319
328 161.000000 143.000000 0.63268500000000005290
329 71.000000 67.000000 1.09670000000000000817
330 92.000000 87.000000 1.67078499999999996461
331 109.000000 105.000000 0.65314700000000003310
332 35.000000 31.000000 0.67881000000000002448
333 96.000000 95.000000 0.40306999999999998385
334 112.000000 102.000000 0.41143800000000002592
335 91.000000 85.000000 1.42786799999999991506
336 50.000000 49.000000 1.37395099999999992235
337 25.000000 23.000000 1.41956799999999994100
338 89.000000 87.000000 0.74202100000000004165
339 136.000000 123.000000 0.46890199999999998548
340 123.000000 113.000000 0.87349600000000005018
341 52.000000 42.000000 0.94539499999999998536
342 88.000000 83.000000 1.33052199999999998248
343 125.000000 113.000000 1.23174500000000008981
344 103.000000 92.000000 0.90631799999999995698
345 86.000000 80.000000 0.85363299999999997514
346 133.000000 125.000000 0.56676899999999996727
347 73.000000 65.000000 1.50242399999999998172
348 25.000000 24.000000 1.16268299999999991101
349 48.000000 43.000000 2.13216900000000020299
350 105.000000 99.000000 0.62080199999999996496
351 89.000000 81.000000 0.76175400000000004219
352 85.000000 85.000000 0.08258500000000000563
353 98.000000 97.000000 0.97187000000000001165
354 65.000000 62.000000 0.90404700000000004501
355 80.000000 72.000000 2.24369400000000007722
356 68.000000 64.000000 2.00433599999999989549
357 109.000000 104.000000 0.68581300000000000594
358 51.000000 49.000000 0.46097100000000001963
359 140.000000 134.000000 0.56310499999999996668
360 33.000000 32.000000 1.34213899999999997092
361 40.000000 40.000000 1.11985000000000001208
362 148.000000 135.000000 0.32032699999999997287
363 58.000000 54.000000 0.73016300000000000647
364 116.000000 104.000000 0.51756500000000005279
365 155.000000 134.000000 5.54834500000000030440
366 129.000000 126.000000 0.29951800000000000646
367 63.000000 61.000000 1.22535900000000008703
368 39.000000 31.000000 1.04961999999999999744
369 85.000000 78.000000 0.60217100000000001181
370 121.000000 112.000000 1.68087000000000008626
371 27.000000 25.000000 1.37103200000000002845
372 81.000000 79.000000 0.30263000000000001011
373 138.000000 130.000000 0.09449200000000000654
374 130.000000 120.000000 0.87819800000000003415
375 131.000000 118.000000 0.54301699999999997193
376 92.000000 79.000000 0.52306299999999994466
377 111.000000 104.000000 0.26958700000000002106
378 94.000000 90.000000 0.35852899999999998659
379 66.000000 66.000000 0.57784199999999996678
380 127.000000 115.000000 0.26115100000000002201
381 95.000000 89.000000 0.89428799999999997183
382 136.000000 121.000000 0.80455699999999996663
383 106.000000 98.000000 0.75180700000000000305
384 80.000000 75.000000 0.91869800000000001461
385 139.000000 130.000000 0.12189099999999999935
386 110.000000 105.000000 0.39488400000000001278
387 59.000000 56.000000 1.12688000000000010381
388 35.000000 32.000000 0.89553700000000002746
389 44.000000 39.000000 0.90595899999999995877
390 75.000000 75.000000 0.42431400000000002448
391 51.000000 46.000000 0.83982800000000001894
392 171.000000 147.000000 0.56508800000000003472
393 147.000000 131.000000 0.57463399999999997814
394 113.000000 110.000000 0.20363400000000000944
395 71.000000 62.000000 0.41849599999999997912
396 122.000000 112.000000 0.58918599999999998751
397 82.000000 76.000000 1.40274699999999996614
398 72.000000 69.000000 0.84512600000000004385
399 107.000000 98.000000 0.33394200000000001660
400 76.000000 69.000000 1.06549399999999994115
401 111.000000 108.000000 0.93807099999999998818
402 94.000000 88.000000 0.37046800000000001951
403 66.000000 59.000000 1.59878300000000006520
404 64.000000 62.000000 0.38683299999999998242
405 97.000000 89.000000 0.51498100000000002208
406 187.000000 164.000000 0.26569500000000001450
407 97.000000 86.000000 1.04657200000000005780
408 80.000000 73.000000 1.06076499999999995794
409 124.000000 116.000000 0.05522400000000000225
410 165.000000 153.000000 0.60728000000000004199
411 127.000000 116.000000 0.62498299999999995524
412 82.000000 77.000000 0.25092199999999997839
413 78.000000 76.000000 1.06934700000000004749
414 119.000000 115.000000 0.55344199999999998951
415 57.000000 53.000000 1.20159600000000010844
416 58.000000 56.000000 1.14412599999999997635
417 96.000000 91.000000 1.00864299999999995627
418 106.000000 90.000000 0.33712599999999998124
419 127.000000 115.000000 0.24043000000000000482
420 86.000000 79.000000 1.11509199999999997210
