1 172.000000 163.000000 1.16554899999999994620
2 262.000000 255.000000 6.50098299999999973409
3 285.000000 266.000000 1.48197399999999990250
4 354.000000 322.000000 0.56579500000000004789
5 219.000000 205.000000 8.11998700000000006582
6 162.000000 148.000000 9.85659599999999969100
7 263.000000 242.000000 11.96668000000000020577
8 277.000000 254.000000 0.56139700000000003488
9 283.000000 273.000000 1.90768000000000004235
10 202.000000 197.000000 6.41918900000000025585
11 202.000000 191.000000 47.24953899999999862303
12 215.000000 202.000000 12.78858100000000064256
13 297.000000 280.000000 4.06622299999999992082
14 294.000000 280.000000 0.92019799999999996043
15 188.000000 179.000000 11.62451000000000078671
16 198.000000 187.000000 2.17693400000000014671
17 196.000000 182.000000 22.99567199999999900228
18 267.000000 249.000000 9.61877899999999996794
19 211.000000 199.000000 12.98594100000000040041
20 224.000000 201.000000 3.39697000000000004505
21 176.000000 168.000000 9.78819900000000053808
22 235.000000 221.000000 0.15650800000000000822
23 130.000000 117.000000 14.87493699999999918759
24 141.000000 133.000000 10.33019499999999979423
25 130.000000 121.000000 10.71112199999999958777
26 249.000000 232.000000 5.92905800000000038352
27 211.000000 201.000000 13.07352299999999978297
28 171.000000 164.000000 7.22880099999999981009
29 319.000000 291.000000 1.83198799999999994981
30 99.000000 91.000000 25.75830200000000047567
31 177.000000 170.000000 6.88605599999999995475
32 174.000000 165.000000 7.67900799999999961187
33 12.000000 12.000000 15.73559200000000046771
34 96.000000 92.000000 12.77957100000000068007
35 101.000000 93.000000 5.00861800000000023658
36 73.000000 66.000000 10.90289100000000033219
37 117.000000 106.000000 25.94757600000000152818
38 280.000000 274.000000 0.90031600000000000517
39 123.000000 123.000000 2.78058799999999983754
40 190.000000 175.000000 9.68638800000000088630
41 217.000000 202.000000 6.54236000000000039734
42 192.000000 185.000000 16.28908300000000153318
43 148.000000 140.000000 9.67617699999999913985
44 210.000000 198.000000 6.22100299999999961642
45 161.000000 140.000000 3.70006099999999982231
46 315.000000 296.000000 0.31592999999999998861
47 132.000000 132.000000 3.96815000000000006608
48 342.000000 297.000000 1.30921200000000004238
49 132.000000 117.000000 35.11664600000000291402
50 189.000000 179.000000 2.48597000000000001307
51 217.000000 210.000000 3.42353400000000007708
52 153.000000 151.000000 7.69233899999999959363
53 158.000000 154.000000 7.06399000000000043542
54 142.000000 133.000000 9.90450000000000052580
55 76.000000 72.000000 8.69968599999999980810
56 335.000000 300.000000 0.70315399999999994574
57 138.000000 129.000000 1.69141699999999994830
58 134.000000 131.000000 36.77686299999999874899
59 181.000000 164.000000 5.28613599999999994594
60 150.000000 141.000000 5.71381899999999998130
61 288.000000 245.000000 1.69363500000000000156
62 270.000000 250.000000 0.45376800000000000468
63 244.000000 227.000000 3.94194099999999991724
64 235.000000 223.000000 11.35266099999999944714
65 191.000000 174.000000 6.75829500000000038540
66 187.000000 169.000000 7.92931999999999970186
67 254.000000 237.000000 8.09175600000000017076
68 262.000000 236.000000 7.30083299999999990604
69 157.000000 146.000000 3.98409000000000013131
70 185.000000 178.000000 4.72621000000000002217
71 177.000000 173.000000 4.14705999999999974648
72 179.000000 163.000000 14.29209099999999921238
73 138.000000 126.000000 48.49782499999999885176
74 178.000000 160.000000 14.75353899999999995885
75 147.000000 141.000000 15.72935599999999922716
76 267.000000 242.000000 0.11561200000000000643
77 64.000000 59.000000 18.44101200000000062573
78 156.000000 143.000000 16.18090600000000023329
79 116.000000 111.000000 12.72944500000000012108
80 75.000000 70.000000 1.66180200000000000138
81 315.000000 288.000000 1.62001900000000009783
82 155.000000 155.000000 4.28137200000000017752
83 248.000000 227.000000 0.97340000000000004299
84 186.000000 174.000000 4.24310399999999976473
85 77.000000 70.000000 23.10856400000000121508
86 181.000000 177.000000 8.06760200000000082809
87 141.000000 132.000000 23.53294899999999856277
88 129.000000 116.000000 0.93589800000000000768
89 93.000000 88.000000 24.69266000000000005343
90 163.000000 148.000000 15.84144500000000022055
91 320.000000 290.000000 1.62581200000000003492
92 97.000000 90.000000 12.42401599999999994850
93 180.000000 161.000000 17.90505999999999886541
94 142.000000 122.000000 7.60078999999999993520
95 119.000000 106.000000 21.88690100000000171576
96 187.000000 169.000000 24.91785499999999942133
97 166.000000 159.000000 18.92516200000000026193
98 356.000000 313.000000 0.17622999999999999776
99 332.000000 310.000000 6.66488600000000008805
100 168.000000 158.000000 7.56996100000000016195
101 254.000000 243.000000 1.66012200000000009759
102 29.000000 26.000000 7.75986099999999989763
103 55.000000 50.000000 26.29308100000000081309
104 126.000000 124.000000 9.21486400000000038801
105 231.000000 222.000000 5.50830899999999967775
106 101.000000 97.000000 5.68817400000000006344
107 215.000000 206.000000 1.83976300000000003720
108 197.000000 195.000000 6.48916700000000012949
109 164.000000 155.000000 8.22358999999999973340
110 299.000000 257.000000 1.02887400000000006628
111 210.000000 185.000000 5.88504499999999985960
112 120.000000 114.000000 6.59483900000000033970
113 214.000000 197.000000 2.29939399999999993796
114 170.000000 162.000000 13.47009500000000059572
115 157.000000 149.000000 10.53842999999999996419
116 33.000000 31.000000 15.13463400000000014245
117 312.000000 267.000000 0.70162100000000005018
118 178.000000 170.000000 8.51112499999999982947
119 305.000000 271.000000 1.51658500000000007191
120 232.000000 226.000000 0.58080699999999996219
121 130.000000 121.000000 14.15538699999999927570
122 86.000000 80.000000 11.10817499999999924398
123 66.000000 59.000000 16.02169200000000159889
124 218.000000 204.000000 14.09967199999999998283
125 149.000000 143.000000 3.52434499999999983899
126 229.000000 208.000000 87.33860900000000526688
127 166.000000 153.000000 51.80730100000000248883
128 241.000000 224.000000 7.26144999999999996021
129 181.000000 173.000000 7.34340599999999987801
130 179.000000 172.000000 18.78829199999999843840
131 242.000000 218.000000 0.96293300000000003891
132 217.000000 209.000000 21.46381600000000133832
133 75.000000 71.000000 9.22311000000000014154
134 98.000000 92.000000 9.28087900000000054490
135 106.000000 98.000000 7.43897700000000039466
136 184.000000 162.000000 4.77964900000000003644
137 204.000000 201.000000 2.15559399999999978803
138 148.000000 143.000000 1.53964900000000004532
139 221.000000 209.000000 4.08904800000000001603
140 209.000000 182.000000 6.72154100000000020998
141 281.000000 263.000000 2.27380300000000001859
142 160.000000 158.000000 9.05026800000000086754
143 68.000000 65.000000 20.90732399999999913121
144 176.000000 156.000000 10.27260500000000043030
145 231.000000 219.000000 2.77578499999999994685
146 227.000000 203.000000 7.36842799999999975569
147 298.000000 276.000000 0.87087099999999995070
148 212.000000 208.000000 8.55585699999999960141
149 204.000000 194.000000 4.49070600000000030860
150 130.000000 125.000000 9.82421300000000030650
151 156.000000 153.000000 6.72560700000000011300
152 274.000000 255.000000 0.42540000000000000036
153 220.000000 210.000000 5.86897700000000011045
154 190.000000 171.000000 12.12068700000000021078
155 144.000000 135.000000 7.17641500000000043258
156 152.000000 147.000000 5.35894799999999982276
157 230.000000 214.000000 1.02182900000000009832
158 209.000000 187.000000 4.59981300000000015160
159 196.000000 186.000000 13.18646900000000066200
160 97.000000 89.000000 9.99372699999999980491
161 220.000000 206.000000 2.00337599999999982359
162 244.000000 222.000000 10.52191099999999934766
163 264.000000 243.000000 3.01200400000000012568
164 205.000000 196.000000 17.07784300000000143882
165 119.000000 115.000000 14.32062499999999971578
166 292.000000 268.000000 3.33243700000000009354
167 95.000000 86.000000 7.59923400000000004439
168 135.000000 122.000000 4.01073799999999991428
169 86.000000 82.000000 8.24755599999999944316
170 252.000000 231.000000 1.24887999999999999012
171 274.000000 256.000000 0.38212099999999998845
172 183.000000 159.000000 5.23488799999999976365
173 117.000000 110.000000 17.67923800000000156274
174 190.000000 176.000000 25.92143000000000085947
175 163.000000 144.000000 14.71627600000000057889
176 225.000000 213.000000 0.03491699999999999665
177 178.000000 168.000000 1.11034999999999994813
178 365.000000 339.000000 0.63916499999999998316
179 353.000000 338.000000 1.23763200000000006540
180 220.000000 199.000000 3.31809699999999985209
181 136.000000 133.000000 9.48986099999999943577
182 197.000000 177.000000 56.39640399999999686997
183 247.000000 232.000000 1.06461500000000008903
184 131.000000 122.000000 8.36978399999999922443
185 220.000000 202.000000 1.22327800000000008751
186 123.000000 114.000000 11.37734599999999929310
187 158.000000 143.000000 21.72102599999999839042
188 108.000000 98.000000 17.48738900000000029422
189 133.000000 133.000000 6.74969800000000041962
190 69.000000 65.000000 3.17932099999999984163
191 116.000000 109.000000 5.09317099999999989279
192 307.000000 256.000000 0.63903699999999996617
193 245.000000 221.000000 18.14778700000000100090
194 161.000000 156.000000 7.60313000000000016598
195 179.000000 161.000000 7.67848899999999989774
196 284.000000 264.000000 4.88336699999999979127
197 209.000000 183.000000 2.36276799999999997937
198 212.000000 190.000000 4.16564400000000034652
199 223.000000 205.000000 8.59784900000000007481
200 82.000000 80.000000 8.30215899999999962233
201 265.000000 252.000000 0.84364600000000000701
202 136.000000 125.000000 5.47458400000000011687
203 307.000000 264.000000 0.20743200000000000527
204 219.000000 201.000000 20.34181299999999836814
205 203.000000 183.000000 36.53724700000000069622
206 54.000000 49.000000 10.97976599999999969270
207 106.000000 97.000000 7.94112599999999968503
208 253.000000 236.000000 3.56963700000000017099
209 196.000000 181.000000 7.03797599999999956566
210 147.000000 131.000000 9.83048800000000078114
211 113.000000 111.000000 2.98785299999999987008
212 147.000000 132.000000 16.77645300000000005980
213 199.000000 180.000000 1.44161099999999997578
214 171.000000 165.000000 11.68589799999999989666
215 308.000000 271.000000 1.51207399999999991813
216 280.000000 262.000000 7.61486600000000013466
217 191.000000 186.000000 8.50690099999999915781
218 307.000000 281.000000 1.70386999999999999567
219 156.000000 142.000000 2.03396299999999996544
220 214.000000 201.000000 6.63625699999999962841
221 269.000000 244.000000 0.94972500000000004139
222 189.000000 176.000000 6.40759699999999998710
223 187.000000 177.000000 17.40603000000000122327
224 184.000000 171.000000 1.09489400000000003388
225 141.000000 129.000000 25.82249399999999894817
226 167.000000 160.000000 6.88888600000000028700
227 237.000000 219.000000 1.43193700000000001538
228 171.000000 159.000000 5.29936700000000016075
229 280.000000 269.000000 0.40308699999999997310
230 235.000000 201.000000 0.62078900000000003523
231 224.000000 215.000000 6.25737300000000029598
232 253.000000 237.000000 12.98679800000000028604
233 85.000000 82.000000 10.13390700000000066439
234 201.000000 192.000000 7.24485199999999984755
235 201.000000 177.000000 11.79351400000000005264
236 203.000000 192.000000 2.12248299999999989751
237 88.000000 84.000000 9.84494699999999944851
238 200.000000 195.000000 0.11217799999999999994
239 109.000000 101.000000 18.26364799999999988245
240 137.000000 128.000000 7.78424899999999997391
241 124.000000 118.000000 1.83279199999999997672
242 120.000000 107.000000 10.95186600000000076705
243 145.000000 126.000000 4.52014600000000044133
244 229.000000 219.000000 6.55298599999999975552
245 118.000000 115.000000 2.92952900000000004965
246 310.000000 273.000000 6.28579400000000010351
247 213.000000 205.000000 25.36799500000000051614
248 208.000000 197.000000 7.05883699999999958408
249 224.000000 203.000000 6.56515200000000032077
250 191.000000 181.000000 2.20873000000000008214
251 123.000000 116.000000 12.59674300000000002342
252 225.000000 212.000000 6.10060200000000030229
253 264.000000 236.000000 2.53337300000000009703
254 105.000000 99.000000 17.02731199999999844863
255 144.000000 134.000000 15.01074900000000056366
256 180.000000 157.000000 3.57799699999999987199
257 223.000000 203.000000 10.76132800000000067087
258 81.000000 78.000000 7.39404600000000034044
259 372.000000 329.000000 1.23033700000000001396
260 314.000000 287.000000 4.67144699999999968298
261 93.000000 88.000000 6.27594799999999963802
262 78.000000 78.000000 3.39762399999999997746
263 282.000000 248.000000 17.15693600000000174077
264 254.000000 226.000000 32.34871299999999649799
265 193.000000 181.000000 8.70582300000000053330
266 356.000000 325.000000 1.33711800000000002875
267 165.000000 158.000000 9.46381799999999984152
268 167.000000 156.000000 1.24121299999999989971
269 203.000000 186.000000 13.16834599999999966258
270 202.000000 187.000000 3.36578199999999982950
271 93.000000 87.000000 2.43541799999999986071
272 205.000000 193.000000 8.16074399999999933186
273 256.000000 243.000000 1.07969500000000007134
274 155.000000 145.000000 3.19933800000000001518
275 205.000000 195.000000 7.43109000000000019526
276 189.000000 186.000000 2.42440200000000016800
277 232.000000 222.000000 6.60370699999999999363
278 245.000000 220.000000 17.81482899999999958141
279 176.000000 174.000000 34.93632699999999857710
280 123.000000 117.000000 2.86403400000000019077
281 276.000000 262.000000 4.10511699999999990496
282 148.000000 142.000000 0.87660099999999996356
283 215.000000 196.000000 12.71104000000000056048
284 250.000000 234.000000 1.83935800000000004850
285 162.000000 151.000000 2.06566399999999994463
286 207.000000 198.000000 2.88281000000000009464
287 244.000000 227.000000 8.56103399999999936654
288 106.000000 94.000000 17.80882799999999832608
289 163.000000 146.000000 59.99183000000000021146
290 254.000000 227.000000 4.71366599999999991155
291 209.000000 188.000000 12.60805799999999976535
292 312.000000 285.000000 1.29397899999999999032
293 228.000000 217.000000 4.66838599999999992463
294 142.000000 133.000000 37.26180399999999792726
295 170.000000 163.000000 1.91806000000000009820
296 234.000000 204.000000 11.33237399999999972522
297 260.000000 233.000000 5.81224000000000007304
298 101.000000 90.000000 26.14036300000000068167
299 269.000000 244.000000 1.80323400000000000354
300 133.000000 129.000000 20.78800999999999987722
301 388.000000 358.000000 3.29157000000000010687
302 71.000000 67.000000 20.59653899999999993042
303 348.000000 323.000000 1.34361400000000008603
304 177.000000 167.000000 1.71880799999999989147
305 267.000000 243.000000 4.43263799999999985602
306 197.000000 184.000000 4.42080900000000021066
307 127.000000 118.000000 11.79852099999999914814
308 209.000000 194.000000 5.38708999999999971209
309 278.000000 252.000000 2.16596600000000005792
310 134.000000 125.000000 7.41713799999999956469
311 206.000000 186.000000 8.23881300000000038608
312 239.000000 216.000000 3.31262500000000015277
313 213.000000 202.000000 1.36287699999999989409
314 137.000000 131.000000 5.02160199999999967702
315 287.000000 257.000000 2.72855299999999978411
316 194.000000 184.000000 4.70340799999999958914
317 131.000000 123.000000 21.41731000000000051386
318 172.000000 170.000000 5.31943799999999988870
319 233.000000 209.000000 21.58646399999999943020
320 230.000000 207.000000 1.80018900000000003914
321 186.000000 165.000000 13.40673600000000043053
322 142.000000 128.000000 18.66262800000000154910
323 280.000000 262.000000 4.93407899999999965956
324 323.000000 304.000000 1.11112400000000000055
325 286.000000 252.000000 8.53974499999999991928
326 133.000000 128.000000 8.85277299999999911506
327 65.000000 62.000000 26.99496399999999951547
328 250.000000 234.000000 4.09477799999999980685
329 214.000000 204.000000 5.76777400000000017855
330 216.000000 206.000000 4.63096300000000038466
331 204.000000 196.000000 6.52921300000000037755
332 355.000000 317.000000 1.78796200000000005126
333 129.000000 114.000000 13.14165200000000055525
334 194.000000 180.000000 4.55804999999999971294
335 219.000000 212.000000 3.70386000000000015220
336 266.000000 249.000000 6.00129399999999968429
337 212.000000 200.000000 2.67733599999999993813
338 110.000000 103.000000 6.97111099999999961341
339 311.000000 283.000000 0.72799199999999997246
340 126.000000 122.000000 12.15563900000000074897
341 348.000000 304.000000 1.20561999999999991395
342 207.000000 191.000000 0.86705699999999996663
343 147.000000 144.000000 7.22797100000000014575
344 169.000000 159.000000 28.09009599999999906572
345 286.000000 265.000000 2.93676199999999987256
346 170.000000 161.000000 2.54423200000000004906
347 163.000000 157.000000 13.92976499999999973056
348 228.000000 216.000000 5.98102100000000014290
349 27.000000 24.000000 13.98015900000000044656
350 201.000000 197.000000 5.14341000000000025949
351 218.000000 195.000000 28.25133599999999844954
352 296.000000 278.000000 1.60782099999999994466
353 203.000000 182.000000 1.61908900000000000041
354 261.000000 237.000000 0.39517499999999999849
355 198.000000 183.000000 8.18606199999999972761
356 256.000000 238.000000 0.62363299999999999290
357 229.000000 219.000000 4.33031900000000025130
358 124.000000 118.000000 3.64669199999999982253
359 270.000000 250.000000 1.68393999999999999240
360 258.000000 248.000000 5.48173400000000032861
361 142.000000 137.000000 9.09719400000000000261
362 196.000000 186.000000 4.08795700000000028496
363 303.000000 274.000000 11.18859899999999996112
364 257.000000 245.000000 6.19466900000000020299
365 258.000000 252.000000 3.10865299999999988856
366 193.000000 172.000000 3.17080999999999990635
367 171.000000 154.000000 23.76743799999999851025
368 164.000000 157.000000 5.31999800000000000466
369 224.000000 213.000000 4.44527400000000039171
370 203.000000 195.000000 3.41918800000000011607
371 203.000000 192.000000 0.14961299999999999599
372 235.000000 214.000000 13.27516400000000018622
373 294.000000 266.000000 3.97385400000000021947
374 197.000000 181.000000 4.85351999999999961233
375 125.000000 119.000000 26.54449100000000072441
376 190.000000 179.000000 12.51490199999999930469
377 130.000000 126.000000 14.18003799999999969828
378 208.000000 203.000000 6.34402000000000043656
379 146.000000 129.000000 67.34102400000000443470
380 119.000000 112.000000 8.95954799999999984550
381 190.000000 183.000000 6.78086699999999975574
382 238.000000 222.000000 2.15015299999999998093
383 122.000000 116.000000 25.25474699999999828037
384 145.000000 142.000000 0.61538400000000004209
385 216.000000 207.000000 8.20953300000000041337
386 123.000000 119.000000 4.96104099999999981208
387 163.000000 147.000000 6.03062300000000028888
388 224.000000 202.000000 14.72506899999999951945
389 234.000000 215.000000 17.64367000000000018645
390 269.000000 251.000000 2.11405500000000001748
391 254.000000 242.000000 0.86091700000000004334
392 253.000000 236.000000 5.53045700000000017837
393 166.000000 155.000000 1.40788000000000002032
394 190.000000 182.000000 9.48356199999999915917
395 253.000000 237.000000 4.92387900000000033884
396 125.000000 116.000000 9.08755000000000023874
397 267.000000 245.000000 0.52473599999999998023
398 171.000000 165.000000 3.65616899999999978021
399 140.000000 126.000000 5.25549399999999966582
400 303.000000 278.000000 2.68074600000000007327
401 187.000000 169.000000 6.81037900000000018252
402 43.000000 41.000000 11.92762699999999931322
403 157.000000 144.000000 3.86979499999999987381
404 176.000000 162.000000 6.98604999999999964899
405 190.000000 176.000000 6.91589800000000032298
406 112.000000 103.000000 11.57038200000000038870
407 192.000000 172.000000 11.10028900000000007253
408 181.000000 162.000000 2.51315199999999983049
409 222.000000 212.000000 0.48465599999999997571
410 209.000000 197.000000 6.30459499999999994913
411 174.000000 153.000000 15.27176200000000072521
412 244.000000 225.000000 11.06199100000000079547
413 257.000000 230.000000 6.72057999999999999829
414 170.000000 158.000000 42.66330599999999861893
415 107.000000 103.000000 6.30972600000000038989
416 127.000000 113.000000 13.03869300000000031048
417 147.000000 138.000000 4.32871700000000014796
418 247.000000 212.000000 4.44085999999999980759
419 136.000000 133.000000 10.91461900000000007083
420 232.000000 207.000000 5.58704200000000028581
