1 511.000000 467.000000 28.71579300000000145587
2 611.000000 581.000000 6.39052799999999976421
3 605.000000 569.000000 3.57433999999999985064
4 415.000000 404.000000 89.68971299999999757802
5 389.000000 367.000000 194.24068600000001083572
6 478.000000 457.000000 94.49823899999999810007
7 460.000000 434.000000 68.35012799999999799638
8 274.000000 253.000000 152.74947199999999725151
9 362.000000 335.000000 374.53559699999999565989
10 469.000000 424.000000 107.29710900000000606269
13 371.000000 362.000000 18.47878899999999902093
14 412.000000 379.000000 81.88618900000000166983
15 248.000000 241.000000 65.80144799999999349893
16 301.000000 288.000000 285.20742300000000568616
17 299.000000 289.000000 84.79550199999999904321
18 206.000000 199.000000 17.96927200000000013347
19 183.000000 176.000000 14.16791300000000042303
20 428.000000 390.000000 47.83155500000000159844
21 136.000000 124.000000 496.70246800000001030639
22 609.000000 566.000000 1.27348100000000008514
24 492.000000 446.000000 253.52049400000001355693
25 543.000000 499.000000 33.64271099999999847796
26 555.000000 509.000000 2.77634500000000006281
27 362.000000 341.000000 332.95234499999997979103
28 561.000000 476.000000 353.90538500000002386514
29 420.000000 396.000000 132.23392000000001189619
30 479.000000 434.000000 50.79940299999999808733
31 194.000000 189.000000 76.98425699999999949341
32 403.000000 393.000000 8.45417100000000054649
33 253.000000 247.000000 94.54727400000000159253
34 274.000000 264.000000 70.49164799999999786451
35 603.000000 559.000000 30.22156899999999879469
36 520.000000 504.000000 14.95013600000000053569
37 429.000000 390.000000 230.27621099999998932617
38 243.000000 228.000000 63.26364699999999885449
39 460.000000 428.000000 282.65197200000000066211
40 156.000000 155.000000 100.49503500000000144610
41 216.000000 199.000000 36.24694999999999822649
42 375.000000 368.000000 84.91373799999999505417
43 302.000000 287.000000 81.06835999999999842203
44 465.000000 421.000000 64.42910600000000442833
45 409.000000 392.000000 88.45277799999999501779
46 626.000000 561.000000 80.75894300000000214368
47 570.000000 531.000000 33.45547100000000284581
48 555.000000 493.000000 8.27857400000000076545
s50 293.000000 292.000000 41.45395899999999755892
51 164.000000 146.000000 425.34761300000002393062
52 236.000000 236.000000 89.61416800000000648652
53 241.000000 232.000000 73.49095400000000211094
54 359.000000 339.000000 230.04241400000000794535
55 667.000000 611.000000 36.53080899999999786587
56 182.000000 168.000000 337.41427499999997507985
57 748.000000 707.000000 6.03402999999999956060
58 413.000000 384.000000 32.93105800000000016325
59 205.000000 185.000000 665.70510400000000572618
60 511.000000 474.000000 6.77542400000000011318
61 254.000000 243.000000 174.13738499999999476131
62 394.000000 368.000000 593.08989099999996597035
63 266.000000 247.000000 357.15642100000002301385
64 673.000000 630.000000 23.85028199999999998226
65 599.000000 569.000000 89.24742399999999520332
66 530.000000 470.000000 803.00803800000005594484
67 739.000000 696.000000 20.61806599999999889405
68 383.000000 345.000000 315.17173600000000988075
69 84.000000 79.000000 79.80191899999999805004
70 416.000000 380.000000 46.51486100000000334376
71 350.000000 337.000000 80.41539199999999709689
72 227.000000 210.000000 605.51819000000000414730
73 389.000000 374.000000 160.33924799999999777356
74 508.000000 470.000000 4.60623800000000027666
75 176.000000 166.000000 70.47928299999999524061
76 436.000000 425.000000 62.11065700000000333603
77 475.000000 448.000000 224.80246900000000209729
78 606.000000 579.000000 109.39996100000000467389
79 272.000000 257.000000 128.99905899999998837302
80 395.000000 379.000000 380.95632999999997991836
81 420.000000 409.000000 32.91292200000000178761
82 419.000000 394.000000 73.90178099999999972169
83 244.000000 229.000000 1.60582300000000000040
84 346.000000 328.000000 25.95023899999999983379
85 360.000000 338.000000 155.81915000000000759428
86 309.000000 298.000000 118.15753399999999828651
87 364.000000 357.000000 49.04315799999999825332
88 630.000000 604.000000 7.32504000000000043968
89 290.000000 271.000000 148.41176100000001270018
90 592.000000 563.000000 20.05762400000000056366
91 300.000000 291.000000 47.90781799999999890360
92 511.000000 484.000000 49.15346100000000006958
93 472.000000 453.000000 24.87183900000000136288
94 219.000000 195.000000 785.86416899999994711834
95 419.000000 388.000000 278.93557299999997667328
96 681.000000 625.000000 42.61319799999999702322
97 439.000000 424.000000 181.92958100000001309127
98 435.000000 418.000000 110.26775899999999808188
99 359.000000 349.000000 185.29378199999999310421
s101 263.000000 246.000000 177.48082999999999742613
102 337.000000 316.000000 275.74043799999998327621
103 295.000000 277.000000 121.78968199999999910688
104 267.000000 254.000000 147.89163199999998710155
105 492.000000 462.000000 295.14045099999998456042
106 343.000000 321.000000 659.59411599999998543353
107 289.000000 279.000000 67.28145700000000317686
108 582.000000 550.000000 37.51830000000000353566
109 121.000000 112.000000 61.73846000000000344698
110 402.000000 386.000000 46.67714900000000000091
111 261.000000 249.000000 227.90722099999999272768
112 290.000000 266.000000 1382.78620999999998275598
113 111.000000 111.000000 86.86209499999999650299
114 364.000000 346.000000 28.92423399999999844567
115 446.000000 401.000000 158.10376899999999977808
116 465.000000 425.000000 124.77980900000000019645
117 166.000000 149.000000 246.72289100000000416912
118 348.000000 330.000000 89.66094900000000222917
119 400.000000 375.000000 99.12534100000000591990
120 550.000000 498.000000 143.04466999999999643478
121 364.000000 344.000000 95.53674300000000130240
122 293.000000 280.000000 57.35651599999999916690
123 293.000000 268.000000 205.56544999999999845386
124 294.000000 278.000000 69.78774500000000102773
125 484.000000 459.000000 188.97631899999998950079
126 438.000000 418.000000 126.43167699999999342708
127 533.000000 513.000000 49.40169600000000116324
128 368.000000 328.000000 248.56981899999999541251
129 117.000000 107.000000 114.09671299999999405372
130 505.000000 480.000000 75.87541799999999625470
131 445.000000 421.000000 2.46055599999999996541
132 373.000000 350.000000 16.50907099999999871898
s134 408.000000 374.000000 159.29877099999998790736
135 283.000000 272.000000 862.18499099999996815313
136 399.000000 357.000000 253.41776799999999525426
137 284.000000 281.000000 120.92563199999999312695
138 293.000000 268.000000 456.69040000000001100489
139 100.000000 100.000000 131.83146600000000603359
140 464.000000 430.000000 195.75099900000000729960
141 556.000000 517.000000 7.20345800000000036079
142 554.000000 504.000000 47.96571699999999793818
143 228.000000 208.000000 180.32980299999999829197
144 390.000000 362.000000 286.73032699999998840212
145 508.000000 471.000000 1.62467999999999990202
146 425.000000 392.000000 2.08526800000000012147
147 693.000000 666.000000 0.29475499999999998924
148 447.000000 419.000000 25.39447399999999888109
149 531.000000 500.000000 231.26550499999999033207
150 273.000000 267.000000 285.05209300000001348963
151 373.000000 349.000000 47.55154000000000280579
152 565.000000 532.000000 39.45685900000000145837
153 254.000000 227.000000 555.17947300000002996967
154 323.000000 304.000000 97.17381399999999302963
155 390.000000 357.000000 307.49687599999998610656
156 375.000000 339.000000 195.08421599999999784814
157 494.000000 468.000000 48.76601399999999841839
158 466.000000 437.000000 56.71462600000000264799
159 227.000000 219.000000 453.91651300000000901491
160 429.000000 410.000000 63.25396500000000088448
161 505.000000 472.000000 185.53626299999999105239
162 446.000000 410.000000 160.98591500000000564796
163 115.000000 114.000000 80.28064100000000280488
164 337.000000 317.000000 207.05838099999999712963
165 261.000000 236.000000 1348.57692599999995763937
166 459.000000 438.000000 304.18160399999999299325
167 386.000000 344.000000 14.37767900000000054206
168 384.000000 356.000000 68.38070100000000195450
169 456.000000 431.000000 23.92895199999999888973
170 322.000000 296.000000 145.61336099999999760257
171 100.000000 95.000000 139.87934100000001080844
172 483.000000 441.000000 42.81834700000000282216
173 334.000000 313.000000 410.29750300000000606815
174 302.000000 289.000000 30.39901199999999903412
175 617.000000 585.000000 120.87911400000000128330
176 261.000000 249.000000 59.63741999999999876536
177 196.000000 188.000000 139.44156000000000972250
178 733.000000 661.000000 6.86334599999999994679
179 385.000000 365.000000 341.88550300000002835077
180 554.000000 519.000000 39.98606600000000099726
181 261.000000 242.000000 80.73251199999999982992
182 409.000000 393.000000 72.96618800000000248929
183 445.000000 421.000000 73.04270900000000210639
184 114.000000 101.000000 134.49367000000000871296
185 469.000000 421.000000 16.60018499999999974648
186 375.000000 353.000000 262.90792699999997239502
187 361.000000 356.000000 40.73819499999999749207
188 215.000000 215.000000 80.33529699999999706961
189 654.000000 601.000000 104.63945800000000474483
190 489.000000 461.000000 21.24561999999999883926
191 158.000000 143.000000 623.32168699999999716965
192 338.000000 314.000000 302.74788000000000920409
193 503.000000 465.000000 415.42857900000001336593
194 212.000000 191.000000 966.00886200000002190791
195 586.000000 557.000000 0.48594100000000001183
196 689.000000 636.000000 33.06410699999999991405
197 333.000000 317.000000 367.74019199999997908890
198 270.000000 254.000000 286.65699999999998226485
199 232.000000 221.000000 256.95827200000002221714
201 66.000000 56.000000 145.35185500000000047294
202 699.000000 658.000000 6.36727899999999991110
203 490.000000 469.000000 32.45996699999999890451
204 302.000000 285.000000 124.11248199999999997090
205 720.000000 649.000000 1.44102799999999997560
206 752.000000 696.000000 50.93833899999999914598
207 491.000000 443.000000 170.02100999999998975909
208 648.000000 612.000000 144.54978199999999333158
209 134.000000 129.000000 346.46994399999999814099
210 190.000000 190.000000 83.79442099999999982174
211 600.000000 580.000000 43.43648199999999803822
212 635.000000 562.000000 98.88502699999999379088
213 422.000000 409.000000 7.80433600000000016195
214 389.000000 353.000000 15.45441100000000034242
215 327.000000 305.000000 91.40934199999999520969
216 409.000000 388.000000 159.38722000000001344233
217 514.000000 478.000000 17.68522300000000058162
218 561.000000 504.000000 169.40049400000000900945
219 484.000000 464.000000 30.77215699999999998226
220 460.000000 427.000000 10.48234300000000018827
221 369.000000 333.000000 81.09418100000000606542
222 455.000000 414.000000 23.21815399999999840475
223 451.000000 428.000000 6.87422999999999984055
224 493.000000 457.000000 54.97582700000000244245
225 636.000000 577.000000 36.87229899999999815918
226 323.000000 290.000000 535.21993499999996402039
227 531.000000 510.000000 60.36374200000000200816
228 479.000000 447.000000 30.63592200000000076443
229 359.000000 339.000000 190.47159700000000270848
230 527.000000 484.000000 52.43726900000000057389
231 414.000000 383.000000 17.97099499999999849820
232 472.000000 439.000000 132.92579000000000633008
233 566.000000 529.000000 54.99766400000000032833
234 586.000000 550.000000 58.45714199999999749480
235 270.000000 262.000000 417.58908200000001897934
236 500.000000 478.000000 53.65434599999999676356
237 443.000000 414.000000 298.22109100000000125874
238 525.000000 492.000000 48.18750899999999859347
239 217.000000 196.000000 221.06926200000000903856
240 489.000000 443.000000 128.08193199999999478678
241 436.000000 399.000000 176.02825699999999642387
242 440.000000 415.000000 19.49902300000000110458
243 378.000000 354.000000 33.64159999999999683951
244 382.000000 371.000000 153.62791500000000155524
245 164.000000 155.000000 144.64652100000000700675
246 304.000000 292.000000 67.89027000000000100499
247 568.000000 529.000000 33.06847900000000350929
248 369.000000 350.000000 101.74568800000000123873
249 271.000000 269.000000 13.46178100000000021907
250 750.000000 702.000000 22.34038699999999977308
251 100.000000 89.000000 221.79307099999999763895
252 260.000000 241.000000 176.36857800000001361695
253 163.000000 151.000000 182.64793399999999223837
254 461.000000 429.000000 29.71423400000000114574
255 254.000000 232.000000 472.81046199999997270425
256 474.000000 430.000000 293.41127000000000180080
257 327.000000 311.000000 27.32719900000000023965
258 206.000000 201.000000 144.23953000000000201908
259 518.000000 503.000000 75.32567899999999383454
260 300.000000 279.000000 337.73654399999998076964
262 491.000000 444.000000 163.53818899999998848216
263 446.000000 427.000000 16.21630499999999841521
264 318.000000 293.000000 57.29546100000000308228
265 499.000000 460.000000 88.45582000000000277851
266 573.000000 550.000000 11.41423699999999996635
267 190.000000 171.000000 382.31801699999999755164
268 394.000000 370.000000 31.80487099999999855982
269 367.000000 353.000000 295.97641199999998207204
270 420.000000 389.000000 28.26081200000000137607
271 345.000000 332.000000 92.96064900000000363889
272 190.000000 188.000000 251.70451199999999403190
273 411.000000 375.000000 78.90637599999999451938
274 57.000000 53.000000 84.83607700000000306773
275 125.000000 125.000000 192.33761899999998945532
276 461.000000 454.000000 12.28619699999999959061
277 277.000000 257.000000 328.20107799999999542706
278 350.000000 313.000000 407.21796999999997979103
279 307.000000 278.000000 376.99794400000001814988
280 276.000000 256.000000 176.67820199999999886131
281 234.000000 224.000000 283.70003700000000890213
282 411.000000 386.000000 379.09487100000001191802
283 281.000000 265.000000 66.90588700000000699220
284 412.000000 395.000000 104.99632400000000131968
285 564.000000 522.000000 121.91184400000000209729
286 664.000000 603.000000 8.60493199999999980321
287 509.000000 472.000000 3.28412399999999982114
288 369.000000 342.000000 192.48484199999998622843
289 440.000000 407.000000 1.44288700000000003065
290 567.000000 534.000000 172.42375499999999988177
291 741.000000 683.000000 0.90621799999999996800
293 304.000000 283.000000 385.90598499999998693966
294 476.000000 445.000000 1.97867100000000006865
295 419.000000 399.000000 49.13077499999999986358
296 533.000000 492.000000 23.63993299999999919692
297 361.000000 346.000000 498.86348500000002559318
298 278.000000 262.000000 81.39574399999999343436
299 582.000000 530.000000 24.53053299999999836700
300 194.000000 188.000000 181.23023000000000592991
301 512.000000 457.000000 3.50413100000000010681
302 422.000000 414.000000 45.47343500000000204864
303 607.000000 538.000000 51.41047199999999861575
304 442.000000 412.000000 374.88326899999998431667
305 426.000000 400.000000 162.10088600000000269574
306 278.000000 247.000000 189.22450599999999099055
307 323.000000 297.000000 68.54195199999999488227
308 389.000000 365.000000 204.42827399999998760904
309 383.000000 361.000000 73.48335299999999392639
310 437.000000 417.000000 133.15081299999999941974
311 458.000000 428.000000 122.17931900000000666751
312 717.000000 667.000000 45.27371399999999823649
313 313.000000 303.000000 1.33935800000000004850
314 490.000000 455.000000 306.83685500000001411536
315 131.000000 120.000000 191.55418299999999476313
316 582.000000 538.000000 122.20857599999999365536
317 431.000000 385.000000 24.01138500000000064460
318 400.000000 387.000000 46.46910100000000198861
319 407.000000 391.000000 22.46494300000000166051
320 477.000000 451.000000 63.57678200000000146019
321 554.000000 524.000000 77.97785399999999356169
322 420.000000 403.000000 186.52279699999999706961
323 328.000000 312.000000 37.38394300000000214368
324 465.000000 421.000000 453.87281999999999015927
325 374.000000 363.000000 75.14107300000000577711
326 505.000000 461.000000 54.46237699999999648526
327 358.000000 319.000000 99.80446600000000501041
328 450.000000 420.000000 93.64960899999999810461
329 373.000000 365.000000 94.27545200000000136242
330 477.000000 451.000000 55.54463700000000159207
331 439.000000 420.000000 27.75647199999999870101
332 131.000000 128.000000 265.94543099999998503336
333 232.000000 217.000000 603.95121500000004743924
334 332.000000 308.000000 360.34357599999998456042
335 488.000000 460.000000 152.06882400000000643558
336 241.000000 225.000000 74.14791700000000673754
337 394.000000 367.000000 23.73193799999999953343
338 560.000000 513.000000 4.23363900000000015211
339 500.000000 485.000000 37.42514899999999755664
340 247.000000 239.000000 169.46704399999998713611
341 140.000000 131.000000 630.77661100000000260479
342 248.000000 226.000000 52.16221800000000285991
343 454.000000 426.000000 12.78732199999999963325
344 424.000000 404.000000 3.92291500000000015191
345 214.000000 181.000000 973.40124800000000959699
346 450.000000 416.000000 585.90832799999998314888
347 478.000000 457.000000 22.88837600000000094269
348 424.000000 394.000000 211.74294399999999427564
349 604.000000 568.000000 23.96187099999999858824
350 394.000000 362.000000 381.22959600000001501030
351 609.000000 559.000000 95.74014999999999986358
352 538.000000 505.000000 54.67065099999999944203
353 461.000000 427.000000 58.89923900000000145383
354 60.000000 56.000000 237.40203399999998623571
355 191.000000 180.000000 549.76800300000002152956
356 417.000000 398.000000 67.89419599999999377360
357 386.000000 379.000000 92.98379900000000475302
358 357.000000 325.000000 141.36931999999998765816
359 465.000000 428.000000 72.34612799999999310785
360 694.000000 637.000000 7.09769000000000005457
361 497.000000 469.000000 1.61928699999999992087
362 433.000000 409.000000 39.86302799999999990632
363 395.000000 365.000000 74.56753399999999487591
364 370.000000 344.000000 293.16720199999997475970
365 420.000000 395.000000 57.44033799999999700958
366 310.000000 273.000000 344.67655999999999494321
367 399.000000 369.000000 35.10953700000000310411
368 353.000000 344.000000 76.92293300000000044747
369 793.000000 703.000000 3.78306299999999984252
370 145.000000 134.000000 420.57530800000000681393
371 412.000000 391.000000 76.59776100000000553791
372 390.000000 359.000000 561.67160599999999703869
373 486.000000 461.000000 89.90303199999999606007
374 411.000000 396.000000 92.18699200000000359978
375 616.000000 557.000000 64.40661799999999459487
376 470.000000 434.000000 50.28404599999999646798
377 202.000000 194.000000 23.80094000000000065143
378 319.000000 307.000000 218.20247699999998758358
379 443.000000 417.000000 132.17538500000000567525
380 384.000000 343.000000 215.08068299999999339889
381 572.000000 516.000000 92.00979700000000605087
382 410.000000 388.000000 170.30398299999998812382
383 448.000000 408.000000 94.19460399999999822285
384 258.000000 236.000000 311.59108300000002600427
385 498.000000 470.000000 100.45771100000000330965
386 401.000000 382.000000 8.61068299999999986483
387 562.000000 531.000000 10.47330700000000014427
388 648.000000 582.000000 177.66938300000001049739
389 225.000000 211.000000 278.05414700000000038926
391 617.000000 576.000000 14.94327799999999939473
392 569.000000 525.000000 4.10624300000000008737
393 400.000000 393.000000 36.44464299999999923330
394 612.000000 572.000000 6.46010300000000015075
395 239.000000 225.000000 154.45446200000000658292
396 372.000000 362.000000 42.75407700000000232876
397 270.000000 257.000000 191.57866100000001097214
398 119.000000 116.000000 212.50524300000000721411
399 357.000000 351.000000 29.94433400000000133900
400 258.000000 255.000000 122.61110499999999490228
401 190.000000 171.000000 659.01959599999997863051
402 637.000000 606.000000 8.34188900000000010948
403 468.000000 450.000000 243.77005900000000337968
404 378.000000 358.000000 547.44829700000002503657
405 442.000000 404.000000 769.43087600000001202716
