1 5.000000 5.000000 0.35378999999999999337
2 4.000000 4.000000 0.03953799999999999676
3 5.000000 5.000000 0.03223299999999999776
4 4.000000 4.000000 0.01601699999999999999
5 6.000000 6.000000 0.05460099999999999676
6 4.000000 4.000000 0.01483800000000000049
7 4.000000 4.000000 0.01341600000000000084
8 5.000000 5.000000 0.01115200000000000045
9 4.000000 4.000000 0.01030099999999999939
10 5.000000 5.000000 0.02573100000000000040
11 4.000000 4.000000 0.01269200000000000016
12 6.000000 5.000000 0.01480300000000000019
13 4.000000 4.000000 0.00960699999999999922
14 6.000000 6.000000 0.01220399999999999957
15 6.000000 5.000000 0.00982399999999999940
16 5.000000 5.000000 0.00928799999999999938
17 4.000000 4.000000 0.01229200000000000084
18 4.000000 4.000000 0.01534199999999999973
19 5.000000 5.000000 0.01239400000000000050
20 4.000000 4.000000 0.00976100000000000058
21 4.000000 4.000000 0.00964500000000000079
22 5.000000 5.000000 0.02829399999999999971
23 5.000000 5.000000 0.00948599999999999964
24 6.000000 5.000000 0.01529600000000000057
25 5.000000 5.000000 0.02086599999999999913
26 4.000000 4.000000 0.00924600000000000075
27 4.000000 4.000000 0.00929100000000000065
28 6.000000 6.000000 0.01220300000000000031
29 4.000000 4.000000 0.00992200000000000026
30 5.000000 5.000000 0.00913399999999999976
31 5.000000 5.000000 0.00981300000000000054
32 4.000000 4.000000 0.00927200000000000073
33 5.000000 5.000000 0.01577599999999999836
34 6.000000 6.000000 0.01012200000000000079
35 4.000000 4.000000 0.00951800000000000042
36 5.000000 5.000000 0.00944500000000000027
37 5.000000 5.000000 0.00949999999999999976
38 6.000000 6.000000 0.01506399999999999927
39 5.000000 5.000000 0.01017700000000000028
40 7.000000 6.000000 0.00875000000000000083
41 4.000000 4.000000 0.00965300000000000012
42 6.000000 5.000000 0.00925499999999999934
43 5.000000 5.000000 0.00909699999999999918
44 5.000000 5.000000 0.01030999999999999972
45 4.000000 4.000000 0.00943599999999999994
46 5.000000 5.000000 0.00933400000000000028
47 5.000000 5.000000 0.02135599999999999998
48 5.000000 5.000000 0.00992200000000000026
49 4.000000 4.000000 0.00945999999999999966
50 5.000000 5.000000 0.00943199999999999941
51 6.000000 5.000000 0.01067000000000000066
52 5.000000 5.000000 0.00999599999999999968
53 4.000000 4.000000 0.00961000000000000049
54 6.000000 5.000000 0.01176100000000000062
55 6.000000 5.000000 0.00890600000000000072
56 5.000000 5.000000 0.00919000000000000025
57 5.000000 5.000000 0.01162099999999999939
58 4.000000 4.000000 0.00906900000000000067
59 4.000000 4.000000 0.00908800000000000059
60 5.000000 5.000000 0.01035900000000000015
61 4.000000 4.000000 0.00891199999999999978
62 4.000000 4.000000 0.00897300000000000007
63 5.000000 5.000000 0.00878600000000000041
64 5.000000 5.000000 0.00916100000000000074
65 4.000000 4.000000 0.02234500000000000028
66 4.000000 4.000000 0.01370200000000000064
67 4.000000 4.000000 0.00957000000000000038
68 6.000000 5.000000 0.01022099999999999918
69 5.000000 5.000000 0.01146400000000000023
70 6.000000 6.000000 0.01003199999999999925
71 5.000000 5.000000 0.00921199999999999970
72 4.000000 4.000000 0.00921499999999999923
73 6.000000 6.000000 0.00883600000000000010
74 5.000000 5.000000 0.01051000000000000024
75 5.000000 5.000000 0.00883399999999999984
76 6.000000 6.000000 0.02949900000000000092
77 5.000000 5.000000 0.00899800000000000079
78 4.000000 4.000000 0.00937999999999999945
79 5.000000 5.000000 0.00898200000000000040
80 5.000000 5.000000 0.00961200000000000075
81 4.000000 4.000000 0.00931000000000000057
82 5.000000 5.000000 0.01025599999999999949
83 4.000000 4.000000 0.03003000000000000114
84 5.000000 5.000000 0.01021599999999999939
85 5.000000 5.000000 0.00914099999999999982
86 5.000000 5.000000 0.00978799999999999983
87 5.000000 5.000000 0.00926899999999999946
88 7.000000 5.000000 0.01014900000000000004
89 6.000000 6.000000 0.01176800000000000068
90 6.000000 6.000000 0.00883199999999999957
91 6.000000 6.000000 0.00894099999999999930
92 6.000000 5.000000 0.01123799999999999973
93 5.000000 5.000000 0.00974700000000000046
94 4.000000 4.000000 0.02584300000000000139
95 5.000000 5.000000 0.02861700000000000008
96 4.000000 4.000000 0.03783399999999999958
97 5.000000 5.000000 0.00911299999999999957
98 4.000000 4.000000 0.00914000000000000055
99 5.000000 5.000000 0.00942999999999999915
100 5.000000 5.000000 0.00918599999999999972
101 4.000000 4.000000 0.00904800000000000049
102 5.000000 5.000000 0.00931200000000000083
103 4.000000 4.000000 0.00942999999999999915
104 4.000000 4.000000 0.02590800000000000047
105 4.000000 4.000000 0.02594399999999999831
106 5.000000 5.000000 0.02615400000000000016
107 4.000000 4.000000 0.02290000000000000022
108 6.000000 5.000000 0.00909699999999999918
109 4.000000 4.000000 0.02571100000000000121
110 6.000000 5.000000 0.00920299999999999938
111 4.000000 4.000000 0.02180700000000000000
112 5.000000 5.000000 0.00945700000000000013
113 5.000000 5.000000 0.02563199999999999854
114 5.000000 5.000000 0.02547200000000000158
115 6.000000 5.000000 0.01266600000000000018
116 5.000000 5.000000 0.00931099999999999983
117 5.000000 5.000000 0.01066399999999999987
118 4.000000 4.000000 0.00968100000000000037
119 4.000000 4.000000 0.04646100000000000230
120 5.000000 5.000000 0.02531800000000000023
121 4.000000 4.000000 0.02610799999999999926
122 4.000000 4.000000 0.02580800000000000108
123 4.000000 4.000000 0.00909199999999999939
124 4.000000 4.000000 0.02654499999999999915
125 4.000000 4.000000 0.00946999999999999925
126 6.000000 6.000000 0.03702099999999999835
127 4.000000 4.000000 0.02648400000000000060
128 4.000000 4.000000 0.02147999999999999909
129 4.000000 4.000000 0.00809499999999999977
130 4.000000 4.000000 0.00819399999999999989
131 6.000000 5.000000 0.00986000000000000071
132 5.000000 5.000000 0.02624500000000000097
133 4.000000 4.000000 0.00971499999999999968
134 4.000000 4.000000 0.00928400000000000059
135 5.000000 5.000000 0.00885000000000000023
136 4.000000 4.000000 0.00911000000000000004
137 6.000000 6.000000 0.01042399999999999924
138 4.000000 4.000000 0.00916900000000000007
139 5.000000 5.000000 0.02590200000000000141
140 5.000000 5.000000 0.00924099999999999921
141 5.000000 5.000000 0.00884399999999999943
142 5.000000 5.000000 0.00927399999999999926
143 5.000000 5.000000 0.00917100000000000033
144 5.000000 5.000000 0.00932700000000000022
145 5.000000 5.000000 0.01017900000000000055
146 6.000000 6.000000 0.00900600000000000012
147 4.000000 4.000000 0.00905000000000000075
148 5.000000 5.000000 0.00910900000000000078
149 5.000000 5.000000 0.00914899999999999915
150 5.000000 5.000000 0.00884300000000000017
151 4.000000 4.000000 0.00960899999999999949
152 5.000000 5.000000 0.00911400000000000057
153 5.000000 5.000000 0.01046899999999999914
154 5.000000 5.000000 0.01024300000000000037
155 4.000000 4.000000 0.00871199999999999926
156 7.000000 6.000000 0.00938300000000000071
157 6.000000 5.000000 0.00857899999999999982
158 4.000000 4.000000 0.00908600000000000033
159 4.000000 4.000000 0.00909699999999999918
160 6.000000 6.000000 0.00975999999999999958
161 7.000000 6.000000 0.00983299999999999973
162 6.000000 5.000000 0.00868799999999999954
163 4.000000 4.000000 0.00909599999999999992
164 5.000000 5.000000 0.00886600000000000062
165 5.000000 5.000000 0.00872700000000000038
166 5.000000 5.000000 0.00980999999999999928
167 5.000000 5.000000 0.00905300000000000028
168 5.000000 5.000000 0.01030499999999999992
169 4.000000 4.000000 0.00931899999999999916
170 5.000000 5.000000 0.00938600000000000025
171 5.000000 5.000000 0.01036100000000000042
172 4.000000 4.000000 0.00994699999999999925
173 6.000000 5.000000 0.00928900000000000038
174 5.000000 5.000000 0.00931899999999999916
175 4.000000 4.000000 0.00968899999999999970
176 6.000000 6.000000 0.00928099999999999932
177 6.000000 5.000000 0.00901199999999999918
178 4.000000 4.000000 0.00926899999999999946
179 5.000000 5.000000 0.00945999999999999966
180 4.000000 4.000000 0.00969000000000000070
181 4.000000 4.000000 0.00986300000000000024
182 4.000000 4.000000 0.02635300000000000142
183 5.000000 5.000000 0.00942100000000000055
184 4.000000 4.000000 0.00931200000000000083
185 5.000000 5.000000 0.00923599999999999942
186 4.000000 4.000000 0.00920799999999999917
187 5.000000 5.000000 0.01009900000000000034
188 5.000000 5.000000 0.00924999999999999954
189 4.000000 4.000000 0.00924900000000000028
190 6.000000 5.000000 0.00919700000000000031
191 5.000000 5.000000 0.00918700000000000072
192 5.000000 5.000000 0.01012099999999999979
193 4.000000 4.000000 0.00934100000000000034
194 5.000000 5.000000 0.00951600000000000015
195 5.000000 5.000000 0.00919400000000000078
196 4.000000 4.000000 0.00911799999999999937
197 4.000000 4.000000 0.00912699999999999970
198 6.000000 6.000000 0.00902900000000000057
199 5.000000 5.000000 0.00891100000000000052
200 5.000000 5.000000 0.01039200000000000020
201 4.000000 4.000000 0.00937299999999999939
202 5.000000 5.000000 0.00893900000000000076
203 5.000000 5.000000 0.00887399999999999994
204 5.000000 5.000000 0.00876000000000000043
205 5.000000 5.000000 0.00873400000000000044
206 6.000000 5.000000 0.00919900000000000058
207 4.000000 4.000000 0.00906999999999999994
208 4.000000 4.000000 0.02645300000000000082
209 5.000000 5.000000 0.02617200000000000082
210 4.000000 4.000000 0.01009499999999999981
211 5.000000 5.000000 0.01153000000000000032
212 5.000000 5.000000 0.02656299999999999981
213 4.000000 4.000000 0.02687499999999999958
214 5.000000 5.000000 0.02649599999999999872
215 4.000000 4.000000 0.02658900000000000152
216 6.000000 6.000000 0.02604700000000000071
217 5.000000 5.000000 0.02658399999999999999
218 4.000000 4.000000 0.02672799999999999829
219 4.000000 4.000000 0.02672400000000000123
220 4.000000 4.000000 0.04618400000000000283
221 6.000000 6.000000 0.04374800000000000216
222 4.000000 4.000000 0.00920200000000000011
223 4.000000 4.000000 0.02581699999999999967
224 5.000000 5.000000 0.02563599999999999907
225 5.000000 5.000000 0.00929499999999999944
226 5.000000 5.000000 0.02198699999999999960
227 4.000000 4.000000 0.00970700000000000035
228 6.000000 6.000000 0.04982199999999999823
229 6.000000 6.000000 0.04271400000000000197
230 5.000000 5.000000 0.02983699999999999894
231 4.000000 4.000000 0.02729200000000000029
232 4.000000 4.000000 0.02204199999999999909
233 5.000000 5.000000 0.03382600000000000190
234 5.000000 5.000000 0.00972899999999999980
235 5.000000 5.000000 0.03902499999999999719
236 4.000000 4.000000 0.03774099999999999677
237 4.000000 4.000000 0.02573200000000000140
238 5.000000 5.000000 0.02324700000000000030
239 4.000000 4.000000 0.05776300000000000184
240 5.000000 5.000000 0.02192500000000000004
241 4.000000 4.000000 0.03451599999999999807
242 4.000000 4.000000 0.02485400000000000109
243 4.000000 4.000000 0.03309600000000000042
244 4.000000 4.000000 0.01154900000000000024
245 5.000000 5.000000 0.03513899999999999663
246 5.000000 5.000000 0.02799799999999999858
247 5.000000 5.000000 0.04537800000000000167
248 4.000000 4.000000 0.05470499999999999668
249 6.000000 5.000000 0.01739399999999999974
250 4.000000 4.000000 0.03031299999999999967
251 5.000000 5.000000 0.02342199999999999838
252 4.000000 4.000000 0.04148500000000000104
253 5.000000 5.000000 0.04569499999999999951
254 5.000000 5.000000 0.05232799999999999951
255 5.000000 5.000000 0.01839999999999999969
256 4.000000 4.000000 0.02332800000000000151
257 5.000000 5.000000 0.04652900000000000091
258 6.000000 6.000000 0.03249500000000000305
259 4.000000 4.000000 0.01728800000000000128
260 5.000000 5.000000 0.02417499999999999857
261 4.000000 4.000000 0.02579100000000000142
262 5.000000 5.000000 0.03325499999999999984
263 5.000000 5.000000 0.05669899999999999940
264 5.000000 5.000000 0.00934800000000000041
265 4.000000 4.000000 0.00935899999999999926
266 5.000000 5.000000 0.03358799999999999980
267 4.000000 4.000000 0.04734800000000000120
268 6.000000 5.000000 0.01235499999999999966
269 4.000000 4.000000 0.03167299999999999977
270 5.000000 5.000000 0.03411600000000000049
271 5.000000 5.000000 0.03391199999999999770
272 4.000000 4.000000 0.03388800000000000145
273 6.000000 6.000000 0.04230300000000000032
274 6.000000 5.000000 0.03341899999999999732
275 5.000000 5.000000 0.00927000000000000046
276 4.000000 4.000000 0.03779699999999999727
277 5.000000 5.000000 0.01008000000000000042
278 4.000000 4.000000 0.03832699999999999996
279 4.000000 4.000000 0.00927200000000000073
280 4.000000 4.000000 0.03391999999999999876
281 5.000000 5.000000 0.03360099999999999892
282 5.000000 5.000000 0.03364000000000000323
283 4.000000 4.000000 0.05604399999999999660
284 5.000000 5.000000 0.02577499999999999930
285 6.000000 5.000000 0.03362699999999999717
286 4.000000 4.000000 0.03341000000000000220
287 5.000000 5.000000 0.03655800000000000022
288 5.000000 5.000000 0.03375899999999999734
289 4.000000 4.000000 0.03344300000000000050
290 5.000000 5.000000 0.02301900000000000127
291 5.000000 5.000000 0.02905100000000000043
292 5.000000 5.000000 0.00912499999999999943
293 4.000000 4.000000 0.03011399999999999841
294 5.000000 5.000000 0.04147599999999999898
295 5.000000 5.000000 0.00882800000000000078
296 4.000000 4.000000 0.03423699999999999660
297 6.000000 6.000000 0.00961700000000000055
298 5.000000 5.000000 0.03384299999999999808
299 6.000000 5.000000 0.00987099999999999957
300 6.000000 5.000000 0.03449200000000000182
301 4.000000 4.000000 0.03359000000000000180
302 4.000000 4.000000 0.02156999999999999890
303 6.000000 6.000000 0.03370200000000000279
304 4.000000 4.000000 0.02578000000000000083
305 5.000000 5.000000 0.04965300000000000269
306 5.000000 5.000000 0.03339899999999999813
307 4.000000 4.000000 0.00962900000000000041
308 5.000000 5.000000 0.02711999999999999827
309 6.000000 5.000000 0.02568900000000000003
310 7.000000 6.000000 0.00971400000000000041
311 6.000000 5.000000 0.02547299999999999912
312 6.000000 5.000000 0.02545100000000000140
313 5.000000 5.000000 0.00926100000000000013
314 5.000000 5.000000 0.00897399999999999934
315 5.000000 5.000000 0.00953999999999999987
316 4.000000 4.000000 0.01515099999999999954
317 5.000000 5.000000 0.00895100000000000062
318 5.000000 5.000000 0.00847200000000000036
319 4.000000 4.000000 0.00894600000000000083
320 4.000000 4.000000 0.00879199999999999947
321 6.000000 5.000000 0.00947300000000000052
322 7.000000 6.000000 0.00811599999999999995
323 6.000000 6.000000 0.00831600000000000047
324 5.000000 5.000000 0.00879800000000000026
325 6.000000 5.000000 0.00945200000000000033
326 6.000000 5.000000 0.00850899999999999920
327 6.000000 5.000000 0.01017700000000000028
328 4.000000 4.000000 0.00848699999999999975
329 6.000000 5.000000 0.00909100000000000012
330 6.000000 6.000000 0.01098099999999999944
331 7.000000 5.000000 0.00932000000000000016
332 5.000000 5.000000 0.00930600000000000004
333 4.000000 4.000000 0.00949000000000000017
334 5.000000 5.000000 0.00866300000000000056
335 5.000000 5.000000 0.02026299999999999976
336 4.000000 4.000000 0.00871099999999999999
337 4.000000 4.000000 0.00863399999999999931
338 5.000000 5.000000 0.01089700000000000044
339 5.000000 5.000000 0.02621100000000000166
340 5.000000 5.000000 0.00856600000000000070
341 6.000000 5.000000 0.00831600000000000047
342 4.000000 4.000000 0.00851200000000000047
343 5.000000 5.000000 0.00892599999999999991
344 4.000000 4.000000 0.02285600000000000132
345 7.000000 6.000000 0.00954099999999999913
346 4.000000 4.000000 0.01811400000000000163
347 4.000000 4.000000 0.00943899999999999947
348 5.000000 5.000000 0.00848699999999999975
349 4.000000 4.000000 0.00855999999999999990
350 5.000000 5.000000 0.00858800000000000015
351 4.000000 4.000000 0.00937799999999999918
352 4.000000 4.000000 0.00962900000000000041
353 5.000000 5.000000 0.00973199999999999933
354 5.000000 5.000000 0.01085099999999999953
355 5.000000 5.000000 0.01021999999999999992
356 4.000000 4.000000 0.02520599999999999924
357 5.000000 5.000000 0.02882499999999999993
358 5.000000 5.000000 0.00862300000000000046
359 4.000000 4.000000 0.00872700000000000038
360 4.000000 4.000000 0.00839499999999999968
361 5.000000 5.000000 0.00942100000000000055
362 5.000000 5.000000 0.00848100000000000069
363 5.000000 5.000000 0.00849399999999999981
364 5.000000 5.000000 0.00846000000000000051
365 5.000000 5.000000 0.00835999999999999938
366 5.000000 5.000000 0.00826299999999999951
367 4.000000 4.000000 0.00841599999999999987
368 6.000000 5.000000 0.01141499999999999980
369 5.000000 5.000000 0.00963699999999999973
370 6.000000 6.000000 0.00952899999999999928
371 4.000000 4.000000 0.00859299999999999994
372 6.000000 5.000000 0.00863300000000000005
373 4.000000 4.000000 0.01250199999999999922
374 4.000000 4.000000 0.00905700000000000081
375 7.000000 5.000000 0.00956300000000000032
376 4.000000 4.000000 0.00862399999999999972
377 5.000000 5.000000 0.00833300000000000013
378 5.000000 5.000000 0.00856999999999999949
379 4.000000 4.000000 0.00810699999999999962
380 5.000000 5.000000 0.00919400000000000078
381 5.000000 5.000000 0.00857300000000000076
382 4.000000 4.000000 0.00827800000000000064
383 4.000000 4.000000 0.02532799999999999982
384 4.000000 4.000000 0.00903400000000000036
385 5.000000 5.000000 0.00939800000000000010
386 5.000000 5.000000 0.00940099999999999963
387 5.000000 5.000000 0.01004400000000000084
388 4.000000 4.000000 0.00941600000000000076
389 6.000000 6.000000 0.00931300000000000010
390 4.000000 4.000000 0.00936000000000000026
391 7.000000 6.000000 0.01010499999999999940
392 4.000000 4.000000 0.00948500000000000038
393 5.000000 5.000000 0.01037000000000000074
394 5.000000 5.000000 0.00943500000000000068
395 4.000000 4.000000 0.00876500000000000022
396 4.000000 4.000000 0.00962099999999999934
397 4.000000 4.000000 0.00931799999999999989
398 6.000000 5.000000 0.01051599999999999931
399 5.000000 5.000000 0.01057499999999999933
400 5.000000 5.000000 0.01057100000000000053
401 5.000000 5.000000 0.00921100000000000044
402 4.000000 4.000000 0.00951899999999999968
403 4.000000 4.000000 0.00944599999999999954
404 5.000000 5.000000 0.00928900000000000038
405 6.000000 6.000000 0.00929499999999999944
406 4.000000 4.000000 0.00946600000000000046
407 5.000000 5.000000 0.00966000000000000018
408 5.000000 5.000000 0.01083600000000000015
409 4.000000 4.000000 0.00977300000000000044
410 5.000000 5.000000 0.00958499999999999977
411 5.000000 5.000000 0.00958099999999999924
412 6.000000 5.000000 0.01078600000000000045
413 6.000000 6.000000 0.01711700000000000027
414 5.000000 5.000000 0.00845800000000000024
415 5.000000 5.000000 0.00843099999999999926
416 7.000000 6.000000 0.00811199999999999942
417 4.000000 4.000000 0.00849399999999999981
418 5.000000 5.000000 0.00940500000000000017
419 6.000000 5.000000 0.00915299999999999968
420 5.000000 5.000000 0.00851500000000000000
