1 10.000000 8.000000 0.32311899999999998956
2 10.000000 9.000000 0.04393400000000000083
3 8.000000 7.000000 0.02810800000000000104
4 10.000000 10.000000 0.02912800000000000111
5 7.000000 7.000000 0.03010600000000000082
6 5.000000 5.000000 0.01902999999999999831
7 8.000000 8.000000 0.02558600000000000110
8 8.000000 7.000000 0.02274299999999999933
9 7.000000 7.000000 0.01681699999999999862
10 9.000000 9.000000 0.01441199999999999946
11 10.000000 10.000000 0.01839100000000000110
12 8.000000 7.000000 0.02549399999999999930
13 7.000000 6.000000 0.03806999999999999967
14 6.000000 5.000000 0.01203599999999999982
15 5.000000 5.000000 0.01119299999999999982
16 6.000000 5.000000 0.01439600000000000081
17 9.000000 8.000000 0.01466300000000000069
18 10.000000 10.000000 0.01321499999999999932
19 12.000000 10.000000 0.01474999999999999922
20 5.000000 5.000000 0.01312400000000000025
21 9.000000 9.000000 0.01185899999999999975
22 4.000000 4.000000 0.01069200000000000012
23 6.000000 6.000000 0.01159199999999999987
24 9.000000 8.000000 0.01612500000000000044
25 10.000000 9.000000 0.01074899999999999987
26 9.000000 9.000000 0.01137200000000000016
27 9.000000 8.000000 0.01088300000000000031
28 5.000000 5.000000 0.01146400000000000023
29 5.000000 5.000000 0.01093700000000000054
30 10.000000 8.000000 0.01067700000000000073
31 8.000000 7.000000 0.01107400000000000051
32 6.000000 6.000000 0.01331500000000000045
33 10.000000 9.000000 0.01177800000000000027
34 7.000000 5.000000 0.01193499999999999943
35 6.000000 5.000000 0.01240100000000000056
36 8.000000 8.000000 0.01901200000000000112
37 7.000000 7.000000 0.01112299999999999921
38 6.000000 6.000000 0.01158799999999999934
39 7.000000 7.000000 0.01261299999999999921
40 5.000000 5.000000 0.01234900000000000060
41 7.000000 7.000000 0.01110500000000000029
42 9.000000 7.000000 0.01173699999999999917
43 5.000000 5.000000 0.01318899999999999934
44 5.000000 5.000000 0.01143800000000000025
45 6.000000 6.000000 0.01147399999999999982
46 12.000000 11.000000 0.01158400000000000055
47 8.000000 8.000000 0.01245600000000000006
48 8.000000 7.000000 0.01289799999999999974
49 7.000000 7.000000 0.01207500000000000066
50 5.000000 5.000000 0.01223999999999999914
51 6.000000 5.000000 0.01098599999999999924
52 7.000000 7.000000 0.01150900000000000013
53 10.000000 8.000000 0.01111000000000000008
54 6.000000 5.000000 0.02003999999999999879
55 9.000000 8.000000 0.01220599999999999984
56 6.000000 6.000000 0.01147199999999999956
57 8.000000 8.000000 0.01246599999999999965
58 11.000000 11.000000 0.01132999999999999979
59 8.000000 7.000000 0.01210899999999999997
60 6.000000 6.000000 0.01190699999999999918
61 4.000000 4.000000 0.01213400000000000069
62 8.000000 7.000000 0.01180100000000000073
63 5.000000 5.000000 0.01226200000000000033
64 7.000000 7.000000 0.01186100000000000002
65 10.000000 9.000000 0.01090299999999999950
66 4.000000 4.000000 0.01211100000000000024
67 8.000000 8.000000 0.01169100000000000000
68 8.000000 7.000000 0.01110000000000000049
69 6.000000 5.000000 0.01165799999999999996
70 6.000000 6.000000 0.01139899999999999941
71 6.000000 5.000000 0.01162799999999999945
72 5.000000 5.000000 0.01174500000000000023
73 10.000000 9.000000 0.01076900000000000079
74 9.000000 7.000000 0.01072000000000000036
75 5.000000 5.000000 0.01090299999999999950
76 11.000000 10.000000 0.01377199999999999952
77 8.000000 7.000000 0.01105300000000000032
78 5.000000 5.000000 0.01108499999999999937
79 4.000000 4.000000 0.01153900000000000065
80 10.000000 8.000000 0.01167400000000000035
81 14.000000 10.000000 0.01095499999999999946
82 9.000000 9.000000 0.01122699999999999913
83 6.000000 6.000000 0.01142800000000000066
84 8.000000 8.000000 0.01175700000000000009
85 9.000000 7.000000 0.01081999999999999976
86 6.000000 5.000000 0.01145499999999999990
87 7.000000 5.000000 0.01074499999999999934
88 5.000000 5.000000 0.01238700000000000044
89 6.000000 6.000000 0.01143300000000000045
90 14.000000 13.000000 0.01105100000000000006
91 11.000000 10.000000 0.01148099999999999989
92 7.000000 6.000000 0.01217700000000000032
93 10.000000 10.000000 0.01074600000000000034
94 7.000000 6.000000 0.01006400000000000003
95 6.000000 5.000000 0.01049500000000000086
96 7.000000 7.000000 0.01004200000000000058
97 9.000000 7.000000 0.01049600000000000012
98 4.000000 4.000000 0.01141000000000000000
99 5.000000 5.000000 0.02349100000000000146
100 9.000000 9.000000 0.02865099999999999938
101 9.000000 8.000000 0.01207699999999999919
102 5.000000 5.000000 0.01948099999999999832
103 12.000000 12.000000 0.02414499999999999980
104 7.000000 7.000000 0.01308199999999999988
105 4.000000 4.000000 0.01261199999999999995
106 8.000000 8.000000 0.01385300000000000073
107 10.000000 9.000000 0.01291600000000000040
108 9.000000 8.000000 0.01165599999999999969
109 8.000000 7.000000 0.01259900000000000082
110 9.000000 7.000000 0.01124299999999999952
111 10.000000 10.000000 0.01469299999999999946
112 14.000000 12.000000 0.01184100000000000083
113 9.000000 8.000000 0.02271099999999999855
114 7.000000 7.000000 0.01239999999999999956
115 11.000000 9.000000 0.01216199999999999920
116 6.000000 6.000000 0.01210499999999999944
117 7.000000 7.000000 0.01199799999999999998
118 12.000000 11.000000 0.01114899999999999919
119 9.000000 8.000000 0.01229200000000000084
120 5.000000 5.000000 0.01111000000000000008
121 10.000000 8.000000 0.01112400000000000021
122 11.000000 10.000000 0.01170799999999999966
123 7.000000 7.000000 0.01105700000000000086
124 7.000000 7.000000 0.01135599999999999977
125 4.000000 4.000000 0.01212000000000000056
126 11.000000 9.000000 0.01201100000000000084
127 4.000000 4.000000 0.01201400000000000037
128 4.000000 4.000000 0.02272700000000000067
129 7.000000 6.000000 0.01209900000000000038
130 10.000000 10.000000 0.01189199999999999979
131 10.000000 9.000000 0.01132200000000000047
132 5.000000 5.000000 0.01224599999999999994
133 5.000000 5.000000 0.01247700000000000024
134 11.000000 10.000000 0.01370200000000000064
135 15.000000 12.000000 0.01201299999999999937
136 5.000000 5.000000 0.01225000000000000047
137 11.000000 8.000000 0.01211500000000000077
138 6.000000 6.000000 0.01231400000000000029
139 9.000000 7.000000 0.01195700000000000061
140 5.000000 5.000000 0.01204299999999999989
141 8.000000 7.000000 0.01162599999999999918
142 9.000000 8.000000 0.01194899999999999955
143 7.000000 6.000000 0.01134100000000000039
144 15.000000 10.000000 0.01043700000000000010
145 8.000000 8.000000 0.01368600000000000025
146 7.000000 7.000000 0.01187599999999999940
147 8.000000 7.000000 0.01155400000000000003
148 5.000000 5.000000 0.01146400000000000023
149 7.000000 6.000000 0.01149000000000000021
150 6.000000 6.000000 0.01232499999999999915
151 4.000000 4.000000 0.01193600000000000043
152 6.000000 5.000000 0.01132200000000000047
153 6.000000 6.000000 0.01016300000000000016
154 7.000000 5.000000 0.01053300000000000070
155 7.000000 7.000000 0.01208700000000000052
156 9.000000 7.000000 0.01146699999999999976
157 6.000000 6.000000 0.01910600000000000145
158 5.000000 5.000000 0.01155899999999999983
159 4.000000 4.000000 0.02494100000000000136
160 5.000000 5.000000 0.01244600000000000047
161 9.000000 8.000000 0.01217099999999999953
162 5.000000 5.000000 0.01242300000000000001
163 13.000000 13.000000 0.01138800000000000055
164 11.000000 10.000000 0.01193899999999999996
165 4.000000 4.000000 0.01212599999999999963
166 13.000000 11.000000 0.02203600000000000003
167 9.000000 8.000000 0.01192900000000000037
168 8.000000 7.000000 0.01493300000000000009
169 5.000000 5.000000 0.01259500000000000029
170 6.000000 6.000000 0.01149900000000000054
171 7.000000 5.000000 0.01125300000000000085
172 5.000000 5.000000 0.01219600000000000024
173 17.000000 13.000000 0.03233500000000000263
174 9.000000 8.000000 0.01110500000000000029
175 5.000000 5.000000 0.01169599999999999980
176 11.000000 10.000000 0.01050599999999999971
177 8.000000 8.000000 0.01069499999999999965
178 4.000000 4.000000 0.01070699999999999950
179 4.000000 4.000000 0.02706799999999999831
180 8.000000 8.000000 0.01027999999999999921
181 8.000000 7.000000 0.01098499999999999997
182 11.000000 9.000000 0.01095600000000000046
183 9.000000 8.000000 0.01128000000000000010
184 6.000000 6.000000 0.02303499999999999992
185 9.000000 9.000000 0.02733400000000000066
186 8.000000 8.000000 0.03682099999999999956
187 8.000000 7.000000 0.03275299999999999739
188 5.000000 5.000000 0.03423600000000000254
189 6.000000 6.000000 0.01951599999999999863
190 11.000000 11.000000 0.01091400000000000009
191 6.000000 6.000000 0.01038399999999999913
192 6.000000 6.000000 0.01168100000000000041
193 7.000000 6.000000 0.01126599999999999997
194 9.000000 8.000000 0.01277700000000000016
195 9.000000 9.000000 0.01159100000000000061
196 7.000000 7.000000 0.01091499999999999936
197 9.000000 7.000000 0.01141799999999999933
198 8.000000 7.000000 0.01200799999999999958
199 14.000000 11.000000 0.01372699999999999962
200 9.000000 9.000000 0.01319299999999999987
201 7.000000 7.000000 0.02486199999999999868
202 6.000000 6.000000 0.02429299999999999862
203 8.000000 8.000000 0.02751899999999999832
204 7.000000 7.000000 0.02452700000000000019
205 8.000000 6.000000 0.02340599999999999972
206 5.000000 5.000000 0.02427299999999999944
207 6.000000 5.000000 0.02377900000000000152
208 5.000000 5.000000 0.02031600000000000072
209 7.000000 7.000000 0.02928400000000000100
210 8.000000 8.000000 0.02455600000000000144
211 8.000000 8.000000 0.01297000000000000063
212 8.000000 8.000000 0.01282900000000000013
213 9.000000 8.000000 0.01237100000000000005
214 5.000000 5.000000 0.01230799999999999950
215 7.000000 7.000000 0.01229799999999999990
216 6.000000 5.000000 0.01219199999999999971
217 7.000000 7.000000 0.01183200000000000050
218 14.000000 11.000000 0.01153900000000000065
219 9.000000 9.000000 0.01236499999999999926
220 8.000000 7.000000 0.02330000000000000127
221 9.000000 9.000000 0.01220399999999999957
222 4.000000 4.000000 0.01188299999999999947
223 10.000000 8.000000 0.02809000000000000039
224 7.000000 7.000000 0.01177300000000000048
225 6.000000 6.000000 0.01217500000000000006
226 4.000000 4.000000 0.01090200000000000023
227 4.000000 4.000000 0.01033399999999999944
228 6.000000 6.000000 0.01104699999999999953
229 5.000000 5.000000 0.01590799999999999853
230 8.000000 8.000000 0.04297999999999999737
231 11.000000 10.000000 0.01285200000000000058
232 11.000000 11.000000 0.01162499999999999992
233 5.000000 5.000000 0.01310000000000000053
234 8.000000 8.000000 0.01304400000000000004
235 7.000000 7.000000 0.01265400000000000032
236 12.000000 12.000000 0.01270699999999999955
237 13.000000 12.000000 0.01267000000000000071
238 5.000000 5.000000 0.02928499999999999853
239 6.000000 5.000000 0.02402699999999999975
240 13.000000 12.000000 0.01013700000000000018
241 10.000000 10.000000 0.02818100000000000119
242 10.000000 8.000000 0.05050899999999999834
243 8.000000 8.000000 0.01165500000000000043
244 12.000000 10.000000 0.01091499999999999936
245 5.000000 5.000000 0.01126300000000000044
246 7.000000 7.000000 0.01199500000000000045
247 8.000000 7.000000 0.01203500000000000056
248 7.000000 7.000000 0.01205299999999999948
249 6.000000 6.000000 0.01152700000000000079
250 5.000000 5.000000 0.01178399999999999934
251 10.000000 9.000000 0.01187399999999999914
252 4.000000 4.000000 0.01087300000000000072
253 8.000000 7.000000 0.01126800000000000024
254 8.000000 8.000000 0.02846500000000000072
255 11.000000 10.000000 0.01100600000000000016
256 8.000000 8.000000 0.01154799999999999924
257 11.000000 10.000000 0.01162799999999999945
258 5.000000 5.000000 0.01082299999999999929
259 10.000000 8.000000 0.02683599999999999874
260 8.000000 7.000000 0.01137400000000000043
261 4.000000 4.000000 0.03776100000000000290
262 7.000000 7.000000 0.01637100000000000014
263 7.000000 7.000000 0.04314199999999999979
264 5.000000 5.000000 0.03602299999999999947
265 8.000000 7.000000 0.01081400000000000070
266 5.000000 5.000000 0.01189400000000000006
267 10.000000 9.000000 0.01078899999999999998
268 12.000000 11.000000 0.01125100000000000058
269 5.000000 5.000000 0.01116499999999999958
270 9.000000 7.000000 0.01112699999999999974
271 7.000000 7.000000 0.01206600000000000034
272 5.000000 5.000000 0.01101899999999999928
273 9.000000 8.000000 0.01100499999999999916
274 8.000000 8.000000 0.01181100000000000032
275 9.000000 9.000000 0.01037199999999999928
276 6.000000 6.000000 0.01129100000000000069
277 11.000000 11.000000 0.01113300000000000053
278 7.000000 7.000000 0.01143899999999999952
279 5.000000 5.000000 0.01330500000000000085
280 8.000000 8.000000 0.01171600000000000072
281 8.000000 7.000000 0.01109100000000000016
282 7.000000 6.000000 0.01024500000000000063
283 6.000000 6.000000 0.01086200000000000013
284 6.000000 6.000000 0.04924499999999999711
285 7.000000 7.000000 0.02827800000000000105
286 5.000000 5.000000 0.01885200000000000070
287 11.000000 9.000000 0.01137099999999999916
288 4.000000 4.000000 0.01101300000000000022
289 4.000000 4.000000 0.01098799999999999950
290 7.000000 7.000000 0.01079600000000000004
291 10.000000 9.000000 0.02163599999999999898
292 6.000000 6.000000 0.01096399999999999979
293 10.000000 10.000000 0.01207300000000000040
294 8.000000 8.000000 0.01211500000000000077
295 6.000000 6.000000 0.01208299999999999999
296 7.000000 7.000000 0.01256299999999999951
297 9.000000 8.000000 0.01120400000000000042
298 10.000000 8.000000 0.01331000000000000065
299 9.000000 8.000000 0.02241399999999999990
300 5.000000 5.000000 0.01133699999999999986
301 10.000000 9.000000 0.01008000000000000042
302 7.000000 6.000000 0.01004200000000000058
303 6.000000 5.000000 0.01128999999999999969
304 11.000000 8.000000 0.01274300000000000085
305 6.000000 5.000000 0.01088800000000000011
306 4.000000 4.000000 0.01180499999999999952
307 9.000000 9.000000 0.01103200000000000014
308 10.000000 8.000000 0.01149599999999999927
309 10.000000 10.000000 0.01482900000000000017
310 5.000000 5.000000 0.02783899999999999916
311 7.000000 5.000000 0.01123000000000000040
312 6.000000 5.000000 0.01301000000000000073
313 7.000000 7.000000 0.01238500000000000018
314 5.000000 5.000000 0.01137999999999999949
315 4.000000 4.000000 0.01102400000000000081
316 5.000000 5.000000 0.01201600000000000064
317 8.000000 8.000000 0.01353299999999999989
318 8.000000 8.000000 0.02531200000000000117
319 5.000000 5.000000 0.01111400000000000061
320 7.000000 6.000000 0.01109800000000000023
321 7.000000 7.000000 0.01210699999999999971
322 6.000000 5.000000 0.01294799999999999944
323 4.000000 4.000000 0.01782200000000000104
324 5.000000 5.000000 0.01241800000000000022
325 5.000000 5.000000 0.01227299999999999919
326 10.000000 10.000000 0.01237000000000000079
327 7.000000 7.000000 0.01165700000000000069
328 4.000000 4.000000 0.01166700000000000029
329 12.000000 12.000000 0.01078400000000000018
330 8.000000 8.000000 0.01177399999999999974
331 14.000000 11.000000 0.01162499999999999992
332 7.000000 6.000000 0.01110300000000000002
333 7.000000 7.000000 0.01179000000000000013
334 11.000000 9.000000 0.01127599999999999957
335 4.000000 4.000000 0.01073099999999999922
336 13.000000 10.000000 0.01111700000000000015
337 4.000000 4.000000 0.01133800000000000086
338 8.000000 7.000000 0.01083800000000000041
339 8.000000 7.000000 0.01107799999999999931
340 9.000000 7.000000 0.01163900000000000004
341 8.000000 8.000000 0.01174700000000000050
342 6.000000 6.000000 0.01195399999999999935
343 10.000000 10.000000 0.01128799999999999942
344 7.000000 7.000000 0.02094499999999999834
345 6.000000 5.000000 0.01194500000000000076
346 9.000000 8.000000 0.01170999999999999992
347 6.000000 6.000000 0.01131700000000000067
348 8.000000 7.000000 0.01175700000000000009
349 6.000000 6.000000 0.01666099999999999873
350 11.000000 9.000000 0.01049500000000000086
351 4.000000 4.000000 0.02421900000000000094
352 7.000000 7.000000 0.01092599999999999995
353 4.000000 4.000000 0.01031600000000000052
354 7.000000 7.000000 0.01097000000000000058
355 6.000000 6.000000 0.01060299999999999958
356 5.000000 5.000000 0.01458300000000000048
357 4.000000 4.000000 0.01135099999999999998
358 5.000000 5.000000 0.01140099999999999968
359 6.000000 6.000000 0.01051299999999999978
360 4.000000 4.000000 0.01158900000000000034
361 8.000000 7.000000 0.01165799999999999996
362 9.000000 7.000000 0.01158200000000000028
363 7.000000 7.000000 0.01651700000000000043
364 8.000000 8.000000 0.01846899999999999931
365 6.000000 6.000000 0.01150900000000000013
366 10.000000 9.000000 0.01112499999999999947
367 5.000000 5.000000 0.01184999999999999942
368 9.000000 7.000000 0.01155199999999999977
369 7.000000 7.000000 0.01190100000000000012
370 6.000000 5.000000 0.01105800000000000012
371 8.000000 7.000000 0.01151600000000000019
372 4.000000 4.000000 0.01137299999999999943
373 7.000000 7.000000 0.01210199999999999991
374 9.000000 8.000000 0.01191099999999999971
375 9.000000 8.000000 0.01288899999999999942
376 8.000000 8.000000 0.02356899999999999967
377 5.000000 5.000000 0.01368699999999999951
378 8.000000 7.000000 0.01436199999999999977
379 6.000000 6.000000 0.01316600000000000062
380 5.000000 5.000000 0.01332599999999999930
381 8.000000 8.000000 0.01232300000000000062
382 7.000000 7.000000 0.02075400000000000161
383 9.000000 8.000000 0.01166000000000000023
384 5.000000 5.000000 0.02788500000000000006
385 8.000000 7.000000 0.01116100000000000078
386 8.000000 7.000000 0.01187999999999999994
387 4.000000 4.000000 0.01167499999999999961
388 9.000000 8.000000 0.01054199999999999929
389 6.000000 6.000000 0.01275699999999999924
390 6.000000 6.000000 0.01116699999999999984
391 4.000000 4.000000 0.01867399999999999963
392 6.000000 6.000000 0.01144000000000000052
393 5.000000 5.000000 0.02349400000000000099
394 10.000000 9.000000 0.01085599999999999933
395 10.000000 10.000000 0.01223300000000000082
396 6.000000 6.000000 0.01183200000000000050
397 13.000000 9.000000 0.01120999999999999948
398 10.000000 9.000000 0.01234700000000000034
399 7.000000 7.000000 0.01207599999999999993
400 4.000000 4.000000 0.01171499999999999972
401 8.000000 8.000000 0.02845800000000000066
402 7.000000 7.000000 0.03164100000000000246
403 5.000000 5.000000 0.01333299999999999937
404 8.000000 8.000000 0.01125100000000000058
405 4.000000 4.000000 0.01156300000000000036
406 7.000000 7.000000 0.01598799999999999874
407 5.000000 5.000000 0.01143399999999999972
408 7.000000 7.000000 0.01160500000000000073
409 11.000000 10.000000 0.01142600000000000039
410 6.000000 6.000000 0.01168800000000000047
411 9.000000 9.000000 0.01080599999999999963
412 4.000000 4.000000 0.01056799999999999927
413 5.000000 5.000000 0.01165000000000000063
414 7.000000 7.000000 0.01152500000000000052
415 10.000000 10.000000 0.01180499999999999952
416 13.000000 13.000000 0.01140000000000000041
417 11.000000 10.000000 0.01123700000000000046
418 4.000000 4.000000 0.02618900000000000047
419 6.000000 6.000000 0.01876999999999999849
420 5.000000 5.000000 0.01131599999999999967
