1 29.000000 26.000000 0.55756600000000000605
2 31.000000 28.000000 0.12009899999999999742
3 39.000000 37.000000 0.10647800000000000320
4 18.000000 17.000000 0.11136600000000000665
5 23.000000 22.000000 0.12590799999999999215
6 12.000000 12.000000 0.11332699999999999718
7 21.000000 21.000000 0.08595899999999999375
8 28.000000 28.000000 0.09786200000000000454
9 35.000000 28.000000 0.07874200000000000643
10 29.000000 27.000000 0.10529900000000000371
11 33.000000 28.000000 0.04280400000000000177
12 30.000000 25.000000 0.10928499999999999326
13 31.000000 31.000000 0.04901500000000000301
14 23.000000 20.000000 0.12875400000000000733
15 27.000000 23.000000 0.06562099999999999878
16 39.000000 33.000000 0.04687500000000000000
17 23.000000 22.000000 0.06354899999999999438
18 18.000000 16.000000 0.04834999999999999715
19 32.000000 27.000000 0.04055399999999999977
20 25.000000 22.000000 0.04100000000000000172
21 51.000000 43.000000 0.05301000000000000156
22 24.000000 22.000000 0.03669700000000000045
23 24.000000 23.000000 0.05365899999999999836
24 35.000000 31.000000 0.11187199999999999922
25 40.000000 38.000000 0.11391300000000000037
26 23.000000 19.000000 0.05350599999999999801
27 45.000000 35.000000 0.08914099999999999802
28 27.000000 25.000000 0.04955799999999999789
29 38.000000 34.000000 0.07375199999999999811
30 28.000000 25.000000 0.05785400000000000265
31 21.000000 19.000000 0.06109900000000000053
32 29.000000 24.000000 0.03933199999999999891
33 34.000000 31.000000 0.08164100000000000523
34 40.000000 34.000000 0.03050999999999999893
35 43.000000 37.000000 0.03291100000000000275
36 28.000000 23.000000 0.06502800000000000247
37 38.000000 32.000000 0.05908700000000000063
38 35.000000 32.000000 0.04380799999999999972
39 45.000000 40.000000 0.03246299999999999880
40 32.000000 30.000000 0.04082399999999999918
41 20.000000 17.000000 0.05284500000000000308
42 24.000000 21.000000 0.05167900000000000271
43 30.000000 30.000000 0.06256100000000000549
44 30.000000 28.000000 0.04753399999999999986
45 46.000000 36.000000 0.03450799999999999701
46 26.000000 26.000000 0.03542499999999999816
47 35.000000 30.000000 0.04255699999999999761
48 42.000000 39.000000 0.03995699999999999946
49 33.000000 33.000000 0.03580599999999999755
50 37.000000 33.000000 0.04356100000000000250
51 38.000000 35.000000 0.06948899999999999522
52 24.000000 22.000000 0.10428300000000000070
53 38.000000 35.000000 0.05801499999999999713
54 18.000000 14.000000 0.11421099999999999308
55 36.000000 33.000000 0.05907699999999999757
56 30.000000 28.000000 0.04810099999999999792
57 39.000000 37.000000 0.07494399999999999673
58 29.000000 27.000000 0.17586499999999999355
59 21.000000 20.000000 0.05369199999999999667
60 37.000000 34.000000 0.04841899999999999676
61 25.000000 23.000000 0.05607299999999999784
62 20.000000 17.000000 0.06755800000000000693
63 27.000000 26.000000 0.10210800000000000431
64 23.000000 23.000000 0.04942599999999999771
65 28.000000 27.000000 0.05326999999999999791
66 33.000000 29.000000 0.02924699999999999869
67 10.000000 10.000000 0.04831799999999999984
68 26.000000 25.000000 0.07101000000000000367
69 28.000000 27.000000 0.02905699999999999950
70 39.000000 35.000000 0.05631900000000000100
71 23.000000 22.000000 0.14271200000000000552
72 29.000000 25.000000 0.07578799999999999426
73 16.000000 16.000000 0.10343199999999999616
74 7.000000 7.000000 0.05043799999999999673
75 28.000000 22.000000 0.06684700000000000364
76 22.000000 22.000000 0.08461799999999999877
77 31.000000 30.000000 0.09669300000000000117
78 43.000000 35.000000 0.04161800000000000221
79 32.000000 28.000000 0.04535700000000000148
80 36.000000 31.000000 0.02920199999999999879
81 31.000000 28.000000 0.06827800000000000535
82 10.000000 10.000000 0.03222900000000000070
83 45.000000 41.000000 0.08938400000000000512
84 21.000000 21.000000 0.08565499999999999503
85 31.000000 27.000000 0.15900100000000000344
86 16.000000 15.000000 0.09127000000000000390
87 34.000000 29.000000 0.07850400000000000433
88 28.000000 28.000000 0.06589200000000000612
89 13.000000 12.000000 0.10054000000000000437
90 39.000000 37.000000 0.04048899999999999721
91 37.000000 33.000000 0.07342500000000000415
92 22.000000 21.000000 0.11630799999999999472
93 20.000000 18.000000 0.06399000000000000521
94 32.000000 28.000000 0.11776899999999999868
95 14.000000 13.000000 0.10794399999999999828
96 11.000000 11.000000 0.09741700000000000359
97 33.000000 30.000000 0.08524600000000000233
98 35.000000 33.000000 0.08082300000000000595
99 24.000000 23.000000 0.08177199999999999747
100 16.000000 16.000000 0.12810199999999999365
101 26.000000 23.000000 0.07190900000000000070
102 37.000000 37.000000 0.07289400000000000046
103 35.000000 31.000000 0.07678400000000000503
104 36.000000 30.000000 0.13650000000000001021
105 36.000000 31.000000 0.09189100000000000046
106 21.000000 19.000000 0.03965400000000000175
107 23.000000 22.000000 0.03091599999999999904
108 42.000000 39.000000 0.07510500000000000509
109 14.000000 13.000000 0.06592399999999999649
110 17.000000 16.000000 0.04257400000000000073
111 36.000000 33.000000 0.05542199999999999904
112 46.000000 41.000000 0.08120199999999999640
113 29.000000 26.000000 0.04002900000000000208
114 15.000000 15.000000 0.05376999999999999835
115 24.000000 23.000000 0.04043000000000000066
116 31.000000 27.000000 0.05633099999999999913
117 21.000000 18.000000 0.17192499999999999449
118 13.000000 13.000000 0.03226699999999999707
119 27.000000 25.000000 0.06596000000000000474
120 18.000000 16.000000 0.03454200000000000326
121 52.000000 50.000000 0.03677799999999999819
122 32.000000 31.000000 0.06292000000000000370
123 26.000000 25.000000 0.04784299999999999664
124 35.000000 32.000000 0.02360100000000000045
125 34.000000 33.000000 0.07273899999999999810
126 32.000000 28.000000 0.07639500000000000457
127 24.000000 20.000000 0.11133899999999999353
128 35.000000 33.000000 0.08555799999999999517
129 9.000000 9.000000 0.06246999999999999775
130 54.000000 45.000000 0.07006500000000000228
131 16.000000 15.000000 0.12145799999999999652
132 32.000000 29.000000 0.06515799999999999370
133 28.000000 24.000000 0.07855299999999999783
134 30.000000 27.000000 0.09909300000000000053
135 29.000000 24.000000 0.07624499999999999333
136 21.000000 20.000000 0.08714800000000000324
137 42.000000 36.000000 0.07298799999999999732
138 19.000000 18.000000 0.11317399999999999682
139 24.000000 23.000000 0.05896900000000000058
140 18.000000 17.000000 0.04211399999999999866
141 24.000000 21.000000 0.05497099999999999903
142 13.000000 13.000000 0.06612899999999999334
143 33.000000 30.000000 0.04610000000000000209
144 39.000000 38.000000 0.05184199999999999919
145 38.000000 29.000000 0.02878599999999999909
146 22.000000 20.000000 0.04199200000000000155
147 19.000000 19.000000 0.04612999999999999740
148 37.000000 33.000000 0.04790400000000000214
149 44.000000 40.000000 0.02919700000000000073
150 26.000000 23.000000 0.06186099999999999932
151 24.000000 23.000000 0.07722700000000000398
152 28.000000 28.000000 0.04993000000000000216
153 19.000000 17.000000 0.04877700000000000091
154 26.000000 23.000000 0.09448199999999999654
155 22.000000 20.000000 0.09452299999999999591
156 26.000000 24.000000 0.08616899999999999560
157 35.000000 33.000000 0.06355600000000000138
158 44.000000 39.000000 0.05496700000000000197
159 35.000000 31.000000 0.04479799999999999754
160 32.000000 30.000000 0.03608299999999999702
161 23.000000 20.000000 0.06043500000000000261
162 20.000000 20.000000 0.06328999999999999904
163 33.000000 30.000000 0.06233400000000000052
164 32.000000 28.000000 0.05057899999999999896
165 24.000000 18.000000 0.04023100000000000287
166 25.000000 22.000000 0.08022200000000000164
167 18.000000 17.000000 0.06902400000000000202
168 34.000000 30.000000 0.04957899999999999807
169 33.000000 30.000000 0.08224800000000000166
170 20.000000 18.000000 0.04779599999999999821
171 25.000000 23.000000 0.12480900000000000327
172 38.000000 36.000000 0.09483500000000000263
173 23.000000 21.000000 0.04166500000000000065
174 40.000000 37.000000 0.05245999999999999969
175 13.000000 13.000000 0.05907799999999999857
176 18.000000 18.000000 0.07451399999999999690
177 20.000000 19.000000 0.04941199999999999759
178 27.000000 25.000000 0.03394799999999999901
179 13.000000 12.000000 0.05055400000000000171
180 38.000000 36.000000 0.02751699999999999979
181 35.000000 34.000000 0.04878400000000000097
182 38.000000 35.000000 0.05023099999999999787
183 36.000000 28.000000 0.06792499999999999927
184 32.000000 24.000000 0.06337900000000000478
185 7.000000 7.000000 0.07976400000000000157
186 17.000000 12.000000 0.05339900000000000202
187 44.000000 37.000000 0.05033900000000000180
188 35.000000 32.000000 0.03665700000000000208
189 22.000000 19.000000 0.07328500000000000292
190 11.000000 11.000000 0.04628399999999999875
191 32.000000 26.000000 0.04624099999999999738
192 30.000000 29.000000 0.04582399999999999668
193 30.000000 26.000000 0.05003200000000000008
194 27.000000 20.000000 0.05377900000000000041
195 38.000000 36.000000 0.03589799999999999935
196 25.000000 25.000000 0.06855999999999999595
197 30.000000 23.000000 0.04535000000000000142
198 56.000000 49.000000 0.02507099999999999954
199 42.000000 39.000000 0.02494299999999999989
200 43.000000 38.000000 0.04883799999999999947
201 42.000000 39.000000 0.05037799999999999917
202 17.000000 16.000000 0.04121799999999999770
203 21.000000 19.000000 0.02895899999999999863
204 27.000000 23.000000 0.11309099999999999708
205 22.000000 22.000000 0.11926399999999999502
206 31.000000 29.000000 0.09758000000000000007
207 37.000000 37.000000 0.03813600000000000323
208 11.000000 11.000000 0.06015299999999999814
209 43.000000 35.000000 0.04374900000000000316
210 45.000000 39.000000 0.07268900000000000361
211 43.000000 38.000000 0.05081399999999999806
212 25.000000 23.000000 0.10204000000000000570
213 43.000000 36.000000 0.04388899999999999746
214 31.000000 27.000000 0.03837200000000000333
215 22.000000 17.000000 0.04007800000000000251
216 19.000000 15.000000 0.06596200000000000674
217 30.000000 24.000000 0.09030900000000000039
218 37.000000 31.000000 0.07181899999999999396
219 34.000000 32.000000 0.03288200000000000151
220 26.000000 22.000000 0.03119200000000000098
221 34.000000 30.000000 0.07365299999999999625
222 26.000000 26.000000 0.04778099999999999709
223 28.000000 24.000000 0.04754699999999999899
224 30.000000 26.000000 0.04390800000000000258
225 25.000000 24.000000 0.05401100000000000345
226 43.000000 40.000000 0.05018899999999999750
227 25.000000 23.000000 0.04702900000000000136
228 25.000000 23.000000 0.08391500000000000348
229 19.000000 19.000000 0.12127000000000000279
230 21.000000 19.000000 0.11042699999999999738
231 27.000000 22.000000 0.05139300000000000118
232 19.000000 19.000000 0.07742100000000000370
233 18.000000 18.000000 0.04609100000000000003
234 29.000000 24.000000 0.06484800000000000286
235 37.000000 34.000000 0.06182800000000000101
236 32.000000 30.000000 0.08534100000000000019
237 29.000000 25.000000 0.07561700000000000366
238 29.000000 29.000000 0.10399799999999999323
239 7.000000 7.000000 0.04821799999999999697
240 7.000000 7.000000 0.10625800000000000523
241 14.000000 13.000000 0.03587499999999999717
242 35.000000 32.000000 0.01578600000000000142
243 38.000000 34.000000 0.10956699999999999773
244 44.000000 40.000000 0.02509099999999999872
245 27.000000 26.000000 0.05122299999999999770
246 32.000000 30.000000 0.07990099999999999980
247 32.000000 27.000000 0.10531999999999999695
248 29.000000 29.000000 0.04610899999999999721
249 23.000000 21.000000 0.12399899999999999811
250 33.000000 32.000000 0.10553700000000000581
251 15.000000 13.000000 0.10895599999999999730
252 31.000000 27.000000 0.10720300000000000662
253 36.000000 35.000000 0.06589499999999999524
254 21.000000 19.000000 0.11461000000000000354
255 19.000000 19.000000 0.05249600000000000100
256 21.000000 20.000000 0.08522100000000000508
257 16.000000 16.000000 0.10180599999999999372
258 25.000000 25.000000 0.04807499999999999968
259 13.000000 13.000000 0.05000000000000000278
260 36.000000 31.000000 0.05275500000000000328
261 37.000000 32.000000 0.04127299999999999719
262 13.000000 11.000000 0.04141999999999999849
263 22.000000 20.000000 0.02425000000000000072
264 29.000000 23.000000 0.03845099999999999907
265 32.000000 27.000000 0.03381100000000000078
266 51.000000 40.000000 0.02804200000000000095
267 41.000000 32.000000 0.05293699999999999795
268 52.000000 45.000000 0.05097899999999999654
269 17.000000 15.000000 0.14160500000000000864
270 16.000000 16.000000 0.08560900000000000454
271 26.000000 25.000000 0.04219799999999999940
272 41.000000 34.000000 0.10141699999999999326
273 29.000000 26.000000 0.06278000000000000247
274 36.000000 31.000000 0.05341499999999999720
275 21.000000 21.000000 0.03579199999999999743
276 32.000000 29.000000 0.05402300000000000157
277 49.000000 43.000000 0.03120500000000000010
278 32.000000 32.000000 0.02699000000000000010
279 19.000000 18.000000 0.05629599999999999882
280 29.000000 27.000000 0.02675999999999999907
281 27.000000 26.000000 0.09639999999999999958
282 39.000000 34.000000 0.03726700000000000151
283 43.000000 37.000000 0.06229200000000000015
284 7.000000 7.000000 0.08676100000000000478
285 18.000000 18.000000 0.06524699999999999944
286 23.000000 22.000000 0.05262300000000000311
287 54.000000 47.000000 0.10503200000000000036
288 22.000000 21.000000 0.08112400000000000166
289 15.000000 14.000000 0.04851799999999999863
290 29.000000 26.000000 0.08808599999999999763
291 50.000000 45.000000 0.11619500000000000661
292 13.000000 12.000000 0.03621800000000000019
293 23.000000 21.000000 0.04452099999999999808
294 20.000000 15.000000 0.03962600000000000150
295 45.000000 39.000000 0.05169900000000000190
296 32.000000 28.000000 0.02667699999999999932
297 14.000000 13.000000 0.06786599999999999577
298 23.000000 21.000000 0.05890000000000000097
299 14.000000 13.000000 0.04425899999999999973
300 37.000000 32.000000 0.04889099999999999696
301 59.000000 43.000000 0.02226099999999999954
302 41.000000 37.000000 0.03776199999999999696
303 16.000000 16.000000 0.06564200000000000590
304 15.000000 15.000000 0.04631199999999999900
305 24.000000 21.000000 0.04758600000000000330
306 20.000000 19.000000 0.12737200000000001299
307 11.000000 11.000000 0.10439400000000000068
308 21.000000 20.000000 0.02369500000000000078
309 17.000000 14.000000 0.03721399999999999708
310 48.000000 41.000000 0.02760900000000000160
311 50.000000 42.000000 0.03114300000000000054
312 19.000000 17.000000 0.09452399999999999691
313 28.000000 28.000000 0.04290399999999999769
314 16.000000 15.000000 0.05399799999999999739
315 44.000000 42.000000 0.03193900000000000211
316 21.000000 17.000000 0.05104100000000000303
317 44.000000 42.000000 0.02806600000000000067
318 37.000000 34.000000 0.05676599999999999702
319 22.000000 21.000000 0.05159299999999999997
320 28.000000 27.000000 0.09370900000000000063
321 24.000000 23.000000 0.03322800000000000059
322 27.000000 20.000000 0.04394200000000000189
323 14.000000 14.000000 0.08177800000000000347
324 26.000000 23.000000 0.05963199999999999751
325 32.000000 28.000000 0.05703199999999999936
326 16.000000 16.000000 0.06136500000000000288
327 34.000000 29.000000 0.10951099999999999723
328 30.000000 27.000000 0.04392900000000000277
329 25.000000 24.000000 0.04389099999999999946
330 43.000000 39.000000 0.04860899999999999943
331 28.000000 25.000000 0.03669800000000000145
332 34.000000 29.000000 0.02551499999999999949
333 33.000000 30.000000 0.07351599999999999802
334 38.000000 33.000000 0.04542500000000000010
335 23.000000 23.000000 0.04809499999999999886
336 57.000000 46.000000 0.03477899999999999742
337 16.000000 15.000000 0.03171399999999999914
338 22.000000 21.000000 0.05469399999999999956
339 13.000000 13.000000 0.04130700000000000344
340 27.000000 23.000000 0.06001299999999999690
341 41.000000 39.000000 0.01890899999999999873
342 38.000000 33.000000 0.04515899999999999775
343 28.000000 28.000000 0.06929399999999999449
344 29.000000 27.000000 0.02620400000000000160
345 24.000000 19.000000 0.07545100000000000418
346 32.000000 28.000000 0.04910599999999999687
347 25.000000 23.000000 0.08553499999999999992
348 45.000000 34.000000 0.04075000000000000150
349 14.000000 14.000000 0.04841499999999999970
350 50.000000 42.000000 0.03027399999999999883
351 33.000000 33.000000 0.05316300000000000192
352 12.000000 10.000000 0.11715699999999999725
353 40.000000 33.000000 0.06130399999999999738
354 32.000000 29.000000 0.04164299999999999946
355 24.000000 20.000000 0.07229199999999999515
356 28.000000 24.000000 0.06733999999999999708
357 25.000000 21.000000 0.05458500000000000157
358 12.000000 12.000000 0.04829399999999999665
359 16.000000 14.000000 0.08298700000000000521
360 38.000000 35.000000 0.04183800000000000019
361 48.000000 42.000000 0.03425000000000000266
362 22.000000 22.000000 0.05999800000000000272
363 35.000000 33.000000 0.04803999999999999937
364 21.000000 17.000000 0.04959899999999999726
365 17.000000 16.000000 0.02906500000000000056
366 18.000000 18.000000 0.05546600000000000141
367 30.000000 26.000000 0.04173899999999999832
368 14.000000 13.000000 0.07547900000000000442
369 25.000000 22.000000 0.08508899999999999797
370 27.000000 24.000000 0.06557499999999999440
371 43.000000 37.000000 0.02633200000000000124
372 36.000000 29.000000 0.04150899999999999729
373 28.000000 27.000000 0.05283199999999999702
374 22.000000 20.000000 0.06705600000000000449
375 21.000000 17.000000 0.11172200000000000186
376 29.000000 26.000000 0.05210399999999999754
377 18.000000 17.000000 0.05010900000000000076
378 29.000000 29.000000 0.02100799999999999890
379 26.000000 23.000000 0.05932500000000000273
380 42.000000 37.000000 0.06897300000000000653
381 37.000000 31.000000 0.07573299999999999477
382 25.000000 23.000000 0.03534999999999999948
383 36.000000 29.000000 0.04186999999999999750
384 26.000000 21.000000 0.05741099999999999676
385 36.000000 34.000000 0.04369699999999999973
386 15.000000 14.000000 0.04632399999999999712
387 11.000000 11.000000 0.06744100000000000095
388 44.000000 40.000000 0.07116000000000000103
389 28.000000 25.000000 0.11025200000000000278
390 47.000000 40.000000 0.09067400000000000460
391 20.000000 18.000000 0.08735199999999999909
392 39.000000 37.000000 0.08544300000000000506
393 29.000000 27.000000 0.07423899999999999944
394 29.000000 23.000000 0.05687500000000000194
395 19.000000 18.000000 0.05629399999999999682
396 23.000000 21.000000 0.04184000000000000219
397 25.000000 22.000000 0.04732399999999999801
398 20.000000 17.000000 0.05182900000000000007
399 42.000000 36.000000 0.02751100000000000073
400 28.000000 25.000000 0.04024099999999999899
401 37.000000 33.000000 0.05068399999999999989
402 30.000000 24.000000 0.03762800000000000172
403 45.000000 39.000000 0.03543000000000000316
404 28.000000 26.000000 0.02920400000000000079
405 32.000000 28.000000 0.04610299999999999815
406 16.000000 14.000000 0.08316999999999999393
407 30.000000 25.000000 0.05400699999999999945
408 33.000000 28.000000 0.08047999999999999599
409 15.000000 15.000000 0.08899200000000000166
410 42.000000 36.000000 0.04370199999999999779
411 23.000000 21.000000 0.09861200000000000521
412 21.000000 19.000000 0.09080299999999999483
413 31.000000 28.000000 0.07325500000000000067
414 14.000000 13.000000 0.06607000000000000373
415 35.000000 29.000000 0.10946999999999999786
416 36.000000 32.000000 0.07829099999999999948
417 24.000000 24.000000 0.14366899999999999116
418 23.000000 22.000000 0.05603199999999999847
419 22.000000 22.000000 0.06482899999999999774
420 24.000000 20.000000 0.05543499999999999817
