1 72.000000 66.000000 0.82675100000000001366
2 51.000000 49.000000 0.28261300000000000310
3 77.000000 69.000000 0.27724700000000002120
4 86.000000 69.000000 0.79733200000000004071
5 51.000000 40.000000 0.47492299999999998406
6 79.000000 63.000000 0.13406699999999999173
7 83.000000 72.000000 0.15866099999999999648
8 46.000000 39.000000 0.21468599999999998795
9 92.000000 72.000000 0.16694000000000000505
10 81.000000 66.000000 0.70615799999999995240
11 112.000000 93.000000 0.49603900000000000770
12 64.000000 56.000000 0.19940700000000000092
13 72.000000 64.000000 0.51721200000000000507
14 59.000000 55.000000 0.19309299999999998687
15 63.000000 53.000000 0.47763899999999998025
16 31.000000 31.000000 0.38627899999999998348
17 72.000000 67.000000 0.22273799999999999155
18 82.000000 68.000000 0.17196500000000000674
19 70.000000 69.000000 0.10291999999999999760
20 127.000000 114.000000 0.03914399999999999824
21 32.000000 29.000000 0.16521800000000000375
22 31.000000 27.000000 0.40222700000000000120
23 113.000000 102.000000 0.06850799999999999945
24 64.000000 60.000000 0.12615100000000001312
25 57.000000 52.000000 0.32046299999999999786
26 86.000000 75.000000 0.21243699999999998695
27 45.000000 40.000000 0.13304099999999999260
28 80.000000 72.000000 0.13342200000000001281
29 54.000000 51.000000 0.24997099999999999875
30 78.000000 69.000000 0.09922400000000000664
31 48.000000 45.000000 0.15406900000000001150
32 35.000000 35.000000 0.21607799999999999230
33 107.000000 85.000000 0.22510399999999999854
34 73.000000 66.000000 0.29264600000000001723
35 65.000000 63.000000 0.11604100000000000525
36 65.000000 56.000000 0.04839799999999999658
37 73.000000 64.000000 0.21035699999999998844
38 54.000000 44.000000 0.46248499999999997945
39 44.000000 37.000000 0.46513300000000001866
40 36.000000 32.000000 0.28207100000000001616
41 54.000000 50.000000 0.21898100000000000898
42 56.000000 45.000000 0.16349500000000000144
43 62.000000 50.000000 0.26165899999999997494
44 55.000000 55.000000 0.23106199999999998962
45 46.000000 46.000000 0.13712699999999999889
46 79.000000 72.000000 0.21458699999999999997
47 78.000000 72.000000 0.16071900000000000075
48 56.000000 49.000000 0.42453299999999999370
49 49.000000 45.000000 0.14249200000000000754
50 56.000000 51.000000 0.25681799999999999073
51 94.000000 80.000000 0.51344900000000004425
52 61.000000 51.000000 0.33968599999999998795
53 51.000000 46.000000 0.27593299999999998384
54 95.000000 79.000000 0.12377399999999999514
55 46.000000 40.000000 0.21575500000000000234
56 50.000000 45.000000 0.39801300000000000567
57 38.000000 32.000000 0.25594499999999997808
58 83.000000 76.000000 0.09579899999999999527
59 58.000000 56.000000 0.08522100000000000508
60 64.000000 63.000000 0.12490900000000000614
61 24.000000 21.000000 0.23338200000000000611
62 24.000000 20.000000 0.25927800000000000846
63 96.000000 82.000000 0.07086299999999999544
64 55.000000 47.000000 0.10664300000000000168
65 60.000000 53.000000 0.14827999999999999514
66 43.000000 38.000000 0.24202499999999999014
67 75.000000 67.000000 0.28632699999999999818
68 36.000000 34.000000 0.22437000000000001387
69 41.000000 41.000000 0.40667700000000001070
70 48.000000 44.000000 0.40759099999999998110
71 85.000000 77.000000 0.13334399999999999031
72 17.000000 17.000000 0.41687800000000002631
73 64.000000 55.000000 0.12768899999999999695
74 64.000000 50.000000 0.25930999999999998495
75 50.000000 45.000000 0.20382500000000000617
76 48.000000 42.000000 0.37345699999999998342
77 60.000000 47.000000 0.37489800000000000901
78 72.000000 52.000000 0.22315399999999999125
79 65.000000 61.000000 0.17481700000000000017
80 76.000000 69.000000 0.24656500000000000639
81 83.000000 79.000000 0.09098900000000000043
82 69.000000 62.000000 0.08261100000000000387
83 73.000000 68.000000 0.17635999999999998900
84 50.000000 47.000000 0.26705499999999998684
85 75.000000 63.000000 0.11189699999999999647
86 51.000000 48.000000 0.34044000000000002037
87 49.000000 40.000000 0.34649400000000002420
88 52.000000 48.000000 0.31552200000000002467
89 79.000000 69.000000 0.17529300000000000437
90 70.000000 65.000000 0.26272200000000001108
91 25.000000 22.000000 0.36481900000000000439
92 27.000000 26.000000 0.38726199999999999513
93 67.000000 60.000000 0.19589400000000001256
94 60.000000 59.000000 0.14713499999999998802
95 72.000000 57.000000 0.44044400000000000217
96 64.000000 60.000000 0.02694500000000000020
97 87.000000 74.000000 0.10194499999999999396
98 99.000000 84.000000 0.12698000000000000953
99 30.000000 28.000000 0.57050500000000003986
100 69.000000 62.000000 0.14101199999999999846
101 19.000000 19.000000 0.22830300000000000593
102 49.000000 43.000000 0.40587800000000001654
103 51.000000 50.000000 0.27048100000000002696
104 60.000000 54.000000 0.17124000000000000332
105 65.000000 62.000000 0.15188699999999999424
106 61.000000 55.000000 0.15741399999999999837
107 52.000000 49.000000 0.16120200000000001195
108 50.000000 48.000000 0.15237899999999998668
109 68.000000 56.000000 0.28340900000000002201
110 48.000000 44.000000 0.06161099999999999910
111 45.000000 45.000000 0.49058699999999999530
112 42.000000 35.000000 0.42429400000000000448
113 78.000000 77.000000 0.05626599999999999657
114 85.000000 72.000000 0.15777399999999999758
115 49.000000 47.000000 0.18712200000000001054
116 54.000000 54.000000 0.15554799999999999183
117 62.000000 57.000000 0.23269599999999998619
118 71.000000 64.000000 0.07433900000000000230
119 81.000000 81.000000 0.03238400000000000306
120 88.000000 86.000000 0.12477699999999999902
121 38.000000 37.000000 0.23944999999999999618
122 54.000000 46.000000 0.18988499999999999823
123 93.000000 88.000000 0.14798000000000000043
124 30.000000 25.000000 0.13732099999999999862
125 61.000000 60.000000 0.24894499999999999962
126 62.000000 56.000000 0.25314900000000001290
127 58.000000 51.000000 0.34445799999999998642
128 65.000000 52.000000 0.36699199999999998489
129 36.000000 32.000000 0.05187499999999999750
130 60.000000 49.000000 0.09612199999999999911
131 68.000000 60.000000 0.07897800000000000653
132 43.000000 42.000000 0.17239199999999998969
133 25.000000 22.000000 0.28678799999999998738
134 38.000000 37.000000 0.24411399999999999766
135 87.000000 76.000000 0.09380700000000000149
136 57.000000 57.000000 0.19287799999999999390
137 82.000000 80.000000 0.18649899999999999811
138 93.000000 77.000000 0.14770800000000000596
139 107.000000 101.000000 0.08333599999999999342
140 67.000000 58.000000 0.17027999999999998693
141 74.000000 64.000000 0.14451600000000000557
142 29.000000 26.000000 0.18090700000000001224
143 78.000000 70.000000 0.11712000000000000188
144 34.000000 33.000000 0.15932199999999999140
145 37.000000 33.000000 0.18993299999999999073
146 106.000000 94.000000 0.11373600000000000376
147 69.000000 65.000000 0.09900499999999999579
148 51.000000 44.000000 0.16190799999999999637
149 40.000000 39.000000 0.25589099999999997959
150 73.000000 59.000000 0.30352400000000001601
151 45.000000 40.000000 0.25545200000000001239
152 56.000000 52.000000 0.19806699999999999307
153 35.000000 30.000000 0.26511000000000001231
154 90.000000 82.000000 0.24190700000000001091
155 60.000000 48.000000 0.14596899999999998765
156 37.000000 37.000000 0.23671100000000000474
157 73.000000 66.000000 0.21354799999999998783
158 47.000000 43.000000 0.44585099999999999731
159 45.000000 38.000000 0.28107700000000002127
160 50.000000 46.000000 0.13384299999999998976
161 85.000000 74.000000 0.38307099999999999485
162 59.000000 51.000000 0.14284499999999999975
163 68.000000 60.000000 0.26322899999999999077
164 81.000000 76.000000 0.18864800000000001012
165 41.000000 39.000000 0.26952799999999998981
166 111.000000 97.000000 0.19120999999999999108
167 68.000000 55.000000 0.48349500000000000810
168 58.000000 51.000000 0.36634699999999997821
169 70.000000 62.000000 0.22124399999999999622
170 70.000000 62.000000 0.02925900000000000029
171 80.000000 70.000000 0.12609999999999998987
172 36.000000 33.000000 0.52884600000000003828
173 76.000000 69.000000 0.18623000000000000664
174 48.000000 46.000000 0.17526700000000000612
175 43.000000 33.000000 0.37722499999999997700
176 50.000000 45.000000 0.12964899999999998648
177 72.000000 68.000000 0.07541599999999999693
178 96.000000 82.000000 0.17038500000000000867
179 91.000000 82.000000 0.21363899999999999557
180 47.000000 43.000000 0.11318899999999999795
181 43.000000 41.000000 0.33265000000000000124
182 33.000000 27.000000 0.16477400000000000380
183 87.000000 74.000000 0.10502100000000000324
184 78.000000 69.000000 0.30937399999999998235
185 41.000000 40.000000 0.53286599999999995081
186 25.000000 23.000000 0.29415400000000002656
187 58.000000 52.000000 0.18651200000000001111
188 60.000000 53.000000 0.22476799999999999558
189 33.000000 30.000000 0.30771399999999998753
190 116.000000 92.000000 0.26341500000000001025
191 57.000000 52.000000 0.29687599999999997324
192 53.000000 44.000000 0.26696900000000001185
193 43.000000 40.000000 0.17009900000000000020
194 61.000000 53.000000 0.28756900000000001905
195 80.000000 75.000000 0.17280100000000001015
196 41.000000 39.000000 0.18795999999999998820
197 41.000000 33.000000 0.75444800000000000750
198 79.000000 69.000000 0.29518199999999999994
199 27.000000 25.000000 0.29674400000000000777
200 83.000000 73.000000 0.09688599999999999990
201 54.000000 51.000000 0.18978600000000001025
202 83.000000 77.000000 0.32545699999999999630
203 40.000000 32.000000 0.19742399999999998839
204 51.000000 43.000000 0.40233099999999999419
205 80.000000 72.000000 0.40914499999999998092
206 42.000000 35.000000 0.14792399999999999993
207 40.000000 38.000000 0.31641500000000000181
208 66.000000 64.000000 0.33163500000000001311
209 28.000000 28.000000 0.50820900000000002183
210 77.000000 66.000000 0.30529800000000001381
211 27.000000 26.000000 0.18571499999999999120
212 58.000000 48.000000 0.24403199999999999892
213 34.000000 34.000000 0.47324300000000002475
214 55.000000 51.000000 0.15004200000000000870
215 82.000000 69.000000 0.23014999999999999347
216 67.000000 64.000000 0.14551700000000000745
217 35.000000 32.000000 0.48959399999999997366
218 60.000000 49.000000 0.17381399999999999628
219 61.000000 51.000000 0.31060100000000001597
220 73.000000 66.000000 0.68439799999999995084
221 44.000000 44.000000 0.10093499999999999694
222 58.000000 51.000000 0.23829500000000000681
223 93.000000 80.000000 0.14133399999999998742
224 22.000000 20.000000 0.32850600000000002021
225 37.000000 37.000000 0.29335899999999998089
226 45.000000 42.000000 0.27587600000000001010
227 60.000000 49.000000 0.39534200000000002673
228 79.000000 70.000000 0.43894800000000000484
229 43.000000 42.000000 0.35710100000000000176
230 62.000000 57.000000 0.23589399999999999258
231 89.000000 83.000000 0.05651799999999999879
232 128.000000 112.000000 0.06979599999999999693
233 56.000000 53.000000 0.14249800000000001354
234 68.000000 53.000000 0.13990900000000000558
235 53.000000 50.000000 0.32318999999999997730
236 71.000000 63.000000 0.28051300000000001234
237 79.000000 69.000000 0.14943600000000001327
238 44.000000 41.000000 0.18406500000000000639
239 78.000000 64.000000 0.33644699999999999607
240 52.000000 52.000000 0.17320199999999999485
241 74.000000 61.000000 0.32773799999999997379
242 74.000000 64.000000 0.24427799999999999514
243 41.000000 39.000000 0.20808099999999998819
244 87.000000 81.000000 0.30154599999999998072
245 79.000000 70.000000 0.23940900000000001069
246 71.000000 64.000000 0.14144599999999998841
247 72.000000 62.000000 0.14055999999999999051
248 54.000000 53.000000 0.21006099999999999772
249 87.000000 77.000000 0.13255500000000000616
250 54.000000 46.000000 0.33939399999999997348
251 91.000000 76.000000 0.08972199999999999620
252 60.000000 53.000000 0.48417300000000002003
253 66.000000 55.000000 0.18443999999999999284
254 65.000000 60.000000 0.20862400000000000388
255 55.000000 51.000000 0.25328699999999998438
256 111.000000 97.000000 0.13579800000000000204
257 66.000000 59.000000 0.24091399999999998927
258 81.000000 69.000000 0.12462399999999999867
259 65.000000 55.000000 0.20183200000000001140
260 40.000000 35.000000 0.30211300000000002042
261 72.000000 67.000000 0.24823000000000000620
262 98.000000 80.000000 0.07845299999999999496
263 73.000000 62.000000 0.37648799999999998933
264 45.000000 43.000000 0.17536599999999999411
265 92.000000 75.000000 0.17315500000000000336
266 95.000000 83.000000 0.15241899999999999893
267 52.000000 47.000000 0.15498000000000000664
268 84.000000 74.000000 0.09191799999999999971
269 25.000000 19.000000 0.19867099999999998650
270 76.000000 66.000000 0.14681700000000000306
271 39.000000 39.000000 0.20619199999999998640
272 60.000000 53.000000 0.30663499999999999091
273 34.000000 32.000000 0.26184299999999999242
274 42.000000 38.000000 0.23930999999999999495
275 94.000000 76.000000 0.13495799999999999463
276 91.000000 77.000000 0.25235299999999999399
277 55.000000 53.000000 0.23079299999999999815
278 55.000000 50.000000 0.14686299999999999355
279 41.000000 39.000000 0.22012100000000001110
280 58.000000 52.000000 0.19631899999999999351
281 91.000000 78.000000 0.04095000000000000029
282 52.000000 50.000000 0.22707199999999999607
283 47.000000 45.000000 0.13496299999999999963
284 15.000000 13.000000 0.23820299999999999807
285 46.000000 39.000000 0.30475099999999999412
286 84.000000 76.000000 0.11069199999999999873
287 53.000000 53.000000 0.15687000000000000943
288 44.000000 38.000000 0.09227100000000000579
289 92.000000 85.000000 0.11635500000000000009
290 113.000000 102.000000 0.05455299999999999733
291 88.000000 83.000000 0.10799000000000000266
292 45.000000 42.000000 0.16201399999999999135
293 60.000000 55.000000 0.21309000000000000163
294 30.000000 30.000000 0.25420399999999998553
295 41.000000 40.000000 0.17592199999999999505
296 63.000000 54.000000 0.10611399999999999999
297 68.000000 68.000000 0.03717899999999999677
298 73.000000 60.000000 0.14626200000000000312
299 64.000000 60.000000 0.23950299999999999367
300 72.000000 65.000000 0.14979700000000001348
301 60.000000 50.000000 0.07808700000000000363
302 50.000000 49.000000 0.15026400000000000867
303 45.000000 42.000000 0.43422600000000000087
304 62.000000 58.000000 0.12164200000000000013
305 55.000000 55.000000 0.13828999999999999626
306 89.000000 80.000000 0.17209599999999999898
307 61.000000 52.000000 0.36518499999999998185
308 40.000000 40.000000 0.16120000000000000995
309 41.000000 39.000000 0.60625499999999998835
310 103.000000 89.000000 0.95802699999999996194
311 77.000000 71.000000 0.11414100000000000634
312 43.000000 40.000000 0.25325199999999997713
313 54.000000 51.000000 0.27156599999999997408
314 41.000000 39.000000 0.27027699999999998948
315 78.000000 73.000000 0.12641900000000000359
316 40.000000 35.000000 0.92394799999999999152
317 32.000000 32.000000 0.25208199999999997276
318 58.000000 53.000000 0.21024300000000001321
319 74.000000 68.000000 0.19810099999999999931
320 43.000000 38.000000 0.36252200000000001090
321 65.000000 60.000000 0.38915300000000002667
322 80.000000 72.000000 0.39587299999999997491
323 72.000000 60.000000 0.21468699999999998895
324 25.000000 23.000000 0.22245100000000000984
325 52.000000 42.000000 0.13105900000000000882
326 28.000000 25.000000 0.30797700000000000076
327 78.000000 72.000000 0.33945700000000000873
328 33.000000 33.000000 0.20997899999999999898
329 50.000000 42.000000 0.47924899999999998057
330 75.000000 65.000000 0.10180400000000000560
331 72.000000 64.000000 0.32525399999999998757
332 88.000000 80.000000 0.12121800000000000630
333 54.000000 48.000000 0.22381400000000001294
334 62.000000 56.000000 0.27416499999999999204
335 54.000000 47.000000 0.25609500000000001707
336 77.000000 71.000000 0.07260300000000000087
337 71.000000 64.000000 0.26362900000000000222
338 46.000000 36.000000 0.25951000000000001844
339 49.000000 42.000000 0.17868300000000000849
340 64.000000 60.000000 0.09501500000000000223
341 74.000000 68.000000 0.10785000000000000142
342 46.000000 43.000000 0.12444199999999999706
343 31.000000 31.000000 0.19198799999999999200
344 76.000000 70.000000 0.23481699999999999795
345 107.000000 82.000000 0.08910700000000000565
346 58.000000 58.000000 0.21089700000000000113
347 94.000000 81.000000 0.12076599999999999835
348 43.000000 40.000000 0.21284300000000000441
349 77.000000 69.000000 0.08008300000000000141
350 51.000000 47.000000 0.12730600000000000249
351 55.000000 53.000000 0.15339600000000000457
352 70.000000 67.000000 0.24618100000000001093
353 45.000000 43.000000 0.17491799999999999016
354 40.000000 36.000000 0.25765799999999999814
355 98.000000 86.000000 0.08246299999999999464
356 78.000000 66.000000 0.19481000000000001093
357 107.000000 89.000000 0.06267399999999999360
358 67.000000 55.000000 0.14874699999999999034
359 66.000000 62.000000 0.14564399999999999569
360 28.000000 27.000000 0.32795299999999999452
361 23.000000 23.000000 0.23935100000000000819
362 79.000000 74.000000 0.15758099999999999885
363 66.000000 62.000000 0.15266099999999999115
364 29.000000 26.000000 0.25593300000000002159
365 60.000000 54.000000 0.19824200000000000155
366 32.000000 28.000000 0.33156299999999999661
367 69.000000 53.000000 0.05007700000000000345
368 89.000000 81.000000 0.07897099999999999953
369 31.000000 25.000000 0.33227400000000001379
370 78.000000 72.000000 0.21203299999999999925
371 60.000000 49.000000 0.13887299999999999645
372 68.000000 63.000000 0.17754400000000000737
373 39.000000 38.000000 0.22728300000000001280
374 61.000000 51.000000 0.22137999999999999345
375 65.000000 51.000000 0.11028599999999999515
376 54.000000 50.000000 0.23298199999999999465
377 73.000000 64.000000 0.07582500000000000351
378 60.000000 57.000000 0.14738200000000001300
379 79.000000 73.000000 0.04791299999999999726
380 80.000000 71.000000 0.09107899999999999330
381 58.000000 54.000000 0.03561000000000000276
382 60.000000 58.000000 0.37551400000000001445
383 27.000000 26.000000 0.23869799999999999351
384 30.000000 30.000000 0.24913899999999999935
385 58.000000 58.000000 0.07206400000000000305
386 88.000000 77.000000 0.09073499999999999621
387 20.000000 17.000000 0.26292599999999999305
388 58.000000 53.000000 0.07638899999999999857
389 81.000000 73.000000 0.36791499999999999204
390 48.000000 44.000000 0.25583800000000000985
391 72.000000 56.000000 0.12578300000000000591
392 38.000000 34.000000 0.23166200000000000681
393 81.000000 76.000000 0.17375299999999999079
394 46.000000 41.000000 0.23985400000000001164
395 44.000000 41.000000 0.20045199999999999130
396 69.000000 63.000000 0.10264900000000000413
397 57.000000 54.000000 0.25244899999999997897
398 52.000000 46.000000 0.17970500000000000362
399 66.000000 58.000000 0.25970100000000001517
400 73.000000 65.000000 0.40136600000000000055
401 61.000000 60.000000 0.15018200000000000993
402 66.000000 59.000000 0.20203199999999998937
403 60.000000 56.000000 0.11253299999999999415
404 73.000000 64.000000 0.06299200000000000632
405 29.000000 27.000000 0.39094299999999998496
406 90.000000 84.000000 0.18512000000000000677
407 38.000000 33.000000 0.22104299999999998949
408 85.000000 73.000000 0.08453199999999999603
409 62.000000 56.000000 0.33516800000000002147
410 64.000000 59.000000 0.11750599999999999934
411 66.000000 57.000000 0.15712799999999998990
412 53.000000 45.000000 0.17177899999999998726
413 54.000000 48.000000 0.73248199999999996646
414 76.000000 72.000000 0.11185499999999999610
415 43.000000 36.000000 0.36393500000000000849
416 72.000000 67.000000 0.07839699999999999447
417 80.000000 73.000000 0.19342400000000001259
418 57.000000 54.000000 0.09394399999999999973
419 64.000000 57.000000 0.07573100000000000664
420 81.000000 69.000000 0.20350899999999999546
