1 98.000000 90.000000 1.12961399999999989596
2 78.000000 76.000000 2.06734399999999984843
3 79.000000 70.000000 2.51110999999999995325
4 132.000000 120.000000 2.16843399999999997263
5 91.000000 86.000000 0.67837499999999995026
6 180.000000 157.000000 1.62573699999999998766
7 136.000000 129.000000 1.58844399999999996709
8 47.000000 45.000000 0.88056599999999995987
9 164.000000 154.000000 0.99512599999999995504
10 89.000000 77.000000 1.92009699999999994269
11 219.000000 189.000000 0.77791299999999996562
12 178.000000 164.000000 0.38863999999999998547
13 71.000000 64.000000 4.25942199999999981941
14 108.000000 91.000000 1.91973100000000007626
15 87.000000 83.000000 0.91211299999999995158
16 39.000000 34.000000 1.42853399999999997050
17 131.000000 118.000000 1.15624100000000007427
18 97.000000 97.000000 0.96094999999999997087
19 36.000000 34.000000 1.69092500000000001137
20 189.000000 172.000000 0.22126499999999998947
21 112.000000 102.000000 1.73814200000000007584
22 70.000000 67.000000 1.94045800000000001617
23 204.000000 180.000000 0.38811899999999999178
24 58.000000 56.000000 1.18272800000000000153
25 194.000000 190.000000 0.39232099999999997531
26 146.000000 113.000000 2.64990499999999995495
27 107.000000 88.000000 4.16734299999999979747
28 171.000000 153.000000 0.13239899999999998892
29 43.000000 36.000000 3.58485299999999984522
30 149.000000 136.000000 0.25877400000000000402
31 139.000000 110.000000 0.76779500000000000526
32 216.000000 199.000000 0.27101700000000000790
33 128.000000 119.000000 1.01735799999999998455
34 124.000000 113.000000 0.62189000000000005386
35 93.000000 83.000000 3.81144499999999997186
36 167.000000 152.000000 0.72865199999999996638
37 99.000000 86.000000 1.83630500000000007610
38 185.000000 159.000000 0.94689999999999996394
39 218.000000 176.000000 0.23929300000000000570
40 152.000000 124.000000 1.11946900000000004738
41 202.000000 173.000000 0.45549899999999998723
42 67.000000 64.000000 2.51221300000000002939
43 189.000000 159.000000 0.33412599999999997857
44 208.000000 191.000000 0.43407000000000001139
45 151.000000 126.000000 4.35791600000000034498
46 111.000000 92.000000 0.78676199999999996137
47 106.000000 94.000000 0.59648299999999998544
48 216.000000 200.000000 0.41345999999999999419
49 81.000000 78.000000 0.97140000000000004121
50 170.000000 159.000000 0.35848099999999999410
51 83.000000 76.000000 1.59514700000000009261
52 72.000000 68.000000 1.01064899999999990854
53 129.000000 121.000000 3.18455200000000004934
54 151.000000 134.000000 0.86619999999999996998
55 144.000000 116.000000 1.60646500000000003183
56 83.000000 68.000000 3.95463200000000014711
57 129.000000 112.000000 0.87073100000000003273
58 195.000000 170.000000 0.55542499999999994653
59 91.000000 81.000000 2.54194100000000000605
60 103.000000 91.000000 1.47610899999999989340
61 220.000000 196.000000 0.20738799999999998902
62 151.000000 137.000000 0.62056500000000003325
63 152.000000 137.000000 1.49340600000000001124
64 105.000000 90.000000 1.22977300000000000502
65 196.000000 173.000000 0.17768400000000000860
66 168.000000 138.000000 1.12451499999999993129
67 153.000000 135.000000 1.04821100000000000385
68 144.000000 130.000000 0.98780400000000001537
69 64.000000 57.000000 1.55601100000000003298
70 106.000000 95.000000 3.07321599999999994779
71 214.000000 189.000000 0.87743000000000004324
72 131.000000 124.000000 2.46837300000000015032
73 152.000000 138.000000 1.29605600000000009686
74 130.000000 111.000000 2.14736100000000007526
75 91.000000 82.000000 0.89502000000000003777
76 171.000000 161.000000 0.41930499999999998328
77 177.000000 151.000000 1.39074800000000009526
78 82.000000 76.000000 2.36229500000000003368
79 121.000000 111.000000 0.58591300000000001713
80 63.000000 61.000000 0.98567899999999997185
81 126.000000 111.000000 4.74119199999999985096
82 177.000000 161.000000 0.99420200000000003016
83 171.000000 156.000000 0.96543599999999996086
84 154.000000 134.000000 0.38495299999999998963
85 251.000000 212.000000 0.19609099999999998754
86 189.000000 167.000000 0.05764400000000000079
87 110.000000 94.000000 1.87861300000000008836
88 200.000000 171.000000 0.34397600000000000398
89 163.000000 147.000000 1.47103899999999998549
90 98.000000 82.000000 1.91730099999999992200
91 139.000000 116.000000 2.39195700000000011087
92 154.000000 142.000000 1.27199299999999992927
93 146.000000 132.000000 1.08651199999999992230
94 130.000000 115.000000 1.64263200000000009204
95 154.000000 132.000000 0.55792399999999997551
96 80.000000 72.000000 5.31826899999999991309
97 146.000000 127.000000 1.53418600000000004968
98 188.000000 168.000000 5.79565800000000042047
99 117.000000 109.000000 0.27109199999999999964
100 68.000000 58.000000 1.53199700000000005318
101 134.000000 117.000000 0.78067500000000000782
102 131.000000 122.000000 0.84036599999999994637
103 62.000000 60.000000 1.09632100000000010098
104 77.000000 73.000000 2.07676499999999997215
105 65.000000 61.000000 3.87495700000000020680
106 126.000000 106.000000 1.19874400000000003175
107 120.000000 118.000000 1.10960100000000005949
108 100.000000 90.000000 0.83449200000000001154
109 158.000000 146.000000 1.02053700000000002746
110 161.000000 130.000000 0.62344200000000005168
111 166.000000 152.000000 0.54647100000000004005
112 151.000000 133.000000 1.25556800000000001738
113 127.000000 108.000000 0.97919599999999995532
114 142.000000 113.000000 1.72906000000000004135
115 88.000000 81.000000 0.54310899999999995291
116 87.000000 78.000000 2.10034400000000021080
117 125.000000 108.000000 1.14298900000000003274
118 173.000000 159.000000 0.63592899999999996652
119 102.000000 88.000000 0.72381399999999995742
120 188.000000 169.000000 1.23452699999999992997
121 45.000000 39.000000 2.64814600000000011093
122 155.000000 149.000000 1.38021100000000007668
123 140.000000 123.000000 1.21375699999999997480
124 95.000000 90.000000 1.07716300000000009263
125 209.000000 167.000000 0.13620699999999999474
126 114.000000 98.000000 1.47195000000000009166
127 139.000000 133.000000 0.84428300000000000569
128 174.000000 147.000000 0.70489100000000004531
129 98.000000 93.000000 0.87146800000000002040
130 135.000000 119.000000 1.06052900000000005498
131 158.000000 140.000000 0.22265499999999999181
132 139.000000 126.000000 0.53999799999999997802
133 137.000000 125.000000 0.89760899999999999022
134 102.000000 91.000000 0.76285199999999997456
135 150.000000 144.000000 1.00893699999999997274
136 82.000000 72.000000 1.06803899999999996062
137 76.000000 73.000000 2.05309700000000017184
138 105.000000 102.000000 0.79073499999999996568
139 162.000000 138.000000 0.34888099999999999667
140 121.000000 107.000000 0.70700899999999999856
141 131.000000 125.000000 0.28665099999999998914
142 197.000000 170.000000 0.69960400000000000365
143 84.000000 72.000000 1.65853199999999989522
144 114.000000 96.000000 2.04481499999999982720
145 173.000000 142.000000 10.32514499999999912916
146 108.000000 98.000000 2.91891299999999986881
147 83.000000 76.000000 0.74624000000000001442
148 202.000000 177.000000 0.12003199999999999981
149 168.000000 155.000000 0.84282199999999996010
150 134.000000 123.000000 0.67316100000000000936
151 63.000000 63.000000 0.73872700000000002252
152 69.000000 62.000000 1.68825300000000000367
153 127.000000 115.000000 1.71833700000000000330
154 139.000000 127.000000 1.29834399999999994257
155 118.000000 112.000000 0.49705100000000002058
156 129.000000 108.000000 1.45761999999999991573
157 193.000000 175.000000 1.15306899999999989959
158 192.000000 178.000000 0.64156999999999997364
159 67.000000 65.000000 1.22630499999999997840
160 124.000000 111.000000 1.62882299999999990980
161 145.000000 127.000000 1.15925999999999995715
162 125.000000 113.000000 0.25800299999999998235
163 174.000000 150.000000 1.10180799999999989858
164 137.000000 120.000000 1.08537299999999992117
165 130.000000 123.000000 0.94865299999999996849
166 95.000000 87.000000 3.10546100000000002694
167 91.000000 84.000000 1.81048300000000006449
168 114.000000 99.000000 0.58790200000000003566
169 139.000000 129.000000 0.99852200000000002067
170 134.000000 113.000000 2.88844300000000009376
171 165.000000 148.000000 0.73297900000000004717
172 104.000000 97.000000 1.17834900000000009079
173 89.000000 86.000000 0.54657400000000000428
174 86.000000 78.000000 1.08121200000000006192
175 150.000000 132.000000 0.52474200000000004174
176 128.000000 122.000000 1.28061800000000003408
177 66.000000 63.000000 1.05408199999999996344
178 90.000000 81.000000 1.66316299999999994697
179 112.000000 99.000000 0.85653199999999996006
180 167.000000 143.000000 1.07499999999999995559
181 175.000000 153.000000 0.29276499999999999746
182 74.000000 62.000000 2.68502900000000011005
183 182.000000 169.000000 0.41566100000000000270
184 188.000000 169.000000 0.78343899999999999650
185 145.000000 133.000000 0.29077100000000000168
186 178.000000 158.000000 0.67444099999999995720
187 137.000000 131.000000 1.87726900000000007651
188 125.000000 108.000000 1.01666400000000001214
189 225.000000 212.000000 0.34455299999999999816
190 127.000000 114.000000 0.70732700000000003904
191 82.000000 76.000000 1.46901400000000004198
192 101.000000 88.000000 3.05647400000000013520
193 87.000000 71.000000 3.27142400000000010962
194 137.000000 132.000000 1.25484100000000009523
195 164.000000 142.000000 0.79072500000000001119
196 125.000000 114.000000 1.96887900000000004574
197 83.000000 79.000000 0.57745699999999999807
198 73.000000 70.000000 1.72542700000000004401
199 131.000000 115.000000 0.43524299999999999100
200 225.000000 185.000000 0.42495199999999999640
201 144.000000 117.000000 0.55489999999999994884
202 179.000000 164.000000 1.13085999999999997634
203 152.000000 139.000000 1.89505799999999990924
204 100.000000 92.000000 1.71506399999999992190
205 98.000000 92.000000 1.26848200000000010945
206 160.000000 136.000000 0.79236899999999999000
207 61.000000 55.000000 3.65450600000000003220
208 81.000000 76.000000 1.31847800000000003884
209 115.000000 103.000000 1.29053200000000001246
210 147.000000 132.000000 1.10198100000000009935
211 67.000000 59.000000 2.59058099999999980056
212 69.000000 64.000000 1.10436399999999990129
213 136.000000 119.000000 4.83715199999999967417
214 130.000000 112.000000 1.67415399999999991998
215 97.000000 78.000000 1.41278199999999998226
216 70.000000 66.000000 3.94503000000000003666
217 111.000000 103.000000 0.68119700000000005247
218 148.000000 127.000000 0.94576099999999996282
219 62.000000 58.000000 2.98656100000000002126
220 173.000000 156.000000 0.45486100000000001531
221 153.000000 128.000000 0.88276399999999999313
222 192.000000 162.000000 1.59984600000000010134
223 105.000000 98.000000 1.24503900000000000681
224 146.000000 124.000000 1.72023600000000009835
225 52.000000 49.000000 5.35638799999999992707
226 246.000000 211.000000 0.32385999999999998122
227 167.000000 150.000000 1.09808299999999992025
228 146.000000 123.000000 1.06994999999999995666
229 113.000000 103.000000 0.55161599999999999522
230 133.000000 121.000000 1.12345300000000003493
231 144.000000 132.000000 3.17574999999999985079
232 119.000000 106.000000 1.42460199999999992393
233 136.000000 123.000000 1.19092299999999995386
234 79.000000 77.000000 1.10281800000000007600
235 169.000000 144.000000 5.74132900000000034879
236 132.000000 121.000000 0.48178700000000002079
237 174.000000 158.000000 0.76785199999999997900
238 81.000000 70.000000 1.89125699999999996592
239 138.000000 125.000000 0.50835399999999997256
240 146.000000 137.000000 0.58108099999999995866
241 156.000000 129.000000 1.24834599999999995568
242 173.000000 157.000000 1.27527100000000004343
243 137.000000 121.000000 0.86739699999999997360
244 86.000000 79.000000 0.88406600000000001849
245 138.000000 123.000000 1.07254200000000010640
246 61.000000 53.000000 9.85123100000000029297
247 103.000000 81.000000 1.85018700000000002603
248 160.000000 150.000000 0.95841500000000001691
249 193.000000 171.000000 0.19884799999999999698
250 92.000000 88.000000 1.34834399999999998698
251 112.000000 96.000000 2.36891600000000002169
252 62.000000 58.000000 1.80713499999999993584
253 161.000000 141.000000 0.86634100000000002773
254 115.000000 105.000000 0.09903900000000000203
255 114.000000 108.000000 1.02686300000000008126
256 150.000000 127.000000 0.87309400000000003672
257 112.000000 101.000000 0.59020700000000003715
258 155.000000 133.000000 1.14703899999999991977
259 166.000000 157.000000 0.31831500000000001460
260 73.000000 68.000000 1.89167400000000007765
261 99.000000 92.000000 0.67844300000000001827
262 50.000000 48.000000 2.21412599999999981648
263 165.000000 148.000000 0.26969999999999999529
264 43.000000 41.000000 1.16006699999999995931
265 166.000000 155.000000 0.53630900000000003569
266 137.000000 118.000000 0.29160300000000000109
267 120.000000 113.000000 0.54354999999999997762
268 84.000000 75.000000 1.13926299999999991464
269 168.000000 142.000000 1.98667799999999994398
270 160.000000 146.000000 1.08909600000000006403
271 100.000000 95.000000 0.91538200000000002898
272 85.000000 76.000000 1.44311600000000006538
273 91.000000 80.000000 1.65991700000000008686
274 103.000000 97.000000 1.77270499999999997520
275 153.000000 142.000000 0.55818599999999995998
276 267.000000 231.000000 0.24021200000000000885
277 162.000000 151.000000 0.75978400000000001491
278 160.000000 144.000000 0.95464499999999996582
279 131.000000 111.000000 0.66205899999999995309
280 113.000000 100.000000 0.90194099999999999273
281 106.000000 103.000000 3.09809799999999979647
282 161.000000 154.000000 0.84685600000000005316
283 148.000000 143.000000 0.44527699999999997837
284 180.000000 164.000000 0.45453199999999999159
285 122.000000 117.000000 1.17520099999999994012
286 123.000000 106.000000 1.16649599999999997735
287 228.000000 193.000000 0.29285600000000000520
288 168.000000 137.000000 0.70052199999999997804
289 65.000000 60.000000 1.78410399999999991216
290 96.000000 94.000000 1.03247899999999992460
291 161.000000 138.000000 0.96026000000000000245
292 152.000000 142.000000 0.61057700000000003637
293 143.000000 129.000000 0.18845100000000000739
294 100.000000 95.000000 1.18616999999999994664
295 86.000000 80.000000 2.46123199999999986431
296 87.000000 74.000000 0.67527400000000004088
297 120.000000 105.000000 1.59361799999999997901
298 129.000000 112.000000 3.16469300000000020034
299 53.000000 50.000000 1.01159400000000010422
300 72.000000 67.000000 1.46018899999999995920
301 201.000000 192.000000 0.34133099999999999552
302 157.000000 136.000000 0.70019299999999995432
303 183.000000 152.000000 1.06806500000000004214
304 85.000000 79.000000 2.19546900000000011488
305 48.000000 48.000000 2.10678799999999988302
306 95.000000 85.000000 1.49568300000000009575
307 97.000000 87.000000 1.28743900000000000006
308 124.000000 110.000000 2.20822999999999991516
309 200.000000 162.000000 0.41878599999999999159
310 122.000000 104.000000 2.13483400000000012042
311 230.000000 201.000000 0.35228300000000001280
312 80.000000 67.000000 4.75380299999999955674
313 197.000000 174.000000 0.15585499999999999354
314 156.000000 122.000000 1.35302799999999989744
315 74.000000 66.000000 5.07027200000000011215
316 145.000000 126.000000 0.85436199999999995480
317 122.000000 107.000000 0.68409799999999998388
318 143.000000 129.000000 1.39419599999999999085
319 91.000000 86.000000 1.13116400000000005832
320 148.000000 139.000000 0.95545800000000002949
321 94.000000 81.000000 5.42473799999999961585
322 164.000000 140.000000 0.71835099999999996179
323 176.000000 147.000000 1.66177899999999989511
324 80.000000 68.000000 1.42246600000000000819
325 55.000000 51.000000 1.70741300000000006953
326 151.000000 130.000000 1.23283499999999990315
327 193.000000 182.000000 1.49234200000000005737
328 154.000000 139.000000 0.74263900000000004908
329 161.000000 141.000000 0.75343999999999999861
330 130.000000 119.000000 1.00776099999999990686
331 158.000000 138.000000 0.57519299999999995432
332 94.000000 85.000000 1.78099399999999996602
333 50.000000 42.000000 4.78710199999999996834
334 204.000000 186.000000 0.45474799999999998557
335 114.000000 100.000000 1.17431299999999994021
336 76.000000 69.000000 1.54990399999999994840
337 111.000000 91.000000 2.39701699999999995327
338 38.000000 36.000000 1.72542499999999998650
339 99.000000 91.000000 1.52201800000000009305
340 118.000000 118.000000 0.93217300000000002935
341 91.000000 77.000000 2.89297199999999987696
342 157.000000 135.000000 0.33434000000000002606
343 146.000000 124.000000 0.23909900000000000597
344 100.000000 89.000000 1.62854100000000001636
345 122.000000 115.000000 0.83362999999999998213
346 93.000000 85.000000 0.49528400000000000203
347 133.000000 117.000000 0.95356099999999999195
348 89.000000 79.000000 2.45747399999999993625
349 106.000000 99.000000 0.79942800000000002747
350 75.000000 66.000000 1.06044800000000005724
351 149.000000 135.000000 0.54830699999999998884
352 141.000000 128.000000 1.01145200000000001772
353 81.000000 77.000000 1.91572199999999992492
354 113.000000 101.000000 1.08858100000000002083
355 81.000000 69.000000 1.20105299999999992622
356 64.000000 55.000000 1.47377200000000008195
357 109.000000 95.000000 0.92566000000000003833
358 147.000000 137.000000 1.67073999999999989186
359 124.000000 116.000000 2.05711600000000016664
360 159.000000 136.000000 1.45090499999999988923
361 153.000000 140.000000 1.43904600000000004734
362 122.000000 110.000000 0.65889699999999995494
363 81.000000 77.000000 1.86919199999999996464
364 90.000000 84.000000 0.50447200000000003151
365 173.000000 157.000000 0.61752399999999996183
366 167.000000 152.000000 2.81695699999999993324
367 159.000000 138.000000 1.98341300000000009263
368 161.000000 136.000000 0.78158600000000000296
369 150.000000 131.000000 1.19486500000000006594
370 96.000000 83.000000 1.10088600000000003121
371 150.000000 128.000000 3.88890700000000011372
372 151.000000 138.000000 0.61345600000000000129
373 134.000000 116.000000 2.29307499999999997442
374 114.000000 95.000000 1.00473400000000001597
375 148.000000 132.000000 0.09526700000000000446
376 100.000000 89.000000 10.42200300000000012801
377 114.000000 104.000000 0.69931699999999996642
378 110.000000 106.000000 2.04519299999999981665
379 188.000000 154.000000 0.93245999999999995556
380 167.000000 138.000000 1.52522099999999993791
381 121.000000 104.000000 2.27523300000000006094
382 122.000000 106.000000 0.50681100000000001149
383 130.000000 118.000000 1.49007200000000006312
384 77.000000 65.000000 1.58324299999999995592
385 126.000000 113.000000 1.37442099999999989279
386 108.000000 106.000000 0.23396000000000000130
387 150.000000 134.000000 0.62027299999999996327
388 108.000000 99.000000 1.24472699999999991682
389 62.000000 60.000000 1.85559500000000010544
390 121.000000 106.000000 1.01123600000000002375
391 167.000000 137.000000 0.61879899999999998794
392 71.000000 64.000000 1.02571300000000009689
393 106.000000 101.000000 0.45372499999999998943
394 88.000000 82.000000 2.01884499999999977859
395 90.000000 84.000000 0.11216600000000000181
396 113.000000 108.000000 1.09063899999999991408
397 112.000000 104.000000 0.37695000000000000728
398 103.000000 97.000000 1.72937800000000008183
399 84.000000 75.000000 1.57078099999999998282
400 147.000000 128.000000 1.15760299999999993759
401 92.000000 85.000000 1.77083600000000007668
402 121.000000 102.000000 7.51619700000000001694
403 73.000000 66.000000 2.43744899999999997675
404 132.000000 118.000000 1.19460000000000010623
405 119.000000 110.000000 0.95545299999999999674
406 120.000000 109.000000 2.98355199999999998184
407 163.000000 148.000000 1.05329699999999992777
408 163.000000 144.000000 1.14286899999999991273
409 119.000000 107.000000 3.03631999999999990791
410 74.000000 67.000000 2.08259600000000011377
411 115.000000 108.000000 0.77513900000000002244
412 153.000000 143.000000 0.62592000000000003190
413 159.000000 140.000000 0.35363699999999997914
414 117.000000 108.000000 1.23070999999999997065
415 118.000000 111.000000 0.09240199999999999803
416 113.000000 94.000000 0.75250300000000003298
417 125.000000 110.000000 1.01566800000000001525
418 101.000000 84.000000 5.45913399999999970902
419 115.000000 102.000000 0.76243300000000002736
420 126.000000 111.000000 1.23701400000000005797
