1 370.000000 335.000000 4.78169399999999988893
2 136.000000 126.000000 13.61812399999999989575
3 268.000000 242.000000 8.38839300000000065438
4 206.000000 193.000000 12.25581599999999937722
5 276.000000 237.000000 9.99980599999999952843
6 248.000000 225.000000 53.43030199999999751981
7 360.000000 327.000000 2.82894699999999987838
8 212.000000 192.000000 26.07738099999999903389
9 224.000000 216.000000 1.42254199999999997317
10 171.000000 149.000000 21.36807299999999898432
11 295.000000 249.000000 8.63573500000000038312
12 225.000000 192.000000 18.57980999999999838224
13 335.000000 294.000000 16.27951399999999892998
14 187.000000 178.000000 8.46477199999999996294
15 340.000000 297.000000 13.59272799999999925546
16 188.000000 174.000000 0.72237399999999996059
17 330.000000 299.000000 0.99651900000000004365
18 284.000000 268.000000 7.83564099999999985613
19 383.000000 343.000000 3.35911299999999979349
20 213.000000 189.000000 92.63300999999999874035
21 287.000000 261.000000 5.50019800000000014251
22 309.000000 280.000000 1.72483399999999997831
23 356.000000 316.000000 22.34830600000000089267
24 181.000000 153.000000 150.73761600000000271393
25 389.000000 348.000000 4.53101800000000043411
26 217.000000 191.000000 13.55258199999999924046
27 384.000000 351.000000 2.35329800000000011195
28 310.000000 284.000000 23.39432800000000156615
29 325.000000 292.000000 25.29307899999999875718
30 282.000000 262.000000 9.54691299999999998249
31 282.000000 261.000000 11.48476299999999916679
32 177.000000 160.000000 16.69324100000000044020
33 343.000000 302.000000 7.26198399999999999466
34 174.000000 148.000000 14.97387600000000063005
35 301.000000 272.000000 23.25639500000000126079
36 318.000000 262.000000 3.25432200000000015905
37 387.000000 353.000000 49.45702899999999857528
38 204.000000 191.000000 5.90643299999999982219
39 331.000000 289.000000 13.38139299999999920487
40 208.000000 194.000000 21.57754600000000166915
41 419.000000 375.000000 0.63230100000000000193
42 262.000000 235.000000 6.13631599999999988171
43 177.000000 163.000000 6.34720599999999990359
44 262.000000 223.000000 16.31132900000000063301
45 199.000000 176.000000 89.66505300000000033833
46 301.000000 278.000000 51.90406500000000278305
47 266.000000 245.000000 18.85479300000000080217
48 277.000000 254.000000 6.23683299999999984919
49 211.000000 202.000000 9.02871999999999985675
50 324.000000 289.000000 10.20951099999999911461
51 299.000000 266.000000 12.44722900000000009868
52 142.000000 139.000000 6.56927000000000038682
53 195.000000 173.000000 28.51695199999999985607
54 356.000000 325.000000 1.87799399999999994115
55 214.000000 189.000000 10.65691099999999913450
56 366.000000 322.000000 1.86413699999999993295
57 389.000000 352.000000 1.35100899999999990442
58 345.000000 319.000000 5.47595000000000009521
59 150.000000 135.000000 12.52720500000000036778
60 213.000000 176.000000 5.38393299999999985772
61 370.000000 327.000000 20.32890199999999936153
62 391.000000 351.000000 0.44875900000000001899
63 432.000000 376.000000 4.86185899999999993071
64 252.000000 236.000000 9.96873599999999981947
65 196.000000 175.000000 11.92479799999999912075
66 279.000000 254.000000 10.79490799999999950387
67 250.000000 216.000000 16.63372999999999990450
68 184.000000 173.000000 11.44690699999999949910
69 288.000000 270.000000 7.29578599999999966030
70 424.000000 357.000000 23.74706700000000125783
71 291.000000 275.000000 13.04129099999999930048
72 254.000000 223.000000 39.07300200000000245382
73 262.000000 247.000000 16.60025299999999859324
74 184.000000 164.000000 15.07615499999999997272
75 133.000000 123.000000 11.16437699999999999534
76 335.000000 306.000000 1.34878999999999993342
77 363.000000 323.000000 25.52189699999999916713
78 373.000000 321.000000 11.54643300000000039063
79 293.000000 272.000000 26.50171800000000033037
80 220.000000 199.000000 18.48458600000000018326
81 289.000000 255.000000 5.26273600000000030263
82 447.000000 402.000000 0.81416699999999997406
83 268.000000 250.000000 17.03149300000000110344
84 194.000000 171.000000 41.50772800000000017917
85 346.000000 292.000000 0.61941299999999999137
86 170.000000 167.000000 7.79064400000000034652
87 277.000000 247.000000 6.39759299999999964115
88 208.000000 185.000000 26.17179199999999994475
89 433.000000 409.000000 0.71827399999999996805
90 161.000000 135.000000 84.52191999999999438842
91 139.000000 129.000000 11.67362299999999919464
92 370.000000 311.000000 1.84352000000000004754
93 307.000000 273.000000 2.81296200000000018449
94 363.000000 338.000000 9.72725400000000028911
95 301.000000 283.000000 6.14958199999999965968
96 216.000000 199.000000 22.58306200000000174555
97 128.000000 109.000000 20.30648899999999912325
98 291.000000 276.000000 8.83804199999999973159
99 271.000000 248.000000 13.48807799999999978979
100 208.000000 189.000000 19.93748700000000084742
101 249.000000 234.000000 4.25149500000000024613
102 273.000000 242.000000 11.67768900000000087402
103 342.000000 290.000000 6.47067800000000037386
104 310.000000 277.000000 6.99084400000000005804
105 257.000000 220.000000 34.23779600000000300497
106 209.000000 184.000000 5.93589799999999989666
107 88.000000 81.000000 47.30964800000000280988
108 328.000000 292.000000 4.04265000000000007674
109 249.000000 210.000000 33.46234199999999958663
110 160.000000 151.000000 9.48048999999999963961
111 303.000000 260.000000 2.82520499999999996632
112 71.000000 64.000000 14.82732000000000027740
113 272.000000 231.000000 29.24345800000000039631
114 169.000000 148.000000 44.76342300000000307136
115 302.000000 281.000000 7.14302399999999959590
116 483.000000 435.000000 21.25695999999999941110
117 345.000000 316.000000 3.95420600000000010965
118 291.000000 282.000000 5.42045300000000018770
119 307.000000 288.000000 20.70347200000000142950
120 428.000000 371.000000 4.65453299999999980940
121 286.000000 256.000000 62.92358399999999818419
122 190.000000 186.000000 6.69783500000000042718
123 247.000000 221.000000 11.98203700000000004877
124 240.000000 225.000000 24.67001499999999936108
125 312.000000 277.000000 30.62161599999999950228
126 433.000000 388.000000 4.21093700000000037420
127 224.000000 204.000000 4.87451399999999956947
128 503.000000 451.000000 1.60253299999999998526
129 302.000000 267.000000 5.80533500000000035612
130 274.000000 265.000000 10.00789600000000056923
131 346.000000 296.000000 11.77298599999999950683
132 289.000000 261.000000 14.55442999999999997840
133 239.000000 202.000000 4.86710400000000031895
134 507.000000 439.000000 1.09610300000000004950
135 254.000000 223.000000 35.63743199999999688998
136 228.000000 207.000000 5.97488400000000030587
137 330.000000 290.000000 15.09162399999999948363
138 184.000000 169.000000 13.41360799999999997567
139 494.000000 430.000000 0.80775799999999997603
140 232.000000 212.000000 5.30069899999999982754
141 253.000000 246.000000 28.58630099999999885085
142 71.000000 63.000000 23.70622099999999932152
143 443.000000 388.000000 5.86376399999999975421
144 205.000000 197.000000 8.79743700000000039552
145 340.000000 306.000000 4.01293499999999969674
146 237.000000 227.000000 10.24955899999999964223
147 327.000000 299.000000 55.87634400000000312048
148 244.000000 218.000000 7.24019100000000026540
149 150.000000 144.000000 7.55114000000000018531
150 286.000000 242.000000 9.93737400000000015154
151 307.000000 267.000000 34.45540799999999848069
152 315.000000 268.000000 5.56035099999999982145
153 249.000000 216.000000 3.46550100000000016465
154 393.000000 328.000000 6.15587999999999979650
155 198.000000 192.000000 14.74182500000000040075
156 264.000000 235.000000 86.10807300000000452656
157 223.000000 199.000000 9.41467899999999957572
158 191.000000 179.000000 9.61904900000000040450
159 156.000000 132.000000 48.73060399999999958709
160 321.000000 300.000000 4.86095900000000025187
161 256.000000 233.000000 6.50800700000000009737
162 214.000000 194.000000 46.06119400000000041473
163 228.000000 205.000000 9.79060899999999989518
164 414.000000 363.000000 2.22171200000000013119
165 415.000000 355.000000 2.86933399999999982910
166 266.000000 248.000000 10.71407100000000056639
167 233.000000 219.000000 16.28956200000000009709
168 358.000000 324.000000 2.35697799999999979548
169 380.000000 348.000000 2.17072500000000001563
170 289.000000 255.000000 24.88628699999999938086
171 215.000000 202.000000 14.08557000000000059003
172 203.000000 188.000000 49.23516699999999701731
173 302.000000 278.000000 16.06405900000000031014
174 231.000000 211.000000 3.81303299999999989467
175 236.000000 221.000000 16.89287500000000008527
176 241.000000 207.000000 28.17099599999999881561
177 214.000000 195.000000 10.40287999999999968281
178 285.000000 260.000000 11.32279899999999983606
179 128.000000 109.000000 140.87253300000000422187
180 254.000000 240.000000 3.98000100000000012201
181 160.000000 150.000000 40.60174399999999650390
182 202.000000 182.000000 37.05137200000000063937
183 124.000000 112.000000 44.89723599999999947840
184 233.000000 219.000000 8.23612600000000050215
185 200.000000 168.000000 15.36214900000000049829
186 418.000000 383.000000 6.50317100000000003490
187 348.000000 309.000000 10.97419900000000048124
188 292.000000 265.000000 23.07952799999999982106
189 289.000000 266.000000 14.45504599999999939541
190 203.000000 189.000000 8.65942100000000003490
191 262.000000 241.000000 7.49000500000000002387
192 263.000000 244.000000 2.34961900000000012412
193 316.000000 279.000000 23.38583099999999959095
194 294.000000 271.000000 12.80947199999999952524
195 281.000000 253.000000 4.64359699999999975262
196 253.000000 223.000000 9.68968100000000021055
197 218.000000 201.000000 51.22523000000000337195
198 431.000000 359.000000 13.18900999999999967827
199 271.000000 246.000000 17.39455600000000146110
200 336.000000 281.000000 11.51991800000000054638
201 177.000000 154.000000 14.82879699999999978388
202 165.000000 143.000000 5.40298099999999958953
203 296.000000 272.000000 8.11433199999999921204
204 480.000000 419.000000 4.96122499999999977405
205 226.000000 212.000000 8.22440699999999935699
206 228.000000 219.000000 8.37023600000000023158
207 307.000000 283.000000 12.90230599999999938632
208 300.000000 277.000000 3.95149099999999986466
209 197.000000 190.000000 8.78684499999999957254
210 266.000000 244.000000 10.29355800000000087380
211 338.000000 320.000000 1.24458899999999994535
212 385.000000 345.000000 6.20293700000000036709
213 199.000000 182.000000 13.52515299999999953684
214 278.000000 257.000000 2.71037200000000000344
215 78.000000 72.000000 12.78725000000000022737
216 361.000000 325.000000 53.25199299999999880129
217 164.000000 154.000000 6.93035099999999992804
218 159.000000 147.000000 85.50952800000000308955
219 288.000000 275.000000 20.01511199999999846000
220 412.000000 368.000000 0.74221199999999998287
221 308.000000 288.000000 7.68907200000000035089
222 106.000000 101.000000 27.48290700000000086334
223 198.000000 172.000000 6.49101299999999969970
224 206.000000 191.000000 45.48118000000000193950
225 320.000000 286.000000 8.35045999999999999375
226 286.000000 246.000000 7.45850800000000013767
227 344.000000 295.000000 0.96504400000000001292
228 200.000000 192.000000 12.32140300000000010527
229 207.000000 182.000000 3.65140399999999987202
230 228.000000 206.000000 29.08229400000000097748
231 162.000000 144.000000 45.24317599999999828242
232 255.000000 224.000000 7.15695999999999976637
233 341.000000 309.000000 4.26270699999999980179
234 343.000000 290.000000 9.17389700000000019031
235 313.000000 279.000000 2.23677200000000020452
236 136.000000 122.000000 16.32658199999999837360
237 216.000000 192.000000 114.69992499999999324700
238 223.000000 210.000000 10.66539799999999971192
239 328.000000 298.000000 3.83942400000000017002
240 181.000000 168.000000 34.25433699999999959118
241 261.000000 229.000000 11.66483599999999931640
242 413.000000 363.000000 9.27807899999999996510
243 190.000000 167.000000 77.01952799999999399461
244 181.000000 162.000000 26.29291500000000070258
245 174.000000 166.000000 25.43398799999999937427
246 205.000000 186.000000 7.39819099999999973960
247 118.000000 109.000000 7.60410599999999980980
248 257.000000 235.000000 50.31241800000000097270
249 161.000000 152.000000 18.30307200000000023010
250 174.000000 158.000000 13.95663500000000034618
251 158.000000 143.000000 9.85149900000000044997
252 206.000000 199.000000 9.36154999999999937188
253 40.000000 36.000000 18.87838599999999900092
254 292.000000 256.000000 2.12990900000000005221
255 286.000000 251.000000 16.73135800000000017462
256 245.000000 226.000000 3.01684099999999988384
257 251.000000 226.000000 1.30839700000000003222
258 333.000000 309.000000 13.28950400000000087175
259 378.000000 333.000000 5.92557899999999992957
260 245.000000 224.000000 2.05199700000000007094
261 221.000000 201.000000 8.91703200000000073544
262 221.000000 207.000000 8.58455400000000068417
263 257.000000 230.000000 17.25160699999999991405
264 256.000000 236.000000 2.43117099999999997095
265 273.000000 243.000000 7.29190999999999966974
266 211.000000 187.000000 9.92855899999999991223
267 236.000000 219.000000 27.08516799999999946635
268 259.000000 242.000000 16.94772400000000089904
269 185.000000 157.000000 6.13905600000000006844
270 281.000000 247.000000 10.79809400000000074726
271 406.000000 358.000000 2.12870999999999988006
272 345.000000 301.000000 18.31272500000000036380
273 159.000000 143.000000 8.59503499999999931447
274 217.000000 197.000000 11.21006399999999914030
275 313.000000 291.000000 9.18399800000000077205
276 189.000000 188.000000 9.14325400000000065859
277 325.000000 292.000000 18.73786600000000035493
278 405.000000 363.000000 1.75088500000000002466
279 275.000000 252.000000 7.00177799999999983527
280 194.000000 181.000000 17.15856300000000089767
281 115.000000 107.000000 3.30326200000000014256
282 190.000000 164.000000 2.01839399999999979940
283 338.000000 303.000000 5.77610500000000026688
284 344.000000 299.000000 11.58372300000000088005
285 278.000000 251.000000 18.73278900000000035675
286 311.000000 272.000000 28.98610899999999901411
287 218.000000 199.000000 26.58366900000000043747
288 290.000000 254.000000 27.76091900000000123327
289 212.000000 195.000000 57.51616299999999881720
290 205.000000 200.000000 10.25438100000000041234
291 291.000000 261.000000 5.06890299999999971448
292 275.000000 246.000000 22.56942400000000148452
293 390.000000 353.000000 9.62235199999999935017
294 187.000000 173.000000 10.65079000000000064574
295 146.000000 131.000000 7.47955799999999992878
296 176.000000 147.000000 205.09585500000000024556
297 345.000000 316.000000 3.14968799999999982120
298 334.000000 305.000000 1.44916599999999995418
299 267.000000 229.000000 70.27407599999999376905
300 200.000000 178.000000 38.36833299999999979946
301 263.000000 231.000000 5.17304500000000011539
302 176.000000 170.000000 12.42241500000000087311
303 315.000000 284.000000 6.01421399999999994890
304 463.000000 399.000000 1.93005000000000004334
305 198.000000 174.000000 16.92188200000000009027
306 279.000000 258.000000 15.95902799999999999159
307 262.000000 229.000000 13.71662500000000051159
308 251.000000 228.000000 40.41877600000000114733
309 174.000000 154.000000 10.34649300000000060606
310 354.000000 340.000000 8.10664399999999929491
311 209.000000 194.000000 28.69550100000000014688
312 451.000000 417.000000 0.56625400000000003509
313 176.000000 159.000000 1.14646899999999996034
314 279.000000 250.000000 5.93756899999999987472
315 279.000000 246.000000 42.72501499999999907686
316 172.000000 150.000000 47.07016200000000338832
317 229.000000 219.000000 18.85553799999999924353
318 331.000000 292.000000 1.84027399999999996538
319 73.000000 66.000000 10.95675300000000085276
320 317.000000 296.000000 37.43108900000000005548
321 196.000000 188.000000 5.41061299999999967270
322 156.000000 149.000000 7.79142500000000026716
323 455.000000 386.000000 2.32896700000000000941
324 338.000000 302.000000 6.04226500000000044110
325 344.000000 310.000000 5.49275300000000044065
326 200.000000 186.000000 17.80742199999999897386
327 371.000000 330.000000 16.10677099999999839497
328 343.000000 309.000000 37.98840200000000066893
329 230.000000 198.000000 34.22946400000000011232
330 315.000000 279.000000 1.79500999999999999446
331 245.000000 211.000000 37.52961400000000224964
332 293.000000 259.000000 12.92162700000000086220
333 184.000000 165.000000 27.24573600000000084265
334 289.000000 247.000000 75.85006099999999662487
335 229.000000 206.000000 31.81553900000000112414
336 193.000000 180.000000 62.23058400000000034424
337 147.000000 134.000000 7.48940599999999978564
338 225.000000 207.000000 7.28680600000000033845
339 283.000000 253.000000 24.12351599999999862689
340 124.000000 111.000000 26.39238599999999834722
341 215.000000 173.000000 41.48338300000000344880
342 259.000000 226.000000 48.30134400000000027831
343 329.000000 288.000000 6.39644000000000012562
344 239.000000 207.000000 39.37788499999999913825
345 435.000000 381.000000 1.03748900000000010557
346 380.000000 322.000000 35.66838299999999861711
347 364.000000 331.000000 4.49500700000000019685
348 258.000000 234.000000 7.16647199999999973130
349 381.000000 361.000000 0.61355099999999995752
350 265.000000 240.000000 4.07038600000000005963
351 336.000000 299.000000 7.13606300000000004502
352 237.000000 224.000000 4.94731900000000024420
353 380.000000 337.000000 9.12819999999999964757
354 374.000000 352.000000 4.38525100000000023215
355 289.000000 262.000000 34.89896099999999989905
356 399.000000 344.000000 4.31256699999999959516
357 208.000000 188.000000 3.24843500000000018346
358 206.000000 187.000000 18.94547299999999978581
359 379.000000 338.000000 4.63156000000000034333
360 208.000000 184.000000 13.29635900000000070520
361 253.000000 236.000000 47.73189800000000104774
362 199.000000 179.000000 19.77488800000000068735
363 306.000000 266.000000 6.21327300000000004587
364 421.000000 368.000000 9.81504299999999929582
365 306.000000 276.000000 5.32494699999999987483
366 246.000000 221.000000 19.29424500000000008981
367 166.000000 147.000000 77.15563199999999710599
368 195.000000 181.000000 8.31249399999999916133
369 291.000000 259.000000 3.48452099999999997948
370 91.000000 75.000000 73.95112600000000213640
371 223.000000 199.000000 76.40226699999999482316
372 299.000000 285.000000 15.68929999999999935767
373 178.000000 166.000000 5.80108800000000002228
374 243.000000 229.000000 10.34469099999999919248
375 242.000000 225.000000 25.18628899999999859460
376 349.000000 314.000000 4.65806100000000000705
377 291.000000 279.000000 3.99427699999999985536
378 245.000000 233.000000 25.48069200000000122941
379 316.000000 271.000000 4.41690599999999999881
380 261.000000 243.000000 4.75264400000000009072
381 398.000000 366.000000 13.25700999999999929457
382 266.000000 244.000000 10.08534399999999919828
383 198.000000 178.000000 32.42226200000000346790
384 431.000000 371.000000 30.49495100000000036289
385 354.000000 319.000000 2.10688999999999992951
386 289.000000 262.000000 8.10516199999999997772
387 288.000000 264.000000 20.14279200000000003001
388 269.000000 234.000000 6.40477000000000007418
389 352.000000 319.000000 2.85538399999999992218
390 280.000000 244.000000 57.40035699999999962984
391 196.000000 189.000000 8.14490400000000036584
392 270.000000 249.000000 6.16066100000000016479
393 175.000000 158.000000 9.01227699999999920522
394 350.000000 309.000000 8.20557900000000017826
395 194.000000 174.000000 4.56578499999999998238
396 174.000000 167.000000 37.18142399999999980764
397 115.000000 107.000000 55.91057399999999688589
398 274.000000 248.000000 61.44447199999999753572
399 247.000000 208.000000 19.43246699999999904662
400 124.000000 113.000000 15.10263999999999917634
401 144.000000 123.000000 91.84761600000000214550
402 247.000000 222.000000 26.32432599999999922602
403 364.000000 318.000000 9.81087199999999981515
404 375.000000 329.000000 4.21207099999999989848
405 243.000000 224.000000 6.50545400000000029195
406 334.000000 294.000000 14.44370200000000004081
407 290.000000 253.000000 76.22232900000000199725
408 155.000000 141.000000 8.80381900000000072737
409 298.000000 273.000000 11.28117400000000003502
410 179.000000 158.000000 94.29489900000000091040
411 292.000000 266.000000 3.77499200000000012523
412 143.000000 135.000000 13.02556900000000084106
413 336.000000 297.000000 60.78432099999999849160
414 198.000000 181.000000 41.61449100000000100863
415 309.000000 275.000000 2.65715199999999995839
416 431.000000 379.000000 1.72756200000000004202
417 225.000000 210.000000 7.62964299999999973068
418 452.000000 399.000000 3.87199399999999993582
419 242.000000 223.000000 4.63354700000000008231
420 219.000000 195.000000 59.29549399999999792499
