2 578.000000 533.000000 197.76851400000001035551
3 581.000000 547.000000 167.15402399999999261127
4 670.000000 607.000000 17.21856800000000120576
5 369.000000 345.000000 102.70326400000000433010
6 505.000000 473.000000 203.92645899999999414831
7 785.000000 717.000000 368.22035499999998364729
8 612.000000 558.000000 58.49737700000000018008
9 738.000000 661.000000 49.38085300000000188447
10 362.000000 346.000000 231.42617200000000821092
11 494.000000 453.000000 735.39114500000005136826
12 810.000000 718.000000 281.74181299999997918349
13 484.000000 446.000000 725.10874100000000908040
14 711.000000 629.000000 233.80332699999999590545
15 413.000000 394.000000 14.30832200000000042905
16 820.000000 727.000000 260.20914199999998572821
18 594.000000 522.000000 74.20109100000000523778
19 552.000000 509.000000 114.01891500000000689852
20 469.000000 425.000000 1378.47744400000010500662
21 466.000000 417.000000 154.36771500000000401087
22 616.000000 567.000000 240.17336000000000240107
23 488.000000 443.000000 337.87458400000002711749
24 446.000000 407.000000 377.72111599999999498323
25 796.000000 702.000000 132.41530499999998937710
26 253.000000 225.000000 342.00382999999999356078
27 412.000000 394.000000 271.19557600000001684748
28 518.000000 475.000000 1385.70773299999996197585
29 314.000000 284.000000 279.80742400000002589877
31 726.000000 674.000000 25.11508600000000157593
33 484.000000 440.000000 105.35609800000000291220
34 483.000000 446.000000 88.96721300000000098862
35 490.000000 445.000000 741.87435900000002675370
36 713.000000 652.000000 52.93142600000000186355
37 589.000000 536.000000 56.95815900000000198133
38 674.000000 612.000000 403.09335299999997914711
39 624.000000 566.000000 41.46605699999999927741
40 350.000000 313.000000 334.61932500000000345608
41 586.000000 524.000000 94.50727999999999440206
42 685.000000 615.000000 80.86933999999999400643
43 703.000000 614.000000 76.70377499999999315605
44 420.000000 397.000000 95.30814800000000275304
45 369.000000 348.000000 537.80122500000004492904
46 440.000000 381.000000 135.10763099999999781176
47 327.000000 306.000000 281.34912000000002763045
50 339.000000 321.000000 276.12507900000002791785
51 460.000000 414.000000 758.53588999999999487045
53 597.000000 539.000000 183.94402099999999222746
55 487.000000 451.000000 224.98356499999999869033
56 377.000000 352.000000 148.42447699999999599640
57 366.000000 336.000000 435.57887699999997721534
58 636.000000 585.000000 146.85611099999999851207
59 666.000000 593.000000 13.99947200000000080422
60 428.000000 396.000000 307.59331500000001824446
61 662.000000 608.000000 208.51035100000001420995
62 779.000000 671.000000 325.03419999999999845386
63 996.000000 896.000000 1028.71989099999996142287
64 325.000000 306.000000 552.23876700000005257607
65 436.000000 390.000000 1183.68281600000000253203
66 640.000000 587.000000 322.21588900000000421642
67 387.000000 366.000000 72.62961900000000525779
68 556.000000 519.000000 74.59082399999999779538
69 447.000000 410.000000 586.31225800000004255708
70 596.000000 566.000000 31.04577099999999845181
71 507.000000 489.000000 75.82295600000000490581
73 689.000000 603.000000 175.88206700000000637374
74 500.000000 452.000000 252.17036899999999377542
75 353.000000 330.000000 162.99892700000000900218
76 343.000000 311.000000 1168.54649500000004991307
77 393.000000 374.000000 212.26038399999998773637
78 379.000000 371.000000 27.88073100000000081877
79 478.000000 452.000000 503.28123399999998355270
81 420.000000 388.000000 546.00532699999996566476
82 613.000000 558.000000 146.64534900000001016451
84 483.000000 465.000000 117.35764600000000257296
86 324.000000 302.000000 343.68979899999999361171
87 422.000000 404.000000 130.62992700000000922955
88 197.000000 186.000000 183.95844999999999913598
89 412.000000 371.000000 375.12117699999998876592
92 467.000000 435.000000 663.50707599999998365092
93 632.000000 573.000000 217.25044299999998997919
94 393.000000 359.000000 119.54997899999999333431
95 424.000000 394.000000 274.06404700000001639637
97 455.000000 415.000000 215.36184900000000652653
98 555.000000 521.000000 21.18770400000000009300
101 644.000000 596.000000 55.95413800000000037471
102 534.000000 507.000000 624.78857800000002953311
103 681.000000 630.000000 56.92268599999999878492
104 338.000000 303.000000 420.88821300000000746877
105 468.000000 424.000000 68.18482000000000198270
106 730.000000 660.000000 153.82462000000001012268
107 427.000000 403.000000 1046.84915900000009969517
108 572.000000 530.000000 300.75923599999998714338
109 750.000000 673.000000 24.06247000000000113573
110 351.000000 319.000000 360.99044700000001739681
111 676.000000 629.000000 67.29294000000000153250
112 592.000000 538.000000 68.70596500000000617092
113 443.000000 424.000000 53.10866000000000042292
114 299.000000 263.000000 590.90720899999996618135
115 423.000000 401.000000 824.59069899999997232953
116 573.000000 535.000000 1030.72032500000000254659
117 711.000000 652.000000 64.17978899999999953252
120 526.000000 467.000000 156.88533499999999776264
121 682.000000 614.000000 81.30295900000000131058
122 687.000000 609.000000 420.36744299999998020212
123 830.000000 762.000000 244.50563099999999394640
124 806.000000 731.000000 24.30412099999999853139
125 295.000000 287.000000 123.35657600000000400087
126 908.000000 825.000000 104.99399999999999977263
127 634.000000 595.000000 282.88686899999999013744
128 503.000000 467.000000 166.84995299999999929241
129 697.000000 653.000000 102.39393699999999398642
130 778.000000 686.000000 390.87683399999997391205
131 347.000000 324.000000 86.65345299999999895135
132 550.000000 512.000000 76.89533699999999782904
133 529.000000 495.000000 89.09805400000000474847
134 543.000000 495.000000 1180.64208499999995183316
135 629.000000 565.000000 472.90429399999999304782
136 746.000000 687.000000 2.03907499999999997087
137 550.000000 515.000000 65.31799399999999877764
139 427.000000 389.000000 536.91515000000003965397
141 714.000000 635.000000 85.32876299999999503143
142 576.000000 520.000000 36.93461400000000338650
143 679.000000 599.000000 11.18915100000000073521
144 873.000000 780.000000 24.50274999999999891998
145 225.000000 217.000000 185.28425999999998907697
146 454.000000 428.000000 290.99776600000001280932
147 356.000000 324.000000 208.13497499999999718057
149 609.000000 562.000000 104.71578300000000183445
150 787.000000 718.000000 102.84854099999999732518
151 376.000000 352.000000 426.19624399999997876876
152 352.000000 320.000000 483.82983000000001538865
153 600.000000 558.000000 611.51435400000002573506
154 444.000000 433.000000 90.73282600000000286400
155 445.000000 435.000000 141.53420800000000667751
156 552.000000 509.000000 157.28544400000001246553
157 525.000000 490.000000 62.96329699999999718329
159 624.000000 573.000000 229.31870499999999424290
160 451.000000 401.000000 190.63942900000000690852
161 711.000000 651.000000 31.88626800000000116597
162 714.000000 634.000000 44.86083899999999857755
163 396.000000 356.000000 17.71302100000000123714
164 519.000000 489.000000 100.10552599999999756619
165 89.000000 85.000000 109.63908299999999940155
167 579.000000 547.000000 197.17669100000000526052
168 564.000000 513.000000 927.37175899999999728607
170 516.000000 467.000000 131.64868799999999282591
171 1079.000000 959.000000 2.02856399999999981176
172 910.000000 791.000000 252.37835899999998900967
173 589.000000 543.000000 174.02822100000000205000
174 594.000000 559.000000 311.68455699999998387284
175 508.000000 455.000000 668.09342100000003483729
177 473.000000 440.000000 241.86355199999999854299
178 568.000000 537.000000 7.34602399999999988722
179 863.000000 759.000000 27.86276099999999900092
180 555.000000 533.000000 192.95465400000000499858
181 299.000000 287.000000 348.73902399999997214763
182 716.000000 646.000000 108.54931200000000046657
184 290.000000 273.000000 459.17772700000000440923
185 804.000000 696.000000 4.81832800000000016638
186 659.000000 596.000000 79.54639600000000143609
191 651.000000 585.000000 16.63376399999999932788
192 309.000000 276.000000 235.92873199999999656029
193 534.000000 484.000000 1007.62553200000002107117
194 802.000000 704.000000 107.94235999999999364718
195 550.000000 501.000000 1196.84509699999989607022
196 538.000000 484.000000 12.62168600000000040495
198 508.000000 455.000000 340.71159599999998590647
199 344.000000 319.000000 228.02050399999998830936
200 448.000000 412.000000 163.43734599999999090869
201 519.000000 472.000000 490.38306199999999535066
202 275.000000 265.000000 53.42307199999999767215
203 587.000000 553.000000 48.86697300000000154796
204 578.000000 529.000000 177.97105400000000940963
205 682.000000 642.000000 360.90374100000002499655
206 391.000000 371.000000 70.55529099999999687043
207 527.000000 489.000000 10.26490300000000033265
208 674.000000 606.000000 582.83732899999995424878
209 277.000000 253.000000 247.30312799999998674139
210 392.000000 349.000000 23.81982700000000008345
211 584.000000 538.000000 25.34793900000000022033
212 524.000000 488.000000 154.03659099999998716157
214 889.000000 788.000000 102.19788099999999531065
215 612.000000 573.000000 45.56183599999999955799
216 781.000000 674.000000 97.71126499999999737156
217 508.000000 452.000000 903.75875199999995857070
218 511.000000 477.000000 343.79077799999998887870
219 224.000000 222.000000 111.16573200000000554155
220 668.000000 622.000000 115.79808199999999374086
222 585.000000 527.000000 631.53784900000005109177
223 301.000000 292.000000 294.35373299999997698251
224 596.000000 541.000000 77.98235900000000242471
225 694.000000 632.000000 16.95289599999999907709
226 314.000000 291.000000 178.78696400000001176522
227 842.000000 759.000000 84.09399200000000007549
229 423.000000 395.000000 237.72005699999999706051
230 685.000000 639.000000 14.11852799999999952263
231 314.000000 299.000000 46.87953199999999753800
232 483.000000 457.000000 98.08487100000000680211
233 567.000000 509.000000 308.84044299999999338979
234 645.000000 622.000000 207.67743400000000519867
235 551.000000 492.000000 165.05228099999999358261
236 423.000000 394.000000 398.40271799999999302599
237 511.000000 456.000000 217.86073799999999778265
239 756.000000 666.000000 16.95873200000000124987
240 675.000000 604.000000 264.03571399999998448038
243 364.000000 352.000000 42.67148199999999746979
244 556.000000 507.000000 224.06094500000000380169
245 441.000000 407.000000 664.58943199999998796557
246 549.000000 495.000000 545.51488700000004428148
247 769.000000 674.000000 278.00998600000002625166
248 351.000000 330.000000 521.57721700000001874287
249 553.000000 491.000000 205.26305600000000595173
250 438.000000 407.000000 176.46129500000000689397
251 705.000000 659.000000 35.87625299999999839429
252 824.000000 771.000000 48.61957199999999801321
253 540.000000 498.000000 65.79619700000000648288
254 402.000000 374.000000 27.73606399999999894135
255 691.000000 603.000000 157.63348400000000992804
257 772.000000 671.000000 127.39700399999999547163
258 170.000000 159.000000 184.07129199999999968895
259 530.000000 471.000000 1118.15973699999995005783
260 279.000000 262.000000 308.03395199999999931606
261 361.000000 333.000000 60.13797199999999776310
263 471.000000 434.000000 432.53179799999998067506
264 540.000000 499.000000 21.00901800000000108071
265 520.000000 460.000000 603.81943499999999858119
266 453.000000 430.000000 101.77485699999999724241
267 504.000000 478.000000 70.46466700000000571436
268 581.000000 564.000000 61.17791100000000170667
269 530.000000 498.000000 56.33354099999999675674
270 446.000000 417.000000 45.34005899999999655847
271 833.000000 729.000000 291.94075299999997241684
272 504.000000 457.000000 136.43624299999999038846
273 571.000000 524.000000 16.49442799999999920146
274 634.000000 595.000000 52.82675400000000109912
275 671.000000 602.000000 237.26456400000000712680
276 463.000000 419.000000 48.45384700000000322007
277 594.000000 535.000000 14.35205400000000075522
278 789.000000 709.000000 75.68184999999999718057
279 483.000000 452.000000 114.50461900000000525779
280 441.000000 428.000000 251.26053999999999177817
281 401.000000 394.000000 9.99667400000000050397
282 597.000000 534.000000 311.52805399999999735883
283 424.000000 384.000000 198.49156800000000089312
286 556.000000 509.000000 45.32773199999999746979
287 519.000000 485.000000 1180.00093199999992066296
288 596.000000 523.000000 460.82488699999998971180
289 343.000000 332.000000 224.87282700000000090768
290 739.000000 673.000000 145.59867600000001175431
291 554.000000 514.000000 82.48200599999999838019
292 488.000000 427.000000 466.82397300000002360321
293 420.000000 389.000000 200.93834200000000578257
295 648.000000 580.000000 3.25819400000000003459
297 630.000000 562.000000 156.10567399999999338434
298 628.000000 566.000000 313.36500300000000152068
299 526.000000 490.000000 359.17717599999997446503
300 433.000000 387.000000 337.77764999999999417923
301 564.000000 507.000000 117.26014800000000093405
302 510.000000 480.000000 73.79891299999999887405
303 521.000000 472.000000 494.71249999999997726263
304 789.000000 702.000000 28.29687300000000149680
305 453.000000 426.000000 215.34271599999999580177
306 388.000000 356.000000 158.61951600000000439650
307 544.000000 505.000000 26.24064500000000066393
308 552.000000 509.000000 290.33526499999999259671
309 867.000000 731.000000 228.87003100000001154513
310 202.000000 189.000000 205.94218499999999494321
311 607.000000 540.000000 41.57802699999999873626
313 549.000000 521.000000 167.30595299999998815110
314 579.000000 534.000000 50.20990299999999706415
316 713.000000 656.000000 162.45927599999998847125
317 539.000000 501.000000 5.04905600000000021055
318 499.000000 468.000000 52.41684599999999960573
319 236.000000 225.000000 194.25855400000000372529
321 839.000000 729.000000 24.61921399999999948704
323 421.000000 402.000000 401.29804899999999179272
324 829.000000 743.000000 38.28261200000000030741
325 590.000000 548.000000 98.92673600000000533328
326 519.000000 479.000000 90.85747399999999629472
327 615.000000 562.000000 459.92187699999999495049
330 291.000000 264.000000 762.35251500000003943569
331 345.000000 325.000000 247.06978300000000103864
332 832.000000 742.000000 21.70173600000000035948
334 736.000000 683.000000 118.56006499999999448391
335 365.000000 340.000000 213.78744599999998854400
336 152.000000 131.000000 451.78430700000001252192
337 775.000000 677.000000 41.64818700000000006867
338 879.000000 799.000000 313.98576900000000478030
339 547.000000 513.000000 47.43563000000000329237
340 415.000000 392.000000 65.82554299999999614101
341 701.000000 647.000000 67.56388699999999403190
342 676.000000 643.000000 47.79924100000000208865
343 391.000000 337.000000 1102.07752299999992828816
344 578.000000 542.000000 488.18170099999997546547
345 518.000000 472.000000 904.40045999999995274266
346 398.000000 343.000000 549.90912500000001728040
347 374.000000 348.000000 49.51204200000000099635
348 509.000000 478.000000 45.76363500000000072987
349 595.000000 546.000000 93.83353200000000526870
350 536.000000 486.000000 129.09357199999999465945
351 629.000000 583.000000 709.52513999999996485712
352 515.000000 474.000000 392.44033999999999196007
353 315.000000 298.000000 196.45079599999999686588
354 201.000000 186.000000 168.92695900000001074659
355 347.000000 326.000000 303.41664800000000923319
356 632.000000 553.000000 29.56910500000000041609
358 509.000000 464.000000 51.80267899999999769989
359 868.000000 771.000000 41.95197999999999893816
360 608.000000 553.000000 462.71550700000000233558
361 697.000000 649.000000 21.16927499999999895408
362 395.000000 353.000000 452.58625599999999167267
363 529.000000 493.000000 92.63462599999999724787
364 652.000000 596.000000 450.49740100000002485103
365 642.000000 574.000000 314.88270599999998466956
366 775.000000 705.000000 1.51651699999999989288
367 924.000000 804.000000 31.44759900000000030218
369 504.000000 467.000000 202.95366500000000087311
370 732.000000 640.000000 9.06342000000000069804
371 371.000000 338.000000 598.32913299999995615508
373 498.000000 451.000000 399.22805899999997336636
375 395.000000 360.000000 91.73857399999999984175
377 379.000000 347.000000 44.80733399999999733154
378 543.000000 483.000000 27.54193499999999872330
379 362.000000 328.000000 694.34537000000000261934
380 495.000000 452.000000 211.34045399999999403917
381 425.000000 388.000000 9.66587200000000024147
382 637.000000 599.000000 2.92931499999999989114
383 357.000000 341.000000 220.38675599999999121792
384 770.000000 700.000000 65.72691700000000025739
385 647.000000 581.000000 602.59827600000005531911
387 929.000000 813.000000 4.37112500000000014921
388 606.000000 577.000000 115.97037500000000420641
389 424.000000 400.000000 71.39845900000000256114
390 563.000000 514.000000 100.32902199999999481861
391 831.000000 749.000000 23.56173000000000072873
392 399.000000 358.000000 519.48129500000004554749
393 564.000000 517.000000 61.05228499999999769443
394 417.000000 381.000000 163.75706900000000132422
395 695.000000 611.000000 331.77501499999999623469
396 631.000000 581.000000 122.25585499999999683496
397 475.000000 421.000000 228.32661600000000134969
398 224.000000 203.000000 340.06868600000001379158
399 663.000000 608.000000 400.76933300000001736407
400 688.000000 637.000000 21.12467399999999884130
401 324.000000 297.000000 188.38791000000000508408
402 787.000000 703.000000 181.89093199999999228567
403 344.000000 311.000000 1345.34240799999997761915
404 523.000000 468.000000 288.75337500000000545697
405 793.000000 710.000000 18.27691700000000096793
406 596.000000 546.000000 573.28129599999999754800
408 585.000000 544.000000 558.70007799999996223050
409 510.000000 453.000000 862.91741999999999279680
411 533.000000 479.000000 687.11728700000003300374
412 796.000000 709.000000 116.89163200000000131240
413 1019.000000 925.000000 129.21826899999999227475
414 485.000000 439.000000 300.82056399999999030115
415 651.000000 589.000000 5.43363900000000032975
417 467.000000 446.000000 176.04269899999999893225
418 500.000000 448.000000 123.79639600000000143609
419 481.000000 455.000000 132.38955200000000900218
420 538.000000 474.000000 324.20668399999999564898
