1 5.000000 5.000000 0.15542000000000000259
2 6.000000 6.000000 0.06374299999999999411
3 6.000000 6.000000 0.02400300000000000003
4 6.000000 6.000000 0.01527899999999999918
5 6.000000 6.000000 0.03271999999999999909
6 5.000000 5.000000 0.01955000000000000140
7 6.000000 6.000000 0.01239299999999999950
8 6.000000 6.000000 0.01716399999999999870
9 5.000000 5.000000 0.01160300000000000047
10 6.000000 6.000000 0.00993999999999999918
11 6.000000 6.000000 0.01529200000000000004
12 5.000000 5.000000 0.01035200000000000009
13 5.000000 5.000000 0.02492899999999999977
14 6.000000 6.000000 0.01111299999999999961
15 7.000000 6.000000 0.03039800000000000141
16 7.000000 6.000000 0.00907400000000000047
17 7.000000 7.000000 0.00955800000000000052
18 6.000000 6.000000 0.00946800000000000072
19 5.000000 5.000000 0.01124700000000000005
20 6.000000 6.000000 0.06143599999999999756
21 5.000000 5.000000 0.01001900000000000013
22 6.000000 6.000000 0.01358200000000000032
23 6.000000 6.000000 0.01078299999999999918
24 6.000000 6.000000 0.01278999999999999929
25 6.000000 6.000000 0.02455600000000000144
26 6.000000 6.000000 0.00911799999999999937
27 6.000000 6.000000 0.01123599999999999946
28 6.000000 6.000000 0.01203599999999999982
29 7.000000 6.000000 0.01037199999999999928
30 6.000000 6.000000 0.00906099999999999961
31 6.000000 6.000000 0.00983799999999999952
32 6.000000 6.000000 0.07060900000000000509
33 6.000000 6.000000 0.00952800000000000001
34 8.000000 6.000000 0.01149700000000000027
35 6.000000 6.000000 0.00947600000000000005
36 5.000000 5.000000 0.02582900000000000126
37 8.000000 7.000000 0.00922199999999999930
38 7.000000 7.000000 0.00911099999999999931
39 6.000000 6.000000 0.02587800000000000170
40 7.000000 7.000000 0.00892399999999999964
41 6.000000 6.000000 0.01023300000000000078
42 6.000000 6.000000 0.00966099999999999945
43 6.000000 6.000000 0.00920799999999999917
44 8.000000 7.000000 0.00890900000000000025
45 7.000000 7.000000 0.00892399999999999964
46 5.000000 5.000000 0.01283399999999999992
47 5.000000 5.000000 0.01070399999999999997
48 8.000000 7.000000 0.00988099999999999916
49 5.000000 5.000000 0.01688299999999999870
50 5.000000 5.000000 0.02600399999999999934
51 7.000000 7.000000 0.02660399999999999918
52 6.000000 6.000000 0.01035799999999999915
53 6.000000 6.000000 0.01178799999999999987
54 6.000000 6.000000 0.01081099999999999943
55 7.000000 7.000000 0.00984299999999999932
56 6.000000 6.000000 0.01007599999999999989
57 6.000000 6.000000 0.00988400000000000042
58 6.000000 6.000000 0.00989300000000000075
59 5.000000 5.000000 0.01122899999999999940
60 6.000000 6.000000 0.00960699999999999922
61 5.000000 5.000000 0.01033399999999999944
62 8.000000 6.000000 0.01024599999999999990
63 7.000000 6.000000 0.01086699999999999992
64 6.000000 6.000000 0.01018299999999999934
65 6.000000 6.000000 0.01076900000000000079
66 7.000000 7.000000 0.01029500000000000033
67 8.000000 6.000000 0.02747099999999999889
68 6.000000 6.000000 0.03465200000000000224
69 5.000000 5.000000 0.02656499999999999834
70 6.000000 6.000000 0.01030400000000000066
71 6.000000 6.000000 0.02651799999999999990
72 6.000000 6.000000 0.02650299999999999878
73 6.000000 6.000000 0.02734999999999999931
74 5.000000 5.000000 0.02798099999999999893
75 5.000000 5.000000 0.03564500000000000307
76 8.000000 7.000000 0.02701200000000000129
77 5.000000 5.000000 0.02779099999999999973
78 6.000000 6.000000 0.02643900000000000070
79 6.000000 6.000000 0.02693900000000000114
80 5.000000 5.000000 0.02628199999999999981
81 7.000000 6.000000 0.01002800000000000046
82 7.000000 6.000000 0.03589400000000000229
83 7.000000 6.000000 0.03089199999999999932
84 7.000000 6.000000 0.01021299999999999986
85 6.000000 6.000000 0.02717500000000000124
86 6.000000 6.000000 0.02712900000000000034
87 5.000000 5.000000 0.00945700000000000013
88 8.000000 7.000000 0.00979599999999999915
89 7.000000 7.000000 0.01087499999999999925
90 7.000000 6.000000 0.01005699999999999997
91 5.000000 5.000000 0.03464699999999999724
92 7.000000 6.000000 0.01084199999999999921
93 7.000000 6.000000 0.02634600000000000136
94 5.000000 5.000000 0.01029700000000000060
95 6.000000 6.000000 0.02686399999999999899
96 7.000000 7.000000 0.02654300000000000062
97 6.000000 6.000000 0.03127200000000000119
98 5.000000 5.000000 0.02399499999999999897
99 6.000000 6.000000 0.01074899999999999987
100 5.000000 5.000000 0.02768999999999999934
101 6.000000 6.000000 0.01083899999999999968
102 8.000000 6.000000 0.01040300000000000079
103 7.000000 7.000000 0.01048900000000000006
104 6.000000 6.000000 0.01079199999999999951
105 6.000000 6.000000 0.01073600000000000075
106 8.000000 7.000000 0.01045500000000000075
107 6.000000 6.000000 0.01039999999999999952
108 7.000000 6.000000 0.01070300000000000071
109 6.000000 6.000000 0.01046000000000000055
110 6.000000 6.000000 0.01059799999999999978
111 6.000000 6.000000 0.01064499999999999995
112 6.000000 6.000000 0.01056200000000000021
113 6.000000 6.000000 0.02382899999999999949
114 6.000000 6.000000 0.00934100000000000034
115 7.000000 7.000000 0.00895899999999999995
116 6.000000 6.000000 0.00913699999999999929
117 5.000000 5.000000 0.01030900000000000045
118 6.000000 6.000000 0.01194199999999999949
119 10.000000 7.000000 0.00908300000000000080
120 5.000000 5.000000 0.01061800000000000070
121 5.000000 5.000000 0.01037300000000000028
122 7.000000 7.000000 0.03432299999999999934
123 6.000000 6.000000 0.01052799999999999916
124 6.000000 6.000000 0.01049500000000000086
125 5.000000 5.000000 0.01623300000000000090
126 7.000000 6.000000 0.01165700000000000069
127 7.000000 6.000000 0.00942300000000000082
128 5.000000 5.000000 0.00942199999999999982
129 7.000000 6.000000 0.00937600000000000065
130 6.000000 6.000000 0.01005200000000000017
131 5.000000 5.000000 0.01102700000000000034
132 6.000000 6.000000 0.01069499999999999965
133 8.000000 7.000000 0.01009299999999999954
134 5.000000 5.000000 0.01049899999999999965
135 5.000000 5.000000 0.01057199999999999980
136 6.000000 6.000000 0.01044600000000000042
137 6.000000 6.000000 0.01055799999999999968
138 6.000000 6.000000 0.01058199999999999939
139 6.000000 6.000000 0.01061999999999999923
140 5.000000 5.000000 0.01068200000000000052
141 6.000000 6.000000 0.01049600000000000012
142 6.000000 6.000000 0.00984200000000000005
143 7.000000 7.000000 0.01042500000000000024
144 5.000000 5.000000 0.01026700000000000008
145 5.000000 5.000000 0.01085099999999999953
146 5.000000 5.000000 0.01082499999999999955
147 6.000000 6.000000 0.01103999999999999947
148 5.000000 5.000000 0.01071399999999999957
149 6.000000 6.000000 0.02477700000000000041
150 6.000000 6.000000 0.00991399999999999920
151 8.000000 6.000000 0.00958200000000000024
152 5.000000 5.000000 0.01044899999999999995
153 7.000000 6.000000 0.00973899999999999939
154 7.000000 6.000000 0.00965899999999999918
155 7.000000 7.000000 0.00968499999999999917
156 6.000000 6.000000 0.00953000000000000028
157 7.000000 7.000000 0.00953200000000000054
158 7.000000 7.000000 0.00955699999999999952
159 6.000000 6.000000 0.00972800000000000054
160 7.000000 6.000000 0.00946299999999999919
161 5.000000 5.000000 0.00952899999999999928
162 7.000000 7.000000 0.00953400000000000081
163 5.000000 5.000000 0.00968699999999999943
164 5.000000 5.000000 0.01028600000000000000
165 5.000000 5.000000 0.01046700000000000061
166 6.000000 6.000000 0.01053100000000000043
167 5.000000 5.000000 0.01231400000000000029
168 5.000000 5.000000 0.02821999999999999856
169 5.000000 5.000000 0.02432600000000000040
170 7.000000 7.000000 0.02064099999999999963
171 6.000000 6.000000 0.01005900000000000023
172 6.000000 6.000000 0.02658399999999999999
173 7.000000 7.000000 0.04411199999999999843
174 5.000000 5.000000 0.01068799999999999958
175 5.000000 5.000000 0.03495999999999999802
176 6.000000 6.000000 0.03903800000000000325
177 6.000000 6.000000 0.03473099999999999798
178 6.000000 6.000000 0.02984500000000000000
179 7.000000 7.000000 0.01007199999999999936
180 7.000000 6.000000 0.03477700000000000236
181 8.000000 7.000000 0.03025500000000000064
182 7.000000 6.000000 0.03440000000000000002
183 7.000000 7.000000 0.03450000000000000289
184 6.000000 6.000000 0.03459600000000000175
185 8.000000 7.000000 0.03458900000000000169
186 5.000000 5.000000 0.01081999999999999976
187 5.000000 5.000000 0.01491600000000000044
188 5.000000 5.000000 0.01084399999999999947
189 6.000000 6.000000 0.02708299999999999944
190 5.000000 5.000000 0.03938900000000000040
191 7.000000 6.000000 0.04390899999999999664
192 5.000000 5.000000 0.03515700000000000075
193 6.000000 6.000000 0.03558299999999999658
194 6.000000 6.000000 0.03459099999999999675
195 6.000000 6.000000 0.01050500000000000045
196 8.000000 7.000000 0.03409999999999999837
197 6.000000 6.000000 0.03457099999999999757
198 6.000000 6.000000 0.03444599999999999745
199 7.000000 7.000000 0.03454800000000000232
200 5.000000 5.000000 0.03491799999999999765
201 7.000000 6.000000 0.03432099999999999734
202 7.000000 7.000000 0.03527899999999999786
203 6.000000 6.000000 0.03462200000000000000
204 7.000000 7.000000 0.03421600000000000336
205 5.000000 5.000000 0.03476900000000000129
206 5.000000 5.000000 0.03475500000000000117
207 8.000000 7.000000 0.04228099999999999914
208 7.000000 6.000000 0.03461800000000000294
209 5.000000 5.000000 0.01053699999999999949
210 6.000000 6.000000 0.04177600000000000063
211 6.000000 6.000000 0.03418000000000000205
212 6.000000 6.000000 0.02160899999999999974
213 7.000000 6.000000 0.02969799999999999870
214 5.000000 5.000000 0.03433599999999999847
215 6.000000 6.000000 0.01027800000000000068
216 5.000000 5.000000 0.02255599999999999966
217 5.000000 5.000000 0.03827400000000000246
218 6.000000 6.000000 0.03024999999999999911
219 7.000000 7.000000 0.02996599999999999958
220 6.000000 6.000000 0.03333400000000000252
221 5.000000 5.000000 0.03468000000000000249
222 7.000000 7.000000 0.03415800000000000086
223 8.000000 7.000000 0.03817500000000000060
224 7.000000 7.000000 0.03465800000000000131
225 7.000000 6.000000 0.03075500000000000109
226 5.000000 5.000000 0.05808399999999999674
227 5.000000 5.000000 0.03098899999999999919
228 5.000000 5.000000 0.03023500000000000146
229 6.000000 6.000000 0.03098100000000000159
230 5.000000 5.000000 0.03881300000000000028
231 5.000000 5.000000 0.03409399999999999931
232 6.000000 6.000000 0.01104800000000000053
233 7.000000 6.000000 0.03421300000000000036
234 6.000000 6.000000 0.03444900000000000045
235 6.000000 6.000000 0.03422399999999999748
236 6.000000 6.000000 0.03398000000000000326
237 5.000000 5.000000 0.03439699999999999702
238 6.000000 6.000000 0.02269799999999999943
239 5.000000 5.000000 0.01035299999999999936
240 7.000000 7.000000 0.03389400000000000052
241 9.000000 7.000000 0.03341500000000000026
242 6.000000 6.000000 0.02691299999999999942
243 6.000000 6.000000 0.02988400000000000084
244 6.000000 6.000000 0.00964800000000000033
245 7.000000 7.000000 0.04128099999999999825
246 6.000000 6.000000 0.00982399999999999940
247 6.000000 6.000000 0.02671199999999999963
248 7.000000 7.000000 0.02739700000000000121
249 7.000000 6.000000 0.00960500000000000069
250 7.000000 6.000000 0.02578700000000000089
251 6.000000 6.000000 0.01060299999999999958
252 6.000000 6.000000 0.01079600000000000004
253 6.000000 6.000000 0.02631100000000000105
254 7.000000 6.000000 0.00872200000000000059
255 7.000000 7.000000 0.00849600000000000008
256 5.000000 5.000000 0.00874699999999999957
257 7.000000 7.000000 0.00862800000000000025
258 6.000000 6.000000 0.00881099999999999939
259 5.000000 5.000000 0.01702000000000000041
260 6.000000 6.000000 0.00898499999999999993
261 7.000000 7.000000 0.00882999999999999931
262 6.000000 6.000000 0.00856999999999999949
263 7.000000 6.000000 0.00852800000000000086
264 6.000000 6.000000 0.00842299999999999993
265 6.000000 6.000000 0.00853899999999999972
266 5.000000 5.000000 0.00869799999999999914
267 7.000000 7.000000 0.00878199999999999988
268 6.000000 6.000000 0.00934499999999999914
269 6.000000 6.000000 0.00935300000000000020
270 5.000000 5.000000 0.00982899999999999920
271 5.000000 5.000000 0.02394100000000000047
272 5.000000 5.000000 0.00915200000000000041
273 7.000000 6.000000 0.00939500000000000057
274 7.000000 7.000000 0.00945700000000000013
275 7.000000 7.000000 0.00924400000000000048
276 6.000000 6.000000 0.00958900000000000030
277 5.000000 5.000000 0.00978399999999999929
278 6.000000 6.000000 0.00950900000000000009
279 9.000000 6.000000 0.00895299999999999915
280 7.000000 7.000000 0.00858100000000000009
281 7.000000 6.000000 0.00855700000000000037
282 5.000000 5.000000 0.00928499999999999985
283 5.000000 5.000000 0.01053600000000000023
284 6.000000 6.000000 0.00960800000000000022
285 7.000000 7.000000 0.00948700000000000064
286 6.000000 6.000000 0.00968199999999999963
287 8.000000 6.000000 0.00945200000000000033
288 6.000000 6.000000 0.00980400000000000021
289 5.000000 5.000000 0.00881299999999999965
290 5.000000 5.000000 0.00928600000000000085
291 5.000000 5.000000 0.00965099999999999986
292 5.000000 5.000000 0.00977300000000000044
293 6.000000 6.000000 0.02569600000000000009
294 7.000000 7.000000 0.00862199999999999946
295 6.000000 6.000000 0.00864299999999999964
296 6.000000 6.000000 0.00858199999999999935
297 8.000000 7.000000 0.00838799999999999962
298 8.000000 7.000000 0.00906599999999999941
299 5.000000 5.000000 0.01002300000000000066
300 6.000000 6.000000 0.00936200000000000053
301 6.000000 6.000000 0.00960899999999999949
302 5.000000 5.000000 0.00955199999999999973
303 7.000000 7.000000 0.00957299999999999991
304 7.000000 7.000000 0.01450899999999999933
305 5.000000 5.000000 0.01084899999999999927
306 8.000000 7.000000 0.01016599999999999969
307 5.000000 5.000000 0.00972699999999999954
308 8.000000 7.000000 0.00927099999999999973
309 6.000000 6.000000 0.00855000000000000031
310 5.000000 5.000000 0.00968600000000000017
311 5.000000 5.000000 0.00963100000000000067
312 6.000000 6.000000 0.00956199999999999932
313 8.000000 7.000000 0.00920999999999999944
314 5.000000 5.000000 0.00984299999999999932
315 5.000000 5.000000 0.00966299999999999971
316 6.000000 6.000000 0.00958499999999999977
317 6.000000 6.000000 0.00947199999999999952
318 8.000000 7.000000 0.00926300000000000040
319 7.000000 6.000000 0.01016000000000000063
320 6.000000 6.000000 0.01688999999999999876
321 6.000000 6.000000 0.01020599999999999979
322 6.000000 6.000000 0.01333900000000000016
323 6.000000 6.000000 0.00933999999999999934
324 5.000000 5.000000 0.00863900000000000085
325 5.000000 5.000000 0.00910399999999999925
326 5.000000 5.000000 0.00958200000000000024
327 5.000000 5.000000 0.00972400000000000000
328 6.000000 6.000000 0.00964699999999999933
329 7.000000 7.000000 0.00944200000000000074
330 6.000000 6.000000 0.00999399999999999941
331 6.000000 6.000000 0.00974500000000000019
332 6.000000 6.000000 0.00968499999999999917
333 5.000000 5.000000 0.01026999999999999962
334 8.000000 7.000000 0.00944500000000000027
335 6.000000 6.000000 0.01039200000000000020
336 7.000000 7.000000 0.00882800000000000078
337 5.000000 5.000000 0.00915400000000000068
338 7.000000 7.000000 0.00952300000000000021
339 6.000000 6.000000 0.00955100000000000046
340 8.000000 7.000000 0.00880399999999999933
341 6.000000 6.000000 0.00883600000000000010
342 6.000000 6.000000 0.00944700000000000054
343 5.000000 5.000000 0.00899199999999999999
344 6.000000 6.000000 0.00933699999999999981
345 5.000000 5.000000 0.01396099999999999945
346 7.000000 6.000000 0.00919999999999999984
347 8.000000 7.000000 0.00877299999999999955
348 6.000000 6.000000 0.00969099999999999996
349 7.000000 7.000000 0.00988799999999999922
350 5.000000 5.000000 0.01047200000000000041
351 6.000000 6.000000 0.00997199999999999996
352 5.000000 5.000000 0.00982199999999999913
353 6.000000 6.000000 0.00963699999999999973
354 7.000000 7.000000 0.00914799999999999988
355 5.000000 5.000000 0.00896699999999999928
356 5.000000 5.000000 0.00878600000000000041
357 7.000000 6.000000 0.00870600000000000020
358 6.000000 6.000000 0.00914599999999999962
359 7.000000 7.000000 0.00961599999999999955
360 5.000000 5.000000 0.01029200000000000080
361 5.000000 5.000000 0.01000700000000000027
362 7.000000 6.000000 0.00972100000000000047
363 6.000000 6.000000 0.01006300000000000076
364 5.000000 5.000000 0.01005299999999999944
365 6.000000 6.000000 0.01037599999999999981
366 6.000000 6.000000 0.01107600000000000078
367 5.000000 5.000000 0.00888399999999999954
368 8.000000 7.000000 0.00927099999999999973
369 5.000000 5.000000 0.00875100000000000010
370 5.000000 5.000000 0.00980600000000000048
371 5.000000 5.000000 0.00987999999999999989
372 6.000000 6.000000 0.00976699999999999964
373 6.000000 6.000000 0.00969899999999999929
374 5.000000 5.000000 0.02615800000000000070
375 6.000000 6.000000 0.01015600000000000010
376 6.000000 6.000000 0.00994100000000000018
377 7.000000 7.000000 0.01064999999999999974
378 6.000000 6.000000 0.00911799999999999937
379 6.000000 6.000000 0.00964800000000000033
380 6.000000 6.000000 0.00922800000000000009
381 5.000000 5.000000 0.01012900000000000085
382 6.000000 6.000000 0.01039499999999999973
383 8.000000 7.000000 0.00979799999999999942
384 7.000000 7.000000 0.02592500000000000013
385 6.000000 6.000000 0.01823599999999999874
386 6.000000 6.000000 0.01000299999999999974
387 5.000000 5.000000 0.02734899999999999831
388 6.000000 6.000000 0.02635799999999999949
389 7.000000 6.000000 0.01807200000000000126
390 5.000000 5.000000 0.02385100000000000067
391 5.000000 5.000000 0.01068999999999999985
392 5.000000 5.000000 0.02352599999999999830
393 5.000000 5.000000 0.02752800000000000039
394 5.000000 5.000000 0.01804000000000000048
395 5.000000 5.000000 0.01908599999999999880
396 7.000000 6.000000 0.01742499999999999952
397 5.000000 5.000000 0.02882399999999999893
398 6.000000 6.000000 0.03004199999999999926
399 5.000000 5.000000 0.02307700000000000029
400 5.000000 5.000000 0.01886499999999999982
401 7.000000 7.000000 0.01885200000000000070
402 6.000000 6.000000 0.02782600000000000004
403 7.000000 6.000000 0.02699000000000000010
404 5.000000 5.000000 0.01923800000000000163
405 7.000000 7.000000 0.01463399999999999944
406 5.000000 5.000000 0.01961299999999999849
407 7.000000 7.000000 0.02682500000000000162
408 5.000000 5.000000 0.01041300000000000038
409 5.000000 5.000000 0.02711200000000000068
410 7.000000 6.000000 0.03626000000000000056
411 6.000000 6.000000 0.02702500000000000041
412 6.000000 6.000000 0.01044899999999999995
413 9.000000 6.000000 0.00892800000000000017
414 5.000000 5.000000 0.02567200000000000037
415 5.000000 5.000000 0.02653200000000000003
416 5.000000 5.000000 0.01097000000000000058
417 7.000000 7.000000 0.02669699999999999851
418 5.000000 5.000000 0.01435799999999999924
419 5.000000 5.000000 0.02672499999999999876
420 6.000000 6.000000 0.01040400000000000005
