1 7.000000 7.000000 0.15182499999999998774
2 9.000000 9.000000 0.05990299999999999792
3 12.000000 12.000000 0.03097600000000000006
4 6.000000 6.000000 0.01813999999999999987
5 9.000000 8.000000 0.03452700000000000213
6 10.000000 9.000000 0.02145899999999999891
7 6.000000 6.000000 0.02128100000000000130
8 9.000000 9.000000 0.02988299999999999984
9 9.000000 9.000000 0.04208300000000000235
10 8.000000 8.000000 0.01472000000000000045
11 10.000000 10.000000 0.05342399999999999927
12 8.000000 8.000000 0.01445100000000000030
13 12.000000 12.000000 0.01637299999999999867
14 18.000000 16.000000 0.02577499999999999930
15 8.000000 8.000000 0.01742799999999999905
16 8.000000 6.000000 0.02029500000000000054
17 8.000000 8.000000 0.01217000000000000026
18 8.000000 8.000000 0.01568599999999999856
19 12.000000 10.000000 0.02985300000000000106
20 12.000000 10.000000 0.03107100000000000140
21 8.000000 8.000000 0.02977300000000000085
22 9.000000 9.000000 0.03687100000000000100
23 12.000000 11.000000 0.03035099999999999951
24 6.000000 6.000000 0.02948500000000000079
25 11.000000 11.000000 0.02995899999999999952
26 9.000000 9.000000 0.01590099999999999847
27 10.000000 9.000000 0.01336500000000000014
28 6.000000 6.000000 0.01333499999999999963
29 7.000000 7.000000 0.02903000000000000025
30 11.000000 8.000000 0.01548099999999999997
31 12.000000 10.000000 0.01156300000000000036
32 7.000000 7.000000 0.01319299999999999987
33 12.000000 10.000000 0.01653800000000000062
34 11.000000 10.000000 0.01263099999999999987
35 8.000000 8.000000 0.01288800000000000015
36 8.000000 8.000000 0.01351899999999999977
37 11.000000 9.000000 0.01278400000000000022
38 6.000000 6.000000 0.02932200000000000084
39 8.000000 8.000000 0.06010700000000000071
40 11.000000 10.000000 0.03238499999999999712
41 7.000000 6.000000 0.03331499999999999739
42 7.000000 6.000000 0.02456500000000000003
43 8.000000 8.000000 0.01727000000000000063
44 9.000000 9.000000 0.01311000000000000013
45 14.000000 13.000000 0.01299400000000000034
46 8.000000 8.000000 0.01402699999999999954
47 12.000000 11.000000 0.01235799999999999919
48 6.000000 6.000000 0.01202800000000000050
49 8.000000 8.000000 0.01210499999999999944
50 12.000000 10.000000 0.01366799999999999959
51 8.000000 8.000000 0.01307900000000000035
52 6.000000 6.000000 0.01223800000000000061
53 6.000000 6.000000 0.01323200000000000071
54 11.000000 10.000000 0.01145499999999999990
55 11.000000 11.000000 0.01242200000000000075
56 13.000000 13.000000 0.01303499999999999971
57 8.000000 8.000000 0.01272099999999999967
58 7.000000 7.000000 0.01203500000000000056
59 9.000000 8.000000 0.01247799999999999951
60 5.000000 5.000000 0.01253699999999999953
61 7.000000 6.000000 0.01208599999999999952
62 11.000000 10.000000 0.01190300000000000039
63 13.000000 11.000000 0.01209799999999999938
64 7.000000 7.000000 0.01293500000000000032
65 13.000000 11.000000 0.01240300000000000083
66 7.000000 7.000000 0.01256400000000000051
67 12.000000 11.000000 0.01213000000000000016
68 5.000000 5.000000 0.01151100000000000040
69 8.000000 7.000000 0.01227499999999999945
70 6.000000 6.000000 0.01257199999999999984
71 9.000000 9.000000 0.01400799999999999962
72 10.000000 10.000000 0.01757200000000000081
73 10.000000 10.000000 0.01276300000000000004
74 9.000000 8.000000 0.02850099999999999856
75 6.000000 6.000000 0.02943600000000000036
76 12.000000 10.000000 0.03091100000000000098
77 9.000000 9.000000 0.01370099999999999964
78 11.000000 10.000000 0.02632999999999999924
79 16.000000 14.000000 0.02411100000000000049
80 8.000000 8.000000 0.02906299999999999856
81 5.000000 5.000000 0.03424900000000000166
82 8.000000 8.000000 0.01234099999999999954
83 8.000000 8.000000 0.01318300000000000027
84 8.000000 8.000000 0.01291800000000000066
85 8.000000 8.000000 0.01364800000000000041
86 9.000000 9.000000 0.01206499999999999934
87 8.000000 7.000000 0.01334199999999999969
88 8.000000 8.000000 0.01463899999999999924
89 13.000000 10.000000 0.01286099999999999917
90 8.000000 8.000000 0.01400400000000000082
91 6.000000 6.000000 0.02541500000000000009
92 7.000000 6.000000 0.02496299999999999908
93 11.000000 10.000000 0.02567699999999999844
94 8.000000 8.000000 0.02877800000000000150
95 7.000000 7.000000 0.02946100000000000108
96 9.000000 8.000000 0.02778800000000000020
97 6.000000 6.000000 0.01172199999999999978
98 9.000000 9.000000 0.04879000000000000004
99 14.000000 12.000000 0.01107299999999999951
100 11.000000 10.000000 0.01191099999999999971
101 15.000000 11.000000 0.01160500000000000073
102 9.000000 7.000000 0.01166900000000000055
103 10.000000 8.000000 0.02757700000000000082
104 6.000000 6.000000 0.01268200000000000056
105 10.000000 9.000000 0.01108300000000000084
106 14.000000 11.000000 0.01185499999999999922
107 11.000000 10.000000 0.01235699999999999993
108 13.000000 10.000000 0.01159299999999999914
109 12.000000 11.000000 0.01147100000000000029
110 11.000000 9.000000 0.02482099999999999931
111 11.000000 11.000000 0.02912599999999999911
112 12.000000 11.000000 0.01421799999999999974
113 6.000000 6.000000 0.02872500000000000053
114 13.000000 11.000000 0.02918300000000000061
115 10.000000 9.000000 0.01251900000000000061
116 13.000000 11.000000 0.02768500000000000127
117 8.000000 8.000000 0.01633199999999999930
118 6.000000 6.000000 0.01205999999999999954
119 7.000000 7.000000 0.01191099999999999971
120 18.000000 13.000000 0.01212599999999999963
121 10.000000 8.000000 0.01291199999999999987
122 7.000000 7.000000 0.01200700000000000031
123 11.000000 10.000000 0.01207100000000000013
124 15.000000 12.000000 0.01262800000000000034
125 13.000000 10.000000 0.01195000000000000055
126 13.000000 11.000000 0.01139000000000000082
127 6.000000 6.000000 0.01331399999999999945
128 9.000000 8.000000 0.01225900000000000080
129 9.000000 8.000000 0.01261800000000000074
130 9.000000 9.000000 0.01287100000000000050
131 7.000000 6.000000 0.01263200000000000087
132 13.000000 10.000000 0.01177500000000000074
133 6.000000 6.000000 0.02245899999999999980
134 10.000000 8.000000 0.02567799999999999944
135 11.000000 10.000000 0.01259300000000000003
136 9.000000 8.000000 0.01404000000000000040
137 9.000000 8.000000 0.01422299999999999953
138 9.000000 8.000000 0.01591199999999999906
139 14.000000 11.000000 0.01182199999999999918
140 11.000000 10.000000 0.02861299999999999955
141 13.000000 10.000000 0.01144599999999999958
142 6.000000 6.000000 0.01392099999999999935
143 10.000000 8.000000 0.01195700000000000061
144 6.000000 6.000000 0.02689599999999999977
145 6.000000 6.000000 0.02011299999999999893
146 8.000000 8.000000 0.04450500000000000289
147 12.000000 12.000000 0.01254000000000000080
148 8.000000 8.000000 0.02075600000000000014
149 7.000000 7.000000 0.01160399999999999973
150 8.000000 8.000000 0.01268200000000000056
151 9.000000 8.000000 0.01232199999999999962
152 7.000000 7.000000 0.01246000000000000059
153 9.000000 8.000000 0.01118599999999999976
154 14.000000 11.000000 0.01212500000000000036
155 7.000000 7.000000 0.01299100000000000081
156 15.000000 11.000000 0.01391599999999999955
157 9.000000 9.000000 0.01284599999999999978
158 9.000000 8.000000 0.01249399999999999990
159 10.000000 9.000000 0.01186100000000000002
160 10.000000 8.000000 0.01108499999999999937
161 13.000000 11.000000 0.01162900000000000045
162 5.000000 5.000000 0.01222099999999999922
163 8.000000 8.000000 0.02203400000000000150
164 11.000000 10.000000 0.02521100000000000077
165 7.000000 6.000000 0.01270800000000000055
166 7.000000 7.000000 0.01171999999999999952
167 10.000000 9.000000 0.04770100000000000035
168 6.000000 6.000000 0.02485199999999999909
169 12.000000 11.000000 0.01340700000000000051
170 5.000000 5.000000 0.01398699999999999943
171 10.000000 10.000000 0.02720699999999999855
172 12.000000 9.000000 0.01319099999999999960
173 12.000000 11.000000 0.01692199999999999954
174 10.000000 10.000000 0.01297799999999999995
175 10.000000 9.000000 0.01377699999999999932
176 11.000000 11.000000 0.01386800000000000012
177 13.000000 13.000000 0.01204999999999999995
178 14.000000 13.000000 0.01475300000000000049
179 9.000000 8.000000 0.01212500000000000036
180 12.000000 11.000000 0.02932600000000000137
181 10.000000 9.000000 0.01185499999999999922
182 11.000000 9.000000 0.01091499999999999936
183 9.000000 9.000000 0.02776599999999999902
184 8.000000 8.000000 0.04091199999999999698
185 7.000000 7.000000 0.02797600000000000087
186 6.000000 6.000000 0.01290600000000000080
187 7.000000 7.000000 0.02542799999999999921
188 14.000000 12.000000 0.02616599999999999829
189 6.000000 6.000000 0.02892199999999999979
190 8.000000 7.000000 0.01130800000000000034
191 6.000000 6.000000 0.01329499999999999953
192 8.000000 8.000000 0.02880599999999999827
193 10.000000 10.000000 0.02386699999999999933
194 13.000000 11.000000 0.01175000000000000003
195 9.000000 9.000000 0.02503500000000000170
196 6.000000 6.000000 0.02519300000000000012
197 10.000000 9.000000 0.01229000000000000058
198 10.000000 8.000000 0.01154799999999999924
199 10.000000 9.000000 0.01048900000000000006
200 6.000000 6.000000 0.01245899999999999959
201 9.000000 9.000000 0.01228100000000000025
202 6.000000 6.000000 0.01272000000000000040
203 11.000000 10.000000 0.04078799999999999787
204 6.000000 6.000000 0.01171200000000000019
205 13.000000 11.000000 0.01176299999999999915
206 12.000000 9.000000 0.01185699999999999948
207 14.000000 13.000000 0.02097399999999999959
208 5.000000 5.000000 0.03166599999999999970
209 6.000000 6.000000 0.03327100000000000196
210 10.000000 8.000000 0.01374500000000000027
211 16.000000 11.000000 0.01267800000000000003
212 6.000000 6.000000 0.01275800000000000024
213 8.000000 8.000000 0.01224699999999999921
214 11.000000 10.000000 0.02787099999999999994
215 12.000000 10.000000 0.01226200000000000033
216 8.000000 8.000000 0.01297500000000000042
217 14.000000 11.000000 0.01875299999999999884
218 12.000000 11.000000 0.01190800000000000018
219 9.000000 9.000000 0.02054599999999999829
220 11.000000 10.000000 0.01154699999999999997
221 5.000000 5.000000 0.01267099999999999997
222 7.000000 7.000000 0.01175200000000000029
223 11.000000 10.000000 0.01274499999999999938
224 10.000000 9.000000 0.01240600000000000036
225 7.000000 6.000000 0.01427600000000000049
226 8.000000 8.000000 0.01275899999999999951
227 16.000000 12.000000 0.01120600000000000068
228 11.000000 10.000000 0.01154200000000000018
229 8.000000 7.000000 0.01240999999999999916
230 6.000000 6.000000 0.02836699999999999985
231 12.000000 10.000000 0.02787399999999999947
232 8.000000 7.000000 0.01098400000000000071
233 11.000000 11.000000 0.02568099999999999897
234 12.000000 9.000000 0.02787299999999999847
235 8.000000 8.000000 0.03615999999999999770
236 10.000000 9.000000 0.01233000000000000068
237 12.000000 12.000000 0.01131399999999999940
238 11.000000 10.000000 0.01127900000000000083
239 8.000000 8.000000 0.02811200000000000157
240 9.000000 9.000000 0.02739300000000000068
241 8.000000 7.000000 0.02811800000000000063
242 9.000000 8.000000 0.01123200000000000066
243 9.000000 8.000000 0.01208200000000000073
244 8.000000 8.000000 0.01141400000000000053
245 6.000000 6.000000 0.02336299999999999835
246 9.000000 9.000000 0.01180299999999999926
247 10.000000 9.000000 0.01092899999999999948
248 12.000000 10.000000 0.01066499999999999913
249 14.000000 13.000000 0.01069699999999999991
250 12.000000 11.000000 0.01294099999999999938
251 11.000000 9.000000 0.01109899999999999949
252 9.000000 8.000000 0.01201600000000000064
253 7.000000 7.000000 0.01163699999999999977
254 9.000000 7.000000 0.01105500000000000059
255 10.000000 9.000000 0.01070100000000000044
256 12.000000 10.000000 0.01146800000000000076
257 13.000000 11.000000 0.01060999999999999964
258 8.000000 7.000000 0.01127900000000000083
259 7.000000 7.000000 0.01199000000000000066
260 5.000000 5.000000 0.01189199999999999979
261 11.000000 10.000000 0.01068999999999999985
262 10.000000 9.000000 0.01127000000000000050
263 8.000000 8.000000 0.01230599999999999923
264 6.000000 6.000000 0.01225799999999999980
265 15.000000 12.000000 0.02057700000000000154
266 7.000000 7.000000 0.01096899999999999958
267 10.000000 9.000000 0.01217700000000000032
268 11.000000 10.000000 0.01222600000000000076
269 8.000000 8.000000 0.01394600000000000006
270 9.000000 8.000000 0.02859599999999999989
271 10.000000 8.000000 0.01072799999999999969
272 12.000000 10.000000 0.01093200000000000074
273 9.000000 8.000000 0.01227699999999999972
274 8.000000 8.000000 0.01189699999999999959
275 10.000000 9.000000 0.01306900000000000076
276 12.000000 10.000000 0.01158299999999999955
277 6.000000 6.000000 0.02831499999999999989
278 8.000000 6.000000 0.01132500000000000000
279 11.000000 10.000000 0.01135500000000000051
280 8.000000 7.000000 0.02506699999999999900
281 8.000000 8.000000 0.01111400000000000061
282 9.000000 8.000000 0.01118700000000000076
283 9.000000 8.000000 0.01222499999999999976
284 8.000000 8.000000 0.01156199999999999936
285 14.000000 13.000000 0.01087699999999999952
286 11.000000 9.000000 0.01037399999999999954
287 10.000000 8.000000 0.01208000000000000046
288 11.000000 10.000000 0.01056200000000000021
289 8.000000 8.000000 0.01302599999999999938
290 13.000000 10.000000 0.01141400000000000053
291 7.000000 7.000000 0.01103200000000000014
292 8.000000 8.000000 0.02075099999999999861
293 8.000000 8.000000 0.03476100000000000023
294 10.000000 10.000000 0.01239200000000000024
295 8.000000 6.000000 0.01225900000000000080
296 7.000000 7.000000 0.01232100000000000035
297 17.000000 13.000000 0.01225399999999999927
298 8.000000 7.000000 0.01145400000000000064
299 12.000000 10.000000 0.01151800000000000046
300 6.000000 6.000000 0.01318300000000000027
301 10.000000 8.000000 0.01165599999999999969
302 7.000000 7.000000 0.01174900000000000076
303 8.000000 8.000000 0.01142899999999999992
304 7.000000 7.000000 0.01118300000000000023
305 6.000000 6.000000 0.01121300000000000074
306 12.000000 10.000000 0.01069699999999999991
307 6.000000 6.000000 0.01785499999999999934
308 10.000000 9.000000 0.01140599999999999947
309 6.000000 6.000000 0.01249100000000000037
310 11.000000 11.000000 0.01187700000000000040
311 10.000000 9.000000 0.01205600000000000074
312 7.000000 7.000000 0.01220300000000000031
313 10.000000 8.000000 0.01253199999999999974
314 9.000000 8.000000 0.02085100000000000148
315 11.000000 10.000000 0.01433000000000000072
316 8.000000 8.000000 0.02563199999999999854
317 8.000000 8.000000 0.01126599999999999997
318 14.000000 11.000000 0.01175400000000000056
319 7.000000 7.000000 0.01172199999999999978
320 6.000000 6.000000 0.01110700000000000055
321 12.000000 10.000000 0.01146499999999999950
322 9.000000 9.000000 0.01253199999999999974
323 12.000000 10.000000 0.01042200000000000071
324 8.000000 7.000000 0.01152599999999999979
325 15.000000 13.000000 0.01079399999999999978
326 9.000000 9.000000 0.01271000000000000081
327 9.000000 8.000000 0.01209900000000000038
328 6.000000 6.000000 0.01416399999999999951
329 13.000000 13.000000 0.01163400000000000024
330 13.000000 11.000000 0.01125899999999999991
331 9.000000 8.000000 0.01116800000000000084
332 12.000000 11.000000 0.01166200000000000049
333 12.000000 11.000000 0.01353599999999999942
334 5.000000 5.000000 0.01507099999999999933
335 5.000000 5.000000 0.01121600000000000028
336 10.000000 9.000000 0.01286099999999999917
337 8.000000 8.000000 0.01727499999999999869
338 7.000000 7.000000 0.02476099999999999829
339 14.000000 11.000000 0.01115499999999999999
340 10.000000 8.000000 0.01960599999999999843
341 8.000000 8.000000 0.02914399999999999977
342 6.000000 6.000000 0.01123799999999999973
343 11.000000 9.000000 0.02038500000000000034
344 7.000000 7.000000 0.01129800000000000075
345 6.000000 6.000000 0.01119299999999999982
346 10.000000 9.000000 0.01110000000000000049
347 9.000000 9.000000 0.01078100000000000065
348 13.000000 11.000000 0.01212700000000000063
349 11.000000 11.000000 0.02249599999999999864
350 9.000000 9.000000 0.01129299999999999922
351 9.000000 8.000000 0.01134600000000000018
352 11.000000 11.000000 0.01122699999999999913
353 11.000000 10.000000 0.01177300000000000048
354 6.000000 6.000000 0.01200400000000000078
355 9.000000 8.000000 0.01192000000000000004
356 9.000000 9.000000 0.03752400000000000180
357 8.000000 8.000000 0.01170200000000000060
358 7.000000 7.000000 0.01062699999999999929
359 10.000000 10.000000 0.01160600000000000000
360 6.000000 6.000000 0.01225300000000000000
361 8.000000 8.000000 0.01173199999999999937
362 7.000000 6.000000 0.01213400000000000069
363 6.000000 6.000000 0.01164399999999999984
364 14.000000 12.000000 0.01099900000000000010
365 8.000000 8.000000 0.01264200000000000046
366 9.000000 9.000000 0.02751899999999999832
367 7.000000 7.000000 0.04025100000000000205
368 12.000000 11.000000 0.04648299999999999654
369 13.000000 13.000000 0.02910599999999999993
370 11.000000 9.000000 0.02402500000000000122
371 9.000000 8.000000 0.01155899999999999983
372 8.000000 8.000000 0.01239799999999999930
373 8.000000 8.000000 0.01177300000000000048
374 10.000000 8.000000 0.01065699999999999981
375 9.000000 9.000000 0.01132299999999999973
376 7.000000 7.000000 0.01162200000000000039
377 11.000000 11.000000 0.01142499999999999939
378 9.000000 9.000000 0.01176400000000000015
379 10.000000 9.000000 0.01203500000000000056
380 10.000000 9.000000 0.01145700000000000017
381 13.000000 13.000000 0.01077900000000000039
382 6.000000 6.000000 0.01142899999999999992
383 13.000000 13.000000 0.01119900000000000062
384 13.000000 13.000000 0.01274100000000000059
385 8.000000 8.000000 0.01125600000000000038
386 6.000000 6.000000 0.02396600000000000119
387 12.000000 10.000000 0.01172100000000000052
388 11.000000 10.000000 0.01102099999999999955
389 12.000000 11.000000 0.01109800000000000023
390 7.000000 6.000000 0.01187299999999999987
391 7.000000 7.000000 0.01144099999999999978
392 7.000000 7.000000 0.02785699999999999982
393 10.000000 10.000000 0.01090099999999999923
394 6.000000 6.000000 0.02179999999999999993
395 6.000000 6.000000 0.01129100000000000069
396 6.000000 6.000000 0.01190000000000000085
397 6.000000 6.000000 0.01159499999999999940
398 15.000000 13.000000 0.01073799999999999928
399 7.000000 6.000000 0.01135300000000000024
400 10.000000 9.000000 0.01240100000000000056
401 13.000000 11.000000 0.01249399999999999990
402 8.000000 7.000000 0.02337300000000000141
403 10.000000 9.000000 0.01245300000000000053
404 7.000000 7.000000 0.03417099999999999999
405 8.000000 8.000000 0.01200900000000000058
406 9.000000 7.000000 0.01143100000000000019
407 10.000000 9.000000 0.03068399999999999947
408 12.000000 11.000000 0.02886400000000000077
409 6.000000 6.000000 0.01261299999999999921
410 8.000000 8.000000 0.01179400000000000066
411 7.000000 7.000000 0.01145099999999999937
412 11.000000 10.000000 0.01145599999999999917
413 6.000000 6.000000 0.01146100000000000070
414 6.000000 6.000000 0.01893799999999999997
415 8.000000 8.000000 0.01265699999999999985
416 10.000000 9.000000 0.01366900000000000059
417 10.000000 10.000000 0.01306399999999999922
418 15.000000 13.000000 0.01317899999999999974
419 6.000000 6.000000 0.01332099999999999951
420 10.000000 9.000000 0.01463199999999999917
