1 24.000000 20.000000 0.12505199999999999649
2 18.000000 16.000000 0.12382200000000000151
3 19.000000 16.000000 0.08321099999999999330
4 15.000000 15.000000 0.06110899999999999666
5 13.000000 11.000000 0.08565499999999999503
6 13.000000 13.000000 0.03457999999999999963
7 20.000000 17.000000 0.03488299999999999734
8 15.000000 14.000000 0.04669299999999999840
9 25.000000 20.000000 0.03043600000000000125
10 9.000000 8.000000 0.02474300000000000110
11 22.000000 20.000000 0.02555100000000000079
12 12.000000 12.000000 0.04304700000000000193
13 9.000000 8.000000 0.02476899999999999935
14 12.000000 12.000000 0.02346600000000000075
15 21.000000 18.000000 0.02998400000000000024
16 12.000000 12.000000 0.03253700000000000342
17 16.000000 14.000000 0.02330399999999999833
18 18.000000 16.000000 0.02937199999999999880
19 28.000000 23.000000 0.02212099999999999830
20 21.000000 17.000000 0.04605000000000000066
21 22.000000 19.000000 0.02086599999999999913
22 29.000000 26.000000 0.02465200000000000030
23 19.000000 15.000000 0.02373600000000000015
24 19.000000 18.000000 0.02604100000000000165
25 25.000000 19.000000 0.05266300000000000148
26 8.000000 8.000000 0.02374799999999999828
27 15.000000 13.000000 0.02872299999999999853
28 8.000000 8.000000 0.04546499999999999847
29 24.000000 24.000000 0.04263600000000000029
30 17.000000 15.000000 0.02697899999999999951
31 18.000000 16.000000 0.02438099999999999989
32 18.000000 15.000000 0.05495300000000000185
33 18.000000 17.000000 0.01957100000000000159
34 17.000000 14.000000 0.01796800000000000133
35 21.000000 19.000000 0.03231200000000000044
36 32.000000 26.000000 0.01742099999999999899
37 18.000000 16.000000 0.02549900000000000083
38 18.000000 15.000000 0.03863899999999999973
39 19.000000 17.000000 0.05504799999999999971
40 22.000000 18.000000 0.03095399999999999888
41 18.000000 16.000000 0.08191600000000000270
42 25.000000 18.000000 0.01676800000000000165
43 10.000000 10.000000 0.02012500000000000053
44 35.000000 25.000000 0.02177000000000000116
45 11.000000 10.000000 0.01844200000000000006
46 11.000000 9.000000 0.03441199999999999815
47 17.000000 14.000000 0.02279600000000000029
48 13.000000 13.000000 0.02346000000000000169
49 10.000000 9.000000 0.01898599999999999940
50 11.000000 11.000000 0.02039499999999999993
51 13.000000 12.000000 0.02525499999999999967
52 17.000000 17.000000 0.02003200000000000119
53 19.000000 17.000000 0.02132300000000000167
54 17.000000 15.000000 0.05218899999999999928
55 14.000000 13.000000 0.07639200000000000157
56 23.000000 19.000000 0.05031399999999999761
57 21.000000 18.000000 0.04404000000000000276
58 20.000000 17.000000 0.03690899999999999737
59 16.000000 14.000000 0.03624200000000000338
60 13.000000 13.000000 0.03806899999999999867
61 17.000000 16.000000 0.04127999999999999725
62 15.000000 14.000000 0.04127399999999999819
63 20.000000 17.000000 0.04407400000000000206
64 8.000000 8.000000 0.06343999999999999639
65 12.000000 12.000000 0.03161300000000000221
66 18.000000 16.000000 0.05297999999999999932
67 7.000000 7.000000 0.04379500000000000060
68 21.000000 17.000000 0.03694100000000000161
69 11.000000 11.000000 0.05599200000000000010
70 20.000000 14.000000 0.03682300000000000156
71 5.000000 5.000000 0.14261199999999998878
72 24.000000 19.000000 0.04049099999999999921
73 16.000000 14.000000 0.03401900000000000063
74 16.000000 15.000000 0.03643099999999999811
75 12.000000 12.000000 0.04893900000000000333
76 13.000000 12.000000 0.04441799999999999915
77 17.000000 13.000000 0.03476900000000000129
78 18.000000 16.000000 0.02936700000000000074
79 14.000000 12.000000 0.06430199999999999805
80 16.000000 14.000000 0.01953500000000000028
81 16.000000 15.000000 0.01998300000000000076
82 21.000000 19.000000 0.02182399999999999965
83 19.000000 15.000000 0.03676999999999999713
84 13.000000 11.000000 0.02030200000000000060
85 13.000000 11.000000 0.01911300000000000152
86 29.000000 24.000000 0.02018999999999999961
87 17.000000 16.000000 0.02492799999999999877
88 20.000000 17.000000 0.02614299999999999957
89 18.000000 16.000000 0.02194600000000000023
90 26.000000 19.000000 0.02393199999999999841
91 13.000000 12.000000 0.04452699999999999714
92 20.000000 17.000000 0.03637800000000000061
93 24.000000 23.000000 0.05819799999999999973
94 24.000000 20.000000 0.03645799999999999735
95 17.000000 14.000000 0.02549399999999999930
96 12.000000 10.000000 0.02987400000000000125
97 14.000000 12.000000 0.03814000000000000029
98 16.000000 15.000000 0.05331999999999999934
99 12.000000 11.000000 0.03611400000000000027
100 19.000000 16.000000 0.03687700000000000006
101 12.000000 11.000000 0.04696199999999999680
102 17.000000 15.000000 0.04137400000000000105
103 22.000000 22.000000 0.03997099999999999959
104 12.000000 10.000000 0.05065499999999999864
105 18.000000 15.000000 0.03380799999999999778
106 18.000000 16.000000 0.03162600000000000133
107 23.000000 22.000000 0.01604399999999999923
108 15.000000 13.000000 0.02297000000000000083
109 26.000000 26.000000 0.03443299999999999833
110 13.000000 12.000000 0.04329700000000000215
111 13.000000 13.000000 0.03534600000000000242
112 18.000000 17.000000 0.04174900000000000139
113 26.000000 23.000000 0.06658999999999999642
114 16.000000 15.000000 0.02737699999999999856
115 14.000000 11.000000 0.03586799999999999711
116 21.000000 19.000000 0.03294099999999999806
117 23.000000 20.000000 0.02805699999999999861
118 15.000000 14.000000 0.03554800000000000321
119 7.000000 7.000000 0.03525400000000000061
120 15.000000 12.000000 0.04635399999999999937
121 25.000000 21.000000 0.03442499999999999727
122 19.000000 15.000000 0.03836699999999999833
123 14.000000 13.000000 0.04820800000000000085
124 22.000000 18.000000 0.03182800000000000212
125 17.000000 17.000000 0.03351500000000000312
126 21.000000 17.000000 0.03867700000000000304
127 23.000000 20.000000 0.04626299999999999857
128 20.000000 18.000000 0.03285199999999999926
129 11.000000 10.000000 0.02721000000000000155
130 15.000000 13.000000 0.05791799999999999726
131 26.000000 22.000000 0.03948600000000000027
132 22.000000 20.000000 0.05895700000000000246
133 23.000000 19.000000 0.03539099999999999885
134 24.000000 17.000000 0.03721000000000000002
135 25.000000 22.000000 0.03265400000000000247
136 21.000000 17.000000 0.03116000000000000020
137 24.000000 19.000000 0.04408200000000000313
138 11.000000 10.000000 0.02148900000000000116
139 8.000000 8.000000 0.06102400000000000185
140 17.000000 15.000000 0.01838300000000000003
141 15.000000 15.000000 0.03931699999999999778
142 17.000000 16.000000 0.03654899999999999816
143 12.000000 11.000000 0.03379800000000000165
144 24.000000 19.000000 0.04448200000000000071
145 9.000000 9.000000 0.04346200000000000063
146 19.000000 15.000000 0.03078799999999999940
147 25.000000 22.000000 0.02250399999999999970
148 14.000000 13.000000 0.03586299999999999905
149 14.000000 13.000000 0.01881999999999999992
150 17.000000 17.000000 0.01895600000000000063
151 8.000000 8.000000 0.02208200000000000093
152 20.000000 16.000000 0.01857299999999999923
153 6.000000 6.000000 0.01948099999999999832
154 16.000000 15.000000 0.01985599999999999865
155 15.000000 13.000000 0.02051199999999999898
156 24.000000 21.000000 0.01659899999999999917
157 15.000000 13.000000 0.03267799999999999871
158 9.000000 8.000000 0.03495100000000000290
159 19.000000 19.000000 0.03915699999999999736
160 13.000000 12.000000 0.02659299999999999858
161 15.000000 12.000000 0.02775100000000000136
162 13.000000 12.000000 0.02996800000000000158
163 14.000000 14.000000 0.01940499999999999864
164 14.000000 12.000000 0.02011100000000000040
165 12.000000 11.000000 0.02042899999999999924
166 12.000000 11.000000 0.05710699999999999804
167 13.000000 13.000000 0.02213100000000000137
168 18.000000 17.000000 0.01940300000000000011
169 20.000000 17.000000 0.01584500000000000144
170 13.000000 13.000000 0.01815400000000000000
171 18.000000 16.000000 0.01873100000000000112
172 27.000000 23.000000 0.01940300000000000011
173 15.000000 15.000000 0.01991599999999999968
174 11.000000 11.000000 0.01997499999999999970
175 10.000000 10.000000 0.02201699999999999838
176 13.000000 13.000000 0.03948900000000000327
177 21.000000 17.000000 0.01590300000000000047
178 23.000000 19.000000 0.05536100000000000049
179 19.000000 18.000000 0.03202699999999999991
180 13.000000 11.000000 0.06575100000000000389
181 23.000000 21.000000 0.03640100000000000280
182 16.000000 13.000000 0.03407899999999999818
183 19.000000 17.000000 0.05706499999999999767
184 8.000000 8.000000 0.03630099999999999993
185 20.000000 15.000000 0.04321500000000000341
186 9.000000 9.000000 0.02529999999999999957
187 5.000000 5.000000 0.02312799999999999925
188 13.000000 13.000000 0.02578799999999999842
189 20.000000 19.000000 0.06033000000000000168
190 12.000000 10.000000 0.04098000000000000254
191 29.000000 24.000000 0.02216200000000000114
192 17.000000 16.000000 0.01912200000000000011
193 23.000000 19.000000 0.02370600000000000138
194 18.000000 16.000000 0.02287000000000000144
195 18.000000 17.000000 0.02875199999999999978
196 20.000000 19.000000 0.02255199999999999913
197 10.000000 8.000000 0.02197800000000000101
198 15.000000 13.000000 0.02047099999999999961
199 25.000000 21.000000 0.01753400000000000097
200 28.000000 24.000000 0.03301400000000000168
201 14.000000 14.000000 0.04795699999999999963
202 21.000000 19.000000 0.01637399999999999967
203 13.000000 12.000000 0.03826700000000000240
204 21.000000 20.000000 0.02295600000000000071
205 10.000000 10.000000 0.02386500000000000080
206 13.000000 12.000000 0.02098099999999999965
207 16.000000 15.000000 0.02160700000000000121
208 24.000000 21.000000 0.01934100000000000055
209 19.000000 17.000000 0.02511899999999999897
210 17.000000 16.000000 0.02274199999999999833
211 17.000000 17.000000 0.02066300000000000081
212 22.000000 17.000000 0.01914599999999999982
213 16.000000 16.000000 0.02357800000000000173
214 14.000000 12.000000 0.02048099999999999921
215 16.000000 13.000000 0.01912300000000000111
216 17.000000 15.000000 0.01901200000000000112
217 11.000000 11.000000 0.03570399999999999963
218 19.000000 14.000000 0.05557200000000000334
219 16.000000 16.000000 0.04439099999999999990
220 27.000000 22.000000 0.08634999999999999620
221 17.000000 13.000000 0.04624600000000000238
222 16.000000 14.000000 0.04715099999999999847
223 18.000000 15.000000 0.02146400000000000044
224 25.000000 23.000000 0.05131399999999999850
225 24.000000 20.000000 0.04336500000000000077
226 17.000000 14.000000 0.03391700000000000270
227 25.000000 22.000000 0.02601600000000000093
228 24.000000 18.000000 0.02896299999999999916
229 14.000000 13.000000 0.03335199999999999970
230 11.000000 10.000000 0.03097600000000000006
231 20.000000 19.000000 0.03278699999999999670
232 16.000000 16.000000 0.01674799999999999900
233 19.000000 17.000000 0.01545700000000000025
234 16.000000 14.000000 0.04426499999999999879
235 20.000000 18.000000 0.03778700000000000114
236 12.000000 10.000000 0.01663200000000000095
237 17.000000 15.000000 0.05790000000000000008
238 20.000000 16.000000 0.04396699999999999914
239 9.000000 9.000000 0.04458100000000000257
240 23.000000 18.000000 0.02186799999999999855
241 6.000000 6.000000 0.01952999999999999875
242 14.000000 14.000000 0.02098399999999999918
243 17.000000 14.000000 0.03506299999999999695
244 17.000000 15.000000 0.03508800000000000113
245 23.000000 21.000000 0.05458099999999999757
246 17.000000 14.000000 0.04027800000000000130
247 11.000000 10.000000 0.02915600000000000136
248 22.000000 18.000000 0.06387500000000000122
249 18.000000 16.000000 0.03363000000000000017
250 17.000000 14.000000 0.02437500000000000083
251 14.000000 14.000000 0.03313399999999999679
252 14.000000 12.000000 0.03176899999999999863
253 22.000000 19.000000 0.01887799999999999895
254 13.000000 12.000000 0.02236799999999999899
255 22.000000 19.000000 0.01904899999999999996
256 9.000000 9.000000 0.01860500000000000001
257 14.000000 13.000000 0.02198800000000000060
258 13.000000 10.000000 0.01575599999999999917
259 18.000000 17.000000 0.01909500000000000086
260 11.000000 11.000000 0.01868600000000000122
261 35.000000 33.000000 0.01534800000000000053
262 17.000000 15.000000 0.01727700000000000069
263 18.000000 17.000000 0.02230899999999999897
264 20.000000 18.000000 0.02381399999999999836
265 14.000000 14.000000 0.02189699999999999980
266 11.000000 9.000000 0.01749900000000000067
267 24.000000 19.000000 0.01736499999999999849
268 17.000000 16.000000 0.02046200000000000102
269 17.000000 14.000000 0.01535100000000000006
270 28.000000 24.000000 0.04688500000000000306
271 16.000000 14.000000 0.01763400000000000037
272 24.000000 21.000000 0.01841699999999999934
273 23.000000 17.000000 0.01453899999999999984
274 19.000000 16.000000 0.02409899999999999889
275 14.000000 14.000000 0.03289099999999999663
276 18.000000 16.000000 0.02123799999999999993
277 24.000000 23.000000 0.02374199999999999922
278 12.000000 11.000000 0.02282599999999999907
279 19.000000 17.000000 0.02084099999999999842
280 21.000000 18.000000 0.02116499999999999979
281 18.000000 15.000000 0.02295099999999999918
282 11.000000 10.000000 0.01942899999999999835
283 25.000000 19.000000 0.01741300000000000139
284 21.000000 20.000000 0.01484199999999999929
285 13.000000 13.000000 0.02329600000000000073
286 13.000000 13.000000 0.02050499999999999892
287 25.000000 23.000000 0.01981899999999999981
288 15.000000 15.000000 0.03187999999999999862
289 25.000000 25.000000 0.05229199999999999821
290 23.000000 18.000000 0.05958399999999999808
291 33.000000 26.000000 0.03472800000000000192
292 16.000000 14.000000 0.02377500000000000099
293 22.000000 19.000000 0.02522299999999999889
294 27.000000 21.000000 0.02402800000000000075
295 24.000000 21.000000 0.02124300000000000146
296 20.000000 17.000000 0.02988800000000000137
297 17.000000 14.000000 0.01890100000000000113
298 21.000000 15.000000 0.01703199999999999853
299 23.000000 18.000000 0.01775499999999999995
300 18.000000 18.000000 0.04411600000000000243
301 16.000000 16.000000 0.02122100000000000028
302 16.000000 15.000000 0.02100600000000000037
303 18.000000 17.000000 0.02383499999999999855
304 16.000000 16.000000 0.02052400000000000058
305 14.000000 14.000000 0.03173000000000000126
306 18.000000 18.000000 0.02434599999999999959
307 17.000000 14.000000 0.01732200000000000059
308 20.000000 19.000000 0.02260500000000000009
309 12.000000 11.000000 0.01978999999999999856
310 28.000000 22.000000 0.02430300000000000168
311 22.000000 17.000000 0.02291699999999999987
312 16.000000 15.000000 0.02892300000000000079
313 22.000000 20.000000 0.01943599999999999842
314 10.000000 10.000000 0.02015499999999999931
315 20.000000 19.000000 0.04978899999999999992
316 25.000000 23.000000 0.02174299999999999844
317 18.000000 16.000000 0.05477100000000000024
318 13.000000 11.000000 0.04489699999999999941
319 24.000000 19.000000 0.03939800000000000246
320 20.000000 20.000000 0.05700800000000000312
321 19.000000 18.000000 0.05097999999999999754
322 16.000000 16.000000 0.03841300000000000270
323 19.000000 15.000000 0.03612300000000000233
324 17.000000 17.000000 0.03989800000000000291
325 25.000000 22.000000 0.04434500000000000247
326 11.000000 11.000000 0.02771699999999999858
327 20.000000 18.000000 0.03735800000000000232
328 21.000000 18.000000 0.03828000000000000153
329 11.000000 9.000000 0.02036999999999999922
330 22.000000 18.000000 0.01958299999999999971
331 15.000000 13.000000 0.02376299999999999940
332 17.000000 15.000000 0.02385699999999999973
333 17.000000 15.000000 0.01666099999999999873
334 27.000000 21.000000 0.01702599999999999947
335 23.000000 20.000000 0.02179400000000000087
336 21.000000 18.000000 0.02777900000000000161
337 24.000000 21.000000 0.02312300000000000119
338 18.000000 17.000000 0.01700600000000000028
339 24.000000 21.000000 0.01988300000000000137
340 20.000000 16.000000 0.01813199999999999881
341 18.000000 17.000000 0.01999899999999999942
342 23.000000 17.000000 0.02235699999999999840
343 18.000000 17.000000 0.02517600000000000046
344 18.000000 16.000000 0.02264899999999999899
345 7.000000 7.000000 0.03115199999999999914
346 26.000000 22.000000 0.03452399999999999913
347 22.000000 20.000000 0.02015399999999999830
348 18.000000 16.000000 0.01465400000000000036
349 13.000000 12.000000 0.01597000000000000156
350 24.000000 19.000000 0.05380999999999999672
351 23.000000 22.000000 0.01949100000000000138
352 32.000000 25.000000 0.02377200000000000146
353 12.000000 11.000000 0.01833200000000000107
354 14.000000 12.000000 0.01837400000000000144
355 15.000000 14.000000 0.04950199999999999739
356 5.000000 5.000000 0.04911700000000000094
357 26.000000 18.000000 0.03577400000000000024
358 28.000000 23.000000 0.03433100000000000041
359 37.000000 30.000000 0.03124700000000000047
360 10.000000 9.000000 0.03441799999999999721
361 24.000000 20.000000 0.02572999999999999940
362 31.000000 27.000000 0.03660100000000000159
363 12.000000 12.000000 0.03981500000000000317
364 17.000000 14.000000 0.03332999999999999852
365 8.000000 8.000000 0.01850699999999999915
366 16.000000 15.000000 0.01949100000000000138
367 14.000000 12.000000 0.01754299999999999957
368 15.000000 14.000000 0.04157000000000000278
369 18.000000 15.000000 0.02874499999999999972
370 13.000000 12.000000 0.04275799999999999740
371 20.000000 18.000000 0.04545199999999999935
372 16.000000 15.000000 0.02236300000000000093
373 15.000000 15.000000 0.02578599999999999989
374 18.000000 18.000000 0.02533300000000000135
375 18.000000 16.000000 0.04202999999999999792
376 12.000000 10.000000 0.04575400000000000300
377 27.000000 21.000000 0.02875700000000000131
378 14.000000 12.000000 0.02387900000000000092
379 25.000000 21.000000 0.02594000000000000125
380 23.000000 22.000000 0.01996300000000000158
381 13.000000 12.000000 0.02427500000000000144
382 13.000000 13.000000 0.04356899999999999662
383 22.000000 20.000000 0.02400199999999999903
384 18.000000 16.000000 0.01950199999999999850
385 14.000000 12.000000 0.02658599999999999852
386 19.000000 17.000000 0.05339300000000000296
387 10.000000 10.000000 0.02799199999999999952
388 23.000000 19.000000 0.02930200000000000166
389 18.000000 16.000000 0.02774700000000000083
390 22.000000 18.000000 0.01874999999999999931
391 23.000000 21.000000 0.02476700000000000082
392 19.000000 15.000000 0.01660000000000000017
393 17.000000 13.000000 0.02004600000000000132
394 15.000000 14.000000 0.05777299999999999797
395 17.000000 14.000000 0.02155400000000000024
396 27.000000 24.000000 0.01973199999999999954
397 18.000000 17.000000 0.02205000000000000016
398 37.000000 26.000000 0.01794099999999999862
399 17.000000 15.000000 0.01921199999999999991
400 15.000000 13.000000 0.02808799999999999839
401 25.000000 21.000000 0.02178899999999999934
402 18.000000 13.000000 0.01907700000000000021
403 17.000000 15.000000 0.06069000000000000089
404 14.000000 14.000000 0.01691399999999999848
405 14.000000 14.000000 0.02388699999999999851
406 9.000000 9.000000 0.04020800000000000068
407 12.000000 11.000000 0.05503399999999999959
408 19.000000 18.000000 0.05566299999999999720
409 27.000000 24.000000 0.02839799999999999963
410 20.000000 17.000000 0.03049899999999999833
411 16.000000 13.000000 0.04307799999999999824
412 15.000000 13.000000 0.04057399999999999896
413 16.000000 14.000000 0.03633399999999999824
414 15.000000 13.000000 0.02091000000000000150
415 12.000000 10.000000 0.01700899999999999981
416 12.000000 11.000000 0.01829899999999999929
417 15.000000 15.000000 0.01988900000000000043
418 23.000000 22.000000 0.01388099999999999924
419 16.000000 16.000000 0.01623899999999999996
420 12.000000 11.000000 0.05521100000000000313
