1 40.000000 38.000000 0.33394200000000001660
2 37.000000 31.000000 0.10622099999999999598
3 41.000000 32.000000 0.08858699999999999908
4 56.000000 50.000000 0.07279599999999999960
5 33.000000 31.000000 0.17712100000000000066
6 24.000000 19.000000 0.11131099999999999328
7 30.000000 28.000000 0.07830499999999999960
8 42.000000 37.000000 0.11841599999999999349
9 43.000000 42.000000 0.10069799999999999585
10 29.000000 26.000000 0.11604100000000000525
11 30.000000 28.000000 0.11542700000000000182
12 38.000000 34.000000 0.07477899999999999825
13 14.000000 13.000000 0.08223600000000000354
14 32.000000 29.000000 0.05764099999999999779
15 31.000000 28.000000 0.13403499999999998749
16 26.000000 24.000000 0.11184399999999999897
17 32.000000 28.000000 0.06458200000000000052
18 38.000000 37.000000 0.02833700000000000108
19 37.000000 34.000000 0.08581099999999999839
20 52.000000 47.000000 0.04977199999999999680
21 58.000000 44.000000 0.04798299999999999788
22 31.000000 27.000000 0.04950800000000000339
23 46.000000 43.000000 0.04483199999999999685
24 34.000000 31.000000 0.08923799999999999788
25 15.000000 15.000000 0.06904699999999999727
26 24.000000 24.000000 0.10104799999999999893
27 30.000000 25.000000 0.09099999999999999756
28 39.000000 37.000000 0.06675000000000000377
29 48.000000 38.000000 0.17044300000000001116
30 29.000000 25.000000 0.10217400000000000093
31 46.000000 37.000000 0.05391300000000000259
32 41.000000 34.000000 0.05526600000000000262
33 43.000000 36.000000 0.07481599999999999362
34 26.000000 24.000000 0.09157600000000000462
35 32.000000 31.000000 0.04056599999999999789
36 44.000000 39.000000 0.09260000000000000175
37 42.000000 38.000000 0.07653799999999999493
38 37.000000 34.000000 0.06150200000000000111
39 30.000000 28.000000 0.12344199999999999617
40 29.000000 24.000000 0.04921899999999999886
41 28.000000 28.000000 0.04188499999999999862
42 26.000000 24.000000 0.12612799999999999012
43 14.000000 14.000000 0.10382600000000000162
44 36.000000 30.000000 0.11465799999999999603
45 17.000000 16.000000 0.14654100000000000459
46 22.000000 20.000000 0.07915400000000000214
47 28.000000 26.000000 0.07695499999999999563
48 43.000000 40.000000 0.06076999999999999763
49 51.000000 42.000000 0.06039599999999999830
50 40.000000 32.000000 0.10961700000000000610
51 57.000000 47.000000 0.05488699999999999829
52 21.000000 21.000000 0.06030900000000000150
53 38.000000 34.000000 0.06856700000000000295
54 21.000000 19.000000 0.11637300000000000422
55 49.000000 39.000000 0.11616899999999999449
56 8.000000 8.000000 0.07384300000000000586
57 45.000000 38.000000 0.06627199999999999758
58 30.000000 25.000000 0.17194699999999998874
59 53.000000 40.000000 0.05284200000000000008
60 33.000000 32.000000 0.05381799999999999778
61 36.000000 30.000000 0.05357399999999999662
62 15.000000 15.000000 0.06657000000000000417
63 52.000000 49.000000 0.02799499999999999905
64 25.000000 22.000000 0.07245999999999999663
65 46.000000 41.000000 0.05258999999999999786
66 21.000000 21.000000 0.06044100000000000167
67 56.000000 51.000000 0.03934100000000000097
68 33.000000 30.000000 0.08402800000000000546
69 49.000000 39.000000 0.05164500000000000340
70 55.000000 43.000000 0.05786499999999999977
71 40.000000 35.000000 0.07304399999999999782
72 44.000000 40.000000 0.07149600000000000399
73 29.000000 27.000000 0.11519300000000000372
74 24.000000 21.000000 0.12586700000000000665
75 35.000000 32.000000 0.05657399999999999929
76 33.000000 30.000000 0.05504900000000000071
77 34.000000 29.000000 0.03822600000000000303
78 26.000000 24.000000 0.06032099999999999962
79 46.000000 39.000000 0.05855099999999999888
80 37.000000 29.000000 0.04758199999999999930
81 29.000000 29.000000 0.07354299999999999726
82 40.000000 37.000000 0.05294600000000000001
83 54.000000 45.000000 0.10670899999999999830
84 74.000000 64.000000 0.05732899999999999802
85 24.000000 21.000000 0.11584700000000000553
86 15.000000 14.000000 0.14569799999999999418
87 45.000000 38.000000 0.05040700000000000042
88 23.000000 21.000000 0.04414599999999999774
89 48.000000 36.000000 0.11759300000000000308
90 24.000000 22.000000 0.07388400000000000523
91 36.000000 31.000000 0.06132599999999999857
92 20.000000 19.000000 0.04925700000000000217
93 45.000000 41.000000 0.04956800000000000095
94 32.000000 29.000000 0.10114099999999999480
95 66.000000 54.000000 0.05936000000000000304
96 47.000000 42.000000 0.04030899999999999761
97 62.000000 51.000000 0.05944399999999999684
98 26.000000 26.000000 0.07144399999999999362
99 42.000000 37.000000 0.04844400000000000095
100 35.000000 31.000000 0.07994700000000000417
101 38.000000 32.000000 0.06454699999999999327
102 41.000000 33.000000 0.06584299999999999875
103 51.000000 41.000000 0.03266100000000000253
104 25.000000 23.000000 0.09793000000000000316
105 35.000000 29.000000 0.07543300000000000005
106 48.000000 43.000000 0.10358199999999999352
107 41.000000 34.000000 0.04137799999999999812
108 11.000000 11.000000 0.14379700000000000815
109 21.000000 19.000000 0.13748699999999999810
110 20.000000 17.000000 0.11268799999999999650
111 27.000000 22.000000 0.16588600000000000567
112 37.000000 28.000000 0.08351100000000000190
113 25.000000 22.000000 0.12498099999999999488
114 23.000000 21.000000 0.04713500000000000328
115 42.000000 34.000000 0.07337599999999999678
116 20.000000 18.000000 0.08497300000000000686
117 44.000000 39.000000 0.04682299999999999657
118 33.000000 31.000000 0.06505700000000000371
119 29.000000 25.000000 0.05812699999999999811
120 37.000000 27.000000 0.10230999999999999817
121 34.000000 28.000000 0.05600700000000000123
122 19.000000 18.000000 0.12462099999999999567
123 33.000000 28.000000 0.06637999999999999456
124 39.000000 36.000000 0.07187599999999999545
125 52.000000 45.000000 0.05387800000000000228
126 31.000000 25.000000 0.15219099999999999295
127 26.000000 24.000000 0.06832799999999999985
128 34.000000 30.000000 0.18626200000000001089
129 36.000000 29.000000 0.22760700000000000376
130 23.000000 20.000000 0.23772699999999999387
131 35.000000 31.000000 0.04081800000000000012
132 43.000000 34.000000 0.09903599999999999903
133 33.000000 32.000000 0.05990800000000000292
134 35.000000 33.000000 0.04581099999999999756
135 56.000000 48.000000 0.05843999999999999889
136 12.000000 12.000000 0.05108499999999999847
137 43.000000 37.000000 0.14028899999999999704
138 46.000000 40.000000 0.07702199999999999325
139 31.000000 29.000000 0.07485500000000000487
140 11.000000 11.000000 0.05195799999999999724
141 23.000000 19.000000 0.05918699999999999656
142 69.000000 57.000000 0.02054900000000000129
143 34.000000 32.000000 0.05872900000000000342
144 47.000000 35.000000 0.06252000000000000612
145 26.000000 26.000000 0.03966399999999999787
146 33.000000 28.000000 0.07044599999999999473
147 32.000000 28.000000 0.07610300000000000398
148 28.000000 26.000000 0.13039600000000001190
149 50.000000 42.000000 0.04185099999999999931
150 31.000000 30.000000 0.05298499999999999738
151 43.000000 39.000000 0.04900800000000000295
152 47.000000 41.000000 0.12753900000000001347
153 32.000000 25.000000 0.12764700000000001046
154 61.000000 53.000000 0.06163799999999999835
155 52.000000 44.000000 0.02684900000000000134
156 39.000000 32.000000 0.04466200000000000031
157 57.000000 45.000000 0.04707499999999999879
158 28.000000 24.000000 0.05704900000000000249
159 38.000000 33.000000 0.06840499999999999359
160 53.000000 46.000000 0.03215599999999999709
161 22.000000 21.000000 0.05215899999999999703
162 33.000000 29.000000 0.04821799999999999697
163 47.000000 38.000000 0.13537699999999999734
164 45.000000 39.000000 0.07624899999999999733
165 27.000000 22.000000 0.11681099999999999817
166 39.000000 36.000000 0.07912099999999999689
167 29.000000 26.000000 0.11807299999999999740
168 25.000000 23.000000 0.10035499999999999976
169 31.000000 28.000000 0.07509599999999999609
170 40.000000 37.000000 0.06553399999999999503
171 24.000000 20.000000 0.07122900000000000065
172 27.000000 19.000000 0.05791700000000000320
173 41.000000 35.000000 0.11401600000000000623
174 22.000000 19.000000 0.05095100000000000323
175 25.000000 21.000000 0.05642899999999999999
176 39.000000 34.000000 0.19414000000000000701
177 36.000000 32.000000 0.08667999999999999317
178 29.000000 28.000000 0.05061800000000000327
179 35.000000 29.000000 0.04450300000000000089
180 26.000000 24.000000 0.16513100000000000001
181 38.000000 35.000000 0.03869700000000000223
182 26.000000 23.000000 0.06912799999999999501
183 32.000000 28.000000 0.04093900000000000317
184 25.000000 21.000000 0.09296699999999999409
185 25.000000 21.000000 0.06822599999999999498
186 20.000000 17.000000 0.07519699999999999995
187 42.000000 34.000000 0.07910100000000000464
188 26.000000 22.000000 0.05209600000000000342
189 30.000000 24.000000 0.12041499999999999426
190 46.000000 40.000000 0.16069100000000000050
191 32.000000 28.000000 0.07196900000000000519
192 33.000000 30.000000 0.17586099999999998955
193 32.000000 27.000000 0.04456299999999999845
194 29.000000 26.000000 0.06314699999999999480
195 26.000000 24.000000 0.06541199999999999792
196 38.000000 30.000000 0.06912600000000000688
197 26.000000 26.000000 0.07580000000000000626
198 28.000000 27.000000 0.10450199999999999767
199 30.000000 28.000000 0.07822199999999999986
200 19.000000 19.000000 0.07295699999999999408
201 32.000000 28.000000 0.09685199999999999365
202 66.000000 48.000000 0.13901099999999999568
203 68.000000 59.000000 0.08998699999999999755
204 58.000000 50.000000 0.11891400000000000581
205 14.000000 14.000000 0.11399499999999999911
206 42.000000 34.000000 0.11237500000000000266
207 47.000000 39.000000 0.06294600000000000195
208 23.000000 23.000000 0.09057400000000000173
209 36.000000 32.000000 0.15751000000000001111
210 41.000000 37.000000 0.05040499999999999842
211 31.000000 29.000000 0.08740799999999999959
212 30.000000 28.000000 0.04053199999999999859
213 21.000000 21.000000 0.05206299999999999817
214 21.000000 21.000000 0.03400700000000000250
215 33.000000 30.000000 0.04662399999999999878
216 27.000000 23.000000 0.12085400000000000309
217 26.000000 24.000000 0.13735900000000000887
218 27.000000 21.000000 0.07008499999999999452
219 45.000000 39.000000 0.06959400000000000308
220 28.000000 26.000000 0.06560900000000000065
221 30.000000 27.000000 0.11333899999999999531
222 39.000000 30.000000 0.12073899999999999910
223 31.000000 28.000000 0.08732199999999999684
224 36.000000 29.000000 0.07760599999999999443
225 28.000000 26.000000 0.07529900000000000482
226 36.000000 29.000000 0.02784299999999999969
227 13.000000 13.000000 0.06285000000000000309
228 45.000000 39.000000 0.03995499999999999746
229 52.000000 46.000000 0.04063200000000000145
230 40.000000 37.000000 0.05407499999999999807
231 32.000000 30.000000 0.04776999999999999996
232 46.000000 41.000000 0.10320000000000000007
233 40.000000 38.000000 0.04454999999999999932
234 14.000000 13.000000 0.10731799999999999673
235 39.000000 35.000000 0.05180200000000000082
236 25.000000 19.000000 0.12066599999999999548
237 46.000000 39.000000 0.04252700000000000230
238 44.000000 39.000000 0.12573899999999998967
239 33.000000 31.000000 0.05023099999999999787
240 28.000000 27.000000 0.15799199999999999355
241 30.000000 28.000000 0.15461400000000000143
242 36.000000 32.000000 0.09354500000000000315
243 52.000000 43.000000 0.09855099999999999971
244 19.000000 19.000000 0.04023000000000000187
245 31.000000 31.000000 0.06653100000000000680
246 41.000000 35.000000 0.03603599999999999859
247 39.000000 37.000000 0.05057099999999999790
248 36.000000 35.000000 0.12064199999999999924
249 38.000000 33.000000 0.08398200000000000109
250 23.000000 23.000000 0.10753000000000000058
251 53.000000 45.000000 0.08644699999999999607
252 49.000000 47.000000 0.18816700000000000093
253 25.000000 20.000000 0.12730400000000000049
254 26.000000 25.000000 0.09821799999999999975
255 32.000000 31.000000 0.12998299999999998744
256 49.000000 40.000000 0.12113599999999999368
257 31.000000 29.000000 0.08598999999999999699
258 33.000000 29.000000 0.11386899999999999800
259 60.000000 44.000000 0.08600399999999999712
260 21.000000 19.000000 0.07231100000000000028
261 9.000000 9.000000 0.09214200000000000168
262 50.000000 47.000000 0.03313399999999999679
263 46.000000 36.000000 0.05695100000000000162
264 38.000000 33.000000 0.05888600000000000084
265 28.000000 26.000000 0.05698000000000000287
266 40.000000 37.000000 0.09335799999999999654
267 55.000000 47.000000 0.07157299999999999773
268 47.000000 34.000000 0.09524799999999999933
269 46.000000 37.000000 0.06155299999999999661
270 34.000000 30.000000 0.09775999999999999968
271 51.000000 48.000000 0.09859800000000000508
272 49.000000 47.000000 0.05826699999999999935
273 29.000000 26.000000 0.17296400000000000663
274 55.000000 43.000000 0.10580499999999999627
275 35.000000 31.000000 0.10178600000000000148
276 37.000000 30.000000 0.17674999999999999045
277 26.000000 22.000000 0.14193100000000000160
278 40.000000 36.000000 0.12370499999999999552
279 33.000000 27.000000 0.13017200000000000992
280 38.000000 33.000000 0.09678799999999999903
281 53.000000 48.000000 0.12746099999999999097
282 20.000000 19.000000 0.28534199999999998454
283 39.000000 33.000000 0.05172399999999999914
284 26.000000 24.000000 0.09477800000000000114
285 36.000000 33.000000 0.10403400000000000147
286 30.000000 26.000000 0.11241900000000000504
287 35.000000 30.000000 0.12366199999999999415
288 44.000000 36.000000 0.13544200000000000683
289 36.000000 30.000000 0.05853300000000000169
290 25.000000 24.000000 0.05141600000000000337
291 25.000000 23.000000 0.07757999999999999619
292 31.000000 27.000000 0.04833099999999999896
293 33.000000 30.000000 0.07073500000000000620
294 29.000000 25.000000 0.04659599999999999853
295 33.000000 27.000000 0.06177300000000000152
296 22.000000 18.000000 0.05127600000000000213
297 23.000000 23.000000 0.07144399999999999362
298 32.000000 30.000000 0.05999000000000000166
299 36.000000 31.000000 0.11682299999999999629
300 46.000000 39.000000 0.20235100000000000309
301 26.000000 24.000000 0.07476800000000000113
302 41.000000 35.000000 0.04779100000000000015
303 37.000000 35.000000 0.05014400000000000107
304 34.000000 32.000000 0.08933699999999999974
305 29.000000 26.000000 0.12606100000000000638
306 33.000000 28.000000 0.04943399999999999878
307 29.000000 27.000000 0.03906899999999999956
308 16.000000 14.000000 0.07929700000000000637
309 48.000000 45.000000 0.11498500000000000387
310 48.000000 39.000000 0.02190800000000000039
311 39.000000 30.000000 0.09898400000000000254
312 21.000000 18.000000 0.09646899999999999920
313 46.000000 41.000000 0.13885200000000000320
314 23.000000 20.000000 0.13661999999999999145
315 44.000000 40.000000 0.08174299999999999622
316 44.000000 38.000000 0.03578900000000000137
317 41.000000 36.000000 0.07999900000000000067
318 21.000000 18.000000 0.05137400000000000300
319 41.000000 35.000000 0.06687899999999999401
320 23.000000 20.000000 0.07129800000000000026
321 28.000000 25.000000 0.13853199999999998848
322 33.000000 27.000000 0.21665000000000000924
323 30.000000 27.000000 0.08428599999999999981
324 59.000000 49.000000 0.05813999999999999724
325 23.000000 21.000000 0.07599300000000000499
326 33.000000 29.000000 0.04600200000000000122
327 37.000000 35.000000 0.09546200000000000518
328 46.000000 39.000000 0.06962999999999999745
329 40.000000 33.000000 0.04860600000000000337
330 44.000000 35.000000 0.09094099999999999406
331 44.000000 37.000000 0.04740599999999999675
332 41.000000 35.000000 0.03457999999999999963
333 46.000000 40.000000 0.11652600000000000458
334 37.000000 30.000000 0.03632799999999999918
335 41.000000 31.000000 0.08881799999999999418
336 49.000000 45.000000 0.05065200000000000258
337 44.000000 38.000000 0.14115199999999999969
338 16.000000 16.000000 0.16669700000000001183
339 29.000000 23.000000 0.17266500000000001291
340 13.000000 13.000000 0.14460500000000001131
341 27.000000 27.000000 0.06894799999999999540
342 20.000000 17.000000 0.07048000000000000098
343 46.000000 38.000000 0.14682600000000001206
344 69.000000 48.000000 0.03313900000000000179
345 34.000000 26.000000 0.05887200000000000072
346 31.000000 24.000000 0.07508599999999999997
347 45.000000 36.000000 0.09712600000000000400
348 70.000000 57.000000 0.07578400000000000414
349 30.000000 26.000000 0.11150500000000000689
350 21.000000 20.000000 0.13069200000000000261
351 37.000000 32.000000 0.04788400000000000295
352 32.000000 28.000000 0.09258099999999999663
353 46.000000 36.000000 0.05619699999999999696
354 56.000000 50.000000 0.07354299999999999726
355 53.000000 43.000000 0.06075900000000000051
356 41.000000 39.000000 0.05851499999999999757
357 47.000000 42.000000 0.05757600000000000218
358 33.000000 27.000000 0.07560699999999999366
359 13.000000 11.000000 0.06849700000000000233
360 32.000000 26.000000 0.06815300000000000524
361 35.000000 34.000000 0.06436600000000000654
362 22.000000 22.000000 0.06836699999999999722
363 30.000000 29.000000 0.07512099999999999334
364 44.000000 38.000000 0.04160400000000000209
365 38.000000 34.000000 0.04580000000000000043
366 17.000000 15.000000 0.08292599999999999971
367 24.000000 23.000000 0.06621399999999999508
368 34.000000 30.000000 0.09737200000000000022
369 16.000000 16.000000 0.08227500000000000091
370 37.000000 34.000000 0.06147999999999999993
371 32.000000 32.000000 0.06528100000000000569
372 44.000000 38.000000 0.06523900000000000532
373 38.000000 34.000000 0.07403200000000000058
374 44.000000 40.000000 0.07365599999999999925
375 36.000000 30.000000 0.08991499999999999493
376 62.000000 50.000000 0.04942400000000000265
377 22.000000 21.000000 0.06523299999999999932
378 34.000000 28.000000 0.07604900000000000548
379 42.000000 35.000000 0.08019400000000000139
380 57.000000 48.000000 0.03324099999999999971
381 50.000000 45.000000 0.06954399999999999471
382 42.000000 36.000000 0.04506700000000000289
383 30.000000 24.000000 0.06474000000000000588
384 45.000000 39.000000 0.07300600000000000145
385 28.000000 25.000000 0.05148599999999999705
386 35.000000 33.000000 0.05883399999999999741
387 21.000000 17.000000 0.07042900000000000549
388 29.000000 29.000000 0.04202399999999999886
389 48.000000 43.000000 0.04901300000000000101
390 39.000000 30.000000 0.08709699999999999387
391 47.000000 43.000000 0.06365600000000000425
392 60.000000 47.000000 0.05595699999999999980
393 29.000000 26.000000 0.04466900000000000037
394 24.000000 24.000000 0.04851699999999999763
395 38.000000 34.000000 0.11113599999999999868
396 41.000000 35.000000 0.11100899999999999657
397 52.000000 47.000000 0.06515200000000000158
398 27.000000 25.000000 0.05973500000000000337
399 33.000000 28.000000 0.07886100000000000054
400 42.000000 41.000000 0.04738499999999999657
401 32.000000 28.000000 0.07162999999999999923
402 35.000000 28.000000 0.06311700000000000643
403 46.000000 42.000000 0.04943100000000000271
404 14.000000 14.000000 0.09339100000000000179
405 19.000000 17.000000 0.07546899999999999442
406 46.000000 42.000000 0.03360599999999999699
407 24.000000 22.000000 0.05088100000000000261
408 38.000000 36.000000 0.04019699999999999662
409 41.000000 35.000000 0.08966000000000000358
410 30.000000 28.000000 0.11941699999999999537
411 20.000000 20.000000 0.14940899999999998626
412 38.000000 33.000000 0.06164599999999999941
413 35.000000 33.000000 0.09199000000000000232
414 39.000000 34.000000 0.11199399999999999633
415 45.000000 41.000000 0.05371999999999999692
416 43.000000 37.000000 0.09006100000000000216
417 24.000000 19.000000 0.07362499999999999600
418 36.000000 30.000000 0.04803199999999999831
419 43.000000 38.000000 0.13660900000000000820
420 20.000000 17.000000 0.08317199999999999593
