1 73.000000 63.000000 0.53297600000000000531
2 86.000000 77.000000 0.59176600000000001423
3 111.000000 89.000000 0.17100399999999998935
4 53.000000 43.000000 0.67715899999999995540
5 100.000000 85.000000 0.17434099999999999597
6 89.000000 74.000000 0.40999299999999999633
7 64.000000 53.000000 0.23095199999999999063
8 75.000000 74.000000 0.35145199999999998663
9 115.000000 98.000000 0.12561600000000000543
10 69.000000 62.000000 0.24643899999999999140
11 117.000000 94.000000 0.28750599999999998380
12 37.000000 37.000000 0.33556599999999997541
13 79.000000 71.000000 0.26500699999999999257
14 79.000000 69.000000 0.28137200000000001099
15 85.000000 78.000000 0.28043000000000001259
16 60.000000 53.000000 0.18490899999999999004
17 99.000000 89.000000 0.40529700000000001836
18 103.000000 90.000000 0.18611199999999999966
19 68.000000 60.000000 0.19401699999999999502
20 52.000000 46.000000 0.25474000000000002197
21 60.000000 58.000000 0.33373300000000000187
22 70.000000 65.000000 0.15077999999999999736
23 90.000000 78.000000 0.58471399999999995600
24 43.000000 39.000000 0.34700900000000001189
25 69.000000 56.000000 0.59295600000000003860
26 69.000000 59.000000 0.29713699999999998447
27 92.000000 80.000000 0.16059499999999998776
28 74.000000 67.000000 0.41819699999999998541
29 102.000000 86.000000 0.24825800000000000645
30 71.000000 59.000000 0.62218200000000001282
31 67.000000 59.000000 0.41980899999999998773
32 65.000000 63.000000 0.15677699999999999969
33 82.000000 69.000000 0.34518399999999999084
34 73.000000 62.000000 0.30247899999999999787
35 51.000000 47.000000 0.60951599999999994672
36 58.000000 51.000000 0.36437199999999997369
37 78.000000 72.000000 0.33276400000000000423
38 81.000000 66.000000 0.22648699999999999388
39 35.000000 34.000000 0.37029600000000001403
40 67.000000 55.000000 0.18486800000000000455
41 74.000000 67.000000 0.24676300000000001011
42 74.000000 66.000000 0.26679599999999997761
43 29.000000 22.000000 0.22449099999999999611
44 83.000000 71.000000 0.35855900000000001659
45 69.000000 68.000000 0.32824399999999998023
46 60.000000 49.000000 0.38091500000000000359
47 80.000000 70.000000 0.31280099999999999572
48 68.000000 61.000000 0.37839000000000000412
49 66.000000 58.000000 0.27225700000000002676
50 64.000000 56.000000 0.31160900000000002485
51 75.000000 63.000000 0.24879299999999998638
52 133.000000 108.000000 0.12527499999999999747
53 84.000000 67.000000 0.27893200000000001326
54 107.000000 82.000000 0.03269899999999999890
55 97.000000 88.000000 0.12850600000000000911
56 66.000000 55.000000 0.30757000000000001005
57 40.000000 40.000000 0.20486599999999999255
58 65.000000 49.000000 0.36889300000000002644
59 93.000000 78.000000 0.38620500000000002050
60 72.000000 67.000000 0.16030400000000000205
61 72.000000 67.000000 0.13154799999999999827
62 93.000000 84.000000 0.26660499999999998089
63 53.000000 47.000000 0.24317800000000000527
64 70.000000 63.000000 0.22461000000000000409
65 73.000000 67.000000 0.12876199999999998758
66 94.000000 87.000000 0.12362099999999999478
67 87.000000 78.000000 0.11903800000000000492
68 29.000000 29.000000 0.25327199999999999713
69 57.000000 51.000000 0.61187700000000000422
70 56.000000 51.000000 0.20929600000000000981
71 68.000000 60.000000 0.27955200000000002269
72 124.000000 109.000000 0.13474500000000000366
73 107.000000 99.000000 0.08667300000000000004
74 72.000000 63.000000 0.16034100000000001129
75 104.000000 96.000000 0.10173999999999999710
76 78.000000 72.000000 0.42337500000000000133
77 77.000000 68.000000 0.21309500000000000663
78 68.000000 61.000000 0.09021500000000000352
79 70.000000 66.000000 0.09191699999999999871
80 46.000000 42.000000 0.22491700000000000581
81 83.000000 71.000000 0.20565800000000000747
82 100.000000 84.000000 0.15057699999999998863
83 97.000000 85.000000 0.20876400000000000512
84 77.000000 67.000000 0.50908200000000003449
85 56.000000 50.000000 0.37732599999999999474
86 60.000000 55.000000 0.24665999999999999037
87 45.000000 41.000000 0.39411800000000002386
88 125.000000 103.000000 0.14824200000000001265
89 67.000000 55.000000 1.17549799999999993183
90 69.000000 64.000000 0.16384999999999999565
91 87.000000 68.000000 0.19255600000000000493
92 37.000000 34.000000 0.38707300000000000040
93 83.000000 69.000000 0.36295100000000002360
94 111.000000 82.000000 0.09556199999999999417
95 59.000000 51.000000 0.22005199999999999760
96 71.000000 55.000000 0.56707899999999999974
97 81.000000 69.000000 0.24087600000000000677
98 62.000000 55.000000 0.37741000000000002323
99 109.000000 87.000000 0.17870700000000000474
100 111.000000 92.000000 0.22470399999999998708
101 62.000000 57.000000 0.34302300000000002234
102 61.000000 51.000000 0.75065599999999998992
103 87.000000 78.000000 0.29836800000000002209
104 62.000000 54.000000 0.54487399999999996947
105 86.000000 74.000000 0.25598500000000001808
106 108.000000 91.000000 0.18305299999999999350
107 66.000000 57.000000 0.56961300000000003596
108 88.000000 72.000000 0.26206000000000001515
109 31.000000 31.000000 0.26409300000000002218
110 57.000000 47.000000 0.14627200000000001312
111 60.000000 58.000000 0.34273500000000001187
112 55.000000 51.000000 0.22681499999999998884
113 77.000000 66.000000 0.13512199999999999211
114 65.000000 61.000000 0.36729400000000000936
115 85.000000 72.000000 0.17808299999999999130
116 58.000000 47.000000 0.44935399999999997567
117 66.000000 57.000000 0.64714499999999997026
118 76.000000 74.000000 0.16168799999999999839
119 92.000000 81.000000 0.38866400000000000947
120 77.000000 68.000000 0.26900299999999999212
121 77.000000 68.000000 0.14255999999999999228
122 38.000000 37.000000 0.27264599999999999946
123 69.000000 63.000000 0.23277500000000000968
124 66.000000 57.000000 0.18940999999999999504
125 35.000000 34.000000 0.34247800000000000464
126 63.000000 59.000000 0.31769300000000000317
127 40.000000 36.000000 1.39223000000000007859
128 65.000000 62.000000 0.24878300000000000414
129 80.000000 66.000000 0.46576699999999998658
130 70.000000 63.000000 0.24251400000000000734
131 34.000000 34.000000 0.34520400000000001084
132 90.000000 81.000000 0.29769499999999998741
133 58.000000 57.000000 0.31162899999999998935
134 117.000000 95.000000 0.11845400000000000373
135 96.000000 77.000000 0.20507900000000001128
136 34.000000 32.000000 0.25430599999999997651
137 93.000000 75.000000 0.26178200000000001468
138 79.000000 71.000000 0.67722099999999996189
139 78.000000 67.000000 0.28775600000000001177
140 68.000000 60.000000 0.50384200000000001207
141 54.000000 51.000000 0.31842300000000001159
142 83.000000 75.000000 0.25386700000000000932
143 96.000000 92.000000 0.10927800000000000014
144 77.000000 59.000000 0.34950300000000000811
145 70.000000 62.000000 0.09783500000000000529
146 81.000000 70.000000 0.11936199999999999588
147 94.000000 79.000000 0.10153900000000000425
148 53.000000 44.000000 0.17543000000000000260
149 88.000000 78.000000 0.23331199999999999162
150 61.000000 49.000000 0.44167400000000001103
151 84.000000 70.000000 0.26032399999999999984
152 108.000000 88.000000 0.13151299999999999102
153 101.000000 87.000000 0.34959299999999998709
154 94.000000 72.000000 0.40855599999999997474
155 42.000000 42.000000 0.17177600000000001201
156 57.000000 51.000000 0.45224100000000000410
157 43.000000 40.000000 0.35660700000000000731
158 46.000000 42.000000 0.19648299999999999099
159 82.000000 66.000000 0.29533900000000001818
160 103.000000 89.000000 0.24043500000000000982
161 68.000000 59.000000 0.56781800000000004491
162 108.000000 95.000000 0.11927699999999999414
163 33.000000 28.000000 0.33821000000000001062
164 63.000000 55.000000 0.17040199999999999791
165 19.000000 17.000000 0.37557000000000001494
166 105.000000 89.000000 0.16446299999999999808
167 86.000000 73.000000 0.18655199999999999561
168 91.000000 80.000000 0.44322200000000000486
169 33.000000 30.000000 0.40321699999999999209
170 58.000000 47.000000 0.49338500000000001799
171 85.000000 75.000000 0.09710699999999999887
172 68.000000 63.000000 0.15383099999999999552
173 83.000000 79.000000 0.38995999999999997332
174 89.000000 77.000000 0.22572999999999998622
175 60.000000 53.000000 0.43648199999999998111
176 81.000000 69.000000 0.67134700000000002706
177 80.000000 65.000000 1.03442300000000009241
178 73.000000 67.000000 0.19269000000000000017
179 76.000000 71.000000 0.73008899999999998798
180 111.000000 98.000000 0.22169200000000000017
181 49.000000 46.000000 0.10540399999999999769
182 75.000000 62.000000 0.56551700000000004742
183 35.000000 32.000000 0.39072200000000001374
184 47.000000 42.000000 0.29217999999999999527
185 75.000000 63.000000 0.38878000000000001446
186 97.000000 84.000000 0.14444000000000001283
187 46.000000 39.000000 0.50192000000000003279
188 77.000000 63.000000 0.26844600000000001794
189 76.000000 69.000000 0.26738699999999998580
190 99.000000 91.000000 0.56333900000000003416
191 94.000000 76.000000 0.22194500000000000339
192 42.000000 34.000000 0.32471100000000002739
193 82.000000 67.000000 0.38981100000000001859
194 77.000000 65.000000 0.74600400000000000045
195 46.000000 41.000000 0.36548300000000000232
196 66.000000 60.000000 0.36580699999999999328
197 61.000000 55.000000 0.11788400000000000267
198 98.000000 81.000000 0.21574199999999998933
199 32.000000 28.000000 0.25109900000000001663
200 92.000000 80.000000 0.18669299999999999784
201 90.000000 82.000000 0.22446499999999999786
202 83.000000 78.000000 0.29341400000000000814
203 75.000000 63.000000 0.24956700000000001105
204 73.000000 65.000000 0.29278900000000002146
205 49.000000 42.000000 0.50058199999999997143
206 84.000000 66.000000 0.36183900000000002173
207 107.000000 91.000000 0.12478799999999999615
208 77.000000 68.000000 0.39520399999999999974
209 70.000000 59.000000 1.20626799999999989588
210 128.000000 115.000000 0.13496099999999999763
211 42.000000 37.000000 0.39180900000000001837
212 62.000000 52.000000 0.08842400000000000260
213 71.000000 68.000000 0.24693200000000001260
214 78.000000 71.000000 0.19721400000000000041
215 113.000000 101.000000 0.21602999999999999980
216 44.000000 38.000000 0.37248500000000001053
217 45.000000 37.000000 0.52218500000000001027
218 50.000000 49.000000 0.25357299999999999285
219 39.000000 35.000000 0.21608700000000000130
220 98.000000 87.000000 0.15163399999999999102
221 107.000000 85.000000 0.13233100000000000418
222 69.000000 58.000000 0.30376300000000000523
223 88.000000 74.000000 0.47205099999999999838
224 49.000000 40.000000 0.31668899999999999828
225 98.000000 87.000000 0.22844700000000001117
226 77.000000 69.000000 0.10526299999999999546
227 58.000000 53.000000 0.37351299999999998391
228 101.000000 85.000000 0.23275199999999998668
229 92.000000 81.000000 0.30932500000000001661
230 48.000000 48.000000 0.28100500000000000478
231 65.000000 56.000000 0.31061699999999997646
232 84.000000 69.000000 0.14415200000000000236
233 45.000000 40.000000 0.40458199999999999719
234 98.000000 88.000000 0.17571400000000000907
235 42.000000 42.000000 0.28333399999999997476
236 125.000000 109.000000 0.14150499999999999190
237 114.000000 91.000000 0.19232499999999999596
238 100.000000 82.000000 0.29578900000000002413
239 84.000000 72.000000 0.41674600000000000533
240 101.000000 78.000000 0.41271299999999999653
241 74.000000 66.000000 0.37123200000000000642
242 82.000000 75.000000 0.18050599999999999978
243 99.000000 85.000000 0.24601500000000001145
244 103.000000 89.000000 0.23826400000000000357
245 67.000000 60.000000 0.28937699999999999534
246 113.000000 92.000000 0.22127499999999999947
247 54.000000 43.000000 0.54178599999999998982
248 26.000000 24.000000 0.45582000000000000295
249 73.000000 58.000000 0.35253899999999999126
250 96.000000 87.000000 0.21732199999999998741
251 88.000000 82.000000 0.19477300000000000169
252 75.000000 62.000000 0.22221899999999999986
253 68.000000 58.000000 0.34069100000000002160
254 67.000000 54.000000 0.92597899999999999654
255 80.000000 65.000000 0.14551300000000000345
256 80.000000 71.000000 0.13056799999999998962
257 61.000000 54.000000 0.41851699999999997237
258 59.000000 50.000000 0.32881599999999999717
259 80.000000 66.000000 0.32638099999999997669
260 57.000000 54.000000 0.38078600000000001335
261 63.000000 60.000000 0.26783000000000001251
262 123.000000 107.000000 0.08130600000000000327
263 50.000000 39.000000 0.57384800000000002473
264 37.000000 35.000000 0.51097099999999995301
265 75.000000 62.000000 0.63577499999999997904
266 127.000000 112.000000 0.22233300000000000285
267 120.000000 114.000000 0.20358599999999998920
268 72.000000 60.000000 0.40863699999999997248
269 104.000000 96.000000 0.15334000000000000408
270 26.000000 24.000000 0.35447200000000000930
271 75.000000 66.000000 0.21454000000000000847
272 97.000000 79.000000 0.22744200000000000528
273 80.000000 68.000000 0.61100200000000004508
274 38.000000 32.000000 0.25801000000000001711
275 95.000000 81.000000 0.29717900000000002647
276 113.000000 96.000000 0.24997900000000000675
277 72.000000 69.000000 0.34758499999999997732
278 101.000000 90.000000 0.20127700000000001146
279 83.000000 70.000000 0.37896299999999999430
280 39.000000 39.000000 0.26682200000000000362
281 84.000000 63.000000 0.29618600000000000483
282 49.000000 43.000000 0.40740799999999999237
283 148.000000 129.000000 0.06123599999999999877
284 91.000000 77.000000 0.34118100000000001204
285 88.000000 76.000000 0.31890899999999999803
286 92.000000 75.000000 0.17929999999999998717
287 66.000000 58.000000 0.23572100000000001385
288 80.000000 70.000000 0.56143500000000001737
289 77.000000 69.000000 0.10236699999999999966
290 49.000000 44.000000 0.35227700000000000680
291 56.000000 52.000000 0.18363099999999998868
292 60.000000 60.000000 0.30298799999999997956
293 78.000000 70.000000 0.21017299999999999871
294 55.000000 48.000000 0.18792900000000001270
295 90.000000 78.000000 0.14727299999999998725
296 97.000000 75.000000 0.29145700000000002161
297 34.000000 31.000000 0.23493700000000000694
298 36.000000 30.000000 0.60314999999999996394
299 87.000000 73.000000 0.35167300000000001337
300 70.000000 60.000000 0.38416099999999997472
301 116.000000 101.000000 0.32664500000000001867
302 49.000000 48.000000 0.19501599999999999491
303 67.000000 59.000000 0.40939199999999997814
304 50.000000 48.000000 0.28430499999999997440
305 115.000000 95.000000 0.30836500000000000021
306 118.000000 100.000000 0.18857599999999999363
307 123.000000 101.000000 0.25440200000000001701
308 68.000000 65.000000 0.25499100000000002320
309 117.000000 97.000000 0.25272800000000000820
310 84.000000 77.000000 0.17295599999999999863
311 89.000000 73.000000 0.32259399999999999187
312 47.000000 44.000000 0.22062000000000001054
313 82.000000 69.000000 0.12492499999999999438
314 107.000000 81.000000 0.14249200000000000754
315 49.000000 47.000000 0.20139199999999998769
316 70.000000 64.000000 0.26492599999999999483
317 106.000000 94.000000 0.19552200000000000135
318 78.000000 70.000000 0.53676199999999996137
319 55.000000 51.000000 0.17526400000000000312
320 74.000000 66.000000 0.75691900000000000848
321 54.000000 50.000000 0.13651499999999999746
322 58.000000 50.000000 0.42135800000000001031
323 30.000000 28.000000 0.26264199999999998658
324 82.000000 74.000000 0.38714999999999999414
325 109.000000 93.000000 0.20255300000000001082
326 79.000000 71.000000 0.21191799999999999526
327 28.000000 28.000000 0.46117700000000000360
328 85.000000 77.000000 0.31080799999999997318
329 92.000000 70.000000 0.13081899999999999085
330 64.000000 58.000000 0.41099900000000000322
331 100.000000 86.000000 0.32714500000000001911
332 61.000000 47.000000 0.31731100000000000971
333 65.000000 56.000000 0.23158100000000000906
334 104.000000 88.000000 0.39404299999999997661
335 127.000000 101.000000 0.14184499999999999886
336 55.000000 48.000000 0.18879299999999998860
337 80.000000 74.000000 0.10626599999999999935
338 59.000000 51.000000 0.12370699999999999752
339 63.000000 56.000000 0.31728800000000001447
340 68.000000 60.000000 0.15623200000000000975
341 83.000000 66.000000 0.42901600000000000845
342 75.000000 74.000000 0.31671799999999999953
343 94.000000 86.000000 0.05266499999999999654
344 71.000000 64.000000 0.31308900000000000619
345 59.000000 53.000000 0.32204899999999997418
346 47.000000 39.000000 0.41400999999999998913
347 121.000000 100.000000 0.14197100000000001385
348 79.000000 70.000000 0.24352099999999998747
349 75.000000 65.000000 0.10545000000000000207
350 66.000000 59.000000 0.25063800000000002743
351 30.000000 27.000000 0.43187700000000001088
352 79.000000 75.000000 0.20005200000000000760
353 97.000000 84.000000 0.12967999999999998972
354 89.000000 76.000000 0.42204599999999997673
355 124.000000 103.000000 0.25349699999999997235
356 71.000000 62.000000 0.28261500000000000510
357 51.000000 47.000000 0.32319500000000001005
358 61.000000 50.000000 0.55281499999999994532
359 67.000000 60.000000 0.30964599999999997681
360 98.000000 86.000000 0.19910200000000000120
361 52.000000 50.000000 0.19821099999999999830
362 85.000000 75.000000 0.19827400000000000579
363 109.000000 90.000000 0.13723399999999999488
364 103.000000 87.000000 0.09562700000000000367
365 79.000000 79.000000 0.20109299999999999398
366 53.000000 48.000000 0.22720000000000001306
367 91.000000 74.000000 0.19225700000000001122
368 75.000000 69.000000 0.29463400000000000700
369 85.000000 76.000000 0.22301399999999999002
370 106.000000 83.000000 0.18366199999999999193
371 114.000000 100.000000 0.14564499999999999669
372 77.000000 70.000000 0.21882099999999998774
373 69.000000 64.000000 0.22489500000000001156
374 59.000000 54.000000 0.22951599999999999779
375 124.000000 114.000000 0.15073300000000000587
376 75.000000 65.000000 0.13444900000000001294
377 95.000000 84.000000 0.26731300000000002282
378 29.000000 28.000000 0.18260100000000001330
379 80.000000 73.000000 0.23434499999999999775
380 78.000000 66.000000 0.20111399999999998722
381 35.000000 33.000000 0.31382900000000002461
382 66.000000 61.000000 0.19931599999999999318
383 108.000000 89.000000 0.38949000000000000288
384 63.000000 54.000000 0.13989399999999999058
385 106.000000 96.000000 0.08708100000000000562
386 63.000000 60.000000 0.35598899999999999988
387 107.000000 95.000000 0.40708299999999997265
388 76.000000 64.000000 0.23124200000000000310
389 119.000000 98.000000 0.13027700000000000391
390 95.000000 81.000000 0.28183099999999999818
391 94.000000 85.000000 0.38072499999999998010
392 63.000000 53.000000 0.35906300000000002104
393 61.000000 58.000000 0.17255300000000001193
394 85.000000 73.000000 0.21154700000000001281
395 56.000000 50.000000 0.38111299999999997956
396 97.000000 89.000000 0.16565900000000000070
397 82.000000 64.000000 0.29227300000000000502
398 71.000000 63.000000 0.46832000000000001405
399 104.000000 88.000000 0.15185799999999999299
400 77.000000 62.000000 0.17628099999999999326
401 42.000000 40.000000 0.31877600000000000380
402 112.000000 99.000000 0.15676300000000001345
403 96.000000 83.000000 0.28693299999999999361
404 94.000000 84.000000 0.15430599999999999872
405 70.000000 60.000000 0.35921799999999998176
406 46.000000 40.000000 0.24887200000000000988
407 53.000000 43.000000 0.74271500000000001407
408 85.000000 81.000000 0.27515899999999998693
409 97.000000 83.000000 0.28577299999999999924
410 73.000000 60.000000 0.83167800000000002836
411 61.000000 58.000000 0.28821299999999999697
412 103.000000 93.000000 0.14572399999999999243
413 85.000000 78.000000 0.18624399999999999289
414 109.000000 98.000000 0.12016300000000000592
415 109.000000 87.000000 0.26530900000000001704
416 56.000000 48.000000 0.30156899999999997597
417 63.000000 57.000000 0.41339500000000001245
418 107.000000 95.000000 0.17987400000000000611
419 97.000000 81.000000 0.40758800000000000585
420 77.000000 68.000000 0.29211199999999998278
