1 331.000000 295.000000 17.04659399999999891406
2 279.000000 248.000000 17.62926099999999962620
3 149.000000 138.000000 26.28977099999999822444
4 297.000000 254.000000 117.87486599999999725696
5 261.000000 217.000000 114.48786499999999932697
6 138.000000 119.000000 71.84166100000000199088
7 244.000000 213.000000 15.43667199999999972704
8 201.000000 186.000000 11.71018199999999964689
9 228.000000 216.000000 11.66530299999999975569
10 277.000000 249.000000 89.86326699999999334523
11 259.000000 228.000000 68.42541599999999846204
12 200.000000 185.000000 16.31060599999999993770
13 458.000000 392.000000 12.97579200000000021475
14 124.000000 111.000000 99.00650600000000167711
15 287.000000 248.000000 128.12958199999999919783
16 281.000000 244.000000 116.26764300000000673663
17 497.000000 415.000000 1.89309499999999997222
18 264.000000 254.000000 9.72595899999999957686
19 184.000000 153.000000 207.44140400000000568070
20 389.000000 343.000000 49.11865099999999983993
21 425.000000 379.000000 11.04204599999999913962
22 488.000000 406.000000 14.36357800000000040086
23 279.000000 257.000000 22.03895100000000084606
24 320.000000 280.000000 45.61216000000000292403
25 246.000000 220.000000 36.85627499999999656666
26 323.000000 289.000000 5.74022200000000015763
27 329.000000 286.000000 14.52948300000000081411
28 368.000000 313.000000 24.25649800000000055888
29 313.000000 276.000000 14.79110499999999994714
30 358.000000 311.000000 72.22854499999999688953
31 187.000000 154.000000 63.97655999999999920647
32 321.000000 269.000000 9.38871199999999994645
33 281.000000 255.000000 17.32550499999999971124
34 304.000000 296.000000 16.51261500000000026489
35 387.000000 337.000000 37.61621300000000189812
36 198.000000 182.000000 8.85261099999999956367
37 391.000000 325.000000 5.86225699999999960710
38 295.000000 269.000000 57.83398900000000253385
39 417.000000 378.000000 5.87318899999999999295
40 394.000000 310.000000 4.64889400000000030388
41 128.000000 114.000000 35.50221299999999757802
42 235.000000 202.000000 145.11068499999998948624
43 292.000000 268.000000 21.27187699999999992428
44 336.000000 302.000000 22.68715500000000062641
45 150.000000 134.000000 69.22904400000000180171
46 313.000000 287.000000 15.32551999999999914337
47 164.000000 158.000000 14.39498999999999995225
48 361.000000 305.000000 11.28875599999999934653
49 97.000000 88.000000 36.18206099999999736383
50 459.000000 399.000000 14.32833699999999943486
51 281.000000 244.000000 9.10194500000000061846
52 265.000000 227.000000 13.85792000000000001592
53 232.000000 200.000000 73.63173299999999699139
54 426.000000 371.000000 4.92628999999999983572
55 272.000000 255.000000 16.00917199999999951388
56 231.000000 218.000000 30.01956500000000005457
57 355.000000 324.000000 5.89327600000000018099
58 226.000000 218.000000 13.30243399999999986960
59 280.000000 241.000000 263.21875999999997475243
60 199.000000 172.000000 82.24899899999999774991
61 293.000000 260.000000 40.93348100000000044929
62 530.000000 453.000000 4.15808900000000036812
63 392.000000 353.000000 9.43025599999999997181
64 347.000000 295.000000 23.89377400000000051250
65 207.000000 177.000000 134.25814900000000307045
66 71.000000 59.000000 37.72806700000000290629
67 198.000000 179.000000 44.06366100000000329828
68 336.000000 304.000000 13.50939999999999940883
69 499.000000 423.000000 5.59489799999999970481
70 244.000000 213.000000 32.66348599999999890997
71 166.000000 150.000000 22.28680500000000108685
72 154.000000 120.000000 148.24068800000000578621
73 318.000000 284.000000 36.26437399999999655620
74 297.000000 247.000000 127.37004199999999798365
75 367.000000 321.000000 142.18166899999999941429
76 422.000000 372.000000 16.59041699999999863735
77 156.000000 135.000000 51.23326800000000247337
78 323.000000 285.000000 61.43436400000000219279
79 285.000000 258.000000 16.41685199999999866805
80 291.000000 257.000000 14.98501800000000017121
81 281.000000 250.000000 81.91445500000000379259
82 265.000000 239.000000 28.54393999999999920192
83 354.000000 300.000000 4.44436199999999992372
84 311.000000 284.000000 10.68260199999999926490
85 485.000000 418.000000 7.27779299999999995663
86 329.000000 303.000000 9.35160699999999955878
87 357.000000 315.000000 2.99942099999999989279
88 242.000000 213.000000 16.42094399999999865258
89 328.000000 296.000000 23.89594400000000007367
90 386.000000 331.000000 47.74063100000000048340
91 265.000000 222.000000 142.76103900000001090120
92 143.000000 136.000000 22.77556099999999972283
93 415.000000 361.000000 26.68008499999999827423
94 241.000000 224.000000 16.29887199999999936040
95 190.000000 160.000000 111.15994999999999492957
96 480.000000 392.000000 42.93558699999999817010
97 280.000000 262.000000 22.04925199999999918532
98 352.000000 320.000000 59.90796699999999930242
99 130.000000 120.000000 28.92464199999999863167
100 319.000000 285.000000 8.46417199999999958493
101 321.000000 280.000000 46.62578899999999748616
102 281.000000 259.000000 15.57319500000000012108
103 382.000000 328.000000 81.51588399999999978718
104 395.000000 338.000000 31.94861399999999918009
105 300.000000 279.000000 19.18690700000000148862
106 190.000000 176.000000 22.23574599999999890088
107 249.000000 216.000000 56.92560000000000286491
108 354.000000 312.000000 12.38436699999999923705
109 161.000000 138.000000 40.16728700000000173986
110 287.000000 256.000000 18.70538300000000120349
111 340.000000 290.000000 30.34033200000000007890
112 348.000000 305.000000 93.37860899999999730881
113 334.000000 304.000000 18.07883500000000154273
114 347.000000 299.000000 46.90332800000000190721
115 255.000000 215.000000 62.41275300000000214595
116 432.000000 361.000000 4.07374599999999986721
117 260.000000 228.000000 39.22904299999999722104
118 285.000000 261.000000 70.48476800000000253021
119 425.000000 373.000000 137.13980799999998794192
120 389.000000 320.000000 6.61492699999999977933
121 453.000000 403.000000 0.45538200000000000900
122 348.000000 284.000000 155.04903300000000854197
123 341.000000 290.000000 20.91855999999999937700
124 234.000000 210.000000 78.14770699999999692409
125 367.000000 326.000000 19.06109199999999859187
126 505.000000 421.000000 15.75011399999999994748
127 138.000000 117.000000 34.67428199999999804959
128 348.000000 296.000000 20.32387399999999999523
129 388.000000 319.000000 40.68443800000000010186
130 393.000000 339.000000 12.35532800000000008822
131 510.000000 443.000000 3.48544199999999992912
132 391.000000 315.000000 218.79611800000000698674
133 287.000000 264.000000 6.34120099999999986551
134 286.000000 283.000000 18.64551099999999905776
135 474.000000 425.000000 27.58793800000000118189
136 155.000000 138.000000 10.56353200000000036596
137 323.000000 289.000000 10.16211299999999972954
138 317.000000 293.000000 14.23943599999999953809
139 348.000000 301.000000 7.84519799999999989382
140 342.000000 296.000000 34.60695799999999877627
141 329.000000 295.000000 11.69226300000000051682
142 322.000000 293.000000 10.35211199999999998056
143 430.000000 377.000000 11.69569699999999912166
144 221.000000 204.000000 21.02639800000000036562
145 323.000000 287.000000 12.67036599999999957333
146 341.000000 306.000000 27.09874999999999900524
147 325.000000 294.000000 9.88869200000000070361
148 366.000000 325.000000 34.13941700000000167847
149 313.000000 274.000000 72.72872800000000381715
150 304.000000 281.000000 41.85830200000000189675
151 459.000000 400.000000 3.66824899999999987088
152 423.000000 366.000000 159.47103400000000306136
153 330.000000 293.000000 18.23672799999999938336
154 317.000000 270.000000 40.02291300000000262571
155 331.000000 279.000000 21.03592199999999934334
156 261.000000 240.000000 54.95409599999999983311
157 91.000000 79.000000 43.15433600000000069485
158 237.000000 202.000000 14.75947200000000059106
159 439.000000 387.000000 8.68794300000000063733
160 202.000000 176.000000 161.27849000000000501132
161 377.000000 328.000000 123.64637600000000361433
162 282.000000 251.000000 82.94257399999999336160
163 359.000000 325.000000 2.45529600000000014504
164 354.000000 325.000000 9.27313000000000009493
165 238.000000 224.000000 17.09573299999999917986
166 306.000000 267.000000 5.41416499999999967230
167 355.000000 312.000000 18.80483800000000016439
168 280.000000 249.000000 74.88410899999999514876
169 456.000000 411.000000 9.42974700000000076727
170 334.000000 297.000000 10.08534399999999919828
171 329.000000 305.000000 54.83101599999999820056
172 450.000000 405.000000 16.81529300000000048954
173 408.000000 362.000000 6.55734300000000036590
174 300.000000 274.000000 9.34703900000000054149
175 209.000000 180.000000 12.42612500000000075318
176 155.000000 150.000000 4.83421699999999976427
177 379.000000 324.000000 235.82874799999999027023
178 354.000000 313.000000 3.12203300000000005809
179 302.000000 260.000000 10.48992100000000071702
180 237.000000 216.000000 15.01488499999999959300
181 226.000000 202.000000 91.09999299999999777810
182 440.000000 388.000000 2.91902799999999995606
183 525.000000 447.000000 1.95181099999999996264
184 362.000000 323.000000 9.65821599999999946817
185 421.000000 351.000000 1.07418400000000002770
186 404.000000 347.000000 4.22958099999999959095
187 505.000000 437.000000 3.23672599999999999199
188 287.000000 247.000000 29.69706000000000045702
189 224.000000 194.000000 42.65217499999999972715
190 316.000000 293.000000 4.50132699999999985607
191 397.000000 364.000000 9.33906999999999953843
192 309.000000 281.000000 31.37470300000000023033
193 414.000000 354.000000 16.90707899999999952456
194 381.000000 342.000000 23.72610099999999988540
195 291.000000 275.000000 9.48843699999999934391
196 329.000000 291.000000 246.29574700000000575528
197 279.000000 251.000000 34.57318999999999675765
198 325.000000 297.000000 5.16502899999999964820
199 324.000000 276.000000 69.33461800000000607724
200 278.000000 245.000000 83.59827699999999595093
201 316.000000 270.000000 184.47497300000000564069
202 289.000000 257.000000 14.14384699999999916997
203 462.000000 405.000000 3.50863600000000008805
204 328.000000 291.000000 28.99140600000000134173
205 270.000000 240.000000 29.50045199999999923079
206 336.000000 285.000000 78.15782099999999843476
207 210.000000 175.000000 367.70902399999999943248
208 256.000000 219.000000 17.08410699999999948773
209 304.000000 271.000000 43.18928999999999973625
210 360.000000 318.000000 78.93542499999999506599
211 483.000000 419.000000 3.67949500000000018218
212 310.000000 270.000000 48.39686999999999983402
213 273.000000 238.000000 5.79127900000000028768
214 464.000000 402.000000 3.55636399999999985866
215 620.000000 529.000000 0.92777200000000004110
216 285.000000 248.000000 4.81212399999999984601
217 379.000000 328.000000 1.81920400000000004326
218 458.000000 401.000000 32.69448200000000070986
219 258.000000 230.000000 84.10561500000000023647
220 330.000000 266.000000 132.81970599999999649299
221 399.000000 363.000000 41.33729499999999745796
222 191.000000 166.000000 55.70504900000000247928
223 230.000000 213.000000 48.16323100000000323462
224 344.000000 304.000000 6.83990299999999962210
225 282.000000 266.000000 15.55767999999999950944
226 439.000000 401.000000 8.34088099999999954548
227 246.000000 211.000000 38.03513300000000185719
228 409.000000 370.000000 5.58419899999999991280
229 423.000000 371.000000 78.81783900000000642194
230 243.000000 216.000000 33.48583399999999699048
231 365.000000 318.000000 67.60776599999999803003
232 254.000000 223.000000 27.23168799999999833972
233 375.000000 330.000000 4.27453500000000019554
234 207.000000 188.000000 77.54153399999999862757
235 484.000000 437.000000 0.30841299999999999271
236 515.000000 457.000000 0.71666700000000005399
237 450.000000 392.000000 5.56646600000000013608
238 270.000000 261.000000 5.96904900000000004923
239 431.000000 396.000000 15.64652399999999943248
240 364.000000 324.000000 36.37096900000000232467
241 272.000000 252.000000 11.74201200000000078205
242 166.000000 138.000000 339.00605899999999337524
243 251.000000 233.000000 6.93405599999999999739
244 236.000000 214.000000 64.67884999999999706688
245 318.000000 304.000000 20.90923099999999834608
246 197.000000 178.000000 7.41884000000000032315
247 379.000000 336.000000 4.05717199999999955651
248 328.000000 301.000000 29.09923099999999962506
249 381.000000 321.000000 91.64204599999999345528
250 395.000000 335.000000 14.43312300000000014677
251 205.000000 187.000000 17.73158099999999848251
252 438.000000 366.000000 4.24314099999999960744
253 336.000000 296.000000 55.53901700000000118962
254 212.000000 184.000000 78.71338099999999826650
255 354.000000 321.000000 22.82784699999999844522
256 413.000000 361.000000 33.77986700000000297450
257 274.000000 244.000000 34.24927799999999677993
258 295.000000 270.000000 8.81249799999999972044
259 174.000000 152.000000 13.18724500000000077193
260 169.000000 166.000000 5.95703300000000002257
261 321.000000 292.000000 12.04065499999999921954
262 225.000000 201.000000 16.25443399999999982697
263 236.000000 211.000000 11.47396900000000030673
264 357.000000 314.000000 6.80319200000000012807
265 258.000000 226.000000 30.40984999999999871534
266 466.000000 378.000000 655.11002699999994547397
267 304.000000 265.000000 14.71958599999999961483
268 161.000000 136.000000 70.20254699999999559168
269 368.000000 324.000000 24.56406000000000133809
270 204.000000 187.000000 14.35962600000000044531
271 247.000000 220.000000 9.19050099999999936529
272 252.000000 222.000000 16.71098100000000030718
273 142.000000 115.000000 103.42107400000000438922
274 248.000000 219.000000 64.55431400000000508044
275 341.000000 296.000000 31.43582400000000021123
276 292.000000 262.000000 9.54182699999999961449
277 344.000000 303.000000 54.74497099999999960573
278 354.000000 289.000000 49.88257200000000324280
279 300.000000 266.000000 14.80164599999999985869
280 130.000000 116.000000 94.27141000000000303771
281 300.000000 265.000000 16.05800699999999991974
282 321.000000 285.000000 2.29124300000000014066
283 468.000000 412.000000 9.01784100000000066188
284 449.000000 381.000000 31.51546499999999895181
285 292.000000 251.000000 6.91104200000000012949
286 377.000000 340.000000 10.55025400000000068701
287 124.000000 114.000000 21.79814000000000007162
288 258.000000 217.000000 9.00811400000000084276
289 226.000000 195.000000 92.37339299999999298052
290 382.000000 334.000000 42.70176099999999763668
291 375.000000 317.000000 31.14005699999999876582
292 409.000000 358.000000 20.53828800000000143200
293 282.000000 246.000000 7.72459499999999987807
294 409.000000 372.000000 6.42187700000000027956
295 323.000000 294.000000 15.35303700000000048931
296 212.000000 195.000000 68.94599300000000141608
297 211.000000 189.000000 47.04367100000000334603
298 257.000000 219.000000 7.50406700000000004280
299 352.000000 305.000000 3.97538299999999988898
300 418.000000 365.000000 11.61544899999999991280
301 447.000000 385.000000 21.75376599999999882584
302 293.000000 242.000000 199.74856700000000842010
303 336.000000 307.000000 77.11914899999999306601
304 279.000000 244.000000 12.64866899999999994009
305 391.000000 361.000000 6.25386500000000022936
306 369.000000 320.000000 45.36173399999999844567
307 196.000000 170.000000 4.68339100000000030377
308 211.000000 188.000000 8.43403700000000000614
309 343.000000 312.000000 5.91974800000000023203
310 344.000000 320.000000 6.85114999999999962910
311 375.000000 307.000000 16.52096500000000034447
312 449.000000 383.000000 6.93029899999999976501
313 365.000000 317.000000 16.77839000000000169166
314 203.000000 198.000000 18.04273999999999844590
315 368.000000 340.000000 2.42890600000000000946
316 391.000000 371.000000 8.30877300000000040825
317 183.000000 153.000000 18.47166500000000155524
318 317.000000 283.000000 10.04689300000000073965
319 431.000000 392.000000 21.23824199999999962074
320 426.000000 367.000000 44.47662400000000104683
321 310.000000 270.000000 81.72969899999999654483
322 397.000000 345.000000 7.98293799999999986738
323 484.000000 413.000000 4.05769300000000043838
324 360.000000 312.000000 3.53711699999999984456
325 253.000000 231.000000 296.46613000000002102752
326 231.000000 219.000000 78.74351699999999709689
327 277.000000 257.000000 26.11218399999999917327
328 471.000000 392.000000 9.53671100000000038222
329 413.000000 359.000000 18.36680000000000134719
330 417.000000 392.000000 17.79401299999999963575
331 329.000000 283.000000 5.98690999999999995396
332 397.000000 347.000000 10.81370100000000000762
333 284.000000 269.000000 20.29890999999999934289
334 221.000000 197.000000 21.56124099999999899069
335 271.000000 240.000000 74.83765499999999804004
336 346.000000 327.000000 9.13133599999999923114
337 260.000000 219.000000 20.10203999999999879833
338 388.000000 368.000000 7.47851800000000022095
339 311.000000 272.000000 129.65723800000000665023
340 457.000000 400.000000 9.44311100000000003263
341 235.000000 209.000000 48.82348600000000260479
342 398.000000 344.000000 4.79008599999999962193
343 180.000000 168.000000 28.30166900000000040905
344 165.000000 144.000000 68.90027899999999760894
345 359.000000 314.000000 7.99096600000000023556
346 255.000000 226.000000 36.73019800000000145701
347 334.000000 293.000000 127.01488899999999659940
348 321.000000 269.000000 20.09771200000000135333
349 350.000000 306.000000 2.28202799999999994540
350 300.000000 250.000000 131.35434000000000764885
351 361.000000 329.000000 7.12369699999999994589
352 340.000000 305.000000 20.78738500000000044565
353 384.000000 329.000000 13.27629300000000078796
354 433.000000 393.000000 9.18406500000000036721
355 310.000000 289.000000 22.38409300000000001774
356 414.000000 362.000000 96.67609400000000619002
357 345.000000 313.000000 129.85790499999998814928
358 271.000000 234.000000 105.36641400000000601267
359 305.000000 273.000000 25.39004500000000064119
360 364.000000 318.000000 34.41475499999999954071
361 312.000000 269.000000 62.55923700000000309274
362 218.000000 203.000000 32.06065999999999860393
363 442.000000 387.000000 8.09759799999999962949
364 331.000000 305.000000 22.69150799999999890133
365 244.000000 215.000000 116.76009500000000684850
366 332.000000 290.000000 39.09831799999999901729
367 408.000000 353.000000 8.46896399999999971442
368 472.000000 410.000000 12.05918400000000012540
369 562.000000 452.000000 11.00012100000000003774
370 370.000000 319.000000 171.78425799999999412648
371 321.000000 272.000000 32.76828400000000129921
372 329.000000 286.000000 10.06713099999999982970
373 184.000000 179.000000 16.83607100000000045270
374 418.000000 354.000000 14.55583400000000082741
375 569.000000 504.000000 2.68183699999999980434
376 372.000000 324.000000 4.85619300000000020390
377 346.000000 303.000000 98.86890200000000561431
378 165.000000 155.000000 16.82299499999999881084
379 292.000000 268.000000 14.67416200000000081616
380 416.000000 343.000000 31.45057100000000005480
381 414.000000 355.000000 11.22088500000000088619
382 284.000000 248.000000 61.03049299999999988131
383 488.000000 447.000000 0.96831500000000003681
384 333.000000 277.000000 26.41512499999999974420
385 550.000000 485.000000 6.39476800000000000779
386 218.000000 190.000000 20.51682800000000028717
387 249.000000 218.000000 44.02504499999999865167
388 242.000000 207.000000 40.56298300000000267573
389 438.000000 371.000000 57.34278499999999922920
390 305.000000 263.000000 8.44517500000000076454
391 303.000000 266.000000 59.00504200000000309956
392 104.000000 98.000000 134.00057300000000282125
393 255.000000 224.000000 59.79944400000000115369
394 257.000000 216.000000 36.22907800000000122509
395 304.000000 260.000000 62.91860400000000197451
396 272.000000 237.000000 79.70369999999999777174
397 306.000000 275.000000 18.43832599999999999341
398 230.000000 218.000000 23.77564500000000080604
399 160.000000 138.000000 45.93193699999999779493
400 250.000000 219.000000 86.51761899999999627653
401 143.000000 135.000000 21.14674799999999876832
402 428.000000 376.000000 3.43736899999999989674
403 437.000000 384.000000 9.94503899999999951831
404 200.000000 166.000000 92.87250000000000227374
405 256.000000 234.000000 33.97690300000000007685
406 429.000000 364.000000 15.98694399999999937734
407 412.000000 348.000000 9.92359800000000014109
408 281.000000 242.000000 168.16076499999999782631
409 349.000000 314.000000 20.55901000000000067303
410 304.000000 278.000000 32.91512500000000329692
411 350.000000 319.000000 11.39633099999999998886
412 353.000000 310.000000 13.14280699999999946215
413 269.000000 245.000000 27.20542700000000024829
414 240.000000 211.000000 17.93030200000000107252
415 284.000000 233.000000 37.52533300000000338059
416 263.000000 246.000000 18.11887499999999917577
417 332.000000 304.000000 26.18562199999999862143
418 214.000000 183.000000 36.39768300000000067485
419 179.000000 165.000000 55.55862299999999720512
420 494.000000 426.000000 20.69204399999999921533
