1 812.000000 718.000000 79.96592400000000111504
2 1229.000000 1039.000000 78.70375099999999690681
4 715.000000 640.000000 117.51173199999999496868
5 1008.000000 883.000000 316.95998500000001740773
6 754.000000 704.000000 81.52941500000000019099
7 396.000000 367.000000 675.70786599999996724364
8 538.000000 500.000000 490.51742999999999028660
10 885.000000 784.000000 295.27966300000002775050
11 656.000000 605.000000 455.00655000000000427463
12 884.000000 772.000000 712.67942100000004757021
13 951.000000 846.000000 126.79740099999999358715
14 1054.000000 902.000000 512.99550299999998514977
15 835.000000 765.000000 63.77742899999999792726
17 747.000000 649.000000 231.51676499999999236934
18 882.000000 755.000000 504.03120000000001255103
20 631.000000 563.000000 219.74269799999999008833
21 461.000000 429.000000 56.03594799999999764850
22 784.000000 707.000000 1294.90603499999997438863
23 525.000000 475.000000 1065.78620700000010401709
24 386.000000 348.000000 1187.86465100000009442738
25 339.000000 304.000000 1008.34861100000000533328
26 740.000000 680.000000 607.28222100000004957110
28 712.000000 635.000000 75.74170100000000616092
29 552.000000 496.000000 668.61034400000005462061
32 555.000000 521.000000 490.25941899999997986015
33 700.000000 620.000000 61.81124799999999908096
34 473.000000 442.000000 109.91986799999999391275
35 271.000000 250.000000 181.07062999999999419742
36 381.000000 335.000000 758.51744799999994484097
37 289.000000 272.000000 94.83371400000000051023
38 931.000000 831.000000 150.13369099999999889405
42 642.000000 555.000000 234.81606899999999882311
43 811.000000 729.000000 189.22982400000000779983
44 876.000000 747.000000 636.08681500000000141881
46 446.000000 401.000000 673.87158899999997174746
48 543.000000 491.000000 91.70978700000000571890
49 606.000000 537.000000 295.65643099999999776628
50 809.000000 743.000000 146.24135100000000875298
51 454.000000 423.000000 114.26572400000000584441
52 852.000000 772.000000 505.80903599999999187276
53 522.000000 458.000000 1175.92746499999998377461
55 730.000000 659.000000 1043.18963800000005903712
57 291.000000 265.000000 559.65170299999999770080
58 333.000000 314.000000 351.05300599999998212297
59 623.000000 541.000000 837.20144800000002760498
62 483.000000 451.000000 1044.09973399999989851494
63 615.000000 563.000000 82.64053900000000396631
66 674.000000 603.000000 571.01179500000000643922
67 749.000000 699.000000 57.06295599999999978991
68 989.000000 864.000000 270.19916399999999612191
69 935.000000 834.000000 545.17160100000000966247
71 540.000000 470.000000 357.89233500000000276486
73 1039.000000 897.000000 312.27191099999998868952
74 629.000000 559.000000 90.48009100000000159980
76 581.000000 511.000000 1112.76490499999999883585
77 883.000000 774.000000 502.64831600000002254092
80 499.000000 463.000000 119.13978799999999580450
81 996.000000 897.000000 282.23831400000000257933
84 454.000000 418.000000 584.57683599999995749386
86 957.000000 838.000000 4.26250199999999956901
87 974.000000 870.000000 177.98957300000000714135
88 1092.000000 967.000000 34.64747700000000207865
89 990.000000 868.000000 86.70988400000000240198
91 580.000000 535.000000 1153.54766799999993054371
92 636.000000 567.000000 109.73216999999999643478
93 752.000000 646.000000 748.72299099999997906707
94 593.000000 517.000000 1060.81754500000010921212
95 402.000000 369.000000 356.51472799999999097054
