1 8.000000 7.000000 0.09609800000000000286
2 7.000000 7.000000 0.03875699999999999978
3 6.000000 6.000000 0.02632999999999999924
4 6.000000 6.000000 0.04168199999999999683
5 10.000000 7.000000 0.03155700000000000172
6 6.000000 6.000000 0.01666600000000000026
7 9.000000 8.000000 0.01635999999999999954
8 8.000000 7.000000 0.01565000000000000072
9 8.000000 8.000000 0.01692199999999999954
10 7.000000 7.000000 0.01346100000000000074
11 7.000000 7.000000 0.03199099999999999860
12 6.000000 6.000000 0.01267199999999999924
13 9.000000 8.000000 0.01480700000000000072
14 6.000000 6.000000 0.01302400000000000085
15 8.000000 8.000000 0.01204299999999999989
16 7.000000 7.000000 0.01201699999999999990
17 7.000000 7.000000 0.01591300000000000006
18 7.000000 7.000000 0.01315000000000000023
19 7.000000 7.000000 0.01119500000000000009
20 7.000000 7.000000 0.01094400000000000060
21 10.000000 8.000000 0.01150999999999999940
22 6.000000 6.000000 0.01146600000000000050
23 9.000000 8.000000 0.01445600000000000010
24 8.000000 8.000000 0.01333600000000000063
25 6.000000 6.000000 0.01169500000000000053
26 9.000000 8.000000 0.01550200000000000015
27 7.000000 7.000000 0.01094099999999999934
28 6.000000 6.000000 0.01120999999999999948
29 10.000000 8.000000 0.01527899999999999918
30 9.000000 8.000000 0.01582599999999999979
31 9.000000 8.000000 0.01275699999999999924
32 8.000000 7.000000 0.01084300000000000021
33 8.000000 7.000000 0.01170999999999999992
34 7.000000 7.000000 0.01219699999999999951
35 8.000000 8.000000 0.01060600000000000084
36 6.000000 6.000000 0.03137700000000000211
37 8.000000 7.000000 0.06086199999999999943
38 7.000000 7.000000 0.01055399999999999915
39 6.000000 6.000000 0.01158600000000000081
40 6.000000 6.000000 0.01059000000000000045
41 7.000000 7.000000 0.02634999999999999842
42 7.000000 7.000000 0.02840300000000000116
43 8.000000 8.000000 0.01164600000000000010
44 7.000000 7.000000 0.01139899999999999941
45 8.000000 8.000000 0.01109300000000000043
46 6.000000 6.000000 0.01107499999999999978
47 8.000000 8.000000 0.01128400000000000063
48 6.000000 6.000000 0.01074899999999999987
49 8.000000 7.000000 0.01154299999999999944
50 9.000000 8.000000 0.01077600000000000086
51 7.000000 7.000000 0.01038599999999999940
52 6.000000 6.000000 0.01070800000000000050
53 9.000000 8.000000 0.01060299999999999958
54 8.000000 8.000000 0.00982500000000000040
55 8.000000 7.000000 0.01071399999999999957
56 10.000000 8.000000 0.01140700000000000047
57 7.000000 7.000000 0.04270999999999999797
58 6.000000 6.000000 0.01178700000000000060
59 7.000000 7.000000 0.01189300000000000079
60 8.000000 7.000000 0.01143899999999999952
61 7.000000 7.000000 0.01181899999999999964
62 7.000000 7.000000 0.01059700000000000052
63 8.000000 7.000000 0.01120900000000000021
64 6.000000 6.000000 0.01094099999999999934
65 6.000000 6.000000 0.01173100000000000011
66 7.000000 7.000000 0.01308199999999999988
67 11.000000 8.000000 0.01093500000000000028
68 8.000000 7.000000 0.01172699999999999958
69 8.000000 7.000000 0.01345499999999999995
70 8.000000 7.000000 0.01069799999999999918
71 8.000000 7.000000 0.01104800000000000053
72 6.000000 6.000000 0.01137999999999999949
73 7.000000 7.000000 0.03805999999999999661
74 6.000000 6.000000 0.02502700000000000063
75 9.000000 7.000000 0.01666700000000000126
76 7.000000 7.000000 0.02889200000000000101
77 7.000000 7.000000 0.01977699999999999944
78 8.000000 7.000000 0.02058199999999999960
79 7.000000 7.000000 0.01946000000000000160
80 6.000000 6.000000 0.02436899999999999830
81 7.000000 7.000000 0.01437199999999999936
82 6.000000 6.000000 0.01141200000000000027
83 6.000000 6.000000 0.01103799999999999920
84 6.000000 6.000000 0.01327300000000000008
85 7.000000 7.000000 0.01115599999999999925
86 7.000000 7.000000 0.02727299999999999863
87 8.000000 7.000000 0.00970500000000000008
88 6.000000 6.000000 0.02743999999999999911
89 7.000000 7.000000 0.02698400000000000104
90 9.000000 7.000000 0.00989400000000000002
91 6.000000 6.000000 0.01866299999999999903
92 6.000000 6.000000 0.02820800000000000043
93 7.000000 7.000000 0.02837299999999999892
94 8.000000 8.000000 0.02846999999999999878
95 6.000000 6.000000 0.06081199999999999800
96 8.000000 7.000000 0.02752100000000000032
97 8.000000 7.000000 0.02788399999999999906
98 7.000000 7.000000 0.02707599999999999937
99 7.000000 7.000000 0.02628099999999999881
100 7.000000 7.000000 0.02720699999999999855
101 7.000000 7.000000 0.02759899999999999853
102 10.000000 7.000000 0.02721399999999999861
103 10.000000 8.000000 0.02716199999999999865
104 8.000000 8.000000 0.01097099999999999985
105 9.000000 8.000000 0.01051999999999999984
106 8.000000 8.000000 0.01063300000000000009
107 8.000000 8.000000 0.01050399999999999945
108 7.000000 7.000000 0.01096300000000000052
109 6.000000 6.000000 0.01096300000000000052
110 7.000000 7.000000 0.01068799999999999958
111 6.000000 6.000000 0.01081700000000000023
112 7.000000 7.000000 0.01086600000000000066
113 8.000000 8.000000 0.01107799999999999931
114 7.000000 7.000000 0.01095499999999999946
115 7.000000 7.000000 0.01097500000000000038
116 7.000000 7.000000 0.01077099999999999932
117 7.000000 7.000000 0.01107499999999999978
118 6.000000 6.000000 0.01062800000000000029
119 7.000000 7.000000 0.01022699999999999998
120 7.000000 7.000000 0.01066199999999999960
121 6.000000 6.000000 0.01051500000000000004
122 6.000000 6.000000 0.01685299999999999992
123 7.000000 7.000000 0.01124900000000000032
124 8.000000 8.000000 0.01064400000000000068
125 9.000000 7.000000 0.01065900000000000007
126 7.000000 7.000000 0.01064400000000000068
127 7.000000 7.000000 0.01064200000000000042
128 6.000000 6.000000 0.01117699999999999944
129 6.000000 6.000000 0.01119799999999999962
130 7.000000 7.000000 0.01087800000000000052
131 8.000000 7.000000 0.01071899999999999936
132 8.000000 7.000000 0.01091300000000000082
133 6.000000 6.000000 0.01087399999999999999
134 6.000000 6.000000 0.01083600000000000015
135 7.000000 7.000000 0.01036199999999999968
136 7.000000 7.000000 0.01071199999999999930
137 6.000000 6.000000 0.01090400000000000050
138 8.000000 8.000000 0.00960500000000000069
139 7.000000 7.000000 0.01037100000000000001
140 7.000000 7.000000 0.01072799999999999969
141 8.000000 8.000000 0.00968300000000000063
142 8.000000 7.000000 0.01020000000000000073
143 7.000000 7.000000 0.01088800000000000011
144 8.000000 8.000000 0.01163499999999999951
145 6.000000 6.000000 0.01105500000000000059
146 8.000000 8.000000 0.01091999999999999915
147 6.000000 6.000000 0.01090999999999999956
148 7.000000 7.000000 0.01095499999999999946
149 9.000000 8.000000 0.01057199999999999980
150 6.000000 6.000000 0.01089799999999999970
151 7.000000 7.000000 0.03403599999999999681
152 7.000000 7.000000 0.01097099999999999985
153 7.000000 7.000000 0.02725500000000000145
154 8.000000 8.000000 0.02652699999999999850
155 7.000000 7.000000 0.03577299999999999924
156 8.000000 8.000000 0.02757300000000000029
157 6.000000 6.000000 0.02784800000000000123
158 8.000000 8.000000 0.03925499999999999823
159 8.000000 8.000000 0.02797699999999999840
160 6.000000 6.000000 0.02806700000000000167
161 8.000000 7.000000 0.01069400000000000038
162 7.000000 7.000000 0.02454500000000000084
163 7.000000 7.000000 0.01218499999999999965
164 7.000000 7.000000 0.01039200000000000020
165 8.000000 7.000000 0.01024399999999999963
166 6.000000 6.000000 0.03924300000000000010
167 8.000000 8.000000 0.02688899999999999971
168 7.000000 7.000000 0.02660399999999999918
169 7.000000 7.000000 0.00987999999999999989
170 9.000000 7.000000 0.02630499999999999852
171 6.000000 6.000000 0.02727100000000000010
172 9.000000 8.000000 0.01068200000000000052
173 6.000000 6.000000 0.01092500000000000068
174 7.000000 7.000000 0.01034599999999999929
175 6.000000 6.000000 0.03887299999999999783
176 8.000000 8.000000 0.02409400000000000083
177 8.000000 8.000000 0.02619499999999999953
178 7.000000 7.000000 0.01119900000000000062
179 7.000000 7.000000 0.03248299999999999799
180 8.000000 8.000000 0.01121300000000000074
181 6.000000 6.000000 0.02117099999999999885
182 6.000000 6.000000 0.02774799999999999836
183 7.000000 7.000000 0.02753699999999999898
184 10.000000 7.000000 0.02595599999999999991
185 8.000000 7.000000 0.02610600000000000073
186 8.000000 7.000000 0.03253999999999999948
187 7.000000 7.000000 0.03927400000000000335
188 6.000000 6.000000 0.03117199999999999832
189 7.000000 7.000000 0.03555300000000000127
190 8.000000 7.000000 0.03526399999999999674
191 7.000000 7.000000 0.03115499999999999867
192 8.000000 7.000000 0.03443899999999999739
193 7.000000 7.000000 0.03883500000000000146
194 7.000000 7.000000 0.02744500000000000065
195 6.000000 6.000000 0.01813899999999999887
196 6.000000 6.000000 0.04722400000000000209
197 7.000000 7.000000 0.02267299999999999871
198 8.000000 8.000000 0.03454399999999999832
199 9.000000 7.000000 0.01303600000000000071
200 6.000000 6.000000 0.01429700000000000068
201 8.000000 8.000000 0.03452899999999999719
202 6.000000 6.000000 0.04750499999999999862
203 6.000000 6.000000 0.02793299999999999950
204 7.000000 7.000000 0.03457500000000000157
205 8.000000 7.000000 0.02309200000000000141
206 8.000000 7.000000 0.03459399999999999975
207 6.000000 6.000000 0.02351200000000000165
208 7.000000 7.000000 0.04032000000000000167
209 7.000000 7.000000 0.03705699999999999966
210 9.000000 8.000000 0.01021999999999999992
211 6.000000 6.000000 0.03910799999999999693
212 8.000000 8.000000 0.03058200000000000154
213 7.000000 7.000000 0.05082300000000000012
214 10.000000 8.000000 0.00969700000000000076
215 8.000000 7.000000 0.02813099999999999976
216 7.000000 7.000000 0.01043499999999999983
217 8.000000 8.000000 0.03061799999999999938
218 7.000000 7.000000 0.04479500000000000148
219 6.000000 6.000000 0.05424199999999999855
220 6.000000 6.000000 0.06112900000000000278
221 8.000000 7.000000 0.02224500000000000088
222 8.000000 7.000000 0.02106600000000000139
223 7.000000 7.000000 0.05386599999999999722
224 7.000000 7.000000 0.03531399999999999817
225 8.000000 8.000000 0.02429299999999999862
226 7.000000 7.000000 0.03756000000000000311
227 9.000000 8.000000 0.02966999999999999846
228 7.000000 7.000000 0.03399699999999999944
229 8.000000 7.000000 0.03392099999999999976
230 8.000000 8.000000 0.03980899999999999717
231 8.000000 7.000000 0.02051400000000000098
232 9.000000 8.000000 0.02604199999999999918
233 6.000000 6.000000 0.02651600000000000137
234 8.000000 8.000000 0.01066300000000000060
235 6.000000 6.000000 0.02651299999999999837
236 8.000000 7.000000 0.01394600000000000006
237 7.000000 7.000000 0.02696000000000000132
238 6.000000 6.000000 0.01011800000000000026
239 7.000000 7.000000 0.01068999999999999985
240 6.000000 6.000000 0.01901200000000000112
241 9.000000 8.000000 0.01028199999999999947
242 8.000000 8.000000 0.00986399999999999950
243 7.000000 7.000000 0.01042099999999999971
244 8.000000 8.000000 0.01018799999999999914
245 8.000000 7.000000 0.01021000000000000033
246 7.000000 7.000000 0.01047400000000000067
247 6.000000 6.000000 0.01125499999999999938
248 9.000000 7.000000 0.02602700000000000152
249 7.000000 7.000000 0.01010400000000000013
250 7.000000 7.000000 0.02656199999999999881
251 8.000000 8.000000 0.00978200000000000076
252 7.000000 7.000000 0.01022499999999999971
253 7.000000 7.000000 0.01035400000000000036
254 8.000000 7.000000 0.01044199999999999989
255 7.000000 7.000000 0.01042900000000000077
256 7.000000 7.000000 0.01037500000000000054
257 7.000000 7.000000 0.01144700000000000058
258 9.000000 7.000000 0.01010800000000000066
259 7.000000 7.000000 0.01047999999999999973
260 10.000000 8.000000 0.01037100000000000001
261 10.000000 8.000000 0.00989600000000000028
262 7.000000 7.000000 0.01134100000000000039
263 7.000000 7.000000 0.01036199999999999968
264 6.000000 6.000000 0.01065900000000000007
265 6.000000 6.000000 0.01067599999999999973
266 7.000000 7.000000 0.00979200000000000036
267 7.000000 7.000000 0.01041699999999999918
268 7.000000 7.000000 0.01047400000000000067
269 7.000000 7.000000 0.01037100000000000001
270 8.000000 7.000000 0.00992900000000000033
271 8.000000 7.000000 0.01031699999999999978
272 8.000000 8.000000 0.00913500000000000076
273 8.000000 8.000000 0.01039900000000000026
274 7.000000 7.000000 0.01058500000000000066
275 9.000000 8.000000 0.01032899999999999964
276 7.000000 7.000000 0.01035499999999999962
277 7.000000 7.000000 0.01103200000000000014
278 9.000000 7.000000 0.01111799999999999941
279 8.000000 7.000000 0.01022699999999999998
280 6.000000 6.000000 0.01077000000000000006
281 6.000000 6.000000 0.01066600000000000013
282 6.000000 6.000000 0.00945499999999999986
283 6.000000 6.000000 0.01044699999999999969
284 6.000000 6.000000 0.01032199999999999958
285 8.000000 7.000000 0.01000799999999999954
286 7.000000 7.000000 0.01024100000000000010
287 6.000000 6.000000 0.01043000000000000003
288 8.000000 7.000000 0.01034900000000000056
289 8.000000 8.000000 0.01014199999999999997
290 7.000000 7.000000 0.01047900000000000047
291 7.000000 7.000000 0.01023499999999999931
292 6.000000 6.000000 0.01023100000000000051
293 7.000000 7.000000 0.01037800000000000007
294 7.000000 7.000000 0.01942800000000000082
295 9.000000 8.000000 0.00983900000000000052
296 8.000000 7.000000 0.01009999999999999960
297 8.000000 7.000000 0.01024199999999999937
298 6.000000 6.000000 0.01032600000000000011
299 8.000000 8.000000 0.01038099999999999960
300 7.000000 7.000000 0.01054199999999999929
301 6.000000 6.000000 0.01050399999999999945
302 7.000000 7.000000 0.01036600000000000021
303 9.000000 8.000000 0.01008500000000000021
304 8.000000 8.000000 0.00947600000000000005
305 7.000000 7.000000 0.00960399999999999969
306 7.000000 7.000000 0.01030000000000000013
307 7.000000 7.000000 0.00947600000000000005
308 8.000000 7.000000 0.00959800000000000063
309 7.000000 7.000000 0.00944700000000000054
310 6.000000 6.000000 0.01016300000000000016
311 8.000000 8.000000 0.00909899999999999945
312 7.000000 7.000000 0.00983299999999999973
313 6.000000 6.000000 0.01058699999999999919
314 9.000000 8.000000 0.01010400000000000013
315 7.000000 7.000000 0.01038399999999999913
316 6.000000 6.000000 0.01066499999999999913
317 6.000000 6.000000 0.01058800000000000019
318 6.000000 6.000000 0.01065800000000000081
319 7.000000 7.000000 0.01056299999999999947
320 8.000000 7.000000 0.00904199999999999969
321 9.000000 8.000000 0.00896899999999999954
322 7.000000 7.000000 0.00991700000000000047
323 7.000000 7.000000 0.01019899999999999973
324 7.000000 7.000000 0.01025099999999999970
325 8.000000 7.000000 0.01013400000000000065
326 6.000000 6.000000 0.01041800000000000018
327 7.000000 7.000000 0.01015800000000000036
328 6.000000 6.000000 0.01007899999999999942
329 7.000000 7.000000 0.00942899999999999988
330 8.000000 8.000000 0.01033899999999999923
331 6.000000 6.000000 0.01040600000000000032
332 8.000000 7.000000 0.01002199999999999966
333 6.000000 6.000000 0.01053800000000000049
334 7.000000 7.000000 0.01067199999999999920
335 9.000000 8.000000 0.01044999999999999922
336 7.000000 7.000000 0.01026999999999999962
337 10.000000 8.000000 0.00983099999999999946
338 8.000000 7.000000 0.01046799999999999987
339 8.000000 7.000000 0.01064400000000000068
340 7.000000 7.000000 0.01075599999999999994
341 9.000000 8.000000 0.00926399999999999967
342 7.000000 7.000000 0.00992000000000000000
343 8.000000 7.000000 0.00990699999999999914
344 7.000000 7.000000 0.00973500000000000060
345 7.000000 7.000000 0.01596600000000000102
346 8.000000 8.000000 0.01210100000000000064
347 6.000000 6.000000 0.02128800000000000137
348 9.000000 8.000000 0.00898900000000000046
349 8.000000 7.000000 0.02014600000000000071
350 9.000000 7.000000 0.00912499999999999943
351 7.000000 7.000000 0.00972899999999999980
352 7.000000 7.000000 0.02602499999999999952
353 8.000000 7.000000 0.02614500000000000157
354 7.000000 7.000000 0.04241000000000000325
355 7.000000 7.000000 0.05216200000000000003
356 7.000000 7.000000 0.03871299999999999741
357 6.000000 6.000000 0.01161900000000000086
358 7.000000 7.000000 0.02880200000000000121
359 6.000000 6.000000 0.03400199999999999750
360 8.000000 8.000000 0.02698800000000000157
361 6.000000 6.000000 0.01890599999999999919
362 7.000000 7.000000 0.02870699999999999988
363 8.000000 8.000000 0.04058200000000000002
364 7.000000 7.000000 0.01024199999999999937
365 7.000000 7.000000 0.01060299999999999958
366 9.000000 8.000000 0.00969300000000000023
367 8.000000 7.000000 0.01021900000000000065
368 8.000000 7.000000 0.03409500000000000031
369 7.000000 7.000000 0.02659600000000000158
370 7.000000 7.000000 0.01933199999999999849
371 7.000000 7.000000 0.02399099999999999844
372 7.000000 7.000000 0.01047599999999999920
373 8.000000 7.000000 0.01058199999999999939
374 7.000000 7.000000 0.01030000000000000013
375 7.000000 7.000000 0.01101000000000000069
376 8.000000 7.000000 0.03127200000000000119
377 7.000000 7.000000 0.03516199999999999881
378 8.000000 7.000000 0.02314099999999999838
379 6.000000 6.000000 0.03471400000000000180
380 9.000000 7.000000 0.03140699999999999742
381 6.000000 6.000000 0.03474499999999999811
382 6.000000 6.000000 0.03543600000000000222
383 8.000000 7.000000 0.03082599999999999923
384 7.000000 7.000000 0.01023699999999999957
385 7.000000 7.000000 0.02493899999999999936
386 6.000000 6.000000 0.02710800000000000015
387 7.000000 7.000000 0.01264700000000000026
388 7.000000 7.000000 0.02890600000000000114
389 7.000000 7.000000 0.01162299999999999965
390 7.000000 7.000000 0.01018200000000000008
391 8.000000 7.000000 0.02692100000000000048
392 8.000000 8.000000 0.01003599999999999978
393 7.000000 7.000000 0.01033799999999999997
394 7.000000 7.000000 0.02252399999999999888
395 8.000000 7.000000 0.07734199999999999409
396 7.000000 7.000000 0.01054500000000000055
397 7.000000 7.000000 0.00943100000000000015
398 8.000000 8.000000 0.00919900000000000058
399 7.000000 7.000000 0.03474599999999999911
400 8.000000 7.000000 0.00996900000000000043
401 7.000000 7.000000 0.02577199999999999977
402 7.000000 7.000000 0.01081000000000000016
403 6.000000 6.000000 0.02282100000000000101
404 9.000000 8.000000 0.01053699999999999949
405 8.000000 8.000000 0.00955499999999999926
406 7.000000 7.000000 0.01940300000000000011
407 7.000000 7.000000 0.02260399999999999909
408 7.000000 7.000000 0.02275599999999999845
409 6.000000 6.000000 0.02268600000000000130
410 10.000000 8.000000 0.01038999999999999993
411 8.000000 7.000000 0.01079199999999999951
412 7.000000 7.000000 0.02719399999999999942
413 9.000000 8.000000 0.00916100000000000074
414 6.000000 6.000000 0.01100899999999999969
415 10.000000 8.000000 0.02629499999999999893
416 7.000000 7.000000 0.01933899999999999855
417 6.000000 6.000000 0.00932200000000000042
418 7.000000 7.000000 0.00997499999999999949
419 8.000000 8.000000 0.00992000000000000000
420 8.000000 7.000000 0.00903699999999999989
