1 16.000000 14.000000 0.11673999999999999655
2 14.000000 12.000000 0.05099499999999999866
3 9.000000 8.000000 0.02280899999999999941
4 12.000000 11.000000 0.02674299999999999941
5 11.000000 11.000000 0.03907999999999999668
6 9.000000 9.000000 0.04482200000000000073
7 9.000000 9.000000 0.04162600000000000328
8 10.000000 9.000000 0.03912899999999999712
9 10.000000 9.000000 0.02733299999999999966
10 11.000000 10.000000 0.01475600000000000002
11 11.000000 11.000000 0.01394600000000000006
12 10.000000 9.000000 0.01426799999999999943
13 10.000000 9.000000 0.01279199999999999955
14 9.000000 9.000000 0.01363900000000000008
15 10.000000 10.000000 0.01332500000000000004
16 12.000000 9.000000 0.03540100000000000191
17 9.000000 9.000000 0.01407100000000000017
18 14.000000 14.000000 0.02015099999999999877
19 8.000000 8.000000 0.01342100000000000064
20 17.000000 13.000000 0.01564700000000000119
21 11.000000 10.000000 0.01744700000000000070
22 17.000000 13.000000 0.01279899999999999961
23 15.000000 11.000000 0.01264700000000000026
24 9.000000 9.000000 0.01255700000000000045
25 12.000000 11.000000 0.01255500000000000019
26 10.000000 10.000000 0.01345299999999999968
27 12.000000 11.000000 0.01993800000000000086
28 17.000000 17.000000 0.02798700000000000146
29 8.000000 8.000000 0.02582999999999999879
30 13.000000 10.000000 0.01293000000000000052
31 16.000000 11.000000 0.01210699999999999971
32 14.000000 13.000000 0.01456700000000000009
33 8.000000 8.000000 0.01345000000000000015
34 9.000000 8.000000 0.02293299999999999852
35 10.000000 10.000000 0.03056700000000000042
36 11.000000 10.000000 0.04000399999999999789
37 11.000000 11.000000 0.01523300000000000001
38 12.000000 10.000000 0.02876099999999999837
39 10.000000 9.000000 0.01912900000000000017
40 13.000000 12.000000 0.01244199999999999993
41 6.000000 6.000000 0.02950799999999999951
42 17.000000 13.000000 0.02981599999999999875
43 11.000000 9.000000 0.01329299999999999926
44 9.000000 9.000000 0.03237600000000000200
45 16.000000 13.000000 0.03010900000000000035
46 13.000000 13.000000 0.02656299999999999981
47 11.000000 8.000000 0.02962899999999999909
48 14.000000 12.000000 0.03815999999999999948
49 11.000000 9.000000 0.03059399999999999967
50 13.000000 11.000000 0.03386100000000000221
51 16.000000 14.000000 0.02979499999999999857
52 6.000000 6.000000 0.02959200000000000025
53 12.000000 11.000000 0.03066400000000000028
54 10.000000 10.000000 0.01312199999999999998
55 11.000000 9.000000 0.03723499999999999727
56 14.000000 12.000000 0.01307900000000000035
57 8.000000 8.000000 0.03839200000000000251
58 12.000000 9.000000 0.03714100000000000040
59 10.000000 10.000000 0.03816499999999999754
60 12.000000 10.000000 0.03402399999999999869
61 7.000000 7.000000 0.02767400000000000068
62 10.000000 10.000000 0.01344399999999999935
63 11.000000 10.000000 0.02992200000000000068
64 13.000000 13.000000 0.01250000000000000069
65 8.000000 8.000000 0.01332500000000000004
66 8.000000 7.000000 0.01377800000000000032
67 15.000000 12.000000 0.01354400000000000048
68 6.000000 6.000000 0.01375700000000000013
69 16.000000 13.000000 0.01223999999999999914
70 10.000000 9.000000 0.01340200000000000072
71 11.000000 9.000000 0.01341000000000000004
72 16.000000 14.000000 0.01429599999999999968
73 14.000000 12.000000 0.01246899999999999918
74 8.000000 8.000000 0.01298900000000000055
75 14.000000 14.000000 0.01518800000000000011
76 15.000000 14.000000 0.03026500000000000024
77 8.000000 8.000000 0.01240699999999999963
78 11.000000 9.000000 0.01329600000000000053
79 12.000000 10.000000 0.01411100000000000028
80 12.000000 12.000000 0.01453600000000000031
81 10.000000 9.000000 0.01313800000000000037
82 20.000000 16.000000 0.01262500000000000080
83 14.000000 10.000000 0.02250399999999999970
84 11.000000 9.000000 0.01465999999999999942
85 11.000000 10.000000 0.01542800000000000074
86 8.000000 8.000000 0.01420300000000000035
87 8.000000 7.000000 0.01460900000000000046
88 10.000000 9.000000 0.01350200000000000011
89 10.000000 10.000000 0.01940300000000000011
90 9.000000 8.000000 0.01386199999999999932
91 9.000000 7.000000 0.01348899999999999925
92 18.000000 13.000000 0.01397499999999999958
93 13.000000 13.000000 0.01857200000000000170
94 11.000000 11.000000 0.01494400000000000069
95 12.000000 10.000000 0.01652800000000000102
96 11.000000 10.000000 0.01419499999999999929
97 11.000000 11.000000 0.01356899999999999946
98 7.000000 7.000000 0.01388299999999999951
99 14.000000 14.000000 0.01793200000000000002
100 7.000000 7.000000 0.01411500000000000081
101 11.000000 10.000000 0.01393199999999999994
102 8.000000 8.000000 0.01491100000000000064
103 15.000000 13.000000 0.03053700000000000164
104 14.000000 10.000000 0.01345000000000000015
105 15.000000 14.000000 0.01414299999999999932
106 8.000000 7.000000 0.01919799999999999979
107 11.000000 11.000000 0.01607899999999999954
108 13.000000 11.000000 0.01321499999999999932
109 10.000000 9.000000 0.01253100000000000047
110 9.000000 9.000000 0.01215800000000000040
111 8.000000 8.000000 0.01272099999999999967
112 9.000000 9.000000 0.01327899999999999914
113 13.000000 11.000000 0.01234200000000000054
114 9.000000 8.000000 0.01264999999999999979
115 13.000000 11.000000 0.01326800000000000028
116 16.000000 15.000000 0.01261600000000000048
117 6.000000 6.000000 0.01262399999999999980
118 9.000000 9.000000 0.01207199999999999940
119 6.000000 6.000000 0.01196000000000000014
120 18.000000 14.000000 0.01209700000000000011
121 14.000000 11.000000 0.01340099999999999972
122 14.000000 11.000000 0.01405799999999999932
123 12.000000 10.000000 0.01319299999999999987
124 11.000000 10.000000 0.01403199999999999933
125 11.000000 10.000000 0.01317499999999999921
126 6.000000 6.000000 0.01912799999999999917
127 12.000000 11.000000 0.01262500000000000080
128 7.000000 7.000000 0.01454000000000000084
129 15.000000 12.000000 0.01249600000000000016
130 12.000000 11.000000 0.01281900000000000053
131 13.000000 12.000000 0.01324099999999999930
132 11.000000 10.000000 0.01323000000000000044
133 12.000000 10.000000 0.01289700000000000048
134 13.000000 12.000000 0.01399500000000000050
135 17.000000 13.000000 0.02505399999999999988
136 10.000000 9.000000 0.01339300000000000039
137 12.000000 10.000000 0.01220199999999999931
138 9.000000 9.000000 0.01375200000000000033
139 10.000000 10.000000 0.01341799999999999937
140 7.000000 7.000000 0.01308499999999999941
141 11.000000 11.000000 0.01481799999999999957
142 10.000000 9.000000 0.01412599999999999967
143 15.000000 13.000000 0.01381499999999999916
144 12.000000 10.000000 0.01434599999999999938
145 10.000000 10.000000 0.01543500000000000080
146 17.000000 14.000000 0.01226499999999999986
147 11.000000 10.000000 0.01211100000000000024
148 14.000000 11.000000 0.01315099999999999950
149 13.000000 11.000000 0.01970500000000000029
150 13.000000 13.000000 0.01302000000000000032
151 19.000000 16.000000 0.01234099999999999954
152 14.000000 11.000000 0.03298999999999999849
153 12.000000 10.000000 0.01269400000000000042
154 13.000000 12.000000 0.01475800000000000028
155 9.000000 9.000000 0.02606100000000000083
156 8.000000 8.000000 0.01306399999999999922
157 11.000000 11.000000 0.01178900000000000087
158 10.000000 9.000000 0.02635200000000000042
159 11.000000 10.000000 0.04410499999999999837
160 14.000000 12.000000 0.02932799999999999990
161 10.000000 9.000000 0.01223199999999999982
162 10.000000 9.000000 0.01287699999999999956
163 10.000000 9.000000 0.01394199999999999953
164 18.000000 15.000000 0.01207599999999999993
165 15.000000 14.000000 0.01310700000000000059
166 9.000000 9.000000 0.01426999999999999970
167 9.000000 9.000000 0.01379999999999999977
168 12.000000 9.000000 0.01268299999999999983
169 10.000000 9.000000 0.01316900000000000015
170 11.000000 10.000000 0.02120500000000000163
171 7.000000 7.000000 0.01349599999999999932
172 8.000000 8.000000 0.01226499999999999986
173 14.000000 13.000000 0.01190300000000000039
174 11.000000 10.000000 0.01289700000000000048
175 16.000000 12.000000 0.01123000000000000040
176 12.000000 11.000000 0.01164199999999999957
177 19.000000 17.000000 0.02701399999999999982
178 11.000000 11.000000 0.01207800000000000019
179 9.000000 9.000000 0.01308400000000000014
180 7.000000 7.000000 0.01378500000000000038
181 9.000000 8.000000 0.01755699999999999969
182 11.000000 10.000000 0.01308499999999999941
183 13.000000 13.000000 0.01256200000000000025
184 8.000000 8.000000 0.05156999999999999779
185 11.000000 11.000000 0.04561300000000000077
186 7.000000 7.000000 0.01872599999999999959
187 15.000000 13.000000 0.01155699999999999956
188 11.000000 11.000000 0.01236100000000000046
189 9.000000 9.000000 0.01252799999999999921
190 13.000000 12.000000 0.01215899999999999967
191 9.000000 8.000000 0.01393199999999999994
192 11.000000 9.000000 0.01274800000000000065
193 9.000000 9.000000 0.01289700000000000048
194 14.000000 11.000000 0.01223300000000000082
195 16.000000 13.000000 0.01257499999999999937
196 7.000000 7.000000 0.01265699999999999985
197 13.000000 11.000000 0.01169899999999999933
198 8.000000 8.000000 0.01279500000000000082
199 11.000000 9.000000 0.01892299999999999885
200 11.000000 10.000000 0.01210499999999999944
201 11.000000 9.000000 0.01154499999999999971
202 8.000000 8.000000 0.01191500000000000024
203 13.000000 11.000000 0.01209499999999999985
204 10.000000 10.000000 0.01144700000000000058
205 12.000000 12.000000 0.01126899999999999950
206 9.000000 9.000000 0.01267800000000000003
207 7.000000 7.000000 0.01301500000000000053
208 8.000000 8.000000 0.01195799999999999988
209 13.000000 10.000000 0.01162599999999999918
210 13.000000 11.000000 0.01144500000000000031
211 13.000000 12.000000 0.01204000000000000035
212 14.000000 11.000000 0.01087899999999999978
213 15.000000 13.000000 0.01207800000000000019
214 8.000000 7.000000 0.01215600000000000014
215 12.000000 11.000000 0.01256099999999999925
216 9.000000 9.000000 0.01207199999999999940
217 10.000000 9.000000 0.01277999999999999969
218 9.000000 9.000000 0.01330300000000000059
219 8.000000 8.000000 0.02426599999999999938
220 11.000000 10.000000 0.01274400000000000012
221 12.000000 10.000000 0.01293500000000000032
222 6.000000 6.000000 0.01481700000000000031
223 12.000000 12.000000 0.01329200000000000000
224 11.000000 10.000000 0.01184799999999999916
225 8.000000 7.000000 0.01282499999999999959
226 7.000000 7.000000 0.01317699999999999948
227 10.000000 9.000000 0.01237500000000000058
228 14.000000 12.000000 0.01299100000000000081
229 16.000000 14.000000 0.01125199999999999985
230 11.000000 11.000000 0.01151600000000000019
231 10.000000 10.000000 0.01293900000000000085
232 10.000000 9.000000 0.01227100000000000066
233 12.000000 10.000000 0.01576899999999999830
234 11.000000 10.000000 0.01209900000000000038
235 8.000000 8.000000 0.01292699999999999926
236 8.000000 7.000000 0.01201499999999999964
237 7.000000 7.000000 0.01326899999999999955
238 11.000000 11.000000 0.01234299999999999981
239 12.000000 10.000000 0.01161599999999999959
240 15.000000 13.000000 0.01191900000000000077
241 9.000000 8.000000 0.01257800000000000064
242 9.000000 7.000000 0.01256299999999999951
243 13.000000 10.000000 0.01184100000000000083
244 12.000000 10.000000 0.01234599999999999934
245 9.000000 9.000000 0.01279399999999999982
246 9.000000 9.000000 0.01211500000000000077
247 14.000000 12.000000 0.01198300000000000060
248 10.000000 10.000000 0.01238200000000000064
249 14.000000 12.000000 0.01085299999999999980
250 10.000000 8.000000 0.01244900000000000000
251 6.000000 6.000000 0.01276200000000000077
252 15.000000 12.000000 0.01209600000000000085
253 14.000000 11.000000 0.01248299999999999930
254 12.000000 12.000000 0.01175499999999999982
255 9.000000 8.000000 0.01243900000000000040
256 17.000000 14.000000 0.01160699999999999926
257 11.000000 11.000000 0.01175099999999999929
258 12.000000 11.000000 0.01301700000000000079
259 11.000000 8.000000 0.01100100000000000036
260 10.000000 9.000000 0.01212700000000000063
261 8.000000 8.000000 0.01728299999999999975
262 11.000000 9.000000 0.01995500000000000052
263 12.000000 11.000000 0.01207699999999999919
264 9.000000 8.000000 0.01309399999999999974
265 10.000000 9.000000 0.01194199999999999949
266 13.000000 11.000000 0.01264900000000000052
267 8.000000 8.000000 0.01241300000000000042
268 13.000000 12.000000 0.01381300000000000062
269 10.000000 10.000000 0.04482400000000000273
270 11.000000 11.000000 0.01189300000000000079
271 14.000000 12.000000 0.02626300000000000162
272 12.000000 10.000000 0.01286999999999999950
273 9.000000 9.000000 0.01271599999999999987
274 12.000000 10.000000 0.01222499999999999976
275 13.000000 12.000000 0.02761699999999999919
276 9.000000 9.000000 0.01200700000000000031
277 10.000000 10.000000 0.01395599999999999966
278 11.000000 11.000000 0.01261600000000000048
279 10.000000 10.000000 0.01282299999999999933
280 13.000000 12.000000 0.01612699999999999897
281 10.000000 9.000000 0.02816199999999999953
282 13.000000 13.000000 0.01166299999999999976
283 13.000000 10.000000 0.01218299999999999939
284 12.000000 10.000000 0.01336700000000000041
285 15.000000 12.000000 0.01243999999999999967
286 15.000000 12.000000 0.01330800000000000038
287 16.000000 12.000000 0.01299200000000000008
288 13.000000 11.000000 0.01413200000000000046
289 6.000000 6.000000 0.01755599999999999869
290 6.000000 6.000000 0.02920899999999999885
291 11.000000 10.000000 0.01503299999999999949
292 12.000000 10.000000 0.01424199999999999945
293 15.000000 12.000000 0.01603600000000000164
294 12.000000 10.000000 0.01584899999999999851
295 9.000000 9.000000 0.01209099999999999932
296 11.000000 10.000000 0.01252699999999999994
297 11.000000 10.000000 0.02686399999999999899
298 13.000000 11.000000 0.02435100000000000112
299 10.000000 9.000000 0.03718699999999999783
300 14.000000 13.000000 0.02921299999999999938
301 13.000000 11.000000 0.01240600000000000036
302 8.000000 8.000000 0.01583700000000000038
303 7.000000 7.000000 0.01572799999999999893
304 11.000000 9.000000 0.01858900000000000136
305 7.000000 7.000000 0.01211899999999999956
306 7.000000 7.000000 0.01300800000000000047
307 13.000000 11.000000 0.01384900000000000020
308 9.000000 8.000000 0.01341799999999999937
309 9.000000 9.000000 0.01370500000000000017
310 14.000000 11.000000 0.01271800000000000014
311 13.000000 13.000000 0.02853699999999999987
312 9.000000 9.000000 0.02931900000000000131
313 12.000000 12.000000 0.02869700000000000029
314 15.000000 10.000000 0.01168499999999999921
315 8.000000 8.000000 0.01252499999999999968
316 9.000000 8.000000 0.01243000000000000008
317 11.000000 10.000000 0.01759000000000000147
318 12.000000 12.000000 0.01198500000000000086
319 10.000000 9.000000 0.02293600000000000153
320 13.000000 12.000000 0.03425899999999999779
321 11.000000 10.000000 0.02871500000000000094
322 12.000000 12.000000 0.01385100000000000046
323 15.000000 13.000000 0.01333100000000000084
324 8.000000 7.000000 0.01285599999999999937
325 15.000000 12.000000 0.01358400000000000059
326 16.000000 15.000000 0.01162200000000000039
327 8.000000 8.000000 0.01247999999999999977
328 8.000000 8.000000 0.01251900000000000061
329 10.000000 8.000000 0.01146499999999999950
330 10.000000 9.000000 0.01282200000000000006
331 10.000000 9.000000 0.02957600000000000159
332 17.000000 15.000000 0.02584300000000000139
333 13.000000 11.000000 0.01294000000000000011
334 14.000000 12.000000 0.01187399999999999914
335 8.000000 7.000000 0.01213499999999999995
336 12.000000 11.000000 0.01161700000000000059
337 11.000000 10.000000 0.01175700000000000009
338 8.000000 8.000000 0.01223199999999999982
339 13.000000 11.000000 0.01317899999999999974
340 10.000000 9.000000 0.02335299999999999876
341 10.000000 10.000000 0.01240699999999999963
342 17.000000 15.000000 0.01288500000000000062
343 11.000000 11.000000 0.01324999999999999963
344 9.000000 9.000000 0.01201799999999999917
345 10.000000 10.000000 0.02884600000000000011
346 6.000000 6.000000 0.01220100000000000004
347 12.000000 11.000000 0.01235100000000000087
348 10.000000 10.000000 0.02097900000000000112
349 10.000000 9.000000 0.04068800000000000194
350 12.000000 9.000000 0.01156300000000000036
351 11.000000 10.000000 0.02873200000000000059
352 11.000000 10.000000 0.01229599999999999964
353 11.000000 10.000000 0.02314899999999999944
354 8.000000 8.000000 0.02407300000000000065
355 11.000000 10.000000 0.03385099999999999915
356 10.000000 9.000000 0.01201200000000000011
357 11.000000 10.000000 0.02500000000000000139
358 15.000000 13.000000 0.01277700000000000016
359 11.000000 10.000000 0.02409999999999999989
360 15.000000 13.000000 0.03773399999999999671
361 15.000000 11.000000 0.01232800000000000042
362 10.000000 9.000000 0.01328099999999999940
363 12.000000 10.000000 0.02390799999999999870
364 17.000000 15.000000 0.01306900000000000076
365 12.000000 10.000000 0.01241899999999999948
366 11.000000 10.000000 0.01266600000000000018
367 7.000000 7.000000 0.01274899999999999992
368 9.000000 9.000000 0.01174700000000000050
369 11.000000 10.000000 0.01184200000000000010
370 15.000000 11.000000 0.01251799999999999961
371 14.000000 14.000000 0.01260799999999999942
372 7.000000 7.000000 0.01403300000000000033
373 10.000000 10.000000 0.01147500000000000082
374 11.000000 10.000000 0.01341200000000000031
375 12.000000 10.000000 0.01470800000000000059
376 11.000000 11.000000 0.01394800000000000033
377 14.000000 10.000000 0.01204299999999999989
378 9.000000 9.000000 0.01238099999999999964
379 8.000000 8.000000 0.01177800000000000027
380 8.000000 8.000000 0.01251900000000000061
381 13.000000 10.000000 0.02926899999999999988
382 10.000000 7.000000 0.01271000000000000081
383 9.000000 9.000000 0.02160600000000000021
384 10.000000 9.000000 0.02659500000000000058
385 12.000000 10.000000 0.01235699999999999993
386 10.000000 9.000000 0.02520700000000000024
387 12.000000 10.000000 0.01298700000000000028
388 11.000000 9.000000 0.01329100000000000073
389 9.000000 9.000000 0.01376400000000000019
390 11.000000 9.000000 0.01382700000000000075
391 13.000000 13.000000 0.01874999999999999931
392 12.000000 10.000000 0.01204999999999999995
393 7.000000 7.000000 0.01292800000000000026
394 11.000000 10.000000 0.01298599999999999928
395 8.000000 8.000000 0.01300800000000000047
396 12.000000 9.000000 0.01261999999999999927
397 9.000000 8.000000 0.01317300000000000068
398 18.000000 16.000000 0.01144500000000000031
399 15.000000 13.000000 0.03395399999999999807
400 10.000000 10.000000 0.01153099999999999958
401 14.000000 13.000000 0.01325999999999999922
402 10.000000 9.000000 0.05673099999999999671
403 11.000000 10.000000 0.01498299999999999979
404 11.000000 9.000000 0.01222600000000000076
405 14.000000 12.000000 0.02133499999999999980
406 11.000000 10.000000 0.02959499999999999978
407 10.000000 9.000000 0.02919499999999999873
408 11.000000 11.000000 0.01268299999999999983
409 10.000000 10.000000 0.04337200000000000083
410 10.000000 8.000000 0.02936499999999999874
411 13.000000 10.000000 0.01482799999999999917
412 9.000000 9.000000 0.02602199999999999999
413 11.000000 10.000000 0.01369399999999999958
414 9.000000 9.000000 0.04073399999999999938
415 11.000000 9.000000 0.01152700000000000079
416 8.000000 8.000000 0.01299299999999999934
417 15.000000 13.000000 0.01126300000000000044
418 17.000000 15.000000 0.01198300000000000060
419 7.000000 7.000000 0.02363900000000000029
420 10.000000 9.000000 0.01162000000000000012
