1 23.000000 20.000000 0.29721300000000000496
2 18.000000 16.000000 0.06263399999999999523
3 19.000000 18.000000 0.06604999999999999760
4 25.000000 23.000000 0.07211800000000000155
5 27.000000 22.000000 0.08212300000000000155
6 32.000000 27.000000 0.02963700000000000015
7 21.000000 18.000000 0.01933999999999999955
8 19.000000 19.000000 0.07012799999999999589
9 28.000000 22.000000 0.05934799999999999798
10 19.000000 17.000000 0.03557300000000000045
11 29.000000 24.000000 0.03955299999999999788
12 33.000000 28.000000 0.06679300000000000515
13 24.000000 19.000000 0.04674099999999999783
14 12.000000 11.000000 0.02919800000000000173
15 19.000000 16.000000 0.01830400000000000083
16 24.000000 22.000000 0.17366200000000001080
17 19.000000 17.000000 0.02988999999999999990
18 16.000000 16.000000 0.02958200000000000066
19 32.000000 27.000000 0.02401500000000000162
20 21.000000 19.000000 0.03013800000000000159
21 21.000000 20.000000 0.02642600000000000157
22 33.000000 26.000000 0.02696799999999999892
23 21.000000 18.000000 0.02112199999999999842
24 25.000000 20.000000 0.02092700000000000116
25 24.000000 21.000000 0.02469800000000000120
26 22.000000 21.000000 0.02687300000000000105
27 22.000000 20.000000 0.05893000000000000321
28 34.000000 28.000000 0.04516300000000000175
29 21.000000 18.000000 0.05837400000000000228
30 22.000000 19.000000 0.09550300000000000455
31 25.000000 21.000000 0.06924600000000000199
32 15.000000 15.000000 0.02547999999999999918
33 25.000000 22.000000 0.02709599999999999856
34 17.000000 16.000000 0.02531500000000000070
35 19.000000 16.000000 0.01991800000000000168
36 24.000000 21.000000 0.02148200000000000109
37 25.000000 22.000000 0.02366499999999999854
38 17.000000 14.000000 0.02206599999999999881
39 23.000000 20.000000 0.02341100000000000125
40 40.000000 33.000000 0.02653600000000000056
41 33.000000 26.000000 0.04536599999999999661
42 18.000000 15.000000 0.03128399999999999931
43 20.000000 14.000000 0.01759099999999999900
44 18.000000 16.000000 0.04340999999999999720
45 32.000000 25.000000 0.05251900000000000318
46 17.000000 16.000000 0.02730799999999999894
47 26.000000 20.000000 0.02473399999999999904
48 25.000000 20.000000 0.02397699999999999831
49 21.000000 16.000000 0.02268999999999999836
50 29.000000 25.000000 0.02396799999999999972
51 27.000000 22.000000 0.02912899999999999864
52 22.000000 20.000000 0.06746099999999999319
53 18.000000 16.000000 0.03116700000000000026
54 17.000000 16.000000 0.02300699999999999967
55 16.000000 13.000000 0.03565600000000000019
56 14.000000 14.000000 0.02134700000000000139
57 29.000000 23.000000 0.02440200000000000008
58 18.000000 16.000000 0.04920000000000000068
59 26.000000 21.000000 0.02813900000000000082
60 17.000000 15.000000 0.04900199999999999695
61 16.000000 14.000000 0.01981899999999999981
62 12.000000 11.000000 0.03042800000000000019
63 29.000000 25.000000 0.01926200000000000134
64 28.000000 24.000000 0.02869700000000000029
65 17.000000 13.000000 0.03577000000000000318
66 17.000000 16.000000 0.02769699999999999940
67 16.000000 15.000000 0.02074600000000000055
68 25.000000 22.000000 0.02721600000000000061
69 20.000000 17.000000 0.03599200000000000316
70 26.000000 24.000000 0.02354799999999999949
71 11.000000 10.000000 0.02253799999999999901
72 17.000000 16.000000 0.02058199999999999960
73 19.000000 15.000000 0.02308199999999999835
74 10.000000 10.000000 0.02132900000000000074
75 23.000000 20.000000 0.02066300000000000081
76 15.000000 13.000000 0.02252799999999999941
77 42.000000 32.000000 0.03762900000000000272
78 22.000000 18.000000 0.01864800000000000138
79 19.000000 18.000000 0.02587400000000000116
80 18.000000 14.000000 0.04933099999999999985
81 14.000000 14.000000 0.03406200000000000200
82 16.000000 15.000000 0.02584600000000000092
83 23.000000 21.000000 0.04079300000000000287
84 21.000000 20.000000 0.01932999999999999996
85 24.000000 20.000000 0.01837000000000000091
86 17.000000 16.000000 0.01901800000000000018
87 16.000000 16.000000 0.07538499999999999368
88 13.000000 13.000000 0.03420000000000000123
89 16.000000 14.000000 0.03092599999999999863
90 20.000000 17.000000 0.04403399999999999676
91 16.000000 15.000000 0.02396099999999999966
92 27.000000 23.000000 0.02519599999999999965
93 13.000000 12.000000 0.02076300000000000021
94 16.000000 14.000000 0.07238999999999999602
95 26.000000 24.000000 0.02053599999999999870
96 34.000000 27.000000 0.02591999999999999860
97 18.000000 15.000000 0.02561300000000000035
98 24.000000 20.000000 0.02133900000000000033
99 12.000000 12.000000 0.01977599999999999844
100 24.000000 21.000000 0.02011500000000000093
101 22.000000 17.000000 0.03979900000000000104
102 35.000000 27.000000 0.01602299999999999905
103 30.000000 23.000000 0.02562599999999999947
104 15.000000 14.000000 0.04487599999999999922
105 20.000000 17.000000 0.01897199999999999928
106 26.000000 20.000000 0.02199699999999999919
107 12.000000 12.000000 0.02350400000000000059
108 23.000000 20.000000 0.05294800000000000201
109 28.000000 24.000000 0.04686300000000000188
110 14.000000 14.000000 0.04988999999999999685
111 25.000000 22.000000 0.05387100000000000222
112 26.000000 23.000000 0.03997599999999999765
113 26.000000 23.000000 0.05838200000000000334
114 33.000000 27.000000 0.04417000000000000093
115 21.000000 16.000000 0.02448300000000000129
116 29.000000 23.000000 0.07127899999999999514
117 14.000000 13.000000 0.03790000000000000313
118 18.000000 16.000000 0.06221399999999999847
119 14.000000 12.000000 0.03069300000000000153
120 6.000000 6.000000 0.02426700000000000038
121 21.000000 20.000000 0.05569199999999999845
122 15.000000 14.000000 0.02156200000000000130
123 9.000000 9.000000 0.02400899999999999909
124 14.000000 13.000000 0.06659900000000000542
125 22.000000 18.000000 0.04801199999999999912
126 28.000000 22.000000 0.02517300000000000093
127 26.000000 22.000000 0.02909000000000000127
128 16.000000 16.000000 0.02370999999999999844
129 21.000000 19.000000 0.02714799999999999852
130 17.000000 17.000000 0.02575099999999999958
131 8.000000 8.000000 0.02940500000000000058
132 31.000000 24.000000 0.02249500000000000111
133 25.000000 23.000000 0.02344600000000000156
134 25.000000 18.000000 0.01986500000000000071
135 14.000000 13.000000 0.06001900000000000290
136 27.000000 24.000000 0.01833500000000000060
137 15.000000 12.000000 0.02193499999999999964
138 16.000000 14.000000 0.02644799999999999929
139 26.000000 22.000000 0.03762700000000000072
140 28.000000 24.000000 0.02427500000000000144
141 25.000000 21.000000 0.02631599999999999911
142 28.000000 19.000000 0.03013000000000000053
143 23.000000 21.000000 0.02005099999999999938
144 30.000000 25.000000 0.02039699999999999847
145 19.000000 17.000000 0.04332600000000000340
146 24.000000 21.000000 0.03492100000000000065
147 35.000000 27.000000 0.03797099999999999781
148 29.000000 23.000000 0.02954299999999999982
149 10.000000 10.000000 0.02552899999999999961
150 18.000000 17.000000 0.01843200000000000047
151 20.000000 18.000000 0.01877600000000000102
152 21.000000 21.000000 0.01976400000000000032
153 20.000000 17.000000 0.04438199999999999784
154 18.000000 16.000000 0.02156399999999999983
155 15.000000 15.000000 0.07521500000000000408
156 27.000000 22.000000 0.03604000000000000259
157 13.000000 11.000000 0.01895000000000000157
158 17.000000 14.000000 0.01655699999999999880
159 21.000000 20.000000 0.01720400000000000054
160 25.000000 21.000000 0.01972700000000000148
161 18.000000 16.000000 0.02518700000000000105
162 10.000000 10.000000 0.02149999999999999828
163 17.000000 17.000000 0.03509199999999999819
164 14.000000 14.000000 0.03742000000000000187
165 40.000000 34.000000 0.03466500000000000137
166 17.000000 14.000000 0.02331599999999999992
167 15.000000 14.000000 0.02122200000000000128
168 25.000000 22.000000 0.01898000000000000034
169 16.000000 13.000000 0.02908399999999999874
170 13.000000 13.000000 0.02661399999999999877
171 32.000000 26.000000 0.03326699999999999796
172 23.000000 21.000000 0.04537000000000000061
173 16.000000 14.000000 0.01741499999999999992
174 21.000000 17.000000 0.05217999999999999722
175 24.000000 21.000000 0.04703899999999999748
176 31.000000 27.000000 0.06690799999999999526
177 19.000000 17.000000 0.07549100000000000255
178 30.000000 25.000000 0.01796100000000000127
179 17.000000 16.000000 0.03857300000000000312
180 28.000000 26.000000 0.03061499999999999985
181 14.000000 12.000000 0.02411100000000000049
182 29.000000 21.000000 0.02133099999999999927
183 24.000000 22.000000 0.04834100000000000202
184 23.000000 20.000000 0.02992099999999999968
185 25.000000 22.000000 0.04129700000000000037
186 22.000000 18.000000 0.04762999999999999873
187 25.000000 23.000000 0.04539300000000000279
188 21.000000 19.000000 0.02324599999999999930
189 12.000000 11.000000 0.03129300000000000137
190 25.000000 21.000000 0.02115900000000000072
191 9.000000 9.000000 0.03571200000000000069
192 24.000000 22.000000 0.02658200000000000146
193 23.000000 19.000000 0.01875200000000000131
194 14.000000 13.000000 0.02845500000000000113
195 27.000000 20.000000 0.01806100000000000066
196 17.000000 16.000000 0.05456799999999999845
197 18.000000 17.000000 0.07067900000000000571
198 26.000000 23.000000 0.03694499999999999867
199 19.000000 17.000000 0.05562999999999999889
200 14.000000 14.000000 0.04144699999999999773
201 19.000000 18.000000 0.05212699999999999972
202 20.000000 18.000000 0.04561799999999999883
203 25.000000 21.000000 0.05881399999999999822
204 26.000000 21.000000 0.02046100000000000002
205 10.000000 10.000000 0.04313000000000000167
206 21.000000 17.000000 0.07343800000000000328
207 25.000000 20.000000 0.05656599999999999823
208 13.000000 12.000000 0.03648699999999999860
209 27.000000 23.000000 0.02449700000000000141
210 28.000000 22.000000 0.04965499999999999775
211 20.000000 16.000000 0.02616299999999999876
212 20.000000 16.000000 0.02892700000000000132
213 33.000000 22.000000 0.02226399999999999907
214 24.000000 22.000000 0.02452599999999999919
215 20.000000 18.000000 0.05538400000000000267
216 19.000000 16.000000 0.03921499999999999986
217 27.000000 22.000000 0.01947499999999999926
218 15.000000 13.000000 0.02216699999999999920
219 24.000000 21.000000 0.01904199999999999990
220 31.000000 25.000000 0.02631000000000000005
221 22.000000 18.000000 0.01898199999999999887
222 23.000000 19.000000 0.02369200000000000125
223 25.000000 20.000000 0.01877200000000000049
224 20.000000 16.000000 0.03500199999999999839
225 17.000000 15.000000 0.03047400000000000109
226 21.000000 18.000000 0.04975099999999999661
227 25.000000 19.000000 0.03933999999999999997
228 22.000000 19.000000 0.03298100000000000337
229 18.000000 17.000000 0.02221300000000000011
230 16.000000 15.000000 0.03964800000000000268
231 23.000000 18.000000 0.03096000000000000141
232 19.000000 18.000000 0.02086800000000000113
233 26.000000 21.000000 0.02477700000000000041
234 23.000000 19.000000 0.03577899999999999830
235 20.000000 15.000000 0.03861599999999999755
236 12.000000 12.000000 0.04454799999999999732
237 18.000000 17.000000 0.03352299999999999724
238 13.000000 13.000000 0.04276300000000000240
239 25.000000 20.000000 0.02172100000000000072
240 16.000000 16.000000 0.02338000000000000148
241 21.000000 19.000000 0.01672699999999999881
242 20.000000 20.000000 0.01825900000000000092
243 17.000000 16.000000 0.02403200000000000128
244 16.000000 14.000000 0.02304799999999999904
245 24.000000 19.000000 0.02864099999999999979
246 20.000000 19.000000 0.02333599999999999910
247 15.000000 14.000000 0.02380699999999999830
248 21.000000 20.000000 0.02485000000000000056
249 21.000000 20.000000 0.02731199999999999947
250 11.000000 11.000000 0.02143199999999999966
251 18.000000 17.000000 0.02524500000000000008
252 17.000000 17.000000 0.05139900000000000024
253 19.000000 16.000000 0.03456000000000000044
254 15.000000 14.000000 0.02540900000000000103
255 17.000000 15.000000 0.02647700000000000053
256 14.000000 14.000000 0.02544099999999999834
257 15.000000 15.000000 0.02090099999999999944
258 30.000000 25.000000 0.01784499999999999975
259 22.000000 20.000000 0.01974700000000000066
260 26.000000 23.000000 0.03978700000000000292
261 24.000000 22.000000 0.01891500000000000126
262 15.000000 15.000000 0.03386600000000000027
263 23.000000 21.000000 0.02731499999999999900
264 23.000000 18.000000 0.04594800000000000273
265 19.000000 16.000000 0.07067199999999999871
266 13.000000 12.000000 0.04596900000000000291
267 28.000000 24.000000 0.06345299999999999552
268 18.000000 16.000000 0.04782499999999999946
269 31.000000 22.000000 0.02491200000000000012
270 21.000000 16.000000 0.01900200000000000153
271 18.000000 17.000000 0.04009299999999999670
272 11.000000 11.000000 0.05319600000000000023
273 40.000000 30.000000 0.06314100000000000268
274 18.000000 16.000000 0.07088800000000000656
275 18.000000 16.000000 0.03777900000000000008
276 12.000000 11.000000 0.04727599999999999858
277 15.000000 15.000000 0.03916300000000000336
278 27.000000 24.000000 0.04193299999999999805
279 18.000000 16.000000 0.03214700000000000196
280 27.000000 23.000000 0.03786899999999999988
281 13.000000 13.000000 0.05417199999999999793
282 19.000000 17.000000 0.02533699999999999841
283 20.000000 16.000000 0.02799600000000000005
284 17.000000 15.000000 0.02271099999999999855
285 17.000000 14.000000 0.01934699999999999961
286 30.000000 29.000000 0.02158600000000000102
287 20.000000 17.000000 0.02053299999999999917
288 12.000000 11.000000 0.02470999999999999933
289 25.000000 20.000000 0.02951200000000000004
290 26.000000 23.000000 0.02329200000000000020
291 13.000000 12.000000 0.02032799999999999885
292 25.000000 21.000000 0.01774900000000000089
293 15.000000 14.000000 0.05604499999999999760
294 22.000000 20.000000 0.05948500000000000315
295 15.000000 13.000000 0.04920499999999999874
296 16.000000 16.000000 0.06806500000000000050
297 14.000000 12.000000 0.05056000000000000077
298 21.000000 19.000000 0.05032199999999999868
299 31.000000 25.000000 0.06397200000000000109
300 26.000000 24.000000 0.02337600000000000094
301 24.000000 23.000000 0.02368999999999999925
302 17.000000 13.000000 0.02206699999999999981
303 21.000000 16.000000 0.01950299999999999950
304 18.000000 17.000000 0.02118899999999999950
305 20.000000 17.000000 0.02012500000000000053
306 27.000000 24.000000 0.02000499999999999848
307 22.000000 20.000000 0.02365000000000000088
308 16.000000 14.000000 0.02557900000000000104
309 18.000000 16.000000 0.06325899999999999579
310 20.000000 19.000000 0.04597299999999999998
311 19.000000 18.000000 0.03383400000000000296
312 21.000000 21.000000 0.02333500000000000157
313 18.000000 15.000000 0.02212000000000000077
314 26.000000 20.000000 0.02402200000000000168
315 18.000000 18.000000 0.02177799999999999875
316 25.000000 19.000000 0.02805099999999999955
317 16.000000 15.000000 0.02086100000000000107
318 15.000000 12.000000 0.01797999999999999945
319 24.000000 21.000000 0.02694099999999999967
320 21.000000 18.000000 0.02549099999999999977
321 15.000000 14.000000 0.02282899999999999860
322 22.000000 20.000000 0.01716399999999999870
323 17.000000 16.000000 0.05799300000000000288
324 15.000000 14.000000 0.04215100000000000097
325 19.000000 16.000000 0.05445500000000000340
326 7.000000 7.000000 0.03704999999999999960
327 29.000000 25.000000 0.06440400000000000291
328 27.000000 22.000000 0.03012899999999999953
329 12.000000 12.000000 0.02653799999999999909
330 19.000000 16.000000 0.03546400000000000247
331 22.000000 18.000000 0.02217299999999999827
332 19.000000 15.000000 0.05515699999999999770
333 14.000000 14.000000 0.02360999999999999904
334 25.000000 21.000000 0.03119399999999999951
335 17.000000 15.000000 0.03650199999999999972
336 21.000000 16.000000 0.01938300000000000092
337 23.000000 23.000000 0.02910400000000000140
338 19.000000 16.000000 0.04908699999999999869
339 12.000000 11.000000 0.04783199999999999952
340 27.000000 21.000000 0.03819199999999999678
341 30.000000 28.000000 0.03447299999999999670
342 17.000000 16.000000 0.03757200000000000123
343 17.000000 15.000000 0.04536199999999999954
344 17.000000 15.000000 0.04214699999999999697
345 18.000000 16.000000 0.04732200000000000295
346 19.000000 16.000000 0.03964100000000000262
347 18.000000 15.000000 0.03826199999999999740
348 20.000000 17.000000 0.05504099999999999965
349 17.000000 14.000000 0.05129000000000000226
350 18.000000 17.000000 0.06971700000000000119
351 26.000000 22.000000 0.05806200000000000250
352 16.000000 14.000000 0.05267399999999999860
353 18.000000 15.000000 0.04464300000000000213
354 22.000000 18.000000 0.04943399999999999878
355 22.000000 18.000000 0.02534399999999999847
356 16.000000 16.000000 0.02152099999999999846
357 21.000000 19.000000 0.05601500000000000229
358 8.000000 8.000000 0.07047599999999999698
359 15.000000 14.000000 0.02682400000000000062
360 21.000000 21.000000 0.01891699999999999979
361 19.000000 19.000000 0.02181100000000000053
362 12.000000 12.000000 0.02260099999999999956
363 22.000000 19.000000 0.02958200000000000066
364 23.000000 18.000000 0.01933299999999999949
365 17.000000 14.000000 0.02132300000000000167
366 26.000000 21.000000 0.02005200000000000038
367 22.000000 19.000000 0.02270900000000000002
368 22.000000 19.000000 0.05072999999999999732
369 14.000000 12.000000 0.02652200000000000044
370 27.000000 24.000000 0.03273999999999999827
371 26.000000 22.000000 0.02597299999999999956
372 20.000000 18.000000 0.04927200000000000329
373 22.000000 20.000000 0.05807400000000000062
374 18.000000 16.000000 0.02011100000000000040
375 16.000000 14.000000 0.06881600000000000217
376 17.000000 14.000000 0.02383700000000000055
377 21.000000 18.000000 0.04447899999999999771
378 11.000000 11.000000 0.02538899999999999837
379 30.000000 26.000000 0.02693900000000000114
380 33.000000 26.000000 0.02414799999999999933
381 20.000000 19.000000 0.04131200000000000150
382 30.000000 25.000000 0.06934300000000000186
383 25.000000 21.000000 0.04122900000000000176
384 19.000000 19.000000 0.02284600000000000172
385 23.000000 20.000000 0.02500000000000000139
386 36.000000 28.000000 0.02444999999999999951
387 21.000000 16.000000 0.02463500000000000065
388 15.000000 15.000000 0.02497900000000000120
389 20.000000 17.000000 0.04007899999999999657
390 13.000000 13.000000 0.02456799999999999956
391 22.000000 19.000000 0.02565200000000000119
392 28.000000 25.000000 0.02494199999999999889
393 28.000000 20.000000 0.02408300000000000024
394 18.000000 18.000000 0.02309200000000000141
395 8.000000 8.000000 0.05397899999999999920
396 24.000000 19.000000 0.03001500000000000001
397 24.000000 22.000000 0.02204100000000000156
398 17.000000 15.000000 0.02171700000000000019
399 19.000000 17.000000 0.02548299999999999871
400 21.000000 16.000000 0.02316100000000000103
401 23.000000 22.000000 0.03055599999999999983
402 16.000000 13.000000 0.02186000000000000096
403 26.000000 21.000000 0.06024800000000000294
404 22.000000 17.000000 0.02215599999999999861
405 16.000000 15.000000 0.02440799999999999914
406 11.000000 11.000000 0.02426199999999999884
407 21.000000 18.000000 0.03187600000000000156
408 16.000000 13.000000 0.01830800000000000136
409 27.000000 22.000000 0.02707999999999999990
410 16.000000 15.000000 0.02600500000000000034
411 15.000000 13.000000 0.02154299999999999965
412 16.000000 16.000000 0.01974899999999999919
413 30.000000 26.000000 0.02087599999999999872
414 20.000000 18.000000 0.02079699999999999951
415 20.000000 19.000000 0.02417499999999999857
416 19.000000 16.000000 0.02198299999999999907
417 21.000000 21.000000 0.02270499999999999949
418 29.000000 24.000000 0.03065999999999999975
419 33.000000 32.000000 0.02897900000000000129
420 32.000000 24.000000 0.02567900000000000044
