1 26.000000 26.000000 0.30199999999999999067
2 48.000000 44.000000 0.08972399999999999820
3 56.000000 43.000000 0.08497100000000000486
4 64.000000 53.000000 0.12249000000000000166
5 54.000000 42.000000 0.08504200000000000648
6 38.000000 31.000000 0.08153399999999999537
7 41.000000 36.000000 0.05243500000000000244
8 34.000000 29.000000 0.07201899999999999968
9 51.000000 45.000000 0.06178299999999999764
10 53.000000 42.000000 0.05730500000000000177
11 49.000000 47.000000 0.09040499999999999925
12 64.000000 53.000000 0.12442499999999999394
13 58.000000 48.000000 0.08199800000000000144
14 63.000000 55.000000 0.07579900000000000526
15 39.000000 33.000000 0.05718100000000000266
16 31.000000 27.000000 0.09621599999999999597
17 60.000000 48.000000 0.05236500000000000182
18 25.000000 23.000000 0.06504500000000000559
19 51.000000 41.000000 0.13819100000000000827
20 32.000000 29.000000 0.08509099999999999997
21 48.000000 40.000000 0.20841100000000001291
22 39.000000 36.000000 0.10574500000000000566
23 53.000000 46.000000 0.10429499999999999882
24 37.000000 33.000000 0.10123799999999999466
25 46.000000 38.000000 0.16382700000000000040
26 31.000000 27.000000 0.18569299999999999695
27 33.000000 31.000000 0.06295299999999999507
28 44.000000 38.000000 0.14748700000000000698
29 26.000000 25.000000 0.13912199999999999567
30 35.000000 32.000000 0.16009799999999999032
31 49.000000 42.000000 0.05652499999999999886
32 25.000000 23.000000 0.05910499999999999782
33 42.000000 39.000000 0.05267199999999999660
34 19.000000 17.000000 0.07774399999999999367
35 60.000000 53.000000 0.08344999999999999640
36 61.000000 54.000000 0.05700800000000000312
37 35.000000 33.000000 0.09138400000000000689
38 31.000000 26.000000 0.14328499999999999570
39 53.000000 45.000000 0.05335999999999999771
40 48.000000 38.000000 0.18296699999999999076
41 59.000000 48.000000 0.10608700000000000074
42 39.000000 35.000000 0.15018300000000001093
43 60.000000 53.000000 0.05887699999999999878
44 48.000000 37.000000 0.05595200000000000173
45 31.000000 29.000000 0.05847800000000000220
46 43.000000 39.000000 0.05619999999999999996
47 57.000000 45.000000 0.05332100000000000034
48 35.000000 29.000000 0.08544699999999999518
49 50.000000 41.000000 0.04143800000000000261
50 45.000000 40.000000 0.05535000000000000336
51 62.000000 49.000000 0.08744999999999999996
52 49.000000 39.000000 0.04606099999999999778
53 48.000000 43.000000 0.08396900000000000197
54 42.000000 37.000000 0.07153199999999999836
55 27.000000 23.000000 0.08169800000000000673
56 31.000000 26.000000 0.11484300000000000064
57 44.000000 35.000000 0.07710899999999999699
58 38.000000 32.000000 0.07536400000000000043
59 46.000000 40.000000 0.03376400000000000234
60 47.000000 40.000000 0.17105000000000000759
61 41.000000 34.000000 0.12759400000000001296
62 33.000000 27.000000 0.09485200000000000575
63 49.000000 39.000000 0.08640499999999999570
64 51.000000 43.000000 0.07735499999999999321
65 21.000000 20.000000 0.06721900000000000097
66 52.000000 39.000000 0.11571700000000000041
67 44.000000 36.000000 0.21471199999999998620
68 38.000000 31.000000 0.05553999999999999909
69 63.000000 48.000000 0.06099600000000000161
70 45.000000 41.000000 0.05900600000000000289
71 60.000000 48.000000 0.07430599999999999705
72 40.000000 37.000000 0.05544700000000000323
73 28.000000 26.000000 0.07652000000000000468
74 27.000000 27.000000 0.06360499999999999488
75 54.000000 42.000000 0.15803500000000000880
76 57.000000 50.000000 0.12847300000000000386
77 29.000000 27.000000 0.12863499999999999934
78 39.000000 36.000000 0.06585100000000000675
79 59.000000 50.000000 0.10608399999999999774
80 43.000000 38.000000 0.05930499999999999661
81 60.000000 52.000000 0.08813500000000000500
82 54.000000 46.000000 0.08067799999999999971
83 43.000000 40.000000 0.11025300000000000378
84 27.000000 23.000000 0.15364700000000000579
85 42.000000 40.000000 0.07087999999999999856
86 45.000000 38.000000 0.06283700000000000396
87 41.000000 32.000000 0.12339300000000000268
88 32.000000 30.000000 0.14260700000000001153
89 53.000000 45.000000 0.15461099999999999843
90 41.000000 33.000000 0.23602300000000001057
91 30.000000 27.000000 0.06944999999999999785
92 41.000000 35.000000 0.04283300000000000302
93 58.000000 51.000000 0.06433500000000000330
94 27.000000 26.000000 0.07035199999999999787
95 21.000000 19.000000 0.06688600000000000101
96 46.000000 42.000000 0.04422800000000000342
97 31.000000 28.000000 0.08135399999999999576
98 57.000000 50.000000 0.09616800000000000348
99 44.000000 37.000000 0.05212100000000000066
100 36.000000 31.000000 0.08144800000000000650
101 40.000000 38.000000 0.06687600000000000489
102 40.000000 37.000000 0.06017200000000000326
103 37.000000 33.000000 0.08356800000000000339
104 41.000000 32.000000 0.10624500000000000610
105 29.000000 23.000000 0.08885999999999999455
106 42.000000 34.000000 0.10752899999999999958
107 40.000000 37.000000 0.05342999999999999833
108 24.000000 22.000000 0.10321700000000000319
109 48.000000 41.000000 0.09999900000000000455
110 39.000000 35.000000 0.05038000000000000117
111 28.000000 24.000000 0.08123800000000000465
112 54.000000 41.000000 0.05714999999999999941
113 32.000000 26.000000 0.04682599999999999957
114 29.000000 29.000000 0.04000399999999999789
115 39.000000 36.000000 0.05562399999999999983
116 19.000000 18.000000 0.07905299999999999827
117 36.000000 30.000000 0.12452900000000000080
118 30.000000 29.000000 0.15618299999999998851
119 38.000000 35.000000 0.06140600000000000225
120 31.000000 26.000000 0.06192099999999999688
121 45.000000 42.000000 0.04763799999999999979
122 36.000000 36.000000 0.05288400000000000045
123 39.000000 34.000000 0.07391599999999999560
124 36.000000 31.000000 0.07639500000000000457
125 47.000000 37.000000 0.06748600000000000432
126 29.000000 26.000000 0.09252199999999999314
127 43.000000 38.000000 0.09064300000000000135
128 53.000000 45.000000 0.06253400000000000625
129 31.000000 27.000000 0.08711000000000000687
130 38.000000 32.000000 0.08022700000000000664
131 39.000000 35.000000 0.09089800000000000657
132 38.000000 32.000000 0.05370699999999999780
133 37.000000 31.000000 0.05725299999999999834
134 38.000000 38.000000 0.17995200000000000085
135 38.000000 32.000000 0.09332500000000000517
136 54.000000 51.000000 0.11624299999999999911
137 37.000000 31.000000 0.12658400000000000207
138 25.000000 21.000000 0.13561300000000001131
139 40.000000 34.000000 0.09385499999999999399
140 45.000000 36.000000 0.11936499999999999888
141 67.000000 58.000000 0.16731499999999999151
142 43.000000 39.000000 0.12047199999999999576
143 32.000000 29.000000 0.12790399999999998992
144 39.000000 32.000000 0.17229200000000000070
145 53.000000 48.000000 0.13504800000000000137
146 43.000000 42.000000 0.07009500000000000453
147 38.000000 33.000000 0.08951699999999999935
148 23.000000 22.000000 0.10220100000000000018
149 46.000000 43.000000 0.12317200000000000371
150 39.000000 32.000000 0.12795400000000001217
151 54.000000 40.000000 0.17351600000000000357
152 30.000000 27.000000 0.14047499999999998876
153 54.000000 39.000000 0.11449499999999999955
154 53.000000 42.000000 0.05998200000000000059
155 36.000000 29.000000 0.10027899999999999314
156 51.000000 42.000000 0.07929400000000000337
157 45.000000 38.000000 0.07348200000000000565
158 50.000000 42.000000 0.08624600000000000322
159 52.000000 44.000000 0.11866400000000000559
160 58.000000 47.000000 0.05029200000000000337
161 72.000000 56.000000 0.07826900000000000523
162 33.000000 31.000000 0.07402899999999999758
163 35.000000 32.000000 0.08309400000000000119
164 47.000000 38.000000 0.09636100000000000221
165 64.000000 57.000000 0.05621999999999999914
166 34.000000 31.000000 0.08377800000000000524
167 53.000000 44.000000 0.14107300000000000395
168 54.000000 46.000000 0.17981500000000000261
169 37.000000 33.000000 0.21688999999999999946
170 62.000000 49.000000 0.03892299999999999927
171 74.000000 62.000000 0.06238199999999999995
172 45.000000 40.000000 0.11751000000000000334
173 34.000000 30.000000 0.19114600000000001034
174 29.000000 28.000000 0.21260399999999998744
175 47.000000 42.000000 0.10745899999999999896
176 31.000000 28.000000 0.20318200000000000149
177 59.000000 51.000000 0.24379700000000001370
178 65.000000 51.000000 0.10681000000000000216
179 34.000000 27.000000 0.13992899999999999783
180 58.000000 48.000000 0.10354199999999999515
181 56.000000 49.000000 0.21874399999999999400
182 68.000000 56.000000 0.14873400000000000509
183 30.000000 28.000000 0.13368900000000000228
184 40.000000 38.000000 0.13374800000000000577
185 51.000000 42.000000 0.04288600000000000051
186 35.000000 30.000000 0.07749599999999999544
187 57.000000 42.000000 0.07734199999999999409
188 57.000000 47.000000 0.04371699999999999892
189 29.000000 25.000000 0.18190999999999998837
190 42.000000 33.000000 0.12658400000000000207
191 45.000000 38.000000 0.20657400000000000762
192 51.000000 41.000000 0.09967099999999999571
193 71.000000 61.000000 0.08469799999999999551
194 55.000000 46.000000 0.07335800000000000654
195 42.000000 35.000000 0.14137500000000000067
196 32.000000 32.000000 0.14146100000000000341
197 24.000000 20.000000 0.16837499999999999689
198 34.000000 30.000000 0.16902900000000001257
199 42.000000 35.000000 0.05706200000000000161
200 39.000000 36.000000 0.07145600000000000562
201 15.000000 15.000000 0.06295599999999999807
202 20.000000 16.000000 0.13054699999999999638
203 51.000000 42.000000 0.06140600000000000225
204 54.000000 44.000000 0.06228100000000000303
205 46.000000 34.000000 0.07064499999999999946
206 52.000000 47.000000 0.07194599999999999607
207 33.000000 31.000000 0.05945999999999999897
208 52.000000 44.000000 0.35862300000000002509
209 48.000000 42.000000 0.12028800000000000603
210 33.000000 33.000000 0.14505599999999999050
211 25.000000 20.000000 0.17533099999999998686
212 26.000000 23.000000 0.08669799999999999729
213 69.000000 54.000000 0.10395500000000000573
214 41.000000 40.000000 0.11969200000000000672
215 40.000000 36.000000 0.07475099999999999800
216 40.000000 36.000000 0.21671799999999999398
217 42.000000 40.000000 0.09583800000000000652
218 48.000000 45.000000 0.06883599999999999441
219 30.000000 30.000000 0.09143300000000000038
220 32.000000 27.000000 0.07552499999999999492
221 36.000000 29.000000 0.06824500000000000011
222 43.000000 39.000000 0.04178899999999999976
223 49.000000 42.000000 0.10172599999999999698
224 31.000000 29.000000 0.05509900000000000214
225 34.000000 30.000000 0.09061099999999999710
226 38.000000 32.000000 0.08354100000000000414
227 36.000000 29.000000 0.09552099999999999480
228 36.000000 31.000000 0.09342999999999999916
229 59.000000 47.000000 0.04304199999999999693
230 48.000000 41.000000 0.09897599999999999454
231 33.000000 29.000000 0.07781699999999999728
232 36.000000 32.000000 0.09149999999999999800
233 59.000000 47.000000 0.08416099999999999970
234 52.000000 45.000000 0.10278700000000000336
235 33.000000 27.000000 0.09558099999999999929
236 63.000000 50.000000 0.20502400000000001179
237 45.000000 39.000000 0.07087300000000000544
238 62.000000 49.000000 0.09063699999999999535
239 27.000000 23.000000 0.09159499999999999587
240 55.000000 45.000000 0.11800199999999999578
241 41.000000 35.000000 0.04745200000000000112
242 21.000000 21.000000 0.07032700000000000062
243 36.000000 34.000000 0.10159600000000000575
244 63.000000 56.000000 0.08165799999999999448
245 43.000000 35.000000 0.09563599999999999879
246 29.000000 25.000000 0.08390999999999999848
247 53.000000 42.000000 0.07856100000000000583
248 49.000000 46.000000 0.03771200000000000246
249 72.000000 58.000000 0.05831100000000000172
250 44.000000 40.000000 0.06765200000000000380
251 36.000000 27.000000 0.07646799999999999431
252 36.000000 34.000000 0.05605000000000000260
253 44.000000 36.000000 0.09975799999999999945
254 31.000000 30.000000 0.03878299999999999803
255 47.000000 40.000000 0.05121699999999999864
256 42.000000 32.000000 0.15164600000000000302
257 60.000000 50.000000 0.06518999999999999795
258 36.000000 30.000000 0.05351500000000000007
259 36.000000 29.000000 0.11173399999999999999
260 20.000000 18.000000 0.08580000000000000127
261 46.000000 43.000000 0.06825399999999999523
262 44.000000 32.000000 0.06441399999999999904
263 40.000000 31.000000 0.10626800000000000135
264 24.000000 23.000000 0.06219299999999999828
265 40.000000 38.000000 0.07656799999999999717
266 44.000000 34.000000 0.09669800000000000617
267 25.000000 22.000000 0.09149400000000000588
268 43.000000 33.000000 0.05537999999999999867
269 38.000000 31.000000 0.06534500000000000031
270 58.000000 50.000000 0.07822800000000000586
271 32.000000 25.000000 0.05828300000000000147
272 36.000000 33.000000 0.04360300000000000287
273 51.000000 41.000000 0.10306800000000000683
274 27.000000 24.000000 0.08757800000000000307
275 33.000000 29.000000 0.06729799999999999671
276 35.000000 32.000000 0.06136300000000000088
277 45.000000 40.000000 0.04857500000000000012
278 55.000000 41.000000 0.06279200000000000059
279 55.000000 45.000000 0.04160300000000000109
280 59.000000 50.000000 0.12472199999999999953
281 55.000000 48.000000 0.08314199999999999369
282 39.000000 32.000000 0.07327699999999999492
283 57.000000 48.000000 0.06302099999999999369
284 75.000000 59.000000 0.08422399999999999332
285 53.000000 45.000000 0.03718799999999999883
286 40.000000 31.000000 0.05708799999999999986
287 40.000000 33.000000 0.07975799999999999557
288 28.000000 24.000000 0.08319400000000000406
289 53.000000 43.000000 0.05659399999999999847
290 28.000000 28.000000 0.05173300000000000121
291 44.000000 40.000000 0.07710999999999999799
292 35.000000 31.000000 0.06530299999999999994
293 54.000000 43.000000 0.07244100000000000539
294 44.000000 40.000000 0.04501999999999999752
295 39.000000 34.000000 0.04473699999999999899
296 67.000000 56.000000 0.06935299999999999798
297 49.000000 43.000000 0.06846800000000000108
298 33.000000 31.000000 0.09314000000000000057
299 54.000000 45.000000 0.07537399999999999656
300 33.000000 30.000000 0.05631800000000000000
301 55.000000 43.000000 0.05803400000000000225
302 58.000000 43.000000 0.07739200000000000246
303 37.000000 32.000000 0.08022400000000000364
304 41.000000 40.000000 0.06503399999999999459
305 53.000000 43.000000 0.06321300000000000530
306 33.000000 32.000000 0.12503700000000000925
307 66.000000 54.000000 0.05885100000000000053
308 48.000000 36.000000 0.06523900000000000532
309 51.000000 43.000000 0.13395299999999998875
310 56.000000 40.000000 0.10381600000000000550
311 26.000000 24.000000 0.09417399999999999383
312 39.000000 32.000000 0.07914499999999999313
313 35.000000 30.000000 0.10129900000000000015
314 30.000000 26.000000 0.09293700000000000572
315 14.000000 14.000000 0.07001499999999999391
316 35.000000 31.000000 0.08754800000000000082
317 25.000000 22.000000 0.07195799999999999419
318 37.000000 29.000000 0.08017699999999999827
319 41.000000 36.000000 0.09559399999999999842
320 46.000000 41.000000 0.06973899999999999544
321 51.000000 43.000000 0.07937800000000000411
322 48.000000 40.000000 0.03997300000000000159
323 42.000000 35.000000 0.07363599999999999313
324 26.000000 25.000000 0.07255999999999999950
325 46.000000 39.000000 0.11904700000000000004
326 38.000000 37.000000 0.08226500000000000479
327 55.000000 40.000000 0.06531199999999999506
328 36.000000 33.000000 0.07065299999999999359
329 39.000000 31.000000 0.16283300000000000551
330 37.000000 32.000000 0.16300999999999998824
331 35.000000 29.000000 0.12324599999999999445
332 52.000000 41.000000 0.13447200000000000819
333 67.000000 51.000000 0.05709899999999999698
334 63.000000 56.000000 0.06786200000000000565
335 26.000000 24.000000 0.06237299999999999789
336 21.000000 18.000000 0.08123600000000000265
337 59.000000 47.000000 0.06797699999999999576
338 37.000000 35.000000 0.09171300000000000285
339 42.000000 34.000000 0.08049699999999999911
340 56.000000 47.000000 0.07865300000000000069
341 45.000000 39.000000 0.06949900000000000522
342 43.000000 36.000000 0.06425100000000000255
343 39.000000 30.000000 0.09087900000000000145
344 56.000000 45.000000 0.06438399999999999679
345 19.000000 18.000000 0.07021299999999999764
346 26.000000 25.000000 0.06301900000000000557
347 50.000000 43.000000 0.04355400000000000243
348 69.000000 55.000000 0.07313899999999999568
349 54.000000 44.000000 0.05429900000000000004
350 43.000000 38.000000 0.14407700000000001062
351 21.000000 19.000000 0.06117600000000000121
352 39.000000 31.000000 0.10821799999999999475
353 35.000000 32.000000 0.08154100000000000237
354 50.000000 41.000000 0.06001999999999999696
355 18.000000 17.000000 0.05409200000000000119
356 43.000000 41.000000 0.07643600000000000394
357 58.000000 50.000000 0.06101499999999999979
358 34.000000 31.000000 0.09914699999999999902
359 52.000000 42.000000 0.11053100000000000425
360 49.000000 45.000000 0.06015999999999999820
361 40.000000 35.000000 0.06694100000000000050
362 37.000000 35.000000 0.07758500000000000119
363 36.000000 33.000000 0.12855300000000000060
364 48.000000 40.000000 0.10631400000000000572
365 56.000000 50.000000 0.08709200000000000275
366 25.000000 21.000000 0.12242799999999999516
367 80.000000 62.000000 0.05234099999999999864
368 36.000000 32.000000 0.06696699999999999875
369 20.000000 18.000000 0.07188899999999999457
370 46.000000 41.000000 0.12963500000000000023
371 43.000000 37.000000 0.06063799999999999746
372 50.000000 38.000000 0.06706299999999999761
373 46.000000 38.000000 0.08102700000000000180
374 69.000000 62.000000 0.04212599999999999678
375 41.000000 38.000000 0.05032999999999999974
376 41.000000 33.000000 0.16340999999999999970
377 34.000000 31.000000 0.18033899999999999930
378 65.000000 54.000000 0.11960899999999999310
379 46.000000 36.000000 0.19027299999999999769
380 30.000000 28.000000 0.10508599999999999886
381 42.000000 35.000000 0.09667900000000000105
382 34.000000 33.000000 0.22739999999999999103
383 49.000000 43.000000 0.16624800000000000688
384 47.000000 38.000000 0.04531199999999999811
385 42.000000 34.000000 0.04373400000000000204
386 41.000000 35.000000 0.10668900000000000605
387 31.000000 31.000000 0.04709900000000000198
388 71.000000 62.000000 0.07374200000000000199
389 36.000000 32.000000 0.13236899999999998667
390 51.000000 45.000000 0.18091299999999999049
391 32.000000 27.000000 0.14068100000000000049
392 73.000000 59.000000 0.10710600000000000676
393 31.000000 30.000000 0.07835599999999999510
394 54.000000 45.000000 0.06483999999999999486
395 38.000000 31.000000 0.05084500000000000131
396 19.000000 18.000000 0.08818099999999999550
397 46.000000 37.000000 0.05949700000000000127
398 29.000000 26.000000 0.09772200000000000331
399 64.000000 54.000000 0.05088199999999999668
400 16.000000 14.000000 0.07592400000000000537
401 47.000000 38.000000 0.06087200000000000250
402 28.000000 26.000000 0.05886000000000000260
403 62.000000 53.000000 0.05570399999999999657
404 23.000000 22.000000 0.05651400000000000173
405 42.000000 39.000000 0.10507199999999999873
406 47.000000 40.000000 0.08416899999999999382
407 35.000000 26.000000 0.09561200000000000254
408 45.000000 40.000000 0.13616700000000001025
409 36.000000 29.000000 0.07155799999999999661
410 48.000000 41.000000 0.08883499999999999730
411 41.000000 38.000000 0.08567500000000000115
412 34.000000 32.000000 0.09991600000000000481
413 30.000000 30.000000 0.15662200000000001121
414 31.000000 30.000000 0.08245399999999999952
415 53.000000 42.000000 0.05648199999999999749
416 44.000000 36.000000 0.07397199999999999609
417 39.000000 33.000000 0.07136199999999999488
418 24.000000 22.000000 0.12589300000000000490
419 60.000000 53.000000 0.05300200000000000050
420 36.000000 32.000000 0.07078099999999999670
