1 80.000000 70.000000 0.77022699999999999498
2 120.000000 104.000000 0.24833099999999999619
3 65.000000 61.000000 0.65347399999999999931
4 76.000000 70.000000 0.41421000000000002261
5 97.000000 83.000000 0.34605099999999999749
6 81.000000 69.000000 0.30017700000000002714
7 80.000000 72.000000 0.26002900000000001013
8 95.000000 74.000000 1.38843300000000002825
9 78.000000 65.000000 0.22012399999999998634
10 107.000000 89.000000 0.26358100000000000973
11 109.000000 93.000000 0.15823699999999998878
12 99.000000 78.000000 0.15570899999999998631
13 87.000000 71.000000 0.15929699999999999416
14 83.000000 71.000000 0.63129199999999996429
15 132.000000 103.000000 1.57128800000000001802
16 95.000000 85.000000 0.55683199999999999363
17 69.000000 60.000000 0.23938799999999998969
18 90.000000 78.000000 0.93896100000000004560
19 163.000000 134.000000 1.62123100000000008869
20 109.000000 84.000000 0.59583299999999994601
21 134.000000 109.000000 0.20627000000000000890
22 53.000000 46.000000 0.31594100000000002737
23 49.000000 46.000000 0.28152899999999997371
24 108.000000 86.000000 0.72684700000000002085
25 97.000000 85.000000 0.43036900000000000155
26 83.000000 70.000000 0.29960500000000001020
27 78.000000 66.000000 0.41594399999999998041
28 55.000000 48.000000 0.33344299999999998940
29 89.000000 69.000000 0.35341200000000000392
30 108.000000 91.000000 0.29928300000000002123
31 96.000000 73.000000 0.59530199999999999783
32 83.000000 70.000000 0.91154900000000005367
33 122.000000 93.000000 0.78894500000000000739
34 112.000000 106.000000 0.17859600000000000475
35 90.000000 77.000000 0.23911299999999999222
36 64.000000 56.000000 0.46597300000000002607
37 128.000000 100.000000 0.14268500000000000627
38 67.000000 56.000000 0.22183700000000000641
39 46.000000 38.000000 0.32819300000000001249
40 74.000000 61.000000 0.22850799999999998890
41 157.000000 128.000000 0.08082000000000000295
42 50.000000 42.000000 0.63412500000000004974
43 96.000000 82.000000 0.20710400000000001031
44 97.000000 81.000000 0.60034600000000004627
45 107.000000 97.000000 0.64804099999999997817
46 138.000000 118.000000 0.15240600000000001368
47 75.000000 62.000000 0.27839999999999998082
48 59.000000 50.000000 0.61101199999999999957
49 88.000000 75.000000 0.21787500000000001310
50 92.000000 78.000000 0.24965699999999999004
51 101.000000 89.000000 0.50510500000000002618
52 103.000000 90.000000 0.32786700000000001953
53 104.000000 90.000000 0.22486600000000001032
54 99.000000 80.000000 0.33200299999999999256
55 91.000000 82.000000 0.44993800000000000461
56 117.000000 100.000000 0.15521399999999999086
57 101.000000 88.000000 0.19911899999999999045
58 122.000000 107.000000 0.17679800000000001070
59 83.000000 71.000000 0.27643400000000001304
60 75.000000 70.000000 0.24091199999999998727
61 102.000000 87.000000 0.33463399999999998702
62 90.000000 73.000000 0.50380899999999995131
63 119.000000 102.000000 0.24016999999999999460
64 91.000000 80.000000 0.26641599999999998616
65 140.000000 116.000000 0.36862299999999997846
66 58.000000 56.000000 0.52201699999999995327
67 30.000000 30.000000 0.41343000000000001970
68 77.000000 65.000000 0.25019799999999997597
69 132.000000 103.000000 0.48655300000000001326
70 51.000000 42.000000 0.49646200000000001440
71 93.000000 85.000000 0.36648100000000000120
72 73.000000 65.000000 1.07803399999999993675
73 119.000000 93.000000 1.19595000000000006857
74 50.000000 41.000000 0.36265799999999998038
75 111.000000 96.000000 0.40203600000000000447
76 87.000000 70.000000 0.32952900000000001635
77 158.000000 132.000000 0.11687899999999999678
78 92.000000 79.000000 0.41246899999999997455
79 68.000000 61.000000 0.40548200000000000909
80 80.000000 70.000000 0.37046699999999999076
81 78.000000 69.000000 0.71043500000000003869
82 84.000000 67.000000 0.57250500000000004164
83 89.000000 70.000000 0.26972600000000002129
84 86.000000 68.000000 0.47206300000000001038
85 84.000000 71.000000 0.32015300000000002090
86 96.000000 78.000000 0.28854299999999999393
87 92.000000 79.000000 0.77164699999999997182
88 86.000000 75.000000 0.32780599999999998628
89 93.000000 83.000000 0.20489299999999999180
90 103.000000 87.000000 0.29162100000000001909
91 115.000000 99.000000 0.50181100000000000705
92 78.000000 65.000000 0.27771299999999998764
93 124.000000 100.000000 0.18578900000000000969
94 58.000000 46.000000 0.42619800000000002127
95 136.000000 109.000000 0.24229500000000001037
96 87.000000 70.000000 0.40945100000000000939
97 62.000000 57.000000 0.49507899999999999130
98 100.000000 87.000000 0.31122400000000000064
99 82.000000 73.000000 0.50047500000000000320
100 72.000000 62.000000 0.55378199999999999648
101 75.000000 62.000000 0.23337900000000000311
102 76.000000 68.000000 0.44674000000000002597
103 98.000000 85.000000 0.66310299999999999798
104 105.000000 95.000000 0.17103599999999999359
105 109.000000 91.000000 0.23323599999999999888
106 69.000000 57.000000 0.87689200000000000479
107 73.000000 54.000000 0.43316599999999999548
108 26.000000 26.000000 0.46660499999999999199
109 70.000000 62.000000 0.42100599999999999135
110 125.000000 104.000000 0.32746399999999997732
111 40.000000 34.000000 0.60973500000000002697
112 114.000000 86.000000 0.42465599999999997793
113 80.000000 72.000000 0.20250999999999999557
114 88.000000 77.000000 0.66826200000000002266
115 121.000000 97.000000 0.18991299999999999848
116 99.000000 85.000000 0.33274999999999999023
117 64.000000 55.000000 0.29799700000000001188
118 95.000000 83.000000 0.54908100000000004126
119 83.000000 75.000000 0.45797700000000002296
120 91.000000 74.000000 0.21891499999999999848
121 94.000000 80.000000 0.17408199999999998675
122 71.000000 65.000000 0.18144599999999999618
123 96.000000 82.000000 1.02011699999999994048
124 97.000000 76.000000 0.14415600000000000636
125 126.000000 98.000000 0.14613999999999999213
126 104.000000 84.000000 0.21682799999999999296
127 89.000000 70.000000 0.38847900000000001874
128 69.000000 59.000000 0.31860100000000002307
129 97.000000 85.000000 0.39103300000000001946
130 46.000000 41.000000 0.28794199999999997575
131 128.000000 107.000000 0.24130299999999998972
132 57.000000 48.000000 0.25349699999999997235
133 51.000000 42.000000 0.31088999999999999968
134 99.000000 85.000000 0.15780199999999999783
135 76.000000 61.000000 0.75880999999999998451
136 73.000000 58.000000 0.35562399999999999567
137 92.000000 76.000000 0.11392299999999999649
138 64.000000 53.000000 0.33872200000000002307
139 88.000000 74.000000 0.21502999999999999892
140 61.000000 48.000000 0.30857099999999998419
141 84.000000 72.000000 0.22845099999999998741
142 120.000000 102.000000 0.18337200000000000721
143 95.000000 86.000000 0.25995699999999999363
144 103.000000 95.000000 0.45097799999999998999
145 60.000000 51.000000 0.20514099999999999002
146 90.000000 75.000000 0.44015700000000002046
147 112.000000 97.000000 0.12908700000000000729
148 78.000000 67.000000 0.43503599999999997827
149 95.000000 78.000000 0.50288200000000005119
150 99.000000 89.000000 0.28456199999999998163
151 141.000000 120.000000 0.18293999999999999151
152 145.000000 112.000000 0.09446000000000000230
153 86.000000 68.000000 0.28584300000000001374
154 61.000000 54.000000 0.42006700000000002371
155 114.000000 94.000000 0.43630799999999997363
156 61.000000 57.000000 0.31397300000000000209
157 101.000000 88.000000 0.31499399999999999622
158 127.000000 104.000000 0.28141399999999999748
159 70.000000 58.000000 0.27081600000000000117
160 99.000000 87.000000 0.25131599999999998385
161 89.000000 79.000000 0.18050099999999999478
162 83.000000 75.000000 0.22753599999999998826
163 87.000000 76.000000 0.34969899999999998208
164 73.000000 64.000000 0.28411799999999998168
165 108.000000 102.000000 0.19318099999999999161
166 88.000000 72.000000 0.27837899999999998757
167 90.000000 77.000000 1.86429700000000009297
168 119.000000 97.000000 0.35039399999999998325
169 125.000000 107.000000 0.32777800000000001379
170 86.000000 75.000000 0.23268800000000000594
171 118.000000 97.000000 0.27450400000000002576
172 63.000000 59.000000 0.27500799999999997469
173 91.000000 75.000000 0.20361199999999998744
174 87.000000 75.000000 0.32090899999999999981
175 68.000000 61.000000 0.26060400000000000231
176 45.000000 39.000000 0.49992100000000000426
177 68.000000 59.000000 0.33324799999999998867
178 68.000000 55.000000 0.39238400000000001056
179 92.000000 71.000000 1.31696499999999994124
180 86.000000 77.000000 0.43487700000000001355
181 42.000000 39.000000 0.48729099999999997417
182 88.000000 68.000000 0.61752099999999998658
183 83.000000 70.000000 0.46613399999999999279
184 104.000000 87.000000 0.24143700000000001271
185 110.000000 85.000000 0.12759799999999998921
186 62.000000 57.000000 0.25781799999999999162
187 107.000000 92.000000 0.16388900000000000690
188 117.000000 100.000000 0.20061000000000001053
189 95.000000 79.000000 0.19135499999999999732
190 104.000000 84.000000 0.13928099999999998815
191 145.000000 113.000000 0.19794600000000001083
192 62.000000 55.000000 0.63559200000000004582
193 75.000000 64.000000 0.48641400000000001302
194 132.000000 106.000000 0.18982499999999999374
195 101.000000 84.000000 0.45854899999999998439
196 109.000000 99.000000 0.16917799999999999505
197 96.000000 77.000000 0.42724699999999998790
198 78.000000 70.000000 0.45100699999999999124
199 125.000000 104.000000 0.17224800000000001221
200 101.000000 93.000000 0.41307100000000002149
201 65.000000 54.000000 0.66695199999999998930
202 62.000000 47.000000 0.45524199999999998001
203 83.000000 77.000000 0.37892900000000001581
204 119.000000 105.000000 0.14112399999999999944
205 111.000000 99.000000 0.22010799999999999810
206 86.000000 79.000000 0.35051599999999999424
207 55.000000 49.000000 0.75014499999999995072
208 50.000000 40.000000 0.82068799999999997308
209 91.000000 81.000000 0.19059000000000000941
210 101.000000 89.000000 0.17757700000000001261
211 59.000000 50.000000 0.40225199999999999845
212 72.000000 61.000000 0.24721000000000001307
213 103.000000 84.000000 0.12847400000000000486
214 134.000000 116.000000 0.37184000000000000385
215 61.000000 54.000000 0.90578899999999995529
216 93.000000 83.000000 0.27129199999999997761
217 78.000000 65.000000 0.56544099999999997141
218 98.000000 76.000000 0.37151200000000000889
219 89.000000 73.000000 0.18989600000000000923
220 84.000000 72.000000 0.37933400000000000452
221 58.000000 50.000000 0.36414900000000000047
222 107.000000 95.000000 0.15841800000000000326
223 93.000000 73.000000 0.58854300000000003834
224 74.000000 66.000000 0.36262899999999997913
225 109.000000 87.000000 0.52845900000000001207
226 84.000000 75.000000 0.38046900000000000164
227 115.000000 105.000000 0.23744199999999998640
228 132.000000 105.000000 0.20858699999999999464
229 89.000000 77.000000 0.42388900000000001578
230 120.000000 98.000000 0.25313200000000002365
231 52.000000 48.000000 0.37706099999999997952
232 79.000000 61.000000 0.24561600000000000099
233 71.000000 65.000000 0.16567100000000001270
234 80.000000 67.000000 0.23908799999999999497
235 88.000000 73.000000 0.27364500000000002711
236 106.000000 85.000000 0.37187700000000001310
237 84.000000 70.000000 0.23925599999999999645
238 127.000000 103.000000 0.10386199999999999599
239 130.000000 104.000000 0.27176699999999998081
240 63.000000 56.000000 0.30398300000000000320
241 79.000000 71.000000 0.43372399999999999842
242 100.000000 84.000000 0.31770700000000001717
243 106.000000 86.000000 0.34009600000000000941
244 65.000000 53.000000 0.47473999999999999533
245 92.000000 77.000000 0.25302000000000002267
246 151.000000 122.000000 0.10836700000000000499
247 92.000000 81.000000 0.59780999999999995254
248 91.000000 76.000000 0.46585999999999999632
249 104.000000 84.000000 0.39463599999999998680
250 85.000000 71.000000 0.21739800000000000790
251 101.000000 83.000000 0.39555800000000002070
252 93.000000 81.000000 0.51511600000000001831
253 100.000000 82.000000 0.24201300000000000590
254 94.000000 83.000000 0.35275299999999998324
255 108.000000 94.000000 0.32385300000000000198
256 72.000000 60.000000 0.29181600000000001982
257 80.000000 68.000000 0.27026400000000000423
258 72.000000 54.000000 0.63982000000000005535
259 97.000000 77.000000 0.52909799999999995723
260 68.000000 53.000000 2.15671500000000015973
261 74.000000 67.000000 0.43179600000000001314
262 75.000000 63.000000 0.34457199999999998941
263 119.000000 102.000000 0.20243700000000000583
264 78.000000 73.000000 0.22284799999999999054
265 97.000000 78.000000 0.17772699999999999609
266 90.000000 78.000000 0.30657099999999998241
267 92.000000 79.000000 0.27845500000000000806
268 109.000000 89.000000 0.31226500000000001478
269 98.000000 84.000000 0.38654399999999999871
270 98.000000 85.000000 0.27852700000000002456
271 80.000000 67.000000 0.52320900000000003516
272 110.000000 90.000000 0.24530099999999999127
273 105.000000 98.000000 0.21986500000000000488
274 95.000000 87.000000 0.35097600000000001019
275 86.000000 76.000000 0.32416800000000001170
276 119.000000 107.000000 0.06049399999999999916
277 110.000000 98.000000 0.27667700000000000626
278 102.000000 84.000000 0.17625599999999999601
279 114.000000 93.000000 0.42006399999999999295
280 80.000000 74.000000 0.22384000000000001118
281 77.000000 69.000000 0.38981399999999999384
282 95.000000 83.000000 0.16030900000000000705
283 52.000000 46.000000 0.38824999999999998401
284 74.000000 65.000000 0.63597800000000004328
285 117.000000 91.000000 0.45156800000000002493
286 104.000000 95.000000 0.30381299999999999972
287 106.000000 83.000000 0.34075299999999997258
288 100.000000 79.000000 0.21344499999999999584
289 141.000000 116.000000 0.28038600000000002410
290 94.000000 80.000000 0.12279400000000000037
291 100.000000 83.000000 0.21552499999999999436
292 114.000000 95.000000 0.24439700000000000313
293 100.000000 83.000000 0.73433199999999998475
294 117.000000 99.000000 0.19420100000000001250
295 100.000000 89.000000 0.19996700000000000585
296 82.000000 76.000000 1.06544299999999991790
297 91.000000 78.000000 0.26455299999999998262
298 103.000000 89.000000 0.69592500000000001581
299 127.000000 98.000000 0.29202400000000000579
300 105.000000 88.000000 0.22630600000000000716
301 48.000000 43.000000 0.43691499999999999782
302 167.000000 139.000000 0.16306000000000001049
303 101.000000 81.000000 0.34192499999999997895
304 90.000000 78.000000 0.11693099999999999328
305 151.000000 127.000000 0.53785400000000005427
306 96.000000 82.000000 0.22761400000000001076
307 121.000000 96.000000 0.17554400000000000559
308 103.000000 80.000000 0.56261099999999997223
309 109.000000 83.000000 0.45131399999999999295
310 99.000000 88.000000 0.47339100000000000623
311 76.000000 71.000000 0.41614400000000001389
312 103.000000 85.000000 0.43786300000000000221
313 71.000000 61.000000 0.66700199999999998379
314 79.000000 73.000000 0.32516899999999998583
315 98.000000 82.000000 0.44465199999999999170
316 85.000000 72.000000 0.49959799999999998654
317 69.000000 64.000000 0.23576900000000000635
318 65.000000 54.000000 0.29047299999999998121
319 82.000000 74.000000 0.29255700000000001149
320 84.000000 73.000000 0.61237799999999997791
321 98.000000 82.000000 0.19708800000000001318
322 111.000000 98.000000 0.24722399999999999931
323 122.000000 107.000000 0.24827199999999999269
324 67.000000 61.000000 0.40223599999999998245
325 66.000000 57.000000 0.49259799999999998033
326 138.000000 110.000000 0.20389999999999999791
327 104.000000 81.000000 0.55179199999999994919
328 96.000000 84.000000 0.75070800000000004193
329 84.000000 75.000000 0.46688299999999999246
330 101.000000 87.000000 0.22951299999999999479
331 57.000000 50.000000 0.89807199999999998141
332 79.000000 71.000000 0.42665399999999997771
333 69.000000 59.000000 0.42884100000000002773
334 122.000000 92.000000 0.26345600000000002350
335 78.000000 68.000000 0.27565600000000001213
336 102.000000 88.000000 0.09016699999999999715
337 71.000000 59.000000 0.55204500000000000792
338 72.000000 64.000000 0.29653000000000001579
339 64.000000 62.000000 0.41059000000000001052
340 106.000000 87.000000 0.80854000000000003645
341 105.000000 92.000000 0.20291999999999998927
342 80.000000 76.000000 0.31489000000000000323
343 136.000000 111.000000 0.22326499999999999124
344 116.000000 98.000000 0.15177399999999999225
345 129.000000 110.000000 0.16737799999999999900
346 81.000000 71.000000 0.41051799999999999402
347 35.000000 29.000000 0.21295600000000000640
348 64.000000 53.000000 0.52539199999999997015
349 79.000000 65.000000 0.35526600000000002622
350 89.000000 78.000000 0.60909100000000004904
351 96.000000 73.000000 0.62216400000000005033
352 119.000000 102.000000 0.23692799999999999971
353 38.000000 35.000000 0.29963299999999998269
354 62.000000 52.000000 0.39488099999999998202
355 64.000000 59.000000 0.34056900000000001061
356 153.000000 120.000000 0.30119299999999998851
357 82.000000 68.000000 0.51803100000000001923
358 110.000000 87.000000 0.32366699999999998250
359 70.000000 67.000000 0.34376099999999998325
360 77.000000 60.000000 0.46326299999999998036
361 73.000000 64.000000 0.85047799999999995624
362 126.000000 109.000000 0.42779699999999998283
363 124.000000 97.000000 0.17308100000000001262
364 91.000000 76.000000 0.35145500000000001739
365 84.000000 74.000000 0.25745699999999999141
366 93.000000 74.000000 0.53164400000000000546
367 65.000000 53.000000 0.54696599999999995223
368 78.000000 63.000000 0.68334300000000003372
369 100.000000 95.000000 0.29319099999999997941
370 77.000000 70.000000 0.47378199999999998093
371 118.000000 96.000000 0.34700399999999997913
372 83.000000 72.000000 0.20279500000000000304
373 72.000000 63.000000 0.49046099999999998031
374 59.000000 51.000000 0.66394500000000000739
375 68.000000 58.000000 0.37189899999999997959
376 65.000000 58.000000 0.17011399999999998744
377 48.000000 40.000000 0.33320699999999997543
378 91.000000 85.000000 0.41918899999999997830
379 90.000000 81.000000 0.46836899999999997979
380 75.000000 62.000000 0.63459100000000001618
381 85.000000 75.000000 0.33267299999999999649
382 56.000000 46.000000 0.51385099999999994669
383 74.000000 70.000000 0.49191299999999998915
384 61.000000 53.000000 0.35585600000000000565
385 108.000000 87.000000 0.27850700000000000456
386 123.000000 94.000000 0.31312699999999998868
387 127.000000 103.000000 0.15524699999999999611
388 117.000000 97.000000 0.31373600000000001486
389 66.000000 66.000000 0.19881599999999999273
390 69.000000 62.000000 0.44476399999999999268
391 67.000000 55.000000 0.46039000000000002144
392 92.000000 82.000000 0.19828399999999998804
393 87.000000 73.000000 0.56274000000000001798
394 75.000000 59.000000 0.46645399999999997975
395 83.000000 69.000000 0.33663599999999999079
396 94.000000 81.000000 0.45651199999999997337
397 82.000000 70.000000 0.43858000000000002538
398 72.000000 65.000000 0.34481800000000001338
399 80.000000 68.000000 0.52011600000000002275
400 126.000000 104.000000 0.13656099999999998795
401 124.000000 97.000000 0.48577999999999998959
402 63.000000 57.000000 0.28888099999999999890
403 33.000000 32.000000 0.45762599999999997724
404 72.000000 59.000000 0.37564100000000000268
405 92.000000 79.000000 0.25086000000000002741
406 72.000000 54.000000 1.59111699999999989252
407 78.000000 61.000000 0.28168900000000002271
408 107.000000 89.000000 0.89486500000000002153
409 81.000000 73.000000 0.47771200000000002550
410 42.000000 38.000000 0.55383599999999999497
411 81.000000 75.000000 0.42567100000000002158
412 126.000000 108.000000 0.14774300000000001321
413 84.000000 73.000000 0.24562000000000000499
414 96.000000 82.000000 0.33598400000000000487
415 120.000000 93.000000 0.15597900000000000653
416 31.000000 29.000000 0.42599399999999998379
417 72.000000 52.000000 0.40389999999999998126
418 74.000000 61.000000 0.12770200000000000995
419 77.000000 72.000000 0.44268499999999999517
420 79.000000 67.000000 0.24031099999999999683
