1 206.000000 168.000000 6.05353500000000011028
2 251.000000 210.000000 0.77569699999999996987
3 149.000000 121.000000 5.93040900000000004155
4 188.000000 163.000000 4.46799799999999969202
5 315.000000 256.000000 0.91178199999999998138
6 147.000000 125.000000 12.75548200000000065302
7 223.000000 196.000000 1.09593099999999998850
8 205.000000 167.000000 3.58562700000000011968
9 134.000000 117.000000 1.78883799999999992814
10 181.000000 162.000000 1.77309699999999992315
11 162.000000 148.000000 1.29913999999999996149
12 152.000000 143.000000 1.89264800000000010805
13 170.000000 151.000000 5.22477500000000016911
14 200.000000 157.000000 27.02382199999999912166
15 176.000000 149.000000 2.28008299999999985985
16 221.000000 188.000000 4.82239099999999965007
17 229.000000 181.000000 7.10545799999999960761
18 87.000000 73.000000 5.49906600000000000961
19 165.000000 145.000000 2.70858400000000010266
20 174.000000 153.000000 2.23065999999999986514
21 195.000000 169.000000 1.84390000000000009450
22 186.000000 144.000000 2.21934699999999995867
23 182.000000 146.000000 8.59775300000000086698
24 210.000000 176.000000 1.27706300000000005923
25 143.000000 125.000000 1.15649000000000001798
26 129.000000 109.000000 1.44033600000000006069
27 198.000000 158.000000 11.97697199999999995157
28 263.000000 216.000000 1.32320299999999990703
29 194.000000 155.000000 0.73350499999999996259
30 196.000000 158.000000 9.82531999999999960949
31 123.000000 108.000000 7.45326399999999988921
32 218.000000 193.000000 1.43606999999999995765
33 305.000000 253.000000 1.47199699999999999989
34 183.000000 170.000000 2.91302700000000003300
35 220.000000 195.000000 1.96157399999999992879
36 177.000000 139.000000 2.07172499999999981668
37 198.000000 175.000000 1.64242899999999991678
38 249.000000 226.000000 0.78094300000000005380
39 105.000000 89.000000 1.66882899999999989582
40 186.000000 165.000000 2.61222699999999985465
41 153.000000 140.000000 2.34751500000000001833
42 230.000000 195.000000 1.26102000000000002977
43 125.000000 111.000000 2.10519999999999996021
44 92.000000 79.000000 2.94016099999999980241
45 216.000000 181.000000 1.47281400000000006756
46 123.000000 103.000000 6.95459699999999969577
47 172.000000 160.000000 1.78558599999999989549
48 124.000000 105.000000 3.39924099999999995703
49 185.000000 162.000000 2.06074400000000013122
50 208.000000 176.000000 1.61817300000000008353
51 172.000000 152.000000 2.96492300000000019722
52 245.000000 206.000000 2.74627599999999993940
53 247.000000 207.000000 1.13044300000000008666
54 207.000000 160.000000 1.78350399999999997824
55 198.000000 178.000000 0.74992899999999995675
56 161.000000 138.000000 3.83764100000000007995
57 184.000000 160.000000 13.73706199999999988393
58 254.000000 208.000000 1.73563000000000000611
59 182.000000 157.000000 1.69808000000000003382
60 190.000000 161.000000 1.31712000000000006850
61 160.000000 142.000000 3.60731599999999996697
62 162.000000 138.000000 1.20594800000000001994
63 64.000000 51.000000 8.78089600000000025659
64 187.000000 160.000000 2.11290600000000017289
65 220.000000 189.000000 1.36601299999999992174
66 195.000000 168.000000 2.29242200000000018179
67 252.000000 214.000000 1.43547299999999999898
68 214.000000 184.000000 1.54208600000000006780
69 240.000000 211.000000 0.73178500000000001879
70 288.000000 218.000000 0.89383699999999999264
71 209.000000 175.000000 1.99019999999999996909
72 168.000000 145.000000 1.32166300000000003223
73 145.000000 125.000000 2.39259000000000021657
74 249.000000 226.000000 1.84315800000000007408
75 191.000000 162.000000 1.17079500000000003013
76 172.000000 148.000000 3.45064299999999990476
77 169.000000 151.000000 3.41686200000000006582
78 158.000000 134.000000 4.30912299999999959255
79 137.000000 125.000000 2.02623700000000006582
80 97.000000 86.000000 5.61612899999999992673
81 221.000000 184.000000 0.59541200000000005232
82 328.000000 275.000000 0.68396199999999995889
83 204.000000 178.000000 1.35890599999999994729
84 230.000000 196.000000 1.30698899999999995636
85 143.000000 124.000000 1.88874800000000009348
86 239.000000 201.000000 2.59117499999999978400
87 145.000000 120.000000 2.90526000000000017565
88 318.000000 254.000000 0.21197900000000000076
89 180.000000 161.000000 2.04388499999999995183
90 281.000000 231.000000 1.55634800000000006470
91 234.000000 196.000000 2.35913899999999987500
92 274.000000 232.000000 2.62570799999999993091
93 141.000000 127.000000 1.33296799999999993069
94 252.000000 202.000000 1.44173299999999993126
95 211.000000 179.000000 2.00068799999999979988
96 183.000000 171.000000 1.91822099999999995390
97 229.000000 183.000000 0.80347900000000005427
98 146.000000 126.000000 4.67147799999999957521
99 97.000000 93.000000 1.55072499999999990905
100 138.000000 115.000000 3.36454999999999992966
101 174.000000 148.000000 2.49928000000000016811
102 244.000000 206.000000 0.96221299999999998498
103 244.000000 205.000000 1.72895400000000010188
104 86.000000 72.000000 16.67537000000000091404
105 217.000000 180.000000 2.75516799999999983939
106 213.000000 185.000000 14.91362299999999940781
107 190.000000 144.000000 2.74540499999999987324
108 111.000000 102.000000 9.54139200000000009538
109 163.000000 145.000000 3.84532400000000018636
110 230.000000 193.000000 5.35979999999999989768
111 208.000000 183.000000 2.74984099999999997976
112 242.000000 190.000000 3.30168699999999981642
113 274.000000 227.000000 0.66551700000000002522
114 270.000000 216.000000 0.71421199999999995800
115 199.000000 161.000000 1.11081699999999994333
116 132.000000 107.000000 5.87816700000000036397
117 158.000000 129.000000 3.96198499999999986798
118 113.000000 104.000000 1.06913299999999988898
119 187.000000 161.000000 2.82074500000000005784
120 189.000000 168.000000 1.06226400000000009705
121 197.000000 167.000000 1.21764199999999989110
122 180.000000 164.000000 3.43621700000000007691
123 167.000000 143.000000 2.41012899999999996581
124 205.000000 182.000000 1.75576599999999993784
125 197.000000 160.000000 2.07432699999999980989
126 245.000000 192.000000 1.45377500000000003944
127 206.000000 178.000000 1.10125800000000007017
128 224.000000 185.000000 11.03995199999999954343
129 188.000000 163.000000 1.69327099999999997060
130 180.000000 152.000000 1.76298200000000004906
131 187.000000 159.000000 6.30821100000000001273
132 245.000000 201.000000 2.25303800000000009618
133 295.000000 235.000000 0.27607599999999998808
134 182.000000 161.000000 2.53413399999999988665
135 168.000000 143.000000 1.71635599999999999277
136 198.000000 183.000000 1.07161799999999995947
137 190.000000 162.000000 1.58591799999999993886
138 180.000000 145.000000 2.21470900000000003871
139 149.000000 123.000000 2.76143099999999996896
140 205.000000 179.000000 1.97360200000000007847
141 73.000000 63.000000 3.64220899999999980778
142 210.000000 179.000000 1.12202200000000007485
143 192.000000 165.000000 1.65923700000000007293
144 261.000000 209.000000 1.44001099999999992995
145 149.000000 129.000000 5.32530500000000017735
146 187.000000 160.000000 2.42937599999999997991
147 228.000000 188.000000 0.73070000000000001616
148 157.000000 140.000000 1.19300399999999995337
149 135.000000 125.000000 0.85119800000000001017
150 204.000000 180.000000 5.95115000000000016200
151 247.000000 212.000000 1.65513299999999996537
152 202.000000 173.000000 1.19532799999999994611
153 169.000000 140.000000 4.26470699999999958152
154 192.000000 162.000000 4.53392199999999956361
155 170.000000 142.000000 1.30586800000000002875
156 116.000000 98.000000 7.16654199999999974580
157 197.000000 179.000000 4.73665700000000011727
158 113.000000 101.000000 3.75210400000000010579
159 51.000000 47.000000 3.85008200000000000429
160 294.000000 241.000000 1.60433800000000004182
161 234.000000 197.000000 4.49399399999999982214
162 134.000000 116.000000 5.51173499999999982890
163 174.000000 153.000000 1.99087999999999998302
164 241.000000 199.000000 1.05082300000000006257
165 261.000000 218.000000 0.43577500000000002345
166 227.000000 201.000000 1.03147100000000002673
167 210.000000 177.000000 2.11401299999999991996
168 241.000000 209.000000 1.96290100000000000691
169 175.000000 146.000000 5.07868700000000039552
170 151.000000 129.000000 4.07203699999999990666
171 222.000000 185.000000 2.56793100000000018568
172 251.000000 213.000000 7.41847000000000011966
173 195.000000 167.000000 0.86467700000000002891
174 112.000000 104.000000 2.68796299999999988017
175 233.000000 212.000000 1.32359399999999993724
176 199.000000 181.000000 0.91126600000000002044
177 127.000000 105.000000 15.36765699999999945646
178 183.000000 158.000000 8.22499400000000058242
179 283.000000 229.000000 7.61600699999999974921
180 167.000000 145.000000 2.72920000000000007034
181 186.000000 172.000000 2.59308600000000000207
182 141.000000 119.000000 12.18233500000000013586
183 191.000000 166.000000 3.67729200000000000514
184 135.000000 130.000000 1.18069599999999996776
185 98.000000 93.000000 8.81066500000000019099
186 241.000000 205.000000 1.64329799999999992544
187 191.000000 164.000000 2.46544799999999986184
188 96.000000 83.000000 4.00696100000000043906
189 192.000000 170.000000 3.85855699999999979255
190 199.000000 165.000000 1.88527000000000000135
191 171.000000 152.000000 1.82027000000000005464
192 245.000000 205.000000 5.59946699999999975006
193 256.000000 200.000000 3.29160399999999997434
194 194.000000 165.000000 3.48627399999999987301
195 115.000000 107.000000 3.94363000000000019085
196 200.000000 179.000000 1.18387799999999998590
197 229.000000 202.000000 0.98594700000000001783
198 185.000000 150.000000 3.50613699999999983703
199 145.000000 124.000000 0.78147699999999997722
200 171.000000 146.000000 2.28110999999999997101
201 154.000000 130.000000 8.90207900000000051932
202 146.000000 131.000000 3.25625799999999987477
203 164.000000 136.000000 2.59963100000000002510
204 154.000000 138.000000 2.26263000000000014111
205 244.000000 204.000000 2.84491700000000014015
206 162.000000 143.000000 1.14181400000000010664
207 159.000000 140.000000 1.05810300000000001575
208 208.000000 175.000000 1.32516699999999998383
209 180.000000 162.000000 1.57352099999999994751
210 151.000000 142.000000 3.12819899999999995188
211 145.000000 126.000000 1.85452599999999989677
212 166.000000 149.000000 4.03097800000000017207
213 159.000000 138.000000 1.19114999999999993108
214 171.000000 147.000000 5.27297599999999988540
215 261.000000 226.000000 0.99765199999999998326
216 228.000000 200.000000 1.04121799999999997688
217 108.000000 89.000000 5.65599700000000016331
218 135.000000 124.000000 2.11690800000000001191
219 174.000000 155.000000 1.76422900000000004717
220 202.000000 172.000000 2.29033800000000020702
221 175.000000 151.000000 7.72065999999999963421
222 266.000000 209.000000 0.94227799999999994895
223 241.000000 210.000000 1.90023199999999992116
224 173.000000 148.000000 1.36327400000000009683
225 202.000000 170.000000 2.81633600000000017261
226 175.000000 151.000000 2.46953200000000006042
227 211.000000 189.000000 3.31945099999999992946
228 177.000000 163.000000 3.18983499999999997598
229 208.000000 184.000000 2.38769000000000009010
230 146.000000 125.000000 1.64920399999999989227
231 120.000000 100.000000 20.29158100000000075624
232 224.000000 191.000000 1.28588700000000000223
233 187.000000 161.000000 1.86572399999999993803
234 164.000000 138.000000 3.86380400000000001626
235 179.000000 158.000000 1.83502000000000009550
236 309.000000 255.000000 0.28652899999999997815
237 220.000000 200.000000 6.60610400000000019816
238 176.000000 151.000000 2.21906399999999992545
239 217.000000 183.000000 3.69930199999999986815
240 226.000000 195.000000 2.42708199999999996166
241 111.000000 93.000000 2.29804800000000009064
242 121.000000 104.000000 4.03660700000000005616
243 279.000000 229.000000 2.19912000000000018574
244 184.000000 147.000000 4.47902899999999970504
245 189.000000 170.000000 3.44073500000000009891
246 261.000000 214.000000 1.09399000000000001798
247 186.000000 146.000000 6.61410400000000020526
248 232.000000 191.000000 1.42965000000000008740
249 158.000000 131.000000 2.18635299999999999088
250 211.000000 168.000000 8.84809100000000015029
251 168.000000 152.000000 1.38399800000000006150
252 128.000000 115.000000 7.56665299999999962921
253 179.000000 163.000000 3.71503799999999984038
254 140.000000 118.000000 1.90674199999999993693
255 225.000000 192.000000 0.96904400000000001647
256 246.000000 200.000000 6.55208600000000007668
257 156.000000 135.000000 1.03772200000000003328
258 159.000000 134.000000 10.32062099999999915667
259 102.000000 88.000000 5.41240800000000010783
260 127.000000 106.000000 1.65441400000000005122
261 300.000000 246.000000 1.04235000000000010978
262 190.000000 163.000000 2.02090900000000006642
263 170.000000 148.000000 2.03682700000000016516
264 123.000000 108.000000 4.27241400000000037807
265 184.000000 158.000000 2.81408600000000008734
266 241.000000 207.000000 1.70626300000000008517
267 239.000000 208.000000 1.90526100000000009338
268 142.000000 125.000000 2.43556499999999997996
269 177.000000 162.000000 2.02807400000000015439
270 157.000000 134.000000 2.69054200000000021120
271 125.000000 108.000000 3.11716600000000010340
272 209.000000 172.000000 2.17558100000000020913
273 178.000000 153.000000 3.53139199999999986446
274 166.000000 137.000000 1.44528400000000001313
275 183.000000 150.000000 2.53367399999999998172
276 169.000000 140.000000 1.27010800000000001475
277 130.000000 120.000000 2.23135400000000005960
278 134.000000 118.000000 5.31551799999999996515
279 146.000000 129.000000 3.66252000000000021984
280 223.000000 201.000000 1.95940200000000008806
281 137.000000 126.000000 2.73126099999999993884
282 143.000000 125.000000 4.62036900000000017030
283 157.000000 142.000000 2.13154399999999988324
284 205.000000 161.000000 1.63412000000000001698
285 256.000000 202.000000 1.62014700000000000379
286 292.000000 241.000000 0.79490799999999994796
287 234.000000 197.000000 1.19234900000000010323
288 128.000000 103.000000 3.44757699999999989160
289 141.000000 123.000000 1.78956099999999995731
290 201.000000 180.000000 1.03091500000000002579
291 177.000000 152.000000 9.48757900000000020668
292 229.000000 190.000000 2.37718499999999988148
293 98.000000 94.000000 1.72356099999999989869
294 164.000000 138.000000 1.85426000000000001933
295 218.000000 196.000000 1.04000599999999998602
296 222.000000 183.000000 2.24528399999999983550
297 163.000000 148.000000 1.13324599999999997557
298 297.000000 246.000000 1.25313999999999992063
299 176.000000 155.000000 4.06141199999999980008
300 191.000000 160.000000 1.21495700000000006469
301 224.000000 182.000000 4.97995300000000007401
302 166.000000 144.000000 1.06992799999999999017
303 243.000000 203.000000 1.78865500000000010594
304 195.000000 173.000000 2.11715700000000017766
305 214.000000 177.000000 0.77883599999999997276
306 277.000000 240.000000 5.84219799999999978013
307 211.000000 170.000000 2.47621700000000011244
308 151.000000 139.000000 6.46124899999999957600
309 137.000000 114.000000 3.47705399999999986704
310 224.000000 176.000000 8.68436100000000088528
311 185.000000 161.000000 5.04382199999999958351
312 177.000000 154.000000 1.26566700000000009751
313 191.000000 178.000000 1.73731199999999996741
314 264.000000 229.000000 0.94963799999999998214
315 207.000000 170.000000 3.46307099999999978834
316 196.000000 165.000000 5.53444000000000002615
317 192.000000 158.000000 1.58409599999999994857
318 140.000000 127.000000 4.08830399999999993810
319 137.000000 117.000000 2.33303100000000007697
320 219.000000 187.000000 2.25931000000000015149
321 185.000000 154.000000 2.78685600000000022192
322 164.000000 144.000000 1.72498599999999990828
323 205.000000 167.000000 4.86410699999999973642
324 205.000000 174.000000 4.25113300000000027268
325 157.000000 146.000000 3.03671800000000002839
326 162.000000 138.000000 1.61552800000000007508
327 143.000000 119.000000 1.83522199999999990894
328 183.000000 159.000000 4.33853299999999997283
329 156.000000 145.000000 5.33154299999999992110
330 254.000000 212.000000 0.50581100000000001060
331 289.000000 236.000000 1.35791799999999995840
332 189.000000 163.000000 2.33023399999999991650
333 178.000000 152.000000 1.60147700000000003939
334 312.000000 241.000000 0.52926700000000004298
335 133.000000 115.000000 4.82460999999999984311
336 128.000000 102.000000 3.09419399999999988893
337 152.000000 140.000000 2.59980799999999989680
338 110.000000 96.000000 2.27378800000000014236
339 203.000000 183.000000 3.10141599999999995063
340 180.000000 163.000000 2.43405899999999997263
341 124.000000 100.000000 9.90225099999999969214
342 209.000000 179.000000 3.77855900000000000105
343 151.000000 118.000000 6.28103199999999972647
344 122.000000 109.000000 2.96434299999999995023
345 156.000000 123.000000 4.07007100000000043849
346 268.000000 225.000000 1.03743099999999999206
347 209.000000 162.000000 0.65293800000000001837
348 234.000000 198.000000 1.66330700000000009098
349 238.000000 197.000000 1.84323400000000003907
350 165.000000 143.000000 0.99834199999999995168
351 233.000000 196.000000 2.08395200000000002660
352 183.000000 150.000000 2.62095099999999980867
353 237.000000 193.000000 1.93546700000000004849
354 261.000000 212.000000 1.34535500000000007859
355 153.000000 133.000000 2.82576299999999980272
356 123.000000 104.000000 14.81048000000000008924
357 175.000000 148.000000 1.23395499999999991303
358 247.000000 189.000000 3.22736100000000014631
359 124.000000 115.000000 1.37648999999999999133
360 178.000000 143.000000 6.88180700000000022953
361 138.000000 111.000000 4.22039899999999956748
362 201.000000 167.000000 3.37492200000000019955
363 204.000000 170.000000 3.30815899999999984971
364 224.000000 191.000000 1.35774499999999997968
365 288.000000 226.000000 4.02060300000000037102
366 103.000000 86.000000 9.90817900000000051364
367 87.000000 79.000000 1.91921100000000000030
368 174.000000 156.000000 2.55554000000000014481
369 184.000000 157.000000 3.87291000000000007475
370 182.000000 158.000000 2.16516799999999998150
371 134.000000 112.000000 3.59209600000000017772
372 177.000000 155.000000 2.60827400000000020341
373 189.000000 170.000000 1.28881500000000004391
374 208.000000 167.000000 0.66530100000000003124
375 196.000000 167.000000 3.74954099999999979076
376 228.000000 203.000000 1.30523799999999989829
377 248.000000 210.000000 0.85372599999999998488
378 269.000000 243.000000 1.48520800000000008367
379 209.000000 180.000000 3.76076999999999994628
380 150.000000 134.000000 3.88293299999999996786
381 133.000000 119.000000 2.15293299999999998562
382 93.000000 83.000000 4.99120100000000022078
383 198.000000 176.000000 1.97033499999999994756
384 257.000000 212.000000 2.14234200000000019060
385 174.000000 156.000000 1.91317300000000001248
386 203.000000 169.000000 0.78071500000000004782
387 193.000000 163.000000 0.47978900000000002102
388 144.000000 131.000000 2.74873099999999981335
389 190.000000 161.000000 11.45675499999999935596
390 171.000000 143.000000 2.29511399999999987642
391 190.000000 170.000000 2.31592099999999989635
392 286.000000 230.000000 15.36678700000000041825
393 143.000000 122.000000 10.16181100000000014916
394 201.000000 166.000000 1.23144999999999993356
395 171.000000 157.000000 2.40022199999999985565
396 122.000000 114.000000 3.75288399999999988665
397 250.000000 214.000000 0.75709700000000001996
398 216.000000 186.000000 8.16456400000000037664
399 130.000000 117.000000 5.94088200000000021817
400 153.000000 132.000000 7.70197899999999968657
401 198.000000 158.000000 1.85513799999999995372
402 181.000000 155.000000 5.75808300000000006236
403 135.000000 126.000000 1.49799799999999994071
404 228.000000 192.000000 1.28947100000000003384
405 257.000000 207.000000 1.24750500000000008605
406 209.000000 187.000000 3.36232700000000006568
407 199.000000 163.000000 7.26653899999999985937
408 179.000000 144.000000 1.63620000000000009877
409 146.000000 124.000000 2.84845499999999995921
410 119.000000 101.000000 1.92609600000000003028
411 228.000000 213.000000 0.85735200000000000298
412 118.000000 101.000000 8.08872500000000016485
413 199.000000 171.000000 1.65742400000000000837
414 198.000000 173.000000 2.19197199999999980946
415 176.000000 148.000000 1.14835400000000009690
416 193.000000 162.000000 2.69017600000000012272
417 219.000000 173.000000 1.03348599999999990473
418 169.000000 141.000000 1.59289700000000000735
419 209.000000 171.000000 1.50252699999999994596
420 170.000000 162.000000 1.17845800000000000551
