1 396.000000 332.000000 199.17109800000000063847
2 288.000000 250.000000 24.71983600000000080854
3 438.000000 394.000000 12.03828000000000031378
4 216.000000 196.000000 138.89256399999999302963
5 269.000000 241.000000 30.89003699999999952297
6 390.000000 320.000000 228.34336400000000821819
7 469.000000 388.000000 19.15121099999999998431
8 409.000000 342.000000 51.98682500000000317186
9 311.000000 261.000000 98.88019699999999545525
10 324.000000 279.000000 51.00601000000000340151
11 470.000000 383.000000 53.24178100000000313230
12 435.000000 390.000000 23.28745699999999985152
13 322.000000 267.000000 14.13110099999999924592
14 623.000000 534.000000 23.82439199999999956958
15 359.000000 307.000000 25.82677800000000090108
16 426.000000 363.000000 137.84922100000000000364
17 355.000000 285.000000 183.77717000000001235094
18 472.000000 416.000000 6.10473300000000040910
19 394.000000 341.000000 48.22321800000000280306
20 285.000000 243.000000 37.12884199999999879083
21 499.000000 425.000000 132.27937299999999254396
22 317.000000 286.000000 20.95916199999999918191
23 373.000000 327.000000 27.08744700000000094064
24 377.000000 319.000000 147.77011300000000915134
25 543.000000 466.000000 20.89592499999999830607
26 220.000000 187.000000 68.22112799999999310785
27 350.000000 313.000000 245.62940199999999890679
28 458.000000 385.000000 28.70348399999999955412
29 355.000000 309.000000 134.86934899999999970532
30 344.000000 281.000000 70.84797500000000525233
31 286.000000 261.000000 29.39279000000000152681
32 282.000000 256.000000 27.41818100000000058003
33 459.000000 385.000000 110.38089300000000037016
34 384.000000 335.000000 23.11081799999999830675
35 405.000000 350.000000 4.46945000000000014495
36 424.000000 358.000000 21.74460499999999996135
37 292.000000 253.000000 50.29610199999999764486
38 267.000000 225.000000 753.92484300000000985165
39 276.000000 236.000000 203.96174899999999752254
40 347.000000 314.000000 75.32084000000000401087
41 393.000000 338.000000 92.96912500000000534328
42 477.000000 419.000000 26.87076000000000064460
43 413.000000 349.000000 116.90561499999999739430
44 428.000000 370.000000 6.58874899999999996680
45 307.000000 267.000000 86.75865100000000040836
46 584.000000 495.000000 29.69620000000000104023
47 381.000000 307.000000 80.37994999999999379270
48 351.000000 305.000000 81.61132600000000536511
49 304.000000 275.000000 7.95317299999999960392
50 369.000000 317.000000 11.79259500000000038256
51 409.000000 365.000000 15.22557499999999919282
52 461.000000 377.000000 4.18314400000000041757
53 309.000000 267.000000 83.56981000000000392447
54 446.000000 377.000000 23.03250799999999998136
55 361.000000 312.000000 55.08238999999999663260
56 461.000000 399.000000 48.69201499999999782631
57 446.000000 366.000000 12.08548000000000044452
58 467.000000 408.000000 71.91013499999999680767
59 267.000000 250.000000 10.73805699999999951899
60 645.000000 521.000000 26.26148200000000088039
61 381.000000 321.000000 57.60316999999999865167
62 570.000000 487.000000 12.26693399999999911643
64 275.000000 253.000000 37.01693900000000070349
65 316.000000 284.000000 23.01227300000000042246
66 356.000000 314.000000 37.89140100000000188629
67 329.000000 291.000000 92.99518999999999380179
68 523.000000 436.000000 21.24025800000000074874
69 276.000000 251.000000 30.25422100000000114051
70 524.000000 450.000000 21.80881300000000067030
71 321.000000 275.000000 155.88777799999999729152
72 431.000000 389.000000 31.13811700000000115551
73 491.000000 428.000000 51.98427099999999967395
74 193.000000 173.000000 9.19884500000000038256
75 347.000000 301.000000 45.59013699999999857937
76 410.000000 368.000000 53.66013699999999886359
77 142.000000 122.000000 276.31093600000002652450
78 367.000000 319.000000 34.06304000000000087311
79 485.000000 410.000000 4.70411200000000029320
80 351.000000 315.000000 39.26050200000000245382
81 403.000000 358.000000 13.08110100000000031173
82 499.000000 439.000000 23.36245100000000007867
83 273.000000 230.000000 145.88403600000000892578
84 414.000000 345.000000 107.19356600000000412365
85 372.000000 314.000000 84.00234700000000032105
86 252.000000 218.000000 51.88953999999999666670
87 303.000000 280.000000 102.22546199999999316788
88 518.000000 460.000000 13.97476200000000012835
89 406.000000 346.000000 15.43030199999999929616
90 292.000000 247.000000 83.92314199999999857482
91 473.000000 412.000000 37.91269299999999731199
92 457.000000 378.000000 17.23829399999999978377
93 326.000000 281.000000 186.06668099999998844396
94 355.000000 320.000000 22.07849399999999917554
95 269.000000 230.000000 111.58859999999999956799
96 324.000000 281.000000 131.89939200000000596447
97 467.000000 390.000000 817.34812999999996918632
98 392.000000 336.000000 8.80152900000000038006
99 307.000000 259.000000 120.35378199999999537795
100 331.000000 291.000000 42.23993500000000267391
101 378.000000 324.000000 33.18318500000000170758
102 297.000000 249.000000 241.70445599999999330976
103 408.000000 365.000000 110.82813000000000158707
104 193.000000 161.000000 322.38126399999998739077
105 377.000000 358.000000 21.65741999999999833904
106 673.000000 576.000000 11.71058099999999946306
107 332.000000 300.000000 28.71273199999999903298
108 301.000000 264.000000 19.63455199999999933880
109 290.000000 263.000000 32.92955500000000057526
110 473.000000 419.000000 2.31892800000000010030
111 312.000000 289.000000 12.64994199999999935358
112 433.000000 372.000000 11.22367799999999959937
113 458.000000 394.000000 10.01295900000000038688
114 453.000000 367.000000 172.24008000000000606633
115 280.000000 249.000000 63.71891000000000104819
116 363.000000 314.000000 209.71049199999998791100
117 303.000000 289.000000 12.67305999999999954753
118 191.000000 173.000000 24.37977700000000069736
119 501.000000 420.000000 1.77923199999999992471
120 445.000000 357.000000 2.18065599999999992775
121 383.000000 340.000000 10.82371999999999978570
122 294.000000 262.000000 93.96769999999999356532
123 405.000000 342.000000 97.60184300000000234832
124 491.000000 444.000000 9.89686099999999946419
125 207.000000 181.000000 91.04806399999999655392
126 330.000000 295.000000 34.60766600000000181581
127 478.000000 405.000000 112.02512500000000272848
128 392.000000 362.000000 16.96161999999999991928
129 385.000000 336.000000 61.73984600000000000364
130 306.000000 264.000000 60.19059000000000025921
131 408.000000 347.000000 23.14149000000000100385
132 318.000000 262.000000 113.55508799999999780539
133 250.000000 204.000000 202.61344700000000784712
134 550.000000 473.000000 147.22766500000000178261
135 271.000000 235.000000 289.51731300000000146611
136 520.000000 447.000000 34.22476199999999835200
137 440.000000 393.000000 360.15454199999999218562
138 408.000000 364.000000 11.18113400000000012824
139 395.000000 330.000000 21.76829100000000138948
140 180.000000 156.000000 246.30712399999998751809
141 423.000000 366.000000 48.81435100000000204545
142 481.000000 435.000000 13.42377899999999968372
143 385.000000 345.000000 4.83664999999999967173
144 384.000000 335.000000 29.24994200000000077466
145 315.000000 266.000000 159.42565799999999853753
146 293.000000 255.000000 10.51667499999999932925
147 381.000000 343.000000 103.48356499999999869033
148 483.000000 392.000000 7.35069999999999978968
149 299.000000 251.000000 289.81497999999999137799
150 485.000000 418.000000 22.90854399999999913007
151 336.000000 316.000000 9.34845100000000073237
152 563.000000 489.000000 4.14111100000000043053
153 188.000000 177.000000 22.52287300000000058731
154 384.000000 327.000000 73.09472200000000441378
155 413.000000 361.000000 38.84006300000000067030
156 173.000000 145.000000 99.58593000000000472482
157 291.000000 249.000000 114.09536799999999345800
159 359.000000 301.000000 23.51385199999999997544
160 340.000000 305.000000 12.17953900000000011516
161 464.000000 412.000000 24.38671000000000077534
162 413.000000 354.000000 60.56079299999999676629
163 485.000000 392.000000 25.40558599999999955799
164 168.000000 145.000000 124.27132299999999531792
165 359.000000 304.000000 36.34836500000000114596
166 429.000000 359.000000 24.76458600000000132013
167 400.000000 323.000000 41.44554000000000115733
168 474.000000 394.000000 33.90950999999999737611
169 223.000000 196.000000 268.64443399999998973726
170 222.000000 202.000000 96.17958500000000299224
171 293.000000 260.000000 78.04659599999999386455
172 234.000000 222.000000 24.27474899999999990996
173 367.000000 326.000000 77.64336199999999621468
174 374.000000 336.000000 26.12538999999999944635
175 515.000000 454.000000 17.98753599999999863712
176 353.000000 319.000000 6.27891699999999985948
177 315.000000 289.000000 65.85684799999999938791
178 423.000000 357.000000 16.21590300000000084424
179 319.000000 279.000000 16.34882100000000093587
180 318.000000 250.000000 23.24277199999999865554
181 417.000000 356.000000 126.98842500000000654836
182 534.000000 465.000000 8.39306999999999980844
183 401.000000 334.000000 33.55397899999999822285
184 576.000000 503.000000 11.93756699999999959516
185 432.000000 365.000000 26.82378699999999938086
186 360.000000 309.000000 172.09228500000000394721
187 294.000000 249.000000 19.89483299999999843521
188 363.000000 318.000000 12.21815199999999990155
189 420.000000 379.000000 12.85553299999999943282
190 286.000000 274.000000 14.55829100000000053683
191 486.000000 410.000000 20.20476499999999830948
192 469.000000 407.000000 9.71583299999999994156
193 444.000000 374.000000 22.10061599999999870647
194 425.000000 367.000000 52.86842599999999947613
195 403.000000 333.000000 65.83974499999999352440
196 291.000000 252.000000 15.92039600000000021396
197 441.000000 391.000000 8.53622700000000023124
198 413.000000 355.000000 39.98146100000000302543
199 443.000000 389.000000 42.68853000000000008640
200 386.000000 320.000000 46.44827999999999690317
201 440.000000 379.000000 10.20660900000000026466
202 280.000000 238.000000 194.86347000000000662112
203 656.000000 534.000000 3.58260600000000017928
204 349.000000 295.000000 110.15287899999999865486
205 293.000000 262.000000 32.00097499999999683951
206 249.000000 218.000000 66.34960499999999683496
207 234.000000 214.000000 33.17588099999999684542
208 460.000000 405.000000 7.63342600000000004457
209 370.000000 319.000000 110.95854500000000086857
210 434.000000 354.000000 9.47470399999999912666
211 341.000000 309.000000 27.91872299999999995634
212 269.000000 237.000000 39.27049000000000233968
213 493.000000 421.000000 130.84301099999998996282
215 203.000000 172.000000 247.34815499999999133252
216 358.000000 290.000000 518.02488200000004781032
217 195.000000 167.000000 37.61985299999999909915
218 353.000000 301.000000 48.98411600000000021282
219 530.000000 466.000000 15.04730400000000045679
220 400.000000 343.000000 31.21427600000000168734
221 471.000000 382.000000 35.22469499999999698048
222 334.000000 273.000000 74.39320600000000638374
224 372.000000 323.000000 60.65876699999999743795
225 445.000000 369.000000 354.86300099999999702050
226 380.000000 331.000000 18.97957600000000155660
227 368.000000 321.000000 87.47611399999999548527
228 422.000000 347.000000 168.63758000000001402441
229 350.000000 299.000000 30.31787200000000126465
230 483.000000 426.000000 12.85739300000000007174
231 550.000000 471.000000 35.32683500000000265118
232 105.000000 94.000000 54.05150799999999833290
233 363.000000 325.000000 109.47309099999999659758
234 400.000000 350.000000 257.35707600000000638829
235 404.000000 365.000000 27.40968000000000159844
236 487.000000 380.000000 239.10766499999999723514
237 305.000000 263.000000 63.59553600000000272985
238 398.000000 347.000000 108.82489900000000204727
239 490.000000 418.000000 94.93555299999999874672
240 245.000000 211.000000 29.23223399999999827514
241 406.000000 347.000000 64.53388800000000458112
242 222.000000 195.000000 151.37352799999999319880
243 269.000000 238.000000 23.80521799999999998931
244 644.000000 529.000000 9.51386699999999940758
245 412.000000 354.000000 57.81822600000000278442
246 117.000000 109.000000 21.51970299999999980400
247 424.000000 369.000000 9.46043099999999981264
248 266.000000 222.000000 93.85942199999999502324
249 274.000000 243.000000 51.45115899999999697911
250 411.000000 349.000000 38.25982299999999725060
251 295.000000 271.000000 18.96013699999999957413
252 371.000000 319.000000 26.85420299999999826923
253 511.000000 422.000000 109.31624300000000005184
254 529.000000 455.000000 19.32895299999999849661
255 333.000000 285.000000 79.12089500000000441560
256 405.000000 346.000000 64.05128200000000049386
257 465.000000 373.000000 3.86334799999999978226
258 485.000000 399.000000 123.61559599999999647935
259 444.000000 374.000000 62.63208999999999804231
260 512.000000 443.000000 13.87832799999999977558
261 272.000000 255.000000 22.04721699999999984243
262 470.000000 380.000000 220.27086399999998889143
264 443.000000 391.000000 24.79973999999999989541
265 445.000000 370.000000 41.47292900000000059890
266 428.000000 378.000000 293.20534300000002758679
267 480.000000 401.000000 48.09005200000000002092
268 385.000000 342.000000 18.82326099999999868828
269 326.000000 277.000000 39.81947399999999959164
270 288.000000 251.000000 218.80751100000000519685
271 476.000000 428.000000 46.04345200000000204454
272 361.000000 320.000000 96.10912799999999833744
273 291.000000 271.000000 73.81830999999999676220
274 296.000000 265.000000 77.93574800000000379896
275 467.000000 417.000000 20.72754600000000024806
276 541.000000 454.000000 64.16719799999999906959
277 217.000000 180.000000 98.89704199999999900683
278 232.000000 193.000000 186.75003300000000194814
279 376.000000 349.000000 18.97886000000000095156
280 438.000000 361.000000 390.51143200000001343142
281 551.000000 455.000000 21.60430399999999906413
282 463.000000 402.000000 61.35203700000000281989
283 299.000000 259.000000 47.24375599999999764123
284 320.000000 277.000000 429.70628299999998489511
285 568.000000 474.000000 1.48650999999999999801
286 237.000000 201.000000 328.59364900000002762681
287 439.000000 367.000000 104.67909199999999714237
288 310.000000 269.000000 69.12114900000000261571
289 394.000000 339.000000 18.21533200000000007890
290 237.000000 200.000000 227.33001899999999295687
291 457.000000 407.000000 17.95282299999999864326
292 187.000000 162.000000 82.69515199999999310876
293 280.000000 246.000000 139.08492599999999583815
294 374.000000 313.000000 107.98757399999999506690
295 471.000000 399.000000 1.99381699999999995043
296 340.000000 301.000000 72.01995700000000510954
297 220.000000 200.000000 3.81156400000000017414
298 563.000000 477.000000 1.78172700000000006071
299 209.000000 190.000000 9.71302500000000001990
300 339.000000 288.000000 18.99298100000000033560
301 295.000000 257.000000 22.55139199999999988222
302 316.000000 279.000000 80.26749200000000428190
303 357.000000 304.000000 30.25745600000000123941
304 452.000000 385.000000 73.25647700000000384080
305 434.000000 377.000000 79.15625099999999747524
306 323.000000 292.000000 18.48109900000000038744
307 219.000000 190.000000 191.98767900000001418448
308 428.000000 362.000000 35.39339499999999816282
309 217.000000 206.000000 42.88760099999999653164
310 241.000000 199.000000 25.15028500000000022396
311 336.000000 285.000000 304.91414800000001150693
312 303.000000 286.000000 9.02232099999999981321
313 433.000000 358.000000 39.47559600000000301634
314 315.000000 280.000000 36.69852699999999856573
315 328.000000 294.000000 30.09459000000000017394
316 366.000000 311.000000 106.81901700000000232649
317 177.000000 152.000000 133.67858200000000579166
318 414.000000 336.000000 109.84453100000000347336
319 401.000000 336.000000 87.30240399999999567626
320 242.000000 211.000000 111.33836599999999350530
321 324.000000 280.000000 217.74286200000000235377
322 527.000000 457.000000 17.75931599999999832562
323 373.000000 307.000000 336.37848800000000437649
324 376.000000 314.000000 169.53548499999999421561
325 377.000000 322.000000 148.49999500000001262379
326 262.000000 224.000000 53.01613700000000051205
327 343.000000 297.000000 26.59674899999999908573
328 616.000000 520.000000 2.38481999999999993989
329 460.000000 414.000000 11.62518700000000038131
330 395.000000 356.000000 3.14519299999999990547
331 263.000000 226.000000 51.91962000000000188038
332 251.000000 230.000000 45.79616299999999995407
333 312.000000 268.000000 302.08518600000002152228
334 350.000000 298.000000 6.84471200000000035146
335 449.000000 372.000000 57.19922499999999843112
336 346.000000 306.000000 137.10720100000000343243
337 345.000000 298.000000 16.94837300000000013256
338 322.000000 289.000000 6.89345099999999977314
339 389.000000 322.000000 136.49392900000000850014
340 193.000000 174.000000 87.85945100000000707041
341 488.000000 447.000000 30.52198900000000136856
342 447.000000 387.000000 11.72006599999999920669
343 409.000000 346.000000 10.79417899999999974625
344 564.000000 467.000000 23.22064200000000155910
345 215.000000 189.000000 60.27479399999999998272
346 310.000000 270.000000 73.39630099999999401916
347 191.000000 184.000000 14.07668100000000066530
348 493.000000 412.000000 47.65169699999999863849
349 425.000000 364.000000 55.03908799999999956754
350 441.000000 378.000000 14.68415500000000051273
351 302.000000 272.000000 18.87835899999999966781
352 540.000000 475.000000 12.47850500000000018019
353 494.000000 420.000000 28.48769000000000062300
354 458.000000 381.000000 33.61176799999999786905
355 278.000000 240.000000 26.24466299999999918668
356 434.000000 379.000000 19.37262700000000137379
357 342.000000 296.000000 28.32034499999999965780
358 392.000000 329.000000 254.63840500000000588443
359 451.000000 420.000000 5.08918400000000037409
360 538.000000 453.000000 9.85138000000000069178
361 137.000000 115.000000 70.24720200000000147611
362 352.000000 308.000000 8.01907399999999981333
363 348.000000 304.000000 61.77221899999999976671
364 332.000000 281.000000 69.48050299999999879219
365 426.000000 352.000000 54.71664200000000022328
366 500.000000 428.000000 23.09867900000000062732
367 321.000000 269.000000 32.98495199999999982765
368 462.000000 396.000000 46.16489800000000087721
370 393.000000 355.000000 11.59781500000000065143
371 271.000000 235.000000 350.72350299999999378997
372 508.000000 436.000000 16.13408899999999945862
373 180.000000 158.000000 46.08793200000000211958
374 473.000000 383.000000 77.57896399999999914598
375 368.000000 317.000000 45.98875999999999919510
376 361.000000 309.000000 121.78411800000000653199
377 256.000000 236.000000 10.85709400000000002251
378 210.000000 184.000000 39.08068899999999956663
379 211.000000 166.000000 251.31048400000000242471
380 664.000000 545.000000 6.57231699999999996464
381 528.000000 442.000000 15.46016499999999993520
382 252.000000 214.000000 109.01286500000000501132
383 514.000000 429.000000 105.06134000000000128239
384 319.000000 293.000000 20.35949000000000097543
385 412.000000 351.000000 100.76576400000000433010
386 376.000000 335.000000 28.94223500000000015575
387 454.000000 390.000000 12.27265900000000087289
388 342.000000 292.000000 192.08484300000000644104
389 411.000000 354.000000 21.00619000000000013983
390 373.000000 316.000000 147.75853000000000747605
391 454.000000 394.000000 90.88012700000000165801
392 365.000000 312.000000 43.51132299999999730744
393 341.000000 264.000000 184.07051100000001042645
394 217.000000 194.000000 8.45698499999999953047
395 287.000000 247.000000 88.08515199999999367719
396 333.000000 281.000000 22.39759199999999950137
397 496.000000 414.000000 152.48968099999999026295
398 306.000000 276.000000 8.37115900000000046077
399 407.000000 339.000000 160.53576100000000792534
400 330.000000 290.000000 19.05644399999999905049
401 317.000000 266.000000 248.59411399999999048305
402 433.000000 363.000000 31.08035800000000037357
403 448.000000 387.000000 13.23056399999999932504
404 254.000000 225.000000 16.07051600000000135537
405 503.000000 430.000000 8.14071799999999967667
406 386.000000 338.000000 28.82431000000000054229
407 365.000000 313.000000 220.32659400000000005093
408 288.000000 229.000000 1334.26298599999995531107
409 287.000000 247.000000 38.65133300000000105001
410 336.000000 278.000000 200.38950800000000640466
411 398.000000 359.000000 72.00637600000000304590
412 254.000000 228.000000 21.49901399999999895840
413 539.000000 455.000000 61.68299400000000076716
414 453.000000 402.000000 10.34070200000000028240
415 587.000000 506.000000 6.28713299999999986056
416 350.000000 309.000000 30.46333200000000118735
417 420.000000 347.000000 190.70473100000000954424
418 413.000000 334.000000 33.40650000000000119371
419 322.000000 273.000000 227.57270399999998744534
420 501.000000 431.000000 3.73168999999999995154
