1 1125.000000 989.000000 349.62269600000001901208
3 886.000000 752.000000 453.36610999999999194188
4 509.000000 468.000000 1405.60168100000009872019
5 666.000000 599.000000 781.37812499999995452526
8 702.000000 597.000000 643.11415099999999256397
9 804.000000 705.000000 218.91975899999999910506
12 816.000000 773.000000 336.14175399999999171996
13 765.000000 701.000000 389.77600300000000288492
18 645.000000 582.000000 685.48377000000004954927
19 757.000000 676.000000 27.73186799999999863076
20 627.000000 583.000000 139.72215199999999413194
21 942.000000 851.000000 237.93754000000001269655
23 734.000000 662.000000 58.12261199999999661259
24 402.000000 365.000000 430.06379600000002483284
25 792.000000 699.000000 119.47823400000000049204
26 1153.000000 1017.000000 58.45678399999999896863
28 812.000000 711.000000 332.61558200000001761509
29 651.000000 559.000000 701.39983500000005278707
33 912.000000 809.000000 834.10682999999994535756
35 593.000000 509.000000 622.99649199999998927524
36 678.000000 622.000000 715.00065199999994547397
43 667.000000 597.000000 99.64310899999999548982
45 539.000000 476.000000 269.35557999999997491614
47 885.000000 797.000000 191.92459700000000566433
48 872.000000 771.000000 39.37155200000000121463
