1 14.000000 12.000000 0.11901000000000000467
2 10.000000 10.000000 0.05568800000000000139
3 12.000000 10.000000 0.02742400000000000046
4 10.000000 8.000000 0.01977999999999999897
5 11.000000 11.000000 0.04417900000000000299
6 15.000000 13.000000 0.01708000000000000143
7 15.000000 12.000000 0.03993100000000000122
8 14.000000 11.000000 0.02098699999999999871
9 13.000000 12.000000 0.01906400000000000108
10 9.000000 8.000000 0.01693400000000000113
11 14.000000 11.000000 0.02105900000000000133
12 10.000000 10.000000 0.01446000000000000063
13 12.000000 12.000000 0.01443599999999999918
14 12.000000 12.000000 0.01561000000000000061
15 8.000000 8.000000 0.01447299999999999975
16 13.000000 11.000000 0.01431800000000000087
17 9.000000 8.000000 0.01503999999999999955
18 10.000000 10.000000 0.01457400000000000015
19 11.000000 11.000000 0.01533699999999999994
20 12.000000 11.000000 0.01388200000000000024
21 13.000000 11.000000 0.01478400000000000027
22 11.000000 10.000000 0.01499900000000000018
23 12.000000 10.000000 0.01426099999999999937
24 14.000000 13.000000 0.01706699999999999884
25 10.000000 9.000000 0.01339699999999999919
26 7.000000 7.000000 0.01341299999999999958
27 14.000000 12.000000 0.01381399999999999989
28 13.000000 11.000000 0.01766600000000000115
29 20.000000 14.000000 0.01263700000000000066
30 16.000000 12.000000 0.01261999999999999927
31 15.000000 13.000000 0.03581700000000000161
32 19.000000 15.000000 0.03179699999999999888
33 12.000000 12.000000 0.03010099999999999928
34 9.000000 8.000000 0.01965700000000000086
35 16.000000 16.000000 0.01455799999999999976
36 20.000000 17.000000 0.01672900000000000081
37 13.000000 11.000000 0.01346299999999999927
38 8.000000 8.000000 0.01395899999999999919
39 17.000000 15.000000 0.01337499999999999974
40 8.000000 8.000000 0.01474999999999999922
41 10.000000 9.000000 0.02353399999999999936
42 14.000000 11.000000 0.01338899999999999986
43 11.000000 9.000000 0.01261900000000000001
44 12.000000 9.000000 0.01338300000000000080
45 15.000000 13.000000 0.01288699999999999915
46 18.000000 14.000000 0.01258399999999999970
47 19.000000 15.000000 0.01338600000000000033
48 16.000000 14.000000 0.01253800000000000053
49 10.000000 9.000000 0.01327300000000000008
50 9.000000 9.000000 0.01328999999999999973
51 20.000000 14.000000 0.01316999999999999942
52 16.000000 12.000000 0.01432100000000000040
53 8.000000 8.000000 0.01454399999999999964
54 13.000000 11.000000 0.01422299999999999953
55 13.000000 11.000000 0.03955000000000000182
56 16.000000 14.000000 0.01319700000000000040
57 16.000000 14.000000 0.01539199999999999943
58 14.000000 11.000000 0.01429099999999999988
59 14.000000 12.000000 0.01420300000000000035
60 15.000000 13.000000 0.01353799999999999969
61 10.000000 8.000000 0.01277900000000000043
62 11.000000 10.000000 0.01301399999999999953
63 12.000000 10.000000 0.03052600000000000105
64 11.000000 10.000000 0.03126799999999999718
65 17.000000 15.000000 0.02984900000000000053
66 14.000000 12.000000 0.02739799999999999874
67 14.000000 13.000000 0.02743800000000000058
68 10.000000 10.000000 0.01602299999999999905
69 8.000000 8.000000 0.04583600000000000174
70 11.000000 9.000000 0.01252600000000000068
71 10.000000 10.000000 0.01320900000000000026
72 14.000000 14.000000 0.01457600000000000041
73 17.000000 14.000000 0.01237399999999999958
74 13.000000 11.000000 0.01259300000000000003
75 13.000000 12.000000 0.01351300000000000071
76 11.000000 10.000000 0.01236600000000000026
77 9.000000 9.000000 0.01325899999999999995
78 13.000000 10.000000 0.01239900000000000030
79 16.000000 14.000000 0.01455599999999999949
80 21.000000 19.000000 0.01469200000000000020
81 12.000000 11.000000 0.01276700000000000057
82 13.000000 12.000000 0.01391700000000000055
83 15.000000 13.000000 0.02944099999999999842
84 14.000000 12.000000 0.01320400000000000046
85 12.000000 11.000000 0.01311499999999999992
86 15.000000 12.000000 0.01352000000000000077
87 14.000000 12.000000 0.02714599999999999999
88 21.000000 17.000000 0.01315000000000000023
89 14.000000 13.000000 0.02225299999999999848
90 10.000000 10.000000 0.01441699999999999926
91 11.000000 11.000000 0.01310099999999999980
92 16.000000 16.000000 0.01365099999999999994
93 13.000000 11.000000 0.01305699999999999916
94 17.000000 13.000000 0.01872000000000000053
95 11.000000 11.000000 0.01450100000000000000
96 12.000000 12.000000 0.01404599999999999946
97 14.000000 12.000000 0.01749799999999999967
98 13.000000 12.000000 0.01359699999999999971
99 11.000000 11.000000 0.01451999999999999992
100 11.000000 10.000000 0.02440499999999999961
101 13.000000 12.000000 0.01335700000000000082
102 14.000000 13.000000 0.01794000000000000108
103 10.000000 9.000000 0.01414900000000000012
104 12.000000 11.000000 0.01428600000000000009
105 18.000000 15.000000 0.01370099999999999964
106 15.000000 13.000000 0.01217099999999999953
107 18.000000 14.000000 0.01374399999999999927
108 16.000000 12.000000 0.03042600000000000166
109 14.000000 12.000000 0.01370900000000000070
110 10.000000 10.000000 0.01419600000000000029
111 9.000000 9.000000 0.01374500000000000027
112 15.000000 13.000000 0.01275300000000000045
113 19.000000 16.000000 0.01291699999999999966
114 13.000000 11.000000 0.01599599999999999980
115 10.000000 10.000000 0.01262800000000000034
116 17.000000 15.000000 0.01277599999999999916
117 16.000000 15.000000 0.01266199999999999964
118 11.000000 10.000000 0.01342800000000000070
119 13.000000 11.000000 0.01270400000000000001
120 16.000000 12.000000 0.01350600000000000064
121 21.000000 18.000000 0.01314000000000000064
122 14.000000 12.000000 0.02806700000000000167
123 12.000000 12.000000 0.01501000000000000077
124 11.000000 10.000000 0.01550099999999999915
125 11.000000 11.000000 0.02461999999999999952
126 13.000000 13.000000 0.02752800000000000039
127 12.000000 10.000000 0.01718400000000000136
128 13.000000 11.000000 0.01298999999999999981
129 11.000000 11.000000 0.01534800000000000053
130 11.000000 11.000000 0.01246099999999999985
131 19.000000 16.000000 0.03667700000000000127
132 14.000000 12.000000 0.01336999999999999994
133 12.000000 10.000000 0.01256200000000000025
134 12.000000 11.000000 0.01306099999999999969
135 11.000000 10.000000 0.01326100000000000022
136 14.000000 11.000000 0.01317100000000000042
137 13.000000 11.000000 0.02748600000000000002
138 13.000000 11.000000 0.01328099999999999940
139 15.000000 12.000000 0.01249699999999999943
140 9.000000 9.000000 0.01302900000000000065
141 16.000000 13.000000 0.01261299999999999921
142 11.000000 10.000000 0.01272399999999999920
143 13.000000 11.000000 0.01247000000000000018
144 11.000000 10.000000 0.01242799999999999981
145 19.000000 16.000000 0.03354300000000000337
146 13.000000 11.000000 0.02568900000000000003
147 10.000000 10.000000 0.01899199999999999847
148 13.000000 11.000000 0.01297399999999999942
149 9.000000 9.000000 0.01309899999999999953
150 13.000000 12.000000 0.04082299999999999818
151 20.000000 17.000000 0.03965199999999999975
152 12.000000 11.000000 0.01314899999999999923
153 12.000000 12.000000 0.01580000000000000154
154 14.000000 13.000000 0.02808700000000000085
155 14.000000 11.000000 0.03471500000000000280
156 10.000000 10.000000 0.03125700000000000006
157 16.000000 14.000000 0.01255900000000000072
158 16.000000 13.000000 0.03947599999999999720
159 19.000000 17.000000 0.01291800000000000066
160 10.000000 10.000000 0.01341700000000000011
161 11.000000 11.000000 0.03375100000000000322
162 10.000000 10.000000 0.01328700000000000020
163 13.000000 11.000000 0.01311900000000000045
164 10.000000 10.000000 0.01331000000000000065
165 16.000000 13.000000 0.01379299999999999971
166 13.000000 12.000000 0.01318599999999999980
167 14.000000 13.000000 0.03562599999999999795
168 11.000000 10.000000 0.04501600000000000046
169 13.000000 10.000000 0.01369000000000000078
170 15.000000 13.000000 0.04992200000000000110
171 9.000000 9.000000 0.01422999999999999959
172 17.000000 14.000000 0.01625800000000000162
173 19.000000 15.000000 0.01264999999999999979
174 15.000000 12.000000 0.01315400000000000076
175 10.000000 10.000000 0.01413000000000000020
176 10.000000 10.000000 0.01398800000000000043
177 16.000000 13.000000 0.04492399999999999866
178 13.000000 12.000000 0.01592800000000000119
179 14.000000 12.000000 0.01450500000000000053
180 16.000000 13.000000 0.02822799999999999962
181 14.000000 12.000000 0.02571100000000000121
182 14.000000 11.000000 0.01457999999999999921
183 17.000000 13.000000 0.02780200000000000032
184 17.000000 15.000000 0.03155399999999999872
185 10.000000 10.000000 0.01356899999999999946
186 16.000000 14.000000 0.01410600000000000048
187 9.000000 8.000000 0.01350299999999999938
188 13.000000 11.000000 0.02127899999999999930
189 12.000000 12.000000 0.01515200000000000054
190 9.000000 9.000000 0.01381800000000000042
191 10.000000 10.000000 0.03728499999999999870
192 10.000000 9.000000 0.03208400000000000141
193 12.000000 11.000000 0.03017900000000000096
194 15.000000 15.000000 0.01251299999999999982
195 18.000000 16.000000 0.02854900000000000146
196 13.000000 12.000000 0.01273900000000000032
197 17.000000 13.000000 0.01271199999999999934
198 13.000000 12.000000 0.01396099999999999945
199 13.000000 13.000000 0.01279199999999999955
200 13.000000 13.000000 0.02136000000000000051
201 9.000000 8.000000 0.01333299999999999937
202 12.000000 11.000000 0.01389600000000000037
203 13.000000 11.000000 0.01357500000000000026
204 10.000000 9.000000 0.01214200000000000002
205 15.000000 11.000000 0.01206699999999999960
206 14.000000 12.000000 0.02679499999999999937
207 18.000000 16.000000 0.01459500000000000033
208 14.000000 13.000000 0.03412500000000000255
209 15.000000 13.000000 0.01281400000000000074
210 11.000000 9.000000 0.04256599999999999967
211 10.000000 10.000000 0.02937899999999999887
212 11.000000 11.000000 0.02906399999999999956
213 17.000000 15.000000 0.03005400000000000085
214 14.000000 14.000000 0.01254500000000000060
215 13.000000 11.000000 0.01327899999999999914
216 14.000000 12.000000 0.02907399999999999915
217 13.000000 12.000000 0.03079399999999999846
218 13.000000 11.000000 0.02964500000000000121
219 13.000000 11.000000 0.02907699999999999868
220 12.000000 10.000000 0.02348099999999999840
221 14.000000 13.000000 0.01237800000000000011
222 9.000000 9.000000 0.01240800000000000063
223 14.000000 12.000000 0.02788500000000000006
224 23.000000 16.000000 0.02250100000000000017
225 13.000000 12.000000 0.01481599999999999931
226 9.000000 9.000000 0.01396299999999999972
227 14.000000 11.000000 0.01211500000000000077
228 11.000000 10.000000 0.01311900000000000045
229 12.000000 11.000000 0.01291100000000000060
230 15.000000 11.000000 0.02360200000000000145
231 11.000000 11.000000 0.04589000000000000024
232 10.000000 10.000000 0.04207299999999999929
233 11.000000 10.000000 0.01240499999999999936
234 10.000000 9.000000 0.01229099999999999984
235 11.000000 9.000000 0.01258100000000000017
236 15.000000 12.000000 0.01299100000000000081
237 10.000000 10.000000 0.02659900000000000111
238 10.000000 10.000000 0.01904300000000000090
239 19.000000 16.000000 0.01419199999999999975
240 15.000000 13.000000 0.01483100000000000043
241 13.000000 12.000000 0.01227100000000000066
242 16.000000 14.000000 0.01183500000000000003
243 8.000000 8.000000 0.01250899999999999929
244 13.000000 11.000000 0.02105500000000000080
245 14.000000 12.000000 0.01302400000000000085
246 10.000000 8.000000 0.01244999999999999926
247 14.000000 13.000000 0.02347799999999999887
248 9.000000 8.000000 0.01570099999999999968
249 13.000000 12.000000 0.03026500000000000024
250 13.000000 12.000000 0.01628800000000000039
251 10.000000 10.000000 0.01391799999999999982
252 13.000000 12.000000 0.05501600000000000240
253 14.000000 12.000000 0.01260900000000000042
254 9.000000 9.000000 0.01275800000000000024
255 20.000000 16.000000 0.01142600000000000039
256 16.000000 13.000000 0.01224899999999999947
257 11.000000 11.000000 0.03069500000000000006
258 10.000000 9.000000 0.01241899999999999948
259 11.000000 10.000000 0.01308899999999999994
260 14.000000 11.000000 0.01211899999999999956
261 15.000000 12.000000 0.01224500000000000068
262 16.000000 12.000000 0.01231499999999999956
263 12.000000 10.000000 0.01209799999999999938
264 12.000000 12.000000 0.01265699999999999985
265 15.000000 12.000000 0.01312999999999999931
266 13.000000 13.000000 0.01295299999999999924
267 12.000000 12.000000 0.01234299999999999981
268 12.000000 11.000000 0.01373699999999999921
269 13.000000 12.000000 0.02926399999999999835
270 18.000000 18.000000 0.01240999999999999916
271 16.000000 11.000000 0.01271000000000000081
272 13.000000 12.000000 0.01359199999999999992
273 12.000000 11.000000 0.01362799999999999949
274 11.000000 10.000000 0.01280599999999999968
275 10.000000 10.000000 0.01294599999999999917
276 16.000000 13.000000 0.01981399999999999828
277 15.000000 13.000000 0.01339399999999999966
278 11.000000 11.000000 0.01915199999999999889
279 8.000000 8.000000 0.02955899999999999847
280 12.000000 11.000000 0.02841300000000000076
281 13.000000 11.000000 0.01527500000000000038
282 10.000000 10.000000 0.02265500000000000153
283 16.000000 13.000000 0.01244900000000000000
284 13.000000 12.000000 0.01572399999999999839
285 15.000000 13.000000 0.01428100000000000029
286 12.000000 12.000000 0.01195599999999999961
287 11.000000 10.000000 0.01258399999999999970
288 11.000000 11.000000 0.01225099999999999974
289 8.000000 8.000000 0.02083600000000000035
290 13.000000 11.000000 0.02028200000000000142
291 21.000000 17.000000 0.02212400000000000130
292 15.000000 13.000000 0.01228699999999999931
293 23.000000 18.000000 0.01119999999999999989
294 18.000000 14.000000 0.01238799999999999971
295 12.000000 10.000000 0.01311999999999999972
296 12.000000 11.000000 0.01357799999999999979
297 9.000000 8.000000 0.01326800000000000028
298 16.000000 13.000000 0.03160700000000000315
299 9.000000 9.000000 0.01241599999999999995
300 14.000000 12.000000 0.01215399999999999987
301 8.000000 8.000000 0.01397900000000000011
302 8.000000 8.000000 0.02975600000000000120
303 17.000000 14.000000 0.02619600000000000053
304 20.000000 16.000000 0.02646499999999999894
305 12.000000 11.000000 0.03663500000000000090
306 10.000000 10.000000 0.02960799999999999890
307 16.000000 16.000000 0.01325699999999999969
308 10.000000 10.000000 0.02394100000000000047
309 12.000000 12.000000 0.02658299999999999899
310 14.000000 12.000000 0.02642600000000000157
311 14.000000 14.000000 0.01430099999999999948
312 12.000000 11.000000 0.01940800000000000164
313 9.000000 9.000000 0.01850500000000000062
314 17.000000 16.000000 0.02625399999999999956
315 13.000000 11.000000 0.03035799999999999957
316 14.000000 12.000000 0.03759400000000000241
317 16.000000 13.000000 0.03318700000000000122
318 11.000000 10.000000 0.03018600000000000103
319 16.000000 13.000000 0.02760900000000000160
320 16.000000 13.000000 0.02812299999999999869
321 11.000000 10.000000 0.06038000000000000311
322 14.000000 13.000000 0.01353099999999999963
323 14.000000 11.000000 0.01289299999999999995
324 7.000000 7.000000 0.01439900000000000034
325 12.000000 12.000000 0.01435699999999999997
326 14.000000 11.000000 0.01438000000000000042
327 11.000000 11.000000 0.01450000000000000074
328 14.000000 13.000000 0.01576100000000000070
329 18.000000 14.000000 0.01304600000000000030
330 11.000000 11.000000 0.01532700000000000035
331 10.000000 10.000000 0.01552599999999999987
332 9.000000 9.000000 0.01436100000000000050
333 11.000000 10.000000 0.01320999999999999952
334 12.000000 12.000000 0.01350499999999999964
335 14.000000 13.000000 0.01335800000000000008
336 9.000000 8.000000 0.01431800000000000087
337 12.000000 12.000000 0.01398800000000000043
338 22.000000 16.000000 0.01228300000000000052
339 17.000000 15.000000 0.01354299999999999948
340 12.000000 12.000000 0.01520700000000000003
341 14.000000 11.000000 0.01371999999999999956
342 8.000000 8.000000 0.01545700000000000025
343 12.000000 12.000000 0.01454500000000000064
344 15.000000 13.000000 0.01319500000000000013
345 10.000000 10.000000 0.01319099999999999960
346 19.000000 13.000000 0.01541599999999999915
347 13.000000 12.000000 0.01387500000000000018
348 14.000000 11.000000 0.01441100000000000020
349 12.000000 12.000000 0.01496399999999999987
350 14.000000 14.000000 0.01327500000000000034
351 16.000000 15.000000 0.01331099999999999992
352 10.000000 9.000000 0.01335500000000000055
353 14.000000 13.000000 0.02310900000000000107
354 11.000000 10.000000 0.01441100000000000020
355 17.000000 14.000000 0.01338100000000000053
356 17.000000 13.000000 0.01300699999999999946
357 8.000000 8.000000 0.01316400000000000035
358 13.000000 11.000000 0.01374799999999999980
359 14.000000 13.000000 0.01406800000000000064
360 16.000000 12.000000 0.01349400000000000079
361 12.000000 11.000000 0.01471000000000000085
362 10.000000 10.000000 0.01488500000000000066
363 17.000000 13.000000 0.04003199999999999814
364 9.000000 9.000000 0.02975200000000000067
365 16.000000 15.000000 0.02629700000000000093
366 13.000000 11.000000 0.01363100000000000075
367 14.000000 14.000000 0.02249400000000000011
368 15.000000 14.000000 0.04761800000000000060
369 13.000000 12.000000 0.02908900000000000027
370 11.000000 11.000000 0.03436800000000000271
371 14.000000 11.000000 0.04720499999999999696
372 14.000000 13.000000 0.03131899999999999962
373 7.000000 7.000000 0.03941800000000000165
374 14.000000 11.000000 0.03710399999999999809
375 10.000000 9.000000 0.01283300000000000066
376 15.000000 12.000000 0.01384299999999999940
377 13.000000 13.000000 0.01661800000000000083
378 16.000000 12.000000 0.01289700000000000048
379 17.000000 14.000000 0.01239999999999999956
380 10.000000 9.000000 0.01341700000000000011
381 14.000000 11.000000 0.01401499999999999968
382 12.000000 11.000000 0.01443099999999999938
383 12.000000 10.000000 0.01395700000000000066
384 17.000000 14.000000 0.02855999999999999858
385 7.000000 7.000000 0.03354100000000000137
386 13.000000 11.000000 0.03630300000000000193
387 13.000000 11.000000 0.02887800000000000089
388 17.000000 14.000000 0.01250800000000000002
389 13.000000 12.000000 0.01311900000000000045
390 14.000000 13.000000 0.01267599999999999977
391 13.000000 13.000000 0.01381300000000000062
392 17.000000 13.000000 0.01322100000000000011
393 12.000000 10.000000 0.01288199999999999935
394 10.000000 9.000000 0.01373800000000000021
395 7.000000 7.000000 0.01285500000000000011
396 10.000000 10.000000 0.01447799999999999955
397 19.000000 14.000000 0.01276399999999999930
398 17.000000 13.000000 0.01276900000000000084
399 14.000000 13.000000 0.01322300000000000038
400 12.000000 10.000000 0.01327399999999999934
401 22.000000 17.000000 0.01234599999999999934
402 13.000000 12.000000 0.01269999999999999948
403 15.000000 13.000000 0.01366999999999999986
404 16.000000 15.000000 0.01381899999999999969
405 19.000000 17.000000 0.01181199999999999958
406 11.000000 11.000000 0.01398300000000000064
407 16.000000 15.000000 0.01377500000000000079
408 12.000000 12.000000 0.01376499999999999946
409 17.000000 13.000000 0.01375900000000000040
410 10.000000 9.000000 0.01375499999999999987
411 10.000000 10.000000 0.01319700000000000040
412 9.000000 9.000000 0.02873099999999999959
413 12.000000 12.000000 0.01317399999999999995
414 19.000000 16.000000 0.01486700000000000001
415 10.000000 10.000000 0.01269699999999999995
416 15.000000 11.000000 0.01279500000000000082
417 7.000000 7.000000 0.01373399999999999968
418 7.000000 7.000000 0.01251799999999999961
419 16.000000 12.000000 0.01257699999999999964
420 9.000000 8.000000 0.01255500000000000019
