1 79.000000 67.000000 0.36018400000000000416
2 31.000000 25.000000 0.25797300000000000786
3 37.000000 34.000000 0.09132700000000000540
4 45.000000 37.000000 0.10769800000000000206
5 54.000000 45.000000 0.21304100000000000814
6 54.000000 44.000000 0.15382399999999998852
7 82.000000 61.000000 0.14652699999999999059
8 60.000000 52.000000 0.17893600000000001171
9 36.000000 31.000000 0.20220399999999999485
10 53.000000 42.000000 0.06944699999999999485
11 56.000000 48.000000 0.07549000000000000155
12 37.000000 33.000000 0.08770799999999999430
13 60.000000 50.000000 0.05746300000000000019
14 48.000000 42.000000 0.08822099999999999387
15 45.000000 41.000000 0.09738900000000000334
16 51.000000 44.000000 0.11603099999999999525
17 41.000000 34.000000 0.09584700000000000164
18 58.000000 48.000000 0.06391900000000000359
19 70.000000 58.000000 0.04955199999999999882
20 58.000000 43.000000 0.06384399999999999797
21 54.000000 46.000000 0.09362900000000000389
22 37.000000 35.000000 0.13055100000000000038
23 68.000000 57.000000 0.07545000000000000318
24 27.000000 25.000000 0.18589200000000000168
25 55.000000 49.000000 0.14950299999999999701
26 69.000000 55.000000 0.13722400000000001263
27 64.000000 54.000000 0.06696499999999999675
28 40.000000 36.000000 0.11716699999999999338
29 11.000000 11.000000 0.14040300000000000002
30 55.000000 42.000000 0.11908000000000000529
31 52.000000 45.000000 0.15196699999999999098
32 47.000000 36.000000 0.13731799999999999562
33 53.000000 47.000000 0.15566399999999999681
34 69.000000 57.000000 0.20282400000000000428
35 43.000000 35.000000 0.13317399999999998683
36 48.000000 41.000000 0.17296200000000000463
37 44.000000 34.000000 0.39725500000000002476
38 46.000000 38.000000 0.12166399999999999437
39 20.000000 19.000000 0.10959299999999999597
40 56.000000 43.000000 0.08416300000000000170
41 23.000000 22.000000 0.11333699999999999330
42 88.000000 71.000000 0.13095499999999998808
43 36.000000 31.000000 0.10556999999999999718
44 73.000000 55.000000 0.16623399999999999288
45 44.000000 36.000000 0.25454999999999999849
46 62.000000 52.000000 0.09406499999999999584
47 50.000000 42.000000 0.05161500000000000116
48 22.000000 21.000000 0.08202800000000000369
49 68.000000 55.000000 0.08022500000000000464
50 31.000000 25.000000 0.10696600000000000552
51 42.000000 36.000000 0.17394799999999999152
52 61.000000 46.000000 0.07200199999999999656
53 57.000000 44.000000 0.10425099999999999645
54 38.000000 32.000000 0.09228600000000000692
55 57.000000 50.000000 0.07011199999999999377
56 34.000000 28.000000 0.08142399999999999638
57 65.000000 54.000000 0.04622500000000000220
58 40.000000 37.000000 0.07188100000000000045
59 47.000000 40.000000 0.16569700000000001094
60 48.000000 44.000000 0.13294400000000000661
61 50.000000 43.000000 0.19648499999999999299
62 55.000000 44.000000 0.15050099999999999589
63 35.000000 27.000000 0.22926099999999999257
64 34.000000 28.000000 0.14649499999999998634
65 39.000000 36.000000 0.10084999999999999520
66 46.000000 41.000000 0.09504200000000000148
67 67.000000 54.000000 0.06687200000000000089
68 73.000000 53.000000 0.21495500000000000718
69 55.000000 45.000000 0.05511599999999999833
70 46.000000 36.000000 0.13836899999999999200
71 64.000000 58.000000 0.08282499999999999585
72 72.000000 69.000000 0.19794200000000000683
73 64.000000 51.000000 0.16969500000000001250
74 29.000000 25.000000 0.15011800000000000144
75 65.000000 50.000000 0.13525200000000001110
76 52.000000 46.000000 0.26583400000000001473
77 52.000000 43.000000 0.16975499999999998924
78 56.000000 48.000000 0.12019599999999999729
79 38.000000 30.000000 0.32805099999999998150
80 66.000000 53.000000 0.07993799999999999517
81 34.000000 29.000000 0.06621499999999999608
82 45.000000 40.000000 0.06896099999999999453
83 40.000000 35.000000 0.14460500000000001131
84 43.000000 36.000000 0.19524400000000000088
85 73.000000 58.000000 0.07567200000000000315
86 66.000000 59.000000 0.08078499999999999570
87 39.000000 34.000000 0.10131300000000000028
88 37.000000 36.000000 0.05178800000000000070
89 26.000000 24.000000 0.09934300000000000075
90 51.000000 47.000000 0.08347999999999999865
91 41.000000 39.000000 0.17613000000000000878
92 51.000000 41.000000 0.22619600000000000817
93 60.000000 47.000000 0.07607200000000000073
94 42.000000 36.000000 0.16370899999999999341
95 62.000000 51.000000 0.08668099999999999417
96 50.000000 41.000000 0.07451099999999999390
97 42.000000 34.000000 0.11669000000000000206
98 50.000000 37.000000 0.14669999999999999707
99 63.000000 49.000000 0.05686000000000000082
100 66.000000 57.000000 0.10071399999999999797
101 54.000000 43.000000 0.61807400000000001228
102 54.000000 46.000000 0.33716099999999998849
103 43.000000 38.000000 0.17942800000000000415
104 52.000000 40.000000 0.13520699999999999386
105 41.000000 35.000000 0.32646399999999997643
106 26.000000 24.000000 0.25478000000000000647
107 67.000000 52.000000 0.16210700000000000109
108 33.000000 30.000000 0.18529999999999999249
109 66.000000 55.000000 0.33035999999999998700
110 47.000000 39.000000 0.26048900000000002608
111 30.000000 29.000000 0.14436399999999999233
112 43.000000 37.000000 0.06639100000000000557
113 74.000000 55.000000 0.15107799999999999008
114 53.000000 50.000000 0.11319899999999999407
115 36.000000 28.000000 0.18271999999999999353
116 66.000000 47.000000 0.10324700000000000544
117 52.000000 44.000000 0.12525500000000000522
118 63.000000 50.000000 0.07975999999999999757
119 36.000000 30.000000 0.12316199999999999370
120 65.000000 56.000000 0.08080199999999999882
121 85.000000 65.000000 0.04348699999999999788
122 53.000000 45.000000 0.08797000000000000652
123 37.000000 33.000000 0.09002100000000000379
124 27.000000 26.000000 0.13143799999999999928
125 53.000000 45.000000 0.11573999999999999566
126 81.000000 68.000000 0.11972800000000000109
127 84.000000 67.000000 0.19359599999999999032
128 61.000000 50.000000 0.18073900000000001076
129 54.000000 45.000000 0.17521700000000001163
130 49.000000 43.000000 0.19095400000000001262
131 52.000000 43.000000 0.15090899999999998760
132 26.000000 26.000000 0.11730899999999999661
133 34.000000 34.000000 0.10429700000000000082
134 48.000000 42.000000 0.21945600000000001217
135 55.000000 50.000000 0.15044199999999999240
136 47.000000 42.000000 0.21877699999999999925
137 44.000000 40.000000 0.19744800000000001239
138 46.000000 38.000000 0.21621899999999999453
139 46.000000 36.000000 0.18408700000000000063
140 88.000000 70.000000 0.17889099999999999446
141 63.000000 53.000000 0.09621999999999999997
142 61.000000 51.000000 0.08046200000000000574
143 48.000000 44.000000 0.05041299999999999948
144 46.000000 38.000000 0.25224099999999999300
145 36.000000 30.000000 0.17103499999999999259
146 44.000000 37.000000 0.16095599999999998797
147 73.000000 61.000000 0.14233399999999998831
148 75.000000 58.000000 0.10092099999999999682
149 58.000000 48.000000 0.10635600000000000609
150 63.000000 50.000000 0.13462399999999999367
151 49.000000 36.000000 0.23692599999999999771
152 34.000000 30.000000 0.10954400000000000248
153 31.000000 30.000000 0.09258700000000000263
154 54.000000 51.000000 0.02840099999999999916
155 52.000000 42.000000 0.09182400000000000284
156 72.000000 57.000000 0.07007599999999999940
157 71.000000 53.000000 0.36248000000000002441
158 85.000000 61.000000 0.12545200000000000795
159 40.000000 35.000000 0.38834099999999999175
160 60.000000 50.000000 0.04999200000000000171
161 65.000000 50.000000 0.08684600000000000652
162 68.000000 54.000000 0.05353999999999999732
163 46.000000 39.000000 0.06549699999999999966
164 59.000000 48.000000 0.07276599999999999735
165 33.000000 31.000000 0.14061499999999999000
166 47.000000 39.000000 0.08592400000000000038
167 44.000000 35.000000 0.10071599999999999997
168 25.000000 22.000000 0.20974300000000001276
169 79.000000 64.000000 0.08572100000000000553
170 47.000000 37.000000 0.10019200000000000328
171 43.000000 36.000000 0.07712299999999999711
172 44.000000 37.000000 0.08424800000000000344
173 56.000000 51.000000 0.07024800000000000488
174 28.000000 27.000000 0.10748099999999999321
175 48.000000 37.000000 0.19380400000000000404
176 65.000000 55.000000 0.05101599999999999885
177 41.000000 35.000000 0.13181300000000001349
178 56.000000 50.000000 0.17100199999999998735
179 58.000000 54.000000 0.13859399999999999498
180 39.000000 36.000000 0.08665399999999999492
181 77.000000 62.000000 0.08004799999999999416
182 35.000000 32.000000 0.07846699999999999509
183 50.000000 44.000000 0.09561000000000000054
184 25.000000 22.000000 0.08896999999999999353
185 44.000000 38.000000 0.10583800000000000152
186 46.000000 43.000000 0.11004600000000000493
187 55.000000 46.000000 0.07758299999999999919
188 64.000000 58.000000 0.04839100000000000346
189 58.000000 49.000000 0.06943900000000000072
190 53.000000 45.000000 0.07546899999999999442
191 55.000000 44.000000 0.06871199999999999530
192 57.000000 49.000000 0.11783399999999999430
193 73.000000 58.000000 0.06402800000000000158
194 45.000000 45.000000 0.10747500000000000109
195 48.000000 40.000000 0.08464000000000000690
196 39.000000 38.000000 0.07589200000000000113
197 61.000000 51.000000 0.14661599999999999633
198 39.000000 35.000000 0.09593400000000000538
199 42.000000 34.000000 0.06160199999999999704
200 68.000000 60.000000 0.07804200000000000026
201 41.000000 35.000000 0.08960700000000000609
202 18.000000 17.000000 0.10098400000000000432
203 93.000000 65.000000 0.06125400000000000289
204 46.000000 43.000000 0.07113600000000000478
205 56.000000 48.000000 0.05807699999999999668
206 59.000000 48.000000 0.07257299999999999862
207 47.000000 43.000000 0.11702500000000000402
208 50.000000 39.000000 0.04976799999999999974
209 61.000000 46.000000 0.05963299999999999851
210 62.000000 43.000000 0.06362900000000000500
211 51.000000 44.000000 0.12576599999999998891
212 70.000000 56.000000 0.08078299999999999370
213 51.000000 43.000000 0.10649699999999999445
214 50.000000 39.000000 0.11529899999999999871
215 54.000000 45.000000 0.07428600000000000481
216 62.000000 50.000000 0.11221599999999999631
217 76.000000 57.000000 0.06349399999999999489
218 66.000000 56.000000 0.07059500000000000497
219 76.000000 58.000000 0.11912499999999999478
220 58.000000 47.000000 0.09605600000000000249
221 64.000000 45.000000 0.07614200000000000135
222 54.000000 45.000000 0.12622500000000000386
223 52.000000 44.000000 0.10893999999999999517
224 42.000000 37.000000 0.05932400000000000173
225 46.000000 43.000000 0.12987000000000001321
226 85.000000 57.000000 0.05550800000000000178
227 51.000000 44.000000 0.11232499999999999429
228 49.000000 39.000000 0.08051400000000000223
229 48.000000 41.000000 0.07728000000000000147
230 46.000000 38.000000 0.08768399999999999805
231 67.000000 54.000000 0.05238600000000000201
232 47.000000 41.000000 0.17472899999999999543
233 65.000000 52.000000 0.12064099999999999824
234 61.000000 47.000000 0.14215800000000000658
235 45.000000 36.000000 0.05847999999999999726
236 53.000000 44.000000 0.08115799999999999403
237 68.000000 56.000000 0.14257300000000000528
238 38.000000 36.000000 0.08074199999999999433
239 46.000000 38.000000 0.05978100000000000080
240 43.000000 36.000000 0.07751900000000000457
241 49.000000 39.000000 0.10081299999999999983
242 25.000000 22.000000 0.08973899999999999932
243 42.000000 36.000000 0.09162800000000000111
244 50.000000 44.000000 0.11464399999999999591
245 58.000000 46.000000 0.07062999999999999834
246 53.000000 43.000000 0.07106999999999999429
247 56.000000 50.000000 0.08719599999999999573
248 39.000000 32.000000 0.12200900000000000634
249 71.000000 52.000000 0.09668000000000000205
250 53.000000 42.000000 0.06103599999999999998
251 27.000000 22.000000 0.18837200000000001165
252 43.000000 42.000000 0.08660299999999999943
253 77.000000 67.000000 0.05798999999999999988
254 67.000000 54.000000 0.07002300000000000191
255 42.000000 32.000000 0.06734700000000000408
256 52.000000 40.000000 0.15850600000000000800
257 43.000000 37.000000 0.09645900000000000307
258 42.000000 38.000000 0.06184699999999999920
259 31.000000 24.000000 0.11799700000000000466
260 66.000000 54.000000 0.14551000000000000045
261 45.000000 39.000000 0.19413500000000000201
262 13.000000 13.000000 0.18348300000000000720
263 54.000000 47.000000 0.17364599999999999480
264 54.000000 49.000000 0.11978900000000000658
265 62.000000 54.000000 0.13728399999999998937
266 44.000000 42.000000 0.07784499999999999753
267 45.000000 35.000000 0.07901700000000000390
268 49.000000 44.000000 0.11798100000000000254
269 48.000000 40.000000 0.06051499999999999935
270 40.000000 31.000000 0.33213900000000001755
271 49.000000 42.000000 0.19376999999999999780
272 62.000000 52.000000 0.19362299999999998956
273 38.000000 33.000000 0.26494699999999998807
274 37.000000 34.000000 0.09164700000000000624
275 60.000000 49.000000 0.07129199999999999426
276 32.000000 27.000000 0.09408400000000000096
277 40.000000 35.000000 0.09729699999999999460
278 39.000000 35.000000 0.06737999999999999545
279 79.000000 61.000000 0.05129899999999999738
280 43.000000 39.000000 0.12675900000000001056
281 67.000000 52.000000 0.03472299999999999692
282 66.000000 51.000000 0.08509500000000000397
283 33.000000 27.000000 0.09790799999999999503
284 55.000000 52.000000 0.07195000000000000007
285 29.000000 27.000000 0.08525299999999999545
286 61.000000 49.000000 0.04491300000000000153
287 41.000000 30.000000 0.08119999999999999440
288 49.000000 39.000000 0.09583400000000000252
289 75.000000 60.000000 0.04339599999999999708
290 51.000000 45.000000 0.07272800000000000098
291 39.000000 34.000000 0.18424399999999999111
292 44.000000 39.000000 0.21521699999999999164
293 55.000000 47.000000 0.07337100000000000566
294 70.000000 51.000000 0.05469199999999999756
295 59.000000 44.000000 0.09785099999999999354
296 46.000000 37.000000 0.06507100000000000384
297 77.000000 65.000000 0.13696800000000000641
298 44.000000 41.000000 0.09799099999999999477
299 60.000000 54.000000 0.11021200000000000441
300 65.000000 49.000000 0.06800799999999999901
301 63.000000 44.000000 0.08876599999999999768
302 50.000000 42.000000 0.05861800000000000344
303 64.000000 54.000000 0.15854199999999998849
304 70.000000 56.000000 0.07165299999999999447
305 47.000000 41.000000 0.13886899999999999245
306 71.000000 61.000000 0.08189899999999999958
307 44.000000 35.000000 0.13092999999999999083
308 33.000000 28.000000 0.12943899999999999850
309 31.000000 29.000000 0.06515799999999999370
310 60.000000 50.000000 0.06491900000000000448
311 40.000000 35.000000 0.10411399999999999821
312 41.000000 35.000000 0.11442800000000000193
313 29.000000 23.000000 0.17180100000000000926
314 47.000000 37.000000 0.10700700000000000489
315 51.000000 42.000000 0.09250500000000000389
316 44.000000 36.000000 0.11083999999999999408
317 34.000000 30.000000 0.17663200000000001122
318 48.000000 37.000000 0.07161800000000000110
319 45.000000 33.000000 0.08725800000000000223
320 55.000000 48.000000 0.14077200000000000824
321 60.000000 42.000000 0.07075900000000000245
322 29.000000 26.000000 0.09207799999999999319
323 39.000000 35.000000 0.12950999999999998624
324 63.000000 54.000000 0.09532400000000000595
325 61.000000 51.000000 0.06058000000000000190
326 56.000000 48.000000 0.08803700000000000414
327 58.000000 44.000000 0.05715100000000000041
328 56.000000 49.000000 0.06901000000000000190
329 77.000000 65.000000 0.06905999999999999639
330 54.000000 47.000000 0.09411799999999999333
331 41.000000 36.000000 0.16792499999999999094
332 35.000000 30.000000 0.05661100000000000160
333 38.000000 32.000000 0.10512000000000000510
334 45.000000 40.000000 0.08365000000000000213
335 45.000000 38.000000 0.07724200000000000510
336 52.000000 41.000000 0.06838600000000000234
337 64.000000 56.000000 0.04650300000000000267
338 72.000000 61.000000 0.05386200000000000015
339 89.000000 65.000000 0.06346300000000000552
340 36.000000 31.000000 0.09494500000000000162
341 47.000000 37.000000 0.08339499999999999691
342 21.000000 18.000000 0.10663899999999999768
343 51.000000 44.000000 0.10673799999999999955
344 62.000000 51.000000 0.11550799999999999956
345 46.000000 39.000000 0.09109399999999999442
346 60.000000 53.000000 0.06767199999999999604
347 42.000000 39.000000 0.15579399999999998805
348 50.000000 44.000000 0.09989299999999999569
349 30.000000 26.000000 0.07507600000000000384
350 61.000000 48.000000 0.46368700000000001582
351 37.000000 37.000000 0.07216500000000000692
352 69.000000 58.000000 0.07144100000000000450
353 36.000000 33.000000 0.12486700000000000577
354 41.000000 33.000000 0.07203500000000000181
355 63.000000 52.000000 0.08634100000000000108
356 70.000000 48.000000 0.17142199999999999105
357 34.000000 32.000000 0.09320699999999999819
358 56.000000 51.000000 0.10764799999999999369
359 23.000000 23.000000 0.10901399999999999979
360 62.000000 53.000000 0.09634700000000000208
361 67.000000 61.000000 0.08173700000000000410
362 44.000000 39.000000 0.12411500000000000310
363 61.000000 49.000000 0.11236799999999999566
364 47.000000 38.000000 0.15039099999999999691
365 81.000000 59.000000 0.08639299999999999757
366 55.000000 45.000000 0.13847300000000001274
367 60.000000 49.000000 0.08014000000000000290
368 26.000000 22.000000 0.09792499999999999816
369 61.000000 51.000000 0.16354499999999999593
370 45.000000 39.000000 0.33523700000000000720
371 52.000000 44.000000 0.20801900000000000945
372 50.000000 41.000000 0.08168899999999999773
373 66.000000 54.000000 0.05239599999999999813
374 74.000000 59.000000 0.20921100000000000807
375 38.000000 32.000000 0.11971700000000000397
376 62.000000 52.000000 0.06129799999999999832
377 47.000000 36.000000 0.13339400000000001256
378 48.000000 36.000000 0.22917399999999998883
379 75.000000 68.000000 0.05357900000000000162
380 43.000000 37.000000 0.10301499999999999546
381 32.000000 27.000000 0.09109599999999999642
382 52.000000 47.000000 0.24306500000000000328
383 55.000000 42.000000 0.07861999999999999544
384 61.000000 49.000000 0.08445800000000000529
385 46.000000 39.000000 0.07493800000000000461
386 77.000000 63.000000 0.07648900000000000143
387 54.000000 45.000000 0.11546299999999999619
388 65.000000 51.000000 0.08052800000000000236
389 43.000000 36.000000 0.12407899999999999485
390 35.000000 32.000000 0.08879800000000000193
391 26.000000 22.000000 0.08414699999999999958
392 36.000000 32.000000 0.14992099999999999871
393 73.000000 62.000000 0.12829399999999999138
394 68.000000 52.000000 0.06776300000000000379
395 58.000000 47.000000 0.07609299999999999398
396 36.000000 34.000000 0.14312900000000000622
397 19.000000 18.000000 0.08490399999999999336
398 37.000000 32.000000 0.10273500000000000687
399 45.000000 39.000000 0.07892899999999999916
400 46.000000 37.000000 0.10285500000000000198
401 36.000000 33.000000 0.08294500000000000484
402 50.000000 43.000000 0.08560199999999999754
403 45.000000 42.000000 0.08346499999999999753
404 23.000000 22.000000 0.09045999999999999874
405 44.000000 35.000000 0.08777200000000000280
406 54.000000 44.000000 0.09898700000000000554
407 62.000000 53.000000 0.08963200000000000334
408 25.000000 25.000000 0.10118000000000000604
409 38.000000 31.000000 0.12753600000000001047
410 60.000000 48.000000 0.04442100000000000215
411 45.000000 36.000000 0.10677100000000000479
412 45.000000 41.000000 0.06503399999999999459
413 42.000000 37.000000 0.11861299999999999621
414 48.000000 42.000000 0.05840900000000000258
415 46.000000 40.000000 0.07683299999999999852
416 63.000000 51.000000 0.11916100000000000303
417 48.000000 39.000000 0.14129900000000000793
418 45.000000 40.000000 0.21614800000000000679
419 63.000000 54.000000 0.08303399999999999670
420 42.000000 33.000000 0.07948299999999999810
