1 110.000000 83.000000 0.58148699999999997612
2 104.000000 84.000000 0.31119599999999997264
3 118.000000 90.000000 1.29400699999999990730
4 97.000000 86.000000 0.89508200000000004426
5 175.000000 150.000000 0.19237899999999999445
6 128.000000 105.000000 0.52824000000000004285
7 30.000000 30.000000 0.41778599999999999071
8 133.000000 104.000000 0.62688600000000005430
9 74.000000 63.000000 0.64624199999999998312
10 63.000000 51.000000 0.97224399999999999711
11 111.000000 91.000000 0.24861600000000000366
12 109.000000 86.000000 0.64269500000000001627
13 130.000000 106.000000 0.40577200000000002156
14 119.000000 100.000000 0.41727100000000000302
15 88.000000 70.000000 0.99416099999999996140
16 105.000000 91.000000 0.25874500000000000277
17 55.000000 47.000000 0.45261899999999999356
18 94.000000 80.000000 0.50065700000000001868
19 150.000000 132.000000 0.35763000000000000345
20 99.000000 86.000000 0.48940499999999997893
21 105.000000 86.000000 0.34755900000000000682
22 130.000000 107.000000 0.54184900000000002507
23 79.000000 67.000000 0.28762999999999999678
24 99.000000 86.000000 0.41830800000000001315
25 162.000000 128.000000 0.40262700000000001266
26 121.000000 106.000000 0.18314099999999999824
27 146.000000 117.000000 0.62268599999999996175
28 156.000000 120.000000 0.29863899999999998780
29 118.000000 100.000000 0.82540199999999996905
30 125.000000 107.000000 0.25592900000000001759
31 130.000000 106.000000 0.67421200000000003349
32 73.000000 58.000000 0.47862199999999999189
33 113.000000 96.000000 0.35339799999999998992
34 129.000000 109.000000 0.28994999999999998552
35 101.000000 83.000000 0.28741299999999997405
36 90.000000 80.000000 0.58739099999999999646
37 98.000000 78.000000 0.47869000000000000439
38 108.000000 89.000000 0.72354499999999999371
39 189.000000 140.000000 0.36181499999999999773
40 136.000000 113.000000 0.31190600000000001657
41 109.000000 95.000000 0.51750399999999996403
42 120.000000 95.000000 0.35905199999999998228
43 83.000000 74.000000 0.34656500000000001194
44 117.000000 96.000000 0.57224299999999994615
45 94.000000 86.000000 0.23380500000000001282
46 116.000000 93.000000 0.67667999999999994820
47 112.000000 95.000000 0.90130699999999996930
48 133.000000 111.000000 4.16813599999999961909
49 97.000000 88.000000 0.38691399999999998016
50 96.000000 83.000000 0.65520599999999995511
51 113.000000 90.000000 1.20043300000000008332
52 85.000000 73.000000 0.36779800000000001381
53 73.000000 68.000000 0.24515700000000001380
54 133.000000 98.000000 0.31277599999999999847
55 114.000000 92.000000 0.33209400000000000031
56 105.000000 89.000000 0.33833200000000002161
57 151.000000 115.000000 0.45191700000000001314
58 95.000000 75.000000 0.75766500000000003290
59 126.000000 101.000000 0.20366500000000001269
60 136.000000 110.000000 0.35289300000000001223
61 95.000000 81.000000 0.71336399999999999810
62 94.000000 74.000000 1.02325700000000008316
63 75.000000 65.000000 0.35604200000000002513
64 68.000000 64.000000 0.50772499999999998188
65 136.000000 106.000000 0.63057799999999997187
66 124.000000 98.000000 0.74282700000000001506
67 51.000000 48.000000 0.61479399999999995163
68 122.000000 103.000000 1.23917199999999994020
69 78.000000 63.000000 0.89742800000000000349
70 150.000000 117.000000 0.34853200000000000847
71 124.000000 102.000000 0.27336100000000002064
72 138.000000 111.000000 0.23016100000000000447
73 135.000000 108.000000 0.75990400000000002390
74 93.000000 77.000000 0.76741800000000004456
75 51.000000 45.000000 0.80455600000000004890
76 96.000000 86.000000 0.88590500000000005354
77 113.000000 99.000000 0.28676299999999999013
78 111.000000 93.000000 0.32063599999999997658
79 83.000000 68.000000 0.62429400000000001558
80 87.000000 68.000000 0.83407699999999995732
81 112.000000 92.000000 0.27951199999999998269
82 129.000000 112.000000 0.30840499999999998471
83 74.000000 64.000000 0.74761900000000003352
84 119.000000 102.000000 0.40678999999999998494
85 85.000000 70.000000 1.56750900000000004120
86 60.000000 54.000000 0.44458399999999997920
87 70.000000 54.000000 0.69999100000000002986
88 121.000000 102.000000 0.32976600000000000357
89 157.000000 120.000000 0.20887300000000000311
90 118.000000 96.000000 0.33577200000000001490
91 86.000000 71.000000 0.43131199999999997319
92 86.000000 70.000000 0.36042400000000002214
93 123.000000 97.000000 0.29074600000000000444
94 156.000000 122.000000 0.29612100000000002309
95 97.000000 76.000000 0.34975400000000000933
96 76.000000 63.000000 0.48886899999999999800
97 158.000000 123.000000 0.39909099999999997355
98 108.000000 84.000000 0.78495999999999999108
99 119.000000 98.000000 0.24404699999999998616
100 121.000000 106.000000 0.53091699999999997228
101 166.000000 126.000000 0.32081199999999998607
102 80.000000 63.000000 0.29537000000000002142
103 94.000000 81.000000 0.30163200000000001122
104 122.000000 103.000000 0.33220699999999997454
105 122.000000 94.000000 0.59981399999999995831
106 104.000000 82.000000 0.41472900000000001430
107 63.000000 52.000000 0.40746300000000001962
108 142.000000 113.000000 0.23273399999999999643
109 112.000000 98.000000 0.26086799999999998878
110 115.000000 101.000000 0.19982900000000000662
111 88.000000 73.000000 0.56328900000000003967
112 110.000000 98.000000 0.48090199999999999614
113 79.000000 61.000000 0.27822999999999997733
114 114.000000 105.000000 0.59687900000000004841
115 136.000000 109.000000 0.38072099999999997610
116 158.000000 128.000000 0.14651100000000000234
117 83.000000 65.000000 0.79173199999999999132
118 109.000000 84.000000 1.26079500000000011006
119 79.000000 69.000000 0.27535100000000001241
120 173.000000 134.000000 0.26238000000000000211
121 93.000000 77.000000 0.49196499999999998565
122 87.000000 66.000000 0.78087700000000004330
123 135.000000 114.000000 0.11701200000000000490
124 113.000000 99.000000 0.27509899999999998244
125 106.000000 88.000000 0.33343299999999997940
126 149.000000 119.000000 0.30146499999999998298
127 87.000000 70.000000 1.03052199999999993807
128 110.000000 91.000000 0.53601200000000004398
129 107.000000 96.000000 0.27366699999999999360
130 96.000000 82.000000 0.89465600000000000680
131 133.000000 100.000000 0.43002200000000001534
132 99.000000 88.000000 0.27722700000000000120
133 112.000000 92.000000 0.68004699999999995708
134 113.000000 96.000000 0.48152499999999998082
135 54.000000 45.000000 0.52941499999999996895
136 94.000000 87.000000 0.87916300000000002779
137 133.000000 106.000000 0.08277400000000000035
138 100.000000 79.000000 1.14994799999999997020
139 141.000000 115.000000 0.43450199999999999934
140 99.000000 83.000000 0.88995800000000002683
141 71.000000 64.000000 0.50420900000000001828
142 96.000000 83.000000 0.51805500000000004324
143 144.000000 104.000000 0.23937800000000000744
144 78.000000 67.000000 0.49543900000000001826
145 100.000000 83.000000 0.41928599999999999204
146 86.000000 73.000000 3.26221600000000000463
147 93.000000 79.000000 0.30337799999999998102
148 78.000000 62.000000 0.72398499999999998966
149 102.000000 92.000000 0.42402699999999998726
150 64.000000 54.000000 0.55874199999999996091
151 99.000000 86.000000 0.32431500000000001993
152 120.000000 101.000000 0.23423099999999999477
153 95.000000 76.000000 0.30104999999999998428
154 84.000000 75.000000 0.26803900000000002724
155 127.000000 108.000000 0.22663600000000000412
156 82.000000 68.000000 0.43706200000000000605
157 140.000000 110.000000 0.57046600000000002861
158 34.000000 30.000000 0.34431899999999998618
159 88.000000 73.000000 1.38057999999999991836
160 117.000000 95.000000 0.38430700000000000971
161 138.000000 106.000000 0.22436300000000000687
162 124.000000 95.000000 0.22411000000000000365
163 127.000000 108.000000 0.32169599999999998197
164 95.000000 77.000000 0.53567299999999995475
165 76.000000 64.000000 0.48629099999999997328
166 112.000000 97.000000 0.28980499999999997929
167 112.000000 94.000000 0.21296799999999999065
168 152.000000 126.000000 0.19137199999999998656
169 90.000000 77.000000 0.27726899999999998769
170 118.000000 101.000000 0.46813700000000002532
171 71.000000 58.000000 0.58418199999999997907
172 137.000000 117.000000 0.21484900000000001219
173 57.000000 50.000000 0.32063599999999997658
174 94.000000 76.000000 0.50769100000000000339
175 111.000000 89.000000 0.85734900000000002773
176 69.000000 65.000000 0.59831599999999995898
177 125.000000 95.000000 0.15184100000000000374
178 114.000000 95.000000 0.26554299999999997350
179 146.000000 119.000000 0.39012299999999999756
180 129.000000 109.000000 0.17776500000000000634
181 93.000000 84.000000 0.39018599999999997729
182 74.000000 65.000000 0.51788299999999998224
183 102.000000 84.000000 0.42664699999999999847
184 129.000000 103.000000 0.32760099999999997555
185 78.000000 63.000000 0.46166200000000001680
186 114.000000 94.000000 0.24169499999999999318
187 127.000000 108.000000 0.15806100000000000705
188 142.000000 110.000000 0.27566400000000002013
189 67.000000 56.000000 0.54495499999999996721
190 108.000000 82.000000 0.11719499999999999362
191 126.000000 99.000000 0.41717599999999999127
192 64.000000 52.000000 0.29946299999999997921
193 113.000000 93.000000 0.31211800000000000654
194 155.000000 123.000000 0.15195100000000000273
195 128.000000 112.000000 0.19910900000000000820
196 150.000000 121.000000 0.58657499999999995755
197 122.000000 104.000000 0.25768600000000002614
198 144.000000 120.000000 0.27359499999999997710
199 133.000000 113.000000 0.29671700000000000852
200 104.000000 87.000000 0.43630000000000002114
201 175.000000 145.000000 0.10866699999999999970
202 88.000000 76.000000 0.27485100000000001197
203 125.000000 98.000000 0.25987700000000002465
204 113.000000 94.000000 1.01500900000000005008
205 119.000000 103.000000 0.34262500000000001288
206 106.000000 93.000000 0.32462800000000002765
207 106.000000 82.000000 0.38215500000000002245
208 109.000000 97.000000 0.50346199999999996511
209 114.000000 89.000000 0.12957399999999999474
210 74.000000 59.000000 0.36048299999999999788
211 82.000000 71.000000 0.42248099999999999543
212 99.000000 85.000000 0.40006500000000000394
213 136.000000 108.000000 0.88277000000000005464
214 37.000000 32.000000 0.79209399999999996478
215 93.000000 69.000000 0.31863999999999997881
216 126.000000 103.000000 0.22084000000000000852
217 104.000000 86.000000 0.98617999999999994554
218 128.000000 103.000000 1.39296700000000006625
219 135.000000 117.000000 0.49686700000000000310
220 78.000000 63.000000 0.35361900000000001665
221 77.000000 67.000000 0.38204599999999999671
222 90.000000 78.000000 0.38506699999999999262
223 70.000000 61.000000 0.29254900000000000349
224 91.000000 76.000000 0.17424500000000001099
225 46.000000 39.000000 0.63145200000000001328
226 120.000000 105.000000 0.40922599999999997866
227 142.000000 120.000000 0.40593699999999999228
228 69.000000 62.000000 0.61202299999999998370
229 117.000000 95.000000 0.42277399999999998315
230 92.000000 78.000000 0.64446000000000003283
231 66.000000 60.000000 0.72643000000000002014
232 98.000000 82.000000 0.36059600000000002762
233 187.000000 142.000000 0.19291300000000000114
234 83.000000 71.000000 0.49897999999999997911
235 96.000000 72.000000 0.85436400000000001231
236 143.000000 114.000000 0.24910899999999999710
237 74.000000 64.000000 0.29131000000000001338
238 112.000000 99.000000 0.19274800000000000266
239 173.000000 139.000000 0.30044999999999999485
240 94.000000 77.000000 0.42496699999999998365
241 109.000000 88.000000 0.31701000000000001400
242 68.000000 61.000000 0.44009700000000001596
243 70.000000 58.000000 0.54144400000000003637
244 78.000000 64.000000 2.39146999999999998465
245 93.000000 77.000000 0.32810600000000000875
246 131.000000 103.000000 0.15094699999999999784
247 105.000000 84.000000 0.34030799999999999939
248 117.000000 97.000000 0.49408699999999999841
249 72.000000 67.000000 0.22121699999999999697
250 86.000000 72.000000 0.53578000000000003400
251 69.000000 63.000000 0.77534000000000002917
252 93.000000 85.000000 0.49657699999999999063
253 132.000000 110.000000 0.24177000000000001267
254 57.000000 49.000000 0.19949000000000000066
255 126.000000 105.000000 0.49897399999999997311
256 99.000000 83.000000 1.07026799999999999713
257 111.000000 94.000000 0.38897599999999998843
258 105.000000 91.000000 0.35666599999999998305
259 66.000000 55.000000 0.72170400000000001217
260 78.000000 65.000000 0.37043500000000001426
261 123.000000 98.000000 0.27265600000000000946
262 114.000000 96.000000 0.94671199999999999797
263 130.000000 108.000000 0.40991499999999997383
264 139.000000 110.000000 0.19561100000000000709
265 116.000000 100.000000 0.67051600000000000090
266 142.000000 111.000000 0.39379399999999997739
267 76.000000 64.000000 0.66113900000000003221
268 141.000000 118.000000 0.67535900000000004262
269 123.000000 96.000000 0.85794300000000001116
270 90.000000 77.000000 1.11811499999999997002
271 73.000000 63.000000 0.62643599999999999284
272 113.000000 101.000000 0.27115600000000000813
273 119.000000 100.000000 0.50836599999999998456
274 101.000000 78.000000 0.80614699999999994695
275 81.000000 68.000000 0.65793000000000001481
276 129.000000 103.000000 0.65683599999999997543
277 87.000000 72.000000 0.58927799999999996849
278 81.000000 71.000000 0.40584799999999998654
279 115.000000 90.000000 0.31185299999999999132
280 114.000000 86.000000 0.91250200000000003531
281 168.000000 118.000000 0.13166400000000000325
282 115.000000 107.000000 0.23025599999999998846
283 109.000000 89.000000 0.39056499999999999551
284 129.000000 104.000000 0.14825499999999999790
285 107.000000 89.000000 0.55000300000000001965
286 79.000000 70.000000 0.47788300000000000223
287 111.000000 92.000000 0.74651999999999996138
288 100.000000 81.000000 0.43603900000000000992
289 91.000000 81.000000 0.62023099999999997678
290 112.000000 91.000000 0.81496900000000005448
291 122.000000 92.000000 0.55401199999999994894
292 86.000000 69.000000 0.43983600000000000474
293 90.000000 81.000000 0.12857599999999999585
294 110.000000 86.000000 1.21864499999999997826
295 129.000000 106.000000 0.60119400000000000617
296 130.000000 114.000000 0.21685699999999999421
297 106.000000 86.000000 0.19128400000000000958
298 139.000000 106.000000 0.19969600000000001239
299 104.000000 91.000000 0.47005099999999999660
300 55.000000 54.000000 0.46730199999999999516
301 49.000000 42.000000 0.44724199999999997290
302 17.000000 16.000000 0.48237499999999999822
303 103.000000 84.000000 0.30477199999999998736
304 134.000000 112.000000 0.26370399999999999396
305 65.000000 47.000000 0.49535099999999998577
306 84.000000 77.000000 0.49339800000000000324
307 87.000000 76.000000 0.48264800000000002145
308 156.000000 123.000000 0.19858000000000000651
309 91.000000 73.000000 0.27181699999999997530
310 88.000000 78.000000 0.33160000000000000586
311 81.000000 70.000000 0.52683000000000002050
312 158.000000 123.000000 0.31357400000000001938
313 64.000000 58.000000 0.55881400000000003292
314 91.000000 77.000000 0.74815900000000001846
315 115.000000 89.000000 0.67112700000000002909
316 112.000000 98.000000 0.30848799999999998445
317 97.000000 85.000000 0.52681800000000000850
318 80.000000 64.000000 0.71598799999999995780
319 91.000000 76.000000 0.91359800000000002118
320 93.000000 83.000000 0.36135099999999997777
321 88.000000 78.000000 0.41327599999999997671
322 114.000000 96.000000 0.22731899999999999329
323 135.000000 99.000000 0.45362900000000000444
324 66.000000 55.000000 0.57590200000000002500
325 114.000000 94.000000 0.81463399999999996925
326 120.000000 92.000000 1.03204099999999998616
327 99.000000 74.000000 0.89799099999999998367
328 195.000000 146.000000 0.07168599999999999972
329 128.000000 98.000000 0.24388499999999999068
330 103.000000 90.000000 0.63451199999999996493
331 111.000000 88.000000 0.38512699999999999712
332 120.000000 93.000000 0.36088300000000000933
333 107.000000 87.000000 0.41498299999999999077
334 89.000000 76.000000 0.38428099999999998371
335 89.000000 72.000000 0.39452199999999998381
336 61.000000 53.000000 0.74694300000000002360
337 98.000000 81.000000 0.71416100000000004577
338 132.000000 101.000000 0.44160899999999997378
339 85.000000 67.000000 0.27103699999999997239
340 100.000000 81.000000 0.37186900000000000510
341 99.000000 81.000000 0.47668899999999997386
342 89.000000 73.000000 0.34962799999999999434
343 88.000000 68.000000 0.29771799999999998265
344 118.000000 94.000000 0.22150200000000000444
345 102.000000 88.000000 0.18512500000000001177
346 110.000000 94.000000 0.52248700000000003474
347 109.000000 86.000000 0.28614299999999998070
348 103.000000 87.000000 0.33618900000000001560
349 113.000000 90.000000 0.29019899999999998474
350 124.000000 97.000000 0.80900000000000005240
351 130.000000 103.000000 1.00632300000000007856
352 113.000000 94.000000 0.28142400000000000748
353 52.000000 44.000000 0.81293700000000002071
354 113.000000 100.000000 0.23871100000000000652
355 73.000000 57.000000 0.68906999999999996032
356 75.000000 60.000000 0.43348500000000000920
357 81.000000 72.000000 0.29928500000000002323
358 103.000000 88.000000 0.76770899999999997476
359 137.000000 107.000000 0.31859799999999999232
360 111.000000 92.000000 0.32638600000000000945
361 135.000000 104.000000 0.26623599999999997268
362 60.000000 57.000000 0.55708299999999999486
363 134.000000 111.000000 0.47392499999999998517
364 105.000000 83.000000 0.33620299999999997409
365 75.000000 70.000000 0.93472800000000000331
366 59.000000 51.000000 0.21779000000000001136
367 75.000000 73.000000 0.42465500000000000469
368 120.000000 99.000000 0.59016699999999999715
369 142.000000 110.000000 0.80999500000000002053
370 79.000000 68.000000 0.74111700000000002575
371 151.000000 122.000000 0.57477599999999995362
372 75.000000 69.000000 0.56551799999999996515
373 143.000000 112.000000 1.98645699999999991725
374 120.000000 98.000000 0.45317800000000002525
375 102.000000 98.000000 0.51734199999999996855
376 123.000000 97.000000 0.27631200000000000205
377 106.000000 92.000000 0.21619299999999999629
378 81.000000 70.000000 0.26222299999999998388
379 130.000000 102.000000 0.20204700000000000437
380 96.000000 77.000000 0.24783099999999999574
381 119.000000 101.000000 0.30587199999999997724
382 128.000000 112.000000 0.38504399999999999737
383 113.000000 97.000000 0.29302099999999997593
384 114.000000 84.000000 0.19240299999999999070
385 111.000000 100.000000 0.35196100000000002384
386 129.000000 105.000000 0.43027799999999999381
387 74.000000 59.000000 1.23390299999999997205
388 119.000000 105.000000 0.30493199999999998084
389 151.000000 124.000000 0.20564799999999999747
390 140.000000 119.000000 0.24074400000000001354
391 46.000000 40.000000 0.64386200000000004540
392 85.000000 68.000000 0.58629500000000001059
393 70.000000 57.000000 0.78695899999999996410
394 49.000000 44.000000 0.60609100000000004638
395 116.000000 100.000000 0.23354199999999999959
396 102.000000 90.000000 0.54461499999999996025
397 169.000000 138.000000 0.46092600000000000238
398 104.000000 83.000000 0.41800399999999998668
399 135.000000 116.000000 0.21823799999999998755
400 88.000000 70.000000 0.31462800000000001877
401 145.000000 121.000000 0.21551999999999998936
402 130.000000 100.000000 0.41950199999999998601
403 100.000000 83.000000 0.38363700000000000578
404 122.000000 103.000000 0.51196200000000002817
405 67.000000 56.000000 0.40920400000000001217
406 77.000000 67.000000 0.36892599999999997618
407 56.000000 47.000000 0.54192300000000004356
408 139.000000 107.000000 0.22092999999999998750
409 68.000000 62.000000 0.53524700000000002831
410 68.000000 64.000000 0.45134600000000002495
411 66.000000 62.000000 0.34487200000000001188
412 70.000000 57.000000 0.49973899999999998878
413 106.000000 82.000000 0.57857599999999997920
414 110.000000 100.000000 0.16313500000000000223
415 71.000000 64.000000 0.40107300000000001283
416 113.000000 86.000000 0.28013399999999999412
417 150.000000 113.000000 0.40938799999999997414
418 86.000000 75.000000 0.19347100000000000408
419 60.000000 50.000000 0.43347900000000000320
420 194.000000 145.000000 0.39669799999999999507
