1 193.000000 166.000000 1.84103599999999989478
2 281.000000 218.000000 2.38972199999999990183
3 184.000000 147.000000 16.51557199999999880902
4 111.000000 100.000000 11.84951500000000024215
5 212.000000 168.000000 4.54528300000000040626
6 197.000000 167.000000 1.97342799999999995997
7 234.000000 212.000000 2.23740100000000019520
8 189.000000 157.000000 1.50046100000000004471
9 275.000000 225.000000 4.34198000000000039478
10 175.000000 156.000000 2.98137199999999991107
11 307.000000 248.000000 2.40188699999999988322
12 185.000000 157.000000 2.21363999999999983004
13 213.000000 183.000000 10.68954100000000018156
14 256.000000 190.000000 2.73147800000000007259
15 189.000000 148.000000 42.10174800000000061573
16 165.000000 140.000000 1.81541299999999994341
17 246.000000 209.000000 16.61797699999999977649
18 213.000000 170.000000 5.56649999999999955946
19 219.000000 187.000000 17.94556100000000142813
20 171.000000 140.000000 7.52456899999999961892
21 244.000000 215.000000 1.46913300000000002221
22 220.000000 177.000000 5.64938300000000026557
23 142.000000 120.000000 4.65048100000000008691
24 276.000000 219.000000 0.97627299999999994640
25 258.000000 217.000000 1.07192200000000004145
26 117.000000 96.000000 6.81260300000000018628
27 183.000000 146.000000 10.91111199999999925581
28 262.000000 216.000000 2.44283999999999990038
29 190.000000 167.000000 4.22918299999999991456
30 209.000000 166.000000 12.31209999999999915588
31 195.000000 168.000000 3.27553200000000011016
32 213.000000 181.000000 10.38450800000000029399
33 159.000000 142.000000 7.18923600000000018184
34 170.000000 143.000000 11.97308199999999978047
35 208.000000 178.000000 2.04973699999999992016
36 146.000000 125.000000 6.43919599999999991979
37 243.000000 196.000000 7.52908000000000043883
38 221.000000 168.000000 11.48074300000000036448
39 124.000000 107.000000 2.16835900000000014742
40 199.000000 166.000000 3.19030699999999978189
41 263.000000 220.000000 16.57277600000000106206
42 185.000000 160.000000 3.05103200000000018832
43 201.000000 175.000000 2.87118200000000012295
44 245.000000 210.000000 1.99450299999999991485
45 356.000000 295.000000 0.83742399999999994620
46 125.000000 103.000000 5.41197299999999970055
47 233.000000 199.000000 1.16433900000000001285
48 215.000000 179.000000 1.48753500000000005166
49 275.000000 214.000000 30.93303099999999972169
50 205.000000 163.000000 9.17743199999999959005
51 196.000000 170.000000 1.45186900000000007616
52 250.000000 209.000000 2.61187799999999992195
53 181.000000 149.000000 6.44215699999999991121
54 275.000000 223.000000 5.88459299999999974062
55 327.000000 246.000000 1.30771999999999999353
56 143.000000 124.000000 5.42505799999999993588
57 257.000000 239.000000 1.20200299999999993261
58 276.000000 228.000000 1.99219699999999999562
59 221.000000 168.000000 31.41242499999999893134
60 267.000000 224.000000 2.64435300000000017562
61 155.000000 126.000000 11.94856900000000088369
62 292.000000 231.000000 4.45989199999999996749
63 239.000000 198.000000 2.20717499999999988702
64 214.000000 185.000000 9.54723100000000002296
65 155.000000 130.000000 13.44020500000000062357
66 301.000000 247.000000 0.57585399999999997700
67 211.000000 192.000000 1.92535499999999992760
68 202.000000 176.000000 1.84364400000000006052
69 235.000000 202.000000 1.55174100000000003696
70 208.000000 173.000000 3.98547099999999998587
71 260.000000 211.000000 1.29446900000000009179
72 249.000000 199.000000 1.37418400000000007211
73 247.000000 219.000000 3.31076199999999998269
74 358.000000 292.000000 0.44918400000000002770
75 164.000000 137.000000 4.69621599999999972397
76 134.000000 116.000000 4.85510899999999967491
77 129.000000 110.000000 9.73941600000000029524
78 330.000000 262.000000 2.02109799999999983910
79 251.000000 205.000000 1.94419100000000000250
80 217.000000 190.000000 0.86391499999999998849
81 228.000000 204.000000 1.77381799999999989481
82 181.000000 146.000000 15.97798000000000051557
83 181.000000 153.000000 1.98118700000000003136
84 170.000000 138.000000 6.30419899999999966411
85 124.000000 101.000000 17.18191300000000154569
86 300.000000 237.000000 0.81325499999999995016
87 199.000000 169.000000 5.24022400000000043718
88 169.000000 146.000000 2.89375200000000010192
89 291.000000 251.000000 1.64682700000000004081
90 219.000000 184.000000 7.00976700000000008117
91 299.000000 258.000000 1.66154599999999996740
92 103.000000 84.000000 7.19260400000000021947
93 115.000000 97.000000 5.73007699999999964291
94 204.000000 184.000000 3.50548400000000004439
95 218.000000 196.000000 3.78497500000000020037
96 206.000000 172.000000 4.32668199999999991689
97 208.000000 169.000000 6.51695299999999999585
98 215.000000 170.000000 4.97650599999999965206
99 215.000000 180.000000 3.78241499999999986059
100 282.000000 235.000000 1.61816099999999996051
101 227.000000 193.000000 2.96067700000000000315
102 241.000000 210.000000 2.51056299999999987804
103 338.000000 281.000000 2.45753999999999983572
104 148.000000 125.000000 5.73476400000000019475
105 264.000000 218.000000 2.24415699999999995740
106 185.000000 151.000000 1.35358099999999992313
107 128.000000 103.000000 36.69418999999999897454
108 247.000000 208.000000 1.29552899999999993064
109 226.000000 201.000000 1.58607300000000006612
110 196.000000 163.000000 6.96534700000000039921
111 179.000000 160.000000 1.97693099999999999383
112 161.000000 136.000000 2.53831199999999990169
113 119.000000 101.000000 5.25798800000000010613
114 179.000000 144.000000 3.72880799999999990035
115 228.000000 186.000000 9.05834399999999995146
116 269.000000 222.000000 12.48327800000000031844
117 146.000000 119.000000 10.65820899999999937791
118 184.000000 156.000000 1.91244999999999998330
119 219.000000 183.000000 1.36822299999999996700
120 252.000000 198.000000 21.07586299999999823740
121 248.000000 210.000000 3.20441699999999984882
122 197.000000 148.000000 2.19862299999999999400
123 217.000000 176.000000 7.10418500000000019412
124 155.000000 131.000000 6.47801000000000026802
125 258.000000 220.000000 5.29556900000000041473
126 254.000000 219.000000 10.56399700000000052569
127 157.000000 133.000000 10.07116399999999956094
128 255.000000 203.000000 3.10188299999999994583
129 207.000000 172.000000 2.20616399999999979187
130 244.000000 208.000000 1.07679600000000008642
131 194.000000 162.000000 5.04362499999999958078
132 335.000000 263.000000 1.18222300000000002385
133 211.000000 185.000000 1.52193800000000001305
134 209.000000 172.000000 2.31899200000000016431
135 230.000000 198.000000 3.08624700000000018463
136 185.000000 145.000000 11.68188199999999987710
137 208.000000 164.000000 3.23195999999999994401
138 156.000000 129.000000 10.67331700000000083151
139 94.000000 78.000000 9.78628699999999973613
140 201.000000 161.000000 4.26622099999999981890
141 277.000000 235.000000 1.43559799999999992970
142 211.000000 186.000000 1.85660800000000003607
143 196.000000 160.000000 3.89186299999999985033
144 300.000000 239.000000 7.80625099999999960687
145 390.000000 292.000000 0.47224300000000002386
146 243.000000 189.000000 43.85450600000000065393
147 251.000000 209.000000 1.06554600000000010418
148 292.000000 254.000000 3.94191700000000011528
149 350.000000 280.000000 1.86012400000000011069
150 302.000000 255.000000 3.84383799999999986596
151 88.000000 76.000000 4.33932699999999993423
152 214.000000 182.000000 3.18105299999999990845
153 247.000000 200.000000 22.32349900000000175737
154 223.000000 196.000000 7.82773900000000022459
155 225.000000 190.000000 2.91135300000000007969
156 259.000000 214.000000 1.14224600000000009459
157 158.000000 142.000000 12.50010600000000060561
158 179.000000 164.000000 2.49350199999999988520
159 239.000000 208.000000 1.95953899999999991977
160 255.000000 201.000000 13.35824399999999911870
161 183.000000 164.000000 3.38627099999999980895
162 226.000000 186.000000 5.16022699999999989728
163 203.000000 177.000000 1.40519400000000005413
164 185.000000 160.000000 1.64373499999999994614
165 245.000000 205.000000 3.39632200000000006312
166 267.000000 213.000000 1.26474500000000000810
167 226.000000 187.000000 1.89325900000000002521
168 162.000000 132.000000 13.74956000000000067018
169 134.000000 107.000000 26.70704999999999884608
170 184.000000 162.000000 2.23534299999999985786
171 221.000000 175.000000 2.06942400000000015226
172 235.000000 193.000000 2.16690100000000018809
173 187.000000 161.000000 13.73260199999999997544
174 318.000000 265.000000 2.18186999999999997613
175 124.000000 96.000000 3.08718499999999984595
176 286.000000 238.000000 2.24480199999999996407
177 272.000000 227.000000 1.66599300000000005717
178 332.000000 270.000000 10.77508899999999947283
179 273.000000 231.000000 4.28763600000000000279
180 204.000000 180.000000 1.93622300000000002740
181 242.000000 195.000000 5.86057999999999967855
182 183.000000 156.000000 7.32701299999999999812
183 214.000000 169.000000 17.02241100000000173509
184 171.000000 145.000000 1.86426599999999997870
185 254.000000 227.000000 1.58405200000000001559
186 261.000000 202.000000 11.12022699999999986176
187 229.000000 191.000000 1.73646300000000008978
188 223.000000 201.000000 11.40754699999999921545
189 233.000000 194.000000 3.87254599999999982174
190 159.000000 136.000000 7.57952099999999973079
191 304.000000 254.000000 4.74709399999999970277
192 256.000000 209.000000 2.32636300000000018073
193 205.000000 175.000000 9.83446799999999932140
194 195.000000 169.000000 2.19922500000000020748
195 182.000000 150.000000 9.99073600000000006105
196 261.000000 209.000000 13.10962999999999922807
197 161.000000 127.000000 3.29925800000000002399
198 334.000000 269.000000 2.27226000000000016854
199 256.000000 214.000000 2.52408900000000002706
200 243.000000 203.000000 21.50210300000000174236
201 179.000000 154.000000 4.67679799999999978866
202 264.000000 211.000000 3.35427499999999989555
203 248.000000 218.000000 2.10755299999999978766
204 263.000000 210.000000 3.91120599999999996044
205 301.000000 247.000000 0.69387500000000001954
206 272.000000 239.000000 1.55840599999999995795
207 205.000000 168.000000 11.12409300000000023090
208 216.000000 186.000000 2.62806799999999984863
209 337.000000 261.000000 0.51907800000000003937
210 187.000000 154.000000 12.19786799999999971078
211 201.000000 182.000000 5.72122099999999988995
212 281.000000 228.000000 1.60486299999999992849
213 310.000000 251.000000 1.54924700000000004074
214 158.000000 125.000000 60.60835399999999850706
215 192.000000 180.000000 3.80868699999999993366
216 283.000000 218.000000 3.09576399999999996027
217 272.000000 220.000000 23.04731500000000110617
218 265.000000 209.000000 23.50253100000000117120
219 254.000000 215.000000 3.70221299999999997610
220 199.000000 167.000000 6.88603300000000029257
221 157.000000 128.000000 6.62609300000000001063
222 145.000000 136.000000 4.29470799999999996999
223 254.000000 207.000000 0.88122500000000003606
224 267.000000 220.000000 0.86775999999999997581
225 166.000000 146.000000 6.53954500000000038540
226 230.000000 187.000000 1.22892000000000001236
227 244.000000 209.000000 8.28214799999999939928
228 185.000000 162.000000 7.78185000000000037801
229 219.000000 183.000000 7.56587899999999979883
230 255.000000 218.000000 4.68061799999999994526
231 160.000000 126.000000 5.71194999999999986073
232 335.000000 278.000000 0.90931200000000000916
233 228.000000 191.000000 1.66286599999999995525
234 193.000000 163.000000 1.39854999999999995985
235 155.000000 128.000000 4.44206599999999962591
236 341.000000 278.000000 1.06184600000000006759
237 331.000000 256.000000 1.14747400000000010500
238 170.000000 151.000000 8.27259600000000006048
239 230.000000 198.000000 4.24789700000000003399
240 201.000000 169.000000 2.84082899999999982654
241 231.000000 190.000000 1.50573899999999993859
242 221.000000 193.000000 3.31544200000000000017
243 144.000000 126.000000 10.32982699999999987028
244 161.000000 138.000000 5.23048700000000010846
245 174.000000 141.000000 18.89404400000000094906
246 281.000000 218.000000 19.12163200000000173873
247 302.000000 233.000000 2.21913800000000005497
248 143.000000 130.000000 2.92099099999999989308
249 229.000000 198.000000 5.94646700000000016928
250 254.000000 218.000000 1.12599999999999988987
251 189.000000 152.000000 2.04809300000000016340
252 255.000000 217.000000 1.08715199999999989622
253 159.000000 141.000000 4.15774400000000010635
254 308.000000 257.000000 2.15314400000000016888
255 234.000000 199.000000 3.23391200000000011983
256 209.000000 168.000000 14.61472000000000015518
257 234.000000 179.000000 66.20602700000000595537
258 331.000000 265.000000 1.65923099999999990040
259 205.000000 173.000000 2.72366000000000019199
260 252.000000 205.000000 3.60271600000000002950
261 294.000000 231.000000 3.74986800000000020106
262 265.000000 221.000000 2.29111300000000017718
263 202.000000 174.000000 7.59507200000000004536
264 146.000000 120.000000 7.84421600000000029951
265 226.000000 186.000000 19.39406800000000075102
266 240.000000 190.000000 5.02198499999999992127
267 263.000000 205.000000 1.73666399999999998549
268 213.000000 165.000000 19.05363399999999884926
269 167.000000 135.000000 4.54604099999999977655
270 229.000000 199.000000 3.75394499999999986528
271 335.000000 256.000000 1.53378799999999992920
272 171.000000 158.000000 1.96181099999999997152
273 211.000000 177.000000 2.06997000000000008768
274 197.000000 177.000000 1.98335499999999997911
275 194.000000 158.000000 3.86423700000000014398
276 274.000000 226.000000 2.14675700000000002632
277 283.000000 238.000000 3.26801200000000013901
278 153.000000 126.000000 2.64932100000000003703
279 124.000000 107.000000 3.54311299999999995691
280 238.000000 196.000000 17.12417999999999906890
281 232.000000 185.000000 2.03923899999999980182
282 266.000000 218.000000 5.51774200000000014654
283 89.000000 83.000000 3.58315900000000020498
284 199.000000 177.000000 3.36096100000000008734
285 179.000000 149.000000 3.97509099999999993003
286 275.000000 241.000000 1.69119899999999989681
287 244.000000 200.000000 1.26476199999999994183
288 311.000000 253.000000 1.50344600000000006013
289 328.000000 272.000000 0.93592299999999994942
290 152.000000 117.000000 4.67196199999999972619
291 169.000000 148.000000 11.18109199999999958663
292 265.000000 219.000000 0.72247099999999997433
293 230.000000 197.000000 5.60423899999999974852
294 237.000000 200.000000 4.11276699999999983959
295 246.000000 202.000000 6.30133899999999957942
296 148.000000 122.000000 9.70536099999999990473
297 167.000000 141.000000 4.21561599999999980781
298 268.000000 218.000000 1.09410300000000004772
299 297.000000 250.000000 2.89154100000000013893
300 308.000000 255.000000 15.25608000000000075147
301 218.000000 179.000000 8.25687300000000057310
302 307.000000 256.000000 0.90826200000000001378
303 142.000000 122.000000 3.85871999999999992781
304 156.000000 137.000000 7.90920799999999957208
305 285.000000 232.000000 5.98608500000000010033
306 139.000000 122.000000 3.36650500000000008072
307 237.000000 189.000000 2.84153000000000011127
308 257.000000 222.000000 2.49832499999999990692
309 259.000000 218.000000 1.55112099999999997202
310 307.000000 246.000000 18.77887600000000034584
311 257.000000 218.000000 1.68824200000000002042
312 230.000000 189.000000 3.31028099999999980696
313 204.000000 176.000000 3.83306799999999991968
314 276.000000 233.000000 1.98004699999999989046
315 192.000000 160.000000 1.98843999999999998529
316 293.000000 239.000000 0.48125800000000001910
317 181.000000 154.000000 2.57513399999999981205
318 293.000000 246.000000 29.30835400000000134924
319 234.000000 188.000000 6.92054300000000033322
320 302.000000 254.000000 1.34343199999999995953
321 261.000000 218.000000 5.10866400000000009385
322 260.000000 230.000000 4.64168399999999969907
323 213.000000 188.000000 4.38594099999999986750
324 212.000000 170.000000 12.01267400000000051818
325 239.000000 196.000000 1.88875499999999996170
326 215.000000 186.000000 2.32609399999999988395
327 228.000000 206.000000 1.97189100000000006041
328 196.000000 156.000000 5.17371699999999989927
329 220.000000 180.000000 2.46697400000000000020
330 238.000000 193.000000 1.98513699999999992940
331 248.000000 203.000000 3.93556200000000000472
332 188.000000 153.000000 1.49073999999999995403
333 261.000000 222.000000 1.56577699999999997438
334 140.000000 118.000000 4.45025899999999996481
335 191.000000 160.000000 11.65354400000000012483
336 208.000000 184.000000 5.16590300000000013370
337 176.000000 150.000000 11.30062799999999967326
338 145.000000 113.000000 15.26971799999999923614
339 172.000000 136.000000 4.45102900000000012426
340 256.000000 199.000000 1.35878699999999996706
341 187.000000 162.000000 1.96910800000000008048
342 55.000000 42.000000 3.33895600000000003504
343 189.000000 164.000000 4.55162599999999972766
344 116.000000 98.000000 5.11741199999999984982
345 116.000000 100.000000 12.77195299999999988927
346 351.000000 287.000000 2.81366199999999988535
347 296.000000 231.000000 5.89639399999999991309
348 293.000000 261.000000 0.91360099999999999643
349 277.000000 216.000000 0.49932700000000002083
350 251.000000 216.000000 2.02098099999999991638
351 137.000000 122.000000 3.91809800000000008069
352 210.000000 181.000000 1.03216100000000010617
353 233.000000 209.000000 2.60993800000000009121
354 244.000000 196.000000 4.13365799999999961045
355 203.000000 176.000000 5.29531500000000043826
356 205.000000 173.000000 9.40005299999999976990
357 239.000000 207.000000 2.06609700000000007236
358 145.000000 119.000000 1.34848999999999996646
359 224.000000 195.000000 1.41856099999999996086
360 170.000000 143.000000 8.05655600000000049477
361 185.000000 169.000000 10.68706399999999945294
362 241.000000 206.000000 0.79959100000000005171
363 199.000000 158.000000 3.98386400000000007182
364 223.000000 181.000000 4.94659799999999982845
365 132.000000 110.000000 14.96483899999999955810
366 167.000000 137.000000 3.64399700000000015265
367 269.000000 224.000000 1.11741500000000004711
368 262.000000 216.000000 3.52911000000000019128
369 136.000000 109.000000 12.93763599999999946988
370 261.000000 208.000000 2.96667399999999981119
371 168.000000 139.000000 9.74162199999999955935
372 190.000000 168.000000 12.12755199999999966565
373 140.000000 114.000000 9.46971699999999927400
374 181.000000 153.000000 1.73770299999999999763
375 221.000000 193.000000 3.08170499999999991658
376 131.000000 104.000000 5.19932999999999978513
377 283.000000 230.000000 1.44686200000000009247
378 185.000000 149.000000 3.28956200000000009709
379 230.000000 189.000000 3.00715600000000016223
380 237.000000 191.000000 6.92206000000000010175
381 193.000000 175.000000 3.70150099999999993017
382 241.000000 213.000000 1.62989600000000001145
383 193.000000 162.000000 2.09543899999999982953
384 245.000000 212.000000 1.03475399999999995160
385 256.000000 209.000000 1.66061600000000009203
386 320.000000 261.000000 1.06033800000000000274
387 255.000000 205.000000 2.90619799999999983697
388 301.000000 250.000000 1.54930799999999990746
389 172.000000 156.000000 2.88580099999999983851
390 215.000000 183.000000 3.55991100000000004755
391 239.000000 184.000000 3.92318400000000000460
392 261.000000 218.000000 1.69827200000000000379
393 222.000000 192.000000 1.97390500000000002068
394 240.000000 202.000000 1.24730199999999991078
395 165.000000 149.000000 0.97940400000000005232
396 200.000000 166.000000 2.46716200000000007719
397 203.000000 172.000000 3.51086300000000006705
398 185.000000 149.000000 6.16127599999999997493
399 164.000000 145.000000 2.56300600000000011747
400 261.000000 229.000000 2.82527399999999984104
401 269.000000 214.000000 5.81519600000000025375
402 256.000000 203.000000 4.43681999999999998607
403 163.000000 130.000000 7.17129200000000022186
404 185.000000 168.000000 3.48385800000000012133
405 209.000000 169.000000 4.09049200000000023891
406 186.000000 170.000000 2.33524399999999987543
407 196.000000 162.000000 4.18817500000000020322
408 268.000000 233.000000 1.04444599999999998552
409 219.000000 185.000000 2.19171599999999999753
410 312.000000 268.000000 1.19432300000000002349
411 69.000000 60.000000 4.72490800000000010783
412 219.000000 179.000000 6.18624300000000015842
413 248.000000 203.000000 11.65554999999999985505
414 239.000000 188.000000 2.84543400000000001882
415 213.000000 169.000000 8.01597600000000021225
416 177.000000 145.000000 1.46819300000000008133
417 196.000000 170.000000 0.98951500000000003343
418 234.000000 206.000000 1.93050300000000008005
419 178.000000 143.000000 3.04378599999999988057
420 281.000000 238.000000 4.54662100000000002353
