1 419.000000 332.000000 275.25613099999998212297
2 301.000000 266.000000 52.96635500000000007503
3 517.000000 430.000000 114.06487400000000320688
4 699.000000 564.000000 2.38713899999999989987
5 409.000000 326.000000 152.71839199999999436841
6 474.000000 377.000000 180.69613100000000827094
7 405.000000 329.000000 147.58664999999999167812
8 412.000000 356.000000 42.53756400000000326145
9 502.000000 426.000000 14.59311300000000066746
10 512.000000 416.000000 98.51314299999999946067
11 407.000000 355.000000 10.52028100000000065961
12 267.000000 227.000000 81.18295899999999676311
13 548.000000 437.000000 126.94695699999999760621
14 510.000000 440.000000 2.99685200000000007137
15 496.000000 415.000000 253.46619400000000155160
16 441.000000 358.000000 64.00164999999999793090
17 456.000000 397.000000 36.80297699999999849751
18 584.000000 483.000000 51.69445300000000287355
19 533.000000 463.000000 16.18620299999999900820
20 642.000000 540.000000 176.00447500000001355147
21 393.000000 331.000000 74.79757499999999481588
22 409.000000 345.000000 674.75964699999997264968
23 338.000000 299.000000 49.54479200000000105319
24 350.000000 298.000000 23.38243800000000049977
26 716.000000 575.000000 230.79526799999999298052
27 547.000000 437.000000 85.00579199999999957527
29 406.000000 328.000000 108.41167500000000245564
30 655.000000 523.000000 7.13120499999999957197
31 563.000000 488.000000 41.99719199999999830197
32 495.000000 413.000000 100.70014700000000118507
33 397.000000 338.000000 145.47522499999999467946
34 437.000000 368.000000 28.46284800000000103637
35 419.000000 369.000000 35.43149700000000024147
36 433.000000 367.000000 82.54771100000000672026
37 503.000000 399.000000 130.39165399999998840030
38 539.000000 446.000000 33.66706299999999885131
39 367.000000 320.000000 117.84708100000000285945
40 498.000000 441.000000 29.04073700000000002319
41 484.000000 386.000000 322.90189600000002201341
42 378.000000 311.000000 282.09391399999998384374
43 465.000000 380.000000 134.78153000000000361069
44 579.000000 491.000000 9.25999900000000053524
45 397.000000 321.000000 429.87680999999997766281
46 507.000000 410.000000 199.78898599999999419197
47 493.000000 423.000000 151.05746199999998680141
48 723.000000 563.000000 80.00386699999999962074
49 348.000000 302.000000 31.39498999999999995225
50 253.000000 226.000000 34.54017300000000290083
51 423.000000 372.000000 126.89424599999999543343
52 448.000000 376.000000 247.87553600000001097214
53 606.000000 525.000000 2.73134299999999985431
54 416.000000 367.000000 110.11686799999999664124
55 652.000000 541.000000 9.48537699999999972533
56 478.000000 414.000000 75.97719299999999975626
57 319.000000 280.000000 40.85832800000000020191
58 373.000000 329.000000 55.16579699999999775173
59 378.000000 336.000000 89.78607100000000684759
60 564.000000 459.000000 6.51604100000000041604
61 416.000000 339.000000 999.26030500000001666194
62 508.000000 406.000000 1346.76267600000005586480
63 489.000000 420.000000 97.27269300000000384898
64 360.000000 309.000000 165.07581999999999311513
65 535.000000 450.000000 60.57829399999999964166
66 271.000000 241.000000 81.21391500000000007731
67 385.000000 338.000000 42.16791299999999864667
68 490.000000 428.000000 116.74991900000000555337
69 551.000000 467.000000 30.05007000000000161322
70 471.000000 381.000000 104.67526700000000516866
71 468.000000 394.000000 136.73694100000000162254
72 427.000000 342.000000 92.95899099999999748434
73 469.000000 380.000000 284.31234599999999090869
74 555.000000 462.000000 213.18936800000000175714
75 596.000000 501.000000 138.56505999999998834937
76 327.000000 291.000000 56.27878299999999711645
77 400.000000 355.000000 3.09882100000000004769
78 548.000000 439.000000 85.59855000000000302407
80 253.000000 207.000000 50.16143300000000238015
82 683.000000 592.000000 1.66354700000000010895
83 316.000000 258.000000 306.11205000000001064109
84 549.000000 437.000000 291.60708199999999123975
85 539.000000 439.000000 82.49659699999999418196
86 526.000000 419.000000 405.01181700000000773798
87 566.000000 460.000000 179.91704100000001176340
88 562.000000 447.000000 199.42314600000000268665
89 456.000000 391.000000 90.50458500000000583441
90 508.000000 429.000000 19.12923699999999982424
91 327.000000 270.000000 175.84786399999998707244
92 521.000000 409.000000 270.23500500000000101863
93 314.000000 262.000000 162.04198600000000851651
94 530.000000 443.000000 69.53570799999999962893
95 367.000000 295.000000 305.03972700000002760135
96 360.000000 331.000000 34.20223599999999919419
97 632.000000 509.000000 54.56508699999999834063
98 286.000000 248.000000 71.59842899999999588090
100 592.000000 477.000000 123.45673999999999637112
101 455.000000 355.000000 226.10726399999998648127
102 400.000000 330.000000 71.03799399999999764077
103 321.000000 264.000000 29.69107999999999947249
104 308.000000 276.000000 157.23736700000000610089
105 569.000000 497.000000 93.83174900000000207001
106 400.000000 354.000000 39.17165200000000169211
107 572.000000 474.000000 184.85364400000000273394
108 493.000000 439.000000 140.56111000000001354238
109 360.000000 289.000000 180.22751400000001353874
110 651.000000 542.000000 92.19168200000000013006
111 341.000000 298.000000 82.54892399999999952342
112 343.000000 289.000000 109.32316799999999545889
113 467.000000 390.000000 37.87543500000000307182
114 445.000000 363.000000 149.32185300000000438558
115 635.000000 497.000000 71.85495099999999979445
116 391.000000 325.000000 74.11007700000000397722
117 389.000000 325.000000 67.61714800000000025193
118 513.000000 415.000000 74.21897599999999783904
119 350.000000 302.000000 88.65908399999999289776
120 341.000000 297.000000 26.61543999999999954298
121 433.000000 376.000000 44.62550800000000350565
122 393.000000 343.000000 23.79691800000000156956
123 603.000000 502.000000 286.12562000000002626621
124 377.000000 307.000000 34.78853000000000150749
125 307.000000 260.000000 133.31702000000001362423
126 338.000000 298.000000 96.74495799999999690044
127 455.000000 376.000000 254.81437800000000493128
128 740.000000 589.000000 8.24729499999999937643
129 320.000000 278.000000 119.22594300000000089312
130 466.000000 385.000000 375.32834500000001298758
131 556.000000 466.000000 61.48846100000000092223
132 517.000000 439.000000 122.02257099999999923057
133 316.000000 257.000000 125.54989600000000393720
134 324.000000 270.000000 253.30372600000001170883
135 388.000000 325.000000 57.65834100000000006503
136 256.000000 211.000000 167.91513599999998973544
137 583.000000 480.000000 118.45544300000000248474
138 416.000000 363.000000 17.49066300000000140358
139 468.000000 418.000000 44.99793999999999982720
140 379.000000 333.000000 75.90709400000000073305
141 235.000000 199.000000 189.38216800000000716864
142 419.000000 373.000000 43.89492200000000110549
143 388.000000 329.000000 21.26995199999999996976
144 416.000000 330.000000 611.13298699999995733378
145 559.000000 469.000000 154.15121099999998932617
146 524.000000 439.000000 124.54464799999999513602
147 588.000000 492.000000 45.58671600000000267983
148 322.000000 259.000000 304.86416700000000901127
150 403.000000 343.000000 171.62426800000000071122
151 401.000000 337.000000 126.59265200000000106684
152 416.000000 359.000000 103.22121099999999671581
153 552.000000 460.000000 32.59275999999999839929
154 509.000000 426.000000 83.19607100000000343698
155 650.000000 546.000000 22.28031000000000005912
156 434.000000 352.000000 104.03910299999999722331
157 469.000000 394.000000 19.17411099999999990473
158 483.000000 429.000000 8.57735699999999923193
159 506.000000 464.000000 59.06121600000000171349
160 539.000000 482.000000 10.71856499999999989825
161 530.000000 448.000000 161.74012600000000361433
162 530.000000 432.000000 372.57472899999999071952
163 537.000000 456.000000 9.54494900000000079388
164 510.000000 398.000000 301.90863100000001395529
165 498.000000 431.000000 25.33298599999999822785
166 420.000000 362.000000 76.64150800000000174350
167 641.000000 527.000000 36.93470099999999689544
168 537.000000 438.000000 184.25013400000000274304
169 683.000000 569.000000 21.09585999999999827992
170 468.000000 395.000000 329.35456499999997959094
171 509.000000 414.000000 165.68012699999999881584
172 459.000000 401.000000 32.03361699999999956390
173 550.000000 455.000000 20.27009800000000083742
174 406.000000 345.000000 110.64580200000000331784
175 388.000000 334.000000 32.08413699999999835200
176 277.000000 233.000000 85.19936199999999359989
177 469.000000 401.000000 78.96222799999999608644
178 441.000000 366.000000 87.52155100000000231830
179 433.000000 355.000000 43.02589799999999797819
180 457.000000 381.000000 63.96824699999999808142
181 423.000000 360.000000 267.59192600000000084037
182 701.000000 559.000000 1.15660500000000010523
183 309.000000 264.000000 175.99688299999999685497
184 591.000000 473.000000 14.11224099999999914701
185 569.000000 482.000000 11.94000600000000034129
186 641.000000 540.000000 7.05637700000000034350
187 520.000000 441.000000 131.67390800000001149783
188 464.000000 406.000000 144.22736900000001014632
189 321.000000 262.000000 51.65904299999999693682
190 482.000000 408.000000 32.07310799999999773036
191 368.000000 317.000000 17.39774500000000045929
192 442.000000 386.000000 55.30096300000000297814
193 505.000000 444.000000 22.09448000000000078558
194 372.000000 327.000000 515.78753500000004805770
195 547.000000 453.000000 81.88304899999999975080
196 338.000000 286.000000 54.01098199999999849297
197 286.000000 254.000000 47.84969499999999698048
198 450.000000 383.000000 100.10776099999999644297
199 277.000000 239.000000 371.59308499999997366103
200 399.000000 331.000000 34.32494100000000258888
201 526.000000 450.000000 64.87506199999999978445
202 464.000000 371.000000 12.22397800000000067655
203 468.000000 411.000000 74.27584500000000389264
204 391.000000 349.000000 45.42692399999999963711
205 484.000000 399.000000 205.67672099999998636122
206 510.000000 422.000000 39.66156500000000306727
207 320.000000 267.000000 380.88512500000001637090
208 365.000000 289.000000 317.69104700000002594606
209 367.000000 322.000000 742.39289699999994809332
210 312.000000 258.000000 316.92920500000002448360
211 440.000000 380.000000 19.79663599999999945567
212 441.000000 383.000000 19.95195800000000119212
213 638.000000 498.000000 340.05143500000002632078
214 389.000000 334.000000 94.04131800000000396267
215 274.000000 240.000000 32.92448699999999917054
216 637.000000 515.000000 1.56373600000000001486
217 418.000000 382.000000 50.92892200000000002547
218 581.000000 466.000000 14.40437400000000067735
219 546.000000 443.000000 114.34206700000000012096
220 566.000000 446.000000 17.46361299999999872057
221 314.000000 271.000000 127.76682900000000131513
222 497.000000 392.000000 191.85630900000001020089
223 470.000000 394.000000 249.28133900000000267028
224 355.000000 280.000000 157.78597199999998679232
225 424.000000 368.000000 229.36791600000000812543
226 499.000000 399.000000 270.45242300000001023363
227 333.000000 258.000000 147.41886099999999260035
228 609.000000 487.000000 167.09711699999999723332
229 240.000000 221.000000 25.92750099999999946476
230 345.000000 292.000000 383.85836599999998952626
231 369.000000 328.000000 14.51967800000000075045
232 468.000000 409.000000 193.71889899999999329339
233 496.000000 419.000000 92.52084600000000591535
234 502.000000 422.000000 6.06673500000000043286
235 508.000000 429.000000 42.58475500000000124601
236 561.000000 477.000000 21.03958499999999887109
237 533.000000 448.000000 30.64654200000000017212
238 479.000000 406.000000 307.11023499999998875865
239 284.000000 231.000000 76.16781000000000290129
240 636.000000 499.000000 225.70738900000000626278
241 503.000000 434.000000 8.95508300000000012631
242 232.000000 199.000000 147.84595699999999851570
243 492.000000 380.000000 299.27224499999999807187
244 465.000000 383.000000 289.27792899999997189298
245 461.000000 382.000000 135.83588599999998791645
246 346.000000 315.000000 11.95738099999999981549
247 436.000000 347.000000 93.69427699999999958891
248 305.000000 260.000000 74.40203200000000549608
249 433.000000 342.000000 82.12018199999999978900
250 462.000000 403.000000 106.69860199999999395004
251 557.000000 477.000000 10.18696199999999940644
252 380.000000 311.000000 126.21622999999999592546
253 579.000000 489.000000 25.41256200000000120554
254 594.000000 506.000000 15.18459799999999937370
255 450.000000 393.000000 37.41547400000000322962
256 424.000000 371.000000 13.27145200000000002660
257 229.000000 204.000000 23.43895699999999848728
258 444.000000 367.000000 249.79951099999999541978
259 455.000000 386.000000 49.05522599999999755482
260 369.000000 331.000000 36.89625099999999946476
261 323.000000 283.000000 127.94800200000000245382
262 635.000000 499.000000 143.15570600000000922591
263 580.000000 485.000000 61.53097199999999844522
264 530.000000 453.000000 32.44048999999999693955
265 455.000000 393.000000 8.23381900000000044315
267 436.000000 362.000000 7.99639800000000011693
268 514.000000 416.000000 20.25120000000000075602
269 278.000000 261.000000 18.68090300000000070213
270 429.000000 378.000000 84.92708799999999769170
271 533.000000 452.000000 296.49429700000001730587
272 394.000000 348.000000 52.73082300000000088858
273 262.000000 224.000000 69.85190199999999549618
274 490.000000 397.000000 29.00365199999999887837
275 448.000000 386.000000 36.23678600000000216141
276 331.000000 276.000000 241.00854400000000055115
277 470.000000 389.000000 15.92536499999999932697
278 335.000000 299.000000 90.86987499999999329248
279 417.000000 377.000000 21.81538799999999866941
280 546.000000 468.000000 27.16443500000000099703
281 401.000000 365.000000 38.06066400000000271575
282 329.000000 286.000000 67.38996400000000619457
283 499.000000 433.000000 85.69538599999999917145
284 503.000000 413.000000 80.62348099999999817555
285 274.000000 229.000000 86.80147300000000143427
286 544.000000 439.000000 798.48814900000002126035
287 491.000000 433.000000 21.95849300000000070554
288 638.000000 523.000000 35.33172600000000329601
289 423.000000 382.000000 18.03523699999999863053
290 447.000000 372.000000 96.57698700000000258115
291 364.000000 315.000000 598.65206399999999575812
292 470.000000 373.000000 98.07380899999999712691
293 661.000000 541.000000 15.13400999999999996248
294 402.000000 331.000000 155.68452300000001287117
295 483.000000 415.000000 9.15337500000000048317
296 460.000000 401.000000 83.77473100000000272303
297 474.000000 384.000000 52.55029600000000300497
299 544.000000 455.000000 49.58481199999999944339
301 447.000000 364.000000 162.91310100000001170883
302 546.000000 451.000000 123.71293400000000417549
303 523.000000 435.000000 72.93090800000000228920
304 341.000000 303.000000 29.50202000000000168711
305 525.000000 433.000000 63.45888500000000220780
306 411.000000 360.000000 31.70238900000000015211
308 424.000000 377.000000 25.31733399999999889474
309 305.000000 255.000000 65.27859700000000486853
310 517.000000 432.000000 196.61857200000000034379
311 529.000000 427.000000 37.54069400000000200635
312 397.000000 338.000000 80.99687600000000031741
313 619.000000 512.000000 230.11464200000000346336
314 471.000000 407.000000 136.93700899999998910062
315 480.000000 431.000000 5.43166599999999988313
316 472.000000 405.000000 90.06122399999999572628
317 297.000000 247.000000 856.64467600000000402360
318 300.000000 251.000000 22.66422000000000025466
319 391.000000 321.000000 194.33097799999998755993
320 829.000000 657.000000 50.35936800000000346245
321 369.000000 319.000000 112.78523900000000423915
322 493.000000 401.000000 282.00873699999999644206
323 393.000000 324.000000 107.75911100000000431010
324 325.000000 263.000000 48.36249600000000015143
325 298.000000 257.000000 86.40681600000000628370
326 589.000000 464.000000 10.85728600000000021453
327 639.000000 526.000000 139.45393999999998868589
328 472.000000 387.000000 51.52653899999999964621
329 575.000000 502.000000 54.80767000000000166438
330 300.000000 248.000000 25.57823099999999882925
331 562.000000 478.000000 100.43689899999999681768
332 525.000000 455.000000 154.68436199999999303145
333 583.000000 480.000000 121.52264999999999872671
334 431.000000 380.000000 4.73870599999999964069
335 655.000000 534.000000 144.68246899999999754982
336 526.000000 445.000000 7.97558300000000031105
337 352.000000 298.000000 142.96606800000000703221
338 372.000000 336.000000 227.03317899999998985550
339 529.000000 448.000000 3.71833200000000019259
340 456.000000 384.000000 143.08751899999998613566
341 582.000000 516.000000 32.71442199999999900228
342 305.000000 266.000000 163.40676500000000714863
343 459.000000 379.000000 178.04132699999999545071
344 283.000000 239.000000 262.91785099999998465137
345 310.000000 271.000000 50.90547699999999764486
346 373.000000 338.000000 52.31757499999999794227
347 427.000000 358.000000 426.24431299999997690975
348 572.000000 466.000000 46.65085799999999949250
349 276.000000 244.000000 20.45337699999999969691
350 379.000000 346.000000 47.90225699999999875445
351 567.000000 485.000000 82.34250000000000113687
352 355.000000 328.000000 23.92235900000000015098
353 556.000000 434.000000 140.33018799999999259853
354 425.000000 349.000000 40.41539399999999915281
355 680.000000 541.000000 166.85450499999998896783
356 489.000000 416.000000 166.96005999999999858119
357 331.000000 274.000000 248.38835000000000263753
358 480.000000 405.000000 166.66764499999999316060
359 363.000000 297.000000 259.12170200000002751040
360 578.000000 491.000000 37.75575299999999856482
361 591.000000 502.000000 105.70790100000000677483
362 477.000000 396.000000 154.75267700000000559157
363 465.000000 402.000000 22.08099800000000101363
364 513.000000 435.000000 18.70761500000000054911
365 289.000000 243.000000 63.53019599999999655893
366 618.000000 507.000000 1083.89094799999998031126
367 401.000000 313.000000 4.50068800000000024397
368 194.000000 169.000000 77.03388999999999953161
369 526.000000 434.000000 256.53139399999997749546
370 523.000000 413.000000 291.69564200000002074376
372 492.000000 409.000000 66.72110200000000190812
373 486.000000 395.000000 176.73847499999999399733
374 411.000000 344.000000 33.56237300000000089995
375 391.000000 336.000000 26.26306500000000099249
376 680.000000 567.000000 18.29246399999999894703
377 520.000000 441.000000 47.19771300000000024966
378 555.000000 492.000000 10.35098699999999993793
379 467.000000 389.000000 87.44495200000000068030
381 466.000000 400.000000 38.70286300000000068167
382 522.000000 424.000000 325.11735599999997248233
383 341.000000 295.000000 381.32036099999999123611
384 593.000000 505.000000 129.74562700000001314038
385 450.000000 394.000000 24.73983300000000085106
386 783.000000 647.000000 9.59132100000000065165
387 303.000000 249.000000 605.00786200000004555477
388 529.000000 441.000000 57.30118000000000222371
389 349.000000 305.000000 69.78015299999999854208
390 294.000000 261.000000 13.70717100000000066018
391 451.000000 385.000000 34.51543900000000064665
392 552.000000 436.000000 50.63698600000000027421
393 379.000000 344.000000 25.71410499999999998977
394 529.000000 444.000000 29.35911300000000068167
395 358.000000 310.000000 54.49473299999999653664
396 473.000000 402.000000 10.54907700000000048135
397 436.000000 364.000000 61.82749799999999851252
398 374.000000 319.000000 59.34697500000000047748
399 500.000000 417.000000 46.01547399999999754527
400 376.000000 332.000000 31.30492800000000030991
401 521.000000 441.000000 83.16525400000000445289
402 466.000000 389.000000 109.54746799999999495867
403 400.000000 327.000000 39.68090200000000322689
404 372.000000 314.000000 41.62440600000000046066
405 387.000000 341.000000 100.17703400000000613090
406 398.000000 344.000000 70.23772599999999499687
407 270.000000 243.000000 89.23912799999999378997
408 553.000000 446.000000 34.61440199999999833835
409 458.000000 390.000000 64.85285299999999608644
410 561.000000 465.000000 40.98690200000000061209
411 461.000000 413.000000 81.61745399999999506235
412 235.000000 208.000000 100.11660799999999937882
413 418.000000 360.000000 132.62005600000000526961
414 460.000000 394.000000 635.60428500000000440195
415 422.000000 346.000000 88.66869099999999548345
416 530.000000 457.000000 16.40758900000000153341
417 366.000000 335.000000 52.08278299999999916281
418 308.000000 280.000000 24.37566400000000044201
420 410.000000 374.000000 105.39668500000000506134
