1 10.000000 10.000000 0.14607600000000001139
2 9.000000 9.000000 0.03194899999999999823
3 9.000000 9.000000 0.02423099999999999907
4 9.000000 9.000000 0.01977900000000000144
5 9.000000 9.000000 0.03612499999999999739
6 12.000000 10.000000 0.01778700000000000073
7 10.000000 9.000000 0.01354799999999999928
8 10.000000 10.000000 0.01227699999999999972
9 9.000000 9.000000 0.01272399999999999920
10 9.000000 9.000000 0.01491100000000000064
11 10.000000 9.000000 0.01200299999999999978
12 9.000000 9.000000 0.01913499999999999923
13 9.000000 9.000000 0.01251099999999999955
14 9.000000 9.000000 0.02491700000000000165
15 10.000000 9.000000 0.01236199999999999972
16 10.000000 10.000000 0.01368600000000000025
17 8.000000 8.000000 0.01069200000000000012
18 10.000000 10.000000 0.01229200000000000084
19 10.000000 10.000000 0.01126500000000000071
20 11.000000 10.000000 0.01696599999999999844
21 12.000000 10.000000 0.01067099999999999993
22 8.000000 8.000000 0.01129600000000000048
23 12.000000 10.000000 0.03783799999999999664
24 11.000000 10.000000 0.01037899999999999934
25 11.000000 9.000000 0.04215200000000000197
26 12.000000 10.000000 0.01044199999999999989
27 9.000000 9.000000 0.01962699999999999861
28 10.000000 10.000000 0.01238700000000000044
29 8.000000 8.000000 0.01322399999999999964
30 10.000000 10.000000 0.05117700000000000027
31 9.000000 9.000000 0.01918200000000000113
32 9.000000 9.000000 0.01148399999999999942
33 8.000000 8.000000 0.01184499999999999963
34 12.000000 9.000000 0.02165100000000000011
35 11.000000 10.000000 0.01375799999999999940
36 11.000000 10.000000 0.01072799999999999969
37 8.000000 8.000000 0.01164300000000000057
38 8.000000 8.000000 0.01095299999999999919
39 11.000000 9.000000 0.01125300000000000085
40 9.000000 9.000000 0.02949699999999999891
41 10.000000 9.000000 0.01031699999999999978
42 8.000000 8.000000 0.01044800000000000069
43 10.000000 9.000000 0.01092199999999999942
44 11.000000 9.000000 0.01099299999999999930
45 11.000000 9.000000 0.03067999999999999894
46 9.000000 9.000000 0.01035100000000000083
47 10.000000 10.000000 0.01086200000000000013
48 9.000000 9.000000 0.03931500000000000272
49 11.000000 9.000000 0.02803500000000000089
50 11.000000 10.000000 0.02728099999999999969
51 9.000000 9.000000 0.02549699999999999883
52 9.000000 9.000000 0.05112699999999999884
53 12.000000 10.000000 0.02416799999999999851
54 9.000000 9.000000 0.02115200000000000066
55 11.000000 10.000000 0.02935700000000000115
56 12.000000 10.000000 0.02470100000000000073
57 12.000000 10.000000 0.02033099999999999838
58 8.000000 8.000000 0.01217799999999999959
59 8.000000 8.000000 0.01244699999999999973
60 11.000000 9.000000 0.01174299999999999997
61 10.000000 10.000000 0.01212300000000000010
62 9.000000 9.000000 0.01236499999999999926
63 9.000000 9.000000 0.01116900000000000011
64 10.000000 10.000000 0.01073900000000000028
65 10.000000 9.000000 0.01107799999999999931
66 9.000000 9.000000 0.00998600000000000008
67 9.000000 9.000000 0.01005699999999999997
68 9.000000 9.000000 0.01024399999999999963
69 10.000000 9.000000 0.02660200000000000065
70 11.000000 10.000000 0.01036399999999999995
71 10.000000 10.000000 0.01097399999999999938
72 8.000000 8.000000 0.01131599999999999967
73 10.000000 9.000000 0.01104100000000000047
74 10.000000 10.000000 0.01106999999999999998
75 11.000000 10.000000 0.01064700000000000021
76 8.000000 8.000000 0.02238700000000000065
77 13.000000 10.000000 0.02627300000000000121
78 8.000000 8.000000 0.01041500000000000065
79 10.000000 9.000000 0.01196299999999999968
80 10.000000 9.000000 0.01115700000000000025
81 9.000000 9.000000 0.01118599999999999976
82 9.000000 9.000000 0.01106399999999999918
83 10.000000 9.000000 0.01112299999999999921
84 9.000000 9.000000 0.01156800000000000016
85 11.000000 10.000000 0.01027600000000000041
86 8.000000 8.000000 0.01097700000000000065
87 10.000000 9.000000 0.01886499999999999982
88 9.000000 9.000000 0.01107900000000000031
89 9.000000 9.000000 0.02375100000000000128
90 9.000000 9.000000 0.01085599999999999933
91 8.000000 8.000000 0.04171799999999999814
92 9.000000 9.000000 0.02405900000000000052
93 10.000000 10.000000 0.01028699999999999927
94 9.000000 9.000000 0.02279700000000000129
95 11.000000 10.000000 0.00998500000000000082
96 12.000000 10.000000 0.01021400000000000086
97 11.000000 10.000000 0.01054599999999999982
98 10.000000 10.000000 0.01107600000000000078
99 10.000000 10.000000 0.01094400000000000060
100 13.000000 10.000000 0.02288000000000000103
101 9.000000 9.000000 0.03366000000000000242
102 11.000000 10.000000 0.01033099999999999991
103 10.000000 10.000000 0.01303299999999999945
104 8.000000 8.000000 0.03171800000000000314
105 8.000000 8.000000 0.01082800000000000082
106 10.000000 9.000000 0.01111000000000000008
107 11.000000 10.000000 0.01077200000000000032
108 10.000000 10.000000 0.01106299999999999992
109 9.000000 9.000000 0.03335699999999999776
110 10.000000 10.000000 0.05026900000000000118
111 10.000000 9.000000 0.02692900000000000155
112 12.000000 10.000000 0.03708800000000000291
113 10.000000 10.000000 0.03708000000000000185
114 8.000000 8.000000 0.03653599999999999903
115 10.000000 10.000000 0.02499399999999999886
116 10.000000 10.000000 0.01163999999999999931
117 10.000000 9.000000 0.02382799999999999849
118 10.000000 9.000000 0.03606000000000000177
119 9.000000 9.000000 0.04084600000000000036
120 8.000000 8.000000 0.03602400000000000047
121 10.000000 9.000000 0.02848399999999999890
122 9.000000 9.000000 0.02826199999999999893
123 9.000000 9.000000 0.01878600000000000061
124 11.000000 10.000000 0.02581699999999999967
125 11.000000 10.000000 0.02920400000000000079
126 10.000000 10.000000 0.02524500000000000008
127 11.000000 9.000000 0.02956900000000000153
128 11.000000 9.000000 0.02884600000000000011
129 8.000000 8.000000 0.02506200000000000094
130 9.000000 9.000000 0.05781000000000000028
131 11.000000 10.000000 0.03548300000000000065
132 10.000000 10.000000 0.03555200000000000027
133 12.000000 10.000000 0.03138799999999999923
134 10.000000 9.000000 0.03557500000000000245
135 11.000000 10.000000 0.04379199999999999759
136 9.000000 9.000000 0.05176100000000000145
137 10.000000 9.000000 0.01123799999999999973
138 8.000000 8.000000 0.02864299999999999832
139 8.000000 8.000000 0.02253900000000000001
140 11.000000 9.000000 0.02747600000000000042
141 10.000000 9.000000 0.01903099999999999931
142 11.000000 10.000000 0.01174900000000000076
143 9.000000 9.000000 0.02880599999999999827
144 9.000000 9.000000 0.01199000000000000066
145 9.000000 9.000000 0.03831999999999999990
146 10.000000 10.000000 0.02832499999999999948
147 12.000000 10.000000 0.01104800000000000053
148 14.000000 10.000000 0.02730399999999999841
149 10.000000 10.000000 0.02825499999999999887
150 11.000000 10.000000 0.02786800000000000041
151 8.000000 8.000000 0.02836599999999999885
152 10.000000 9.000000 0.03147500000000000298
153 12.000000 10.000000 0.02723300000000000026
154 11.000000 10.000000 0.01715900000000000064
155 11.000000 10.000000 0.01677800000000000125
156 10.000000 10.000000 0.02664899999999999908
157 10.000000 9.000000 0.03879799999999999915
158 12.000000 10.000000 0.02214400000000000049
159 8.000000 8.000000 0.03536899999999999766
160 10.000000 10.000000 0.01901800000000000018
161 11.000000 10.000000 0.06623999999999999333
162 8.000000 8.000000 0.04147100000000000092
163 9.000000 9.000000 0.05767900000000000110
164 11.000000 9.000000 0.02526700000000000126
165 10.000000 10.000000 0.04262200000000000016
166 9.000000 9.000000 0.03112200000000000036
167 9.000000 9.000000 0.02729200000000000029
168 12.000000 10.000000 0.01159800000000000067
169 10.000000 10.000000 0.01827700000000000158
170 12.000000 10.000000 0.01016700000000000069
171 10.000000 10.000000 0.01088000000000000078
172 9.000000 9.000000 0.01199099999999999992
173 10.000000 9.000000 0.03440399999999999708
174 9.000000 9.000000 0.02448900000000000035
175 11.000000 9.000000 0.01053600000000000023
176 11.000000 10.000000 0.00978399999999999929
177 11.000000 10.000000 0.02679399999999999837
178 8.000000 8.000000 0.01078699999999999971
179 10.000000 10.000000 0.01168600000000000021
180 8.000000 8.000000 0.01740500000000000033
181 9.000000 9.000000 0.01071800000000000010
182 8.000000 8.000000 0.01434999999999999991
183 11.000000 10.000000 0.01182700000000000071
184 9.000000 9.000000 0.01257699999999999964
185 8.000000 8.000000 0.01107400000000000051
186 10.000000 10.000000 0.01231200000000000003
187 9.000000 9.000000 0.01072599999999999942
188 9.000000 9.000000 0.01127200000000000077
189 11.000000 10.000000 0.01151199999999999966
190 9.000000 9.000000 0.01090799999999999929
191 8.000000 8.000000 0.01086400000000000039
192 10.000000 10.000000 0.01114799999999999992
193 11.000000 10.000000 0.01071700000000000083
194 10.000000 10.000000 0.01887399999999999842
195 10.000000 10.000000 0.02247700000000000045
196 11.000000 10.000000 0.01027299999999999915
197 11.000000 10.000000 0.01256900000000000031
198 10.000000 10.000000 0.01097599999999999965
199 10.000000 10.000000 0.01117600000000000017
200 10.000000 10.000000 0.01142699999999999966
201 12.000000 10.000000 0.03028700000000000142
202 9.000000 9.000000 0.01041000000000000085
203 8.000000 8.000000 0.01026000000000000002
204 9.000000 9.000000 0.01051099999999999951
205 11.000000 10.000000 0.01072700000000000042
206 11.000000 10.000000 0.01132599999999999926
207 11.000000 10.000000 0.01018400000000000034
208 12.000000 10.000000 0.01178900000000000087
209 9.000000 9.000000 0.01107999999999999957
210 9.000000 9.000000 0.01120099999999999915
211 11.000000 9.000000 0.01094099999999999934
212 9.000000 9.000000 0.01170299999999999986
213 10.000000 10.000000 0.01111999999999999968
214 9.000000 9.000000 0.01101099999999999995
215 9.000000 9.000000 0.01049300000000000059
216 11.000000 10.000000 0.01178300000000000007
217 11.000000 10.000000 0.01041800000000000018
218 11.000000 10.000000 0.00987299999999999983
219 11.000000 10.000000 0.01091800000000000062
220 9.000000 9.000000 0.01116600000000000058
221 11.000000 10.000000 0.01099299999999999930
222 9.000000 9.000000 0.01080500000000000037
223 9.000000 9.000000 0.01084099999999999994
224 8.000000 8.000000 0.01112199999999999994
225 9.000000 9.000000 0.01041699999999999918
226 8.000000 8.000000 0.01101000000000000069
227 9.000000 9.000000 0.01105100000000000006
228 9.000000 9.000000 0.01155400000000000003
229 10.000000 9.000000 0.01115999999999999978
230 11.000000 10.000000 0.01082499999999999955
231 10.000000 10.000000 0.01089000000000000037
232 11.000000 10.000000 0.01094200000000000034
233 9.000000 9.000000 0.01189499999999999932
234 9.000000 9.000000 0.01197100000000000074
235 11.000000 10.000000 0.01123500000000000019
236 8.000000 8.000000 0.01030700000000000019
237 10.000000 9.000000 0.01097399999999999938
238 9.000000 9.000000 0.01010100000000000060
239 9.000000 9.000000 0.01116299999999999931
240 9.000000 9.000000 0.01108999999999999916
241 10.000000 9.000000 0.01226000000000000006
242 10.000000 9.000000 0.01206600000000000034
243 10.000000 10.000000 0.01214200000000000002
244 9.000000 9.000000 0.01060999999999999964
245 9.000000 9.000000 0.01093200000000000074
246 11.000000 10.000000 0.01067399999999999946
247 11.000000 10.000000 0.01171099999999999919
248 11.000000 10.000000 0.01030700000000000019
249 9.000000 9.000000 0.01138600000000000029
250 11.000000 10.000000 0.01122199999999999934
251 9.000000 9.000000 0.01116999999999999937
252 9.000000 9.000000 0.01119200000000000056
253 10.000000 9.000000 0.01078199999999999992
254 9.000000 9.000000 0.01117800000000000044
255 11.000000 10.000000 0.02794299999999999909
256 9.000000 9.000000 0.01106599999999999945
257 10.000000 10.000000 0.01108800000000000063
258 11.000000 10.000000 0.01190500000000000065
259 10.000000 9.000000 0.01099400000000000030
260 10.000000 9.000000 0.01116499999999999958
261 9.000000 9.000000 0.01152500000000000052
262 9.000000 9.000000 0.01018699999999999987
263 9.000000 9.000000 0.01013900000000000044
264 10.000000 10.000000 0.01131000000000000061
265 9.000000 9.000000 0.01192000000000000004
266 10.000000 10.000000 0.02650699999999999931
267 10.000000 10.000000 0.03298899999999999749
268 11.000000 10.000000 0.01104499999999999926
269 10.000000 10.000000 0.01108899999999999990
270 9.000000 9.000000 0.01118899999999999929
271 10.000000 10.000000 0.02829699999999999924
272 9.000000 9.000000 0.02751999999999999932
273 11.000000 9.000000 0.01515900000000000060
274 9.000000 9.000000 0.02721000000000000155
275 11.000000 10.000000 0.02827700000000000005
276 8.000000 8.000000 0.02783199999999999910
277 10.000000 10.000000 0.01931499999999999884
278 8.000000 8.000000 0.02420500000000000082
279 13.000000 10.000000 0.03854300000000000087
280 8.000000 8.000000 0.04839399999999999952
281 10.000000 10.000000 0.01420199999999999935
282 9.000000 9.000000 0.02966200000000000087
283 10.000000 10.000000 0.05118400000000000033
284 8.000000 8.000000 0.03467800000000000049
285 11.000000 10.000000 0.05125500000000000195
286 11.000000 10.000000 0.02361500000000000057
287 10.000000 10.000000 0.02687399999999999858
288 8.000000 8.000000 0.02325299999999999936
289 12.000000 10.000000 0.02145000000000000032
290 11.000000 10.000000 0.03688199999999999812
291 12.000000 10.000000 0.02707599999999999937
292 12.000000 9.000000 0.02633100000000000024
293 9.000000 9.000000 0.01091800000000000062
294 10.000000 9.000000 0.03171899999999999720
295 10.000000 10.000000 0.01390899999999999949
296 9.000000 9.000000 0.02646300000000000041
297 10.000000 9.000000 0.01801200000000000023
298 11.000000 10.000000 0.02263599999999999987
299 10.000000 9.000000 0.01032199999999999958
300 8.000000 8.000000 0.02340599999999999972
301 8.000000 8.000000 0.01870300000000000087
302 12.000000 10.000000 0.03278600000000000264
303 9.000000 9.000000 0.03497800000000000215
304 9.000000 9.000000 0.02735599999999999837
305 9.000000 9.000000 0.02727100000000000010
306 12.000000 10.000000 0.02781700000000000145
307 10.000000 10.000000 0.02794900000000000162
308 9.000000 9.000000 0.02824499999999999927
309 10.000000 10.000000 0.01069699999999999991
310 8.000000 8.000000 0.03427999999999999797
311 11.000000 10.000000 0.02658900000000000152
312 13.000000 10.000000 0.02719699999999999895
313 10.000000 10.000000 0.02679799999999999890
314 9.000000 9.000000 0.01024699999999999916
315 9.000000 9.000000 0.02205299999999999969
316 10.000000 10.000000 0.02707700000000000037
317 11.000000 9.000000 0.02597000000000000003
318 11.000000 10.000000 0.01110700000000000055
319 11.000000 9.000000 0.02606899999999999842
320 8.000000 8.000000 0.02694600000000000120
321 10.000000 10.000000 0.01211899999999999956
322 10.000000 10.000000 0.02835299999999999973
323 10.000000 9.000000 0.02839900000000000063
324 11.000000 10.000000 0.02756300000000000069
325 9.000000 9.000000 0.02674800000000000094
326 9.000000 9.000000 0.02705499999999999919
327 9.000000 9.000000 0.01343199999999999950
328 9.000000 9.000000 0.01040699999999999958
329 10.000000 10.000000 0.01061600000000000044
330 9.000000 9.000000 0.01132299999999999973
331 9.000000 9.000000 0.01139500000000000061
332 11.000000 10.000000 0.04057499999999999996
333 9.000000 9.000000 0.03900499999999999801
334 10.000000 10.000000 0.01043200000000000030
335 12.000000 10.000000 0.01368600000000000025
336 9.000000 9.000000 0.01095400000000000020
337 9.000000 9.000000 0.01107700000000000004
338 10.000000 10.000000 0.01096199999999999952
339 12.000000 10.000000 0.01134899999999999971
340 11.000000 10.000000 0.01127700000000000057
341 9.000000 9.000000 0.01047200000000000041
342 8.000000 8.000000 0.01070600000000000024
343 8.000000 8.000000 0.01050300000000000018
344 12.000000 9.000000 0.01062899999999999956
345 9.000000 9.000000 0.01001499999999999960
346 10.000000 10.000000 0.01047099999999999941
347 11.000000 9.000000 0.01067199999999999920
348 8.000000 8.000000 0.01080799999999999990
349 9.000000 9.000000 0.01081900000000000049
350 10.000000 9.000000 0.01063099999999999982
351 10.000000 10.000000 0.02011800000000000047
352 9.000000 9.000000 0.01089900000000000070
353 10.000000 9.000000 0.01132599999999999926
354 9.000000 9.000000 0.01098499999999999997
355 9.000000 9.000000 0.01117199999999999964
356 9.000000 9.000000 0.01245300000000000053
357 10.000000 9.000000 0.01117800000000000044
358 10.000000 9.000000 0.01177899999999999954
359 10.000000 9.000000 0.01257999999999999917
360 10.000000 9.000000 0.01141600000000000080
361 10.000000 10.000000 0.01137600000000000069
362 9.000000 9.000000 0.01738999999999999921
363 12.000000 10.000000 0.01039099999999999920
364 9.000000 9.000000 0.01144099999999999978
365 10.000000 10.000000 0.01222099999999999922
366 14.000000 10.000000 0.03241399999999999837
367 9.000000 9.000000 0.01160899999999999953
368 9.000000 9.000000 0.01111799999999999941
369 11.000000 10.000000 0.01291199999999999987
370 8.000000 8.000000 0.01165000000000000063
371 11.000000 10.000000 0.01269200000000000016
372 11.000000 10.000000 0.01129400000000000022
373 10.000000 10.000000 0.01164300000000000057
374 10.000000 9.000000 0.01153000000000000032
375 8.000000 8.000000 0.01081700000000000023
376 9.000000 9.000000 0.01138499999999999929
377 8.000000 8.000000 0.01159199999999999987
378 8.000000 8.000000 0.01133400000000000032
379 10.000000 9.000000 0.01181399999999999985
380 9.000000 9.000000 0.01192200000000000031
381 9.000000 9.000000 0.01082499999999999955
382 9.000000 9.000000 0.01132000000000000020
383 10.000000 9.000000 0.01067899999999999926
384 9.000000 9.000000 0.01284300000000000025
385 11.000000 9.000000 0.01482400000000000037
386 9.000000 9.000000 0.01153799999999999965
387 12.000000 9.000000 0.01105300000000000032
388 10.000000 9.000000 0.01084700000000000074
389 9.000000 9.000000 0.01975999999999999979
390 10.000000 10.000000 0.01839800000000000116
391 10.000000 10.000000 0.02069599999999999912
392 10.000000 9.000000 0.01642199999999999910
393 11.000000 10.000000 0.01707799999999999943
394 9.000000 9.000000 0.01252600000000000068
395 9.000000 9.000000 0.01383400000000000081
396 9.000000 9.000000 0.02138299999999999923
397 9.000000 9.000000 0.01343699999999999929
398 11.000000 10.000000 0.01450000000000000074
399 9.000000 9.000000 0.02158900000000000055
400 9.000000 9.000000 0.01268000000000000030
401 9.000000 9.000000 0.01328000000000000014
402 10.000000 9.000000 0.01553200000000000067
403 9.000000 9.000000 0.00839299999999999942
404 10.000000 9.000000 0.00829200000000000076
405 11.000000 10.000000 0.00839900000000000022
406 9.000000 9.000000 0.00842099999999999967
407 10.000000 9.000000 0.00924999999999999954
408 13.000000 10.000000 0.00880300000000000006
409 9.000000 9.000000 0.00891699999999999958
410 10.000000 9.000000 0.00960899999999999949
411 11.000000 10.000000 0.00912899999999999996
412 10.000000 9.000000 0.00983499999999999999
413 10.000000 10.000000 0.00890099999999999919
414 10.000000 10.000000 0.00999799999999999994
415 12.000000 10.000000 0.01091999999999999915
416 10.000000 10.000000 0.01124299999999999952
417 12.000000 10.000000 0.00884700000000000070
418 9.000000 9.000000 0.00942600000000000035
419 9.000000 9.000000 0.00917399999999999986
420 10.000000 10.000000 0.00912699999999999970
1 11.000000 10.000000 0.10388300000000000312
2 9.000000 9.000000 0.02900600000000000053
3 8.000000 8.000000 0.01498099999999999953
4 10.000000 9.000000 0.01091999999999999915
5 10.000000 10.000000 0.02910300000000000040
6 12.000000 9.000000 0.01238200000000000064
7 10.000000 10.000000 0.00709200000000000021
8 8.000000 8.000000 0.00738100000000000041
9 10.000000 10.000000 0.01375099999999999933
10 10.000000 10.000000 0.01114300000000000013
11 10.000000 9.000000 0.00733400000000000024
12 9.000000 9.000000 0.00701200000000000000
13 11.000000 10.000000 0.00780099999999999977
14 9.000000 9.000000 0.00889999999999999993
15 11.000000 10.000000 0.00804000000000000027
16 10.000000 9.000000 0.01013599999999999918
17 9.000000 9.000000 0.00811599999999999995
18 10.000000 9.000000 0.00898099999999999940
19 9.000000 9.000000 0.00880599999999999959
20 9.000000 9.000000 0.00775300000000000034
21 10.000000 9.000000 0.00810499999999999936
22 10.000000 9.000000 0.00789499999999999924
23 9.000000 9.000000 0.00831800000000000074
24 10.000000 10.000000 0.00858599999999999988
25 10.000000 9.000000 0.00960599999999999996
26 8.000000 8.000000 0.00898099999999999940
27 9.000000 9.000000 0.00870499999999999920
28 9.000000 9.000000 0.00824000000000000080
29 8.000000 8.000000 0.00779399999999999971
30 8.000000 8.000000 0.00810400000000000009
31 8.000000 8.000000 0.00741699999999999998
32 9.000000 9.000000 0.00769699999999999985
33 10.000000 9.000000 0.00747700000000000014
34 10.000000 10.000000 0.00782599999999999962
35 13.000000 10.000000 0.00794599999999999994
36 8.000000 8.000000 0.00812500000000000028
37 9.000000 9.000000 0.00803700000000000074
38 12.000000 10.000000 0.00735500000000000043
39 10.000000 9.000000 0.00724399999999999957
40 10.000000 10.000000 0.00786799999999999999
41 9.000000 9.000000 0.00755000000000000029
42 9.000000 9.000000 0.00746799999999999981
43 9.000000 9.000000 0.00708700000000000042
44 11.000000 10.000000 0.00860999999999999960
45 9.000000 9.000000 0.00841500000000000060
46 9.000000 9.000000 0.00724599999999999984
47 9.000000 9.000000 0.00757400000000000000
48 9.000000 9.000000 0.00833300000000000013
49 10.000000 9.000000 0.00822999999999999947
50 9.000000 9.000000 0.00819499999999999916
51 9.000000 9.000000 0.00785499999999999914
52 10.000000 10.000000 0.00753299999999999977
53 10.000000 10.000000 0.00739699999999999993
54 9.000000 9.000000 0.00829799999999999982
55 10.000000 10.000000 0.00835299999999999931
56 11.000000 10.000000 0.00834700000000000025
57 8.000000 8.000000 0.00827100000000000057
58 9.000000 9.000000 0.00925199999999999981
59 12.000000 10.000000 0.00874600000000000030
60 8.000000 8.000000 0.00819199999999999963
61 9.000000 9.000000 0.00825500000000000018
62 9.000000 9.000000 0.00798399999999999978
63 11.000000 10.000000 0.00761099999999999971
64 8.000000 8.000000 0.00787599999999999932
65 11.000000 10.000000 0.00735699999999999982
66 9.000000 9.000000 0.00734100000000000030
67 11.000000 10.000000 0.00711800000000000020
68 11.000000 10.000000 0.00831100000000000068
69 11.000000 10.000000 0.00806199999999999972
70 9.000000 9.000000 0.00773400000000000042
71 9.000000 9.000000 0.00762399999999999970
72 11.000000 9.000000 0.00790700000000000083
73 10.000000 10.000000 0.00714099999999999978
74 10.000000 9.000000 0.00804599999999999933
75 10.000000 9.000000 0.00795300000000000000
76 8.000000 8.000000 0.00750599999999999965
77 8.000000 8.000000 0.00729600000000000040
78 9.000000 9.000000 0.00817099999999999944
79 9.000000 9.000000 0.00884000000000000064
80 11.000000 10.000000 0.00881099999999999939
81 9.000000 9.000000 0.00745100000000000016
82 10.000000 9.000000 0.00717600000000000009
83 10.000000 10.000000 0.00717999999999999975
84 11.000000 10.000000 0.00777999999999999959
85 10.000000 10.000000 0.00804200000000000054
86 9.000000 9.000000 0.00763500000000000029
87 9.000000 9.000000 0.00840400000000000001
88 11.000000 10.000000 0.00743599999999999990
89 10.000000 9.000000 0.00806300000000000072
90 12.000000 10.000000 0.00776500000000000020
91 11.000000 10.000000 0.00753899999999999969
92 10.000000 10.000000 0.00854500000000000051
93 10.000000 9.000000 0.00804500000000000007
94 9.000000 9.000000 0.00770899999999999971
95 9.000000 9.000000 0.00821200000000000055
96 9.000000 9.000000 0.00816500000000000038
97 8.000000 8.000000 0.00799300000000000010
98 10.000000 10.000000 0.00785199999999999960
99 8.000000 8.000000 0.00790000000000000077
100 9.000000 9.000000 0.00760800000000000018
101 10.000000 10.000000 0.00751199999999999958
102 11.000000 10.000000 0.00737400000000000035
103 8.000000 8.000000 0.00747200000000000034
104 10.000000 10.000000 0.00783200000000000042
105 12.000000 10.000000 0.00793499999999999935
106 11.000000 10.000000 0.00704199999999999965
107 9.000000 9.000000 0.00787500000000000006
108 9.000000 9.000000 0.00809299999999999950
109 8.000000 8.000000 0.00775399999999999961
110 12.000000 9.000000 0.00717700000000000022
111 11.000000 10.000000 0.00778799999999999978
112 11.000000 10.000000 0.00902299999999999977
113 10.000000 9.000000 0.00834000000000000019
114 9.000000 9.000000 0.00818800000000000083
115 11.000000 10.000000 0.00783599999999999922
116 9.000000 9.000000 0.00830499999999999988
117 11.000000 9.000000 0.00916800000000000080
118 10.000000 9.000000 0.00914200000000000082
119 8.000000 8.000000 0.00944900000000000080
120 11.000000 10.000000 0.00905599999999999981
121 9.000000 9.000000 0.00814899999999999999
122 9.000000 9.000000 0.00946400000000000019
123 8.000000 8.000000 0.00853899999999999972
124 9.000000 9.000000 0.00818499999999999957
125 9.000000 9.000000 0.00955800000000000052
126 8.000000 8.000000 0.00812200000000000075
127 9.000000 9.000000 0.00842599999999999946
128 9.000000 9.000000 0.00821500000000000008
129 11.000000 10.000000 0.00799899999999999917
130 9.000000 9.000000 0.00820000000000000069
131 9.000000 9.000000 0.00835800000000000085
132 8.000000 8.000000 0.00807399999999999958
133 11.000000 10.000000 0.00799599999999999964
134 11.000000 9.000000 0.00863799999999999985
135 10.000000 9.000000 0.00913899999999999955
136 8.000000 8.000000 0.00940000000000000037
137 8.000000 8.000000 0.00940500000000000017
138 8.000000 8.000000 0.00890299999999999946
139 10.000000 9.000000 0.00783299999999999969
140 8.000000 8.000000 0.00841100000000000007
141 11.000000 10.000000 0.00802600000000000015
142 8.000000 8.000000 0.00812300000000000001
143 11.000000 10.000000 0.00902400000000000077
144 11.000000 10.000000 0.00882400000000000025
145 10.000000 10.000000 0.00922599999999999983
146 9.000000 9.000000 0.00923500000000000015
147 9.000000 9.000000 0.00917199999999999960
148 10.000000 9.000000 0.00905100000000000002
149 9.000000 9.000000 0.00835600000000000058
150 9.000000 9.000000 0.00836699999999999944
151 10.000000 10.000000 0.00780400000000000017
152 8.000000 8.000000 0.00952300000000000021
153 9.000000 9.000000 0.00841800000000000014
154 10.000000 10.000000 0.00855200000000000057
155 10.000000 9.000000 0.01128299999999999963
156 9.000000 9.000000 0.00898999999999999973
157 9.000000 9.000000 0.00938300000000000071
158 9.000000 9.000000 0.00847599999999999916
159 11.000000 10.000000 0.00887499999999999921
160 10.000000 10.000000 0.00907299999999999947
161 11.000000 10.000000 0.00795200000000000073
162 11.000000 10.000000 0.00812300000000000001
163 9.000000 9.000000 0.00811500000000000069
164 9.000000 9.000000 0.00832600000000000007
165 10.000000 10.000000 0.00787500000000000006
166 11.000000 10.000000 0.00760300000000000038
167 9.000000 9.000000 0.00782399999999999936
168 8.000000 8.000000 0.00916999999999999933
169 10.000000 10.000000 0.00844999999999999918
170 11.000000 10.000000 0.00861600000000000039
171 12.000000 10.000000 0.00869400000000000034
172 9.000000 9.000000 0.00793300000000000081
173 10.000000 10.000000 0.00776500000000000020
174 9.000000 9.000000 0.00771699999999999990
175 9.000000 9.000000 0.00868200000000000048
176 10.000000 10.000000 0.00817900000000000051
177 9.000000 9.000000 0.00805699999999999993
178 10.000000 9.000000 0.00867700000000000068
179 10.000000 9.000000 0.00827400000000000010
180 9.000000 9.000000 0.00897700000000000060
181 10.000000 10.000000 0.00774099999999999962
182 9.000000 9.000000 0.00783700000000000022
183 8.000000 8.000000 0.00788999999999999944
184 10.000000 10.000000 0.00761899999999999990
185 10.000000 10.000000 0.00766299999999999967
186 10.000000 10.000000 0.00821099999999999955
187 9.000000 9.000000 0.00824000000000000080
188 9.000000 9.000000 0.00834200000000000046
189 8.000000 8.000000 0.00810300000000000083
190 9.000000 9.000000 0.00814699999999999973
191 9.000000 9.000000 0.00808000000000000038
192 10.000000 10.000000 0.01009499999999999981
193 9.000000 9.000000 0.00969500000000000049
194 11.000000 10.000000 0.00981500000000000081
195 9.000000 9.000000 0.00938100000000000045
196 10.000000 9.000000 0.00832199999999999954
197 10.000000 9.000000 0.00847900000000000043
198 8.000000 8.000000 0.00825000000000000039
199 10.000000 9.000000 0.00798600000000000004
200 11.000000 10.000000 0.00817499999999999998
201 10.000000 9.000000 0.00811599999999999995
202 8.000000 8.000000 0.00832800000000000033
203 9.000000 9.000000 0.00876900000000000075
204 9.000000 9.000000 0.00836800000000000044
205 8.000000 8.000000 0.00829700000000000056
206 11.000000 10.000000 0.00801100000000000076
207 11.000000 10.000000 0.00818999999999999936
208 9.000000 9.000000 0.00812900000000000081
209 11.000000 9.000000 0.00806399999999999999
210 11.000000 10.000000 0.00807599999999999985
211 10.000000 10.000000 0.00811500000000000069
212 10.000000 10.000000 0.00799099999999999984
213 10.000000 9.000000 0.00804200000000000054
214 9.000000 9.000000 0.00819199999999999963
215 8.000000 8.000000 0.00839699999999999995
216 9.000000 9.000000 0.00824399999999999959
217 9.000000 9.000000 0.00811899999999999948
218 11.000000 10.000000 0.00799599999999999964
219 10.000000 10.000000 0.00799200000000000084
220 8.000000 8.000000 0.00839799999999999922
221 10.000000 10.000000 0.00805999999999999946
222 11.000000 10.000000 0.00783700000000000022
223 13.000000 10.000000 0.00765900000000000001
224 10.000000 10.000000 0.00787099999999999952
225 11.000000 10.000000 0.00786199999999999920
226 10.000000 9.000000 0.00817599999999999924
227 10.000000 10.000000 0.00795700000000000053
228 10.000000 10.000000 0.00802699999999999941
229 10.000000 9.000000 0.00795099999999999973
230 8.000000 8.000000 0.00852100000000000080
231 10.000000 9.000000 0.00863300000000000005
232 9.000000 9.000000 0.00827800000000000064
233 11.000000 9.000000 0.00857400000000000002
234 12.000000 10.000000 0.00776199999999999980
235 10.000000 10.000000 0.00802899999999999968
236 9.000000 9.000000 0.00882999999999999931
237 9.000000 9.000000 0.00869200000000000007
238 9.000000 9.000000 0.00866100000000000030
239 10.000000 9.000000 0.00803399999999999948
240 11.000000 10.000000 0.00813000000000000007
241 9.000000 9.000000 0.00808500000000000017
242 8.000000 8.000000 0.00815100000000000026
243 11.000000 10.000000 0.00782300000000000009
244 10.000000 9.000000 0.00805900000000000019
245 12.000000 10.000000 0.00767900000000000006
246 9.000000 9.000000 0.00865800000000000076
247 10.000000 9.000000 0.00807500000000000058
248 11.000000 9.000000 0.00823499999999999927
249 9.000000 9.000000 0.00804900000000000060
250 9.000000 9.000000 0.00892899999999999944
251 9.000000 9.000000 0.00899800000000000079
252 9.000000 9.000000 0.00902500000000000004
253 11.000000 9.000000 0.00811800000000000022
254 10.000000 9.000000 0.00805600000000000066
255 11.000000 10.000000 0.00807000000000000078
256 10.000000 9.000000 0.00822099999999999914
257 10.000000 9.000000 0.00827899999999999990
258 9.000000 9.000000 0.00827300000000000084
259 9.000000 9.000000 0.00829099999999999976
260 8.000000 8.000000 0.00825200000000000065
261 9.000000 9.000000 0.00846399999999999930
262 8.000000 8.000000 0.00883800000000000037
263 9.000000 9.000000 0.00822499999999999967
264 12.000000 10.000000 0.00795500000000000027
265 11.000000 9.000000 0.00792499999999999975
266 9.000000 9.000000 0.00946199999999999992
267 10.000000 9.000000 0.00921499999999999923
268 8.000000 8.000000 0.01008500000000000021
269 8.000000 8.000000 0.01095999999999999926
270 9.000000 9.000000 0.00961000000000000049
271 8.000000 8.000000 0.00976499999999999937
272 11.000000 10.000000 0.00915099999999999941
273 10.000000 9.000000 0.01081599999999999923
274 11.000000 9.000000 0.00760499999999999978
275 11.000000 9.000000 0.00723099999999999958
276 10.000000 9.000000 0.00893900000000000076
277 12.000000 10.000000 0.00845300000000000044
278 9.000000 9.000000 0.00803700000000000074
279 11.000000 10.000000 0.00766899999999999960
280 10.000000 10.000000 0.00734199999999999957
281 9.000000 9.000000 0.00819199999999999963
282 10.000000 9.000000 0.00870399999999999993
283 9.000000 9.000000 0.00845599999999999997
284 11.000000 10.000000 0.00814400000000000020
285 12.000000 10.000000 0.00863399999999999931
286 9.000000 9.000000 0.00862899999999999952
287 9.000000 9.000000 0.00831199999999999994
288 9.000000 9.000000 0.00887300000000000068
289 8.000000 8.000000 0.00892000000000000084
290 11.000000 10.000000 0.00796499999999999986
291 9.000000 9.000000 0.00780400000000000017
292 9.000000 9.000000 0.00773499999999999969
293 11.000000 10.000000 0.00752599999999999970
294 8.000000 8.000000 0.00925499999999999934
295 10.000000 10.000000 0.00891400000000000005
296 8.000000 8.000000 0.00796099999999999933
297 10.000000 9.000000 0.00722300000000000025
298 11.000000 9.000000 0.00706299999999999983
299 9.000000 9.000000 0.00769400000000000032
300 10.000000 10.000000 0.00824199999999999933
301 10.000000 10.000000 0.00738799999999999960
302 12.000000 10.000000 0.00817099999999999944
303 9.000000 9.000000 0.00930899999999999957
304 9.000000 9.000000 0.00817900000000000051
305 11.000000 10.000000 0.00772899999999999976
306 8.000000 8.000000 0.00784699999999999981
307 11.000000 10.000000 0.00754099999999999996
308 11.000000 10.000000 0.00732100000000000025
309 9.000000 9.000000 0.00737699999999999988
310 10.000000 10.000000 0.00774999999999999994
311 8.000000 8.000000 0.00782000000000000056
312 9.000000 9.000000 0.00745100000000000016
313 10.000000 10.000000 0.00862300000000000046
314 11.000000 9.000000 0.00856499999999999970
315 8.000000 8.000000 0.00822999999999999947
316 10.000000 9.000000 0.00755799999999999961
317 11.000000 9.000000 0.00737499999999999961
318 12.000000 10.000000 0.00740099999999999959
319 10.000000 9.000000 0.00767799999999999993
320 12.000000 10.000000 0.00756699999999999994
321 13.000000 10.000000 0.00730100000000000020
322 8.000000 8.000000 0.00940299999999999990
323 11.000000 10.000000 0.00875300000000000036
324 9.000000 9.000000 0.00900399999999999985
325 9.000000 9.000000 0.00878600000000000041
326 10.000000 10.000000 0.00754200000000000009
327 11.000000 9.000000 0.01186100000000000002
328 8.000000 8.000000 0.00729600000000000040
329 11.000000 10.000000 0.00688900000000000016
330 10.000000 9.000000 0.00691700000000000041
331 11.000000 10.000000 0.00656599999999999979
332 10.000000 10.000000 0.00863099999999999978
333 8.000000 8.000000 0.00881400000000000065
334 9.000000 9.000000 0.00843299999999999952
335 10.000000 9.000000 0.00807100000000000005
336 10.000000 9.000000 0.00778400000000000012
337 10.000000 9.000000 0.00720599999999999973
338 11.000000 9.000000 0.00857300000000000076
339 10.000000 10.000000 0.01620100000000000012
340 11.000000 10.000000 0.00811300000000000042
341 11.000000 10.000000 0.00745800000000000022
342 9.000000 9.000000 0.00719999999999999980
343 9.000000 9.000000 0.00734800000000000036
344 8.000000 8.000000 0.00724100000000000004
345 11.000000 9.000000 0.00708899999999999982
346 9.000000 9.000000 0.00718799999999999994
347 9.000000 9.000000 0.00726599999999999989
348 12.000000 10.000000 0.00682699999999999974
349 11.000000 9.000000 0.00698999999999999969
350 11.000000 10.000000 0.00714099999999999978
351 8.000000 8.000000 0.00725299999999999990
352 10.000000 10.000000 0.00727000000000000042
353 10.000000 10.000000 0.00723500000000000011
354 12.000000 10.000000 0.00685800000000000038
355 8.000000 8.000000 0.00736999999999999982
356 10.000000 10.000000 0.00773900000000000022
357 10.000000 10.000000 0.00882999999999999931
358 9.000000 9.000000 0.00883199999999999957
359 10.000000 10.000000 0.00872900000000000065
360 9.000000 9.000000 0.00899299999999999926
361 10.000000 9.000000 0.00871399999999999952
362 11.000000 10.000000 0.00802699999999999941
363 10.000000 9.000000 0.00704100000000000038
364 9.000000 9.000000 0.00747000000000000008
365 9.000000 9.000000 0.00746600000000000041
366 10.000000 10.000000 0.00719999999999999980
367 9.000000 9.000000 0.00788400000000000038
368 9.000000 9.000000 0.00788200000000000012
369 10.000000 9.000000 0.00727799999999999975
370 11.000000 10.000000 0.00693500000000000019
371 10.000000 10.000000 0.00708700000000000042
372 9.000000 9.000000 0.00714400000000000018
373 12.000000 10.000000 0.00681000000000000008
374 11.000000 10.000000 0.00762399999999999970
375 9.000000 9.000000 0.00747200000000000034
376 9.000000 9.000000 0.00726800000000000015
377 9.000000 9.000000 0.00717800000000000035
378 10.000000 9.000000 0.00730700000000000013
379 8.000000 8.000000 0.00750699999999999978
380 8.000000 8.000000 0.00768700000000000026
381 11.000000 10.000000 0.00735400000000000029
382 10.000000 10.000000 0.00772999999999999989
383 9.000000 9.000000 0.00909500000000000065
384 10.000000 10.000000 0.00822699999999999994
385 9.000000 9.000000 0.00831400000000000021
386 10.000000 10.000000 0.00842599999999999946
387 9.000000 9.000000 0.00835100000000000078
388 9.000000 9.000000 0.00735699999999999982
389 9.000000 9.000000 0.00808999999999999997
390 9.000000 9.000000 0.00817400000000000071
391 9.000000 9.000000 0.00789399999999999998
392 9.000000 9.000000 0.00708299999999999989
393 10.000000 10.000000 0.00716900000000000003
394 9.000000 9.000000 0.00718099999999999988
395 9.000000 9.000000 0.00728200000000000028
396 8.000000 8.000000 0.00843299999999999952
397 10.000000 9.000000 0.00711700000000000006
398 13.000000 10.000000 0.00671599999999999975
399 10.000000 9.000000 0.00994300000000000045
400 12.000000 10.000000 0.00858199999999999935
401 8.000000 8.000000 0.00992999999999999959
402 9.000000 9.000000 0.00901399999999999944
403 12.000000 10.000000 0.00867700000000000068
404 11.000000 10.000000 0.00854399999999999951
405 11.000000 10.000000 0.00861199999999999986
406 9.000000 9.000000 0.00909300000000000039
407 9.000000 9.000000 0.00900800000000000038
408 9.000000 9.000000 0.00901099999999999991
409 11.000000 10.000000 0.00842200000000000067
410 10.000000 9.000000 0.00876700000000000049
411 9.000000 9.000000 0.00882800000000000078
412 11.000000 10.000000 0.00865600000000000050
413 9.000000 9.000000 0.00878499999999999941
414 9.000000 9.000000 0.00886200000000000009
415 10.000000 9.000000 0.00833799999999999993
416 10.000000 9.000000 0.00834000000000000019
417 9.000000 9.000000 0.00859000000000000041
418 9.000000 9.000000 0.00889200000000000060
419 11.000000 10.000000 0.00843499999999999979
420 10.000000 10.000000 0.00852299999999999933
