1 14.000000 13.000000 0.11751699999999999646
2 16.000000 14.000000 0.04750900000000000262
3 13.000000 11.000000 0.03884800000000000059
4 16.000000 13.000000 0.01980399999999999869
5 12.000000 12.000000 0.04232600000000000251
6 14.000000 12.000000 0.02141600000000000101
7 13.000000 12.000000 0.05374099999999999711
8 26.000000 20.000000 0.05850400000000000045
9 15.000000 12.000000 0.02051700000000000051
10 11.000000 11.000000 0.01865999999999999950
11 12.000000 12.000000 0.01693499999999999867
12 14.000000 13.000000 0.01865100000000000091
13 16.000000 13.000000 0.02107300000000000145
14 18.000000 17.000000 0.01662500000000000089
15 12.000000 11.000000 0.01765100000000000002
16 17.000000 13.000000 0.02995199999999999946
17 18.000000 16.000000 0.02999999999999999889
18 12.000000 12.000000 0.02706799999999999831
19 25.000000 19.000000 0.01642400000000000110
20 14.000000 13.000000 0.03058599999999999861
21 12.000000 10.000000 0.03003700000000000120
22 13.000000 13.000000 0.03129799999999999943
23 14.000000 13.000000 0.03178099999999999675
24 15.000000 14.000000 0.01572499999999999939
25 11.000000 11.000000 0.01365300000000000021
26 16.000000 13.000000 0.01420199999999999935
27 13.000000 11.000000 0.01455799999999999976
28 10.000000 10.000000 0.01475699999999999928
29 17.000000 14.000000 0.01411600000000000008
30 14.000000 13.000000 0.01377699999999999932
31 11.000000 10.000000 0.03042999999999999872
32 12.000000 12.000000 0.01382000000000000069
33 18.000000 16.000000 0.01595500000000000043
34 10.000000 10.000000 0.01412000000000000061
35 9.000000 9.000000 0.01439900000000000034
36 15.000000 14.000000 0.01376600000000000046
37 20.000000 17.000000 0.01693300000000000013
38 11.000000 10.000000 0.01580000000000000154
39 18.000000 12.000000 0.01416000000000000071
40 16.000000 14.000000 0.01541099999999999935
41 14.000000 12.000000 0.01328499999999999993
42 14.000000 12.000000 0.01353500000000000016
43 17.000000 17.000000 0.01305899999999999943
44 12.000000 12.000000 0.01448400000000000035
45 22.000000 17.000000 0.01220800000000000010
46 11.000000 11.000000 0.01346299999999999927
47 13.000000 12.000000 0.01550099999999999915
48 16.000000 15.000000 0.01359999999999999924
49 10.000000 10.000000 0.01290700000000000007
50 16.000000 14.000000 0.01309100000000000021
51 16.000000 13.000000 0.01372400000000000009
52 13.000000 12.000000 0.01376699999999999972
53 14.000000 13.000000 0.01412700000000000067
54 15.000000 13.000000 0.01434799999999999964
55 17.000000 15.000000 0.01372400000000000009
56 15.000000 13.000000 0.01399599999999999976
57 11.000000 11.000000 0.01584699999999999998
58 19.000000 15.000000 0.01446700000000000069
59 17.000000 13.000000 0.04474800000000000305
60 19.000000 17.000000 0.01439299999999999954
61 20.000000 17.000000 0.01520299999999999950
62 17.000000 14.000000 0.01378200000000000085
63 12.000000 10.000000 0.01469099999999999920
64 18.000000 15.000000 0.01356800000000000020
65 14.000000 12.000000 0.01395000000000000059
66 15.000000 13.000000 0.01413200000000000046
67 14.000000 12.000000 0.01525600000000000046
68 19.000000 17.000000 0.02030099999999999960
69 24.000000 20.000000 0.05046699999999999797
70 10.000000 10.000000 0.01605200000000000030
71 19.000000 16.000000 0.01806500000000000120
72 11.000000 10.000000 0.01537900000000000031
73 8.000000 8.000000 0.01554400000000000052
74 18.000000 16.000000 0.01538100000000000057
75 11.000000 10.000000 0.01670100000000000057
76 15.000000 14.000000 0.01555300000000000085
77 17.000000 13.000000 0.01528799999999999951
78 10.000000 10.000000 0.01387299999999999991
79 11.000000 10.000000 0.01264599999999999926
80 17.000000 14.000000 0.01491100000000000064
81 22.000000 15.000000 0.01287600000000000029
82 15.000000 13.000000 0.01427900000000000003
83 13.000000 12.000000 0.01585900000000000157
84 13.000000 12.000000 0.01392900000000000041
85 11.000000 11.000000 0.01482400000000000037
86 14.000000 13.000000 0.01373399999999999968
87 11.000000 11.000000 0.01395200000000000086
88 17.000000 15.000000 0.01421599999999999947
89 15.000000 14.000000 0.01408799999999999983
90 16.000000 13.000000 0.01512800000000000082
91 11.000000 10.000000 0.03088899999999999979
92 9.000000 9.000000 0.01542299999999999921
93 12.000000 12.000000 0.01914799999999999836
94 12.000000 12.000000 0.02377299999999999899
95 15.000000 14.000000 0.01614900000000000016
96 14.000000 14.000000 0.01308699999999999967
97 14.000000 13.000000 0.01663500000000000048
98 12.000000 12.000000 0.01527099999999999985
99 11.000000 10.000000 0.01299299999999999934
100 14.000000 12.000000 0.01405999999999999958
101 15.000000 12.000000 0.01333100000000000084
102 15.000000 13.000000 0.01504499999999999935
103 13.000000 13.000000 0.03888500000000000290
104 20.000000 15.000000 0.01379599999999999924
105 16.000000 14.000000 0.01586399999999999963
106 10.000000 10.000000 0.02388399999999999898
107 13.000000 12.000000 0.01535100000000000006
108 17.000000 15.000000 0.01422499999999999980
109 15.000000 14.000000 0.01483600000000000023
110 18.000000 15.000000 0.02952099999999999863
111 14.000000 11.000000 0.01504400000000000008
112 18.000000 16.000000 0.01738900000000000168
113 15.000000 14.000000 0.04129800000000000137
114 15.000000 14.000000 0.01783200000000000063
115 12.000000 11.000000 0.02412200000000000108
116 13.000000 12.000000 0.03100599999999999884
117 13.000000 11.000000 0.03061600000000000085
118 13.000000 12.000000 0.02920800000000000132
119 20.000000 14.000000 0.03504199999999999676
120 14.000000 12.000000 0.01685299999999999992
121 23.000000 17.000000 0.01309899999999999953
122 13.000000 12.000000 0.03013599999999999959
123 18.000000 14.000000 0.01961399999999999949
124 14.000000 12.000000 0.01373800000000000021
125 16.000000 13.000000 0.01396499999999999998
126 15.000000 13.000000 0.03522000000000000131
127 16.000000 12.000000 0.02338000000000000148
128 8.000000 8.000000 0.01456099999999999929
129 12.000000 10.000000 0.01385600000000000026
130 20.000000 16.000000 0.01325899999999999995
131 13.000000 13.000000 0.01561899999999999920
132 20.000000 15.000000 0.01438599999999999948
133 19.000000 16.000000 0.01350499999999999964
134 12.000000 11.000000 0.01422700000000000006
135 9.000000 9.000000 0.02607800000000000049
136 10.000000 10.000000 0.01345900000000000048
137 10.000000 10.000000 0.01420699999999999914
138 13.000000 12.000000 0.01363299999999999929
139 10.000000 10.000000 0.01384699999999999993
140 18.000000 13.000000 0.01303299999999999945
141 18.000000 15.000000 0.01383799999999999961
142 15.000000 12.000000 0.01311900000000000045
143 18.000000 17.000000 0.01328299999999999967
144 16.000000 13.000000 0.01370099999999999964
145 17.000000 13.000000 0.01372999999999999915
146 22.000000 18.000000 0.01363299999999999929
147 18.000000 14.000000 0.02647300000000000000
148 20.000000 16.000000 0.03326300000000000090
149 15.000000 13.000000 0.03345200000000000257
150 18.000000 15.000000 0.04085099999999999842
151 15.000000 14.000000 0.01336099999999999961
152 11.000000 11.000000 0.01307000000000000002
153 13.000000 12.000000 0.01312299999999999925
154 10.000000 9.000000 0.01395899999999999919
155 20.000000 15.000000 0.01262500000000000080
156 17.000000 14.000000 0.01390100000000000016
157 10.000000 10.000000 0.04141999999999999849
158 18.000000 16.000000 0.03369899999999999979
159 12.000000 11.000000 0.02466300000000000089
160 13.000000 13.000000 0.01265299999999999932
161 22.000000 17.000000 0.01212799999999999989
162 19.000000 15.000000 0.01257600000000000037
163 16.000000 14.000000 0.01336799999999999967
164 21.000000 16.000000 0.01339699999999999919
165 21.000000 16.000000 0.01243900000000000040
166 9.000000 9.000000 0.01348199999999999919
167 12.000000 11.000000 0.01318000000000000074
168 12.000000 11.000000 0.04302799999999999681
169 17.000000 14.000000 0.01256499999999999978
170 16.000000 14.000000 0.01274999999999999918
171 20.000000 15.000000 0.01276799999999999984
172 19.000000 16.000000 0.01533499999999999967
173 24.000000 17.000000 0.01210299999999999918
174 17.000000 15.000000 0.01384699999999999993
175 18.000000 17.000000 0.01364199999999999961
176 12.000000 11.000000 0.01448900000000000014
177 13.000000 13.000000 0.01345499999999999995
178 12.000000 11.000000 0.01339800000000000019
179 11.000000 11.000000 0.01362799999999999949
180 14.000000 12.000000 0.04925999999999999823
181 15.000000 13.000000 0.01280700000000000068
182 19.000000 16.000000 0.01253400000000000000
183 13.000000 13.000000 0.03423199999999999854
184 16.000000 14.000000 0.03152400000000000341
185 11.000000 11.000000 0.03082400000000000070
186 10.000000 9.000000 0.02773499999999999924
187 17.000000 15.000000 0.02643699999999999870
188 18.000000 14.000000 0.02927899999999999947
189 12.000000 12.000000 0.03263300000000000228
190 15.000000 14.000000 0.02732400000000000106
191 18.000000 16.000000 0.01953200000000000075
192 14.000000 12.000000 0.02573900000000000146
193 9.000000 9.000000 0.03021599999999999980
194 13.000000 11.000000 0.02618900000000000047
195 17.000000 13.000000 0.02879999999999999921
196 16.000000 15.000000 0.01405900000000000032
197 10.000000 10.000000 0.01520200000000000023
198 20.000000 16.000000 0.01262100000000000027
199 12.000000 12.000000 0.01378899999999999917
200 16.000000 14.000000 0.01275100000000000018
201 14.000000 11.000000 0.01384799999999999920
202 17.000000 14.000000 0.01381399999999999989
203 14.000000 12.000000 0.01417099999999999957
204 12.000000 12.000000 0.01467300000000000028
205 18.000000 17.000000 0.01290000000000000001
206 15.000000 15.000000 0.01269699999999999995
207 27.000000 20.000000 0.01275199999999999945
208 13.000000 12.000000 0.02486500000000000168
209 13.000000 12.000000 0.05145999999999999880
210 14.000000 12.000000 0.03824099999999999722
211 11.000000 11.000000 0.03635700000000000043
212 14.000000 13.000000 0.01291300000000000087
213 14.000000 14.000000 0.01522800000000000022
214 19.000000 14.000000 0.01387599999999999945
215 12.000000 12.000000 0.01417799999999999963
216 13.000000 11.000000 0.01322800000000000017
217 16.000000 16.000000 0.01408399999999999930
218 15.000000 12.000000 0.04053999999999999965
219 8.000000 8.000000 0.02972999999999999948
220 18.000000 15.000000 0.03161300000000000221
221 19.000000 15.000000 0.01334499999999999922
222 16.000000 14.000000 0.03834800000000000014
223 13.000000 12.000000 0.02848099999999999937
224 13.000000 12.000000 0.01403899999999999940
225 21.000000 16.000000 0.01271399999999999961
226 17.000000 15.000000 0.01350900000000000017
227 16.000000 14.000000 0.01582100000000000173
228 12.000000 11.000000 0.01306700000000000049
229 13.000000 12.000000 0.01421099999999999967
230 17.000000 13.000000 0.01260799999999999942
231 15.000000 14.000000 0.02790300000000000072
232 12.000000 11.000000 0.01338899999999999986
233 13.000000 13.000000 0.01316900000000000015
234 11.000000 11.000000 0.02505100000000000035
235 11.000000 11.000000 0.03441899999999999821
236 18.000000 15.000000 0.02432799999999999893
237 11.000000 11.000000 0.01586200000000000110
238 21.000000 17.000000 0.01339199999999999939
239 17.000000 15.000000 0.03446199999999999958
240 14.000000 13.000000 0.01362200000000000043
241 12.000000 11.000000 0.01314099999999999990
242 17.000000 16.000000 0.02088800000000000032
243 16.000000 15.000000 0.01572399999999999839
244 12.000000 11.000000 0.01736899999999999902
245 15.000000 13.000000 0.03150499999999999828
246 12.000000 12.000000 0.03347599999999999881
247 17.000000 15.000000 0.03718899999999999983
248 13.000000 12.000000 0.01345200000000000042
249 15.000000 15.000000 0.01353099999999999963
250 8.000000 8.000000 0.01360199999999999951
251 14.000000 13.000000 0.01353599999999999942
252 18.000000 15.000000 0.02986899999999999972
253 20.000000 17.000000 0.02753099999999999992
254 17.000000 15.000000 0.01531399999999999949
255 16.000000 14.000000 0.01483600000000000023
256 14.000000 13.000000 0.01696800000000000044
257 13.000000 12.000000 0.01577800000000000036
258 14.000000 12.000000 0.01579399999999999901
259 19.000000 17.000000 0.01463000000000000064
260 16.000000 14.000000 0.01649400000000000172
261 21.000000 16.000000 0.01484500000000000056
262 13.000000 11.000000 0.01562699999999999853
263 25.000000 19.000000 0.01172699999999999958
264 14.000000 11.000000 0.01184299999999999936
265 17.000000 14.000000 0.01375499999999999987
266 17.000000 14.000000 0.01454500000000000064
267 11.000000 10.000000 0.01510099999999999984
268 23.000000 18.000000 0.01957499999999999865
269 11.000000 10.000000 0.01337600000000000074
270 13.000000 12.000000 0.01367699999999999992
271 17.000000 15.000000 0.01313699999999999937
272 13.000000 13.000000 0.02655000000000000068
273 19.000000 15.000000 0.01702400000000000094
274 15.000000 14.000000 0.02407400000000000165
275 16.000000 14.000000 0.01348099999999999993
276 12.000000 11.000000 0.04523900000000000143
277 11.000000 10.000000 0.04616800000000000070
278 11.000000 10.000000 0.02743100000000000052
279 14.000000 13.000000 0.06091900000000000093
280 17.000000 13.000000 0.03103099999999999956
281 15.000000 13.000000 0.02738900000000000015
282 21.000000 15.000000 0.03395999999999999713
283 16.000000 13.000000 0.02906900000000000109
284 16.000000 14.000000 0.03433900000000000147
285 12.000000 12.000000 0.02228499999999999925
286 13.000000 12.000000 0.02009199999999999875
287 13.000000 12.000000 0.02870899999999999841
288 20.000000 17.000000 0.04054499999999999771
289 11.000000 10.000000 0.03182299999999999712
290 15.000000 13.000000 0.05010200000000000070
291 20.000000 16.000000 0.02990599999999999856
292 16.000000 16.000000 0.03067800000000000041
293 11.000000 11.000000 0.04620900000000000007
294 15.000000 13.000000 0.05277400000000000146
295 18.000000 16.000000 0.04222499999999999865
296 13.000000 12.000000 0.01497799999999999999
297 13.000000 12.000000 0.03849500000000000144
298 17.000000 17.000000 0.02684599999999999834
299 10.000000 10.000000 0.03129699999999999843
300 16.000000 14.000000 0.04997000000000000053
301 18.000000 17.000000 0.03436000000000000165
302 11.000000 10.000000 0.01649099999999999872
303 27.000000 19.000000 0.01288599999999999988
304 19.000000 15.000000 0.01849999999999999908
305 23.000000 18.000000 0.02419699999999999976
306 11.000000 11.000000 0.03254900000000000154
307 21.000000 18.000000 0.01464799999999999956
308 22.000000 18.000000 0.01310099999999999980
309 17.000000 14.000000 0.01528299999999999971
310 18.000000 17.000000 0.01460900000000000046
311 11.000000 10.000000 0.01372300000000000082
312 16.000000 13.000000 0.04321799999999999947
313 10.000000 10.000000 0.02953700000000000075
314 12.000000 11.000000 0.02241399999999999990
315 14.000000 13.000000 0.02770799999999999999
316 18.000000 14.000000 0.03010900000000000035
317 11.000000 11.000000 0.03913500000000000312
318 14.000000 14.000000 0.01459900000000000087
319 16.000000 13.000000 0.01488500000000000066
320 16.000000 13.000000 0.01499600000000000065
321 12.000000 12.000000 0.01461600000000000052
322 13.000000 13.000000 0.02275399999999999992
323 14.000000 12.000000 0.02603899999999999965
324 15.000000 14.000000 0.01702899999999999900
325 14.000000 14.000000 0.01526500000000000079
326 13.000000 12.000000 0.01529400000000000030
327 13.000000 11.000000 0.01481099999999999951
328 18.000000 14.000000 0.01362200000000000043
329 13.000000 12.000000 0.01925599999999999881
330 18.000000 14.000000 0.02911800000000000152
331 14.000000 11.000000 0.01307200000000000029
332 18.000000 15.000000 0.01687200000000000158
333 11.000000 10.000000 0.01340200000000000072
334 13.000000 12.000000 0.01472700000000000051
335 14.000000 13.000000 0.01393499999999999947
336 14.000000 12.000000 0.01318899999999999934
337 13.000000 13.000000 0.03194000000000000311
338 20.000000 18.000000 0.01374799999999999980
339 14.000000 12.000000 0.03457099999999999757
340 8.000000 8.000000 0.01320600000000000072
341 11.000000 11.000000 0.01331799999999999998
342 18.000000 15.000000 0.01432399999999999993
343 20.000000 13.000000 0.02865699999999999845
344 10.000000 10.000000 0.06595700000000000174
345 21.000000 17.000000 0.01422400000000000053
346 22.000000 17.000000 0.01298299999999999975
347 11.000000 11.000000 0.01351499999999999924
348 17.000000 14.000000 0.01494400000000000069
349 21.000000 18.000000 0.01287499999999999929
350 19.000000 16.000000 0.01286999999999999950
351 14.000000 13.000000 0.01470800000000000059
352 22.000000 16.000000 0.01341299999999999958
353 11.000000 11.000000 0.01434200000000000058
354 11.000000 11.000000 0.01354799999999999928
355 16.000000 14.000000 0.02202000000000000138
356 16.000000 13.000000 0.02759500000000000147
357 23.000000 17.000000 0.01286999999999999950
358 21.000000 17.000000 0.07304800000000000182
359 19.000000 15.000000 0.05206999999999999823
360 20.000000 15.000000 0.02976699999999999832
361 16.000000 14.000000 0.01340200000000000072
362 13.000000 11.000000 0.02740199999999999927
363 16.000000 13.000000 0.01310799999999999986
364 11.000000 11.000000 0.03142699999999999660
365 12.000000 11.000000 0.05814400000000000124
366 15.000000 14.000000 0.05070500000000000007
367 17.000000 15.000000 0.01590499999999999900
368 14.000000 13.000000 0.05562799999999999689
369 13.000000 12.000000 0.01336399999999999914
370 16.000000 16.000000 0.01350100000000000085
371 20.000000 17.000000 0.01313100000000000031
372 15.000000 13.000000 0.01382099999999999995
373 14.000000 12.000000 0.01445500000000000083
374 9.000000 9.000000 0.01338600000000000033
375 13.000000 13.000000 0.01398499999999999917
376 16.000000 14.000000 0.01260000000000000009
377 11.000000 11.000000 0.02671600000000000016
378 21.000000 16.000000 0.02079599999999999851
379 14.000000 12.000000 0.03741699999999999887
380 10.000000 10.000000 0.02757300000000000029
381 15.000000 14.000000 0.04160099999999999909
382 17.000000 14.000000 0.05098799999999999860
383 14.000000 13.000000 0.03009099999999999969
384 10.000000 9.000000 0.04455300000000000232
385 16.000000 13.000000 0.03067299999999999888
386 16.000000 13.000000 0.02700299999999999923
387 10.000000 10.000000 0.01325899999999999995
388 16.000000 14.000000 0.03363000000000000017
389 17.000000 14.000000 0.03151799999999999741
390 12.000000 11.000000 0.05399999999999999939
391 16.000000 14.000000 0.05616399999999999865
392 14.000000 13.000000 0.03338300000000000295
393 9.000000 9.000000 0.03180800000000000294
394 16.000000 13.000000 0.03292699999999999794
395 11.000000 11.000000 0.02810100000000000098
396 21.000000 17.000000 0.02997800000000000117
397 12.000000 12.000000 0.03358900000000000080
398 16.000000 14.000000 0.02647300000000000000
399 15.000000 13.000000 0.04744700000000000306
400 11.000000 11.000000 0.03015800000000000078
401 18.000000 14.000000 0.03727599999999999664
402 15.000000 12.000000 0.02918300000000000061
403 13.000000 11.000000 0.01316699999999999988
404 11.000000 10.000000 0.03301599999999999674
405 16.000000 13.000000 0.02908799999999999927
406 19.000000 15.000000 0.02491499999999999965
407 9.000000 9.000000 0.04600400000000000322
408 12.000000 12.000000 0.06446000000000000341
409 16.000000 13.000000 0.02941099999999999964
410 16.000000 14.000000 0.01375999999999999966
411 13.000000 11.000000 0.01311099999999999939
412 18.000000 14.000000 0.01268900000000000063
413 20.000000 15.000000 0.01598300000000000068
414 16.000000 14.000000 0.01462399999999999985
415 14.000000 11.000000 0.03973299999999999749
416 11.000000 11.000000 0.01268700000000000036
417 19.000000 15.000000 0.02739300000000000068
418 13.000000 11.000000 0.01339399999999999966
419 13.000000 12.000000 0.01596500000000000002
420 9.000000 9.000000 0.02842400000000000135
