1 40.000000 32.000000 0.33089499999999999469
2 40.000000 30.000000 0.27572799999999997311
3 26.000000 23.000000 0.05943500000000000172
4 29.000000 24.000000 0.05156999999999999779
5 19.000000 19.000000 0.09592299999999999438
6 25.000000 22.000000 0.08959799999999999709
7 25.000000 21.000000 0.05488300000000000123
8 26.000000 21.000000 0.08251500000000000501
9 21.000000 19.000000 0.06065099999999999658
10 36.000000 28.000000 0.07556300000000000516
11 23.000000 20.000000 0.03364099999999999729
12 27.000000 24.000000 0.03260699999999999710
13 26.000000 23.000000 0.03287899999999999850
14 45.000000 34.000000 0.06705099999999999949
15 38.000000 30.000000 0.06193599999999999800
16 32.000000 28.000000 0.06291099999999999470
17 34.000000 30.000000 0.04836900000000000227
18 33.000000 30.000000 0.04602400000000000241
19 23.000000 19.000000 0.04567800000000000332
20 24.000000 23.000000 0.02605199999999999877
21 23.000000 17.000000 0.04224399999999999683
22 27.000000 23.000000 0.02510199999999999931
23 40.000000 31.000000 0.03475099999999999717
24 29.000000 25.000000 0.02731600000000000000
25 24.000000 20.000000 0.02568700000000000150
26 27.000000 25.000000 0.08683100000000000540
27 28.000000 26.000000 0.06569300000000000139
28 17.000000 17.000000 0.03701499999999999929
29 38.000000 29.000000 0.04537800000000000167
30 32.000000 24.000000 0.03293100000000000194
31 29.000000 22.000000 0.06364499999999999325
32 20.000000 19.000000 0.04892500000000000321
33 30.000000 24.000000 0.03412400000000000155
34 26.000000 22.000000 0.02918099999999999861
35 22.000000 21.000000 0.03916800000000000143
36 20.000000 17.000000 0.02784700000000000022
37 21.000000 18.000000 0.03147099999999999898
38 33.000000 27.000000 0.02957699999999999912
39 27.000000 25.000000 0.03560399999999999676
40 31.000000 28.000000 0.02826999999999999999
41 22.000000 20.000000 0.03880499999999999922
42 30.000000 26.000000 0.03224699999999999789
43 24.000000 21.000000 0.03305799999999999711
44 28.000000 23.000000 0.05161999999999999922
45 26.000000 22.000000 0.05067800000000000082
46 26.000000 21.000000 0.02778100000000000014
47 33.000000 26.000000 0.08690799999999999914
48 22.000000 20.000000 0.03868499999999999717
49 19.000000 17.000000 0.02956999999999999906
50 28.000000 24.000000 0.02813999999999999835
51 19.000000 18.000000 0.03245800000000000074
52 24.000000 21.000000 0.07200700000000000156
53 20.000000 19.000000 0.04448200000000000071
54 33.000000 28.000000 0.05757700000000000318
55 28.000000 24.000000 0.06053200000000000247
56 32.000000 26.000000 0.06730400000000000271
57 32.000000 23.000000 0.07245300000000000351
58 23.000000 21.000000 0.03182600000000000012
59 25.000000 21.000000 0.02520299999999999971
60 19.000000 17.000000 0.02431300000000000128
61 24.000000 19.000000 0.02598400000000000015
62 41.000000 28.000000 0.01918900000000000119
63 33.000000 25.000000 0.02434000000000000052
64 28.000000 24.000000 0.07287499999999999534
65 31.000000 27.000000 0.05247999999999999887
66 46.000000 38.000000 0.05426199999999999773
67 13.000000 13.000000 0.02988100000000000131
68 41.000000 32.000000 0.03051099999999999993
69 29.000000 25.000000 0.03650699999999999779
70 16.000000 15.000000 0.03484199999999999797
71 32.000000 26.000000 0.02902300000000000019
72 32.000000 25.000000 0.03805200000000000249
73 15.000000 14.000000 0.02587300000000000016
74 32.000000 27.000000 0.03006800000000000098
75 32.000000 25.000000 0.02092499999999999916
76 31.000000 25.000000 0.02168799999999999895
77 33.000000 25.000000 0.03400399999999999950
78 38.000000 29.000000 0.03366899999999999754
79 26.000000 20.000000 0.05481400000000000161
80 34.000000 29.000000 0.04439799999999999996
81 23.000000 17.000000 0.02263199999999999934
82 24.000000 20.000000 0.04244400000000000256
83 23.000000 23.000000 0.02999399999999999983
84 19.000000 17.000000 0.03538600000000000079
85 25.000000 20.000000 0.02207299999999999887
86 13.000000 13.000000 0.04395400000000000001
87 34.000000 30.000000 0.02892499999999999932
88 31.000000 25.000000 0.08723899999999999710
89 23.000000 20.000000 0.03213599999999999790
90 25.000000 23.000000 0.02959699999999999831
91 41.000000 31.000000 0.02845900000000000166
92 23.000000 19.000000 0.04186999999999999750
93 24.000000 21.000000 0.03095499999999999988
94 26.000000 23.000000 0.03954599999999999782
95 27.000000 23.000000 0.03951000000000000345
96 30.000000 27.000000 0.02693900000000000114
97 26.000000 22.000000 0.05170099999999999696
98 24.000000 24.000000 0.03355099999999999749
99 24.000000 23.000000 0.03321099999999999747
100 54.000000 43.000000 0.03450600000000000195
101 31.000000 25.000000 0.03040800000000000100
102 33.000000 26.000000 0.02511199999999999891
103 25.000000 20.000000 0.02846699999999999925
104 30.000000 26.000000 0.03891700000000000020
105 31.000000 26.000000 0.02972299999999999942
106 27.000000 23.000000 0.03047199999999999909
107 30.000000 24.000000 0.04206599999999999923
108 32.000000 26.000000 0.03318399999999999822
109 28.000000 23.000000 0.04020699999999999968
110 24.000000 22.000000 0.07514400000000000246
111 28.000000 22.000000 0.02859499999999999889
112 20.000000 18.000000 0.02154800000000000118
113 31.000000 25.000000 0.07318399999999999905
114 38.000000 30.000000 0.04450500000000000289
115 22.000000 18.000000 0.05451600000000000196
116 28.000000 22.000000 0.05503500000000000059
117 24.000000 21.000000 0.07606699999999999573
118 22.000000 19.000000 0.09451400000000000079
119 28.000000 21.000000 0.03520100000000000312
120 37.000000 29.000000 0.06176899999999999752
121 36.000000 27.000000 0.03191499999999999893
122 25.000000 21.000000 0.03495600000000000096
123 29.000000 23.000000 0.02910599999999999993
124 24.000000 24.000000 0.02730899999999999994
125 33.000000 25.000000 0.02590699999999999947
126 18.000000 16.000000 0.07020600000000000451
127 27.000000 24.000000 0.06911499999999999588
128 18.000000 16.000000 0.07722199999999999898
129 18.000000 18.000000 0.03898900000000000282
130 31.000000 25.000000 0.12526899999999999147
131 30.000000 23.000000 0.09236900000000000666
132 27.000000 25.000000 0.05653600000000000292
133 20.000000 17.000000 0.06747100000000000319
134 33.000000 29.000000 0.04190499999999999781
135 42.000000 35.000000 0.06257500000000000562
136 33.000000 28.000000 0.08219799999999999329
137 22.000000 18.000000 0.04905500000000000138
138 33.000000 27.000000 0.05736299999999999732
139 24.000000 20.000000 0.06706700000000000161
140 25.000000 22.000000 0.05079600000000000087
141 30.000000 26.000000 0.06430199999999999805
142 29.000000 26.000000 0.07706100000000000450
143 21.000000 19.000000 0.04258800000000000086
144 33.000000 27.000000 0.07678899999999999615
145 42.000000 34.000000 0.08909999999999999865
146 21.000000 20.000000 0.06006399999999999934
147 48.000000 37.000000 0.06779699999999999616
148 31.000000 22.000000 0.05725899999999999740
149 25.000000 23.000000 0.10244399999999999340
150 42.000000 30.000000 0.08423400000000000332
151 21.000000 19.000000 0.05419000000000000206
152 27.000000 22.000000 0.04550400000000000278
153 14.000000 13.000000 0.04136700000000000099
154 19.000000 17.000000 0.02462800000000000059
155 45.000000 29.000000 0.03410900000000000043
156 26.000000 22.000000 0.02057700000000000154
157 24.000000 19.000000 0.02044299999999999937
158 36.000000 32.000000 0.02567200000000000037
159 18.000000 18.000000 0.05929299999999999848
160 26.000000 23.000000 0.06300699999999999357
161 16.000000 15.000000 0.06501899999999999347
162 26.000000 20.000000 0.06462199999999999889
163 19.000000 15.000000 0.07687299999999999689
164 24.000000 21.000000 0.04179599999999999982
165 42.000000 32.000000 0.03788400000000000101
166 19.000000 18.000000 0.03584999999999999992
167 16.000000 15.000000 0.02828400000000000011
168 17.000000 15.000000 0.05554200000000000109
169 29.000000 26.000000 0.04698299999999999699
170 43.000000 32.000000 0.07495100000000000373
171 30.000000 24.000000 0.03276400000000000146
172 23.000000 21.000000 0.02400400000000000103
173 27.000000 21.000000 0.05216200000000000003
174 28.000000 25.000000 0.03058900000000000161
175 15.000000 15.000000 0.02392800000000000135
176 34.000000 27.000000 0.04535100000000000242
177 20.000000 18.000000 0.03368000000000000160
178 20.000000 17.000000 0.03881899999999999934
179 25.000000 20.000000 0.02990599999999999856
180 23.000000 22.000000 0.02502499999999999863
181 19.000000 15.000000 0.03652199999999999891
182 23.000000 20.000000 0.04417599999999999999
183 24.000000 22.000000 0.05315500000000000086
184 33.000000 26.000000 0.10118399999999999617
185 28.000000 22.000000 0.03516999999999999987
186 39.000000 32.000000 0.02974100000000000008
187 25.000000 20.000000 0.02785100000000000076
188 26.000000 21.000000 0.03036799999999999916
189 39.000000 29.000000 0.06221299999999999747
190 29.000000 25.000000 0.04679799999999999932
191 18.000000 15.000000 0.02974200000000000108
192 32.000000 28.000000 0.06444199999999999928
193 24.000000 22.000000 0.02743299999999999905
194 28.000000 21.000000 0.03935700000000000309
195 30.000000 26.000000 0.03082299999999999970
196 31.000000 29.000000 0.04015699999999999825
197 24.000000 21.000000 0.02234900000000000081
198 30.000000 25.000000 0.02960199999999999984
199 22.000000 20.000000 0.03252200000000000230
200 18.000000 17.000000 0.02952000000000000110
201 21.000000 19.000000 0.05616600000000000065
202 22.000000 18.000000 0.03864999999999999686
203 30.000000 28.000000 0.03086500000000000007
204 35.000000 26.000000 0.05559200000000000252
205 27.000000 22.000000 0.07435200000000000142
206 31.000000 30.000000 0.03116500000000000173
207 31.000000 25.000000 0.03514400000000000163
208 26.000000 24.000000 0.02414399999999999880
209 40.000000 35.000000 0.02756499999999999923
210 25.000000 20.000000 0.01992999999999999980
211 27.000000 23.000000 0.03445899999999999658
212 31.000000 25.000000 0.03719100000000000183
213 20.000000 18.000000 0.04935599999999999710
214 31.000000 28.000000 0.04871000000000000330
215 34.000000 30.000000 0.03921999999999999792
216 30.000000 26.000000 0.02092600000000000016
217 30.000000 24.000000 0.06864599999999999869
218 30.000000 24.000000 0.02834700000000000067
219 28.000000 22.000000 0.03225100000000000189
220 21.000000 19.000000 0.03664400000000000296
221 19.000000 18.000000 0.03023800000000000099
222 24.000000 20.000000 0.02513100000000000056
223 32.000000 26.000000 0.02507500000000000007
224 28.000000 22.000000 0.03175900000000000251
225 10.000000 10.000000 0.02594300000000000078
226 29.000000 27.000000 0.02684399999999999981
227 23.000000 20.000000 0.02466600000000000042
228 33.000000 27.000000 0.04317900000000000210
229 16.000000 15.000000 0.02515500000000000028
230 24.000000 20.000000 0.02975799999999999973
231 32.000000 29.000000 0.02867799999999999863
232 32.000000 23.000000 0.04047800000000000009
233 26.000000 24.000000 0.02329300000000000120
234 39.000000 30.000000 0.03180899999999999700
235 24.000000 20.000000 0.02477499999999999841
236 40.000000 31.000000 0.02831300000000000136
237 22.000000 19.000000 0.03476599999999999829
238 29.000000 24.000000 0.02489999999999999852
239 24.000000 20.000000 0.03676399999999999807
240 21.000000 19.000000 0.02782400000000000151
241 23.000000 21.000000 0.03391899999999999776
242 34.000000 26.000000 0.04898299999999999876
243 39.000000 32.000000 0.03072499999999999884
244 26.000000 19.000000 0.03404299999999999687
245 28.000000 24.000000 0.02881299999999999834
246 29.000000 23.000000 0.02856300000000000158
247 30.000000 24.000000 0.04373599999999999710
248 23.000000 21.000000 0.05356999999999999956
249 39.000000 30.000000 0.03222099999999999964
250 26.000000 23.000000 0.04169199999999999989
251 23.000000 20.000000 0.02975200000000000067
252 39.000000 34.000000 0.03108599999999999905
253 28.000000 22.000000 0.02748700000000000102
254 36.000000 28.000000 0.02497500000000000067
255 28.000000 24.000000 0.03080799999999999858
256 36.000000 30.000000 0.04663199999999999984
257 31.000000 25.000000 0.02966399999999999940
258 31.000000 25.000000 0.02679099999999999884
259 28.000000 25.000000 0.02471200000000000133
260 24.000000 21.000000 0.03101299999999999890
261 25.000000 22.000000 0.03577700000000000324
262 35.000000 27.000000 0.03246099999999999680
263 22.000000 19.000000 0.02487699999999999981
264 26.000000 24.000000 0.05991400000000000198
265 41.000000 32.000000 0.04234500000000000069
266 14.000000 14.000000 0.05602100000000000135
267 38.000000 26.000000 0.02321199999999999999
268 28.000000 25.000000 0.02924200000000000063
269 23.000000 19.000000 0.02479800000000000060
270 36.000000 28.000000 0.02707199999999999884
271 20.000000 18.000000 0.02317400000000000015
272 25.000000 22.000000 0.03345100000000000157
273 20.000000 18.000000 0.04214600000000000291
274 22.000000 19.000000 0.02700299999999999923
275 30.000000 24.000000 0.02515299999999999828
276 23.000000 18.000000 0.02406799999999999912
277 45.000000 39.000000 0.02333599999999999910
278 28.000000 25.000000 0.03492499999999999771
279 29.000000 24.000000 0.03142699999999999660
280 32.000000 24.000000 0.02769200000000000134
281 24.000000 22.000000 0.02935499999999999915
282 23.000000 19.000000 0.03257899999999999685
283 30.000000 27.000000 0.02581699999999999967
284 16.000000 16.000000 0.03526699999999999974
285 23.000000 19.000000 0.02917499999999999954
286 25.000000 19.000000 0.03856799999999999812
287 33.000000 26.000000 0.02988400000000000084
288 18.000000 16.000000 0.03226899999999999907
289 23.000000 21.000000 0.03486999999999999822
290 24.000000 21.000000 0.05611200000000000215
291 19.000000 18.000000 0.05679499999999999826
292 20.000000 18.000000 0.05586399999999999699
293 32.000000 27.000000 0.05924800000000000205
294 30.000000 24.000000 0.04186800000000000244
295 22.000000 20.000000 0.07102100000000000080
296 31.000000 26.000000 0.02932699999999999890
297 28.000000 25.000000 0.03125499999999999806
298 29.000000 23.000000 0.02316400000000000056
299 29.000000 26.000000 0.03526100000000000068
300 19.000000 18.000000 0.02523200000000000096
301 37.000000 30.000000 0.02110000000000000070
302 31.000000 24.000000 0.02702299999999999841
303 20.000000 16.000000 0.03056499999999999842
304 24.000000 21.000000 0.02996899999999999911
305 24.000000 19.000000 0.02379500000000000018
306 30.000000 22.000000 0.02598200000000000162
307 24.000000 20.000000 0.05151599999999999929
308 35.000000 30.000000 0.03375299999999999828
309 34.000000 29.000000 0.02744600000000000165
310 29.000000 24.000000 0.08004100000000000104
311 43.000000 33.000000 0.04972000000000000031
312 36.000000 28.000000 0.03622899999999999732
313 31.000000 25.000000 0.02531999999999999876
314 23.000000 19.000000 0.05617699999999999777
315 25.000000 23.000000 0.04687399999999999900
316 20.000000 19.000000 0.02790199999999999972
317 26.000000 23.000000 0.03618299999999999988
318 13.000000 13.000000 0.03663099999999999690
319 31.000000 27.000000 0.03784799999999999970
320 32.000000 25.000000 0.04036399999999999710
321 29.000000 25.000000 0.02827299999999999952
322 17.000000 16.000000 0.03076800000000000021
323 26.000000 21.000000 0.02690800000000000136
324 36.000000 30.000000 0.03192799999999999805
325 34.000000 26.000000 0.02310399999999999954
326 29.000000 24.000000 0.02883399999999999852
327 33.000000 27.000000 0.05704900000000000249
328 18.000000 16.000000 0.02814499999999999988
329 33.000000 26.000000 0.02531500000000000070
330 23.000000 22.000000 0.03411399999999999849
331 19.000000 16.000000 0.02632500000000000118
332 25.000000 20.000000 0.03448999999999999982
333 27.000000 25.000000 0.02181100000000000053
334 26.000000 20.000000 0.02682100000000000109
335 25.000000 23.000000 0.02886499999999999830
336 26.000000 23.000000 0.03721900000000000208
337 32.000000 24.000000 0.04324900000000000272
338 29.000000 25.000000 0.02304300000000000098
339 37.000000 26.000000 0.03903999999999999831
340 44.000000 33.000000 0.03842600000000000182
341 23.000000 21.000000 0.02517600000000000046
342 25.000000 24.000000 0.03721300000000000302
343 26.000000 22.000000 0.03225299999999999695
344 16.000000 15.000000 0.03011600000000000041
345 29.000000 26.000000 0.03749899999999999761
346 29.000000 26.000000 0.02153199999999999906
347 27.000000 22.000000 0.02630299999999999999
348 24.000000 20.000000 0.03487599999999999728
349 28.000000 23.000000 0.02422900000000000054
350 39.000000 30.000000 0.02973999999999999908
351 26.000000 20.000000 0.04518900000000000000
352 34.000000 33.000000 0.02413799999999999973
353 35.000000 30.000000 0.02932600000000000137
354 26.000000 22.000000 0.02454500000000000084
355 38.000000 30.000000 0.02849300000000000097
356 30.000000 24.000000 0.03478500000000000342
357 24.000000 22.000000 0.03878600000000000103
358 33.000000 27.000000 0.02644200000000000023
359 25.000000 19.000000 0.05540599999999999692
360 27.000000 23.000000 0.02909099999999999880
361 29.000000 25.000000 0.02553100000000000161
362 32.000000 26.000000 0.03756299999999999917
363 26.000000 20.000000 0.04538400000000000073
364 30.000000 24.000000 0.04245700000000000168
365 20.000000 20.000000 0.03353699999999999737
366 44.000000 31.000000 0.03765000000000000291
367 30.000000 25.000000 0.02943600000000000036
368 20.000000 19.000000 0.08836099999999999510
369 32.000000 28.000000 0.02915200000000000083
370 35.000000 27.000000 0.03226400000000000101
371 25.000000 21.000000 0.03917699999999999655
372 31.000000 25.000000 0.08930399999999999450
373 16.000000 16.000000 0.04025999999999999718
374 28.000000 25.000000 0.02353200000000000083
375 29.000000 26.000000 0.02412200000000000108
376 40.000000 34.000000 0.02949200000000000085
377 27.000000 21.000000 0.03194199999999999817
378 31.000000 28.000000 0.02608600000000000155
379 34.000000 29.000000 0.02490500000000000005
380 37.000000 30.000000 0.02942799999999999930
381 22.000000 18.000000 0.02742699999999999999
382 26.000000 23.000000 0.02698100000000000151
383 26.000000 21.000000 0.03233899999999999969
384 40.000000 30.000000 0.02797600000000000087
385 29.000000 25.000000 0.02530800000000000063
386 34.000000 26.000000 0.06077099999999999863
387 16.000000 15.000000 0.02608100000000000002
388 31.000000 22.000000 0.03161100000000000021
389 30.000000 24.000000 0.03532199999999999923
390 14.000000 14.000000 0.03441799999999999721
391 32.000000 26.000000 0.04741800000000000181
392 41.000000 32.000000 0.02415000000000000133
393 38.000000 32.000000 0.05471100000000000269
394 31.000000 25.000000 0.03090199999999999891
395 33.000000 26.000000 0.03801000000000000212
396 36.000000 29.000000 0.02506999999999999854
397 34.000000 27.000000 0.02247000000000000039
398 38.000000 32.000000 0.03044200000000000031
399 21.000000 18.000000 0.04791900000000000326
400 39.000000 32.000000 0.02512700000000000003
401 28.000000 23.000000 0.04207799999999999735
402 24.000000 21.000000 0.02815099999999999894
403 24.000000 22.000000 0.06336899999999999478
404 22.000000 20.000000 0.02811599999999999863
405 20.000000 19.000000 0.05771699999999999747
406 25.000000 21.000000 0.02678399999999999878
407 30.000000 26.000000 0.02148999999999999869
408 34.000000 26.000000 0.02657800000000000093
409 35.000000 25.000000 0.02938699999999999993
410 27.000000 24.000000 0.02608699999999999908
411 22.000000 21.000000 0.03000999999999999848
412 31.000000 26.000000 0.03660000000000000059
413 37.000000 29.000000 0.01832100000000000048
414 34.000000 25.000000 0.04843999999999999695
415 33.000000 27.000000 0.02824700000000000127
416 26.000000 23.000000 0.03368899999999999673
417 26.000000 21.000000 0.02426800000000000138
418 26.000000 21.000000 0.04121600000000000263
419 31.000000 24.000000 0.07607800000000000673
420 38.000000 29.000000 0.04446300000000000252
