1 186.000000 143.000000 1.35721399999999992048
2 117.000000 98.000000 1.34639500000000000846
3 119.000000 107.000000 0.43292599999999997751
4 147.000000 110.000000 0.65946800000000005415
5 108.000000 98.000000 0.47969099999999997852
6 118.000000 94.000000 0.42951000000000000290
7 110.000000 89.000000 0.77795700000000000962
8 115.000000 95.000000 0.38817299999999999027
9 132.000000 112.000000 0.25458399999999997698
10 197.000000 149.000000 0.28647899999999998366
11 116.000000 100.000000 0.42730600000000001915
12 135.000000 106.000000 0.56122700000000003140
13 122.000000 100.000000 0.47340599999999999348
14 126.000000 91.000000 0.37767899999999998695
15 127.000000 90.000000 0.33594000000000001638
16 90.000000 81.000000 0.54743200000000002969
17 138.000000 122.000000 0.36518699999999998385
18 89.000000 68.000000 0.86135799999999995702
19 124.000000 91.000000 0.43404900000000001814
20 182.000000 154.000000 0.49382199999999998319
21 74.000000 61.000000 0.56991499999999994941
22 206.000000 164.000000 0.52063400000000004120
23 117.000000 102.000000 0.28673799999999999288
24 86.000000 71.000000 1.08455999999999996852
25 86.000000 72.000000 0.94839600000000001678
26 86.000000 69.000000 0.72697599999999995557
27 109.000000 91.000000 0.60931299999999999351
28 117.000000 94.000000 0.50415299999999996228
29 92.000000 75.000000 0.67876800000000003799
30 95.000000 88.000000 0.44881199999999998873
31 104.000000 76.000000 0.61952399999999996361
32 164.000000 133.000000 0.49889600000000000612
33 109.000000 89.000000 0.35291099999999997472
34 128.000000 106.000000 0.64453499999999996906
35 119.000000 92.000000 2.17305200000000020566
36 150.000000 121.000000 0.42306700000000002637
37 79.000000 66.000000 0.97930399999999995231
38 99.000000 80.000000 0.47720899999999999430
39 154.000000 127.000000 0.48704300000000000370
40 116.000000 100.000000 0.26271899999999998032
41 156.000000 125.000000 0.42336200000000001609
42 118.000000 93.000000 0.31410700000000002508
43 117.000000 89.000000 0.66708000000000000629
44 127.000000 115.000000 0.29215700000000000003
45 189.000000 154.000000 0.19623999999999999777
46 105.000000 93.000000 0.92466499999999995918
47 114.000000 93.000000 0.58355699999999999239
48 127.000000 99.000000 6.52555100000000010141
49 87.000000 74.000000 0.65378300000000000303
50 152.000000 129.000000 0.19246099999999999319
51 128.000000 104.000000 0.74189700000000002866
52 131.000000 97.000000 0.56720499999999995921
53 143.000000 105.000000 0.61404499999999995197
54 94.000000 80.000000 0.41918100000000002581
55 74.000000 65.000000 0.47044300000000000006
56 107.000000 88.000000 1.11205799999999999095
57 122.000000 108.000000 0.41912300000000002331
58 64.000000 57.000000 0.68902099999999999458
59 101.000000 80.000000 0.89819099999999996164
60 105.000000 78.000000 0.46478700000000000570
61 122.000000 101.000000 0.44126399999999998958
62 127.000000 91.000000 0.52413500000000001755
63 134.000000 113.000000 0.25432900000000002727
64 95.000000 78.000000 0.73068100000000002492
65 101.000000 90.000000 0.57483700000000004238
66 103.000000 87.000000 0.34989799999999998681
67 88.000000 75.000000 0.51627199999999995317
68 134.000000 117.000000 0.25866200000000000303
69 157.000000 120.000000 0.25700800000000001422
70 176.000000 126.000000 0.84202500000000002345
71 126.000000 104.000000 0.72487800000000002232
72 160.000000 133.000000 0.79774699999999998390
73 133.000000 103.000000 0.39070100000000002050
74 103.000000 87.000000 0.38404899999999997373
75 124.000000 99.000000 0.70066600000000001103
76 85.000000 66.000000 0.89077600000000001224
77 91.000000 79.000000 0.57706400000000002137
78 153.000000 113.000000 0.49026500000000000634
79 143.000000 118.000000 0.29364699999999999136
80 166.000000 128.000000 0.22962299999999999378
81 135.000000 110.000000 0.80939600000000000435
82 68.000000 59.000000 0.44317299999999998361
83 120.000000 95.000000 0.77485199999999998521
84 132.000000 108.000000 0.32056299999999998684
85 120.000000 99.000000 0.68064899999999994851
86 63.000000 53.000000 0.75913900000000000823
87 112.000000 86.000000 1.23861799999999999677
88 118.000000 95.000000 0.65033700000000005392
89 122.000000 92.000000 1.02030299999999995997
90 138.000000 114.000000 0.35691600000000001103
91 144.000000 116.000000 0.63327699999999997882
92 138.000000 111.000000 0.51899200000000000887
93 86.000000 71.000000 0.51948600000000000332
94 136.000000 120.000000 0.29164099999999998358
95 135.000000 111.000000 0.49442500000000000338
96 126.000000 97.000000 0.42988199999999998635
97 137.000000 108.000000 0.33634700000000000708
98 117.000000 95.000000 0.69030100000000005345
99 89.000000 71.000000 0.40081099999999997285
100 127.000000 113.000000 0.31591799999999997661
101 126.000000 108.000000 0.22721900000000000430
102 94.000000 76.000000 1.35687700000000011080
103 102.000000 80.000000 1.01397899999999996368
104 150.000000 117.000000 0.53300199999999997580
105 119.000000 98.000000 0.75641800000000003479
106 138.000000 110.000000 0.26215399999999999814
107 148.000000 115.000000 0.81967599999999996019
108 91.000000 70.000000 1.29094299999999995165
109 125.000000 101.000000 0.74222100000000001963
110 130.000000 101.000000 0.93706800000000001205
111 97.000000 76.000000 0.85548299999999999343
112 98.000000 86.000000 0.43449799999999999534
113 91.000000 78.000000 0.68189800000000000413
114 81.000000 70.000000 0.53633200000000003094
115 114.000000 92.000000 1.08023099999999994125
116 128.000000 103.000000 0.43210799999999999210
117 126.000000 108.000000 0.34400500000000000522
118 122.000000 103.000000 0.36308200000000001584
119 106.000000 90.000000 0.86228000000000004643
120 219.000000 163.000000 0.32281799999999999384
121 133.000000 97.000000 0.75100900000000003764
122 108.000000 84.000000 0.96714299999999997492
123 114.000000 91.000000 0.73004599999999997273
124 132.000000 109.000000 0.30357800000000001450
125 84.000000 73.000000 0.43311800000000000299
126 154.000000 122.000000 0.36152299999999998326
127 143.000000 121.000000 0.29210500000000000353
128 116.000000 98.000000 0.47611799999999998567
129 113.000000 98.000000 0.73087599999999997014
130 86.000000 75.000000 0.57903999999999999915
131 63.000000 50.000000 1.05609500000000000597
132 103.000000 90.000000 0.56540999999999996817
133 139.000000 120.000000 0.65836899999999998201
134 114.000000 87.000000 0.69790099999999999358
135 87.000000 68.000000 0.57458600000000004115
136 104.000000 88.000000 0.47280600000000000405
137 156.000000 124.000000 0.32385599999999997722
138 84.000000 71.000000 0.57691099999999995163
139 101.000000 86.000000 0.41260700000000000154
140 104.000000 85.000000 0.72110099999999999199
141 89.000000 79.000000 0.29220200000000001728
142 170.000000 131.000000 0.28850199999999998068
143 119.000000 99.000000 0.45746300000000000852
144 173.000000 145.000000 0.25455699999999997774
145 128.000000 108.000000 0.20488600000000001256
146 128.000000 106.000000 0.16845899999999999763
147 75.000000 63.000000 0.73893200000000003325
148 107.000000 92.000000 0.38657700000000000395
149 94.000000 72.000000 0.33096599999999998243
150 128.000000 109.000000 0.38096900000000000208
151 146.000000 115.000000 0.77135900000000001686
152 90.000000 77.000000 0.93264299999999999979
153 74.000000 62.000000 0.67262299999999997091
154 104.000000 82.000000 0.85141800000000000814
155 133.000000 106.000000 0.78620400000000001395
156 86.000000 72.000000 0.58827399999999996361
157 86.000000 71.000000 0.60786399999999995991
158 180.000000 141.000000 0.26370500000000002272
159 76.000000 60.000000 0.69049099999999996591
160 175.000000 134.000000 1.54152500000000003411
161 132.000000 112.000000 0.54650100000000001454
162 146.000000 115.000000 0.45158999999999999142
163 107.000000 90.000000 0.43778400000000000647
164 130.000000 102.000000 0.36397699999999999498
165 74.000000 58.000000 1.04631300000000004857
166 149.000000 120.000000 0.22845599999999999241
167 116.000000 96.000000 0.47142499999999998295
168 96.000000 78.000000 0.99128899999999997572
169 118.000000 96.000000 1.87678999999999995829
170 109.000000 87.000000 1.03662699999999996514
171 133.000000 107.000000 1.08281999999999989370
172 105.000000 82.000000 1.14027699999999998504
173 115.000000 94.000000 0.73670400000000002549
174 110.000000 103.000000 0.46584599999999998232
175 113.000000 99.000000 0.33238499999999998602
176 107.000000 92.000000 0.45727200000000001179
177 136.000000 109.000000 0.27324300000000001365
178 97.000000 81.000000 0.50191699999999994652
179 211.000000 170.000000 0.27769899999999997364
180 144.000000 107.000000 0.46622900000000000453
181 100.000000 76.000000 1.63107500000000005258
182 128.000000 99.000000 1.35361500000000001265
183 106.000000 92.000000 0.56190700000000004533
184 99.000000 81.000000 0.57371700000000003250
185 132.000000 105.000000 0.46787400000000001210
186 83.000000 68.000000 1.28926999999999991608
187 130.000000 117.000000 0.33149699999999998612
188 87.000000 76.000000 0.18154500000000001192
189 75.000000 62.000000 0.45345099999999999296
190 76.000000 68.000000 0.52348399999999994936
191 174.000000 134.000000 0.53059900000000004283
192 125.000000 109.000000 0.27561900000000000288
193 170.000000 128.000000 0.45689999999999997282
194 158.000000 121.000000 0.39934700000000000752
195 139.000000 115.000000 0.43227700000000002234
196 192.000000 148.000000 0.53589600000000003899
197 129.000000 109.000000 0.34834500000000001574
198 113.000000 92.000000 0.55231500000000000039
199 138.000000 115.000000 0.14986800000000000122
200 116.000000 106.000000 0.52007800000000004026
201 170.000000 137.000000 0.27411299999999999555
202 83.000000 74.000000 0.39600499999999999590
203 146.000000 117.000000 0.26087900000000002754
204 100.000000 80.000000 1.18658899999999989383
205 126.000000 99.000000 0.39607300000000000839
206 99.000000 81.000000 0.45902399999999998759
207 138.000000 108.000000 0.79522800000000004594
208 135.000000 110.000000 0.36228100000000001968
209 88.000000 71.000000 0.49136699999999999822
210 115.000000 105.000000 0.85384700000000002262
211 86.000000 71.000000 0.41169099999999997364
212 63.000000 56.000000 0.40407999999999999474
213 120.000000 101.000000 0.41417900000000001937
214 105.000000 91.000000 0.35763099999999997669
215 109.000000 85.000000 0.74585900000000004972
216 126.000000 101.000000 0.64209400000000005360
217 143.000000 112.000000 0.09832499999999999574
218 97.000000 85.000000 0.50442399999999998350
219 110.000000 89.000000 0.50212299999999998601
220 107.000000 86.000000 1.05500499999999997058
221 95.000000 70.000000 0.92055600000000004091
222 97.000000 80.000000 0.38503799999999999137
223 75.000000 59.000000 1.32502600000000003710
224 89.000000 75.000000 1.56770300000000006868
225 134.000000 107.000000 0.46286399999999999766
226 90.000000 80.000000 0.44857999999999997875
227 148.000000 122.000000 0.50088299999999996714
228 145.000000 120.000000 0.38603799999999999226
229 138.000000 104.000000 1.06109800000000009668
230 156.000000 127.000000 0.44834600000000002229
231 71.000000 60.000000 0.71031500000000002970
232 125.000000 112.000000 0.32119300000000000628
233 85.000000 71.000000 0.62091499999999999471
234 126.000000 109.000000 1.05296100000000003583
235 101.000000 86.000000 0.45294400000000001327
236 128.000000 108.000000 0.14237600000000000255
237 94.000000 71.000000 0.90342000000000000082
238 119.000000 98.000000 0.58851799999999998558
239 181.000000 145.000000 0.42360799999999998455
240 108.000000 90.000000 0.50334400000000001363
241 115.000000 92.000000 0.31760899999999997467
242 126.000000 101.000000 0.40489999999999998215
243 115.000000 102.000000 0.41764200000000001323
244 151.000000 127.000000 0.14970800000000000773
245 72.000000 64.000000 0.66204799999999996984
246 191.000000 145.000000 0.40301399999999998336
247 149.000000 130.000000 0.59114999999999995328
248 111.000000 93.000000 0.21148500000000000631
249 111.000000 95.000000 0.30670700000000000740
250 125.000000 105.000000 0.44382500000000002505
251 154.000000 121.000000 0.42282900000000001040
252 87.000000 67.000000 0.44352999999999997982
253 108.000000 86.000000 0.69036799999999998168
254 124.000000 98.000000 0.32208599999999998342
255 128.000000 106.000000 0.43458599999999997232
256 89.000000 80.000000 0.80959599999999998232
257 66.000000 53.000000 0.20328099999999998948
258 139.000000 116.000000 0.28438799999999997414
259 171.000000 140.000000 0.23458999999999999297
260 115.000000 101.000000 0.40674599999999999644
261 99.000000 87.000000 1.19843399999999999928
262 120.000000 102.000000 0.94952899999999995639
263 136.000000 116.000000 0.36433900000000002395
264 140.000000 112.000000 0.29107600000000000140
265 72.000000 62.000000 0.55980300000000005056
266 115.000000 101.000000 0.31507800000000002472
267 121.000000 96.000000 0.96536500000000002863
268 101.000000 85.000000 0.90582899999999999530
269 117.000000 92.000000 0.87297499999999994547
270 115.000000 90.000000 0.18196000000000001062
271 106.000000 91.000000 0.54246799999999995023
272 145.000000 118.000000 0.25301200000000001467
273 103.000000 85.000000 0.19593599999999999905
274 127.000000 106.000000 0.42622100000000001652
275 134.000000 107.000000 0.24204700000000001214
276 139.000000 117.000000 0.29338500000000000689
277 133.000000 110.000000 0.48006100000000001549
278 87.000000 79.000000 0.54497899999999999121
279 124.000000 97.000000 0.34083000000000002183
280 152.000000 124.000000 0.39625899999999997236
281 134.000000 104.000000 0.40426600000000001423
282 80.000000 66.000000 1.06246599999999991049
283 130.000000 100.000000 0.76307100000000005480
284 163.000000 133.000000 0.30276700000000000834
285 135.000000 105.000000 0.34481499999999998263
286 154.000000 125.000000 0.75361500000000003485
287 83.000000 64.000000 0.86485999999999996213
288 86.000000 68.000000 0.48639399999999999302
289 102.000000 89.000000 0.44993100000000002536
290 142.000000 126.000000 0.19375300000000000855
291 113.000000 93.000000 0.36939699999999997537
292 128.000000 105.000000 0.39278699999999999726
293 112.000000 92.000000 0.66643200000000002436
294 69.000000 55.000000 0.55063700000000004309
295 156.000000 123.000000 0.19011200000000000321
296 163.000000 127.000000 0.65955600000000003114
297 146.000000 119.000000 0.18712000000000000854
298 178.000000 139.000000 0.32293199999999999683
299 123.000000 98.000000 0.50385000000000002007
300 102.000000 87.000000 0.43366300000000002068
301 137.000000 114.000000 0.22546599999999999975
302 112.000000 99.000000 0.97162499999999996092
303 105.000000 92.000000 1.49147800000000008147
304 167.000000 137.000000 0.19093199999999999061
305 121.000000 94.000000 0.22461400000000000809
306 152.000000 116.000000 0.56976800000000005220
307 99.000000 83.000000 0.44326399999999999135
308 105.000000 85.000000 0.78167699999999995519
309 106.000000 85.000000 0.92776000000000002910
310 106.000000 87.000000 0.35357300000000002616
311 173.000000 138.000000 0.32913300000000000889
312 114.000000 89.000000 1.38927399999999989788
313 112.000000 85.000000 1.77460299999999993048
314 122.000000 103.000000 0.66181500000000004214
315 127.000000 99.000000 0.59418000000000004146
316 121.000000 102.000000 0.74210799999999998988
317 57.000000 49.000000 0.41995300000000002072
318 118.000000 92.000000 0.45466499999999998582
319 132.000000 106.000000 0.21827900000000000080
320 59.000000 49.000000 0.52634800000000003806
321 87.000000 73.000000 0.52078500000000005343
322 99.000000 81.000000 0.64947999999999994625
323 126.000000 104.000000 0.58455900000000005079
324 151.000000 117.000000 0.45166699999999998516
325 123.000000 92.000000 0.51825200000000004597
326 104.000000 86.000000 0.51978100000000004854
327 136.000000 105.000000 0.26434299999999999464
328 107.000000 89.000000 0.53423600000000004417
329 102.000000 86.000000 0.25042300000000000670
330 134.000000 114.000000 0.43367200000000000193
331 87.000000 79.000000 0.27319900000000002516
332 156.000000 124.000000 0.42092099999999998960
333 196.000000 154.000000 0.34500999999999998336
334 126.000000 107.000000 0.34137299999999998201
335 168.000000 127.000000 0.26685500000000000886
336 146.000000 117.000000 0.36568099999999997829
337 92.000000 85.000000 0.87065000000000003499
338 104.000000 86.000000 0.78250699999999995260
339 168.000000 132.000000 0.68708899999999994979
340 140.000000 105.000000 0.57028699999999998838
341 85.000000 71.000000 1.06367199999999995086
342 166.000000 129.000000 0.50936300000000001020
343 111.000000 93.000000 0.59988900000000000556
344 94.000000 83.000000 0.49249900000000002009
345 97.000000 79.000000 0.42714699999999999891
346 105.000000 93.000000 0.38551400000000002333
347 131.000000 111.000000 0.36087200000000002609
348 143.000000 114.000000 0.57060999999999995058
349 116.000000 92.000000 0.67544499999999996209
350 138.000000 114.000000 0.30814799999999997748
351 85.000000 74.000000 0.46918599999999999195
352 136.000000 112.000000 0.48660100000000000575
353 110.000000 101.000000 0.50173699999999998855
354 144.000000 117.000000 0.45176300000000002566
355 130.000000 105.000000 0.34236299999999997290
356 88.000000 71.000000 0.41667799999999999283
357 103.000000 82.000000 0.53530299999999997329
358 106.000000 81.000000 0.75566100000000002712
359 58.000000 54.000000 0.46612700000000001355
360 186.000000 143.000000 0.38741199999999997861
361 103.000000 76.000000 0.64061400000000001675
362 108.000000 88.000000 0.51227800000000001113
363 148.000000 118.000000 1.84027399999999996538
364 134.000000 113.000000 0.26804299999999997572
365 156.000000 131.000000 0.38238299999999997292
366 128.000000 104.000000 1.06651699999999993729
367 47.000000 44.000000 0.63813299999999995027
368 120.000000 98.000000 0.52825200000000005485
369 120.000000 102.000000 0.31135800000000002363
370 96.000000 80.000000 0.56496500000000005048
371 133.000000 111.000000 0.59240199999999998415
372 114.000000 96.000000 0.41014699999999998381
373 97.000000 76.000000 1.16886200000000006760
374 122.000000 92.000000 0.76248400000000005061
375 139.000000 115.000000 0.63209599999999999120
376 111.000000 95.000000 0.49942399999999997906
377 76.000000 70.000000 0.73946999999999996067
378 110.000000 93.000000 0.31175599999999997758
379 161.000000 119.000000 0.47187699999999999090
380 127.000000 113.000000 0.43749900000000002676
381 83.000000 66.000000 0.56048200000000003573
382 122.000000 104.000000 0.17243400000000000394
383 154.000000 115.000000 0.46378500000000000281
384 100.000000 88.000000 0.47524699999999997502
385 106.000000 91.000000 0.41914000000000001256
386 118.000000 90.000000 0.46329300000000001036
387 95.000000 79.000000 0.38544400000000000883
388 120.000000 100.000000 0.39611099999999999088
389 126.000000 95.000000 0.52327599999999996339
390 130.000000 102.000000 1.70958699999999996777
391 125.000000 105.000000 0.17985300000000001286
392 121.000000 96.000000 0.50616000000000005432
393 92.000000 80.000000 0.68891599999999997284
394 141.000000 107.000000 0.63820900000000002628
395 112.000000 91.000000 0.47119199999999999973
396 139.000000 107.000000 0.76697000000000004061
397 132.000000 104.000000 0.57485699999999995136
398 69.000000 60.000000 0.73085900000000003640
399 213.000000 150.000000 0.38237700000000002243
400 127.000000 105.000000 0.42269200000000001216
401 129.000000 107.000000 0.61622600000000005149
402 120.000000 102.000000 1.20731300000000008055
403 152.000000 124.000000 1.14514599999999999724
404 120.000000 95.000000 1.20722100000000009956
405 134.000000 112.000000 0.69574499999999994682
406 158.000000 131.000000 0.58558200000000004692
407 166.000000 134.000000 0.45219900000000001761
408 128.000000 101.000000 0.64352500000000001368
409 122.000000 102.000000 0.90664599999999995195
410 104.000000 87.000000 1.15274900000000002365
411 97.000000 75.000000 0.33447100000000001829
412 115.000000 90.000000 0.80659300000000000441
413 139.000000 117.000000 0.63802000000000003155
414 160.000000 133.000000 0.71408799999999994501
415 138.000000 111.000000 0.27152999999999999359
416 118.000000 91.000000 0.84900299999999995215
417 155.000000 121.000000 0.40691899999999997517
418 138.000000 111.000000 0.59649300000000005095
419 89.000000 68.000000 0.64637900000000003686
420 130.000000 101.000000 0.29393999999999997907
