1 233.000000 183.000000 1.43410299999999990561
2 223.000000 184.000000 4.09540900000000007708
3 299.000000 238.000000 4.78163099999999996470
4 181.000000 156.000000 4.28000299999999977985
5 261.000000 208.000000 28.20925700000000091450
6 212.000000 178.000000 5.52015800000000034231
7 250.000000 215.000000 2.11516700000000001936
8 356.000000 298.000000 1.32670299999999996565
9 261.000000 223.000000 2.55346699999999993125
10 206.000000 167.000000 5.77883299999999966445
11 140.000000 129.000000 2.97415200000000012892
12 196.000000 162.000000 7.42515500000000017167
13 186.000000 159.000000 12.32518499999999939121
14 232.000000 194.000000 13.25760700000000014143
15 322.000000 263.000000 2.98387799999999980827
16 127.000000 105.000000 11.36272899999999985710
17 200.000000 156.000000 7.84173899999999957089
18 170.000000 141.000000 1.34182399999999990570
19 158.000000 128.000000 9.41499499999999933664
20 232.000000 201.000000 10.45933999999999919339
21 261.000000 213.000000 29.75663000000000124601
22 194.000000 154.000000 20.67727500000000162572
23 292.000000 236.000000 2.27957799999999988216
24 360.000000 288.000000 1.21149299999999993105
25 342.000000 272.000000 2.39035500000000000753
26 344.000000 278.000000 2.54726600000000003021
27 256.000000 203.000000 14.03993400000000058014
28 275.000000 217.000000 0.90037800000000001166
29 214.000000 172.000000 4.01099400000000017030
30 270.000000 225.000000 1.79659699999999999953
31 205.000000 173.000000 4.04357699999999997686
32 311.000000 255.000000 7.43016100000000001558
33 214.000000 164.000000 9.22673900000000024590
34 296.000000 235.000000 2.57438700000000020296
35 281.000000 229.000000 2.90631899999999987472
36 185.000000 166.000000 2.53790899999999997050
37 191.000000 162.000000 4.84787999999999996703
38 175.000000 153.000000 2.56044999999999989271
39 128.000000 110.000000 3.11904499999999984539
40 199.000000 186.000000 1.67553799999999997183
41 261.000000 218.000000 3.28083200000000019259
42 326.000000 238.000000 10.12159499999999923148
43 224.000000 192.000000 1.47781500000000010075
44 206.000000 157.000000 10.60011000000000080945
45 256.000000 194.000000 5.50395400000000023510
46 257.000000 199.000000 11.91095999999999932584
47 277.000000 225.000000 2.40237800000000012446
48 235.000000 185.000000 23.81819399999999831152
49 195.000000 157.000000 7.01848199999999966536
50 332.000000 252.000000 26.95153499999999979764
51 259.000000 216.000000 6.20060599999999961796
52 379.000000 292.000000 8.76380400000000037153
53 195.000000 169.000000 5.42630999999999996675
54 338.000000 266.000000 3.99312699999999987099
55 243.000000 205.000000 2.36872699999999980491
56 267.000000 211.000000 5.25502200000000030400
57 240.000000 194.000000 8.27194000000000073669
58 206.000000 172.000000 2.22173199999999981813
59 227.000000 196.000000 4.25251599999999996271
60 271.000000 221.000000 2.71729699999999985138
61 261.000000 222.000000 3.69830300000000011806
62 190.000000 162.000000 2.53547499999999992326
63 277.000000 225.000000 1.71773799999999998711
64 159.000000 128.000000 19.80556699999999992201
65 272.000000 233.000000 1.53854599999999996918
66 213.000000 170.000000 6.84353899999999981674
67 367.000000 271.000000 1.44481900000000007545
68 288.000000 231.000000 24.80251900000000020441
69 246.000000 206.000000 8.97467800000000082150
70 229.000000 188.000000 2.36863000000000001322
71 251.000000 196.000000 13.35826800000000069701
72 270.000000 221.000000 3.03822100000000006048
73 408.000000 304.000000 1.44232099999999996420
74 381.000000 297.000000 1.01839100000000004620
75 280.000000 222.000000 8.10274599999999978195
76 311.000000 254.000000 1.18864499999999995161
77 216.000000 177.000000 4.98219600000000006901
78 254.000000 216.000000 14.06617800000000073624
79 190.000000 159.000000 9.77105500000000048999
80 180.000000 162.000000 4.47911099999999962051
81 288.000000 222.000000 5.66861100000000028842
82 94.000000 76.000000 19.73132400000000075124
83 301.000000 263.000000 1.88703400000000010017
84 285.000000 224.000000 0.60460100000000005505
85 198.000000 174.000000 2.12738400000000016377
86 200.000000 157.000000 6.94215499999999963165
87 270.000000 219.000000 9.78277300000000060720
88 273.000000 238.000000 5.20525500000000018730
89 214.000000 181.000000 15.88753499999999974079
90 376.000000 290.000000 6.10527999999999959613
91 238.000000 192.000000 13.15252800000000021896
92 266.000000 215.000000 2.71978499999999989711
93 335.000000 278.000000 3.40401400000000009527
94 206.000000 166.000000 8.91842199999999962756
95 127.000000 97.000000 13.31411600000000028388
96 319.000000 255.000000 1.64801599999999992541
97 192.000000 168.000000 4.03096700000000041086
98 307.000000 238.000000 18.28327600000000074942
99 243.000000 203.000000 1.74521799999999993602
100 297.000000 220.000000 4.18141300000000004644
101 167.000000 148.000000 1.93082599999999993123
102 274.000000 216.000000 0.96043199999999995242
103 296.000000 241.000000 22.50074599999999946931
104 237.000000 184.000000 5.22255599999999997607
105 278.000000 233.000000 2.15443899999999999295
106 214.000000 196.000000 2.64990300000000011948
107 284.000000 233.000000 5.63240500000000032799
108 277.000000 233.000000 10.99445799999999984209
109 238.000000 186.000000 3.63490899999999994563
110 295.000000 229.000000 5.22449199999999969179
111 184.000000 156.000000 1.33636400000000010735
112 310.000000 235.000000 42.35571800000000308728
113 246.000000 208.000000 7.99443799999999971106
114 331.000000 277.000000 3.10441799999999989979
115 201.000000 185.000000 2.98958199999999996166
116 210.000000 161.000000 13.38176499999999968793
117 299.000000 234.000000 2.85207899999999980878
118 190.000000 146.000000 22.74742099999999922488
119 210.000000 176.000000 22.66193000000000168370
120 204.000000 160.000000 11.00627199999999916713
121 232.000000 193.000000 37.70054799999999772808
122 316.000000 243.000000 33.25055499999999852889
123 186.000000 162.000000 3.79443000000000019156
124 332.000000 254.000000 2.80022800000000016141
125 230.000000 188.000000 2.52594999999999991758
126 289.000000 230.000000 7.76277699999999981628
127 239.000000 184.000000 3.57343000000000010630
128 273.000000 229.000000 2.49350100000000018952
129 337.000000 285.000000 1.83140700000000000713
130 166.000000 145.000000 2.21351599999999981705
131 211.000000 174.000000 5.03434600000000020970
132 230.000000 193.000000 3.63216500000000008797
133 200.000000 170.000000 5.84968500000000002359
134 175.000000 140.000000 7.36325499999999966150
135 317.000000 264.000000 4.42777599999999971203
136 192.000000 158.000000 2.87453899999999995529
137 294.000000 242.000000 16.46123400000000103205
138 270.000000 224.000000 1.75993800000000000239
139 352.000000 285.000000 3.11381400000000008177
140 251.000000 206.000000 15.56647000000000069520
141 231.000000 197.000000 5.01295000000000001705
142 324.000000 267.000000 3.13836000000000003851
143 262.000000 224.000000 3.13442299999999995919
144 244.000000 201.000000 2.66224900000000008760
145 179.000000 157.000000 3.23140200000000010760
146 264.000000 230.000000 2.27553099999999997038
147 270.000000 221.000000 11.47077200000000019031
148 299.000000 245.000000 10.10532700000000083662
149 207.000000 177.000000 2.73751500000000014268
150 239.000000 203.000000 5.15205499999999982919
151 248.000000 200.000000 4.77420199999999983476
152 206.000000 175.000000 2.62398400000000009413
153 332.000000 256.000000 3.03021599999999979858
154 218.000000 168.000000 15.91597800000000084708
155 254.000000 203.000000 22.82248999999999838906
156 244.000000 202.000000 6.53333299999999983498
157 191.000000 153.000000 9.67042099999999926752
158 248.000000 213.000000 2.59381599999999989947
159 177.000000 160.000000 3.40652899999999991820
160 201.000000 172.000000 2.23900899999999980494
161 147.000000 114.000000 10.83998099999999986665
162 181.000000 156.000000 5.26518399999999964223
163 212.000000 178.000000 4.80800200000000010903
164 256.000000 197.000000 3.08497200000000004749
165 285.000000 217.000000 6.10304399999999969140
166 272.000000 216.000000 16.67809099999999844499
167 265.000000 227.000000 0.74433700000000002639
168 261.000000 221.000000 2.05654100000000017445
169 213.000000 174.000000 5.14752100000000023527
170 327.000000 256.000000 10.19048599999999993315
171 281.000000 228.000000 6.44596400000000002706
172 239.000000 193.000000 2.80334500000000019782
173 222.000000 183.000000 1.50227099999999991198
174 181.000000 153.000000 2.66846000000000005414
175 191.000000 153.000000 3.57707199999999980733
176 212.000000 177.000000 11.47384899999999952058
177 267.000000 212.000000 2.02120899999999981134
178 236.000000 189.000000 3.58997000000000010544
179 216.000000 189.000000 2.37492200000000019955
180 225.000000 161.000000 3.60692499999999993676
181 303.000000 255.000000 3.36171299999999995123
182 247.000000 214.000000 1.90338399999999996481
183 342.000000 287.000000 2.37203400000000019787
184 364.000000 295.000000 5.82255099999999981009
185 309.000000 258.000000 4.32504899999999992133
186 277.000000 228.000000 3.15418200000000004124
187 220.000000 180.000000 4.07159500000000029729
188 263.000000 220.000000 4.84467699999999990013
189 204.000000 174.000000 14.18361699999999991917
190 169.000000 139.000000 4.11379699999999992599
191 168.000000 141.000000 16.79979300000000108639
192 231.000000 189.000000 3.50585900000000005861
193 295.000000 238.000000 2.96268399999999987315
194 269.000000 226.000000 6.37104699999999990467
195 205.000000 176.000000 5.15004300000000014848
196 286.000000 226.000000 4.81022999999999978371
197 218.000000 187.000000 4.72310199999999991149
198 214.000000 175.000000 13.14702499999999929514
199 207.000000 178.000000 11.16379899999999913973
200 209.000000 178.000000 2.18934899999999998954
201 284.000000 223.000000 1.05465300000000006264
202 253.000000 203.000000 28.48158099999999848251
203 381.000000 300.000000 8.90416300000000049408
204 228.000000 195.000000 5.32245100000000004314
205 166.000000 131.000000 9.77674200000000048760
206 329.000000 258.000000 17.01448699999999902843
207 193.000000 165.000000 4.30931499999999978456
208 311.000000 255.000000 2.37707099999999993400
209 308.000000 249.000000 2.63127300000000019509
210 179.000000 159.000000 4.15365599999999979275
211 205.000000 173.000000 2.80528699999999986403
212 212.000000 179.000000 2.64961499999999983146
213 183.000000 140.000000 20.84046199999999871011
214 341.000000 263.000000 12.51770499999999941565
215 286.000000 230.000000 19.02381300000000052819
216 286.000000 229.000000 1.93829199999999990389
217 368.000000 280.000000 0.69347300000000000608
218 333.000000 277.000000 2.01081399999999987926
219 294.000000 228.000000 2.91004700000000005033
220 234.000000 191.000000 2.65376600000000006929
221 261.000000 221.000000 8.85974599999999945510
222 206.000000 166.000000 3.48274099999999986466
223 212.000000 174.000000 7.63743999999999978456
224 208.000000 185.000000 3.85431999999999996831
225 314.000000 252.000000 3.76714999999999999858
226 182.000000 150.000000 9.84800899999999934664
227 193.000000 156.000000 10.31139300000000069701
228 159.000000 143.000000 4.22965600000000030434
229 260.000000 206.000000 3.14420000000000010587
230 224.000000 191.000000 1.85034999999999993925
231 222.000000 187.000000 4.47913899999999998158
232 248.000000 190.000000 4.16010800000000013910
233 212.000000 165.000000 5.51353899999999974568
234 254.000000 204.000000 2.04307900000000008944
235 290.000000 260.000000 2.40975699999999992684
236 125.000000 98.000000 4.94087899999999979883
237 262.000000 221.000000 5.02436099999999985499
238 242.000000 189.000000 3.98658700000000010277
239 359.000000 279.000000 1.44874799999999992473
240 144.000000 127.000000 2.19061599999999989663
241 242.000000 194.000000 8.12918900000000022033
242 178.000000 155.000000 8.80343700000000062289
243 275.000000 226.000000 19.66019400000000061368
244 228.000000 191.000000 4.13053899999999973858
245 213.000000 173.000000 16.47402299999999897295
246 247.000000 202.000000 5.07811099999999981947
247 264.000000 229.000000 3.64388099999999992562
248 277.000000 237.000000 2.27061799999999980315
249 196.000000 164.000000 6.68729399999999962745
250 282.000000 230.000000 7.52974999999999994316
251 201.000000 160.000000 2.01094499999999998252
252 332.000000 268.000000 2.38993000000000010985
253 198.000000 160.000000 2.39882000000000017437
254 137.000000 113.000000 27.80537899999999851275
255 266.000000 209.000000 15.18647299999999944475
256 196.000000 164.000000 16.77111800000000130240
257 299.000000 237.000000 3.78919000000000005812
258 273.000000 224.000000 5.63518399999999974881
259 232.000000 183.000000 2.65483400000000013819
260 292.000000 230.000000 2.67728199999999993963
261 256.000000 188.000000 18.40832299999999932538
262 190.000000 152.000000 2.88680599999999998317
263 247.000000 212.000000 2.36232400000000009044
264 358.000000 281.000000 2.51184299999999982589
265 195.000000 152.000000 21.89783500000000060481
266 131.000000 109.000000 11.29166200000000053194
267 228.000000 189.000000 4.15754499999999982407
268 243.000000 193.000000 26.76849800000000101363
269 341.000000 262.000000 1.15557899999999991181
270 355.000000 291.000000 1.18083099999999996399
271 237.000000 196.000000 3.21744200000000013517
272 232.000000 194.000000 2.60112899999999980238
273 206.000000 180.000000 2.84106499999999995154
274 182.000000 149.000000 1.20902700000000007385
275 259.000000 205.000000 51.15486400000000344335
276 191.000000 162.000000 10.29217200000000076443
277 249.000000 210.000000 5.20968400000000020356
278 196.000000 160.000000 7.43717100000000019833
279 227.000000 185.000000 5.39554799999999978866
280 304.000000 261.000000 10.13411299999999926058
281 230.000000 184.000000 3.10131500000000004391
282 297.000000 243.000000 2.24276099999999978252
283 181.000000 141.000000 8.77635700000000085197
284 303.000000 248.000000 4.68404600000000037596
285 308.000000 244.000000 1.25844500000000003581
286 240.000000 206.000000 3.25098999999999982435
287 192.000000 161.000000 4.92308199999999995811
288 248.000000 204.000000 3.11151799999999978397
289 344.000000 290.000000 8.38630700000000040006
290 220.000000 183.000000 1.61127700000000007030
291 155.000000 123.000000 24.02415200000000083946
292 286.000000 233.000000 3.03954799999999991655
293 179.000000 152.000000 7.35966400000000042780
294 266.000000 221.000000 1.20631400000000010841
295 303.000000 246.000000 1.80841699999999994120
296 170.000000 149.000000 1.21696099999999995944
297 289.000000 237.000000 4.23838000000000025835
298 309.000000 253.000000 5.07723999999999975330
299 236.000000 203.000000 3.89748999999999989896
300 243.000000 196.000000 0.63293399999999999661
301 231.000000 197.000000 5.85867399999999971527
302 277.000000 218.000000 6.16327099999999994395
303 281.000000 228.000000 10.98389599999999965974
304 222.000000 196.000000 3.55956800000000006534
305 268.000000 228.000000 24.81042400000000114346
306 180.000000 157.000000 1.71810400000000007559
307 344.000000 263.000000 2.30255099999999979232
308 432.000000 335.000000 1.24435399999999996012
309 165.000000 138.000000 11.98049600000000047828
310 261.000000 214.000000 1.74623200000000000642
311 275.000000 234.000000 2.75672199999999989473
312 312.000000 274.000000 1.06634500000000009834
313 266.000000 232.000000 1.47042600000000001081
314 210.000000 175.000000 2.64185399999999992460
315 257.000000 212.000000 3.95855600000000018568
316 262.000000 217.000000 3.74210200000000003939
317 259.000000 214.000000 11.23744600000000026796
318 226.000000 182.000000 7.07614900000000002223
319 204.000000 153.000000 24.98452100000000086766
320 245.000000 204.000000 9.53710300000000010812
321 140.000000 115.000000 11.19523799999999980059
322 333.000000 268.000000 2.48528899999999985937
323 357.000000 290.000000 1.66534099999999996022
324 129.000000 103.000000 6.72480499999999992156
325 186.000000 148.000000 9.19251700000000049329
326 177.000000 150.000000 1.97562400000000004674
327 203.000000 172.000000 1.89108100000000001195
328 221.000000 195.000000 10.36345799999999961472
329 257.000000 210.000000 6.55863999999999958135
330 429.000000 335.000000 1.52769400000000010742
331 261.000000 215.000000 4.28303899999999959647
332 193.000000 175.000000 5.56213099999999993628
333 237.000000 192.000000 4.34201800000000037727
334 284.000000 239.000000 1.59824999999999994849
335 334.000000 276.000000 1.83586899999999997313
336 210.000000 175.000000 23.33184999999999931219
337 149.000000 119.000000 17.59099499999999949296
338 182.000000 152.000000 3.84261300000000005639
339 285.000000 227.000000 10.12575400000000058753
340 195.000000 178.000000 7.58182899999999992957
341 276.000000 211.000000 5.12628000000000039194
342 282.000000 244.000000 8.38479700000000072180
343 261.000000 210.000000 6.10466999999999959670
344 238.000000 181.000000 3.33413599999999998857
345 227.000000 194.000000 6.03552100000000013580
346 248.000000 198.000000 5.06673699999999982424
347 231.000000 196.000000 4.91873700000000013688
348 249.000000 213.000000 8.69984700000000010789
349 176.000000 153.000000 21.66574299999999908550
350 276.000000 220.000000 1.69479500000000005144
351 365.000000 294.000000 3.61420299999999983243
352 210.000000 179.000000 2.87976199999999993295
353 341.000000 250.000000 7.89681000000000032912
354 138.000000 117.000000 17.34357500000000129603
355 267.000000 226.000000 2.59286700000000003286
356 333.000000 267.000000 1.83973600000000003796
357 184.000000 156.000000 2.46467200000000019600
358 224.000000 189.000000 3.33910900000000010479
359 214.000000 168.000000 16.93099499999999935085
360 357.000000 279.000000 3.09765500000000004732
361 186.000000 171.000000 2.07582900000000014629
362 260.000000 199.000000 11.59596799999999916508
363 261.000000 224.000000 6.94247899999999962262
364 162.000000 143.000000 5.43293499999999962569
365 206.000000 180.000000 3.47543300000000021655
366 288.000000 234.000000 16.78006900000000101159
367 221.000000 181.000000 8.72652800000000006264
368 271.000000 223.000000 4.47688600000000036516
369 355.000000 270.000000 1.19194899999999992524
370 184.000000 145.000000 3.68977000000000021629
371 313.000000 254.000000 1.43866200000000010739
372 310.000000 248.000000 2.45649400000000017741
373 257.000000 214.000000 5.05342000000000002302
374 175.000000 140.000000 18.30753899999999845249
375 203.000000 155.000000 8.17348499999999944521
376 327.000000 261.000000 12.16036399999999950694
377 253.000000 193.000000 6.39191000000000020265
378 250.000000 203.000000 4.46501500000000017820
379 283.000000 223.000000 1.65537299999999998334
380 232.000000 176.000000 5.17382600000000003604
381 323.000000 270.000000 3.45528000000000012903
382 257.000000 202.000000 71.29146599999999978081
383 368.000000 286.000000 0.88776399999999999757
384 367.000000 299.000000 6.42815799999999981651
385 165.000000 147.000000 4.32622700000000026677
386 273.000000 206.000000 3.79245000000000009877
387 220.000000 184.000000 7.78622800000000037102
388 302.000000 255.000000 3.72578399999999998471
389 250.000000 202.000000 4.26863900000000029422
390 235.000000 196.000000 1.73215399999999997149
391 225.000000 188.000000 2.83022900000000010579
392 352.000000 251.000000 1.57850800000000002221
393 313.000000 246.000000 4.83438099999999959522
394 316.000000 246.000000 11.24345399999999983720
395 285.000000 230.000000 25.60720399999999941087
396 228.000000 190.000000 1.28505500000000005834
397 423.000000 324.000000 1.15759499999999992959
398 194.000000 157.000000 2.21686100000000019250
399 411.000000 298.000000 1.31573600000000001664
400 264.000000 201.000000 17.38650200000000012324
401 276.000000 231.000000 3.17320599999999997110
402 186.000000 148.000000 8.44776700000000069224
403 160.000000 139.000000 3.16348999999999991317
404 198.000000 162.000000 3.79889799999999988600
405 216.000000 171.000000 3.56872500000000014708
406 339.000000 275.000000 0.93179199999999995363
407 289.000000 233.000000 16.90542999999999906890
408 347.000000 268.000000 6.43944700000000036511
409 197.000000 160.000000 21.00425399999999953593
410 231.000000 187.000000 21.19800800000000151613
411 368.000000 279.000000 16.64492299999999858073
412 270.000000 217.000000 3.92088899999999984658
413 276.000000 233.000000 13.33359699999999925524
414 143.000000 123.000000 6.24716499999999985704
415 279.000000 225.000000 15.40099999999999980105
416 293.000000 235.000000 2.52009799999999994924
417 230.000000 212.000000 2.22150299999999978340
418 232.000000 192.000000 3.34077700000000010760
419 141.000000 115.000000 19.24110699999999951615
420 304.000000 234.000000 3.21160900000000015808
