1 381.000000 321.000000 401.67239599999999200008
2 519.000000 445.000000 34.97306799999999782358
3 632.000000 519.000000 42.62254000000000075943
5 649.000000 537.000000 65.32555100000000436467
6 655.000000 514.000000 177.31073599999999146348
7 446.000000 403.000000 48.09532899999999955298
8 658.000000 523.000000 257.48173500000001467924
9 687.000000 570.000000 163.03299400000000218824
10 706.000000 586.000000 4.55839000000000016399
11 708.000000 568.000000 18.02939100000000038904
12 469.000000 399.000000 63.92623400000000088994
13 392.000000 318.000000 36.07025500000000306500
14 672.000000 539.000000 67.47738499999999817192
15 570.000000 464.000000 55.13619200000000120099
16 466.000000 401.000000 22.21030400000000071259
17 471.000000 411.000000 9.20014600000000015712
18 452.000000 351.000000 271.47183899999998857311
19 536.000000 435.000000 175.99442600000000425098
20 326.000000 272.000000 300.01956200000000762884
21 567.000000 457.000000 36.54981599999999986039
22 615.000000 492.000000 61.64168000000000091632
23 499.000000 406.000000 153.51513800000000742330
24 454.000000 368.000000 106.75200100000000702494
25 460.000000 371.000000 83.62533100000000274576
26 690.000000 569.000000 70.04711299999999596366
27 540.000000 443.000000 208.35749200000000769251
28 563.000000 470.000000 111.98480999999999596639
29 643.000000 506.000000 231.57242500000000973159
30 743.000000 590.000000 23.43611599999999839383
31 381.000000 316.000000 268.49071199999997361374
32 412.000000 359.000000 126.73515000000000441105
33 622.000000 505.000000 160.88440199999999435931
35 443.000000 372.000000 177.23270899999999983265
37 504.000000 437.000000 88.96061000000000262844
38 517.000000 434.000000 129.06469000000001301487
39 437.000000 376.000000 64.42343300000000283489
40 535.000000 433.000000 181.26075499999998896783
41 426.000000 357.000000 81.50137900000000001910
42 589.000000 461.000000 741.08864100000005237234
43 284.000000 235.000000 415.72064899999998033309
44 371.000000 318.000000 151.32004800000001409899
45 495.000000 417.000000 12.47527299999999961244
46 528.000000 426.000000 34.98721700000000112141
47 410.000000 347.000000 87.05259399999999914144
48 567.000000 452.000000 74.43161000000000626642
50 378.000000 313.000000 385.79073399999998628118
51 530.000000 441.000000 167.47937400000000707223
52 517.000000 424.000000 9.92062400000000010891
53 583.000000 494.000000 56.85397900000000248610
54 368.000000 318.000000 41.95031900000000035789
55 447.000000 373.000000 24.03199599999999946931
56 702.000000 567.000000 228.15595600000000331420
57 629.000000 526.000000 7.63232200000000027273
58 513.000000 397.000000 784.23731799999995928374
59 296.000000 270.000000 46.21475900000000081036
60 612.000000 505.000000 143.09592000000000666660
61 612.000000 487.000000 126.94175500000000056389
62 593.000000 514.000000 54.04654200000000230375
63 587.000000 481.000000 164.67536000000001195076
65 419.000000 353.000000 155.86982000000000425644
66 515.000000 455.000000 184.45840200000000663749
67 547.000000 439.000000 5.73123299999999957777
68 764.000000 611.000000 51.33515799999999984493
69 594.000000 464.000000 134.72232700000000704676
70 642.000000 517.000000 15.02919400000000038631
71 452.000000 380.000000 62.34798299999999926513
72 525.000000 418.000000 344.44986299999999346255
73 516.000000 411.000000 7.52089300000000005042
74 653.000000 514.000000 172.27015299999999342617
75 264.000000 215.000000 1268.27890400000001136505
76 494.000000 434.000000 92.09076799999999707325
77 508.000000 417.000000 195.52253699999999980719
78 610.000000 484.000000 272.23198300000001381704
79 538.000000 448.000000 9.20423599999999986210
80 421.000000 348.000000 55.37816099999999863712
81 414.000000 370.000000 81.71521799999999302599
82 593.000000 478.000000 219.77597800000000916043
83 542.000000 455.000000 129.48830399999999940519
84 472.000000 393.000000 144.29629800000000727778
85 428.000000 371.000000 43.73213799999999906731
86 418.000000 362.000000 46.21144100000000065620
87 741.000000 615.000000 6.92429100000000019577
88 588.000000 494.000000 16.24798900000000045907
89 524.000000 430.000000 1331.21308599999997568375
90 373.000000 293.000000 804.88235199999996893894
91 464.000000 389.000000 166.86464200000000346336
92 509.000000 423.000000 21.50106399999999950978
93 404.000000 345.000000 15.37365499999999940428
94 615.000000 521.000000 8.07029200000000024318
96 594.000000 474.000000 1138.99221099999999751162
97 506.000000 455.000000 8.81537400000000026523
98 566.000000 452.000000 276.22225200000002587331
99 391.000000 324.000000 156.13201499999999555257
100 452.000000 383.000000 964.29272400000002107845
101 607.000000 499.000000 140.23483600000000137697
102 483.000000 409.000000 137.25509800000000382170
103 476.000000 402.000000 300.17047900000000026921
104 588.000000 487.000000 392.62283899999999903230
105 496.000000 415.000000 46.36485499999999859710
106 530.000000 447.000000 38.31903599999999698866
107 332.000000 273.000000 1310.90009400000008099596
109 551.000000 461.000000 44.18546599999999813235
110 635.000000 561.000000 125.19426699999999641477
111 732.000000 561.000000 49.92242600000000152249
112 620.000000 517.000000 26.75138499999999908141
113 754.000000 605.000000 0.95421599999999995312
114 483.000000 410.000000 101.47567399999999793181
115 664.000000 550.000000 3.54339899999999996538
116 510.000000 397.000000 229.97318899999999075590
117 385.000000 338.000000 25.82189999999999940883
118 478.000000 400.000000 784.09332600000004731555
119 552.000000 442.000000 558.59213499999998475687
121 616.000000 502.000000 157.57366999999999279680
122 309.000000 260.000000 88.45096399999999903230
123 585.000000 523.000000 38.87514099999999928059
124 601.000000 480.000000 528.45558400000004439789
125 686.000000 540.000000 191.49717200000000616456
126 569.000000 466.000000 56.54064100000000081536
128 541.000000 421.000000 1187.24479199999996126280
129 409.000000 332.000000 218.11779300000000603177
130 374.000000 321.000000 96.44768399999999530792
131 339.000000 279.000000 82.54113900000000114687
132 518.000000 419.000000 1346.53215500000010251824
134 520.000000 417.000000 96.09856499999999357442
135 594.000000 480.000000 148.27820299999999065221
136 598.000000 495.000000 20.33785900000000168575
137 573.000000 478.000000 14.42046799999999961983
138 443.000000 370.000000 120.43120799999999803731
139 598.000000 495.000000 16.46092200000000005389
140 707.000000 559.000000 190.31318200000001183980
141 542.000000 463.000000 28.18132800000000059981
142 324.000000 286.000000 29.35971500000000133923
143 643.000000 508.000000 121.24464199999999891588
144 494.000000 392.000000 63.50082900000000307728
145 536.000000 478.000000 27.86146000000000100272
146 803.000000 634.000000 12.06106199999999972761
147 781.000000 633.000000 79.97698699999999405463
148 410.000000 341.000000 134.17266900000001328408
149 404.000000 349.000000 14.39954900000000037608
150 345.000000 318.000000 92.32560999999999751253
151 452.000000 376.000000 83.29421499999999412012
152 443.000000 358.000000 208.70964699999998970270
153 525.000000 447.000000 84.41889600000000370983
154 686.000000 551.000000 128.13631799999998861495
155 643.000000 537.000000 140.78037100000000236832
156 593.000000 493.000000 148.61025399999999763168
157 572.000000 474.000000 133.35049200000000269029
158 538.000000 424.000000 432.30859400000002779052
159 676.000000 578.000000 76.16851099999999519241
160 450.000000 380.000000 138.92013900000000603541
161 387.000000 332.000000 64.95367099999999993543
162 537.000000 436.000000 142.55631700000000705586
163 594.000000 488.000000 72.53861299999999801003
164 533.000000 409.000000 715.66398100000003523746
165 627.000000 524.000000 21.34744600000000147588
166 514.000000 448.000000 95.17032600000000286400
167 701.000000 551.000000 26.47170799999999957208
168 632.000000 547.000000 34.35974499999999665079
169 256.000000 217.000000 1381.21835299999997914711
170 766.000000 604.000000 71.41875400000000695400
171 396.000000 350.000000 4.99072600000000043963
172 650.000000 523.000000 843.86610599999994519749
174 712.000000 600.000000 13.43196200000000040120
175 516.000000 448.000000 13.51392399999999938132
176 302.000000 262.000000 76.75558900000000051023
177 506.000000 438.000000 30.28202500000000085834
178 552.000000 464.000000 26.53515900000000016234
179 471.000000 387.000000 130.75800799999998957901
180 432.000000 347.000000 30.98415200000000169211
182 255.000000 207.000000 147.52627799999999069769
183 826.000000 655.000000 37.96122299999999682996
185 232.000000 201.000000 423.55125700000002098022
186 488.000000 428.000000 99.97249600000000668842
187 624.000000 505.000000 100.52835399999999310694
188 665.000000 505.000000 200.59350100000000338696
189 637.000000 506.000000 19.06260599999999882925
190 451.000000 373.000000 72.95407400000000563978
191 694.000000 551.000000 209.08947499999999308784
192 371.000000 304.000000 130.03873500000000262844
193 551.000000 480.000000 13.94189199999999928536
194 619.000000 514.000000 120.77146799999999871034
195 704.000000 547.000000 157.30354199999999309512
196 562.000000 442.000000 162.15882400000000984619
197 413.000000 327.000000 296.38254599999999072679
198 316.000000 278.000000 265.23671300000000883301
199 450.000000 364.000000 181.71652100000000018554
200 654.000000 524.000000 38.75554499999999791271
201 481.000000 398.000000 157.29610700000000633736
202 457.000000 371.000000 227.08046899999999368447
203 507.000000 426.000000 102.33717300000000705040
204 467.000000 397.000000 203.07423199999999496868
205 555.000000 473.000000 14.75736900000000062505
207 654.000000 529.000000 332.05201599999998052226
208 415.000000 357.000000 34.01593700000000097816
209 390.000000 347.000000 18.43649299999999868760
210 346.000000 307.000000 69.87078099999999380998
212 527.000000 427.000000 12.65209899999999976217
213 478.000000 398.000000 110.23875499999999760803
214 592.000000 478.000000 168.99985699999999155807
215 510.000000 445.000000 34.15991100000000102455
216 535.000000 465.000000 45.53737900000000138334
217 395.000000 328.000000 397.71201600000000553337
218 537.000000 441.000000 109.93690899999999999181
219 525.000000 462.000000 26.02137300000000053046
220 501.000000 409.000000 168.90033199999999169449
222 404.000000 345.000000 90.76548499999999819465
224 419.000000 342.000000 325.75219399999997449413
225 693.000000 546.000000 27.66015900000000016234
226 588.000000 480.000000 69.43970500000000356522
227 451.000000 386.000000 74.63602000000000202817
228 501.000000 412.000000 34.33735800000000182308
229 539.000000 438.000000 66.23090299999999785996
230 456.000000 385.000000 63.73598199999999991405
231 638.000000 511.000000 87.68873000000000672571
232 662.000000 537.000000 46.14151999999999986812
233 394.000000 322.000000 153.34697700000000963882
234 671.000000 532.000000 200.50720699999999396823
235 398.000000 313.000000 458.16641600000002654269
236 592.000000 477.000000 161.10871800000001030639
237 500.000000 398.000000 610.53007000000002335582
238 418.000000 383.000000 22.24706000000000116756
239 672.000000 529.000000 14.47271500000000088448
240 518.000000 411.000000 178.24692200000001207627
241 381.000000 320.000000 242.16212300000000823275
242 477.000000 407.000000 180.54362900000000990985
243 229.000000 216.000000 57.47298599999999879628
244 440.000000 376.000000 155.66207499999998731255
245 436.000000 352.000000 216.18981500000001005901
246 436.000000 337.000000 295.47769399999998540807
247 336.000000 288.000000 65.07629099999999766624
248 446.000000 391.000000 40.88203599999999937609
249 583.000000 488.000000 11.96809799999999945896
250 391.000000 334.000000 62.07115799999999694592
251 519.000000 437.000000 102.75808200000000169894
252 632.000000 501.000000 15.94681699999999935358
253 464.000000 378.000000 44.00336099999999817101
254 429.000000 360.000000 311.26108699999997497798
255 482.000000 410.000000 80.41892300000000659566
256 599.000000 488.000000 174.58457599999999843021
257 653.000000 534.000000 32.95941799999999943793
258 348.000000 278.000000 182.18542400000001180160
259 551.000000 476.000000 83.27502300000000445834
260 627.000000 523.000000 43.02187500000000142109
261 567.000000 494.000000 43.69740099999999927149
262 394.000000 332.000000 319.75834800000001223452
263 442.000000 354.000000 62.66855199999999825877
264 628.000000 526.000000 13.02081699999999919726
265 311.000000 268.000000 22.41780400000000028626
266 359.000000 326.000000 28.39198800000000133537
267 720.000000 578.000000 90.09959100000000375985
268 601.000000 481.000000 52.66224799999999817146
269 484.000000 402.000000 98.80019500000000221007
270 564.000000 457.000000 24.33413799999999937995
271 480.000000 399.000000 45.78325799999999645706
272 320.000000 259.000000 100.01671699999999987085
273 403.000000 349.000000 13.07210300000000025022
274 520.000000 430.000000 130.99073000000001343324
275 699.000000 563.000000 101.42675699999999494594
277 500.000000 410.000000 259.29976599999997688428
278 574.000000 471.000000 156.50284899999999765896
279 508.000000 456.000000 70.57126700000000596447
280 473.000000 403.000000 166.24224300000000198452
281 610.000000 485.000000 23.70219900000000023965
282 481.000000 408.000000 15.31637300000000045941
283 297.000000 260.000000 122.93080500000000654381
284 625.000000 501.000000 217.09353799999999523607
285 570.000000 468.000000 367.53603900000001658555
287 788.000000 628.000000 323.36597299999999677311
288 577.000000 480.000000 96.00848600000000487853
289 450.000000 372.000000 105.15514799999999695501
290 347.000000 296.000000 34.91577900000000056480
291 612.000000 496.000000 25.62901099999999843249
292 369.000000 311.000000 48.27723600000000203636
293 452.000000 378.000000 37.21493000000000250793
294 391.000000 319.000000 130.19565499999998792191
295 541.000000 444.000000 462.31733600000001160879
296 423.000000 364.000000 339.39281999999997196937
297 405.000000 339.000000 165.17786499999999705324
298 536.000000 444.000000 30.20598299999999980514
299 492.000000 405.000000 174.56773899999998889143
300 345.000000 297.000000 128.67027799999999615466
301 560.000000 464.000000 14.25063500000000082935
302 569.000000 474.000000 169.87974600000001146327
303 340.000000 294.000000 229.85427500000000122782
304 502.000000 407.000000 167.07959299999998847852
305 359.000000 286.000000 126.96701000000000192358
306 504.000000 406.000000 205.50814099999999484680
307 285.000000 247.000000 122.69549000000000660293
308 542.000000 454.000000 283.82912900000002309753
310 511.000000 421.000000 591.69832599999995181861
311 421.000000 330.000000 189.78562700000000518230
312 487.000000 386.000000 254.98295600000000149521
313 479.000000 410.000000 125.91088899999999739521
314 430.000000 367.000000 83.64151699999999323154
315 623.000000 496.000000 127.38655799999999373995
316 417.000000 346.000000 90.29671000000000447017
317 432.000000 363.000000 29.97372299999999967213
318 369.000000 316.000000 367.40127000000001089575
319 393.000000 325.000000 169.91797500000001264198
320 459.000000 394.000000 60.75049800000000033151
321 644.000000 518.000000 269.48612800000000788714
322 482.000000 403.000000 72.23327199999999947977
323 442.000000 392.000000 108.37971500000000446562
324 434.000000 362.000000 56.64159699999999730835
325 615.000000 495.000000 13.45805200000000034777
326 478.000000 387.000000 609.97428400000001147419
327 356.000000 320.000000 100.91230199999999683769
329 448.000000 388.000000 34.83953300000000297132
330 253.000000 224.000000 194.23948500000000194632
331 488.000000 422.000000 31.41008499999999870056
332 525.000000 445.000000 26.57563700000000039836
333 649.000000 512.000000 671.30003699999997479608
334 793.000000 623.000000 4.82758999999999982577
335 662.000000 554.000000 115.54645399999999710872
336 377.000000 313.000000 127.10552199999999345437
337 556.000000 457.000000 57.44042300000000267346
338 307.000000 256.000000 128.93734000000000605723
339 527.000000 446.000000 277.35614500000002635716
340 559.000000 449.000000 181.82408100000000672480
342 412.000000 327.000000 207.75487300000000345790
343 744.000000 585.000000 18.02040099999999966940
344 439.000000 375.000000 115.84417299999999784177
346 432.000000 361.000000 649.87793599999997695704
347 567.000000 481.000000 9.38625299999999995748
348 651.000000 552.000000 58.60443800000000180717
349 549.000000 461.000000 57.00153799999999648662
350 457.000000 355.000000 94.99495699999999942520
351 480.000000 388.000000 185.46900500000000988621
352 589.000000 479.000000 33.22482200000000318596
353 537.000000 445.000000 24.58605500000000176897
354 437.000000 388.000000 43.57290199999999913416
356 528.000000 420.000000 389.33682800000002544039
357 548.000000 460.000000 280.11458499999997684426
358 214.000000 180.000000 681.09748999999999341526
359 392.000000 344.000000 44.59618999999999999773
360 653.000000 536.000000 7.44169400000000003104
363 647.000000 522.000000 79.79322700000000168075
364 608.000000 485.000000 21.02995999999999909846
365 421.000000 359.000000 70.51106000000000051386
366 500.000000 423.000000 45.48709099999999949659
367 656.000000 523.000000 14.06258500000000033481
368 506.000000 431.000000 94.82005999999999801275
369 602.000000 485.000000 40.10188000000000130285
370 494.000000 406.000000 27.07961200000000090427
371 627.000000 488.000000 1021.67964700000004540925
372 415.000000 369.000000 44.34145699999999834517
373 483.000000 380.000000 463.99161700000001928856
374 336.000000 288.000000 77.26037800000000288492
375 483.000000 411.000000 70.34732999999999947249
376 467.000000 392.000000 10.19430900000000050909
377 372.000000 306.000000 170.08448699999999575994
378 443.000000 404.000000 121.46712800000000243017
379 473.000000 378.000000 100.65894299999999361717
380 568.000000 439.000000 35.83235799999999926513
381 455.000000 368.000000 92.06101400000000012369
382 763.000000 588.000000 122.26153999999999655302
383 493.000000 402.000000 603.77180099999998219573
385 508.000000 429.000000 8.45533400000000057162
386 416.000000 343.000000 138.25459299999999984720
387 508.000000 419.000000 72.44218100000000504224
388 453.000000 378.000000 64.65747500000000513865
389 447.000000 400.000000 30.02092899999999886518
390 272.000000 239.000000 30.27326000000000050250
391 490.000000 412.000000 510.80492900000001554872
392 533.000000 443.000000 134.82059300000000234832
393 573.000000 436.000000 1368.82775100000003476453
394 551.000000 479.000000 58.55776199999999676038
395 555.000000 439.000000 154.56173899999998866406
397 624.000000 495.000000 588.40599199999996926636
398 467.000000 398.000000 74.30351000000000283308
399 834.000000 661.000000 161.68458499999999844476
400 472.000000 372.000000 35.14052300000000172986
401 410.000000 340.000000 171.52099100000000930777
402 417.000000 347.000000 655.65243299999997361738
403 662.000000 523.000000 18.87494399999999927786
404 708.000000 553.000000 34.39742100000000135651
405 672.000000 533.000000 99.67352900000000204273
406 497.000000 424.000000 53.31440299999999865577
407 475.000000 416.000000 118.53391700000000241744
408 664.000000 532.000000 251.91041100000001051740
409 676.000000 512.000000 18.94509499999999846409
410 374.000000 325.000000 29.51596199999999825536
411 403.000000 348.000000 31.38466000000000022396
412 411.000000 330.000000 504.08169299999997292616
413 474.000000 413.000000 26.29198699999999888632
414 537.000000 436.000000 100.32959099999999352804
415 547.000000 424.000000 179.92120499999998628482
416 572.000000 425.000000 511.90573100000000295040
417 511.000000 452.000000 32.38458800000000081809
418 554.000000 444.000000 13.56642399999999959448
419 629.000000 518.000000 183.75235000000000695763
420 599.000000 501.000000 150.11161400000000298860
