1 11.000000 11.000000 0.15715899999999999315
2 9.000000 9.000000 0.03437400000000000178
3 10.000000 10.000000 0.02218099999999999933
4 11.000000 10.000000 0.01536900000000000072
5 10.000000 10.000000 0.04013100000000000001
6 11.000000 10.000000 0.01821400000000000102
7 10.000000 10.000000 0.01236100000000000046
8 14.000000 11.000000 0.02353200000000000083
9 12.000000 11.000000 0.01395200000000000086
10 11.000000 11.000000 0.02099300000000000124
11 12.000000 11.000000 0.01181699999999999938
12 9.000000 9.000000 0.01295100000000000071
13 12.000000 11.000000 0.01196999999999999974
14 11.000000 10.000000 0.05700299999999999812
15 11.000000 11.000000 0.01396200000000000045
16 11.000000 10.000000 0.01643500000000000169
17 13.000000 10.000000 0.01504400000000000008
18 11.000000 11.000000 0.02657100000000000087
19 11.000000 11.000000 0.01220899999999999937
20 12.000000 11.000000 0.01178300000000000007
21 9.000000 9.000000 0.01221999999999999996
22 12.000000 11.000000 0.01433199999999999925
23 9.000000 9.000000 0.01242300000000000001
24 11.000000 10.000000 0.01254000000000000080
25 13.000000 11.000000 0.01261299999999999921
26 12.000000 11.000000 0.01155800000000000056
27 12.000000 11.000000 0.01775300000000000142
28 11.000000 11.000000 0.02046600000000000155
29 10.000000 10.000000 0.01230499999999999997
30 10.000000 10.000000 0.01159699999999999967
31 12.000000 11.000000 0.01217599999999999932
32 11.000000 10.000000 0.01236600000000000026
33 10.000000 10.000000 0.01258800000000000023
34 11.000000 11.000000 0.01230200000000000043
35 12.000000 10.000000 0.01260000000000000009
36 12.000000 10.000000 0.03185899999999999843
37 9.000000 9.000000 0.02885499999999999871
38 11.000000 10.000000 0.01149599999999999927
39 11.000000 11.000000 0.01203100000000000003
40 13.000000 11.000000 0.01231699999999999982
41 11.000000 11.000000 0.01710800000000000168
42 11.000000 11.000000 0.01253600000000000027
43 12.000000 11.000000 0.01254800000000000013
44 10.000000 10.000000 0.01169300000000000027
45 11.000000 10.000000 0.01199599999999999972
46 12.000000 11.000000 0.04743100000000000094
47 15.000000 11.000000 0.01206499999999999934
48 9.000000 9.000000 0.01456400000000000056
49 11.000000 10.000000 0.01372300000000000082
50 10.000000 10.000000 0.02284800000000000025
51 11.000000 11.000000 0.03961200000000000138
52 9.000000 9.000000 0.02856099999999999958
53 11.000000 11.000000 0.03609699999999999714
54 12.000000 11.000000 0.01231600000000000056
55 10.000000 10.000000 0.03227300000000000307
56 13.000000 11.000000 0.02708299999999999944
57 9.000000 9.000000 0.02850300000000000056
58 12.000000 10.000000 0.02835199999999999873
59 10.000000 10.000000 0.01060000000000000005
60 11.000000 11.000000 0.01188200000000000020
61 10.000000 10.000000 0.01093799999999999981
62 13.000000 11.000000 0.01090499999999999976
63 10.000000 10.000000 0.01169599999999999980
64 9.000000 9.000000 0.01151600000000000019
65 11.000000 10.000000 0.01195000000000000055
66 12.000000 10.000000 0.01182700000000000071
67 12.000000 11.000000 0.01170599999999999939
68 9.000000 9.000000 0.01213599999999999922
69 10.000000 10.000000 0.01217999999999999985
70 10.000000 10.000000 0.01134699999999999945
71 11.000000 10.000000 0.02790099999999999872
72 10.000000 10.000000 0.01119400000000000082
73 10.000000 10.000000 0.01170500000000000013
74 12.000000 10.000000 0.01199000000000000066
75 10.000000 10.000000 0.01233500000000000048
76 10.000000 10.000000 0.01204299999999999989
77 10.000000 10.000000 0.01184299999999999936
78 9.000000 9.000000 0.01209900000000000038
79 10.000000 10.000000 0.01135800000000000004
80 12.000000 11.000000 0.01222499999999999976
81 13.000000 11.000000 0.01135399999999999951
82 11.000000 11.000000 0.01138499999999999929
83 11.000000 11.000000 0.01240899999999999989
84 12.000000 11.000000 0.01159600000000000040
85 11.000000 11.000000 0.01169500000000000053
86 10.000000 10.000000 0.01149599999999999927
87 11.000000 11.000000 0.04853199999999999875
88 10.000000 10.000000 0.01159400000000000014
89 10.000000 10.000000 0.01183200000000000050
90 13.000000 11.000000 0.01138400000000000002
91 11.000000 11.000000 0.01181100000000000032
92 10.000000 10.000000 0.01244299999999999920
93 12.000000 11.000000 0.01813400000000000081
94 12.000000 11.000000 0.01179499999999999993
95 10.000000 10.000000 0.01230400000000000070
96 12.000000 10.000000 0.01910600000000000145
97 12.000000 10.000000 0.01212200000000000083
98 11.000000 11.000000 0.01190699999999999918
99 10.000000 10.000000 0.01197100000000000074
100 10.000000 10.000000 0.01234700000000000034
101 11.000000 11.000000 0.01267500000000000050
102 11.000000 10.000000 0.02801599999999999924
103 11.000000 11.000000 0.02787500000000000047
104 9.000000 9.000000 0.03609500000000000208
105 11.000000 11.000000 0.02755300000000000110
106 10.000000 10.000000 0.02791300000000000031
107 9.000000 9.000000 0.02434700000000000059
108 13.000000 11.000000 0.01125300000000000085
109 14.000000 11.000000 0.02637700000000000114
110 13.000000 11.000000 0.02460299999999999987
111 12.000000 11.000000 0.01218200000000000012
112 10.000000 10.000000 0.04786499999999999783
113 10.000000 10.000000 0.02896100000000000063
114 12.000000 11.000000 0.02821200000000000097
115 11.000000 11.000000 0.02786599999999999841
116 14.000000 11.000000 0.02788600000000000106
117 13.000000 11.000000 0.02776299999999999948
118 11.000000 11.000000 0.03600699999999999734
119 11.000000 10.000000 0.06413599999999999857
120 10.000000 10.000000 0.04498599999999999821
121 10.000000 10.000000 0.03975700000000000067
122 11.000000 11.000000 0.03339500000000000107
123 9.000000 9.000000 0.03583900000000000280
124 10.000000 10.000000 0.03248800000000000299
125 13.000000 11.000000 0.02674299999999999941
126 11.000000 11.000000 0.04938499999999999834
127 11.000000 11.000000 0.03572299999999999781
128 12.000000 10.000000 0.03242699999999999749
129 10.000000 10.000000 0.03607500000000000290
130 9.000000 9.000000 0.03396699999999999720
131 11.000000 10.000000 0.02846200000000000119
132 12.000000 11.000000 0.05475399999999999712
133 11.000000 11.000000 0.03587300000000000211
134 13.000000 10.000000 0.03522499999999999937
135 11.000000 10.000000 0.05702100000000000224
136 12.000000 10.000000 0.04229900000000000326
137 11.000000 11.000000 0.03697999999999999898
138 10.000000 10.000000 0.03619800000000000101
139 9.000000 9.000000 0.02791599999999999984
140 12.000000 10.000000 0.02758299999999999988
141 13.000000 11.000000 0.02736200000000000090
142 11.000000 10.000000 0.03274500000000000327
143 9.000000 9.000000 0.04396300000000000208
144 11.000000 10.000000 0.02381399999999999836
145 10.000000 10.000000 0.03545999999999999847
146 9.000000 9.000000 0.06587099999999999900
147 11.000000 10.000000 0.04121600000000000263
148 11.000000 10.000000 0.04386899999999999827
149 11.000000 11.000000 0.04515299999999999869
150 11.000000 11.000000 0.01503600000000000075
151 11.000000 11.000000 0.02937700000000000033
152 10.000000 10.000000 0.02349899999999999906
153 10.000000 10.000000 0.03525999999999999968
154 9.000000 9.000000 0.02874200000000000019
155 10.000000 10.000000 0.03533499999999999835
156 11.000000 10.000000 0.02735800000000000037
157 11.000000 10.000000 0.02707700000000000037
158 10.000000 10.000000 0.02752900000000000139
159 11.000000 11.000000 0.01086799999999999919
160 12.000000 11.000000 0.01043600000000000083
161 11.000000 10.000000 0.01126300000000000044
162 11.000000 11.000000 0.04083900000000000030
163 11.000000 11.000000 0.01098700000000000024
164 10.000000 10.000000 0.01084199999999999921
165 11.000000 10.000000 0.01111499999999999988
166 12.000000 11.000000 0.01175700000000000009
167 12.000000 11.000000 0.01192299999999999957
168 10.000000 10.000000 0.01207699999999999919
169 11.000000 11.000000 0.01225300000000000000
170 10.000000 10.000000 0.01324700000000000009
171 10.000000 10.000000 0.01136900000000000063
172 12.000000 11.000000 0.01234400000000000081
173 12.000000 11.000000 0.01185899999999999975
174 10.000000 10.000000 0.01106500000000000018
175 11.000000 11.000000 0.01187500000000000014
176 12.000000 11.000000 0.01173899999999999944
177 10.000000 10.000000 0.01186100000000000002
178 9.000000 9.000000 0.01250700000000000076
179 11.000000 11.000000 0.01211500000000000077
180 15.000000 11.000000 0.01121499999999999928
181 11.000000 11.000000 0.01172600000000000031
182 11.000000 10.000000 0.01152099999999999999
183 14.000000 11.000000 0.01123000000000000040
184 11.000000 10.000000 0.01163199999999999998
185 10.000000 10.000000 0.01174799999999999976
186 10.000000 10.000000 0.01165099999999999990
187 9.000000 9.000000 0.01160100000000000020
188 10.000000 10.000000 0.01139599999999999988
189 13.000000 11.000000 0.01110200000000000076
190 11.000000 11.000000 0.01125199999999999985
191 14.000000 11.000000 0.01025900000000000076
192 10.000000 10.000000 0.01152199999999999926
193 11.000000 10.000000 0.01173599999999999990
194 10.000000 10.000000 0.01152700000000000079
195 11.000000 10.000000 0.01141200000000000027
196 11.000000 11.000000 0.01207500000000000066
197 10.000000 10.000000 0.01186199999999999928
198 10.000000 10.000000 0.01176999999999999921
199 12.000000 10.000000 0.01141299999999999953
200 11.000000 10.000000 0.01064000000000000015
201 13.000000 11.000000 0.01047599999999999920
202 13.000000 11.000000 0.01148300000000000015
203 11.000000 11.000000 0.01350499999999999964
204 9.000000 9.000000 0.01194100000000000023
205 10.000000 10.000000 0.01143899999999999952
206 10.000000 10.000000 0.01499799999999999918
207 14.000000 11.000000 0.01024199999999999937
208 10.000000 10.000000 0.01137499999999999969
209 10.000000 10.000000 0.01142499999999999939
210 11.000000 11.000000 0.01177800000000000027
211 11.000000 11.000000 0.01152800000000000005
212 10.000000 10.000000 0.01192400000000000057
213 11.000000 10.000000 0.01115599999999999925
214 11.000000 10.000000 0.01177500000000000074
215 12.000000 11.000000 0.01067300000000000020
216 12.000000 11.000000 0.01043900000000000036
217 14.000000 10.000000 0.01070199999999999971
218 10.000000 10.000000 0.01116100000000000078
219 12.000000 11.000000 0.01092699999999999921
220 13.000000 11.000000 0.01150600000000000060
221 11.000000 11.000000 0.01121300000000000074
222 11.000000 10.000000 0.01134199999999999965
223 11.000000 10.000000 0.01138600000000000029
224 11.000000 11.000000 0.01171099999999999919
225 11.000000 11.000000 0.01148399999999999942
226 11.000000 11.000000 0.01140700000000000047
227 12.000000 10.000000 0.01107900000000000031
228 11.000000 11.000000 0.01145200000000000037
229 10.000000 10.000000 0.01155199999999999977
230 13.000000 11.000000 0.01125600000000000038
231 10.000000 10.000000 0.01260499999999999989
232 15.000000 11.000000 0.01146199999999999997
233 10.000000 10.000000 0.01182399999999999944
234 13.000000 11.000000 0.01104899999999999979
235 10.000000 10.000000 0.01173899999999999944
236 12.000000 10.000000 0.01150400000000000034
237 12.000000 11.000000 0.01123500000000000019
238 10.000000 10.000000 0.01197100000000000074
239 11.000000 11.000000 0.01231200000000000003
240 12.000000 11.000000 0.01224500000000000068
241 14.000000 11.000000 0.01107700000000000004
242 11.000000 10.000000 0.01167299999999999935
243 10.000000 10.000000 0.01267899999999999930
244 12.000000 11.000000 0.01631499999999999964
245 12.000000 11.000000 0.01139199999999999935
246 11.000000 11.000000 0.01164500000000000084
247 11.000000 11.000000 0.01147399999999999982
248 14.000000 11.000000 0.01502000000000000036
249 12.000000 10.000000 0.01168600000000000021
250 11.000000 10.000000 0.01161500000000000032
251 11.000000 11.000000 0.01114799999999999992
252 10.000000 10.000000 0.02767199999999999868
253 12.000000 11.000000 0.01125199999999999985
254 12.000000 10.000000 0.01173199999999999937
255 12.000000 10.000000 0.02507399999999999907
256 12.000000 10.000000 0.01124499999999999979
257 11.000000 11.000000 0.03946100000000000302
258 11.000000 11.000000 0.03628800000000000081
259 14.000000 11.000000 0.03547499999999999959
260 12.000000 11.000000 0.03618799999999999795
261 12.000000 11.000000 0.03546400000000000247
262 11.000000 11.000000 0.02341199999999999878
263 11.000000 10.000000 0.03565399999999999819
264 13.000000 11.000000 0.03521200000000000024
265 9.000000 9.000000 0.03546500000000000347
266 11.000000 11.000000 0.03140500000000000236
267 12.000000 11.000000 0.01075300000000000041
268 10.000000 10.000000 0.01162499999999999992
269 14.000000 11.000000 0.02586600000000000010
270 12.000000 11.000000 0.02709900000000000156
271 12.000000 11.000000 0.02596499999999999850
272 13.000000 10.000000 0.02736500000000000044
273 12.000000 10.000000 0.01990300000000000055
274 14.000000 11.000000 0.01163299999999999924
275 10.000000 10.000000 0.01160100000000000020
276 10.000000 10.000000 0.01176400000000000015
277 9.000000 9.000000 0.03985500000000000154
278 10.000000 10.000000 0.02387900000000000092
279 12.000000 11.000000 0.02767500000000000168
280 11.000000 11.000000 0.02299599999999999908
281 12.000000 10.000000 0.02725100000000000092
282 12.000000 11.000000 0.02313799999999999885
283 14.000000 11.000000 0.03049100000000000074
284 14.000000 11.000000 0.02306800000000000170
285 12.000000 11.000000 0.02321700000000000153
286 12.000000 11.000000 0.01076300000000000000
287 10.000000 10.000000 0.02337900000000000048
288 11.000000 10.000000 0.01082499999999999955
289 10.000000 10.000000 0.01070899999999999977
290 11.000000 10.000000 0.04286000000000000226
291 10.000000 10.000000 0.02583600000000000133
292 10.000000 10.000000 0.02697000000000000092
293 11.000000 10.000000 0.02670499999999999957
294 9.000000 9.000000 0.02757000000000000076
295 14.000000 11.000000 0.01047200000000000041
296 14.000000 11.000000 0.01107700000000000004
297 13.000000 11.000000 0.02594399999999999831
298 11.000000 10.000000 0.01323700000000000050
299 10.000000 10.000000 0.02973599999999999854
300 11.000000 11.000000 0.01242500000000000028
301 10.000000 10.000000 0.01416000000000000071
302 10.000000 10.000000 0.01316499999999999962
303 9.000000 9.000000 0.01300199999999999967
304 11.000000 10.000000 0.01294400000000000064
305 11.000000 11.000000 0.01220700000000000084
306 13.000000 11.000000 0.01175900000000000035
307 11.000000 11.000000 0.01239200000000000024
308 11.000000 10.000000 0.01190500000000000065
309 15.000000 11.000000 0.01155800000000000056
310 11.000000 10.000000 0.01281099999999999947
311 13.000000 10.000000 0.01232300000000000062
312 11.000000 10.000000 0.01247000000000000018
313 10.000000 10.000000 0.01317399999999999995
314 12.000000 11.000000 0.01247200000000000045
315 12.000000 11.000000 0.01251000000000000029
316 10.000000 10.000000 0.01293099999999999979
317 10.000000 10.000000 0.01149599999999999927
318 11.000000 10.000000 0.01153700000000000038
319 10.000000 10.000000 0.01158499999999999981
320 11.000000 10.000000 0.01056900000000000027
321 9.000000 9.000000 0.01105000000000000079
322 9.000000 9.000000 0.01145000000000000011
323 9.000000 9.000000 0.01171900000000000025
324 11.000000 11.000000 0.01153299999999999985
325 12.000000 11.000000 0.01071700000000000083
326 14.000000 11.000000 0.01110500000000000029
327 12.000000 11.000000 0.01146699999999999976
328 13.000000 11.000000 0.01134199999999999965
329 11.000000 11.000000 0.01151399999999999993
330 12.000000 11.000000 0.01084199999999999921
331 10.000000 10.000000 0.01141099999999999927
332 12.000000 10.000000 0.01149999999999999981
333 11.000000 11.000000 0.01142899999999999992
334 9.000000 9.000000 0.01156399999999999963
335 11.000000 11.000000 0.01041100000000000012
336 11.000000 11.000000 0.01108199999999999984
337 11.000000 10.000000 0.01165599999999999969
338 11.000000 10.000000 0.01155699999999999956
339 10.000000 10.000000 0.01156899999999999942
340 10.000000 10.000000 0.01164300000000000057
341 9.000000 9.000000 0.01188200000000000020
342 12.000000 11.000000 0.01129199999999999995
343 11.000000 11.000000 0.01136400000000000084
344 10.000000 10.000000 0.01143100000000000019
345 11.000000 10.000000 0.01082400000000000029
346 11.000000 10.000000 0.01121499999999999928
347 12.000000 10.000000 0.01087300000000000072
348 13.000000 11.000000 0.01120799999999999921
349 10.000000 10.000000 0.01152800000000000005
350 10.000000 10.000000 0.01138400000000000002
351 11.000000 10.000000 0.01301300000000000026
352 11.000000 11.000000 0.01193100000000000063
353 12.000000 11.000000 0.01143899999999999952
354 10.000000 10.000000 0.01177600000000000001
355 9.000000 9.000000 0.01175600000000000082
356 13.000000 11.000000 0.01174200000000000070
357 10.000000 10.000000 0.01127399999999999930
358 9.000000 9.000000 0.01112900000000000000
359 11.000000 10.000000 0.01170500000000000013
360 13.000000 11.000000 0.01118000000000000070
361 11.000000 11.000000 0.01134800000000000045
362 11.000000 10.000000 0.01116900000000000011
363 10.000000 10.000000 0.01147800000000000036
364 11.000000 10.000000 0.01100800000000000042
365 9.000000 9.000000 0.01125400000000000011
366 12.000000 11.000000 0.01058599999999999992
367 12.000000 11.000000 0.01177899999999999954
368 13.000000 10.000000 0.02687000000000000152
369 12.000000 10.000000 0.01062600000000000003
370 10.000000 10.000000 0.01141000000000000000
371 10.000000 10.000000 0.01136799999999999963
372 14.000000 11.000000 0.02189800000000000080
373 10.000000 10.000000 0.01291800000000000066
374 11.000000 10.000000 0.01126899999999999950
375 11.000000 11.000000 0.01133699999999999986
376 11.000000 11.000000 0.01116200000000000005
377 11.000000 10.000000 0.01084800000000000000
378 10.000000 10.000000 0.01071199999999999930
379 10.000000 10.000000 0.01123599999999999946
380 11.000000 10.000000 0.01109899999999999949
381 11.000000 11.000000 0.01125600000000000038
382 10.000000 10.000000 0.01102500000000000008
383 11.000000 10.000000 0.01032100000000000031
384 10.000000 10.000000 0.01100600000000000016
385 12.000000 11.000000 0.01072099999999999963
386 11.000000 10.000000 0.01085299999999999980
387 12.000000 10.000000 0.01054000000000000076
388 11.000000 11.000000 0.01003899999999999931
389 12.000000 11.000000 0.01063799999999999989
390 11.000000 11.000000 0.01065600000000000054
391 11.000000 11.000000 0.01096300000000000052
392 12.000000 11.000000 0.01064200000000000042
393 12.000000 11.000000 0.01074800000000000061
394 10.000000 10.000000 0.01032600000000000011
395 9.000000 9.000000 0.01036199999999999968
396 10.000000 10.000000 0.01088599999999999984
397 11.000000 10.000000 0.01054700000000000082
398 11.000000 10.000000 0.00999500000000000041
399 10.000000 10.000000 0.01113500000000000080
400 12.000000 11.000000 0.01049600000000000012
401 11.000000 11.000000 0.01118800000000000003
402 9.000000 9.000000 0.01114700000000000066
403 10.000000 10.000000 0.01116100000000000078
404 12.000000 11.000000 0.01079800000000000031
405 11.000000 10.000000 0.01151399999999999993
406 11.000000 10.000000 0.01152099999999999999
407 11.000000 11.000000 0.01503999999999999955
408 10.000000 10.000000 0.01072200000000000063
409 10.000000 10.000000 0.01260900000000000042
410 11.000000 10.000000 0.01171799999999999925
411 11.000000 10.000000 0.01170400000000000086
412 11.000000 10.000000 0.01154900000000000024
413 10.000000 10.000000 0.01170700000000000039
414 11.000000 10.000000 0.01233700000000000074
415 13.000000 11.000000 0.01128599999999999916
416 10.000000 10.000000 0.01185199999999999969
417 13.000000 11.000000 0.01135899999999999931
418 10.000000 10.000000 0.01145499999999999990
419 11.000000 10.000000 0.01104899999999999979
420 10.000000 10.000000 0.02001999999999999960
