1 27.000000 24.000000 0.23669799999999999174
2 42.000000 33.000000 0.09492499999999999549
3 36.000000 28.000000 0.04052700000000000052
4 50.000000 37.000000 0.10064800000000000135
5 34.000000 26.000000 0.28656199999999998340
6 24.000000 19.000000 0.09234000000000000541
7 30.000000 23.000000 0.07901600000000000290
8 27.000000 24.000000 0.10936600000000000488
9 34.000000 26.000000 0.08243999999999999939
10 32.000000 28.000000 0.04918499999999999955
11 18.000000 16.000000 0.07195500000000000507
12 29.000000 27.000000 0.09529200000000000170
13 41.000000 31.000000 0.03452800000000000313
14 30.000000 27.000000 0.07265900000000000136
15 28.000000 22.000000 0.03016599999999999837
16 43.000000 32.000000 0.02400100000000000150
17 34.000000 28.000000 0.04526999999999999774
18 20.000000 19.000000 0.03563500000000000001
19 23.000000 21.000000 0.03747600000000000237
20 42.000000 34.000000 0.04455499999999999738
21 15.000000 14.000000 0.05735500000000000320
22 23.000000 21.000000 0.08963500000000000634
23 34.000000 26.000000 0.13342100000000001181
24 35.000000 27.000000 0.06872699999999999643
25 25.000000 21.000000 0.07172199999999999409
26 40.000000 30.000000 0.03638799999999999674
27 35.000000 29.000000 0.03164499999999999952
28 29.000000 25.000000 0.04955400000000000083
29 21.000000 19.000000 0.10934699999999999975
30 30.000000 25.000000 0.04297399999999999831
31 24.000000 23.000000 0.03902499999999999719
32 47.000000 37.000000 0.03190099999999999880
33 27.000000 22.000000 0.05219000000000000028
34 33.000000 29.000000 0.02716199999999999865
35 43.000000 34.000000 0.08089699999999999669
36 32.000000 27.000000 0.03352700000000000125
37 44.000000 34.000000 0.03611400000000000027
38 30.000000 24.000000 0.05503600000000000159
39 41.000000 33.000000 0.04147200000000000192
40 27.000000 24.000000 0.05344200000000000339
41 31.000000 25.000000 0.07224500000000000366
42 35.000000 26.000000 0.06163500000000000228
43 41.000000 33.000000 0.05800799999999999707
44 44.000000 36.000000 0.07570200000000000540
45 35.000000 29.000000 0.08823300000000000587
46 29.000000 25.000000 0.05001300000000000190
47 28.000000 23.000000 0.08248999999999999388
48 26.000000 24.000000 0.04614499999999999852
49 39.000000 29.000000 0.02738799999999999915
50 28.000000 24.000000 0.04427099999999999785
51 38.000000 30.000000 0.03454700000000000132
52 43.000000 31.000000 0.03062199999999999991
53 43.000000 30.000000 0.03005100000000000132
54 32.000000 26.000000 0.02943199999999999983
55 23.000000 21.000000 0.04838300000000000239
56 38.000000 31.000000 0.03027699999999999836
57 29.000000 22.000000 0.03532600000000000323
58 31.000000 24.000000 0.04567399999999999932
59 29.000000 27.000000 0.02861100000000000101
60 29.000000 25.000000 0.03171199999999999714
61 34.000000 31.000000 0.03844999999999999807
62 43.000000 34.000000 0.04438000000000000278
63 29.000000 24.000000 0.05566700000000000120
64 35.000000 29.000000 0.03304900000000000199
65 40.000000 31.000000 0.03205000000000000210
66 49.000000 38.000000 0.02837200000000000139
67 24.000000 22.000000 0.03722099999999999714
68 25.000000 22.000000 0.03803800000000000237
69 27.000000 23.000000 0.03569900000000000156
70 19.000000 16.000000 0.04280799999999999883
71 35.000000 32.000000 0.06014499999999999708
72 30.000000 23.000000 0.03466000000000000331
73 22.000000 18.000000 0.03467499999999999749
74 37.000000 30.000000 0.02842799999999999841
75 28.000000 27.000000 0.02943799999999999889
76 31.000000 24.000000 0.03091999999999999957
77 31.000000 25.000000 0.03608600000000000002
78 31.000000 28.000000 0.04196199999999999930
79 40.000000 32.000000 0.03481000000000000066
80 17.000000 16.000000 0.02744900000000000118
81 28.000000 24.000000 0.03473699999999999705
82 42.000000 35.000000 0.04049599999999999728
83 30.000000 24.000000 0.07817200000000000537
84 40.000000 34.000000 0.02621700000000000072
85 15.000000 14.000000 0.03173000000000000126
86 25.000000 21.000000 0.02746600000000000083
87 35.000000 30.000000 0.03670999999999999958
88 42.000000 34.000000 0.04043200000000000266
89 18.000000 18.000000 0.04465899999999999731
90 19.000000 18.000000 0.03866800000000000098
91 44.000000 37.000000 0.05448200000000000265
92 30.000000 23.000000 0.03218700000000000033
93 40.000000 30.000000 0.04557499999999999746
94 30.000000 24.000000 0.02794200000000000156
95 35.000000 29.000000 0.03713600000000000234
96 32.000000 27.000000 0.04030999999999999861
97 32.000000 25.000000 0.03247799999999999992
98 19.000000 16.000000 0.06772699999999999554
99 31.000000 28.000000 0.03390599999999999864
100 29.000000 24.000000 0.04394499999999999795
101 38.000000 26.000000 0.04207500000000000129
102 32.000000 25.000000 0.03966700000000000087
103 26.000000 25.000000 0.04093900000000000317
104 42.000000 33.000000 0.11501699999999999424
105 33.000000 28.000000 0.03167799999999999783
106 21.000000 19.000000 0.06583799999999999375
107 27.000000 23.000000 0.04439699999999999896
108 31.000000 30.000000 0.04565600000000000214
109 41.000000 36.000000 0.05548000000000000154
110 33.000000 25.000000 0.08065999999999999559
111 24.000000 20.000000 0.08348500000000000365
112 35.000000 27.000000 0.08486299999999999399
113 30.000000 28.000000 0.07124500000000000277
114 33.000000 26.000000 0.06646699999999999831
115 23.000000 19.000000 0.06253300000000000525
116 32.000000 28.000000 0.03714200000000000140
117 38.000000 29.000000 0.18103800000000000447
118 39.000000 29.000000 0.07362299999999999400
119 29.000000 26.000000 0.02653799999999999909
120 40.000000 33.000000 0.03145599999999999785
121 37.000000 29.000000 0.03346699999999999675
122 23.000000 18.000000 0.03199400000000000160
123 36.000000 28.000000 0.06124600000000000183
124 37.000000 29.000000 0.10655499999999999694
125 24.000000 20.000000 0.08249800000000000189
126 26.000000 21.000000 0.03723400000000000321
127 20.000000 20.000000 0.03162100000000000327
128 19.000000 18.000000 0.03115100000000000161
129 29.000000 23.000000 0.05265800000000000342
130 28.000000 24.000000 0.02822799999999999962
131 26.000000 23.000000 0.09097700000000000231
132 36.000000 28.000000 0.03227100000000000107
133 38.000000 30.000000 0.06013600000000000195
134 33.000000 31.000000 0.04562900000000000289
135 37.000000 31.000000 0.05398900000000000227
136 49.000000 38.000000 0.04574500000000000094
137 38.000000 30.000000 0.03179099999999999981
138 36.000000 28.000000 0.02492600000000000024
139 39.000000 29.000000 0.06635599999999999832
140 43.000000 36.000000 0.06515600000000000558
141 23.000000 20.000000 0.02615900000000000170
142 36.000000 28.000000 0.02577199999999999977
143 24.000000 22.000000 0.06393200000000000272
144 25.000000 22.000000 0.06536400000000000543
145 25.000000 22.000000 0.05760200000000000042
146 37.000000 33.000000 0.05546000000000000235
147 25.000000 23.000000 0.04541900000000000104
148 49.000000 33.000000 0.05346499999999999864
149 37.000000 29.000000 0.03740899999999999781
150 31.000000 24.000000 0.08067799999999999971
151 43.000000 33.000000 0.06651300000000000268
152 39.000000 32.000000 0.03767500000000000016
153 45.000000 35.000000 0.02897200000000000122
154 35.000000 30.000000 0.03837800000000000239
155 33.000000 28.000000 0.07459399999999999364
156 31.000000 26.000000 0.09635199999999999321
157 29.000000 24.000000 0.04271799999999999903
158 45.000000 36.000000 0.07935000000000000386
159 47.000000 35.000000 0.07384300000000000586
160 38.000000 29.000000 0.06983300000000000618
161 29.000000 23.000000 0.06174500000000000127
162 32.000000 29.000000 0.03859599999999999836
163 32.000000 29.000000 0.02895000000000000004
164 33.000000 28.000000 0.05329400000000000109
165 44.000000 33.000000 0.03563199999999999701
166 32.000000 26.000000 0.03306200000000000111
167 44.000000 38.000000 0.03630699999999999900
168 42.000000 33.000000 0.03313900000000000179
169 22.000000 19.000000 0.04068499999999999894
170 31.000000 29.000000 0.03409199999999999731
171 36.000000 28.000000 0.03058500000000000107
172 43.000000 33.000000 0.03635300000000000337
173 39.000000 29.000000 0.04231399999999999745
174 46.000000 40.000000 0.02917900000000000008
175 37.000000 29.000000 0.03244199999999999862
176 31.000000 26.000000 0.04704400000000000248
177 38.000000 31.000000 0.02917799999999999908
178 28.000000 24.000000 0.02600099999999999981
179 36.000000 29.000000 0.03645700000000000329
180 34.000000 28.000000 0.04917699999999999849
181 34.000000 27.000000 0.04807600000000000068
182 41.000000 33.000000 0.04484400000000000192
183 46.000000 34.000000 0.03823000000000000009
184 31.000000 28.000000 0.03432899999999999840
185 28.000000 25.000000 0.03276500000000000246
186 43.000000 34.000000 0.05119499999999999745
187 19.000000 17.000000 0.03988400000000000278
188 24.000000 22.000000 0.02719500000000000042
189 39.000000 30.000000 0.02696300000000000086
190 29.000000 25.000000 0.03174799999999999844
191 37.000000 29.000000 0.03312600000000000267
192 31.000000 28.000000 0.05165299999999999753
193 39.000000 29.000000 0.03224899999999999989
194 47.000000 35.000000 0.04292399999999999688
195 16.000000 15.000000 0.04299599999999999950
196 28.000000 24.000000 0.03468500000000000055
197 51.000000 39.000000 0.03811300000000000104
198 35.000000 28.000000 0.07132700000000000151
199 46.000000 42.000000 0.05663800000000000084
200 39.000000 33.000000 0.05849599999999999939
201 28.000000 25.000000 0.06855600000000000582
202 24.000000 20.000000 0.04690799999999999831
203 33.000000 30.000000 0.03835600000000000120
204 30.000000 24.000000 0.02854800000000000046
205 31.000000 29.000000 0.03299699999999999855
206 24.000000 21.000000 0.03107999999999999999
207 33.000000 24.000000 0.03079099999999999893
208 19.000000 18.000000 0.03480599999999999666
209 31.000000 24.000000 0.05358099999999999669
210 30.000000 26.000000 0.05075500000000000150
211 32.000000 26.000000 0.03498799999999999827
212 36.000000 29.000000 0.02868599999999999969
213 29.000000 27.000000 0.06553299999999999403
214 39.000000 31.000000 0.02739199999999999968
215 36.000000 29.000000 0.03195300000000000223
216 27.000000 21.000000 0.03194700000000000317
217 32.000000 25.000000 0.05198500000000000343
218 38.000000 32.000000 0.03089899999999999938
219 23.000000 18.000000 0.03447700000000000070
220 29.000000 25.000000 0.03948900000000000327
221 27.000000 23.000000 0.02918899999999999967
222 49.000000 36.000000 0.05436200000000000060
223 38.000000 29.000000 0.02700699999999999976
224 21.000000 17.000000 0.03315400000000000291
225 44.000000 34.000000 0.03018500000000000003
226 29.000000 24.000000 0.04320600000000000135
227 46.000000 35.000000 0.04208300000000000235
228 31.000000 25.000000 0.03327299999999999702
229 30.000000 26.000000 0.04006699999999999845
230 36.000000 30.000000 0.02904299999999999937
231 36.000000 26.000000 0.02619600000000000053
232 25.000000 20.000000 0.03552500000000000102
233 49.000000 37.000000 0.03162600000000000133
234 43.000000 34.000000 0.03438100000000000184
235 32.000000 27.000000 0.02890699999999999867
236 34.000000 28.000000 0.04778799999999999715
237 28.000000 24.000000 0.04664700000000000096
238 43.000000 36.000000 0.07111299999999999566
239 46.000000 35.000000 0.02477499999999999841
240 38.000000 31.000000 0.07089600000000000068
241 27.000000 24.000000 0.08961600000000000121
242 38.000000 35.000000 0.04486500000000000210
243 27.000000 23.000000 0.04974699999999999955
244 19.000000 18.000000 0.06198200000000000237
245 29.000000 23.000000 0.04013499999999999707
246 23.000000 21.000000 0.03874600000000000266
247 31.000000 22.000000 0.03543600000000000222
248 29.000000 27.000000 0.03354200000000000237
249 32.000000 26.000000 0.02883000000000000146
250 34.000000 27.000000 0.02950799999999999951
251 45.000000 34.000000 0.07224400000000000266
252 30.000000 26.000000 0.02800700000000000064
253 36.000000 28.000000 0.02814099999999999935
254 27.000000 24.000000 0.03547700000000000159
255 22.000000 20.000000 0.03048800000000000121
256 34.000000 30.000000 0.03015899999999999831
257 32.000000 25.000000 0.03437400000000000178
258 39.000000 30.000000 0.03294799999999999812
259 21.000000 18.000000 0.03897400000000000170
260 16.000000 15.000000 0.03677699999999999719
261 20.000000 18.000000 0.03190599999999999686
262 29.000000 24.000000 0.03609199999999999908
263 30.000000 25.000000 0.07184300000000000408
264 32.000000 25.000000 0.06116100000000000009
265 25.000000 23.000000 0.02387699999999999892
266 29.000000 26.000000 0.06194800000000000306
267 29.000000 26.000000 0.02955999999999999947
268 49.000000 38.000000 0.02948599999999999832
269 34.000000 28.000000 0.06390300000000000147
270 29.000000 26.000000 0.04375199999999999922
271 42.000000 33.000000 0.03154900000000000065
272 30.000000 26.000000 0.02856900000000000064
273 24.000000 19.000000 0.05093999999999999917
274 42.000000 31.000000 0.03602600000000000247
275 30.000000 25.000000 0.03117699999999999985
276 30.000000 28.000000 0.02489999999999999852
277 39.000000 33.000000 0.03725400000000000239
278 36.000000 30.000000 0.02878100000000000103
279 25.000000 18.000000 0.02618699999999999847
280 45.000000 31.000000 0.02961899999999999950
281 29.000000 26.000000 0.03128100000000000325
282 36.000000 30.000000 0.03979300000000000198
283 40.000000 32.000000 0.03093100000000000016
284 28.000000 24.000000 0.04548100000000000059
285 27.000000 20.000000 0.03184900000000000231
286 34.000000 27.000000 0.07320300000000000418
287 32.000000 25.000000 0.02735900000000000137
288 33.000000 26.000000 0.04155799999999999772
289 30.000000 24.000000 0.03274500000000000327
290 19.000000 17.000000 0.02793999999999999956
291 31.000000 26.000000 0.03086600000000000107
292 21.000000 16.000000 0.06308400000000000118
293 29.000000 25.000000 0.03504999999999999782
294 29.000000 21.000000 0.04479400000000000048
295 27.000000 23.000000 0.03121300000000000116
296 16.000000 15.000000 0.04112199999999999883
297 24.000000 21.000000 0.03630599999999999800
298 33.000000 25.000000 0.12627900000000000236
299 41.000000 34.000000 0.03101100000000000037
300 45.000000 32.000000 0.02880399999999999974
301 43.000000 33.000000 0.03447700000000000070
302 14.000000 14.000000 0.03118200000000000138
303 19.000000 17.000000 0.03974799999999999861
304 40.000000 33.000000 0.02963700000000000015
305 30.000000 24.000000 0.04190300000000000274
306 32.000000 24.000000 0.02681300000000000003
307 31.000000 21.000000 0.02673499999999999835
308 38.000000 29.000000 0.03630900000000000100
309 24.000000 21.000000 0.04427299999999999985
310 22.000000 19.000000 0.04445899999999999852
311 26.000000 20.000000 0.04483000000000000179
312 37.000000 26.000000 0.03460799999999999987
313 29.000000 25.000000 0.03580300000000000149
314 19.000000 17.000000 0.03100599999999999884
315 29.000000 22.000000 0.03968100000000000099
316 21.000000 20.000000 0.03373500000000000110
317 29.000000 25.000000 0.07729700000000000459
318 36.000000 27.000000 0.03912100000000000299
319 28.000000 24.000000 0.08721600000000000186
320 24.000000 23.000000 0.06896800000000000153
321 40.000000 33.000000 0.02325999999999999943
322 28.000000 25.000000 0.04490700000000000247
323 24.000000 23.000000 0.03454600000000000032
324 28.000000 24.000000 0.06280600000000000072
325 27.000000 24.000000 0.02809199999999999892
326 39.000000 34.000000 0.08475499999999999701
327 31.000000 24.000000 0.03818200000000000066
328 29.000000 24.000000 0.07010600000000000165
329 29.000000 24.000000 0.06361400000000000388
330 33.000000 27.000000 0.03397499999999999826
331 32.000000 27.000000 0.03456900000000000250
332 25.000000 21.000000 0.02812900000000000122
333 29.000000 24.000000 0.03435699999999999865
334 27.000000 23.000000 0.03730100000000000082
335 33.000000 25.000000 0.03184900000000000231
336 33.000000 27.000000 0.02586199999999999957
337 26.000000 21.000000 0.04897900000000000170
338 30.000000 23.000000 0.03658200000000000340
339 21.000000 19.000000 0.04283700000000000008
340 25.000000 22.000000 0.02885499999999999871
341 29.000000 26.000000 0.04080399999999999999
342 33.000000 32.000000 0.03015800000000000078
343 36.000000 32.000000 0.02957200000000000106
344 26.000000 20.000000 0.05632500000000000007
345 31.000000 26.000000 0.02889900000000000108
346 41.000000 30.000000 0.09772999999999999743
347 45.000000 35.000000 0.07879099999999999993
348 33.000000 26.000000 0.06883899999999999741
349 39.000000 30.000000 0.03921800000000000286
350 41.000000 34.000000 0.04252299999999999830
351 32.000000 25.000000 0.02962700000000000056
352 28.000000 28.000000 0.02360200000000000145
353 25.000000 22.000000 0.04076899999999999968
354 27.000000 21.000000 0.03100299999999999931
355 30.000000 25.000000 0.03277200000000000252
356 32.000000 25.000000 0.03454999999999999738
357 30.000000 24.000000 0.02075600000000000014
358 23.000000 17.000000 0.03337899999999999895
359 35.000000 30.000000 0.03104099999999999915
360 28.000000 24.000000 0.05303499999999999881
361 37.000000 26.000000 0.04991999999999999910
362 33.000000 25.000000 0.03658900000000000347
363 43.000000 32.000000 0.04119199999999999945
364 28.000000 22.000000 0.04585800000000000293
365 46.000000 34.000000 0.07021800000000000264
366 49.000000 40.000000 0.04809000000000000080
367 27.000000 19.000000 0.04342900000000000232
368 36.000000 29.000000 0.03660599999999999965
369 29.000000 25.000000 0.06601899999999999435
370 39.000000 29.000000 0.08045800000000000174
371 46.000000 38.000000 0.05694699999999999762
372 25.000000 20.000000 0.03551200000000000190
373 32.000000 26.000000 0.03716200000000000059
374 39.000000 31.000000 0.02121899999999999828
375 34.000000 28.000000 0.03195900000000000130
376 29.000000 26.000000 0.03108199999999999852
377 40.000000 30.000000 0.03349499999999999700
378 22.000000 21.000000 0.02960899999999999990
379 16.000000 15.000000 0.03077200000000000074
380 36.000000 27.000000 0.03859599999999999836
381 21.000000 19.000000 0.03683299999999999769
382 26.000000 25.000000 0.03359800000000000286
383 54.000000 38.000000 0.02927300000000000041
384 48.000000 36.000000 0.03150900000000000228
385 32.000000 29.000000 0.02085899999999999907
386 29.000000 23.000000 0.03157999999999999696
387 44.000000 32.000000 0.03354300000000000337
388 37.000000 30.000000 0.02708500000000000144
389 23.000000 20.000000 0.03793200000000000044
390 36.000000 28.000000 0.02161499999999999880
391 37.000000 32.000000 0.02984699999999999853
392 40.000000 33.000000 0.05085200000000000137
393 45.000000 33.000000 0.03604399999999999965
394 33.000000 27.000000 0.03025299999999999864
395 33.000000 29.000000 0.02802800000000000083
396 27.000000 23.000000 0.03562499999999999695
397 29.000000 27.000000 0.03367599999999999760
398 17.000000 16.000000 0.05130300000000000138
399 27.000000 23.000000 0.02877800000000000150
400 30.000000 25.000000 0.02704000000000000153
401 29.000000 27.000000 0.03204699999999999910
402 41.000000 37.000000 0.07396400000000000197
403 46.000000 37.000000 0.08130900000000000627
404 38.000000 31.000000 0.04288899999999999657
405 33.000000 27.000000 0.02949500000000000038
406 32.000000 29.000000 0.03604299999999999865
407 40.000000 30.000000 0.04102700000000000097
408 23.000000 20.000000 0.03810899999999999704
409 18.000000 17.000000 0.02554400000000000073
410 25.000000 22.000000 0.04427999999999999992
411 30.000000 24.000000 0.07630900000000000183
412 26.000000 22.000000 0.04395299999999999901
413 21.000000 18.000000 0.04032700000000000173
414 24.000000 21.000000 0.03613999999999999851
415 32.000000 28.000000 0.02603899999999999965
416 27.000000 25.000000 0.03383599999999999802
417 28.000000 24.000000 0.03030000000000000054
418 35.000000 27.000000 0.03693799999999999861
419 31.000000 27.000000 0.06158399999999999985
420 34.000000 29.000000 0.04772499999999999659
