1 283.000000 232.000000 23.40677000000000163027
2 273.000000 218.000000 6.66695100000000007157
3 316.000000 254.000000 7.93615899999999996339
4 281.000000 241.000000 3.30076899999999984203
5 383.000000 301.000000 17.97142099999999942384
6 260.000000 206.000000 2.87687900000000018608
7 272.000000 218.000000 6.12592800000000003990
8 340.000000 263.000000 15.62170000000000058549
9 344.000000 250.000000 7.26136900000000018451
10 337.000000 244.000000 15.27314499999999952706
11 222.000000 176.000000 15.12997099999999939257
12 294.000000 232.000000 68.54140999999999905867
13 303.000000 230.000000 4.69909900000000035902
14 226.000000 189.000000 22.89588900000000037949
15 321.000000 245.000000 9.70034700000000071896
16 240.000000 188.000000 9.09062400000000003786
17 293.000000 228.000000 14.35935899999999953991
18 261.000000 213.000000 12.48669300000000070838
19 228.000000 187.000000 10.35450499999999962597
20 343.000000 259.000000 58.40385899999999708143
21 268.000000 213.000000 4.24636600000000008492
22 229.000000 199.000000 7.83197399999999976927
23 279.000000 212.000000 12.13695500000000038199
24 260.000000 205.000000 16.29155700000000095429
25 353.000000 274.000000 4.25681099999999990047
26 311.000000 229.000000 3.11019200000000006767
27 428.000000 333.000000 3.06449000000000015831
28 293.000000 228.000000 29.27749199999999873967
29 254.000000 207.000000 2.97372499999999995168
30 327.000000 272.000000 2.46024699999999985067
31 299.000000 247.000000 3.17960900000000012966
32 156.000000 124.000000 34.44541000000000252612
33 182.000000 153.000000 3.89804700000000003968
34 325.000000 261.000000 1.68720699999999990126
35 300.000000 242.000000 3.46981999999999990436
36 313.000000 233.000000 33.10331200000000251293
37 250.000000 192.000000 52.87207999999999685770
38 285.000000 225.000000 4.97274900000000030786
39 322.000000 272.000000 3.51593599999999995021
40 346.000000 278.000000 3.30762899999999993028
41 312.000000 263.000000 2.33169499999999985107
42 214.000000 186.000000 15.05927400000000027092
43 256.000000 196.000000 3.41226200000000012835
44 259.000000 212.000000 8.73398399999999952570
45 191.000000 167.000000 3.08240399999999992176
46 270.000000 225.000000 13.93961000000000005627
47 296.000000 231.000000 19.36331699999999855777
48 329.000000 267.000000 3.67106900000000013762
49 213.000000 185.000000 9.11274399999999928923
50 278.000000 221.000000 67.80675700000000460932
51 265.000000 218.000000 4.18338099999999979417
52 232.000000 196.000000 3.07648499999999991417
53 270.000000 222.000000 10.28625100000000003320
54 352.000000 268.000000 12.53244399999999991735
55 256.000000 204.000000 3.67339299999999990831
56 366.000000 297.000000 14.50934900000000027376
57 273.000000 218.000000 10.06323300000000031673
58 406.000000 309.000000 21.64761199999999874422
59 281.000000 228.000000 14.70717800000000075045
60 243.000000 195.000000 6.98974399999999995714
61 304.000000 244.000000 5.22688000000000041467
62 247.000000 193.000000 4.43037700000000000955
63 286.000000 240.000000 2.79366899999999995785
64 340.000000 273.000000 5.87341400000000035675
65 186.000000 140.000000 29.65898100000000070509
66 315.000000 231.000000 27.31374500000000082878
67 304.000000 257.000000 8.69772599999999940223
68 249.000000 204.000000 2.76259500000000013387
69 221.000000 184.000000 4.01151199999999974466
70 250.000000 212.000000 10.32287299999999952149
71 355.000000 255.000000 32.47029500000000012960
72 339.000000 278.000000 23.68976599999999876900
73 320.000000 254.000000 7.75305900000000036698
74 247.000000 209.000000 7.21926999999999985391
75 326.000000 256.000000 2.23938799999999993418
76 292.000000 226.000000 2.15415799999999979519
77 313.000000 252.000000 20.27729300000000023374
78 259.000000 215.000000 3.99281899999999989603
79 312.000000 249.000000 3.24992899999999984573
80 324.000000 251.000000 1.58772200000000007769
81 216.000000 181.000000 10.33246800000000042985
82 298.000000 254.000000 10.97830199999999933880
83 313.000000 247.000000 7.04620400000000035590
84 329.000000 243.000000 17.00845699999999993679
85 320.000000 257.000000 11.88352100000000000080
86 309.000000 236.000000 8.40344100000000082673
87 176.000000 131.000000 74.91459899999999549891
88 368.000000 292.000000 8.99517499999999969873
89 171.000000 133.000000 4.36239699999999963609
90 266.000000 214.000000 2.57271699999999992059
91 293.000000 225.000000 43.41094499999999811735
92 354.000000 279.000000 20.62704000000000092996
93 262.000000 218.000000 8.99681700000000006412
94 400.000000 317.000000 1.54332200000000008266
95 218.000000 182.000000 10.52425200000000060641
96 274.000000 225.000000 10.45087599999999916633
97 193.000000 164.000000 6.63660099999999975040
98 274.000000 210.000000 2.49551500000000014978
99 273.000000 238.000000 6.38683800000000001518
100 187.000000 160.000000 10.53556999999999987949
101 303.000000 240.000000 2.75641500000000005954
102 283.000000 228.000000 19.32766300000000114778
103 252.000000 203.000000 6.53533499999999989427
104 283.000000 216.000000 9.51435200000000058651
105 256.000000 214.000000 2.94137700000000013034
106 306.000000 247.000000 6.34117700000000006355
107 316.000000 257.000000 5.95957199999999964746
108 273.000000 228.000000 30.51281000000000176442
109 274.000000 224.000000 5.40435399999999965814
110 306.000000 232.000000 30.01663699999999934676
111 347.000000 266.000000 2.93560299999999996245
112 288.000000 243.000000 2.70004899999999992133
113 257.000000 209.000000 12.14706200000000002603
114 142.000000 111.000000 17.65537199999999984357
115 389.000000 315.000000 1.61726900000000006763
116 350.000000 294.000000 1.14341899999999996318
117 239.000000 208.000000 1.85334599999999993791
118 290.000000 245.000000 5.89085199999999975518
119 280.000000 224.000000 7.34109500000000014808
120 376.000000 289.000000 3.16483200000000008956
121 286.000000 233.000000 1.79576599999999997337
122 294.000000 234.000000 1.89343599999999989691
123 268.000000 216.000000 3.28999599999999992050
124 319.000000 263.000000 3.88598599999999994026
125 366.000000 281.000000 0.56952499999999994795
126 347.000000 292.000000 1.38179000000000007375
127 202.000000 168.000000 18.02677399999999963143
128 318.000000 260.000000 3.44717699999999993565
129 288.000000 227.000000 31.12699399999999982924
130 387.000000 300.000000 9.78634699999999924103
131 406.000000 318.000000 19.36974800000000129785
132 291.000000 230.000000 3.51046199999999997132
133 289.000000 227.000000 25.13532500000000169393
134 237.000000 192.000000 7.12444699999999997431
135 324.000000 241.000000 4.80436200000000024346
136 392.000000 309.000000 5.56103400000000025472
137 267.000000 216.000000 23.78694000000000130512
138 266.000000 216.000000 6.61444200000000037676
139 268.000000 211.000000 20.45966500000000110049
140 325.000000 271.000000 8.48654900000000012028
141 206.000000 159.000000 19.72055599999999841998
142 234.000000 196.000000 10.62949099999999980071
143 179.000000 162.000000 5.35097199999999961761
144 231.000000 188.000000 1.84194600000000008322
145 260.000000 222.000000 2.43734099999999997976
146 240.000000 194.000000 7.92380999999999957595
147 419.000000 318.000000 2.71001300000000000523
148 340.000000 250.000000 0.97358699999999998020
149 173.000000 150.000000 28.77660399999999896181
150 294.000000 232.000000 1.62867399999999995508
151 203.000000 161.000000 12.54195600000000077046
152 290.000000 229.000000 4.70312500000000000000
153 290.000000 226.000000 7.16676900000000038915
154 297.000000 235.000000 8.08410100000000042542
155 233.000000 184.000000 54.14761599999999930333
156 366.000000 281.000000 48.90974800000000044520
157 331.000000 257.000000 6.12906900000000032236
158 362.000000 281.000000 1.79326099999999999390
159 135.000000 121.000000 7.67083899999999996311
160 231.000000 185.000000 2.60014300000000009305
161 278.000000 217.000000 6.09526900000000004809
162 412.000000 311.000000 2.72160599999999996967
163 333.000000 257.000000 1.81129800000000007465
164 301.000000 229.000000 65.88025299999999617739
165 386.000000 281.000000 2.29410600000000020060
166 189.000000 172.000000 3.06073899999999987642
167 293.000000 229.000000 7.32003299999999956782
168 313.000000 253.000000 3.27176199999999983703
169 323.000000 248.000000 6.25839500000000015234
170 301.000000 264.000000 9.48422200000000081843
171 363.000000 260.000000 49.54772799999999932652
172 214.000000 172.000000 26.25354000000000098680
173 280.000000 236.000000 1.69214299999999995272
174 241.000000 188.000000 18.27934499999999928832
175 263.000000 216.000000 15.07101699999999944168
176 245.000000 192.000000 3.88002599999999997493
177 237.000000 196.000000 19.58142799999999894567
178 162.000000 126.000000 10.42475699999999960710
179 284.000000 232.000000 11.73860600000000076193
180 298.000000 230.000000 38.50956699999999699457
181 272.000000 212.000000 3.54650199999999982126
182 237.000000 193.000000 6.67581299999999977501
183 359.000000 283.000000 3.48299799999999981637
184 197.000000 174.000000 3.83322900000000021947
185 227.000000 183.000000 5.49320300000000028007
186 203.000000 173.000000 14.09115899999999932390
187 366.000000 279.000000 29.35309799999999924580
188 316.000000 258.000000 12.51850300000000082434
189 408.000000 313.000000 2.09505900000000000460
190 272.000000 221.000000 3.61540999999999979053
191 397.000000 311.000000 3.12607299999999987961
192 262.000000 209.000000 14.32638599999999939882
193 303.000000 253.000000 3.25613799999999997681
194 216.000000 187.000000 2.60731799999999980244
195 248.000000 198.000000 2.87226200000000009283
196 214.000000 179.000000 32.83467600000000174987
197 271.000000 214.000000 5.23815700000000017411
198 364.000000 276.000000 5.59620799999999984919
199 313.000000 256.000000 3.01715899999999992431
200 307.000000 230.000000 1.50467400000000006699
201 278.000000 228.000000 7.51953600000000044190
202 296.000000 243.000000 2.99385499999999993292
203 249.000000 195.000000 15.18927399999999927616
204 284.000000 229.000000 3.25475199999999986744
205 336.000000 271.000000 4.86123800000000017008
206 314.000000 256.000000 57.51661099999999748889
207 323.000000 252.000000 3.97678699999999984982
208 254.000000 205.000000 3.33821499999999993236
209 303.000000 260.000000 5.31850199999999961875
210 353.000000 270.000000 5.12169999999999969731
211 353.000000 275.000000 9.98622600000000026910
212 338.000000 281.000000 5.73372300000000034714
213 228.000000 179.000000 4.52215699999999998226
214 281.000000 234.000000 7.29447899999999993526
215 157.000000 133.000000 4.42170899999999988950
216 239.000000 198.000000 36.79640100000000302316
217 299.000000 229.000000 5.16828299999999973835
218 323.000000 260.000000 53.39773600000000186583
219 176.000000 144.000000 6.65264900000000025670
220 282.000000 219.000000 3.45414399999999988111
221 257.000000 209.000000 4.54635799999999967724
222 345.000000 263.000000 32.20321299999999808961
223 299.000000 252.000000 7.00926899999999974966
224 257.000000 206.000000 4.99591199999999968639
225 368.000000 295.000000 3.87754999999999983018
226 332.000000 261.000000 4.14196100000000022590
227 289.000000 237.000000 54.49607199999999807005
228 347.000000 259.000000 13.67951500000000031321
229 271.000000 221.000000 4.79723100000000002296
230 254.000000 194.000000 2.99334500000000014452
231 310.000000 251.000000 3.81192200000000003257
232 256.000000 199.000000 7.08204100000000025261
233 282.000000 239.000000 2.73179000000000016257
234 348.000000 280.000000 2.51422599999999984988
235 383.000000 306.000000 2.94419599999999981321
236 248.000000 194.000000 7.58750299999999988643
237 286.000000 224.000000 14.70876600000000067325
238 373.000000 287.000000 4.82104300000000041138
239 224.000000 189.000000 5.25854100000000013182
240 236.000000 195.000000 3.46974600000000021893
241 173.000000 151.000000 26.72012300000000095679
242 439.000000 324.000000 33.43470899999999801366
243 271.000000 227.000000 9.63728200000000079228
244 201.000000 170.000000 10.64471799999999923614
245 303.000000 251.000000 21.36019900000000149021
246 262.000000 199.000000 14.05631200000000013972
247 284.000000 225.000000 9.12228600000000078296
248 241.000000 205.000000 11.95496900000000017883
249 253.000000 193.000000 15.67329200000000000159
250 222.000000 182.000000 10.05073600000000055843
251 190.000000 145.000000 8.25181700000000084572
252 269.000000 225.000000 18.99812000000000011823
253 383.000000 294.000000 1.47107900000000002549
254 282.000000 216.000000 35.31092799999999698457
255 281.000000 224.000000 25.87611700000000070077
256 388.000000 290.000000 93.98744399999999643569
257 242.000000 196.000000 2.04142899999999993810
258 222.000000 178.000000 21.38075600000000164869
259 212.000000 175.000000 8.00921800000000061459
260 320.000000 257.000000 3.65409700000000015052
261 224.000000 188.000000 3.65505300000000010741
262 182.000000 145.000000 3.11634600000000006048
263 283.000000 219.000000 5.68863099999999999312
264 302.000000 257.000000 4.04388699999999978729
265 298.000000 230.000000 46.23853900000000294312
266 219.000000 180.000000 5.45824100000000012045
267 152.000000 119.000000 12.14517599999999930560
268 267.000000 222.000000 1.80494200000000004636
269 235.000000 194.000000 7.42282200000000003115
270 349.000000 276.000000 1.62806500000000009543
271 208.000000 177.000000 5.49936600000000019861
272 204.000000 152.000000 72.76839499999999816282
273 345.000000 280.000000 7.14930100000000035010
274 329.000000 258.000000 29.76675200000000032219
275 285.000000 225.000000 0.61062000000000005162
276 319.000000 259.000000 2.20835099999999995291
277 390.000000 310.000000 23.29762200000000049727
278 269.000000 216.000000 5.52024899999999973943
279 262.000000 224.000000 4.51947000000000009834
280 349.000000 272.000000 6.97270099999999981577
281 177.000000 155.000000 4.72634299999999996089
282 276.000000 222.000000 2.94785200000000013887
283 306.000000 223.000000 37.68811500000000336286
284 238.000000 199.000000 7.34245999999999998664
285 244.000000 184.000000 18.42228599999999971715
286 274.000000 216.000000 5.80570300000000028007
287 347.000000 281.000000 19.67220500000000171781
288 232.000000 189.000000 2.29629400000000005733
289 292.000000 236.000000 3.42761400000000016064
290 308.000000 239.000000 12.00615200000000015734
291 243.000000 208.000000 13.42759900000000072851
292 215.000000 185.000000 3.49768400000000001526
293 255.000000 208.000000 14.83418099999999917316
294 230.000000 184.000000 5.32972999999999963450
295 160.000000 144.000000 2.12050599999999977996
296 297.000000 225.000000 8.21844100000000032935
297 306.000000 250.000000 2.88220099999999979090
298 276.000000 225.000000 7.40155899999999977723
299 223.000000 186.000000 9.08388500000000043144
300 294.000000 226.000000 0.54652000000000000579
301 213.000000 178.000000 15.80362500000000025580
302 314.000000 246.000000 1.97791500000000008974
303 264.000000 217.000000 7.01550299999999982248
304 336.000000 266.000000 13.37125499999999966860
305 273.000000 239.000000 2.98530799999999985062
306 435.000000 337.000000 3.61025000000000018119
307 226.000000 186.000000 12.17118299999999919692
308 262.000000 208.000000 23.41658699999999981856
309 202.000000 165.000000 25.40455000000000040927
310 285.000000 212.000000 26.51489499999999921442
311 231.000000 196.000000 3.36072099999999984732
312 204.000000 180.000000 10.18065200000000025682
313 285.000000 219.000000 18.75182900000000074670
314 252.000000 210.000000 4.54274399999999989319
315 250.000000 212.000000 9.62269000000000040984
316 356.000000 279.000000 4.17058499999999998664
317 313.000000 248.000000 6.22526600000000041035
318 288.000000 237.000000 7.08276699999999959090
319 320.000000 235.000000 23.09865800000000035652
320 373.000000 280.000000 28.69340100000000148839
321 243.000000 195.000000 7.67812499999999964473
322 207.000000 183.000000 4.07457400000000014018
323 334.000000 252.000000 11.33729399999999998272
324 216.000000 177.000000 7.99229099999999981208
325 308.000000 265.000000 4.32801300000000033208
326 284.000000 239.000000 1.91753200000000001424
327 351.000000 286.000000 1.51683900000000004837
328 369.000000 288.000000 5.90399500000000010402
329 330.000000 252.000000 133.29846499999999309694
330 334.000000 254.000000 26.75921800000000061459
331 249.000000 199.000000 2.47131400000000001071
332 201.000000 151.000000 30.35839599999999904867
333 280.000000 213.000000 9.21331099999999914019
334 261.000000 200.000000 7.40218600000000037653
335 283.000000 237.000000 9.84981499999999954298
336 152.000000 125.000000 4.78474600000000016564
337 272.000000 199.000000 4.92536400000000007537
338 208.000000 164.000000 23.15317599999999842453
339 303.000000 246.000000 10.42811000000000021259
340 329.000000 266.000000 3.54688200000000009027
341 287.000000 226.000000 16.40051000000000058776
342 370.000000 290.000000 35.60307600000000149976
343 282.000000 225.000000 3.73166900000000012483
344 325.000000 260.000000 1.47798600000000002197
345 268.000000 236.000000 3.62524099999999993571
346 304.000000 258.000000 2.32211400000000001143
347 309.000000 238.000000 28.13141299999999844772
348 278.000000 222.000000 14.69396899999999916986
349 330.000000 280.000000 2.55089699999999997004
350 369.000000 300.000000 2.00169499999999978002
351 214.000000 163.000000 9.63391799999999953741
352 211.000000 170.000000 11.30405099999999940508
353 329.000000 251.000000 6.86611800000000016553
354 381.000000 305.000000 5.62079899999999987870
355 270.000000 215.000000 8.04182899999999989404
356 326.000000 271.000000 2.99203399999999986036
357 354.000000 290.000000 30.84546999999999883357
358 297.000000 236.000000 4.66739200000000042934
359 339.000000 250.000000 22.69375099999999889633
360 256.000000 220.000000 2.86619599999999996598
361 239.000000 183.000000 4.50673200000000040433
362 347.000000 269.000000 6.67654299999999967241
363 330.000000 245.000000 6.18751599999999957191
364 257.000000 206.000000 8.47968700000000019656
365 201.000000 164.000000 7.94840899999999983550
366 162.000000 141.000000 4.19315399999999982583
367 243.000000 197.000000 7.69841900000000034510
368 277.000000 224.000000 20.33719400000000021578
369 331.000000 283.000000 2.78164800000000012048
370 308.000000 259.000000 2.79270500000000021501
371 257.000000 215.000000 16.40012899999999973488
372 259.000000 202.000000 2.61152600000000001401
373 216.000000 174.000000 9.70458200000000026364
374 186.000000 144.000000 7.73286500000000032173
375 230.000000 186.000000 10.69181500000000006878
376 311.000000 247.000000 17.84312999999999860279
377 197.000000 163.000000 13.39171200000000006014
378 360.000000 283.000000 6.46113400000000037693
379 308.000000 246.000000 2.39418599999999992534
380 231.000000 201.000000 4.99917799999999967753
381 197.000000 163.000000 4.32986499999999985278
382 313.000000 259.000000 0.66743099999999999650
383 148.000000 126.000000 5.20057300000000033435
384 300.000000 237.000000 16.56838099999999869283
385 239.000000 200.000000 1.74568199999999995597
386 206.000000 173.000000 10.78761399999999959221
387 289.000000 232.000000 5.67194299999999973494
388 350.000000 283.000000 1.74127399999999998847
389 389.000000 304.000000 2.50322099999999991837
390 234.000000 192.000000 14.12014100000000027535
391 228.000000 198.000000 8.42110899999999951149
392 252.000000 198.000000 2.06488000000000004874
393 146.000000 114.000000 39.88998200000000338150
394 228.000000 176.000000 9.10138800000000003365
395 299.000000 260.000000 7.18811999999999962085
396 243.000000 200.000000 3.37528799999999984394
397 144.000000 119.000000 8.85947799999999929810
398 197.000000 170.000000 3.37120800000000020447
399 393.000000 299.000000 3.84123200000000020182
400 301.000000 243.000000 5.38915300000000030423
401 202.000000 168.000000 3.95156499999999999417
402 261.000000 215.000000 12.44628200000000006753
403 222.000000 193.000000 7.26986799999999977473
404 334.000000 262.000000 15.55406100000000080286
405 373.000000 292.000000 4.87879199999999979553
406 316.000000 261.000000 16.18778199999999856118
407 291.000000 238.000000 3.79030999999999984595
408 336.000000 259.000000 3.33366000000000006764
409 334.000000 270.000000 1.55795599999999989649
410 212.000000 174.000000 3.01664200000000004565
411 298.000000 248.000000 10.61629100000000036630
412 351.000000 280.000000 8.25339300000000086754
413 190.000000 152.000000 12.16344299999999911677
414 233.000000 190.000000 5.12312299999999964939
415 226.000000 183.000000 15.08270800000000022578
416 251.000000 207.000000 10.08124800000000043099
417 220.000000 184.000000 15.89320299999999974716
418 206.000000 169.000000 25.60750900000000029877
419 243.000000 210.000000 15.37454299999999918214
420 272.000000 225.000000 3.12501899999999999125
