1 586.000000 466.000000 317.36187999999998510248
2 662.000000 533.000000 193.52727799999999547254
3 679.000000 530.000000 309.85509799999999813735
4 641.000000 521.000000 77.26333499999999787633
5 809.000000 633.000000 101.94105799999999817373
7 792.000000 620.000000 111.88701399999999352985
8 572.000000 454.000000 570.75230899999996836414
9 406.000000 317.000000 704.41483100000004924368
10 723.000000 547.000000 150.29878299999998603198
11 422.000000 347.000000 146.70190199999998981184
12 694.000000 553.000000 138.49166399999998589010
13 607.000000 508.000000 178.50220699999999851570
14 655.000000 525.000000 193.83751899999998613566
15 477.000000 421.000000 42.99413700000000204682
16 803.000000 623.000000 581.40861800000004677713
18 717.000000 591.000000 808.99022999999999683496
19 510.000000 424.000000 82.06369800000000225282
20 528.000000 428.000000 23.92305199999999842930
21 645.000000 521.000000 324.86831699999999045758
22 594.000000 505.000000 41.75144300000000185946
23 483.000000 402.000000 153.49006299999999214378
24 664.000000 523.000000 59.17761699999999791544
25 630.000000 477.000000 201.99347000000000207365
26 426.000000 360.000000 146.40052499999998758540
27 697.000000 546.000000 68.18507599999999513329
28 422.000000 353.000000 625.94225800000003800960
29 362.000000 296.000000 194.55439799999999195279
30 567.000000 469.000000 87.04092199999999479587
31 581.000000 478.000000 216.67514900000000466207
32 457.000000 372.000000 163.88768799999999714601
34 613.000000 477.000000 215.59122800000000097498
35 582.000000 453.000000 435.59226200000000517321
36 778.000000 668.000000 29.61724999999999852207
38 762.000000 596.000000 258.23714200000000573709
39 638.000000 489.000000 58.00550100000000242062
40 448.000000 378.000000 255.80269599999999741158
41 640.000000 524.000000 54.36413699999999948886
42 758.000000 606.000000 42.39120100000000235241
43 693.000000 556.000000 206.93561700000000769251
44 561.000000 455.000000 58.40283999999999764441
45 865.000000 683.000000 180.35807299999999031570
46 648.000000 531.000000 106.10661299999999584998
47 637.000000 504.000000 169.43815200000000231739
48 570.000000 476.000000 49.93789300000000253021
49 929.000000 723.000000 327.90326599999997370105
50 654.000000 547.000000 66.71245299999999645024
51 540.000000 415.000000 242.97851099999999746615
52 579.000000 511.000000 47.55486799999999902866
53 693.000000 555.000000 77.14826399999999750889
54 743.000000 617.000000 109.86906100000000208183
55 872.000000 686.000000 468.92742399999997360283
56 840.000000 638.000000 100.99320199999999658758
57 383.000000 292.000000 553.34435699999994540121
58 638.000000 512.000000 217.44118100000000026739
60 635.000000 529.000000 220.86171300000000883301
62 907.000000 694.000000 141.20950400000000968248
63 522.000000 440.000000 225.08686900000000719047
64 518.000000 426.000000 248.28586699999999609645
65 570.000000 472.000000 116.85617100000000334603
67 667.000000 531.000000 132.49048300000001177068
68 636.000000 509.000000 281.43342300000000477667
69 434.000000 368.000000 127.39109700000000202635
70 378.000000 330.000000 178.99837899999999990541
71 614.000000 485.000000 292.65645000000000663931
73 547.000000 459.000000 176.67413700000000176260
75 626.000000 524.000000 104.27098700000000519594
76 340.000000 286.000000 191.53250800000000708678
77 952.000000 718.000000 201.94766300000000569526
78 470.000000 381.000000 210.67687599999999292777
79 851.000000 640.000000 139.51941899999999918691
80 664.000000 530.000000 610.64275199999997312261
81 455.000000 400.000000 30.39357400000000097862
83 636.000000 527.000000 167.23930200000000922955
84 417.000000 336.000000 257.99216000000001258741
85 679.000000 541.000000 749.06436900000005607581
86 568.000000 481.000000 285.00884200000001555964
87 584.000000 494.000000 95.07794599999999718420
88 690.000000 515.000000 1213.58529599999997117266
89 524.000000 440.000000 28.90945699999999973784
90 489.000000 407.000000 76.53420500000000004093
91 637.000000 502.000000 62.24749700000000274258
92 676.000000 543.000000 197.63761299999998755084
93 703.000000 580.000000 924.73447799999996732367
94 738.000000 600.000000 1130.13440500000001520675
95 599.000000 458.000000 41.27738999999999691681
97 475.000000 401.000000 580.17669899999998506246
98 540.000000 462.000000 239.33575500000000602085
99 641.000000 510.000000 1143.22983900000008361530
100 422.000000 347.000000 23.80213099999999926126
101 783.000000 624.000000 23.51371299999999919805
102 623.000000 494.000000 232.80299899999999979627
103 555.000000 417.000000 162.58750800000001390799
104 768.000000 592.000000 194.24508199999999646934
105 685.000000 579.000000 39.42958300000000093632
106 693.000000 561.000000 268.56594100000000935324
107 843.000000 643.000000 82.12839999999999918145
108 752.000000 618.000000 39.20586699999999780175
110 573.000000 483.000000 71.38513799999999775991
111 627.000000 521.000000 222.79845499999998992280
112 592.000000 483.000000 171.60254100000000221371
114 701.000000 596.000000 114.39922300000000632281
115 624.000000 515.000000 29.43179599999999851434
116 713.000000 557.000000 167.08221399999999334796
117 361.000000 310.000000 71.00910899999999514876
118 481.000000 380.000000 401.65614399999998340718
119 623.000000 480.000000 709.06235300000003007881
121 781.000000 609.000000 183.42029299999998670501
122 791.000000 642.000000 24.33794100000000071304
123 661.000000 547.000000 25.72550299999999978695
125 802.000000 646.000000 198.83395899999999301144
126 569.000000 457.000000 24.31076300000000145474
127 533.000000 435.000000 258.59994000000000369255
128 456.000000 388.000000 468.11372199999999565989
130 553.000000 428.000000 216.01370099999999752072
131 570.000000 468.000000 323.62961000000001376975
133 445.000000 382.000000 158.59826400000000035106
134 777.000000 606.000000 19.55420300000000111140
135 661.000000 556.000000 47.92568700000000347927
136 409.000000 340.000000 186.29150400000000331602
137 426.000000 348.000000 237.04718299999998976091
138 617.000000 505.000000 974.83008800000004612230
139 611.000000 521.000000 71.20782099999999559259
140 809.000000 662.000000 11.08152499999999918145
141 749.000000 611.000000 8.18918599999999941019
143 722.000000 572.000000 367.19686200000001008448
144 450.000000 371.000000 721.89821400000005269249
145 542.000000 454.000000 165.96496899999999641295
146 809.000000 633.000000 230.25334200000000350883
147 663.000000 560.000000 71.12448399999999537613
148 506.000000 429.000000 183.86415199999999003921
149 728.000000 582.000000 39.89024899999999718148
151 476.000000 394.000000 360.53840900000000146974
152 665.000000 529.000000 162.71401299999999423562
153 556.000000 452.000000 95.39127200000000073032
155 448.000000 378.000000 265.55156899999997222039
156 413.000000 342.000000 116.57741699999999696047
157 485.000000 405.000000 126.86626200000000608270
158 503.000000 407.000000 629.43163100000003851164
159 674.000000 534.000000 70.23678300000000263026
160 652.000000 520.000000 180.35757200000000466389
161 487.000000 399.000000 315.06341500000002042725
162 915.000000 665.000000 621.35432800000000952423
163 716.000000 539.000000 981.92426499999999123247
164 658.000000 517.000000 378.54498100000000704313
165 608.000000 505.000000 101.13842400000000054661
167 531.000000 430.000000 352.96256299999998873318
168 663.000000 554.000000 99.62330099999999788452
169 590.000000 476.000000 148.21452800000000138425
171 633.000000 513.000000 99.49405500000000301952
172 853.000000 679.000000 19.34867099999999950910
173 328.000000 274.000000 54.25488299999999952661
174 564.000000 454.000000 373.69999000000001387889
175 545.000000 441.000000 16.50664599999999992974
176 357.000000 301.000000 132.43500599999998712519
177 609.000000 495.000000 281.24724700000001575972
178 802.000000 623.000000 60.21895899999999812735
179 386.000000 325.000000 549.09546299999999519059
180 583.000000 478.000000 127.85312600000000315958
182 493.000000 392.000000 515.38356199999998352723
183 581.000000 491.000000 432.26993700000002718298
184 822.000000 623.000000 452.77028699999999616921
185 806.000000 599.000000 407.05674199999998563726
188 515.000000 406.000000 154.38200100000000247746
189 501.000000 420.000000 369.44082200000002558227
190 640.000000 546.000000 89.39189600000000268665
191 622.000000 512.000000 13.59103900000000031412
192 660.000000 544.000000 47.28610599999999664078
193 850.000000 640.000000 307.72368999999997640771
195 606.000000 461.000000 532.39036199999998189014
197 513.000000 430.000000 276.62882999999999356078
198 708.000000 555.000000 971.72866699999997308623
199 625.000000 515.000000 204.49321599999998966268
200 500.000000 402.000000 150.73212100000000646105
201 416.000000 333.000000 998.94303700000000389991
202 642.000000 493.000000 791.67389100000002599700
203 792.000000 624.000000 57.73714999999999974989
204 636.000000 502.000000 333.73560300000002598608
205 670.000000 557.000000 103.62795500000000004093
207 471.000000 399.000000 240.61430400000000418004
208 553.000000 476.000000 269.49542000000002417437
210 590.000000 499.000000 146.95610999999999535248
211 318.000000 267.000000 226.65444700000000466389
212 620.000000 517.000000 187.00719499999999584361
213 395.000000 348.000000 86.21327599999999335978
