MATLAB is running in headless mode.  Figure windows will not be displayed.
1 1 8.000000 8.000000 0.000000
1 2 10.000000 9.000000 0.100000
1 3 9.000000 9.000000 0.000000
1 4 9.000000 9.000000 0.000000
1 5 10.000000 9.000000 0.100000
1 6 8.000000 8.000000 0.000000
1 7 8.000000 8.000000 0.000000
1 8 9.000000 8.000000 0.111111
1 9 9.000000 8.000000 0.111111
1 10 8.000000 8.000000 0.000000
1 11 10.000000 9.000000 0.100000
1 12 7.000000 7.000000 0.000000
1 13 7.000000 7.000000 0.000000
1 14 10.000000 9.000000 0.100000
1 15 7.000000 7.000000 0.000000
1 16 9.000000 9.000000 0.000000
1 17 7.000000 7.000000 0.000000
1 18 8.000000 8.000000 0.000000
1 19 8.000000 8.000000 0.000000
1 20 8.000000 8.000000 0.000000
1 21 8.000000 8.000000 0.000000
1 22 10.000000 9.000000 0.100000
1 23 11.000000 9.000000 0.181818
1 24 7.000000 7.000000 0.000000
1 25 8.000000 8.000000 0.000000
1 26 8.000000 8.000000 0.000000
1 27 7.000000 7.000000 0.000000
1 28 10.000000 8.000000 0.200000
1 29 9.000000 8.000000 0.111111
1 30 8.000000 8.000000 0.000000
1 31 7.000000 7.000000 0.000000
1 32 7.000000 7.000000 0.000000
1 33 7.000000 7.000000 0.000000
1 34 9.000000 9.000000 0.000000
1 35 8.000000 8.000000 0.000000
1 36 8.000000 8.000000 0.000000
1 37 8.000000 8.000000 0.000000
1 38 7.000000 7.000000 0.000000
1 39 9.000000 8.000000 0.111111
1 40 8.000000 8.000000 0.000000
1 41 9.000000 9.000000 0.000000
1 42 8.000000 8.000000 0.000000
1 43 9.000000 8.000000 0.111111
1 44 9.000000 8.000000 0.111111
1 45 7.000000 7.000000 0.000000
1 46 8.000000 8.000000 0.000000
1 47 8.000000 8.000000 0.000000
1 48 9.000000 9.000000 0.000000
1 49 10.000000 9.000000 0.100000
1 50 7.000000 7.000000 0.000000
1 51 9.000000 9.000000 0.000000
1 52 9.000000 8.000000 0.111111
1 53 8.000000 8.000000 0.000000
1 54 10.000000 9.000000 0.100000
1 55 7.000000 7.000000 0.000000
1 56 8.000000 8.000000 0.000000
1 57 8.000000 8.000000 0.000000
1 58 8.000000 8.000000 0.000000
1 59 9.000000 9.000000 0.000000
1 60 7.000000 7.000000 0.000000
1 61 7.000000 7.000000 0.000000
1 62 8.000000 8.000000 0.000000
1 63 9.000000 9.000000 0.000000
1 64 9.000000 9.000000 0.000000
1 65 8.000000 8.000000 0.000000
1 66 8.000000 8.000000 0.000000
1 67 9.000000 8.000000 0.111111
1 68 8.000000 8.000000 0.000000
1 69 7.000000 7.000000 0.000000
1 70 7.000000 7.000000 0.000000
1 71 9.000000 8.000000 0.111111
1 72 9.000000 9.000000 0.000000
1 73 9.000000 8.000000 0.111111
1 74 9.000000 8.000000 0.111111
1 75 8.000000 8.000000 0.000000
1 76 8.000000 8.000000 0.000000
1 77 12.000000 8.000000 0.333333
1 78 7.000000 7.000000 0.000000
1 79 9.000000 9.000000 0.000000
1 80 7.000000 7.000000 0.000000
1 81 7.000000 7.000000 0.000000
1 82 8.000000 8.000000 0.000000
1 83 8.000000 8.000000 0.000000
1 84 7.000000 7.000000 0.000000
1 85 10.000000 9.000000 0.100000
1 86 8.000000 8.000000 0.000000
1 87 9.000000 9.000000 0.000000
1 88 8.000000 8.000000 0.000000
1 89 11.000000 9.000000 0.181818
1 90 7.000000 7.000000 0.000000
1 91 8.000000 8.000000 0.000000
1 92 10.000000 9.000000 0.100000
1 93 9.000000 9.000000 0.000000
1 94 10.000000 9.000000 0.100000
1 95 10.000000 8.000000 0.200000
1 96 8.000000 8.000000 0.000000
1 97 8.000000 8.000000 0.000000
1 98 7.000000 7.000000 0.000000
1 99 9.000000 8.000000 0.111111
1 100 8.000000 8.000000 0.000000
1 101 9.000000 8.000000 0.111111
1 102 10.000000 9.000000 0.100000
1 103 8.000000 8.000000 0.000000
1 104 8.000000 8.000000 0.000000
1 105 8.000000 8.000000 0.000000
1 106 7.000000 7.000000 0.000000
1 107 11.000000 9.000000 0.181818
1 108 8.000000 8.000000 0.000000
1 109 8.000000 8.000000 0.000000
1 110 9.000000 9.000000 0.000000
1 111 9.000000 9.000000 0.000000
1 112 8.000000 8.000000 0.000000
1 113 9.000000 9.000000 0.000000
1 114 9.000000 8.000000 0.111111
1 115 10.000000 9.000000 0.100000
1 116 10.000000 9.000000 0.100000
1 117 7.000000 7.000000 0.000000
1 118 8.000000 8.000000 0.000000
1 119 10.000000 9.000000 0.100000
1 120 8.000000 8.000000 0.000000
1 121 9.000000 8.000000 0.111111
1 122 9.000000 9.000000 0.000000
1 123 9.000000 8.000000 0.111111
1 124 9.000000 9.000000 0.000000
1 125 8.000000 8.000000 0.000000
1 126 9.000000 9.000000 0.000000
1 127 11.000000 9.000000 0.181818
1 128 9.000000 9.000000 0.000000
1 129 9.000000 9.000000 0.000000
1 130 8.000000 8.000000 0.000000
1 131 10.000000 8.000000 0.200000
1 132 9.000000 9.000000 0.000000
1 133 10.000000 8.000000 0.200000
1 134 8.000000 8.000000 0.000000
1 135 8.000000 8.000000 0.000000
1 136 10.000000 8.000000 0.200000
1 137 8.000000 8.000000 0.000000
1 138 7.000000 7.000000 0.000000
1 139 9.000000 9.000000 0.000000
1 140 9.000000 8.000000 0.111111
1 141 9.000000 8.000000 0.111111
1 142 7.000000 7.000000 0.000000
1 143 8.000000 8.000000 0.000000
1 144 10.000000 9.000000 0.100000
1 145 8.000000 8.000000 0.000000
1 146 8.000000 8.000000 0.000000
1 147 7.000000 7.000000 0.000000
1 148 10.000000 9.000000 0.100000
1 149 8.000000 8.000000 0.000000
1 150 9.000000 9.000000 0.000000
1 151 9.000000 9.000000 0.000000
1 152 8.000000 8.000000 0.000000
1 153 7.000000 7.000000 0.000000
1 154 8.000000 8.000000 0.000000
1 155 9.000000 8.000000 0.111111
1 156 8.000000 8.000000 0.000000
1 157 10.000000 9.000000 0.100000
1 158 8.000000 8.000000 0.000000
1 159 10.000000 8.000000 0.200000
1 160 9.000000 9.000000 0.000000
1 161 11.000000 9.000000 0.181818
1 162 9.000000 9.000000 0.000000
1 163 8.000000 8.000000 0.000000
1 164 10.000000 8.000000 0.200000
1 165 9.000000 9.000000 0.000000
1 166 8.000000 8.000000 0.000000
1 167 8.000000 8.000000 0.000000
1 168 10.000000 8.000000 0.200000
1 169 11.000000 9.000000 0.181818
1 170 8.000000 8.000000 0.000000
1 171 7.000000 7.000000 0.000000
1 172 9.000000 8.000000 0.111111
1 173 8.000000 8.000000 0.000000
1 174 11.000000 9.000000 0.181818
1 175 9.000000 9.000000 0.000000
1 176 7.000000 7.000000 0.000000
1 177 8.000000 8.000000 0.000000
1 178 8.000000 8.000000 0.000000
1 179 8.000000 8.000000 0.000000
1 180 7.000000 7.000000 0.000000
1 181 8.000000 8.000000 0.000000
1 182 8.000000 8.000000 0.000000
1 183 9.000000 8.000000 0.111111
1 184 10.000000 8.000000 0.200000
1 185 8.000000 8.000000 0.000000
1 186 9.000000 8.000000 0.111111
1 187 8.000000 8.000000 0.000000
1 188 9.000000 9.000000 0.000000
1 189 10.000000 9.000000 0.100000
1 190 8.000000 8.000000 0.000000
1 191 7.000000 7.000000 0.000000
1 192 7.000000 7.000000 0.000000
1 193 9.000000 8.000000 0.111111
1 194 7.000000 7.000000 0.000000
1 195 10.000000 8.000000 0.200000
1 196 9.000000 8.000000 0.111111
1 197 9.000000 9.000000 0.000000
1 198 10.000000 8.000000 0.200000
1 199 9.000000 8.000000 0.111111
1 200 9.000000 9.000000 0.000000
1 201 9.000000 9.000000 0.000000
1 202 8.000000 8.000000 0.000000
1 203 10.000000 9.000000 0.100000
1 204 7.000000 7.000000 0.000000
1 205 8.000000 8.000000 0.000000
1 206 7.000000 7.000000 0.000000
1 207 9.000000 9.000000 0.000000
1 208 9.000000 9.000000 0.000000
1 209 8.000000 8.000000 0.000000
1 210 9.000000 9.000000 0.000000
1 211 9.000000 8.000000 0.111111
1 212 8.000000 8.000000 0.000000
1 213 9.000000 9.000000 0.000000
1 214 8.000000 8.000000 0.000000
1 215 9.000000 9.000000 0.000000
1 216 8.000000 8.000000 0.000000
1 217 8.000000 8.000000 0.000000
1 218 9.000000 9.000000 0.000000
1 219 9.000000 8.000000 0.111111
1 220 7.000000 7.000000 0.000000
1 221 9.000000 9.000000 0.000000
1 222 9.000000 8.000000 0.111111
1 223 9.000000 9.000000 0.000000
1 224 8.000000 8.000000 0.000000
1 225 11.000000 9.000000 0.181818
1 226 8.000000 8.000000 0.000000
1 227 9.000000 8.000000 0.111111
1 228 7.000000 7.000000 0.000000
1 229 9.000000 8.000000 0.111111
1 230 7.000000 7.000000 0.000000
1 231 7.000000 7.000000 0.000000
1 232 7.000000 7.000000 0.000000
1 233 9.000000 8.000000 0.111111
1 234 8.000000 8.000000 0.000000
1 235 7.000000 7.000000 0.000000
1 236 9.000000 8.000000 0.111111
1 237 8.000000 8.000000 0.000000
1 238 8.000000 8.000000 0.000000
1 239 11.000000 9.000000 0.181818
1 240 8.000000 8.000000 0.000000
1 241 8.000000 8.000000 0.000000
1 242 8.000000 8.000000 0.000000
1 243 9.000000 9.000000 0.000000
1 244 9.000000 9.000000 0.000000
1 245 7.000000 7.000000 0.000000
1 246 10.000000 8.000000 0.200000
1 247 9.000000 8.000000 0.111111
1 248 9.000000 8.000000 0.111111
1 249 9.000000 9.000000 0.000000
1 250 8.000000 8.000000 0.000000
1 251 10.000000 8.000000 0.200000
1 252 9.000000 9.000000 0.000000
1 253 10.000000 9.000000 0.100000
1 254 11.000000 9.000000 0.181818
1 255 8.000000 8.000000 0.000000
1 256 9.000000 9.000000 0.000000
1 257 9.000000 8.000000 0.111111
1 258 8.000000 8.000000 0.000000
1 259 8.000000 8.000000 0.000000
1 260 9.000000 8.000000 0.111111
1 261 9.000000 8.000000 0.111111
1 262 7.000000 7.000000 0.000000
1 263 10.000000 9.000000 0.100000
1 264 9.000000 9.000000 0.000000
1 265 9.000000 9.000000 0.000000
1 266 8.000000 8.000000 0.000000
1 267 8.000000 8.000000 0.000000
1 268 8.000000 8.000000 0.000000
1 269 7.000000 7.000000 0.000000
1 270 7.000000 7.000000 0.000000
1 271 9.000000 9.000000 0.000000
1 272 8.000000 8.000000 0.000000
1 273 8.000000 8.000000 0.000000
1 274 8.000000 8.000000 0.000000
1 275 10.000000 9.000000 0.100000
1 276 8.000000 8.000000 0.000000
1 277 9.000000 9.000000 0.000000
1 278 7.000000 7.000000 0.000000
1 279 8.000000 8.000000 0.000000
1 280 8.000000 8.000000 0.000000
1 281 7.000000 7.000000 0.000000
1 282 10.000000 9.000000 0.100000
1 283 10.000000 9.000000 0.100000
1 284 8.000000 8.000000 0.000000
1 285 9.000000 9.000000 0.000000
1 286 10.000000 9.000000 0.100000
1 287 7.000000 7.000000 0.000000
1 288 9.000000 8.000000 0.111111
1 289 7.000000 7.000000 0.000000
1 290 10.000000 8.000000 0.200000
1 291 8.000000 8.000000 0.000000
1 292 10.000000 8.000000 0.200000
1 293 8.000000 8.000000 0.000000
1 294 9.000000 9.000000 0.000000
1 295 8.000000 8.000000 0.000000
1 296 9.000000 9.000000 0.000000
1 297 7.000000 7.000000 0.000000
1 298 10.000000 9.000000 0.100000
1 299 8.000000 8.000000 0.000000
1 300 10.000000 9.000000 0.100000
1 301 9.000000 8.000000 0.111111
1 302 8.000000 8.000000 0.000000
1 303 7.000000 7.000000 0.000000
1 304 7.000000 7.000000 0.000000
1 305 9.000000 9.000000 0.000000
1 306 8.000000 8.000000 0.000000
1 307 9.000000 8.000000 0.111111
1 308 8.000000 8.000000 0.000000
1 309 9.000000 8.000000 0.111111
1 310 9.000000 9.000000 0.000000
1 311 7.000000 7.000000 0.000000
1 312 8.000000 8.000000 0.000000
1 313 11.000000 9.000000 0.181818
1 314 10.000000 9.000000 0.100000
1 315 7.000000 7.000000 0.000000
1 316 8.000000 8.000000 0.000000
1 317 8.000000 8.000000 0.000000
1 318 10.000000 8.000000 0.200000
1 319 8.000000 8.000000 0.000000
1 320 8.000000 8.000000 0.000000
1 321 11.000000 9.000000 0.181818
1 322 9.000000 9.000000 0.000000
1 323 8.000000 8.000000 0.000000
1 324 8.000000 8.000000 0.000000
1 325 9.000000 8.000000 0.111111
1 326 8.000000 8.000000 0.000000
1 327 10.000000 9.000000 0.100000
1 328 9.000000 8.000000 0.111111
1 329 8.000000 8.000000 0.000000
1 330 7.000000 7.000000 0.000000
1 331 7.000000 7.000000 0.000000
1 332 8.000000 8.000000 0.000000
1 333 8.000000 8.000000 0.000000
1 334 8.000000 8.000000 0.000000
1 335 8.000000 8.000000 0.000000
1 336 9.000000 9.000000 0.000000
1 337 8.000000 8.000000 0.000000
1 338 9.000000 9.000000 0.000000
1 339 8.000000 8.000000 0.000000
1 340 8.000000 8.000000 0.000000
1 341 9.000000 9.000000 0.000000
1 342 9.000000 8.000000 0.111111
1 343 10.000000 8.000000 0.200000
1 344 8.000000 8.000000 0.000000
1 345 9.000000 8.000000 0.111111
1 346 10.000000 9.000000 0.100000
1 347 9.000000 8.000000 0.111111
1 348 8.000000 8.000000 0.000000
1 349 7.000000 7.000000 0.000000
1 350 9.000000 9.000000 0.000000
1 351 8.000000 8.000000 0.000000
1 352 8.000000 8.000000 0.000000
1 353 9.000000 9.000000 0.000000
1 354 9.000000 8.000000 0.111111
1 355 7.000000 7.000000 0.000000
1 356 10.000000 8.000000 0.200000
1 357 9.000000 8.000000 0.111111
1 358 9.000000 8.000000 0.111111
1 359 9.000000 9.000000 0.000000
1 360 9.000000 8.000000 0.111111
1 361 8.000000 8.000000 0.000000
1 362 9.000000 8.000000 0.111111
1 363 11.000000 9.000000 0.181818
1 364 8.000000 8.000000 0.000000
1 365 12.000000 9.000000 0.250000
1 366 7.000000 7.000000 0.000000
1 367 8.000000 8.000000 0.000000
1 368 8.000000 8.000000 0.000000
1 369 7.000000 7.000000 0.000000
1 370 8.000000 8.000000 0.000000
1 371 9.000000 8.000000 0.111111
1 372 9.000000 9.000000 0.000000
1 373 9.000000 8.000000 0.111111
1 374 8.000000 8.000000 0.000000
1 375 9.000000 8.000000 0.111111
1 376 8.000000 8.000000 0.000000
1 377 8.000000 8.000000 0.000000
1 378 7.000000 7.000000 0.000000
1 379 9.000000 8.000000 0.111111
1 380 7.000000 7.000000 0.000000
1 381 7.000000 7.000000 0.000000
1 382 7.000000 7.000000 0.000000
1 383 9.000000 8.000000 0.111111
1 384 10.000000 9.000000 0.100000
1 385 9.000000 8.000000 0.111111
1 386 11.000000 9.000000 0.181818
1 387 7.000000 7.000000 0.000000
1 388 10.000000 8.000000 0.200000
1 389 10.000000 9.000000 0.100000
1 390 8.000000 8.000000 0.000000
1 391 9.000000 9.000000 0.000000
1 392 7.000000 7.000000 0.000000
1 393 8.000000 8.000000 0.000000
1 394 8.000000 8.000000 0.000000
1 395 8.000000 8.000000 0.000000
1 396 9.000000 9.000000 0.000000
1 397 8.000000 8.000000 0.000000
1 398 8.000000 8.000000 0.000000
1 399 8.000000 8.000000 0.000000
1 400 9.000000 9.000000 0.000000
2 1 16.000000 12.000000 0.250000
2 2 14.000000 13.000000 0.071429
2 3 15.000000 13.000000 0.133333
2 4 13.000000 12.000000 0.076923
2 5 12.000000 12.000000 0.000000
2 6 17.000000 13.000000 0.235294
2 7 12.000000 11.000000 0.083333
2 8 14.000000 12.000000 0.142857
2 9 11.000000 10.000000 0.090909
2 10 12.000000 11.000000 0.083333
2 11 11.000000 11.000000 0.000000
2 12 9.000000 9.000000 0.000000
2 13 11.000000 10.000000 0.090909
2 14 11.000000 11.000000 0.000000
2 15 13.000000 11.000000 0.153846
2 16 7.000000 7.000000 0.000000
2 17 16.000000 13.000000 0.187500
2 18 11.000000 11.000000 0.000000
2 19 13.000000 11.000000 0.153846
2 20 23.000000 19.000000 0.173913
2 21 16.000000 11.000000 0.312500
2 22 10.000000 10.000000 0.000000
2 23 9.000000 8.000000 0.111111
2 24 11.000000 10.000000 0.090909
2 25 17.000000 12.000000 0.294118
2 26 19.000000 15.000000 0.210526
2 27 15.000000 13.000000 0.133333
2 28 10.000000 9.000000 0.100000
2 29 19.000000 16.000000 0.157895
2 30 15.000000 12.000000 0.200000
2 31 13.000000 11.000000 0.153846
2 32 19.000000 16.000000 0.157895
2 33 17.000000 13.000000 0.235294
2 34 11.000000 10.000000 0.090909
2 35 12.000000 10.000000 0.166667
2 36 13.000000 12.000000 0.076923
2 37 19.000000 14.000000 0.263158
2 38 18.000000 14.000000 0.222222
2 39 14.000000 13.000000 0.071429
2 40 7.000000 7.000000 0.000000
2 41 12.000000 11.000000 0.083333
2 42 15.000000 12.000000 0.200000
2 43 19.000000 14.000000 0.263158
2 44 10.000000 9.000000 0.100000
2 45 12.000000 9.000000 0.250000
2 46 11.000000 9.000000 0.181818
2 47 13.000000 12.000000 0.076923
2 48 14.000000 12.000000 0.142857
2 49 15.000000 13.000000 0.133333
2 50 19.000000 14.000000 0.263158
2 51 16.000000 14.000000 0.125000
2 52 15.000000 13.000000 0.133333
2 53 12.000000 10.000000 0.166667
2 54 14.000000 13.000000 0.071429
2 55 8.000000 8.000000 0.000000
2 56 10.000000 9.000000 0.100000
2 57 26.000000 16.000000 0.384615
2 58 16.000000 12.000000 0.250000
2 59 17.000000 13.000000 0.235294
2 60 17.000000 13.000000 0.235294
2 61 13.000000 12.000000 0.076923
2 62 13.000000 11.000000 0.153846
2 63 11.000000 11.000000 0.000000
2 64 8.000000 8.000000 0.000000
2 65 13.000000 11.000000 0.153846
2 66 13.000000 11.000000 0.153846
2 67 19.000000 15.000000 0.210526
2 68 9.000000 9.000000 0.000000
2 69 12.000000 10.000000 0.166667
2 70 11.000000 10.000000 0.090909
2 71 11.000000 10.000000 0.090909
2 72 10.000000 10.000000 0.000000
2 73 13.000000 11.000000 0.153846
2 74 8.000000 8.000000 0.000000
2 75 13.000000 12.000000 0.076923
2 76 12.000000 11.000000 0.083333
2 77 12.000000 10.000000 0.166667
2 78 12.000000 11.000000 0.083333
2 79 7.000000 7.000000 0.000000
2 80 17.000000 13.000000 0.235294
2 81 18.000000 16.000000 0.111111
2 82 16.000000 13.000000 0.187500
2 83 8.000000 8.000000 0.000000
2 84 10.000000 10.000000 0.000000
2 85 15.000000 12.000000 0.200000
2 86 7.000000 7.000000 0.000000
2 87 8.000000 8.000000 0.000000
2 88 14.000000 12.000000 0.142857
2 89 15.000000 13.000000 0.133333
2 90 15.000000 13.000000 0.133333
2 91 14.000000 11.000000 0.214286
2 92 11.000000 11.000000 0.000000
2 93 13.000000 12.000000 0.076923
2 94 21.000000 15.000000 0.285714
2 95 11.000000 11.000000 0.000000
2 96 12.000000 11.000000 0.083333
2 97 17.000000 13.000000 0.235294
2 98 18.000000 15.000000 0.166667
2 99 10.000000 8.000000 0.200000
2 100 11.000000 9.000000 0.181818
2 101 12.000000 12.000000 0.000000
2 102 14.000000 13.000000 0.071429
2 103 13.000000 10.000000 0.230769
2 104 18.000000 14.000000 0.222222
2 105 13.000000 10.000000 0.230769
2 106 20.000000 14.000000 0.300000
2 107 8.000000 8.000000 0.000000
2 108 18.000000 14.000000 0.222222
2 109 18.000000 16.000000 0.111111
2 110 10.000000 10.000000 0.000000
2 111 7.000000 7.000000 0.000000
2 112 11.000000 11.000000 0.000000
2 113 13.000000 11.000000 0.153846
2 114 9.000000 9.000000 0.000000
2 115 11.000000 11.000000 0.000000
2 116 16.000000 15.000000 0.062500
2 117 14.000000 11.000000 0.214286
2 118 11.000000 9.000000 0.181818
2 119 13.000000 11.000000 0.153846
2 120 17.000000 15.000000 0.117647
2 121 14.000000 12.000000 0.142857
2 122 14.000000 11.000000 0.214286
2 123 15.000000 13.000000 0.133333
2 124 11.000000 11.000000 0.000000
2 125 13.000000 10.000000 0.230769
2 126 17.000000 16.000000 0.058824
2 127 10.000000 9.000000 0.100000
2 128 19.000000 15.000000 0.210526
2 129 14.000000 12.000000 0.142857
2 130 11.000000 8.000000 0.272727
2 131 12.000000 11.000000 0.083333
2 132 14.000000 12.000000 0.142857
2 133 19.000000 16.000000 0.157895
2 134 12.000000 11.000000 0.083333
2 135 10.000000 9.000000 0.100000
2 136 19.000000 14.000000 0.263158
2 137 12.000000 10.000000 0.166667
2 138 10.000000 10.000000 0.000000
2 139 13.000000 12.000000 0.076923
2 140 21.000000 17.000000 0.190476
2 141 13.000000 11.000000 0.153846
2 142 16.000000 14.000000 0.125000
2 143 12.000000 11.000000 0.083333
2 144 14.000000 13.000000 0.071429
2 145 12.000000 12.000000 0.000000
2 146 22.000000 15.000000 0.318182
2 147 13.000000 12.000000 0.076923
2 148 13.000000 11.000000 0.153846
2 149 12.000000 10.000000 0.166667
2 150 16.000000 14.000000 0.125000
2 151 8.000000 8.000000 0.000000
2 152 18.000000 16.000000 0.111111
2 153 17.000000 14.000000 0.176471
2 154 13.000000 11.000000 0.153846
2 155 15.000000 13.000000 0.133333
2 156 13.000000 13.000000 0.000000
2 157 11.000000 11.000000 0.000000
2 158 16.000000 13.000000 0.187500
2 159 14.000000 12.000000 0.142857
2 160 13.000000 10.000000 0.230769
2 161 21.000000 16.000000 0.238095
2 162 14.000000 11.000000 0.214286
2 163 11.000000 10.000000 0.090909
2 164 11.000000 11.000000 0.000000
2 165 7.000000 7.000000 0.000000
2 166 12.000000 11.000000 0.083333
2 167 10.000000 9.000000 0.100000
2 168 11.000000 10.000000 0.090909
2 169 18.000000 16.000000 0.111111
2 170 13.000000 11.000000 0.153846
2 171 15.000000 13.000000 0.133333
2 172 17.000000 15.000000 0.117647
2 173 14.000000 12.000000 0.142857
2 174 15.000000 13.000000 0.133333
2 175 9.000000 9.000000 0.000000
2 176 14.000000 13.000000 0.071429
2 177 9.000000 9.000000 0.000000
2 178 17.000000 13.000000 0.235294
2 179 13.000000 11.000000 0.153846
2 180 15.000000 14.000000 0.066667
2 181 8.000000 8.000000 0.000000
2 182 17.000000 14.000000 0.176471
2 183 9.000000 9.000000 0.000000
2 184 13.000000 11.000000 0.153846
2 185 18.000000 17.000000 0.055556
2 186 14.000000 12.000000 0.142857
2 187 9.000000 8.000000 0.111111
2 188 12.000000 10.000000 0.166667
2 189 9.000000 8.000000 0.111111
2 190 14.000000 14.000000 0.000000
2 191 12.000000 11.000000 0.083333
2 192 15.000000 12.000000 0.200000
2 193 13.000000 12.000000 0.076923
2 194 14.000000 13.000000 0.071429
2 195 11.000000 10.000000 0.090909
2 196 8.000000 8.000000 0.000000
2 197 12.000000 11.000000 0.083333
2 198 16.000000 15.000000 0.062500
2 199 11.000000 10.000000 0.090909
2 200 9.000000 9.000000 0.000000
2 201 8.000000 8.000000 0.000000
2 202 12.000000 11.000000 0.083333
2 203 13.000000 12.000000 0.076923
2 204 13.000000 12.000000 0.076923
2 205 17.000000 15.000000 0.117647
2 206 16.000000 14.000000 0.125000
2 207 17.000000 14.000000 0.176471
2 208 12.000000 11.000000 0.083333
2 209 16.000000 14.000000 0.125000
2 210 10.000000 9.000000 0.100000
2 211 11.000000 10.000000 0.090909
2 212 10.000000 10.000000 0.000000
2 213 17.000000 13.000000 0.235294
2 214 13.000000 13.000000 0.000000
2 215 14.000000 13.000000 0.071429
2 216 20.000000 15.000000 0.250000
2 217 8.000000 8.000000 0.000000
2 218 11.000000 10.000000 0.090909
2 219 14.000000 13.000000 0.071429
2 220 15.000000 13.000000 0.133333
2 221 11.000000 10.000000 0.090909
2 222 16.000000 14.000000 0.125000
2 223 16.000000 14.000000 0.125000
2 224 11.000000 11.000000 0.000000
2 225 16.000000 14.000000 0.125000
2 226 11.000000 11.000000 0.000000
2 227 10.000000 8.000000 0.200000
2 228 16.000000 14.000000 0.125000
2 229 16.000000 14.000000 0.125000
2 230 14.000000 12.000000 0.142857
2 231 11.000000 11.000000 0.000000
2 232 22.000000 18.000000 0.181818
2 233 21.000000 16.000000 0.238095
2 234 13.000000 11.000000 0.153846
2 235 9.000000 8.000000 0.111111
2 236 15.000000 13.000000 0.133333
2 237 19.000000 13.000000 0.315789
2 238 18.000000 14.000000 0.222222
2 239 13.000000 12.000000 0.076923
2 240 16.000000 16.000000 0.000000
2 241 14.000000 12.000000 0.142857
2 242 19.000000 16.000000 0.157895
2 243 16.000000 15.000000 0.062500
2 244 13.000000 12.000000 0.076923
2 245 16.000000 15.000000 0.062500
2 246 16.000000 14.000000 0.125000
2 247 11.000000 10.000000 0.090909
2 248 17.000000 13.000000 0.235294
2 249 15.000000 13.000000 0.133333
2 250 11.000000 11.000000 0.000000
2 251 16.000000 14.000000 0.125000
2 252 12.000000 11.000000 0.083333
2 253 10.000000 9.000000 0.100000
2 254 14.000000 13.000000 0.071429
2 255 9.000000 9.000000 0.000000
2 256 14.000000 13.000000 0.071429
2 257 10.000000 9.000000 0.100000
2 258 9.000000 9.000000 0.000000
2 259 13.000000 11.000000 0.153846
2 260 14.000000 11.000000 0.214286
2 261 8.000000 8.000000 0.000000
2 262 15.000000 13.000000 0.133333
2 263 14.000000 11.000000 0.214286
2 264 10.000000 10.000000 0.000000
2 265 10.000000 9.000000 0.100000
2 266 8.000000 8.000000 0.000000
2 267 12.000000 12.000000 0.000000
2 268 15.000000 13.000000 0.133333
2 269 12.000000 11.000000 0.083333
2 270 9.000000 9.000000 0.000000
2 271 9.000000 9.000000 0.000000
2 272 13.000000 12.000000 0.076923
2 273 12.000000 12.000000 0.000000
2 274 13.000000 12.000000 0.076923
2 275 17.000000 14.000000 0.176471
2 276 16.000000 15.000000 0.062500
2 277 11.000000 11.000000 0.000000
2 278 16.000000 14.000000 0.125000
2 279 10.000000 10.000000 0.000000
2 280 15.000000 13.000000 0.133333
2 281 18.000000 16.000000 0.111111
2 282 12.000000 10.000000 0.166667
2 283 14.000000 11.000000 0.214286
2 284 15.000000 14.000000 0.066667
2 285 9.000000 8.000000 0.111111
2 286 15.000000 12.000000 0.200000
2 287 15.000000 12.000000 0.200000
2 288 11.000000 11.000000 0.000000
2 289 14.000000 12.000000 0.142857
2 290 8.000000 8.000000 0.000000
2 291 14.000000 11.000000 0.214286
2 292 12.000000 11.000000 0.083333
2 293 13.000000 12.000000 0.076923
2 294 12.000000 11.000000 0.083333
2 295 11.000000 9.000000 0.181818
2 296 11.000000 10.000000 0.090909
2 297 14.000000 13.000000 0.071429
2 298 16.000000 14.000000 0.125000
2 299 15.000000 13.000000 0.133333
2 300 16.000000 13.000000 0.187500
2 301 12.000000 11.000000 0.083333
2 302 12.000000 11.000000 0.083333
2 303 10.000000 9.000000 0.100000
2 304 9.000000 8.000000 0.111111
2 305 9.000000 8.000000 0.111111
2 306 17.000000 15.000000 0.117647
2 307 15.000000 12.000000 0.200000
2 308 10.000000 10.000000 0.000000
2 309 14.000000 11.000000 0.214286
2 310 13.000000 12.000000 0.076923
2 311 12.000000 10.000000 0.166667
2 312 15.000000 13.000000 0.133333
2 313 14.000000 11.000000 0.214286
2 314 16.000000 14.000000 0.125000
2 315 11.000000 10.000000 0.090909
2 316 12.000000 12.000000 0.000000
2 317 15.000000 13.000000 0.133333
2 318 12.000000 12.000000 0.000000
2 319 11.000000 10.000000 0.090909
2 320 17.000000 13.000000 0.235294
2 321 19.000000 17.000000 0.105263
2 322 14.000000 12.000000 0.142857
2 323 17.000000 16.000000 0.058824
2 324 15.000000 11.000000 0.266667
2 325 12.000000 10.000000 0.166667
2 326 20.000000 16.000000 0.200000
2 327 15.000000 13.000000 0.133333
2 328 12.000000 12.000000 0.000000
2 329 13.000000 13.000000 0.000000
2 330 13.000000 12.000000 0.076923
2 331 17.000000 13.000000 0.235294
2 332 15.000000 10.000000 0.333333
2 333 12.000000 11.000000 0.083333
2 334 15.000000 13.000000 0.133333
2 335 11.000000 10.000000 0.090909
2 336 9.000000 9.000000 0.000000
2 337 11.000000 10.000000 0.090909
2 338 10.000000 9.000000 0.100000
2 339 13.000000 12.000000 0.076923
2 340 11.000000 10.000000 0.090909
2 341 14.000000 13.000000 0.071429
2 342 9.000000 9.000000 0.000000
2 343 20.000000 16.000000 0.200000
2 344 11.000000 10.000000 0.090909
2 345 8.000000 8.000000 0.000000
2 346 12.000000 10.000000 0.166667
2 347 13.000000 12.000000 0.076923
2 348 10.000000 10.000000 0.000000
2 349 12.000000 11.000000 0.083333
2 350 14.000000 12.000000 0.142857
2 351 8.000000 8.000000 0.000000
2 352 10.000000 9.000000 0.100000
2 353 18.000000 17.000000 0.055556
2 354 13.000000 10.000000 0.230769
2 355 11.000000 11.000000 0.000000
2 356 12.000000 12.000000 0.000000
2 357 12.000000 11.000000 0.083333
2 358 11.000000 10.000000 0.090909
2 359 12.000000 11.000000 0.083333
2 360 13.000000 12.000000 0.076923
2 361 8.000000 8.000000 0.000000
2 362 19.000000 14.000000 0.263158
2 363 14.000000 13.000000 0.071429
2 364 11.000000 10.000000 0.090909
2 365 17.000000 13.000000 0.235294
2 366 14.000000 12.000000 0.142857
2 367 9.000000 9.000000 0.000000
2 368 19.000000 16.000000 0.157895
2 369 15.000000 12.000000 0.200000
2 370 11.000000 11.000000 0.000000
2 371 21.000000 16.000000 0.238095
2 372 14.000000 13.000000 0.071429
2 373 13.000000 11.000000 0.153846
2 374 19.000000 17.000000 0.105263
2 375 15.000000 13.000000 0.133333
2 376 10.000000 9.000000 0.100000
2 377 15.000000 12.000000 0.200000
2 378 11.000000 11.000000 0.000000
2 379 10.000000 10.000000 0.000000
2 380 16.000000 13.000000 0.187500
2 381 20.000000 16.000000 0.200000
2 382 12.000000 11.000000 0.083333
2 383 9.000000 9.000000 0.000000
2 384 14.000000 13.000000 0.071429
2 385 17.000000 15.000000 0.117647
2 386 11.000000 11.000000 0.000000
2 387 12.000000 11.000000 0.083333
2 388 13.000000 11.000000 0.153846
2 389 11.000000 11.000000 0.000000
2 390 13.000000 12.000000 0.076923
2 391 18.000000 15.000000 0.166667
2 392 16.000000 14.000000 0.125000
2 393 11.000000 10.000000 0.090909
2 394 16.000000 13.000000 0.187500
2 395 11.000000 10.000000 0.090909
2 396 15.000000 11.000000 0.266667
2 397 13.000000 12.000000 0.076923
2 398 11.000000 10.000000 0.090909
2 399 18.000000 16.000000 0.111111
2 400 13.000000 12.000000 0.076923
3 1 23.000000 19.000000 0.173913
3 2 25.000000 21.000000 0.160000
3 3 38.000000 28.000000 0.263158
3 4 18.000000 18.000000 0.000000
3 5 25.000000 19.000000 0.240000
3 6 22.000000 19.000000 0.136364
3 7 12.000000 12.000000 0.000000
3 8 31.000000 25.000000 0.193548
3 9 33.000000 27.000000 0.181818
3 10 30.000000 25.000000 0.166667
3 11 20.000000 16.000000 0.200000
3 12 21.000000 19.000000 0.095238
3 13 28.000000 23.000000 0.178571
3 14 27.000000 25.000000 0.074074
3 15 22.000000 19.000000 0.136364
3 16 18.000000 17.000000 0.055556
3 17 15.000000 14.000000 0.066667
3 18 24.000000 21.000000 0.125000
3 19 26.000000 24.000000 0.076923
3 20 17.000000 16.000000 0.058824
3 21 30.000000 25.000000 0.166667
3 22 8.000000 8.000000 0.000000
3 23 9.000000 9.000000 0.000000
3 24 14.000000 13.000000 0.071429
3 25 20.000000 19.000000 0.050000
3 26 24.000000 23.000000 0.041667
3 27 15.000000 12.000000 0.200000
3 28 28.000000 23.000000 0.178571
3 29 14.000000 14.000000 0.000000
3 30 32.000000 26.000000 0.187500
3 31 16.000000 15.000000 0.062500
3 32 26.000000 22.000000 0.153846
3 33 22.000000 21.000000 0.045455
3 34 20.000000 17.000000 0.150000
3 35 25.000000 21.000000 0.160000
3 36 35.000000 27.000000 0.228571
3 37 26.000000 24.000000 0.076923
3 38 17.000000 16.000000 0.058824
3 39 30.000000 28.000000 0.066667
3 40 31.000000 27.000000 0.129032
3 41 27.000000 24.000000 0.111111
3 42 32.000000 24.000000 0.250000
3 43 30.000000 27.000000 0.100000
3 44 27.000000 23.000000 0.148148
3 45 14.000000 14.000000 0.000000
3 46 30.000000 23.000000 0.233333
3 47 11.000000 10.000000 0.090909
3 48 18.000000 16.000000 0.111111
3 49 22.000000 19.000000 0.136364
3 50 30.000000 26.000000 0.133333
3 51 28.000000 23.000000 0.178571
3 52 24.000000 20.000000 0.166667
3 53 11.000000 11.000000 0.000000
3 54 22.000000 20.000000 0.090909
3 55 22.000000 20.000000 0.090909
3 56 24.000000 23.000000 0.041667
3 57 18.000000 15.000000 0.166667
3 58 21.000000 19.000000 0.095238
3 59 30.000000 23.000000 0.233333
3 60 25.000000 19.000000 0.240000
3 61 29.000000 24.000000 0.172414
3 62 24.000000 21.000000 0.125000
3 63 23.000000 22.000000 0.043478
3 64 32.000000 26.000000 0.187500
3 65 33.000000 32.000000 0.030303
3 66 33.000000 26.000000 0.212121
3 67 25.000000 20.000000 0.200000
3 68 26.000000 23.000000 0.115385
3 69 19.000000 19.000000 0.000000
3 70 28.000000 23.000000 0.178571
3 71 26.000000 22.000000 0.153846
3 72 20.000000 18.000000 0.100000
3 73 23.000000 21.000000 0.086957
3 74 19.000000 16.000000 0.157895
3 75 18.000000 16.000000 0.111111
3 76 38.000000 34.000000 0.105263
3 77 26.000000 22.000000 0.153846
3 78 14.000000 13.000000 0.071429
3 79 30.000000 23.000000 0.233333
3 80 28.000000 23.000000 0.178571
3 81 19.000000 18.000000 0.052632
3 82 20.000000 18.000000 0.100000
3 83 38.000000 28.000000 0.263158
3 84 23.000000 17.000000 0.260870
3 85 29.000000 21.000000 0.275862
3 86 24.000000 20.000000 0.166667
3 87 27.000000 25.000000 0.074074
3 88 30.000000 24.000000 0.200000
3 89 24.000000 20.000000 0.166667
3 90 28.000000 25.000000 0.107143
3 91 37.000000 32.000000 0.135135
3 92 29.000000 26.000000 0.103448
3 93 31.000000 22.000000 0.290323
3 94 24.000000 20.000000 0.166667
3 95 28.000000 22.000000 0.214286
3 96 30.000000 25.000000 0.166667
3 97 24.000000 19.000000 0.208333
3 98 24.000000 23.000000 0.041667
3 99 29.000000 23.000000 0.206897
3 100 29.000000 27.000000 0.068966
3 101 23.000000 18.000000 0.217391
3 102 24.000000 20.000000 0.166667
3 103 28.000000 22.000000 0.214286
3 104 27.000000 23.000000 0.148148
3 105 18.000000 16.000000 0.111111
3 106 22.000000 19.000000 0.136364
3 107 21.000000 18.000000 0.142857
3 108 17.000000 15.000000 0.117647
3 109 18.000000 16.000000 0.111111
3 110 25.000000 21.000000 0.160000
3 111 30.000000 23.000000 0.233333
3 112 7.000000 7.000000 0.000000
3 113 35.000000 31.000000 0.114286
3 114 29.000000 24.000000 0.172414
3 115 15.000000 14.000000 0.066667
3 116 26.000000 23.000000 0.115385
3 117 40.000000 33.000000 0.175000
3 118 34.000000 29.000000 0.147059
3 119 34.000000 29.000000 0.147059
3 120 28.000000 22.000000 0.214286
3 121 20.000000 17.000000 0.150000
3 122 27.000000 24.000000 0.111111
3 123 18.000000 17.000000 0.055556
3 124 32.000000 24.000000 0.250000
3 125 31.000000 26.000000 0.161290
3 126 22.000000 18.000000 0.181818
3 127 28.000000 21.000000 0.250000
3 128 30.000000 25.000000 0.166667
3 129 21.000000 17.000000 0.190476
3 130 26.000000 19.000000 0.269231
3 131 22.000000 20.000000 0.090909
3 132 25.000000 24.000000 0.040000
3 133 37.000000 31.000000 0.162162
3 134 16.000000 15.000000 0.062500
3 135 33.000000 27.000000 0.181818
3 136 25.000000 21.000000 0.160000
3 137 31.000000 27.000000 0.129032
3 138 22.000000 18.000000 0.181818
3 139 21.000000 18.000000 0.142857
3 140 33.000000 26.000000 0.212121
3 141 30.000000 24.000000 0.200000
3 142 22.000000 17.000000 0.227273
3 143 26.000000 23.000000 0.115385
3 144 18.000000 17.000000 0.055556
3 145 10.000000 10.000000 0.000000
3 146 25.000000 21.000000 0.160000
3 147 8.000000 8.000000 0.000000
3 148 32.000000 27.000000 0.156250
3 149 26.000000 23.000000 0.115385
3 150 19.000000 17.000000 0.105263
3 151 13.000000 13.000000 0.000000
3 152 26.000000 21.000000 0.192308
3 153 24.000000 20.000000 0.166667
3 154 18.000000 17.000000 0.055556
3 155 21.000000 17.000000 0.190476
3 156 36.000000 26.000000 0.277778
3 157 26.000000 18.000000 0.307692
3 158 34.000000 27.000000 0.205882
3 159 25.000000 22.000000 0.120000
3 160 30.000000 23.000000 0.233333
3 161 16.000000 14.000000 0.125000
3 162 19.000000 19.000000 0.000000
3 163 21.000000 17.000000 0.190476
3 164 28.000000 23.000000 0.178571
3 165 21.000000 18.000000 0.142857
3 166 28.000000 23.000000 0.178571
3 167 17.000000 14.000000 0.176471
3 168 27.000000 23.000000 0.148148
3 169 19.000000 16.000000 0.157895
3 170 38.000000 28.000000 0.263158
3 171 27.000000 23.000000 0.148148
3 172 16.000000 14.000000 0.125000
3 173 20.000000 19.000000 0.050000
3 174 18.000000 18.000000 0.000000
3 175 25.000000 23.000000 0.080000
3 176 18.000000 17.000000 0.055556
3 177 28.000000 22.000000 0.214286
3 178 20.000000 20.000000 0.000000
3 179 25.000000 21.000000 0.160000
3 180 30.000000 25.000000 0.166667
3 181 26.000000 23.000000 0.115385
3 182 20.000000 16.000000 0.200000
3 183 28.000000 23.000000 0.178571
3 184 18.000000 16.000000 0.111111
3 185 29.000000 26.000000 0.103448
3 186 15.000000 14.000000 0.066667
3 187 31.000000 25.000000 0.193548
3 188 31.000000 26.000000 0.161290
3 189 28.000000 25.000000 0.107143
3 190 32.000000 25.000000 0.218750
3 191 31.000000 23.000000 0.258065
3 192 35.000000 27.000000 0.228571
3 193 28.000000 21.000000 0.250000
3 194 29.000000 24.000000 0.172414
3 195 16.000000 15.000000 0.062500
3 196 29.000000 24.000000 0.172414
3 197 39.000000 30.000000 0.230769
3 198 28.000000 24.000000 0.142857
3 199 27.000000 23.000000 0.148148
3 200 38.000000 28.000000 0.263158
3 201 31.000000 25.000000 0.193548
3 202 14.000000 14.000000 0.000000
3 203 31.000000 23.000000 0.258065
3 204 33.000000 25.000000 0.242424
3 205 31.000000 25.000000 0.193548
3 206 20.000000 18.000000 0.100000
3 207 46.000000 38.000000 0.173913
3 208 33.000000 26.000000 0.212121
3 209 23.000000 18.000000 0.217391
3 210 26.000000 22.000000 0.153846
3 211 11.000000 10.000000 0.090909
3 212 25.000000 21.000000 0.160000
3 213 30.000000 25.000000 0.166667
3 214 33.000000 29.000000 0.121212
3 215 28.000000 22.000000 0.214286
3 216 20.000000 17.000000 0.150000
3 217 26.000000 22.000000 0.153846
3 218 27.000000 23.000000 0.148148
3 219 25.000000 23.000000 0.080000
3 220 20.000000 18.000000 0.100000
3 221 18.000000 15.000000 0.166667
3 222 31.000000 28.000000 0.096774
3 223 22.000000 20.000000 0.090909
3 224 21.000000 18.000000 0.142857
3 225 29.000000 23.000000 0.206897
3 226 24.000000 18.000000 0.250000
3 227 19.000000 18.000000 0.052632
3 228 28.000000 22.000000 0.214286
3 229 45.000000 32.000000 0.288889
3 230 27.000000 22.000000 0.185185
3 231 21.000000 20.000000 0.047619
3 232 11.000000 11.000000 0.000000
3 233 20.000000 16.000000 0.200000
3 234 27.000000 21.000000 0.222222
3 235 35.000000 28.000000 0.200000
3 236 17.000000 14.000000 0.176471
3 237 23.000000 22.000000 0.043478
3 238 21.000000 17.000000 0.190476
3 239 29.000000 26.000000 0.103448
3 240 18.000000 14.000000 0.222222
3 241 25.000000 24.000000 0.040000
3 242 27.000000 23.000000 0.148148
3 243 23.000000 17.000000 0.260870
3 244 25.000000 20.000000 0.200000
3 245 36.000000 27.000000 0.250000
3 246 33.000000 30.000000 0.090909
3 247 22.000000 20.000000 0.090909
3 248 20.000000 18.000000 0.100000
3 249 20.000000 18.000000 0.100000
3 250 23.000000 21.000000 0.086957
3 251 39.000000 27.000000 0.307692
3 252 27.000000 20.000000 0.259259
3 253 16.000000 15.000000 0.062500
3 254 34.000000 28.000000 0.176471
3 255 26.000000 22.000000 0.153846
3 256 21.000000 19.000000 0.095238
3 257 19.000000 19.000000 0.000000
3 258 33.000000 24.000000 0.272727
3 259 23.000000 19.000000 0.173913
3 260 24.000000 18.000000 0.250000
3 261 18.000000 16.000000 0.111111
3 262 34.000000 26.000000 0.235294
3 263 22.000000 19.000000 0.136364
3 264 20.000000 16.000000 0.200000
3 265 31.000000 25.000000 0.193548
3 266 20.000000 16.000000 0.200000
3 267 28.000000 24.000000 0.142857
3 268 22.000000 17.000000 0.227273
3 269 30.000000 22.000000 0.266667
3 270 18.000000 16.000000 0.111111
3 271 34.000000 33.000000 0.029412
3 272 16.000000 14.000000 0.125000
3 273 28.000000 24.000000 0.142857
3 274 18.000000 15.000000 0.166667
3 275 38.000000 26.000000 0.315789
3 276 30.000000 25.000000 0.166667
3 277 22.000000 20.000000 0.090909
3 278 12.000000 11.000000 0.083333
3 279 19.000000 17.000000 0.105263
3 280 15.000000 14.000000 0.066667
3 281 21.000000 17.000000 0.190476
3 282 29.000000 25.000000 0.137931
3 283 23.000000 17.000000 0.260870
3 284 18.000000 16.000000 0.111111
3 285 22.000000 20.000000 0.090909
3 286 32.000000 26.000000 0.187500
3 287 23.000000 17.000000 0.260870
3 288 26.000000 21.000000 0.192308
3 289 23.000000 20.000000 0.130435
3 290 21.000000 19.000000 0.095238
3 291 20.000000 18.000000 0.100000
3 292 29.000000 23.000000 0.206897
3 293 25.000000 22.000000 0.120000
3 294 15.000000 14.000000 0.066667
3 295 18.000000 14.000000 0.222222
3 296 26.000000 22.000000 0.153846
3 297 28.000000 26.000000 0.071429
3 298 19.000000 16.000000 0.157895
3 299 40.000000 30.000000 0.250000
3 300 29.000000 25.000000 0.137931
3 301 23.000000 19.000000 0.173913
3 302 27.000000 23.000000 0.148148
3 303 30.000000 25.000000 0.166667
3 304 36.000000 26.000000 0.277778
3 305 19.000000 16.000000 0.157895
3 306 21.000000 20.000000 0.047619
3 307 19.000000 15.000000 0.210526
3 308 26.000000 20.000000 0.230769
3 309 22.000000 19.000000 0.136364
3 310 12.000000 12.000000 0.000000
3 311 46.000000 32.000000 0.304348
3 312 20.000000 17.000000 0.150000
3 313 28.000000 24.000000 0.142857
3 314 10.000000 10.000000 0.000000
3 315 24.000000 21.000000 0.125000
3 316 25.000000 23.000000 0.080000
3 317 39.000000 33.000000 0.153846
3 318 24.000000 21.000000 0.125000
3 319 19.000000 17.000000 0.105263
3 320 32.000000 27.000000 0.156250
3 321 16.000000 16.000000 0.000000
3 322 16.000000 13.000000 0.187500
3 323 20.000000 20.000000 0.000000
3 324 28.000000 20.000000 0.285714
3 325 28.000000 22.000000 0.214286
3 326 21.000000 19.000000 0.095238
3 327 34.000000 28.000000 0.176471
3 328 39.000000 30.000000 0.230769
3 329 30.000000 23.000000 0.233333
3 330 16.000000 14.000000 0.125000
3 331 32.000000 25.000000 0.218750
3 332 21.000000 16.000000 0.238095
3 333 26.000000 22.000000 0.153846
3 334 27.000000 23.000000 0.148148
3 335 26.000000 23.000000 0.115385
3 336 26.000000 20.000000 0.230769
3 337 19.000000 18.000000 0.052632
3 338 29.000000 24.000000 0.172414
3 339 14.000000 14.000000 0.000000
3 340 16.000000 12.000000 0.250000
3 341 33.000000 27.000000 0.181818
3 342 22.000000 21.000000 0.045455
3 343 12.000000 12.000000 0.000000
3 344 22.000000 19.000000 0.136364
3 345 25.000000 21.000000 0.160000
3 346 28.000000 21.000000 0.250000
3 347 34.000000 29.000000 0.147059
3 348 21.000000 20.000000 0.047619
3 349 16.000000 15.000000 0.062500
3 350 31.000000 28.000000 0.096774
3 351 21.000000 19.000000 0.095238
3 352 17.000000 16.000000 0.058824
3 353 26.000000 19.000000 0.269231
3 354 19.000000 17.000000 0.105263
3 355 24.000000 23.000000 0.041667
3 356 18.000000 16.000000 0.111111
3 357 38.000000 30.000000 0.210526
3 358 25.000000 25.000000 0.000000
3 359 25.000000 17.000000 0.320000
3 360 25.000000 23.000000 0.080000
3 361 28.000000 23.000000 0.178571
3 362 33.000000 31.000000 0.060606
3 363 16.000000 14.000000 0.125000
3 364 25.000000 23.000000 0.080000
3 365 30.000000 26.000000 0.133333
3 366 23.000000 19.000000 0.173913
3 367 25.000000 21.000000 0.160000
3 368 33.000000 27.000000 0.181818
3 369 18.000000 15.000000 0.166667
3 370 17.000000 14.000000 0.176471
3 371 33.000000 25.000000 0.242424
3 372 34.000000 31.000000 0.088235
3 373 15.000000 15.000000 0.000000
3 374 22.000000 19.000000 0.136364
3 375 29.000000 22.000000 0.241379
3 376 25.000000 20.000000 0.200000
3 377 28.000000 24.000000 0.142857
3 378 17.000000 16.000000 0.058824
3 379 26.000000 22.000000 0.153846
3 380 26.000000 20.000000 0.230769
3 381 17.000000 15.000000 0.117647
3 382 35.000000 26.000000 0.257143
3 383 21.000000 18.000000 0.142857
3 384 17.000000 15.000000 0.117647
3 385 37.000000 29.000000 0.216216
3 386 27.000000 24.000000 0.111111
3 387 26.000000 23.000000 0.115385
3 388 21.000000 19.000000 0.095238
3 389 18.000000 17.000000 0.055556
3 390 33.000000 29.000000 0.121212
3 391 24.000000 20.000000 0.166667
3 392 29.000000 23.000000 0.206897
3 393 40.000000 32.000000 0.200000
3 394 27.000000 23.000000 0.148148
3 395 12.000000 11.000000 0.083333
3 396 18.000000 17.000000 0.055556
3 397 30.000000 21.000000 0.300000
3 398 34.000000 30.000000 0.117647
3 399 26.000000 22.000000 0.153846
3 400 20.000000 19.000000 0.050000
4 1 49.000000 41.000000 0.163265
4 2 39.000000 34.000000 0.128205
4 3 42.000000 37.000000 0.119048
4 4 56.000000 47.000000 0.160714
4 5 33.000000 28.000000 0.151515
4 6 63.000000 58.000000 0.079365
4 7 33.000000 32.000000 0.030303
4 8 56.000000 44.000000 0.214286
4 9 39.000000 31.000000 0.205128
4 10 45.000000 38.000000 0.155556
4 11 41.000000 32.000000 0.219512
4 12 50.000000 43.000000 0.140000
4 13 62.000000 52.000000 0.161290
4 14 44.000000 38.000000 0.136364
4 15 57.000000 49.000000 0.140351
4 16 34.000000 26.000000 0.235294
4 17 53.000000 41.000000 0.226415
4 18 52.000000 44.000000 0.153846
4 19 35.000000 33.000000 0.057143
4 20 54.000000 40.000000 0.259259
4 21 40.000000 33.000000 0.175000
4 22 72.000000 55.000000 0.236111
4 23 47.000000 39.000000 0.170213
4 24 47.000000 39.000000 0.170213
4 25 40.000000 35.000000 0.125000
4 26 78.000000 59.000000 0.243590
4 27 46.000000 39.000000 0.152174
4 28 55.000000 46.000000 0.163636
4 29 44.000000 37.000000 0.159091
4 30 80.000000 63.000000 0.212500
4 31 31.000000 27.000000 0.129032
4 32 56.000000 52.000000 0.071429
4 33 54.000000 48.000000 0.111111
4 34 91.000000 64.000000 0.296703
4 35 38.000000 31.000000 0.184211
4 36 44.000000 39.000000 0.113636
4 37 43.000000 36.000000 0.162791
4 38 53.000000 49.000000 0.075472
4 39 50.000000 38.000000 0.240000
4 40 45.000000 41.000000 0.088889
4 41 40.000000 32.000000 0.200000
4 42 45.000000 36.000000 0.200000
4 43 57.000000 48.000000 0.157895
4 44 45.000000 39.000000 0.133333
4 45 54.000000 51.000000 0.055556
4 46 67.000000 53.000000 0.208955
4 47 80.000000 63.000000 0.212500
4 48 76.000000 64.000000 0.157895
4 49 71.000000 56.000000 0.211268
4 50 30.000000 26.000000 0.133333
4 51 52.000000 43.000000 0.173077
4 52 51.000000 46.000000 0.098039
4 53 41.000000 31.000000 0.243902
4 54 66.000000 54.000000 0.181818
4 55 35.000000 28.000000 0.200000
4 56 52.000000 46.000000 0.115385
4 57 25.000000 23.000000 0.080000
4 58 58.000000 51.000000 0.120690
4 59 72.000000 58.000000 0.194444
4 60 42.000000 39.000000 0.071429
4 61 48.000000 43.000000 0.104167
4 62 57.000000 47.000000 0.175439
4 63 52.000000 44.000000 0.153846
4 64 50.000000 45.000000 0.100000
4 65 61.000000 55.000000 0.098361
4 66 73.000000 58.000000 0.205479
4 67 47.000000 40.000000 0.148936
4 68 51.000000 41.000000 0.196078
4 69 45.000000 40.000000 0.111111
4 70 41.000000 36.000000 0.121951
4 71 40.000000 35.000000 0.125000
4 72 66.000000 52.000000 0.212121
4 73 32.000000 29.000000 0.093750
4 74 51.000000 41.000000 0.196078
4 75 38.000000 31.000000 0.184211
4 76 43.000000 39.000000 0.093023
4 77 66.000000 52.000000 0.212121
4 78 64.000000 55.000000 0.140625
4 79 65.000000 52.000000 0.200000
4 80 51.000000 42.000000 0.176471
4 81 67.000000 54.000000 0.194030
4 82 55.000000 44.000000 0.200000
4 83 42.000000 32.000000 0.238095
4 84 52.000000 41.000000 0.211538
4 85 52.000000 43.000000 0.173077
4 86 63.000000 52.000000 0.174603
4 87 45.000000 38.000000 0.155556
4 88 64.000000 51.000000 0.203125
4 89 49.000000 39.000000 0.204082
4 90 45.000000 39.000000 0.133333
4 91 50.000000 42.000000 0.160000
4 92 47.000000 38.000000 0.191489
4 93 50.000000 40.000000 0.200000
4 94 45.000000 33.000000 0.266667
4 95 62.000000 49.000000 0.209677
4 96 52.000000 45.000000 0.134615
4 97 54.000000 46.000000 0.148148
4 98 76.000000 61.000000 0.197368
4 99 46.000000 42.000000 0.086957
4 100 62.000000 50.000000 0.193548
4 101 90.000000 64.000000 0.288889
4 102 68.000000 54.000000 0.205882
4 103 47.000000 38.000000 0.191489
4 104 58.000000 51.000000 0.120690
4 105 64.000000 53.000000 0.171875
4 106 59.000000 49.000000 0.169492
4 107 52.000000 39.000000 0.250000
4 108 55.000000 46.000000 0.163636
4 109 46.000000 42.000000 0.086957
4 110 21.000000 18.000000 0.142857
4 111 52.000000 42.000000 0.192308
4 112 56.000000 48.000000 0.142857
4 113 43.000000 37.000000 0.139535
4 114 46.000000 42.000000 0.086957
4 115 69.000000 53.000000 0.231884
4 116 52.000000 44.000000 0.153846
4 117 45.000000 39.000000 0.133333
4 118 56.000000 45.000000 0.196429
4 119 60.000000 51.000000 0.150000
4 120 70.000000 56.000000 0.200000
4 121 67.000000 54.000000 0.194030
4 122 44.000000 38.000000 0.136364
4 123 69.000000 54.000000 0.217391
4 124 65.000000 52.000000 0.200000
4 125 59.000000 50.000000 0.152542
4 126 37.000000 33.000000 0.108108
4 127 47.000000 41.000000 0.127660
4 128 60.000000 47.000000 0.216667
4 129 63.000000 52.000000 0.174603
4 130 44.000000 40.000000 0.090909
4 131 32.000000 28.000000 0.125000
4 132 59.000000 50.000000 0.152542
4 133 62.000000 47.000000 0.241935
4 134 27.000000 23.000000 0.148148
4 135 84.000000 63.000000 0.250000
4 136 53.000000 43.000000 0.188679
4 137 50.000000 44.000000 0.120000
4 138 36.000000 33.000000 0.083333
4 139 53.000000 48.000000 0.094340
4 140 30.000000 28.000000 0.066667
4 141 31.000000 28.000000 0.096774
4 142 42.000000 34.000000 0.190476
4 143 83.000000 71.000000 0.144578
4 144 41.000000 37.000000 0.097561
4 145 54.000000 46.000000 0.148148
4 146 42.000000 35.000000 0.166667
4 147 52.000000 41.000000 0.211538
4 148 35.000000 34.000000 0.028571
4 149 32.000000 29.000000 0.093750
4 150 58.000000 46.000000 0.206897
4 151 51.000000 47.000000 0.078431
4 152 47.000000 45.000000 0.042553
4 153 23.000000 22.000000 0.043478
4 154 52.000000 42.000000 0.192308
4 155 64.000000 53.000000 0.171875
4 156 48.000000 41.000000 0.145833
4 157 66.000000 54.000000 0.181818
4 158 44.000000 40.000000 0.090909
4 159 42.000000 36.000000 0.142857
4 160 59.000000 49.000000 0.169492
4 161 54.000000 40.000000 0.259259
4 162 57.000000 44.000000 0.228070
4 163 65.000000 50.000000 0.230769
4 164 29.000000 25.000000 0.137931
4 165 56.000000 44.000000 0.214286
4 166 69.000000 56.000000 0.188406
4 167 60.000000 53.000000 0.116667
4 168 61.000000 52.000000 0.147541
4 169 63.000000 51.000000 0.190476
4 170 42.000000 34.000000 0.190476
4 171 47.000000 38.000000 0.191489
4 172 68.000000 56.000000 0.176471
4 173 37.000000 31.000000 0.162162
4 174 42.000000 39.000000 0.071429
4 175 52.000000 46.000000 0.115385
4 176 48.000000 43.000000 0.104167
4 177 43.000000 35.000000 0.186047
4 178 57.000000 45.000000 0.210526
4 179 41.000000 32.000000 0.219512
4 180 48.000000 41.000000 0.145833
4 181 33.000000 28.000000 0.151515
4 182 53.000000 41.000000 0.226415
4 183 60.000000 48.000000 0.200000
4 184 61.000000 50.000000 0.180328
4 185 42.000000 34.000000 0.190476
4 186 47.000000 39.000000 0.170213
4 187 67.000000 55.000000 0.179104
4 188 43.000000 37.000000 0.139535
4 189 57.000000 48.000000 0.157895
4 190 51.000000 43.000000 0.156863
4 191 34.000000 29.000000 0.147059
4 192 55.000000 42.000000 0.236364
4 193 49.000000 44.000000 0.102041
4 194 36.000000 34.000000 0.055556
4 195 30.000000 28.000000 0.066667
4 196 40.000000 36.000000 0.100000
4 197 38.000000 36.000000 0.052632
4 198 38.000000 36.000000 0.052632
4 199 64.000000 50.000000 0.218750
4 200 54.000000 45.000000 0.166667
4 201 79.000000 66.000000 0.164557
4 202 44.000000 38.000000 0.136364
4 203 53.000000 44.000000 0.169811
4 204 33.000000 33.000000 0.000000
4 205 83.000000 64.000000 0.228916
4 206 88.000000 67.000000 0.238636
4 207 52.000000 45.000000 0.134615
4 208 57.000000 48.000000 0.157895
4 209 55.000000 50.000000 0.090909
4 210 60.000000 51.000000 0.150000
4 211 48.000000 40.000000 0.166667
4 212 44.000000 36.000000 0.181818
4 213 59.000000 48.000000 0.186441
4 214 29.000000 21.000000 0.275862
4 215 64.000000 51.000000 0.203125
4 216 55.000000 47.000000 0.145455
4 217 66.000000 56.000000 0.151515
4 218 78.000000 61.000000 0.217949
4 219 41.000000 35.000000 0.146341
4 220 48.000000 42.000000 0.125000
4 221 67.000000 53.000000 0.208955
4 222 54.000000 42.000000 0.222222
4 223 53.000000 40.000000 0.245283
4 224 42.000000 38.000000 0.095238
4 225 49.000000 40.000000 0.183673
4 226 72.000000 53.000000 0.263889
4 227 73.000000 60.000000 0.178082
4 228 54.000000 47.000000 0.129630
4 229 66.000000 52.000000 0.212121
4 230 39.000000 32.000000 0.179487
4 231 37.000000 33.000000 0.108108
4 232 33.000000 32.000000 0.030303
4 233 43.000000 33.000000 0.232558
4 234 33.000000 32.000000 0.030303
4 235 35.000000 30.000000 0.142857
4 236 55.000000 45.000000 0.181818
4 237 53.000000 43.000000 0.188679
4 238 31.000000 26.000000 0.161290
4 239 59.000000 56.000000 0.050847
4 240 41.000000 35.000000 0.146341
4 241 39.000000 35.000000 0.102564
4 242 54.000000 41.000000 0.240741
4 243 33.000000 31.000000 0.060606
4 244 50.000000 42.000000 0.160000
4 245 60.000000 46.000000 0.233333
4 246 57.000000 47.000000 0.175439
4 247 58.000000 49.000000 0.155172
4 248 57.000000 48.000000 0.157895
4 249 37.000000 37.000000 0.000000
4 250 47.000000 39.000000 0.170213
4 251 47.000000 38.000000 0.191489
4 252 52.000000 41.000000 0.211538
4 253 60.000000 46.000000 0.233333
4 254 55.000000 45.000000 0.181818
4 255 46.000000 42.000000 0.086957
4 256 54.000000 40.000000 0.259259
4 257 49.000000 45.000000 0.081633
4 258 33.000000 25.000000 0.242424
4 259 52.000000 43.000000 0.173077
4 260 42.000000 36.000000 0.142857
4 261 43.000000 33.000000 0.232558
4 262 28.000000 25.000000 0.107143
4 263 41.000000 39.000000 0.048780
4 264 41.000000 36.000000 0.121951
4 265 52.000000 42.000000 0.192308
4 266 64.000000 49.000000 0.234375
4 267 60.000000 49.000000 0.183333
4 268 41.000000 41.000000 0.000000
4 269 27.000000 26.000000 0.037037
4 270 36.000000 31.000000 0.138889
4 271 66.000000 46.000000 0.303030
4 272 43.000000 40.000000 0.069767
4 273 62.000000 54.000000 0.129032
4 274 33.000000 30.000000 0.090909
4 275 51.000000 45.000000 0.117647
4 276 57.000000 49.000000 0.140351
4 277 54.000000 48.000000 0.111111
4 278 58.000000 52.000000 0.103448
4 279 51.000000 45.000000 0.117647
4 280 48.000000 37.000000 0.229167
4 281 43.000000 38.000000 0.116279
4 282 26.000000 23.000000 0.115385
4 283 58.000000 50.000000 0.137931
4 284 30.000000 24.000000 0.200000
4 285 59.000000 49.000000 0.169492
4 286 62.000000 46.000000 0.258065
4 287 52.000000 41.000000 0.211538
4 288 66.000000 51.000000 0.227273
4 289 50.000000 45.000000 0.100000
4 290 44.000000 37.000000 0.159091
4 291 50.000000 47.000000 0.060000
4 292 47.000000 40.000000 0.148936
4 293 40.000000 33.000000 0.175000
4 294 34.000000 32.000000 0.058824
4 295 56.000000 46.000000 0.178571
4 296 72.000000 60.000000 0.166667
4 297 48.000000 43.000000 0.104167
4 298 60.000000 49.000000 0.183333
4 299 60.000000 52.000000 0.133333
4 300 25.000000 21.000000 0.160000
4 301 47.000000 40.000000 0.148936
4 302 62.000000 51.000000 0.177419
4 303 50.000000 43.000000 0.140000
4 304 39.000000 34.000000 0.128205
4 305 57.000000 51.000000 0.105263
4 306 55.000000 47.000000 0.145455
4 307 19.000000 17.000000 0.105263
4 308 49.000000 45.000000 0.081633
4 309 40.000000 33.000000 0.175000
4 310 85.000000 68.000000 0.200000
4 311 50.000000 43.000000 0.140000
4 312 56.000000 45.000000 0.196429
4 313 58.000000 51.000000 0.120690
4 314 69.000000 60.000000 0.130435
4 315 56.000000 48.000000 0.142857
4 316 57.000000 51.000000 0.105263
4 317 51.000000 42.000000 0.176471
4 318 63.000000 50.000000 0.206349
4 319 65.000000 53.000000 0.184615
4 320 48.000000 41.000000 0.145833
4 321 37.000000 33.000000 0.108108
4 322 37.000000 34.000000 0.081081
4 323 55.000000 50.000000 0.090909
4 324 56.000000 44.000000 0.214286
4 325 21.000000 20.000000 0.047619
4 326 57.000000 44.000000 0.228070
4 327 57.000000 49.000000 0.140351
4 328 47.000000 46.000000 0.021277
4 329 49.000000 41.000000 0.163265
4 330 35.000000 30.000000 0.142857
4 331 53.000000 47.000000 0.113208
4 332 67.000000 57.000000 0.149254
4 333 65.000000 55.000000 0.153846
4 334 68.000000 53.000000 0.220588
4 335 67.000000 53.000000 0.208955
4 336 55.000000 49.000000 0.109091
4 337 61.000000 49.000000 0.196721
4 338 63.000000 53.000000 0.158730
4 339 45.000000 40.000000 0.111111
4 340 61.000000 53.000000 0.131148
4 341 58.000000 47.000000 0.189655
4 342 63.000000 51.000000 0.190476
4 343 44.000000 38.000000 0.136364
4 344 47.000000 41.000000 0.127660
4 345 42.000000 36.000000 0.142857
4 346 72.000000 63.000000 0.125000
4 347 65.000000 52.000000 0.200000
4 348 69.000000 55.000000 0.202899
4 349 55.000000 44.000000 0.200000
4 350 41.000000 36.000000 0.121951
4 351 43.000000 39.000000 0.093023
4 352 72.000000 59.000000 0.180556
4 353 44.000000 37.000000 0.159091
4 354 66.000000 52.000000 0.212121
4 355 45.000000 39.000000 0.133333
4 356 38.000000 36.000000 0.052632
4 357 66.000000 51.000000 0.227273
4 358 23.000000 21.000000 0.086957
4 359 38.000000 31.000000 0.184211
4 360 46.000000 39.000000 0.152174
4 361 54.000000 47.000000 0.129630
4 362 73.000000 57.000000 0.219178
4 363 46.000000 39.000000 0.152174
4 364 39.000000 30.000000 0.230769
4 365 60.000000 46.000000 0.233333
4 366 32.000000 27.000000 0.156250
4 367 34.000000 32.000000 0.058824
4 368 40.000000 33.000000 0.175000
4 369 78.000000 61.000000 0.217949
4 370 75.000000 63.000000 0.160000
4 371 42.000000 36.000000 0.142857
4 372 62.000000 53.000000 0.145161
4 373 55.000000 43.000000 0.218182
4 374 70.000000 57.000000 0.185714
4 375 54.000000 49.000000 0.092593
4 376 48.000000 43.000000 0.104167
4 377 58.000000 49.000000 0.155172
4 378 55.000000 48.000000 0.127273
4 379 52.000000 45.000000 0.134615
4 380 56.000000 46.000000 0.178571
4 381 63.000000 49.000000 0.222222
4 382 66.000000 59.000000 0.106061
4 383 51.000000 43.000000 0.156863
4 384 49.000000 44.000000 0.102041
4 385 43.000000 38.000000 0.116279
4 386 72.000000 59.000000 0.180556
4 387 52.000000 42.000000 0.192308
4 388 44.000000 39.000000 0.113636
4 389 53.000000 45.000000 0.150943
4 390 57.000000 54.000000 0.052632
4 391 45.000000 34.000000 0.244444
4 392 60.000000 45.000000 0.250000
4 393 65.000000 50.000000 0.230769
4 394 59.000000 48.000000 0.186441
4 395 59.000000 51.000000 0.135593
4 396 35.000000 31.000000 0.114286
4 397 51.000000 46.000000 0.098039
4 398 43.000000 36.000000 0.162791
4 399 37.000000 34.000000 0.081081
4 400 33.000000 26.000000 0.212121
5 1 63.000000 61.000000 0.031746
5 2 164.000000 129.000000 0.213415
5 3 140.000000 110.000000 0.214286
5 4 122.000000 105.000000 0.139344
5 5 103.000000 87.000000 0.155340
5 6 137.000000 109.000000 0.204380
5 7 75.000000 67.000000 0.106667
5 8 119.000000 102.000000 0.142857
5 9 118.000000 101.000000 0.144068
5 10 72.000000 64.000000 0.111111
5 11 101.000000 85.000000 0.158416
5 12 105.000000 93.000000 0.114286
5 13 132.000000 104.000000 0.212121
5 14 84.000000 74.000000 0.119048
5 15 124.000000 104.000000 0.161290
5 16 139.000000 120.000000 0.136691
5 17 127.000000 110.000000 0.133858
5 18 106.000000 89.000000 0.160377
5 19 100.000000 77.000000 0.230000
5 20 124.000000 100.000000 0.193548
5 21 155.000000 122.000000 0.212903
5 22 106.000000 83.000000 0.216981
5 23 43.000000 39.000000 0.093023
5 24 117.000000 97.000000 0.170940
5 25 154.000000 127.000000 0.175325
5 26 81.000000 68.000000 0.160494
5 27 103.000000 87.000000 0.155340
5 28 98.000000 89.000000 0.091837
5 29 97.000000 82.000000 0.154639
5 30 116.000000 93.000000 0.198276
5 31 60.000000 48.000000 0.200000
5 32 97.000000 83.000000 0.144330
5 33 100.000000 96.000000 0.040000
5 34 157.000000 126.000000 0.197452
5 35 160.000000 133.000000 0.168750
5 36 75.000000 63.000000 0.160000
5 37 104.000000 89.000000 0.144231
5 38 89.000000 71.000000 0.202247
5 39 97.000000 86.000000 0.113402
5 40 166.000000 143.000000 0.138554
5 41 140.000000 116.000000 0.171429
5 42 117.000000 98.000000 0.162393
5 43 65.000000 51.000000 0.215385
5 44 99.000000 81.000000 0.181818
5 45 66.000000 63.000000 0.045455
5 46 117.000000 94.000000 0.196581
5 47 69.000000 61.000000 0.115942
5 48 107.000000 94.000000 0.121495
5 49 93.000000 76.000000 0.182796
5 50 134.000000 102.000000 0.238806
5 51 123.000000 93.000000 0.243902
5 52 107.000000 93.000000 0.130841
5 53 103.000000 89.000000 0.135922
5 54 103.000000 83.000000 0.194175
5 55 88.000000 77.000000 0.125000
5 56 114.000000 89.000000 0.219298
5 57 109.000000 92.000000 0.155963
5 58 117.000000 93.000000 0.205128
5 59 126.000000 105.000000 0.166667
5 60 61.000000 48.000000 0.213115
5 61 109.000000 99.000000 0.091743
5 62 103.000000 85.000000 0.174757
5 63 128.000000 112.000000 0.125000
5 64 131.000000 106.000000 0.190840
5 65 100.000000 83.000000 0.170000
5 66 80.000000 71.000000 0.112500
5 67 84.000000 71.000000 0.154762
5 68 111.000000 90.000000 0.189189
5 69 105.000000 83.000000 0.209524
5 70 111.000000 94.000000 0.153153
5 71 99.000000 82.000000 0.171717
5 72 108.000000 88.000000 0.185185
5 73 110.000000 90.000000 0.181818
5 74 61.000000 57.000000 0.065574
5 75 81.000000 68.000000 0.160494
5 76 146.000000 118.000000 0.191781
5 77 102.000000 84.000000 0.176471
5 78 141.000000 114.000000 0.191489
5 79 87.000000 74.000000 0.149425
5 80 151.000000 118.000000 0.218543
5 81 111.000000 97.000000 0.126126
5 82 110.000000 90.000000 0.181818
5 83 122.000000 97.000000 0.204918
5 84 112.000000 95.000000 0.151786
5 85 147.000000 123.000000 0.163265
5 86 92.000000 72.000000 0.217391
5 87 92.000000 73.000000 0.206522
5 88 128.000000 95.000000 0.257812
5 89 110.000000 87.000000 0.209091
5 90 96.000000 77.000000 0.197917
5 91 139.000000 111.000000 0.201439
5 92 60.000000 49.000000 0.183333
5 93 88.000000 72.000000 0.181818
5 94 122.000000 102.000000 0.163934
5 95 89.000000 72.000000 0.191011
5 96 81.000000 61.000000 0.246914
5 97 91.000000 76.000000 0.164835
5 98 67.000000 59.000000 0.119403
5 99 103.000000 91.000000 0.116505
5 100 103.000000 90.000000 0.126214
5 101 68.000000 61.000000 0.102941
5 102 117.000000 96.000000 0.179487
5 103 71.000000 61.000000 0.140845
5 104 103.000000 78.000000 0.242718
5 105 104.000000 81.000000 0.221154
5 106 110.000000 93.000000 0.154545
5 107 123.000000 98.000000 0.203252
5 108 142.000000 110.000000 0.225352
5 109 120.000000 98.000000 0.183333
5 110 97.000000 88.000000 0.092784
5 111 93.000000 73.000000 0.215054
5 112 107.000000 89.000000 0.168224
5 113 109.000000 83.000000 0.238532
5 114 76.000000 64.000000 0.157895
5 115 99.000000 81.000000 0.181818
5 116 139.000000 115.000000 0.172662
5 117 147.000000 118.000000 0.197279
5 118 82.000000 70.000000 0.146341
5 119 89.000000 75.000000 0.157303
5 120 136.000000 110.000000 0.191176
5 121 111.000000 88.000000 0.207207
5 122 93.000000 73.000000 0.215054
5 123 64.000000 54.000000 0.156250
5 124 133.000000 115.000000 0.135338
5 125 99.000000 77.000000 0.222222
5 126 116.000000 102.000000 0.120690
5 127 65.000000 57.000000 0.123077
5 128 69.000000 61.000000 0.115942
5 129 83.000000 77.000000 0.072289
5 130 86.000000 80.000000 0.069767
5 131 74.000000 59.000000 0.202703
5 132 93.000000 83.000000 0.107527
5 133 77.000000 63.000000 0.181818
5 134 99.000000 87.000000 0.121212
5 135 111.000000 91.000000 0.180180
5 136 72.000000 64.000000 0.111111
5 137 97.000000 82.000000 0.154639
5 138 128.000000 104.000000 0.187500
5 139 110.000000 95.000000 0.136364
5 140 89.000000 72.000000 0.191011
5 141 104.000000 82.000000 0.211538
5 142 107.000000 98.000000 0.084112
5 143 101.000000 82.000000 0.188119
5 144 88.000000 70.000000 0.204545
5 145 111.000000 82.000000 0.261261
5 146 61.000000 50.000000 0.180328
5 147 88.000000 71.000000 0.193182
5 148 100.000000 83.000000 0.170000
5 149 94.000000 84.000000 0.106383
5 150 155.000000 121.000000 0.219355
5 151 136.000000 111.000000 0.183824
5 152 103.000000 87.000000 0.155340
5 153 122.000000 94.000000 0.229508
5 154 130.000000 104.000000 0.200000
5 155 109.000000 92.000000 0.155963
5 156 126.000000 108.000000 0.142857
5 157 99.000000 78.000000 0.212121
5 158 138.000000 124.000000 0.101449
5 159 100.000000 93.000000 0.070000
5 160 166.000000 138.000000 0.168675
5 161 87.000000 70.000000 0.195402
5 162 101.000000 83.000000 0.178218
5 163 81.000000 69.000000 0.148148
5 164 146.000000 119.000000 0.184932
5 165 173.000000 135.000000 0.219653
5 166 118.000000 95.000000 0.194915
5 167 78.000000 66.000000 0.153846
5 168 120.000000 101.000000 0.158333
5 169 125.000000 113.000000 0.096000
5 170 58.000000 48.000000 0.172414
5 171 90.000000 72.000000 0.200000
5 172 89.000000 73.000000 0.179775
5 173 58.000000 49.000000 0.155172
5 174 119.000000 93.000000 0.218487
5 175 115.000000 100.000000 0.130435
5 176 102.000000 87.000000 0.147059
5 177 99.000000 88.000000 0.111111
5 178 53.000000 44.000000 0.169811
5 179 135.000000 110.000000 0.185185
5 180 126.000000 100.000000 0.206349
5 181 146.000000 117.000000 0.198630
5 182 92.000000 82.000000 0.108696
5 183 110.000000 86.000000 0.218182
5 184 86.000000 65.000000 0.244186
5 185 89.000000 84.000000 0.056180
5 186 82.000000 73.000000 0.109756
5 187 167.000000 141.000000 0.155689
5 188 123.000000 110.000000 0.105691
5 189 49.000000 46.000000 0.061224
5 190 110.000000 95.000000 0.136364
5 191 109.000000 87.000000 0.201835
5 192 72.000000 59.000000 0.180556
5 193 120.000000 100.000000 0.166667
5 194 123.000000 108.000000 0.121951
5 195 94.000000 86.000000 0.085106
5 196 158.000000 123.000000 0.221519
5 197 79.000000 65.000000 0.177215
5 198 91.000000 76.000000 0.164835
5 199 83.000000 67.000000 0.192771
5 200 140.000000 109.000000 0.221429
5 201 123.000000 93.000000 0.243902
5 202 124.000000 98.000000 0.209677
5 203 133.000000 108.000000 0.187970
5 204 69.000000 62.000000 0.101449
5 205 60.000000 47.000000 0.216667
5 206 135.000000 112.000000 0.170370
5 207 125.000000 95.000000 0.240000
5 208 74.000000 60.000000 0.189189
5 209 122.000000 109.000000 0.106557
5 210 114.000000 91.000000 0.201754
5 211 71.000000 64.000000 0.098592
5 212 59.000000 51.000000 0.135593
5 213 118.000000 104.000000 0.118644
5 214 114.000000 100.000000 0.122807
5 215 108.000000 86.000000 0.203704
5 216 102.000000 86.000000 0.156863
5 217 134.000000 107.000000 0.201493
5 218 94.000000 83.000000 0.117021
5 219 100.000000 76.000000 0.240000
5 220 47.000000 42.000000 0.106383
5 221 124.000000 93.000000 0.250000
5 222 98.000000 80.000000 0.183673
5 223 92.000000 77.000000 0.163043
5 224 98.000000 78.000000 0.204082
5 225 90.000000 83.000000 0.077778
5 226 92.000000 88.000000 0.043478
5 227 128.000000 102.000000 0.203125
5 228 85.000000 74.000000 0.129412
5 229 110.000000 96.000000 0.127273
5 230 98.000000 85.000000 0.132653
5 231 100.000000 86.000000 0.140000
5 232 105.000000 81.000000 0.228571
5 233 122.000000 101.000000 0.172131
5 234 71.000000 58.000000 0.183099
5 235 132.000000 110.000000 0.166667
5 236 88.000000 70.000000 0.204545
5 237 118.000000 86.000000 0.271186
5 238 122.000000 101.000000 0.172131
5 239 122.000000 103.000000 0.155738
5 240 151.000000 125.000000 0.172185
5 241 105.000000 82.000000 0.219048
5 242 118.000000 106.000000 0.101695
5 243 71.000000 70.000000 0.014085
5 244 68.000000 53.000000 0.220588
5 245 154.000000 128.000000 0.168831
5 246 160.000000 125.000000 0.218750
5 247 146.000000 122.000000 0.164384
5 248 129.000000 108.000000 0.162791
5 249 107.000000 83.000000 0.224299
5 250 158.000000 130.000000 0.177215
5 251 102.000000 86.000000 0.156863
5 252 67.000000 63.000000 0.059701
5 253 103.000000 86.000000 0.165049
5 254 97.000000 89.000000 0.082474
5 255 86.000000 70.000000 0.186047
5 256 129.000000 107.000000 0.170543
5 257 110.000000 95.000000 0.136364
5 258 85.000000 79.000000 0.070588
5 259 121.000000 94.000000 0.223140
5 260 157.000000 125.000000 0.203822
5 261 127.000000 108.000000 0.149606
5 262 86.000000 75.000000 0.127907
5 263 70.000000 52.000000 0.257143
5 264 95.000000 73.000000 0.231579
5 265 117.000000 89.000000 0.239316
5 266 93.000000 80.000000 0.139785
5 267 117.000000 95.000000 0.188034
5 268 109.000000 89.000000 0.183486
5 269 43.000000 38.000000 0.116279
5 270 110.000000 93.000000 0.154545
5 271 70.000000 62.000000 0.114286
5 272 104.000000 78.000000 0.250000
5 273 91.000000 73.000000 0.197802
5 274 100.000000 85.000000 0.150000
5 275 126.000000 108.000000 0.142857
5 276 71.000000 58.000000 0.183099
5 277 88.000000 66.000000 0.250000
5 278 62.000000 55.000000 0.112903
5 279 81.000000 71.000000 0.123457
5 280 58.000000 49.000000 0.155172
5 281 157.000000 125.000000 0.203822
5 282 85.000000 70.000000 0.176471
5 283 97.000000 91.000000 0.061856
5 284 111.000000 92.000000 0.171171
5 285 90.000000 71.000000 0.211111
5 286 107.000000 87.000000 0.186916
5 287 111.000000 92.000000 0.171171
5 288 71.000000 61.000000 0.140845
5 289 122.000000 102.000000 0.163934
5 290 105.000000 90.000000 0.142857
5 291 92.000000 76.000000 0.173913
5 292 109.000000 96.000000 0.119266
5 293 137.000000 109.000000 0.204380
5 294 138.000000 110.000000 0.202899
5 295 147.000000 118.000000 0.197279
5 296 96.000000 79.000000 0.177083
5 297 129.000000 100.000000 0.224806
5 298 155.000000 121.000000 0.219355
5 299 84.000000 80.000000 0.047619
5 300 120.000000 96.000000 0.200000
5 301 104.000000 88.000000 0.153846
5 302 154.000000 117.000000 0.240260
5 303 106.000000 94.000000 0.113208
5 304 109.000000 88.000000 0.192661
5 305 120.000000 99.000000 0.175000
5 306 83.000000 72.000000 0.132530
5 307 68.000000 57.000000 0.161765
5 308 83.000000 75.000000 0.096386
5 309 120.000000 102.000000 0.150000
5 310 87.000000 74.000000 0.149425
5 311 69.000000 59.000000 0.144928
5 312 122.000000 105.000000 0.139344
5 313 80.000000 68.000000 0.150000
5 314 146.000000 122.000000 0.164384
5 315 92.000000 81.000000 0.119565
5 316 117.000000 91.000000 0.222222
5 317 69.000000 61.000000 0.115942
5 318 113.000000 90.000000 0.203540
5 319 109.000000 93.000000 0.146789
5 320 126.000000 120.000000 0.047619
5 321 95.000000 77.000000 0.189474
5 322 77.000000 71.000000 0.077922
5 323 79.000000 71.000000 0.101266
5 324 111.000000 95.000000 0.144144
5 325 76.000000 65.000000 0.144737
5 326 99.000000 75.000000 0.242424
5 327 64.000000 61.000000 0.046875
5 328 149.000000 116.000000 0.221477
5 329 86.000000 73.000000 0.151163
5 330 101.000000 75.000000 0.257426
5 331 79.000000 62.000000 0.215190
5 332 145.000000 127.000000 0.124138
5 333 162.000000 121.000000 0.253086
5 334 110.000000 89.000000 0.190909
5 335 155.000000 121.000000 0.219355
5 336 124.000000 97.000000 0.217742
5 337 124.000000 117.000000 0.056452
5 338 139.000000 108.000000 0.223022
5 339 133.000000 112.000000 0.157895
5 340 93.000000 81.000000 0.129032
5 341 94.000000 79.000000 0.159574
5 342 80.000000 70.000000 0.125000
5 343 125.000000 103.000000 0.176000
5 344 108.000000 89.000000 0.175926
5 345 79.000000 67.000000 0.151899
5 346 121.000000 99.000000 0.181818
5 347 98.000000 83.000000 0.153061
5 348 69.000000 64.000000 0.072464
5 349 100.000000 96.000000 0.040000
5 350 92.000000 78.000000 0.152174
5 351 50.000000 43.000000 0.140000
5 352 119.000000 101.000000 0.151261
5 353 95.000000 78.000000 0.178947
5 354 137.000000 112.000000 0.182482
5 355 77.000000 67.000000 0.129870
5 356 130.000000 106.000000 0.184615
5 357 87.000000 75.000000 0.137931
5 358 91.000000 74.000000 0.186813
5 359 135.000000 112.000000 0.170370
5 360 121.000000 103.000000 0.148760
5 361 54.000000 48.000000 0.111111
5 362 98.000000 82.000000 0.163265
5 363 71.000000 62.000000 0.126761
5 364 45.000000 41.000000 0.088889
5 365 67.000000 54.000000 0.194030
5 366 64.000000 54.000000 0.156250
5 367 95.000000 82.000000 0.136842
5 368 107.000000 87.000000 0.186916
5 369 111.000000 98.000000 0.117117
5 370 54.000000 47.000000 0.129630
5 371 27.000000 25.000000 0.074074
5 372 74.000000 59.000000 0.202703
5 373 139.000000 119.000000 0.143885
5 374 161.000000 126.000000 0.217391
5 375 107.000000 87.000000 0.186916
5 376 137.000000 100.000000 0.270073
5 377 102.000000 91.000000 0.107843
5 378 107.000000 86.000000 0.196262
5 379 167.000000 135.000000 0.191617
5 380 89.000000 74.000000 0.168539
5 381 71.000000 62.000000 0.126761
5 382 149.000000 114.000000 0.234899
5 383 116.000000 95.000000 0.181034
5 384 82.000000 68.000000 0.170732
5 385 74.000000 66.000000 0.108108
5 386 63.000000 58.000000 0.079365
5 387 110.000000 92.000000 0.163636
5 388 80.000000 65.000000 0.187500
5 389 97.000000 85.000000 0.123711
5 390 81.000000 70.000000 0.135802
5 391 106.000000 88.000000 0.169811
5 392 85.000000 72.000000 0.152941
5 393 102.000000 79.000000 0.225490
5 394 96.000000 83.000000 0.135417
5 395 103.000000 86.000000 0.165049
5 396 108.000000 87.000000 0.194444
5 397 98.000000 82.000000 0.163265
5 398 113.000000 92.000000 0.185841
5 399 65.000000 56.000000 0.138462
5 400 138.000000 110.000000 0.202899
6 1 233.000000 200.000000 0.141631
6 2 140.000000 118.000000 0.157143
6 3 257.000000 205.000000 0.202335
6 4 148.000000 126.000000 0.148649
6 5 169.000000 141.000000 0.165680
6 6 252.000000 224.000000 0.111111
6 7 285.000000 223.000000 0.217544
6 8 264.000000 225.000000 0.147727
6 9 162.000000 127.000000 0.216049
6 10 101.000000 84.000000 0.168317
6 11 278.000000 227.000000 0.183453
6 12 203.000000 165.000000 0.187192
6 13 180.000000 161.000000 0.105556
6 14 237.000000 208.000000 0.122363
6 15 233.000000 189.000000 0.188841
6 16 143.000000 116.000000 0.188811
6 17 142.000000 125.000000 0.119718
6 18 234.000000 199.000000 0.149573
6 19 302.000000 249.000000 0.175497
6 20 267.000000 230.000000 0.138577
6 21 229.000000 185.000000 0.192140
6 22 187.000000 153.000000 0.181818
6 23 209.000000 186.000000 0.110048
6 24 161.000000 125.000000 0.223602
6 25 227.000000 191.000000 0.158590
6 26 196.000000 160.000000 0.183673
6 27 142.000000 124.000000 0.126761
6 28 233.000000 193.000000 0.171674
6 29 218.000000 185.000000 0.151376
6 30 229.000000 188.000000 0.179039
6 31 235.000000 197.000000 0.161702
6 32 213.000000 183.000000 0.140845
6 33 219.000000 185.000000 0.155251
6 34 361.000000 282.000000 0.218837
6 35 260.000000 210.000000 0.192308
6 36 238.000000 191.000000 0.197479
6 37 244.000000 205.000000 0.159836
6 38 218.000000 172.000000 0.211009
6 39 260.000000 205.000000 0.211538
6 40 249.000000 219.000000 0.120482
6 41 213.000000 172.000000 0.192488
6 42 212.000000 178.000000 0.160377
6 43 293.000000 265.000000 0.095563
6 44 217.000000 187.000000 0.138249
6 45 232.000000 200.000000 0.137931
6 46 397.000000 304.000000 0.234257
6 47 255.000000 212.000000 0.168627
6 48 180.000000 151.000000 0.161111
6 49 281.000000 234.000000 0.167260
6 50 156.000000 125.000000 0.198718
6 51 251.000000 209.000000 0.167331
6 52 189.000000 159.000000 0.158730
6 53 258.000000 191.000000 0.259690
6 54 211.000000 166.000000 0.213270
6 55 262.000000 219.000000 0.164122
6 56 222.000000 194.000000 0.126126
6 57 165.000000 134.000000 0.187879
6 58 249.000000 197.000000 0.208835
6 59 175.000000 145.000000 0.171429
6 60 209.000000 189.000000 0.095694
6 61 196.000000 182.000000 0.071429
6 62 294.000000 243.000000 0.173469
6 63 237.000000 195.000000 0.177215
6 64 229.000000 187.000000 0.183406
6 65 219.000000 180.000000 0.178082
6 66 242.000000 212.000000 0.123967
6 67 244.000000 206.000000 0.155738
6 68 210.000000 163.000000 0.223810
6 69 221.000000 186.000000 0.158371
6 70 133.000000 120.000000 0.097744
6 71 264.000000 211.000000 0.200758
6 72 215.000000 193.000000 0.102326
6 73 268.000000 217.000000 0.190299
6 74 202.000000 179.000000 0.113861
6 75 176.000000 137.000000 0.221591
6 76 268.000000 240.000000 0.104478
6 77 214.000000 179.000000 0.163551
6 78 305.000000 260.000000 0.147541
6 79 190.000000 164.000000 0.136842
6 80 236.000000 197.000000 0.165254
6 81 123.000000 106.000000 0.138211
6 82 261.000000 215.000000 0.176245
6 83 197.000000 174.000000 0.116751
6 84 171.000000 151.000000 0.116959
6 85 99.000000 94.000000 0.050505
6 86 202.000000 178.000000 0.118812
6 87 141.000000 131.000000 0.070922
6 88 164.000000 135.000000 0.176829
6 89 173.000000 141.000000 0.184971
6 90 161.000000 145.000000 0.099379
6 91 159.000000 134.000000 0.157233
6 92 138.000000 121.000000 0.123188
6 93 259.000000 216.000000 0.166023
6 94 151.000000 120.000000 0.205298
6 95 172.000000 136.000000 0.209302
6 96 221.000000 173.000000 0.217195
6 97 208.000000 173.000000 0.168269
6 98 223.000000 180.000000 0.192825
6 99 208.000000 175.000000 0.158654
6 100 271.000000 230.000000 0.151292
6 101 117.000000 103.000000 0.119658
6 102 257.000000 214.000000 0.167315
6 103 149.000000 138.000000 0.073826
6 104 281.000000 231.000000 0.177936
6 105 260.000000 205.000000 0.211538
6 106 244.000000 205.000000 0.159836
6 107 218.000000 191.000000 0.123853
6 108 146.000000 126.000000 0.136986
6 109 176.000000 144.000000 0.181818
6 110 187.000000 165.000000 0.117647
6 111 154.000000 137.000000 0.110390
6 112 285.000000 225.000000 0.210526
6 113 168.000000 154.000000 0.083333
6 114 151.000000 133.000000 0.119205
6 115 261.000000 209.000000 0.199234
6 116 166.000000 150.000000 0.096386
6 117 311.000000 246.000000 0.209003
6 118 208.000000 156.000000 0.250000
6 119 314.000000 251.000000 0.200637
6 120 246.000000 213.000000 0.134146
6 121 208.000000 173.000000 0.168269
6 122 229.000000 189.000000 0.174672
6 123 199.000000 173.000000 0.130653
6 124 217.000000 184.000000 0.152074
6 125 269.000000 218.000000 0.189591
6 126 210.000000 171.000000 0.185714
6 127 220.000000 183.000000 0.168182
6 128 255.000000 212.000000 0.168627
6 129 263.000000 213.000000 0.190114
6 130 113.000000 97.000000 0.141593
6 131 138.000000 121.000000 0.123188
6 132 166.000000 140.000000 0.156627
6 133 251.000000 211.000000 0.159363
6 134 263.000000 211.000000 0.197719
6 135 211.000000 175.000000 0.170616
6 136 116.000000 93.000000 0.198276
6 137 164.000000 141.000000 0.140244
6 138 158.000000 138.000000 0.126582
6 139 169.000000 141.000000 0.165680
6 140 288.000000 245.000000 0.149306
6 141 266.000000 228.000000 0.142857
6 142 80.000000 67.000000 0.162500
6 143 169.000000 147.000000 0.130178
6 144 247.000000 209.000000 0.153846
6 145 230.000000 203.000000 0.117391
6 146 181.000000 152.000000 0.160221
6 147 252.000000 216.000000 0.142857
6 148 194.000000 162.000000 0.164948
6 149 169.000000 144.000000 0.147929
6 150 150.000000 137.000000 0.086667
6 151 204.000000 158.000000 0.225490
6 152 190.000000 165.000000 0.131579
6 153 239.000000 199.000000 0.167364
6 154 227.000000 189.000000 0.167401
6 155 278.000000 211.000000 0.241007
6 156 241.000000 198.000000 0.178423
6 157 221.000000 188.000000 0.149321
6 158 167.000000 138.000000 0.173653
6 159 239.000000 196.000000 0.179916
6 160 225.000000 190.000000 0.155556
6 161 193.000000 170.000000 0.119171
6 162 237.000000 175.000000 0.261603
6 163 196.000000 173.000000 0.117347
6 164 145.000000 137.000000 0.055172
6 165 104.000000 91.000000 0.125000
6 166 251.000000 207.000000 0.175299
6 167 276.000000 221.000000 0.199275
6 168 193.000000 170.000000 0.119171
6 169 305.000000 239.000000 0.216393
6 170 195.000000 165.000000 0.153846
6 171 237.000000 195.000000 0.177215
6 172 201.000000 186.000000 0.074627
6 173 118.000000 104.000000 0.118644
6 174 192.000000 157.000000 0.182292
6 175 99.000000 86.000000 0.131313
6 176 158.000000 124.000000 0.215190
6 177 174.000000 152.000000 0.126437
6 178 308.000000 243.000000 0.211039
6 179 225.000000 180.000000 0.200000
6 180 126.000000 104.000000 0.174603
6 181 286.000000 230.000000 0.195804
6 182 212.000000 198.000000 0.066038
6 183 216.000000 192.000000 0.111111
6 184 180.000000 152.000000 0.155556
6 185 132.000000 106.000000 0.196970
6 186 125.000000 102.000000 0.184000
6 187 214.000000 173.000000 0.191589
6 188 309.000000 267.000000 0.135922
6 189 234.000000 185.000000 0.209402
6 190 325.000000 249.000000 0.233846
6 191 243.000000 195.000000 0.197531
6 192 203.000000 172.000000 0.152709
6 193 361.000000 272.000000 0.246537
6 194 221.000000 193.000000 0.126697
6 195 231.000000 185.000000 0.199134
6 196 192.000000 166.000000 0.135417
6 197 203.000000 173.000000 0.147783
6 198 233.000000 197.000000 0.154506
6 199 220.000000 197.000000 0.104545
6 200 254.000000 203.000000 0.200787
6 201 283.000000 226.000000 0.201413
6 202 147.000000 122.000000 0.170068
6 203 227.000000 201.000000 0.114537
6 204 380.000000 298.000000 0.215789
6 205 166.000000 137.000000 0.174699
6 206 173.000000 146.000000 0.156069
6 207 244.000000 199.000000 0.184426
6 208 267.000000 207.000000 0.224719
6 209 154.000000 130.000000 0.155844
6 210 254.000000 204.000000 0.196850
6 211 175.000000 149.000000 0.148571
6 212 144.000000 126.000000 0.125000
6 213 301.000000 245.000000 0.186047
6 214 184.000000 150.000000 0.184783
6 215 98.000000 85.000000 0.132653
6 216 206.000000 162.000000 0.213592
6 217 139.000000 109.000000 0.215827
6 218 222.000000 176.000000 0.207207
6 219 341.000000 281.000000 0.175953
6 220 188.000000 160.000000 0.148936
6 221 282.000000 241.000000 0.145390
6 222 225.000000 196.000000 0.128889
6 223 275.000000 224.000000 0.185455
6 224 198.000000 177.000000 0.106061
6 225 106.000000 93.000000 0.122642
6 226 168.000000 139.000000 0.172619
6 227 201.000000 172.000000 0.144279
6 228 382.000000 301.000000 0.212042
6 229 281.000000 222.000000 0.209964
6 230 205.000000 180.000000 0.121951
6 231 261.000000 215.000000 0.176245
6 232 352.000000 271.000000 0.230114
6 233 218.000000 180.000000 0.174312
6 234 157.000000 140.000000 0.108280
6 235 208.000000 185.000000 0.110577
6 236 166.000000 130.000000 0.216867
6 237 203.000000 177.000000 0.128079
6 238 160.000000 148.000000 0.075000
6 239 288.000000 241.000000 0.163194
6 240 184.000000 152.000000 0.173913
6 241 142.000000 125.000000 0.119718
6 242 203.000000 178.000000 0.123153
6 243 178.000000 152.000000 0.146067
6 244 287.000000 234.000000 0.184669
6 245 209.000000 182.000000 0.129187
6 246 142.000000 128.000000 0.098592
6 247 161.000000 137.000000 0.149068
6 248 209.000000 167.000000 0.200957
6 249 302.000000 235.000000 0.221854
6 250 228.000000 184.000000 0.192982
6 251 129.000000 120.000000 0.069767
6 252 251.000000 213.000000 0.151394
6 253 288.000000 238.000000 0.173611
6 254 248.000000 197.000000 0.205645
6 255 254.000000 207.000000 0.185039
6 256 340.000000 284.000000 0.164706
6 257 345.000000 274.000000 0.205797
6 258 155.000000 140.000000 0.096774
6 259 221.000000 192.000000 0.131222
6 260 202.000000 174.000000 0.138614
6 261 205.000000 182.000000 0.112195
6 262 267.000000 218.000000 0.183521
6 263 295.000000 243.000000 0.176271
6 264 251.000000 212.000000 0.155378
6 265 178.000000 158.000000 0.112360
6 266 155.000000 114.000000 0.264516
6 267 234.000000 198.000000 0.153846
6 268 150.000000 133.000000 0.113333
6 269 194.000000 173.000000 0.108247
6 270 258.000000 208.000000 0.193798
6 271 279.000000 230.000000 0.175627
6 272 207.000000 180.000000 0.130435
6 273 275.000000 221.000000 0.196364
6 274 219.000000 164.000000 0.251142
6 275 147.000000 126.000000 0.142857
6 276 188.000000 160.000000 0.148936
6 277 230.000000 197.000000 0.143478
6 278 168.000000 143.000000 0.148810
6 279 215.000000 184.000000 0.144186
6 280 252.000000 227.000000 0.099206
6 281 228.000000 193.000000 0.153509
6 282 320.000000 248.000000 0.225000
6 283 202.000000 169.000000 0.163366
6 284 226.000000 186.000000 0.176991
6 285 207.000000 174.000000 0.159420
6 286 271.000000 236.000000 0.129151
6 287 294.000000 250.000000 0.149660
6 288 217.000000 185.000000 0.147465
6 289 178.000000 149.000000 0.162921
6 290 278.000000 225.000000 0.190647
6 291 252.000000 210.000000 0.166667
6 292 225.000000 186.000000 0.173333
6 293 247.000000 209.000000 0.153846
6 294 150.000000 137.000000 0.086667
6 295 104.000000 90.000000 0.134615
6 296 196.000000 161.000000 0.178571
6 297 136.000000 118.000000 0.132353
6 298 294.000000 248.000000 0.156463
6 299 184.000000 144.000000 0.217391
6 300 213.000000 172.000000 0.192488
6 301 251.000000 204.000000 0.187251
6 302 178.000000 154.000000 0.134831
6 303 209.000000 173.000000 0.172249
6 304 269.000000 228.000000 0.152416
6 305 169.000000 137.000000 0.189349
6 306 264.000000 231.000000 0.125000
6 307 234.000000 188.000000 0.196581
6 308 284.000000 237.000000 0.165493
6 309 145.000000 117.000000 0.193103
6 310 247.000000 209.000000 0.153846
6 311 198.000000 165.000000 0.166667
6 312 232.000000 193.000000 0.168103
6 313 193.000000 178.000000 0.077720
6 314 298.000000 229.000000 0.231544
6 315 233.000000 204.000000 0.124464
6 316 197.000000 166.000000 0.157360
6 317 318.000000 248.000000 0.220126
6 318 148.000000 137.000000 0.074324
6 319 200.000000 165.000000 0.175000
6 320 178.000000 160.000000 0.101124
6 321 211.000000 182.000000 0.137441
6 322 281.000000 242.000000 0.138790
6 323 201.000000 164.000000 0.184080
6 324 242.000000 210.000000 0.132231
6 325 98.000000 84.000000 0.142857
6 326 194.000000 159.000000 0.180412
6 327 216.000000 181.000000 0.162037
6 328 299.000000 229.000000 0.234114
6 329 176.000000 147.000000 0.164773
6 330 248.000000 217.000000 0.125000
6 331 333.000000 263.000000 0.210210
6 332 271.000000 215.000000 0.206642
6 333 218.000000 178.000000 0.183486
6 334 243.000000 195.000000 0.197531
6 335 244.000000 213.000000 0.127049
6 336 267.000000 223.000000 0.164794
6 337 331.000000 260.000000 0.214502
6 338 235.000000 197.000000 0.161702
6 339 198.000000 166.000000 0.161616
6 340 262.000000 217.000000 0.171756
6 341 113.000000 98.000000 0.132743
6 342 145.000000 126.000000 0.131034
6 343 155.000000 126.000000 0.187097
6 344 200.000000 173.000000 0.135000
6 345 169.000000 148.000000 0.124260
6 346 98.000000 87.000000 0.112245
6 347 224.000000 191.000000 0.147321
6 348 232.000000 189.000000 0.185345
6 349 244.000000 209.000000 0.143443
6 350 237.000000 197.000000 0.168776
6 351 284.000000 245.000000 0.137324
6 352 213.000000 180.000000 0.154930
6 353 174.000000 149.000000 0.143678
6 354 259.000000 209.000000 0.193050
6 355 135.000000 111.000000 0.177778
6 356 156.000000 122.000000 0.217949
6 357 260.000000 220.000000 0.153846
6 358 309.000000 245.000000 0.207120
6 359 220.000000 167.000000 0.240909
6 360 176.000000 147.000000 0.164773
6 361 221.000000 186.000000 0.158371
6 362 231.000000 201.000000 0.129870
6 363 292.000000 236.000000 0.191781
6 364 176.000000 150.000000 0.147727
6 365 240.000000 190.000000 0.208333
6 366 225.000000 206.000000 0.084444
6 367 319.000000 266.000000 0.166144
6 368 294.000000 244.000000 0.170068
6 369 257.000000 225.000000 0.124514
6 370 220.000000 179.000000 0.186364
6 371 258.000000 211.000000 0.182171
6 372 256.000000 199.000000 0.222656
6 373 238.000000 208.000000 0.126050
6 374 112.000000 93.000000 0.169643
6 375 151.000000 122.000000 0.192053
6 376 207.000000 167.000000 0.193237
6 377 290.000000 247.000000 0.148276
6 378 252.000000 210.000000 0.166667
6 379 187.000000 164.000000 0.122995
6 380 237.000000 200.000000 0.156118
6 381 149.000000 136.000000 0.087248
6 382 193.000000 160.000000 0.170984
6 383 273.000000 228.000000 0.164835
6 384 231.000000 190.000000 0.177489
6 385 197.000000 152.000000 0.228426
6 386 257.000000 212.000000 0.175097
6 387 202.000000 181.000000 0.103960
6 388 252.000000 218.000000 0.134921
6 389 217.000000 181.000000 0.165899
6 390 170.000000 146.000000 0.141176
6 391 183.000000 157.000000 0.142077
6 392 250.000000 206.000000 0.176000
6 393 197.000000 166.000000 0.157360
6 394 235.000000 179.000000 0.238298
6 395 199.000000 162.000000 0.185930
6 396 261.000000 199.000000 0.237548
6 397 238.000000 210.000000 0.117647
6 398 175.000000 149.000000 0.148571
6 399 241.000000 205.000000 0.149378
6 400 190.000000 144.000000 0.242105
MATLAB is running in headless mode.  Figure windows will not be displayed.
7 1 311.000000 290.000000 0.067524
