MATLAB is running in headless mode.  Figure windows will not be displayed.
1 1 5.000000 5.000000 0.000000
1 2 5.000000 5.000000 0.000000
1 3 6.000000 6.000000 0.000000
1 4 5.000000 5.000000 0.000000
1 5 4.000000 4.000000 0.000000
1 6 5.000000 5.000000 0.000000
1 7 6.000000 5.000000 0.166667
1 8 4.000000 4.000000 0.000000
1 9 5.000000 5.000000 0.000000
1 10 5.000000 5.000000 0.000000
1 11 4.000000 4.000000 0.000000
1 12 5.000000 5.000000 0.000000
1 13 5.000000 5.000000 0.000000
1 14 6.000000 6.000000 0.000000
1 15 5.000000 5.000000 0.000000
1 16 6.000000 6.000000 0.000000
1 17 4.000000 4.000000 0.000000
1 18 5.000000 5.000000 0.000000
1 19 5.000000 5.000000 0.000000
1 20 5.000000 5.000000 0.000000
1 21 4.000000 4.000000 0.000000
1 22 5.000000 5.000000 0.000000
1 23 4.000000 4.000000 0.000000
1 24 7.000000 6.000000 0.142857
1 25 5.000000 5.000000 0.000000
1 26 5.000000 5.000000 0.000000
1 27 6.000000 5.000000 0.166667
1 28 5.000000 5.000000 0.000000
1 29 4.000000 4.000000 0.000000
1 30 7.000000 6.000000 0.142857
1 31 6.000000 6.000000 0.000000
1 32 5.000000 5.000000 0.000000
1 33 4.000000 4.000000 0.000000
1 34 5.000000 5.000000 0.000000
1 35 4.000000 4.000000 0.000000
1 36 5.000000 5.000000 0.000000
1 37 5.000000 5.000000 0.000000
1 38 6.000000 5.000000 0.166667
1 39 5.000000 5.000000 0.000000
1 40 5.000000 5.000000 0.000000
1 41 4.000000 4.000000 0.000000
1 42 4.000000 4.000000 0.000000
1 43 5.000000 5.000000 0.000000
1 44 6.000000 6.000000 0.000000
1 45 4.000000 4.000000 0.000000
1 46 4.000000 4.000000 0.000000
1 47 4.000000 4.000000 0.000000
1 48 6.000000 5.000000 0.166667
1 49 5.000000 5.000000 0.000000
1 50 5.000000 5.000000 0.000000
1 51 4.000000 4.000000 0.000000
1 52 4.000000 4.000000 0.000000
1 53 4.000000 4.000000 0.000000
1 54 5.000000 5.000000 0.000000
1 55 5.000000 5.000000 0.000000
1 56 5.000000 5.000000 0.000000
1 57 4.000000 4.000000 0.000000
1 58 4.000000 4.000000 0.000000
1 59 5.000000 5.000000 0.000000
1 60 6.000000 6.000000 0.000000
1 61 6.000000 6.000000 0.000000
1 62 6.000000 5.000000 0.166667
1 63 4.000000 4.000000 0.000000
1 64 5.000000 5.000000 0.000000
1 65 6.000000 6.000000 0.000000
1 66 5.000000 5.000000 0.000000
1 67 6.000000 5.000000 0.166667
1 68 6.000000 6.000000 0.000000
1 69 5.000000 5.000000 0.000000
1 70 6.000000 6.000000 0.000000
1 71 6.000000 6.000000 0.000000
1 72 6.000000 5.000000 0.166667
1 73 4.000000 4.000000 0.000000
1 74 8.000000 6.000000 0.250000
1 75 6.000000 5.000000 0.166667
1 76 5.000000 5.000000 0.000000
1 77 6.000000 5.000000 0.166667
1 78 4.000000 4.000000 0.000000
1 79 5.000000 5.000000 0.000000
1 80 4.000000 4.000000 0.000000
1 81 4.000000 4.000000 0.000000
1 82 5.000000 5.000000 0.000000
1 83 5.000000 5.000000 0.000000
1 84 4.000000 4.000000 0.000000
1 85 7.000000 6.000000 0.142857
1 86 5.000000 5.000000 0.000000
1 87 5.000000 5.000000 0.000000
1 88 5.000000 5.000000 0.000000
1 89 5.000000 5.000000 0.000000
1 90 5.000000 5.000000 0.000000
1 91 5.000000 5.000000 0.000000
1 92 4.000000 4.000000 0.000000
1 93 5.000000 5.000000 0.000000
1 94 5.000000 5.000000 0.000000
1 95 4.000000 4.000000 0.000000
1 96 5.000000 5.000000 0.000000
1 97 5.000000 5.000000 0.000000
1 98 4.000000 4.000000 0.000000
1 99 5.000000 5.000000 0.000000
1 100 5.000000 5.000000 0.000000
1 101 4.000000 4.000000 0.000000
1 102 5.000000 5.000000 0.000000
1 103 4.000000 4.000000 0.000000
1 104 5.000000 5.000000 0.000000
1 105 4.000000 4.000000 0.000000
1 106 4.000000 4.000000 0.000000
1 107 4.000000 4.000000 0.000000
1 108 4.000000 4.000000 0.000000
1 109 6.000000 5.000000 0.166667
1 110 4.000000 4.000000 0.000000
1 111 7.000000 6.000000 0.142857
1 112 4.000000 4.000000 0.000000
1 113 5.000000 5.000000 0.000000
1 114 5.000000 5.000000 0.000000
1 115 4.000000 4.000000 0.000000
1 116 5.000000 5.000000 0.000000
1 117 4.000000 4.000000 0.000000
1 118 4.000000 4.000000 0.000000
1 119 5.000000 5.000000 0.000000
1 120 4.000000 4.000000 0.000000
1 121 5.000000 5.000000 0.000000
1 122 5.000000 5.000000 0.000000
1 123 4.000000 4.000000 0.000000
1 124 4.000000 4.000000 0.000000
1 125 5.000000 5.000000 0.000000
1 126 5.000000 5.000000 0.000000
1 127 6.000000 5.000000 0.166667
1 128 5.000000 5.000000 0.000000
1 129 6.000000 6.000000 0.000000
1 130 4.000000 4.000000 0.000000
1 131 4.000000 4.000000 0.000000
1 132 5.000000 5.000000 0.000000
1 133 4.000000 4.000000 0.000000
1 134 4.000000 4.000000 0.000000
1 135 5.000000 5.000000 0.000000
1 136 5.000000 5.000000 0.000000
1 137 4.000000 4.000000 0.000000
1 138 5.000000 5.000000 0.000000
1 139 6.000000 6.000000 0.000000
1 140 5.000000 5.000000 0.000000
1 141 5.000000 5.000000 0.000000
1 142 6.000000 6.000000 0.000000
1 143 5.000000 5.000000 0.000000
1 144 5.000000 5.000000 0.000000
1 145 4.000000 4.000000 0.000000
1 146 5.000000 5.000000 0.000000
1 147 5.000000 5.000000 0.000000
1 148 4.000000 4.000000 0.000000
1 149 5.000000 5.000000 0.000000
1 150 7.000000 5.000000 0.285714
1 151 5.000000 5.000000 0.000000
1 152 4.000000 4.000000 0.000000
1 153 7.000000 6.000000 0.142857
1 154 6.000000 5.000000 0.166667
1 155 4.000000 4.000000 0.000000
1 156 4.000000 4.000000 0.000000
1 157 5.000000 5.000000 0.000000
1 158 4.000000 4.000000 0.000000
1 159 4.000000 4.000000 0.000000
1 160 5.000000 5.000000 0.000000
1 161 4.000000 4.000000 0.000000
1 162 6.000000 5.000000 0.166667
1 163 4.000000 4.000000 0.000000
1 164 4.000000 4.000000 0.000000
1 165 6.000000 5.000000 0.166667
1 166 5.000000 5.000000 0.000000
1 167 4.000000 4.000000 0.000000
1 168 4.000000 4.000000 0.000000
1 169 6.000000 5.000000 0.166667
1 170 6.000000 6.000000 0.000000
1 171 6.000000 5.000000 0.166667
1 172 4.000000 4.000000 0.000000
1 173 7.000000 5.000000 0.285714
1 174 4.000000 4.000000 0.000000
1 175 6.000000 6.000000 0.000000
1 176 5.000000 5.000000 0.000000
1 177 4.000000 4.000000 0.000000
1 178 6.000000 5.000000 0.166667
1 179 4.000000 4.000000 0.000000
1 180 5.000000 5.000000 0.000000
1 181 4.000000 4.000000 0.000000
1 182 5.000000 5.000000 0.000000
1 183 5.000000 5.000000 0.000000
1 184 7.000000 6.000000 0.142857
1 185 4.000000 4.000000 0.000000
1 186 5.000000 5.000000 0.000000
1 187 5.000000 5.000000 0.000000
1 188 4.000000 4.000000 0.000000
1 189 4.000000 4.000000 0.000000
1 190 4.000000 4.000000 0.000000
1 191 4.000000 4.000000 0.000000
1 192 4.000000 4.000000 0.000000
1 193 6.000000 6.000000 0.000000
1 194 4.000000 4.000000 0.000000
1 195 4.000000 4.000000 0.000000
1 196 7.000000 6.000000 0.142857
1 197 5.000000 5.000000 0.000000
1 198 4.000000 4.000000 0.000000
1 199 6.000000 5.000000 0.166667
1 200 4.000000 4.000000 0.000000
1 201 4.000000 4.000000 0.000000
1 202 5.000000 5.000000 0.000000
1 203 5.000000 5.000000 0.000000
1 204 6.000000 5.000000 0.166667
1 205 6.000000 5.000000 0.166667
1 206 5.000000 5.000000 0.000000
1 207 4.000000 4.000000 0.000000
1 208 4.000000 4.000000 0.000000
1 209 4.000000 4.000000 0.000000
1 210 5.000000 5.000000 0.000000
1 211 5.000000 5.000000 0.000000
1 212 5.000000 5.000000 0.000000
1 213 6.000000 6.000000 0.000000
1 214 4.000000 4.000000 0.000000
1 215 6.000000 5.000000 0.166667
1 216 5.000000 5.000000 0.000000
1 217 5.000000 5.000000 0.000000
1 218 5.000000 5.000000 0.000000
1 219 6.000000 5.000000 0.166667
1 220 4.000000 4.000000 0.000000
1 221 4.000000 4.000000 0.000000
1 222 5.000000 5.000000 0.000000
1 223 5.000000 5.000000 0.000000
1 224 4.000000 4.000000 0.000000
1 225 6.000000 6.000000 0.000000
1 226 5.000000 5.000000 0.000000
1 227 4.000000 4.000000 0.000000
1 228 4.000000 4.000000 0.000000
1 229 5.000000 5.000000 0.000000
1 230 6.000000 5.000000 0.166667
1 231 4.000000 4.000000 0.000000
1 232 4.000000 4.000000 0.000000
1 233 5.000000 5.000000 0.000000
1 234 5.000000 5.000000 0.000000
1 235 5.000000 5.000000 0.000000
1 236 4.000000 4.000000 0.000000
1 237 6.000000 5.000000 0.166667
1 238 5.000000 5.000000 0.000000
1 239 6.000000 6.000000 0.000000
1 240 5.000000 5.000000 0.000000
1 241 4.000000 4.000000 0.000000
1 242 5.000000 5.000000 0.000000
1 243 4.000000 4.000000 0.000000
1 244 5.000000 5.000000 0.000000
1 245 7.000000 5.000000 0.285714
1 246 4.000000 4.000000 0.000000
1 247 6.000000 5.000000 0.166667
1 248 5.000000 5.000000 0.000000
1 249 4.000000 4.000000 0.000000
1 250 5.000000 5.000000 0.000000
1 251 4.000000 4.000000 0.000000
1 252 5.000000 5.000000 0.000000
1 253 5.000000 5.000000 0.000000
1 254 4.000000 4.000000 0.000000
1 255 4.000000 4.000000 0.000000
1 256 5.000000 5.000000 0.000000
1 257 4.000000 4.000000 0.000000
1 258 4.000000 4.000000 0.000000
1 259 6.000000 5.000000 0.166667
1 260 4.000000 4.000000 0.000000
1 261 4.000000 4.000000 0.000000
1 262 5.000000 5.000000 0.000000
1 263 4.000000 4.000000 0.000000
1 264 5.000000 5.000000 0.000000
1 265 5.000000 5.000000 0.000000
1 266 5.000000 5.000000 0.000000
1 267 6.000000 5.000000 0.166667
1 268 5.000000 5.000000 0.000000
1 269 4.000000 4.000000 0.000000
1 270 5.000000 5.000000 0.000000
1 271 4.000000 4.000000 0.000000
1 272 5.000000 5.000000 0.000000
1 273 4.000000 4.000000 0.000000
1 274 4.000000 4.000000 0.000000
1 275 4.000000 4.000000 0.000000
1 276 5.000000 5.000000 0.000000
1 277 5.000000 5.000000 0.000000
1 278 5.000000 5.000000 0.000000
1 279 5.000000 5.000000 0.000000
1 280 4.000000 4.000000 0.000000
1 281 6.000000 5.000000 0.166667
1 282 4.000000 4.000000 0.000000
1 283 5.000000 5.000000 0.000000
1 284 6.000000 5.000000 0.166667
1 285 5.000000 5.000000 0.000000
1 286 6.000000 6.000000 0.000000
1 287 5.000000 5.000000 0.000000
1 288 5.000000 5.000000 0.000000
1 289 4.000000 4.000000 0.000000
1 290 4.000000 4.000000 0.000000
1 291 6.000000 6.000000 0.000000
1 292 5.000000 5.000000 0.000000
1 293 4.000000 4.000000 0.000000
1 294 4.000000 4.000000 0.000000
1 295 4.000000 4.000000 0.000000
1 296 5.000000 5.000000 0.000000
1 297 5.000000 5.000000 0.000000
1 298 4.000000 4.000000 0.000000
1 299 5.000000 5.000000 0.000000
1 300 4.000000 4.000000 0.000000
1 301 5.000000 5.000000 0.000000
1 302 6.000000 6.000000 0.000000
1 303 4.000000 4.000000 0.000000
1 304 4.000000 4.000000 0.000000
1 305 5.000000 5.000000 0.000000
1 306 4.000000 4.000000 0.000000
1 307 4.000000 4.000000 0.000000
1 308 5.000000 5.000000 0.000000
1 309 5.000000 5.000000 0.000000
1 310 5.000000 5.000000 0.000000
1 311 4.000000 4.000000 0.000000
1 312 5.000000 5.000000 0.000000
1 313 7.000000 6.000000 0.142857
1 314 5.000000 5.000000 0.000000
1 315 4.000000 4.000000 0.000000
1 316 6.000000 5.000000 0.166667
1 317 4.000000 4.000000 0.000000
1 318 5.000000 5.000000 0.000000
1 319 5.000000 5.000000 0.000000
1 320 6.000000 5.000000 0.166667
1 321 4.000000 4.000000 0.000000
1 322 4.000000 4.000000 0.000000
1 323 5.000000 5.000000 0.000000
1 324 5.000000 5.000000 0.000000
1 325 5.000000 5.000000 0.000000
1 326 4.000000 4.000000 0.000000
1 327 4.000000 4.000000 0.000000
1 328 4.000000 4.000000 0.000000
1 329 5.000000 5.000000 0.000000
1 330 4.000000 4.000000 0.000000
1 331 5.000000 5.000000 0.000000
1 332 5.000000 5.000000 0.000000
1 333 4.000000 4.000000 0.000000
1 334 5.000000 5.000000 0.000000
1 335 4.000000 4.000000 0.000000
1 336 5.000000 5.000000 0.000000
1 337 6.000000 5.000000 0.166667
1 338 6.000000 5.000000 0.166667
1 339 6.000000 5.000000 0.166667
1 340 5.000000 5.000000 0.000000
1 341 6.000000 6.000000 0.000000
1 342 6.000000 5.000000 0.166667
1 343 5.000000 5.000000 0.000000
1 344 4.000000 4.000000 0.000000
1 345 4.000000 4.000000 0.000000
1 346 4.000000 4.000000 0.000000
1 347 4.000000 4.000000 0.000000
1 348 4.000000 4.000000 0.000000
1 349 5.000000 5.000000 0.000000
1 350 4.000000 4.000000 0.000000
1 351 4.000000 4.000000 0.000000
1 352 5.000000 5.000000 0.000000
1 353 5.000000 5.000000 0.000000
1 354 6.000000 5.000000 0.166667
1 355 4.000000 4.000000 0.000000
1 356 5.000000 5.000000 0.000000
1 357 5.000000 5.000000 0.000000
1 358 4.000000 4.000000 0.000000
1 359 6.000000 5.000000 0.166667
1 360 4.000000 4.000000 0.000000
1 361 4.000000 4.000000 0.000000
1 362 5.000000 5.000000 0.000000
1 363 4.000000 4.000000 0.000000
1 364 4.000000 4.000000 0.000000
1 365 4.000000 4.000000 0.000000
1 366 5.000000 5.000000 0.000000
1 367 4.000000 4.000000 0.000000
1 368 4.000000 4.000000 0.000000
1 369 6.000000 6.000000 0.000000
1 370 5.000000 5.000000 0.000000
1 371 5.000000 5.000000 0.000000
1 372 5.000000 5.000000 0.000000
1 373 4.000000 4.000000 0.000000
1 374 4.000000 4.000000 0.000000
1 375 5.000000 5.000000 0.000000
1 376 5.000000 5.000000 0.000000
1 377 4.000000 4.000000 0.000000
1 378 5.000000 5.000000 0.000000
1 379 6.000000 5.000000 0.166667
1 380 5.000000 5.000000 0.000000
1 381 4.000000 4.000000 0.000000
1 382 5.000000 5.000000 0.000000
1 383 7.000000 6.000000 0.142857
1 384 4.000000 4.000000 0.000000
1 385 5.000000 5.000000 0.000000
1 386 5.000000 5.000000 0.000000
1 387 5.000000 5.000000 0.000000
1 388 5.000000 5.000000 0.000000
1 389 6.000000 6.000000 0.000000
1 390 4.000000 4.000000 0.000000
1 391 4.000000 4.000000 0.000000
1 392 6.000000 6.000000 0.000000
1 393 6.000000 6.000000 0.000000
1 394 5.000000 5.000000 0.000000
1 395 4.000000 4.000000 0.000000
1 396 4.000000 4.000000 0.000000
1 397 5.000000 5.000000 0.000000
1 398 5.000000 5.000000 0.000000
1 399 5.000000 5.000000 0.000000
1 400 4.000000 4.000000 0.000000
2 1 11.000000 10.000000 0.090909
2 2 6.000000 6.000000 0.000000
2 3 7.000000 7.000000 0.000000
2 4 10.000000 10.000000 -0.000000
2 5 6.000000 6.000000 0.000000
2 6 6.000000 5.000000 0.166667
2 7 9.000000 9.000000 0.000000
2 8 13.000000 9.000000 0.307692
2 9 8.000000 7.000000 0.125000
2 10 4.000000 4.000000 0.000000
2 11 9.000000 8.000000 0.111111
2 12 5.000000 5.000000 0.000000
2 13 6.000000 6.000000 0.000000
2 14 4.000000 4.000000 0.000000
2 15 10.000000 8.000000 0.200000
2 16 4.000000 4.000000 0.000000
2 17 5.000000 5.000000 0.000000
2 18 12.000000 10.000000 0.166667
2 19 10.000000 7.000000 0.300000
2 20 5.000000 5.000000 0.000000
2 21 7.000000 7.000000 0.000000
2 22 6.000000 6.000000 0.000000
2 23 8.000000 6.000000 0.250000
2 24 7.000000 7.000000 0.000000
2 25 11.000000 10.000000 0.090909
2 26 7.000000 7.000000 -0.000000
2 27 5.000000 5.000000 0.000000
2 28 6.000000 6.000000 0.000000
2 29 8.000000 8.000000 0.000000
2 30 7.000000 7.000000 0.000000
2 31 7.000000 5.000000 0.285714
2 32 12.000000 10.000000 0.166667
2 33 9.000000 8.000000 0.111111
2 34 6.000000 6.000000 0.000000
2 35 6.000000 6.000000 0.000000
2 36 10.000000 8.000000 0.200000
2 37 4.000000 4.000000 0.000000
2 38 9.000000 7.000000 0.222222
2 39 10.000000 10.000000 0.000000
2 40 4.000000 4.000000 0.000000
2 41 9.000000 9.000000 -0.000000
2 42 8.000000 8.000000 0.000000
2 43 4.000000 4.000000 0.000000
2 44 11.000000 10.000000 0.090909
2 45 8.000000 7.000000 0.125000
2 46 9.000000 9.000000 -0.000000
2 47 13.000000 10.000000 0.230769
2 48 7.000000 7.000000 0.000000
2 49 5.000000 5.000000 0.000000
2 50 9.000000 9.000000 0.000000
2 51 8.000000 7.000000 0.125000
2 52 8.000000 8.000000 0.000000
2 53 8.000000 7.000000 0.125000
2 54 7.000000 7.000000 0.000000
2 55 9.000000 9.000000 0.000000
2 56 6.000000 6.000000 0.000000
2 57 4.000000 4.000000 0.000000
2 58 7.000000 5.000000 0.285714
2 59 4.000000 4.000000 0.000000
2 60 11.000000 9.000000 0.181818
2 61 4.000000 4.000000 0.000000
2 62 7.000000 6.000000 0.142857
2 63 5.000000 5.000000 0.000000
2 64 5.000000 5.000000 0.000000
2 65 5.000000 5.000000 0.000000
2 66 5.000000 5.000000 0.000000
2 67 13.000000 10.000000 0.230769
2 68 8.000000 7.000000 0.125000
2 69 8.000000 7.000000 0.125000
2 70 5.000000 5.000000 0.000000
2 71 7.000000 7.000000 0.000000
2 72 5.000000 5.000000 0.000000
2 73 12.000000 9.000000 0.250000
2 74 4.000000 4.000000 0.000000
2 75 7.000000 7.000000 0.000000
2 76 12.000000 11.000000 0.083333
2 77 11.000000 9.000000 0.181818
2 78 7.000000 7.000000 0.000000
2 79 8.000000 7.000000 0.125000
2 80 5.000000 5.000000 0.000000
2 81 6.000000 5.000000 0.166667
2 82 7.000000 7.000000 0.000000
2 83 13.000000 9.000000 0.307692
2 84 8.000000 7.000000 0.125000
2 85 10.000000 8.000000 0.200000
2 86 9.000000 8.000000 0.111111
2 87 8.000000 8.000000 0.000000
2 88 9.000000 8.000000 0.111111
2 89 7.000000 6.000000 0.142857
2 90 10.000000 10.000000 -0.000000
2 91 6.000000 6.000000 0.000000
2 92 6.000000 6.000000 0.000000
2 93 7.000000 7.000000 0.000000
2 94 11.000000 10.000000 0.090909
2 95 6.000000 6.000000 0.000000
2 96 9.000000 9.000000 0.000000
2 97 7.000000 7.000000 0.000000
2 98 6.000000 5.000000 0.166667
2 99 6.000000 6.000000 0.000000
2 100 6.000000 6.000000 0.000000
2 101 10.000000 10.000000 0.000000
2 102 6.000000 5.000000 0.166667
2 103 6.000000 6.000000 0.000000
2 104 9.000000 7.000000 0.222222
2 105 10.000000 10.000000 0.000000
2 106 6.000000 6.000000 0.000000
2 107 9.000000 9.000000 -0.000000
2 108 6.000000 5.000000 0.166667
2 109 13.000000 10.000000 0.230769
2 110 6.000000 5.000000 0.166667
2 111 5.000000 5.000000 0.000000
2 112 7.000000 7.000000 0.000000
2 113 5.000000 5.000000 0.000000
2 114 7.000000 7.000000 0.000000
2 115 6.000000 6.000000 0.000000
2 116 11.000000 11.000000 -0.000000
2 117 5.000000 5.000000 0.000000
2 118 8.000000 7.000000 0.125000
2 119 7.000000 7.000000 0.000000
2 120 9.000000 9.000000 -0.000000
2 121 10.000000 9.000000 0.100000
2 122 10.000000 10.000000 0.000000
2 123 7.000000 7.000000 0.000000
2 124 9.000000 9.000000 0.000000
2 125 8.000000 7.000000 0.125000
2 126 5.000000 5.000000 0.000000
2 127 6.000000 6.000000 0.000000
2 128 6.000000 6.000000 0.000000
2 129 6.000000 6.000000 0.000000
2 130 10.000000 9.000000 0.100000
2 131 6.000000 6.000000 0.000000
2 132 10.000000 9.000000 0.100000
2 133 9.000000 8.000000 0.111111
2 134 5.000000 5.000000 0.000000
2 135 5.000000 5.000000 0.000000
2 136 6.000000 6.000000 0.000000
2 137 9.000000 9.000000 0.000000
2 138 8.000000 7.000000 0.125000
2 139 4.000000 4.000000 0.000000
2 140 10.000000 10.000000 -0.000000
2 141 15.000000 13.000000 0.133333
2 142 6.000000 6.000000 0.000000
2 143 8.000000 7.000000 0.125000
2 144 7.000000 7.000000 0.000000
2 145 6.000000 5.000000 0.166667
2 146 7.000000 6.000000 0.142857
2 147 5.000000 5.000000 0.000000
2 148 7.000000 7.000000 0.000000
2 149 8.000000 7.000000 0.125000
2 150 9.000000 9.000000 -0.000000
2 151 8.000000 7.000000 0.125000
2 152 7.000000 6.000000 0.142857
2 153 10.000000 9.000000 0.100000
2 154 7.000000 7.000000 0.000000
2 155 6.000000 6.000000 0.000000
2 156 6.000000 6.000000 0.000000
2 157 5.000000 5.000000 0.000000
2 158 8.000000 7.000000 0.125000
2 159 8.000000 8.000000 0.000000
2 160 5.000000 5.000000 0.000000
2 161 15.000000 12.000000 0.200000
2 162 7.000000 7.000000 0.000000
2 163 6.000000 6.000000 0.000000
2 164 7.000000 7.000000 0.000000
2 165 8.000000 7.000000 0.125000
2 166 5.000000 5.000000 0.000000
2 167 8.000000 8.000000 0.000000
2 168 8.000000 8.000000 0.000000
2 169 8.000000 7.000000 0.125000
2 170 8.000000 7.000000 0.125000
2 171 6.000000 5.000000 0.166667
2 172 7.000000 7.000000 0.000000
2 173 5.000000 5.000000 0.000000
2 174 9.000000 8.000000 0.111111
2 175 4.000000 4.000000 0.000000
2 176 6.000000 6.000000 0.000000
2 177 8.000000 8.000000 0.000000
2 178 8.000000 7.000000 0.125000
2 179 4.000000 4.000000 0.000000
2 180 5.000000 5.000000 0.000000
2 181 9.000000 9.000000 -0.000000
2 182 4.000000 4.000000 0.000000
2 183 5.000000 5.000000 0.000000
2 184 8.000000 7.000000 0.125000
2 185 8.000000 7.000000 0.125000
2 186 6.000000 6.000000 0.000000
2 187 6.000000 6.000000 0.000000
2 188 8.000000 8.000000 0.000000
2 189 8.000000 8.000000 0.000000
2 190 7.000000 7.000000 0.000000
2 191 8.000000 8.000000 0.000000
2 192 12.000000 12.000000 0.000000
2 193 11.000000 11.000000 0.000000
2 194 10.000000 9.000000 0.100000
2 195 4.000000 4.000000 0.000000
2 196 9.000000 8.000000 0.111111
2 197 7.000000 7.000000 0.000000
2 198 8.000000 7.000000 0.125000
2 199 6.000000 6.000000 0.000000
2 200 8.000000 8.000000 0.000000
2 201 4.000000 4.000000 0.000000
2 202 8.000000 7.000000 0.125000
2 203 9.000000 8.000000 0.111111
2 204 4.000000 4.000000 0.000000
2 205 15.000000 13.000000 0.133333
2 206 10.000000 8.000000 0.200000
2 207 6.000000 6.000000 0.000000
2 208 4.000000 4.000000 0.000000
2 209 5.000000 5.000000 0.000000
2 210 7.000000 7.000000 0.000000
2 211 11.000000 10.000000 0.090909
2 212 5.000000 5.000000 0.000000
2 213 10.000000 10.000000 0.000000
2 214 10.000000 9.000000 0.100000
2 215 14.000000 13.000000 0.071429
2 216 10.000000 8.000000 0.200000
2 217 4.000000 4.000000 0.000000
2 218 7.000000 7.000000 0.000000
2 219 7.000000 7.000000 0.000000
2 220 8.000000 7.000000 0.125000
2 221 4.000000 4.000000 0.000000
2 222 8.000000 8.000000 0.000000
2 223 10.000000 9.000000 0.100000
2 224 7.000000 7.000000 0.000000
2 225 7.000000 7.000000 0.000000
2 226 5.000000 5.000000 0.000000
2 227 9.000000 8.000000 0.111111
2 228 10.000000 9.000000 0.100000
2 229 5.000000 5.000000 0.000000
2 230 4.000000 4.000000 0.000000
2 231 8.000000 8.000000 0.000000
2 232 7.000000 6.000000 0.142857
2 233 5.000000 5.000000 0.000000
2 234 7.000000 7.000000 0.000000
2 235 8.000000 7.000000 0.125000
2 236 6.000000 6.000000 0.000000
2 237 9.000000 9.000000 0.000000
2 238 9.000000 8.000000 0.111111
2 239 8.000000 8.000000 0.000000
2 240 6.000000 6.000000 0.000000
2 241 4.000000 4.000000 0.000000
2 242 13.000000 9.000000 0.307692
2 243 8.000000 8.000000 0.000000
2 244 11.000000 9.000000 0.181818
2 245 11.000000 10.000000 0.090909
2 246 8.000000 7.000000 0.125000
2 247 4.000000 4.000000 0.000000
2 248 6.000000 6.000000 0.000000
2 249 7.000000 7.000000 0.000000
2 250 10.000000 9.000000 0.100000
2 251 6.000000 6.000000 0.000000
2 252 8.000000 8.000000 0.000000
2 253 9.000000 9.000000 0.000000
2 254 8.000000 8.000000 0.000000
2 255 5.000000 5.000000 0.000000
2 256 8.000000 7.000000 0.125000
2 257 5.000000 5.000000 0.000000
2 258 5.000000 5.000000 0.000000
2 259 7.000000 7.000000 0.000000
2 260 6.000000 6.000000 0.000000
2 261 5.000000 5.000000 0.000000
2 262 6.000000 6.000000 0.000000
2 263 5.000000 5.000000 0.000000
2 264 5.000000 5.000000 0.000000
2 265 8.000000 7.000000 0.125000
2 266 5.000000 5.000000 0.000000
2 267 5.000000 5.000000 0.000000
2 268 11.000000 10.000000 0.090909
2 269 4.000000 4.000000 0.000000
2 270 5.000000 5.000000 0.000000
2 271 11.000000 10.000000 0.090909
2 272 8.000000 7.000000 0.125000
2 273 7.000000 7.000000 0.000000
2 274 6.000000 6.000000 0.000000
2 275 7.000000 6.000000 0.142857
2 276 8.000000 8.000000 0.000000
2 277 8.000000 7.000000 0.125000
2 278 9.000000 8.000000 0.111111
2 279 8.000000 8.000000 0.000000
2 280 6.000000 5.000000 0.166667
2 281 6.000000 6.000000 0.000000
2 282 10.000000 8.000000 0.200000
2 283 6.000000 6.000000 0.000000
2 284 6.000000 6.000000 0.000000
2 285 4.000000 4.000000 0.000000
2 286 7.000000 6.000000 0.142857
2 287 10.000000 9.000000 0.100000
2 288 7.000000 7.000000 0.000000
2 289 6.000000 5.000000 0.166667
2 290 9.000000 8.000000 0.111111
2 291 13.000000 11.000000 0.153846
2 292 10.000000 9.000000 0.100000
2 293 15.000000 13.000000 0.133333
2 294 4.000000 4.000000 0.000000
2 295 5.000000 5.000000 0.000000
2 296 5.000000 5.000000 0.000000
2 297 8.000000 8.000000 0.000000
2 298 6.000000 5.000000 0.166667
2 299 10.000000 8.000000 0.200000
2 300 9.000000 8.000000 0.111111
2 301 9.000000 7.000000 0.222222
2 302 5.000000 5.000000 0.000000
2 303 9.000000 8.000000 0.111111
2 304 8.000000 7.000000 0.125000
2 305 5.000000 5.000000 0.000000
2 306 6.000000 5.000000 0.166667
2 307 5.000000 5.000000 0.000000
2 308 8.000000 8.000000 0.000000
2 309 10.000000 10.000000 0.000000
2 310 10.000000 7.000000 0.300000
2 311 5.000000 5.000000 0.000000
2 312 8.000000 8.000000 0.000000
2 313 9.000000 7.000000 0.222222
2 314 7.000000 7.000000 0.000000
2 315 6.000000 5.000000 0.166667
2 316 9.000000 8.000000 0.111111
2 317 7.000000 5.000000 0.285714
2 318 10.000000 10.000000 -0.000000
2 319 6.000000 6.000000 0.000000
2 320 8.000000 7.000000 0.125000
2 321 7.000000 7.000000 0.000000
2 322 5.000000 5.000000 0.000000
2 323 5.000000 5.000000 0.000000
2 324 6.000000 6.000000 0.000000
2 325 9.000000 8.000000 0.111111
2 326 5.000000 5.000000 0.000000
2 327 6.000000 6.000000 0.000000
2 328 10.000000 8.000000 0.200000
2 329 6.000000 6.000000 0.000000
2 330 8.000000 7.000000 0.125000
2 331 10.000000 9.000000 0.100000
2 332 9.000000 9.000000 0.000000
2 333 5.000000 5.000000 0.000000
2 334 4.000000 4.000000 0.000000
2 335 9.000000 8.000000 0.111111
2 336 11.000000 9.000000 0.181818
2 337 5.000000 5.000000 0.000000
2 338 8.000000 8.000000 0.000000
2 339 6.000000 6.000000 0.000000
2 340 7.000000 6.000000 0.142857
2 341 5.000000 5.000000 0.000000
2 342 6.000000 5.000000 0.166667
2 343 14.000000 13.000000 0.071429
2 344 6.000000 6.000000 0.000000
2 345 6.000000 6.000000 0.000000
2 346 5.000000 5.000000 0.000000
2 347 6.000000 5.000000 0.166667
2 348 12.000000 9.000000 0.250000
2 349 7.000000 7.000000 0.000000
2 350 7.000000 7.000000 0.000000
2 351 8.000000 7.000000 0.125000
2 352 5.000000 5.000000 0.000000
2 353 7.000000 7.000000 0.000000
2 354 8.000000 7.000000 0.125000
2 355 5.000000 5.000000 0.000000
2 356 10.000000 10.000000 -0.000000
2 357 7.000000 7.000000 0.000000
2 358 10.000000 9.000000 0.100000
2 359 6.000000 6.000000 0.000000
2 360 9.000000 9.000000 -0.000000
2 361 8.000000 8.000000 0.000000
2 362 7.000000 7.000000 0.000000
2 363 9.000000 8.000000 0.111111
2 364 9.000000 9.000000 0.000000
2 365 11.000000 10.000000 0.090909
2 366 7.000000 6.000000 0.142857
2 367 5.000000 5.000000 0.000000
2 368 7.000000 7.000000 0.000000
2 369 7.000000 7.000000 0.000000
2 370 6.000000 6.000000 0.000000
2 371 8.000000 8.000000 0.000000
2 372 13.000000 11.000000 0.153846
2 373 5.000000 5.000000 0.000000
2 374 5.000000 5.000000 0.000000
2 375 7.000000 7.000000 0.000000
2 376 12.000000 11.000000 0.083333
2 377 10.000000 9.000000 0.100000
2 378 11.000000 10.000000 0.090909
2 379 4.000000 4.000000 0.000000
2 380 7.000000 7.000000 0.000000
2 381 7.000000 7.000000 0.000000
2 382 6.000000 6.000000 0.000000
2 383 7.000000 7.000000 0.000000
2 384 4.000000 4.000000 0.000000
2 385 9.000000 8.000000 0.111111
2 386 7.000000 7.000000 0.000000
2 387 7.000000 7.000000 0.000000
2 388 12.000000 11.000000 0.083333
2 389 8.000000 7.000000 0.125000
2 390 5.000000 5.000000 0.000000
2 391 8.000000 7.000000 0.125000
2 392 7.000000 5.000000 0.285714
2 393 7.000000 7.000000 0.000000
2 394 5.000000 5.000000 0.000000
2 395 8.000000 8.000000 0.000000
2 396 8.000000 7.000000 0.125000
2 397 8.000000 7.000000 0.125000
2 398 5.000000 5.000000 0.000000
2 399 7.000000 7.000000 0.000000
2 400 9.000000 9.000000 -0.000000
3 1 9.000000 8.000000 0.111111
3 2 8.000000 8.000000 -0.000000
3 3 12.000000 12.000000 -0.000000
3 4 22.000000 17.000000 0.227273
3 5 20.000000 20.000000 0.000000
3 6 15.000000 12.000000 0.200000
3 7 12.000000 11.000000 0.083333
3 8 15.000000 13.000000 0.133333
3 9 10.000000 9.000000 0.100000
3 10 17.000000 15.000000 0.117647
3 11 7.000000 7.000000 0.000000
3 12 15.000000 15.000000 0.000000
3 13 14.000000 12.000000 0.142857
3 14 17.000000 17.000000 0.000000
3 15 12.000000 11.000000 0.083333
3 16 15.000000 14.000000 0.066667
3 17 14.000000 11.000000 0.214286
3 18 11.000000 10.000000 0.090909
3 19 18.000000 16.000000 0.111111
3 20 13.000000 13.000000 0.000000
3 21 12.000000 12.000000 -0.000000
3 22 13.000000 12.000000 0.076923
3 23 8.000000 8.000000 0.000000
3 24 5.000000 5.000000 0.000000
3 25 12.000000 11.000000 0.083333
3 26 12.000000 12.000000 0.000000
3 27 14.000000 14.000000 -0.000000
3 28 5.000000 5.000000 0.000000
3 29 10.000000 9.000000 0.100000
3 30 14.000000 13.000000 0.071429
3 31 12.000000 10.000000 0.166667
3 32 7.000000 6.000000 0.142857
3 33 16.000000 16.000000 -0.000000
3 34 22.000000 22.000000 -0.000000
3 35 16.000000 14.000000 0.125000
3 36 13.000000 13.000000 -0.000000
3 37 23.000000 19.000000 0.173913
3 38 13.000000 11.000000 0.153846
3 39 12.000000 10.000000 0.166667
3 40 7.000000 7.000000 0.000000
3 41 16.000000 13.000000 0.187500
3 42 18.000000 17.000000 0.055556
3 43 11.000000 10.000000 0.090909
3 44 15.000000 14.000000 0.066667
3 45 11.000000 10.000000 0.090909
3 46 25.000000 24.000000 0.040000
3 47 9.000000 8.000000 0.111111
3 48 18.000000 15.000000 0.166667
3 49 17.000000 17.000000 0.000000
3 50 12.000000 11.000000 0.083333
3 51 19.000000 17.000000 0.105263
3 52 7.000000 7.000000 0.000000
3 53 12.000000 11.000000 0.083333
3 54 10.000000 9.000000 0.100000
3 55 18.000000 18.000000 -0.000000
3 56 7.000000 7.000000 0.000000
3 57 16.000000 12.000000 0.250000
3 58 17.000000 15.000000 0.117647
3 59 17.000000 16.000000 0.058824
3 60 6.000000 6.000000 0.000000
3 61 17.000000 16.000000 0.058824
3 62 10.000000 10.000000 0.000000
3 63 15.000000 12.000000 0.200000
3 64 22.000000 20.000000 0.090909
3 65 15.000000 14.000000 0.066667
3 66 17.000000 15.000000 0.117647
3 67 19.000000 17.000000 0.105263
3 68 12.000000 11.000000 0.083333
3 69 11.000000 10.000000 0.090909
3 70 9.000000 9.000000 -0.000000
3 71 17.000000 15.000000 0.117647
3 72 12.000000 12.000000 -0.000000
3 73 26.000000 19.000000 0.269231
3 74 11.000000 11.000000 0.000000
3 75 18.000000 18.000000 0.000000
3 76 18.000000 16.000000 0.111111
3 77 7.000000 7.000000 0.000000
3 78 12.000000 11.000000 0.083333
3 79 19.000000 18.000000 0.052632
3 80 27.000000 24.000000 0.111111
3 81 11.000000 10.000000 0.090909
3 82 17.000000 15.000000 0.117647
3 83 4.000000 4.000000 0.000000
3 84 9.000000 8.000000 0.111111
3 85 18.000000 15.000000 0.166667
3 86 14.000000 13.000000 0.071429
3 87 17.000000 15.000000 0.117647
3 88 15.000000 14.000000 0.066667
3 89 10.000000 9.000000 0.100000
3 90 18.000000 17.000000 0.055556
3 91 13.000000 13.000000 -0.000000
3 92 15.000000 13.000000 0.133333
3 93 14.000000 14.000000 -0.000000
3 94 15.000000 15.000000 0.000000
3 95 11.000000 10.000000 0.090909
3 96 12.000000 11.000000 0.083333
3 97 10.000000 10.000000 0.000000
3 98 13.000000 13.000000 -0.000000
3 99 23.000000 18.000000 0.217391
3 100 12.000000 12.000000 -0.000000
3 101 17.000000 16.000000 0.058824
3 102 17.000000 16.000000 0.058824
3 103 21.000000 20.000000 0.047619
3 104 17.000000 14.000000 0.176471
3 105 8.000000 8.000000 0.000000
3 106 23.000000 19.000000 0.173913
3 107 15.000000 15.000000 0.000000
3 108 8.000000 8.000000 0.000000
3 109 28.000000 24.000000 0.142857
3 110 7.000000 7.000000 0.000000
3 111 18.000000 14.000000 0.222222
3 112 14.000000 13.000000 0.071429
3 113 9.000000 7.000000 0.222222
3 114 12.000000 11.000000 0.083333
3 115 10.000000 10.000000 0.000000
3 116 8.000000 7.000000 0.125000
3 117 9.000000 9.000000 0.000000
3 118 19.000000 15.000000 0.210526
3 119 11.000000 10.000000 0.090909
3 120 7.000000 7.000000 0.000000
3 121 12.000000 11.000000 0.083333
3 122 19.000000 16.000000 0.157895
3 123 4.000000 4.000000 0.000000
3 124 8.000000 7.000000 0.125000
3 125 18.000000 16.000000 0.111111
3 126 9.000000 9.000000 0.000000
3 127 16.000000 16.000000 0.000000
3 128 7.000000 7.000000 0.000000
3 129 17.000000 17.000000 0.000000
3 130 12.000000 12.000000 -0.000000
3 131 19.000000 19.000000 -0.000000
3 132 10.000000 10.000000 0.000000
3 133 6.000000 6.000000 0.000000
3 134 17.000000 14.000000 0.176471
3 135 24.000000 18.000000 0.250000
3 136 9.000000 9.000000 0.000000
3 137 17.000000 15.000000 0.117647
3 138 13.000000 13.000000 0.000000
3 139 16.000000 15.000000 0.062500
3 140 13.000000 13.000000 0.000000
3 141 12.000000 11.000000 0.083333
3 142 13.000000 12.000000 0.076923
3 143 12.000000 12.000000 0.000000
3 144 11.000000 11.000000 0.000000
3 145 14.000000 13.000000 0.071429
3 146 14.000000 14.000000 -0.000000
3 147 12.000000 11.000000 0.083333
3 148 12.000000 12.000000 0.000000
3 149 8.000000 7.000000 0.125000
3 150 14.000000 14.000000 -0.000000
3 151 15.000000 12.000000 0.200000
3 152 19.000000 18.000000 0.052632
3 153 17.000000 17.000000 0.000000
3 154 18.000000 17.000000 0.055556
3 155 9.000000 8.000000 0.111111
3 156 14.000000 12.000000 0.142857
3 157 11.000000 11.000000 -0.000000
3 158 12.000000 10.000000 0.166667
3 159 18.000000 18.000000 -0.000000
3 160 13.000000 11.000000 0.153846
3 161 17.000000 16.000000 0.058824
3 162 14.000000 13.000000 0.071429
3 163 18.000000 16.000000 0.111111
3 164 9.000000 8.000000 0.111111
3 165 16.000000 13.000000 0.187500
3 166 27.000000 27.000000 -0.000000
3 167 16.000000 15.000000 0.062500
3 168 9.000000 9.000000 0.000000
3 169 23.000000 20.000000 0.130435
3 170 19.000000 15.000000 0.210526
3 171 21.000000 16.000000 0.238095
3 172 12.000000 10.000000 0.166667
3 173 21.000000 19.000000 0.095238
3 174 16.000000 15.000000 0.062500
3 175 11.000000 10.000000 0.090909
3 176 10.000000 10.000000 0.000000
3 177 17.000000 17.000000 0.000000
3 178 7.000000 7.000000 0.000000
3 179 18.000000 17.000000 0.055556
3 180 14.000000 14.000000 0.000000
3 181 25.000000 23.000000 0.080000
3 182 15.000000 13.000000 0.133333
3 183 9.000000 9.000000 0.000000
3 184 28.000000 25.000000 0.107143
3 185 7.000000 7.000000 0.000000
3 186 12.000000 11.000000 0.083333
3 187 7.000000 7.000000 0.000000
3 188 15.000000 13.000000 0.133333
3 189 15.000000 13.000000 0.133333
3 190 19.000000 15.000000 0.210526
3 191 12.000000 12.000000 0.000000
3 192 13.000000 13.000000 0.000000
3 193 17.000000 15.000000 0.117647
3 194 12.000000 11.000000 0.083333
3 195 9.000000 9.000000 0.000000
3 196 7.000000 7.000000 0.000000
3 197 11.000000 10.000000 0.090909
3 198 20.000000 18.000000 0.100000
3 199 14.000000 13.000000 0.071429
3 200 8.000000 8.000000 0.000000
3 201 10.000000 7.000000 0.300000
3 202 12.000000 12.000000 -0.000000
3 203 16.000000 14.000000 0.125000
3 204 21.000000 18.000000 0.142857
3 205 11.000000 10.000000 0.090909
3 206 20.000000 18.000000 0.100000
3 207 11.000000 11.000000 0.000000
3 208 17.000000 16.000000 0.058824
3 209 12.000000 12.000000 -0.000000
3 210 15.000000 15.000000 -0.000000
3 211 19.000000 15.000000 0.210526
3 212 10.000000 10.000000 0.000000
3 213 15.000000 15.000000 0.000000
3 214 11.000000 10.000000 0.090909
3 215 17.000000 15.000000 0.117647
3 216 11.000000 10.000000 0.090909
3 217 13.000000 11.000000 0.153846
3 218 9.000000 9.000000 0.000000
3 219 14.000000 13.000000 0.071429
3 220 12.000000 12.000000 0.000000
3 221 23.000000 19.000000 0.173913
3 222 17.000000 14.000000 0.176471
3 223 19.000000 16.000000 0.157895
3 224 12.000000 11.000000 0.083333
3 225 10.000000 9.000000 0.100000
3 226 17.000000 17.000000 0.000000
3 227 14.000000 13.000000 0.071429
3 228 12.000000 11.000000 0.083333
3 229 13.000000 12.000000 0.076923
3 230 6.000000 6.000000 0.000000
3 231 10.000000 9.000000 0.100000
3 232 24.000000 20.000000 0.166667
3 233 14.000000 14.000000 0.000000
3 234 13.000000 13.000000 0.000000
3 235 18.000000 16.000000 0.111111
3 236 26.000000 19.000000 0.269231
3 237 15.000000 13.000000 0.133333
3 238 16.000000 16.000000 0.000000
3 239 26.000000 23.000000 0.115385
3 240 18.000000 17.000000 0.055556
3 241 16.000000 16.000000 0.000000
3 242 15.000000 15.000000 0.000000
3 243 9.000000 9.000000 -0.000000
3 244 8.000000 8.000000 0.000000
3 245 6.000000 6.000000 0.000000
3 246 7.000000 7.000000 0.000000
3 247 11.000000 10.000000 0.090909
3 248 16.000000 15.000000 0.062500
3 249 12.000000 11.000000 0.083333
3 250 20.000000 20.000000 0.000000
3 251 9.000000 8.000000 0.111111
3 252 16.000000 12.000000 0.250000
3 253 17.000000 14.000000 0.176471
3 254 14.000000 13.000000 0.071429
3 255 14.000000 13.000000 0.071429
3 256 9.000000 9.000000 0.000000
3 257 15.000000 15.000000 0.000000
3 258 14.000000 11.000000 0.214286
3 259 13.000000 13.000000 -0.000000
3 260 22.000000 19.000000 0.136364
3 261 8.000000 7.000000 0.125000
3 262 9.000000 8.000000 0.111111
3 263 18.000000 17.000000 0.055556
3 264 15.000000 15.000000 0.000000
3 265 15.000000 15.000000 0.000000
3 266 6.000000 6.000000 0.000000
3 267 10.000000 10.000000 0.000000
3 268 14.000000 12.000000 0.142857
3 269 12.000000 11.000000 0.083333
3 270 16.000000 13.000000 0.187500
3 271 14.000000 13.000000 0.071429
3 272 16.000000 15.000000 0.062500
3 273 17.000000 15.000000 0.117647
3 274 16.000000 13.000000 0.187500
3 275 12.000000 12.000000 -0.000000
3 276 12.000000 10.000000 0.166667
3 277 16.000000 16.000000 0.000000
3 278 14.000000 12.000000 0.142857
3 279 15.000000 14.000000 0.066667
3 280 7.000000 6.000000 0.142857
3 281 11.000000 10.000000 0.090909
3 282 7.000000 7.000000 0.000000
3 283 14.000000 13.000000 0.071429
3 284 24.000000 20.000000 0.166667
3 285 10.000000 10.000000 -0.000000
3 286 18.000000 13.000000 0.277778
3 287 20.000000 17.000000 0.150000
3 288 8.000000 8.000000 0.000000
3 289 11.000000 11.000000 -0.000000
3 290 22.000000 19.000000 0.136364
3 291 18.000000 16.000000 0.111111
3 292 15.000000 15.000000 0.000000
3 293 13.000000 12.000000 0.076923
3 294 23.000000 19.000000 0.173913
3 295 22.000000 20.000000 0.090909
3 296 18.000000 17.000000 0.055556
3 297 12.000000 11.000000 0.083333
3 298 9.000000 9.000000 -0.000000
3 299 13.000000 13.000000 0.000000
3 300 17.000000 17.000000 -0.000000
3 301 20.000000 17.000000 0.150000
3 302 17.000000 14.000000 0.176471
3 303 16.000000 13.000000 0.187500
3 304 15.000000 15.000000 -0.000000
3 305 5.000000 5.000000 0.000000
3 306 8.000000 8.000000 0.000000
3 307 20.000000 17.000000 0.150000
3 308 13.000000 11.000000 0.153846
3 309 9.000000 9.000000 0.000000
3 310 12.000000 11.000000 0.083333
3 311 4.000000 4.000000 0.000000
3 312 10.000000 10.000000 -0.000000
3 313 9.000000 9.000000 0.000000
3 314 21.000000 18.000000 0.142857
3 315 13.000000 12.000000 0.076923
3 316 22.000000 19.000000 0.136364
3 317 12.000000 11.000000 0.083333
3 318 19.000000 17.000000 0.105263
3 319 13.000000 13.000000 0.000000
3 320 18.000000 16.000000 0.111111
3 321 17.000000 15.000000 0.117647
3 322 23.000000 22.000000 0.043478
3 323 11.000000 11.000000 0.000000
3 324 13.000000 12.000000 0.076923
3 325 16.000000 16.000000 0.000000
3 326 17.000000 15.000000 0.117647
3 327 21.000000 20.000000 0.047619
3 328 16.000000 13.000000 0.187500
3 329 27.000000 24.000000 0.111111
3 330 7.000000 7.000000 0.000000
3 331 14.000000 12.000000 0.142857
3 332 10.000000 10.000000 -0.000000
3 333 16.000000 14.000000 0.125000
3 334 8.000000 8.000000 0.000000
3 335 20.000000 18.000000 0.100000
3 336 16.000000 13.000000 0.187500
3 337 8.000000 8.000000 0.000000
3 338 12.000000 11.000000 0.083333
3 339 14.000000 11.000000 0.214286
3 340 14.000000 14.000000 0.000000
3 341 14.000000 11.000000 0.214286
3 342 12.000000 12.000000 0.000000
3 343 17.000000 16.000000 0.058824
3 344 10.000000 10.000000 -0.000000
3 345 19.000000 15.000000 0.210526
3 346 26.000000 25.000000 0.038462
3 347 19.000000 17.000000 0.105263
3 348 19.000000 14.000000 0.263158
3 349 16.000000 14.000000 0.125000
3 350 10.000000 10.000000 -0.000000
3 351 12.000000 10.000000 0.166667
3 352 11.000000 11.000000 -0.000000
3 353 19.000000 16.000000 0.157895
3 354 9.000000 8.000000 0.111111
3 355 13.000000 13.000000 -0.000000
3 356 20.000000 17.000000 0.150000
3 357 6.000000 6.000000 0.000000
3 358 14.000000 12.000000 0.142857
3 359 18.000000 16.000000 0.111111
3 360 17.000000 14.000000 0.176471
3 361 17.000000 16.000000 0.058824
3 362 17.000000 15.000000 0.117647
3 363 9.000000 8.000000 0.111111
3 364 17.000000 15.000000 0.117647
3 365 5.000000 5.000000 0.000000
3 366 18.000000 16.000000 0.111111
3 367 13.000000 12.000000 0.076923
3 368 11.000000 11.000000 0.000000
3 369 13.000000 12.000000 0.076923
3 370 12.000000 12.000000 -0.000000
3 371 12.000000 12.000000 0.000000
3 372 12.000000 11.000000 0.083333
3 373 10.000000 9.000000 0.100000
3 374 9.000000 9.000000 0.000000
3 375 10.000000 9.000000 0.100000
3 376 15.000000 13.000000 0.133333
3 377 8.000000 8.000000 0.000000
3 378 12.000000 12.000000 -0.000000
3 379 17.000000 15.000000 0.117647
3 380 13.000000 11.000000 0.153846
3 381 19.000000 15.000000 0.210526
3 382 10.000000 9.000000 0.100000
3 383 5.000000 5.000000 0.000000
3 384 14.000000 10.000000 0.285714
3 385 9.000000 9.000000 -0.000000
3 386 9.000000 9.000000 -0.000000
3 387 14.000000 14.000000 0.000000
3 388 14.000000 13.000000 0.071429
3 389 9.000000 9.000000 -0.000000
3 390 15.000000 13.000000 0.133333
3 391 17.000000 16.000000 0.058824
3 392 15.000000 13.000000 0.133333
3 393 19.000000 14.000000 0.263158
3 394 23.000000 22.000000 0.043478
3 395 12.000000 12.000000 -0.000000
3 396 6.000000 6.000000 0.000000
3 397 8.000000 8.000000 0.000000
3 398 9.000000 8.000000 0.111111
3 399 13.000000 12.000000 0.076923
3 400 18.000000 14.000000 0.222222
4 1 21.000000 21.000000 0.000000
4 2 35.000000 30.000000 0.142857
4 3 19.000000 19.000000 -0.000000
4 4 27.000000 24.000000 0.111111
4 5 23.000000 20.000000 0.130435
4 6 35.000000 35.000000 0.000000
4 7 27.000000 23.000000 0.148148
4 8 33.000000 31.000000 0.060606
4 9 41.000000 40.000000 0.024390
4 10 26.000000 19.000000 0.269231
4 11 50.000000 43.000000 0.140000
4 12 21.000000 21.000000 0.000000
4 13 34.000000 31.000000 0.088235
4 14 21.000000 21.000000 0.000000
4 15 38.000000 36.000000 0.052632
4 16 19.000000 19.000000 -0.000000
4 17 23.000000 22.000000 0.043478
4 18 22.000000 21.000000 0.045455
4 19 26.000000 21.000000 0.192308
4 20 42.000000 41.000000 0.023810
4 21 20.000000 18.000000 0.100000
4 22 29.000000 29.000000 0.000000
4 23 9.000000 9.000000 0.000000
4 24 22.000000 20.000000 0.090909
4 25 35.000000 33.000000 0.057143
4 26 39.000000 34.000000 0.128205
4 27 30.000000 27.000000 0.100000
4 28 37.000000 31.000000 0.162162
4 29 40.000000 36.000000 0.100000
4 30 42.000000 33.000000 0.214286
4 31 20.000000 20.000000 -0.000000
4 32 18.000000 17.000000 0.055556
4 33 26.000000 25.000000 0.038462
4 34 45.000000 43.000000 0.044444
4 35 23.000000 20.000000 0.130435
4 36 48.000000 39.000000 0.187500
4 37 30.000000 26.000000 0.133333
4 38 49.000000 40.000000 0.183673
4 39 9.000000 9.000000 0.000000
4 40 24.000000 22.000000 0.083333
4 41 28.000000 23.000000 0.178571
4 42 48.000000 44.000000 0.083333
4 43 22.000000 20.000000 0.090909
4 44 20.000000 17.000000 0.150000
4 45 19.000000 17.000000 0.105263
4 46 10.000000 10.000000 0.000000
4 47 41.000000 38.000000 0.073171
4 48 18.000000 17.000000 0.055556
4 49 25.000000 24.000000 0.040000
4 50 24.000000 19.000000 0.208333
4 51 32.000000 32.000000 0.000000
4 52 23.000000 19.000000 0.173913
4 53 32.000000 31.000000 0.031250
4 54 23.000000 20.000000 0.130435
4 55 23.000000 20.000000 0.130435
4 56 28.000000 25.000000 0.107143
4 57 26.000000 23.000000 0.115385
4 58 22.000000 20.000000 0.090909
4 59 11.000000 11.000000 0.000000
4 60 24.000000 23.000000 0.041667
4 61 27.000000 25.000000 0.074074
4 62 45.000000 38.000000 0.155556
4 63 49.000000 46.000000 0.061224
4 64 20.000000 19.000000 0.050000
4 65 26.000000 23.000000 0.115385
4 66 25.000000 25.000000 0.000000
4 67 19.000000 19.000000 0.000000
4 68 26.000000 22.000000 0.153846
4 69 9.000000 9.000000 0.000000
4 70 30.000000 26.000000 0.133333
4 71 27.000000 26.000000 0.037037
4 72 25.000000 25.000000 0.000000
4 73 15.000000 15.000000 -0.000000
4 74 35.000000 30.000000 0.142857
4 75 30.000000 25.000000 0.166667
4 76 43.000000 37.000000 0.139535
4 77 34.000000 30.000000 0.117647
4 78 17.000000 15.000000 0.117647
4 79 14.000000 12.000000 0.142857
4 80 35.000000 27.000000 0.228571
4 81 18.000000 18.000000 0.000000
4 82 19.000000 19.000000 0.000000
4 83 25.000000 21.000000 0.160000
4 84 27.000000 25.000000 0.074074
4 85 33.000000 33.000000 0.000000
4 86 27.000000 27.000000 -0.000000
4 87 14.000000 14.000000 0.000000
4 88 27.000000 26.000000 0.037037
4 89 33.000000 27.000000 0.181818
4 90 29.000000 26.000000 0.103448
4 91 29.000000 28.000000 0.034483
4 92 38.000000 33.000000 0.131579
4 93 36.000000 33.000000 0.083333
4 94 36.000000 31.000000 0.138889
4 95 37.000000 32.000000 0.135135
4 96 17.000000 17.000000 0.000000
4 97 39.000000 35.000000 0.102564
4 98 30.000000 28.000000 0.066667
4 99 35.000000 26.000000 0.257143
4 100 21.000000 19.000000 0.095238
4 101 31.000000 28.000000 0.096774
4 102 23.000000 22.000000 0.043478
4 103 39.000000 37.000000 0.051282
4 104 20.000000 19.000000 0.050000
4 105 21.000000 20.000000 0.047619
4 106 15.000000 15.000000 0.000000
4 107 21.000000 19.000000 0.095238
4 108 40.000000 36.000000 0.100000
4 109 16.000000 16.000000 0.000000
4 110 31.000000 27.000000 0.129032
4 111 26.000000 24.000000 0.076923
4 112 16.000000 16.000000 -0.000000
4 113 30.000000 30.000000 0.000000
4 114 24.000000 23.000000 0.041667
4 115 43.000000 37.000000 0.139535
4 116 33.000000 29.000000 0.121212
4 117 24.000000 22.000000 0.083333
4 118 27.000000 27.000000 -0.000000
4 119 27.000000 23.000000 0.148148
4 120 38.000000 32.000000 0.157895
4 121 35.000000 33.000000 0.057143
4 122 24.000000 24.000000 0.000000
4 123 13.000000 12.000000 0.076923
4 124 38.000000 32.000000 0.157895
4 125 26.000000 23.000000 0.115385
4 126 22.000000 22.000000 0.000000
4 127 33.000000 32.000000 0.030303
4 128 28.000000 26.000000 0.071429
4 129 20.000000 19.000000 0.050000
4 130 62.000000 50.000000 0.193548
4 131 28.000000 25.000000 0.107143
4 132 30.000000 26.000000 0.133333
4 133 16.000000 15.000000 0.062500
4 134 33.000000 32.000000 0.030303
4 135 25.000000 23.000000 0.080000
4 136 35.000000 32.000000 0.085714
4 137 11.000000 11.000000 -0.000000
4 138 27.000000 24.000000 0.111111
4 139 25.000000 20.000000 0.200000
4 140 20.000000 17.000000 0.150000
4 141 42.000000 37.000000 0.119048
4 142 15.000000 14.000000 0.066667
4 143 38.000000 34.000000 0.105263
4 144 14.000000 13.000000 0.071429
4 145 33.000000 32.000000 0.030303
4 146 33.000000 29.000000 0.121212
4 147 16.000000 16.000000 -0.000000
4 148 31.000000 30.000000 0.032258
4 149 32.000000 28.000000 0.125000
4 150 23.000000 20.000000 0.130435
4 151 25.000000 21.000000 0.160000
4 152 22.000000 19.000000 0.136364
4 153 38.000000 32.000000 0.157895
4 154 37.000000 35.000000 0.054054
4 155 15.000000 15.000000 0.000000
4 156 28.000000 26.000000 0.071429
4 157 24.000000 22.000000 0.083333
4 158 27.000000 25.000000 0.074074
4 159 39.000000 37.000000 0.051282
4 160 25.000000 23.000000 0.080000
4 161 40.000000 28.000000 0.300000
4 162 29.000000 27.000000 0.068966
4 163 34.000000 29.000000 0.147059
4 164 30.000000 25.000000 0.166667
4 165 34.000000 29.000000 0.147059
4 166 25.000000 25.000000 -0.000000
4 167 32.000000 25.000000 0.218750
4 168 43.000000 39.000000 0.093023
4 169 33.000000 29.000000 0.121212
4 170 33.000000 29.000000 0.121212
4 171 37.000000 34.000000 0.081081
4 172 42.000000 34.000000 0.190476
4 173 34.000000 30.000000 0.117647
4 174 28.000000 27.000000 0.035714
4 175 24.000000 21.000000 0.125000
4 176 16.000000 16.000000 0.000000
4 177 20.000000 18.000000 0.100000
4 178 24.000000 20.000000 0.166667
4 179 33.000000 29.000000 0.121212
4 180 18.000000 18.000000 -0.000000
4 181 34.000000 26.000000 0.235294
4 182 34.000000 32.000000 0.058824
4 183 35.000000 33.000000 0.057143
4 184 39.000000 36.000000 0.076923
4 185 50.000000 45.000000 0.100000
4 186 27.000000 25.000000 0.074074
4 187 18.000000 17.000000 0.055556
4 188 43.000000 35.000000 0.186047
4 189 18.000000 17.000000 0.055556
4 190 27.000000 26.000000 0.037037
4 191 35.000000 29.000000 0.171429
4 192 20.000000 17.000000 0.150000
4 193 45.000000 39.000000 0.133333
4 194 54.000000 46.000000 0.148148
4 195 33.000000 25.000000 0.242424
4 196 14.000000 14.000000 0.000000
4 197 24.000000 21.000000 0.125000
4 198 12.000000 10.000000 0.166667
4 199 13.000000 12.000000 0.076923
4 200 44.000000 38.000000 0.136364
4 201 23.000000 20.000000 0.130435
4 202 20.000000 20.000000 0.000000
4 203 18.000000 18.000000 0.000000
4 204 40.000000 34.000000 0.150000
4 205 22.000000 20.000000 0.090909
4 206 49.000000 43.000000 0.122449
4 207 29.000000 26.000000 0.103448
4 208 30.000000 29.000000 0.033333
4 209 26.000000 24.000000 0.076923
4 210 30.000000 23.000000 0.233333
4 211 46.000000 41.000000 0.108696
4 212 28.000000 26.000000 0.071429
4 213 26.000000 23.000000 0.115385
4 214 20.000000 19.000000 0.050000
4 215 24.000000 23.000000 0.041667
4 216 33.000000 30.000000 0.090909
4 217 36.000000 36.000000 -0.000000
4 218 31.000000 31.000000 -0.000000
4 219 19.000000 18.000000 0.052632
4 220 4.000000 4.000000 0.000000
4 221 19.000000 18.000000 0.052632
4 222 25.000000 25.000000 0.000000
4 223 50.000000 47.000000 0.060000
4 224 25.000000 23.000000 0.080000
4 225 24.000000 23.000000 0.041667
4 226 24.000000 20.000000 0.166667
4 227 44.000000 39.000000 0.113636
4 228 48.000000 44.000000 0.083333
4 229 39.000000 38.000000 0.025641
4 230 20.000000 18.000000 0.100000
4 231 42.000000 42.000000 0.000000
4 232 37.000000 33.000000 0.108108
4 233 34.000000 30.000000 0.117647
4 234 31.000000 29.000000 0.064516
4 235 32.000000 28.000000 0.125000
4 236 32.000000 29.000000 0.093750
4 237 52.000000 39.000000 0.250000
4 238 25.000000 23.000000 0.080000
4 239 26.000000 26.000000 -0.000000
4 240 27.000000 24.000000 0.111111
4 241 27.000000 27.000000 0.000000
4 242 27.000000 22.000000 0.185185
4 243 33.000000 30.000000 0.090909
4 244 24.000000 22.000000 0.083333
4 245 18.000000 18.000000 0.000000
4 246 47.000000 44.000000 0.063830
4 247 25.000000 23.000000 0.080000
4 248 33.000000 27.000000 0.181818
4 249 15.000000 14.000000 0.066667
4 250 25.000000 21.000000 0.160000
4 251 21.000000 19.000000 0.095238
4 252 36.000000 31.000000 0.138889
4 253 21.000000 18.000000 0.142857
4 254 27.000000 24.000000 0.111111
4 255 31.000000 24.000000 0.225806
4 256 35.000000 29.000000 0.171429
4 257 31.000000 27.000000 0.129032
4 258 22.000000 18.000000 0.181818
4 259 36.000000 34.000000 0.055556
4 260 24.000000 23.000000 0.041667
4 261 41.000000 34.000000 0.170732
4 262 40.000000 34.000000 0.150000
4 263 28.000000 26.000000 0.071429
4 264 33.000000 33.000000 -0.000000
4 265 35.000000 29.000000 0.171429
4 266 9.000000 9.000000 0.000000
4 267 22.000000 20.000000 0.090909
4 268 36.000000 29.000000 0.194444
4 269 37.000000 33.000000 0.108108
4 270 29.000000 22.000000 0.241379
4 271 26.000000 23.000000 0.115385
4 272 19.000000 18.000000 0.052632
4 273 23.000000 23.000000 -0.000000
4 274 16.000000 16.000000 0.000000
4 275 22.000000 19.000000 0.136364
4 276 13.000000 12.000000 0.076923
4 277 32.000000 25.000000 0.218750
4 278 12.000000 11.000000 0.083333
4 279 17.000000 13.000000 0.235294
4 280 35.000000 30.000000 0.142857
4 281 32.000000 29.000000 0.093750
4 282 43.000000 39.000000 0.093023
4 283 33.000000 31.000000 0.060606
4 284 32.000000 27.000000 0.156250
4 285 23.000000 21.000000 0.086957
4 286 40.000000 37.000000 0.075000
4 287 37.000000 32.000000 0.135135
4 288 38.000000 32.000000 0.157895
4 289 42.000000 37.000000 0.119048
4 290 31.000000 29.000000 0.064516
4 291 35.000000 30.000000 0.142857
4 292 34.000000 31.000000 0.088235
4 293 33.000000 29.000000 0.121212
4 294 36.000000 32.000000 0.111111
4 295 12.000000 11.000000 0.083333
4 296 24.000000 21.000000 0.125000
4 297 28.000000 27.000000 0.035714
4 298 22.000000 17.000000 0.227273
4 299 40.000000 37.000000 0.075000
4 300 31.000000 27.000000 0.129032
4 301 29.000000 27.000000 0.068966
4 302 32.000000 29.000000 0.093750
4 303 34.000000 28.000000 0.176471
4 304 31.000000 31.000000 0.000000
4 305 10.000000 9.000000 0.100000
4 306 34.000000 33.000000 0.029412
4 307 17.000000 17.000000 0.000000
4 308 36.000000 33.000000 0.083333
4 309 23.000000 20.000000 0.130435
4 310 17.000000 17.000000 0.000000
4 311 52.000000 47.000000 0.096154
4 312 43.000000 40.000000 0.069767
4 313 28.000000 25.000000 0.107143
4 314 50.000000 45.000000 0.100000
4 315 29.000000 27.000000 0.068966
4 316 22.000000 19.000000 0.136364
4 317 37.000000 32.000000 0.135135
4 318 24.000000 24.000000 0.000000
4 319 16.000000 15.000000 0.062500
4 320 36.000000 32.000000 0.111111
4 321 30.000000 30.000000 -0.000000
4 322 25.000000 20.000000 0.200000
4 323 30.000000 28.000000 0.066667
4 324 35.000000 31.000000 0.114286
4 325 30.000000 29.000000 0.033333
4 326 42.000000 35.000000 0.166667
4 327 24.000000 22.000000 0.083333
4 328 40.000000 34.000000 0.150000
4 329 33.000000 29.000000 0.121212
4 330 38.000000 37.000000 0.026316
4 331 22.000000 20.000000 0.090909
4 332 34.000000 31.000000 0.088235
4 333 24.000000 21.000000 0.125000
4 334 34.000000 29.000000 0.147059
4 335 28.000000 25.000000 0.107143
4 336 38.000000 31.000000 0.184211
4 337 20.000000 19.000000 0.050000
4 338 25.000000 25.000000 -0.000000
4 339 29.000000 24.000000 0.172414
4 340 16.000000 16.000000 0.000000
4 341 24.000000 21.000000 0.125000
4 342 20.000000 20.000000 0.000000
4 343 43.000000 32.000000 0.255814
4 344 32.000000 28.000000 0.125000
4 345 17.000000 15.000000 0.117647
4 346 37.000000 27.000000 0.270270
4 347 29.000000 25.000000 0.137931
4 348 40.000000 35.000000 0.125000
4 349 44.000000 36.000000 0.181818
4 350 40.000000 35.000000 0.125000
4 351 40.000000 39.000000 0.025000
4 352 19.000000 17.000000 0.105263
4 353 35.000000 31.000000 0.114286
4 354 34.000000 29.000000 0.147059
4 355 21.000000 20.000000 0.047619
4 356 19.000000 18.000000 0.052632
4 357 13.000000 11.000000 0.153846
4 358 22.000000 18.000000 0.181818
4 359 30.000000 26.000000 0.133333
4 360 18.000000 18.000000 0.000000
4 361 34.000000 28.000000 0.176471
4 362 24.000000 23.000000 0.041667
4 363 26.000000 26.000000 0.000000
4 364 25.000000 22.000000 0.120000
4 365 24.000000 21.000000 0.125000
4 366 22.000000 20.000000 0.090909
4 367 26.000000 24.000000 0.076923
4 368 26.000000 23.000000 0.115385
4 369 26.000000 24.000000 0.076923
4 370 24.000000 20.000000 0.166667
4 371 20.000000 17.000000 0.150000
4 372 42.000000 35.000000 0.166667
4 373 25.000000 23.000000 0.080000
4 374 36.000000 31.000000 0.138889
4 375 32.000000 29.000000 0.093750
4 376 26.000000 22.000000 0.153846
4 377 16.000000 14.000000 0.125000
4 378 23.000000 23.000000 0.000000
4 379 38.000000 31.000000 0.184211
4 380 23.000000 19.000000 0.173913
4 381 24.000000 22.000000 0.083333
4 382 31.000000 29.000000 0.064516
4 383 35.000000 32.000000 0.085714
4 384 25.000000 25.000000 0.000000
4 385 27.000000 24.000000 0.111111
4 386 23.000000 20.000000 0.130435
4 387 31.000000 26.000000 0.161290
4 388 37.000000 32.000000 0.135135
4 389 35.000000 31.000000 0.114286
4 390 30.000000 26.000000 0.133333
4 391 29.000000 25.000000 0.137931
4 392 12.000000 12.000000 -0.000000
4 393 40.000000 30.000000 0.250000
4 394 29.000000 28.000000 0.034483
4 395 28.000000 24.000000 0.142857
4 396 37.000000 30.000000 0.189189
4 397 16.000000 16.000000 -0.000000
4 398 32.000000 25.000000 0.218750
4 399 14.000000 14.000000 -0.000000
4 400 34.000000 33.000000 0.029412
5 1 90.000000 84.000000 0.066667
5 2 42.000000 40.000000 0.047619
5 3 77.000000 67.000000 0.129870
5 4 24.000000 24.000000 0.000000
5 5 68.000000 60.000000 0.117647
5 6 66.000000 52.000000 0.212121
5 7 65.000000 58.000000 0.107692
5 8 58.000000 54.000000 0.068966
5 9 28.000000 22.000000 0.214286
5 10 38.000000 34.000000 0.105263
5 11 71.000000 60.000000 0.154930
5 12 84.000000 75.000000 0.107143
5 13 91.000000 78.000000 0.142857
5 14 50.000000 41.000000 0.180000
5 15 20.000000 19.000000 0.050000
5 16 87.000000 84.000000 0.034483
5 17 54.000000 52.000000 0.037037
5 18 53.000000 49.000000 0.075472
5 19 37.000000 37.000000 0.000000
5 20 84.000000 73.000000 0.130952
5 21 55.000000 47.000000 0.145455
5 22 54.000000 49.000000 0.092593
5 23 31.000000 26.000000 0.161290
5 24 108.000000 93.000000 0.138889
5 25 46.000000 39.000000 0.152174
5 26 32.000000 29.000000 0.093750
5 27 101.000000 82.000000 0.188119
5 28 36.000000 34.000000 0.055556
5 29 41.000000 35.000000 0.146341
5 30 69.000000 67.000000 0.028986
5 31 44.000000 41.000000 0.068182
5 32 88.000000 72.000000 0.181818
5 33 42.000000 38.000000 0.095238
5 34 31.000000 31.000000 0.000000
5 35 67.000000 63.000000 0.059701
5 36 60.000000 51.000000 0.150000
5 37 32.000000 27.000000 0.156250
5 38 84.000000 75.000000 0.107143
5 39 86.000000 80.000000 0.069767
5 40 56.000000 50.000000 0.107143
5 41 81.000000 74.000000 0.086420
5 42 22.000000 17.000000 0.227273
5 43 42.000000 38.000000 0.095238
5 44 71.000000 62.000000 0.126761
5 45 72.000000 63.000000 0.125000
5 46 96.000000 80.000000 0.166667
5 47 58.000000 58.000000 -0.000000
5 48 55.000000 48.000000 0.127273
5 49 29.000000 27.000000 0.068966
5 50 48.000000 43.000000 0.104167
5 51 94.000000 79.000000 0.159574
5 52 30.000000 30.000000 0.000000
5 53 42.000000 36.000000 0.142857
5 54 48.000000 45.000000 0.062500
5 55 29.000000 28.000000 0.034483
5 56 29.000000 25.000000 0.137931
5 57 85.000000 68.000000 0.200000
5 58 72.000000 57.000000 0.208333
5 59 48.000000 44.000000 0.083333
5 60 89.000000 79.000000 0.112360
5 61 74.000000 61.000000 0.175676
5 62 46.000000 41.000000 0.108696
5 63 19.000000 18.000000 0.052632
5 64 51.000000 44.000000 0.137255
5 65 32.000000 30.000000 0.062500
5 66 42.000000 37.000000 0.119048
5 67 64.000000 54.000000 0.156250
5 68 105.000000 94.000000 0.104762
5 69 67.000000 58.000000 0.134328
5 70 60.000000 55.000000 0.083333
5 71 69.000000 58.000000 0.159420
5 72 33.000000 31.000000 0.060606
5 73 60.000000 54.000000 0.100000
5 74 66.000000 62.000000 0.060606
5 75 46.000000 42.000000 0.086957
5 76 28.000000 27.000000 0.035714
5 77 73.000000 64.000000 0.123288
5 78 63.000000 57.000000 0.095238
5 79 79.000000 73.000000 0.075949
5 80 72.000000 66.000000 0.083333
5 81 35.000000 33.000000 0.057143
5 82 47.000000 43.000000 0.085106
5 83 46.000000 42.000000 0.086957
5 84 74.000000 64.000000 0.135135
5 85 87.000000 82.000000 0.057471
5 86 56.000000 53.000000 0.053571
5 87 24.000000 22.000000 0.083333
5 88 67.000000 56.000000 0.164179
5 89 47.000000 37.000000 0.212766
5 90 50.000000 47.000000 0.060000
5 91 24.000000 23.000000 0.041667
5 92 58.000000 53.000000 0.086207
5 93 57.000000 48.000000 0.157895
5 94 39.000000 36.000000 0.076923
5 95 52.000000 49.000000 0.057692
5 96 67.000000 55.000000 0.179104
5 97 76.000000 59.000000 0.223684
5 98 49.000000 45.000000 0.081633
5 99 63.000000 54.000000 0.142857
5 100 51.000000 43.000000 0.156863
5 101 86.000000 79.000000 0.081395
5 102 55.000000 53.000000 0.036364
5 103 50.000000 50.000000 0.000000
5 104 57.000000 48.000000 0.157895
5 105 75.000000 72.000000 0.040000
5 106 59.000000 50.000000 0.152542
5 107 60.000000 55.000000 0.083333
5 108 42.000000 38.000000 0.095238
5 109 81.000000 74.000000 0.086420
5 110 62.000000 59.000000 0.048387
5 111 43.000000 38.000000 0.116279
5 112 41.000000 39.000000 0.048780
5 113 50.000000 46.000000 0.080000
5 114 37.000000 34.000000 0.081081
5 115 104.000000 93.000000 0.105769
5 116 45.000000 42.000000 0.066667
5 117 45.000000 39.000000 0.133333
5 118 84.000000 73.000000 0.130952
5 119 82.000000 73.000000 0.109756
5 120 44.000000 40.000000 0.090909
5 121 50.000000 44.000000 0.120000
5 122 71.000000 60.000000 0.154930
5 123 87.000000 76.000000 0.126437
5 124 77.000000 71.000000 0.077922
5 125 51.000000 45.000000 0.117647
5 126 41.000000 36.000000 0.121951
5 127 65.000000 55.000000 0.153846
5 128 70.000000 69.000000 0.014286
5 129 72.000000 63.000000 0.125000
5 130 49.000000 46.000000 0.061224
5 131 77.000000 70.000000 0.090909
5 132 27.000000 25.000000 0.074074
5 133 40.000000 37.000000 0.075000
5 134 95.000000 87.000000 0.084211
5 135 48.000000 45.000000 0.062500
5 136 35.000000 32.000000 0.085714
5 137 55.000000 53.000000 0.036364
5 138 50.000000 44.000000 0.120000
5 139 45.000000 43.000000 0.044444
5 140 61.000000 56.000000 0.081967
5 141 57.000000 57.000000 -0.000000
5 142 70.000000 67.000000 0.042857
5 143 87.000000 75.000000 0.137931
5 144 30.000000 30.000000 -0.000000
5 145 48.000000 42.000000 0.125000
5 146 39.000000 39.000000 0.000000
5 147 94.000000 84.000000 0.106383
5 148 63.000000 59.000000 0.063492
5 149 58.000000 52.000000 0.103448
5 150 46.000000 44.000000 0.043478
5 151 57.000000 55.000000 0.035088
5 152 64.000000 59.000000 0.078125
5 153 77.000000 68.000000 0.116883
5 154 53.000000 46.000000 0.132075
5 155 115.000000 92.000000 0.200000
5 156 89.000000 78.000000 0.123596
5 157 53.000000 45.000000 0.150943
5 158 83.000000 75.000000 0.096386
5 159 39.000000 39.000000 -0.000000
5 160 75.000000 65.000000 0.133333
5 161 31.000000 30.000000 0.032258
5 162 46.000000 41.000000 0.108696
5 163 27.000000 22.000000 0.185185
5 164 78.000000 71.000000 0.089744
5 165 40.000000 35.000000 0.125000
5 166 53.000000 47.000000 0.113208
5 167 73.000000 67.000000 0.082192
5 168 73.000000 63.000000 0.136986
5 169 33.000000 29.000000 0.121212
5 170 61.000000 61.000000 -0.000000
5 171 87.000000 74.000000 0.149425
5 172 34.000000 34.000000 -0.000000
5 173 60.000000 52.000000 0.133333
5 174 39.000000 35.000000 0.102564
5 175 63.000000 57.000000 0.095238
5 176 71.000000 69.000000 0.028169
5 177 74.000000 62.000000 0.162162
5 178 63.000000 59.000000 0.063492
5 179 61.000000 56.000000 0.081967
5 180 35.000000 32.000000 0.085714
5 181 48.000000 40.000000 0.166667
5 182 44.000000 42.000000 0.045455
5 183 42.000000 36.000000 0.142857
5 184 52.000000 44.000000 0.153846
5 185 41.000000 38.000000 0.073171
5 186 77.000000 63.000000 0.181818
5 187 71.000000 62.000000 0.126761
5 188 85.000000 73.000000 0.141176
5 189 63.000000 52.000000 0.174603
5 190 44.000000 42.000000 0.045455
5 191 55.000000 50.000000 0.090909
5 192 54.000000 52.000000 0.037037
5 193 43.000000 39.000000 0.093023
5 194 71.000000 62.000000 0.126761
5 195 63.000000 57.000000 0.095238
5 196 65.000000 60.000000 0.076923
5 197 76.000000 72.000000 0.052632
5 198 52.000000 47.000000 0.096154
5 199 50.000000 46.000000 0.080000
5 200 59.000000 48.000000 0.186441
5 201 83.000000 73.000000 0.120482
5 202 86.000000 80.000000 0.069767
5 203 59.000000 59.000000 0.000000
5 204 65.000000 54.000000 0.169231
5 205 70.000000 60.000000 0.142857
5 206 52.000000 46.000000 0.115385
5 207 47.000000 46.000000 0.021277
5 208 65.000000 57.000000 0.123077
5 209 85.000000 76.000000 0.105882
5 210 57.000000 54.000000 0.052632
5 211 35.000000 33.000000 0.057143
5 212 76.000000 70.000000 0.078947
5 213 47.000000 42.000000 0.106383
5 214 29.000000 28.000000 0.034483
5 215 82.000000 74.000000 0.097561
5 216 61.000000 55.000000 0.098361
5 217 84.000000 69.000000 0.178571
5 218 36.000000 32.000000 0.111111
5 219 40.000000 38.000000 0.050000
5 220 54.000000 47.000000 0.129630
5 221 87.000000 73.000000 0.160920
5 222 52.000000 51.000000 0.019231
5 223 65.000000 57.000000 0.123077
5 224 56.000000 50.000000 0.107143
5 225 93.000000 76.000000 0.182796
5 226 102.000000 91.000000 0.107843
5 227 92.000000 83.000000 0.097826
5 228 49.000000 46.000000 0.061224
5 229 75.000000 69.000000 0.080000
5 230 52.000000 50.000000 0.038462
5 231 46.000000 46.000000 -0.000000
5 232 47.000000 41.000000 0.127660
5 233 85.000000 78.000000 0.082353
5 234 58.000000 52.000000 0.103448
5 235 84.000000 77.000000 0.083333
5 236 46.000000 43.000000 0.065217
5 237 66.000000 56.000000 0.151515
5 238 93.000000 72.000000 0.225806
5 239 33.000000 30.000000 0.090909
5 240 51.000000 40.000000 0.215686
5 241 60.000000 53.000000 0.116667
5 242 40.000000 38.000000 0.050000
5 243 56.000000 54.000000 0.035714
5 244 54.000000 45.000000 0.166667
5 245 89.000000 81.000000 0.089888
5 246 51.000000 45.000000 0.117647
5 247 41.000000 38.000000 0.073171
5 248 67.000000 62.000000 0.074627
5 249 42.000000 37.000000 0.119048
5 250 76.000000 63.000000 0.171053
5 251 41.000000 41.000000 0.000000
5 252 55.000000 50.000000 0.090909
5 253 44.000000 37.000000 0.159091
5 254 28.000000 25.000000 0.107143
5 255 82.000000 79.000000 0.036585
5 256 71.000000 65.000000 0.084507
5 257 51.000000 48.000000 0.058824
5 258 53.000000 49.000000 0.075472
5 259 60.000000 48.000000 0.200000
5 260 38.000000 36.000000 0.052632
5 261 47.000000 43.000000 0.085106
5 262 65.000000 56.000000 0.138462
5 263 86.000000 71.000000 0.174419
5 264 60.000000 54.000000 0.100000
5 265 36.000000 31.000000 0.138889
5 266 42.000000 41.000000 0.023810
5 267 64.000000 58.000000 0.093750
5 268 40.000000 37.000000 0.075000
5 269 47.000000 47.000000 0.000000
5 270 44.000000 40.000000 0.090909
5 271 40.000000 35.000000 0.125000
5 272 69.000000 64.000000 0.072464
5 273 49.000000 42.000000 0.142857
5 274 46.000000 44.000000 0.043478
5 275 31.000000 28.000000 0.096774
5 276 58.000000 51.000000 0.120690
5 277 92.000000 75.000000 0.184783
5 278 34.000000 32.000000 0.058824
5 279 60.000000 54.000000 0.100000
5 280 60.000000 58.000000 0.033333
5 281 65.000000 57.000000 0.123077
5 282 39.000000 36.000000 0.076923
5 283 35.000000 30.000000 0.142857
5 284 59.000000 49.000000 0.169492
5 285 51.000000 47.000000 0.078431
5 286 48.000000 44.000000 0.083333
5 287 63.000000 59.000000 0.063492
5 288 54.000000 43.000000 0.203704
5 289 90.000000 81.000000 0.100000
5 290 52.000000 46.000000 0.115385
5 291 57.000000 55.000000 0.035088
5 292 41.000000 37.000000 0.097561
5 293 63.000000 53.000000 0.158730
5 294 75.000000 71.000000 0.053333
5 295 93.000000 81.000000 0.129032
5 296 11.000000 11.000000 -0.000000
5 297 53.000000 47.000000 0.113208
5 298 52.000000 45.000000 0.134615
5 299 58.000000 55.000000 0.051724
5 300 54.000000 49.000000 0.092593
5 301 61.000000 53.000000 0.131148
5 302 73.000000 66.000000 0.095890
5 303 60.000000 60.000000 0.000000
5 304 11.000000 10.000000 0.090909
5 305 54.000000 51.000000 0.055556
5 306 39.000000 37.000000 0.051282
5 307 38.000000 33.000000 0.131579
5 308 76.000000 76.000000 0.000000
5 309 37.000000 37.000000 -0.000000
5 310 79.000000 70.000000 0.113924
5 311 61.000000 55.000000 0.098361
5 312 100.000000 90.000000 0.100000
5 313 56.000000 48.000000 0.142857
5 314 70.000000 62.000000 0.114286
5 315 75.000000 66.000000 0.120000
5 316 66.000000 61.000000 0.075758
5 317 48.000000 40.000000 0.166667
5 318 47.000000 42.000000 0.106383
5 319 53.000000 50.000000 0.056604
5 320 27.000000 23.000000 0.148148
5 321 72.000000 65.000000 0.097222
5 322 105.000000 89.000000 0.152381
5 323 87.000000 76.000000 0.126437
5 324 29.000000 25.000000 0.137931
5 325 47.000000 45.000000 0.042553
5 326 49.000000 49.000000 -0.000000
5 327 47.000000 42.000000 0.106383
5 328 68.000000 66.000000 0.029412
5 329 29.000000 29.000000 -0.000000
5 330 71.000000 60.000000 0.154930
5 331 67.000000 60.000000 0.104478
5 332 69.000000 62.000000 0.101449
5 333 68.000000 57.000000 0.161765
5 334 70.000000 63.000000 0.100000
5 335 33.000000 31.000000 0.060606
5 336 61.000000 58.000000 0.049180
5 337 72.000000 67.000000 0.069444
5 338 123.000000 97.000000 0.211382
5 339 93.000000 79.000000 0.150538
5 340 68.000000 57.000000 0.161765
5 341 54.000000 54.000000 -0.000000
5 342 57.000000 54.000000 0.052632
5 343 52.000000 44.000000 0.153846
5 344 100.000000 92.000000 0.080000
5 345 52.000000 51.000000 0.019231
5 346 65.000000 55.000000 0.153846
5 347 32.000000 32.000000 -0.000000
5 348 90.000000 80.000000 0.111111
5 349 47.000000 44.000000 0.063830
5 350 64.000000 59.000000 0.078125
5 351 69.000000 59.000000 0.144928
5 352 63.000000 53.000000 0.158730
5 353 39.000000 35.000000 0.102564
5 354 90.000000 83.000000 0.077778
5 355 70.000000 62.000000 0.114286
5 356 35.000000 31.000000 0.114286
5 357 52.000000 47.000000 0.096154
5 358 89.000000 85.000000 0.044944
5 359 76.000000 66.000000 0.131579
5 360 53.000000 51.000000 0.037736
5 361 68.000000 64.000000 0.058824
5 362 68.000000 60.000000 0.117647
5 363 23.000000 21.000000 0.086957
5 364 93.000000 84.000000 0.096774
5 365 66.000000 57.000000 0.136364
5 366 41.000000 36.000000 0.121951
5 367 86.000000 77.000000 0.104651
5 368 63.000000 55.000000 0.126984
5 369 64.000000 61.000000 0.046875
5 370 52.000000 49.000000 0.057692
5 371 58.000000 48.000000 0.172414
5 372 35.000000 34.000000 0.028571
5 373 52.000000 47.000000 0.096154
5 374 65.000000 59.000000 0.092308
5 375 82.000000 79.000000 0.036585
5 376 61.000000 53.000000 0.131148
5 377 51.000000 48.000000 0.058824
5 378 66.000000 60.000000 0.090909
5 379 47.000000 40.000000 0.148936
5 380 67.000000 57.000000 0.149254
5 381 84.000000 74.000000 0.119048
5 382 109.000000 98.000000 0.100917
5 383 80.000000 73.000000 0.087500
5 384 65.000000 59.000000 0.092308
5 385 71.000000 54.000000 0.239437
5 386 50.000000 44.000000 0.120000
5 387 44.000000 41.000000 0.068182
5 388 99.000000 87.000000 0.121212
5 389 61.000000 51.000000 0.163934
5 390 42.000000 36.000000 0.142857
5 391 66.000000 55.000000 0.166667
5 392 72.000000 63.000000 0.125000
5 393 68.000000 56.000000 0.176471
5 394 43.000000 37.000000 0.139535
5 395 56.000000 51.000000 0.089286
5 396 84.000000 79.000000 0.059524
5 397 54.000000 45.000000 0.166667
5 398 40.000000 36.000000 0.100000
5 399 73.000000 68.000000 0.068493
5 400 42.000000 35.000000 0.166667
6 1 132.000000 122.000000 0.075758
6 2 145.000000 135.000000 0.068966
6 3 79.000000 75.000000 0.050633
6 4 90.000000 80.000000 0.111111
6 5 148.000000 127.000000 0.141892
6 6 101.000000 99.000000 0.019802
6 7 133.000000 123.000000 0.075188
6 8 175.000000 154.000000 0.120000
6 9 155.000000 134.000000 0.135484
6 10 191.000000 174.000000 0.089005
6 11 141.000000 121.000000 0.141844
6 12 162.000000 144.000000 0.111111
6 13 120.000000 113.000000 0.058333
6 14 52.000000 44.000000 0.153846
6 15 143.000000 127.000000 0.111888
6 16 65.000000 55.000000 0.153846
6 17 162.000000 132.000000 0.185185
6 18 163.000000 142.000000 0.128834
6 19 93.000000 79.000000 0.150538
6 20 143.000000 134.000000 0.062937
6 21 95.000000 86.000000 0.094737
6 22 144.000000 132.000000 0.083333
6 23 85.000000 76.000000 0.105882
6 24 178.000000 161.000000 0.095506
6 25 116.000000 109.000000 0.060345
6 26 117.000000 109.000000 0.068376
6 27 145.000000 130.000000 0.103448
6 28 115.000000 99.000000 0.139130
6 29 103.000000 90.000000 0.126214
6 30 105.000000 97.000000 0.076190
6 31 92.000000 83.000000 0.097826
6 32 72.000000 63.000000 0.125000
6 33 49.000000 45.000000 0.081633
6 34 78.000000 69.000000 0.115385
6 35 141.000000 136.000000 0.035461
6 36 181.000000 164.000000 0.093923
6 37 168.000000 154.000000 0.083333
6 38 114.000000 102.000000 0.105263
6 39 104.000000 87.000000 0.163462
6 40 122.000000 106.000000 0.131148
6 41 145.000000 128.000000 0.117241
6 42 119.000000 109.000000 0.084034
6 43 137.000000 117.000000 0.145985
6 44 112.000000 100.000000 0.107143
6 45 150.000000 129.000000 0.140000
6 46 84.000000 76.000000 0.095238
6 47 133.000000 113.000000 0.150376
6 48 126.000000 111.000000 0.119048
6 49 164.000000 136.000000 0.170732
6 50 118.000000 107.000000 0.093220
6 51 141.000000 134.000000 0.049645
6 52 151.000000 125.000000 0.172185
6 53 120.000000 111.000000 0.075000
6 54 116.000000 99.000000 0.146552
6 55 120.000000 104.000000 0.133333
6 56 144.000000 128.000000 0.111111
6 57 162.000000 142.000000 0.123457
6 58 82.000000 80.000000 0.024390
6 59 80.000000 64.000000 0.200000
6 60 101.000000 94.000000 0.069307
6 61 101.000000 89.000000 0.118812
6 62 172.000000 147.000000 0.145349
6 63 204.000000 177.000000 0.132353
6 64 121.000000 111.000000 0.082645
6 65 146.000000 126.000000 0.136986
6 66 154.000000 137.000000 0.110390
6 67 92.000000 85.000000 0.076087
6 68 213.000000 184.000000 0.136150
6 69 187.000000 172.000000 0.080214
6 70 121.000000 112.000000 0.074380
6 71 140.000000 125.000000 0.107143
6 72 116.000000 106.000000 0.086207
6 73 128.000000 112.000000 0.125000
6 74 129.000000 115.000000 0.108527
6 75 72.000000 61.000000 0.152778
6 76 120.000000 114.000000 0.050000
6 77 116.000000 106.000000 0.086207
6 78 123.000000 110.000000 0.105691
6 79 93.000000 86.000000 0.075269
6 80 67.000000 63.000000 0.059701
6 81 51.000000 50.000000 0.019608
6 82 114.000000 108.000000 0.052632
6 83 101.000000 101.000000 0.000000
6 84 174.000000 150.000000 0.137931
6 85 116.000000 105.000000 0.094828
6 86 58.000000 50.000000 0.137931
6 87 187.000000 165.000000 0.117647
6 88 177.000000 159.000000 0.101695
6 89 97.000000 81.000000 0.164948
6 90 112.000000 93.000000 0.169643
6 91 87.000000 67.000000 0.229885
6 92 146.000000 135.000000 0.075342
6 93 132.000000 119.000000 0.098485
6 94 122.000000 113.000000 0.073770
6 95 149.000000 122.000000 0.181208
6 96 137.000000 121.000000 0.116788
6 97 83.000000 82.000000 0.012048
6 98 123.000000 102.000000 0.170732
6 99 58.000000 52.000000 0.103448
6 100 93.000000 83.000000 0.107527
6 101 114.000000 102.000000 0.105263
6 102 90.000000 80.000000 0.111111
6 103 105.000000 99.000000 0.057143
6 104 99.000000 92.000000 0.070707
6 105 93.000000 83.000000 0.107527
6 106 91.000000 75.000000 0.175824
6 107 97.000000 91.000000 0.061856
6 108 145.000000 127.000000 0.124138
6 109 132.000000 124.000000 0.060606
6 110 105.000000 99.000000 0.057143
6 111 127.000000 114.000000 0.102362
6 112 115.000000 105.000000 0.086957
6 113 138.000000 129.000000 0.065217
6 114 83.000000 74.000000 0.108434
6 115 81.000000 74.000000 0.086420
6 116 107.000000 94.000000 0.121495
6 117 107.000000 92.000000 0.140187
6 118 62.000000 57.000000 0.080645
6 119 139.000000 122.000000 0.122302
6 120 118.000000 114.000000 0.033898
6 121 142.000000 121.000000 0.147887
6 122 121.000000 107.000000 0.115702
6 123 119.000000 114.000000 0.042017
6 124 105.000000 86.000000 0.180952
6 125 112.000000 102.000000 0.089286
6 126 144.000000 130.000000 0.097222
6 127 109.000000 95.000000 0.128440
6 128 204.000000 181.000000 0.112745
6 129 104.000000 97.000000 0.067308
6 130 119.000000 104.000000 0.126050
6 131 206.000000 181.000000 0.121359
6 132 140.000000 127.000000 0.092857
6 133 125.000000 111.000000 0.112000
6 134 81.000000 76.000000 0.061728
6 135 133.000000 120.000000 0.097744
6 136 144.000000 133.000000 0.076389
6 137 121.000000 108.000000 0.107438
6 138 150.000000 137.000000 0.086667
6 139 97.000000 90.000000 0.072165
6 140 143.000000 132.000000 0.076923
6 141 162.000000 148.000000 0.086420
6 142 113.000000 110.000000 0.026549
6 143 137.000000 120.000000 0.124088
6 144 94.000000 90.000000 0.042553
6 145 144.000000 142.000000 0.013889
6 146 118.000000 105.000000 0.110169
6 147 82.000000 80.000000 0.024390
6 148 150.000000 134.000000 0.106667
6 149 92.000000 79.000000 0.141304
6 150 152.000000 139.000000 0.085526
6 151 126.000000 107.000000 0.150794
6 152 74.000000 60.000000 0.189189
6 153 132.000000 115.000000 0.128788
6 154 111.000000 96.000000 0.135135
6 155 193.000000 164.000000 0.150259
6 156 120.000000 118.000000 0.016667
6 157 147.000000 129.000000 0.122449
6 158 130.000000 115.000000 0.115385
6 159 90.000000 84.000000 0.066667
6 160 186.000000 167.000000 0.102151
6 161 63.000000 63.000000 0.000000
6 162 124.000000 112.000000 0.096774
6 163 140.000000 119.000000 0.150000
6 164 178.000000 160.000000 0.101124
6 165 144.000000 134.000000 0.069444
6 166 94.000000 89.000000 0.053191
6 167 171.000000 144.000000 0.157895
6 168 94.000000 82.000000 0.127660
6 169 79.000000 75.000000 0.050633
6 170 113.000000 103.000000 0.088496
6 171 49.000000 45.000000 0.081633
6 172 142.000000 123.000000 0.133803
6 173 177.000000 162.000000 0.084746
6 174 160.000000 141.000000 0.118750
6 175 37.000000 34.000000 0.081081
6 176 160.000000 144.000000 0.100000
6 177 265.000000 229.000000 0.135849
6 178 205.000000 192.000000 0.063415
6 179 89.000000 72.000000 0.191011
6 180 78.000000 73.000000 0.064103
6 181 182.000000 169.000000 0.071429
6 182 132.000000 114.000000 0.136364
6 183 99.000000 92.000000 0.070707
6 184 177.000000 158.000000 0.107345
6 185 118.000000 108.000000 0.084746
6 186 123.000000 115.000000 0.065041
6 187 138.000000 128.000000 0.072464
6 188 125.000000 109.000000 0.128000
6 189 105.000000 90.000000 0.142857
6 190 76.000000 67.000000 0.118421
6 191 72.000000 65.000000 0.097222
6 192 128.000000 111.000000 0.132813
6 193 122.000000 107.000000 0.122951
6 194 159.000000 141.000000 0.113208
6 195 162.000000 143.000000 0.117284
6 196 132.000000 120.000000 0.090909
6 197 90.000000 83.000000 0.077778
6 198 131.000000 118.000000 0.099237
6 199 149.000000 128.000000 0.140940
6 200 108.000000 99.000000 0.083333
6 201 32.000000 29.000000 0.093750
6 202 110.000000 110.000000 0.000000
6 203 101.000000 79.000000 0.217822
6 204 200.000000 163.000000 0.185000
6 205 73.000000 66.000000 0.095890
6 206 120.000000 111.000000 0.075000
6 207 135.000000 116.000000 0.140741
6 208 145.000000 124.000000 0.144828
6 209 91.000000 89.000000 0.021978
6 210 135.000000 114.000000 0.155556
6 211 99.000000 87.000000 0.121212
6 212 85.000000 83.000000 0.023529
6 213 110.000000 96.000000 0.127273
6 214 120.000000 108.000000 0.100000
6 215 77.000000 73.000000 0.051948
6 216 83.000000 77.000000 0.072289
6 217 129.000000 109.000000 0.155039
6 218 61.000000 61.000000 0.000000
6 219 79.000000 71.000000 0.101266
6 220 103.000000 92.000000 0.106796
6 221 83.000000 82.000000 0.012048
6 222 59.000000 53.000000 0.101695
6 223 179.000000 162.000000 0.094972
6 224 150.000000 134.000000 0.106667
6 225 86.000000 78.000000 0.093023
6 226 210.000000 181.000000 0.138095
6 227 49.000000 42.000000 0.142857
6 228 89.000000 78.000000 0.123596
6 229 221.000000 200.000000 0.095023
6 230 113.000000 106.000000 0.061947
6 231 116.000000 101.000000 0.129310
6 232 113.000000 102.000000 0.097345
6 233 190.000000 170.000000 0.105263
6 234 109.000000 99.000000 0.091743
6 235 147.000000 126.000000 0.142857
6 236 166.000000 151.000000 0.090361
6 237 84.000000 67.000000 0.202381
6 238 159.000000 143.000000 0.100629
6 239 117.000000 112.000000 0.042735
6 240 115.000000 106.000000 0.078261
6 241 176.000000 158.000000 0.102273
6 242 75.000000 66.000000 0.120000
6 243 71.000000 62.000000 0.126761
6 244 141.000000 134.000000 0.049645
6 245 203.000000 187.000000 0.078818
6 246 170.000000 151.000000 0.111765
6 247 57.000000 49.000000 0.140351
6 248 101.000000 94.000000 0.069307
6 249 83.000000 80.000000 0.036145
6 250 52.000000 51.000000 0.019231
6 251 139.000000 132.000000 0.050360
6 252 108.000000 96.000000 0.111111
6 253 54.000000 47.000000 0.129630
6 254 135.000000 125.000000 0.074074
6 255 137.000000 118.000000 0.138686
6 256 70.000000 64.000000 0.085714
6 257 171.000000 158.000000 0.076023
6 258 89.000000 82.000000 0.078652
6 259 180.000000 161.000000 0.105556
6 260 214.000000 179.000000 0.163551
6 261 156.000000 137.000000 0.121795
6 262 150.000000 138.000000 0.080000
6 263 77.000000 70.000000 0.090909
6 264 186.000000 166.000000 0.107527
6 265 176.000000 152.000000 0.136364
6 266 111.000000 103.000000 0.072072
6 267 85.000000 73.000000 0.141176
6 268 148.000000 136.000000 0.081081
6 269 93.000000 90.000000 0.032258
6 270 146.000000 140.000000 0.041096
6 271 90.000000 80.000000 0.111111
6 272 77.000000 77.000000 -0.000000
6 273 107.000000 100.000000 0.065421
6 274 212.000000 188.000000 0.113208
6 275 181.000000 163.000000 0.099448
6 276 120.000000 107.000000 0.108333
6 277 187.000000 158.000000 0.155080
6 278 249.000000 214.000000 0.140562
6 279 162.000000 156.000000 0.037037
6 280 144.000000 135.000000 0.062500
6 281 89.000000 83.000000 0.067416
6 282 101.000000 90.000000 0.108911
6 283 85.000000 77.000000 0.094118
6 284 156.000000 134.000000 0.141026
6 285 115.000000 100.000000 0.130435
6 286 110.000000 107.000000 0.027273
6 287 158.000000 141.000000 0.107595
6 288 162.000000 136.000000 0.160494
6 289 138.000000 128.000000 0.072464
6 290 177.000000 153.000000 0.135593
6 291 147.000000 134.000000 0.088435
6 292 137.000000 124.000000 0.094891
6 293 173.000000 138.000000 0.202312
6 294 23.000000 23.000000 0.000000
6 295 154.000000 132.000000 0.142857
6 296 119.000000 110.000000 0.075630
6 297 128.000000 109.000000 0.148438
6 298 86.000000 73.000000 0.151163
6 299 182.000000 145.000000 0.203297
6 300 145.000000 123.000000 0.151724
6 301 142.000000 125.000000 0.119718
6 302 117.000000 104.000000 0.111111
6 303 38.000000 37.000000 0.026316
6 304 101.000000 86.000000 0.148515
6 305 157.000000 135.000000 0.140127
6 306 129.000000 114.000000 0.116279
6 307 111.000000 96.000000 0.135135
6 308 183.000000 160.000000 0.125683
6 309 216.000000 176.000000 0.185185
6 310 115.000000 107.000000 0.069565
6 311 126.000000 110.000000 0.126984
6 312 122.000000 107.000000 0.122951
6 313 61.000000 60.000000 0.016393
6 314 80.000000 71.000000 0.112500
6 315 109.000000 94.000000 0.137615
6 316 97.000000 81.000000 0.164948
6 317 131.000000 119.000000 0.091603
6 318 221.000000 203.000000 0.081448
6 319 118.000000 112.000000 0.050847
6 320 95.000000 88.000000 0.073684
6 321 144.000000 130.000000 0.097222
6 322 151.000000 132.000000 0.125828
6 323 105.000000 92.000000 0.123810
6 324 163.000000 153.000000 0.061350
6 325 117.000000 112.000000 0.042735
6 326 212.000000 191.000000 0.099057
6 327 123.000000 120.000000 0.024390
6 328 78.000000 76.000000 0.025641
6 329 149.000000 139.000000 0.067114
6 330 143.000000 124.000000 0.132867
6 331 96.000000 90.000000 0.062500
6 332 144.000000 134.000000 0.069444
6 333 113.000000 102.000000 0.097345
6 334 186.000000 162.000000 0.129032
6 335 65.000000 62.000000 0.046154
6 336 142.000000 115.000000 0.190141
6 337 154.000000 133.000000 0.136364
6 338 156.000000 146.000000 0.064103
6 339 84.000000 77.000000 0.083333
6 340 172.000000 143.000000 0.168605
6 341 47.000000 42.000000 0.106383
6 342 117.000000 101.000000 0.136752
6 343 86.000000 72.000000 0.162791
6 344 61.000000 59.000000 0.032787
6 345 121.000000 110.000000 0.090909
6 346 36.000000 36.000000 0.000000
6 347 115.000000 102.000000 0.113043
6 348 94.000000 89.000000 0.053191
6 349 162.000000 145.000000 0.104938
6 350 74.000000 72.000000 0.027027
6 351 139.000000 119.000000 0.143885
6 352 65.000000 64.000000 0.015385
6 353 83.000000 79.000000 0.048193
6 354 149.000000 133.000000 0.107383
6 355 128.000000 121.000000 0.054688
6 356 96.000000 92.000000 0.041667
6 357 88.000000 80.000000 0.090909
6 358 117.000000 104.000000 0.111111
6 359 104.000000 90.000000 0.134615
6 360 131.000000 119.000000 0.091603
6 361 44.000000 39.000000 0.113636
6 362 102.000000 92.000000 0.098039
6 363 119.000000 110.000000 0.075630
6 364 127.000000 114.000000 0.102362
6 365 165.000000 142.000000 0.139394
6 366 144.000000 122.000000 0.152778
6 367 127.000000 125.000000 0.015748
6 368 94.000000 86.000000 0.085106
6 369 117.000000 106.000000 0.094017
6 370 114.000000 104.000000 0.087719
6 371 134.000000 124.000000 0.074627
6 372 107.000000 105.000000 0.018692
6 373 84.000000 81.000000 0.035714
6 374 99.000000 87.000000 0.121212
6 375 159.000000 145.000000 0.088050
6 376 64.000000 62.000000 0.031250
6 377 100.000000 80.000000 0.200000
6 378 160.000000 139.000000 0.131250
6 379 76.000000 73.000000 0.039474
6 380 151.000000 124.000000 0.178808
6 381 186.000000 165.000000 0.112903
6 382 68.000000 62.000000 0.088235
6 383 174.000000 159.000000 0.086207
6 384 212.000000 169.000000 0.202830
6 385 115.000000 97.000000 0.156522
6 386 109.000000 99.000000 0.091743
6 387 185.000000 168.000000 0.091892
6 388 190.000000 164.000000 0.136842
6 389 135.000000 115.000000 0.148148
6 390 106.000000 100.000000 0.056604
6 391 158.000000 158.000000 0.000000
6 392 144.000000 134.000000 0.069444
6 393 126.000000 114.000000 0.095238
6 394 171.000000 144.000000 0.157895
6 395 152.000000 126.000000 0.171053
6 396 106.000000 96.000000 0.094340
6 397 137.000000 126.000000 0.080292
6 398 124.000000 114.000000 0.080645
6 399 131.000000 117.000000 0.106870
6 400 154.000000 140.000000 0.090909
7 1 289.000000 240.000000 0.169550
7 2 282.000000 229.000000 0.187943
7 3 337.000000 311.000000 0.077151
7 4 358.000000 308.000000 0.139665
7 5 360.000000 319.000000 0.113889
7 6 259.000000 227.000000 0.123552
7 7 258.000000 230.000000 0.108527
7 8 314.000000 289.000000 0.079618
7 9 301.000000 257.000000 0.146179
7 10 411.000000 355.000000 0.136253
7 11 131.000000 110.000000 0.160305
7 12 291.000000 279.000000 0.041237
7 13 218.000000 204.000000 0.064220
7 14 236.000000 213.000000 0.097458
7 15 346.000000 312.000000 0.098266
7 16 161.000000 146.000000 0.093168
7 17 280.000000 260.000000 0.071429
7 18 267.000000 243.000000 0.089888
7 19 277.000000 245.000000 0.115523
7 20 268.000000 256.000000 0.044776
7 21 399.000000 355.000000 0.110276
7 22 243.000000 216.000000 0.111111
7 23 303.000000 273.000000 0.099010
7 24 190.000000 164.000000 0.136842
7 25 79.000000 74.000000 0.063291
7 26 280.000000 253.000000 0.096429
7 27 278.000000 238.000000 0.143885
7 28 230.000000 215.000000 0.065217
7 29 396.000000 369.000000 0.068182
7 30 296.000000 274.000000 0.074324
7 31 372.000000 327.000000 0.120968
7 32 296.000000 275.000000 0.070946
7 33 219.000000 217.000000 0.009132
7 34 183.000000 172.000000 0.060109
7 35 286.000000 240.000000 0.160839
7 36 173.000000 148.000000 0.144509
7 37 308.000000 265.000000 0.139610
7 38 410.000000 370.000000 0.097561
7 39 233.000000 221.000000 0.051502
7 40 264.000000 239.000000 0.094697
7 41 344.000000 327.000000 0.049419
7 42 231.000000 213.000000 0.077922
7 43 283.000000 267.000000 0.056537
7 44 182.000000 177.000000 0.027473
7 45 331.000000 301.000000 0.090634
7 46 393.000000 353.000000 0.101781
7 47 392.000000 361.000000 0.079082
7 48 256.000000 235.000000 0.082031
7 49 182.000000 166.000000 0.087912
7 50 304.000000 284.000000 0.065789
7 51 77.000000 70.000000 0.090909
7 52 260.000000 236.000000 0.092308
7 53 418.000000 364.000000 0.129187
7 54 252.000000 222.000000 0.119048
7 55 303.000000 277.000000 0.085809
7 56 406.000000 360.000000 0.113300
7 57 183.000000 168.000000 0.081967
7 58 231.000000 212.000000 0.082251
7 59 272.000000 259.000000 0.047794
7 60 285.000000 259.000000 0.091228
7 61 328.000000 296.000000 0.097561
7 62 253.000000 237.000000 0.063241
7 63 304.000000 283.000000 0.069079
7 64 281.000000 255.000000 0.092527
7 65 363.000000 314.000000 0.134986
7 66 283.000000 264.000000 0.067138
7 67 279.000000 244.000000 0.125448
7 68 204.000000 193.000000 0.053922
7 69 359.000000 298.000000 0.169916
7 70 155.000000 155.000000 0.000000
7 71 353.000000 314.000000 0.110482
7 72 332.000000 304.000000 0.084337
7 73 188.000000 174.000000 0.074468
7 74 178.000000 164.000000 0.078652
7 75 373.000000 336.000000 0.099196
7 76 194.000000 179.000000 0.077320
7 77 229.000000 204.000000 0.109170
7 78 243.000000 230.000000 0.053498
7 79 250.000000 219.000000 0.124000
7 80 145.000000 134.000000 0.075862
7 81 146.000000 134.000000 0.082192
7 82 253.000000 225.000000 0.110672
7 83 192.000000 170.000000 0.114583
7 84 265.000000 234.000000 0.116981
7 85 253.000000 245.000000 0.031621
7 86 286.000000 261.000000 0.087413
7 87 215.000000 207.000000 0.037209
7 88 210.000000 194.000000 0.076190
7 89 106.000000 106.000000 0.000000
7 90 99.000000 95.000000 0.040404
MATLAB is running in headless mode.  Figure windows will not be displayed.
7 91 296.000000 247.000000 0.165541
7 92 358.000000 326.000000 0.089385
7 93 107.000000 97.000000 0.093458
7 94 270.000000 257.000000 0.048148
7 95 227.000000 218.000000 0.039648
7 96 432.000000 389.000000 0.099537
7 97 216.000000 204.000000 0.055556
7 98 252.000000 237.000000 0.059524
7 99 213.000000 189.000000 0.112676
7 100 221.000000 183.000000 0.171946
7 101 231.000000 205.000000 0.112554
7 102 249.000000 234.000000 0.060241
7 103 320.000000 286.000000 0.106250
7 104 229.000000 227.000000 0.008734
7 105 214.000000 203.000000 0.051402
7 106 207.000000 186.000000 0.101449
7 107 156.000000 145.000000 0.070513
7 108 187.000000 177.000000 0.053476
7 109 299.000000 281.000000 0.060201
7 110 249.000000 226.000000 0.092369
7 111 142.000000 121.000000 0.147887
7 112 203.000000 196.000000 0.034483
7 113 245.000000 226.000000 0.077551
7 114 265.000000 234.000000 0.116981
7 115 265.000000 245.000000 0.075472
7 116 167.000000 155.000000 0.071856
7 117 223.000000 204.000000 0.085202
7 118 277.000000 246.000000 0.111913
7 119 280.000000 265.000000 0.053571
7 120 385.000000 350.000000 0.090909
7 121 492.000000 437.000000 0.111789
7 122 307.000000 290.000000 0.055375
7 123 342.000000 319.000000 0.067251
