MATLAB is running in headless mode.  Figure windows will not be displayed.
1 1 6.000000 6.000000 0.000000
1 2 7.000000 7.000000 0.000000
1 3 6.000000 6.000000 0.000000
1 4 5.000000 5.000000 0.000000
1 5 7.000000 7.000000 0.000000
1 6 6.000000 6.000000 0.000000
1 7 5.000000 5.000000 0.000000
1 8 5.000000 5.000000 0.000000
1 9 5.000000 5.000000 0.000000
1 10 6.000000 6.000000 0.000000
1 11 6.000000 6.000000 0.000000
1 12 8.000000 7.000000 0.125000
1 13 5.000000 5.000000 0.000000
1 14 6.000000 6.000000 0.000000
1 15 6.000000 6.000000 0.000000
1 16 5.000000 5.000000 0.000000
1 17 6.000000 6.000000 0.000000
1 18 7.000000 7.000000 0.000000
1 19 7.000000 7.000000 0.000000
1 20 6.000000 6.000000 0.000000
1 21 6.000000 6.000000 0.000000
1 22 7.000000 6.000000 0.142857
1 23 6.000000 6.000000 0.000000
1 24 7.000000 7.000000 0.000000
1 25 5.000000 5.000000 0.000000
1 26 8.000000 7.000000 0.125000
1 27 7.000000 6.000000 0.142857
1 28 6.000000 6.000000 0.000000
1 29 6.000000 6.000000 0.000000
1 30 6.000000 6.000000 0.000000
1 31 5.000000 5.000000 0.000000
1 32 6.000000 6.000000 0.000000
1 33 6.000000 6.000000 0.000000
1 34 8.000000 7.000000 0.125000
1 35 7.000000 7.000000 0.000000
1 36 5.000000 5.000000 0.000000
1 37 5.000000 5.000000 0.000000
1 38 5.000000 5.000000 0.000000
1 39 6.000000 6.000000 0.000000
1 40 7.000000 7.000000 0.000000
1 41 6.000000 6.000000 0.000000
1 42 6.000000 6.000000 0.000000
1 43 8.000000 7.000000 0.125000
1 44 6.000000 6.000000 0.000000
1 45 6.000000 6.000000 0.000000
1 46 6.000000 6.000000 0.000000
1 47 6.000000 6.000000 0.000000
1 48 7.000000 6.000000 0.142857
1 49 6.000000 6.000000 0.000000
1 50 7.000000 6.000000 0.142857
1 51 5.000000 5.000000 0.000000
1 52 6.000000 6.000000 0.000000
1 53 6.000000 6.000000 0.000000
1 54 7.000000 6.000000 0.142857
1 55 5.000000 5.000000 0.000000
1 56 6.000000 6.000000 0.000000
1 57 6.000000 6.000000 0.000000
1 58 6.000000 6.000000 0.000000
1 59 7.000000 6.000000 0.142857
1 60 7.000000 7.000000 0.000000
1 61 5.000000 5.000000 0.000000
1 62 6.000000 6.000000 0.000000
1 63 6.000000 6.000000 0.000000
1 64 6.000000 6.000000 0.000000
1 65 6.000000 6.000000 0.000000
1 66 5.000000 5.000000 0.000000
1 67 5.000000 5.000000 0.000000
1 68 5.000000 5.000000 0.000000
1 69 5.000000 5.000000 0.000000
1 70 7.000000 7.000000 0.000000
1 71 6.000000 6.000000 0.000000
1 72 8.000000 7.000000 0.125000
1 73 7.000000 7.000000 0.000000
1 74 7.000000 6.000000 0.142857
1 75 7.000000 7.000000 0.000000
1 76 6.000000 6.000000 0.000000
1 77 6.000000 6.000000 0.000000
1 78 6.000000 6.000000 0.000000
1 79 6.000000 6.000000 0.000000
1 80 6.000000 6.000000 0.000000
1 81 7.000000 6.000000 0.142857
1 82 5.000000 5.000000 0.000000
1 83 5.000000 5.000000 0.000000
1 84 6.000000 6.000000 0.000000
1 85 6.000000 6.000000 0.000000
1 86 6.000000 6.000000 0.000000
1 87 6.000000 6.000000 0.000000
1 88 6.000000 6.000000 0.000000
1 89 7.000000 7.000000 0.000000
1 90 6.000000 6.000000 0.000000
1 91 6.000000 6.000000 0.000000
1 92 6.000000 6.000000 0.000000
1 93 5.000000 5.000000 0.000000
1 94 5.000000 5.000000 0.000000
1 95 5.000000 5.000000 0.000000
1 96 6.000000 6.000000 0.000000
1 97 5.000000 5.000000 0.000000
1 98 5.000000 5.000000 0.000000
1 99 5.000000 5.000000 0.000000
1 100 6.000000 6.000000 0.000000
1 101 7.000000 7.000000 0.000000
1 102 7.000000 7.000000 0.000000
1 103 7.000000 6.000000 0.142857
1 104 5.000000 5.000000 0.000000
1 105 5.000000 5.000000 0.000000
1 106 5.000000 5.000000 0.000000
1 107 8.000000 6.000000 0.250000
1 108 5.000000 5.000000 0.000000
1 109 7.000000 6.000000 0.142857
1 110 6.000000 6.000000 0.000000
1 111 6.000000 6.000000 0.000000
1 112 6.000000 6.000000 0.000000
1 113 7.000000 6.000000 0.142857
1 114 8.000000 6.000000 0.250000
1 115 6.000000 6.000000 0.000000
1 116 8.000000 6.000000 0.250000
1 117 7.000000 7.000000 0.000000
1 118 6.000000 6.000000 0.000000
1 119 6.000000 6.000000 0.000000
1 120 5.000000 5.000000 0.000000
1 121 6.000000 6.000000 0.000000
1 122 5.000000 5.000000 0.000000
1 123 7.000000 6.000000 0.142857
1 124 7.000000 6.000000 0.142857
1 125 8.000000 6.000000 0.250000
1 126 5.000000 5.000000 0.000000
1 127 6.000000 6.000000 0.000000
1 128 6.000000 6.000000 0.000000
1 129 6.000000 6.000000 0.000000
1 130 6.000000 6.000000 0.000000
1 131 8.000000 7.000000 0.125000
1 132 7.000000 7.000000 0.000000
1 133 8.000000 7.000000 0.125000
1 134 7.000000 7.000000 0.000000
1 135 7.000000 6.000000 0.142857
1 136 7.000000 7.000000 0.000000
1 137 7.000000 6.000000 0.142857
1 138 6.000000 6.000000 0.000000
1 139 6.000000 6.000000 0.000000
1 140 7.000000 6.000000 0.142857
1 141 6.000000 6.000000 0.000000
1 142 5.000000 5.000000 0.000000
1 143 7.000000 7.000000 0.000000
1 144 7.000000 7.000000 0.000000
1 145 5.000000 5.000000 0.000000
1 146 6.000000 6.000000 0.000000
1 147 5.000000 5.000000 0.000000
1 148 5.000000 5.000000 0.000000
1 149 5.000000 5.000000 0.000000
1 150 7.000000 6.000000 0.142857
1 151 5.000000 5.000000 0.000000
1 152 5.000000 5.000000 0.000000
1 153 7.000000 6.000000 0.142857
1 154 5.000000 5.000000 0.000000
1 155 6.000000 6.000000 0.000000
1 156 5.000000 5.000000 0.000000
1 157 5.000000 5.000000 0.000000
1 158 7.000000 7.000000 0.000000
1 159 7.000000 6.000000 0.142857
1 160 6.000000 6.000000 0.000000
1 161 6.000000 6.000000 0.000000
1 162 6.000000 6.000000 0.000000
1 163 7.000000 6.000000 0.142857
1 164 6.000000 6.000000 0.000000
1 165 6.000000 6.000000 0.000000
1 166 6.000000 6.000000 0.000000
1 167 6.000000 6.000000 0.000000
1 168 6.000000 6.000000 0.000000
1 169 6.000000 6.000000 0.000000
1 170 6.000000 6.000000 0.000000
1 171 5.000000 5.000000 0.000000
1 172 6.000000 6.000000 0.000000
1 173 6.000000 6.000000 0.000000
1 174 5.000000 5.000000 0.000000
1 175 6.000000 6.000000 0.000000
1 176 6.000000 6.000000 0.000000
1 177 5.000000 5.000000 0.000000
1 178 6.000000 6.000000 0.000000
1 179 5.000000 5.000000 0.000000
1 180 5.000000 5.000000 0.000000
1 181 5.000000 5.000000 0.000000
1 182 5.000000 5.000000 0.000000
1 183 7.000000 7.000000 0.000000
1 184 6.000000 6.000000 0.000000
1 185 5.000000 5.000000 0.000000
1 186 5.000000 5.000000 0.000000
1 187 6.000000 6.000000 0.000000
1 188 5.000000 5.000000 0.000000
1 189 5.000000 5.000000 0.000000
1 190 5.000000 5.000000 0.000000
1 191 7.000000 7.000000 0.000000
1 192 7.000000 7.000000 0.000000
1 193 5.000000 5.000000 0.000000
1 194 6.000000 6.000000 0.000000
1 195 6.000000 6.000000 0.000000
1 196 5.000000 5.000000 0.000000
1 197 6.000000 6.000000 0.000000
1 198 6.000000 6.000000 0.000000
1 199 7.000000 6.000000 0.142857
1 200 6.000000 6.000000 0.000000
1 201 7.000000 6.000000 0.142857
1 202 5.000000 5.000000 0.000000
1 203 6.000000 6.000000 0.000000
1 204 5.000000 5.000000 0.000000
1 205 5.000000 5.000000 0.000000
1 206 5.000000 5.000000 0.000000
1 207 7.000000 7.000000 0.000000
1 208 5.000000 5.000000 0.000000
1 209 6.000000 6.000000 0.000000
1 210 5.000000 5.000000 0.000000
1 211 7.000000 6.000000 0.142857
1 212 5.000000 5.000000 0.000000
1 213 6.000000 6.000000 0.000000
1 214 6.000000 6.000000 0.000000
1 215 6.000000 6.000000 0.000000
1 216 6.000000 6.000000 0.000000
1 217 6.000000 6.000000 0.000000
1 218 8.000000 7.000000 0.125000
1 219 7.000000 6.000000 0.142857
1 220 6.000000 6.000000 0.000000
1 221 5.000000 5.000000 0.000000
1 222 5.000000 5.000000 0.000000
1 223 6.000000 6.000000 0.000000
1 224 6.000000 6.000000 0.000000
1 225 5.000000 5.000000 0.000000
1 226 6.000000 6.000000 0.000000
1 227 5.000000 5.000000 0.000000
1 228 5.000000 5.000000 0.000000
1 229 5.000000 5.000000 0.000000
1 230 7.000000 7.000000 0.000000
1 231 6.000000 6.000000 0.000000
1 232 6.000000 6.000000 0.000000
1 233 6.000000 6.000000 0.000000
1 234 6.000000 6.000000 0.000000
1 235 7.000000 6.000000 0.142857
1 236 8.000000 7.000000 0.125000
1 237 7.000000 7.000000 0.000000
1 238 6.000000 6.000000 0.000000
1 239 6.000000 6.000000 0.000000
1 240 6.000000 6.000000 0.000000
1 241 7.000000 6.000000 0.142857
1 242 6.000000 6.000000 0.000000
1 243 6.000000 6.000000 0.000000
1 244 6.000000 6.000000 0.000000
1 245 5.000000 5.000000 0.000000
1 246 6.000000 6.000000 0.000000
1 247 6.000000 6.000000 0.000000
1 248 6.000000 6.000000 0.000000
1 249 6.000000 6.000000 0.000000
1 250 6.000000 6.000000 0.000000
1 251 6.000000 6.000000 0.000000
1 252 7.000000 7.000000 0.000000
1 253 8.000000 7.000000 0.125000
1 254 8.000000 7.000000 0.125000
1 255 6.000000 6.000000 0.000000
1 256 6.000000 6.000000 0.000000
1 257 6.000000 6.000000 0.000000
1 258 5.000000 5.000000 0.000000
1 259 5.000000 5.000000 0.000000
1 260 5.000000 5.000000 0.000000
1 261 6.000000 6.000000 0.000000
1 262 7.000000 7.000000 0.000000
1 263 7.000000 6.000000 0.142857
1 264 5.000000 5.000000 0.000000
1 265 6.000000 6.000000 0.000000
1 266 5.000000 5.000000 0.000000
1 267 6.000000 6.000000 0.000000
1 268 6.000000 6.000000 0.000000
1 269 6.000000 6.000000 0.000000
1 270 6.000000 6.000000 0.000000
1 271 5.000000 5.000000 0.000000
1 272 7.000000 6.000000 0.142857
1 273 6.000000 6.000000 0.000000
1 274 6.000000 6.000000 0.000000
1 275 7.000000 6.000000 0.142857
1 276 7.000000 6.000000 0.142857
1 277 7.000000 6.000000 0.142857
1 278 7.000000 6.000000 0.142857
1 279 6.000000 6.000000 0.000000
1 280 5.000000 5.000000 0.000000
1 281 6.000000 6.000000 0.000000
1 282 7.000000 6.000000 0.142857
1 283 7.000000 6.000000 0.142857
1 284 6.000000 6.000000 0.000000
1 285 6.000000 6.000000 0.000000
1 286 7.000000 7.000000 0.000000
1 287 6.000000 6.000000 0.000000
1 288 6.000000 6.000000 0.000000
1 289 7.000000 6.000000 0.142857
1 290 6.000000 6.000000 0.000000
1 291 5.000000 5.000000 0.000000
1 292 7.000000 6.000000 0.142857
1 293 6.000000 6.000000 0.000000
1 294 5.000000 5.000000 0.000000
1 295 7.000000 6.000000 0.142857
1 296 6.000000 6.000000 0.000000
1 297 6.000000 6.000000 0.000000
1 298 6.000000 6.000000 0.000000
1 299 5.000000 5.000000 0.000000
1 300 6.000000 6.000000 0.000000
1 301 6.000000 6.000000 0.000000
1 302 6.000000 6.000000 0.000000
1 303 7.000000 7.000000 0.000000
1 304 7.000000 7.000000 0.000000
1 305 5.000000 5.000000 0.000000
1 306 5.000000 5.000000 0.000000
1 307 8.000000 6.000000 0.250000
1 308 5.000000 5.000000 0.000000
1 309 5.000000 5.000000 0.000000
1 310 6.000000 6.000000 0.000000
1 311 5.000000 5.000000 0.000000
1 312 7.000000 6.000000 0.142857
1 313 5.000000 5.000000 0.000000
1 314 6.000000 6.000000 0.000000
1 315 7.000000 6.000000 0.142857
1 316 6.000000 6.000000 0.000000
1 317 6.000000 6.000000 0.000000
1 318 7.000000 6.000000 0.142857
1 319 7.000000 6.000000 0.142857
1 320 7.000000 7.000000 0.000000
1 321 5.000000 5.000000 0.000000
1 322 5.000000 5.000000 0.000000
1 323 8.000000 6.000000 0.250000
1 324 5.000000 5.000000 0.000000
1 325 5.000000 5.000000 0.000000
1 326 5.000000 5.000000 0.000000
1 327 8.000000 7.000000 0.125000
1 328 7.000000 6.000000 0.142857
1 329 5.000000 5.000000 0.000000
1 330 6.000000 6.000000 0.000000
1 331 6.000000 6.000000 0.000000
1 332 5.000000 5.000000 0.000000
1 333 7.000000 7.000000 0.000000
1 334 7.000000 7.000000 0.000000
1 335 6.000000 6.000000 0.000000
1 336 6.000000 6.000000 0.000000
1 337 6.000000 6.000000 0.000000
1 338 5.000000 5.000000 0.000000
1 339 6.000000 6.000000 0.000000
1 340 5.000000 5.000000 0.000000
1 341 5.000000 5.000000 0.000000
1 342 5.000000 5.000000 0.000000
1 343 7.000000 6.000000 0.142857
1 344 6.000000 6.000000 0.000000
1 345 6.000000 6.000000 0.000000
1 346 6.000000 6.000000 0.000000
1 347 5.000000 5.000000 0.000000
1 348 6.000000 6.000000 0.000000
1 349 5.000000 5.000000 0.000000
1 350 6.000000 6.000000 0.000000
1 351 6.000000 6.000000 0.000000
1 352 6.000000 6.000000 0.000000
1 353 6.000000 6.000000 0.000000
1 354 5.000000 5.000000 0.000000
1 355 5.000000 5.000000 0.000000
1 356 5.000000 5.000000 0.000000
1 357 5.000000 5.000000 0.000000
1 358 6.000000 6.000000 0.000000
1 359 6.000000 6.000000 0.000000
1 360 8.000000 7.000000 0.125000
1 361 6.000000 6.000000 0.000000
1 362 6.000000 6.000000 0.000000
1 363 7.000000 7.000000 0.000000
1 364 5.000000 5.000000 0.000000
1 365 5.000000 5.000000 0.000000
1 366 6.000000 6.000000 0.000000
1 367 6.000000 6.000000 0.000000
1 368 5.000000 5.000000 0.000000
1 369 5.000000 5.000000 0.000000
1 370 6.000000 6.000000 0.000000
1 371 6.000000 6.000000 0.000000
1 372 7.000000 6.000000 0.142857
1 373 7.000000 6.000000 0.142857
1 374 5.000000 5.000000 0.000000
1 375 7.000000 7.000000 0.000000
1 376 6.000000 6.000000 0.000000
1 377 6.000000 6.000000 0.000000
1 378 5.000000 5.000000 0.000000
1 379 6.000000 6.000000 0.000000
1 380 9.000000 7.000000 0.222222
1 381 5.000000 5.000000 0.000000
1 382 7.000000 7.000000 0.000000
1 383 6.000000 6.000000 0.000000
1 384 6.000000 6.000000 0.000000
1 385 5.000000 5.000000 0.000000
1 386 5.000000 5.000000 0.000000
1 387 5.000000 5.000000 0.000000
1 388 5.000000 5.000000 0.000000
1 389 8.000000 7.000000 0.125000
1 390 7.000000 6.000000 0.142857
1 391 6.000000 6.000000 0.000000
1 392 6.000000 6.000000 0.000000
1 393 8.000000 7.000000 0.125000
1 394 5.000000 5.000000 0.000000
1 395 6.000000 6.000000 0.000000
1 396 6.000000 6.000000 0.000000
1 397 6.000000 6.000000 0.000000
1 398 6.000000 6.000000 0.000000
1 399 7.000000 7.000000 0.000000
1 400 5.000000 5.000000 0.000000
2 1 8.000000 7.000000 0.125000
2 2 9.000000 8.000000 0.111111
2 3 16.000000 15.000000 0.062500
2 4 7.000000 6.000000 0.142857
2 5 7.000000 7.000000 0.000000
2 6 12.000000 10.000000 0.166667
2 7 7.000000 7.000000 0.000000
2 8 9.000000 8.000000 0.111111
2 9 5.000000 5.000000 0.000000
2 10 12.000000 10.000000 0.166667
2 11 8.000000 8.000000 0.000000
2 12 13.000000 9.000000 0.307692
2 13 9.000000 9.000000 -0.000000
2 14 7.000000 7.000000 0.000000
2 15 9.000000 8.000000 0.111111
2 16 12.000000 10.000000 0.166667
2 17 12.000000 10.000000 0.166667
2 18 9.000000 8.000000 0.111111
2 19 12.000000 11.000000 0.083333
2 20 9.000000 8.000000 0.111111
2 21 10.000000 9.000000 0.100000
2 22 8.000000 8.000000 0.000000
2 23 13.000000 10.000000 0.230769
2 24 6.000000 6.000000 0.000000
2 25 9.000000 8.000000 0.111111
2 26 8.000000 7.000000 0.125000
2 27 13.000000 12.000000 0.076923
2 28 17.000000 13.000000 0.235294
2 29 9.000000 9.000000 0.000000
2 30 7.000000 7.000000 0.000000
2 31 11.000000 11.000000 -0.000000
2 32 10.000000 8.000000 0.200000
2 33 9.000000 8.000000 0.111111
2 34 9.000000 9.000000 -0.000000
2 35 8.000000 8.000000 0.000000
2 36 8.000000 7.000000 0.125000
2 37 9.000000 8.000000 0.111111
2 38 6.000000 6.000000 0.000000
2 39 8.000000 6.000000 0.250000
2 40 11.000000 10.000000 0.090909
2 41 9.000000 9.000000 0.000000
2 42 14.000000 11.000000 0.214286
2 43 10.000000 9.000000 0.100000
2 44 8.000000 8.000000 0.000000
2 45 9.000000 8.000000 0.111111
2 46 6.000000 6.000000 0.000000
2 47 10.000000 10.000000 0.000000
2 48 12.000000 10.000000 0.166667
2 49 6.000000 6.000000 0.000000
2 50 8.000000 8.000000 0.000000
2 51 12.000000 11.000000 0.083333
2 52 6.000000 6.000000 0.000000
2 53 6.000000 6.000000 0.000000
2 54 6.000000 6.000000 0.000000
2 55 12.000000 10.000000 0.166667
2 56 10.000000 7.000000 0.300000
2 57 7.000000 7.000000 0.000000
2 58 12.000000 10.000000 0.166667
2 59 13.000000 13.000000 0.000000
2 60 10.000000 9.000000 0.100000
2 61 6.000000 6.000000 0.000000
2 62 12.000000 11.000000 0.083333
2 63 10.000000 9.000000 0.100000
2 64 12.000000 11.000000 0.083333
2 65 9.000000 8.000000 0.111111
2 66 6.000000 6.000000 0.000000
2 67 12.000000 11.000000 0.083333
2 68 12.000000 10.000000 0.166667
2 69 11.000000 9.000000 0.181818
2 70 8.000000 8.000000 0.000000
2 71 10.000000 8.000000 0.200000
2 72 7.000000 7.000000 0.000000
2 73 7.000000 7.000000 0.000000
2 74 10.000000 9.000000 0.100000
2 75 11.000000 9.000000 0.181818
2 76 12.000000 10.000000 0.166667
2 77 12.000000 10.000000 0.166667
2 78 8.000000 8.000000 0.000000
2 79 9.000000 9.000000 -0.000000
2 80 10.000000 10.000000 0.000000
2 81 5.000000 5.000000 0.000000
2 82 8.000000 8.000000 0.000000
2 83 11.000000 8.000000 0.272727
2 84 12.000000 10.000000 0.166667
2 85 12.000000 12.000000 0.000000
2 86 6.000000 6.000000 0.000000
2 87 9.000000 9.000000 -0.000000
2 88 8.000000 8.000000 0.000000
2 89 8.000000 8.000000 0.000000
2 90 7.000000 7.000000 0.000000
2 91 10.000000 9.000000 0.100000
2 92 7.000000 6.000000 0.142857
2 93 7.000000 6.000000 0.142857
2 94 7.000000 7.000000 0.000000
2 95 11.000000 11.000000 0.000000
2 96 12.000000 10.000000 0.166667
2 97 10.000000 9.000000 0.100000
2 98 10.000000 10.000000 0.000000
2 99 10.000000 9.000000 0.100000
2 100 11.000000 11.000000 0.000000
2 101 5.000000 5.000000 0.000000
2 102 6.000000 6.000000 0.000000
2 103 11.000000 10.000000 0.090909
2 104 10.000000 8.000000 0.200000
2 105 14.000000 11.000000 0.214286
2 106 7.000000 7.000000 0.000000
2 107 15.000000 13.000000 0.133333
2 108 10.000000 10.000000 0.000000
2 109 12.000000 11.000000 0.083333
2 110 12.000000 10.000000 0.166667
2 111 12.000000 10.000000 0.166667
2 112 7.000000 6.000000 0.142857
2 113 9.000000 8.000000 0.111111
2 114 12.000000 10.000000 0.166667
2 115 7.000000 6.000000 0.142857
2 116 8.000000 6.000000 0.250000
2 117 6.000000 6.000000 0.000000
2 118 11.000000 10.000000 0.090909
2 119 13.000000 11.000000 0.153846
2 120 15.000000 11.000000 0.266667
2 121 9.000000 9.000000 -0.000000
2 122 6.000000 6.000000 0.000000
2 123 9.000000 9.000000 -0.000000
2 124 6.000000 6.000000 0.000000
2 125 10.000000 10.000000 0.000000
2 126 7.000000 7.000000 0.000000
2 127 6.000000 6.000000 0.000000
2 128 8.000000 7.000000 0.125000
2 129 9.000000 8.000000 0.111111
2 130 12.000000 11.000000 0.083333
2 131 10.000000 10.000000 0.000000
2 132 16.000000 13.000000 0.187500
2 133 15.000000 11.000000 0.266667
2 134 9.000000 9.000000 -0.000000
2 135 5.000000 5.000000 0.000000
2 136 15.000000 12.000000 0.200000
2 137 9.000000 8.000000 0.111111
2 138 15.000000 13.000000 0.133333
2 139 9.000000 9.000000 -0.000000
2 140 9.000000 8.000000 0.111111
2 141 8.000000 8.000000 0.000000
2 142 13.000000 12.000000 0.076923
2 143 8.000000 8.000000 0.000000
2 144 11.000000 10.000000 0.090909
2 145 9.000000 8.000000 0.111111
2 146 8.000000 7.000000 0.125000
2 147 7.000000 7.000000 0.000000
2 148 12.000000 10.000000 0.166667
2 149 12.000000 11.000000 0.083333
2 150 5.000000 5.000000 0.000000
2 151 11.000000 9.000000 0.181818
2 152 5.000000 5.000000 0.000000
2 153 11.000000 11.000000 0.000000
2 154 7.000000 7.000000 0.000000
2 155 7.000000 7.000000 0.000000
2 156 10.000000 9.000000 0.100000
2 157 12.000000 11.000000 0.083333
2 158 8.000000 7.000000 0.125000
2 159 11.000000 11.000000 0.000000
2 160 8.000000 8.000000 0.000000
2 161 13.000000 11.000000 0.153846
2 162 6.000000 6.000000 0.000000
2 163 10.000000 10.000000 0.000000
2 164 9.000000 9.000000 0.000000
2 165 9.000000 9.000000 -0.000000
2 166 10.000000 9.000000 0.100000
2 167 13.000000 12.000000 0.076923
2 168 13.000000 12.000000 0.076923
2 169 6.000000 6.000000 0.000000
2 170 8.000000 8.000000 0.000000
2 171 8.000000 8.000000 0.000000
2 172 12.000000 12.000000 0.000000
2 173 13.000000 11.000000 0.153846
2 174 10.000000 9.000000 0.100000
2 175 10.000000 8.000000 0.200000
2 176 10.000000 9.000000 0.100000
2 177 8.000000 8.000000 0.000000
2 178 7.000000 7.000000 0.000000
2 179 9.000000 9.000000 -0.000000
2 180 9.000000 8.000000 0.111111
2 181 15.000000 13.000000 0.133333
2 182 12.000000 11.000000 0.083333
2 183 8.000000 8.000000 0.000000
2 184 10.000000 9.000000 0.100000
2 185 9.000000 8.000000 0.111111
2 186 6.000000 6.000000 0.000000
2 187 13.000000 10.000000 0.230769
2 188 7.000000 7.000000 0.000000
2 189 6.000000 6.000000 0.000000
2 190 7.000000 7.000000 0.000000
2 191 9.000000 8.000000 0.111111
2 192 10.000000 9.000000 0.100000
2 193 14.000000 13.000000 0.071429
2 194 6.000000 6.000000 0.000000
2 195 15.000000 13.000000 0.133333
2 196 14.000000 12.000000 0.142857
2 197 9.000000 9.000000 -0.000000
2 198 16.000000 12.000000 0.250000
2 199 11.000000 9.000000 0.181818
2 200 13.000000 13.000000 0.000000
2 201 9.000000 9.000000 -0.000000
2 202 17.000000 13.000000 0.235294
2 203 9.000000 8.000000 0.111111
2 204 11.000000 9.000000 0.181818
2 205 11.000000 9.000000 0.181818
2 206 11.000000 10.000000 0.090909
2 207 14.000000 13.000000 0.071429
2 208 9.000000 8.000000 0.111111
2 209 10.000000 10.000000 -0.000000
2 210 9.000000 9.000000 -0.000000
2 211 7.000000 7.000000 0.000000
2 212 11.000000 10.000000 0.090909
2 213 8.000000 8.000000 0.000000
2 214 6.000000 6.000000 0.000000
2 215 8.000000 8.000000 0.000000
2 216 10.000000 10.000000 -0.000000
2 217 9.000000 9.000000 -0.000000
2 218 9.000000 9.000000 -0.000000
2 219 8.000000 8.000000 0.000000
2 220 11.000000 11.000000 0.000000
2 221 8.000000 7.000000 0.125000
2 222 11.000000 9.000000 0.181818
2 223 11.000000 11.000000 -0.000000
2 224 8.000000 8.000000 0.000000
2 225 13.000000 11.000000 0.153846
2 226 9.000000 9.000000 0.000000
2 227 7.000000 7.000000 0.000000
2 228 8.000000 8.000000 0.000000
2 229 12.000000 12.000000 0.000000
2 230 8.000000 8.000000 0.000000
2 231 8.000000 6.000000 0.250000
2 232 7.000000 7.000000 0.000000
2 233 6.000000 6.000000 0.000000
2 234 13.000000 12.000000 0.076923
2 235 6.000000 6.000000 0.000000
2 236 8.000000 8.000000 0.000000
2 237 7.000000 6.000000 0.142857
2 238 12.000000 11.000000 0.083333
2 239 10.000000 10.000000 0.000000
2 240 12.000000 11.000000 0.083333
2 241 13.000000 10.000000 0.230769
2 242 11.000000 10.000000 0.090909
2 243 8.000000 8.000000 0.000000
2 244 5.000000 5.000000 0.000000
2 245 8.000000 7.000000 0.125000
2 246 8.000000 8.000000 0.000000
2 247 12.000000 10.000000 0.166667
2 248 9.000000 9.000000 -0.000000
2 249 6.000000 6.000000 0.000000
2 250 5.000000 5.000000 0.000000
2 251 13.000000 11.000000 0.153846
2 252 7.000000 7.000000 0.000000
2 253 9.000000 8.000000 0.111111
2 254 6.000000 6.000000 0.000000
2 255 13.000000 13.000000 0.000000
2 256 9.000000 9.000000 -0.000000
2 257 12.000000 9.000000 0.250000
2 258 7.000000 7.000000 0.000000
2 259 14.000000 12.000000 0.142857
2 260 8.000000 6.000000 0.250000
2 261 14.000000 11.000000 0.214286
2 262 7.000000 6.000000 0.142857
2 263 11.000000 10.000000 0.090909
2 264 10.000000 8.000000 0.200000
2 265 5.000000 5.000000 0.000000
2 266 10.000000 9.000000 0.100000
2 267 10.000000 9.000000 0.100000
2 268 7.000000 7.000000 0.000000
2 269 10.000000 9.000000 0.100000
2 270 12.000000 11.000000 0.083333
2 271 12.000000 10.000000 0.166667
2 272 10.000000 9.000000 0.100000
2 273 7.000000 6.000000 0.142857
2 274 12.000000 10.000000 0.166667
2 275 13.000000 11.000000 0.153846
2 276 8.000000 8.000000 0.000000
2 277 6.000000 6.000000 0.000000
2 278 10.000000 9.000000 0.100000
2 279 6.000000 6.000000 0.000000
2 280 8.000000 8.000000 0.000000
2 281 11.000000 10.000000 0.090909
2 282 9.000000 8.000000 0.111111
2 283 8.000000 7.000000 0.125000
2 284 9.000000 9.000000 -0.000000
2 285 5.000000 5.000000 0.000000
2 286 7.000000 6.000000 0.142857
2 287 7.000000 6.000000 0.142857
2 288 15.000000 11.000000 0.266667
2 289 11.000000 9.000000 0.181818
2 290 9.000000 8.000000 0.111111
2 291 10.000000 10.000000 0.000000
2 292 8.000000 8.000000 0.000000
2 293 13.000000 11.000000 0.153846
2 294 9.000000 9.000000 -0.000000
2 295 14.000000 13.000000 0.071429
2 296 6.000000 6.000000 0.000000
2 297 10.000000 8.000000 0.200000
2 298 16.000000 13.000000 0.187500
2 299 6.000000 6.000000 0.000000
2 300 18.000000 15.000000 0.166667
2 301 6.000000 6.000000 0.000000
2 302 15.000000 11.000000 0.266667
2 303 10.000000 8.000000 0.200000
2 304 7.000000 7.000000 0.000000
2 305 13.000000 11.000000 0.153846
2 306 11.000000 11.000000 0.000000
2 307 8.000000 8.000000 0.000000
2 308 14.000000 11.000000 0.214286
2 309 13.000000 10.000000 0.230769
2 310 10.000000 9.000000 0.100000
2 311 18.000000 16.000000 0.111111
2 312 14.000000 11.000000 0.214286
2 313 8.000000 7.000000 0.125000
2 314 10.000000 10.000000 -0.000000
2 315 14.000000 13.000000 0.071429
2 316 10.000000 9.000000 0.100000
2 317 7.000000 6.000000 0.142857
2 318 12.000000 11.000000 0.083333
2 319 9.000000 9.000000 -0.000000
2 320 12.000000 10.000000 0.166667
2 321 10.000000 10.000000 0.000000
2 322 9.000000 9.000000 0.000000
2 323 9.000000 9.000000 -0.000000
2 324 10.000000 9.000000 0.100000
2 325 12.000000 10.000000 0.166667
2 326 11.000000 9.000000 0.181818
2 327 15.000000 13.000000 0.133333
2 328 8.000000 8.000000 0.000000
2 329 9.000000 8.000000 0.111111
2 330 8.000000 8.000000 0.000000
2 331 13.000000 11.000000 0.153846
2 332 7.000000 6.000000 0.142857
2 333 7.000000 7.000000 0.000000
2 334 8.000000 8.000000 0.000000
2 335 15.000000 11.000000 0.266667
2 336 13.000000 10.000000 0.230769
2 337 15.000000 12.000000 0.200000
2 338 10.000000 9.000000 0.100000
2 339 8.000000 8.000000 0.000000
2 340 9.000000 8.000000 0.111111
2 341 10.000000 9.000000 0.100000
2 342 7.000000 7.000000 0.000000
2 343 15.000000 13.000000 0.133333
2 344 6.000000 6.000000 0.000000
2 345 5.000000 5.000000 0.000000
2 346 9.000000 9.000000 -0.000000
2 347 6.000000 6.000000 0.000000
2 348 10.000000 8.000000 0.200000
2 349 6.000000 6.000000 0.000000
2 350 7.000000 7.000000 0.000000
2 351 10.000000 9.000000 0.100000
2 352 10.000000 8.000000 0.200000
2 353 13.000000 12.000000 0.076923
2 354 7.000000 7.000000 0.000000
2 355 11.000000 9.000000 0.181818
2 356 8.000000 8.000000 0.000000
2 357 13.000000 11.000000 0.153846
2 358 15.000000 15.000000 0.000000
2 359 7.000000 6.000000 0.142857
2 360 11.000000 10.000000 0.090909
2 361 9.000000 9.000000 -0.000000
2 362 6.000000 6.000000 0.000000
2 363 7.000000 6.000000 0.142857
2 364 15.000000 13.000000 0.133333
2 365 8.000000 8.000000 0.000000
2 366 8.000000 8.000000 0.000000
2 367 9.000000 8.000000 0.111111
2 368 18.000000 14.000000 0.222222
2 369 7.000000 7.000000 0.000000
2 370 11.000000 10.000000 0.090909
2 371 9.000000 9.000000 -0.000000
2 372 8.000000 8.000000 0.000000
2 373 10.000000 10.000000 -0.000000
2 374 8.000000 7.000000 0.125000
2 375 8.000000 8.000000 0.000000
2 376 11.000000 8.000000 0.272727
2 377 12.000000 10.000000 0.166667
2 378 10.000000 10.000000 0.000000
2 379 8.000000 8.000000 0.000000
2 380 9.000000 8.000000 0.111111
2 381 5.000000 5.000000 0.000000
2 382 11.000000 10.000000 0.090909
2 383 9.000000 9.000000 -0.000000
2 384 9.000000 8.000000 0.111111
2 385 8.000000 8.000000 0.000000
2 386 7.000000 7.000000 0.000000
2 387 9.000000 8.000000 0.111111
2 388 9.000000 8.000000 0.111111
2 389 8.000000 7.000000 0.125000
2 390 7.000000 7.000000 0.000000
2 391 9.000000 9.000000 -0.000000
2 392 10.000000 8.000000 0.200000
2 393 9.000000 8.000000 0.111111
2 394 9.000000 8.000000 0.111111
2 395 10.000000 10.000000 0.000000
2 396 11.000000 11.000000 0.000000
2 397 6.000000 6.000000 0.000000
2 398 21.000000 17.000000 0.190476
2 399 8.000000 8.000000 0.000000
2 400 9.000000 9.000000 -0.000000
3 1 17.000000 15.000000 0.117647
3 2 30.000000 25.000000 0.166667
3 3 12.000000 11.000000 0.083333
3 4 27.000000 23.000000 0.148148
3 5 18.000000 16.000000 0.111111
3 6 24.000000 22.000000 0.083333
3 7 14.000000 14.000000 0.000000
3 8 20.000000 18.000000 0.100000
3 9 11.000000 10.000000 0.090909
3 10 11.000000 11.000000 0.000000
3 11 20.000000 17.000000 0.150000
3 12 20.000000 16.000000 0.200000
3 13 17.000000 14.000000 0.176471
3 14 14.000000 14.000000 0.000000
3 15 11.000000 11.000000 0.000000
3 16 25.000000 21.000000 0.160000
3 17 31.000000 26.000000 0.161290
3 18 14.000000 12.000000 0.142857
3 19 11.000000 11.000000 0.000000
3 20 15.000000 15.000000 0.000000
3 21 20.000000 15.000000 0.250000
3 22 12.000000 11.000000 0.083333
3 23 18.000000 16.000000 0.111111
3 24 19.000000 18.000000 0.052632
3 25 12.000000 12.000000 -0.000000
3 26 17.000000 14.000000 0.176471
3 27 11.000000 11.000000 -0.000000
3 28 29.000000 24.000000 0.172414
3 29 10.000000 10.000000 -0.000000
3 30 20.000000 15.000000 0.250000
3 31 19.000000 17.000000 0.105263
3 32 5.000000 5.000000 0.000000
3 33 16.000000 15.000000 0.062500
3 34 11.000000 9.000000 0.181818
3 35 10.000000 10.000000 0.000000
3 36 8.000000 8.000000 0.000000
3 37 12.000000 11.000000 0.083333
3 38 9.000000 8.000000 0.111111
3 39 14.000000 12.000000 0.142857
3 40 17.000000 15.000000 0.117647
3 41 27.000000 24.000000 0.111111
3 42 15.000000 14.000000 0.066667
3 43 11.000000 11.000000 0.000000
3 44 16.000000 15.000000 0.062500
3 45 29.000000 24.000000 0.172414
3 46 19.000000 14.000000 0.263158
3 47 13.000000 11.000000 0.153846
3 48 17.000000 16.000000 0.058824
3 49 20.000000 17.000000 0.150000
3 50 18.000000 15.000000 0.166667
3 51 20.000000 14.000000 0.300000
3 52 14.000000 13.000000 0.071429
3 53 20.000000 15.000000 0.250000
3 54 17.000000 16.000000 0.058824
3 55 32.000000 24.000000 0.250000
3 56 30.000000 23.000000 0.233333
3 57 5.000000 5.000000 0.000000
3 58 17.000000 17.000000 0.000000
3 59 26.000000 21.000000 0.192308
3 60 18.000000 16.000000 0.111111
3 61 22.000000 19.000000 0.136364
3 62 7.000000 6.000000 0.142857
3 63 26.000000 22.000000 0.153846
3 64 14.000000 13.000000 0.071429
3 65 19.000000 17.000000 0.105263
3 66 10.000000 10.000000 -0.000000
3 67 26.000000 23.000000 0.115385
3 68 23.000000 19.000000 0.173913
3 69 13.000000 13.000000 -0.000000
3 70 19.000000 18.000000 0.052632
3 71 25.000000 23.000000 0.080000
3 72 11.000000 11.000000 0.000000
3 73 17.000000 12.000000 0.294118
3 74 14.000000 12.000000 0.142857
3 75 9.000000 9.000000 0.000000
3 76 16.000000 15.000000 0.062500
3 77 21.000000 19.000000 0.095238
3 78 13.000000 13.000000 0.000000
3 79 27.000000 23.000000 0.148148
3 80 26.000000 22.000000 0.153846
3 81 29.000000 27.000000 0.068966
3 82 12.000000 12.000000 -0.000000
3 83 22.000000 19.000000 0.136364
3 84 24.000000 22.000000 0.083333
3 85 23.000000 20.000000 0.130435
3 86 33.000000 26.000000 0.212121
3 87 13.000000 11.000000 0.153846
3 88 16.000000 16.000000 0.000000
3 89 20.000000 18.000000 0.100000
3 90 15.000000 13.000000 0.133333
3 91 15.000000 12.000000 0.200000
3 92 11.000000 9.000000 0.181818
3 93 12.000000 11.000000 0.083333
3 94 22.000000 18.000000 0.181818
3 95 27.000000 21.000000 0.222222
3 96 19.000000 17.000000 0.105263
3 97 19.000000 18.000000 0.052632
3 98 25.000000 20.000000 0.200000
3 99 17.000000 15.000000 0.117647
3 100 21.000000 17.000000 0.190476
3 101 15.000000 15.000000 0.000000
3 102 11.000000 10.000000 0.090909
3 103 15.000000 13.000000 0.133333
3 104 21.000000 17.000000 0.190476
3 105 17.000000 15.000000 0.117647
3 106 15.000000 13.000000 0.133333
3 107 10.000000 10.000000 -0.000000
3 108 18.000000 16.000000 0.111111
3 109 19.000000 19.000000 -0.000000
3 110 14.000000 14.000000 0.000000
3 111 23.000000 20.000000 0.130435
3 112 5.000000 5.000000 0.000000
3 113 20.000000 18.000000 0.100000
3 114 10.000000 10.000000 -0.000000
3 115 23.000000 18.000000 0.217391
3 116 24.000000 21.000000 0.125000
3 117 17.000000 16.000000 0.058824
3 118 23.000000 16.000000 0.304348
3 119 18.000000 15.000000 0.166667
3 120 20.000000 20.000000 -0.000000
3 121 23.000000 19.000000 0.173913
3 122 10.000000 9.000000 0.100000
3 123 23.000000 20.000000 0.130435
3 124 9.000000 9.000000 0.000000
3 125 13.000000 13.000000 0.000000
3 126 11.000000 11.000000 0.000000
3 127 16.000000 14.000000 0.125000
3 128 8.000000 7.000000 0.125000
3 129 6.000000 6.000000 0.000000
3 130 15.000000 15.000000 0.000000
3 131 18.000000 16.000000 0.111111
3 132 21.000000 18.000000 0.142857
3 133 16.000000 14.000000 0.125000
3 134 23.000000 21.000000 0.086957
3 135 21.000000 17.000000 0.190476
3 136 21.000000 19.000000 0.095238
3 137 9.000000 8.000000 0.111111
3 138 16.000000 14.000000 0.125000
3 139 11.000000 11.000000 0.000000
3 140 21.000000 20.000000 0.047619
3 141 8.000000 8.000000 0.000000
3 142 17.000000 16.000000 0.058824
3 143 15.000000 12.000000 0.200000
3 144 22.000000 18.000000 0.181818
3 145 23.000000 21.000000 0.086957
3 146 10.000000 10.000000 0.000000
3 147 13.000000 12.000000 0.076923
3 148 20.000000 18.000000 0.100000
3 149 22.000000 18.000000 0.181818
3 150 27.000000 20.000000 0.259259
3 151 18.000000 17.000000 0.055556
3 152 18.000000 16.000000 0.111111
3 153 12.000000 11.000000 0.083333
3 154 5.000000 5.000000 0.000000
3 155 9.000000 8.000000 0.111111
3 156 10.000000 10.000000 -0.000000
3 157 16.000000 14.000000 0.125000
3 158 19.000000 16.000000 0.157895
3 159 8.000000 8.000000 0.000000
3 160 20.000000 17.000000 0.150000
3 161 29.000000 23.000000 0.206897
3 162 22.000000 18.000000 0.181818
3 163 24.000000 22.000000 0.083333
3 164 20.000000 18.000000 0.100000
3 165 21.000000 19.000000 0.095238
3 166 22.000000 19.000000 0.136364
3 167 16.000000 15.000000 0.062500
3 168 15.000000 13.000000 0.133333
3 169 15.000000 14.000000 0.066667
3 170 13.000000 12.000000 0.076923
3 171 16.000000 13.000000 0.187500
3 172 20.000000 17.000000 0.150000
3 173 22.000000 18.000000 0.181818
3 174 15.000000 14.000000 0.066667
3 175 9.000000 9.000000 -0.000000
3 176 13.000000 11.000000 0.153846
3 177 20.000000 18.000000 0.100000
3 178 14.000000 14.000000 0.000000
3 179 18.000000 17.000000 0.055556
3 180 18.000000 18.000000 -0.000000
3 181 13.000000 12.000000 0.076923
3 182 15.000000 14.000000 0.066667
3 183 12.000000 11.000000 0.083333
3 184 16.000000 13.000000 0.187500
3 185 14.000000 14.000000 -0.000000
3 186 13.000000 12.000000 0.076923
3 187 20.000000 19.000000 0.050000
3 188 11.000000 10.000000 0.090909
3 189 17.000000 15.000000 0.117647
3 190 21.000000 19.000000 0.095238
3 191 10.000000 10.000000 -0.000000
3 192 17.000000 15.000000 0.117647
3 193 26.000000 22.000000 0.153846
3 194 20.000000 16.000000 0.200000
3 195 14.000000 14.000000 0.000000
3 196 20.000000 18.000000 0.100000
3 197 16.000000 14.000000 0.125000
3 198 19.000000 15.000000 0.210526
3 199 18.000000 17.000000 0.055556
3 200 19.000000 18.000000 0.052632
3 201 16.000000 16.000000 0.000000
3 202 17.000000 14.000000 0.176471
3 203 23.000000 20.000000 0.130435
3 204 16.000000 16.000000 0.000000
3 205 13.000000 13.000000 0.000000
3 206 19.000000 15.000000 0.210526
3 207 16.000000 15.000000 0.062500
3 208 12.000000 12.000000 -0.000000
3 209 18.000000 15.000000 0.166667
3 210 16.000000 15.000000 0.062500
3 211 20.000000 18.000000 0.100000
3 212 24.000000 22.000000 0.083333
3 213 13.000000 12.000000 0.076923
3 214 12.000000 12.000000 0.000000
3 215 24.000000 21.000000 0.125000
3 216 16.000000 14.000000 0.125000
3 217 12.000000 12.000000 0.000000
3 218 22.000000 19.000000 0.136364
3 219 17.000000 14.000000 0.176471
3 220 14.000000 12.000000 0.142857
3 221 19.000000 16.000000 0.157895
3 222 12.000000 10.000000 0.166667
3 223 19.000000 14.000000 0.263158
3 224 20.000000 19.000000 0.050000
3 225 14.000000 14.000000 0.000000
3 226 23.000000 21.000000 0.086957
3 227 21.000000 19.000000 0.095238
3 228 21.000000 19.000000 0.095238
3 229 13.000000 12.000000 0.076923
3 230 21.000000 17.000000 0.190476
3 231 29.000000 24.000000 0.172414
3 232 21.000000 19.000000 0.095238
3 233 16.000000 13.000000 0.187500
3 234 22.000000 20.000000 0.090909
3 235 27.000000 23.000000 0.148148
3 236 26.000000 22.000000 0.153846
3 237 16.000000 14.000000 0.125000
3 238 19.000000 18.000000 0.052632
3 239 17.000000 17.000000 0.000000
3 240 19.000000 18.000000 0.052632
3 241 10.000000 10.000000 0.000000
3 242 7.000000 7.000000 0.000000
3 243 6.000000 6.000000 0.000000
3 244 21.000000 19.000000 0.095238
3 245 13.000000 10.000000 0.230769
3 246 14.000000 11.000000 0.214286
3 247 12.000000 11.000000 0.083333
3 248 22.000000 16.000000 0.272727
3 249 19.000000 16.000000 0.157895
3 250 23.000000 19.000000 0.173913
3 251 17.000000 16.000000 0.058824
3 252 15.000000 13.000000 0.133333
3 253 25.000000 20.000000 0.200000
3 254 8.000000 8.000000 0.000000
3 255 18.000000 17.000000 0.055556
3 256 9.000000 9.000000 -0.000000
3 257 12.000000 11.000000 0.083333
3 258 14.000000 13.000000 0.071429
3 259 18.000000 16.000000 0.111111
3 260 14.000000 14.000000 0.000000
3 261 18.000000 16.000000 0.111111
3 262 8.000000 8.000000 0.000000
3 263 20.000000 16.000000 0.200000
3 264 24.000000 19.000000 0.208333
3 265 19.000000 16.000000 0.157895
3 266 22.000000 20.000000 0.090909
3 267 10.000000 10.000000 0.000000
3 268 13.000000 12.000000 0.076923
3 269 22.000000 22.000000 0.000000
3 270 22.000000 17.000000 0.227273
3 271 10.000000 10.000000 0.000000
3 272 18.000000 15.000000 0.166667
3 273 15.000000 15.000000 0.000000
3 274 19.000000 15.000000 0.210526
3 275 20.000000 20.000000 0.000000
3 276 13.000000 12.000000 0.076923
3 277 24.000000 24.000000 -0.000000
3 278 16.000000 14.000000 0.125000
3 279 20.000000 15.000000 0.250000
3 280 13.000000 13.000000 -0.000000
3 281 33.000000 26.000000 0.212121
3 282 25.000000 23.000000 0.080000
3 283 9.000000 9.000000 0.000000
3 284 14.000000 14.000000 -0.000000
3 285 13.000000 11.000000 0.153846
3 286 18.000000 16.000000 0.111111
3 287 19.000000 15.000000 0.210526
3 288 23.000000 19.000000 0.173913
3 289 15.000000 13.000000 0.133333
3 290 14.000000 12.000000 0.142857
3 291 11.000000 10.000000 0.090909
3 292 26.000000 20.000000 0.230769
3 293 23.000000 20.000000 0.130435
3 294 15.000000 14.000000 0.066667
3 295 26.000000 22.000000 0.153846
3 296 20.000000 19.000000 0.050000
3 297 20.000000 18.000000 0.100000
3 298 22.000000 15.000000 0.318182
3 299 21.000000 18.000000 0.142857
3 300 27.000000 23.000000 0.148148
3 301 21.000000 18.000000 0.142857
3 302 17.000000 16.000000 0.058824
3 303 19.000000 17.000000 0.105263
3 304 18.000000 17.000000 0.055556
3 305 28.000000 25.000000 0.107143
3 306 12.000000 11.000000 0.083333
3 307 14.000000 12.000000 0.142857
3 308 23.000000 19.000000 0.173913
3 309 19.000000 19.000000 0.000000
3 310 16.000000 14.000000 0.125000
3 311 18.000000 15.000000 0.166667
3 312 14.000000 12.000000 0.142857
3 313 21.000000 17.000000 0.190476
3 314 10.000000 10.000000 -0.000000
3 315 23.000000 21.000000 0.086957
3 316 21.000000 18.000000 0.142857
3 317 21.000000 19.000000 0.095238
3 318 16.000000 14.000000 0.125000
3 319 13.000000 11.000000 0.153846
3 320 19.000000 17.000000 0.105263
3 321 23.000000 20.000000 0.130435
3 322 14.000000 13.000000 0.071429
3 323 25.000000 21.000000 0.160000
3 324 21.000000 18.000000 0.142857
3 325 25.000000 23.000000 0.080000
3 326 13.000000 13.000000 -0.000000
3 327 12.000000 12.000000 0.000000
3 328 6.000000 6.000000 0.000000
3 329 26.000000 20.000000 0.230769
3 330 27.000000 22.000000 0.185185
3 331 22.000000 21.000000 0.045455
3 332 14.000000 12.000000 0.142857
3 333 27.000000 23.000000 0.148148
3 334 9.000000 8.000000 0.111111
3 335 17.000000 15.000000 0.117647
3 336 18.000000 17.000000 0.055556
3 337 12.000000 12.000000 0.000000
3 338 19.000000 17.000000 0.105263
3 339 10.000000 10.000000 0.000000
3 340 29.000000 26.000000 0.103448
3 341 14.000000 13.000000 0.071429
3 342 15.000000 13.000000 0.133333
3 343 14.000000 13.000000 0.071429
3 344 27.000000 21.000000 0.222222
3 345 19.000000 18.000000 0.052632
3 346 19.000000 19.000000 0.000000
3 347 16.000000 14.000000 0.125000
3 348 8.000000 8.000000 0.000000
3 349 13.000000 13.000000 0.000000
3 350 23.000000 21.000000 0.086957
3 351 12.000000 10.000000 0.166667
3 352 17.000000 16.000000 0.058824
3 353 22.000000 19.000000 0.136364
3 354 25.000000 23.000000 0.080000
3 355 11.000000 11.000000 0.000000
3 356 15.000000 14.000000 0.066667
3 357 22.000000 18.000000 0.181818
3 358 18.000000 15.000000 0.166667
3 359 6.000000 6.000000 0.000000
3 360 19.000000 17.000000 0.105263
3 361 18.000000 16.000000 0.111111
3 362 18.000000 18.000000 0.000000
3 363 9.000000 9.000000 0.000000
3 364 22.000000 18.000000 0.181818
3 365 10.000000 10.000000 0.000000
3 366 14.000000 14.000000 0.000000
3 367 12.000000 11.000000 0.083333
3 368 21.000000 20.000000 0.047619
3 369 17.000000 17.000000 0.000000
3 370 16.000000 13.000000 0.187500
3 371 17.000000 16.000000 0.058824
3 372 18.000000 16.000000 0.111111
3 373 15.000000 13.000000 0.133333
3 374 16.000000 14.000000 0.125000
3 375 11.000000 11.000000 0.000000
3 376 24.000000 21.000000 0.125000
3 377 15.000000 13.000000 0.133333
3 378 21.000000 16.000000 0.238095
3 379 8.000000 7.000000 0.125000
3 380 17.000000 17.000000 0.000000
3 381 17.000000 17.000000 0.000000
3 382 24.000000 23.000000 0.041667
3 383 16.000000 12.000000 0.250000
3 384 13.000000 13.000000 0.000000
3 385 21.000000 18.000000 0.142857
3 386 19.000000 17.000000 0.105263
3 387 12.000000 12.000000 -0.000000
3 388 26.000000 21.000000 0.192308
3 389 17.000000 16.000000 0.058824
3 390 10.000000 9.000000 0.100000
3 391 22.000000 18.000000 0.181818
3 392 13.000000 12.000000 0.076923
3 393 15.000000 14.000000 0.066667
3 394 11.000000 11.000000 0.000000
3 395 16.000000 15.000000 0.062500
3 396 23.000000 22.000000 0.043478
3 397 24.000000 18.000000 0.250000
3 398 17.000000 13.000000 0.235294
3 399 14.000000 14.000000 0.000000
3 400 22.000000 20.000000 0.090909
4 1 24.000000 23.000000 0.041667
4 2 29.000000 23.000000 0.206897
4 3 41.000000 40.000000 0.024390
4 4 31.000000 28.000000 0.096774
4 5 14.000000 13.000000 0.071429
4 6 59.000000 47.000000 0.203390
4 7 50.000000 44.000000 0.120000
4 8 26.000000 26.000000 0.000000
4 9 28.000000 26.000000 0.071429
4 10 41.000000 40.000000 0.024390
4 11 36.000000 29.000000 0.194444
4 12 46.000000 43.000000 0.065217
4 13 40.000000 39.000000 0.025000
4 14 37.000000 36.000000 0.027027
4 15 46.000000 37.000000 0.195652
4 16 19.000000 18.000000 0.052632
4 17 39.000000 35.000000 0.102564
4 18 26.000000 24.000000 0.076923
4 19 33.000000 29.000000 0.121212
4 20 31.000000 26.000000 0.161290
4 21 33.000000 32.000000 0.030303
4 22 29.000000 24.000000 0.172414
4 23 27.000000 23.000000 0.148148
4 24 16.000000 15.000000 0.062500
4 25 16.000000 16.000000 0.000000
4 26 33.000000 32.000000 0.030303
4 27 40.000000 34.000000 0.150000
4 28 38.000000 33.000000 0.131579
4 29 36.000000 32.000000 0.111111
4 30 51.000000 43.000000 0.156863
4 31 19.000000 16.000000 0.157895
4 32 32.000000 27.000000 0.156250
4 33 38.000000 33.000000 0.131579
4 34 56.000000 44.000000 0.214286
4 35 34.000000 32.000000 0.058824
4 36 43.000000 38.000000 0.116279
4 37 38.000000 35.000000 0.078947
4 38 36.000000 34.000000 0.055556
4 39 48.000000 43.000000 0.104167
4 40 21.000000 19.000000 0.095238
4 41 42.000000 35.000000 0.166667
4 42 28.000000 26.000000 0.071429
4 43 48.000000 40.000000 0.166667
4 44 46.000000 40.000000 0.130435
4 45 34.000000 34.000000 0.000000
4 46 45.000000 39.000000 0.133333
4 47 47.000000 37.000000 0.212766
4 48 43.000000 38.000000 0.116279
4 49 33.000000 30.000000 0.090909
4 50 24.000000 23.000000 0.041667
4 51 45.000000 41.000000 0.088889
4 52 37.000000 34.000000 0.081081
4 53 48.000000 44.000000 0.083333
4 54 40.000000 33.000000 0.175000
4 55 50.000000 42.000000 0.160000
4 56 39.000000 33.000000 0.153846
4 57 30.000000 27.000000 0.100000
4 58 45.000000 36.000000 0.200000
4 59 24.000000 21.000000 0.125000
4 60 37.000000 34.000000 0.081081
4 61 17.000000 15.000000 0.117647
4 62 30.000000 27.000000 0.100000
4 63 38.000000 35.000000 0.078947
4 64 31.000000 24.000000 0.225806
4 65 53.000000 49.000000 0.075472
4 66 42.000000 37.000000 0.119048
4 67 32.000000 29.000000 0.093750
4 68 28.000000 23.000000 0.178571
4 69 33.000000 31.000000 0.060606
4 70 42.000000 33.000000 0.214286
4 71 37.000000 34.000000 0.081081
4 72 35.000000 32.000000 0.085714
4 73 40.000000 37.000000 0.075000
4 74 50.000000 44.000000 0.120000
4 75 38.000000 36.000000 0.052632
4 76 64.000000 51.000000 0.203125
4 77 48.000000 43.000000 0.104167
4 78 31.000000 25.000000 0.193548
4 79 33.000000 27.000000 0.181818
4 80 31.000000 24.000000 0.225806
4 81 35.000000 30.000000 0.142857
4 82 39.000000 34.000000 0.128205
4 83 43.000000 40.000000 0.069767
4 84 28.000000 28.000000 -0.000000
4 85 20.000000 19.000000 0.050000
4 86 52.000000 44.000000 0.153846
4 87 41.000000 35.000000 0.146341
4 88 39.000000 33.000000 0.153846
4 89 30.000000 27.000000 0.100000
4 90 28.000000 27.000000 0.035714
4 91 27.000000 24.000000 0.111111
4 92 34.000000 32.000000 0.058824
4 93 22.000000 19.000000 0.136364
4 94 37.000000 31.000000 0.162162
4 95 29.000000 26.000000 0.103448
4 96 31.000000 27.000000 0.129032
4 97 49.000000 38.000000 0.224490
4 98 38.000000 31.000000 0.184211
4 99 30.000000 30.000000 -0.000000
4 100 40.000000 35.000000 0.125000
4 101 19.000000 17.000000 0.105263
4 102 45.000000 39.000000 0.133333
4 103 52.000000 45.000000 0.134615
4 104 43.000000 36.000000 0.162791
4 105 35.000000 31.000000 0.114286
4 106 38.000000 32.000000 0.157895
4 107 25.000000 23.000000 0.080000
4 108 33.000000 29.000000 0.121212
4 109 24.000000 22.000000 0.083333
4 110 35.000000 33.000000 0.057143
4 111 30.000000 25.000000 0.166667
4 112 52.000000 46.000000 0.115385
4 113 18.000000 15.000000 0.166667
4 114 38.000000 32.000000 0.157895
4 115 25.000000 22.000000 0.120000
4 116 44.000000 41.000000 0.068182
4 117 39.000000 33.000000 0.153846
4 118 32.000000 29.000000 0.093750
4 119 27.000000 22.000000 0.185185
4 120 45.000000 39.000000 0.133333
4 121 37.000000 31.000000 0.162162
4 122 30.000000 24.000000 0.200000
4 123 57.000000 50.000000 0.122807
4 124 38.000000 33.000000 0.131579
4 125 39.000000 36.000000 0.076923
4 126 11.000000 11.000000 -0.000000
4 127 25.000000 25.000000 -0.000000
4 128 32.000000 28.000000 0.125000
4 129 45.000000 39.000000 0.133333
4 130 33.000000 31.000000 0.060606
4 131 33.000000 28.000000 0.151515
4 132 39.000000 30.000000 0.230769
4 133 40.000000 38.000000 0.050000
4 134 35.000000 33.000000 0.057143
4 135 22.000000 19.000000 0.136364
4 136 32.000000 30.000000 0.062500
4 137 17.000000 17.000000 0.000000
4 138 39.000000 35.000000 0.102564
4 139 52.000000 49.000000 0.057692
4 140 30.000000 29.000000 0.033333
4 141 10.000000 9.000000 0.100000
4 142 37.000000 35.000000 0.054054
4 143 34.000000 33.000000 0.029412
4 144 32.000000 26.000000 0.187500
4 145 12.000000 12.000000 0.000000
4 146 20.000000 20.000000 0.000000
4 147 40.000000 35.000000 0.125000
4 148 73.000000 55.000000 0.246575
4 149 28.000000 25.000000 0.107143
4 150 35.000000 30.000000 0.142857
4 151 52.000000 41.000000 0.211538
4 152 29.000000 27.000000 0.068966
4 153 36.000000 33.000000 0.083333
4 154 31.000000 27.000000 0.129032
4 155 37.000000 31.000000 0.162162
4 156 58.000000 49.000000 0.155172
4 157 51.000000 45.000000 0.117647
4 158 11.000000 11.000000 -0.000000
4 159 35.000000 32.000000 0.085714
4 160 58.000000 51.000000 0.120690
4 161 19.000000 19.000000 -0.000000
4 162 28.000000 26.000000 0.071429
4 163 10.000000 10.000000 0.000000
4 164 42.000000 36.000000 0.142857
4 165 38.000000 30.000000 0.210526
4 166 47.000000 40.000000 0.148936
4 167 33.000000 33.000000 0.000000
4 168 35.000000 32.000000 0.085714
4 169 40.000000 32.000000 0.200000
4 170 26.000000 26.000000 0.000000
4 171 43.000000 39.000000 0.093023
4 172 43.000000 36.000000 0.162791
4 173 22.000000 21.000000 0.045455
4 174 40.000000 33.000000 0.175000
4 175 44.000000 35.000000 0.204545
4 176 38.000000 34.000000 0.105263
4 177 52.000000 42.000000 0.192308
4 178 48.000000 46.000000 0.041667
4 179 32.000000 29.000000 0.093750
4 180 29.000000 26.000000 0.103448
4 181 25.000000 23.000000 0.080000
4 182 37.000000 35.000000 0.054054
4 183 27.000000 23.000000 0.148148
4 184 20.000000 19.000000 0.050000
4 185 49.000000 44.000000 0.102041
4 186 45.000000 37.000000 0.177778
4 187 70.000000 56.000000 0.200000
4 188 32.000000 29.000000 0.093750
4 189 13.000000 13.000000 -0.000000
4 190 45.000000 44.000000 0.022222
4 191 44.000000 34.000000 0.227273
4 192 40.000000 37.000000 0.075000
4 193 30.000000 30.000000 -0.000000
4 194 44.000000 35.000000 0.204545
4 195 33.000000 26.000000 0.212121
4 196 52.000000 41.000000 0.211538
4 197 25.000000 21.000000 0.160000
4 198 21.000000 19.000000 0.095238
4 199 32.000000 30.000000 0.062500
4 200 66.000000 52.000000 0.212121
4 201 24.000000 21.000000 0.125000
4 202 38.000000 34.000000 0.105263
4 203 34.000000 30.000000 0.117647
4 204 40.000000 40.000000 0.000000
4 205 36.000000 32.000000 0.111111
4 206 49.000000 38.000000 0.224490
4 207 53.000000 46.000000 0.132075
4 208 32.000000 25.000000 0.218750
4 209 39.000000 35.000000 0.102564
4 210 37.000000 34.000000 0.081081
4 211 26.000000 24.000000 0.076923
4 212 63.000000 55.000000 0.126984
4 213 50.000000 46.000000 0.080000
4 214 26.000000 24.000000 0.076923
4 215 45.000000 35.000000 0.222222
4 216 23.000000 21.000000 0.086957
4 217 37.000000 29.000000 0.216216
4 218 50.000000 41.000000 0.180000
4 219 41.000000 38.000000 0.073171
4 220 37.000000 31.000000 0.162162
4 221 45.000000 38.000000 0.155556
4 222 38.000000 32.000000 0.157895
4 223 51.000000 40.000000 0.215686
4 224 43.000000 36.000000 0.162791
4 225 37.000000 32.000000 0.135135
4 226 23.000000 21.000000 0.086957
4 227 42.000000 37.000000 0.119048
4 228 33.000000 28.000000 0.151515
4 229 38.000000 33.000000 0.131579
4 230 44.000000 34.000000 0.227273
4 231 40.000000 38.000000 0.050000
4 232 41.000000 31.000000 0.243902
4 233 27.000000 26.000000 0.037037
4 234 35.000000 34.000000 0.028571
4 235 37.000000 34.000000 0.081081
4 236 24.000000 23.000000 0.041667
4 237 38.000000 35.000000 0.078947
4 238 34.000000 29.000000 0.147059
4 239 23.000000 19.000000 0.173913
4 240 48.000000 36.000000 0.250000
4 241 40.000000 36.000000 0.100000
4 242 8.000000 8.000000 0.000000
4 243 23.000000 23.000000 0.000000
4 244 26.000000 23.000000 0.115385
4 245 31.000000 28.000000 0.096774
4 246 24.000000 21.000000 0.125000
4 247 26.000000 23.000000 0.115385
4 248 30.000000 26.000000 0.133333
4 249 33.000000 28.000000 0.151515
4 250 24.000000 22.000000 0.083333
4 251 44.000000 41.000000 0.068182
4 252 16.000000 14.000000 0.125000
4 253 30.000000 27.000000 0.100000
4 254 42.000000 36.000000 0.142857
4 255 38.000000 30.000000 0.210526
4 256 37.000000 33.000000 0.108108
4 257 44.000000 41.000000 0.068182
4 258 50.000000 45.000000 0.100000
4 259 34.000000 28.000000 0.176471
4 260 42.000000 36.000000 0.142857
4 261 37.000000 33.000000 0.108108
4 262 50.000000 47.000000 0.060000
4 263 38.000000 36.000000 0.052632
4 264 39.000000 38.000000 0.025641
4 265 23.000000 22.000000 0.043478
4 266 35.000000 28.000000 0.200000
4 267 49.000000 42.000000 0.142857
4 268 41.000000 39.000000 0.048780
4 269 38.000000 30.000000 0.210526
4 270 41.000000 40.000000 0.024390
4 271 24.000000 23.000000 0.041667
4 272 24.000000 22.000000 0.083333
4 273 21.000000 18.000000 0.142857
4 274 33.000000 26.000000 0.212121
4 275 34.000000 27.000000 0.205882
4 276 25.000000 20.000000 0.200000
4 277 24.000000 20.000000 0.166667
4 278 28.000000 25.000000 0.107143
4 279 44.000000 36.000000 0.181818
4 280 55.000000 42.000000 0.236364
4 281 30.000000 23.000000 0.233333
4 282 28.000000 24.000000 0.142857
4 283 45.000000 37.000000 0.177778
4 284 28.000000 23.000000 0.178571
4 285 33.000000 24.000000 0.272727
4 286 30.000000 25.000000 0.166667
4 287 15.000000 15.000000 0.000000
4 288 28.000000 26.000000 0.071429
4 289 30.000000 27.000000 0.100000
4 290 43.000000 41.000000 0.046512
4 291 23.000000 21.000000 0.086957
4 292 38.000000 34.000000 0.105263
4 293 25.000000 23.000000 0.080000
4 294 36.000000 30.000000 0.166667
4 295 21.000000 19.000000 0.095238
4 296 21.000000 19.000000 0.095238
4 297 49.000000 41.000000 0.163265
4 298 38.000000 29.000000 0.236842
4 299 45.000000 40.000000 0.111111
4 300 32.000000 27.000000 0.156250
4 301 57.000000 49.000000 0.140351
4 302 37.000000 33.000000 0.108108
4 303 24.000000 22.000000 0.083333
4 304 33.000000 30.000000 0.090909
4 305 42.000000 34.000000 0.190476
4 306 32.000000 27.000000 0.156250
4 307 40.000000 35.000000 0.125000
4 308 19.000000 19.000000 0.000000
4 309 33.000000 32.000000 0.030303
4 310 53.000000 42.000000 0.207547
4 311 41.000000 32.000000 0.219512
4 312 19.000000 18.000000 0.052632
4 313 33.000000 28.000000 0.151515
4 314 38.000000 35.000000 0.078947
4 315 24.000000 20.000000 0.166667
4 316 45.000000 38.000000 0.155556
4 317 42.000000 38.000000 0.095238
4 318 32.000000 25.000000 0.218750
4 319 10.000000 10.000000 0.000000
4 320 48.000000 40.000000 0.166667
4 321 60.000000 50.000000 0.166667
4 322 57.000000 47.000000 0.175439
4 323 47.000000 41.000000 0.127660
4 324 38.000000 35.000000 0.078947
4 325 52.000000 43.000000 0.173077
4 326 20.000000 18.000000 0.100000
4 327 38.000000 37.000000 0.026316
4 328 46.000000 34.000000 0.260870
4 329 29.000000 26.000000 0.103448
4 330 49.000000 45.000000 0.081633
4 331 35.000000 31.000000 0.114286
4 332 22.000000 19.000000 0.136364
4 333 41.000000 35.000000 0.146341
4 334 22.000000 19.000000 0.136364
4 335 27.000000 26.000000 0.037037
4 336 40.000000 33.000000 0.175000
4 337 20.000000 18.000000 0.100000
4 338 21.000000 21.000000 0.000000
4 339 49.000000 42.000000 0.142857
4 340 16.000000 14.000000 0.125000
4 341 41.000000 37.000000 0.097561
4 342 38.000000 36.000000 0.052632
4 343 49.000000 43.000000 0.122449
4 344 30.000000 24.000000 0.200000
4 345 52.000000 44.000000 0.153846
4 346 42.000000 39.000000 0.071429
4 347 38.000000 36.000000 0.052632
4 348 37.000000 32.000000 0.135135
4 349 23.000000 21.000000 0.086957
4 350 46.000000 40.000000 0.130435
4 351 42.000000 36.000000 0.142857
4 352 36.000000 35.000000 0.027778
4 353 33.000000 29.000000 0.121212
4 354 36.000000 32.000000 0.111111
4 355 35.000000 32.000000 0.085714
4 356 32.000000 29.000000 0.093750
4 357 33.000000 31.000000 0.060606
4 358 50.000000 44.000000 0.120000
4 359 59.000000 49.000000 0.169492
4 360 42.000000 35.000000 0.166667
4 361 28.000000 23.000000 0.178571
4 362 26.000000 24.000000 0.076923
4 363 35.000000 31.000000 0.114286
4 364 33.000000 26.000000 0.212121
4 365 33.000000 33.000000 0.000000
4 366 47.000000 42.000000 0.106383
4 367 32.000000 26.000000 0.187500
4 368 36.000000 30.000000 0.166667
4 369 24.000000 24.000000 0.000000
4 370 22.000000 21.000000 0.045455
4 371 35.000000 33.000000 0.057143
4 372 27.000000 21.000000 0.222222
4 373 28.000000 25.000000 0.107143
4 374 36.000000 32.000000 0.111111
4 375 33.000000 30.000000 0.090909
4 376 49.000000 45.000000 0.081633
4 377 23.000000 23.000000 -0.000000
4 378 47.000000 40.000000 0.148936
4 379 23.000000 17.000000 0.260870
4 380 45.000000 38.000000 0.155556
4 381 17.000000 17.000000 0.000000
4 382 50.000000 47.000000 0.060000
4 383 36.000000 34.000000 0.055556
4 384 38.000000 38.000000 0.000000
4 385 31.000000 28.000000 0.096774
4 386 24.000000 23.000000 0.041667
4 387 27.000000 23.000000 0.148148
4 388 29.000000 24.000000 0.172414
4 389 44.000000 36.000000 0.181818
4 390 21.000000 19.000000 0.095238
4 391 45.000000 38.000000 0.155556
4 392 31.000000 27.000000 0.129032
4 393 31.000000 26.000000 0.161290
4 394 34.000000 31.000000 0.088235
4 395 61.000000 47.000000 0.229508
4 396 36.000000 31.000000 0.138889
4 397 23.000000 22.000000 0.043478
4 398 44.000000 40.000000 0.090909
4 399 43.000000 38.000000 0.116279
4 400 23.000000 21.000000 0.086957
5 1 69.000000 62.000000 0.101449
5 2 61.000000 52.000000 0.147541
5 3 93.000000 72.000000 0.225806
5 4 101.000000 84.000000 0.168317
5 5 67.000000 59.000000 0.119403
5 6 89.000000 78.000000 0.123596
5 7 93.000000 82.000000 0.118280
5 8 86.000000 78.000000 0.093023
5 9 67.000000 59.000000 0.119403
5 10 66.000000 64.000000 0.030303
5 11 71.000000 59.000000 0.169014
5 12 89.000000 77.000000 0.134831
5 13 91.000000 78.000000 0.142857
5 14 96.000000 81.000000 0.156250
5 15 82.000000 64.000000 0.219512
5 16 86.000000 74.000000 0.139535
5 17 76.000000 66.000000 0.131579
5 18 63.000000 53.000000 0.158730
5 19 50.000000 37.000000 0.260000
5 20 48.000000 46.000000 0.041667
5 21 79.000000 72.000000 0.088608
5 22 78.000000 66.000000 0.153846
5 23 53.000000 48.000000 0.094340
5 24 45.000000 40.000000 0.111111
5 25 80.000000 64.000000 0.200000
5 26 93.000000 77.000000 0.172043
5 27 51.000000 42.000000 0.176471
5 28 97.000000 79.000000 0.185567
5 29 32.000000 30.000000 0.062500
5 30 90.000000 69.000000 0.233333
5 31 76.000000 67.000000 0.118421
5 32 111.000000 97.000000 0.126126
5 33 81.000000 65.000000 0.197531
5 34 45.000000 41.000000 0.088889
5 35 53.000000 50.000000 0.056604
5 36 46.000000 44.000000 0.043478
5 37 24.000000 22.000000 0.083333
5 38 84.000000 69.000000 0.178571
5 39 49.000000 42.000000 0.142857
5 40 75.000000 62.000000 0.173333
5 41 44.000000 39.000000 0.113636
5 42 66.000000 58.000000 0.121212
5 43 32.000000 32.000000 -0.000000
5 44 58.000000 52.000000 0.103448
5 45 56.000000 51.000000 0.089286
5 46 59.000000 52.000000 0.118644
5 47 69.000000 58.000000 0.159420
5 48 60.000000 56.000000 0.066667
5 49 34.000000 34.000000 0.000000
5 50 85.000000 73.000000 0.141176
5 51 67.000000 62.000000 0.074627
5 52 64.000000 60.000000 0.062500
5 53 43.000000 34.000000 0.209302
5 54 68.000000 59.000000 0.132353
5 55 85.000000 75.000000 0.117647
5 56 82.000000 74.000000 0.097561
5 57 46.000000 41.000000 0.108696
5 58 77.000000 66.000000 0.142857
5 59 55.000000 49.000000 0.109091
5 60 80.000000 75.000000 0.062500
5 61 73.000000 61.000000 0.164384
5 62 43.000000 36.000000 0.162791
5 63 89.000000 82.000000 0.078652
5 64 33.000000 31.000000 0.060606
5 65 51.000000 37.000000 0.274510
5 66 73.000000 63.000000 0.136986
5 67 76.000000 66.000000 0.131579
5 68 50.000000 47.000000 0.060000
5 69 86.000000 72.000000 0.162791
5 70 67.000000 59.000000 0.119403
5 71 83.000000 75.000000 0.096386
5 72 51.000000 46.000000 0.098039
5 73 65.000000 55.000000 0.153846
5 74 101.000000 88.000000 0.128713
5 75 75.000000 59.000000 0.213333
5 76 68.000000 61.000000 0.102941
5 77 73.000000 62.000000 0.150685
5 78 113.000000 99.000000 0.123894
5 79 69.000000 69.000000 -0.000000
5 80 75.000000 64.000000 0.146667
5 81 94.000000 85.000000 0.095745
5 82 140.000000 118.000000 0.157143
5 83 58.000000 49.000000 0.155172
5 84 65.000000 65.000000 0.000000
5 85 69.000000 60.000000 0.130435
5 86 105.000000 83.000000 0.209524
5 87 37.000000 33.000000 0.108108
5 88 75.000000 63.000000 0.160000
5 89 82.000000 66.000000 0.195122
5 90 59.000000 54.000000 0.084746
5 91 104.000000 89.000000 0.144231
5 92 104.000000 90.000000 0.134615
5 93 59.000000 48.000000 0.186441
5 94 93.000000 87.000000 0.064516
5 95 87.000000 73.000000 0.160920
5 96 91.000000 75.000000 0.175824
5 97 84.000000 75.000000 0.107143
5 98 78.000000 74.000000 0.051282
5 99 80.000000 70.000000 0.125000
5 100 81.000000 63.000000 0.222222
5 101 65.000000 54.000000 0.169231
5 102 63.000000 56.000000 0.111111
5 103 54.000000 54.000000 0.000000
5 104 103.000000 84.000000 0.184466
5 105 34.000000 30.000000 0.117647
5 106 52.000000 48.000000 0.076923
5 107 102.000000 87.000000 0.147059
5 108 71.000000 61.000000 0.140845
5 109 66.000000 55.000000 0.166667
5 110 24.000000 23.000000 0.041667
5 111 67.000000 58.000000 0.134328
5 112 91.000000 74.000000 0.186813
5 113 45.000000 44.000000 0.022222
5 114 80.000000 70.000000 0.125000
5 115 70.000000 61.000000 0.128571
5 116 74.000000 64.000000 0.135135
5 117 28.000000 28.000000 0.000000
5 118 56.000000 49.000000 0.125000
5 119 67.000000 54.000000 0.194030
5 120 53.000000 48.000000 0.094340
5 121 62.000000 57.000000 0.080645
5 122 94.000000 79.000000 0.159574
5 123 73.000000 64.000000 0.123288
5 124 130.000000 103.000000 0.207692
5 125 58.000000 54.000000 0.068966
5 126 36.000000 36.000000 0.000000
5 127 81.000000 72.000000 0.111111
5 128 85.000000 80.000000 0.058824
5 129 48.000000 48.000000 -0.000000
5 130 63.000000 56.000000 0.111111
5 131 75.000000 73.000000 0.026667
5 132 50.000000 47.000000 0.060000
5 133 75.000000 69.000000 0.080000
5 134 83.000000 72.000000 0.132530
5 135 120.000000 95.000000 0.208333
5 136 62.000000 51.000000 0.177419
5 137 79.000000 63.000000 0.202532
5 138 94.000000 88.000000 0.063830
5 139 53.000000 48.000000 0.094340
5 140 52.000000 46.000000 0.115385
5 141 50.000000 45.000000 0.100000
5 142 57.000000 50.000000 0.122807
5 143 51.000000 48.000000 0.058824
5 144 123.000000 97.000000 0.211382
5 145 74.000000 74.000000 -0.000000
5 146 38.000000 35.000000 0.078947
5 147 80.000000 69.000000 0.137500
5 148 64.000000 57.000000 0.109375
5 149 88.000000 75.000000 0.147727
5 150 64.000000 59.000000 0.078125
5 151 88.000000 77.000000 0.125000
5 152 41.000000 41.000000 -0.000000
5 153 83.000000 72.000000 0.132530
5 154 88.000000 70.000000 0.204545
5 155 76.000000 64.000000 0.157895
5 156 51.000000 46.000000 0.098039
5 157 74.000000 56.000000 0.243243
5 158 98.000000 85.000000 0.132653
5 159 62.000000 57.000000 0.080645
5 160 34.000000 31.000000 0.088235
5 161 61.000000 54.000000 0.114754
5 162 70.000000 62.000000 0.114286
5 163 66.000000 62.000000 0.060606
5 164 88.000000 70.000000 0.204545
5 165 31.000000 27.000000 0.129032
5 166 44.000000 41.000000 0.068182
5 167 80.000000 73.000000 0.087500
5 168 60.000000 51.000000 0.150000
5 169 73.000000 64.000000 0.123288
5 170 71.000000 62.000000 0.126761
5 171 87.000000 72.000000 0.172414
5 172 82.000000 74.000000 0.097561
5 173 74.000000 64.000000 0.135135
5 174 69.000000 65.000000 0.057971
5 175 66.000000 54.000000 0.181818
5 176 123.000000 100.000000 0.186992
5 177 48.000000 40.000000 0.166667
5 178 106.000000 97.000000 0.084906
5 179 109.000000 96.000000 0.119266
5 180 107.000000 89.000000 0.168224
5 181 60.000000 54.000000 0.100000
5 182 54.000000 51.000000 0.055556
5 183 60.000000 51.000000 0.150000
5 184 99.000000 86.000000 0.131313
5 185 85.000000 73.000000 0.141176
5 186 89.000000 73.000000 0.179775
5 187 68.000000 59.000000 0.132353
5 188 73.000000 65.000000 0.109589
5 189 46.000000 42.000000 0.086957
5 190 70.000000 62.000000 0.114286
5 191 129.000000 113.000000 0.124031
5 192 63.000000 55.000000 0.126984
5 193 91.000000 75.000000 0.175824
5 194 64.000000 57.000000 0.109375
5 195 43.000000 38.000000 0.116279
5 196 89.000000 73.000000 0.179775
5 197 70.000000 61.000000 0.128571
5 198 82.000000 76.000000 0.073171
5 199 73.000000 65.000000 0.109589
5 200 61.000000 54.000000 0.114754
5 201 100.000000 86.000000 0.140000
5 202 81.000000 73.000000 0.098765
5 203 42.000000 40.000000 0.047619
5 204 55.000000 55.000000 -0.000000
5 205 103.000000 92.000000 0.106796
5 206 69.000000 63.000000 0.086957
5 207 49.000000 40.000000 0.183673
5 208 99.000000 89.000000 0.101010
5 209 76.000000 70.000000 0.078947
5 210 58.000000 51.000000 0.120690
5 211 53.000000 52.000000 0.018868
5 212 51.000000 46.000000 0.098039
5 213 87.000000 77.000000 0.114943
5 214 86.000000 68.000000 0.209302
5 215 74.000000 63.000000 0.148649
5 216 65.000000 61.000000 0.061538
5 217 122.000000 105.000000 0.139344
5 218 121.000000 97.000000 0.198347
5 219 117.000000 99.000000 0.153846
5 220 104.000000 85.000000 0.182692
5 221 83.000000 69.000000 0.168675
5 222 98.000000 78.000000 0.204082
5 223 72.000000 65.000000 0.097222
5 224 59.000000 49.000000 0.169492
5 225 107.000000 92.000000 0.140187
5 226 54.000000 41.000000 0.240741
5 227 92.000000 76.000000 0.173913
5 228 85.000000 75.000000 0.117647
5 229 94.000000 80.000000 0.148936
5 230 81.000000 71.000000 0.123457
5 231 71.000000 60.000000 0.154930
5 232 62.000000 57.000000 0.080645
5 233 92.000000 75.000000 0.184783
5 234 79.000000 71.000000 0.101266
5 235 113.000000 96.000000 0.150442
5 236 68.000000 54.000000 0.205882
5 237 82.000000 80.000000 0.024390
5 238 46.000000 42.000000 0.086957
5 239 53.000000 49.000000 0.075472
5 240 103.000000 89.000000 0.135922
5 241 45.000000 44.000000 0.022222
5 242 60.000000 50.000000 0.166667
5 243 63.000000 54.000000 0.142857
5 244 78.000000 72.000000 0.076923
5 245 104.000000 84.000000 0.192308
5 246 50.000000 47.000000 0.060000
5 247 84.000000 77.000000 0.083333
5 248 92.000000 82.000000 0.108696
5 249 83.000000 69.000000 0.168675
5 250 107.000000 94.000000 0.121495
5 251 87.000000 73.000000 0.160920
5 252 116.000000 100.000000 0.137931
5 253 60.000000 47.000000 0.216667
5 254 82.000000 71.000000 0.134146
5 255 138.000000 117.000000 0.152174
5 256 47.000000 39.000000 0.170213
5 257 52.000000 49.000000 0.057692
5 258 116.000000 102.000000 0.120690
5 259 86.000000 75.000000 0.127907
5 260 63.000000 60.000000 0.047619
5 261 111.000000 90.000000 0.189189
5 262 100.000000 81.000000 0.190000
5 263 62.000000 58.000000 0.064516
5 264 59.000000 54.000000 0.084746
5 265 48.000000 47.000000 0.020833
5 266 63.000000 59.000000 0.063492
5 267 43.000000 36.000000 0.162791
5 268 86.000000 76.000000 0.116279
5 269 91.000000 78.000000 0.142857
5 270 105.000000 85.000000 0.190476
5 271 110.000000 98.000000 0.109091
5 272 118.000000 104.000000 0.118644
5 273 52.000000 44.000000 0.153846
5 274 36.000000 31.000000 0.138889
5 275 61.000000 51.000000 0.163934
5 276 76.000000 66.000000 0.131579
5 277 63.000000 56.000000 0.111111
5 278 78.000000 65.000000 0.166667
5 279 70.000000 61.000000 0.128571
5 280 80.000000 71.000000 0.112500
5 281 113.000000 88.000000 0.221239
5 282 110.000000 96.000000 0.127273
5 283 74.000000 69.000000 0.067568
5 284 92.000000 81.000000 0.119565
5 285 117.000000 103.000000 0.119658
5 286 76.000000 66.000000 0.131579
5 287 53.000000 47.000000 0.113208
5 288 71.000000 66.000000 0.070423
5 289 64.000000 57.000000 0.109375
5 290 87.000000 75.000000 0.137931
5 291 154.000000 120.000000 0.220779
5 292 70.000000 62.000000 0.114286
5 293 59.000000 58.000000 0.016949
5 294 91.000000 85.000000 0.065934
5 295 99.000000 91.000000 0.080808
5 296 67.000000 60.000000 0.104478
5 297 65.000000 53.000000 0.184615
5 298 98.000000 77.000000 0.214286
5 299 78.000000 61.000000 0.217949
5 300 103.000000 93.000000 0.097087
5 301 86.000000 78.000000 0.093023
5 302 53.000000 50.000000 0.056604
5 303 83.000000 71.000000 0.144578
5 304 69.000000 62.000000 0.101449
5 305 45.000000 38.000000 0.155556
5 306 61.000000 57.000000 0.065574
5 307 65.000000 56.000000 0.138462
5 308 40.000000 39.000000 0.025000
5 309 50.000000 44.000000 0.120000
5 310 70.000000 56.000000 0.200000
5 311 98.000000 80.000000 0.183673
5 312 110.000000 83.000000 0.245455
5 313 35.000000 32.000000 0.085714
5 314 129.000000 105.000000 0.186047
5 315 83.000000 65.000000 0.216867
5 316 41.000000 41.000000 0.000000
5 317 88.000000 83.000000 0.056818
5 318 95.000000 79.000000 0.168421
5 319 114.000000 92.000000 0.192982
5 320 101.000000 92.000000 0.089109
5 321 86.000000 72.000000 0.162791
5 322 70.000000 58.000000 0.171429
5 323 45.000000 42.000000 0.066667
5 324 59.000000 51.000000 0.135593
5 325 83.000000 73.000000 0.120482
5 326 99.000000 81.000000 0.181818
5 327 34.000000 33.000000 0.029412
5 328 72.000000 65.000000 0.097222
5 329 79.000000 71.000000 0.101266
5 330 79.000000 74.000000 0.063291
5 331 97.000000 83.000000 0.144330
5 332 57.000000 47.000000 0.175439
5 333 71.000000 63.000000 0.112676
5 334 68.000000 54.000000 0.205882
5 335 68.000000 62.000000 0.088235
5 336 124.000000 96.000000 0.225806
5 337 96.000000 86.000000 0.104167
5 338 99.000000 87.000000 0.121212
5 339 72.000000 65.000000 0.097222
5 340 87.000000 78.000000 0.103448
5 341 68.000000 59.000000 0.132353
5 342 66.000000 56.000000 0.151515
5 343 57.000000 50.000000 0.122807
5 344 83.000000 71.000000 0.144578
5 345 77.000000 65.000000 0.155844
5 346 53.000000 47.000000 0.113208
5 347 52.000000 44.000000 0.153846
5 348 109.000000 98.000000 0.100917
5 349 45.000000 36.000000 0.200000
5 350 51.000000 44.000000 0.137255
5 351 59.000000 49.000000 0.169492
5 352 60.000000 51.000000 0.150000
5 353 58.000000 52.000000 0.103448
5 354 79.000000 71.000000 0.101266
5 355 124.000000 101.000000 0.185484
5 356 78.000000 75.000000 0.038462
5 357 96.000000 86.000000 0.104167
5 358 41.000000 40.000000 0.024390
5 359 75.000000 64.000000 0.146667
5 360 109.000000 104.000000 0.045872
5 361 66.000000 59.000000 0.106061
5 362 87.000000 80.000000 0.080460
5 363 94.000000 80.000000 0.148936
5 364 30.000000 30.000000 0.000000
5 365 58.000000 52.000000 0.103448
5 366 92.000000 82.000000 0.108696
5 367 76.000000 66.000000 0.131579
5 368 115.000000 95.000000 0.173913
5 369 44.000000 42.000000 0.045455
5 370 43.000000 39.000000 0.093023
5 371 69.000000 62.000000 0.101449
5 372 120.000000 92.000000 0.233333
5 373 71.000000 59.000000 0.169014
5 374 86.000000 78.000000 0.093023
5 375 51.000000 45.000000 0.117647
5 376 71.000000 60.000000 0.154930
5 377 77.000000 63.000000 0.181818
5 378 104.000000 87.000000 0.163462
5 379 73.000000 59.000000 0.191781
5 380 50.000000 43.000000 0.140000
5 381 59.000000 57.000000 0.033898
5 382 103.000000 90.000000 0.126214
5 383 82.000000 73.000000 0.109756
5 384 95.000000 91.000000 0.042105
5 385 133.000000 112.000000 0.157895
5 386 64.000000 56.000000 0.125000
5 387 78.000000 65.000000 0.166667
5 388 65.000000 58.000000 0.107692
5 389 89.000000 74.000000 0.168539
5 390 54.000000 42.000000 0.222222
5 391 90.000000 81.000000 0.100000
5 392 81.000000 73.000000 0.098765
5 393 86.000000 74.000000 0.139535
5 394 75.000000 65.000000 0.133333
5 395 50.000000 46.000000 0.080000
5 396 84.000000 76.000000 0.095238
5 397 99.000000 84.000000 0.151515
5 398 83.000000 76.000000 0.084337
5 399 65.000000 60.000000 0.076923
5 400 70.000000 63.000000 0.100000
6 1 136.000000 124.000000 0.088235
6 2 126.000000 108.000000 0.142857
6 3 133.000000 113.000000 0.150376
6 4 88.000000 82.000000 0.068182
6 5 187.000000 163.000000 0.128342
6 6 204.000000 171.000000 0.161765
6 7 68.000000 65.000000 0.044118
6 8 212.000000 187.000000 0.117925
6 9 170.000000 145.000000 0.147059
6 10 243.000000 208.000000 0.144033
6 11 114.000000 105.000000 0.078947
6 12 150.000000 140.000000 0.066667
6 13 182.000000 156.000000 0.142857
6 14 183.000000 159.000000 0.131148
6 15 206.000000 167.000000 0.189320
6 16 136.000000 112.000000 0.176471
6 17 184.000000 168.000000 0.086957
6 18 98.000000 88.000000 0.102041
6 19 232.000000 194.000000 0.163793
6 20 145.000000 128.000000 0.117241
6 21 191.000000 167.000000 0.125654
6 22 178.000000 154.000000 0.134831
6 23 92.000000 78.000000 0.152174
6 24 50.000000 46.000000 0.080000
6 25 168.000000 154.000000 0.083333
6 26 204.000000 185.000000 0.093137
6 27 165.000000 141.000000 0.145455
6 28 126.000000 109.000000 0.134921
6 29 155.000000 135.000000 0.129032
6 30 94.000000 88.000000 0.063830
6 31 173.000000 148.000000 0.144509
6 32 162.000000 143.000000 0.117284
6 33 123.000000 114.000000 0.073171
6 34 156.000000 135.000000 0.134615
6 35 219.000000 192.000000 0.123288
6 36 119.000000 110.000000 0.075630
6 37 165.000000 143.000000 0.133333
6 38 194.000000 165.000000 0.149485
6 39 156.000000 132.000000 0.153846
6 40 197.000000 170.000000 0.137056
6 41 81.000000 74.000000 0.086420
6 42 146.000000 126.000000 0.136986
6 43 209.000000 180.000000 0.138756
6 44 108.000000 93.000000 0.138889
6 45 139.000000 123.000000 0.115108
6 46 220.000000 194.000000 0.118182
6 47 129.000000 107.000000 0.170543
6 48 116.000000 95.000000 0.181034
6 49 125.000000 106.000000 0.152000
6 50 235.000000 196.000000 0.165957
6 51 183.000000 160.000000 0.125683
6 52 146.000000 123.000000 0.157534
6 53 114.000000 106.000000 0.070175
6 54 138.000000 113.000000 0.181159
6 55 156.000000 145.000000 0.070513
6 56 255.000000 211.000000 0.172549
6 57 177.000000 158.000000 0.107345
6 58 105.000000 96.000000 0.085714
6 59 167.000000 146.000000 0.125749
6 60 75.000000 62.000000 0.173333
6 61 144.000000 122.000000 0.152778
6 62 179.000000 163.000000 0.089385
6 63 187.000000 165.000000 0.117647
6 64 134.000000 120.000000 0.104478
6 65 140.000000 132.000000 0.057143
6 66 143.000000 130.000000 0.090909
6 67 106.000000 92.000000 0.132075
6 68 158.000000 145.000000 0.082278
6 69 144.000000 134.000000 0.069444
6 70 75.000000 75.000000 -0.000000
6 71 85.000000 78.000000 0.082353
6 72 108.000000 95.000000 0.120370
6 73 123.000000 114.000000 0.073171
6 74 150.000000 137.000000 0.086667
6 75 230.000000 196.000000 0.147826
6 76 90.000000 82.000000 0.088889
6 77 266.000000 222.000000 0.165414
6 78 225.000000 175.000000 0.222222
6 79 121.000000 113.000000 0.066116
6 80 121.000000 108.000000 0.107438
6 81 149.000000 136.000000 0.087248
6 82 168.000000 135.000000 0.196429
6 83 141.000000 126.000000 0.106383
6 84 205.000000 177.000000 0.136585
6 85 132.000000 117.000000 0.113636
6 86 158.000000 137.000000 0.132911
6 87 193.000000 162.000000 0.160622
6 88 138.000000 132.000000 0.043478
6 89 194.000000 167.000000 0.139175
6 90 155.000000 129.000000 0.167742
6 91 187.000000 157.000000 0.160428
6 92 177.000000 158.000000 0.107345
6 93 139.000000 126.000000 0.093525
6 94 173.000000 140.000000 0.190751
6 95 182.000000 171.000000 0.060440
6 96 196.000000 160.000000 0.183673
6 97 105.000000 87.000000 0.171429
6 98 174.000000 157.000000 0.097701
6 99 145.000000 126.000000 0.131034
6 100 98.000000 93.000000 0.051020
6 101 63.000000 62.000000 0.015873
6 102 203.000000 169.000000 0.167488
6 103 189.000000 165.000000 0.126984
6 104 165.000000 144.000000 0.127273
6 105 184.000000 158.000000 0.141304
6 106 70.000000 60.000000 0.142857
6 107 160.000000 142.000000 0.112500
6 108 167.000000 151.000000 0.095808
6 109 125.000000 100.000000 0.200000
6 110 121.000000 110.000000 0.090909
6 111 138.000000 129.000000 0.065217
6 112 179.000000 145.000000 0.189944
6 113 172.000000 146.000000 0.151163
6 114 165.000000 132.000000 0.200000
6 115 141.000000 126.000000 0.106383
6 116 237.000000 201.000000 0.151899
6 117 116.000000 100.000000 0.137931
6 118 147.000000 129.000000 0.122449
6 119 82.000000 63.000000 0.231707
6 120 144.000000 128.000000 0.111111
6 121 181.000000 158.000000 0.127072
6 122 202.000000 160.000000 0.207921
6 123 177.000000 159.000000 0.101695
6 124 114.000000 101.000000 0.114035
6 125 147.000000 131.000000 0.108844
6 126 119.000000 98.000000 0.176471
6 127 72.000000 66.000000 0.083333
6 128 127.000000 124.000000 0.023622
6 129 184.000000 159.000000 0.135870
6 130 117.000000 111.000000 0.051282
6 131 227.000000 194.000000 0.145374
6 132 64.000000 56.000000 0.125000
6 133 205.000000 168.000000 0.180488
6 134 146.000000 129.000000 0.116438
6 135 118.000000 103.000000 0.127119
6 136 88.000000 78.000000 0.113636
6 137 149.000000 132.000000 0.114094
6 138 204.000000 181.000000 0.112745
6 139 147.000000 124.000000 0.156463
6 140 204.000000 175.000000 0.142157
6 141 143.000000 129.000000 0.097902
6 142 172.000000 160.000000 0.069767
6 143 194.000000 171.000000 0.118557
6 144 75.000000 67.000000 0.106667
6 145 122.000000 109.000000 0.106557
6 146 179.000000 153.000000 0.145251
6 147 54.000000 50.000000 0.074074
6 148 159.000000 148.000000 0.069182
6 149 167.000000 131.000000 0.215569
6 150 195.000000 174.000000 0.107692
6 151 124.000000 117.000000 0.056452
6 152 190.000000 165.000000 0.131579
6 153 169.000000 160.000000 0.053254
6 154 122.000000 109.000000 0.106557
6 155 142.000000 127.000000 0.105634
6 156 188.000000 166.000000 0.117021
6 157 143.000000 132.000000 0.076923
6 158 114.000000 103.000000 0.096491
6 159 143.000000 117.000000 0.181818
6 160 181.000000 163.000000 0.099448
6 161 185.000000 159.000000 0.140541
6 162 65.000000 59.000000 0.092308
6 163 122.000000 107.000000 0.122951
6 164 119.000000 108.000000 0.092437
6 165 203.000000 180.000000 0.113300
6 166 168.000000 149.000000 0.113095
6 167 145.000000 131.000000 0.096552
6 168 202.000000 190.000000 0.059406
6 169 170.000000 156.000000 0.082353
6 170 146.000000 134.000000 0.082192
6 171 149.000000 123.000000 0.174497
6 172 126.000000 108.000000 0.142857
6 173 91.000000 82.000000 0.098901
6 174 155.000000 141.000000 0.090323
6 175 62.000000 58.000000 0.064516
6 176 136.000000 118.000000 0.132353
6 177 75.000000 73.000000 0.026667
6 178 236.000000 196.000000 0.169492
6 179 156.000000 137.000000 0.121795
6 180 176.000000 160.000000 0.090909
6 181 192.000000 163.000000 0.151042
6 182 137.000000 120.000000 0.124088
6 183 229.000000 184.000000 0.196507
6 184 151.000000 133.000000 0.119205
6 185 156.000000 141.000000 0.096154
6 186 191.000000 161.000000 0.157068
6 187 121.000000 112.000000 0.074380
6 188 182.000000 156.000000 0.142857
6 189 183.000000 165.000000 0.098361
6 190 149.000000 140.000000 0.060403
6 191 173.000000 146.000000 0.156069
6 192 184.000000 155.000000 0.157609
6 193 196.000000 167.000000 0.147959
6 194 180.000000 153.000000 0.150000
6 195 145.000000 113.000000 0.220690
6 196 160.000000 137.000000 0.143750
6 197 172.000000 145.000000 0.156977
6 198 192.000000 162.000000 0.156250
6 199 133.000000 123.000000 0.075188
6 200 126.000000 113.000000 0.103175
6 201 178.000000 158.000000 0.112360
6 202 165.000000 143.000000 0.133333
6 203 203.000000 171.000000 0.157635
6 204 103.000000 95.000000 0.077670
6 205 170.000000 160.000000 0.058824
6 206 135.000000 117.000000 0.133333
6 207 205.000000 173.000000 0.156098
6 208 253.000000 222.000000 0.122530
6 209 205.000000 172.000000 0.160976
6 210 185.000000 150.000000 0.189189
6 211 242.000000 211.000000 0.128099
6 212 103.000000 93.000000 0.097087
6 213 127.000000 116.000000 0.086614
6 214 141.000000 126.000000 0.106383
6 215 157.000000 135.000000 0.140127
6 216 95.000000 82.000000 0.136842
6 217 160.000000 149.000000 0.068750
6 218 132.000000 114.000000 0.136364
6 219 165.000000 141.000000 0.145455
6 220 123.000000 108.000000 0.121951
6 221 190.000000 155.000000 0.184211
6 222 225.000000 183.000000 0.186667
6 223 135.000000 116.000000 0.140741
6 224 182.000000 164.000000 0.098901
6 225 111.000000 97.000000 0.126126
6 226 158.000000 131.000000 0.170886
6 227 149.000000 130.000000 0.127517
6 228 131.000000 116.000000 0.114504
6 229 96.000000 80.000000 0.166667
6 230 133.000000 120.000000 0.097744
6 231 91.000000 87.000000 0.043956
6 232 127.000000 114.000000 0.102362
6 233 133.000000 119.000000 0.105263
6 234 224.000000 184.000000 0.178571
6 235 187.000000 159.000000 0.149733
6 236 162.000000 135.000000 0.166667
6 237 92.000000 90.000000 0.021739
6 238 117.000000 114.000000 0.025641
6 239 142.000000 126.000000 0.112676
6 240 85.000000 67.000000 0.211765
6 241 144.000000 123.000000 0.145833
6 242 161.000000 138.000000 0.142857
6 243 100.000000 83.000000 0.170000
6 244 225.000000 181.000000 0.195556
6 245 98.000000 88.000000 0.102041
6 246 211.000000 192.000000 0.090047
6 247 176.000000 160.000000 0.090909
6 248 146.000000 128.000000 0.123288
6 249 113.000000 108.000000 0.044248
6 250 104.000000 101.000000 0.028846
6 251 122.000000 102.000000 0.163934
6 252 137.000000 121.000000 0.116788
6 253 131.000000 119.000000 0.091603
6 254 134.000000 107.000000 0.201493
6 255 141.000000 133.000000 0.056738
6 256 133.000000 117.000000 0.120301
6 257 173.000000 147.000000 0.150289
6 258 98.000000 98.000000 -0.000000
6 259 189.000000 167.000000 0.116402
6 260 143.000000 130.000000 0.090909
6 261 73.000000 66.000000 0.095890
6 262 132.000000 108.000000 0.181818
6 263 180.000000 158.000000 0.122222
6 264 181.000000 156.000000 0.138122
6 265 75.000000 69.000000 0.080000
6 266 174.000000 148.000000 0.149425
6 267 159.000000 143.000000 0.100629
6 268 142.000000 122.000000 0.140845
6 269 173.000000 148.000000 0.144509
6 270 164.000000 146.000000 0.109756
6 271 171.000000 140.000000 0.181287
6 272 172.000000 139.000000 0.191860
6 273 83.000000 71.000000 0.144578
6 274 130.000000 121.000000 0.069231
6 275 220.000000 189.000000 0.140909
6 276 103.000000 89.000000 0.135922
6 277 164.000000 135.000000 0.176829
6 278 174.000000 150.000000 0.137931
6 279 118.000000 100.000000 0.152542
6 280 169.000000 139.000000 0.177515
6 281 136.000000 124.000000 0.088235
6 282 145.000000 120.000000 0.172414
6 283 61.000000 60.000000 0.016393
6 284 210.000000 188.000000 0.104762
6 285 144.000000 123.000000 0.145833
6 286 113.000000 105.000000 0.070796
6 287 124.000000 111.000000 0.104839
6 288 250.000000 202.000000 0.192000
6 289 139.000000 130.000000 0.064748
6 290 149.000000 128.000000 0.140940
6 291 206.000000 163.000000 0.208738
6 292 119.000000 108.000000 0.092437
6 293 201.000000 183.000000 0.089552
6 294 153.000000 119.000000 0.222222
6 295 124.000000 120.000000 0.032258
6 296 203.000000 164.000000 0.192118
6 297 157.000000 143.000000 0.089172
6 298 49.000000 39.000000 0.204082
6 299 129.000000 118.000000 0.085271
6 300 143.000000 129.000000 0.097902
6 301 162.000000 145.000000 0.104938
6 302 204.000000 167.000000 0.181373
6 303 159.000000 129.000000 0.188679
6 304 107.000000 101.000000 0.056075
6 305 216.000000 192.000000 0.111111
6 306 174.000000 151.000000 0.132184
6 307 208.000000 177.000000 0.149038
6 308 133.000000 114.000000 0.142857
6 309 214.000000 180.000000 0.158879
6 310 101.000000 92.000000 0.089109
6 311 219.000000 183.000000 0.164384
6 312 253.000000 213.000000 0.158103
6 313 150.000000 139.000000 0.073333
6 314 177.000000 155.000000 0.124294
6 315 151.000000 141.000000 0.066225
6 316 103.000000 99.000000 0.038835
6 317 91.000000 80.000000 0.120879
6 318 127.000000 102.000000 0.196850
6 319 172.000000 152.000000 0.116279
6 320 168.000000 157.000000 0.065476
6 321 211.000000 183.000000 0.132701
6 322 92.000000 83.000000 0.097826
6 323 154.000000 133.000000 0.136364
6 324 102.000000 89.000000 0.127451
6 325 166.000000 156.000000 0.060241
6 326 115.000000 109.000000 0.052174
6 327 234.000000 200.000000 0.145299
6 328 181.000000 164.000000 0.093923
6 329 163.000000 144.000000 0.116564
6 330 150.000000 138.000000 0.080000
6 331 126.000000 115.000000 0.087302
6 332 259.000000 223.000000 0.138996
6 333 74.000000 73.000000 0.013514
6 334 163.000000 139.000000 0.147239
6 335 172.000000 135.000000 0.215116
6 336 150.000000 133.000000 0.113333
6 337 231.000000 200.000000 0.134199
6 338 173.000000 146.000000 0.156069
6 339 115.000000 102.000000 0.113043
6 340 108.000000 101.000000 0.064815
6 341 168.000000 139.000000 0.172619
6 342 160.000000 140.000000 0.125000
6 343 97.000000 84.000000 0.134021
6 344 198.000000 168.000000 0.151515
6 345 102.000000 93.000000 0.088235
6 346 128.000000 107.000000 0.164062
6 347 117.000000 106.000000 0.094017
6 348 103.000000 94.000000 0.087379
6 349 201.000000 168.000000 0.164179
6 350 192.000000 177.000000 0.078125
6 351 74.000000 71.000000 0.040541
6 352 85.000000 75.000000 0.117647
6 353 148.000000 142.000000 0.040541
6 354 161.000000 140.000000 0.130435
6 355 97.000000 86.000000 0.113402
6 356 104.000000 94.000000 0.096154
6 357 37.000000 34.000000 0.081081
6 358 215.000000 191.000000 0.111628
6 359 121.000000 113.000000 0.066116
6 360 74.000000 67.000000 0.094595
6 361 121.000000 100.000000 0.173554
6 362 92.000000 80.000000 0.130435
6 363 108.000000 104.000000 0.037037
6 364 138.000000 131.000000 0.050725
6 365 168.000000 148.000000 0.119048
6 366 164.000000 142.000000 0.134146
6 367 157.000000 138.000000 0.121019
6 368 218.000000 181.000000 0.169725
6 369 156.000000 140.000000 0.102564
6 370 167.000000 143.000000 0.143713
6 371 107.000000 100.000000 0.065421
6 372 59.000000 53.000000 0.101695
6 373 192.000000 164.000000 0.145833
6 374 203.000000 170.000000 0.162562
6 375 159.000000 140.000000 0.119497
6 376 201.000000 161.000000 0.199005
6 377 127.000000 122.000000 0.039370
6 378 108.000000 94.000000 0.129630
6 379 187.000000 163.000000 0.128342
6 380 125.000000 116.000000 0.072000
6 381 126.000000 111.000000 0.119048
6 382 77.000000 71.000000 0.077922
6 383 175.000000 156.000000 0.108571
6 384 89.000000 75.000000 0.157303
6 385 216.000000 180.000000 0.166667
6 386 78.000000 74.000000 0.051282
6 387 200.000000 176.000000 0.120000
6 388 208.000000 180.000000 0.134615
6 389 168.000000 151.000000 0.101190
6 390 121.000000 102.000000 0.157025
6 391 115.000000 101.000000 0.121739
6 392 128.000000 109.000000 0.148438
6 393 158.000000 143.000000 0.094937
6 394 114.000000 108.000000 0.052632
6 395 135.000000 124.000000 0.081481
6 396 111.000000 104.000000 0.063063
6 397 242.000000 209.000000 0.136364
6 398 213.000000 182.000000 0.145540
6 399 169.000000 141.000000 0.165680
6 400 172.000000 147.000000 0.145349
7 1 354.000000 304.000000 0.141243
7 2 416.000000 369.000000 0.112981
7 3 309.000000 274.000000 0.113269
7 4 495.000000 447.000000 0.096970
7 5 196.000000 186.000000 0.051020
7 6 300.000000 263.000000 0.123333
7 7 363.000000 322.000000 0.112948
7 8 204.000000 189.000000 0.073529
7 9 131.000000 118.000000 0.099237
7 10 278.000000 244.000000 0.122302
7 11 169.000000 151.000000 0.106509
7 12 425.000000 358.000000 0.157647
7 13 340.000000 304.000000 0.105882
7 14 396.000000 351.000000 0.113636
7 15 295.000000 268.000000 0.091525
7 16 352.000000 323.000000 0.082386
7 17 401.000000 361.000000 0.099751
7 18 282.000000 267.000000 0.053191
7 19 352.000000 304.000000 0.136364
7 20 394.000000 354.000000 0.101523
7 21 304.000000 274.000000 0.098684
7 22 312.000000 271.000000 0.131410
7 23 372.000000 310.000000 0.166667
7 24 406.000000 358.000000 0.118227
7 25 305.000000 280.000000 0.081967
7 26 270.000000 247.000000 0.085185
7 27 356.000000 314.000000 0.117978
7 28 344.000000 282.000000 0.180233
7 29 363.000000 320.000000 0.118457
7 30 341.000000 294.000000 0.137830
7 31 449.000000 401.000000 0.106904
7 32 200.000000 185.000000 0.075000
7 33 341.000000 301.000000 0.117302
MATLAB is running in headless mode.  Figure windows will not be displayed.
7 34 370.000000 316.000000 0.145946
7 35 329.000000 287.000000 0.127660
7 36 376.000000 332.000000 0.117021
7 37 348.000000 310.000000 0.109195
7 38 276.000000 254.000000 0.079710
7 39 295.000000 259.000000 0.122034
7 40 438.000000 384.000000 0.123288
7 41 526.000000 447.000000 0.150190
7 42 318.000000 284.000000 0.106918
7 43 99.000000 95.000000 0.040404
7 44 346.000000 309.000000 0.106936
7 45 286.000000 259.000000 0.094406
7 46 352.000000 319.000000 0.093750
7 47 270.000000 229.000000 0.151852
7 48 407.000000 355.000000 0.127764
7 49 418.000000 367.000000 0.122010
7 50 283.000000 262.000000 0.074205
7 51 283.000000 269.000000 0.049470
7 52 484.000000 399.000000 0.175620
7 53 403.000000 345.000000 0.143921
7 54 207.000000 185.000000 0.106280
7 55 370.000000 334.000000 0.097297
7 56 220.000000 188.000000 0.145455
