MATLAB is running in headless mode.  Figure windows will not be displayed.
1 1 6.000000 6.000000 0.000000
1 2 7.000000 7.000000 0.000000
1 3 6.000000 6.000000 0.000000
1 4 8.000000 8.000000 0.000000
1 5 9.000000 8.000000 0.111111
1 6 7.000000 7.000000 0.000000
1 7 8.000000 8.000000 0.000000
1 8 7.000000 7.000000 0.000000
1 9 8.000000 7.000000 0.125000
1 10 6.000000 6.000000 0.000000
1 11 7.000000 7.000000 0.000000
1 12 8.000000 8.000000 0.000000
1 13 6.000000 6.000000 0.000000
1 14 8.000000 7.000000 0.125000
1 15 7.000000 7.000000 0.000000
1 16 7.000000 7.000000 0.000000
1 17 6.000000 6.000000 0.000000
1 18 8.000000 8.000000 0.000000
1 19 6.000000 6.000000 0.000000
1 20 9.000000 7.000000 0.222222
1 21 7.000000 7.000000 0.000000
1 22 8.000000 8.000000 0.000000
1 23 7.000000 7.000000 0.000000
1 24 8.000000 8.000000 0.000000
1 25 6.000000 6.000000 0.000000
1 26 7.000000 7.000000 0.000000
1 27 8.000000 8.000000 0.000000
1 28 6.000000 6.000000 0.000000
1 29 9.000000 8.000000 0.111111
1 30 8.000000 7.000000 0.125000
1 31 6.000000 6.000000 0.000000
1 32 8.000000 8.000000 0.000000
1 33 7.000000 7.000000 0.000000
1 34 8.000000 7.000000 0.125000
1 35 6.000000 6.000000 0.000000
1 36 8.000000 8.000000 0.000000
1 37 8.000000 7.000000 0.125000
1 38 8.000000 7.000000 0.125000
1 39 7.000000 7.000000 0.000000
1 40 8.000000 7.000000 0.125000
1 41 8.000000 8.000000 0.000000
1 42 9.000000 8.000000 0.111111
1 43 7.000000 7.000000 0.000000
1 44 8.000000 8.000000 0.000000
1 45 7.000000 7.000000 0.000000
1 46 8.000000 8.000000 0.000000
1 47 8.000000 8.000000 0.000000
1 48 7.000000 7.000000 0.000000
1 49 7.000000 7.000000 0.000000
1 50 6.000000 6.000000 0.000000
1 51 7.000000 7.000000 0.000000
1 52 7.000000 7.000000 0.000000
1 53 7.000000 7.000000 0.000000
1 54 6.000000 6.000000 0.000000
1 55 9.000000 7.000000 0.222222
1 56 8.000000 7.000000 0.125000
1 57 9.000000 8.000000 0.111111
1 58 6.000000 6.000000 0.000000
1 59 7.000000 7.000000 0.000000
1 60 6.000000 6.000000 0.000000
1 61 9.000000 8.000000 0.111111
1 62 7.000000 7.000000 0.000000
1 63 8.000000 7.000000 0.125000
1 64 6.000000 6.000000 0.000000
1 65 6.000000 6.000000 0.000000
1 66 6.000000 6.000000 0.000000
1 67 8.000000 7.000000 0.125000
1 68 7.000000 7.000000 0.000000
1 69 6.000000 6.000000 0.000000
1 70 7.000000 7.000000 0.000000
1 71 8.000000 8.000000 0.000000
1 72 7.000000 7.000000 0.000000
1 73 10.000000 7.000000 0.300000
1 74 6.000000 6.000000 0.000000
1 75 7.000000 7.000000 0.000000
1 76 7.000000 7.000000 0.000000
1 77 7.000000 7.000000 0.000000
1 78 6.000000 6.000000 0.000000
1 79 7.000000 7.000000 0.000000
1 80 7.000000 7.000000 0.000000
1 81 7.000000 7.000000 0.000000
1 82 8.000000 7.000000 0.125000
1 83 6.000000 6.000000 0.000000
1 84 6.000000 6.000000 0.000000
1 85 7.000000 7.000000 0.000000
1 86 8.000000 8.000000 0.000000
1 87 8.000000 7.000000 0.125000
1 88 6.000000 6.000000 0.000000
1 89 6.000000 6.000000 0.000000
1 90 7.000000 7.000000 0.000000
1 91 8.000000 7.000000 0.125000
1 92 7.000000 7.000000 0.000000
1 93 7.000000 7.000000 0.000000
1 94 9.000000 8.000000 0.111111
1 95 8.000000 7.000000 0.125000
1 96 8.000000 8.000000 0.000000
1 97 7.000000 7.000000 0.000000
1 98 6.000000 6.000000 0.000000
1 99 6.000000 6.000000 0.000000
1 100 9.000000 8.000000 0.111111
1 101 6.000000 6.000000 0.000000
1 102 7.000000 7.000000 0.000000
1 103 8.000000 7.000000 0.125000
1 104 7.000000 7.000000 0.000000
1 105 7.000000 7.000000 0.000000
1 106 9.000000 8.000000 0.111111
1 107 7.000000 7.000000 0.000000
1 108 7.000000 7.000000 0.000000
1 109 9.000000 8.000000 0.111111
1 110 7.000000 7.000000 0.000000
1 111 9.000000 8.000000 0.111111
1 112 7.000000 7.000000 0.000000
1 113 8.000000 7.000000 0.125000
1 114 7.000000 7.000000 0.000000
1 115 6.000000 6.000000 0.000000
1 116 7.000000 7.000000 0.000000
1 117 7.000000 7.000000 0.000000
1 118 7.000000 7.000000 0.000000
1 119 9.000000 7.000000 0.222222
1 120 8.000000 8.000000 0.000000
1 121 8.000000 8.000000 0.000000
1 122 7.000000 7.000000 0.000000
1 123 8.000000 8.000000 0.000000
1 124 6.000000 6.000000 0.000000
1 125 7.000000 7.000000 0.000000
1 126 7.000000 7.000000 0.000000
1 127 7.000000 7.000000 0.000000
1 128 7.000000 7.000000 0.000000
1 129 8.000000 8.000000 0.000000
1 130 7.000000 7.000000 0.000000
1 131 6.000000 6.000000 0.000000
1 132 7.000000 7.000000 0.000000
1 133 7.000000 7.000000 0.000000
1 134 7.000000 7.000000 0.000000
1 135 8.000000 8.000000 0.000000
1 136 9.000000 8.000000 0.111111
1 137 6.000000 6.000000 0.000000
1 138 8.000000 7.000000 0.125000
1 139 6.000000 6.000000 0.000000
1 140 8.000000 8.000000 0.000000
1 141 6.000000 6.000000 0.000000
1 142 6.000000 6.000000 0.000000
1 143 7.000000 7.000000 0.000000
1 144 7.000000 7.000000 0.000000
1 145 8.000000 8.000000 0.000000
1 146 6.000000 6.000000 0.000000
1 147 8.000000 8.000000 0.000000
1 148 6.000000 6.000000 0.000000
1 149 9.000000 7.000000 0.222222
1 150 8.000000 8.000000 0.000000
1 151 7.000000 7.000000 0.000000
1 152 6.000000 6.000000 0.000000
1 153 7.000000 7.000000 0.000000
1 154 6.000000 6.000000 0.000000
1 155 7.000000 7.000000 0.000000
1 156 8.000000 7.000000 0.125000
1 157 7.000000 7.000000 0.000000
1 158 7.000000 7.000000 0.000000
1 159 7.000000 7.000000 0.000000
1 160 7.000000 7.000000 0.000000
1 161 7.000000 7.000000 0.000000
1 162 7.000000 7.000000 0.000000
1 163 8.000000 7.000000 0.125000
1 164 6.000000 6.000000 0.000000
1 165 6.000000 6.000000 0.000000
1 166 9.000000 8.000000 0.111111
1 167 7.000000 7.000000 0.000000
1 168 8.000000 8.000000 0.000000
1 169 7.000000 7.000000 0.000000
1 170 7.000000 7.000000 0.000000
1 171 10.000000 8.000000 0.200000
1 172 7.000000 7.000000 0.000000
1 173 7.000000 7.000000 0.000000
1 174 8.000000 7.000000 0.125000
1 175 7.000000 7.000000 0.000000
1 176 8.000000 8.000000 0.000000
1 177 7.000000 7.000000 0.000000
1 178 8.000000 7.000000 0.125000
1 179 8.000000 7.000000 0.125000
1 180 9.000000 7.000000 0.222222
1 181 8.000000 8.000000 0.000000
1 182 8.000000 7.000000 0.125000
1 183 8.000000 8.000000 0.000000
1 184 7.000000 7.000000 0.000000
1 185 7.000000 7.000000 0.000000
1 186 6.000000 6.000000 0.000000
1 187 7.000000 7.000000 0.000000
1 188 7.000000 7.000000 0.000000
1 189 7.000000 7.000000 0.000000
1 190 9.000000 8.000000 0.111111
1 191 8.000000 8.000000 0.000000
1 192 7.000000 7.000000 0.000000
1 193 8.000000 8.000000 0.000000
1 194 7.000000 7.000000 0.000000
1 195 6.000000 6.000000 0.000000
1 196 7.000000 7.000000 0.000000
1 197 7.000000 7.000000 0.000000
1 198 8.000000 8.000000 0.000000
1 199 8.000000 8.000000 0.000000
1 200 8.000000 8.000000 0.000000
1 201 7.000000 7.000000 0.000000
1 202 7.000000 7.000000 0.000000
1 203 9.000000 7.000000 0.222222
1 204 8.000000 8.000000 0.000000
1 205 7.000000 7.000000 0.000000
1 206 8.000000 8.000000 0.000000
1 207 6.000000 6.000000 0.000000
1 208 6.000000 6.000000 0.000000
1 209 7.000000 7.000000 0.000000
1 210 7.000000 7.000000 0.000000
1 211 6.000000 6.000000 0.000000
1 212 7.000000 7.000000 0.000000
1 213 8.000000 7.000000 0.125000
1 214 8.000000 7.000000 0.125000
1 215 7.000000 7.000000 0.000000
1 216 7.000000 7.000000 0.000000
1 217 7.000000 7.000000 0.000000
1 218 6.000000 6.000000 0.000000
1 219 8.000000 8.000000 0.000000
1 220 7.000000 7.000000 0.000000
1 221 8.000000 8.000000 0.000000
1 222 8.000000 8.000000 0.000000
1 223 7.000000 7.000000 0.000000
1 224 7.000000 7.000000 0.000000
1 225 10.000000 8.000000 0.200000
1 226 7.000000 7.000000 0.000000
1 227 8.000000 7.000000 0.125000
1 228 7.000000 7.000000 0.000000
1 229 7.000000 7.000000 0.000000
1 230 7.000000 7.000000 0.000000
1 231 8.000000 8.000000 0.000000
1 232 7.000000 7.000000 0.000000
1 233 8.000000 8.000000 0.000000
1 234 7.000000 7.000000 0.000000
1 235 7.000000 7.000000 0.000000
1 236 8.000000 8.000000 0.000000
1 237 6.000000 6.000000 0.000000
1 238 8.000000 7.000000 0.125000
1 239 7.000000 7.000000 0.000000
1 240 6.000000 6.000000 0.000000
1 241 8.000000 8.000000 0.000000
1 242 9.000000 7.000000 0.222222
1 243 9.000000 8.000000 0.111111
1 244 9.000000 7.000000 0.222222
1 245 7.000000 7.000000 0.000000
1 246 9.000000 8.000000 0.111111
1 247 7.000000 7.000000 0.000000
1 248 8.000000 8.000000 0.000000
1 249 6.000000 6.000000 0.000000
1 250 7.000000 7.000000 0.000000
1 251 7.000000 7.000000 0.000000
1 252 7.000000 7.000000 0.000000
1 253 6.000000 6.000000 0.000000
1 254 7.000000 7.000000 0.000000
1 255 6.000000 6.000000 0.000000
1 256 8.000000 7.000000 0.125000
1 257 9.000000 7.000000 0.222222
1 258 8.000000 8.000000 0.000000
1 259 7.000000 7.000000 0.000000
1 260 8.000000 8.000000 0.000000
1 261 6.000000 6.000000 0.000000
1 262 7.000000 7.000000 0.000000
1 263 6.000000 6.000000 0.000000
1 264 6.000000 6.000000 0.000000
1 265 7.000000 7.000000 0.000000
1 266 7.000000 7.000000 0.000000
1 267 7.000000 7.000000 0.000000
1 268 10.000000 8.000000 0.200000
1 269 10.000000 8.000000 0.200000
1 270 6.000000 6.000000 0.000000
1 271 7.000000 7.000000 0.000000
1 272 9.000000 8.000000 0.111111
1 273 8.000000 8.000000 0.000000
1 274 9.000000 8.000000 0.111111
1 275 7.000000 7.000000 0.000000
1 276 6.000000 6.000000 0.000000
1 277 6.000000 6.000000 0.000000
1 278 7.000000 7.000000 0.000000
1 279 8.000000 7.000000 0.125000
1 280 8.000000 7.000000 0.125000
1 281 7.000000 7.000000 0.000000
1 282 6.000000 6.000000 0.000000
1 283 7.000000 7.000000 0.000000
1 284 7.000000 7.000000 0.000000
1 285 6.000000 6.000000 0.000000
1 286 7.000000 7.000000 0.000000
1 287 8.000000 8.000000 0.000000
1 288 6.000000 6.000000 0.000000
1 289 7.000000 7.000000 0.000000
1 290 7.000000 7.000000 0.000000
1 291 8.000000 8.000000 0.000000
1 292 7.000000 7.000000 0.000000
1 293 8.000000 8.000000 0.000000
1 294 6.000000 6.000000 0.000000
1 295 8.000000 8.000000 0.000000
1 296 7.000000 7.000000 0.000000
1 297 8.000000 8.000000 0.000000
1 298 6.000000 6.000000 0.000000
1 299 7.000000 7.000000 0.000000
1 300 7.000000 7.000000 0.000000
1 301 9.000000 8.000000 0.111111
1 302 7.000000 7.000000 0.000000
1 303 8.000000 7.000000 0.125000
1 304 7.000000 7.000000 0.000000
1 305 8.000000 7.000000 0.125000
1 306 7.000000 7.000000 0.000000
1 307 7.000000 7.000000 0.000000
1 308 6.000000 6.000000 0.000000
1 309 7.000000 7.000000 0.000000
1 310 6.000000 6.000000 0.000000
1 311 9.000000 8.000000 0.111111
1 312 7.000000 7.000000 0.000000
1 313 7.000000 7.000000 0.000000
1 314 9.000000 8.000000 0.111111
1 315 8.000000 8.000000 0.000000
1 316 7.000000 7.000000 0.000000
1 317 8.000000 8.000000 0.000000
1 318 7.000000 7.000000 0.000000
1 319 7.000000 7.000000 0.000000
1 320 8.000000 8.000000 0.000000
1 321 7.000000 7.000000 0.000000
1 322 7.000000 7.000000 0.000000
1 323 8.000000 8.000000 0.000000
1 324 6.000000 6.000000 0.000000
1 325 8.000000 7.000000 0.125000
1 326 6.000000 6.000000 0.000000
1 327 7.000000 7.000000 0.000000
1 328 7.000000 7.000000 0.000000
1 329 9.000000 8.000000 0.111111
1 330 8.000000 8.000000 0.000000
1 331 7.000000 7.000000 0.000000
1 332 7.000000 7.000000 0.000000
1 333 6.000000 6.000000 0.000000
1 334 8.000000 8.000000 0.000000
1 335 7.000000 7.000000 0.000000
1 336 8.000000 7.000000 0.125000
1 337 9.000000 8.000000 0.111111
1 338 6.000000 6.000000 0.000000
1 339 6.000000 6.000000 0.000000
1 340 7.000000 7.000000 0.000000
1 341 9.000000 8.000000 0.111111
1 342 6.000000 6.000000 0.000000
1 343 7.000000 7.000000 0.000000
1 344 8.000000 7.000000 0.125000
1 345 6.000000 6.000000 0.000000
1 346 7.000000 7.000000 0.000000
1 347 8.000000 8.000000 0.000000
1 348 8.000000 7.000000 0.125000
1 349 7.000000 7.000000 0.000000
1 350 6.000000 6.000000 0.000000
1 351 7.000000 7.000000 0.000000
1 352 7.000000 7.000000 0.000000
1 353 8.000000 7.000000 0.125000
1 354 9.000000 7.000000 0.222222
1 355 7.000000 7.000000 0.000000
1 356 7.000000 7.000000 0.000000
1 357 8.000000 8.000000 0.000000
1 358 9.000000 8.000000 0.111111
1 359 6.000000 6.000000 0.000000
1 360 9.000000 8.000000 0.111111
1 361 8.000000 7.000000 0.125000
1 362 7.000000 7.000000 0.000000
1 363 7.000000 7.000000 0.000000
1 364 7.000000 7.000000 0.000000
1 365 8.000000 8.000000 0.000000
1 366 6.000000 6.000000 0.000000
1 367 6.000000 6.000000 0.000000
1 368 7.000000 7.000000 0.000000
1 369 7.000000 7.000000 0.000000
1 370 6.000000 6.000000 0.000000
1 371 7.000000 7.000000 0.000000
1 372 7.000000 7.000000 0.000000
1 373 7.000000 7.000000 0.000000
1 374 7.000000 7.000000 0.000000
1 375 7.000000 7.000000 0.000000
1 376 7.000000 7.000000 0.000000
1 377 8.000000 7.000000 0.125000
1 378 8.000000 8.000000 0.000000
1 379 7.000000 7.000000 0.000000
1 380 7.000000 7.000000 0.000000
1 381 9.000000 8.000000 0.111111
1 382 6.000000 6.000000 0.000000
1 383 8.000000 8.000000 0.000000
1 384 7.000000 7.000000 0.000000
1 385 8.000000 7.000000 0.125000
1 386 7.000000 7.000000 0.000000
1 387 8.000000 8.000000 0.000000
1 388 8.000000 8.000000 0.000000
1 389 6.000000 6.000000 0.000000
1 390 6.000000 6.000000 0.000000
1 391 8.000000 8.000000 0.000000
1 392 7.000000 7.000000 0.000000
1 393 6.000000 6.000000 0.000000
1 394 6.000000 6.000000 0.000000
1 395 7.000000 7.000000 0.000000
1 396 7.000000 7.000000 0.000000
1 397 8.000000 8.000000 0.000000
1 398 9.000000 8.000000 0.111111
1 399 7.000000 7.000000 0.000000
1 400 7.000000 7.000000 0.000000
2 1 12.000000 11.000000 0.083333
2 2 10.000000 9.000000 0.100000
2 3 15.000000 12.000000 0.200000
2 4 12.000000 10.000000 0.166667
2 5 10.000000 10.000000 -0.000000
2 6 12.000000 11.000000 0.083333
2 7 14.000000 12.000000 0.142857
2 8 15.000000 13.000000 0.133333
2 9 14.000000 13.000000 0.071429
2 10 13.000000 11.000000 0.153846
2 11 10.000000 9.000000 0.100000
2 12 14.000000 13.000000 0.071429
2 13 14.000000 12.000000 0.142857
2 14 9.000000 9.000000 -0.000000
2 15 11.000000 11.000000 0.000000
2 16 11.000000 9.000000 0.181818
2 17 9.000000 9.000000 0.000000
2 18 10.000000 10.000000 -0.000000
2 19 10.000000 10.000000 -0.000000
2 20 12.000000 11.000000 0.083333
2 21 9.000000 8.000000 0.111111
2 22 12.000000 10.000000 0.166667
2 23 6.000000 6.000000 0.000000
2 24 16.000000 11.000000 0.312500
2 25 14.000000 13.000000 0.071429
2 26 14.000000 12.000000 0.142857
2 27 11.000000 11.000000 0.000000
2 28 15.000000 12.000000 0.200000
2 29 7.000000 7.000000 0.000000
2 30 16.000000 13.000000 0.187500
2 31 11.000000 9.000000 0.181818
2 32 16.000000 13.000000 0.187500
2 33 10.000000 10.000000 -0.000000
2 34 9.000000 9.000000 0.000000
2 35 8.000000 8.000000 0.000000
2 36 11.000000 10.000000 0.090909
2 37 8.000000 8.000000 0.000000
2 38 11.000000 11.000000 0.000000
2 39 12.000000 11.000000 0.083333
2 40 9.000000 8.000000 0.111111
2 41 13.000000 10.000000 0.230769
2 42 9.000000 9.000000 0.000000
2 43 11.000000 10.000000 0.090909
2 44 10.000000 9.000000 0.100000
2 45 10.000000 10.000000 0.000000
2 46 9.000000 9.000000 -0.000000
2 47 8.000000 8.000000 0.000000
2 48 9.000000 8.000000 0.111111
2 49 16.000000 12.000000 0.250000
2 50 11.000000 10.000000 0.090909
2 51 12.000000 11.000000 0.083333
2 52 7.000000 7.000000 0.000000
2 53 15.000000 13.000000 0.133333
2 54 19.000000 16.000000 0.157895
2 55 11.000000 9.000000 0.181818
2 56 10.000000 10.000000 -0.000000
2 57 9.000000 9.000000 0.000000
2 58 6.000000 6.000000 0.000000
2 59 13.000000 11.000000 0.153846
2 60 11.000000 10.000000 0.090909
2 61 10.000000 9.000000 0.100000
2 62 13.000000 11.000000 0.153846
2 63 16.000000 14.000000 0.125000
2 64 16.000000 14.000000 0.125000
2 65 9.000000 8.000000 0.111111
2 66 11.000000 11.000000 0.000000
2 67 15.000000 14.000000 0.066667
2 68 10.000000 10.000000 -0.000000
2 69 12.000000 11.000000 0.083333
2 70 11.000000 10.000000 0.090909
2 71 8.000000 8.000000 0.000000
2 72 18.000000 16.000000 0.111111
2 73 12.000000 10.000000 0.166667
2 74 7.000000 7.000000 -0.000000
2 75 12.000000 10.000000 0.166667
2 76 12.000000 11.000000 0.083333
2 77 13.000000 11.000000 0.153846
2 78 8.000000 8.000000 -0.000000
2 79 14.000000 11.000000 0.214286
2 80 14.000000 11.000000 0.214286
2 81 8.000000 8.000000 0.000000
2 82 14.000000 12.000000 0.142857
2 83 14.000000 13.000000 0.071429
2 84 13.000000 11.000000 0.153846
2 85 9.000000 9.000000 0.000000
2 86 6.000000 6.000000 0.000000
2 87 6.000000 6.000000 0.000000
2 88 10.000000 9.000000 0.100000
2 89 11.000000 11.000000 -0.000000
2 90 6.000000 6.000000 0.000000
2 91 10.000000 10.000000 -0.000000
2 92 14.000000 11.000000 0.214286
2 93 9.000000 9.000000 -0.000000
2 94 18.000000 16.000000 0.111111
2 95 7.000000 7.000000 0.000000
2 96 14.000000 12.000000 0.142857
2 97 14.000000 11.000000 0.214286
2 98 12.000000 10.000000 0.166667
2 99 13.000000 12.000000 0.076923
2 100 10.000000 9.000000 0.100000
2 101 8.000000 8.000000 0.000000
2 102 13.000000 10.000000 0.230769
2 103 17.000000 15.000000 0.117647
2 104 10.000000 10.000000 -0.000000
2 105 6.000000 6.000000 0.000000
2 106 18.000000 15.000000 0.166667
2 107 10.000000 8.000000 0.200000
2 108 10.000000 10.000000 -0.000000
2 109 8.000000 8.000000 0.000000
2 110 13.000000 11.000000 0.153846
2 111 12.000000 11.000000 0.083333
2 112 14.000000 12.000000 0.142857
2 113 12.000000 12.000000 0.000000
2 114 16.000000 14.000000 0.125000
2 115 8.000000 8.000000 0.000000
2 116 16.000000 14.000000 0.125000
2 117 11.000000 10.000000 0.090909
2 118 13.000000 11.000000 0.153846
2 119 12.000000 10.000000 0.166667
2 120 8.000000 7.000000 0.125000
2 121 12.000000 10.000000 0.166667
2 122 9.000000 9.000000 0.000000
2 123 7.000000 7.000000 0.000000
2 124 10.000000 9.000000 0.100000
2 125 13.000000 11.000000 0.153846
2 126 9.000000 9.000000 -0.000000
2 127 12.000000 11.000000 0.083333
2 128 10.000000 9.000000 0.100000
2 129 9.000000 9.000000 0.000000
2 130 13.000000 12.000000 0.076923
2 131 6.000000 6.000000 0.000000
2 132 7.000000 7.000000 0.000000
2 133 8.000000 8.000000 -0.000000
2 134 9.000000 9.000000 -0.000000
2 135 10.000000 10.000000 0.000000
2 136 10.000000 9.000000 0.100000
2 137 10.000000 9.000000 0.100000
2 138 19.000000 12.000000 0.368421
2 139 12.000000 10.000000 0.166667
2 140 8.000000 8.000000 0.000000
2 141 17.000000 13.000000 0.235294
2 142 11.000000 10.000000 0.090909
2 143 15.000000 12.000000 0.200000
2 144 9.000000 9.000000 0.000000
2 145 12.000000 11.000000 0.083333
2 146 11.000000 10.000000 0.090909
2 147 14.000000 12.000000 0.142857
2 148 15.000000 14.000000 0.066667
2 149 12.000000 10.000000 0.166667
2 150 8.000000 8.000000 0.000000
2 151 11.000000 9.000000 0.181818
2 152 22.000000 18.000000 0.181818
2 153 9.000000 9.000000 0.000000
2 154 10.000000 9.000000 0.100000
2 155 14.000000 11.000000 0.214286
2 156 9.000000 9.000000 -0.000000
2 157 8.000000 7.000000 0.125000
2 158 12.000000 11.000000 0.083333
2 159 10.000000 8.000000 0.200000
2 160 15.000000 13.000000 0.133333
2 161 11.000000 11.000000 0.000000
2 162 11.000000 11.000000 0.000000
2 163 11.000000 11.000000 -0.000000
2 164 12.000000 11.000000 0.083333
2 165 14.000000 12.000000 0.142857
2 166 11.000000 10.000000 0.090909
2 167 8.000000 8.000000 0.000000
2 168 8.000000 8.000000 0.000000
2 169 13.000000 11.000000 0.153846
2 170 13.000000 11.000000 0.153846
2 171 8.000000 8.000000 0.000000
2 172 13.000000 10.000000 0.230769
2 173 12.000000 10.000000 0.166667
2 174 8.000000 8.000000 -0.000000
2 175 8.000000 7.000000 0.125000
2 176 11.000000 10.000000 0.090909
2 177 14.000000 14.000000 0.000000
2 178 14.000000 11.000000 0.214286
2 179 13.000000 12.000000 0.076923
2 180 14.000000 12.000000 0.142857
2 181 11.000000 11.000000 0.000000
2 182 8.000000 8.000000 0.000000
2 183 12.000000 10.000000 0.166667
2 184 11.000000 10.000000 0.090909
2 185 10.000000 10.000000 0.000000
2 186 7.000000 7.000000 0.000000
2 187 16.000000 12.000000 0.250000
2 188 11.000000 10.000000 0.090909
2 189 8.000000 8.000000 -0.000000
2 190 15.000000 13.000000 0.133333
2 191 11.000000 10.000000 0.090909
2 192 12.000000 11.000000 0.083333
2 193 10.000000 9.000000 0.100000
2 194 8.000000 8.000000 0.000000
2 195 14.000000 14.000000 0.000000
2 196 8.000000 7.000000 0.125000
2 197 13.000000 11.000000 0.153846
2 198 9.000000 9.000000 0.000000
2 199 10.000000 9.000000 0.100000
2 200 12.000000 11.000000 0.083333
2 201 9.000000 9.000000 0.000000
2 202 13.000000 10.000000 0.230769
2 203 15.000000 14.000000 0.066667
2 204 14.000000 12.000000 0.142857
2 205 14.000000 11.000000 0.214286
2 206 10.000000 10.000000 0.000000
2 207 9.000000 9.000000 0.000000
2 208 6.000000 6.000000 0.000000
2 209 9.000000 8.000000 0.111111
2 210 15.000000 12.000000 0.200000
2 211 12.000000 11.000000 0.083333
2 212 9.000000 9.000000 -0.000000
2 213 16.000000 13.000000 0.187500
2 214 14.000000 12.000000 0.142857
2 215 15.000000 11.000000 0.266667
2 216 11.000000 10.000000 0.090909
2 217 11.000000 10.000000 0.090909
2 218 20.000000 14.000000 0.300000
2 219 7.000000 7.000000 0.000000
2 220 11.000000 10.000000 0.090909
2 221 11.000000 10.000000 0.090909
2 222 10.000000 10.000000 -0.000000
2 223 17.000000 15.000000 0.117647
2 224 17.000000 13.000000 0.235294
2 225 8.000000 8.000000 0.000000
2 226 10.000000 9.000000 0.100000
2 227 10.000000 10.000000 -0.000000
2 228 13.000000 11.000000 0.153846
2 229 8.000000 8.000000 0.000000
2 230 12.000000 9.000000 0.250000
2 231 11.000000 10.000000 0.090909
2 232 12.000000 11.000000 0.083333
2 233 8.000000 8.000000 -0.000000
2 234 13.000000 11.000000 0.153846
2 235 14.000000 10.000000 0.285714
2 236 9.000000 9.000000 0.000000
2 237 9.000000 9.000000 0.000000
2 238 8.000000 8.000000 0.000000
2 239 11.000000 10.000000 0.090909
2 240 11.000000 11.000000 0.000000
2 241 9.000000 9.000000 0.000000
2 242 18.000000 13.000000 0.277778
2 243 14.000000 14.000000 0.000000
2 244 9.000000 9.000000 0.000000
2 245 10.000000 9.000000 0.100000
2 246 16.000000 14.000000 0.125000
2 247 15.000000 10.000000 0.333333
2 248 13.000000 10.000000 0.230769
2 249 12.000000 10.000000 0.166667
2 250 11.000000 10.000000 0.090909
2 251 15.000000 12.000000 0.200000
2 252 8.000000 7.000000 0.125000
2 253 13.000000 12.000000 0.076923
2 254 7.000000 7.000000 0.000000
2 255 11.000000 9.000000 0.181818
2 256 9.000000 9.000000 -0.000000
2 257 8.000000 7.000000 0.125000
2 258 8.000000 8.000000 0.000000
2 259 12.000000 11.000000 0.083333
2 260 7.000000 7.000000 0.000000
2 261 14.000000 14.000000 0.000000
2 262 9.000000 9.000000 0.000000
2 263 11.000000 10.000000 0.090909
2 264 8.000000 7.000000 0.125000
2 265 13.000000 12.000000 0.076923
2 266 17.000000 13.000000 0.235294
2 267 7.000000 7.000000 0.000000
2 268 12.000000 11.000000 0.083333
2 269 10.000000 10.000000 0.000000
2 270 18.000000 14.000000 0.222222
2 271 8.000000 7.000000 0.125000
2 272 17.000000 14.000000 0.176471
2 273 9.000000 8.000000 0.111111
2 274 9.000000 9.000000 0.000000
2 275 7.000000 7.000000 0.000000
2 276 12.000000 11.000000 0.083333
2 277 6.000000 6.000000 0.000000
2 278 16.000000 14.000000 0.125000
2 279 13.000000 12.000000 0.076923
2 280 12.000000 10.000000 0.166667
2 281 13.000000 9.000000 0.307692
2 282 15.000000 13.000000 0.133333
2 283 7.000000 7.000000 0.000000
2 284 18.000000 14.000000 0.222222
2 285 7.000000 7.000000 0.000000
2 286 10.000000 10.000000 0.000000
2 287 14.000000 11.000000 0.214286
2 288 12.000000 11.000000 0.083333
2 289 7.000000 7.000000 0.000000
2 290 12.000000 11.000000 0.083333
2 291 10.000000 10.000000 -0.000000
2 292 7.000000 7.000000 0.000000
2 293 9.000000 9.000000 0.000000
2 294 11.000000 11.000000 0.000000
2 295 12.000000 11.000000 0.083333
2 296 9.000000 8.000000 0.111111
2 297 6.000000 6.000000 0.000000
2 298 7.000000 7.000000 0.000000
2 299 10.000000 9.000000 0.100000
2 300 13.000000 12.000000 0.076923
2 301 11.000000 9.000000 0.181818
2 302 7.000000 7.000000 0.000000
2 303 10.000000 9.000000 0.100000
2 304 12.000000 10.000000 0.166667
2 305 8.000000 8.000000 0.000000
2 306 14.000000 12.000000 0.142857
2 307 9.000000 8.000000 0.111111
2 308 12.000000 12.000000 0.000000
2 309 15.000000 12.000000 0.200000
2 310 14.000000 12.000000 0.142857
2 311 14.000000 13.000000 0.071429
2 312 11.000000 11.000000 -0.000000
2 313 8.000000 8.000000 0.000000
2 314 8.000000 7.000000 0.125000
2 315 11.000000 9.000000 0.181818
2 316 9.000000 8.000000 0.111111
2 317 7.000000 7.000000 0.000000
2 318 13.000000 10.000000 0.230769
2 319 11.000000 9.000000 0.181818
2 320 9.000000 8.000000 0.111111
2 321 11.000000 10.000000 0.090909
2 322 9.000000 8.000000 0.111111
2 323 10.000000 8.000000 0.200000
2 324 7.000000 7.000000 0.000000
2 325 10.000000 10.000000 -0.000000
2 326 10.000000 10.000000 0.000000
2 327 9.000000 9.000000 0.000000
2 328 14.000000 11.000000 0.214286
2 329 10.000000 10.000000 -0.000000
2 330 14.000000 12.000000 0.142857
2 331 8.000000 7.000000 0.125000
2 332 10.000000 9.000000 0.100000
2 333 20.000000 15.000000 0.250000
2 334 12.000000 10.000000 0.166667
2 335 11.000000 9.000000 0.181818
2 336 16.000000 13.000000 0.187500
2 337 11.000000 9.000000 0.181818
2 338 12.000000 11.000000 0.083333
2 339 8.000000 8.000000 0.000000
2 340 15.000000 14.000000 0.066667
2 341 10.000000 9.000000 0.100000
2 342 14.000000 11.000000 0.214286
2 343 9.000000 9.000000 -0.000000
2 344 15.000000 12.000000 0.200000
2 345 7.000000 7.000000 0.000000
2 346 14.000000 12.000000 0.142857
2 347 13.000000 11.000000 0.153846
2 348 11.000000 10.000000 0.090909
2 349 8.000000 8.000000 0.000000
2 350 9.000000 8.000000 0.111111
2 351 10.000000 9.000000 0.100000
2 352 7.000000 7.000000 0.000000
2 353 11.000000 10.000000 0.090909
2 354 10.000000 9.000000 0.100000
2 355 16.000000 14.000000 0.125000
2 356 11.000000 11.000000 0.000000
2 357 12.000000 11.000000 0.083333
2 358 8.000000 8.000000 0.000000
2 359 11.000000 11.000000 0.000000
2 360 9.000000 9.000000 0.000000
2 361 10.000000 10.000000 -0.000000
2 362 15.000000 14.000000 0.066667
2 363 9.000000 9.000000 0.000000
2 364 12.000000 11.000000 0.083333
2 365 18.000000 16.000000 0.111111
2 366 8.000000 8.000000 0.000000
2 367 9.000000 8.000000 0.111111
2 368 14.000000 11.000000 0.214286
2 369 10.000000 10.000000 0.000000
2 370 12.000000 12.000000 0.000000
2 371 12.000000 12.000000 0.000000
2 372 10.000000 10.000000 -0.000000
2 373 12.000000 11.000000 0.083333
2 374 17.000000 17.000000 0.000000
2 375 7.000000 7.000000 0.000000
2 376 11.000000 9.000000 0.181818
2 377 12.000000 11.000000 0.083333
2 378 17.000000 15.000000 0.117647
2 379 11.000000 10.000000 0.090909
2 380 10.000000 9.000000 0.100000
2 381 9.000000 9.000000 -0.000000
2 382 12.000000 12.000000 0.000000
2 383 10.000000 9.000000 0.100000
2 384 11.000000 10.000000 0.090909
2 385 9.000000 9.000000 -0.000000
2 386 7.000000 7.000000 0.000000
2 387 11.000000 11.000000 0.000000
2 388 19.000000 15.000000 0.210526
2 389 7.000000 7.000000 0.000000
2 390 12.000000 11.000000 0.083333
2 391 10.000000 8.000000 0.200000
2 392 10.000000 9.000000 0.100000
2 393 9.000000 9.000000 0.000000
2 394 8.000000 7.000000 0.125000
2 395 12.000000 11.000000 0.083333
2 396 15.000000 13.000000 0.133333
2 397 18.000000 13.000000 0.277778
2 398 11.000000 10.000000 0.090909
2 399 11.000000 10.000000 0.090909
2 400 12.000000 10.000000 0.166667
3 1 28.000000 23.000000 0.178571
3 2 17.000000 16.000000 0.058824
3 3 14.000000 14.000000 0.000000
3 4 18.000000 18.000000 -0.000000
3 5 26.000000 19.000000 0.269231
3 6 13.000000 13.000000 0.000000
3 7 27.000000 22.000000 0.185185
3 8 16.000000 15.000000 0.062500
3 9 20.000000 19.000000 0.050000
3 10 26.000000 21.000000 0.192308
3 11 36.000000 30.000000 0.166667
3 12 25.000000 19.000000 0.240000
3 13 20.000000 17.000000 0.150000
3 14 17.000000 15.000000 0.117647
3 15 24.000000 21.000000 0.125000
3 16 9.000000 9.000000 -0.000000
3 17 30.000000 25.000000 0.166667
3 18 18.000000 16.000000 0.111111
3 19 19.000000 17.000000 0.105263
3 20 16.000000 16.000000 0.000000
3 21 33.000000 24.000000 0.272727
3 22 17.000000 16.000000 0.058824
3 23 17.000000 16.000000 0.058824
3 24 31.000000 26.000000 0.161290
3 25 21.000000 20.000000 0.047619
3 26 21.000000 17.000000 0.190476
3 27 25.000000 18.000000 0.280000
3 28 24.000000 20.000000 0.166667
3 29 16.000000 15.000000 0.062500
3 30 20.000000 18.000000 0.100000
3 31 30.000000 23.000000 0.233333
3 32 18.000000 15.000000 0.166667
3 33 21.000000 19.000000 0.095238
3 34 24.000000 20.000000 0.166667
3 35 14.000000 13.000000 0.071429
3 36 29.000000 24.000000 0.172414
3 37 24.000000 20.000000 0.166667
3 38 20.000000 16.000000 0.200000
3 39 14.000000 13.000000 0.071429
3 40 17.000000 15.000000 0.117647
3 41 22.000000 22.000000 -0.000000
3 42 19.000000 18.000000 0.052632
3 43 25.000000 24.000000 0.040000
3 44 23.000000 22.000000 0.043478
3 45 23.000000 19.000000 0.173913
3 46 27.000000 23.000000 0.148148
3 47 25.000000 22.000000 0.120000
3 48 22.000000 15.000000 0.318182
3 49 31.000000 27.000000 0.129032
3 50 33.000000 27.000000 0.181818
3 51 23.000000 21.000000 0.086957
3 52 17.000000 16.000000 0.058824
3 53 9.000000 9.000000 -0.000000
3 54 27.000000 23.000000 0.148148
3 55 23.000000 18.000000 0.217391
3 56 23.000000 21.000000 0.086957
3 57 17.000000 15.000000 0.117647
3 58 17.000000 15.000000 0.117647
3 59 25.000000 19.000000 0.240000
3 60 11.000000 10.000000 0.090909
3 61 19.000000 18.000000 0.052632
3 62 21.000000 17.000000 0.190476
3 63 15.000000 13.000000 0.133333
3 64 16.000000 14.000000 0.125000
3 65 24.000000 22.000000 0.083333
3 66 29.000000 22.000000 0.241379
3 67 11.000000 10.000000 0.090909
3 68 25.000000 23.000000 0.080000
3 69 18.000000 17.000000 0.055556
3 70 24.000000 19.000000 0.208333
3 71 9.000000 9.000000 0.000000
3 72 21.000000 20.000000 0.047619
3 73 17.000000 15.000000 0.117647
3 74 29.000000 24.000000 0.172414
3 75 20.000000 17.000000 0.150000
3 76 37.000000 32.000000 0.135135
3 77 19.000000 18.000000 0.052632
3 78 30.000000 27.000000 0.100000
3 79 19.000000 19.000000 -0.000000
3 80 19.000000 16.000000 0.157895
3 81 27.000000 25.000000 0.074074
3 82 22.000000 18.000000 0.181818
3 83 16.000000 16.000000 -0.000000
3 84 17.000000 14.000000 0.176471
3 85 16.000000 13.000000 0.187500
3 86 10.000000 10.000000 -0.000000
3 87 24.000000 22.000000 0.083333
3 88 13.000000 13.000000 0.000000
3 89 28.000000 24.000000 0.142857
3 90 21.000000 21.000000 -0.000000
3 91 23.000000 17.000000 0.260870
3 92 20.000000 19.000000 0.050000
3 93 28.000000 24.000000 0.142857
3 94 29.000000 25.000000 0.137931
3 95 8.000000 8.000000 0.000000
3 96 27.000000 20.000000 0.259259
3 97 31.000000 25.000000 0.193548
3 98 15.000000 12.000000 0.200000
3 99 25.000000 21.000000 0.160000
3 100 18.000000 16.000000 0.111111
3 101 20.000000 18.000000 0.100000
3 102 19.000000 18.000000 0.052632
3 103 20.000000 18.000000 0.100000
3 104 12.000000 10.000000 0.166667
3 105 16.000000 16.000000 0.000000
3 106 37.000000 26.000000 0.297297
3 107 23.000000 22.000000 0.043478
3 108 25.000000 22.000000 0.120000
3 109 24.000000 18.000000 0.250000
3 110 16.000000 14.000000 0.125000
3 111 23.000000 21.000000 0.086957
3 112 22.000000 18.000000 0.181818
3 113 22.000000 20.000000 0.090909
3 114 21.000000 19.000000 0.095238
3 115 18.000000 18.000000 0.000000
3 116 22.000000 17.000000 0.227273
3 117 15.000000 13.000000 0.133333
3 118 14.000000 12.000000 0.142857
3 119 25.000000 22.000000 0.120000
3 120 20.000000 15.000000 0.250000
3 121 26.000000 23.000000 0.115385
3 122 23.000000 22.000000 0.043478
3 123 24.000000 21.000000 0.125000
3 124 35.000000 28.000000 0.200000
3 125 18.000000 16.000000 0.111111
3 126 9.000000 9.000000 -0.000000
3 127 26.000000 23.000000 0.115385
3 128 20.000000 18.000000 0.100000
3 129 18.000000 17.000000 0.055556
3 130 18.000000 15.000000 0.166667
3 131 17.000000 13.000000 0.235294
3 132 8.000000 8.000000 0.000000
3 133 25.000000 19.000000 0.240000
3 134 35.000000 24.000000 0.314286
3 135 21.000000 19.000000 0.095238
3 136 22.000000 18.000000 0.181818
3 137 19.000000 19.000000 -0.000000
3 138 20.000000 17.000000 0.150000
3 139 25.000000 20.000000 0.200000
3 140 16.000000 14.000000 0.125000
3 141 15.000000 11.000000 0.266667
3 142 13.000000 12.000000 0.076923
3 143 8.000000 8.000000 0.000000
3 144 20.000000 17.000000 0.150000
3 145 22.000000 17.000000 0.227273
3 146 18.000000 16.000000 0.111111
3 147 23.000000 21.000000 0.086957
3 148 20.000000 15.000000 0.250000
3 149 23.000000 18.000000 0.217391
3 150 29.000000 22.000000 0.241379
3 151 25.000000 21.000000 0.160000
3 152 26.000000 22.000000 0.153846
3 153 28.000000 22.000000 0.214286
3 154 13.000000 13.000000 0.000000
3 155 16.000000 15.000000 0.062500
3 156 17.000000 17.000000 0.000000
3 157 19.000000 16.000000 0.157895
3 158 22.000000 17.000000 0.227273
3 159 23.000000 20.000000 0.130435
3 160 13.000000 13.000000 0.000000
3 161 14.000000 14.000000 0.000000
3 162 38.000000 32.000000 0.157895
3 163 34.000000 27.000000 0.205882
3 164 32.000000 23.000000 0.281250
3 165 15.000000 14.000000 0.066667
3 166 18.000000 17.000000 0.055556
3 167 39.000000 32.000000 0.179487
3 168 14.000000 13.000000 0.071429
3 169 21.000000 18.000000 0.142857
3 170 18.000000 15.000000 0.166667
3 171 23.000000 22.000000 0.043478
3 172 25.000000 21.000000 0.160000
3 173 13.000000 12.000000 0.076923
3 174 17.000000 17.000000 0.000000
3 175 18.000000 16.000000 0.111111
3 176 16.000000 15.000000 0.062500
3 177 16.000000 15.000000 0.062500
3 178 9.000000 9.000000 0.000000
3 179 13.000000 10.000000 0.230769
3 180 25.000000 22.000000 0.120000
3 181 17.000000 15.000000 0.117647
3 182 29.000000 27.000000 0.068966
3 183 32.000000 26.000000 0.187500
3 184 14.000000 13.000000 0.071429
3 185 19.000000 16.000000 0.157895
3 186 15.000000 14.000000 0.066667
3 187 18.000000 16.000000 0.111111
3 188 24.000000 21.000000 0.125000
3 189 29.000000 25.000000 0.137931
3 190 24.000000 22.000000 0.083333
3 191 34.000000 28.000000 0.176471
3 192 16.000000 16.000000 -0.000000
3 193 24.000000 24.000000 -0.000000
3 194 15.000000 14.000000 0.066667
3 195 13.000000 13.000000 -0.000000
3 196 17.000000 14.000000 0.176471
3 197 25.000000 23.000000 0.080000
3 198 21.000000 21.000000 -0.000000
3 199 10.000000 10.000000 0.000000
3 200 14.000000 11.000000 0.214286
3 201 23.000000 20.000000 0.130435
3 202 28.000000 23.000000 0.178571
3 203 29.000000 26.000000 0.103448
3 204 22.000000 17.000000 0.227273
3 205 18.000000 15.000000 0.166667
3 206 21.000000 19.000000 0.095238
3 207 19.000000 18.000000 0.052632
3 208 31.000000 23.000000 0.258065
3 209 11.000000 10.000000 0.090909
3 210 7.000000 7.000000 0.000000
3 211 28.000000 21.000000 0.250000
3 212 24.000000 19.000000 0.208333
3 213 18.000000 17.000000 0.055556
3 214 13.000000 11.000000 0.153846
3 215 26.000000 23.000000 0.115385
3 216 24.000000 20.000000 0.166667
3 217 30.000000 25.000000 0.166667
3 218 22.000000 21.000000 0.045455
3 219 15.000000 13.000000 0.133333
3 220 26.000000 18.000000 0.307692
3 221 21.000000 18.000000 0.142857
3 222 25.000000 23.000000 0.080000
3 223 17.000000 14.000000 0.176471
3 224 18.000000 18.000000 0.000000
3 225 17.000000 15.000000 0.117647
3 226 22.000000 20.000000 0.090909
3 227 23.000000 23.000000 -0.000000
3 228 22.000000 18.000000 0.181818
3 229 27.000000 25.000000 0.074074
3 230 20.000000 16.000000 0.200000
3 231 19.000000 17.000000 0.105263
3 232 18.000000 17.000000 0.055556
3 233 19.000000 18.000000 0.052632
3 234 18.000000 15.000000 0.166667
3 235 14.000000 14.000000 0.000000
3 236 12.000000 11.000000 0.083333
3 237 18.000000 16.000000 0.111111
3 238 26.000000 22.000000 0.153846
3 239 17.000000 13.000000 0.235294
3 240 34.000000 27.000000 0.205882
3 241 21.000000 20.000000 0.047619
3 242 11.000000 11.000000 0.000000
3 243 25.000000 20.000000 0.200000
3 244 22.000000 19.000000 0.136364
3 245 9.000000 9.000000 0.000000
3 246 24.000000 20.000000 0.166667
3 247 29.000000 26.000000 0.103448
3 248 18.000000 15.000000 0.166667
3 249 22.000000 17.000000 0.227273
3 250 17.000000 17.000000 -0.000000
3 251 17.000000 15.000000 0.117647
3 252 21.000000 19.000000 0.095238
3 253 20.000000 19.000000 0.050000
3 254 25.000000 24.000000 0.040000
3 255 22.000000 21.000000 0.045455
3 256 26.000000 21.000000 0.192308
3 257 27.000000 21.000000 0.222222
3 258 23.000000 20.000000 0.130435
3 259 29.000000 24.000000 0.172414
3 260 9.000000 9.000000 -0.000000
3 261 30.000000 25.000000 0.166667
3 262 38.000000 31.000000 0.184211
3 263 28.000000 21.000000 0.250000
3 264 14.000000 13.000000 0.071429
3 265 23.000000 18.000000 0.217391
3 266 20.000000 17.000000 0.150000
3 267 22.000000 18.000000 0.181818
3 268 24.000000 19.000000 0.208333
3 269 16.000000 16.000000 0.000000
3 270 16.000000 15.000000 0.062500
3 271 27.000000 22.000000 0.185185
3 272 23.000000 20.000000 0.130435
3 273 10.000000 10.000000 0.000000
3 274 19.000000 18.000000 0.052632
3 275 23.000000 20.000000 0.130435
3 276 13.000000 11.000000 0.153846
3 277 26.000000 23.000000 0.115385
3 278 23.000000 19.000000 0.173913
3 279 20.000000 18.000000 0.100000
3 280 24.000000 22.000000 0.083333
3 281 21.000000 16.000000 0.238095
3 282 29.000000 22.000000 0.241379
3 283 25.000000 22.000000 0.120000
3 284 22.000000 19.000000 0.136364
3 285 27.000000 24.000000 0.111111
3 286 21.000000 16.000000 0.238095
3 287 17.000000 15.000000 0.117647
3 288 19.000000 15.000000 0.210526
3 289 12.000000 12.000000 0.000000
3 290 10.000000 9.000000 0.100000
3 291 18.000000 16.000000 0.111111
3 292 20.000000 18.000000 0.100000
3 293 37.000000 31.000000 0.162162
3 294 17.000000 16.000000 0.058824
3 295 31.000000 26.000000 0.161290
3 296 22.000000 20.000000 0.090909
3 297 28.000000 23.000000 0.178571
3 298 21.000000 20.000000 0.047619
3 299 18.000000 16.000000 0.111111
3 300 26.000000 21.000000 0.192308
3 301 19.000000 19.000000 -0.000000
3 302 21.000000 19.000000 0.095238
3 303 20.000000 17.000000 0.150000
3 304 16.000000 14.000000 0.125000
3 305 32.000000 23.000000 0.281250
3 306 17.000000 16.000000 0.058824
3 307 25.000000 20.000000 0.200000
3 308 23.000000 20.000000 0.130435
3 309 31.000000 23.000000 0.258065
3 310 26.000000 23.000000 0.115385
3 311 15.000000 13.000000 0.133333
3 312 22.000000 18.000000 0.181818
3 313 28.000000 23.000000 0.178571
3 314 20.000000 17.000000 0.150000
3 315 30.000000 24.000000 0.200000
3 316 17.000000 13.000000 0.235294
3 317 17.000000 17.000000 -0.000000
3 318 24.000000 21.000000 0.125000
3 319 15.000000 14.000000 0.066667
3 320 18.000000 15.000000 0.166667
3 321 22.000000 22.000000 -0.000000
3 322 22.000000 19.000000 0.136364
3 323 25.000000 20.000000 0.200000
3 324 18.000000 18.000000 -0.000000
3 325 29.000000 27.000000 0.068966
3 326 13.000000 12.000000 0.076923
3 327 16.000000 15.000000 0.062500
3 328 15.000000 15.000000 0.000000
3 329 17.000000 16.000000 0.058824
3 330 25.000000 18.000000 0.280000
3 331 16.000000 15.000000 0.062500
3 332 30.000000 26.000000 0.133333
3 333 11.000000 10.000000 0.090909
3 334 32.000000 25.000000 0.218750
3 335 20.000000 20.000000 -0.000000
3 336 17.000000 15.000000 0.117647
3 337 23.000000 19.000000 0.173913
3 338 28.000000 24.000000 0.142857
3 339 21.000000 20.000000 0.047619
3 340 18.000000 16.000000 0.111111
3 341 18.000000 16.000000 0.111111
3 342 19.000000 17.000000 0.105263
3 343 20.000000 17.000000 0.150000
3 344 20.000000 18.000000 0.100000
3 345 26.000000 21.000000 0.192308
3 346 27.000000 23.000000 0.148148
3 347 25.000000 20.000000 0.200000
3 348 23.000000 19.000000 0.173913
3 349 28.000000 22.000000 0.214286
3 350 17.000000 16.000000 0.058824
3 351 16.000000 14.000000 0.125000
3 352 6.000000 6.000000 0.000000
3 353 21.000000 19.000000 0.095238
3 354 21.000000 16.000000 0.238095
3 355 28.000000 23.000000 0.178571
3 356 24.000000 22.000000 0.083333
3 357 22.000000 17.000000 0.227273
3 358 33.000000 30.000000 0.090909
3 359 39.000000 30.000000 0.230769
3 360 23.000000 20.000000 0.130435
3 361 11.000000 9.000000 0.181818
3 362 15.000000 14.000000 0.066667
3 363 24.000000 24.000000 -0.000000
3 364 35.000000 27.000000 0.228571
3 365 19.000000 19.000000 0.000000
3 366 24.000000 21.000000 0.125000
3 367 21.000000 19.000000 0.095238
3 368 36.000000 28.000000 0.222222
3 369 34.000000 26.000000 0.235294
3 370 13.000000 13.000000 0.000000
3 371 22.000000 19.000000 0.136364
3 372 20.000000 17.000000 0.150000
3 373 21.000000 20.000000 0.047619
3 374 16.000000 15.000000 0.062500
3 375 9.000000 9.000000 0.000000
3 376 18.000000 16.000000 0.111111
3 377 9.000000 9.000000 -0.000000
3 378 24.000000 21.000000 0.125000
3 379 23.000000 21.000000 0.086957
3 380 25.000000 20.000000 0.200000
3 381 16.000000 16.000000 0.000000
3 382 16.000000 14.000000 0.125000
3 383 30.000000 23.000000 0.233333
3 384 19.000000 16.000000 0.157895
3 385 16.000000 16.000000 -0.000000
3 386 19.000000 15.000000 0.210526
3 387 17.000000 14.000000 0.176471
3 388 22.000000 18.000000 0.181818
3 389 18.000000 14.000000 0.222222
3 390 27.000000 21.000000 0.222222
3 391 25.000000 22.000000 0.120000
3 392 24.000000 21.000000 0.125000
3 393 27.000000 22.000000 0.185185
3 394 21.000000 20.000000 0.047619
3 395 16.000000 13.000000 0.187500
3 396 18.000000 16.000000 0.111111
3 397 13.000000 12.000000 0.076923
3 398 29.000000 24.000000 0.172414
3 399 22.000000 18.000000 0.181818
3 400 12.000000 11.000000 0.083333
4 1 46.000000 40.000000 0.130435
4 2 51.000000 42.000000 0.176471
4 3 43.000000 36.000000 0.162791
4 4 42.000000 38.000000 0.095238
4 5 51.000000 41.000000 0.196078
4 6 50.000000 47.000000 0.060000
4 7 49.000000 38.000000 0.224490
4 8 23.000000 21.000000 0.086957
4 9 35.000000 27.000000 0.228571
4 10 56.000000 44.000000 0.214286
4 11 49.000000 39.000000 0.204082
4 12 57.000000 49.000000 0.140351
4 13 25.000000 21.000000 0.160000
4 14 35.000000 27.000000 0.228571
4 15 36.000000 32.000000 0.111111
4 16 34.000000 33.000000 0.029412
4 17 26.000000 22.000000 0.153846
4 18 54.000000 43.000000 0.203704
4 19 23.000000 19.000000 0.173913
4 20 29.000000 23.000000 0.206897
4 21 40.000000 32.000000 0.200000
4 22 38.000000 34.000000 0.105263
4 23 31.000000 24.000000 0.225806
4 24 58.000000 47.000000 0.189655
4 25 42.000000 35.000000 0.166667
4 26 42.000000 38.000000 0.095238
4 27 36.000000 30.000000 0.166667
4 28 25.000000 20.000000 0.200000
4 29 32.000000 30.000000 0.062500
4 30 60.000000 54.000000 0.100000
4 31 37.000000 33.000000 0.108108
4 32 52.000000 43.000000 0.173077
4 33 57.000000 51.000000 0.105263
4 34 27.000000 20.000000 0.259259
4 35 39.000000 34.000000 0.128205
4 36 40.000000 34.000000 0.150000
4 37 36.000000 35.000000 0.027778
4 38 32.000000 25.000000 0.218750
4 39 58.000000 49.000000 0.155172
4 40 51.000000 46.000000 0.098039
4 41 36.000000 31.000000 0.138889
4 42 39.000000 34.000000 0.128205
4 43 39.000000 35.000000 0.102564
4 44 49.000000 40.000000 0.183673
4 45 40.000000 33.000000 0.175000
4 46 28.000000 27.000000 0.035714
4 47 29.000000 26.000000 0.103448
4 48 76.000000 62.000000 0.184211
4 49 33.000000 28.000000 0.151515
4 50 68.000000 48.000000 0.294118
4 51 45.000000 35.000000 0.222222
4 52 24.000000 22.000000 0.083333
4 53 44.000000 36.000000 0.181818
4 54 53.000000 47.000000 0.113208
4 55 47.000000 36.000000 0.234043
4 56 39.000000 33.000000 0.153846
4 57 46.000000 41.000000 0.108696
4 58 62.000000 45.000000 0.274194
4 59 38.000000 32.000000 0.157895
4 60 24.000000 21.000000 0.125000
4 61 29.000000 26.000000 0.103448
4 62 34.000000 31.000000 0.088235
4 63 50.000000 44.000000 0.120000
4 64 51.000000 47.000000 0.078431
4 65 35.000000 30.000000 0.142857
4 66 15.000000 15.000000 0.000000
4 67 38.000000 35.000000 0.078947
4 68 48.000000 43.000000 0.104167
4 69 36.000000 34.000000 0.055556
4 70 49.000000 42.000000 0.142857
4 71 32.000000 28.000000 0.125000
4 72 38.000000 31.000000 0.184211
4 73 52.000000 41.000000 0.211538
4 74 60.000000 47.000000 0.216667
4 75 56.000000 45.000000 0.196429
4 76 37.000000 30.000000 0.189189
4 77 42.000000 34.000000 0.190476
4 78 35.000000 29.000000 0.171429
4 79 35.000000 30.000000 0.142857
4 80 24.000000 20.000000 0.166667
4 81 35.000000 32.000000 0.085714
4 82 40.000000 34.000000 0.150000
4 83 34.000000 26.000000 0.235294
4 84 49.000000 41.000000 0.163265
4 85 50.000000 44.000000 0.120000
4 86 40.000000 33.000000 0.175000
4 87 72.000000 58.000000 0.194444
4 88 38.000000 35.000000 0.078947
4 89 31.000000 29.000000 0.064516
4 90 48.000000 39.000000 0.187500
4 91 55.000000 47.000000 0.145455
4 92 24.000000 22.000000 0.083333
4 93 35.000000 30.000000 0.142857
4 94 59.000000 52.000000 0.118644
4 95 52.000000 42.000000 0.192308
4 96 35.000000 27.000000 0.228571
4 97 59.000000 52.000000 0.118644
4 98 32.000000 25.000000 0.218750
4 99 35.000000 32.000000 0.085714
4 100 45.000000 40.000000 0.111111
4 101 36.000000 34.000000 0.055556
4 102 27.000000 24.000000 0.111111
4 103 36.000000 35.000000 0.027778
4 104 55.000000 47.000000 0.145455
4 105 23.000000 20.000000 0.130435
4 106 18.000000 18.000000 0.000000
4 107 60.000000 51.000000 0.150000
4 108 37.000000 32.000000 0.135135
4 109 52.000000 40.000000 0.230769
4 110 57.000000 53.000000 0.070175
4 111 37.000000 33.000000 0.108108
4 112 49.000000 42.000000 0.142857
4 113 21.000000 21.000000 -0.000000
4 114 37.000000 34.000000 0.081081
4 115 37.000000 31.000000 0.162162
4 116 43.000000 35.000000 0.186047
4 117 44.000000 36.000000 0.181818
4 118 30.000000 24.000000 0.200000
4 119 62.000000 48.000000 0.225806
4 120 30.000000 28.000000 0.066667
4 121 50.000000 39.000000 0.220000
4 122 41.000000 37.000000 0.097561
4 123 44.000000 35.000000 0.204545
4 124 36.000000 34.000000 0.055556
4 125 49.000000 45.000000 0.081633
4 126 26.000000 25.000000 0.038462
4 127 44.000000 39.000000 0.113636
4 128 54.000000 43.000000 0.203704
4 129 51.000000 46.000000 0.098039
4 130 64.000000 51.000000 0.203125
4 131 41.000000 36.000000 0.121951
4 132 23.000000 21.000000 0.086957
4 133 63.000000 55.000000 0.126984
4 134 36.000000 32.000000 0.111111
4 135 39.000000 37.000000 0.051282
4 136 41.000000 37.000000 0.097561
4 137 46.000000 41.000000 0.108696
4 138 39.000000 38.000000 0.025641
4 139 42.000000 35.000000 0.166667
4 140 45.000000 36.000000 0.200000
4 141 48.000000 37.000000 0.229167
4 142 34.000000 32.000000 0.058824
4 143 42.000000 37.000000 0.119048
4 144 34.000000 31.000000 0.088235
4 145 36.000000 31.000000 0.138889
4 146 31.000000 26.000000 0.161290
4 147 39.000000 34.000000 0.128205
4 148 26.000000 22.000000 0.153846
4 149 47.000000 41.000000 0.127660
4 150 47.000000 44.000000 0.063830
4 151 56.000000 43.000000 0.232143
4 152 50.000000 44.000000 0.120000
4 153 56.000000 46.000000 0.178571
4 154 52.000000 44.000000 0.153846
4 155 31.000000 28.000000 0.096774
4 156 29.000000 23.000000 0.206897
4 157 49.000000 39.000000 0.204082
4 158 44.000000 35.000000 0.204545
4 159 26.000000 23.000000 0.115385
4 160 52.000000 44.000000 0.153846
4 161 19.000000 18.000000 0.052632
4 162 52.000000 41.000000 0.211538
4 163 33.000000 28.000000 0.151515
4 164 37.000000 33.000000 0.108108
4 165 35.000000 34.000000 0.028571
4 166 49.000000 40.000000 0.183673
4 167 25.000000 25.000000 -0.000000
4 168 61.000000 51.000000 0.163934
4 169 53.000000 43.000000 0.188679
4 170 52.000000 48.000000 0.076923
4 171 42.000000 37.000000 0.119048
4 172 18.000000 17.000000 0.055556
4 173 43.000000 40.000000 0.069767
4 174 27.000000 25.000000 0.074074
4 175 53.000000 45.000000 0.150943
4 176 39.000000 28.000000 0.282051
4 177 28.000000 25.000000 0.107143
4 178 56.000000 47.000000 0.160714
4 179 34.000000 31.000000 0.088235
4 180 49.000000 40.000000 0.183673
4 181 57.000000 48.000000 0.157895
4 182 45.000000 40.000000 0.111111
4 183 37.000000 34.000000 0.081081
4 184 56.000000 45.000000 0.196429
4 185 35.000000 30.000000 0.142857
4 186 37.000000 35.000000 0.054054
4 187 30.000000 28.000000 0.066667
4 188 48.000000 37.000000 0.229167
4 189 37.000000 35.000000 0.054054
4 190 23.000000 21.000000 0.086957
4 191 40.000000 34.000000 0.150000
4 192 23.000000 23.000000 -0.000000
4 193 45.000000 36.000000 0.200000
4 194 37.000000 28.000000 0.243243
4 195 40.000000 36.000000 0.100000
4 196 48.000000 44.000000 0.083333
4 197 38.000000 34.000000 0.105263
4 198 63.000000 51.000000 0.190476
4 199 55.000000 42.000000 0.236364
4 200 42.000000 36.000000 0.142857
4 201 63.000000 56.000000 0.111111
4 202 44.000000 38.000000 0.136364
4 203 32.000000 28.000000 0.125000
4 204 54.000000 45.000000 0.166667
4 205 64.000000 54.000000 0.156250
4 206 31.000000 27.000000 0.129032
4 207 72.000000 62.000000 0.138889
4 208 39.000000 37.000000 0.051282
4 209 30.000000 27.000000 0.100000
4 210 46.000000 39.000000 0.152174
4 211 25.000000 24.000000 0.040000
4 212 27.000000 24.000000 0.111111
4 213 42.000000 38.000000 0.095238
4 214 38.000000 32.000000 0.157895
4 215 62.000000 45.000000 0.274194
4 216 42.000000 35.000000 0.166667
4 217 39.000000 38.000000 0.025641
4 218 29.000000 28.000000 0.034483
4 219 52.000000 41.000000 0.211538
4 220 67.000000 54.000000 0.194030
4 221 60.000000 53.000000 0.116667
4 222 52.000000 42.000000 0.192308
4 223 31.000000 29.000000 0.064516
4 224 33.000000 28.000000 0.151515
4 225 57.000000 42.000000 0.263158
4 226 47.000000 40.000000 0.148936
4 227 51.000000 43.000000 0.156863
4 228 54.000000 44.000000 0.185185
4 229 36.000000 33.000000 0.083333
4 230 43.000000 37.000000 0.139535
4 231 31.000000 29.000000 0.064516
4 232 33.000000 27.000000 0.181818
4 233 45.000000 40.000000 0.111111
4 234 47.000000 40.000000 0.148936
4 235 33.000000 28.000000 0.151515
4 236 26.000000 24.000000 0.076923
4 237 27.000000 25.000000 0.074074
4 238 47.000000 37.000000 0.212766
4 239 45.000000 37.000000 0.177778
4 240 42.000000 38.000000 0.095238
4 241 37.000000 32.000000 0.135135
4 242 40.000000 33.000000 0.175000
4 243 33.000000 29.000000 0.121212
4 244 45.000000 41.000000 0.088889
4 245 22.000000 21.000000 0.045455
4 246 31.000000 28.000000 0.096774
4 247 53.000000 46.000000 0.132075
4 248 53.000000 50.000000 0.056604
4 249 52.000000 41.000000 0.211538
4 250 47.000000 44.000000 0.063830
4 251 52.000000 46.000000 0.115385
4 252 22.000000 20.000000 0.090909
4 253 35.000000 29.000000 0.171429
4 254 49.000000 39.000000 0.204082
4 255 42.000000 35.000000 0.166667
4 256 33.000000 28.000000 0.151515
4 257 20.000000 20.000000 -0.000000
4 258 44.000000 38.000000 0.136364
4 259 41.000000 38.000000 0.073171
4 260 45.000000 40.000000 0.111111
4 261 29.000000 25.000000 0.137931
4 262 51.000000 46.000000 0.098039
4 263 32.000000 29.000000 0.093750
4 264 30.000000 28.000000 0.066667
4 265 29.000000 29.000000 -0.000000
4 266 27.000000 24.000000 0.111111
4 267 59.000000 49.000000 0.169492
4 268 89.000000 75.000000 0.157303
4 269 47.000000 41.000000 0.127660
4 270 39.000000 35.000000 0.102564
4 271 53.000000 38.000000 0.283019
4 272 37.000000 30.000000 0.189189
4 273 42.000000 36.000000 0.142857
4 274 51.000000 42.000000 0.176471
4 275 45.000000 37.000000 0.177778
4 276 36.000000 30.000000 0.166667
4 277 20.000000 20.000000 -0.000000
4 278 39.000000 34.000000 0.128205
4 279 46.000000 40.000000 0.130435
4 280 34.000000 29.000000 0.147059
4 281 27.000000 22.000000 0.185185
4 282 38.000000 36.000000 0.052632
4 283 41.000000 35.000000 0.146341
4 284 49.000000 40.000000 0.183673
4 285 29.000000 26.000000 0.103448
4 286 54.000000 43.000000 0.203704
4 287 25.000000 24.000000 0.040000
4 288 42.000000 34.000000 0.190476
4 289 62.000000 49.000000 0.209677
4 290 52.000000 42.000000 0.192308
4 291 37.000000 30.000000 0.189189
4 292 43.000000 39.000000 0.093023
4 293 61.000000 51.000000 0.163934
4 294 62.000000 56.000000 0.096774
4 295 32.000000 27.000000 0.156250
4 296 28.000000 25.000000 0.107143
4 297 56.000000 47.000000 0.160714
4 298 42.000000 36.000000 0.142857
4 299 30.000000 28.000000 0.066667
4 300 30.000000 26.000000 0.133333
4 301 45.000000 39.000000 0.133333
4 302 25.000000 24.000000 0.040000
4 303 33.000000 29.000000 0.121212
4 304 47.000000 42.000000 0.106383
4 305 53.000000 49.000000 0.075472
4 306 57.000000 45.000000 0.210526
4 307 30.000000 27.000000 0.100000
4 308 65.000000 53.000000 0.184615
4 309 45.000000 36.000000 0.200000
4 310 30.000000 25.000000 0.166667
4 311 56.000000 46.000000 0.178571
4 312 25.000000 24.000000 0.040000
4 313 64.000000 53.000000 0.171875
4 314 61.000000 54.000000 0.114754
4 315 33.000000 28.000000 0.151515
4 316 24.000000 22.000000 0.083333
4 317 60.000000 53.000000 0.116667
4 318 49.000000 46.000000 0.061224
4 319 28.000000 25.000000 0.107143
4 320 36.000000 29.000000 0.194444
4 321 45.000000 36.000000 0.200000
4 322 32.000000 29.000000 0.093750
4 323 66.000000 52.000000 0.212121
4 324 60.000000 49.000000 0.183333
4 325 31.000000 27.000000 0.129032
4 326 29.000000 26.000000 0.103448
4 327 60.000000 49.000000 0.183333
4 328 42.000000 34.000000 0.190476
4 329 56.000000 47.000000 0.160714
4 330 28.000000 27.000000 0.035714
4 331 37.000000 32.000000 0.135135
4 332 37.000000 32.000000 0.135135
4 333 41.000000 36.000000 0.121951
4 334 59.000000 51.000000 0.135593
4 335 46.000000 40.000000 0.130435
4 336 36.000000 36.000000 0.000000
4 337 66.000000 51.000000 0.227273
4 338 31.000000 27.000000 0.129032
4 339 36.000000 31.000000 0.138889
4 340 53.000000 45.000000 0.150943
4 341 35.000000 30.000000 0.142857
4 342 64.000000 54.000000 0.156250
4 343 51.000000 46.000000 0.098039
4 344 36.000000 32.000000 0.111111
4 345 47.000000 38.000000 0.191489
4 346 35.000000 32.000000 0.085714
4 347 50.000000 44.000000 0.120000
4 348 26.000000 25.000000 0.038462
4 349 40.000000 33.000000 0.175000
4 350 31.000000 27.000000 0.129032
4 351 53.000000 41.000000 0.226415
4 352 66.000000 53.000000 0.196970
4 353 55.000000 49.000000 0.109091
4 354 47.000000 35.000000 0.255319
4 355 44.000000 35.000000 0.204545
4 356 40.000000 38.000000 0.050000
4 357 40.000000 38.000000 0.050000
4 358 44.000000 37.000000 0.159091
4 359 38.000000 31.000000 0.184211
4 360 19.000000 19.000000 0.000000
4 361 46.000000 44.000000 0.043478
4 362 28.000000 28.000000 -0.000000
4 363 53.000000 42.000000 0.207547
4 364 33.000000 28.000000 0.151515
4 365 60.000000 46.000000 0.233333
4 366 62.000000 54.000000 0.129032
4 367 49.000000 43.000000 0.122449
4 368 38.000000 36.000000 0.052632
4 369 49.000000 39.000000 0.204082
4 370 56.000000 47.000000 0.160714
4 371 46.000000 41.000000 0.108696
4 372 39.000000 35.000000 0.102564
4 373 40.000000 38.000000 0.050000
4 374 24.000000 19.000000 0.208333
4 375 49.000000 38.000000 0.224490
4 376 41.000000 40.000000 0.024390
4 377 47.000000 40.000000 0.148936
4 378 41.000000 33.000000 0.195122
4 379 35.000000 32.000000 0.085714
4 380 44.000000 38.000000 0.136364
4 381 38.000000 29.000000 0.236842
4 382 40.000000 33.000000 0.175000
4 383 55.000000 45.000000 0.181818
4 384 33.000000 30.000000 0.090909
4 385 33.000000 29.000000 0.121212
4 386 45.000000 38.000000 0.155556
4 387 42.000000 36.000000 0.142857
4 388 68.000000 60.000000 0.117647
4 389 39.000000 33.000000 0.153846
4 390 30.000000 26.000000 0.133333
4 391 42.000000 38.000000 0.095238
4 392 65.000000 52.000000 0.200000
4 393 38.000000 36.000000 0.052632
4 394 42.000000 34.000000 0.190476
4 395 45.000000 37.000000 0.177778
4 396 60.000000 50.000000 0.166667
4 397 28.000000 26.000000 0.071429
4 398 35.000000 28.000000 0.200000
4 399 61.000000 49.000000 0.196721
4 400 30.000000 26.000000 0.133333
5 1 110.000000 91.000000 0.172727
5 2 74.000000 63.000000 0.148649
5 3 67.000000 55.000000 0.179104
5 4 91.000000 79.000000 0.131868
5 5 42.000000 42.000000 0.000000
5 6 79.000000 65.000000 0.177215
5 7 108.000000 91.000000 0.157407
5 8 72.000000 62.000000 0.138889
5 9 53.000000 48.000000 0.094340
5 10 115.000000 92.000000 0.200000
5 11 63.000000 55.000000 0.126984
5 12 94.000000 76.000000 0.191489
5 13 94.000000 75.000000 0.202128
5 14 118.000000 100.000000 0.152542
5 15 67.000000 61.000000 0.089552
5 16 74.000000 58.000000 0.216216
5 17 84.000000 72.000000 0.142857
5 18 75.000000 65.000000 0.133333
5 19 80.000000 67.000000 0.162500
5 20 120.000000 97.000000 0.191667
5 21 55.000000 47.000000 0.145455
5 22 74.000000 67.000000 0.094595
5 23 100.000000 79.000000 0.210000
5 24 143.000000 107.000000 0.251748
5 25 83.000000 70.000000 0.156627
5 26 95.000000 88.000000 0.073684
5 27 83.000000 68.000000 0.180723
5 28 86.000000 73.000000 0.151163
5 29 128.000000 103.000000 0.195312
5 30 86.000000 71.000000 0.174419
5 31 97.000000 90.000000 0.072165
5 32 147.000000 115.000000 0.217687
5 33 105.000000 95.000000 0.095238
5 34 92.000000 77.000000 0.163043
5 35 125.000000 110.000000 0.120000
5 36 74.000000 67.000000 0.094595
5 37 113.000000 96.000000 0.150442
5 38 87.000000 78.000000 0.103448
5 39 70.000000 59.000000 0.157143
5 40 80.000000 67.000000 0.162500
5 41 62.000000 51.000000 0.177419
5 42 65.000000 60.000000 0.076923
5 43 133.000000 111.000000 0.165414
5 44 110.000000 91.000000 0.172727
5 45 56.000000 54.000000 0.035714
5 46 131.000000 105.000000 0.198473
5 47 90.000000 81.000000 0.100000
5 48 80.000000 74.000000 0.075000
5 49 84.000000 72.000000 0.142857
5 50 119.000000 106.000000 0.109244
5 51 104.000000 86.000000 0.173077
5 52 117.000000 100.000000 0.145299
5 53 123.000000 102.000000 0.170732
5 54 75.000000 64.000000 0.146667
5 55 50.000000 43.000000 0.140000
5 56 125.000000 103.000000 0.176000
5 57 107.000000 92.000000 0.140187
5 58 72.000000 64.000000 0.111111
5 59 99.000000 85.000000 0.141414
5 60 81.000000 64.000000 0.209877
5 61 121.000000 104.000000 0.140496
5 62 69.000000 57.000000 0.173913
5 63 105.000000 83.000000 0.209524
5 64 106.000000 92.000000 0.132075
5 65 75.000000 60.000000 0.200000
5 66 117.000000 94.000000 0.196581
5 67 94.000000 82.000000 0.127660
5 68 143.000000 114.000000 0.202797
5 69 52.000000 44.000000 0.153846
5 70 111.000000 92.000000 0.171171
5 71 80.000000 73.000000 0.087500
5 72 78.000000 64.000000 0.179487
5 73 105.000000 90.000000 0.142857
5 74 69.000000 60.000000 0.130435
5 75 74.000000 62.000000 0.162162
5 76 104.000000 80.000000 0.230769
5 77 106.000000 91.000000 0.141509
5 78 81.000000 68.000000 0.160494
5 79 85.000000 75.000000 0.117647
5 80 108.000000 90.000000 0.166667
5 81 76.000000 64.000000 0.157895
5 82 57.000000 53.000000 0.070175
5 83 112.000000 93.000000 0.169643
5 84 108.000000 82.000000 0.240741
5 85 70.000000 59.000000 0.157143
5 86 95.000000 82.000000 0.136842
5 87 69.000000 66.000000 0.043478
5 88 97.000000 87.000000 0.103093
5 89 42.000000 34.000000 0.190476
5 90 65.000000 52.000000 0.200000
5 91 88.000000 76.000000 0.136364
5 92 60.000000 54.000000 0.100000
5 93 75.000000 63.000000 0.160000
5 94 49.000000 44.000000 0.102041
5 95 82.000000 71.000000 0.134146
5 96 145.000000 123.000000 0.151724
5 97 88.000000 84.000000 0.045455
5 98 106.000000 92.000000 0.132075
5 99 102.000000 91.000000 0.107843
5 100 143.000000 105.000000 0.265734
5 101 74.000000 66.000000 0.108108
5 102 110.000000 98.000000 0.109091
5 103 151.000000 123.000000 0.185430
5 104 81.000000 68.000000 0.160494
5 105 92.000000 76.000000 0.173913
5 106 99.000000 89.000000 0.101010
5 107 91.000000 76.000000 0.164835
5 108 86.000000 71.000000 0.174419
5 109 86.000000 76.000000 0.116279
5 110 115.000000 105.000000 0.086957
5 111 74.000000 65.000000 0.121622
5 112 72.000000 66.000000 0.083333
5 113 97.000000 83.000000 0.144330
5 114 96.000000 84.000000 0.125000
5 115 126.000000 101.000000 0.198413
5 116 105.000000 92.000000 0.123810
5 117 125.000000 106.000000 0.152000
5 118 83.000000 74.000000 0.108434
5 119 132.000000 113.000000 0.143939
5 120 64.000000 54.000000 0.156250
5 121 92.000000 71.000000 0.228261
5 122 71.000000 53.000000 0.253521
5 123 80.000000 65.000000 0.187500
5 124 77.000000 65.000000 0.155844
5 125 116.000000 92.000000 0.206897
5 126 89.000000 74.000000 0.168539
5 127 91.000000 73.000000 0.197802
5 128 98.000000 80.000000 0.183673
5 129 56.000000 56.000000 0.000000
5 130 63.000000 51.000000 0.190476
5 131 76.000000 72.000000 0.052632
5 132 116.000000 98.000000 0.155172
5 133 100.000000 90.000000 0.100000
5 134 108.000000 93.000000 0.138889
5 135 78.000000 68.000000 0.128205
5 136 67.000000 61.000000 0.089552
5 137 103.000000 86.000000 0.165049
5 138 68.000000 59.000000 0.132353
5 139 161.000000 127.000000 0.211180
5 140 53.000000 42.000000 0.207547
5 141 139.000000 120.000000 0.136691
5 142 72.000000 61.000000 0.152778
5 143 54.000000 50.000000 0.074074
5 144 108.000000 90.000000 0.166667
5 145 110.000000 80.000000 0.272727
5 146 59.000000 56.000000 0.050847
5 147 65.000000 49.000000 0.246154
5 148 111.000000 90.000000 0.189189
5 149 83.000000 75.000000 0.096386
5 150 78.000000 64.000000 0.179487
5 151 77.000000 69.000000 0.103896
5 152 91.000000 74.000000 0.186813
5 153 71.000000 62.000000 0.126761
5 154 93.000000 83.000000 0.107527
5 155 102.000000 90.000000 0.117647
5 156 51.000000 51.000000 0.000000
5 157 71.000000 63.000000 0.112676
5 158 92.000000 79.000000 0.141304
5 159 89.000000 74.000000 0.168539
5 160 74.000000 68.000000 0.081081
5 161 77.000000 70.000000 0.090909
5 162 85.000000 72.000000 0.152941
5 163 77.000000 68.000000 0.116883
5 164 66.000000 57.000000 0.136364
5 165 89.000000 73.000000 0.179775
5 166 103.000000 81.000000 0.213592
5 167 92.000000 82.000000 0.108696
5 168 51.000000 39.000000 0.235294
5 169 55.000000 49.000000 0.109091
5 170 136.000000 110.000000 0.191176
5 171 110.000000 90.000000 0.181818
5 172 74.000000 65.000000 0.121622
5 173 123.000000 110.000000 0.105691
5 174 113.000000 99.000000 0.123894
5 175 75.000000 66.000000 0.120000
5 176 107.000000 99.000000 0.074766
5 177 92.000000 76.000000 0.173913
5 178 93.000000 90.000000 0.032258
5 179 73.000000 68.000000 0.068493
5 180 42.000000 37.000000 0.119048
5 181 99.000000 81.000000 0.181818
5 182 57.000000 54.000000 0.052632
5 183 125.000000 111.000000 0.112000
5 184 93.000000 77.000000 0.172043
5 185 64.000000 58.000000 0.093750
5 186 103.000000 89.000000 0.135922
5 187 89.000000 72.000000 0.191011
5 188 143.000000 136.000000 0.048951
5 189 60.000000 48.000000 0.200000
5 190 90.000000 84.000000 0.066667
5 191 71.000000 60.000000 0.154930
5 192 57.000000 52.000000 0.087719
5 193 54.000000 43.000000 0.203704
5 194 83.000000 71.000000 0.144578
5 195 93.000000 74.000000 0.204301
5 196 62.000000 56.000000 0.096774
5 197 122.000000 105.000000 0.139344
5 198 107.000000 85.000000 0.205607
5 199 84.000000 72.000000 0.142857
5 200 87.000000 77.000000 0.114943
5 201 129.000000 93.000000 0.279070
5 202 101.000000 84.000000 0.168317
5 203 143.000000 114.000000 0.202797
5 204 69.000000 64.000000 0.072464
5 205 64.000000 55.000000 0.140625
5 206 55.000000 49.000000 0.109091
5 207 89.000000 78.000000 0.123596
5 208 59.000000 55.000000 0.067797
5 209 94.000000 85.000000 0.095745
5 210 83.000000 71.000000 0.144578
5 211 89.000000 66.000000 0.258427
5 212 49.000000 47.000000 0.040816
5 213 141.000000 115.000000 0.184397
5 214 74.000000 68.000000 0.081081
5 215 66.000000 59.000000 0.106061
5 216 96.000000 84.000000 0.125000
5 217 143.000000 121.000000 0.153846
5 218 88.000000 72.000000 0.181818
5 219 68.000000 59.000000 0.132353
5 220 88.000000 64.000000 0.272727
5 221 80.000000 72.000000 0.100000
5 222 92.000000 80.000000 0.130435
5 223 87.000000 69.000000 0.206897
5 224 89.000000 72.000000 0.191011
5 225 136.000000 111.000000 0.183824
5 226 91.000000 84.000000 0.076923
5 227 97.000000 81.000000 0.164948
5 228 78.000000 64.000000 0.179487
5 229 104.000000 94.000000 0.096154
5 230 107.000000 88.000000 0.177570
5 231 109.000000 94.000000 0.137615
5 232 88.000000 78.000000 0.113636
5 233 127.000000 104.000000 0.181102
5 234 175.000000 143.000000 0.182857
5 235 85.000000 80.000000 0.058824
5 236 42.000000 37.000000 0.119048
5 237 116.000000 96.000000 0.172414
5 238 134.000000 121.000000 0.097015
5 239 66.000000 56.000000 0.151515
5 240 124.000000 99.000000 0.201613
5 241 56.000000 51.000000 0.089286
5 242 46.000000 42.000000 0.086957
5 243 145.000000 113.000000 0.220690
5 244 119.000000 107.000000 0.100840
5 245 90.000000 75.000000 0.166667
5 246 89.000000 76.000000 0.146067
5 247 108.000000 86.000000 0.203704
5 248 67.000000 58.000000 0.134328
5 249 100.000000 83.000000 0.170000
5 250 100.000000 77.000000 0.230000
5 251 114.000000 94.000000 0.175439
5 252 126.000000 99.000000 0.214286
5 253 75.000000 67.000000 0.106667
5 254 87.000000 73.000000 0.160920
5 255 86.000000 68.000000 0.209302
5 256 121.000000 101.000000 0.165289
5 257 99.000000 91.000000 0.080808
5 258 94.000000 82.000000 0.127660
5 259 70.000000 66.000000 0.057143
5 260 68.000000 62.000000 0.088235
5 261 89.000000 75.000000 0.157303
5 262 79.000000 70.000000 0.113924
5 263 83.000000 68.000000 0.180723
5 264 40.000000 33.000000 0.175000
5 265 95.000000 85.000000 0.105263
5 266 68.000000 61.000000 0.102941
5 267 83.000000 75.000000 0.096386
5 268 85.000000 79.000000 0.070588
5 269 130.000000 95.000000 0.269231
5 270 111.000000 99.000000 0.108108
5 271 72.000000 61.000000 0.152778
5 272 93.000000 81.000000 0.129032
5 273 45.000000 42.000000 0.066667
5 274 80.000000 68.000000 0.150000
5 275 80.000000 69.000000 0.137500
5 276 84.000000 69.000000 0.178571
5 277 103.000000 92.000000 0.106796
5 278 72.000000 59.000000 0.180556
5 279 126.000000 105.000000 0.166667
5 280 116.000000 103.000000 0.112069
5 281 110.000000 89.000000 0.190909
5 282 135.000000 110.000000 0.185185
5 283 79.000000 70.000000 0.113924
5 284 89.000000 76.000000 0.146067
5 285 94.000000 76.000000 0.191489
5 286 81.000000 73.000000 0.098765
5 287 134.000000 103.000000 0.231343
5 288 73.000000 63.000000 0.136986
5 289 91.000000 75.000000 0.175824
5 290 53.000000 47.000000 0.113208
5 291 102.000000 76.000000 0.254902
5 292 136.000000 117.000000 0.139706
5 293 105.000000 93.000000 0.114286
5 294 72.000000 59.000000 0.180556
5 295 111.000000 92.000000 0.171171
5 296 110.000000 89.000000 0.190909
5 297 57.000000 49.000000 0.140351
5 298 85.000000 73.000000 0.141176
5 299 90.000000 83.000000 0.077778
5 300 96.000000 79.000000 0.177083
5 301 132.000000 110.000000 0.166667
5 302 102.000000 81.000000 0.205882
5 303 46.000000 37.000000 0.195652
5 304 79.000000 68.000000 0.139241
5 305 90.000000 73.000000 0.188889
5 306 80.000000 67.000000 0.162500
5 307 140.000000 117.000000 0.164286
5 308 58.000000 50.000000 0.137931
5 309 109.000000 89.000000 0.183486
5 310 101.000000 83.000000 0.178218
5 311 94.000000 81.000000 0.138298
5 312 109.000000 98.000000 0.100917
5 313 112.000000 97.000000 0.133929
5 314 55.000000 47.000000 0.145455
5 315 103.000000 90.000000 0.126214
5 316 78.000000 68.000000 0.128205
5 317 70.000000 58.000000 0.171429
5 318 88.000000 78.000000 0.113636
5 319 95.000000 83.000000 0.126316
5 320 86.000000 77.000000 0.104651
5 321 148.000000 113.000000 0.236486
5 322 108.000000 82.000000 0.240741
5 323 81.000000 70.000000 0.135802
5 324 104.000000 93.000000 0.105769
5 325 77.000000 70.000000 0.090909
5 326 132.000000 105.000000 0.204545
5 327 88.000000 74.000000 0.159091
5 328 101.000000 86.000000 0.148515
5 329 86.000000 72.000000 0.162791
5 330 87.000000 77.000000 0.114943
5 331 138.000000 105.000000 0.239130
5 332 48.000000 41.000000 0.145833
5 333 74.000000 64.000000 0.135135
5 334 88.000000 74.000000 0.159091
5 335 104.000000 90.000000 0.134615
5 336 87.000000 76.000000 0.126437
5 337 81.000000 64.000000 0.209877
5 338 132.000000 106.000000 0.196970
5 339 119.000000 102.000000 0.142857
5 340 38.000000 38.000000 0.000000
5 341 81.000000 68.000000 0.160494
5 342 78.000000 64.000000 0.179487
5 343 129.000000 120.000000 0.069767
5 344 94.000000 80.000000 0.148936
5 345 95.000000 80.000000 0.157895
5 346 95.000000 84.000000 0.115789
5 347 93.000000 75.000000 0.193548
5 348 128.000000 102.000000 0.203125
5 349 75.000000 64.000000 0.146667
5 350 76.000000 68.000000 0.105263
5 351 101.000000 76.000000 0.247525
5 352 67.000000 61.000000 0.089552
5 353 125.000000 111.000000 0.112000
5 354 111.000000 88.000000 0.207207
5 355 76.000000 63.000000 0.171053
5 356 75.000000 68.000000 0.093333
5 357 96.000000 86.000000 0.104167
5 358 56.000000 47.000000 0.160714
5 359 78.000000 65.000000 0.166667
5 360 98.000000 87.000000 0.112245
5 361 137.000000 110.000000 0.197080
5 362 86.000000 75.000000 0.127907
5 363 85.000000 70.000000 0.176471
5 364 67.000000 60.000000 0.104478
5 365 75.000000 65.000000 0.133333
5 366 72.000000 58.000000 0.194444
5 367 75.000000 64.000000 0.146667
5 368 57.000000 46.000000 0.192982
5 369 26.000000 21.000000 0.192308
5 370 88.000000 76.000000 0.136364
5 371 68.000000 64.000000 0.058824
5 372 107.000000 88.000000 0.177570
5 373 113.000000 91.000000 0.194690
5 374 89.000000 74.000000 0.168539
5 375 105.000000 90.000000 0.142857
5 376 61.000000 54.000000 0.114754
5 377 62.000000 53.000000 0.145161
5 378 51.000000 47.000000 0.078431
5 379 80.000000 68.000000 0.150000
5 380 74.000000 67.000000 0.094595
5 381 125.000000 104.000000 0.168000
5 382 56.000000 48.000000 0.142857
5 383 93.000000 83.000000 0.107527
5 384 102.000000 84.000000 0.176471
5 385 80.000000 70.000000 0.125000
5 386 86.000000 81.000000 0.058140
5 387 35.000000 29.000000 0.171429
5 388 104.000000 85.000000 0.182692
5 389 80.000000 71.000000 0.112500
5 390 100.000000 91.000000 0.090000
5 391 73.000000 71.000000 0.027397
5 392 117.000000 100.000000 0.145299
5 393 72.000000 68.000000 0.055556
5 394 122.000000 98.000000 0.196721
5 395 92.000000 82.000000 0.108696
5 396 104.000000 91.000000 0.125000
5 397 72.000000 67.000000 0.069444
5 398 80.000000 70.000000 0.125000
5 399 90.000000 75.000000 0.166667
5 400 76.000000 69.000000 0.092105
6 1 214.000000 175.000000 0.182243
6 2 178.000000 153.000000 0.140449
6 3 215.000000 179.000000 0.167442
6 4 228.000000 195.000000 0.144737
6 5 188.000000 157.000000 0.164894
6 6 180.000000 156.000000 0.133333
6 7 172.000000 138.000000 0.197674
6 8 238.000000 198.000000 0.168067
6 9 281.000000 246.000000 0.124555
6 10 167.000000 137.000000 0.179641
6 11 210.000000 178.000000 0.152381
6 12 174.000000 149.000000 0.143678
6 13 219.000000 192.000000 0.123288
6 14 149.000000 118.000000 0.208054
6 15 149.000000 129.000000 0.134228
6 16 300.000000 228.000000 0.240000
6 17 162.000000 132.000000 0.185185
6 18 187.000000 165.000000 0.117647
6 19 190.000000 168.000000 0.115789
6 20 155.000000 131.000000 0.154839
6 21 117.000000 105.000000 0.102564
6 22 210.000000 169.000000 0.195238
6 23 218.000000 184.000000 0.155963
6 24 187.000000 158.000000 0.155080
6 25 212.000000 188.000000 0.113208
6 26 212.000000 177.000000 0.165094
6 27 196.000000 175.000000 0.107143
6 28 174.000000 147.000000 0.155172
6 29 242.000000 209.000000 0.136364
6 30 140.000000 113.000000 0.192857
6 31 252.000000 204.000000 0.190476
6 32 260.000000 214.000000 0.176923
6 33 175.000000 155.000000 0.114286
6 34 194.000000 159.000000 0.180412
6 35 251.000000 197.000000 0.215139
6 36 196.000000 167.000000 0.147959
6 37 165.000000 131.000000 0.206061
6 38 133.000000 112.000000 0.157895
6 39 213.000000 176.000000 0.173709
6 40 235.000000 203.000000 0.136170
6 41 121.000000 106.000000 0.123967
6 42 154.000000 138.000000 0.103896
6 43 205.000000 167.000000 0.185366
6 44 218.000000 197.000000 0.096330
6 45 75.000000 64.000000 0.146667
6 46 102.000000 94.000000 0.078431
6 47 289.000000 239.000000 0.173010
6 48 195.000000 158.000000 0.189744
6 49 142.000000 132.000000 0.070423
6 50 199.000000 183.000000 0.080402
6 51 200.000000 173.000000 0.135000
6 52 189.000000 167.000000 0.116402
6 53 217.000000 184.000000 0.152074
6 54 164.000000 145.000000 0.115854
6 55 252.000000 213.000000 0.154762
6 56 149.000000 126.000000 0.154362
6 57 188.000000 154.000000 0.180851
6 58 117.000000 110.000000 0.059829
6 59 176.000000 147.000000 0.164773
6 60 143.000000 123.000000 0.139860
6 61 289.000000 237.000000 0.179931
6 62 202.000000 178.000000 0.118812
6 63 249.000000 215.000000 0.136546
6 64 231.000000 199.000000 0.138528
6 65 198.000000 164.000000 0.171717
6 66 114.000000 104.000000 0.087719
6 67 180.000000 151.000000 0.161111
6 68 129.000000 112.000000 0.131783
6 69 261.000000 223.000000 0.145594
6 70 115.000000 103.000000 0.104348
6 71 126.000000 104.000000 0.174603
6 72 247.000000 208.000000 0.157895
6 73 220.000000 204.000000 0.072727
6 74 192.000000 165.000000 0.140625
6 75 232.000000 211.000000 0.090517
6 76 200.000000 166.000000 0.170000
6 77 179.000000 164.000000 0.083799
6 78 131.000000 105.000000 0.198473
6 79 102.000000 86.000000 0.156863
6 80 208.000000 184.000000 0.115385
6 81 187.000000 161.000000 0.139037
6 82 225.000000 197.000000 0.124444
6 83 235.000000 217.000000 0.076596
6 84 225.000000 192.000000 0.146667
6 85 229.000000 197.000000 0.139738
6 86 182.000000 152.000000 0.164835
6 87 218.000000 195.000000 0.105505
6 88 137.000000 114.000000 0.167883
6 89 189.000000 160.000000 0.153439
6 90 133.000000 115.000000 0.135338
6 91 174.000000 146.000000 0.160920
6 92 146.000000 136.000000 0.068493
6 93 148.000000 128.000000 0.135135
6 94 145.000000 118.000000 0.186207
6 95 202.000000 176.000000 0.128713
6 96 128.000000 118.000000 0.078125
6 97 171.000000 146.000000 0.146199
6 98 238.000000 189.000000 0.205882
6 99 139.000000 120.000000 0.136691
6 100 201.000000 175.000000 0.129353
6 101 160.000000 133.000000 0.168750
6 102 199.000000 182.000000 0.085427
6 103 194.000000 163.000000 0.159794
6 104 222.000000 188.000000 0.153153
6 105 202.000000 175.000000 0.133663
6 106 126.000000 107.000000 0.150794
6 107 170.000000 140.000000 0.176471
6 108 270.000000 223.000000 0.174074
6 109 87.000000 75.000000 0.137931
6 110 107.000000 91.000000 0.149533
6 111 140.000000 118.000000 0.157143
6 112 164.000000 142.000000 0.134146
6 113 208.000000 162.000000 0.221154
6 114 137.000000 119.000000 0.131387
6 115 197.000000 166.000000 0.157360
6 116 106.000000 93.000000 0.122642
6 117 123.000000 105.000000 0.146341
6 118 200.000000 171.000000 0.145000
6 119 147.000000 143.000000 0.027211
6 120 249.000000 207.000000 0.168675
6 121 179.000000 159.000000 0.111732
6 122 205.000000 188.000000 0.082927
6 123 162.000000 128.000000 0.209877
6 124 278.000000 241.000000 0.133094
6 125 123.000000 99.000000 0.195122
6 126 136.000000 115.000000 0.154412
6 127 308.000000 243.000000 0.211039
6 128 157.000000 129.000000 0.178344
6 129 224.000000 190.000000 0.151786
6 130 151.000000 124.000000 0.178808
6 131 101.000000 86.000000 0.148515
6 132 107.000000 93.000000 0.130841
6 133 205.000000 166.000000 0.190244
6 134 213.000000 174.000000 0.183099
6 135 198.000000 160.000000 0.191919
6 136 205.000000 169.000000 0.175610
6 137 273.000000 237.000000 0.131868
6 138 132.000000 124.000000 0.060606
6 139 222.000000 188.000000 0.153153
6 140 188.000000 163.000000 0.132979
6 141 196.000000 173.000000 0.117347
6 142 163.000000 137.000000 0.159509
6 143 249.000000 209.000000 0.160643
6 144 152.000000 136.000000 0.105263
6 145 184.000000 143.000000 0.222826
6 146 82.000000 69.000000 0.158537
6 147 238.000000 200.000000 0.159664
6 148 162.000000 134.000000 0.172840
6 149 257.000000 210.000000 0.182879
6 150 192.000000 163.000000 0.151042
6 151 177.000000 149.000000 0.158192
6 152 75.000000 66.000000 0.120000
6 153 153.000000 133.000000 0.130719
6 154 292.000000 243.000000 0.167808
6 155 188.000000 164.000000 0.127660
6 156 160.000000 131.000000 0.181250
6 157 186.000000 156.000000 0.161290
6 158 187.000000 160.000000 0.144385
6 159 224.000000 185.000000 0.174107
6 160 215.000000 182.000000 0.153488
6 161 247.000000 201.000000 0.186235
6 162 174.000000 154.000000 0.114943
6 163 191.000000 163.000000 0.146597
6 164 142.000000 118.000000 0.169014
6 165 232.000000 207.000000 0.107759
6 166 159.000000 147.000000 0.075472
6 167 187.000000 155.000000 0.171123
6 168 192.000000 156.000000 0.187500
6 169 262.000000 216.000000 0.175573
6 170 174.000000 164.000000 0.057471
6 171 102.000000 100.000000 0.019608
6 172 263.000000 226.000000 0.140684
6 173 229.000000 196.000000 0.144105
6 174 118.000000 105.000000 0.110169
6 175 226.000000 193.000000 0.146018
6 176 129.000000 116.000000 0.100775
6 177 249.000000 210.000000 0.156627
6 178 188.000000 157.000000 0.164894
6 179 144.000000 134.000000 0.069444
6 180 129.000000 108.000000 0.162791
6 181 237.000000 189.000000 0.202532
6 182 153.000000 128.000000 0.163399
6 183 172.000000 152.000000 0.116279
6 184 171.000000 147.000000 0.140351
6 185 162.000000 143.000000 0.117284
6 186 148.000000 133.000000 0.101351
6 187 179.000000 163.000000 0.089385
6 188 210.000000 181.000000 0.138095
6 189 186.000000 156.000000 0.161290
6 190 114.000000 99.000000 0.131579
6 191 157.000000 127.000000 0.191083
6 192 129.000000 118.000000 0.085271
6 193 196.000000 170.000000 0.132653
6 194 172.000000 151.000000 0.122093
6 195 262.000000 204.000000 0.221374
6 196 164.000000 153.000000 0.067073
6 197 227.000000 193.000000 0.149780
6 198 120.000000 101.000000 0.158333
6 199 187.000000 142.000000 0.240642
6 200 150.000000 129.000000 0.140000
6 201 260.000000 223.000000 0.142308
6 202 170.000000 131.000000 0.229412
6 203 143.000000 115.000000 0.195804
6 204 261.000000 228.000000 0.126437
6 205 179.000000 155.000000 0.134078
6 206 177.000000 168.000000 0.050847
6 207 166.000000 135.000000 0.186747
6 208 221.000000 173.000000 0.217195
6 209 160.000000 146.000000 0.087500
6 210 196.000000 166.000000 0.153061
6 211 162.000000 144.000000 0.111111
6 212 221.000000 179.000000 0.190045
6 213 132.000000 117.000000 0.113636
6 214 117.000000 103.000000 0.119658
6 215 92.000000 81.000000 0.119565
6 216 160.000000 139.000000 0.131250
6 217 121.000000 113.000000 0.066116
6 218 226.000000 192.000000 0.150442
6 219 265.000000 231.000000 0.128302
6 220 111.000000 97.000000 0.126126
6 221 195.000000 169.000000 0.133333
6 222 208.000000 182.000000 0.125000
6 223 224.000000 189.000000 0.156250
6 224 94.000000 79.000000 0.159574
6 225 129.000000 105.000000 0.186047
6 226 150.000000 136.000000 0.093333
6 227 312.000000 255.000000 0.182692
6 228 265.000000 218.000000 0.177358
6 229 131.000000 120.000000 0.083969
6 230 296.000000 242.000000 0.182432
6 231 122.000000 103.000000 0.155738
6 232 163.000000 141.000000 0.134969
6 233 167.000000 144.000000 0.137725
6 234 221.000000 174.000000 0.212670
6 235 139.000000 123.000000 0.115108
6 236 155.000000 138.000000 0.109677
6 237 109.000000 88.000000 0.192661
6 238 190.000000 155.000000 0.184211
6 239 174.000000 155.000000 0.109195
6 240 152.000000 128.000000 0.157895
6 241 93.000000 77.000000 0.172043
6 242 214.000000 171.000000 0.200935
6 243 212.000000 177.000000 0.165094
6 244 79.000000 75.000000 0.050633
6 245 77.000000 60.000000 0.220779
6 246 187.000000 165.000000 0.117647
6 247 143.000000 129.000000 0.097902
6 248 195.000000 169.000000 0.133333
6 249 268.000000 232.000000 0.134328
6 250 238.000000 205.000000 0.138655
6 251 135.000000 120.000000 0.111111
6 252 231.000000 196.000000 0.151515
6 253 151.000000 132.000000 0.125828
6 254 247.000000 216.000000 0.125506
6 255 217.000000 185.000000 0.147465
6 256 147.000000 119.000000 0.190476
6 257 173.000000 148.000000 0.144509
6 258 84.000000 71.000000 0.154762
6 259 133.000000 115.000000 0.135338
6 260 159.000000 127.000000 0.201258
6 261 158.000000 138.000000 0.126582
6 262 198.000000 162.000000 0.181818
6 263 234.000000 196.000000 0.162393
6 264 145.000000 130.000000 0.103448
6 265 262.000000 217.000000 0.171756
6 266 144.000000 129.000000 0.104167
6 267 204.000000 177.000000 0.132353
6 268 114.000000 109.000000 0.043860
6 269 182.000000 162.000000 0.109890
6 270 195.000000 169.000000 0.133333
6 271 112.000000 97.000000 0.133929
6 272 294.000000 248.000000 0.156463
6 273 147.000000 132.000000 0.102041
6 274 71.000000 66.000000 0.070423
6 275 280.000000 232.000000 0.171429
6 276 174.000000 143.000000 0.178161
6 277 176.000000 155.000000 0.119318
6 278 176.000000 160.000000 0.090909
6 279 148.000000 127.000000 0.141892
6 280 127.000000 118.000000 0.070866
6 281 198.000000 176.000000 0.111111
6 282 279.000000 218.000000 0.218638
6 283 188.000000 172.000000 0.085106
6 284 177.000000 148.000000 0.163842
6 285 253.000000 228.000000 0.098814
6 286 232.000000 199.000000 0.142241
6 287 218.000000 183.000000 0.160550
6 288 205.000000 187.000000 0.087805
6 289 209.000000 185.000000 0.114833
6 290 152.000000 135.000000 0.111842
6 291 110.000000 95.000000 0.136364
6 292 148.000000 126.000000 0.148649
6 293 179.000000 145.000000 0.189944
6 294 212.000000 183.000000 0.136792
6 295 225.000000 193.000000 0.142222
6 296 184.000000 155.000000 0.157609
6 297 221.000000 185.000000 0.162896
6 298 148.000000 130.000000 0.121622
6 299 169.000000 142.000000 0.159763
6 300 126.000000 108.000000 0.142857
6 301 189.000000 162.000000 0.142857
6 302 126.000000 116.000000 0.079365
6 303 232.000000 179.000000 0.228448
6 304 269.000000 210.000000 0.219331
6 305 261.000000 212.000000 0.187739
6 306 172.000000 156.000000 0.093023
6 307 158.000000 131.000000 0.170886
6 308 228.000000 185.000000 0.188596
6 309 122.000000 108.000000 0.114754
6 310 195.000000 170.000000 0.128205
6 311 217.000000 193.000000 0.110599
6 312 215.000000 189.000000 0.120930
6 313 184.000000 154.000000 0.163043
6 314 182.000000 156.000000 0.142857
6 315 223.000000 193.000000 0.134529
6 316 134.000000 121.000000 0.097015
6 317 224.000000 200.000000 0.107143
6 318 221.000000 178.000000 0.194570
6 319 160.000000 136.000000 0.150000
6 320 228.000000 188.000000 0.175439
6 321 271.000000 221.000000 0.184502
6 322 208.000000 177.000000 0.149038
6 323 181.000000 162.000000 0.104972
6 324 196.000000 166.000000 0.153061
6 325 164.000000 140.000000 0.146341
6 326 138.000000 119.000000 0.137681
6 327 267.000000 222.000000 0.168539
6 328 211.000000 184.000000 0.127962
6 329 204.000000 163.000000 0.200980
6 330 225.000000 193.000000 0.142222
6 331 185.000000 160.000000 0.135135
6 332 194.000000 169.000000 0.128866
6 333 294.000000 239.000000 0.187075
6 334 245.000000 209.000000 0.146939
6 335 225.000000 186.000000 0.173333
6 336 242.000000 189.000000 0.219008
6 337 103.000000 86.000000 0.165049
6 338 253.000000 231.000000 0.086957
6 339 119.000000 100.000000 0.159664
6 340 187.000000 162.000000 0.133690
6 341 198.000000 158.000000 0.202020
6 342 170.000000 142.000000 0.164706
6 343 170.000000 140.000000 0.176471
6 344 128.000000 103.000000 0.195313
6 345 208.000000 164.000000 0.211538
6 346 212.000000 180.000000 0.150943
6 347 166.000000 128.000000 0.228916
6 348 187.000000 160.000000 0.144385
6 349 264.000000 239.000000 0.094697
6 350 221.000000 202.000000 0.085973
6 351 195.000000 169.000000 0.133333
6 352 253.000000 211.000000 0.166008
6 353 233.000000 187.000000 0.197425
6 354 180.000000 157.000000 0.127778
6 355 185.000000 164.000000 0.113514
6 356 102.000000 94.000000 0.078431
6 357 132.000000 113.000000 0.143939
6 358 100.000000 79.000000 0.210000
6 359 256.000000 204.000000 0.203125
6 360 250.000000 207.000000 0.172000
6 361 159.000000 141.000000 0.113208
6 362 142.000000 114.000000 0.197183
6 363 156.000000 141.000000 0.096154
6 364 151.000000 128.000000 0.152318
6 365 212.000000 184.000000 0.132075
6 366 169.000000 151.000000 0.106509
6 367 109.000000 94.000000 0.137615
6 368 217.000000 181.000000 0.165899
6 369 259.000000 213.000000 0.177606
6 370 214.000000 176.000000 0.177570
6 371 227.000000 178.000000 0.215859
6 372 115.000000 97.000000 0.156522
6 373 285.000000 229.000000 0.196491
6 374 181.000000 157.000000 0.132597
6 375 160.000000 141.000000 0.118750
6 376 204.000000 183.000000 0.102941
6 377 164.000000 140.000000 0.146341
6 378 198.000000 162.000000 0.181818
6 379 139.000000 126.000000 0.093525
6 380 165.000000 139.000000 0.157576
6 381 172.000000 144.000000 0.162791
6 382 151.000000 128.000000 0.152318
6 383 194.000000 179.000000 0.077320
6 384 117.000000 93.000000 0.205128
6 385 180.000000 145.000000 0.194444
6 386 216.000000 163.000000 0.245370
6 387 196.000000 165.000000 0.158163
6 388 285.000000 231.000000 0.189474
6 389 178.000000 151.000000 0.151685
6 390 177.000000 160.000000 0.096045
6 391 283.000000 236.000000 0.166078
6 392 211.000000 178.000000 0.156398
6 393 135.000000 115.000000 0.148148
6 394 219.000000 181.000000 0.173516
6 395 248.000000 214.000000 0.137097
6 396 228.000000 190.000000 0.166667
6 397 265.000000 229.000000 0.135849
6 398 192.000000 168.000000 0.125000
6 399 199.000000 158.000000 0.206030
6 400 200.000000 165.000000 0.175000
7 1 573.000000 486.000000 0.151832
7 2 409.000000 342.000000 0.163814
7 3 476.000000 405.000000 0.149160
7 4 386.000000 332.000000 0.139896
7 5 418.000000 365.000000 0.126794
7 6 487.000000 423.000000 0.131417
7 7 350.000000 320.000000 0.085714
7 8 288.000000 233.000000 0.190972
7 9 456.000000 402.000000 0.118421
7 10 439.000000 368.000000 0.161731
MATLAB is running in headless mode.  Figure windows will not be displayed.
7 11 264.000000 232.000000 0.121212
7 12 418.000000 367.000000 0.122010
7 13 559.000000 464.000000 0.169946
7 14 333.000000 291.000000 0.126126
7 15 267.000000 231.000000 0.134831
7 16 350.000000 303.000000 0.134286
7 17 592.000000 483.000000 0.184122
7 18 212.000000 192.000000 0.094340
7 19 518.000000 450.000000 0.131274
7 20 398.000000 349.000000 0.123116
7 21 280.000000 230.000000 0.178571
7 22 421.000000 366.000000 0.130641
7 23 405.000000 357.000000 0.118519
