1 1.000000 1.000000 0.18380089999999998929
2 1.000000 1.000000 0.09179740000000000122
3 2.000000 2.000000 0.12206740000000000645
4 1.000000 1.000000 0.04096480000000000260
5 2.000000 2.000000 0.05557379999999999959
6 1.000000 1.000000 0.02439500000000000002
7 2.000000 2.000000 0.01912370000000000042
8 1.000000 1.000000 0.01710419999999999996
9 1.000000 1.000000 0.03783029999999999726
10 1.000000 1.000000 0.01703669999999999837
11 1.000000 1.000000 0.01319339999999999923
12 2.000000 2.000000 0.01284949999999999981
13 1.000000 1.000000 0.01326390000000000034
14 1.000000 1.000000 0.01835569999999999910
15 2.000000 2.000000 0.01533250000000000064
16 1.000000 1.000000 0.01721110000000000001
17 1.000000 1.000000 0.01233790000000000060
18 1.000000 1.000000 0.01360540000000000013
19 1.000000 1.000000 0.01336159999999999952
20 1.000000 1.000000 0.01595890000000000156
21 2.000000 2.000000 0.01180430000000000021
22 1.000000 1.000000 0.01359679999999999916
23 1.000000 1.000000 0.01564810000000000159
24 2.000000 2.000000 0.01274340000000000021
25 1.000000 1.000000 0.01557919999999999965
26 1.000000 1.000000 0.01766380000000000033
27 1.000000 1.000000 0.01263479999999999985
28 2.000000 2.000000 0.01445770000000000041
29 1.000000 1.000000 0.01366880000000000005
30 1.000000 1.000000 0.03338959999999999845
31 1.000000 1.000000 0.02434240000000000015
32 1.000000 1.000000 0.04990479999999999916
33 1.000000 1.000000 0.01534139999999999983
34 1.000000 1.000000 0.05051819999999999922
35 1.000000 1.000000 0.02334970000000000101
36 1.000000 1.000000 0.01589399999999999841
37 1.000000 1.000000 0.01552979999999999985
38 1.000000 1.000000 0.01268910000000000003
39 2.000000 2.000000 0.01931789999999999896
40 1.000000 1.000000 0.01467530000000000050
41 1.000000 1.000000 0.01301440000000000062
42 1.000000 1.000000 0.01893480000000000163
43 2.000000 2.000000 0.01773840000000000139
44 1.000000 1.000000 0.01975849999999999829
45 2.000000 2.000000 0.01356560000000000057
46 2.000000 2.000000 0.01425180000000000023
47 1.000000 1.000000 0.01490769999999999942
48 2.000000 2.000000 0.01445399999999999983
49 2.000000 2.000000 0.01348700000000000072
50 2.000000 2.000000 0.01439679999999999953
51 1.000000 1.000000 0.01409790000000000001
52 2.000000 2.000000 0.01303140000000000027
53 2.000000 2.000000 0.02122459999999999972
54 1.000000 1.000000 0.03992409999999999709
55 2.000000 2.000000 0.02622350000000000028
56 2.000000 2.000000 0.01957969999999999849
57 1.000000 1.000000 0.01400120000000000010
58 2.000000 2.000000 0.02663280000000000161
59 1.000000 1.000000 0.01780170000000000016
60 1.000000 1.000000 0.01683470000000000105
61 1.000000 1.000000 0.01679840000000000153
62 1.000000 1.000000 0.01409260000000000027
63 1.000000 1.000000 0.02104229999999999989
64 1.000000 1.000000 0.01134390000000000051
65 2.000000 2.000000 0.01481299999999999978
66 1.000000 1.000000 0.01513950000000000018
67 1.000000 1.000000 0.01256960000000000022
68 1.000000 1.000000 0.01234769999999999965
69 2.000000 2.000000 0.02059789999999999885
70 1.000000 1.000000 0.01571960000000000024
71 1.000000 1.000000 0.01380149999999999953
72 1.000000 1.000000 0.01708459999999999840
73 1.000000 1.000000 0.01411789999999999920
74 1.000000 1.000000 0.01262070000000000032
75 1.000000 1.000000 0.01675810000000000147
76 2.000000 2.000000 0.01212440000000000045
77 2.000000 2.000000 0.01407500000000000070
78 2.000000 2.000000 0.01604039999999999980
79 1.000000 1.000000 0.01620200000000000112
80 1.000000 1.000000 0.01441379999999999918
81 1.000000 1.000000 0.01547989999999999956
82 1.000000 1.000000 0.01288429999999999957
83 2.000000 2.000000 0.01905199999999999949
84 1.000000 1.000000 0.01305940000000000052
85 1.000000 1.000000 0.01544279999999999958
86 2.000000 2.000000 0.01276650000000000007
87 1.000000 1.000000 0.01503089999999999982
88 2.000000 2.000000 0.01390100000000000016
89 1.000000 1.000000 0.01240510000000000050
90 1.000000 1.000000 0.01390470000000000074
91 1.000000 1.000000 0.01635019999999999876
92 1.000000 1.000000 0.01376800000000000072
93 1.000000 1.000000 0.01475180000000000068
94 1.000000 1.000000 0.01994639999999999955
95 2.000000 2.000000 0.01202220000000000025
96 1.000000 1.000000 0.01354359999999999939
97 1.000000 1.000000 0.01662989999999999954
98 1.000000 1.000000 0.02003790000000000085
99 1.000000 1.000000 0.01660309999999999911
100 1.000000 1.000000 0.01139410000000000076
101 1.000000 1.000000 0.01306719999999999930
102 1.000000 1.000000 0.01464760000000000020
103 1.000000 1.000000 0.01534270000000000078
104 2.000000 2.000000 0.01216150000000000043
105 1.000000 1.000000 0.01732859999999999956
106 1.000000 1.000000 0.01560620000000000063
107 1.000000 1.000000 0.01494610000000000036
108 1.000000 1.000000 0.01413769999999999957
109 1.000000 1.000000 0.01327509999999999975
110 1.000000 1.000000 0.01475929999999999950
111 1.000000 1.000000 0.01350849999999999967
112 2.000000 2.000000 0.01657720000000000027
113 1.000000 1.000000 0.01695059999999999970
114 1.000000 1.000000 0.01511290000000000029
115 1.000000 1.000000 0.01906530000000000030
116 1.000000 1.000000 0.01326570000000000006
117 1.000000 1.000000 0.01565570000000000156
118 1.000000 1.000000 0.01517409999999999939
119 1.000000 1.000000 0.01383730000000000029
120 1.000000 1.000000 0.01591599999999999959
121 1.000000 1.000000 0.01539109999999999957
122 2.000000 2.000000 0.01468210000000000001
123 1.000000 1.000000 0.01578859999999999986
124 1.000000 1.000000 0.01178530000000000029
125 1.000000 1.000000 0.01851059999999999858
126 1.000000 1.000000 0.01272670000000000051
127 2.000000 2.000000 0.01757150000000000031
128 2.000000 2.000000 0.01450970000000000037
129 1.000000 1.000000 0.01506970000000000011
130 1.000000 1.000000 0.01246470000000000043
131 2.000000 2.000000 0.01558350000000000013
132 1.000000 1.000000 0.01474699999999999969
133 1.000000 1.000000 0.01506569999999999958
134 2.000000 2.000000 0.01394809999999999973
135 1.000000 1.000000 0.01320739999999999935
136 2.000000 2.000000 0.01537810000000000045
137 2.000000 2.000000 0.01194809999999999969
138 2.000000 2.000000 0.01233829999999999996
139 1.000000 1.000000 0.01565060000000000062
140 1.000000 1.000000 0.01759250000000000050
141 1.000000 1.000000 0.01796620000000000161
142 2.000000 2.000000 0.01410520000000000003
143 2.000000 2.000000 0.01226039999999999942
144 1.000000 1.000000 0.01434120000000000013
145 1.000000 1.000000 0.01259069999999999981
146 1.000000 1.000000 0.01360609999999999944
147 1.000000 1.000000 0.01604380000000000042
148 2.000000 2.000000 0.01200039999999999961
149 1.000000 1.000000 0.01711779999999999899
150 1.000000 1.000000 0.01223819999999999943
151 2.000000 2.000000 0.01752410000000000079
152 2.000000 2.000000 0.01277750000000000066
153 1.000000 1.000000 0.01277380000000000008
154 1.000000 1.000000 0.01422269999999999958
155 1.000000 1.000000 0.01501360000000000021
156 1.000000 1.000000 0.01364439999999999924
157 2.000000 2.000000 0.01966789999999999858
158 1.000000 1.000000 0.01364300000000000061
159 2.000000 2.000000 0.01208799999999999979
160 1.000000 1.000000 0.01457050000000000012
161 1.000000 1.000000 0.01698310000000000097
162 1.000000 1.000000 0.01478480000000000072
163 1.000000 1.000000 0.01681399999999999909
164 1.000000 1.000000 0.01285799999999999964
165 1.000000 1.000000 0.01493930000000000084
166 2.000000 2.000000 0.01557530000000000026
167 1.000000 1.000000 0.01612819999999999879
168 2.000000 2.000000 0.01281690000000000086
169 1.000000 1.000000 0.01211570000000000008
170 2.000000 2.000000 0.01268859999999999953
171 1.000000 1.000000 0.01475800000000000028
172 1.000000 1.000000 0.01858730000000000104
173 1.000000 1.000000 0.01167379999999999980
174 1.000000 1.000000 0.01858430000000000151
175 1.000000 1.000000 0.01977860000000000035
176 1.000000 1.000000 0.01779309999999999919
177 2.000000 2.000000 0.01125929999999999986
178 1.000000 1.000000 0.01406370000000000016
179 1.000000 1.000000 0.01613099999999999951
180 2.000000 2.000000 0.01225610000000000067
181 2.000000 2.000000 0.01221619999999999998
182 1.000000 1.000000 0.01464170000000000055
183 1.000000 1.000000 0.01362099999999999943
184 1.000000 1.000000 0.01497730000000000068
185 1.000000 1.000000 0.01439739999999999943
186 2.000000 2.000000 0.01276150000000000027
187 1.000000 1.000000 0.01523760000000000045
188 1.000000 1.000000 0.01637510000000000007
189 1.000000 1.000000 0.02069599999999999912
190 1.000000 1.000000 0.02203439999999999913
191 1.000000 1.000000 0.02194600000000000023
192 1.000000 1.000000 0.01927150000000000044
193 1.000000 1.000000 0.01581679999999999892
194 1.000000 1.000000 0.01459330000000000002
195 1.000000 1.000000 0.01715440000000000020
196 1.000000 1.000000 0.01341900000000000037
197 1.000000 1.000000 0.01730869999999999978
198 1.000000 1.000000 0.01476839999999999924
199 1.000000 1.000000 0.02651799999999999990
200 1.000000 1.000000 0.01591679999999999831
201 1.000000 1.000000 0.01369109999999999945
202 2.000000 2.000000 0.01189050000000000003
203 1.000000 1.000000 0.01359070000000000070
204 1.000000 1.000000 0.01535899999999999939
205 1.000000 1.000000 0.01587929999999999897
206 1.000000 1.000000 0.01388589999999999963
207 1.000000 1.000000 0.01257139999999999994
208 2.000000 2.000000 0.01473889999999999922
209 1.000000 1.000000 0.01562309999999999914
210 1.000000 1.000000 0.01567469999999999974
211 1.000000 1.000000 0.01562060000000000011
212 1.000000 1.000000 0.01711419999999999955
213 1.000000 1.000000 0.01440100000000000061
214 1.000000 1.000000 0.01610639999999999988
215 1.000000 1.000000 0.01268159999999999947
216 1.000000 1.000000 0.01246659999999999956
217 1.000000 1.000000 0.01757389999999999994
218 1.000000 1.000000 0.01344689999999999948
219 1.000000 1.000000 0.01498969999999999990
220 1.000000 1.000000 0.02119969999999999841
221 1.000000 1.000000 0.01914039999999999839
222 1.000000 1.000000 0.01541900000000000041
223 1.000000 1.000000 0.01784120000000000150
224 1.000000 1.000000 0.01842490000000000100
225 1.000000 1.000000 0.01944699999999999901
226 1.000000 1.000000 0.01472820000000000032
227 1.000000 1.000000 0.01598909999999999915
228 1.000000 1.000000 0.01389450000000000060
229 1.000000 1.000000 0.01203330000000000025
230 1.000000 1.000000 0.01540350000000000052
231 1.000000 1.000000 0.01602349999999999955
232 1.000000 1.000000 0.01626479999999999940
233 1.000000 1.000000 0.01758969999999999978
234 1.000000 1.000000 0.01879930000000000143
235 1.000000 1.000000 0.01496079999999999979
236 1.000000 1.000000 0.01735070000000000015
237 2.000000 2.000000 0.01113240000000000063
238 2.000000 2.000000 0.01290990000000000019
239 1.000000 1.000000 0.01696599999999999844
240 1.000000 1.000000 0.01668719999999999926
241 1.000000 1.000000 0.01888880000000000073
242 1.000000 1.000000 0.01687040000000000067
243 1.000000 1.000000 0.01690720000000000070
244 1.000000 1.000000 0.01541739999999999951
245 1.000000 1.000000 0.01589360000000000078
246 1.000000 1.000000 0.01791680000000000009
247 2.000000 2.000000 0.01183649999999999980
248 1.000000 1.000000 0.01237880000000000057
249 1.000000 1.000000 0.01430170000000000052
250 1.000000 1.000000 0.01464939999999999992
251 1.000000 1.000000 0.01658280000000000171
252 1.000000 1.000000 0.01429880000000000040
253 2.000000 2.000000 0.01394339999999999989
254 2.000000 2.000000 0.01372209999999999923
255 1.000000 1.000000 0.01246530000000000034
256 1.000000 1.000000 0.01285820000000000018
257 1.000000 1.000000 0.01271979999999999986
258 2.000000 2.000000 0.01523210000000000015
259 1.000000 1.000000 0.01272189999999999953
260 1.000000 1.000000 0.01228540000000000014
261 1.000000 1.000000 0.01483519999999999978
262 1.000000 1.000000 0.01286089999999999976
263 1.000000 1.000000 0.01219800000000000051
264 1.000000 1.000000 0.01359220000000000046
265 1.000000 1.000000 0.01652239999999999959
266 1.000000 1.000000 0.01326450000000000025
267 1.000000 1.000000 0.01292019999999999974
268 1.000000 1.000000 0.01195479999999999980
269 2.000000 2.000000 0.01439580000000000026
270 1.000000 1.000000 0.01281529999999999996
271 1.000000 1.000000 0.01376840000000000008
272 1.000000 1.000000 0.01559540000000000058
273 1.000000 1.000000 0.01221590000000000002
274 1.000000 1.000000 0.01492500000000000077
275 1.000000 1.000000 0.01224030000000000083
276 2.000000 2.000000 0.01537900000000000031
277 1.000000 1.000000 0.01383870000000000065
278 1.000000 1.000000 0.01342740000000000079
279 1.000000 1.000000 0.01573959999999999942
280 1.000000 1.000000 0.01172549999999999981
281 1.000000 1.000000 0.01986119999999999899
282 1.000000 1.000000 0.01820690000000000155
283 1.000000 1.000000 0.01348650000000000022
284 2.000000 2.000000 0.01374079999999999920
285 1.000000 1.000000 0.01449469999999999925
286 1.000000 1.000000 0.01591029999999999875
287 1.000000 1.000000 0.01573190000000000005
288 1.000000 1.000000 0.01617520000000000069
289 1.000000 1.000000 0.01232210000000000076
290 1.000000 1.000000 0.01699120000000000144
291 1.000000 1.000000 0.01183640000000000039
292 1.000000 1.000000 0.01324660000000000074
293 1.000000 1.000000 0.01272490000000000079
294 2.000000 2.000000 0.01474149999999999940
295 1.000000 1.000000 0.01209350000000000008
296 1.000000 1.000000 0.02831320000000000017
297 2.000000 2.000000 0.01471270000000000043
298 1.000000 1.000000 0.01365889999999999986
299 1.000000 1.000000 0.01597600000000000062
300 1.000000 1.000000 0.01318320000000000082
301 2.000000 2.000000 0.01178749999999999937
302 1.000000 1.000000 0.01510859999999999981
303 1.000000 1.000000 0.01384900000000000020
304 1.000000 1.000000 0.01555480000000000057
305 1.000000 1.000000 0.01182090000000000050
306 1.000000 1.000000 0.01610419999999999907
307 2.000000 2.000000 0.01442880000000000031
308 1.000000 1.000000 0.01446539999999999979
309 1.000000 1.000000 0.01163140000000000007
310 2.000000 2.000000 0.01201469999999999969
311 2.000000 2.000000 0.01412740000000000003
312 1.000000 1.000000 0.01213440000000000005
313 1.000000 1.000000 0.01172780000000000003
314 2.000000 2.000000 0.01323530000000000019
315 1.000000 1.000000 0.01366760000000000023
316 1.000000 1.000000 0.01225129999999999969
317 1.000000 1.000000 0.01561670000000000072
318 1.000000 1.000000 0.01248289999999999990
319 1.000000 1.000000 0.02795239999999999878
320 1.000000 1.000000 0.01796920000000000114
321 1.000000 1.000000 0.01281700000000000027
322 1.000000 1.000000 0.01260400000000000062
323 1.000000 1.000000 0.01273810000000000046
324 1.000000 1.000000 0.01489490000000000085
325 1.000000 1.000000 0.01310260000000000070
326 1.000000 1.000000 0.01566909999999999831
327 2.000000 2.000000 0.01525720000000000028
328 1.000000 1.000000 0.01560010000000000042
329 2.000000 2.000000 0.01587140000000000079
330 1.000000 1.000000 0.02004030000000000047
331 1.000000 1.000000 0.01444250000000000048
332 2.000000 2.000000 0.01468249999999999937
333 1.000000 1.000000 0.01487740000000000069
334 1.000000 1.000000 0.01426569999999999921
335 1.000000 1.000000 0.01405999999999999958
336 2.000000 2.000000 0.01320329999999999941
337 1.000000 1.000000 0.01348330000000000015
338 2.000000 2.000000 0.01167980000000000060
339 1.000000 1.000000 0.01241959999999999939
340 1.000000 1.000000 0.01340249999999999948
341 1.000000 1.000000 0.01559360000000000086
342 1.000000 1.000000 0.02062970000000000081
343 1.000000 1.000000 0.01569740000000000024
344 1.000000 1.000000 0.01964830000000000049
345 1.000000 1.000000 0.01403019999999999962
346 1.000000 1.000000 0.01741890000000000105
347 1.000000 1.000000 0.01575270000000000142
348 1.000000 1.000000 0.01548880000000000048
349 1.000000 1.000000 0.01263809999999999933
350 2.000000 2.000000 0.01181530000000000080
351 2.000000 2.000000 0.01299499999999999961
352 1.000000 1.000000 0.01631459999999999855
353 1.000000 1.000000 0.01374500000000000027
354 2.000000 2.000000 0.01178919999999999968
355 2.000000 2.000000 0.01160800000000000026
356 1.000000 1.000000 0.01479100000000000033
357 1.000000 1.000000 0.01511239999999999979
358 1.000000 1.000000 0.01667760000000000076
359 1.000000 1.000000 0.02063200000000000103
360 1.000000 1.000000 0.01406600000000000038
361 2.000000 2.000000 0.01343390000000000035
362 1.000000 1.000000 0.01707979999999999915
363 1.000000 1.000000 0.01709039999999999865
364 1.000000 1.000000 0.01567680000000000115
365 1.000000 1.000000 0.01344039999999999992
366 2.000000 2.000000 0.01654979999999999993
367 1.000000 1.000000 0.01615880000000000094
368 1.000000 1.000000 0.01381369999999999994
369 1.000000 1.000000 0.01654349999999999918
370 1.000000 1.000000 0.02069139999999999868
371 2.000000 2.000000 0.01309959999999999944
372 1.000000 1.000000 0.01799069999999999836
373 2.000000 2.000000 0.01603409999999999905
374 2.000000 2.000000 0.01395189999999999972
375 1.000000 1.000000 0.01631969999999999948
376 1.000000 1.000000 0.01377669999999999936
377 1.000000 1.000000 0.01325999999999999922
378 1.000000 1.000000 0.01954470000000000166
379 1.000000 1.000000 0.01318120000000000056
380 2.000000 2.000000 0.01557610000000000071
381 1.000000 1.000000 0.01404779999999999918
382 1.000000 1.000000 0.01472599999999999951
383 1.000000 1.000000 0.01451900000000000066
384 2.000000 2.000000 0.01334360000000000060
385 1.000000 1.000000 0.01501030000000000073
386 1.000000 1.000000 0.01421550000000000070
387 1.000000 1.000000 0.01296399999999999983
388 1.000000 1.000000 0.01162919999999999926
389 1.000000 1.000000 0.01291349999999999963
390 1.000000 1.000000 0.01423559999999999930
391 1.000000 1.000000 0.01285159999999999948
392 1.000000 1.000000 0.01242479999999999973
393 2.000000 2.000000 0.01187859999999999958
394 1.000000 1.000000 0.01510479999999999982
395 1.000000 1.000000 0.01430520000000000055
396 1.000000 1.000000 0.01506090000000000033
397 2.000000 2.000000 0.01271399999999999961
398 1.000000 1.000000 0.01731109999999999940
399 2.000000 2.000000 0.01506730000000000048
400 1.000000 1.000000 0.01213269999999999973
401 2.000000 2.000000 0.01322270000000000043
402 2.000000 2.000000 0.01565640000000000087
403 2.000000 2.000000 0.01302159999999999949
404 1.000000 1.000000 0.01485590000000000001
405 1.000000 1.000000 0.01490179999999999977
406 2.000000 2.000000 0.01441790000000000085
407 1.000000 1.000000 0.01209730000000000007
408 1.000000 1.000000 0.01236519999999999980
409 1.000000 1.000000 0.01759439999999999962
410 1.000000 1.000000 0.01407530000000000066
411 2.000000 2.000000 0.01382549999999999925
412 2.000000 2.000000 0.02114800000000000013
413 1.000000 1.000000 0.01782579999999999928
414 1.000000 1.000000 0.01674569999999999878
415 1.000000 1.000000 0.01389089999999999943
416 1.000000 1.000000 0.01369599999999999984
417 1.000000 1.000000 0.01326609999999999942
418 2.000000 2.000000 0.01175479999999999928
419 1.000000 1.000000 0.01315329999999999971
420 1.000000 1.000000 0.01171840000000000034
