1 6.000000 6.000000 0.14713390000000001190
2 1.000000 1.000000 0.10287040000000000073
3 1.000000 1.000000 0.07640589999999999882
4 6.000000 6.000000 0.03397929999999999701
5 3.000000 3.000000 0.09086389999999999745
6 3.000000 3.000000 0.01831280000000000061
7 5.000000 5.000000 0.03221489999999999770
8 1.000000 1.000000 0.02209519999999999887
9 4.000000 4.000000 0.01554889999999999918
10 1.000000 1.000000 0.01529570000000000062
11 3.000000 3.000000 0.01406750000000000014
12 6.000000 6.000000 0.03660889999999999977
13 8.000000 8.000000 0.04190610000000000168
14 4.000000 4.000000 0.01430999999999999980
15 1.000000 1.000000 0.01603359999999999855
16 4.000000 4.000000 0.01529119999999999958
17 1.000000 1.000000 0.01543850000000000083
18 4.000000 4.000000 0.01527509999999999979
19 3.000000 3.000000 0.01777010000000000048
20 1.000000 1.000000 0.01513229999999999957
21 5.000000 5.000000 0.02013670000000000043
22 4.000000 4.000000 0.03915849999999999886
23 2.000000 2.000000 0.02868369999999999947
24 1.000000 1.000000 0.03508769999999999945
25 5.000000 5.000000 0.04057720000000000077
26 5.000000 5.000000 0.04272639999999999771
27 2.000000 2.000000 0.01493009999999999997
28 1.000000 1.000000 0.01448130000000000077
29 4.000000 4.000000 0.01750269999999999951
30 1.000000 1.000000 0.01535590000000000045
31 2.000000 2.000000 0.01426430000000000059
32 4.000000 4.000000 0.06711809999999999998
33 1.000000 1.000000 0.01649569999999999856
34 1.000000 1.000000 0.01946900000000000019
35 6.000000 6.000000 0.01738079999999999833
36 1.000000 1.000000 0.01678879999999999956
37 6.000000 6.000000 0.01458729999999999923
38 6.000000 6.000000 0.01459659999999999951
39 1.000000 1.000000 0.05344689999999999858
40 1.000000 1.000000 0.01589209999999999928
41 1.000000 1.000000 0.01868689999999999934
42 2.000000 2.000000 0.01476809999999999928
43 3.000000 3.000000 0.02848820000000000172
44 6.000000 6.000000 0.02081879999999999842
45 6.000000 6.000000 0.01310389999999999992
46 1.000000 1.000000 0.01644690000000000041
47 6.000000 6.000000 0.01400810000000000076
48 1.000000 1.000000 0.02032749999999999835
49 1.000000 1.000000 0.01648209999999999953
50 2.000000 2.000000 0.02259150000000000047
51 4.000000 4.000000 0.02215860000000000052
52 4.000000 4.000000 0.01494529999999999990
53 6.000000 6.000000 0.01671370000000000147
54 1.000000 1.000000 0.01727849999999999872
55 4.000000 4.000000 0.05417790000000000106
56 1.000000 1.000000 0.02078630000000000061
57 5.000000 5.000000 0.02521889999999999896
58 10.000000 10.000000 0.03955890000000000101
59 1.000000 1.000000 0.02703969999999999985
60 2.000000 2.000000 0.03201749999999999735
61 1.000000 1.000000 0.04013209999999999694
62 3.000000 3.000000 0.01347899999999999966
63 9.000000 9.000000 0.01614240000000000119
64 1.000000 1.000000 0.01658679999999999877
65 4.000000 4.000000 0.02353939999999999852
66 9.000000 9.000000 0.01840429999999999844
67 6.000000 6.000000 0.01773140000000000133
68 1.000000 1.000000 0.02198630000000000029
69 1.000000 1.000000 0.01687829999999999886
70 2.000000 2.000000 0.01544599999999999966
71 1.000000 1.000000 0.02471459999999999976
72 4.000000 4.000000 0.01745230000000000045
73 6.000000 6.000000 0.01688510000000000011
74 1.000000 1.000000 0.01724919999999999926
75 4.000000 4.000000 0.01640820000000000126
76 4.000000 4.000000 0.02063049999999999953
77 1.000000 1.000000 0.01813460000000000072
78 7.000000 7.000000 0.01385070000000000051
79 1.000000 1.000000 0.01911150000000000002
80 1.000000 1.000000 0.01921820000000000125
81 4.000000 4.000000 0.01578390000000000001
82 4.000000 4.000000 0.01584769999999999929
83 6.000000 6.000000 0.01468440000000000023
84 4.000000 4.000000 0.01742559999999999942
85 3.000000 3.000000 0.04377360000000000279
86 1.000000 1.000000 0.04276789999999999758
87 4.000000 4.000000 0.03793769999999999781
88 5.000000 5.000000 0.03798189999999999900
89 6.000000 6.000000 0.03652239999999999653
90 9.000000 9.000000 0.04468670000000000281
91 4.000000 4.000000 0.01234670000000000038
92 1.000000 1.000000 0.01484959999999999926
93 6.000000 6.000000 0.01578270000000000020
94 2.000000 2.000000 0.01336520000000000069
95 1.000000 1.000000 0.01753079999999999916
96 1.000000 1.000000 0.01762889999999999943
97 3.000000 3.000000 0.01534289999999999959
98 2.000000 2.000000 0.04489049999999999985
99 2.000000 2.000000 0.01910869999999999930
100 4.000000 4.000000 0.04372260000000000035
101 4.000000 4.000000 0.04376159999999999772
102 1.000000 1.000000 0.04938189999999999941
103 1.000000 1.000000 0.03614839999999999720
104 1.000000 1.000000 0.03650359999999999716
105 1.000000 1.000000 0.04697910000000000280
106 1.000000 1.000000 0.04165320000000000134
107 1.000000 1.000000 0.03115949999999999970
108 2.000000 2.000000 0.04959709999999999813
109 1.000000 1.000000 0.04984380000000000061
110 1.000000 1.000000 0.04582989999999999980
111 1.000000 1.000000 0.02939479999999999871
112 1.000000 1.000000 0.05529660000000000131
113 1.000000 1.000000 0.04383349999999999747
114 1.000000 1.000000 0.04371629999999999960
115 8.000000 8.000000 0.04411289999999999656
116 6.000000 6.000000 0.04308870000000000061
117 7.000000 7.000000 0.04134619999999999962
118 4.000000 4.000000 0.01525999999999999926
119 2.000000 2.000000 0.01601669999999999830
120 4.000000 4.000000 0.01764769999999999880
121 2.000000 2.000000 0.01704589999999999925
122 1.000000 1.000000 0.01518159999999999996
123 6.000000 6.000000 0.01479469999999999917
124 4.000000 4.000000 0.04511869999999999770
125 4.000000 4.000000 0.04531009999999999899
126 3.000000 3.000000 0.03810329999999999967
127 4.000000 4.000000 0.04511930000000000107
128 1.000000 1.000000 0.03863559999999999911
129 6.000000 6.000000 0.04246699999999999781
130 3.000000 3.000000 0.01416159999999999988
131 4.000000 4.000000 0.01476949999999999964
132 4.000000 4.000000 0.02056929999999999870
133 2.000000 2.000000 0.01828410000000000105
134 1.000000 1.000000 0.01697540000000000160
135 6.000000 6.000000 0.01756330000000000044
136 1.000000 1.000000 0.02091849999999999959
137 4.000000 4.000000 0.01478250000000000050
138 1.000000 1.000000 0.01862779999999999991
139 6.000000 6.000000 0.01687500000000000111
140 4.000000 4.000000 0.02230330000000000160
141 6.000000 6.000000 0.01518440000000000067
142 2.000000 2.000000 0.03866420000000000273
143 1.000000 1.000000 0.04360340000000000049
144 4.000000 4.000000 0.04792840000000000295
145 6.000000 6.000000 0.03370549999999999935
146 4.000000 4.000000 0.04590550000000000186
147 4.000000 4.000000 0.01567419999999999924
148 1.000000 1.000000 0.01754980000000000082
149 4.000000 4.000000 0.01367480000000000084
150 6.000000 6.000000 0.01612749999999999947
151 8.000000 8.000000 0.01563389999999999919
152 3.000000 3.000000 0.04437880000000000297
153 1.000000 1.000000 0.03290150000000000019
154 2.000000 2.000000 0.03915020000000000305
155 2.000000 2.000000 0.04996930000000000122
156 1.000000 1.000000 0.04566300000000000220
157 1.000000 1.000000 0.03549530000000000046
158 4.000000 4.000000 0.04039390000000000341
159 1.000000 1.000000 0.04788019999999999776
160 8.000000 8.000000 0.01436969999999999914
161 6.000000 6.000000 0.01580849999999999964
162 10.000000 10.000000 0.01662479999999999861
163 6.000000 6.000000 0.01487770000000000065
164 1.000000 1.000000 0.02111230000000000051
165 1.000000 1.000000 0.01627220000000000055
166 1.000000 1.000000 0.01604560000000000014
167 1.000000 1.000000 0.01580919999999999895
168 2.000000 2.000000 0.01526989999999999945
169 1.000000 1.000000 0.01634060000000000026
170 6.000000 6.000000 0.01830539999999999945
171 6.000000 6.000000 0.05042200000000000154
172 6.000000 6.000000 0.04604250000000000009
173 1.000000 1.000000 0.04303030000000000049
174 1.000000 1.000000 0.02657769999999999924
175 4.000000 4.000000 0.05366660000000000180
176 4.000000 4.000000 0.04599469999999999947
177 6.000000 6.000000 0.04646449999999999886
178 10.000000 10.000000 0.01358299999999999959
179 1.000000 1.000000 0.01589300000000000088
180 1.000000 1.000000 0.01606760000000000133
181 1.000000 1.000000 0.01642679999999999835
182 6.000000 6.000000 0.01666139999999999982
183 1.000000 1.000000 0.01797709999999999933
184 1.000000 1.000000 0.04770900000000000141
185 4.000000 4.000000 0.01488369999999999971
186 2.000000 2.000000 0.01788659999999999903
187 6.000000 6.000000 0.01696759999999999935
188 8.000000 8.000000 0.01226260000000000024
189 6.000000 6.000000 0.05026769999999999849
190 8.000000 8.000000 0.05233059999999999795
191 1.000000 1.000000 0.05320439999999999892
192 8.000000 8.000000 0.05338790000000000202
193 5.000000 5.000000 0.04615960000000000202
194 4.000000 4.000000 0.01655910000000000021
195 7.000000 7.000000 0.01462860000000000028
196 3.000000 3.000000 0.01314150000000000040
197 1.000000 1.000000 0.05279910000000000159
198 8.000000 8.000000 0.04878740000000000160
199 2.000000 2.000000 0.04978010000000000074
200 4.000000 4.000000 0.04715069999999999678
201 8.000000 8.000000 0.04993550000000000072
202 1.000000 1.000000 0.05439730000000000260
203 2.000000 2.000000 0.01419139999999999985
204 1.000000 1.000000 0.01786859999999999837
205 4.000000 4.000000 0.01592500000000000165
206 1.000000 1.000000 0.06437930000000000041
207 1.000000 1.000000 0.05207799999999999929
208 3.000000 3.000000 0.04942749999999999921
209 4.000000 4.000000 0.01685299999999999992
210 4.000000 4.000000 0.01745980000000000101
211 4.000000 4.000000 0.01389489999999999996
212 2.000000 2.000000 0.01384149999999999964
213 6.000000 6.000000 0.05215270000000000322
214 8.000000 8.000000 0.05454910000000000314
215 1.000000 1.000000 0.05180889999999999801
216 3.000000 3.000000 0.04323020000000000335
217 10.000000 10.000000 0.05677449999999999858
218 4.000000 4.000000 0.05148799999999999905
219 1.000000 1.000000 0.05873939999999999717
220 6.000000 6.000000 0.01977929999999999966
221 1.000000 1.000000 0.05382409999999999972
222 1.000000 1.000000 0.05033979999999999705
223 1.000000 1.000000 0.05647289999999999949
224 2.000000 2.000000 0.05294490000000000307
225 1.000000 1.000000 0.05055319999999999953
226 6.000000 6.000000 0.01345720000000000076
227 4.000000 4.000000 0.01620999999999999872
228 6.000000 6.000000 0.01360180000000000070
229 3.000000 3.000000 0.01393149999999999944
230 1.000000 1.000000 0.05368959999999999705
231 3.000000 3.000000 0.05085049999999999987
232 4.000000 4.000000 0.05896040000000000308
233 6.000000 6.000000 0.06222919999999999841
234 8.000000 8.000000 0.05557120000000000115
235 1.000000 1.000000 0.05265439999999999704
236 9.000000 9.000000 0.06201770000000000199
237 6.000000 6.000000 0.06507939999999999559
238 9.000000 9.000000 0.07247910000000000463
239 13.000000 13.000000 0.06581929999999999725
240 6.000000 6.000000 0.05512639999999999901
241 2.000000 2.000000 0.05809609999999999774
242 3.000000 3.000000 0.01452980000000000070
243 4.000000 4.000000 0.01583990000000000051
244 2.000000 2.000000 0.01823220000000000049
245 1.000000 1.000000 0.01632609999999999964
246 2.000000 2.000000 0.01398970000000000075
247 8.000000 8.000000 0.01529669999999999988
248 4.000000 4.000000 0.05080049999999999844
249 6.000000 6.000000 0.04862589999999999968
250 1.000000 1.000000 0.05019769999999999788
251 4.000000 4.000000 0.04608879999999999921
252 1.000000 1.000000 0.05661839999999999928
253 1.000000 1.000000 0.04921609999999999874
254 1.000000 1.000000 0.01590369999999999978
255 1.000000 1.000000 0.01571120000000000155
256 6.000000 6.000000 0.01554529999999999974
257 1.000000 1.000000 0.01587620000000000003
258 6.000000 6.000000 0.01440540000000000050
259 1.000000 1.000000 0.01390120000000000071
260 1.000000 1.000000 0.01519359999999999981
261 7.000000 7.000000 0.01294879999999999989
262 6.000000 6.000000 0.04994679999999999953
263 3.000000 3.000000 0.04562940000000000051
264 4.000000 4.000000 0.04847459999999999963
265 1.000000 1.000000 0.05030450000000000199
266 1.000000 1.000000 0.05012130000000000057
267 6.000000 6.000000 0.01543940000000000069
268 1.000000 1.000000 0.01555920000000000046
269 2.000000 2.000000 0.01539929999999999945
270 1.000000 1.000000 0.01559239999999999932
271 1.000000 1.000000 0.01583849999999999841
272 7.000000 7.000000 0.01495980000000000053
273 8.000000 8.000000 0.04746170000000000250
274 4.000000 4.000000 0.05229670000000000152
275 1.000000 1.000000 0.05818210000000000048
276 4.000000 4.000000 0.04786630000000000051
277 4.000000 4.000000 0.04794960000000000194
278 1.000000 1.000000 0.04696569999999999911
279 4.000000 4.000000 0.01482510000000000078
280 4.000000 4.000000 0.01480670000000000076
281 1.000000 1.000000 0.01500340000000000007
282 6.000000 6.000000 0.01377270000000000057
283 1.000000 1.000000 0.01397160000000000069
284 1.000000 1.000000 0.05299949999999999800
285 1.000000 1.000000 0.04812589999999999923
286 1.000000 1.000000 0.05137839999999999768
287 6.000000 6.000000 0.04660949999999999815
288 3.000000 3.000000 0.04750650000000000012
289 6.000000 6.000000 0.01290460000000000045
290 1.000000 1.000000 0.01795510000000000161
291 1.000000 1.000000 0.01500270000000000076
292 4.000000 4.000000 0.01508589999999999931
293 4.000000 4.000000 0.01668050000000000088
294 1.000000 1.000000 0.01564609999999999959
295 1.000000 1.000000 0.05194300000000000306
296 5.000000 5.000000 0.04564039999999999764
297 3.000000 3.000000 0.03631419999999999787
298 1.000000 1.000000 0.04801239999999999675
299 6.000000 6.000000 0.01427709999999999917
300 4.000000 4.000000 0.01466010000000000056
301 4.000000 4.000000 0.01511370000000000074
302 3.000000 3.000000 0.01305730000000000085
303 6.000000 6.000000 0.04777449999999999752
304 2.000000 2.000000 0.05028160000000000268
305 6.000000 6.000000 0.04606579999999999703
306 1.000000 1.000000 0.04881010000000000210
307 1.000000 1.000000 0.01653620000000000090
308 6.000000 6.000000 0.01370679999999999989
309 7.000000 7.000000 0.01359319999999999973
310 6.000000 6.000000 0.01563379999999999978
311 2.000000 2.000000 0.04909589999999999788
312 1.000000 1.000000 0.04740189999999999682
313 6.000000 6.000000 0.04788459999999999939
314 6.000000 6.000000 0.04934439999999999660
315 9.000000 9.000000 0.01370859999999999961
316 6.000000 6.000000 0.01491720000000000025
317 2.000000 2.000000 0.01405439999999999988
318 1.000000 1.000000 0.01572010000000000074
319 8.000000 8.000000 0.01649520000000000153
320 1.000000 1.000000 0.01834229999999999888
321 4.000000 4.000000 0.01585080000000000169
322 4.000000 4.000000 0.04804560000000000081
323 1.000000 1.000000 0.04686830000000000163
324 1.000000 1.000000 0.04761259999999999798
325 1.000000 1.000000 0.04696519999999999861
326 1.000000 1.000000 0.05129500000000000032
327 6.000000 6.000000 0.04908529999999999838
328 2.000000 2.000000 0.01845870000000000150
329 6.000000 6.000000 0.01344839999999999924
330 1.000000 1.000000 0.01882779999999999870
331 1.000000 1.000000 0.01675369999999999984
332 4.000000 4.000000 0.01601529999999999967
333 2.000000 2.000000 0.01449319999999999949
334 1.000000 1.000000 0.04848330000000000001
335 4.000000 4.000000 0.05022879999999999706
336 3.000000 3.000000 0.04534169999999999867
337 1.000000 1.000000 0.04867029999999999967
338 1.000000 1.000000 0.04854990000000000000
339 3.000000 3.000000 0.01472829999999999973
340 4.000000 4.000000 0.01815900000000000153
341 4.000000 4.000000 0.01659849999999999867
342 6.000000 6.000000 0.01586320000000000091
343 1.000000 1.000000 0.01883539999999999867
344 1.000000 1.000000 0.01398469999999999921
345 1.000000 1.000000 0.01476129999999999977
346 3.000000 3.000000 0.01429809999999999935
347 1.000000 1.000000 0.05004159999999999858
348 5.000000 5.000000 0.04610190000000000121
349 4.000000 4.000000 0.04629370000000000013
350 3.000000 3.000000 0.01483199999999999970
351 6.000000 6.000000 0.01462849999999999914
352 6.000000 6.000000 0.01349339999999999914
353 6.000000 6.000000 0.01341739999999999947
354 10.000000 10.000000 0.04826119999999999716
355 2.000000 2.000000 0.05033150000000000124
356 4.000000 4.000000 0.04837729999999999808
357 1.000000 1.000000 0.05170949999999999852
358 1.000000 1.000000 0.04908679999999999988
359 1.000000 1.000000 0.04687840000000000062
360 4.000000 4.000000 0.01474649999999999919
361 4.000000 4.000000 0.01479959999999999956
362 1.000000 1.000000 0.01584019999999999873
363 8.000000 8.000000 0.01392320000000000016
364 7.000000 7.000000 0.01329609999999999993
365 4.000000 4.000000 0.04847889999999999838
366 4.000000 4.000000 0.04918949999999999712
367 8.000000 8.000000 0.04932480000000000198
368 4.000000 4.000000 0.01472960000000000068
369 4.000000 4.000000 0.01452379999999999990
370 6.000000 6.000000 0.01348889999999999985
371 4.000000 4.000000 0.01463710000000000011
372 6.000000 6.000000 0.04659769999999999884
373 4.000000 4.000000 0.05014140000000000263
374 2.000000 2.000000 0.04730729999999999658
375 6.000000 6.000000 0.05024970000000000131
376 10.000000 10.000000 0.01296880000000000081
377 1.000000 1.000000 0.01520359999999999941
378 1.000000 1.000000 0.01622830000000000106
379 3.000000 3.000000 0.02289400000000000115
380 1.000000 1.000000 0.01555929999999999987
381 2.000000 2.000000 0.01424190000000000005
382 6.000000 6.000000 0.01321040000000000061
383 1.000000 1.000000 0.01655260000000000065
384 4.000000 4.000000 0.04835930000000000090
385 1.000000 1.000000 0.05035909999999999692
386 6.000000 6.000000 0.05143059999999999993
387 8.000000 8.000000 0.04701729999999999798
388 4.000000 4.000000 0.05023249999999999937
389 1.000000 1.000000 0.04753170000000000311
390 8.000000 8.000000 0.01181500000000000085
391 1.000000 1.000000 0.01580929999999999835
392 5.000000 5.000000 0.01598350000000000118
393 4.000000 4.000000 0.01499580000000000010
394 2.000000 2.000000 0.01363089999999999961
395 1.000000 1.000000 0.04533890000000000142
396 3.000000 3.000000 0.05025799999999999712
397 4.000000 4.000000 0.04260880000000000223
398 4.000000 4.000000 0.05100760000000000016
399 1.000000 1.000000 0.04816850000000000298
400 4.000000 4.000000 0.01523790000000000040
401 4.000000 4.000000 0.01462540000000000021
402 9.000000 9.000000 0.01427010000000000084
403 4.000000 4.000000 0.01419480000000000047
404 1.000000 1.000000 0.01583630000000000107
405 2.000000 2.000000 0.05024710000000000287
406 4.000000 4.000000 0.04703260000000000080
407 1.000000 1.000000 0.04827789999999999859
408 1.000000 1.000000 0.04815730000000000011
409 5.000000 5.000000 0.04603970000000000284
410 9.000000 9.000000 0.01548929999999999925
411 4.000000 4.000000 0.01401039999999999924
412 1.000000 1.000000 0.01701520000000000116
413 1.000000 1.000000 0.01867610000000000103
414 1.000000 1.000000 0.01522920000000000003
415 1.000000 1.000000 0.01729179999999999953
416 1.000000 1.000000 0.01678299999999999931
417 1.000000 1.000000 0.01792600000000000096
418 2.000000 2.000000 0.01481269999999999983
419 9.000000 9.000000 0.05139610000000000012
420 4.000000 4.000000 0.04885319999999999940
