1 22.000000 22.000000 0.31432599999999999429
2 27.000000 27.000000 0.18829979999999998941
3 13.000000 13.000000 0.18643589999999998774
4 31.000000 31.000000 0.07467319999999999514
5 1.000000 1.000000 0.42256539999999997992
6 1.000000 1.000000 0.38403639999999999999
7 40.000000 40.000000 0.02343320000000000125
8 28.000000 28.000000 0.09913740000000000052
9 13.000000 13.000000 0.26385940000000002170
10 29.000000 29.000000 0.07185439999999999883
11 12.000000 12.000000 0.25387830000000000119
12 10.000000 10.000000 0.25602039999999998132
13 1.000000 1.000000 0.36650199999999999445
14 40.000000 40.000000 0.06726160000000000472
15 24.000000 24.000000 0.07169699999999999684
16 21.000000 21.000000 0.04875499999999999973
17 8.000000 8.000000 0.25230459999999998999
18 6.000000 6.000000 0.17788090000000000845
19 9.000000 9.000000 0.03876570000000000016
20 15.000000 15.000000 0.12328609999999999569
21 1.000000 1.000000 0.29634549999999998393
22 11.000000 11.000000 0.15545619999999998884
23 34.000000 34.000000 0.05504660000000000108
24 15.000000 15.000000 0.09255009999999999626
25 24.000000 24.000000 0.01528859999999999941
26 17.000000 17.000000 0.07140699999999999825
27 13.000000 13.000000 0.16918639999999998680
28 8.000000 8.000000 0.13453139999999999543
29 15.000000 15.000000 0.08545619999999999605
30 10.000000 10.000000 0.14438360000000000083
31 5.000000 5.000000 0.09518709999999999671
32 17.000000 17.000000 0.04097399999999999654
33 23.000000 23.000000 0.05448329999999999840
34 1.000000 1.000000 0.26926020000000000509
35 1.000000 1.000000 0.22440160000000000662
36 25.000000 25.000000 0.01668189999999999951
37 13.000000 13.000000 0.06749059999999999782
38 10.000000 10.000000 0.01515339999999999916
39 13.000000 13.000000 0.11274889999999999912
40 9.000000 9.000000 0.08131990000000000052
41 39.000000 39.000000 0.01600019999999999915
42 19.000000 19.000000 0.10930800000000000238
43 6.000000 6.000000 0.05556380000000000347
44 1.000000 1.000000 0.24289979999999999905
45 9.000000 9.000000 0.11461889999999999579
46 25.000000 25.000000 0.12034340000000000315
47 20.000000 20.000000 0.02342819999999999972
48 22.000000 22.000000 0.06587780000000000025
49 23.000000 23.000000 0.10683460000000000178
50 29.000000 29.000000 0.02560990000000000141
51 12.000000 12.000000 0.03068879999999999872
52 30.000000 30.000000 0.05214219999999999966
53 8.000000 8.000000 0.02215189999999999867
54 24.000000 24.000000 0.06264100000000000223
55 18.000000 18.000000 0.03897230000000000139
56 14.000000 14.000000 0.08484519999999999562
57 32.000000 32.000000 0.05910370000000000207
58 4.000000 4.000000 0.07593690000000000162
59 8.000000 8.000000 0.20777960000000000873
60 24.000000 24.000000 0.03181219999999999881
61 31.000000 31.000000 0.02413879999999999845
62 22.000000 22.000000 0.02154649999999999968
63 18.000000 18.000000 0.04296880000000000144
64 19.000000 19.000000 0.07427670000000000106
65 12.000000 12.000000 0.02431569999999999912
66 16.000000 16.000000 0.05699019999999999780
67 27.000000 27.000000 0.01935769999999999852
68 25.000000 25.000000 0.01817440000000000028
69 18.000000 18.000000 0.03928679999999999672
70 1.000000 1.000000 0.15536759999999999460
71 13.000000 13.000000 0.02599670000000000106
72 14.000000 14.000000 0.07799920000000000464
73 30.000000 30.000000 0.01789670000000000150
74 8.000000 8.000000 0.11754520000000000246
75 10.000000 10.000000 0.13434619999999999895
76 2.000000 2.000000 0.12175139999999999574
77 12.000000 12.000000 0.05561460000000000015
78 1.000000 1.000000 0.22460779999999999634
79 7.000000 7.000000 0.08731010000000000160
80 1.000000 1.000000 0.17557470000000000021
81 1.000000 1.000000 0.18782709999999999684
82 22.000000 22.000000 0.05629680000000000101
83 42.000000 42.000000 0.01968949999999999867
84 1.000000 1.000000 0.15200089999999999435
85 1.000000 1.000000 0.16769200000000000772
86 5.000000 5.000000 0.04118700000000000139
87 12.000000 12.000000 0.11211039999999999894
88 18.000000 18.000000 0.01531459999999999939
89 15.000000 15.000000 0.02707019999999999912
90 26.000000 26.000000 0.06338219999999999965
91 1.000000 1.000000 0.17657149999999999235
92 25.000000 25.000000 0.04551329999999999959
93 22.000000 22.000000 0.05350370000000000126
94 1.000000 1.000000 0.18326129999999998810
95 12.000000 12.000000 0.05849209999999999826
96 12.000000 12.000000 0.01538609999999999978
97 11.000000 11.000000 0.07856499999999999595
98 44.000000 44.000000 0.02511590000000000003
99 1.000000 1.000000 0.16003180000000000183
100 1.000000 1.000000 0.17931179999999999342
101 11.000000 11.000000 0.03169539999999999857
102 16.000000 16.000000 0.02414190000000000086
103 8.000000 8.000000 0.12806039999999999091
104 1.000000 1.000000 0.15707499999999999241
105 23.000000 23.000000 0.03789519999999999694
106 1.000000 1.000000 0.14413799999999998835
107 22.000000 22.000000 0.03639320000000000055
108 27.000000 27.000000 0.03385969999999999952
109 1.000000 1.000000 0.15278479999999999839
110 21.000000 21.000000 0.02088949999999999835
111 30.000000 30.000000 0.06299269999999999869
112 37.000000 37.000000 0.05577340000000000075
113 1.000000 1.000000 0.21474360000000000670
114 10.000000 10.000000 0.16411670000000000424
115 15.000000 15.000000 0.17120289999999999120
116 1.000000 1.000000 0.17623669999999999614
117 13.000000 13.000000 0.02279379999999999948
118 10.000000 10.000000 0.18781880000000000797
119 20.000000 20.000000 0.05025589999999999918
120 21.000000 21.000000 0.04311729999999999730
121 10.000000 10.000000 0.14387240000000001139
122 23.000000 23.000000 0.03770590000000000053
123 28.000000 28.000000 0.03673640000000000239
124 15.000000 15.000000 0.01643460000000000060
125 16.000000 16.000000 0.02008129999999999984
126 19.000000 19.000000 0.10748059999999999559
127 34.000000 34.000000 0.01806419999999999901
128 26.000000 26.000000 0.03919650000000000217
129 2.000000 2.000000 0.11168509999999999549
130 23.000000 23.000000 0.05471349999999999825
131 13.000000 13.000000 0.10892519999999999980
132 1.000000 1.000000 0.17432849999999999735
133 1.000000 1.000000 0.16148599999999999066
134 1.000000 1.000000 0.17359840000000001381
135 34.000000 34.000000 0.03744959999999999956
136 17.000000 17.000000 0.04519360000000000044
137 14.000000 14.000000 0.15161769999999999414
138 35.000000 35.000000 0.02678379999999999997
139 16.000000 16.000000 0.06888619999999999466
140 10.000000 10.000000 0.10616369999999999973
141 20.000000 20.000000 0.01744220000000000145
142 1.000000 1.000000 0.16555719999999998771
143 31.000000 31.000000 0.04893720000000000014
144 4.000000 4.000000 0.01854379999999999917
145 27.000000 27.000000 0.01804709999999999995
146 15.000000 15.000000 0.10293910000000000560
147 8.000000 8.000000 0.12008910000000000418
148 1.000000 1.000000 0.26508209999999998718
149 8.000000 8.000000 0.19030199999999999894
150 1.000000 1.000000 0.39167849999999998500
151 8.000000 8.000000 0.25369720000000001159
152 14.000000 14.000000 0.02388190000000000104
153 8.000000 8.000000 0.18656659999999999910
154 11.000000 11.000000 0.10658140000000000669
155 1.000000 1.000000 0.24540439999999999476
156 10.000000 10.000000 0.19231960000000000721
157 11.000000 11.000000 0.08544490000000000418
158 8.000000 8.000000 0.12913099999999999579
159 33.000000 33.000000 0.01630650000000000155
160 1.000000 1.000000 0.16875309999999998922
161 10.000000 10.000000 0.01923499999999999863
162 18.000000 18.000000 0.08353430000000000577
163 3.000000 3.000000 0.05512580000000000258
164 26.000000 26.000000 0.01699569999999999900
165 21.000000 21.000000 0.04322129999999999722
166 21.000000 21.000000 0.02891579999999999845
167 28.000000 28.000000 0.02470249999999999876
168 6.000000 6.000000 0.14278979999999999451
169 25.000000 25.000000 0.02747609999999999983
170 16.000000 16.000000 0.05692110000000000225
171 12.000000 12.000000 0.04465279999999999944
172 10.000000 10.000000 0.16830280000000000240
173 10.000000 10.000000 0.21147679999999999256
174 16.000000 16.000000 0.03307759999999999867
175 21.000000 21.000000 0.03472109999999999780
176 22.000000 22.000000 0.05111929999999999946
177 1.000000 1.000000 0.16027610000000000468
178 8.000000 8.000000 0.27549659999999998039
179 18.000000 18.000000 0.04161569999999999853
180 24.000000 24.000000 0.11422830000000000483
181 16.000000 16.000000 0.10701710000000000389
182 10.000000 10.000000 0.16087460000000000648
183 20.000000 20.000000 0.05570449999999999707
184 17.000000 17.000000 0.12157099999999999851
185 22.000000 22.000000 0.11388919999999999599
186 10.000000 10.000000 0.04109480000000000077
187 1.000000 1.000000 0.17239050000000000207
188 1.000000 1.000000 0.22952780000000000404
189 26.000000 26.000000 0.06995709999999999429
190 8.000000 8.000000 0.04368450000000000111
191 11.000000 11.000000 0.04754169999999999924
192 4.000000 4.000000 0.13236110000000000930
193 27.000000 27.000000 0.02084729999999999916
194 13.000000 13.000000 0.05385390000000000316
195 27.000000 27.000000 0.01407830000000000019
196 23.000000 23.000000 0.09948229999999999573
197 20.000000 20.000000 0.06027779999999999944
198 11.000000 11.000000 0.04840490000000000070
199 21.000000 21.000000 0.02349820000000000034
200 1.000000 1.000000 0.22140979999999998995
201 24.000000 24.000000 0.03382949999999999846
202 10.000000 10.000000 0.15521820000000000062
203 1.000000 1.000000 0.20337849999999998984
204 1.000000 1.000000 0.22436310000000000975
205 29.000000 29.000000 0.03379630000000000134
206 24.000000 24.000000 0.03513320000000000332
207 17.000000 17.000000 0.01166189999999999935
208 40.000000 40.000000 0.02493949999999999986
209 13.000000 13.000000 0.02174769999999999828
210 1.000000 1.000000 0.17296570000000000000
211 33.000000 33.000000 0.03500219999999999720
212 20.000000 20.000000 0.04468720000000000331
213 1.000000 1.000000 0.15804529999999999967
214 1.000000 1.000000 0.18327920000000000322
215 30.000000 30.000000 0.03312400000000000067
216 4.000000 4.000000 0.05412940000000000113
217 10.000000 10.000000 0.13214029999999998832
218 10.000000 10.000000 0.12844939999999999136
219 1.000000 1.000000 0.16215620000000000034
220 5.000000 5.000000 0.01361880000000000035
221 28.000000 28.000000 0.01977179999999999910
222 13.000000 13.000000 0.09808179999999999676
223 18.000000 18.000000 0.03979200000000000098
224 27.000000 27.000000 0.01414409999999999973
225 21.000000 21.000000 0.01517459999999999989
226 1.000000 1.000000 0.16601029999999999953
227 12.000000 12.000000 0.10664479999999999793
228 6.000000 6.000000 0.03559960000000000208
229 1.000000 1.000000 0.15576660000000000506
230 32.000000 32.000000 0.03831799999999999790
231 8.000000 8.000000 0.11183250000000000135
232 11.000000 11.000000 0.08530949999999999644
233 1.000000 1.000000 0.16209460000000000535
234 10.000000 10.000000 0.12812280000000000890
235 18.000000 18.000000 0.03546559999999999990
236 33.000000 33.000000 0.01993340000000000042
237 25.000000 25.000000 0.01374359999999999991
238 17.000000 17.000000 0.01989749999999999852
239 16.000000 16.000000 0.05398089999999999833
240 19.000000 19.000000 0.03199359999999999704
241 1.000000 1.000000 0.14858930000000000748
242 32.000000 32.000000 0.02025860000000000161
243 4.000000 4.000000 0.03851199999999999762
244 19.000000 19.000000 0.02830529999999999852
245 18.000000 18.000000 0.01694139999999999882
246 8.000000 8.000000 0.12510340000000000349
247 1.000000 1.000000 0.15823740000000000028
248 1.000000 1.000000 0.17773069999999999147
249 10.000000 10.000000 0.10551649999999999918
250 18.000000 18.000000 0.12488470000000000126
251 10.000000 10.000000 0.18840429999999999677
252 10.000000 10.000000 0.07867580000000000406
253 13.000000 13.000000 0.11051829999999999987
254 29.000000 29.000000 0.03580370000000000080
255 19.000000 19.000000 0.05871889999999999749
256 1.000000 1.000000 0.18599199999999999067
257 10.000000 10.000000 0.15835040000000000227
258 8.000000 8.000000 0.13015430000000000055
259 7.000000 7.000000 0.04272249999999999659
260 10.000000 10.000000 0.13684080000000001243
261 4.000000 4.000000 0.02714199999999999946
262 1.000000 1.000000 0.17499280000000000390
263 29.000000 29.000000 0.03269249999999999934
264 10.000000 10.000000 0.01687299999999999911
265 41.000000 41.000000 0.01663869999999999932
266 10.000000 10.000000 0.01762760000000000021
267 17.000000 17.000000 0.09335530000000000217
268 8.000000 8.000000 0.01669090000000000157
269 7.000000 7.000000 0.08482000000000000650
270 5.000000 5.000000 0.01360180000000000070
271 1.000000 1.000000 0.17303450000000000775
272 28.000000 28.000000 0.05347149999999999820
273 24.000000 24.000000 0.01672830000000000150
274 8.000000 8.000000 0.11252470000000000527
275 1.000000 1.000000 0.19725860000000000616
276 7.000000 7.000000 0.02271509999999999849
277 26.000000 26.000000 0.01596030000000000018
278 18.000000 18.000000 0.10456390000000000129
279 29.000000 29.000000 0.05304310000000000275
280 35.000000 35.000000 0.02307040000000000132
281 25.000000 25.000000 0.02769579999999999959
282 35.000000 35.000000 0.01935419999999999849
283 18.000000 18.000000 0.02206889999999999893
284 12.000000 12.000000 0.07437739999999999629
285 2.000000 2.000000 0.14159289999999999377
286 8.000000 8.000000 0.07920530000000000626
287 19.000000 19.000000 0.08096090000000000231
288 38.000000 38.000000 0.01867510000000000003
289 26.000000 26.000000 0.04821369999999999822
290 12.000000 12.000000 0.03176729999999999832
291 29.000000 29.000000 0.03692859999999999893
292 30.000000 30.000000 0.02501799999999999857
293 12.000000 12.000000 0.11789990000000000192
294 4.000000 4.000000 0.02167219999999999910
295 22.000000 22.000000 0.04529450000000000143
296 19.000000 19.000000 0.09574660000000000115
297 16.000000 16.000000 0.03582760000000000111
298 12.000000 12.000000 0.02921330000000000107
299 8.000000 8.000000 0.13041969999999999952
300 23.000000 23.000000 0.04749810000000000143
301 10.000000 10.000000 0.17755350000000000299
302 1.000000 1.000000 0.16940330000000000665
303 15.000000 15.000000 0.06465709999999999513
304 32.000000 32.000000 0.04252460000000000268
305 36.000000 36.000000 0.02337169999999999873
306 14.000000 14.000000 0.09616979999999999973
307 28.000000 28.000000 0.02029399999999999954
308 14.000000 14.000000 0.09409860000000000446
309 13.000000 13.000000 0.04340340000000000170
310 19.000000 19.000000 0.01799649999999999861
311 4.000000 4.000000 0.01652429999999999871
312 19.000000 19.000000 0.02073780000000000068
313 21.000000 21.000000 0.04333080000000000265
314 1.000000 1.000000 0.16396610000000000351
315 30.000000 30.000000 0.02969489999999999977
316 4.000000 4.000000 0.01542289999999999980
317 8.000000 8.000000 0.09020839999999999415
318 27.000000 27.000000 0.02288530000000000078
319 31.000000 31.000000 0.05041570000000000079
320 8.000000 8.000000 0.09754119999999999457
321 12.000000 12.000000 0.04739929999999999838
322 6.000000 6.000000 0.09324250000000000593
323 1.000000 1.000000 0.19240270000000000983
324 15.000000 15.000000 0.08609450000000000436
325 1.000000 1.000000 0.17055290000000000727
326 30.000000 30.000000 0.04027929999999999705
327 15.000000 15.000000 0.06496830000000000660
328 21.000000 21.000000 0.02791189999999999991
329 19.000000 19.000000 0.01625450000000000159
330 1.000000 1.000000 0.16368940000000001267
331 18.000000 18.000000 0.06411409999999999332
332 8.000000 8.000000 0.13178790000000001337
333 14.000000 14.000000 0.04667759999999999965
334 10.000000 10.000000 0.01701729999999999909
335 1.000000 1.000000 0.15711700000000000665
336 26.000000 26.000000 0.01320349999999999996
337 46.000000 46.000000 0.01811830000000000038
338 12.000000 12.000000 0.09784900000000000542
339 10.000000 10.000000 0.05068929999999999964
340 12.000000 12.000000 0.03100369999999999862
341 18.000000 18.000000 0.02285629999999999953
342 13.000000 13.000000 0.08530680000000000207
343 15.000000 15.000000 0.01618319999999999828
344 10.000000 10.000000 0.04080380000000000118
345 8.000000 8.000000 0.13758000000000000784
346 1.000000 1.000000 0.17037040000000000517
347 1.000000 1.000000 0.17592450000000001142
348 6.000000 6.000000 0.11326260000000000494
349 8.000000 8.000000 0.13098509999999999320
350 1.000000 1.000000 0.16419269999999999698
351 24.000000 24.000000 0.01439419999999999936
352 8.000000 8.000000 0.13461319999999998842
353 16.000000 16.000000 0.02255659999999999957
354 10.000000 10.000000 0.10154470000000000163
355 28.000000 28.000000 0.01700650000000000078
356 5.000000 5.000000 0.01669030000000000166
357 8.000000 8.000000 0.12810620000000000340
358 25.000000 25.000000 0.02691479999999999914
359 8.000000 8.000000 0.14102049999999999308
360 25.000000 25.000000 0.03958629999999999788
361 19.000000 19.000000 0.06402639999999999720
362 9.000000 9.000000 0.01360699999999999930
363 14.000000 14.000000 0.09556399999999999617
364 7.000000 7.000000 0.05956609999999999683
365 20.000000 20.000000 0.03725309999999999733
366 8.000000 8.000000 0.12473510000000000153
367 1.000000 1.000000 0.16567390000000001282
368 18.000000 18.000000 0.05645870000000000055
369 15.000000 15.000000 0.07183770000000000433
370 20.000000 20.000000 0.01733289999999999831
371 29.000000 29.000000 0.01803640000000000104
372 41.000000 41.000000 0.03004060000000000064
373 36.000000 36.000000 0.03043770000000000156
374 15.000000 15.000000 0.01630329999999999974
375 7.000000 7.000000 0.09749560000000000171
376 32.000000 32.000000 0.01788750000000000062
377 12.000000 12.000000 0.10102070000000000494
378 24.000000 24.000000 0.02030919999999999948
379 21.000000 21.000000 0.02702529999999999863
380 15.000000 15.000000 0.04181100000000000094
381 34.000000 34.000000 0.03091570000000000082
382 1.000000 1.000000 0.16451040000000000108
383 26.000000 26.000000 0.02369599999999999831
384 19.000000 19.000000 0.06160510000000000291
385 26.000000 26.000000 0.03041649999999999909
386 10.000000 10.000000 0.13491890000000000827
387 10.000000 10.000000 0.16374079999999999191
388 6.000000 6.000000 0.11918529999999999403
389 30.000000 30.000000 0.02191819999999999879
390 29.000000 29.000000 0.06389530000000000209
391 25.000000 25.000000 0.02766669999999999893
392 3.000000 3.000000 0.02112280000000000060
393 7.000000 7.000000 0.10726310000000000011
394 33.000000 33.000000 0.02284860000000000016
395 1.000000 1.000000 0.19283970000000000278
396 20.000000 20.000000 0.02499490000000000045
397 11.000000 11.000000 0.10888449999999999518
398 24.000000 24.000000 0.08116220000000000379
399 6.000000 6.000000 0.14750289999999999235
400 14.000000 14.000000 0.10398570000000000035
401 26.000000 26.000000 0.03290610000000000063
402 20.000000 20.000000 0.03619929999999999676
403 18.000000 18.000000 0.03231520000000000226
404 8.000000 8.000000 0.12388349999999999362
405 18.000000 18.000000 0.09386150000000000049
406 13.000000 13.000000 0.04194969999999999949
407 15.000000 15.000000 0.06985009999999999830
408 14.000000 14.000000 0.09432559999999999556
409 1.000000 1.000000 0.19725929999999999853
410 12.000000 12.000000 0.14859120000000000661
411 1.000000 1.000000 0.17077080000000000037
412 1.000000 1.000000 0.15958790000000000475
413 12.000000 12.000000 0.07623860000000000359
414 19.000000 19.000000 0.03993499999999999828
415 18.000000 18.000000 0.07421840000000000381
416 34.000000 34.000000 0.02455900000000000097
417 14.000000 14.000000 0.09265270000000000450
418 9.000000 9.000000 0.02167070000000000107
419 6.000000 6.000000 0.02265400000000000053
420 4.000000 4.000000 0.02527969999999999870
