1 13.000000 12.000000 0.38737199999999999411
2 12.000000 12.000000 0.09448389999999999567
3 13.000000 12.000000 0.04304560000000000330
4 13.000000 11.000000 0.09382749999999999424
5 12.000000 11.000000 0.14987049999999998984
6 13.000000 11.000000 0.02692200000000000149
7 11.000000 11.000000 0.02523289999999999908
8 14.000000 12.000000 0.04794090000000000157
9 13.000000 11.000000 0.01991060000000000052
10 14.000000 12.000000 0.05466929999999999706
11 12.000000 11.000000 0.01848210000000000131
12 13.000000 12.000000 0.02700019999999999851
13 12.000000 11.000000 0.02207670000000000118
14 13.000000 12.000000 0.02104709999999999914
15 11.000000 11.000000 0.02069959999999999856
16 12.000000 11.000000 0.01799239999999999867
17 12.000000 11.000000 0.01964880000000000099
18 12.000000 12.000000 0.02212920000000000165
19 10.000000 10.000000 0.11353430000000000466
20 12.000000 12.000000 0.02249910000000000104
21 13.000000 12.000000 0.06102119999999999767
22 11.000000 11.000000 0.05090530000000000055
23 10.000000 10.000000 0.06434620000000000617
24 11.000000 11.000000 0.02990589999999999915
25 10.000000 10.000000 0.06625100000000000433
26 14.000000 12.000000 0.01995620000000000033
27 12.000000 11.000000 0.08077040000000000608
28 12.000000 12.000000 0.01865860000000000088
29 12.000000 11.000000 0.01733830000000000093
30 11.000000 11.000000 0.02294150000000000009
31 13.000000 12.000000 0.02440130000000000077
32 12.000000 12.000000 0.02524289999999999867
33 11.000000 11.000000 0.01834919999999999954
34 10.000000 10.000000 0.02228339999999999835
35 10.000000 10.000000 0.01998520000000000157
36 10.000000 10.000000 0.02408470000000000055
37 11.000000 11.000000 0.01780440000000000147
38 14.000000 12.000000 0.02130949999999999858
39 13.000000 12.000000 0.02663940000000000058
40 13.000000 11.000000 0.02309220000000000023
41 13.000000 12.000000 0.02309730000000000116
42 13.000000 12.000000 0.10802440000000000653
43 12.000000 11.000000 0.07106709999999999416
44 12.000000 11.000000 0.07340610000000000190
45 12.000000 11.000000 0.03008020000000000138
46 11.000000 11.000000 0.02389629999999999879
47 14.000000 12.000000 0.04996489999999999959
48 13.000000 12.000000 0.06241139999999999882
49 11.000000 11.000000 0.01979420000000000138
50 12.000000 11.000000 0.04373130000000000073
51 14.000000 11.000000 0.04850329999999999919
52 12.000000 12.000000 0.04080129999999999868
53 10.000000 10.000000 0.07635069999999999357
54 11.000000 11.000000 0.01902739999999999987
55 12.000000 11.000000 0.02320799999999999946
56 11.000000 11.000000 0.01949990000000000057
57 11.000000 11.000000 0.01781659999999999841
58 11.000000 11.000000 0.13193949999999998735
59 12.000000 12.000000 0.13149769999999999515
60 15.000000 12.000000 0.02009479999999999947
61 10.000000 10.000000 0.10394259999999999611
62 12.000000 11.000000 0.02104850000000000124
63 13.000000 11.000000 0.10177460000000000673
64 13.000000 12.000000 0.09608990000000000586
65 14.000000 12.000000 0.02048739999999999936
66 11.000000 11.000000 0.02325589999999999949
67 12.000000 12.000000 0.02302600000000000133
68 13.000000 12.000000 0.01737220000000000084
69 13.000000 12.000000 0.02212520000000000112
70 11.000000 11.000000 0.02100799999999999890
71 13.000000 12.000000 0.01624280000000000168
72 12.000000 11.000000 0.01906040000000000165
73 12.000000 12.000000 0.03882530000000000009
74 12.000000 11.000000 0.01897959999999999925
75 13.000000 11.000000 0.02121620000000000103
76 12.000000 11.000000 0.02179970000000000172
77 12.000000 11.000000 0.02372480000000000075
78 11.000000 11.000000 0.02715829999999999980
79 12.000000 11.000000 0.02322259999999999949
80 13.000000 12.000000 0.02237029999999999921
81 13.000000 12.000000 0.03264070000000000166
82 13.000000 12.000000 0.02216809999999999961
83 11.000000 11.000000 0.02254010000000000041
84 11.000000 11.000000 0.01991460000000000105
85 13.000000 12.000000 0.02296300000000000077
86 11.000000 11.000000 0.01822429999999999883
87 14.000000 12.000000 0.01662370000000000167
88 14.000000 12.000000 0.02066940000000000097
89 13.000000 12.000000 0.02419829999999999898
90 12.000000 12.000000 0.05072030000000000288
91 14.000000 12.000000 0.02221050000000000108
92 12.000000 12.000000 0.06775989999999999791
93 12.000000 12.000000 0.03292029999999999956
94 12.000000 11.000000 0.02031109999999999860
95 13.000000 12.000000 0.01981410000000000116
96 13.000000 12.000000 0.02150490000000000040
97 11.000000 11.000000 0.01799040000000000014
98 12.000000 12.000000 0.09347329999999999528
99 13.000000 12.000000 0.02039349999999999843
100 12.000000 12.000000 0.01871319999999999928
101 14.000000 12.000000 0.08328950000000000242
102 11.000000 11.000000 0.13720160000000000688
103 12.000000 12.000000 0.01929789999999999978
104 14.000000 12.000000 0.12134100000000000441
105 12.000000 12.000000 0.12479049999999999865
106 11.000000 11.000000 0.13148860000000001103
107 12.000000 11.000000 0.01905219999999999830
108 12.000000 11.000000 0.14943870000000000764
109 14.000000 12.000000 0.02189610000000000167
110 13.000000 12.000000 0.01740910000000000027
111 13.000000 12.000000 0.01811830000000000038
112 11.000000 11.000000 0.02520439999999999833
113 13.000000 12.000000 0.02349489999999999912
114 12.000000 11.000000 0.13026309999999999278
115 11.000000 11.000000 0.02011809999999999987
116 10.000000 10.000000 0.01894749999999999907
117 11.000000 11.000000 0.02474629999999999885
118 12.000000 12.000000 0.02407520000000000146
119 11.000000 11.000000 0.01760029999999999928
120 10.000000 10.000000 0.11975329999999999309
121 12.000000 11.000000 0.02171999999999999972
122 11.000000 11.000000 0.02556289999999999951
123 10.000000 10.000000 0.13831140000000000101
124 14.000000 12.000000 0.02006930000000000172
125 13.000000 12.000000 0.13248440000000000216
126 12.000000 11.000000 0.14587140000000001216
127 12.000000 11.000000 0.14613019999999998788
128 10.000000 10.000000 0.01873949999999999921
129 10.000000 10.000000 0.13201150000000000384
130 10.000000 10.000000 0.01966559999999999836
131 11.000000 11.000000 0.02147730000000000125
132 10.000000 10.000000 0.01870300000000000087
133 12.000000 11.000000 0.02157200000000000090
134 13.000000 12.000000 0.02358910000000000173
135 11.000000 11.000000 0.02134319999999999967
136 11.000000 11.000000 0.01722260000000000110
137 12.000000 11.000000 0.02397379999999999997
138 11.000000 11.000000 0.01828770000000000048
139 12.000000 11.000000 0.01981269999999999906
140 14.000000 12.000000 0.02160499999999999921
141 12.000000 11.000000 0.02044249999999999887
142 12.000000 11.000000 0.03299429999999999724
143 11.000000 11.000000 0.02419170000000000001
144 10.000000 10.000000 0.13362560000000001104
145 11.000000 11.000000 0.13778979999999999007
146 12.000000 11.000000 0.02001800000000000107
147 14.000000 12.000000 0.01692369999999999985
148 12.000000 11.000000 0.02799940000000000068
149 10.000000 10.000000 0.02390909999999999910
150 14.000000 12.000000 0.12215529999999999444
151 13.000000 12.000000 0.02039550000000000043
152 14.000000 12.000000 0.02357050000000000117
153 12.000000 11.000000 0.14517450000000001187
154 12.000000 12.000000 0.02091640000000000166
155 12.000000 11.000000 0.13526469999999998772
156 13.000000 12.000000 0.11281910000000000549
157 10.000000 10.000000 0.10755510000000000070
158 11.000000 11.000000 0.10164070000000000049
159 13.000000 12.000000 0.02926969999999999919
160 10.000000 10.000000 0.03900700000000000001
161 11.000000 11.000000 0.02838450000000000001
162 15.000000 12.000000 0.01777010000000000048
163 13.000000 12.000000 0.08548210000000000530
164 11.000000 11.000000 0.01976860000000000075
165 11.000000 11.000000 0.02158650000000000152
166 13.000000 11.000000 0.02011869999999999978
167 10.000000 10.000000 0.01902790000000000037
168 13.000000 11.000000 0.01845310000000000006
169 13.000000 12.000000 0.10688110000000000666
170 12.000000 12.000000 0.01701230000000000103
171 15.000000 12.000000 0.01684130000000000002
172 12.000000 11.000000 0.02714389999999999858
173 13.000000 12.000000 0.01602939999999999920
174 10.000000 10.000000 0.02313079999999999997
175 13.000000 12.000000 0.01899290000000000006
176 12.000000 11.000000 0.02549649999999999833
177 12.000000 11.000000 0.06418899999999999606
178 12.000000 11.000000 0.02258150000000000088
179 11.000000 11.000000 0.01928799999999999959
180 10.000000 10.000000 0.02433739999999999862
181 12.000000 12.000000 0.02634709999999999830
182 13.000000 12.000000 0.02164500000000000104
183 11.000000 11.000000 0.02283949999999999869
184 11.000000 11.000000 0.01941079999999999889
185 13.000000 12.000000 0.02005940000000000153
186 13.000000 12.000000 0.01807860000000000023
187 13.000000 11.000000 0.01951169999999999988
188 10.000000 10.000000 0.01997950000000000073
189 12.000000 11.000000 0.01662599999999999842
190 13.000000 11.000000 0.01634779999999999914
191 12.000000 12.000000 0.01886969999999999967
192 12.000000 12.000000 0.02841230000000000144
193 12.000000 11.000000 0.03601479999999999959
194 15.000000 12.000000 0.02927350000000000091
195 13.000000 11.000000 0.02144259999999999916
196 15.000000 12.000000 0.01775869999999999879
197 13.000000 12.000000 0.01698879999999999835
198 13.000000 12.000000 0.03762490000000000279
199 13.000000 12.000000 0.02258069999999999869
200 13.000000 12.000000 0.02088090000000000085
201 14.000000 12.000000 0.01622449999999999934
202 12.000000 12.000000 0.02232699999999999962
203 13.000000 12.000000 0.02323599999999999971
204 12.000000 12.000000 0.03162929999999999908
205 10.000000 10.000000 0.03179250000000000131
206 11.000000 11.000000 0.01818799999999999931
207 14.000000 12.000000 0.01916800000000000101
208 12.000000 11.000000 0.01948060000000000069
209 11.000000 11.000000 0.03030089999999999867
210 10.000000 10.000000 0.02328879999999999839
211 13.000000 11.000000 0.01853559999999999930
212 10.000000 10.000000 0.01995620000000000033
213 13.000000 12.000000 0.02221899999999999917
214 12.000000 11.000000 0.01570910000000000015
215 11.000000 11.000000 0.03004889999999999992
216 12.000000 12.000000 0.02538469999999999963
217 11.000000 11.000000 0.01841649999999999884
218 14.000000 12.000000 0.05436649999999999816
219 14.000000 12.000000 0.01939489999999999964
220 14.000000 11.000000 0.02018040000000000112
221 13.000000 12.000000 0.02071740000000000040
222 13.000000 12.000000 0.07219530000000000391
223 11.000000 11.000000 0.02202420000000000072
224 11.000000 11.000000 0.03722459999999999658
225 13.000000 12.000000 0.02681089999999999862
226 13.000000 12.000000 0.01725319999999999979
227 14.000000 12.000000 0.01764040000000000052
228 10.000000 10.000000 0.02377150000000000096
229 13.000000 12.000000 0.02007669999999999941
230 13.000000 12.000000 0.01681910000000000002
231 13.000000 11.000000 0.02189740000000000089
232 12.000000 11.000000 0.01775380000000000014
233 12.000000 12.000000 0.01876720000000000124
234 11.000000 11.000000 0.02045419999999999877
235 13.000000 12.000000 0.01692400000000000154
236 11.000000 11.000000 0.02797039999999999943
237 13.000000 11.000000 0.02411200000000000149
238 11.000000 11.000000 0.02102580000000000074
239 12.000000 12.000000 0.02001440000000000163
240 11.000000 11.000000 0.02833340000000000164
241 11.000000 11.000000 0.02503510000000000110
242 11.000000 11.000000 0.02168259999999999979
243 11.000000 11.000000 0.02295219999999999899
244 11.000000 11.000000 0.01981760000000000119
245 12.000000 12.000000 0.02234819999999999862
246 11.000000 11.000000 0.02025029999999999886
247 11.000000 11.000000 0.01818219999999999906
248 12.000000 11.000000 0.01806719999999999854
249 12.000000 12.000000 0.02772060000000000149
250 14.000000 12.000000 0.02569369999999999987
251 11.000000 11.000000 0.02686530000000000168
252 11.000000 11.000000 0.01767929999999999849
253 12.000000 11.000000 0.02456619999999999984
254 11.000000 11.000000 0.02120609999999999856
255 12.000000 11.000000 0.02102760000000000046
256 10.000000 10.000000 0.02559459999999999860
257 12.000000 11.000000 0.01706480000000000150
258 11.000000 11.000000 0.02095110000000000028
259 10.000000 10.000000 0.01927020000000000122
260 13.000000 12.000000 0.02017269999999999827
261 11.000000 11.000000 0.01948849999999999888
262 12.000000 11.000000 0.01765869999999999940
263 14.000000 12.000000 0.06265479999999999661
264 12.000000 12.000000 0.02393489999999999854
265 10.000000 10.000000 0.01763450000000000087
266 10.000000 10.000000 0.02304760000000000142
267 12.000000 11.000000 0.02485060000000000047
268 13.000000 12.000000 0.01612830000000000166
269 13.000000 12.000000 0.01854429999999999967
270 12.000000 12.000000 0.02015310000000000018
271 11.000000 11.000000 0.01775279999999999914
272 12.000000 12.000000 0.02026040000000000132
273 10.000000 10.000000 0.01976349999999999982
274 14.000000 12.000000 0.02116269999999999957
275 12.000000 11.000000 0.01826869999999999883
276 14.000000 12.000000 0.02258589999999999903
277 12.000000 11.000000 0.02072039999999999993
278 13.000000 12.000000 0.04041899999999999660
279 13.000000 12.000000 0.01833560000000000051
280 12.000000 11.000000 0.02849979999999999875
281 10.000000 10.000000 0.01989849999999999952
282 10.000000 10.000000 0.01620150000000000062
283 13.000000 12.000000 0.02128400000000000084
284 13.000000 12.000000 0.01748829999999999829
285 12.000000 12.000000 0.01936720000000000108
286 13.000000 12.000000 0.02110870000000000107
287 12.000000 12.000000 0.01820429999999999965
288 15.000000 12.000000 0.01746730000000000158
289 12.000000 12.000000 0.02865219999999999920
290 15.000000 12.000000 0.02234950000000000131
291 15.000000 12.000000 0.01943869999999999973
292 12.000000 11.000000 0.02123059999999999878
293 11.000000 11.000000 0.02009870000000000059
294 13.000000 12.000000 0.02066549999999999984
295 11.000000 11.000000 0.01895130000000000078
296 13.000000 12.000000 0.02056670000000000026
297 14.000000 11.000000 0.02345910000000000009
298 11.000000 11.000000 0.01875759999999999927
299 16.000000 12.000000 0.01851960000000000064
300 10.000000 10.000000 0.02221609999999999904
301 11.000000 11.000000 0.01795549999999999924
302 11.000000 11.000000 0.01688490000000000130
303 12.000000 12.000000 0.01833519999999999942
304 12.000000 12.000000 0.02253530000000000116
305 10.000000 10.000000 0.01929420000000000093
306 11.000000 11.000000 0.02064670000000000047
307 12.000000 11.000000 0.01740610000000000074
308 10.000000 10.000000 0.02031070000000000098
309 13.000000 12.000000 0.02364839999999999998
310 11.000000 11.000000 0.01904159999999999880
311 11.000000 11.000000 0.02049460000000000170
312 10.000000 10.000000 0.02437409999999999924
313 12.000000 12.000000 0.02244049999999999864
314 13.000000 12.000000 0.01586069999999999841
315 10.000000 10.000000 0.02128839999999999899
316 11.000000 11.000000 0.01744750000000000120
317 14.000000 12.000000 0.01701619999999999869
318 12.000000 12.000000 0.01877799999999999955
319 13.000000 12.000000 0.02381399999999999836
320 11.000000 11.000000 0.01747049999999999992
321 13.000000 12.000000 0.02452959999999999863
322 13.000000 12.000000 0.01900869999999999990
323 13.000000 12.000000 0.01685990000000000058
324 13.000000 11.000000 0.01717580000000000148
325 12.000000 12.000000 0.01349230000000000047
326 13.000000 12.000000 0.01743530000000000080
327 10.000000 10.000000 0.01665650000000000117
328 10.000000 10.000000 0.01460089999999999999
329 13.000000 12.000000 0.01033959999999999914
330 11.000000 11.000000 0.01284839999999999940
331 11.000000 11.000000 0.01144039999999999987
332 12.000000 11.000000 0.01629879999999999871
333 11.000000 11.000000 0.02239280000000000090
334 10.000000 10.000000 0.01628450000000000036
335 15.000000 12.000000 0.01266940000000000080
336 11.000000 11.000000 0.01316669999999999993
337 12.000000 12.000000 0.01446689999999999955
338 14.000000 12.000000 0.01704970000000000097
339 12.000000 11.000000 0.01475779999999999974
340 11.000000 11.000000 0.01086909999999999960
341 13.000000 12.000000 0.01952450000000000019
342 11.000000 11.000000 0.01776430000000000023
343 13.000000 12.000000 0.01560809999999999975
344 12.000000 11.000000 0.01287989999999999968
345 12.000000 11.000000 0.00947420000000000033
346 12.000000 12.000000 0.01715440000000000020
347 13.000000 11.000000 0.01281020000000000075
348 11.000000 11.000000 0.01380520000000000011
349 11.000000 11.000000 0.01149219999999999929
350 14.000000 12.000000 0.01173979999999999989
351 12.000000 12.000000 0.00881440000000000001
352 11.000000 11.000000 0.00870240000000000076
353 13.000000 12.000000 0.01147669999999999940
354 12.000000 12.000000 0.01055260000000000052
355 13.000000 12.000000 0.01373240000000000051
356 12.000000 11.000000 0.00911359999999999948
357 11.000000 11.000000 0.00863090000000000038
358 14.000000 12.000000 0.01220549999999999934
359 15.000000 12.000000 0.00894509999999999923
360 11.000000 11.000000 0.01150089999999999966
361 11.000000 11.000000 0.01020919999999999987
362 11.000000 11.000000 0.01243419999999999942
363 13.000000 11.000000 0.01583729999999999860
364 10.000000 10.000000 0.00926510000000000007
365 10.000000 10.000000 0.01378590000000000024
366 10.000000 10.000000 0.01500800000000000051
367 13.000000 11.000000 0.01344530000000000031
368 11.000000 11.000000 0.01003530000000000047
369 12.000000 11.000000 0.00967460000000000021
370 13.000000 12.000000 0.01028940000000000063
371 13.000000 11.000000 0.00981330000000000049
372 12.000000 12.000000 0.01020569999999999984
373 15.000000 12.000000 0.01115690000000000084
374 14.000000 12.000000 0.01144399999999999931
375 15.000000 12.000000 0.01834840000000000082
376 10.000000 10.000000 0.01266980000000000016
377 14.000000 12.000000 0.01550690000000000054
378 12.000000 11.000000 0.01012150000000000029
379 12.000000 12.000000 0.00955839999999999988
380 12.000000 11.000000 0.01336460000000000078
381 15.000000 12.000000 0.00905599999999999981
382 13.000000 12.000000 0.00882490000000000011
383 13.000000 12.000000 0.01134420000000000046
384 13.000000 12.000000 0.01032809999999999978
385 13.000000 12.000000 0.00904650000000000072
386 10.000000 10.000000 0.01210070000000000069
387 12.000000 12.000000 0.00945129999999999929
388 15.000000 12.000000 0.00768909999999999993
389 12.000000 12.000000 0.01043569999999999914
390 14.000000 12.000000 0.00838870000000000067
391 12.000000 11.000000 0.00821559999999999999
392 14.000000 12.000000 0.00825159999999999956
393 10.000000 10.000000 0.00828560000000000060
394 10.000000 10.000000 0.00841259999999999925
395 12.000000 12.000000 0.00843550000000000029
396 13.000000 12.000000 0.00787550000000000056
397 12.000000 11.000000 0.00754879999999999961
398 11.000000 11.000000 0.00772510000000000037
399 10.000000 10.000000 0.00809190000000000083
400 11.000000 11.000000 0.00819079999999999982
401 13.000000 12.000000 0.00793770000000000066
402 12.000000 12.000000 0.00773550000000000019
403 14.000000 12.000000 0.00732089999999999998
404 15.000000 12.000000 0.00742289999999999964
405 15.000000 12.000000 0.00868410000000000015
406 12.000000 11.000000 0.00846500000000000030
407 13.000000 11.000000 0.00796340000000000069
408 12.000000 12.000000 0.00786079999999999939
409 11.000000 11.000000 0.00757410000000000028
410 11.000000 11.000000 0.00831059999999999958
411 12.000000 11.000000 0.00773219999999999984
412 12.000000 11.000000 0.00794139999999999950
413 12.000000 12.000000 0.00786560000000000037
414 11.000000 11.000000 0.00774649999999999991
415 10.000000 10.000000 0.00770619999999999986
416 10.000000 10.000000 0.00851720000000000081
417 11.000000 11.000000 0.00913920000000000010
418 11.000000 11.000000 0.00768739999999999962
419 12.000000 12.000000 0.00757239999999999996
420 11.000000 11.000000 0.00757400000000000000
