1 103.000000 74.000000 0.31645250000000002544
2 74.000000 59.000000 0.25619659999999999656
3 100.000000 75.000000 0.16521669999999999412
4 80.000000 67.000000 0.23808609999999999496
5 74.000000 55.000000 0.29965330000000001132
6 63.000000 51.000000 0.18779860000000000997
7 87.000000 68.000000 0.14644450000000000522
8 64.000000 56.000000 0.22425549999999999651
9 59.000000 44.000000 0.19387019999999999254
10 92.000000 76.000000 0.15449860000000001370
11 59.000000 54.000000 0.17888460000000000472
12 90.000000 66.000000 0.21878149999999998987
13 89.000000 66.000000 0.11031430000000000402
14 69.000000 53.000000 0.12363409999999999678
15 39.000000 35.000000 0.21260070000000000356
16 79.000000 56.000000 0.19484619999999999718
17 71.000000 55.000000 0.12032379999999999465
18 34.000000 25.000000 0.18696789999999999243
19 76.000000 60.000000 0.13504610000000000225
20 57.000000 50.000000 0.21435009999999998787
21 44.000000 35.000000 0.18909619999999999207
22 63.000000 48.000000 0.20485290000000000443
23 66.000000 52.000000 0.19464680000000000870
24 97.000000 77.000000 0.14993310000000001359
25 74.000000 61.000000 0.13751820000000000710
26 78.000000 54.000000 0.17052090000000000303
27 79.000000 59.000000 0.14615990000000000926
28 66.000000 49.000000 0.18333610000000000184
29 70.000000 54.000000 0.18513560000000001127
30 95.000000 74.000000 0.28089510000000000867
31 86.000000 69.000000 0.15015980000000000993
32 88.000000 71.000000 0.18461379999999999457
33 99.000000 70.000000 0.14707799999999998652
34 67.000000 52.000000 0.11153440000000000576
35 71.000000 62.000000 0.15979250000000000398
36 79.000000 60.000000 0.16240180000000001281
37 48.000000 40.000000 0.14010500000000000731
38 108.000000 80.000000 0.15419520000000000448
39 92.000000 73.000000 0.15813199999999999479
40 32.000000 28.000000 0.23954480000000000217
41 75.000000 59.000000 0.33907090000000000840
42 78.000000 60.000000 0.22173950000000000604
43 79.000000 57.000000 0.39658300000000001884
44 65.000000 50.000000 0.20684310000000000196
45 56.000000 42.000000 0.28838360000000001770
46 84.000000 62.000000 0.31482339999999997548
47 63.000000 51.000000 0.15367710000000001092
48 88.000000 72.000000 0.18899610000000000021
49 69.000000 53.000000 0.18539769999999999861
50 60.000000 53.000000 0.23575409999999999422
51 79.000000 62.000000 0.24000109999999999499
52 76.000000 63.000000 0.13615940000000001375
53 92.000000 67.000000 0.17359600000000000031
54 79.000000 63.000000 0.20645220000000000238
55 62.000000 51.000000 0.19244400000000000395
56 69.000000 49.000000 0.17172380000000000977
57 47.000000 35.000000 0.32260280000000002287
58 40.000000 35.000000 0.22722870000000000568
59 95.000000 75.000000 0.14805450000000000554
60 61.000000 48.000000 0.35434880000000001932
61 90.000000 68.000000 0.27663189999999998614
62 83.000000 60.000000 0.17913740000000000219
63 98.000000 71.000000 0.21089099999999999513
64 88.000000 68.000000 0.15890150000000000108
65 79.000000 54.000000 0.24840840000000000143
66 67.000000 50.000000 0.37658789999999997544
67 79.000000 70.000000 0.23150499999999998857
68 94.000000 75.000000 0.14232020000000000781
69 67.000000 53.000000 0.16625880000000001213
70 55.000000 47.000000 0.12933330000000001214
71 61.000000 48.000000 0.22530269999999999464
72 90.000000 65.000000 0.13512989999999999724
73 69.000000 54.000000 0.18497120000000000228
74 109.000000 81.000000 0.09602030000000000287
75 94.000000 69.000000 0.22465170000000000972
76 65.000000 54.000000 0.25891589999999997662
77 71.000000 55.000000 0.18089179999999999149
78 74.000000 58.000000 0.31279849999999997934
79 70.000000 57.000000 0.23739199999999999191
80 76.000000 61.000000 0.20041800000000001281
81 59.000000 45.000000 0.21735920000000000241
82 59.000000 48.000000 0.16346649999999998681
83 47.000000 42.000000 0.18912100000000001132
84 94.000000 69.000000 0.21525279999999999414
85 84.000000 66.000000 0.14008200000000001206
86 94.000000 77.000000 0.16930690000000001016
87 60.000000 49.000000 0.24400730000000001030
88 94.000000 68.000000 0.17827830000000000066
89 88.000000 67.000000 0.28244550000000001599
90 45.000000 38.000000 0.21478929999999998857
91 73.000000 57.000000 0.16834350000000000702
92 72.000000 58.000000 0.20755009999999998738
93 63.000000 53.000000 0.39433259999999997758
94 81.000000 56.000000 0.18919869999999999743
95 71.000000 63.000000 0.19320409999999998973
96 71.000000 55.000000 0.36615150000000001862
97 84.000000 63.000000 0.18615280000000000715
98 88.000000 60.000000 0.13423080000000001122
99 72.000000 58.000000 0.16102779999999999871
100 87.000000 64.000000 0.13754169999999998897
101 62.000000 55.000000 0.14095920000000000671
102 76.000000 62.000000 0.14645230000000000747
103 59.000000 48.000000 0.20909189999999999721
104 72.000000 61.000000 0.20734289999999999665
105 46.000000 38.000000 0.19079789999999999250
106 80.000000 63.000000 0.17871580000000000799
107 62.000000 51.000000 0.25470989999999998910
108 85.000000 68.000000 0.27952090000000001657
109 56.000000 53.000000 0.15645149999999999335
110 90.000000 64.000000 0.11886299999999999644
111 65.000000 44.000000 0.21461079999999999046
112 68.000000 53.000000 0.19057460000000001066
113 54.000000 42.000000 0.22229419999999999735
114 70.000000 65.000000 0.18943399999999999128
115 76.000000 60.000000 0.19452389999999999959
116 80.000000 62.000000 0.14844240000000000212
117 87.000000 68.000000 0.15508350000000001301
118 84.000000 64.000000 0.24036660000000001358
119 75.000000 69.000000 0.13816670000000000340
120 70.000000 58.000000 0.20362640000000001295
121 57.000000 46.000000 0.15544520000000000559
122 123.000000 86.000000 0.14042029999999999790
123 72.000000 58.000000 0.19611990000000001366
124 84.000000 65.000000 0.17672850000000001058
125 57.000000 48.000000 0.19991839999999999611
126 76.000000 63.000000 0.16145699999999998941
127 73.000000 60.000000 0.30748039999999998706
128 73.000000 55.000000 0.17583399999999999030
129 84.000000 65.000000 0.16030590000000000117
130 69.000000 52.000000 0.18813299999999999468
131 88.000000 66.000000 0.08178340000000000609
132 75.000000 61.000000 0.14536940000000000972
133 69.000000 59.000000 0.21876110000000001388
134 51.000000 41.000000 0.14219070000000000320
135 61.000000 51.000000 0.17196349999999999136
136 96.000000 72.000000 0.12478210000000000690
137 90.000000 70.000000 0.13130210000000000492
138 73.000000 52.000000 0.11521180000000000310
139 90.000000 74.000000 0.17363449999999999718
140 67.000000 54.000000 0.13425349999999999784
141 59.000000 50.000000 0.13118409999999999793
142 75.000000 64.000000 0.19361639999999999406
143 69.000000 57.000000 0.17053350000000000453
144 95.000000 67.000000 0.09231559999999999766
145 68.000000 57.000000 0.29616379999999997708
146 64.000000 48.000000 0.20166580000000000616
147 88.000000 70.000000 0.24360870000000001134
148 62.000000 50.000000 0.18690219999999999057
149 72.000000 53.000000 0.11513869999999999660
150 85.000000 65.000000 0.17057700000000000640
151 66.000000 52.000000 0.10607650000000000412
152 93.000000 66.000000 0.12369769999999999377
153 53.000000 49.000000 0.16480249999999999067
154 100.000000 74.000000 0.13260130000000000527
155 63.000000 51.000000 0.16815700000000000092
156 112.000000 82.000000 0.14725489999999999413
157 70.000000 56.000000 0.17056989999999999652
158 103.000000 75.000000 0.33491670000000001162
159 51.000000 45.000000 0.20467319999999999958
160 62.000000 48.000000 0.11843589999999999673
161 93.000000 71.000000 0.15151370000000000116
162 62.000000 54.000000 0.18825390000000000179
163 83.000000 62.000000 0.15104449999999999821
164 81.000000 63.000000 0.15794469999999999343
165 77.000000 59.000000 0.17012759999999998994
166 75.000000 58.000000 0.18542249999999999011
167 72.000000 61.000000 0.14612780000000000213
168 70.000000 55.000000 0.16279699999999999727
169 55.000000 51.000000 0.16994290000000000784
170 78.000000 58.000000 0.15959709999999999175
171 84.000000 64.000000 0.12498750000000000138
172 108.000000 86.000000 0.14501200000000000201
173 81.000000 60.000000 0.13822190000000000865
174 70.000000 61.000000 0.15147520000000000429
175 72.000000 57.000000 0.15084719999999998685
176 78.000000 60.000000 0.10969510000000000371
177 63.000000 53.000000 0.16320390000000001285
178 86.000000 73.000000 0.18976049999999999862
179 77.000000 70.000000 0.14872409999999999797
180 80.000000 59.000000 0.12849779999999999536
181 72.000000 54.000000 0.10704650000000000276
182 104.000000 77.000000 0.14283150000000000013
183 98.000000 69.000000 0.15145729999999998916
184 65.000000 49.000000 0.19785939999999999084
185 70.000000 57.000000 0.21333420000000000161
186 28.000000 26.000000 0.25587270000000000847
187 61.000000 53.000000 0.21979870000000001351
188 85.000000 66.000000 0.17763729999999999798
189 69.000000 54.000000 0.15911520000000001218
190 61.000000 53.000000 0.20190220000000000389
191 69.000000 53.000000 0.13546730000000001271
192 69.000000 59.000000 0.17930360000000000742
193 102.000000 72.000000 0.11548899999999999444
194 42.000000 32.000000 0.24535409999999999164
195 80.000000 63.000000 0.15820870000000000766
196 69.000000 60.000000 0.13443700000000000094
197 47.000000 43.000000 0.15687300000000001243
198 73.000000 57.000000 0.14483009999999998940
199 87.000000 63.000000 0.34276709999999999123
200 102.000000 73.000000 0.10028189999999999327
201 84.000000 71.000000 0.16547939999999999872
202 70.000000 56.000000 0.18073549999999999338
203 55.000000 46.000000 0.22353899999999998771
204 75.000000 55.000000 0.17331260000000001109
205 69.000000 52.000000 0.19713010000000000255
206 73.000000 55.000000 0.19237570000000001058
207 60.000000 56.000000 0.19577839999999999132
208 108.000000 76.000000 0.15579940000000000455
209 88.000000 75.000000 0.17584549999999998793
210 60.000000 43.000000 0.18306379999999999875
211 84.000000 69.000000 0.09774009999999999643
212 96.000000 67.000000 0.17455409999999998982
213 64.000000 50.000000 0.12959180000000000699
214 51.000000 42.000000 0.20429579999999999962
215 76.000000 59.000000 0.20896300000000000985
216 58.000000 47.000000 0.22887189999999998924
217 106.000000 85.000000 0.11734179999999999611
218 85.000000 66.000000 0.18142020000000000368
219 55.000000 47.000000 0.14739740000000001174
220 48.000000 45.000000 0.18592090000000000005
221 65.000000 56.000000 0.13441849999999999632
222 69.000000 53.000000 0.17058080000000000465
223 74.000000 53.000000 0.23375969999999998694
224 78.000000 66.000000 0.26702769999999997896
225 86.000000 62.000000 0.14059559999999998725
226 58.000000 47.000000 0.23063529999999998754
227 72.000000 57.000000 0.12064179999999999349
228 75.000000 59.000000 0.14195160000000001110
229 71.000000 55.000000 0.15743550000000000599
230 72.000000 52.000000 0.17000160000000000271
231 70.000000 57.000000 0.12420349999999999446
232 94.000000 74.000000 0.19731979999999998965
233 78.000000 57.000000 0.23169999999999998930
234 55.000000 47.000000 0.15823059999999999903
235 96.000000 68.000000 0.21621599999999999153
236 78.000000 61.000000 0.21722060000000001367
237 98.000000 76.000000 0.11955739999999999423
238 59.000000 52.000000 0.19096140000000000336
239 60.000000 45.000000 0.22644339999999998914
240 66.000000 53.000000 0.14430029999999999246
241 65.000000 55.000000 0.14800520000000000342
242 51.000000 38.000000 0.19999480000000000035
243 59.000000 48.000000 0.15880830000000001334
244 64.000000 51.000000 0.11287800000000000611
245 68.000000 60.000000 0.15489919999999998690
246 68.000000 55.000000 0.14785270000000000357
247 72.000000 62.000000 0.13674310000000000631
248 61.000000 49.000000 0.16237090000000001244
249 82.000000 66.000000 0.20270430000000000392
250 52.000000 45.000000 0.19673250000000000459
251 60.000000 46.000000 0.15468039999999999567
252 91.000000 66.000000 0.18897410000000000596
253 76.000000 64.000000 0.11897660000000000180
254 55.000000 49.000000 0.10329800000000000093
255 104.000000 76.000000 0.09832259999999999611
256 74.000000 56.000000 0.20521190000000000264
257 68.000000 54.000000 0.15046439999999999815
258 66.000000 51.000000 0.17834189999999999765
259 113.000000 83.000000 0.12132289999999999741
260 71.000000 56.000000 0.15938810000000000477
261 79.000000 65.000000 0.13993500000000000383
262 67.000000 54.000000 0.13977819999999999134
263 88.000000 67.000000 0.17236160000000000370
264 52.000000 44.000000 0.24258550000000000946
265 74.000000 60.000000 0.14999819999999999820
266 57.000000 46.000000 0.17752770000000001049
267 112.000000 80.000000 0.07953730000000000522
268 62.000000 49.000000 0.15372990000000000266
269 80.000000 60.000000 0.12810879999999999490
270 48.000000 43.000000 0.11397540000000000449
271 90.000000 67.000000 0.15288509999999999600
272 79.000000 67.000000 0.13863380000000000147
273 66.000000 52.000000 0.15610950000000001214
274 46.000000 38.000000 0.21635070000000000690
275 88.000000 72.000000 0.19258480000000000043
276 81.000000 63.000000 0.08925180000000000613
277 71.000000 52.000000 0.14435760000000000258
278 82.000000 60.000000 0.17666589999999998684
279 57.000000 45.000000 0.15097079999999998834
280 82.000000 64.000000 0.15827859999999999152
281 69.000000 55.000000 0.16063510000000000288
282 80.000000 60.000000 0.13261529999999999152
283 80.000000 63.000000 0.17915670000000000206
284 93.000000 64.000000 0.22912060000000000759
285 37.000000 35.000000 0.14113939999999999819
286 73.000000 58.000000 0.12255729999999999402
287 86.000000 69.000000 0.15127360000000000806
288 73.000000 57.000000 0.12446619999999999906
289 86.000000 58.000000 0.13504209999999999825
290 45.000000 35.000000 0.17688380000000000769
291 76.000000 57.000000 0.14981359999999999122
292 55.000000 48.000000 0.15860379999999998923
293 65.000000 50.000000 0.12172510000000000274
294 75.000000 63.000000 0.13671600000000000419
295 70.000000 56.000000 0.14269960000000000977
296 86.000000 66.000000 0.09291230000000000322
297 60.000000 53.000000 0.15420130000000001336
298 66.000000 52.000000 0.19535159999999998637
299 52.000000 40.000000 0.16033629999999998716
300 76.000000 67.000000 0.10088940000000000408
301 62.000000 50.000000 0.13791120000000001156
302 73.000000 54.000000 0.15831809999999998939
303 88.000000 66.000000 0.10278919999999999724
304 70.000000 55.000000 0.16266710000000000891
305 61.000000 52.000000 0.19611349999999999616
306 84.000000 65.000000 0.11332830000000000681
307 81.000000 57.000000 0.12258789999999999965
308 106.000000 71.000000 0.11449320000000000330
309 98.000000 70.000000 0.17685670000000000557
310 52.000000 43.000000 0.19722020000000001216
311 58.000000 52.000000 0.11873060000000000558
312 46.000000 41.000000 0.15386520000000000752
313 58.000000 53.000000 0.16286919999999999176
314 75.000000 58.000000 0.62990909999999999958
315 52.000000 45.000000 0.13726399999999999713
316 58.000000 47.000000 0.11550090000000000356
317 92.000000 74.000000 0.10811850000000000627
318 85.000000 70.000000 0.16704920000000000879
319 84.000000 65.000000 0.15065370000000000150
320 90.000000 70.000000 0.11850170000000000148
321 57.000000 45.000000 0.16443679999999999408
322 66.000000 63.000000 0.12947429999999998662
323 68.000000 53.000000 0.18018590000000000995
324 76.000000 61.000000 0.09341539999999999566
325 69.000000 52.000000 0.15989210000000000922
326 55.000000 44.000000 0.13823009999999999464
327 68.000000 54.000000 0.10483900000000000163
328 85.000000 60.000000 0.17418829999999999036
329 70.000000 59.000000 0.19810559999999999281
330 80.000000 64.000000 0.16079009999999999136
331 47.000000 36.000000 0.13612399999999999500
332 72.000000 61.000000 0.11867769999999999708
333 47.000000 41.000000 0.15617680000000000451
334 82.000000 63.000000 0.17222460000000000546
335 80.000000 60.000000 0.12952859999999999374
336 54.000000 47.000000 0.13456989999999999230
337 73.000000 56.000000 0.11373629999999999851
338 72.000000 60.000000 0.13112699999999999356
339 54.000000 46.000000 0.17454010000000000358
340 71.000000 54.000000 0.10527910000000000046
341 82.000000 62.000000 0.11198220000000000396
342 43.000000 35.000000 0.14378369999999998652
343 82.000000 66.000000 0.14901939999999999631
344 38.000000 32.000000 0.15733430000000001026
345 61.000000 44.000000 0.15225969999999999782
346 92.000000 71.000000 0.13770569999999998645
347 79.000000 60.000000 0.12031360000000000665
348 66.000000 55.000000 0.11873680000000000345
349 79.000000 61.000000 0.09004339999999999566
350 100.000000 75.000000 0.15056810000000001026
351 63.000000 50.000000 0.14690909999999998692
352 77.000000 59.000000 0.15803359999999999630
353 60.000000 47.000000 0.20785129999999998884
354 52.000000 42.000000 0.10052460000000000562
355 86.000000 70.000000 0.13566120000000000956
356 97.000000 71.000000 0.08704760000000000275
357 60.000000 48.000000 0.11036909999999999776
358 44.000000 34.000000 0.09920099999999999751
359 84.000000 59.000000 0.26518239999999998480
360 57.000000 49.000000 0.10657210000000000294
361 78.000000 63.000000 0.11462020000000000541
362 58.000000 52.000000 0.11887649999999999606
363 68.000000 50.000000 0.09742560000000000109
364 72.000000 62.000000 0.14826580000000000314
365 84.000000 62.000000 0.06868230000000000168
366 72.000000 55.000000 0.12079570000000000585
367 56.000000 43.000000 0.12967480000000000673
368 71.000000 60.000000 0.13902700000000001168
369 47.000000 39.000000 0.11644300000000000483
370 68.000000 59.000000 0.10701199999999999601
371 43.000000 36.000000 0.17512179999999999414
372 64.000000 54.000000 0.09763739999999999919
373 120.000000 87.000000 0.07684680000000000677
374 84.000000 68.000000 0.10626710000000000322
375 99.000000 75.000000 0.12192899999999999572
376 83.000000 70.000000 0.16492670000000000941
377 54.000000 42.000000 0.15003220000000000445
378 64.000000 52.000000 0.13345889999999999143
379 76.000000 63.000000 0.09372320000000000650
380 51.000000 46.000000 0.11376329999999999776
381 79.000000 66.000000 0.13205700000000000771
382 95.000000 69.000000 0.08755280000000000007
383 55.000000 44.000000 0.10764930000000000332
384 96.000000 68.000000 0.08291740000000000221
385 52.000000 43.000000 0.12787090000000000956
386 71.000000 57.000000 0.09075959999999999583
387 60.000000 45.000000 0.13987499999999999933
388 81.000000 66.000000 0.06963229999999999420
389 60.000000 57.000000 0.10076110000000000622
390 80.000000 64.000000 0.15428259999999999197
391 103.000000 76.000000 0.13497549999999999826
392 71.000000 54.000000 0.10412499999999999534
393 52.000000 41.000000 0.11904530000000000667
394 94.000000 74.000000 0.07605130000000000223
395 72.000000 55.000000 0.11270499999999999963
396 96.000000 71.000000 0.12550000000000000044
397 66.000000 52.000000 0.13705600000000001115
398 90.000000 64.000000 0.06979609999999999981
399 84.000000 66.000000 0.09748729999999999896
400 90.000000 68.000000 0.11640689999999999371
401 88.000000 64.000000 0.07045179999999999498
402 74.000000 60.000000 0.13354989999999999917
403 67.000000 59.000000 0.09984079999999999344
404 74.000000 60.000000 0.12626200000000001311
405 78.000000 58.000000 0.10905600000000000016
406 73.000000 61.000000 0.08526369999999999783
407 82.000000 65.000000 0.12093429999999999458
408 72.000000 56.000000 0.12653259999999999508
409 57.000000 43.000000 0.12938800000000000301
410 75.000000 65.000000 0.07920560000000000100
411 68.000000 56.000000 0.09066749999999999809
412 60.000000 53.000000 0.12118790000000000118
413 64.000000 52.000000 0.12535769999999998858
414 70.000000 60.000000 0.10449680000000000080
415 81.000000 66.000000 0.12187449999999999672
416 77.000000 58.000000 0.23555889999999998774
417 86.000000 68.000000 0.07383199999999999485
418 78.000000 62.000000 0.09481689999999999563
419 62.000000 52.000000 0.12053120000000000500
420 55.000000 45.000000 0.13304179999999998785
