1 12.000000 12.000000 0.13272849999999999926
2 13.000000 12.000000 0.06180139999999999939
3 12.000000 12.000000 0.03749670000000000086
4 14.000000 12.000000 0.04335610000000000158
5 15.000000 13.000000 0.07075220000000000120
6 14.000000 13.000000 0.02445270000000000082
7 15.000000 12.000000 0.01799090000000000064
8 15.000000 13.000000 0.02715460000000000096
9 12.000000 12.000000 0.03187600000000000156
10 14.000000 12.000000 0.02164119999999999933
11 12.000000 12.000000 0.02945909999999999848
12 14.000000 13.000000 0.02859420000000000017
13 13.000000 12.000000 0.02318800000000000028
14 16.000000 13.000000 0.02298969999999999833
15 12.000000 12.000000 0.01861840000000000023
16 14.000000 13.000000 0.01909450000000000036
17 14.000000 13.000000 0.03173619999999999913
18 14.000000 13.000000 0.01866400000000000003
19 14.000000 13.000000 0.01876299999999999843
20 13.000000 13.000000 0.01798850000000000102
21 13.000000 13.000000 0.01652599999999999902
22 11.000000 11.000000 0.02839799999999999963
23 12.000000 12.000000 0.02168319999999999970
24 13.000000 13.000000 0.01905130000000000018
25 13.000000 12.000000 0.01861259999999999998
26 15.000000 13.000000 0.02448660000000000073
27 13.000000 12.000000 0.01710609999999999908
28 11.000000 11.000000 0.02103819999999999996
29 11.000000 11.000000 0.02018510000000000096
30 14.000000 12.000000 0.02252219999999999916
31 13.000000 13.000000 0.02051189999999999958
32 14.000000 13.000000 0.01802130000000000051
33 13.000000 13.000000 0.02260300000000000156
34 15.000000 13.000000 0.01836120000000000113
35 13.000000 12.000000 0.02977600000000000038
36 15.000000 13.000000 0.02124830000000000121
37 13.000000 12.000000 0.03363420000000000298
38 12.000000 12.000000 0.02092890000000000028
39 12.000000 12.000000 0.01909380000000000105
40 14.000000 13.000000 0.01813949999999999937
41 13.000000 12.000000 0.01903509999999999924
42 14.000000 13.000000 0.02111570000000000114
43 14.000000 13.000000 0.02457329999999999931
44 12.000000 12.000000 0.02127839999999999940
45 15.000000 13.000000 0.02212039999999999840
46 12.000000 12.000000 0.02926149999999999932
47 12.000000 12.000000 0.01847520000000000065
48 15.000000 13.000000 0.02309150000000000091
49 13.000000 12.000000 0.02223500000000000129
50 13.000000 12.000000 0.02024269999999999889
51 15.000000 13.000000 0.01915000000000000036
52 11.000000 11.000000 0.02087779999999999844
53 15.000000 13.000000 0.01810890000000000069
54 12.000000 12.000000 0.01909459999999999977
55 14.000000 13.000000 0.01949870000000000075
56 13.000000 13.000000 0.01664459999999999898
57 15.000000 13.000000 0.02288460000000000147
58 13.000000 13.000000 0.02002069999999999891
59 12.000000 12.000000 0.02193020000000000039
60 14.000000 12.000000 0.01927960000000000090
61 15.000000 13.000000 0.01993390000000000092
62 16.000000 13.000000 0.02252499999999999988
63 12.000000 12.000000 0.02280890000000000001
64 14.000000 13.000000 0.01887339999999999851
65 11.000000 11.000000 0.02757199999999999929
66 16.000000 13.000000 0.01895679999999999935
67 11.000000 11.000000 0.02128400000000000084
68 12.000000 12.000000 0.03625319999999999931
69 14.000000 13.000000 0.02219930000000000167
70 14.000000 13.000000 0.02354960000000000039
71 15.000000 13.000000 0.02511659999999999934
72 12.000000 12.000000 0.02515289999999999887
73 12.000000 12.000000 0.02709390000000000062
74 12.000000 12.000000 0.02135849999999999901
75 12.000000 12.000000 0.03055139999999999939
76 12.000000 12.000000 0.02217950000000000130
77 16.000000 13.000000 0.01904219999999999871
78 13.000000 12.000000 0.02644919999999999910
79 14.000000 13.000000 0.02148020000000000138
80 13.000000 13.000000 0.02296629999999999852
81 12.000000 12.000000 0.02940260000000000096
82 14.000000 12.000000 0.03425589999999999885
83 12.000000 12.000000 0.01959910000000000124
84 14.000000 13.000000 0.02272870000000000099
85 13.000000 12.000000 0.01878480000000000080
86 16.000000 13.000000 0.01826929999999999873
87 14.000000 12.000000 0.01751099999999999879
88 15.000000 13.000000 0.01723850000000000035
89 15.000000 12.000000 0.01789900000000000171
90 13.000000 12.000000 0.02060040000000000135
91 13.000000 12.000000 0.02082960000000000020
92 14.000000 12.000000 0.01821249999999999952
93 13.000000 12.000000 0.02058389999999999873
94 13.000000 13.000000 0.01895900000000000016
95 14.000000 13.000000 0.01812659999999999966
96 11.000000 11.000000 0.01935740000000000030
97 11.000000 11.000000 0.01900129999999999875
98 17.000000 13.000000 0.01804789999999999867
99 13.000000 13.000000 0.02095019999999999868
100 16.000000 12.000000 0.02014950000000000074
101 12.000000 12.000000 0.02503889999999999935
102 15.000000 13.000000 0.01807709999999999873
103 16.000000 13.000000 0.01844650000000000109
104 12.000000 12.000000 0.02007679999999999881
105 15.000000 13.000000 0.01622619999999999965
106 13.000000 13.000000 0.01806829999999999894
107 13.000000 12.000000 0.01911819999999999839
108 12.000000 12.000000 0.01691120000000000123
109 13.000000 13.000000 0.02238149999999999862
110 14.000000 13.000000 0.01864820000000000019
111 14.000000 13.000000 0.02598050000000000012
112 11.000000 11.000000 0.02052469999999999989
113 13.000000 12.000000 0.02761920000000000000
114 12.000000 12.000000 0.03580640000000000212
115 14.000000 12.000000 0.01721299999999999913
116 14.000000 13.000000 0.01954039999999999944
117 12.000000 12.000000 0.01974580000000000085
118 12.000000 12.000000 0.02694010000000000155
119 11.000000 11.000000 0.02459489999999999940
120 14.000000 13.000000 0.01731900000000000106
121 13.000000 12.000000 0.02113680000000000073
122 14.000000 13.000000 0.01960339999999999999
123 14.000000 13.000000 0.01963919999999999902
124 15.000000 13.000000 0.02000240000000000004
125 14.000000 13.000000 0.02046140000000000111
126 13.000000 13.000000 0.02025949999999999973
127 15.000000 13.000000 0.02548539999999999833
128 13.000000 12.000000 0.01817859999999999962
129 13.000000 13.000000 0.02089999999999999844
130 13.000000 13.000000 0.01931280000000000149
131 14.000000 13.000000 0.02576689999999999883
132 14.000000 13.000000 0.03210810000000000053
133 14.000000 13.000000 0.02482229999999999853
134 14.000000 13.000000 0.02267889999999999837
135 15.000000 13.000000 0.02083650000000000085
136 11.000000 11.000000 0.02022590000000000152
137 13.000000 13.000000 0.02381180000000000102
138 15.000000 13.000000 0.01910219999999999974
139 13.000000 12.000000 0.04847749999999999976
140 12.000000 12.000000 0.02689360000000000014
141 16.000000 13.000000 0.01862549999999999970
142 14.000000 12.000000 0.03464190000000000325
143 11.000000 11.000000 0.01905149999999999899
144 12.000000 12.000000 0.01757579999999999906
145 15.000000 13.000000 0.01793700000000000155
146 11.000000 11.000000 0.01900769999999999890
147 14.000000 12.000000 0.01719029999999999864
148 16.000000 13.000000 0.01808059999999999876
149 14.000000 13.000000 0.02253410000000000135
150 14.000000 13.000000 0.03057680000000000120
151 13.000000 13.000000 0.01758240000000000150
152 12.000000 12.000000 0.01793109999999999843
153 13.000000 13.000000 0.01809909999999999991
154 15.000000 13.000000 0.01775619999999999976
155 12.000000 12.000000 0.01715130000000000127
156 12.000000 12.000000 0.02070450000000000068
157 14.000000 13.000000 0.01737059999999999993
158 14.000000 13.000000 0.01861190000000000067
159 13.000000 12.000000 0.01924839999999999884
160 15.000000 13.000000 0.01912640000000000173
161 13.000000 12.000000 0.01985320000000000140
162 15.000000 13.000000 0.02045119999999999924
163 14.000000 12.000000 0.01848299999999999943
164 13.000000 13.000000 0.01858349999999999932
165 12.000000 12.000000 0.01785609999999999975
166 14.000000 12.000000 0.02441480000000000039
167 13.000000 12.000000 0.01982079999999999953
168 14.000000 12.000000 0.01975930000000000047
169 13.000000 13.000000 0.01691000000000000142
170 13.000000 12.000000 0.01897439999999999891
171 15.000000 13.000000 0.02024959999999999954
172 14.000000 13.000000 0.01882750000000000049
173 14.000000 13.000000 0.01840469999999999953
174 15.000000 13.000000 0.04505379999999999802
175 14.000000 13.000000 0.01679030000000000106
176 11.000000 11.000000 0.02264170000000000071
177 13.000000 13.000000 0.01699929999999999844
178 13.000000 12.000000 0.01823079999999999840
179 12.000000 12.000000 0.01649199999999999972
180 13.000000 12.000000 0.02474640000000000173
181 13.000000 12.000000 0.01738069999999999893
182 12.000000 12.000000 0.03580339999999999911
183 14.000000 13.000000 0.04485120000000000079
184 14.000000 12.000000 0.03602020000000000222
185 12.000000 12.000000 0.02946440000000000170
186 14.000000 13.000000 0.02122910000000000075
187 13.000000 13.000000 0.02031689999999999885
188 13.000000 12.000000 0.01755460000000000007
189 11.000000 11.000000 0.02102369999999999933
190 14.000000 13.000000 0.01917040000000000063
191 12.000000 12.000000 0.01739069999999999852
192 15.000000 13.000000 0.01875280000000000002
193 12.000000 12.000000 0.01882620000000000127
194 13.000000 12.000000 0.01715790000000000023
195 14.000000 13.000000 0.01781889999999999863
196 15.000000 13.000000 0.01844619999999999940
197 13.000000 13.000000 0.02215469999999999939
198 12.000000 12.000000 0.01765960000000000099
199 13.000000 12.000000 0.02109139999999999973
200 15.000000 13.000000 0.02246690000000000145
201 14.000000 13.000000 0.01977939999999999907
202 15.000000 13.000000 0.02238880000000000037
203 14.000000 13.000000 0.02120019999999999891
204 13.000000 13.000000 0.02024300000000000058
205 14.000000 13.000000 0.01802789999999999948
206 14.000000 12.000000 0.02011490000000000153
207 14.000000 13.000000 0.01707629999999999912
208 13.000000 12.000000 0.01955360000000000084
209 13.000000 13.000000 0.01783699999999999869
210 16.000000 13.000000 0.01654169999999999946
211 12.000000 12.000000 0.02659560000000000049
212 12.000000 12.000000 0.02005699999999999844
213 13.000000 12.000000 0.02691910000000000136
214 12.000000 12.000000 0.02278579999999999842
215 13.000000 12.000000 0.01943440000000000098
216 13.000000 13.000000 0.03341090000000000032
217 15.000000 13.000000 0.02253729999999999969
218 13.000000 12.000000 0.02049749999999999836
219 14.000000 13.000000 0.02188620000000000149
220 12.000000 12.000000 0.02340559999999999863
221 16.000000 13.000000 0.01996500000000000011
222 12.000000 12.000000 0.01917050000000000004
223 12.000000 12.000000 0.02031130000000000088
224 12.000000 12.000000 0.01815150000000000097
225 13.000000 12.000000 0.01886840000000000045
226 12.000000 12.000000 0.01835140000000000035
227 13.000000 13.000000 0.01818240000000000134
228 13.000000 13.000000 0.01817490000000000078
229 14.000000 12.000000 0.02151310000000000028
230 14.000000 13.000000 0.01916340000000000057
231 14.000000 12.000000 0.01819629999999999859
232 12.000000 12.000000 0.01677089999999999831
233 13.000000 13.000000 0.01899280000000000065
234 12.000000 12.000000 0.02032760000000000122
235 15.000000 13.000000 0.01905690000000000162
236 14.000000 12.000000 0.02059599999999999972
237 15.000000 13.000000 0.01659290000000000070
238 12.000000 12.000000 0.02065350000000000172
239 13.000000 13.000000 0.02088889999999999844
240 15.000000 13.000000 0.01667959999999999929
241 15.000000 13.000000 0.01936200000000000074
242 13.000000 12.000000 0.01824999999999999886
243 12.000000 12.000000 0.01876260000000000081
244 13.000000 12.000000 0.01900910000000000100
245 13.000000 13.000000 0.02232620000000000091
246 15.000000 13.000000 0.01918009999999999854
247 13.000000 13.000000 0.01827430000000000027
248 13.000000 13.000000 0.01911219999999999933
249 14.000000 13.000000 0.01915980000000000114
250 13.000000 13.000000 0.01932680000000000162
251 13.000000 13.000000 0.02044340000000000046
252 13.000000 13.000000 0.01901430000000000134
253 12.000000 12.000000 0.02095469999999999972
254 13.000000 13.000000 0.01809869999999999882
255 12.000000 12.000000 0.02076570000000000152
256 14.000000 13.000000 0.01597229999999999830
257 14.000000 13.000000 0.02005219999999999919
258 14.000000 12.000000 0.02051510000000000139
259 12.000000 12.000000 0.01910960000000000089
260 11.000000 11.000000 0.02130529999999999924
261 14.000000 12.000000 0.02242219999999999977
262 13.000000 13.000000 0.02091149999999999953
263 13.000000 12.000000 0.02186770000000000033
264 15.000000 13.000000 0.01778460000000000110
265 13.000000 12.000000 0.01762379999999999849
266 12.000000 12.000000 0.02341199999999999878
267 14.000000 13.000000 0.02035910000000000150
268 12.000000 12.000000 0.02070910000000000112
269 13.000000 12.000000 0.01776640000000000164
270 13.000000 13.000000 0.01996910000000000004
271 14.000000 13.000000 0.01753549999999999900
272 15.000000 13.000000 0.02181229999999999974
273 13.000000 12.000000 0.01892179999999999904
274 12.000000 12.000000 0.01772860000000000061
275 13.000000 12.000000 0.01872319999999999887
276 12.000000 12.000000 0.02151580000000000159
277 14.000000 12.000000 0.01774270000000000014
278 12.000000 12.000000 0.02292790000000000106
279 18.000000 13.000000 0.01746829999999999911
280 14.000000 13.000000 0.01593960000000000168
281 14.000000 13.000000 0.02319349999999999884
282 15.000000 13.000000 0.01629059999999999883
283 15.000000 13.000000 0.01715329999999999980
284 12.000000 12.000000 0.01875280000000000002
285 14.000000 12.000000 0.01750159999999999910
286 12.000000 12.000000 0.01789249999999999868
287 12.000000 12.000000 0.01616510000000000169
288 14.000000 12.000000 0.01902279999999999943
289 13.000000 13.000000 0.01779959999999999876
290 14.000000 13.000000 0.01772380000000000136
291 13.000000 12.000000 0.01769509999999999833
292 14.000000 13.000000 0.01850169999999999940
293 13.000000 12.000000 0.01649710000000000065
294 14.000000 13.000000 0.01845400000000000165
295 16.000000 13.000000 0.01558039999999999946
296 15.000000 13.000000 0.01788199999999999859
297 14.000000 12.000000 0.01773740000000000039
298 12.000000 12.000000 0.02329099999999999920
299 12.000000 12.000000 0.01679479999999999862
300 13.000000 13.000000 0.01844310000000000047
301 15.000000 13.000000 0.01720649999999999957
302 14.000000 13.000000 0.01946960000000000010
303 13.000000 12.000000 0.02054980000000000001
304 13.000000 13.000000 0.01586179999999999882
305 13.000000 12.000000 0.01961020000000000124
306 13.000000 12.000000 0.01832560000000000092
307 12.000000 12.000000 0.01778690000000000132
308 13.000000 12.000000 0.01700269999999999906
309 12.000000 12.000000 0.02161729999999999902
310 14.000000 13.000000 0.01966990000000000058
311 15.000000 13.000000 0.01642949999999999966
312 15.000000 13.000000 0.02009560000000000166
313 14.000000 13.000000 0.01672360000000000166
314 14.000000 13.000000 0.01695390000000000091
315 13.000000 13.000000 0.01900810000000000000
316 13.000000 12.000000 0.01795350000000000071
317 15.000000 13.000000 0.01780009999999999926
318 12.000000 12.000000 0.01798589999999999911
319 15.000000 13.000000 0.01682749999999999871
320 13.000000 12.000000 0.01962080000000000074
321 14.000000 13.000000 0.01761079999999999937
322 16.000000 13.000000 0.01666319999999999954
323 12.000000 12.000000 0.02267740000000000034
324 15.000000 13.000000 0.01860459999999999892
325 13.000000 12.000000 0.01873500000000000165
326 13.000000 12.000000 0.01724399999999999891
327 12.000000 12.000000 0.02054169999999999954
328 14.000000 13.000000 0.01925340000000000037
329 13.000000 13.000000 0.01889710000000000001
330 13.000000 13.000000 0.01869540000000000091
331 13.000000 12.000000 0.01758639999999999856
332 11.000000 11.000000 0.02041010000000000046
333 11.000000 11.000000 0.01973429999999999976
334 14.000000 13.000000 0.01891009999999999913
335 14.000000 13.000000 0.01656730000000000008
336 13.000000 12.000000 0.01677429999999999893
337 13.000000 13.000000 0.03650140000000000329
338 14.000000 13.000000 0.01840179999999999941
339 16.000000 13.000000 0.01553419999999999974
340 12.000000 12.000000 0.01966000000000000039
341 12.000000 12.000000 0.01727619999999999850
342 14.000000 13.000000 0.01746040000000000092
343 12.000000 12.000000 0.02167720000000000063
344 13.000000 12.000000 0.02408580000000000096
345 11.000000 11.000000 0.02048840000000000036
346 14.000000 12.000000 0.01761199999999999918
347 15.000000 13.000000 0.02461129999999999915
348 12.000000 12.000000 0.02207840000000000150
349 14.000000 12.000000 0.01835470000000000157
350 15.000000 13.000000 0.03032309999999999867
351 14.000000 13.000000 0.01682780000000000040
352 14.000000 13.000000 0.01814179999999999959
353 15.000000 12.000000 0.01721610000000000154
354 14.000000 12.000000 0.01755730000000000138
355 16.000000 13.000000 0.01746009999999999923
356 14.000000 13.000000 0.01763479999999999909
357 14.000000 12.000000 0.01963430000000000036
358 16.000000 13.000000 0.01691029999999999964
359 12.000000 12.000000 0.01783070000000000141
360 12.000000 12.000000 0.01789299999999999918
361 13.000000 13.000000 0.02034110000000000085
362 14.000000 12.000000 0.01867550000000000113
363 15.000000 13.000000 0.01738519999999999996
364 13.000000 12.000000 0.01707749999999999893
365 13.000000 12.000000 0.01681960000000000052
366 14.000000 13.000000 0.02147419999999999884
367 13.000000 13.000000 0.02780219999999999914
368 13.000000 13.000000 0.02249169999999999989
369 11.000000 11.000000 0.02011430000000000162
370 13.000000 13.000000 0.02251070000000000154
371 13.000000 12.000000 0.01854489999999999958
372 13.000000 12.000000 0.01667849999999999888
373 13.000000 13.000000 0.01832299999999999901
374 12.000000 12.000000 0.02239439999999999834
375 15.000000 13.000000 0.01813160000000000119
376 11.000000 11.000000 0.01852200000000000027
377 15.000000 12.000000 0.01652970000000000134
378 13.000000 13.000000 0.01868469999999999853
379 14.000000 13.000000 0.01754210000000000144
380 13.000000 12.000000 0.02183550000000000074
381 13.000000 12.000000 0.02223829999999999904
382 13.000000 12.000000 0.01661620000000000111
383 15.000000 13.000000 0.02029150000000000051
384 14.000000 12.000000 0.02681899999999999909
385 13.000000 12.000000 0.02169060000000000085
386 14.000000 13.000000 0.01717130000000000045
387 11.000000 11.000000 0.02489449999999999996
388 15.000000 13.000000 0.02701020000000000157
389 15.000000 13.000000 0.04477079999999999949
390 15.000000 13.000000 0.02743630000000000027
391 14.000000 12.000000 0.02931020000000000153
392 14.000000 12.000000 0.05295679999999999832
393 11.000000 11.000000 0.01840510000000000063
394 13.000000 12.000000 0.02879929999999999990
395 14.000000 13.000000 0.03414119999999999655
396 14.000000 13.000000 0.04173580000000000345
397 12.000000 12.000000 0.01790759999999999921
398 13.000000 12.000000 0.02302960000000000076
399 15.000000 13.000000 0.01758159999999999931
400 15.000000 13.000000 0.01880700000000000080
401 14.000000 13.000000 0.01830580000000000054
402 14.000000 13.000000 0.01786729999999999915
403 13.000000 12.000000 0.01724929999999999866
404 14.000000 13.000000 0.02178520000000000109
405 11.000000 11.000000 0.01650920000000000165
406 13.000000 12.000000 0.01777029999999999929
407 14.000000 13.000000 0.02319059999999999871
408 14.000000 13.000000 0.02235840000000000050
409 12.000000 12.000000 0.01764579999999999968
410 12.000000 12.000000 0.01743499999999999911
411 12.000000 12.000000 0.01746100000000000083
412 14.000000 13.000000 0.02152940000000000062
413 13.000000 12.000000 0.01862870000000000151
414 12.000000 12.000000 0.02338459999999999844
415 13.000000 12.000000 0.02410160000000000080
416 14.000000 13.000000 0.01830860000000000126
417 14.000000 13.000000 0.01873410000000000006
418 11.000000 11.000000 0.02142490000000000019
419 14.000000 13.000000 0.01857570000000000054
420 14.000000 13.000000 0.02119350000000000053
