1 428.000000 329.000000 23.05796379999999956567
2 263.000000 217.000000 68.39763370000000008986
3 368.000000 280.000000 20.54653689999999954807
4 358.000000 286.000000 9.32025789999999965119
5 316.000000 244.000000 42.84766189999999852489
6 294.000000 221.000000 66.51059789999999338761
7 327.000000 276.000000 12.63841269999999994411
8 392.000000 280.000000 108.10552869999999359152
9 371.000000 293.000000 12.19564609999999937884
10 234.000000 174.000000 33.55447029999999841721
11 368.000000 280.000000 11.17397440000000052862
12 275.000000 244.000000 19.34223280000000144696
13 449.000000 352.000000 3.20285179999999991551
14 319.000000 271.000000 9.10483179999999947540
15 368.000000 283.000000 32.05866019999999849688
16 252.000000 208.000000 30.08268860000000088917
17 385.000000 288.000000 45.15396239999999750125
18 385.000000 297.000000 33.62648360000000025138
19 248.000000 204.000000 14.72669729999999965742
20 309.000000 240.000000 18.74424850000000120076
21 451.000000 338.000000 29.83729040000000054533
22 355.000000 277.000000 8.90556370000000008247
23 330.000000 267.000000 4.54385770000000022151
24 431.000000 325.000000 7.70652239999999988385
25 356.000000 280.000000 12.37931850000000011391
26 308.000000 240.000000 26.73604429999999965162
27 421.000000 320.000000 22.91970690000000132613
28 391.000000 296.000000 20.35239049999999849661
29 275.000000 232.000000 7.00366390000000027527
30 483.000000 344.000000 7.93250070000000029324
31 366.000000 262.000000 7.10713129999999981834
32 323.000000 251.000000 15.42990329999999943311
33 332.000000 255.000000 16.34679039999999972110
34 373.000000 267.000000 17.65318819999999888637
35 249.000000 200.000000 18.34157129999999824577
36 309.000000 241.000000 16.18439910000000026002
37 332.000000 255.000000 26.49010219999999904417
38 324.000000 247.000000 122.79220549999999434476
39 236.000000 183.000000 13.72759530000000083305
40 437.000000 337.000000 14.30760719999999963647
41 438.000000 331.000000 3.04047810000000007236
42 419.000000 321.000000 15.09528129999999990218
43 344.000000 274.000000 14.71088450000000058537
44 304.000000 223.000000 10.00193170000000009168
45 335.000000 271.000000 9.17184920000000047935
46 310.000000 240.000000 9.18678159999999977003
47 432.000000 331.000000 10.23795729999999970516
48 349.000000 267.000000 11.15914279999999969561
49 323.000000 257.000000 6.64940599999999992775
50 322.000000 269.000000 5.08900120000000022458
51 300.000000 230.000000 41.36259119999999711581
52 424.000000 319.000000 40.12918470000000326081
53 289.000000 228.000000 34.70799869999999742731
54 375.000000 277.000000 9.75420319999999918537
55 221.000000 184.000000 9.05323519999999959396
56 341.000000 271.000000 2.80446630000000007854
57 368.000000 272.000000 10.34482539999999950453
58 302.000000 239.000000 4.72615829999999981226
59 272.000000 216.000000 12.79623330000000080986
60 246.000000 204.000000 14.84346309999999924401
61 336.000000 276.000000 55.25662220000000246500
62 267.000000 211.000000 88.21505489999999838346
63 214.000000 178.000000 15.35038740000000068164
64 347.000000 267.000000 11.23269490000000025987
65 454.000000 332.000000 27.54556290000000018381
66 355.000000 281.000000 4.32709740000000042670
67 296.000000 246.000000 4.42225890000000010360
68 270.000000 224.000000 26.85812290000000146506
69 350.000000 276.000000 9.22625110000000070443
70 345.000000 279.000000 3.01134769999999996060
71 255.000000 216.000000 28.88296860000000165769
72 388.000000 291.000000 15.10212719999999997356
73 245.000000 211.000000 6.86978470000000029927
74 289.000000 212.000000 11.52970059999999996592
75 382.000000 281.000000 5.09903140000000032472
76 399.000000 303.000000 11.94149449999999923477
77 283.000000 217.000000 47.93610910000000302489
78 193.000000 144.000000 24.50474200000000024602
79 481.000000 344.000000 19.02790620000000032519
80 236.000000 178.000000 25.33232089999999914198
81 393.000000 311.000000 7.41400880000000039871
82 278.000000 200.000000 25.41780590000000117357
83 194.000000 157.000000 15.15035920000000047025
84 243.000000 194.000000 28.43134299999999825559
85 320.000000 250.000000 22.45015130000000169730
86 436.000000 325.000000 3.43107799999999985019
87 263.000000 218.000000 2.67174069999999996838
88 229.000000 188.000000 7.62065479999999961791
89 422.000000 305.000000 15.21420329999999943027
90 368.000000 280.000000 4.76547970000000020718
91 522.000000 368.000000 0.72567550000000002886
92 324.000000 259.000000 11.83297810000000005459
93 294.000000 238.000000 9.60220640000000003056
94 358.000000 285.000000 5.66473709999999996967
95 319.000000 252.000000 34.84189949999999669217
96 335.000000 272.000000 12.97233149999999923807
97 247.000000 194.000000 16.66735630000000156770
98 276.000000 218.000000 27.46812620000000038090
99 393.000000 319.000000 4.76031549999999992195
100 521.000000 366.000000 12.27899020000000085417
101 314.000000 245.000000 14.63561259999999997206
102 372.000000 288.000000 18.23317760000000120613
103 350.000000 262.000000 14.72828520000000018797
104 332.000000 268.000000 10.14521069999999980382
105 366.000000 290.000000 7.85692979999999963070
106 316.000000 246.000000 14.19094600000000028217
107 223.000000 185.000000 10.10565470000000054540
108 433.000000 336.000000 14.46771060000000019841
109 267.000000 207.000000 25.43504920000000169011
110 382.000000 308.000000 3.16982050000000015189
111 318.000000 241.000000 47.76041959999999875208
112 444.000000 332.000000 26.60011240000000043437
113 323.000000 241.000000 44.47793430000000114433
114 267.000000 215.000000 3.61491819999999997037
115 330.000000 254.000000 49.20252490000000022974
116 450.000000 340.000000 7.18284590000000022769
117 330.000000 269.000000 10.66315610000000013713
118 286.000000 217.000000 44.14508130000000107884
119 338.000000 257.000000 6.37965650000000028541
120 275.000000 212.000000 5.61611539999999997974
121 343.000000 265.000000 23.97151859999999956585
122 362.000000 280.000000 19.58820700000000059049
123 282.000000 216.000000 18.74087820000000093046
124 322.000000 248.000000 24.16834169999999915035
125 369.000000 270.000000 4.15315160000000016538
126 285.000000 217.000000 19.48271240000000048553
127 318.000000 252.000000 5.81632190000000015573
128 243.000000 204.000000 17.50741389999999952920
129 278.000000 229.000000 7.39504810000000034620
130 365.000000 285.000000 2.75886459999999988923
131 400.000000 311.000000 7.34936990000000012202
132 365.000000 262.000000 27.83475969999999932725
133 347.000000 266.000000 20.15512520000000051823
134 443.000000 332.000000 7.84705779999999997187
135 385.000000 325.000000 7.86624180000000006174
136 357.000000 257.000000 6.23156809999999961036
137 353.000000 260.000000 4.18936050000000026472
138 387.000000 292.000000 4.46759500000000020492
139 333.000000 271.000000 5.07197920000000035401
140 371.000000 279.000000 31.98422250000000133241
141 311.000000 238.000000 42.51238719999999915444
142 298.000000 225.000000 30.08095510000000061268
143 349.000000 273.000000 13.71787239999999918894
144 251.000000 215.000000 11.14864670000000046457
145 297.000000 255.000000 9.30480209999999985371
146 310.000000 252.000000 7.78635009999999994079
147 349.000000 270.000000 39.20774790000000109558
148 391.000000 297.000000 13.68477799999999966474
149 345.000000 273.000000 16.02556949999999957868
150 385.000000 292.000000 13.48891470000000047946
151 432.000000 313.000000 7.21923910000000024212
152 393.000000 319.000000 18.15364699999999942293
153 347.000000 267.000000 6.70176869999999968996
154 446.000000 343.000000 11.64161600000000085231
155 415.000000 313.000000 60.67980659999999915044
156 436.000000 333.000000 9.85398499999999977206
157 291.000000 232.000000 12.77592300000000058446
158 290.000000 241.000000 14.92695600000000055729
159 351.000000 260.000000 65.19568590000000085638
160 413.000000 319.000000 5.10077149999999956975
161 297.000000 249.000000 3.72073540000000013706
162 356.000000 289.000000 15.46009600000000006048
163 325.000000 245.000000 8.02530929999999997904
164 359.000000 270.000000 7.55095989999999961384
165 285.000000 240.000000 10.97373359999999919978
166 359.000000 291.000000 18.27600299999999933220
167 349.000000 279.000000 11.71872390000000052623
168 310.000000 254.000000 18.76464089999999984570
169 320.000000 251.000000 45.48241889999999898464
170 403.000000 296.000000 15.93410489999999946065
171 401.000000 312.000000 11.61080310000000004322
172 303.000000 230.000000 32.55833899999999658803
173 400.000000 313.000000 3.22660610000000014352
174 300.000000 222.000000 45.06950129999999887787
175 381.000000 309.000000 8.30772630000000056327
176 201.000000 170.000000 9.36713570000000039784
177 298.000000 251.000000 9.42353199999999979752
178 338.000000 257.000000 48.16658660000000224954
179 314.000000 239.000000 15.68758569999999963329
180 323.000000 241.000000 20.51458669999999884226
181 334.000000 263.000000 17.32611969999999956826
182 295.000000 242.000000 8.19711599999999940280
183 309.000000 224.000000 14.66372450000000071668
184 437.000000 319.000000 34.21481860000000096989
185 277.000000 206.000000 46.92077379999999919846
186 332.000000 254.000000 8.35723089999999935173
187 389.000000 296.000000 14.11555159999999986553
188 262.000000 208.000000 21.31928530000000066025
189 312.000000 234.000000 7.86701460000000007966
190 375.000000 285.000000 10.65232360000000078060
191 305.000000 254.000000 7.73248970000000035441
192 404.000000 306.000000 2.38096299999999994057
193 386.000000 319.000000 3.30041420000000007562
194 271.000000 222.000000 4.64751970000000014238
195 330.000000 267.000000 18.67264809999999997103
196 423.000000 316.000000 24.47005180000000024165
197 327.000000 252.000000 37.88920600000000149521
198 314.000000 243.000000 3.29304750000000012733
199 225.000000 180.000000 11.38113470000000049254
200 290.000000 241.000000 11.23710430000000037865
201 492.000000 370.000000 4.79295950000000026137
202 297.000000 226.000000 74.13864399999999932334
203 315.000000 225.000000 3.32652219999999987365
204 312.000000 247.000000 4.02534469999999977574
205 364.000000 279.000000 19.61058339999999944325
206 369.000000 280.000000 10.66282430000000047698
207 345.000000 268.000000 20.82980699999999885108
208 278.000000 216.000000 14.24831939999999974589
209 358.000000 264.000000 21.39757900000000034879
210 515.000000 374.000000 3.21371569999999984191
211 297.000000 249.000000 7.08581889999999958718
212 349.000000 278.000000 9.72084189999999992438
213 332.000000 241.000000 32.57727189999999950487
214 402.000000 302.000000 17.02537710000000004129
215 378.000000 277.000000 10.45235420000000026164
216 282.000000 214.000000 8.32885190000000008581
217 365.000000 287.000000 23.35443079999999937968
218 346.000000 257.000000 29.60819770000000161758
219 373.000000 272.000000 4.41365270000000009532
220 387.000000 279.000000 25.44552949999999924557
221 343.000000 269.000000 9.18608749999999929514
222 239.000000 195.000000 15.66252279999999963422
223 432.000000 336.000000 23.13033169999999927313
224 523.000000 368.000000 48.92742309999999861247
225 249.000000 199.000000 40.05139090000000123837
226 523.000000 382.000000 4.95876189999999983371
227 330.000000 249.000000 47.17080810000000212767
228 380.000000 279.000000 9.46962450000000011130
229 280.000000 224.000000 18.87136350000000106775
230 423.000000 328.000000 10.95731299999999919237
231 306.000000 231.000000 5.85032849999999982060
232 305.000000 237.000000 36.78033899999999789543
233 266.000000 207.000000 13.20286950000000025796
234 352.000000 280.000000 5.88484699999999971709
235 347.000000 269.000000 20.15692299999999903548
236 409.000000 320.000000 14.45972830000000008965
237 418.000000 306.000000 4.06579569999999979046
238 333.000000 243.000000 7.26764559999999981699
239 285.000000 231.000000 14.15911170000000041114
240 306.000000 248.000000 20.22297199999999861575
241 311.000000 249.000000 3.65894360000000018474
242 398.000000 300.000000 21.37489000000000061164
243 410.000000 319.000000 7.17492570000000018382
244 430.000000 352.000000 8.30862559999999916727
245 202.000000 175.000000 7.35247259999999958069
246 369.000000 290.000000 8.03274650000000001171
247 309.000000 229.000000 32.62655759999999816046
248 306.000000 240.000000 14.64066449999999974807
249 394.000000 276.000000 15.65913729999999937093
250 370.000000 289.000000 3.54738189999999997681
251 408.000000 310.000000 1.59673580000000003842
252 379.000000 278.000000 12.25586659999999916693
253 329.000000 260.000000 6.70996400000000026154
254 349.000000 266.000000 2.32609699999999985920
255 320.000000 253.000000 14.81843899999999969452
256 375.000000 287.000000 47.48125809999999802358
257 384.000000 294.000000 3.78157839999999989544
258 412.000000 324.000000 6.24605760000000032051
259 323.000000 259.000000 2.94446889999999994458
260 346.000000 263.000000 7.79982030000000037262
261 371.000000 288.000000 5.73189469999999978711
262 293.000000 245.000000 8.60043639999999953716
263 386.000000 306.000000 18.75980369999999908259
264 300.000000 238.000000 7.08702590000000043347
265 299.000000 243.000000 9.78687339999999927898
266 300.000000 233.000000 15.29849839999999971951
267 374.000000 294.000000 2.08435149999999991266
268 317.000000 252.000000 3.89430450000000005772
269 344.000000 264.000000 23.63155220000000156233
270 289.000000 233.000000 8.59422149999999973602
271 271.000000 220.000000 5.14207289999999961339
272 520.000000 383.000000 3.96529219999999993362
273 406.000000 309.000000 38.83305440000000174905
274 337.000000 265.000000 48.15854780000000090467
275 351.000000 266.000000 21.58926380000000122550
276 453.000000 333.000000 15.29709740000000017801
277 333.000000 259.000000 18.92574379999999933943
278 391.000000 294.000000 9.83014119999999991251
279 379.000000 282.000000 12.99577559999999998297
280 345.000000 267.000000 6.71497480000000024347
281 338.000000 267.000000 4.06794250000000001677
282 271.000000 232.000000 9.42614930000000050825
283 302.000000 233.000000 16.41066719999999889978
284 451.000000 332.000000 16.34883130000000051041
285 371.000000 283.000000 4.42434599999999988995
286 363.000000 281.000000 19.03161430000000109430
287 390.000000 294.000000 15.13856250000000081002
288 449.000000 312.000000 38.95126199999999982992
289 371.000000 298.000000 2.05015789999999986648
290 432.000000 323.000000 1.98256600000000005046
291 389.000000 296.000000 11.65600549999999913098
292 393.000000 310.000000 4.24811669999999974578
293 366.000000 280.000000 6.80180320000000016023
294 367.000000 281.000000 2.82183880000000009147
295 401.000000 302.000000 4.26831289999999974327
296 363.000000 287.000000 13.29786939999999972883
297 303.000000 243.000000 2.54192779999999984852
298 307.000000 229.000000 46.93946540000000311466
299 388.000000 302.000000 16.91434479999999851429
300 430.000000 324.000000 3.55318870000000019971
301 359.000000 292.000000 7.96680589999999977380
302 286.000000 212.000000 18.31853630000000165978
303 360.000000 299.000000 11.88935719999999918173
304 326.000000 262.000000 10.24619430000000086523
305 216.000000 177.000000 10.05948079999999933420
306 320.000000 254.000000 5.86193320000000017700
307 356.000000 250.000000 21.23607549999999832835
308 256.000000 212.000000 21.17340240000000051168
309 259.000000 217.000000 16.18266979999999932716
310 358.000000 290.000000 3.17718070000000007980
311 383.000000 313.000000 1.18329529999999993883
312 370.000000 285.000000 13.98322929999999963968
313 339.000000 264.000000 15.45457820000000026539
314 339.000000 250.000000 40.83944160000000067612
315 276.000000 210.000000 12.74483249999999934232
316 313.000000 231.000000 17.16764750000000105956
317 372.000000 282.000000 19.18757069999999842480
318 380.000000 295.000000 12.09441960000000015896
319 397.000000 316.000000 7.07379889999999988959
320 309.000000 241.000000 33.89825359999999676575
321 313.000000 242.000000 14.48157209999999928129
322 335.000000 270.000000 3.05812110000000014765
323 368.000000 292.000000 11.48562539999999998486
324 340.000000 266.000000 17.80374559999999917181
325 437.000000 326.000000 11.03539549999999991314
326 351.000000 275.000000 29.80184630000000112204
327 250.000000 187.000000 35.42315740000000090504
328 272.000000 214.000000 16.12055989999999994211
329 519.000000 383.000000 4.35117370000000036612
330 418.000000 309.000000 16.12259080000000110999
331 212.000000 183.000000 6.69633189999999967057
332 294.000000 239.000000 9.63245339999999927727
333 332.000000 265.000000 4.06992099999999989990
334 439.000000 331.000000 3.21394560000000018007
335 403.000000 309.000000 2.36860319999999990870
336 302.000000 233.000000 19.87524030000000152540
337 444.000000 346.000000 2.79474380000000000024
338 324.000000 246.000000 11.68556880000000042230
339 332.000000 252.000000 7.66728319999999996526
340 233.000000 185.000000 7.16591100000000036374
341 372.000000 272.000000 87.78628670000000511209
342 389.000000 290.000000 4.95755030000000029844
343 504.000000 372.000000 38.17674310000000303944
344 301.000000 259.000000 10.26223309999999955267
345 322.000000 235.000000 2.23001590000000016190
346 295.000000 217.000000 69.71410989999999685551
347 336.000000 285.000000 5.35606510000000035632
348 399.000000 312.000000 4.97115530000000038768
349 294.000000 230.000000 24.07497139999999902216
350 340.000000 276.000000 7.14467440000000042488
351 324.000000 253.000000 10.75761959999999994864
352 208.000000 172.000000 4.25706390000000034490
353 305.000000 237.000000 6.68519310000000022143
354 323.000000 264.000000 13.12146719999999966433
355 400.000000 306.000000 1.71413119999999996601
356 396.000000 302.000000 7.70083800000000007202
357 307.000000 253.000000 3.38586089999999995115
358 230.000000 177.000000 3.94259190000000003806
359 369.000000 296.000000 15.04467039999999933286
360 324.000000 258.000000 4.56408219999999964500
361 496.000000 359.000000 7.06454920000000008429
362 198.000000 163.000000 3.35466100000000011505
363 287.000000 228.000000 12.59890200000000071157
364 351.000000 271.000000 28.15988959999999963202
365 372.000000 292.000000 2.90290079999999983684
366 450.000000 337.000000 11.81727449999999990382
367 343.000000 279.000000 10.00368639999999942347
368 354.000000 270.000000 2.74674079999999998236
369 292.000000 239.000000 3.06259449999999988634
370 293.000000 231.000000 7.30783999999999966946
371 303.000000 240.000000 5.17213570000000011362
372 208.000000 171.000000 10.72329290000000057148
373 405.000000 328.000000 6.29433280000000028309
374 258.000000 217.000000 34.47995600000000138152
375 347.000000 269.000000 33.88229230000000313794
376 230.000000 182.000000 11.21340889999999923532
377 353.000000 248.000000 48.47909539999999850579
378 356.000000 278.000000 4.89047340000000030358
379 321.000000 257.000000 7.64469720000000041438
380 355.000000 283.000000 6.18029130000000037626
381 386.000000 302.000000 7.91254659999999976350
382 337.000000 271.000000 5.09071310000000032403
383 397.000000 291.000000 7.07017790000000001527
384 322.000000 248.000000 5.13606789999999957530
385 393.000000 313.000000 3.64010960000000016734
386 399.000000 315.000000 5.61904869999999956320
387 291.000000 233.000000 7.61149349999999991212
388 241.000000 180.000000 15.51010199999999983334
389 448.000000 335.000000 10.05403229999999936695
390 233.000000 180.000000 9.13971650000000046532
391 395.000000 288.000000 5.57858929999999997307
392 424.000000 310.000000 19.27044060000000058608
393 340.000000 253.000000 8.44573029999999924655
394 250.000000 201.000000 3.44364030000000020948
395 181.000000 151.000000 16.09503259999999968954
396 426.000000 341.000000 7.18897969999999997270
397 389.000000 296.000000 18.49216810000000066339
398 261.000000 210.000000 17.65991359999999943398
399 238.000000 189.000000 7.50084850000000002979
400 411.000000 298.000000 32.79587889999999816837
401 347.000000 276.000000 4.79060530000000017736
402 317.000000 251.000000 5.20764720000000025379
403 413.000000 325.000000 4.28834210000000037866
404 244.000000 188.000000 32.57062770000000284654
405 344.000000 269.000000 5.53975249999999963535
406 383.000000 268.000000 20.02841659999999990305
407 311.000000 254.000000 16.68743800000000021555
408 323.000000 246.000000 22.62710709999999991737
409 296.000000 236.000000 11.20917110000000072034
410 302.000000 238.000000 14.52597560000000065372
411 435.000000 336.000000 7.21025130000000036290
412 393.000000 304.000000 3.09923890000000001876
413 299.000000 233.000000 6.60471159999999990475
414 350.000000 281.000000 3.48877199999999998425
415 366.000000 287.000000 28.52824359999999970228
416 290.000000 240.000000 9.32052670000000027528
417 336.000000 263.000000 4.54719780000000017850
418 272.000000 214.000000 21.79098709999999883280
419 377.000000 293.000000 8.61482619999999954530
420 334.000000 266.000000 11.51513229999999943232
