1 12.000000 12.000000 0.15864719999999998823
2 16.000000 14.000000 0.07224700000000000566
3 15.000000 14.000000 0.03339249999999999857
4 13.000000 13.000000 0.06488990000000000036
5 14.000000 14.000000 0.08045579999999999399
6 14.000000 14.000000 0.04356259999999999993
7 14.000000 13.000000 0.06277620000000000422
8 16.000000 14.000000 0.02446140000000000120
9 18.000000 14.000000 0.02626859999999999959
10 14.000000 14.000000 0.02541910000000000003
11 14.000000 14.000000 0.02520429999999999893
12 14.000000 14.000000 0.02255949999999999969
13 17.000000 14.000000 0.02019900000000000168
14 16.000000 14.000000 0.02648179999999999978
15 16.000000 14.000000 0.02714640000000000108
16 13.000000 13.000000 0.02478129999999999916
17 12.000000 12.000000 0.02328490000000000074
18 15.000000 13.000000 0.03168300000000000283
19 13.000000 13.000000 0.02581620000000000095
20 17.000000 14.000000 0.02292539999999999856
21 15.000000 14.000000 0.02279780000000000001
22 15.000000 14.000000 0.02168820000000000123
23 16.000000 14.000000 0.02178170000000000106
24 13.000000 13.000000 0.02793450000000000100
25 13.000000 13.000000 0.02337629999999999916
26 13.000000 13.000000 0.03717129999999999740
27 14.000000 14.000000 0.03695500000000000174
28 16.000000 14.000000 0.02888479999999999867
29 15.000000 14.000000 0.01917009999999999895
30 14.000000 13.000000 0.02142739999999999922
31 14.000000 13.000000 0.02430200000000000068
32 14.000000 13.000000 0.03041980000000000031
33 12.000000 12.000000 0.02254209999999999894
34 13.000000 13.000000 0.02160959999999999964
35 15.000000 13.000000 0.02683359999999999912
36 15.000000 14.000000 0.02170439999999999869
37 17.000000 14.000000 0.02333340000000000067
38 14.000000 14.000000 0.02773849999999999927
39 18.000000 14.000000 0.02075580000000000133
40 14.000000 13.000000 0.01945579999999999879
41 16.000000 14.000000 0.03281919999999999976
42 13.000000 13.000000 0.01960910000000000084
43 16.000000 14.000000 0.02336159999999999973
44 14.000000 13.000000 0.01952989999999999934
45 13.000000 13.000000 0.01976870000000000016
46 14.000000 14.000000 0.01975589999999999985
47 14.000000 14.000000 0.01950419999999999932
48 13.000000 13.000000 0.03070679999999999937
49 14.000000 14.000000 0.02180309999999999887
50 15.000000 13.000000 0.02079309999999999839
51 16.000000 14.000000 0.02469259999999999858
52 15.000000 14.000000 0.02165380000000000082
53 13.000000 13.000000 0.02396080000000000085
54 14.000000 13.000000 0.02481500000000000025
55 13.000000 13.000000 0.02150470000000000159
56 14.000000 14.000000 0.02697000000000000092
57 15.000000 14.000000 0.01899589999999999959
58 15.000000 13.000000 0.02179079999999999906
59 14.000000 13.000000 0.02528069999999999970
60 17.000000 14.000000 0.02155229999999999993
61 14.000000 13.000000 0.02204439999999999872
62 15.000000 14.000000 0.01971780000000000060
63 14.000000 14.000000 0.02927859999999999838
64 16.000000 14.000000 0.02165720000000000145
65 15.000000 14.000000 0.02584140000000000048
66 13.000000 13.000000 0.03576440000000000174
67 13.000000 13.000000 0.02405749999999999902
68 14.000000 14.000000 0.02565840000000000135
69 13.000000 13.000000 0.02081619999999999998
70 14.000000 14.000000 0.02227089999999999972
71 14.000000 14.000000 0.02198810000000000001
72 15.000000 14.000000 0.02245000000000000120
73 13.000000 13.000000 0.01901869999999999949
74 14.000000 13.000000 0.02160700000000000121
75 14.000000 14.000000 0.01925589999999999941
76 14.000000 14.000000 0.01852250000000000077
77 15.000000 13.000000 0.01931010000000000018
78 18.000000 14.000000 0.02275809999999999986
79 15.000000 14.000000 0.02228679999999999897
80 15.000000 14.000000 0.02044119999999999965
81 14.000000 14.000000 0.02358019999999999908
82 13.000000 13.000000 0.02360970000000000082
83 13.000000 13.000000 0.02076379999999999892
84 14.000000 13.000000 0.01998909999999999923
85 15.000000 13.000000 0.02051959999999999895
86 13.000000 13.000000 0.02008750000000000119
87 16.000000 14.000000 0.01892239999999999894
88 14.000000 14.000000 0.02613570000000000129
89 14.000000 14.000000 0.01929109999999999853
90 15.000000 14.000000 0.02029260000000000091
91 13.000000 13.000000 0.02205199999999999869
92 17.000000 14.000000 0.02334260000000000154
93 14.000000 13.000000 0.02287619999999999931
94 14.000000 13.000000 0.02168319999999999970
95 14.000000 13.000000 0.01949189999999999950
96 13.000000 13.000000 0.02072730000000000058
97 16.000000 14.000000 0.02104740000000000083
98 13.000000 13.000000 0.02485940000000000025
99 14.000000 14.000000 0.01881390000000000146
100 14.000000 13.000000 0.04283800000000000108
101 13.000000 13.000000 0.02572429999999999856
102 17.000000 13.000000 0.02755689999999999876
103 15.000000 14.000000 0.02198200000000000154
104 15.000000 14.000000 0.02429960000000000106
105 13.000000 13.000000 0.01941690000000000083
106 13.000000 13.000000 0.02495170000000000027
107 15.000000 13.000000 0.01999240000000000045
108 14.000000 14.000000 0.02739700000000000121
109 15.000000 13.000000 0.02490890000000000118
110 14.000000 14.000000 0.02043789999999999843
111 15.000000 14.000000 0.02324970000000000162
112 17.000000 14.000000 0.02360359999999999889
113 16.000000 14.000000 0.02040060000000000137
114 14.000000 13.000000 0.02477390000000000148
115 15.000000 14.000000 0.02538959999999999828
116 14.000000 13.000000 0.03013230000000000075
117 15.000000 14.000000 0.01994440000000000102
118 13.000000 13.000000 0.01975750000000000076
119 16.000000 14.000000 0.02798600000000000046
120 12.000000 12.000000 0.02214649999999999952
121 17.000000 14.000000 0.02266040000000000068
122 15.000000 13.000000 0.02063009999999999844
123 19.000000 14.000000 0.01693669999999999898
124 15.000000 14.000000 0.01996900000000000064
125 15.000000 14.000000 0.02083319999999999964
126 12.000000 12.000000 0.02363739999999999938
127 15.000000 14.000000 0.02624809999999999990
128 15.000000 14.000000 0.02847150000000000028
129 13.000000 13.000000 0.02166730000000000045
130 15.000000 14.000000 0.01986660000000000162
131 13.000000 13.000000 0.02076470000000000052
132 14.000000 14.000000 0.01956019999999999981
133 13.000000 13.000000 0.02345919999999999950
134 13.000000 13.000000 0.02601289999999999852
135 14.000000 13.000000 0.02442499999999999880
136 16.000000 14.000000 0.02049990000000000145
137 13.000000 13.000000 0.02036309999999999856
138 15.000000 14.000000 0.02190510000000000027
139 14.000000 13.000000 0.01911500000000000005
140 13.000000 13.000000 0.01993989999999999999
141 13.000000 13.000000 0.01920679999999999957
142 15.000000 14.000000 0.02204510000000000150
143 15.000000 14.000000 0.01844149999999999956
144 14.000000 14.000000 0.02142809999999999854
145 15.000000 14.000000 0.02049809999999999827
146 15.000000 14.000000 0.01983899999999999900
147 16.000000 14.000000 0.01809799999999999950
148 14.000000 14.000000 0.02011670000000000125
149 13.000000 13.000000 0.02290089999999999834
150 13.000000 13.000000 0.01704200000000000159
151 15.000000 14.000000 0.02437999999999999889
152 16.000000 14.000000 0.02252140000000000045
153 15.000000 14.000000 0.02036369999999999847
154 14.000000 14.000000 0.01816709999999999853
155 15.000000 13.000000 0.02822039999999999965
156 15.000000 14.000000 0.01756069999999999853
157 12.000000 12.000000 0.02547349999999999962
158 16.000000 14.000000 0.01926030000000000103
159 17.000000 14.000000 0.01799620000000000039
160 14.000000 14.000000 0.02044110000000000024
161 14.000000 14.000000 0.02292840000000000156
162 14.000000 13.000000 0.02458429999999999990
163 14.000000 13.000000 0.02475890000000000035
164 13.000000 13.000000 0.06749990000000000157
165 15.000000 14.000000 0.02212460000000000121
166 14.000000 13.000000 0.02803160000000000027
167 14.000000 13.000000 0.01976469999999999963
168 17.000000 14.000000 0.02003040000000000029
169 15.000000 14.000000 0.01994140000000000149
170 15.000000 14.000000 0.02203340000000000160
171 13.000000 13.000000 0.02890200000000000061
172 13.000000 13.000000 0.02663300000000000042
173 14.000000 14.000000 0.02517849999999999949
174 15.000000 13.000000 0.02634560000000000027
175 19.000000 14.000000 0.02417269999999999835
176 13.000000 13.000000 0.02268670000000000062
177 12.000000 12.000000 0.02027510000000000076
178 13.000000 13.000000 0.02399859999999999841
179 14.000000 14.000000 0.02601409999999999834
180 13.000000 13.000000 0.02539920000000000025
181 15.000000 13.000000 0.02426740000000000147
182 15.000000 14.000000 0.02230709999999999985
183 13.000000 13.000000 0.02586710000000000051
184 15.000000 14.000000 0.02800230000000000080
185 17.000000 14.000000 0.02550969999999999974
186 14.000000 14.000000 0.01835300000000000126
187 14.000000 14.000000 0.02244710000000000108
188 16.000000 14.000000 0.02757070000000000007
189 15.000000 13.000000 0.02347530000000000103
190 14.000000 13.000000 0.02687849999999999961
191 15.000000 14.000000 0.01841390000000000041
192 14.000000 14.000000 0.02096740000000000062
193 16.000000 14.000000 0.03333470000000000183
194 12.000000 12.000000 0.03100930000000000006
195 17.000000 14.000000 0.01811760000000000106
196 15.000000 14.000000 0.02719540000000000152
197 15.000000 14.000000 0.02283860000000000057
198 14.000000 14.000000 0.02190800000000000039
199 15.000000 14.000000 0.01830120000000000011
200 18.000000 14.000000 0.01874229999999999993
201 18.000000 14.000000 0.01935169999999999946
202 14.000000 14.000000 0.01889659999999999951
203 14.000000 13.000000 0.01894289999999999863
204 15.000000 14.000000 0.01967450000000000102
205 15.000000 14.000000 0.03305099999999999705
206 16.000000 14.000000 0.02227809999999999860
207 14.000000 13.000000 0.02387979999999999964
208 15.000000 13.000000 0.02407420000000000046
209 14.000000 14.000000 0.02368579999999999991
210 14.000000 13.000000 0.01856160000000000102
211 15.000000 14.000000 0.01969819999999999904
212 14.000000 13.000000 0.02619070000000000079
213 14.000000 13.000000 0.02274260000000000170
214 15.000000 14.000000 0.02225929999999999923
215 14.000000 13.000000 0.02065909999999999969
216 12.000000 12.000000 0.02418769999999999948
217 14.000000 13.000000 0.01940050000000000108
218 14.000000 13.000000 0.02293699999999999906
219 16.000000 13.000000 0.02862610000000000154
220 13.000000 13.000000 0.02117979999999999863
221 15.000000 14.000000 0.02262499999999999928
222 14.000000 13.000000 0.02198740000000000069
223 16.000000 14.000000 0.01976460000000000022
224 14.000000 14.000000 0.02149210000000000009
225 16.000000 14.000000 0.02980189999999999922
226 18.000000 14.000000 0.04435100000000000153
227 14.000000 14.000000 0.02027479999999999907
228 12.000000 12.000000 0.01756459999999999966
229 13.000000 13.000000 0.01882529999999999967
230 14.000000 13.000000 0.01910869999999999930
231 13.000000 13.000000 0.02197800000000000101
232 16.000000 14.000000 0.01851339999999999930
233 15.000000 14.000000 0.01748159999999999992
234 15.000000 13.000000 0.01838040000000000160
235 15.000000 13.000000 0.01968579999999999983
236 12.000000 12.000000 0.02056030000000000010
237 16.000000 13.000000 0.02066689999999999847
238 15.000000 14.000000 0.02566219999999999959
239 17.000000 14.000000 0.02263290000000000093
240 13.000000 13.000000 0.01937699999999999839
241 15.000000 14.000000 0.02164800000000000058
242 16.000000 14.000000 0.01979080000000000075
243 15.000000 14.000000 0.02311109999999999901
244 16.000000 14.000000 0.02058050000000000157
245 14.000000 13.000000 0.02976190000000000085
246 14.000000 14.000000 0.02048689999999999886
247 12.000000 12.000000 0.01998180000000000095
248 14.000000 14.000000 0.02481999999999999831
249 13.000000 13.000000 0.02368409999999999960
250 13.000000 13.000000 0.02423509999999999900
251 15.000000 14.000000 0.02609289999999999873
252 15.000000 13.000000 0.01747430000000000164
253 16.000000 14.000000 0.02278650000000000120
254 12.000000 12.000000 0.02287550000000000000
255 14.000000 14.000000 0.02127369999999999955
256 16.000000 14.000000 0.02437630000000000005
257 14.000000 14.000000 0.02063370000000000135
258 18.000000 14.000000 0.03060490000000000085
259 13.000000 13.000000 0.01778590000000000032
260 13.000000 13.000000 0.03177039999999999725
261 13.000000 13.000000 0.02656040000000000137
262 14.000000 13.000000 0.02694840000000000083
263 12.000000 12.000000 0.02071709999999999871
264 17.000000 14.000000 0.01890750000000000069
265 19.000000 14.000000 0.01684499999999999886
266 16.000000 14.000000 0.01859310000000000129
267 14.000000 13.000000 0.02385819999999999955
268 17.000000 14.000000 0.01928819999999999840
269 14.000000 13.000000 0.02865780000000000063
270 17.000000 14.000000 0.02157349999999999893
271 19.000000 14.000000 0.01888120000000000076
272 14.000000 13.000000 0.01989169999999999827
273 17.000000 14.000000 0.01776990000000000167
274 12.000000 12.000000 0.01884210000000000051
275 13.000000 13.000000 0.01833219999999999988
276 15.000000 14.000000 0.02417760000000000048
277 14.000000 14.000000 0.01894869999999999888
278 16.000000 14.000000 0.01769890000000000005
279 14.000000 13.000000 0.02175940000000000166
280 15.000000 14.000000 0.01802089999999999942
281 14.000000 13.000000 0.01699029999999999985
282 14.000000 14.000000 0.02690330000000000152
283 12.000000 12.000000 0.01907520000000000049
284 16.000000 14.000000 0.01814699999999999994
285 16.000000 14.000000 0.02475789999999999935
286 16.000000 14.000000 0.01908620000000000108
287 15.000000 13.000000 0.02001040000000000110
288 14.000000 13.000000 0.02056770000000000126
289 13.000000 13.000000 0.02378459999999999949
290 16.000000 14.000000 0.03239709999999999812
291 16.000000 14.000000 0.01924220000000000097
292 18.000000 14.000000 0.02389979999999999882
293 14.000000 14.000000 0.02157049999999999940
294 16.000000 14.000000 0.01972799999999999901
295 12.000000 12.000000 0.02027889999999999901
296 14.000000 14.000000 0.01938159999999999883
297 13.000000 13.000000 0.02544849999999999890
298 12.000000 12.000000 0.01963099999999999914
299 17.000000 14.000000 0.01888549999999999951
300 15.000000 14.000000 0.01711100000000000121
301 13.000000 13.000000 0.02558759999999999854
302 14.000000 14.000000 0.01978649999999999853
303 17.000000 14.000000 0.01871619999999999881
304 15.000000 14.000000 0.01805400000000000060
305 15.000000 14.000000 0.02261329999999999937
306 17.000000 14.000000 0.02537659999999999916
307 15.000000 14.000000 0.02895870000000000041
308 17.000000 14.000000 0.01903960000000000027
309 15.000000 14.000000 0.01780340000000000047
310 13.000000 13.000000 0.01947439999999999935
311 12.000000 12.000000 0.02193789999999999976
312 13.000000 13.000000 0.02699100000000000110
313 13.000000 13.000000 0.02080720000000000139
314 17.000000 14.000000 0.02107859999999999942
315 15.000000 13.000000 0.02569079999999999975
316 18.000000 14.000000 0.02276349999999999901
317 13.000000 13.000000 0.02614199999999999857
318 14.000000 14.000000 0.02292119999999999921
319 15.000000 14.000000 0.02244569999999999899
320 16.000000 14.000000 0.01771179999999999977
321 13.000000 13.000000 0.02197489999999999860
322 15.000000 14.000000 0.01881410000000000027
323 15.000000 14.000000 0.01914389999999999842
324 12.000000 12.000000 0.02172579999999999997
325 15.000000 14.000000 0.01857220000000000051
326 12.000000 12.000000 0.03518280000000000018
327 14.000000 13.000000 0.01939799999999999858
328 15.000000 14.000000 0.01870319999999999969
329 16.000000 14.000000 0.01940930000000000086
330 14.000000 13.000000 0.01986809999999999965
331 14.000000 13.000000 0.02000350000000000045
332 17.000000 14.000000 0.01766540000000000124
333 16.000000 14.000000 0.02115639999999999882
334 16.000000 14.000000 0.01971389999999999948
335 14.000000 13.000000 0.02202439999999999953
336 17.000000 13.000000 0.02415849999999999942
337 13.000000 13.000000 0.02846059999999999909
338 14.000000 14.000000 0.02688269999999999896
339 14.000000 14.000000 0.02763770000000000115
340 15.000000 14.000000 0.02355379999999999974
341 16.000000 14.000000 0.03630250000000000143
342 14.000000 13.000000 0.01981240000000000084
343 18.000000 14.000000 0.01697620000000000032
344 14.000000 14.000000 0.01934939999999999924
345 15.000000 14.000000 0.02519290000000000071
346 18.000000 14.000000 0.02193820000000000145
347 14.000000 13.000000 0.02244439999999999977
348 17.000000 14.000000 0.01945440000000000016
349 16.000000 13.000000 0.01754280000000000075
350 13.000000 13.000000 0.01917949999999999863
351 14.000000 13.000000 0.02434729999999999880
352 15.000000 13.000000 0.02340170000000000097
353 12.000000 12.000000 0.02528379999999999864
354 16.000000 13.000000 0.02238149999999999862
355 15.000000 14.000000 0.02030389999999999973
356 15.000000 14.000000 0.01994579999999999964
357 14.000000 14.000000 0.02193219999999999892
358 14.000000 13.000000 0.02220269999999999883
359 16.000000 14.000000 0.01867069999999999841
360 14.000000 13.000000 0.02691090000000000149
361 16.000000 13.000000 0.02539260000000000128
362 13.000000 13.000000 0.02537210000000000160
363 17.000000 14.000000 0.02272899999999999920
364 15.000000 14.000000 0.02356089999999999920
365 14.000000 13.000000 0.02345399999999999915
366 17.000000 14.000000 0.02462759999999999949
367 18.000000 14.000000 0.02164169999999999983
368 15.000000 14.000000 0.01768310000000000021
369 15.000000 14.000000 0.01929989999999999831
370 14.000000 13.000000 0.01840110000000000010
371 14.000000 14.000000 0.01839580000000000035
372 13.000000 13.000000 0.01708880000000000121
373 13.000000 13.000000 0.02000019999999999923
374 17.000000 14.000000 0.02312700000000000172
375 15.000000 14.000000 0.01958280000000000090
376 17.000000 14.000000 0.02369260000000000116
377 16.000000 14.000000 0.01865069999999999922
378 15.000000 14.000000 0.02099389999999999937
379 15.000000 13.000000 0.02070970000000000102
380 16.000000 13.000000 0.01759279999999999872
381 14.000000 13.000000 0.02576950000000000074
382 15.000000 14.000000 0.01926869999999999972
383 14.000000 14.000000 0.02269770000000000121
384 14.000000 13.000000 0.02727950000000000166
385 15.000000 14.000000 0.02363789999999999988
386 13.000000 13.000000 0.02301999999999999880
387 16.000000 14.000000 0.02030349999999999863
388 15.000000 14.000000 0.02189460000000000017
389 16.000000 14.000000 0.02369239999999999888
390 15.000000 14.000000 0.02244799999999999920
391 13.000000 13.000000 0.01830089999999999842
392 13.000000 13.000000 0.02087249999999999869
393 15.000000 13.000000 0.01755050000000000013
394 14.000000 14.000000 0.02385009999999999908
395 14.000000 13.000000 0.02375340000000000090
396 15.000000 14.000000 0.02811510000000000051
397 13.000000 13.000000 0.01881930000000000061
398 14.000000 14.000000 0.02245290000000000133
399 14.000000 14.000000 0.02624999999999999903
400 17.000000 14.000000 0.01833639999999999923
401 14.000000 14.000000 0.02499579999999999858
402 12.000000 12.000000 0.01965240000000000042
403 14.000000 13.000000 0.01733120000000000147
404 16.000000 14.000000 0.02503000000000000017
405 15.000000 13.000000 0.01927480000000000165
406 15.000000 13.000000 0.02169319999999999929
407 13.000000 13.000000 0.02098550000000000068
408 15.000000 14.000000 0.01698399999999999910
409 15.000000 14.000000 0.02439710000000000142
410 16.000000 14.000000 0.01766579999999999886
411 16.000000 14.000000 0.01873489999999999878
412 14.000000 14.000000 0.02339149999999999910
413 14.000000 14.000000 0.02103210000000000149
414 18.000000 14.000000 0.02494990000000000055
415 15.000000 14.000000 0.02114090000000000066
416 15.000000 13.000000 0.01893449999999999994
417 15.000000 13.000000 0.01941529999999999992
418 17.000000 14.000000 0.01904399999999999843
419 16.000000 14.000000 0.01808389999999999997
420 14.000000 13.000000 0.01804860000000000145
