1 106.000000 80.000000 0.29277279999999999971
2 88.000000 63.000000 0.28185779999999999168
3 62.000000 48.000000 0.32913369999999997351
4 57.000000 46.000000 0.23472970000000001334
5 79.000000 58.000000 0.43056870000000002641
6 90.000000 72.000000 0.18338570000000001259
7 72.000000 55.000000 0.18943750000000000866
8 90.000000 70.000000 0.17531340000000000812
9 113.000000 77.000000 0.13720470000000001276
10 78.000000 67.000000 0.15639480000000000048
11 121.000000 90.000000 0.14948040000000001326
12 131.000000 95.000000 0.14066310000000001312
13 91.000000 72.000000 0.15884889999999998733
14 81.000000 61.000000 0.18817760000000000042
15 85.000000 71.000000 0.19039809999999998680
16 85.000000 64.000000 0.19668789999999999885
17 91.000000 67.000000 0.18062359999999999527
18 99.000000 73.000000 0.18759819999999999274
19 89.000000 78.000000 0.15176290000000000613
20 62.000000 47.000000 0.18912709999999999244
21 86.000000 66.000000 0.25642110000000001291
22 77.000000 62.000000 0.13323060000000000458
23 98.000000 75.000000 0.34613430000000000586
24 98.000000 73.000000 0.25409670000000000867
25 83.000000 61.000000 0.27855869999999999242
26 75.000000 55.000000 0.16435500000000000109
27 103.000000 76.000000 0.16741710000000001313
28 93.000000 69.000000 0.24675150000000001249
29 86.000000 64.000000 0.17499239999999999240
30 97.000000 81.000000 0.16373409999999999354
31 119.000000 87.000000 0.14143030000000000879
32 63.000000 45.000000 0.24804960000000000897
33 72.000000 56.000000 0.19258369999999999655
34 86.000000 65.000000 0.18220110000000000472
35 62.000000 48.000000 0.32363730000000001663
36 77.000000 57.000000 0.36155840000000000201
37 64.000000 53.000000 0.26101459999999998551
38 100.000000 78.000000 0.23450029999999999486
39 117.000000 83.000000 0.20210210000000000674
40 67.000000 53.000000 0.25237789999999998836
41 99.000000 73.000000 0.23540810000000000901
42 88.000000 67.000000 0.26450919999999999987
43 88.000000 67.000000 0.20433570000000000899
44 103.000000 72.000000 0.27679480000000000750
45 109.000000 80.000000 0.20013600000000000834
46 110.000000 77.000000 0.26651259999999998840
47 83.000000 59.000000 0.20056750000000000966
48 96.000000 69.000000 0.39092339999999997646
49 61.000000 51.000000 0.23761570000000001301
50 54.000000 43.000000 0.69078640000000002264
51 83.000000 62.000000 0.32533119999999998706
52 80.000000 69.000000 0.31142959999999997311
53 75.000000 60.000000 0.44906909999999999883
54 61.000000 50.000000 0.24964780000000000304
55 121.000000 90.000000 0.15423490000000000810
56 102.000000 77.000000 0.27260810000000001985
57 77.000000 59.000000 0.17531910000000000549
58 76.000000 64.000000 0.25549030000000000351
59 52.000000 44.000000 0.22084190000000000764
60 91.000000 70.000000 0.22384650000000000380
61 82.000000 61.000000 0.21254680000000000795
62 78.000000 60.000000 0.18620280000000000165
63 83.000000 64.000000 0.28483530000000001348
64 87.000000 69.000000 0.21771380000000001287
65 74.000000 59.000000 0.15038009999999998878
66 85.000000 68.000000 0.22642029999999999101
67 64.000000 51.000000 0.26244650000000002699
68 68.000000 53.000000 0.21639829999999998789
69 82.000000 64.000000 0.22310859999999999026
70 91.000000 66.000000 0.15840679999999998651
71 133.000000 100.000000 0.19814270000000000493
72 77.000000 61.000000 0.33453240000000000753
73 109.000000 76.000000 0.54464360000000000550
74 102.000000 77.000000 0.28761110000000000841
75 85.000000 64.000000 0.34647289999999997256
76 58.000000 51.000000 0.25898549999999997961
77 103.000000 77.000000 0.33820189999999999975
78 79.000000 62.000000 0.27158260000000000733
79 103.000000 76.000000 0.24012749999999999373
80 90.000000 74.000000 0.25508259999999999268
81 68.000000 51.000000 0.30162790000000000434
82 75.000000 57.000000 0.19427610000000000712
83 83.000000 64.000000 0.31521379999999998844
84 83.000000 68.000000 0.19862330000000000263
85 122.000000 81.000000 0.20063949999999999840
86 60.000000 48.000000 0.19078909999999998925
87 84.000000 60.000000 0.30108970000000001566
88 85.000000 63.000000 0.35554499999999999993
89 61.000000 49.000000 0.24389530000000000931
90 84.000000 67.000000 0.28862910000000002730
91 79.000000 64.000000 0.32153579999999998273
92 85.000000 71.000000 0.28291359999999998731
93 110.000000 80.000000 0.21070539999999998715
94 88.000000 64.000000 0.27187080000000002356
95 85.000000 70.000000 0.24524529999999999941
96 98.000000 69.000000 0.17454539999999998945
97 106.000000 77.000000 0.20374790000000000956
98 99.000000 71.000000 0.19936170000000000280
99 55.000000 47.000000 0.24982550000000000590
100 57.000000 48.000000 0.26372440000000002547
101 77.000000 62.000000 0.23084999999999999964
102 92.000000 71.000000 0.27286100000000002019
103 94.000000 72.000000 0.22588489999999999958
104 107.000000 84.000000 0.25641370000000002216
105 107.000000 76.000000 0.12488280000000000214
106 150.000000 102.000000 0.18297779999999999601
107 74.000000 62.000000 0.18001819999999998934
108 69.000000 51.000000 0.21558240000000000736
109 98.000000 72.000000 0.19106829999999999647
110 59.000000 47.000000 0.24113249999999999962
111 91.000000 73.000000 0.14688129999999999242
112 99.000000 76.000000 0.20420299999999999563
113 77.000000 62.000000 0.17808240000000000181
114 90.000000 62.000000 0.19192890000000001338
115 69.000000 51.000000 0.44119940000000001934
116 82.000000 69.000000 0.19625619999999999177
117 70.000000 55.000000 0.21229159999999999697
118 73.000000 62.000000 0.25406390000000000917
119 86.000000 73.000000 0.16215399999999999259
120 79.000000 59.000000 0.23000729999999999786
121 70.000000 60.000000 0.19546330000000000648
122 91.000000 66.000000 0.16161990000000001078
123 79.000000 59.000000 0.17764369999999998773
124 110.000000 76.000000 0.21463150000000000284
125 99.000000 69.000000 0.23411719999999999753
126 77.000000 56.000000 0.25649410000000000265
127 101.000000 76.000000 0.20004949999999999122
128 90.000000 69.000000 0.18242579999999999907
129 97.000000 70.000000 0.30804819999999999425
130 63.000000 54.000000 0.14473110000000000142
131 106.000000 73.000000 0.15803539999999999255
132 127.000000 90.000000 0.34323179999999997580
133 98.000000 80.000000 0.15896330000000000182
134 83.000000 69.000000 0.16492260000000000253
135 116.000000 88.000000 0.13681999999999999718
136 109.000000 76.000000 0.17196900000000001074
137 96.000000 68.000000 0.16849639999999999063
138 145.000000 102.000000 0.11955380000000000174
139 84.000000 64.000000 0.14963409999999999211
140 111.000000 89.000000 0.16986139999999999572
141 72.000000 58.000000 0.20539450000000000762
142 64.000000 51.000000 0.21450459999999998972
143 57.000000 47.000000 0.22806789999999999008
144 83.000000 66.000000 0.15128089999999999593
145 54.000000 45.000000 0.21336769999999999348
146 94.000000 76.000000 0.27849750000000000894
147 95.000000 74.000000 0.18140890000000001181
148 82.000000 61.000000 0.21904039999999999622
149 71.000000 53.000000 0.17962400000000000588
150 98.000000 76.000000 0.12608169999999999100
151 81.000000 64.000000 0.28072730000000001294
152 66.000000 50.000000 0.17700170000000001180
153 107.000000 76.000000 0.33534849999999999381
154 91.000000 63.000000 0.22062609999999999166
155 55.000000 47.000000 0.28220319999999998739
156 50.000000 43.000000 0.17700250000000000705
157 98.000000 77.000000 0.17028689999999999105
158 61.000000 50.000000 0.28040949999999997821
159 91.000000 69.000000 0.20024069999999999370
160 68.000000 55.000000 0.19909930000000000683
161 76.000000 55.000000 0.21841640000000001054
162 92.000000 70.000000 0.22125490000000000435
163 66.000000 49.000000 0.39162859999999999339
164 69.000000 52.000000 0.15556300000000000683
165 62.000000 51.000000 0.28800779999999998049
166 71.000000 59.000000 0.18820960000000000467
167 109.000000 77.000000 0.19111220000000000985
168 79.000000 56.000000 0.27390599999999998282
169 89.000000 69.000000 0.23365600000000000258
170 115.000000 88.000000 0.21664120000000000599
171 74.000000 58.000000 0.20700150000000000494
172 90.000000 73.000000 0.18530309999999999837
173 83.000000 60.000000 0.22783069999999999711
174 84.000000 63.000000 0.23095920000000000338
175 91.000000 65.000000 0.24729899999999999105
176 81.000000 56.000000 0.19050210000000000754
177 82.000000 66.000000 0.23300919999999999965
178 75.000000 57.000000 0.18099779999999998648
179 142.000000 102.000000 0.16131899999999999018
180 86.000000 62.000000 0.26834849999999998982
181 68.000000 56.000000 0.25227620000000000600
182 97.000000 75.000000 0.15175220000000000375
183 97.000000 76.000000 0.35037740000000000551
184 65.000000 57.000000 0.21007200000000000872
185 85.000000 64.000000 0.19022980000000000445
186 76.000000 59.000000 0.27721820000000002571
187 110.000000 84.000000 0.20003640000000000310
188 105.000000 79.000000 0.18232799999999999008
189 76.000000 56.000000 0.44726650000000001128
190 61.000000 48.000000 0.22195909999999999251
191 106.000000 88.000000 0.13760639999999998984
192 103.000000 70.000000 0.18956999999999998852
193 91.000000 71.000000 0.18062179999999999902
194 84.000000 62.000000 0.29867870000000001918
195 51.000000 47.000000 0.28279870000000001395
196 80.000000 57.000000 0.29481829999999997760
197 103.000000 82.000000 0.19339990000000001347
198 66.000000 55.000000 0.21384700000000000930
199 83.000000 68.000000 0.24633840000000001291
200 87.000000 56.000000 0.23595019999999999882
201 90.000000 69.000000 0.23122760000000000535
202 95.000000 71.000000 0.28817840000000000122
203 89.000000 63.000000 0.20555149999999999810
204 88.000000 67.000000 0.20701159999999999006
205 78.000000 64.000000 0.15875759999999999872
206 55.000000 48.000000 0.24236889999999999823
207 58.000000 50.000000 0.12017940000000000567
208 103.000000 74.000000 0.17135770000000000168
209 84.000000 67.000000 0.20754870000000000263
210 77.000000 59.000000 0.25452190000000002312
211 50.000000 37.000000 0.25409320000000001905
212 62.000000 49.000000 0.23288329999999998754
213 71.000000 59.000000 0.13536110000000001197
214 91.000000 71.000000 0.17450039999999999996
215 74.000000 58.000000 0.18509980000000000877
216 91.000000 64.000000 0.20242679999999999008
217 79.000000 63.000000 0.15268160000000000065
218 75.000000 59.000000 0.17449960000000000471
219 74.000000 56.000000 0.25093349999999997602
220 112.000000 93.000000 0.14451579999999999981
221 99.000000 76.000000 0.23094270000000000076
222 72.000000 58.000000 0.19807610000000000494
223 120.000000 84.000000 0.19454160000000000896
224 69.000000 63.000000 0.20195840000000001013
225 60.000000 51.000000 0.15903580000000000494
226 107.000000 80.000000 0.29828349999999997921
227 91.000000 67.000000 0.17888760000000000772
228 72.000000 62.000000 0.23003750000000000586
229 86.000000 68.000000 0.14141539999999999666
230 80.000000 60.000000 0.14509510000000000463
231 76.000000 62.000000 0.23230770000000000586
232 106.000000 78.000000 0.12728110000000000812
233 82.000000 65.000000 0.10276889999999999636
234 47.000000 40.000000 0.18252650000000000818
235 86.000000 64.000000 0.20023799999999999932
236 82.000000 66.000000 0.14354839999999999267
237 109.000000 74.000000 0.10493479999999999475
238 72.000000 55.000000 0.24124390000000001111
239 103.000000 82.000000 0.15321699999999999209
240 94.000000 73.000000 0.14370499999999999940
241 84.000000 65.000000 0.17389479999999998827
242 64.000000 53.000000 0.17518380000000000063
243 83.000000 69.000000 0.22923740000000000783
244 74.000000 61.000000 0.13329859999999998932
245 93.000000 74.000000 0.17582639999999999381
246 80.000000 61.000000 0.14872489999999999322
247 100.000000 67.000000 0.16607969999999999677
248 88.000000 67.000000 0.21954699999999999216
249 103.000000 73.000000 0.14853649999999998799
250 73.000000 60.000000 0.19237879999999998870
251 129.000000 92.000000 0.16820930000000000604
252 98.000000 80.000000 0.18878580000000000361
253 86.000000 69.000000 0.13938719999999998889
254 113.000000 83.000000 0.12897800000000000931
255 105.000000 80.000000 0.16579119999999999968
256 87.000000 68.000000 0.15659249999999999559
257 99.000000 71.000000 0.17525750000000001050
258 79.000000 60.000000 0.19263969999999999705
259 75.000000 58.000000 0.37376870000000000926
260 75.000000 59.000000 0.15721309999999999452
261 122.000000 85.000000 0.15860119999999999774
262 86.000000 68.000000 0.15426790000000001335
263 69.000000 52.000000 0.19008050000000001334
264 112.000000 81.000000 0.13188330000000000886
265 72.000000 60.000000 0.14292859999999998899
266 66.000000 55.000000 0.23725920000000000343
267 76.000000 64.000000 0.15258669999999999178
268 89.000000 70.000000 0.13413549999999999085
269 75.000000 63.000000 0.20493390000000000217
270 65.000000 50.000000 0.12344700000000000117
271 81.000000 62.000000 0.13589650000000000341
272 60.000000 43.000000 0.21192199999999999926
273 56.000000 44.000000 0.14891029999999999545
274 84.000000 67.000000 0.13946549999999999225
275 69.000000 50.000000 0.16467979999999998730
276 87.000000 64.000000 0.24464220000000000410
277 102.000000 76.000000 0.16641220000000001011
278 87.000000 70.000000 0.18935989999999999767
279 77.000000 53.000000 0.10547270000000000256
280 92.000000 67.000000 0.14922560000000001379
281 82.000000 70.000000 0.13880999999999998895
282 94.000000 75.000000 0.11221050000000000468
283 105.000000 78.000000 0.21536569999999999325
284 85.000000 63.000000 0.17764769999999999173
285 79.000000 64.000000 0.15228310000000000457
286 105.000000 77.000000 0.08779639999999999667
287 84.000000 60.000000 0.16866229999999998723
288 76.000000 62.000000 0.14870359999999999134
289 84.000000 63.000000 0.14573829999999998730
290 87.000000 67.000000 0.13277279999999999638
291 109.000000 78.000000 0.10723180000000000212
292 84.000000 60.000000 0.12477520000000000278
293 63.000000 54.000000 0.11633300000000000585
294 94.000000 78.000000 0.11609310000000000462
295 72.000000 56.000000 0.11779390000000000693
296 62.000000 53.000000 0.20640980000000000438
297 72.000000 51.000000 0.11673160000000000480
298 93.000000 67.000000 0.17508740000000000414
299 88.000000 65.000000 0.11847399999999999598
300 92.000000 69.000000 0.10292750000000000510
301 103.000000 79.000000 0.14482400000000000828
302 97.000000 70.000000 0.20459120000000000084
303 77.000000 67.000000 0.15666849999999998833
304 103.000000 78.000000 0.11369319999999999427
305 90.000000 69.000000 0.09786530000000000229
306 78.000000 68.000000 0.15468770000000001130
307 111.000000 88.000000 0.20595649999999998681
308 76.000000 59.000000 0.17132290000000000019
309 83.000000 60.000000 0.15472649999999998904
310 73.000000 53.000000 0.17183010000000001338
311 75.000000 63.000000 0.13754730000000001122
312 101.000000 75.000000 0.16403819999999999513
313 81.000000 56.000000 0.12154149999999999676
314 93.000000 73.000000 0.12580269999999998953
315 99.000000 73.000000 0.17884520000000000972
316 98.000000 73.000000 0.15492520000000001290
317 88.000000 68.000000 0.11381470000000000475
318 96.000000 73.000000 0.09220820000000000405
319 93.000000 62.000000 0.10701090000000000602
320 62.000000 55.000000 0.11929639999999999689
321 105.000000 83.000000 0.08284769999999999635
322 68.000000 55.000000 0.16807410000000000405
323 60.000000 47.000000 0.13368650000000001365
324 97.000000 77.000000 0.08581550000000000289
325 89.000000 64.000000 0.11472569999999999990
326 106.000000 80.000000 0.10232059999999999766
327 69.000000 60.000000 0.12300139999999999685
328 108.000000 71.000000 0.15110599999999999032
329 86.000000 66.000000 0.14524239999999999373
330 73.000000 54.000000 0.14412959999999999661
331 75.000000 59.000000 0.17271329999999998628
332 100.000000 74.000000 0.26425900000000002166
333 86.000000 69.000000 0.09033990000000000076
334 73.000000 56.000000 0.10538519999999999832
335 103.000000 76.000000 0.11549719999999999431
336 79.000000 58.000000 0.17159730000000000816
337 70.000000 58.000000 0.11279530000000000112
338 94.000000 76.000000 0.09825509999999999800
339 93.000000 71.000000 0.07202630000000000143
340 89.000000 62.000000 0.09323960000000000581
341 59.000000 51.000000 0.10979389999999999983
342 143.000000 94.000000 0.07935520000000000074
343 79.000000 68.000000 0.15224799999999999445
344 86.000000 67.000000 0.17000560000000000671
345 86.000000 67.000000 0.11274729999999999475
346 101.000000 69.000000 0.08315340000000000231
347 85.000000 62.000000 0.15462750000000000106
348 70.000000 50.000000 0.19710150000000001280
349 116.000000 87.000000 0.18538189999999998836
350 74.000000 56.000000 0.15680569999999999231
351 86.000000 70.000000 0.09714430000000000287
352 80.000000 64.000000 0.14613899999999999113
353 100.000000 76.000000 0.07152039999999999786
354 88.000000 72.000000 0.11270639999999999825
355 58.000000 46.000000 0.10523689999999999434
356 64.000000 53.000000 0.16714840000000000253
357 86.000000 66.000000 0.11116209999999999980
358 102.000000 75.000000 0.11327429999999999444
359 73.000000 56.000000 0.13875380000000001046
360 98.000000 72.000000 0.08946089999999999598
361 76.000000 61.000000 0.08238689999999999902
362 90.000000 72.000000 0.10958500000000000185
363 87.000000 65.000000 0.16041910000000000891
364 67.000000 56.000000 0.11591700000000000614
365 104.000000 73.000000 0.10317079999999999307
366 94.000000 62.000000 0.12134190000000000254
367 81.000000 71.000000 0.09704930000000000501
368 101.000000 72.000000 0.10525990000000000346
369 54.000000 45.000000 0.18145400000000000418
370 59.000000 48.000000 0.14067150000000000487
371 90.000000 69.000000 0.06094940000000000080
372 90.000000 70.000000 0.12850819999999998910
373 85.000000 67.000000 0.08052510000000000223
374 95.000000 76.000000 0.12021600000000000341
375 62.000000 46.000000 0.12984940000000000371
376 82.000000 67.000000 0.23872080000000001077
377 64.000000 52.000000 0.10923140000000000627
378 82.000000 59.000000 0.11230930000000000080
379 52.000000 42.000000 0.20334699999999999998
380 77.000000 64.000000 0.08187229999999999508
381 113.000000 81.000000 0.11889210000000000056
382 54.000000 45.000000 0.12054969999999999575
383 64.000000 52.000000 0.13311410000000001297
384 67.000000 52.000000 0.10013779999999999903
385 66.000000 52.000000 0.12717539999999999401
386 90.000000 70.000000 0.08148829999999999962
387 102.000000 81.000000 0.08845319999999999572
388 75.000000 59.000000 0.07333829999999999516
389 64.000000 55.000000 0.10475959999999999439
390 82.000000 64.000000 0.09685219999999999940
391 70.000000 62.000000 0.08458000000000000240
392 92.000000 70.000000 0.11815520000000000189
393 50.000000 42.000000 0.15007780000000001119
394 69.000000 55.000000 0.08652970000000000106
395 86.000000 66.000000 0.10503279999999999561
396 101.000000 75.000000 0.07359609999999999763
397 38.000000 35.000000 0.11050849999999999562
398 63.000000 52.000000 0.11718080000000000163
399 86.000000 65.000000 0.06463770000000000626
400 91.000000 70.000000 0.08468069999999999764
401 114.000000 87.000000 0.09804849999999999677
402 99.000000 68.000000 0.06868649999999999756
403 65.000000 52.000000 0.09086969999999999770
404 101.000000 79.000000 0.11369759999999999589
405 88.000000 64.000000 0.11963379999999999848
406 79.000000 62.000000 0.18037300000000000555
407 82.000000 64.000000 0.09087530000000000607
408 89.000000 70.000000 0.14971860000000000723
409 95.000000 71.000000 0.09897350000000000592
410 106.000000 77.000000 0.11055310000000000137
411 96.000000 75.000000 0.14551049999999998708
412 105.000000 82.000000 0.09034129999999999938
413 112.000000 83.000000 0.09971829999999999583
414 75.000000 60.000000 0.10006539999999999879
415 110.000000 84.000000 0.14365220000000000766
416 87.000000 70.000000 0.09534510000000000207
417 76.000000 57.000000 0.11375659999999999938
418 59.000000 47.000000 0.13364429999999999366
419 126.000000 90.000000 0.07392179999999999584
420 103.000000 76.000000 0.11592389999999999639
