1 321.000000 250.000000 8.76418720000000028847
2 376.000000 278.000000 25.32389300000000176283
3 377.000000 288.000000 93.53382430000000624659
4 302.000000 225.000000 34.30463770000000067739
5 422.000000 314.000000 18.51774950000000075079
6 267.000000 203.000000 21.45723729999999918050
7 431.000000 333.000000 28.22228020000000014988
8 323.000000 252.000000 22.82046319999999894890
9 429.000000 333.000000 30.04490330000000142263
10 469.000000 351.000000 21.03095280000000144582
11 408.000000 342.000000 10.98773010000000027730
12 390.000000 299.000000 6.29471799999999959141
13 386.000000 283.000000 39.72690450000000339514
14 397.000000 312.000000 5.63084540000000011162
15 421.000000 313.000000 9.69443440000000045131
16 258.000000 216.000000 12.68478589999999961435
17 282.000000 227.000000 20.12970119999999951688
18 380.000000 297.000000 15.85868040000000078749
19 378.000000 281.000000 50.11851130000000154041
20 402.000000 307.000000 4.94547369999999997248
21 465.000000 359.000000 12.54308739999999922077
22 312.000000 236.000000 21.06625419999999948573
23 437.000000 336.000000 6.68744840000000007052
24 472.000000 338.000000 52.96015549999999905140
25 348.000000 270.000000 11.81956820000000085713
26 294.000000 243.000000 8.91133400000000008845
27 380.000000 295.000000 9.34496329999999986171
28 437.000000 342.000000 34.97951369999999826632
29 428.000000 313.000000 30.70419770000000170285
30 411.000000 298.000000 47.85921390000000030795
31 403.000000 297.000000 9.23586899999999921818
32 404.000000 316.000000 37.33618979999999965003
33 528.000000 362.000000 9.78629830000000033863
34 376.000000 299.000000 52.23439150000000097407
35 348.000000 271.000000 35.17195250000000328328
36 417.000000 310.000000 9.47060759999999923764
37 397.000000 287.000000 46.05094760000000064792
38 397.000000 303.000000 84.26549400000000389355
39 448.000000 330.000000 31.45536639999999906081
40 407.000000 293.000000 8.84863479999999924530
41 513.000000 357.000000 61.48069530000000071368
42 305.000000 227.000000 22.96336009999999916431
43 363.000000 292.000000 5.77676329999999982334
44 408.000000 316.000000 14.54257300000000086015
45 223.000000 171.000000 22.06263239999999825613
46 382.000000 285.000000 32.97801069999999867832
47 504.000000 357.000000 8.45370139999999992142
48 249.000000 205.000000 12.19807119999999933668
49 421.000000 309.000000 22.01200139999999905172
50 352.000000 286.000000 5.30185919999999999419
51 438.000000 325.000000 5.51758639999999989101
52 395.000000 299.000000 17.53506039999999899237
53 498.000000 389.000000 45.58829229999999910206
54 447.000000 335.000000 3.18710799999999983001
55 320.000000 240.000000 112.02348279999999647316
56 462.000000 344.000000 72.01067559999999900811
57 464.000000 332.000000 31.25693770000000171194
58 214.000000 157.000000 27.69581940000000130908
59 391.000000 299.000000 21.96385439999999888983
60 293.000000 223.000000 21.11091569999999961738
61 316.000000 235.000000 20.54771209999999825868
62 341.000000 264.000000 12.92478020000000071832
63 362.000000 277.000000 8.28282540000000011560
64 408.000000 303.000000 29.32633870000000086975
65 332.000000 274.000000 17.21021839999999869519
66 255.000000 204.000000 12.76355329999999987933
67 431.000000 328.000000 15.50224279999999943414
68 371.000000 282.000000 12.89575439999999950658
69 488.000000 351.000000 2.97594229999999981828
70 401.000000 289.000000 36.36938450000000244700
71 438.000000 328.000000 2.74133219999999999672
72 340.000000 282.000000 35.23376290000000210512
73 432.000000 344.000000 9.49630269999999931940
74 335.000000 262.000000 27.96998689999999854194
75 507.000000 379.000000 6.63866539999999982768
76 452.000000 359.000000 13.13013650000000076545
77 415.000000 326.000000 38.68261439999999851125
78 318.000000 252.000000 29.99530539999999945167
79 304.000000 238.000000 45.10731580000000207065
80 434.000000 349.000000 12.16547030000000084726
81 383.000000 301.000000 27.11104639999999932343
82 206.000000 183.000000 11.28532429999999919801
83 507.000000 367.000000 10.44652840000000004750
84 441.000000 332.000000 58.96061069999999659785
85 361.000000 266.000000 24.14358680000000134669
86 306.000000 237.000000 61.66092890000000181772
87 311.000000 236.000000 38.49921040000000260761
88 435.000000 321.000000 17.43983659999999957790
89 393.000000 278.000000 26.38661799999999857391
90 411.000000 325.000000 9.99127709999999957802
91 422.000000 327.000000 8.70632829999999913184
92 476.000000 351.000000 5.36682340000000035474
93 352.000000 254.000000 49.08653209999999944557
94 227.000000 191.000000 9.68982459999999967692
95 460.000000 343.000000 19.90867689999999967654
96 276.000000 227.000000 14.37968629999999947700
97 392.000000 315.000000 8.42046189999999938891
98 481.000000 372.000000 8.79652510000000020796
99 349.000000 268.000000 10.44121190000000076736
100 442.000000 338.000000 4.97204759999999978959
101 316.000000 247.000000 10.01517489999999988015
102 410.000000 318.000000 18.34260379999999912570
103 459.000000 346.000000 6.06389259999999996609
104 240.000000 184.000000 42.95623249999999870852
105 426.000000 315.000000 57.85963559999999716865
106 423.000000 337.000000 9.94510700000000014143
107 413.000000 321.000000 6.12337660000000028049
108 420.000000 316.000000 5.00192079999999972273
109 492.000000 357.000000 2.35080270000000002284
110 368.000000 298.000000 16.85557790000000011332
111 274.000000 235.000000 11.66130290000000080397
112 496.000000 376.000000 23.65151090000000166924
113 291.000000 219.000000 27.00573749999999861870
114 431.000000 317.000000 12.74490240000000085274
115 480.000000 359.000000 7.95187259999999973559
116 392.000000 294.000000 16.46781659999999902766
117 370.000000 288.000000 34.82542990000000315831
118 424.000000 334.000000 7.88561300000000020560
119 339.000000 269.000000 2.80039710000000008350
120 372.000000 277.000000 43.46896770000000032041
121 197.000000 163.000000 12.89464509999999997092
122 455.000000 341.000000 27.81973539999999900374
123 315.000000 254.000000 7.65869819999999990046
124 389.000000 290.000000 25.24362610000000017862
125 262.000000 206.000000 8.95054939999999987776
126 349.000000 286.000000 5.71024119999999957287
127 396.000000 309.000000 20.13144640000000151758
128 364.000000 283.000000 4.25378279999999975303
129 306.000000 244.000000 20.49494689999999863517
130 357.000000 271.000000 11.88596609999999920149
131 413.000000 316.000000 10.74143459999999983268
132 395.000000 285.000000 35.17615459999999671936
133 388.000000 280.000000 33.16579720000000008895
134 478.000000 351.000000 10.23300129999999974473
135 427.000000 316.000000 54.22943229999999914526
136 457.000000 329.000000 27.85644380000000097652
137 534.000000 373.000000 17.17733550000000164459
138 403.000000 310.000000 27.76304190000000104988
139 454.000000 356.000000 2.37329489999999987404
140 389.000000 287.000000 15.73117580000000081952
141 335.000000 254.000000 41.37371149999999886404
142 385.000000 279.000000 25.23690360000000154628
143 385.000000 292.000000 37.55023899999999770216
144 343.000000 273.000000 8.76840430000000026212
145 358.000000 284.000000 6.76964949999999987540
146 427.000000 326.000000 13.72864670000000053562
147 294.000000 228.000000 21.07621100000000069485
148 310.000000 245.000000 27.24999839999999906581
149 513.000000 375.000000 14.07679979999999986262
150 303.000000 229.000000 8.65721699999999927400
151 421.000000 323.000000 11.75309140000000063253
152 524.000000 384.000000 1.22125940000000010599
153 423.000000 319.000000 15.25030469999999915842
154 419.000000 316.000000 57.80351780000000161408
155 376.000000 297.000000 15.80497949999999995896
156 301.000000 220.000000 54.54072959999999881120
157 398.000000 319.000000 17.24733709999999931028
158 281.000000 249.000000 8.82022169999999938739
159 363.000000 265.000000 34.80204049999999682541
160 270.000000 197.000000 16.09357980000000054588
161 449.000000 324.000000 2.00771159999999992962
162 294.000000 230.000000 20.27190200000000075420
163 429.000000 327.000000 20.00241630000000014888
164 318.000000 257.000000 11.45416280000000064376
165 377.000000 300.000000 37.51471250000000168257
166 391.000000 301.000000 14.42386950000000034322
167 399.000000 306.000000 9.71801220000000043342
168 462.000000 327.000000 1.34677990000000002979
169 456.000000 360.000000 19.63580639999999988277
170 372.000000 296.000000 19.28966279999999855477
171 241.000000 184.000000 10.60867960000000032039
172 440.000000 336.000000 9.98377419999999915490
173 377.000000 296.000000 5.68280890000000038498
174 373.000000 286.000000 4.39507989999999981734
175 245.000000 193.000000 55.12191150000000305909
176 352.000000 263.000000 11.62691790000000047201
177 320.000000 238.000000 19.63129479999999915663
178 318.000000 243.000000 11.15940739999999919974
179 361.000000 266.000000 57.86535030000000290329
180 314.000000 255.000000 6.74018919999999965853
181 325.000000 252.000000 9.53015169999999933736
182 248.000000 199.000000 8.78089860000000044238
183 305.000000 237.000000 18.10185290000000080113
184 421.000000 324.000000 5.78186569999999999681
185 363.000000 271.000000 26.99776410000000126388
186 416.000000 304.000000 7.11485859999999981085
187 318.000000 239.000000 18.19256689999999920815
188 419.000000 321.000000 3.31113549999999978724
189 455.000000 331.000000 16.08823209999999903630
190 206.000000 182.000000 9.01355249999999941224
191 311.000000 239.000000 12.24345869999999969480
192 275.000000 224.000000 7.19943959999999982813
193 309.000000 253.000000 18.89769599999999982742
194 304.000000 247.000000 14.52276559999999960837
195 443.000000 323.000000 17.28682279999999948927
196 515.000000 376.000000 6.13799329999999976337
197 410.000000 301.000000 61.09249520000000188702
198 409.000000 296.000000 18.11828819999999851120
199 239.000000 177.000000 68.56719909999999629235
200 556.000000 400.000000 3.15826440000000019381
201 437.000000 324.000000 24.52263779999999826487
202 374.000000 270.000000 5.19859030000000021943
203 454.000000 336.000000 27.00126729999999852794
204 313.000000 253.000000 9.45042899999999974625
205 363.000000 276.000000 24.40936969999999917036
206 271.000000 208.000000 23.06478239999999857446
207 511.000000 366.000000 6.02020809999999961803
208 323.000000 262.000000 16.20052700000000100999
209 393.000000 301.000000 37.96301840000000282771
210 436.000000 318.000000 28.26937679999999986080
211 273.000000 218.000000 17.63864780000000109794
212 412.000000 299.000000 24.23239759999999876072
213 512.000000 380.000000 10.89160359999999982961
214 267.000000 210.000000 21.81287449999999950023
215 424.000000 335.000000 7.75253790000000009286
216 390.000000 300.000000 17.61576249999999888018
217 321.000000 244.000000 15.17803430000000020073
218 353.000000 259.000000 21.56520090000000067221
219 380.000000 301.000000 6.26287359999999981852
220 225.000000 174.000000 21.09820270000000164146
221 417.000000 310.000000 14.20967229999999936751
222 418.000000 302.000000 56.79520769999999885158
223 317.000000 242.000000 46.16465740000000295140
224 346.000000 261.000000 21.47491300000000080672
225 364.000000 291.000000 7.79094700000000006668
226 319.000000 253.000000 8.94355239999999973577
227 224.000000 183.000000 14.59645710000000029538
228 389.000000 307.000000 2.50998020000000021668
229 423.000000 336.000000 15.34187389999999950874
230 378.000000 255.000000 32.86372810000000299624
231 269.000000 215.000000 14.56267139999999926658
232 414.000000 326.000000 13.09492129999999932011
233 282.000000 223.000000 8.66000799999999948398
234 467.000000 347.000000 44.62345859999999930778
235 373.000000 275.000000 309.22050339999998413987
236 351.000000 278.000000 5.15110319999999966001
237 421.000000 303.000000 4.24650010000000044386
238 413.000000 301.000000 32.66790950000000037790
239 427.000000 308.000000 29.04394130000000018299
240 355.000000 270.000000 12.76815060000000023877
241 429.000000 323.000000 18.53825570000000055870
242 395.000000 308.000000 4.22894509999999979044
243 324.000000 245.000000 8.29494189999999953500
244 395.000000 311.000000 5.44317030000000023904
245 377.000000 280.000000 45.71540840000000116561
246 296.000000 237.000000 12.63729739999999956979
247 318.000000 237.000000 19.28526250000000175078
248 349.000000 261.000000 17.37970950000000058822
249 419.000000 315.000000 6.89345310000000033313
250 370.000000 292.000000 8.94494429999999951519
251 333.000000 263.000000 6.39686700000000030286
252 335.000000 276.000000 13.75982169999999982224
253 336.000000 272.000000 5.62635519999999988983
254 325.000000 254.000000 4.75618330000000000268
255 305.000000 244.000000 4.88233630000000040638
256 339.000000 272.000000 5.86297940000000039618
257 381.000000 312.000000 2.90976690000000015601
258 390.000000 296.000000 16.47167370000000019559
259 516.000000 374.000000 4.67846039999999963044
260 349.000000 260.000000 12.11081199999999924444
261 386.000000 273.000000 10.21783089999999916131
262 393.000000 303.000000 23.09500650000000021578
263 410.000000 313.000000 3.74233539999999997860
264 389.000000 284.000000 27.01539800000000113300
265 300.000000 238.000000 6.79013109999999997513
266 384.000000 298.000000 10.20349790000000034240
267 286.000000 216.000000 6.32385980000000014201
268 357.000000 283.000000 14.28458690000000075315
269 436.000000 307.000000 40.43338219999999694210
270 396.000000 306.000000 20.40835939999999837369
271 360.000000 299.000000 4.91801249999999967599
272 408.000000 300.000000 21.10741429999999851930
273 325.000000 259.000000 11.64798900000000081434
274 296.000000 225.000000 38.35133309999999795536
275 542.000000 390.000000 11.67340850000000074260
276 366.000000 280.000000 15.37542179999999980566
277 315.000000 236.000000 26.79055230000000165091
278 329.000000 241.000000 2.28797709999999998587
279 482.000000 379.000000 8.80817859999999974718
280 386.000000 300.000000 3.66282050000000003465
281 361.000000 290.000000 1.80040660000000007912
282 323.000000 258.000000 7.69909140000000036252
283 340.000000 255.000000 17.53526450000000025398
284 397.000000 313.000000 3.01630880000000001218
285 463.000000 323.000000 13.48222179999999958966
286 398.000000 289.000000 15.28506840000000011059
287 416.000000 314.000000 2.66428110000000017976
288 449.000000 350.000000 9.14698029999999917550
289 238.000000 174.000000 49.03790490000000090731
290 316.000000 242.000000 17.49436499999999838906
291 375.000000 289.000000 17.64216539999999966426
292 421.000000 304.000000 18.41846749999999843794
293 277.000000 219.000000 13.81399919999999958975
294 335.000000 276.000000 4.95656330000000000524
295 362.000000 265.000000 4.81855200000000039040
296 433.000000 306.000000 3.45899989999999979418
297 375.000000 292.000000 25.29461669999999884340
298 363.000000 289.000000 20.88802599999999998204
299 358.000000 261.000000 20.36371829999999860661
300 386.000000 307.000000 15.50659150000000074954
301 297.000000 220.000000 20.06698159999999830916
302 442.000000 324.000000 20.28179709999999857928
303 509.000000 356.000000 10.58822379999999974132
304 344.000000 265.000000 3.93909529999999996619
305 319.000000 260.000000 11.30230549999999922761
306 422.000000 322.000000 23.36534569999999888523
307 531.000000 416.000000 8.80920380000000058374
308 500.000000 389.000000 23.21614029999999928577
309 330.000000 268.000000 2.14846199999999987185
310 394.000000 303.000000 2.70558230000000010662
311 406.000000 305.000000 4.23863120000000037635
312 371.000000 278.000000 9.77591179999999937422
313 397.000000 323.000000 3.36159549999999995862
314 385.000000 288.000000 30.81135629999999991924
315 300.000000 238.000000 11.59276550000000050034
316 437.000000 332.000000 22.61743480000000161567
317 390.000000 289.000000 4.93837270000000039261
318 432.000000 326.000000 10.75530640000000026646
319 308.000000 239.000000 5.03568999999999977746
320 484.000000 366.000000 5.77454290000000014516
321 426.000000 316.000000 1.86268400000000000638
322 418.000000 310.000000 14.76792060000000006426
323 495.000000 361.000000 8.40983370000000007849
324 387.000000 275.000000 10.87831169999999936238
325 364.000000 282.000000 9.57171280000000024302
326 398.000000 304.000000 81.95875680000000329528
327 391.000000 314.000000 7.36639399999999966440
328 479.000000 360.000000 9.61064099999999932322
329 466.000000 361.000000 25.31012540000000043960
330 381.000000 290.000000 6.00724310000000016885
331 368.000000 295.000000 3.38975399999999993383
332 368.000000 290.000000 7.79667119999999957969
333 320.000000 248.000000 6.48129530000000020351
334 451.000000 326.000000 24.68276369999999886318
335 426.000000 311.000000 13.80349840000000050111
336 364.000000 273.000000 4.41722639999999966420
337 355.000000 287.000000 4.18047520000000005780
338 355.000000 270.000000 33.02505299999999976990
339 327.000000 259.000000 7.38061390000000017153
340 537.000000 389.000000 3.38048539999999997363
341 439.000000 343.000000 7.89048770000000043723
342 340.000000 250.000000 17.52120329999999981396
343 350.000000 269.000000 15.98908770000000068023
344 290.000000 217.000000 25.11629110000000153491
345 323.000000 247.000000 29.81864510000000123568
346 366.000000 279.000000 7.22359550000000005809
347 295.000000 240.000000 12.86805400000000076943
348 443.000000 358.000000 11.80117480000000007578
349 290.000000 223.000000 20.09153879999999858796
350 443.000000 339.000000 7.61835120000000021179
351 261.000000 212.000000 22.32910199999999889542
352 328.000000 247.000000 14.84496870000000079415
353 434.000000 317.000000 18.79460870000000127789
354 382.000000 288.000000 33.60765969999999924767
355 401.000000 297.000000 6.02386550000000031702
356 497.000000 364.000000 10.32414260000000005846
357 307.000000 240.000000 7.87851570000000034355
358 348.000000 258.000000 9.92858870000000059974
359 395.000000 294.000000 19.12932280000000062614
360 376.000000 292.000000 17.80376370000000108007
361 454.000000 318.000000 35.90361599999999953070
362 436.000000 327.000000 7.38934979999999974609
363 365.000000 284.000000 33.44148359999999797765
364 411.000000 307.000000 14.13821740000000026782
365 375.000000 307.000000 3.77687410000000012289
366 421.000000 320.000000 6.87663850000000032026
367 285.000000 204.000000 23.64186430000000171958
368 379.000000 300.000000 4.46531650000000013279
369 306.000000 240.000000 17.64923569999999841684
370 355.000000 289.000000 4.80937030000000032004
371 355.000000 270.000000 19.23069840000000141345
372 400.000000 302.000000 4.69920449999999956248
373 486.000000 357.000000 10.22606640000000055579
374 247.000000 181.000000 20.62785029999999864003
375 355.000000 273.000000 32.92721010000000347873
376 344.000000 270.000000 15.75721200000000088437
377 380.000000 295.000000 18.86074029999999979168
378 307.000000 232.000000 18.60080370000000016262
379 396.000000 315.000000 18.89629319999999879087
380 498.000000 381.000000 18.10680620000000118353
381 320.000000 247.000000 12.42223489999999941347
382 539.000000 380.000000 38.38805299999999931515
383 304.000000 222.000000 15.53030659999999940624
384 401.000000 294.000000 22.13289609999999996148
385 329.000000 237.000000 5.35080519999999992820
386 489.000000 353.000000 2.93740509999999988011
387 427.000000 317.000000 2.44364420000000004407
388 349.000000 266.000000 37.44388839999999873953
389 371.000000 278.000000 18.16383799999999837382
390 360.000000 275.000000 34.72479570000000137497
391 424.000000 322.000000 14.10239130000000074006
392 388.000000 313.000000 10.60186260000000046944
393 460.000000 342.000000 1.75738789999999989178
394 251.000000 205.000000 14.39134720000000022821
395 348.000000 253.000000 65.13470409999999333195
396 425.000000 322.000000 15.28528760000000019659
397 354.000000 263.000000 17.10355339999999912948
398 330.000000 263.000000 15.64136680000000012569
399 468.000000 353.000000 11.69424380000000063262
400 390.000000 310.000000 9.86762569999999961112
401 424.000000 325.000000 16.68363959999999934780
402 346.000000 268.000000 11.16688599999999986778
403 392.000000 299.000000 5.80278009999999966340
404 485.000000 355.000000 32.15463840000000317332
405 438.000000 318.000000 2.66698410000000007969
406 360.000000 274.000000 13.51441780000000036921
407 413.000000 326.000000 9.40535649999999989745
408 324.000000 246.000000 12.61757779999999939946
409 415.000000 298.000000 61.48773740000000032069
410 348.000000 262.000000 29.12445849999999936131
411 358.000000 267.000000 20.06787740000000042073
412 456.000000 329.000000 15.59364049999999934926
413 526.000000 388.000000 2.23689600000000021751
414 468.000000 345.000000 4.45055849999999963984
415 327.000000 280.000000 3.09537450000000013972
416 279.000000 207.000000 29.46252810000000010859
417 314.000000 240.000000 7.91659579999999962752
418 385.000000 295.000000 2.75452949999999985309
419 394.000000 311.000000 14.32008139999999940528
420 393.000000 296.000000 5.02688299999999976819
