1 18.000000 15.000000 0.23928879999999999595
2 15.000000 15.000000 0.05987490000000000173
3 18.000000 15.000000 0.03258409999999999779
4 15.000000 15.000000 0.04531070000000000236
5 18.000000 15.000000 0.11287300000000000111
6 17.000000 15.000000 0.04600470000000000254
7 16.000000 15.000000 0.02821960000000000093
8 16.000000 15.000000 0.03304970000000000130
9 14.000000 14.000000 0.07288759999999999684
10 13.000000 13.000000 0.02066509999999999875
11 17.000000 15.000000 0.07226470000000000116
12 17.000000 15.000000 0.05385890000000000122
13 17.000000 15.000000 0.03173580000000000151
14 14.000000 14.000000 0.04309509999999999730
15 17.000000 15.000000 0.07038510000000000599
16 17.000000 15.000000 0.01870339999999999850
17 18.000000 15.000000 0.03579559999999999687
18 14.000000 14.000000 0.05227009999999999990
19 18.000000 15.000000 0.06440690000000000304
20 14.000000 14.000000 0.03883729999999999821
21 17.000000 15.000000 0.09433880000000000043
22 18.000000 15.000000 0.09445530000000000592
23 14.000000 14.000000 0.09954090000000000160
24 17.000000 15.000000 0.10077260000000000384
25 15.000000 15.000000 0.02444270000000000123
26 17.000000 15.000000 0.11034399999999999764
27 17.000000 15.000000 0.05355909999999999838
28 17.000000 15.000000 0.05095020000000000104
29 17.000000 15.000000 0.05822039999999999854
30 17.000000 15.000000 0.02070960000000000162
31 16.000000 14.000000 0.02048180000000000139
32 14.000000 14.000000 0.03755490000000000217
33 18.000000 15.000000 0.01852590000000000139
34 19.000000 15.000000 0.02428500000000000103
35 15.000000 14.000000 0.02235969999999999971
36 15.000000 14.000000 0.02273609999999999867
37 17.000000 15.000000 0.02078079999999999858
38 13.000000 13.000000 0.12600929999999999076
39 17.000000 15.000000 0.01779849999999999835
40 16.000000 15.000000 0.01927550000000000097
41 14.000000 14.000000 0.02296170000000000155
42 14.000000 14.000000 0.01871820000000000081
43 18.000000 15.000000 0.12367150000000000365
44 16.000000 14.000000 0.10666960000000000330
45 16.000000 14.000000 0.03364729999999999804
46 16.000000 15.000000 0.06981249999999999956
47 16.000000 14.000000 0.01899549999999999850
48 18.000000 15.000000 0.10376499999999999613
49 15.000000 14.000000 0.01948249999999999982
50 17.000000 15.000000 0.01874520000000000006
51 16.000000 15.000000 0.10402690000000000548
52 17.000000 15.000000 0.09964649999999999896
53 15.000000 14.000000 0.09620549999999999935
54 15.000000 15.000000 0.01989580000000000168
55 16.000000 15.000000 0.08416410000000000557
56 13.000000 13.000000 0.01960169999999999968
57 16.000000 14.000000 0.09187230000000000396
58 14.000000 14.000000 0.02611760000000000123
59 14.000000 14.000000 0.11828489999999999838
60 16.000000 15.000000 0.09335390000000000355
61 16.000000 15.000000 0.06185460000000000264
62 16.000000 15.000000 0.09307830000000000270
63 15.000000 15.000000 0.08246489999999999376
64 17.000000 15.000000 0.01754129999999999925
65 18.000000 15.000000 0.06478789999999999549
66 15.000000 14.000000 0.03435010000000000147
67 18.000000 15.000000 0.01860749999999999904
68 14.000000 14.000000 0.07252749999999999475
69 16.000000 15.000000 0.01905170000000000127
70 15.000000 14.000000 0.10275710000000000399
71 17.000000 15.000000 0.10045759999999999412
72 15.000000 14.000000 0.12654660000000000908
73 17.000000 15.000000 0.02029140000000000110
74 15.000000 14.000000 0.13141880000000000228
75 15.000000 14.000000 0.11136849999999999528
76 14.000000 14.000000 0.02163050000000000042
77 16.000000 15.000000 0.12405339999999999423
78 16.000000 15.000000 0.13092509999999998871
79 14.000000 14.000000 0.01949149999999999841
80 15.000000 15.000000 0.01944059999999999885
81 18.000000 15.000000 0.12864169999999999772
82 15.000000 15.000000 0.01953830000000000150
83 16.000000 15.000000 0.09868090000000000195
84 14.000000 14.000000 0.01967199999999999852
85 17.000000 15.000000 0.11738239999999999785
86 16.000000 15.000000 0.01856309999999999905
87 17.000000 15.000000 0.10657419999999999394
88 15.000000 15.000000 0.01861449999999999910
89 18.000000 15.000000 0.01719510000000000136
90 16.000000 15.000000 0.01823150000000000118
91 16.000000 15.000000 0.01777969999999999898
92 14.000000 14.000000 0.01912909999999999958
93 16.000000 15.000000 0.02821569999999999981
94 18.000000 15.000000 0.11215390000000000081
95 15.000000 14.000000 0.09450699999999999379
96 16.000000 15.000000 0.02168559999999999932
97 17.000000 15.000000 0.01857889999999999889
98 18.000000 15.000000 0.01629939999999999861
99 16.000000 15.000000 0.02132660000000000111
100 15.000000 15.000000 0.10430889999999999607
101 17.000000 15.000000 0.10575199999999999878
102 15.000000 14.000000 0.02044819999999999971
103 18.000000 15.000000 0.08076319999999999333
104 18.000000 15.000000 0.11788389999999999980
105 17.000000 15.000000 0.01802689999999999848
106 15.000000 15.000000 0.02335030000000000092
107 13.000000 13.000000 0.02701169999999999960
108 14.000000 14.000000 0.02241829999999999865
109 16.000000 15.000000 0.02092669999999999947
110 16.000000 15.000000 0.09930460000000000675
111 16.000000 14.000000 0.02044870000000000021
112 17.000000 15.000000 0.08581950000000000689
113 16.000000 15.000000 0.01848580000000000015
114 16.000000 15.000000 0.09701369999999999438
115 16.000000 15.000000 0.08727930000000000410
116 15.000000 15.000000 0.01870580000000000159
117 14.000000 14.000000 0.01999269999999999867
118 18.000000 15.000000 0.02062179999999999916
119 15.000000 14.000000 0.02225020000000000123
120 17.000000 14.000000 0.02314820000000000072
121 16.000000 15.000000 0.11171069999999999611
122 15.000000 15.000000 0.01991340000000000124
123 13.000000 13.000000 0.05800759999999999944
124 14.000000 14.000000 0.01966789999999999858
125 16.000000 15.000000 0.05298739999999999700
126 15.000000 15.000000 0.05154969999999999691
127 17.000000 15.000000 0.05389569999999999778
128 16.000000 15.000000 0.01843509999999999940
129 16.000000 14.000000 0.05612160000000000065
130 17.000000 15.000000 0.05090220000000000161
131 17.000000 15.000000 0.01997679999999999942
132 17.000000 15.000000 0.02915730000000000058
133 17.000000 15.000000 0.02727939999999999879
134 15.000000 14.000000 0.04170689999999999814
135 15.000000 14.000000 0.02813910000000000022
136 15.000000 15.000000 0.02105330000000000049
137 18.000000 15.000000 0.03275089999999999946
138 16.000000 15.000000 0.02156680000000000055
139 16.000000 15.000000 0.02671259999999999954
140 17.000000 15.000000 0.03773440000000000127
141 16.000000 15.000000 0.02571609999999999868
142 15.000000 15.000000 0.02408060000000000062
143 15.000000 15.000000 0.02384319999999999842
144 19.000000 15.000000 0.02478090000000000154
145 18.000000 14.000000 0.02224359999999999879
146 17.000000 15.000000 0.02176590000000000122
147 16.000000 15.000000 0.02244880000000000139
148 13.000000 13.000000 0.02445680000000000076
149 17.000000 15.000000 0.02221000000000000058
150 18.000000 15.000000 0.02161539999999999989
151 17.000000 15.000000 0.02441499999999999920
152 19.000000 15.000000 0.02344450000000000006
153 16.000000 14.000000 0.02599129999999999843
154 16.000000 15.000000 0.02306329999999999839
155 17.000000 15.000000 0.02489879999999999871
156 15.000000 15.000000 0.02159290000000000168
157 14.000000 14.000000 0.02210789999999999977
158 14.000000 14.000000 0.01941189999999999929
159 20.000000 15.000000 0.02013939999999999828
160 14.000000 14.000000 0.05177729999999999833
161 19.000000 15.000000 0.02583840000000000095
162 17.000000 14.000000 0.02462090000000000112
163 16.000000 15.000000 0.02005209999999999979
164 16.000000 15.000000 0.02196470000000000020
165 15.000000 15.000000 0.02633299999999999877
166 16.000000 15.000000 0.02612570000000000170
167 17.000000 15.000000 0.01953680000000000000
168 16.000000 14.000000 0.09125060000000000116
169 14.000000 14.000000 0.07861949999999999494
170 16.000000 14.000000 0.01812379999999999894
171 17.000000 15.000000 0.07562080000000000191
172 18.000000 15.000000 0.02131090000000000068
173 14.000000 14.000000 0.05785869999999999902
174 14.000000 14.000000 0.02383220000000000130
175 16.000000 15.000000 0.01929420000000000093
176 15.000000 15.000000 0.05129390000000000338
177 16.000000 15.000000 0.02096359999999999890
178 15.000000 14.000000 0.08301129999999999620
179 15.000000 15.000000 0.01963619999999999949
180 15.000000 14.000000 0.02800400000000000111
181 15.000000 15.000000 0.01629049999999999943
182 15.000000 15.000000 0.02078040000000000095
183 17.000000 15.000000 0.01853049999999999836
184 13.000000 13.000000 0.02727979999999999988
185 16.000000 15.000000 0.01785520000000000163
186 16.000000 15.000000 0.02716560000000000155
187 16.000000 14.000000 0.04015810000000000213
188 15.000000 15.000000 0.03137270000000000336
189 16.000000 15.000000 0.02607790000000000108
190 14.000000 14.000000 0.03729999999999999982
191 15.000000 15.000000 0.02411129999999999871
192 17.000000 15.000000 0.02053819999999999951
193 18.000000 15.000000 0.01667099999999999832
194 16.000000 15.000000 0.02245979999999999852
195 14.000000 14.000000 0.02149490000000000081
196 15.000000 14.000000 0.01901960000000000109
197 14.000000 14.000000 0.01921259999999999982
198 16.000000 14.000000 0.03406399999999999706
199 18.000000 15.000000 0.02751299999999999926
200 15.000000 14.000000 0.02056840000000000057
201 17.000000 15.000000 0.02629070000000000018
202 15.000000 14.000000 0.03208640000000000103
203 16.000000 15.000000 0.01774190000000000142
204 16.000000 15.000000 0.01950539999999999913
205 18.000000 14.000000 0.01968069999999999889
206 17.000000 14.000000 0.02494980000000000114
207 14.000000 14.000000 0.01966980000000000117
208 19.000000 15.000000 0.01335369999999999960
209 16.000000 15.000000 0.01947540000000000035
210 15.000000 14.000000 0.01939760000000000095
211 17.000000 15.000000 0.01046249999999999958
212 17.000000 15.000000 0.01524280000000000079
213 14.000000 14.000000 0.01304149999999999927
214 18.000000 15.000000 0.01934229999999999977
215 15.000000 14.000000 0.01898239999999999997
216 14.000000 14.000000 0.02133559999999999970
217 15.000000 15.000000 0.01673519999999999869
218 17.000000 15.000000 0.01943989999999999954
219 20.000000 15.000000 0.01658449999999999855
220 16.000000 14.000000 0.01285099999999999958
221 18.000000 15.000000 0.02213199999999999890
222 13.000000 13.000000 0.02059400000000000119
223 14.000000 14.000000 0.01550699999999999995
224 17.000000 15.000000 0.01285889999999999950
225 17.000000 15.000000 0.01872240000000000015
226 18.000000 15.000000 0.01556729999999999919
227 18.000000 14.000000 0.01180630000000000047
228 17.000000 15.000000 0.01042150000000000021
229 14.000000 14.000000 0.01042309999999999938
230 14.000000 14.000000 0.01188389999999999933
231 16.000000 15.000000 0.01249429999999999985
232 14.000000 14.000000 0.01069510000000000079
233 13.000000 13.000000 0.01246060000000000050
234 19.000000 15.000000 0.00843649999999999956
235 14.000000 14.000000 0.01010130000000000056
236 14.000000 14.000000 0.00979140000000000045
237 16.000000 15.000000 0.00952429999999999943
238 16.000000 15.000000 0.00965919999999999973
239 14.000000 14.000000 0.00978709999999999997
240 18.000000 14.000000 0.01492500000000000077
241 14.000000 14.000000 0.01652939999999999965
242 18.000000 15.000000 0.01092410000000000082
243 14.000000 14.000000 0.01213340000000000078
244 17.000000 15.000000 0.01044529999999999938
245 19.000000 15.000000 0.01034629999999999925
246 16.000000 14.000000 0.01276650000000000007
247 15.000000 14.000000 0.01748910000000000048
248 18.000000 15.000000 0.01545659999999999916
249 15.000000 14.000000 0.01555789999999999951
250 18.000000 15.000000 0.01078130000000000061
251 16.000000 15.000000 0.01256299999999999951
252 14.000000 14.000000 0.01399680000000000021
253 15.000000 14.000000 0.00891929999999999980
254 14.000000 14.000000 0.01364660000000000005
255 17.000000 15.000000 0.00992840000000000042
256 18.000000 15.000000 0.00993040000000000068
257 14.000000 14.000000 0.01177629999999999996
258 13.000000 13.000000 0.00888060000000000065
259 19.000000 15.000000 0.00953939999999999996
260 16.000000 15.000000 0.00850949999999999970
261 18.000000 15.000000 0.00845390000000000030
262 19.000000 15.000000 0.00882739999999999914
263 16.000000 14.000000 0.00898509999999999934
264 14.000000 14.000000 0.00876840000000000085
265 15.000000 14.000000 0.00796290000000000019
266 15.000000 14.000000 0.00846799999999999983
267 15.000000 15.000000 0.00868629999999999923
268 16.000000 14.000000 0.00991769999999999978
269 17.000000 15.000000 0.00833099999999999986
270 16.000000 14.000000 0.00824850000000000062
271 16.000000 14.000000 0.00815530000000000074
272 18.000000 15.000000 0.00848089999999999955
273 14.000000 14.000000 0.00809780000000000048
274 15.000000 14.000000 0.00803429999999999943
275 16.000000 15.000000 0.00829629999999999951
276 17.000000 15.000000 0.00905489999999999941
277 14.000000 14.000000 0.00865480000000000069
278 19.000000 15.000000 0.00827469999999999942
279 16.000000 15.000000 0.00837599999999999976
280 17.000000 15.000000 0.00822059999999999978
281 17.000000 15.000000 0.00896850000000000078
282 16.000000 15.000000 0.00763729999999999964
283 17.000000 15.000000 0.00837099999999999997
284 17.000000 15.000000 0.00757859999999999957
285 17.000000 15.000000 0.00908430000000000001
286 18.000000 15.000000 0.00772589999999999996
287 13.000000 13.000000 0.00843570000000000084
288 13.000000 13.000000 0.00886409999999999976
289 19.000000 15.000000 0.00903639999999999999
290 16.000000 14.000000 0.00827420000000000065
291 17.000000 15.000000 0.00772380000000000028
292 16.000000 15.000000 0.00773650000000000032
293 20.000000 15.000000 0.00816230000000000080
294 15.000000 15.000000 0.00803940000000000037
295 15.000000 15.000000 0.01017520000000000056
296 14.000000 14.000000 0.00835070000000000083
297 16.000000 15.000000 0.00875049999999999960
298 16.000000 14.000000 0.00860999999999999960
299 15.000000 15.000000 0.00880189999999999965
300 14.000000 14.000000 0.00860600000000000080
301 16.000000 15.000000 0.00840390000000000061
302 16.000000 14.000000 0.00836180000000000083
303 14.000000 14.000000 0.00870259999999999957
304 17.000000 15.000000 0.00996099999999999937
305 18.000000 15.000000 0.00800849999999999999
306 16.000000 15.000000 0.00809759999999999994
307 16.000000 15.000000 0.00782680000000000008
308 17.000000 15.000000 0.00763340000000000025
309 15.000000 15.000000 0.00768939999999999988
310 16.000000 14.000000 0.00879759999999999917
311 18.000000 15.000000 0.00746720000000000023
312 16.000000 15.000000 0.00892459999999999955
313 14.000000 14.000000 0.00807530000000000053
314 17.000000 15.000000 0.00857579999999999974
315 15.000000 14.000000 0.00788799999999999918
316 18.000000 15.000000 0.00771339999999999960
317 16.000000 15.000000 0.00749329999999999961
318 16.000000 14.000000 0.00731820000000000040
319 16.000000 15.000000 0.00776530000000000015
320 15.000000 15.000000 0.00776190000000000040
321 16.000000 15.000000 0.00740929999999999974
322 17.000000 15.000000 0.00765940000000000024
323 16.000000 14.000000 0.00804279999999999926
324 15.000000 15.000000 0.00826640000000000014
325 18.000000 15.000000 0.00746259999999999979
326 19.000000 15.000000 0.00730339999999999982
327 14.000000 14.000000 0.00817960000000000041
328 15.000000 15.000000 0.00783900000000000048
329 14.000000 14.000000 0.00764109999999999963
330 17.000000 15.000000 0.00750680000000000010
331 19.000000 15.000000 0.00749109999999999967
332 15.000000 15.000000 0.00755670000000000040
333 15.000000 14.000000 0.00743659999999999981
334 17.000000 15.000000 0.00934609999999999955
335 14.000000 14.000000 0.00823639999999999962
336 17.000000 14.000000 0.00858539999999999998
337 16.000000 15.000000 0.00982320000000000068
338 16.000000 15.000000 0.00863659999999999949
339 21.000000 15.000000 0.00771509999999999991
340 17.000000 15.000000 0.00767720000000000034
341 20.000000 15.000000 0.00785809999999999981
342 17.000000 15.000000 0.00782429999999999931
343 15.000000 15.000000 0.00764249999999999999
344 14.000000 14.000000 0.00822239999999999950
345 14.000000 14.000000 0.00762269999999999961
346 14.000000 14.000000 0.00793179999999999927
347 17.000000 15.000000 0.00749960000000000036
348 14.000000 14.000000 0.00764589999999999975
349 16.000000 15.000000 0.00781890000000000016
350 15.000000 15.000000 0.00792020000000000050
351 14.000000 14.000000 0.00850760000000000058
352 16.000000 15.000000 0.00780669999999999975
353 15.000000 15.000000 0.00770779999999999989
354 14.000000 14.000000 0.00825039999999999975
355 16.000000 14.000000 0.00837710000000000017
356 15.000000 14.000000 0.00798680000000000050
357 17.000000 15.000000 0.00733609999999999991
358 15.000000 14.000000 0.00751869999999999969
359 18.000000 15.000000 0.00769659999999999962
360 14.000000 14.000000 0.00742340000000000014
361 16.000000 15.000000 0.00736830000000000037
362 14.000000 14.000000 0.00749519999999999961
363 14.000000 14.000000 0.00809400000000000050
364 16.000000 15.000000 0.00991470000000000025
365 16.000000 15.000000 0.00728879999999999979
366 15.000000 14.000000 0.00750599999999999965
367 14.000000 14.000000 0.00773319999999999997
368 14.000000 14.000000 0.00714319999999999972
369 16.000000 15.000000 0.00849959999999999952
370 15.000000 15.000000 0.00832059999999999918
371 16.000000 14.000000 0.00841569999999999992
372 15.000000 15.000000 0.00808099999999999964
373 18.000000 14.000000 0.00727649999999999998
374 16.000000 15.000000 0.00762299999999999957
375 15.000000 15.000000 0.00741219999999999987
376 16.000000 15.000000 0.00786030000000000062
377 16.000000 15.000000 0.00733089999999999957
378 15.000000 14.000000 0.00942690000000000021
379 17.000000 15.000000 0.00746250000000000038
380 15.000000 14.000000 0.00732100000000000025
381 15.000000 15.000000 0.00740600000000000026
382 15.000000 14.000000 0.00796529999999999981
383 17.000000 15.000000 0.00722020000000000040
384 16.000000 15.000000 0.00720200000000000007
385 15.000000 15.000000 0.00787120000000000007
386 14.000000 14.000000 0.00753990000000000042
387 15.000000 14.000000 0.00731189999999999965
388 17.000000 15.000000 0.00726930000000000024
389 16.000000 15.000000 0.00804850000000000010
390 13.000000 13.000000 0.00746980000000000040
391 15.000000 14.000000 0.00732790000000000004
392 15.000000 14.000000 0.00935120000000000048
393 14.000000 14.000000 0.00747469999999999992
394 14.000000 14.000000 0.00738579999999999966
395 15.000000 14.000000 0.00787239999999999988
396 16.000000 15.000000 0.00733660000000000041
397 18.000000 15.000000 0.00772009999999999971
398 15.000000 15.000000 0.00737249999999999971
399 14.000000 14.000000 0.00754110000000000023
400 14.000000 14.000000 0.00718919999999999976
401 18.000000 15.000000 0.00804810000000000074
402 15.000000 15.000000 0.00827390000000000070
403 20.000000 15.000000 0.00812829999999999976
404 14.000000 14.000000 0.00818040000000000087
405 19.000000 15.000000 0.00762990000000000022
406 15.000000 14.000000 0.00929870000000000002
407 17.000000 15.000000 0.00809859999999999920
408 15.000000 15.000000 0.00826119999999999979
409 16.000000 15.000000 0.00714020000000000019
410 17.000000 15.000000 0.00767110000000000014
411 15.000000 15.000000 0.00733840000000000013
412 17.000000 14.000000 0.00722800000000000005
413 17.000000 15.000000 0.00718120000000000043
414 16.000000 14.000000 0.00745149999999999979
415 20.000000 15.000000 0.00732930000000000040
416 16.000000 15.000000 0.00751070000000000036
417 15.000000 14.000000 0.00790150000000000054
418 17.000000 15.000000 0.00771610000000000004
419 17.000000 15.000000 0.00737960000000000005
420 16.000000 15.000000 0.00779079999999999964
