1 87.000000 65.000000 0.62202610000000002621
2 130.000000 98.000000 0.21883510000000000462
3 98.000000 76.000000 0.32153219999999999024
4 104.000000 83.000000 0.22842619999999999592
5 86.000000 70.000000 0.35336450000000002580
6 122.000000 85.000000 0.32851459999999998995
7 80.000000 63.000000 0.43337039999999998896
8 103.000000 74.000000 0.66400060000000005189
9 95.000000 72.000000 0.35099269999999999081
10 105.000000 75.000000 0.39031179999999998653
11 112.000000 76.000000 0.26477200000000000735
12 103.000000 79.000000 0.38604050000000000864
13 81.000000 62.000000 0.39847329999999997474
14 84.000000 68.000000 0.39161509999999999376
15 97.000000 73.000000 0.52070269999999996280
16 100.000000 76.000000 0.33195200000000002483
17 96.000000 72.000000 0.34660279999999998868
18 126.000000 89.000000 0.22289919999999999178
19 117.000000 97.000000 0.34283219999999997585
20 91.000000 65.000000 0.37882840000000000957
21 119.000000 87.000000 0.40577390000000002068
22 95.000000 81.000000 0.26242260000000000586
23 109.000000 84.000000 0.32366869999999997587
24 74.000000 61.000000 0.29691620000000001900
25 91.000000 67.000000 0.35036489999999997913
26 106.000000 77.000000 0.40921109999999999429
27 71.000000 55.000000 0.32962200000000002609
28 83.000000 60.000000 0.34439380000000002768
29 93.000000 71.000000 0.27017770000000002062
30 82.000000 63.000000 0.46772520000000000762
31 118.000000 82.000000 0.33572279999999998790
32 96.000000 72.000000 0.26949830000000002395
33 86.000000 58.000000 0.33933370000000001587
34 114.000000 86.000000 0.33806969999999997301
35 97.000000 76.000000 0.33430419999999999581
36 99.000000 70.000000 0.34860580000000002121
37 85.000000 63.000000 0.17963190000000001101
38 90.000000 68.000000 0.34166439999999997923
39 55.000000 48.000000 0.33844269999999998522
40 110.000000 78.000000 0.28405750000000001831
41 92.000000 69.000000 0.44275179999999997316
42 125.000000 86.000000 0.30302459999999997731
43 95.000000 74.000000 0.26036310000000001397
44 108.000000 86.000000 0.32780419999999999003
45 107.000000 76.000000 0.24101310000000000788
46 107.000000 73.000000 0.34016740000000000865
47 115.000000 81.000000 0.30366830000000000211
48 88.000000 70.000000 0.29693350000000001687
49 106.000000 77.000000 0.37779580000000001494
50 95.000000 78.000000 0.28648499999999998966
51 95.000000 65.000000 0.30636459999999998693
52 82.000000 63.000000 0.36833480000000001775
53 105.000000 73.000000 0.40061350000000001126
54 76.000000 58.000000 0.36398659999999999348
55 102.000000 81.000000 0.24694019999999999859
56 108.000000 77.000000 0.26665689999999997450
57 97.000000 67.000000 0.41159980000000001565
58 104.000000 78.000000 0.36473949999999999427
59 118.000000 84.000000 0.22693119999999999958
60 77.000000 59.000000 0.30461500000000002464
61 95.000000 72.000000 0.44672030000000001460
62 69.000000 58.000000 0.34043200000000001237
63 103.000000 75.000000 0.31804300000000002013
64 74.000000 59.000000 0.30107200000000000628
65 109.000000 84.000000 0.47000960000000002736
66 123.000000 86.000000 0.28379120000000002122
67 63.000000 51.000000 0.44073529999999999651
68 92.000000 72.000000 0.42906090000000002282
69 115.000000 90.000000 0.26735710000000001418
70 90.000000 72.000000 0.30756489999999997442
71 103.000000 80.000000 0.26537090000000002066
72 87.000000 65.000000 0.34437250000000002581
73 103.000000 74.000000 0.33123049999999998327
74 117.000000 82.000000 0.30559049999999998715
75 101.000000 76.000000 0.26653480000000001615
76 137.000000 86.000000 0.14763529999999999709
77 99.000000 77.000000 0.31997649999999999704
78 63.000000 55.000000 0.32424870000000000081
79 110.000000 84.000000 0.35541089999999997406
80 75.000000 61.000000 0.34622069999999999235
81 85.000000 65.000000 0.29896139999999998826
82 89.000000 72.000000 0.33284350000000001435
83 105.000000 74.000000 0.28544479999999999853
84 99.000000 82.000000 0.28920079999999998011
85 78.000000 60.000000 0.33047559999999998048
86 75.000000 58.000000 0.32392090000000001160
87 100.000000 74.000000 0.38002350000000001407
88 92.000000 74.000000 0.28654750000000001053
89 81.000000 63.000000 0.45744150000000000089
90 87.000000 67.000000 0.35117920000000002467
91 110.000000 76.000000 0.51514760000000003881
92 121.000000 89.000000 0.28161649999999999183
93 93.000000 71.000000 0.56011750000000004590
94 122.000000 87.000000 0.36662600000000000744
95 79.000000 60.000000 0.33066469999999997809
96 88.000000 65.000000 0.34273270000000000124
97 89.000000 67.000000 0.52530100000000001792
98 39.000000 35.000000 0.41501369999999998539
99 77.000000 56.000000 0.28745569999999998068
100 90.000000 66.000000 0.31211250000000001492
101 96.000000 73.000000 0.30832680000000001197
102 74.000000 61.000000 0.50145539999999999559
103 104.000000 85.000000 0.34832800000000002649
104 95.000000 69.000000 0.49445689999999997699
105 88.000000 67.000000 0.34577750000000001540
106 93.000000 67.000000 0.21101079999999999837
107 121.000000 92.000000 0.29286030000000001783
108 94.000000 80.000000 0.28377930000000001209
109 72.000000 54.000000 0.41243679999999999231
110 101.000000 71.000000 0.53169979999999994469
111 73.000000 60.000000 0.35466490000000000515
112 104.000000 79.000000 0.38123170000000000668
113 99.000000 78.000000 0.29058190000000000408
114 65.000000 52.000000 0.45248959999999999182
115 80.000000 61.000000 0.31051309999999998634
116 82.000000 62.000000 0.38397660000000000124
117 111.000000 82.000000 0.27160539999999999683
118 75.000000 56.000000 0.38247969999999997803
119 106.000000 74.000000 0.44155149999999998567
120 90.000000 68.000000 0.53811339999999996397
121 81.000000 61.000000 0.35052909999999998236
122 98.000000 71.000000 0.25547039999999998638
123 89.000000 68.000000 0.32650220000000002019
124 87.000000 66.000000 0.36477500000000001590
125 101.000000 72.000000 0.40489490000000000203
126 93.000000 73.000000 0.38687159999999998217
127 55.000000 44.000000 0.46004689999999998085
128 119.000000 91.000000 0.31095460000000002543
129 98.000000 79.000000 0.23788809999999999123
130 94.000000 73.000000 0.22866359999999999464
131 137.000000 99.000000 0.34266609999999997349
132 88.000000 63.000000 0.24534870000000000290
133 123.000000 92.000000 0.14807219999999998716
134 128.000000 96.000000 0.32648220000000000018
135 98.000000 73.000000 0.36775590000000002444
136 80.000000 63.000000 0.25465939999999998022
137 118.000000 83.000000 0.31974869999999999681
138 80.000000 64.000000 0.34244700000000000140
139 99.000000 79.000000 0.22902359999999999385
140 113.000000 77.000000 0.11179419999999999635
141 118.000000 87.000000 0.25826329999999997344
142 67.000000 57.000000 0.18422269999999998924
143 89.000000 70.000000 0.16011770000000000169
144 94.000000 71.000000 0.15680469999999999131
145 120.000000 86.000000 0.18203659999999999286
146 95.000000 75.000000 0.15947220000000000839
147 83.000000 62.000000 0.29143669999999999298
148 113.000000 82.000000 0.15039410000000000278
149 65.000000 54.000000 0.24681020000000000736
150 118.000000 85.000000 0.16539940000000000198
151 121.000000 87.000000 0.13386490000000000888
152 129.000000 86.000000 0.16690289999999999293
153 91.000000 69.000000 0.31136999999999998012
154 98.000000 74.000000 0.17101259999999998684
155 117.000000 81.000000 0.20310339999999998950
156 144.000000 104.000000 0.13700950000000000628
157 98.000000 70.000000 0.17726739999999999164
158 85.000000 63.000000 0.14708209999999999340
159 74.000000 63.000000 0.14626320000000000987
160 96.000000 79.000000 0.21278150000000001230
161 76.000000 61.000000 0.15185470000000000912
162 115.000000 86.000000 0.16447549999999999670
163 83.000000 60.000000 0.20434920000000000861
164 100.000000 78.000000 0.17695030000000000481
165 115.000000 80.000000 0.15760630000000000472
166 108.000000 77.000000 0.24969500000000000028
167 96.000000 80.000000 0.14597479999999998790
168 103.000000 76.000000 0.16897550000000000070
169 93.000000 69.000000 0.22937160000000000881
170 120.000000 89.000000 0.14514720000000000399
171 59.000000 53.000000 0.18394369999999998777
172 88.000000 67.000000 0.19038869999999999405
173 132.000000 89.000000 0.13785849999999999493
174 104.000000 78.000000 0.12206380000000000008
175 102.000000 72.000000 0.18424840000000000662
176 92.000000 65.000000 0.13748170000000001223
177 89.000000 70.000000 0.14128530000000000255
178 61.000000 50.000000 0.17275309999999999278
179 87.000000 67.000000 0.16745679999999998899
180 103.000000 69.000000 0.16612589999999999302
181 81.000000 57.000000 0.13309879999999998934
182 92.000000 69.000000 0.19526340000000000363
183 76.000000 59.000000 0.23671190000000000286
184 123.000000 86.000000 0.10050810000000000299
185 139.000000 92.000000 0.10771310000000000606
186 103.000000 76.000000 0.16009329999999999394
187 81.000000 68.000000 0.14782419999999998894
188 75.000000 56.000000 0.22555320000000000924
189 66.000000 52.000000 0.19291159999999998864
190 77.000000 67.000000 0.13527639999999999110
191 86.000000 67.000000 0.14658889999999999421
192 99.000000 73.000000 0.19726319999999999966
193 77.000000 61.000000 0.17268530000000001379
194 84.000000 67.000000 0.14961019999999999874
195 97.000000 77.000000 0.15860799999999999899
196 86.000000 71.000000 0.19430600000000000649
197 123.000000 89.000000 0.14254300000000000304
198 86.000000 64.000000 0.23381330000000000169
199 106.000000 78.000000 0.15137770000000000392
200 87.000000 66.000000 0.09602860000000000562
201 75.000000 54.000000 0.13840900000000000425
202 116.000000 78.000000 0.17086979999999998836
203 96.000000 77.000000 0.14016090000000000493
204 108.000000 79.000000 0.10710959999999999925
205 76.000000 62.000000 0.14111150000000000082
206 117.000000 78.000000 0.16415599999999999636
207 77.000000 55.000000 0.14103330000000000033
208 69.000000 53.000000 0.16306799999999999073
209 109.000000 81.000000 0.12496770000000000100
210 125.000000 89.000000 0.14205499999999998684
211 94.000000 69.000000 0.23044970000000000732
212 55.000000 41.000000 0.19899720000000001296
213 108.000000 75.000000 0.13347790000000001043
214 107.000000 80.000000 0.12582489999999998953
215 118.000000 85.000000 0.09663869999999999405
216 102.000000 72.000000 0.15940779999999998839
217 98.000000 75.000000 0.16041880000000000028
218 83.000000 62.000000 0.14808289999999998954
219 89.000000 72.000000 0.12127599999999999492
220 110.000000 90.000000 0.18407709999999999351
221 84.000000 68.000000 0.22178190000000000404
222 116.000000 83.000000 0.13909499999999999642
223 102.000000 69.000000 0.12141109999999999403
224 123.000000 81.000000 0.13197839999999999572
225 71.000000 54.000000 0.15723999999999999089
226 83.000000 63.000000 0.22213959999999999262
227 116.000000 88.000000 0.16575329999999999231
228 76.000000 59.000000 0.14867779999999999885
229 64.000000 56.000000 0.13490369999999998751
230 113.000000 86.000000 0.11905330000000000079
231 115.000000 86.000000 0.15737780000000001213
232 100.000000 73.000000 0.15054020000000001289
233 87.000000 65.000000 0.10069440000000000335
234 125.000000 83.000000 0.09614340000000000386
235 96.000000 73.000000 0.10393410000000000148
236 77.000000 64.000000 0.16226760000000001183
237 93.000000 75.000000 0.15501719999999999389
238 89.000000 73.000000 0.10569280000000000341
239 91.000000 69.000000 0.13793820000000001080
240 74.000000 59.000000 0.14648349999999998872
241 116.000000 86.000000 0.20338229999999998809
242 105.000000 87.000000 0.13403219999999999024
243 95.000000 67.000000 0.15500929999999998876
244 108.000000 79.000000 0.10061730000000000673
245 106.000000 80.000000 0.14229569999999999719
246 93.000000 71.000000 0.13304640000000000910
247 86.000000 67.000000 0.14440300000000000358
248 123.000000 92.000000 0.12527389999999999359
249 95.000000 74.000000 0.11155980000000000063
250 68.000000 57.000000 0.14526069999999999260
251 106.000000 81.000000 0.15340010000000001145
252 70.000000 61.000000 0.15757799999999999585
253 96.000000 70.000000 0.14318089999999999984
254 116.000000 84.000000 0.10683689999999999853
255 115.000000 79.000000 0.04414139999999999731
256 109.000000 79.000000 0.07689450000000000451
257 80.000000 57.000000 0.14397899999999999587
258 103.000000 72.000000 0.18131539999999998769
259 83.000000 62.000000 0.14070759999999998824
260 76.000000 57.000000 0.18037310000000000842
261 132.000000 88.000000 0.17360159999999999481
262 109.000000 83.000000 0.14623130000000000850
263 123.000000 94.000000 0.09626880000000000159
264 88.000000 68.000000 0.16901969999999999494
265 97.000000 76.000000 0.12199500000000000621
266 107.000000 83.000000 0.11757349999999999746
267 67.000000 55.000000 0.10274339999999999862
268 91.000000 74.000000 0.16709679999999998978
269 91.000000 65.000000 0.10053140000000000687
270 90.000000 73.000000 0.12919970000000000065
271 69.000000 54.000000 0.14438699999999998758
272 120.000000 86.000000 0.14068690000000000362
273 54.000000 44.000000 0.13219169999999999532
274 87.000000 69.000000 0.13205390000000000184
275 129.000000 94.000000 0.12577089999999999104
276 78.000000 57.000000 0.09193859999999999533
277 98.000000 72.000000 0.19318730000000000624
278 98.000000 74.000000 0.22581480000000000996
279 101.000000 77.000000 0.09291639999999999622
280 88.000000 65.000000 0.14335239999999999094
281 73.000000 52.000000 0.13239370000000000305
282 69.000000 54.000000 0.14247019999999999129
283 136.000000 89.000000 0.12379080000000000639
284 72.000000 58.000000 0.09438459999999999905
285 137.000000 102.000000 0.09807910000000000239
286 113.000000 85.000000 0.12269470000000000376
287 91.000000 69.000000 0.10993300000000000294
288 87.000000 72.000000 0.10053420000000000412
289 109.000000 88.000000 0.10709209999999999563
290 97.000000 79.000000 0.10953450000000000686
291 119.000000 90.000000 0.11346159999999999579
292 120.000000 97.000000 0.09415579999999999783
293 106.000000 84.000000 0.10327500000000000568
294 91.000000 70.000000 0.09926290000000000113
295 69.000000 59.000000 0.16978930000000000411
296 86.000000 67.000000 0.13101570000000001270
297 88.000000 72.000000 0.10154749999999999888
298 80.000000 66.000000 0.10686900000000000566
299 84.000000 68.000000 0.11614499999999999824
300 118.000000 95.000000 0.11674320000000000530
301 73.000000 63.000000 0.10268800000000000150
302 82.000000 65.000000 0.09893649999999999667
303 95.000000 69.000000 0.11047010000000000163
304 115.000000 84.000000 0.09801899999999999502
305 102.000000 86.000000 0.08540440000000000531
306 88.000000 69.000000 0.11433319999999999594
307 102.000000 78.000000 0.10393280000000000574
308 104.000000 82.000000 0.14119339999999999669
309 101.000000 81.000000 0.10671790000000000442
310 102.000000 70.000000 0.10670300000000000618
311 86.000000 63.000000 0.13010630000000000805
312 80.000000 65.000000 0.09205530000000000657
313 80.000000 64.000000 0.11691269999999999440
314 111.000000 85.000000 0.12355510000000000104
315 70.000000 58.000000 0.09474710000000000076
316 141.000000 102.000000 0.11630310000000000648
317 124.000000 89.000000 0.15023780000000000467
318 72.000000 55.000000 0.10236580000000000679
319 118.000000 80.000000 0.08042050000000000587
320 98.000000 71.000000 0.12903100000000000680
321 84.000000 65.000000 0.15182170000000000387
322 64.000000 47.000000 0.14985719999999999597
323 117.000000 85.000000 0.11863859999999999684
324 68.000000 58.000000 0.08423669999999999769
325 70.000000 59.000000 0.10299070000000000447
326 64.000000 54.000000 0.09763950000000000407
327 87.000000 67.000000 0.09292789999999999384
328 78.000000 59.000000 0.11187149999999999872
329 69.000000 55.000000 0.09856479999999999408
330 74.000000 53.000000 0.16268969999999999265
331 88.000000 63.000000 0.10924319999999999864
332 134.000000 94.000000 0.06683029999999999526
333 87.000000 67.000000 0.09075080000000000646
334 104.000000 78.000000 0.08706800000000000650
335 91.000000 75.000000 0.08531500000000000195
336 90.000000 77.000000 0.10887919999999999543
337 115.000000 77.000000 0.07963140000000000496
338 101.000000 73.000000 0.08254989999999999550
339 75.000000 63.000000 0.08833109999999999573
340 104.000000 76.000000 0.07163930000000000298
341 80.000000 63.000000 0.10815099999999999714
342 51.000000 35.000000 0.11642239999999999533
343 99.000000 76.000000 0.10104459999999999831
344 85.000000 66.000000 0.09775780000000000580
345 92.000000 69.000000 0.10783639999999999892
346 94.000000 69.000000 0.10195250000000000146
347 105.000000 75.000000 0.10049719999999999487
348 77.000000 66.000000 0.07523219999999999907
349 95.000000 72.000000 0.11281969999999999499
350 113.000000 78.000000 0.07828509999999999636
351 95.000000 70.000000 0.23169960000000000555
352 102.000000 78.000000 0.12534500000000001196
353 101.000000 74.000000 0.08608190000000000286
354 127.000000 96.000000 0.06353069999999999551
355 74.000000 55.000000 0.09498499999999999999
356 106.000000 84.000000 0.13196130000000000360
357 89.000000 67.000000 0.11450789999999999580
358 69.000000 58.000000 0.11646850000000000258
359 85.000000 69.000000 0.10460859999999999603
360 86.000000 62.000000 0.10206880000000000119
361 100.000000 74.000000 0.15475890000000000479
362 90.000000 67.000000 0.07911120000000000652
363 100.000000 69.000000 0.07955869999999999609
364 104.000000 81.000000 0.05823550000000000254
365 104.000000 76.000000 0.10978330000000000033
366 84.000000 66.000000 0.09730010000000000048
367 90.000000 70.000000 0.08289280000000000259
368 99.000000 73.000000 0.12487139999999999351
369 93.000000 74.000000 0.06781339999999999590
370 106.000000 71.000000 0.09979090000000000182
371 89.000000 68.000000 0.07706739999999999424
372 119.000000 84.000000 0.10689220000000000665
373 126.000000 93.000000 0.13034599999999998965
374 88.000000 74.000000 0.13653470000000000883
375 80.000000 63.000000 0.09384119999999999961
376 91.000000 78.000000 0.06726490000000000247
377 83.000000 65.000000 0.10903799999999999604
378 84.000000 61.000000 0.08935120000000000562
379 90.000000 72.000000 0.09438209999999999655
380 110.000000 81.000000 0.08906840000000000590
381 64.000000 49.000000 0.12048620000000000163
382 91.000000 68.000000 0.09187049999999999383
383 104.000000 74.000000 0.09129869999999999652
384 61.000000 47.000000 0.08681319999999999315
385 90.000000 68.000000 0.09054329999999999323
386 87.000000 72.000000 0.10438580000000000081
387 94.000000 68.000000 0.11318069999999999520
388 118.000000 88.000000 0.06126489999999999714
389 95.000000 72.000000 0.10730580000000000673
390 121.000000 84.000000 0.14340820000000001344
391 106.000000 80.000000 0.06752890000000000281
392 122.000000 85.000000 0.06534579999999999556
393 105.000000 79.000000 0.13626720000000000499
394 103.000000 74.000000 0.10056890000000000274
395 112.000000 82.000000 0.11753379999999999383
396 78.000000 59.000000 0.11638930000000000109
397 82.000000 66.000000 0.20537730000000001263
398 73.000000 56.000000 0.09423549999999999982
399 110.000000 84.000000 0.07526889999999999969
400 92.000000 65.000000 0.08436829999999999330
401 113.000000 82.000000 0.06701899999999999524
402 112.000000 76.000000 0.12233670000000000655
403 105.000000 79.000000 0.08039810000000000012
404 125.000000 96.000000 0.07527780000000000582
405 70.000000 60.000000 0.11254659999999999664
406 109.000000 86.000000 0.07549039999999999917
407 75.000000 56.000000 0.11529449999999999421
408 104.000000 83.000000 0.12705569999999999364
409 91.000000 66.000000 0.07483979999999999799
410 121.000000 87.000000 0.45339289999999998759
411 74.000000 60.000000 0.09912840000000000540
412 100.000000 86.000000 0.08696710000000000551
413 107.000000 83.000000 0.10417659999999999421
414 87.000000 60.000000 0.09361179999999999501
415 88.000000 63.000000 0.09181319999999999759
416 93.000000 72.000000 0.09965839999999999421
417 83.000000 65.000000 0.08855040000000000133
418 129.000000 93.000000 0.05830110000000000153
419 78.000000 62.000000 0.10013339999999999741
420 106.000000 77.000000 0.11291120000000000323
