1 159.000000 125.000000 2.79815140000000006637
2 175.000000 128.000000 1.98711869999999990455
3 194.000000 147.000000 2.67262900000000014344
4 148.000000 118.000000 1.43986389999999997436
5 208.000000 143.000000 2.39547720000000019525
6 209.000000 138.000000 15.42656410000000022364
7 196.000000 153.000000 1.58025909999999991662
8 188.000000 148.000000 1.17962359999999999438
9 287.000000 203.000000 0.97042260000000002407
10 203.000000 153.000000 0.65675430000000001307
11 197.000000 145.000000 0.91953850000000003639
12 159.000000 115.000000 5.89063230000000004338
13 205.000000 151.000000 1.46852010000000010592
14 176.000000 139.000000 1.86362519999999998177
15 196.000000 147.000000 1.45446059999999999235
16 206.000000 154.000000 1.35203959999999989705
17 113.000000 82.000000 1.92371270000000005318
18 184.000000 142.000000 3.09870279999999986842
19 173.000000 125.000000 1.30425130000000000230
20 191.000000 149.000000 1.83621239999999996684
21 222.000000 159.000000 1.06233059999999990275
22 240.000000 178.000000 1.21641040000000000276
23 175.000000 137.000000 1.54491570000000000285
24 176.000000 131.000000 1.26980279999999989826
25 209.000000 142.000000 1.60672290000000006494
26 206.000000 160.000000 0.84055299999999999461
27 146.000000 110.000000 1.03877449999999993402
28 274.000000 178.000000 2.47521600000000008279
29 177.000000 129.000000 1.39074779999999997848
30 205.000000 152.000000 3.14928330000000000766
31 185.000000 134.000000 2.36948820000000015540
32 177.000000 136.000000 1.66880749999999999922
33 230.000000 175.000000 2.09402020000000010924
34 195.000000 150.000000 1.86422740000000008997
35 206.000000 167.000000 0.90472549999999996029
36 200.000000 151.000000 1.02791279999999995987
37 198.000000 134.000000 0.86597979999999996625
38 226.000000 171.000000 0.96271349999999999980
39 189.000000 144.000000 1.73585290000000003197
40 180.000000 133.000000 1.69975140000000002338
41 110.000000 90.000000 2.10537630000000008934
42 163.000000 129.000000 1.28420120000000004268
43 215.000000 151.000000 8.36325530000000050279
44 146.000000 107.000000 1.53851160000000009020
45 226.000000 163.000000 1.35242820000000008029
46 157.000000 127.000000 2.43568959999999989918
47 168.000000 135.000000 0.85951820000000000999
48 112.000000 91.000000 1.63522600000000006837
49 166.000000 122.000000 1.56244190000000005014
50 186.000000 135.000000 1.53229189999999992899
51 184.000000 144.000000 3.00223929999999983309
52 213.000000 163.000000 1.31158639999999993009
53 189.000000 137.000000 1.56223130000000010043
54 205.000000 161.000000 1.79064230000000002008
55 150.000000 115.000000 1.58870540000000004532
56 241.000000 168.000000 1.49495930000000010196
57 218.000000 163.000000 1.60277200000000008551
58 163.000000 144.000000 1.81486619999999998498
59 152.000000 124.000000 5.13451330000000005782
60 234.000000 167.000000 1.51554190000000010841
61 116.000000 90.000000 2.05630399999999990968
62 192.000000 135.000000 2.08977039999999991693
63 214.000000 151.000000 2.12356649999999991252
64 216.000000 163.000000 1.33131329999999992175
65 217.000000 163.000000 0.99916579999999999284
66 207.000000 155.000000 1.29387399999999996858
67 223.000000 161.000000 1.30159280000000010524
68 246.000000 169.000000 4.83748079999999980316
69 174.000000 139.000000 4.98422280000000039735
70 210.000000 165.000000 1.13559300000000007458
71 189.000000 147.000000 1.11971719999999996809
72 257.000000 186.000000 1.21706399999999992367
73 186.000000 149.000000 1.44801700000000010959
74 197.000000 150.000000 1.06270759999999997447
75 190.000000 147.000000 1.24508639999999992654
76 230.000000 166.000000 1.65306099999999989159
77 214.000000 165.000000 3.18473609999999984765
78 192.000000 143.000000 1.87600389999999994650
79 190.000000 134.000000 0.83316120000000004620
80 189.000000 137.000000 1.02580840000000006462
81 168.000000 132.000000 1.06443130000000008017
82 87.000000 74.000000 1.46656840000000010527
83 244.000000 173.000000 0.83712830000000004738
84 164.000000 127.000000 2.75113170000000017978
85 316.000000 221.000000 8.26573750000000018190
86 200.000000 142.000000 1.48951739999999999142
87 146.000000 118.000000 0.99727940000000003806
88 274.000000 189.000000 0.79361990000000004475
89 208.000000 164.000000 0.94159879999999995803
90 169.000000 126.000000 1.80340009999999995038
91 251.000000 188.000000 0.48899480000000000723
92 188.000000 133.000000 2.03990790000000021820
93 165.000000 135.000000 3.38486399999999987287
94 144.000000 130.000000 1.03321909999999994589
95 208.000000 164.000000 0.93251260000000002481
96 176.000000 136.000000 1.41527120000000006250
97 193.000000 147.000000 0.86848340000000001648
98 165.000000 121.000000 0.90637950000000000461
99 166.000000 130.000000 1.13054250000000000576
100 167.000000 129.000000 1.00772539999999999338
101 231.000000 169.000000 2.79912289999999996937
102 144.000000 109.000000 1.17561859999999995807
103 204.000000 155.000000 0.57126100000000001877
104 205.000000 154.000000 0.63814000000000004054
105 216.000000 177.000000 0.93816800000000000193
106 159.000000 126.000000 1.67967569999999999375
107 168.000000 127.000000 1.41616110000000006153
108 221.000000 159.000000 1.20314839999999989573
109 206.000000 156.000000 2.24780079999999982121
110 146.000000 117.000000 1.08284179999999996546
111 130.000000 114.000000 0.96169130000000002667
112 211.000000 162.000000 0.92745690000000002851
113 169.000000 135.000000 0.64783259999999998069
114 213.000000 161.000000 1.03326220000000001953
115 208.000000 156.000000 1.17217900000000008198
116 139.000000 108.000000 0.87609829999999999650
117 238.000000 170.000000 0.60824290000000003076
118 243.000000 172.000000 1.15430429999999994983
119 183.000000 143.000000 0.81297859999999999570
120 261.000000 187.000000 2.68964869999999978134
121 170.000000 127.000000 1.25129280000000009387
122 250.000000 179.000000 0.94207200000000002049
123 121.000000 97.000000 1.32599859999999991622
124 205.000000 151.000000 2.07538169999999988491
125 266.000000 189.000000 1.05251340000000004338
126 174.000000 138.000000 0.87632319999999996885
127 177.000000 141.000000 0.85864700000000004909
128 198.000000 148.000000 2.38941749999999997200
129 203.000000 155.000000 0.94552329999999995547
130 126.000000 105.000000 1.51267010000000001746
131 199.000000 148.000000 1.34733539999999996084
132 209.000000 158.000000 0.58786340000000003592
133 133.000000 105.000000 1.25185900000000005505
134 215.000000 159.000000 0.92192529999999994761
135 202.000000 152.000000 0.86842560000000001974
136 198.000000 154.000000 1.16224430000000000796
137 185.000000 146.000000 0.97605039999999998468
138 179.000000 140.000000 0.72816650000000004983
139 218.000000 156.000000 1.12040669999999997763
140 167.000000 127.000000 0.85288799999999997947
141 154.000000 117.000000 0.89442239999999995081
142 209.000000 158.000000 0.68962159999999994575
143 200.000000 151.000000 1.21962579999999998215
144 215.000000 162.000000 0.95950659999999998728
145 213.000000 155.000000 4.89381670000000035259
146 231.000000 163.000000 1.28364319999999998423
147 165.000000 126.000000 0.96641929999999998113
148 227.000000 161.000000 0.94165770000000004192
149 226.000000 162.000000 0.54730760000000000520
150 230.000000 168.000000 0.57744549999999994494
151 222.000000 152.000000 0.90203979999999994721
152 231.000000 168.000000 0.99398260000000004943
153 188.000000 141.000000 1.07225729999999996878
154 138.000000 107.000000 1.03822579999999997646
155 166.000000 124.000000 1.20829290000000000305
156 184.000000 125.000000 0.63673829999999997931
157 203.000000 144.000000 0.63506439999999997337
158 206.000000 144.000000 1.27153809999999989344
159 176.000000 137.000000 1.37967050000000002186
160 173.000000 129.000000 2.92482780000000008869
161 197.000000 146.000000 0.69310269999999996049
162 237.000000 174.000000 0.70375739999999997742
163 149.000000 110.000000 1.82579800000000003202
164 193.000000 133.000000 1.01653879999999996464
165 220.000000 155.000000 1.00849330000000003693
166 219.000000 154.000000 1.54431329999999999991
167 245.000000 170.000000 0.46640700000000001602
168 226.000000 161.000000 0.93214240000000003761
169 211.000000 155.000000 0.86918550000000005529
170 216.000000 157.000000 1.60652339999999993481
171 149.000000 127.000000 0.98402659999999997353
172 256.000000 190.000000 1.09515469999999992545
173 173.000000 136.000000 0.86034480000000002065
174 208.000000 151.000000 1.03876060000000003392
175 193.000000 148.000000 0.56615040000000005360
176 161.000000 133.000000 0.77776080000000002990
177 155.000000 129.000000 1.24214299999999999713
178 197.000000 149.000000 0.69540820000000003187
179 92.000000 74.000000 0.77592530000000003998
180 227.000000 171.000000 1.06816669999999991347
181 213.000000 157.000000 3.65286620000000006314
182 185.000000 134.000000 0.71893879999999998898
183 233.000000 166.000000 0.77017049999999998011
184 183.000000 141.000000 0.80022899999999996812
185 201.000000 148.000000 1.22838760000000002393
186 195.000000 153.000000 1.07744909999999993744
187 156.000000 109.000000 0.98710810000000004383
188 109.000000 83.000000 3.49725680000000016534
189 202.000000 149.000000 0.58125780000000004666
190 212.000000 161.000000 0.84953800000000001535
191 224.000000 166.000000 0.99543320000000001802
192 177.000000 139.000000 0.64805480000000004193
193 235.000000 176.000000 0.74184130000000003680
194 168.000000 130.000000 0.88140430000000002941
195 196.000000 145.000000 0.47741410000000000791
196 131.000000 107.000000 0.74648749999999997051
197 166.000000 129.000000 1.70267839999999992529
198 163.000000 137.000000 1.45217529999999994672
199 139.000000 113.000000 0.63321519999999997808
200 220.000000 164.000000 2.68396169999999978373
201 177.000000 142.000000 2.00188290000000002067
202 204.000000 154.000000 0.45743990000000001039
203 178.000000 134.000000 1.08580399999999999139
204 224.000000 162.000000 2.84283449999999993096
205 173.000000 128.000000 0.67088559999999997085
206 184.000000 141.000000 0.80081130000000000368
207 207.000000 161.000000 0.73652099999999998126
208 217.000000 150.000000 1.20888890000000004399
209 148.000000 104.000000 3.58373799999999986809
210 111.000000 93.000000 0.90917619999999998992
211 235.000000 174.000000 0.83015320000000003553
212 149.000000 100.000000 0.98624259999999996928
213 209.000000 154.000000 0.78001379999999997938
214 108.000000 84.000000 1.18727239999999989450
215 157.000000 128.000000 0.75413240000000003604
216 185.000000 149.000000 0.42113289999999997670
217 194.000000 157.000000 0.59088669999999998694
218 163.000000 135.000000 0.72387650000000003381
219 214.000000 154.000000 0.70051319999999994703
220 207.000000 156.000000 0.59047570000000004775
221 167.000000 128.000000 0.68175499999999999989
222 235.000000 169.000000 0.50369500000000000384
223 189.000000 154.000000 1.06999160000000004267
224 215.000000 150.000000 0.51909439999999995585
225 193.000000 159.000000 0.57585229999999998363
226 217.000000 149.000000 0.54854590000000003069
227 204.000000 148.000000 1.07100159999999999805
228 231.000000 155.000000 0.85448349999999995141
229 200.000000 152.000000 1.01944269999999992393
230 232.000000 178.000000 1.04936169999999995284
231 143.000000 115.000000 0.90181120000000003500
232 228.000000 167.000000 0.59980929999999998969
233 156.000000 124.000000 0.91172260000000004965
234 156.000000 130.000000 0.92708179999999995591
235 153.000000 121.000000 0.99098169999999996538
236 221.000000 180.000000 0.94495709999999999429
237 220.000000 168.000000 0.66842979999999996288
238 245.000000 171.000000 0.72721020000000002881
239 279.000000 183.000000 0.92269029999999996328
240 201.000000 164.000000 0.82189310000000004308
241 150.000000 117.000000 1.03532639999999998004
242 195.000000 148.000000 0.87664140000000001507
243 232.000000 160.000000 0.59408410000000000384
244 230.000000 175.000000 0.58475410000000005439
245 151.000000 122.000000 0.88210189999999999433
246 143.000000 118.000000 0.76567130000000005463
247 168.000000 135.000000 0.78050609999999998045
248 166.000000 115.000000 0.84854079999999998396
249 157.000000 125.000000 1.10805810000000004578
250 184.000000 133.000000 0.71080509999999996751
251 195.000000 146.000000 1.04056710000000007810
252 210.000000 152.000000 1.02494290000000010110
253 167.000000 126.000000 1.36379549999999993837
254 219.000000 160.000000 0.85853139999999994458
255 266.000000 200.000000 0.78603639999999996846
256 244.000000 169.000000 0.57893450000000001854
257 158.000000 134.000000 1.04049710000000006360
258 188.000000 148.000000 0.71684530000000001859
259 199.000000 142.000000 0.75880700000000000927
260 275.000000 197.000000 0.70915130000000003996
261 177.000000 137.000000 0.97072199999999997377
262 181.000000 133.000000 1.50727830000000007082
263 170.000000 132.000000 0.68084239999999995874
264 181.000000 143.000000 0.47830960000000000143
265 189.000000 142.000000 0.52098350000000004378
266 192.000000 144.000000 1.01787509999999992161
267 201.000000 150.000000 0.74155599999999999294
268 175.000000 137.000000 0.75396319999999994454
269 199.000000 153.000000 0.72992120000000004776
270 244.000000 167.000000 0.67785669999999997870
271 203.000000 150.000000 0.51764969999999999040
272 221.000000 144.000000 4.65629259999999955966
273 189.000000 142.000000 0.89449129999999998919
274 215.000000 171.000000 0.21071870000000000878
275 242.000000 184.000000 1.57706870000000010101
276 167.000000 143.000000 0.57884930000000001105
277 236.000000 173.000000 0.83619679999999996234
278 172.000000 122.000000 0.75922369999999994583
279 121.000000 94.000000 0.52741740000000003619
280 196.000000 158.000000 1.50626149999999991991
281 189.000000 146.000000 0.58459269999999996514
282 114.000000 87.000000 0.91332080000000004372
283 232.000000 169.000000 0.60047980000000000800
284 108.000000 91.000000 1.15866139999999995247
285 164.000000 113.000000 0.64124020000000003794
286 240.000000 181.000000 0.77472189999999996335
287 156.000000 117.000000 0.71387849999999997141
288 182.000000 136.000000 0.82371709999999997986
289 223.000000 165.000000 0.70155369999999994679
290 264.000000 181.000000 2.50413059999999987326
291 211.000000 159.000000 0.69421730000000003713
292 184.000000 147.000000 0.80674590000000001577
293 153.000000 111.000000 0.61769090000000004270
294 230.000000 181.000000 0.81535919999999995067
295 179.000000 136.000000 0.93592019999999997992
296 299.000000 209.000000 0.45953820000000000778
297 176.000000 133.000000 0.67699569999999997805
298 126.000000 103.000000 0.65315760000000000485
299 180.000000 143.000000 0.38643739999999998647
300 177.000000 126.000000 0.85941889999999998562
301 171.000000 127.000000 1.62619129999999989522
302 191.000000 146.000000 0.48386820000000002606
303 203.000000 155.000000 1.59305030000000003021
304 138.000000 108.000000 0.78456720000000002013
305 222.000000 163.000000 0.53173579999999998069
306 197.000000 142.000000 0.82399299999999997546
307 184.000000 138.000000 0.65540719999999996759
308 149.000000 113.000000 0.82369049999999999212
309 210.000000 158.000000 1.79123769999999993274
310 149.000000 120.000000 0.36381289999999999463
311 155.000000 123.000000 0.95832949999999994528
312 197.000000 147.000000 0.48732569999999997279
313 267.000000 198.000000 1.41683899999999995956
314 174.000000 128.000000 0.82983569999999995392
315 236.000000 167.000000 0.71752020000000005240
316 180.000000 138.000000 0.88195740000000000247
317 182.000000 131.000000 0.73513870000000003380
318 148.000000 114.000000 1.08434929999999996042
319 270.000000 182.000000 0.61895840000000001968
320 223.000000 175.000000 0.72280840000000001755
321 356.000000 233.000000 0.19415330000000000088
322 240.000000 176.000000 0.66206200000000003936
323 216.000000 153.000000 0.95533120000000004701
324 192.000000 143.000000 0.49862810000000001853
325 122.000000 103.000000 0.63322950000000000070
326 187.000000 144.000000 0.70489749999999995467
327 208.000000 159.000000 0.61625390000000002111
328 147.000000 114.000000 0.87103339999999995769
329 184.000000 138.000000 0.87881580000000003583
330 187.000000 144.000000 1.14416289999999998273
331 175.000000 137.000000 0.51312000000000002053
332 225.000000 180.000000 0.61708379999999996013
333 191.000000 149.000000 1.00738510000000003330
334 217.000000 165.000000 0.53227579999999996563
335 208.000000 162.000000 0.52492399999999994620
336 266.000000 197.000000 1.52047080000000001121
337 189.000000 146.000000 0.48819180000000000907
338 158.000000 116.000000 0.75713940000000001795
339 146.000000 118.000000 0.70636109999999996401
340 173.000000 126.000000 1.52839469999999999494
341 189.000000 140.000000 0.54255019999999998248
342 210.000000 152.000000 2.03302689999999985915
343 140.000000 119.000000 0.82596559999999996649
344 196.000000 151.000000 0.77701929999999996834
345 162.000000 130.000000 3.38551100000000015910
346 147.000000 120.000000 0.91639369999999997773
347 189.000000 140.000000 1.53505730000000006896
348 252.000000 174.000000 0.63787649999999995742
349 189.000000 132.000000 3.27764649999999990726
350 182.000000 136.000000 1.21872439999999992999
351 140.000000 102.000000 0.81019580000000002151
352 187.000000 137.000000 1.69614289999999989789
353 203.000000 155.000000 1.49018920000000010262
354 187.000000 140.000000 0.75212500000000004352
355 151.000000 109.000000 0.88120089999999995367
356 174.000000 131.000000 0.48950559999999998517
357 124.000000 100.000000 0.51541099999999995251
358 257.000000 199.000000 0.29800900000000002388
359 164.000000 136.000000 0.43610270000000000978
360 197.000000 161.000000 0.69256280000000003394
361 236.000000 169.000000 0.23681050000000000710
362 173.000000 129.000000 0.88971140000000004111
363 184.000000 132.000000 0.62423099999999998033
364 161.000000 118.000000 0.63796479999999999855
365 178.000000 134.000000 3.79420599999999996754
366 161.000000 132.000000 0.59792520000000004554
367 180.000000 138.000000 0.88373720000000000052
368 165.000000 119.000000 1.23713760000000005945
369 189.000000 142.000000 0.60598730000000000651
370 210.000000 158.000000 0.44154999999999999805
371 186.000000 142.000000 0.36771589999999998444
372 223.000000 164.000000 0.44533580000000000387
373 221.000000 160.000000 0.71685569999999998458
374 247.000000 193.000000 1.43659179999999997435
375 191.000000 141.000000 0.95934260000000004531
376 218.000000 158.000000 0.95196800000000003639
377 146.000000 113.000000 1.13853490000000001636
378 214.000000 167.000000 0.58271459999999997148
379 204.000000 148.000000 0.74989390000000000214
380 162.000000 131.000000 0.59653679999999997818
381 104.000000 79.000000 0.73887309999999994936
382 202.000000 134.000000 0.44331270000000000397
383 251.000000 181.000000 0.35702899999999998526
384 201.000000 154.000000 0.41623460000000001013
385 171.000000 129.000000 0.53419470000000002230
386 166.000000 129.000000 0.45006449999999997846
387 204.000000 147.000000 0.44060100000000002041
388 228.000000 168.000000 0.30915070000000000050
389 195.000000 158.000000 0.40835830000000000739
390 188.000000 144.000000 0.76691580000000003636
391 178.000000 143.000000 0.56137079999999994762
392 148.000000 116.000000 0.96468419999999999170
393 217.000000 153.000000 0.46405299999999999327
394 193.000000 144.000000 0.52832360000000000433
395 200.000000 146.000000 0.74558139999999994973
396 178.000000 136.000000 0.46268520000000001868
397 198.000000 136.000000 3.33926379999999989323
398 131.000000 100.000000 0.60304000000000002046
399 202.000000 148.000000 1.67017430000000000057
400 172.000000 133.000000 0.53605150000000001409
401 246.000000 176.000000 0.36371219999999998551
402 167.000000 130.000000 0.53816430000000003986
403 236.000000 163.000000 0.88831070000000000864
404 213.000000 161.000000 0.47403650000000002729
405 238.000000 168.000000 1.71321319999999999162
406 177.000000 133.000000 0.74181730000000001279
407 257.000000 192.000000 1.85591140000000009991
408 239.000000 178.000000 0.67891840000000003297
409 170.000000 131.000000 0.57808369999999997813
410 239.000000 180.000000 0.75396019999999996930
411 166.000000 126.000000 0.42936069999999998403
412 196.000000 147.000000 0.96979649999999995025
413 127.000000 97.000000 0.66639450000000000074
414 202.000000 156.000000 0.41538170000000002036
415 181.000000 143.000000 0.61593839999999999701
416 185.000000 142.000000 0.44629639999999998201
417 186.000000 142.000000 0.60606289999999995999
418 198.000000 149.000000 0.42648890000000000411
419 201.000000 155.000000 0.41983979999999998522
420 183.000000 137.000000 0.73471640000000004722
