1 95.000000 75.000000 0.76536660000000000803
2 82.000000 59.000000 0.60702780000000000626
3 84.000000 64.000000 0.44839350000000000041
4 86.000000 65.000000 0.40231230000000001157
5 103.000000 80.000000 0.32553840000000000554
6 113.000000 83.000000 0.36063119999999998511
7 109.000000 73.000000 0.39369819999999999816
8 93.000000 73.000000 0.30173519999999998120
9 95.000000 70.000000 0.48028830000000000133
10 107.000000 81.000000 0.49682949999999997948
11 103.000000 77.000000 0.37050460000000001726
12 117.000000 80.000000 0.39775769999999999182
13 75.000000 61.000000 0.30302750000000000519
14 82.000000 60.000000 0.42169360000000000177
15 72.000000 56.000000 0.41066300000000000026
16 120.000000 91.000000 0.36296499999999998209
17 100.000000 71.000000 0.30662210000000000854
18 102.000000 75.000000 0.59137139999999999151
19 139.000000 92.000000 0.30140630000000001587
20 113.000000 79.000000 0.53567209999999998438
21 111.000000 78.000000 0.27477030000000002286
22 75.000000 57.000000 0.29735119999999998219
23 96.000000 71.000000 0.42838819999999999677
24 124.000000 82.000000 0.47729700000000002680
25 98.000000 77.000000 0.41039789999999998216
26 89.000000 72.000000 0.48234129999999997285
27 126.000000 90.000000 0.35054689999999999461
28 101.000000 77.000000 0.61286479999999998736
29 104.000000 72.000000 0.41729889999999997263
30 86.000000 70.000000 0.60986220000000002095
31 84.000000 66.000000 1.16801829999999995380
32 133.000000 92.000000 0.45604230000000001155
33 110.000000 87.000000 0.41859499999999999487
34 120.000000 89.000000 0.33286589999999999234
35 91.000000 69.000000 0.41662549999999998196
36 97.000000 71.000000 0.29156510000000002147
37 91.000000 68.000000 0.39649990000000001622
38 88.000000 73.000000 0.46133269999999998445
39 94.000000 73.000000 0.40623880000000001100
40 133.000000 87.000000 0.27320650000000001878
41 82.000000 67.000000 0.42201470000000002036
42 118.000000 86.000000 0.36319519999999999582
43 90.000000 69.000000 0.53499070000000004121
44 118.000000 86.000000 0.34630450000000001509
45 106.000000 81.000000 0.39431939999999998658
46 109.000000 79.000000 0.26200440000000002616
47 127.000000 94.000000 0.32155010000000000536
48 102.000000 79.000000 0.23254790000000000183
49 96.000000 74.000000 0.33175480000000001635
50 110.000000 85.000000 0.45761259999999998049
51 87.000000 68.000000 0.46862700000000001577
52 72.000000 55.000000 0.45076889999999997238
53 111.000000 81.000000 0.32835900000000001198
54 93.000000 66.000000 0.37842870000000000674
55 115.000000 87.000000 0.38898300000000002319
56 144.000000 95.000000 0.36285980000000001011
57 93.000000 72.000000 0.34889429999999999055
58 93.000000 74.000000 0.34737620000000002385
59 114.000000 85.000000 0.34215489999999998405
60 119.000000 86.000000 0.26599410000000001109
61 102.000000 81.000000 0.30200559999999998517
62 112.000000 74.000000 0.57340500000000005354
63 106.000000 82.000000 0.29047129999999998784
64 115.000000 86.000000 0.31863639999999998631
65 87.000000 72.000000 0.31549129999999997453
66 90.000000 70.000000 0.34399160000000000847
67 100.000000 79.000000 0.30757669999999998067
68 111.000000 88.000000 0.41001939999999997832
69 90.000000 75.000000 0.30802770000000001538
70 104.000000 83.000000 0.39256029999999997315
71 126.000000 86.000000 0.44193329999999997337
72 87.000000 71.000000 0.37166589999999999350
73 117.000000 80.000000 0.32344559999999999977
74 72.000000 53.000000 0.53205959999999996590
75 91.000000 70.000000 0.28441600000000000215
76 93.000000 74.000000 0.34153020000000000600
77 73.000000 57.000000 0.54318920000000003867
78 99.000000 74.000000 0.32303229999999999444
79 73.000000 55.000000 0.39233129999999999393
80 113.000000 84.000000 0.29762909999999997979
81 139.000000 101.000000 0.35066940000000001998
82 80.000000 64.000000 0.59515039999999996834
83 125.000000 90.000000 0.34189160000000001771
84 107.000000 80.000000 0.31375340000000001561
85 81.000000 64.000000 0.49995499999999998275
86 89.000000 72.000000 0.37117620000000001168
87 134.000000 100.000000 0.46076200000000000490
88 107.000000 83.000000 0.30680819999999997538
89 51.000000 40.000000 0.41814899999999999292
90 71.000000 53.000000 0.55573320000000003827
91 91.000000 68.000000 0.67765070000000005024
92 140.000000 99.000000 0.47861140000000002015
93 135.000000 96.000000 0.30205270000000000730
94 96.000000 76.000000 0.40930389999999999828
95 112.000000 82.000000 0.33123069999999998902
96 125.000000 88.000000 0.28584779999999998523
97 110.000000 79.000000 0.35315560000000001395
98 121.000000 83.000000 0.25756970000000001253
99 85.000000 62.000000 0.33665899999999998604
100 115.000000 81.000000 0.43027710000000002344
101 113.000000 79.000000 0.43282510000000001815
102 80.000000 66.000000 1.24677159999999997986
103 80.000000 66.000000 0.37956899999999998974
104 82.000000 68.000000 0.42316140000000002086
105 89.000000 69.000000 0.32664969999999998729
106 87.000000 66.000000 0.79082300000000005369
107 118.000000 81.000000 0.37617289999999997674
108 76.000000 58.000000 0.33834940000000002236
109 115.000000 83.000000 0.24006839999999998736
110 76.000000 62.000000 0.29054639999999998246
111 93.000000 72.000000 0.34187650000000002759
112 136.000000 96.000000 0.34151999999999999025
113 90.000000 67.000000 0.32466109999999998026
114 89.000000 65.000000 0.38675700000000001744
115 91.000000 66.000000 0.39380349999999997301
116 85.000000 65.000000 0.29934830000000001160
117 106.000000 80.000000 0.31795529999999999626
118 88.000000 72.000000 0.25561929999999999374
119 104.000000 78.000000 0.31017860000000002652
120 74.000000 57.000000 0.41396490000000002452
121 145.000000 102.000000 0.30262970000000000148
122 123.000000 87.000000 0.73044640000000005120
123 118.000000 81.000000 0.26284429999999997518
124 91.000000 67.000000 0.26598480000000002121
125 116.000000 79.000000 0.22756540000000000101
126 120.000000 86.000000 0.18145100000000000118
127 121.000000 91.000000 0.24056130000000000568
128 81.000000 61.000000 0.31571569999999998801
129 88.000000 63.000000 0.21536790000000000100
130 99.000000 78.000000 0.37943219999999999725
131 78.000000 59.000000 0.21560570000000001123
132 125.000000 94.000000 0.23236899999999999222
133 70.000000 64.000000 0.15575959999999999805
134 101.000000 73.000000 0.20637469999999999426
135 81.000000 56.000000 0.14162250000000001227
136 105.000000 78.000000 0.19249859999999999194
137 104.000000 79.000000 0.26358720000000002148
138 123.000000 95.000000 0.12511330000000001061
139 115.000000 80.000000 0.18795749999999999957
140 119.000000 86.000000 0.21744969999999999577
141 115.000000 85.000000 0.12799369999999998804
142 100.000000 74.000000 0.17346700000000001007
143 97.000000 77.000000 0.21408510000000000040
144 88.000000 73.000000 0.14385080000000000089
145 74.000000 61.000000 0.22002340000000000786
146 121.000000 84.000000 0.17339950000000001196
147 106.000000 82.000000 0.13939730000000000176
148 91.000000 67.000000 0.17519170000000000575
149 98.000000 74.000000 0.21882570000000001187
150 111.000000 85.000000 0.33878320000000000656
151 103.000000 76.000000 0.22260460000000001357
152 92.000000 66.000000 0.24016689999999998872
153 90.000000 69.000000 0.22514020000000001254
154 69.000000 58.000000 0.25078240000000001642
155 116.000000 93.000000 0.13520689999999999098
156 98.000000 75.000000 0.14284659999999999025
157 107.000000 76.000000 0.19526840000000000863
158 97.000000 73.000000 0.14766709999999999559
159 114.000000 80.000000 0.24206690000000000151
160 130.000000 95.000000 0.16923589999999999467
161 89.000000 73.000000 0.18262719999999998954
162 103.000000 76.000000 0.20298230000000000439
163 97.000000 76.000000 0.24086630000000000540
164 100.000000 83.000000 0.18486749999999999017
165 133.000000 92.000000 0.13867299999999999072
166 101.000000 74.000000 0.23248289999999999234
167 111.000000 86.000000 0.20687330000000000996
168 160.000000 118.000000 0.21682679999999998621
169 71.000000 58.000000 0.19540589999999999349
170 117.000000 78.000000 0.13889909999999999757
171 116.000000 92.000000 0.13529769999999999297
172 132.000000 92.000000 0.20258829999999999893
173 99.000000 71.000000 0.16111549999999999483
174 97.000000 69.000000 0.27387479999999997382
175 96.000000 70.000000 0.21250730000000001008
176 108.000000 80.000000 0.17324149999999999272
177 86.000000 67.000000 0.17263629999999999254
178 108.000000 81.000000 0.16747270000000000212
179 91.000000 72.000000 0.19868240000000000900
180 105.000000 79.000000 0.18421809999999999574
181 112.000000 77.000000 0.17123410000000000020
182 88.000000 68.000000 0.17404240000000001376
183 79.000000 64.000000 0.21753480000000000039
184 144.000000 107.000000 0.26990439999999998877
185 82.000000 67.000000 0.15639279999999999848
186 94.000000 67.000000 0.32277090000000002723
187 100.000000 72.000000 0.23705919999999999770
188 98.000000 74.000000 0.11649080000000000545
189 77.000000 61.000000 0.17351530000000001119
190 90.000000 68.000000 0.15404399999999998649
191 106.000000 80.000000 0.20081340000000000301
192 98.000000 73.000000 0.12242999999999999716
193 114.000000 83.000000 0.19597100000000000630
194 61.000000 48.000000 0.29451909999999997813
195 81.000000 60.000000 0.21726100000000000967
196 87.000000 68.000000 0.17959990000000000676
197 104.000000 77.000000 0.15014559999999999018
198 92.000000 77.000000 0.14141429999999999279
199 99.000000 72.000000 0.16655510000000001147
200 98.000000 74.000000 0.17946229999999999127
201 78.000000 67.000000 0.18300710000000000588
202 101.000000 75.000000 0.29844320000000001958
203 98.000000 75.000000 0.19152130000000000543
204 118.000000 84.000000 0.16106629999999999558
205 69.000000 56.000000 0.13752410000000001022
206 83.000000 61.000000 0.12998049999999999882
207 91.000000 65.000000 0.12335019999999999318
208 84.000000 66.000000 0.14559710000000000707
209 79.000000 58.000000 0.12352989999999999804
210 120.000000 90.000000 0.11336330000000000018
211 88.000000 65.000000 0.15401960000000000650
212 97.000000 74.000000 0.14722219999999999751
213 85.000000 63.000000 0.16797309999999998631
214 65.000000 60.000000 0.17165859999999999452
215 117.000000 90.000000 0.10780510000000000093
216 114.000000 81.000000 0.17129140000000001032
217 115.000000 80.000000 0.11141310000000000102
218 115.000000 86.000000 0.13051789999999999226
219 67.000000 51.000000 0.13822390000000001065
220 94.000000 69.000000 0.14031769999999998966
221 97.000000 65.000000 0.14163410000000001276
222 110.000000 77.000000 0.15157880000000001353
223 105.000000 79.000000 0.13388349999999998863
224 109.000000 87.000000 0.13776179999999998982
225 110.000000 77.000000 0.10919929999999999914
226 107.000000 78.000000 0.36679980000000000917
227 106.000000 80.000000 0.12122739999999999905
228 96.000000 72.000000 0.11954460000000000086
229 88.000000 69.000000 0.16292049999999999588
230 118.000000 86.000000 0.15185100000000001375
231 117.000000 82.000000 0.16087570000000001036
232 105.000000 76.000000 0.11282999999999999974
233 98.000000 69.000000 0.17731610000000000427
234 131.000000 100.000000 0.16510759999999999326
235 129.000000 91.000000 0.13908400000000001318
236 100.000000 69.000000 0.15935089999999998978
237 125.000000 86.000000 0.09525290000000000146
238 91.000000 72.000000 0.15366070000000001117
239 138.000000 93.000000 0.16433480000000000310
240 109.000000 78.000000 0.12340210000000000068
241 100.000000 80.000000 0.12195989999999999609
242 109.000000 80.000000 0.15257360000000000366
243 99.000000 75.000000 0.12005540000000000656
244 119.000000 82.000000 0.15174119999999999275
245 117.000000 84.000000 0.10319399999999999407
246 106.000000 81.000000 0.15579850000000000643
247 108.000000 83.000000 0.16740540000000000975
248 100.000000 69.000000 0.13069220000000000836
249 81.000000 66.000000 0.18557689999999998909
250 117.000000 81.000000 0.16935100000000000153
251 91.000000 72.000000 0.14357649999999999579
252 79.000000 58.000000 0.13289170000000000149
253 102.000000 83.000000 0.11281520000000000437
254 56.000000 47.000000 0.17789360000000001283
255 100.000000 77.000000 0.09067519999999999747
256 77.000000 60.000000 0.10171320000000000361
257 101.000000 76.000000 0.13190820000000000323
258 99.000000 77.000000 0.10377799999999999525
259 94.000000 66.000000 0.14513049999999999562
260 101.000000 75.000000 0.16897039999999999282
261 126.000000 91.000000 0.13358780000000000654
262 109.000000 83.000000 0.14482259999999999578
263 134.000000 90.000000 0.10066369999999999485
264 94.000000 68.000000 0.08947059999999999735
265 103.000000 75.000000 0.10755510000000000070
266 119.000000 89.000000 0.13848130000000000162
267 72.000000 57.000000 0.13410369999999999235
268 121.000000 91.000000 0.14751870000000000260
269 110.000000 79.000000 0.14056969999999999188
270 116.000000 79.000000 0.08065519999999999634
271 97.000000 74.000000 0.20543259999999999299
272 77.000000 55.000000 0.11754149999999999321
273 74.000000 65.000000 0.17912639999999999119
274 81.000000 63.000000 0.14137630000000001029
275 93.000000 68.000000 0.12265360000000000151
276 108.000000 78.000000 0.10299030000000000684
277 98.000000 74.000000 0.09788700000000000179
278 75.000000 62.000000 0.14487389999999999990
279 86.000000 69.000000 0.11285689999999999611
280 82.000000 61.000000 0.13894739999999999869
281 97.000000 72.000000 0.13113710000000000644
282 81.000000 61.000000 0.14541119999999999046
283 110.000000 81.000000 0.10168119999999999936
284 110.000000 83.000000 0.11216950000000000531
285 122.000000 93.000000 0.14208550000000000346
286 128.000000 95.000000 0.11192259999999999709
287 80.000000 59.000000 0.16689039999999999431
288 109.000000 82.000000 0.09415320000000000633
289 103.000000 75.000000 0.15187960000000000349
290 94.000000 68.000000 0.16569110000000000782
291 94.000000 73.000000 0.12424240000000000284
292 83.000000 67.000000 0.13706209999999999227
293 126.000000 89.000000 0.09180599999999999872
294 106.000000 81.000000 0.11403789999999999760
295 137.000000 99.000000 0.08624779999999999947
296 119.000000 85.000000 0.10217170000000000418
297 81.000000 68.000000 0.10849780000000000535
298 88.000000 69.000000 0.13415360000000001173
299 116.000000 93.000000 0.09219259999999999955
300 102.000000 73.000000 0.11992289999999999894
301 102.000000 81.000000 0.09981450000000000045
302 100.000000 76.000000 0.08904850000000000265
303 115.000000 95.000000 0.11365630000000000177
304 92.000000 72.000000 0.12326639999999999819
305 116.000000 84.000000 0.11513120000000000298
306 116.000000 78.000000 0.17636019999999999475
307 110.000000 81.000000 0.11371330000000000326
308 161.000000 110.000000 0.09993860000000000243
309 115.000000 78.000000 0.10387570000000000137
310 81.000000 66.000000 0.13093879999999999408
311 91.000000 68.000000 0.07980239999999999556
312 75.000000 56.000000 0.10834080000000000099
313 109.000000 81.000000 0.09425500000000000544
314 96.000000 73.000000 0.12599530000000000451
315 100.000000 82.000000 0.15589300000000000379
316 93.000000 71.000000 0.08284310000000000285
317 116.000000 89.000000 0.08569300000000000528
318 69.000000 53.000000 0.10492519999999999625
319 92.000000 68.000000 0.13014459999999999917
320 120.000000 88.000000 0.12824389999999999401
321 100.000000 71.000000 0.16027299999999999880
322 97.000000 75.000000 0.11354119999999999491
323 86.000000 65.000000 0.12050450000000000050
324 112.000000 79.000000 0.10585980000000000389
325 131.000000 95.000000 0.06967840000000000145
326 103.000000 71.000000 0.11040880000000000138
327 134.000000 92.000000 0.10756259999999999433
328 67.000000 52.000000 0.14866480000000001360
329 96.000000 74.000000 0.09341019999999999879
330 101.000000 73.000000 0.11957299999999999873
331 72.000000 54.000000 0.12216430000000000344
332 118.000000 86.000000 0.10780620000000000480
333 90.000000 67.000000 0.11202589999999999770
334 117.000000 86.000000 0.10102110000000000256
335 83.000000 63.000000 0.16884150000000000547
336 110.000000 84.000000 0.10998900000000000343
337 97.000000 76.000000 0.09312270000000000270
338 109.000000 78.000000 0.08581640000000000101
339 133.000000 93.000000 0.08907750000000000390
340 75.000000 60.000000 0.09725640000000000673
341 80.000000 64.000000 0.09727030000000000398
342 110.000000 82.000000 0.13287460000000000937
343 102.000000 76.000000 0.12391230000000000300
344 116.000000 87.000000 0.07228640000000000065
345 89.000000 64.000000 0.07654640000000000055
346 127.000000 87.000000 0.08294870000000000021
347 120.000000 84.000000 0.07740120000000000333
348 100.000000 81.000000 0.10792870000000000241
349 104.000000 80.000000 0.09553929999999999367
350 113.000000 84.000000 0.12328709999999999669
351 97.000000 81.000000 0.10964500000000000635
352 133.000000 93.000000 0.08638919999999999932
353 80.000000 66.000000 0.09457229999999999803
354 135.000000 97.000000 0.09020050000000000290
355 101.000000 73.000000 0.08117080000000000128
356 95.000000 77.000000 0.12007650000000000268
357 118.000000 93.000000 0.12849979999999999736
358 121.000000 84.000000 0.09292309999999999459
359 130.000000 95.000000 0.07029199999999999338
360 102.000000 77.000000 0.10317300000000000082
361 68.000000 59.000000 0.12695280000000000453
362 135.000000 91.000000 0.10498359999999999637
363 114.000000 87.000000 0.07326829999999999454
364 101.000000 74.000000 0.14018490000000000117
365 106.000000 79.000000 0.09075110000000000121
366 115.000000 81.000000 0.09879720000000000169
367 97.000000 72.000000 0.11018959999999999866
368 84.000000 64.000000 0.06233640000000000014
369 90.000000 68.000000 0.12001900000000000068
370 99.000000 75.000000 0.09874259999999999982
371 102.000000 78.000000 0.11109080000000000343
372 93.000000 75.000000 0.12639770000000000172
373 115.000000 90.000000 0.12777469999999999106
374 85.000000 63.000000 0.08456660000000000565
375 73.000000 57.000000 0.10764269999999999394
376 111.000000 80.000000 0.09734109999999999985
377 85.000000 70.000000 0.11221000000000000418
378 90.000000 71.000000 0.09229900000000000604
379 105.000000 74.000000 0.13163810000000000788
380 83.000000 66.000000 0.12174590000000000412
381 131.000000 91.000000 0.10298809999999999909
382 124.000000 85.000000 0.07855929999999999858
383 123.000000 91.000000 0.14166999999999999038
384 83.000000 62.000000 0.11010259999999999492
385 120.000000 87.000000 0.07164570000000000660
386 68.000000 53.000000 0.09930350000000000288
387 108.000000 79.000000 0.10303980000000000083
388 92.000000 72.000000 0.09574370000000000103
389 79.000000 63.000000 0.13444349999999999357
390 97.000000 68.000000 0.10249859999999999527
391 79.000000 60.000000 0.11087099999999999733
392 116.000000 84.000000 0.09237760000000000415
393 146.000000 96.000000 0.08763239999999999919
394 99.000000 66.000000 0.11808490000000000653
395 68.000000 53.000000 0.08371009999999999562
396 123.000000 87.000000 0.10227440000000000142
397 109.000000 80.000000 0.13794449999999999767
398 122.000000 85.000000 0.14166400000000001214
399 88.000000 65.000000 0.08181489999999999596
400 85.000000 66.000000 0.09503300000000000636
401 109.000000 73.000000 0.07936870000000000036
402 74.000000 57.000000 0.10614790000000000336
403 95.000000 73.000000 0.10079349999999999421
404 95.000000 71.000000 0.11332889999999999631
405 110.000000 79.000000 0.11357269999999999865
406 87.000000 62.000000 0.12498819999999999375
407 90.000000 64.000000 0.09129120000000000290
408 89.000000 70.000000 0.15292669999999999875
409 89.000000 68.000000 0.12013669999999999904
410 116.000000 82.000000 0.09448120000000000129
411 98.000000 81.000000 0.10909080000000000166
412 112.000000 83.000000 0.06934809999999999586
413 94.000000 67.000000 0.16023930000000000118
414 73.000000 58.000000 0.12059129999999999849
415 109.000000 80.000000 0.08238020000000000065
416 99.000000 77.000000 0.09950009999999999410
417 89.000000 75.000000 0.12201660000000000283
418 112.000000 82.000000 0.07953720000000000234
419 64.000000 52.000000 0.11937920000000000476
420 100.000000 77.000000 0.10182919999999999472
