1 467.000000 344.000000 48.23300050000000283035
2 436.000000 315.000000 86.01025590000000420332
3 346.000000 260.000000 22.25561679999999853408
4 327.000000 251.000000 24.45655700000000010164
5 475.000000 352.000000 80.89805379999999956908
6 428.000000 309.000000 38.10279189999999971405
7 498.000000 366.000000 28.52967810000000170589
8 364.000000 266.000000 72.91184769999999559786
9 540.000000 410.000000 81.24427830000000483324
10 313.000000 244.000000 25.69960120000000003415
11 451.000000 333.000000 14.08069330000000007885
12 387.000000 286.000000 25.45800769999999957349
13 415.000000 304.000000 83.11062680000000568725
14 474.000000 346.000000 85.22812089999999329848
15 500.000000 372.000000 7.15812009999999965260
16 434.000000 334.000000 10.75458579999999919607
17 494.000000 365.000000 37.53531370000000322307
18 562.000000 404.000000 13.57246810000000003527
19 550.000000 387.000000 58.09659769999999667789
20 433.000000 325.000000 25.90961689999999961742
21 392.000000 300.000000 15.87046529999999933125
22 413.000000 333.000000 26.87296840000000130999
23 444.000000 316.000000 108.08538839999999936481
24 553.000000 405.000000 85.08271519999999554784
25 409.000000 313.000000 136.72358520000000225991
26 374.000000 290.000000 34.50616800000000239379
27 293.000000 213.000000 54.52205630000000269320
28 422.000000 308.000000 42.51084120000000154960
29 558.000000 393.000000 25.14188610000000068112
30 369.000000 282.000000 23.30017679999999913321
31 439.000000 321.000000 41.76651509999999944966
32 472.000000 339.000000 103.57682200000000705131
33 480.000000 361.000000 5.93863189999999985247
34 455.000000 330.000000 74.68563100000000076761
35 515.000000 375.000000 15.23609019999999958372
36 338.000000 268.000000 35.48625129999999927577
37 473.000000 342.000000 19.32114419999999910260
38 324.000000 239.000000 64.83627090000000237069
39 468.000000 355.000000 35.89440350000000279351
40 515.000000 363.000000 71.04113909999999521006
41 472.000000 332.000000 8.50695819999999969241
42 436.000000 326.000000 46.96578699999999884085
43 450.000000 326.000000 30.10378439999999855559
44 448.000000 346.000000 4.76775839999999995200
45 343.000000 257.000000 12.60597899999999960130
46 551.000000 386.000000 11.75428460000000008279
47 320.000000 251.000000 25.54721280000000049881
48 515.000000 348.000000 35.26791469999999861784
49 265.000000 229.000000 8.87542780000000064433
50 443.000000 326.000000 43.12273969999999678748
51 544.000000 400.000000 8.32540140000000050691
52 359.000000 285.000000 69.32742149999999980992
53 446.000000 340.000000 12.11989289999999996894
54 455.000000 325.000000 45.88957709999999678985
55 436.000000 336.000000 14.63516079999999952577
56 258.000000 192.000000 22.22749140000000167561
57 464.000000 344.000000 37.26829180000000008022
58 496.000000 354.000000 14.32637049999999945271
59 373.000000 279.000000 61.92332540000000307145
60 526.000000 384.000000 57.81581229999999749225
61 679.000000 462.000000 121.31842340000000035616
62 608.000000 423.000000 8.90579190000000053828
63 542.000000 367.000000 57.50815089999999685233
64 439.000000 316.000000 238.19808169999998881394
65 430.000000 304.000000 22.95551910000000006562
66 467.000000 348.000000 22.57094479999999947495
67 491.000000 352.000000 53.35045579999999887377
68 483.000000 342.000000 23.99739329999999881693
69 516.000000 371.000000 42.89671260000000074797
70 477.000000 339.000000 40.16895339999999947622
71 352.000000 276.000000 30.09917150000000063415
72 406.000000 308.000000 13.15517380000000002838
73 405.000000 313.000000 41.45443319999999687298
74 487.000000 349.000000 25.01725539999999980978
75 511.000000 372.000000 5.21631089999999986162
76 462.000000 344.000000 26.33986570000000071445
77 471.000000 350.000000 19.61053499999999871761
78 577.000000 401.000000 9.87911249999999974136
79 401.000000 297.000000 34.28521649999999709735
80 542.000000 376.000000 34.19075970000000097571
81 599.000000 426.000000 40.98304629999999804113
82 433.000000 325.000000 18.65178889999999967131
83 491.000000 369.000000 26.33217929999999995516
84 569.000000 412.000000 17.40441209999999827573
85 442.000000 325.000000 22.05819920000000067262
86 468.000000 355.000000 4.52703670000000002460
87 434.000000 322.000000 81.62738629999999773190
88 468.000000 336.000000 24.70996399999999937336
89 548.000000 402.000000 56.52899579999999701840
90 518.000000 381.000000 20.58497279999999918232
91 582.000000 416.000000 13.14970699999999936836
92 354.000000 271.000000 87.06211550000000443106
93 586.000000 403.000000 3.60394430000000021153
94 527.000000 370.000000 46.89703229999999933852
95 331.000000 266.000000 14.93875069999999993797
96 545.000000 403.000000 28.01161409999999918341
97 479.000000 377.000000 7.05057910000000021000
98 490.000000 350.000000 58.85359580000000079281
99 447.000000 335.000000 37.67809160000000190394
100 477.000000 346.000000 24.00466570000000032792
101 486.000000 350.000000 15.36395219999999994798
102 571.000000 404.000000 19.82698339999999959105
103 435.000000 351.000000 16.03595119999999951688
104 586.000000 399.000000 74.79038439999999354768
105 381.000000 280.000000 39.51148359999999826186
106 260.000000 218.000000 10.88859210000000032892
107 572.000000 421.000000 6.99448489999999978295
108 464.000000 349.000000 9.21409350000000060277
109 289.000000 227.000000 17.64231020000000071946
110 480.000000 360.000000 10.52565530000000038058
111 435.000000 308.000000 43.83501619999999832089
112 640.000000 428.000000 278.22324950000000853834
113 481.000000 355.000000 21.98168460000000123955
114 558.000000 418.000000 3.59840990000000005011
115 492.000000 343.000000 63.17421819999999854645
116 570.000000 400.000000 26.91098789999999851830
117 475.000000 349.000000 36.56483180000000032805
118 427.000000 321.000000 11.07398799999999994270
119 524.000000 399.000000 39.19805780000000083874
120 501.000000 351.000000 41.19005409999999756110
121 319.000000 248.000000 15.44306319999999921322
122 317.000000 248.000000 8.27538499999999999091
123 338.000000 258.000000 53.94145110000000187256
124 333.000000 258.000000 5.51565710000000031243
125 297.000000 221.000000 37.89564579999999693882
126 484.000000 352.000000 18.81023970000000034020
127 535.000000 386.000000 49.24412939999999849761
128 565.000000 414.000000 9.89109670000000029688
129 528.000000 377.000000 7.52977309999999988577
130 452.000000 327.000000 5.79941849999999980980
131 472.000000 344.000000 23.20615450000000024033
132 391.000000 279.000000 46.96359790000000344889
133 480.000000 364.000000 30.27949100000000015598
134 342.000000 256.000000 191.48501189999998928215
135 437.000000 322.000000 17.44205150000000159594
136 567.000000 385.000000 119.53680060000000651144
137 534.000000 376.000000 70.59945410000000265427
138 364.000000 272.000000 54.77156810000000319860
139 411.000000 318.000000 16.69231720000000152027
140 371.000000 279.000000 36.18911450000000229466
141 408.000000 315.000000 15.88422719999999976892
142 349.000000 262.000000 21.97941330000000093037
143 521.000000 384.000000 12.72832119999999989091
144 412.000000 293.000000 19.50234939999999994598
145 534.000000 382.000000 82.54525510000000565469
146 478.000000 337.000000 31.64442000000000021487
147 481.000000 355.000000 35.01943140000000198597
148 616.000000 412.000000 6.56607230000000008374
149 478.000000 355.000000 21.15428019999999875722
150 554.000000 378.000000 42.76495049999999764623
151 451.000000 327.000000 21.94625080000000139080
152 544.000000 366.000000 63.61332889999999906649
153 450.000000 333.000000 61.89512760000000213267
154 522.000000 377.000000 55.30689720000000164646
155 369.000000 275.000000 22.88749149999999943361
156 462.000000 330.000000 47.36895330000000114978
157 450.000000 338.000000 30.85381830000000036307
158 338.000000 261.000000 48.74573699999999831789
159 362.000000 289.000000 21.95456190000000162854
160 488.000000 349.000000 30.61875119999999839138
161 515.000000 383.000000 72.12724880000000382552
162 377.000000 294.000000 18.83422600000000102227
163 325.000000 259.000000 43.22694080000000127484
164 384.000000 280.000000 21.36168909999999954152
165 320.000000 253.000000 10.51014960000000009188
166 571.000000 411.000000 29.09093199999999868055
167 547.000000 399.000000 3.17968129999999993274
168 390.000000 302.000000 8.41825520000000082632
169 620.000000 431.000000 40.20704920000000015534
170 514.000000 365.000000 67.31825240000000576401
171 480.000000 354.000000 28.77198720000000164987
172 337.000000 256.000000 10.00053089999999933468
173 436.000000 327.000000 62.06847059999999771662
174 295.000000 239.000000 22.63299530000000103769
175 429.000000 328.000000 12.06373639999999980432
176 451.000000 332.000000 8.25971550000000043212
177 391.000000 308.000000 24.29173109999999979891
178 439.000000 311.000000 5.28272899999999978604
179 310.000000 233.000000 13.60207779999999999632
180 497.000000 360.000000 36.63352669999999733363
181 375.000000 262.000000 57.95008229999999826987
182 392.000000 289.000000 22.81643820000000033588
183 395.000000 279.000000 32.15319709999999986394
184 377.000000 301.000000 4.25987570000000026482
185 485.000000 355.000000 5.31414550000000041052
186 446.000000 332.000000 89.11279179999999655593
187 323.000000 244.000000 9.12814219999999920674
188 496.000000 356.000000 17.14829960000000141918
189 435.000000 321.000000 27.69721850000000173964
190 590.000000 424.000000 32.55365590000000253212
191 369.000000 292.000000 25.98454780000000141627
192 287.000000 209.000000 40.17704729999999813117
193 294.000000 229.000000 13.67760389999999937061
194 436.000000 331.000000 27.46515129999999871302
195 487.000000 347.000000 50.22289239999999921338
196 662.000000 471.000000 46.73741890000000154259
197 466.000000 364.000000 12.31646609999999952834
198 372.000000 294.000000 27.67586849999999998317
199 412.000000 287.000000 604.82401270000002568850
200 314.000000 245.000000 44.65007219999999676929
201 257.000000 185.000000 15.55864799999999981139
202 394.000000 287.000000 162.52113689999998769053
203 371.000000 283.000000 20.34687590000000056989
204 464.000000 352.000000 53.05905529999999714619
205 550.000000 401.000000 5.05760189999999987265
206 431.000000 321.000000 35.15414239999999779229
207 391.000000 301.000000 4.49857610000000018857
208 372.000000 276.000000 42.39357660000000294076
209 385.000000 295.000000 16.03611640000000093664
210 338.000000 250.000000 17.05967880000000036489
211 343.000000 254.000000 17.42425439999999881024
212 388.000000 301.000000 11.87788339999999998042
213 526.000000 376.000000 16.63206489999999959650
214 485.000000 348.000000 3.30602689999999999060
215 438.000000 320.000000 16.16022530000000045902
216 478.000000 352.000000 20.24344890000000063424
217 532.000000 393.000000 35.76427269999999936090
218 447.000000 338.000000 4.99450169999999982196
219 541.000000 402.000000 1.34409420000000001671
220 336.000000 248.000000 32.93974790000000041346
221 618.000000 457.000000 13.10056960000000003674
222 438.000000 331.000000 11.25578310000000037405
223 296.000000 213.000000 31.67873730000000165319
224 389.000000 291.000000 21.43376459999999994466
225 451.000000 310.000000 52.69031799999999776674
226 428.000000 334.000000 19.91329599999999899751
227 434.000000 305.000000 13.54473360000000070613
228 446.000000 336.000000 32.18274410000000074206
229 386.000000 286.000000 31.90095619999999954075
230 539.000000 367.000000 211.49144570000001408516
231 520.000000 390.000000 39.85981230000000152813
232 393.000000 300.000000 5.73118770000000044007
233 352.000000 272.000000 15.05888610000000049638
234 421.000000 317.000000 54.67070619999999792071
235 412.000000 312.000000 9.17819650000000031298
236 402.000000 288.000000 119.30493450000000166256
237 331.000000 256.000000 17.45709829999999840311
238 573.000000 415.000000 77.78504049999999381271
239 340.000000 241.000000 91.02354590000000200689
240 386.000000 284.000000 5.96223270000000038493
241 362.000000 268.000000 34.55302240000000324471
242 344.000000 268.000000 30.35098899999999844113
243 558.000000 388.000000 28.97258409999999884121
244 601.000000 420.000000 3.28927570000000013550
245 282.000000 215.000000 13.50953370000000042239
246 267.000000 228.000000 10.75693799999999988870
247 409.000000 313.000000 6.21797559999999993607
248 472.000000 350.000000 4.85421420000000036765
249 319.000000 230.000000 20.83688409999999890942
250 458.000000 332.000000 6.50542499999999979110
251 479.000000 344.000000 44.50866220000000339496
252 433.000000 308.000000 22.45818810000000098626
253 366.000000 270.000000 12.44104590000000065686
254 351.000000 272.000000 5.10873220000000038965
255 506.000000 369.000000 8.76585769999999975255
256 526.000000 384.000000 8.85104489999999977101
257 471.000000 350.000000 8.83670530000000020721
258 522.000000 393.000000 5.49411640000000023321
259 530.000000 382.000000 45.24609800000000348064
260 439.000000 330.000000 9.24246499999999926445
261 523.000000 376.000000 1.76038230000000006648
262 487.000000 360.000000 8.43812229999999985353
263 590.000000 413.000000 3.69206499999999993022
264 445.000000 326.000000 13.80506240000000062196
265 575.000000 393.000000 8.92809809999999970387
266 459.000000 336.000000 37.79489989999999721704
267 561.000000 385.000000 11.94464840000000016573
268 406.000000 318.000000 12.30101699999999986801
269 426.000000 322.000000 7.68906579999999983954
270 285.000000 232.000000 7.14159740000000020643
271 288.000000 224.000000 25.91669680000000042241
272 536.000000 375.000000 6.35976789999999958525
273 411.000000 318.000000 10.83914180000000015980
274 480.000000 356.000000 9.94379490000000032524
275 423.000000 323.000000 16.11871659999999906177
276 436.000000 327.000000 14.62715170000000064476
277 422.000000 320.000000 7.23287250000000003780
278 507.000000 376.000000 24.90716139999999967358
279 437.000000 327.000000 28.15432990000000046393
280 371.000000 266.000000 32.71047980000000166001
281 482.000000 355.000000 12.73892599999999930560
282 559.000000 389.000000 65.37817830000000185464
283 437.000000 332.000000 6.07815879999999975070
284 482.000000 362.000000 3.93169980000000007792
285 542.000000 411.000000 7.66908019999999979177
286 401.000000 320.000000 10.34818369999999987385
287 521.000000 375.000000 3.46558780000000021815
288 294.000000 239.000000 20.51757269999999877541
289 391.000000 298.000000 44.14698880000000258406
290 504.000000 376.000000 6.14845780000000008414
291 332.000000 263.000000 23.37270829999999932625
292 352.000000 264.000000 12.46907080000000078712
293 323.000000 240.000000 43.79501919999999870470
294 455.000000 354.000000 20.05809819999999987772
295 476.000000 335.000000 24.88226650000000006457
296 512.000000 363.000000 75.21902939999999659904
297 472.000000 355.000000 15.90231110000000036564
298 421.000000 296.000000 86.70713290000000483815
299 397.000000 291.000000 6.85780139999999960310
300 362.000000 274.000000 20.60886059999999986303
301 432.000000 310.000000 15.30268629999999951963
302 462.000000 359.000000 10.96355179999999940321
303 412.000000 302.000000 8.66623799999999988586
304 441.000000 318.000000 55.51657079999999666597
305 434.000000 307.000000 44.10469989999999995689
306 453.000000 324.000000 21.46147140000000064219
307 307.000000 235.000000 11.78942089999999964789
308 390.000000 296.000000 31.04072779999999909251
309 387.000000 303.000000 3.93552860000000004348
310 337.000000 259.000000 15.98751880000000014093
311 482.000000 352.000000 44.75872700000000037335
312 347.000000 269.000000 10.91923519999999925290
313 365.000000 261.000000 15.58774909999999991328
314 487.000000 345.000000 51.64590700000000111913
315 427.000000 325.000000 9.89749289999999959377
316 410.000000 306.000000 49.18572050000000217551
317 537.000000 372.000000 19.79909040000000075565
318 483.000000 349.000000 68.53079619999999749780
319 220.000000 174.000000 16.79118959999999916022
320 410.000000 311.000000 10.82783019999999929439
321 378.000000 273.000000 51.24948210000000159425
322 496.000000 361.000000 20.32019980000000103360
323 373.000000 269.000000 20.29939999999999855618
324 483.000000 358.000000 17.15231980000000078235
325 409.000000 309.000000 47.52061129999999877782
326 419.000000 294.000000 8.98331209999999913407
327 426.000000 317.000000 16.60568460000000001742
328 495.000000 376.000000 26.12543739999999914403
329 492.000000 363.000000 83.08612560000000257787
330 360.000000 266.000000 52.59119460000000145783
331 476.000000 350.000000 9.69134129999999949234
332 493.000000 373.000000 55.03738069999999993342
333 379.000000 283.000000 43.90032550000000099999
334 494.000000 353.000000 17.36718820000000107484
335 290.000000 230.000000 10.94468320000000005621
336 408.000000 321.000000 15.15355669999999932429
337 560.000000 400.000000 44.82904870000000130403
338 425.000000 324.000000 47.54203820000000035861
339 348.000000 275.000000 16.38598179999999970846
340 424.000000 311.000000 36.85413700000000147838
341 345.000000 272.000000 54.20341679999999939810
342 433.000000 307.000000 18.48103349999999878150
343 570.000000 425.000000 10.46222550000000062198
344 303.000000 234.000000 3.42355689999999990292
345 443.000000 327.000000 59.27031310000000274840
346 559.000000 397.000000 86.43492550000000562704
347 411.000000 320.000000 6.53985669999999963409
348 334.000000 247.000000 45.34786789999999712109
349 497.000000 368.000000 28.16063109999999980460
350 410.000000 314.000000 16.70843509999999909610
351 460.000000 333.000000 12.50480270000000082575
352 351.000000 275.000000 5.49137569999999985981
353 482.000000 372.000000 23.20446859999999844604
354 524.000000 374.000000 86.80062150000000542605
355 506.000000 384.000000 9.58981290000000008433
356 382.000000 285.000000 46.19323860000000081527
357 503.000000 368.000000 5.82215129999999980726
358 506.000000 366.000000 10.53604610000000008085
359 471.000000 334.000000 54.97842620000000124492
360 428.000000 324.000000 23.40423799999999943111
361 297.000000 225.000000 29.67621180000000080668
362 567.000000 417.000000 19.34326769999999839911
363 383.000000 319.000000 6.42842000000000002302
364 401.000000 303.000000 37.18873049999999835791
365 306.000000 233.000000 17.45305660000000003151
366 312.000000 252.000000 25.56548009999999848674
367 465.000000 349.000000 20.97033139999999917791
368 341.000000 269.000000 7.18050630000000023045
369 404.000000 301.000000 19.90456109999999867455
370 587.000000 423.000000 30.86264590000000040959
371 502.000000 370.000000 6.17947150000000000603
372 402.000000 287.000000 23.18796970000000001733
373 589.000000 406.000000 43.00822200000000350428
374 446.000000 328.000000 15.87810709999999936315
375 367.000000 266.000000 89.12590749999999673037
376 508.000000 368.000000 3.58038450000000008089
377 444.000000 349.000000 12.56448110000000006892
378 388.000000 278.000000 20.02521730000000133032
379 528.000000 398.000000 9.59409169999999988931
380 391.000000 281.000000 33.06489570000000099981
381 404.000000 285.000000 36.56428189999999744941
382 432.000000 305.000000 36.05667590000000188866
383 594.000000 411.000000 9.65017010000000041714
384 451.000000 341.000000 2.61421919999999996520
385 445.000000 334.000000 81.73706310000000030414
386 436.000000 327.000000 29.17559239999999931570
387 405.000000 309.000000 51.72299660000000187665
388 429.000000 311.000000 45.86612540000000137752
389 445.000000 323.000000 17.30566340000000025157
390 438.000000 304.000000 229.52832689999999615793
391 344.000000 260.000000 31.61717140000000014766
392 389.000000 300.000000 22.89442509999999941783
393 462.000000 346.000000 114.90244180000000540076
394 523.000000 390.000000 32.93157519999999749416
395 579.000000 426.000000 56.59003570000000138407
396 355.000000 269.000000 4.66709689999999977061
397 359.000000 270.000000 28.74412149999999854799
398 633.000000 464.000000 1.77642710000000003667
399 634.000000 445.000000 34.70102099999999722968
400 524.000000 381.000000 73.52627320000000565869
401 592.000000 409.000000 40.67732070000000277332
402 469.000000 354.000000 10.27424889999999990664
403 462.000000 345.000000 14.64375539999999986662
404 530.000000 382.000000 9.34318539999999941870
405 377.000000 285.000000 23.95245800000000002683
406 315.000000 244.000000 66.66915810000000419677
407 400.000000 309.000000 11.73667359999999959541
408 412.000000 307.000000 7.37912829999999964059
409 486.000000 367.000000 60.12649700000000052569
410 576.000000 405.000000 11.36633340000000025327
411 495.000000 374.000000 14.87847829999999937911
412 489.000000 380.000000 38.51024929999999812935
413 386.000000 295.000000 12.75879800000000052762
414 366.000000 277.000000 17.47366579999999913753
415 491.000000 365.000000 3.83121950000000000003
416 426.000000 329.000000 28.66662090000000162604
417 216.000000 151.000000 44.25935059999999765523
418 365.000000 287.000000 31.64820040000000034297
419 591.000000 399.000000 14.46302799999999955105
420 431.000000 316.000000 22.35233200000000053365
