1 21.000000 18.000000 0.22932790000000000119
2 28.000000 21.000000 0.14602539999999999965
3 24.000000 20.000000 0.04817180000000000073
4 34.000000 25.000000 0.04760079999999999867
5 25.000000 22.000000 0.08629610000000000058
6 35.000000 25.000000 0.06270219999999999960
7 25.000000 20.000000 0.13739450000000000274
8 27.000000 21.000000 0.05928359999999999880
9 28.000000 23.000000 0.16005530000000001145
10 30.000000 25.000000 0.08803619999999999501
11 21.000000 19.000000 0.04131979999999999681
12 30.000000 23.000000 0.04686799999999999994
13 31.000000 26.000000 0.05998370000000000091
14 31.000000 25.000000 0.04359369999999999912
15 33.000000 27.000000 0.03143619999999999748
16 30.000000 21.000000 0.08048610000000000486
17 24.000000 22.000000 0.04370480000000000198
18 28.000000 22.000000 0.04998049999999999715
19 29.000000 24.000000 0.03660299999999999665
20 30.000000 23.000000 0.03645579999999999654
21 20.000000 18.000000 0.03409149999999999681
22 27.000000 21.000000 0.03189600000000000074
23 30.000000 23.000000 0.03135299999999999893
24 32.000000 25.000000 0.03981780000000000042
25 30.000000 27.000000 0.06335490000000000566
26 28.000000 20.000000 0.06692170000000000063
27 29.000000 23.000000 0.07033670000000000200
28 25.000000 21.000000 0.11126220000000000554
29 21.000000 21.000000 0.11389960000000000362
30 23.000000 21.000000 0.10652250000000000607
31 29.000000 22.000000 0.10354810000000000403
32 25.000000 20.000000 0.13073979999999998936
33 27.000000 23.000000 0.07030290000000000150
34 34.000000 25.000000 0.06143440000000000012
35 24.000000 22.000000 0.07258710000000000162
36 29.000000 23.000000 0.03050119999999999915
37 20.000000 18.000000 0.04361709999999999893
38 30.000000 22.000000 0.04016059999999999769
39 29.000000 25.000000 0.04335420000000000246
40 26.000000 20.000000 0.04672230000000000133
41 23.000000 20.000000 0.08406410000000000271
42 27.000000 22.000000 0.10063310000000000310
43 24.000000 21.000000 0.11790169999999999817
44 32.000000 25.000000 0.08214609999999999967
45 29.000000 24.000000 0.07056650000000000422
46 35.000000 25.000000 0.06517950000000000133
47 28.000000 24.000000 0.09813679999999999626
48 24.000000 21.000000 0.11346340000000000592
49 26.000000 21.000000 0.08461860000000000215
50 27.000000 21.000000 0.12838479999999999337
51 32.000000 27.000000 0.09903969999999999441
52 26.000000 23.000000 0.11947130000000000249
53 32.000000 27.000000 0.09592520000000000213
54 29.000000 21.000000 0.12283049999999999524
55 27.000000 22.000000 0.12206939999999999458
56 27.000000 24.000000 0.09324240000000000306
57 29.000000 23.000000 0.08943420000000000536
58 36.000000 28.000000 0.10384740000000000637
59 23.000000 20.000000 0.15802309999999999968
60 24.000000 21.000000 0.13510569999999999524
61 25.000000 21.000000 0.11094160000000000132
62 27.000000 21.000000 0.12089279999999999471
63 34.000000 26.000000 0.11455690000000000317
64 30.000000 24.000000 0.09983899999999999719
65 28.000000 23.000000 0.11009689999999999754
66 29.000000 24.000000 0.09005009999999999404
67 29.000000 23.000000 0.17769409999999999372
68 32.000000 23.000000 0.10410550000000000359
69 23.000000 18.000000 0.11614059999999999662
70 26.000000 22.000000 0.10295740000000000447
71 29.000000 25.000000 0.10221739999999999993
72 31.000000 24.000000 0.10893289999999999917
73 38.000000 29.000000 0.11515050000000000285
74 27.000000 22.000000 0.08296159999999999646
75 27.000000 23.000000 0.11202520000000000533
76 21.000000 20.000000 0.04132140000000000118
77 27.000000 23.000000 0.03076960000000000112
78 35.000000 26.000000 0.07994189999999999630
79 29.000000 24.000000 0.10179340000000000610
80 26.000000 20.000000 0.09188570000000000071
81 29.000000 22.000000 0.09654609999999999581
82 33.000000 24.000000 0.09062140000000000473
83 34.000000 25.000000 0.06992990000000000317
84 32.000000 25.000000 0.03691880000000000162
85 19.000000 19.000000 0.04931699999999999973
86 24.000000 22.000000 0.03115100000000000161
87 34.000000 24.000000 0.03740330000000000044
88 26.000000 22.000000 0.09198159999999999670
89 30.000000 24.000000 0.08625449999999999784
90 26.000000 21.000000 0.09844659999999999522
91 27.000000 21.000000 0.03884669999999999790
92 25.000000 21.000000 0.02998610000000000164
93 24.000000 21.000000 0.09950630000000000586
94 23.000000 20.000000 0.09107010000000000105
95 18.000000 18.000000 0.06700670000000000237
96 25.000000 22.000000 0.05000129999999999852
97 34.000000 26.000000 0.02889380000000000073
98 25.000000 22.000000 0.03535409999999999942
99 24.000000 21.000000 0.02969120000000000092
100 28.000000 22.000000 0.05765909999999999785
101 27.000000 22.000000 0.05253680000000000155
102 22.000000 19.000000 0.03263909999999999728
103 31.000000 24.000000 0.07003629999999999578
104 27.000000 21.000000 0.03185749999999999693
105 33.000000 25.000000 0.02785599999999999882
106 32.000000 23.000000 0.08141489999999999838
107 32.000000 25.000000 0.06992489999999999817
108 24.000000 19.000000 0.03131450000000000206
109 24.000000 18.000000 0.06297990000000000532
110 22.000000 20.000000 0.04001590000000000008
111 23.000000 19.000000 0.04748320000000000318
112 20.000000 19.000000 0.03295270000000000143
113 27.000000 23.000000 0.03233710000000000057
114 31.000000 25.000000 0.04455449999999999688
115 23.000000 20.000000 0.03022520000000000068
116 32.000000 26.000000 0.03177590000000000275
117 22.000000 19.000000 0.03124889999999999959
118 28.000000 21.000000 0.02677210000000000006
119 18.000000 17.000000 0.03465270000000000156
120 24.000000 21.000000 0.04387220000000000009
121 25.000000 22.000000 0.03148460000000000147
122 23.000000 21.000000 0.03076239999999999877
123 25.000000 20.000000 0.03149550000000000266
124 21.000000 18.000000 0.02849739999999999912
125 28.000000 22.000000 0.03167589999999999989
126 35.000000 25.000000 0.03293859999999999844
127 32.000000 26.000000 0.03275000000000000133
128 28.000000 22.000000 0.03853240000000000137
129 22.000000 20.000000 0.04950109999999999927
130 34.000000 23.000000 0.02810970000000000135
131 27.000000 23.000000 0.03044010000000000118
132 31.000000 25.000000 0.03079540000000000055
133 37.000000 27.000000 0.04657290000000000041
134 25.000000 21.000000 0.02913390000000000077
135 27.000000 20.000000 0.03674700000000000188
136 31.000000 25.000000 0.02915330000000000005
137 25.000000 21.000000 0.02740820000000000062
138 25.000000 20.000000 0.04543620000000000297
139 34.000000 27.000000 0.03252320000000000211
140 23.000000 21.000000 0.03497750000000000165
141 29.000000 21.000000 0.02836280000000000051
142 28.000000 24.000000 0.03882830000000000309
143 21.000000 20.000000 0.03689150000000000068
144 30.000000 24.000000 0.03745829999999999993
145 33.000000 25.000000 0.03217430000000000290
146 26.000000 21.000000 0.03470750000000000224
147 34.000000 28.000000 0.03924249999999999960
148 24.000000 23.000000 0.04328180000000000222
149 25.000000 23.000000 0.03085469999999999879
150 26.000000 22.000000 0.03323720000000000147
151 31.000000 25.000000 0.02903870000000000062
152 20.000000 18.000000 0.05238519999999999982
153 30.000000 23.000000 0.03811409999999999798
154 20.000000 20.000000 0.03050889999999999852
155 25.000000 21.000000 0.03058040000000000064
156 24.000000 21.000000 0.02685569999999999971
157 29.000000 25.000000 0.02251080000000000095
158 30.000000 25.000000 0.02568439999999999959
159 25.000000 23.000000 0.02385989999999999986
160 30.000000 23.000000 0.02426319999999999866
161 35.000000 27.000000 0.03292049999999999838
162 20.000000 19.000000 0.03043130000000000140
163 27.000000 22.000000 0.02636679999999999927
164 25.000000 21.000000 0.02762759999999999869
165 28.000000 25.000000 0.02642950000000000160
166 30.000000 22.000000 0.02652070000000000122
167 26.000000 21.000000 0.02862510000000000054
168 26.000000 21.000000 0.03071020000000000000
169 22.000000 19.000000 0.03007989999999999969
170 25.000000 22.000000 0.03237079999999999819
171 28.000000 22.000000 0.02618269999999999972
172 24.000000 21.000000 0.02888150000000000092
173 36.000000 25.000000 0.02265220000000000081
174 24.000000 21.000000 0.02944570000000000173
175 27.000000 23.000000 0.02751939999999999942
176 36.000000 25.000000 0.02638739999999999836
177 25.000000 20.000000 0.02471749999999999989
178 21.000000 19.000000 0.02229770000000000016
179 29.000000 23.000000 0.02645979999999999860
180 37.000000 25.000000 0.01940379999999999883
181 21.000000 20.000000 0.02587439999999999879
182 23.000000 20.000000 0.02536980000000000138
183 28.000000 22.000000 0.02816170000000000131
184 27.000000 22.000000 0.01973729999999999929
185 31.000000 24.000000 0.02466180000000000108
186 31.000000 22.000000 0.02300100000000000061
187 24.000000 20.000000 0.02235670000000000018
188 22.000000 20.000000 0.02913519999999999999
189 17.000000 17.000000 0.01874980000000000049
190 22.000000 20.000000 0.01779930000000000054
191 29.000000 25.000000 0.02485180000000000028
192 24.000000 20.000000 0.02029440000000000063
193 28.000000 22.000000 0.02565390000000000031
194 33.000000 28.000000 0.02376620000000000121
195 29.000000 24.000000 0.02319399999999999934
196 26.000000 22.000000 0.01773949999999999833
197 28.000000 22.000000 0.02464080000000000090
198 25.000000 22.000000 0.02705110000000000153
199 27.000000 22.000000 0.02297300000000000036
200 20.000000 19.000000 0.01676390000000000172
201 27.000000 23.000000 0.02224740000000000051
202 37.000000 28.000000 0.02476599999999999982
203 28.000000 23.000000 0.01905130000000000018
204 26.000000 22.000000 0.01860569999999999932
205 26.000000 20.000000 0.02140210000000000029
206 25.000000 21.000000 0.02523670000000000080
207 29.000000 24.000000 0.02591800000000000007
208 31.000000 27.000000 0.02450089999999999907
209 22.000000 20.000000 0.02146330000000000113
210 30.000000 22.000000 0.02262969999999999912
211 36.000000 25.000000 0.02399300000000000044
212 28.000000 24.000000 0.02752639999999999948
213 28.000000 23.000000 0.03209010000000000334
214 25.000000 20.000000 0.02693840000000000123
215 28.000000 22.000000 0.02573270000000000071
216 29.000000 24.000000 0.02717529999999999946
217 33.000000 23.000000 0.02534919999999999882
218 26.000000 20.000000 0.02307029999999999845
219 26.000000 22.000000 0.02130210000000000090
220 33.000000 27.000000 0.01869660000000000072
221 29.000000 22.000000 0.02365199999999999941
222 30.000000 22.000000 0.02571439999999999837
223 35.000000 25.000000 0.02290829999999999950
224 34.000000 24.000000 0.02664040000000000158
225 31.000000 24.000000 0.01714169999999999930
226 23.000000 21.000000 0.02319399999999999934
227 34.000000 26.000000 0.01456449999999999932
228 29.000000 24.000000 0.02307949999999999932
229 27.000000 24.000000 0.02654569999999999846
230 37.000000 30.000000 0.02658340000000000009
231 26.000000 24.000000 0.02171139999999999876
232 29.000000 24.000000 0.02102899999999999908
233 28.000000 23.000000 0.01923249999999999960
234 29.000000 22.000000 0.02897100000000000022
235 26.000000 21.000000 0.02177199999999999969
236 27.000000 22.000000 0.02144599999999999979
237 38.000000 27.000000 0.01450410000000000067
238 29.000000 23.000000 0.01952970000000000053
239 24.000000 21.000000 0.02408060000000000062
240 38.000000 27.000000 0.01986059999999999909
241 26.000000 22.000000 0.02072689999999999949
242 24.000000 20.000000 0.02349350000000000049
243 23.000000 19.000000 0.01972449999999999898
244 36.000000 26.000000 0.02054929999999999951
245 28.000000 23.000000 0.01735930000000000112
246 25.000000 20.000000 0.01511430000000000065
247 37.000000 27.000000 0.01422190000000000086
248 25.000000 20.000000 0.01526040000000000035
249 34.000000 25.000000 0.01785149999999999931
250 29.000000 22.000000 0.02144019999999999954
251 33.000000 26.000000 0.02064859999999999959
252 30.000000 27.000000 0.01403700000000000087
253 25.000000 20.000000 0.01434709999999999978
254 22.000000 19.000000 0.01574089999999999864
255 38.000000 28.000000 0.01322240000000000047
256 25.000000 20.000000 0.01490499999999999985
257 35.000000 28.000000 0.01267569999999999981
258 38.000000 25.000000 0.01300579999999999965
259 29.000000 25.000000 0.01834210000000000007
260 26.000000 24.000000 0.02099149999999999974
261 30.000000 22.000000 0.01503359999999999939
262 30.000000 23.000000 0.01653500000000000109
263 25.000000 22.000000 0.02146910000000000138
264 26.000000 19.000000 0.01817629999999999940
265 28.000000 23.000000 0.01340479999999999970
266 28.000000 22.000000 0.01708710000000000090
267 26.000000 21.000000 0.02235989999999999853
268 33.000000 26.000000 0.01894480000000000122
269 25.000000 23.000000 0.01409539999999999925
270 24.000000 21.000000 0.01534529999999999922
271 25.000000 20.000000 0.01276930000000000079
272 33.000000 25.000000 0.01261540000000000057
273 39.000000 29.000000 0.01288860000000000006
274 35.000000 24.000000 0.01349530000000000000
275 21.000000 19.000000 0.01363720000000000036
276 33.000000 27.000000 0.01410609999999999989
277 26.000000 22.000000 0.02136609999999999898
278 26.000000 22.000000 0.01650830000000000006
279 30.000000 26.000000 0.02018160000000000093
280 25.000000 21.000000 0.01341209999999999972
281 23.000000 19.000000 0.01725439999999999960
282 33.000000 26.000000 0.01547149999999999914
283 22.000000 19.000000 0.01947110000000000160
284 32.000000 23.000000 0.01251209999999999996
285 24.000000 21.000000 0.01733310000000000059
286 24.000000 21.000000 0.02485019999999999937
287 26.000000 20.000000 0.01423529999999999934
288 27.000000 25.000000 0.01617829999999999963
289 24.000000 20.000000 0.01457080000000000007
290 30.000000 21.000000 0.01652270000000000127
291 42.000000 29.000000 0.01507990000000000025
292 27.000000 22.000000 0.01407979999999999995
293 28.000000 23.000000 0.01412139999999999923
294 30.000000 24.000000 0.01679210000000000078
295 33.000000 28.000000 0.01784120000000000150
296 28.000000 21.000000 0.01294009999999999952
297 29.000000 23.000000 0.01420139999999999944
298 27.000000 24.000000 0.01248739999999999919
299 30.000000 24.000000 0.01420629999999999983
300 29.000000 25.000000 0.01740399999999999933
301 29.000000 23.000000 0.01545440000000000008
302 22.000000 19.000000 0.01355390000000000067
303 35.000000 27.000000 0.01743149999999999908
304 19.000000 19.000000 0.01466899999999999975
305 28.000000 23.000000 0.01524909999999999981
306 26.000000 22.000000 0.01945399999999999907
307 30.000000 24.000000 0.01326109999999999962
308 32.000000 26.000000 0.01497440000000000056
309 23.000000 19.000000 0.01287020000000000004
310 24.000000 21.000000 0.01814589999999999953
311 28.000000 23.000000 0.01356049999999999964
312 28.000000 24.000000 0.01223999999999999914
313 29.000000 24.000000 0.01033290000000000076
314 35.000000 28.000000 0.01289560000000000012
315 23.000000 20.000000 0.01130459999999999972
316 27.000000 22.000000 0.01191240000000000007
317 31.000000 23.000000 0.01187509999999999954
318 29.000000 26.000000 0.01135070000000000003
319 30.000000 23.000000 0.01147150000000000079
320 25.000000 20.000000 0.01148970000000000026
321 28.000000 23.000000 0.01231310000000000043
322 27.000000 20.000000 0.01070270000000000075
323 24.000000 21.000000 0.01126820000000000078
324 22.000000 20.000000 0.01308280000000000033
325 30.000000 24.000000 0.01239029999999999992
326 24.000000 20.000000 0.01262180000000000073
327 34.000000 26.000000 0.01074080000000000000
328 26.000000 24.000000 0.01311410000000000006
329 31.000000 25.000000 0.01060980000000000083
330 24.000000 22.000000 0.01231570000000000061
331 27.000000 24.000000 0.01273960000000000023
332 30.000000 25.000000 0.01321079999999999997
333 24.000000 22.000000 0.01095570000000000051
334 25.000000 23.000000 0.01177989999999999940
335 33.000000 23.000000 0.01121909999999999921
336 23.000000 20.000000 0.01116319999999999986
337 24.000000 23.000000 0.01093839999999999917
338 19.000000 19.000000 0.01362690000000000082
339 35.000000 28.000000 0.01245669999999999937
340 22.000000 21.000000 0.01374779999999999926
341 34.000000 27.000000 0.01118820000000000058
342 28.000000 23.000000 0.01304070000000000056
343 28.000000 22.000000 0.01163280000000000043
344 33.000000 25.000000 0.01205980000000000073
345 34.000000 24.000000 0.01175799999999999935
346 22.000000 21.000000 0.01291540000000000049
347 25.000000 20.000000 0.01977960000000000135
348 40.000000 30.000000 0.01227460000000000009
349 26.000000 21.000000 0.01173109999999999951
350 34.000000 24.000000 0.01170919999999999947
351 33.000000 24.000000 0.01389489999999999996
352 28.000000 22.000000 0.01182150000000000041
353 30.000000 25.000000 0.01294419999999999946
354 27.000000 21.000000 0.01151010000000000054
355 35.000000 26.000000 0.01098569999999999929
356 21.000000 20.000000 0.01254790000000000072
357 30.000000 24.000000 0.01287519999999999984
358 26.000000 22.000000 0.01392550000000000038
359 27.000000 23.000000 0.01194759999999999919
360 28.000000 25.000000 0.01131670000000000072
361 34.000000 24.000000 0.01094059999999999998
362 27.000000 22.000000 0.01054899999999999935
363 23.000000 22.000000 0.01182040000000000000
364 33.000000 25.000000 0.01066630000000000009
365 27.000000 24.000000 0.01164770000000000041
366 30.000000 25.000000 0.01270330000000000070
367 31.000000 24.000000 0.01086580000000000011
368 34.000000 24.000000 0.01018980000000000059
369 23.000000 20.000000 0.01118620000000000031
370 30.000000 22.000000 0.01195580000000000080
371 33.000000 25.000000 0.01099439999999999966
372 29.000000 25.000000 0.01058399999999999966
373 36.000000 27.000000 0.01030310000000000080
374 26.000000 20.000000 0.01115720000000000080
375 26.000000 22.000000 0.01155139999999999986
376 22.000000 20.000000 0.01182030000000000060
377 23.000000 22.000000 0.01129089999999999955
378 21.000000 19.000000 0.01118019999999999951
379 26.000000 20.000000 0.01106500000000000018
380 33.000000 24.000000 0.01125600000000000038
381 36.000000 26.000000 0.01351049999999999994
382 30.000000 25.000000 0.01129340000000000031
383 26.000000 21.000000 0.01097670000000000069
384 24.000000 21.000000 0.01105500000000000059
385 23.000000 18.000000 0.01110260000000000066
386 34.000000 25.000000 0.01027209999999999929
387 21.000000 19.000000 0.01110949999999999958
388 25.000000 19.000000 0.01093189999999999960
389 33.000000 24.000000 0.01031040000000000081
390 25.000000 22.000000 0.01091750000000000012
391 24.000000 20.000000 0.01112770000000000079
392 25.000000 20.000000 0.01105150000000000056
393 29.000000 24.000000 0.01145849999999999994
394 21.000000 19.000000 0.01112800000000000074
395 29.000000 23.000000 0.01116340000000000041
396 22.000000 20.000000 0.01230440000000000006
397 24.000000 23.000000 0.01075790000000000080
398 30.000000 25.000000 0.01105790000000000071
399 25.000000 23.000000 0.01203470000000000061
400 31.000000 23.000000 0.01140230000000000063
401 23.000000 21.000000 0.01207210000000000054
402 27.000000 25.000000 0.01081209999999999984
403 25.000000 19.000000 0.01257540000000000047
404 30.000000 23.000000 0.01432529999999999915
405 30.000000 25.000000 0.01150329999999999929
406 29.000000 24.000000 0.01164240000000000066
407 23.000000 21.000000 0.01328380000000000012
408 21.000000 18.000000 0.01218729999999999987
409 21.000000 20.000000 0.01248699999999999984
410 31.000000 26.000000 0.01191140000000000081
411 20.000000 18.000000 0.01102080000000000073
412 18.000000 17.000000 0.01157820000000000030
413 37.000000 26.000000 0.01028959999999999944
414 20.000000 19.000000 0.01174550000000000073
415 36.000000 24.000000 0.01022529999999999967
416 31.000000 25.000000 0.01062240000000000059
417 33.000000 27.000000 0.01392350000000000011
418 24.000000 20.000000 0.01148410000000000056
419 29.000000 24.000000 0.01239350000000000000
420 29.000000 23.000000 0.01220560000000000048
