1 50.000000 38.000000 0.33681230000000000890
2 54.000000 43.000000 0.14438010000000001121
3 51.000000 38.000000 0.10260669999999999513
4 36.000000 28.000000 0.08444749999999999479
5 58.000000 40.000000 0.17758540000000000436
6 58.000000 39.000000 0.06549449999999999716
7 62.000000 44.000000 0.10084600000000000508
8 81.000000 52.000000 0.09581939999999999902
9 64.000000 46.000000 0.08741039999999999921
10 43.000000 34.000000 0.09074419999999999709
11 48.000000 36.000000 0.07196550000000000169
12 45.000000 36.000000 0.09950610000000000011
13 64.000000 46.000000 0.15403580000000000050
14 53.000000 41.000000 0.26091589999999997840
15 66.000000 47.000000 0.11744330000000000047
16 37.000000 30.000000 0.09119289999999999341
17 54.000000 43.000000 0.14127660000000000218
18 72.000000 50.000000 0.11586870000000000502
19 51.000000 41.000000 0.08418799999999999895
20 49.000000 37.000000 0.10157460000000000100
21 64.000000 46.000000 0.11935320000000000651
22 49.000000 35.000000 0.09144389999999999463
23 54.000000 40.000000 0.09342549999999999466
24 58.000000 41.000000 0.08805409999999999626
25 42.000000 34.000000 0.08764239999999999531
26 54.000000 38.000000 0.07544190000000000618
27 62.000000 45.000000 0.10712220000000000075
28 45.000000 33.000000 0.08540140000000000231
29 48.000000 38.000000 0.09580170000000000352
30 59.000000 42.000000 0.10583529999999999327
31 66.000000 48.000000 0.06773769999999999791
32 48.000000 36.000000 0.11009779999999999567
33 53.000000 45.000000 0.10366409999999999514
34 54.000000 40.000000 0.11296710000000000085
35 55.000000 41.000000 0.08070330000000000559
36 45.000000 36.000000 0.10330179999999999918
37 51.000000 41.000000 0.08682499999999999940
38 42.000000 33.000000 0.08439869999999999317
39 54.000000 42.000000 0.10141830000000000289
40 63.000000 43.000000 0.08842020000000000435
41 57.000000 43.000000 0.06461310000000000664
42 47.000000 36.000000 0.06338950000000000140
43 69.000000 50.000000 0.10653769999999999907
44 33.000000 31.000000 0.06407889999999999420
45 37.000000 29.000000 0.08424710000000000532
46 57.000000 42.000000 0.07141069999999999363
47 52.000000 39.000000 0.07870789999999999731
48 52.000000 40.000000 0.07261760000000000437
49 54.000000 42.000000 0.07775020000000000542
50 59.000000 42.000000 0.07812969999999999637
51 55.000000 40.000000 0.09891350000000000142
52 65.000000 45.000000 0.08194410000000000582
53 38.000000 33.000000 0.06866680000000000006
54 70.000000 49.000000 0.06469909999999999550
55 50.000000 39.000000 0.09955849999999999422
56 59.000000 41.000000 0.08585790000000000088
57 48.000000 40.000000 0.10148980000000000501
58 67.000000 41.000000 0.06304479999999999806
59 42.000000 33.000000 0.07858669999999999545
60 49.000000 39.000000 0.09733419999999999572
61 56.000000 42.000000 0.07102990000000000692
62 66.000000 49.000000 0.08401069999999999371
63 53.000000 40.000000 0.09696249999999999314
64 45.000000 35.000000 0.07790189999999999615
65 56.000000 39.000000 0.08899450000000000416
66 58.000000 43.000000 0.08260990000000000000
67 47.000000 39.000000 0.08379830000000000612
68 54.000000 41.000000 0.06486400000000000499
69 59.000000 47.000000 0.10921119999999999439
70 49.000000 37.000000 0.10359219999999999540
71 40.000000 34.000000 0.07904179999999999540
72 44.000000 35.000000 0.07140130000000000088
73 56.000000 45.000000 0.05840100000000000152
74 65.000000 44.000000 0.06229939999999999783
75 40.000000 31.000000 0.06292689999999999395
76 52.000000 42.000000 0.05866289999999999699
77 55.000000 42.000000 0.09392209999999999448
78 56.000000 41.000000 0.07947350000000000247
79 51.000000 36.000000 0.07162989999999999635
80 66.000000 44.000000 0.07310389999999999944
81 50.000000 41.000000 0.10102029999999999343
82 39.000000 31.000000 0.08482560000000000100
83 60.000000 41.000000 0.08150540000000000562
84 51.000000 37.000000 0.13509599999999999387
85 59.000000 44.000000 0.11173619999999999386
86 52.000000 39.000000 0.07998679999999999679
87 55.000000 43.000000 0.10253489999999999827
88 43.000000 35.000000 0.09137249999999999539
89 74.000000 47.000000 0.06805669999999999775
90 62.000000 49.000000 0.06160190000000000110
91 56.000000 42.000000 0.08328080000000000205
92 66.000000 44.000000 0.08511610000000000009
93 55.000000 39.000000 0.07350170000000000314
94 69.000000 51.000000 0.07437459999999999904
95 56.000000 44.000000 0.06345199999999999452
96 56.000000 42.000000 0.10919719999999999427
97 44.000000 31.000000 0.06698880000000000112
98 42.000000 37.000000 0.07432170000000000443
99 50.000000 35.000000 0.06732820000000000471
100 47.000000 37.000000 0.07142569999999999475
101 67.000000 49.000000 0.05276519999999999821
102 59.000000 44.000000 0.06509370000000000434
103 47.000000 35.000000 0.06813980000000000037
104 39.000000 33.000000 0.06336730000000000140
105 45.000000 38.000000 0.06968969999999999332
106 53.000000 41.000000 0.07076530000000000320
107 64.000000 48.000000 0.06637759999999999494
108 39.000000 30.000000 0.07570689999999999364
109 67.000000 48.000000 0.06866239999999999843
110 45.000000 38.000000 0.05888170000000000209
111 62.000000 45.000000 0.04693939999999999918
112 53.000000 45.000000 0.07201889999999999681
113 65.000000 48.000000 0.07770409999999999817
114 42.000000 32.000000 0.05769849999999999979
115 51.000000 36.000000 0.09600980000000000625
116 45.000000 38.000000 0.06104060000000000041
117 55.000000 45.000000 0.06067390000000000283
118 54.000000 40.000000 0.06287760000000000571
119 51.000000 38.000000 0.08209900000000000531
120 46.000000 35.000000 0.07336869999999999503
121 40.000000 30.000000 0.06700230000000000075
122 47.000000 34.000000 0.05569469999999999976
123 46.000000 37.000000 0.06174389999999999740
124 48.000000 38.000000 0.06089510000000000062
125 52.000000 40.000000 0.06829129999999999923
126 60.000000 51.000000 0.06780999999999999528
127 52.000000 37.000000 0.06408819999999999795
128 68.000000 49.000000 0.06954359999999999709
129 43.000000 34.000000 0.07217709999999999404
130 46.000000 36.000000 0.05990449999999999942
131 48.000000 38.000000 0.06467849999999999988
132 54.000000 39.000000 0.06527539999999999731
133 48.000000 37.000000 0.05962230000000000307
134 53.000000 37.000000 0.06557140000000000191
135 60.000000 45.000000 0.05379459999999999797
136 52.000000 36.000000 0.07119889999999999552
137 56.000000 42.000000 0.07254289999999999350
138 59.000000 43.000000 0.10143370000000000164
139 53.000000 39.000000 0.06663429999999999354
140 65.000000 45.000000 0.07327730000000000354
141 50.000000 37.000000 0.06759360000000000368
142 49.000000 40.000000 0.10525120000000000309
143 46.000000 37.000000 0.07644720000000000681
144 66.000000 48.000000 0.06755569999999999631
145 50.000000 45.000000 0.11128380000000000216
146 67.000000 48.000000 0.09068610000000000559
147 69.000000 52.000000 0.05549289999999999778
148 47.000000 36.000000 0.07950300000000000422
149 48.000000 43.000000 0.09316839999999999844
150 49.000000 40.000000 0.07234300000000000452
151 41.000000 33.000000 0.06598410000000000386
152 59.000000 44.000000 0.08054669999999999885
153 61.000000 45.000000 0.05692280000000000256
154 47.000000 37.000000 0.05896559999999999996
155 53.000000 40.000000 0.06883160000000000667
156 45.000000 36.000000 0.06866419999999999468
157 56.000000 41.000000 0.07805860000000000576
158 57.000000 41.000000 0.05300939999999999819
159 49.000000 39.000000 0.05910819999999999963
160 54.000000 44.000000 0.07452190000000000203
161 67.000000 49.000000 0.06897939999999999627
162 47.000000 33.000000 0.05443370000000000153
163 51.000000 39.000000 0.06671729999999999328
164 50.000000 40.000000 0.06244620000000000032
165 58.000000 43.000000 0.06633609999999999507
166 66.000000 47.000000 0.05318969999999999948
167 50.000000 37.000000 0.06630890000000000395
168 62.000000 48.000000 0.06827569999999999473
169 49.000000 40.000000 0.06375469999999999748
170 48.000000 43.000000 0.06215880000000000016
171 50.000000 36.000000 0.06812369999999999537
172 46.000000 39.000000 0.06387940000000000285
173 87.000000 53.000000 0.07139710000000000500
174 60.000000 40.000000 0.07350650000000000239
175 75.000000 52.000000 0.06049770000000000147
176 56.000000 38.000000 0.08582140000000000601
177 45.000000 36.000000 0.05937300000000000216
178 57.000000 44.000000 0.05915539999999999687
179 54.000000 42.000000 0.07109000000000000041
180 39.000000 36.000000 0.06257240000000000024
181 62.000000 47.000000 0.06643709999999999893
182 70.000000 49.000000 0.07695399999999999463
183 63.000000 45.000000 0.06631280000000000507
184 63.000000 47.000000 0.07687140000000000639
185 52.000000 39.000000 0.06795429999999999526
186 58.000000 43.000000 0.05763650000000000023
187 52.000000 39.000000 0.08483480000000000187
188 59.000000 49.000000 0.06400050000000000183
189 48.000000 39.000000 0.07284340000000000259
190 33.000000 30.000000 0.07480299999999999450
191 38.000000 31.000000 0.05936079999999999829
192 54.000000 42.000000 0.07569750000000000090
193 70.000000 47.000000 0.05392659999999999815
194 70.000000 51.000000 0.06283890000000000309
195 49.000000 40.000000 0.08286910000000000109
196 47.000000 35.000000 0.07510519999999999696
197 60.000000 48.000000 0.07214349999999999929
198 80.000000 51.000000 0.06067190000000000083
199 50.000000 40.000000 0.06045299999999999979
200 49.000000 38.000000 0.05846509999999999901
201 54.000000 40.000000 0.07057049999999999434
202 59.000000 45.000000 0.07915940000000000476
203 41.000000 31.000000 0.06291309999999999958
204 34.000000 31.000000 0.05954809999999999964
205 41.000000 33.000000 0.07277060000000000473
206 51.000000 39.000000 0.05335750000000000215
207 53.000000 39.000000 0.06084839999999999693
208 61.000000 44.000000 0.05112400000000000277
209 46.000000 37.000000 0.06054659999999999903
210 48.000000 38.000000 0.07471909999999999663
211 54.000000 43.000000 0.06405510000000000370
212 56.000000 41.000000 0.08559070000000000566
213 49.000000 38.000000 0.07023110000000000464
214 39.000000 31.000000 0.06555429999999999591
215 43.000000 35.000000 0.06038530000000000286
216 61.000000 44.000000 0.06329369999999999441
217 65.000000 43.000000 0.05978929999999999662
218 66.000000 48.000000 0.06258229999999999349
219 63.000000 46.000000 0.05980219999999999980
220 61.000000 44.000000 0.08914980000000000127
221 61.000000 48.000000 0.05619330000000000158
222 51.000000 38.000000 0.06791850000000000664
223 56.000000 39.000000 0.05661420000000000341
224 47.000000 35.000000 0.08265350000000000474
225 58.000000 42.000000 0.07201340000000000519
226 51.000000 39.000000 0.08686389999999999390
227 52.000000 42.000000 0.05875199999999999867
228 49.000000 40.000000 0.06648229999999999418
229 45.000000 36.000000 0.06794450000000000489
230 53.000000 43.000000 0.11524560000000000359
231 45.000000 32.000000 0.06830709999999999560
232 41.000000 34.000000 0.06675150000000000527
233 71.000000 47.000000 0.06765329999999999955
234 57.000000 44.000000 0.07131940000000000501
235 53.000000 39.000000 0.04748720000000000024
236 65.000000 46.000000 0.06350899999999999601
237 50.000000 39.000000 0.08307040000000000257
238 59.000000 44.000000 0.07833519999999999373
239 60.000000 48.000000 0.06295180000000000220
240 47.000000 34.000000 0.05992340000000000166
241 59.000000 41.000000 0.07642269999999999619
242 62.000000 42.000000 0.05059980000000000033
243 65.000000 50.000000 0.05106929999999999803
244 57.000000 42.000000 0.06932589999999999586
245 48.000000 37.000000 0.05865150000000000224
246 45.000000 34.000000 0.05388099999999999834
247 39.000000 31.000000 0.05057969999999999827
248 44.000000 35.000000 0.06216880000000000323
249 75.000000 53.000000 0.05153920000000000029
250 51.000000 35.000000 0.06013210000000000083
251 61.000000 49.000000 0.05705930000000000030
252 75.000000 59.000000 0.04873600000000000154
253 66.000000 50.000000 0.05667470000000000147
254 47.000000 38.000000 0.06842929999999999846
255 60.000000 47.000000 0.04550409999999999872
256 52.000000 39.000000 0.05836630000000000290
257 41.000000 33.000000 0.04501009999999999733
258 40.000000 32.000000 0.05574919999999999876
259 43.000000 31.000000 0.04273409999999999709
260 64.000000 43.000000 0.06335190000000000266
261 88.000000 60.000000 0.04940300000000000247
262 45.000000 34.000000 0.06208960000000000173
263 69.000000 51.000000 0.06331599999999999728
264 53.000000 40.000000 0.04374780000000000335
265 61.000000 43.000000 0.05745220000000000188
266 50.000000 38.000000 0.06446050000000000391
267 61.000000 44.000000 0.07433059999999999667
268 65.000000 45.000000 0.06313489999999999380
269 60.000000 45.000000 0.07032099999999999462
270 55.000000 40.000000 0.05541630000000000167
271 58.000000 41.000000 0.06503749999999999809
272 56.000000 40.000000 0.05319129999999999692
273 59.000000 44.000000 0.05332819999999999921
274 55.000000 45.000000 0.04012319999999999776
275 53.000000 39.000000 0.06322850000000000692
276 52.000000 38.000000 0.05236640000000000045
277 59.000000 46.000000 0.05137309999999999793
278 57.000000 39.000000 0.04553109999999999796
279 60.000000 47.000000 0.03796709999999999668
280 52.000000 38.000000 0.05710579999999999823
281 26.000000 24.000000 0.05673940000000000233
282 57.000000 40.000000 0.05279690000000000077
283 44.000000 37.000000 0.04158640000000000253
284 65.000000 43.000000 0.06461880000000000401
285 65.000000 45.000000 0.04688380000000000325
286 52.000000 41.000000 0.05531040000000000262
287 49.000000 37.000000 0.04193310000000000093
288 46.000000 37.000000 0.04649530000000000329
289 45.000000 35.000000 0.04334670000000000190
290 44.000000 35.000000 0.02970799999999999830
291 46.000000 34.000000 0.04075369999999999687
292 43.000000 37.000000 0.05300529999999999825
293 74.000000 51.000000 0.03393229999999999857
294 55.000000 42.000000 0.04403560000000000113
295 56.000000 42.000000 0.04923700000000000299
296 53.000000 46.000000 0.05363829999999999987
297 62.000000 47.000000 0.05624450000000000283
298 45.000000 34.000000 0.04801980000000000137
299 53.000000 39.000000 0.03856749999999999762
300 57.000000 44.000000 0.04719609999999999778
301 53.000000 42.000000 0.04294499999999999706
302 54.000000 41.000000 0.04463980000000000031
303 59.000000 39.000000 0.04411500000000000143
304 55.000000 42.000000 0.05069529999999999870
305 62.000000 48.000000 0.04585190000000000099
306 70.000000 50.000000 0.04600970000000000060
307 33.000000 29.000000 0.04143770000000000092
308 45.000000 33.000000 0.03660059999999999703
309 36.000000 31.000000 0.04031010000000000149
310 61.000000 44.000000 0.03755409999999999998
311 50.000000 42.000000 0.04064720000000000139
312 55.000000 44.000000 0.03957340000000000163
313 46.000000 37.000000 0.05485539999999999861
314 53.000000 42.000000 0.03852909999999999668
315 48.000000 34.000000 0.03518960000000000143
316 39.000000 32.000000 0.04012269999999999726
317 54.000000 45.000000 0.03154350000000000209
318 50.000000 42.000000 0.03309279999999999861
319 60.000000 43.000000 0.03650919999999999860
320 66.000000 47.000000 0.03043059999999999862
321 43.000000 32.000000 0.04335870000000000002
322 51.000000 41.000000 0.05721539999999999959
323 53.000000 41.000000 0.04712290000000000229
324 62.000000 46.000000 0.03812610000000000304
325 49.000000 38.000000 0.04974230000000000318
326 54.000000 43.000000 0.06539300000000000668
327 60.000000 44.000000 0.04565170000000000339
328 44.000000 33.000000 0.04400160000000000182
329 59.000000 46.000000 0.04917710000000000137
330 45.000000 35.000000 0.06707209999999999561
331 54.000000 40.000000 0.05316250000000000142
332 50.000000 37.000000 0.06277520000000000322
333 62.000000 45.000000 0.04956569999999999726
334 54.000000 40.000000 0.04516690000000000288
335 43.000000 36.000000 0.03661110000000000059
336 40.000000 30.000000 0.04248729999999999868
337 44.000000 36.000000 0.03915230000000000099
338 57.000000 43.000000 0.04599539999999999879
339 35.000000 30.000000 0.04040880000000000166
340 68.000000 48.000000 0.04104220000000000090
341 51.000000 42.000000 0.04118630000000000208
342 68.000000 45.000000 0.05181299999999999795
343 60.000000 44.000000 0.04201049999999999923
344 54.000000 42.000000 0.03565870000000000151
345 60.000000 45.000000 0.04530929999999999680
346 49.000000 41.000000 0.04625030000000000113
347 57.000000 40.000000 0.03952080000000000176
348 50.000000 37.000000 0.03426730000000000054
349 55.000000 42.000000 0.03651089999999999891
350 50.000000 41.000000 0.05003090000000000315
351 50.000000 38.000000 0.03470560000000000311
352 43.000000 37.000000 0.03586179999999999923
353 48.000000 39.000000 0.04283490000000000214
354 54.000000 42.000000 0.03779020000000000296
355 48.000000 36.000000 0.04428229999999999666
356 60.000000 45.000000 0.03892620000000000108
357 29.000000 24.000000 0.03431649999999999978
358 46.000000 34.000000 0.04115150000000000058
359 67.000000 45.000000 0.04324519999999999753
360 46.000000 38.000000 0.04686980000000000313
361 48.000000 38.000000 0.03590990000000000154
362 56.000000 44.000000 0.05910959999999999825
363 51.000000 37.000000 0.04480180000000000273
364 45.000000 38.000000 0.04146570000000000117
365 62.000000 46.000000 0.03298469999999999874
366 36.000000 31.000000 0.05926180000000000336
367 55.000000 41.000000 0.04735609999999999820
368 39.000000 31.000000 0.04672640000000000127
369 63.000000 44.000000 0.03685970000000000218
370 72.000000 51.000000 0.04198659999999999892
371 65.000000 50.000000 0.05061870000000000258
372 54.000000 42.000000 0.04869430000000000286
373 58.000000 43.000000 0.03843169999999999920
374 64.000000 48.000000 0.04038449999999999679
375 45.000000 38.000000 0.04100120000000000153
376 36.000000 30.000000 0.05820979999999999904
377 44.000000 37.000000 0.03689839999999999787
378 66.000000 46.000000 0.04122540000000000232
379 42.000000 37.000000 0.04175439999999999707
380 47.000000 35.000000 0.03305940000000000267
381 52.000000 44.000000 0.03525980000000000086
382 48.000000 38.000000 0.03265490000000000059
383 37.000000 32.000000 0.05055699999999999777
384 59.000000 44.000000 0.04989720000000000266
385 43.000000 34.000000 0.03952640000000000320
386 51.000000 39.000000 0.05432800000000000129
387 45.000000 36.000000 0.04531870000000000342
388 50.000000 39.000000 0.03115269999999999845
389 46.000000 39.000000 0.03945930000000000271
390 42.000000 33.000000 0.03103200000000000056
391 48.000000 39.000000 0.03204339999999999966
392 56.000000 42.000000 0.03857540000000000274
393 38.000000 31.000000 0.04400230000000000113
394 60.000000 46.000000 0.04411609999999999837
395 40.000000 31.000000 0.05166540000000000021
396 60.000000 48.000000 0.04652350000000000235
397 47.000000 37.000000 0.03340110000000000301
398 48.000000 38.000000 0.03274980000000000252
399 44.000000 37.000000 0.02835750000000000076
400 40.000000 32.000000 0.03136869999999999936
401 75.000000 55.000000 0.02623320000000000166
402 37.000000 34.000000 0.02785170000000000007
403 45.000000 37.000000 0.03399400000000000338
404 56.000000 42.000000 0.03202599999999999891
405 50.000000 38.000000 0.02154729999999999840
406 59.000000 42.000000 0.02403689999999999993
407 71.000000 50.000000 0.03126179999999999931
408 72.000000 55.000000 0.02666510000000000061
409 73.000000 49.000000 0.02833940000000000070
410 64.000000 46.000000 0.03340529999999999888
411 71.000000 53.000000 0.03565689999999999832
412 60.000000 44.000000 0.03529639999999999861
413 48.000000 40.000000 0.02807830000000000048
414 57.000000 40.000000 0.02596880000000000022
415 52.000000 38.000000 0.04991620000000000085
416 51.000000 38.000000 0.02651229999999999906
417 67.000000 47.000000 0.02706019999999999953
418 40.000000 35.000000 0.02674179999999999960
419 61.000000 42.000000 0.02429869999999999947
420 43.000000 36.000000 0.02806900000000000020
