1 106.000000 74.000000 1.07659810000000000230
2 121.000000 82.000000 1.59811499999999995225
3 123.000000 93.000000 1.70181179999999998564
4 127.000000 86.000000 1.44703870000000001106
5 103.000000 76.000000 0.57520570000000004196
6 94.000000 76.000000 1.41672590000000009347
7 94.000000 73.000000 1.40675379999999994318
8 91.000000 65.000000 0.27893869999999998388
9 132.000000 93.000000 0.54008100000000003327
10 107.000000 77.000000 0.66840580000000004990
11 107.000000 78.000000 0.33980349999999998056
12 107.000000 74.000000 0.69737530000000003128
13 114.000000 84.000000 0.59306110000000000770
14 133.000000 102.000000 0.43480689999999999618
15 152.000000 109.000000 1.10195930000000008597
16 108.000000 82.000000 1.21839129999999995491
17 109.000000 82.000000 0.91490099999999996427
18 116.000000 81.000000 0.87569339999999995516
19 102.000000 80.000000 1.07393150000000003885
20 123.000000 85.000000 0.44302580000000002514
21 102.000000 74.000000 0.49412709999999998578
22 108.000000 81.000000 0.57509690000000002197
23 79.000000 59.000000 0.55843790000000004259
24 75.000000 61.000000 0.26188329999999998554
25 85.000000 72.000000 0.39395380000000002063
26 93.000000 72.000000 0.67258099999999998442
27 108.000000 78.000000 0.61572309999999996766
28 128.000000 91.000000 0.38471939999999998916
29 76.000000 60.000000 0.80634490000000003107
30 89.000000 73.000000 0.46041019999999999168
31 109.000000 83.000000 0.51396600000000003394
32 135.000000 98.000000 0.83027819999999996625
33 97.000000 73.000000 1.18175199999999991363
34 133.000000 103.000000 0.39094889999999998809
35 102.000000 73.000000 0.21949710000000000054
36 77.000000 60.000000 0.86112469999999996517
37 125.000000 90.000000 0.80733449999999995494
38 127.000000 84.000000 1.51508020000000009908
39 93.000000 67.000000 0.94579630000000003420
40 120.000000 82.000000 0.83388899999999999135
41 124.000000 96.000000 0.24830459999999998644
42 96.000000 80.000000 0.28827160000000001672
43 93.000000 70.000000 0.33763809999999999656
44 145.000000 101.000000 0.32222180000000000266
45 99.000000 72.000000 0.23202809999999998714
46 89.000000 68.000000 0.39791630000000000056
47 126.000000 92.000000 0.30572949999999998738
48 119.000000 83.000000 0.32453290000000001303
49 90.000000 73.000000 0.29148879999999999235
50 117.000000 86.000000 0.30764380000000002280
51 117.000000 89.000000 0.26962120000000000530
52 106.000000 77.000000 0.18291730000000000489
53 121.000000 88.000000 0.22543859999999998900
54 94.000000 71.000000 1.48419849999999997614
55 131.000000 83.000000 0.20035349999999998993
56 111.000000 78.000000 0.27100600000000002465
57 109.000000 74.000000 0.19900740000000000096
58 166.000000 116.000000 0.31342100000000000515
59 89.000000 67.000000 0.29695870000000001987
60 110.000000 78.000000 0.22044790000000000219
61 115.000000 88.000000 0.35836180000000000812
62 85.000000 66.000000 0.26823099999999999721
63 147.000000 99.000000 0.31417980000000000906
64 146.000000 100.000000 0.29107260000000001465
65 86.000000 65.000000 0.57150120000000004250
66 117.000000 82.000000 2.89272360000000006153
67 88.000000 66.000000 0.40080419999999999936
68 166.000000 106.000000 0.14996100000000001096
69 139.000000 100.000000 0.19986929999999999974
70 138.000000 94.000000 1.34910949999999996152
71 96.000000 72.000000 0.31229210000000001690
72 119.000000 87.000000 0.21263889999999999181
73 124.000000 94.000000 0.18561379999999999546
74 103.000000 74.000000 0.23600640000000000507
75 93.000000 80.000000 0.86249620000000004616
76 124.000000 81.000000 0.42392530000000000490
77 86.000000 63.000000 0.28524579999999999380
78 150.000000 105.000000 0.24116170000000000662
79 89.000000 65.000000 0.24102689999999998838
80 93.000000 74.000000 0.68514430000000003940
81 141.000000 95.000000 0.21876539999999999875
82 115.000000 77.000000 0.27146510000000001472
83 93.000000 72.000000 0.57743780000000000108
84 133.000000 96.000000 0.30246000000000000663
85 84.000000 64.000000 0.43576140000000002095
86 118.000000 83.000000 0.19949400000000000466
87 93.000000 71.000000 0.24457680000000001086
88 92.000000 71.000000 0.18184300000000000463
89 86.000000 72.000000 0.25362129999999999397
90 111.000000 79.000000 0.19069720000000001114
91 120.000000 88.000000 0.15363669999999998717
92 97.000000 75.000000 0.23375000000000001332
93 117.000000 86.000000 0.19646459999999998924
94 93.000000 67.000000 0.19526489999999999125
95 108.000000 79.000000 0.19472249999999999281
96 117.000000 87.000000 0.16427159999999998985
97 62.000000 56.000000 0.23166439999999999255
98 104.000000 83.000000 0.16250429999999999042
99 65.000000 48.000000 0.19601409999999999667
100 127.000000 90.000000 0.28020749999999999824
101 96.000000 74.000000 0.20722319999999999629
102 79.000000 63.000000 0.23659779999999999700
103 119.000000 85.000000 0.17038030000000001229
104 106.000000 79.000000 0.19339270000000000072
105 120.000000 93.000000 0.24327689999999999038
106 107.000000 76.000000 0.18669810000000000572
107 154.000000 96.000000 0.21388650000000000717
108 132.000000 99.000000 0.15300069999999998949
109 141.000000 96.000000 0.27702939999999998122
110 109.000000 75.000000 0.19750329999999999275
111 118.000000 88.000000 0.28078140000000001431
112 97.000000 75.000000 0.21990090000000001025
113 97.000000 69.000000 0.16153490000000000903
114 105.000000 82.000000 0.22372990000000000932
115 110.000000 77.000000 0.20013130000000001196
116 105.000000 79.000000 0.24691409999999999747
117 127.000000 90.000000 0.14123849999999998905
118 126.000000 84.000000 0.29222389999999998089
119 107.000000 78.000000 0.19244749999999999357
120 129.000000 91.000000 0.23753579999999999139
121 117.000000 85.000000 0.16453580000000000982
122 105.000000 80.000000 0.22987099999999999200
123 103.000000 75.000000 0.18059559999999999502
124 141.000000 97.000000 0.23151879999999999682
125 120.000000 86.000000 0.21067939999999998890
126 110.000000 83.000000 0.16222970000000000446
127 84.000000 68.000000 0.16640569999999998974
128 121.000000 87.000000 0.27664260000000001627
129 129.000000 93.000000 0.19032089999999998731
130 81.000000 63.000000 0.23837320000000000730
131 112.000000 85.000000 0.24574250000000000260
132 109.000000 72.000000 0.25340819999999997236
133 100.000000 78.000000 0.16230829999999998869
134 98.000000 74.000000 0.22692149999999999821
135 128.000000 88.000000 0.19924079999999999568
136 138.000000 91.000000 0.18522890000000000188
137 91.000000 71.000000 0.21352509999999999546
138 112.000000 83.000000 0.15422330000000000760
139 164.000000 106.000000 0.12160569999999999713
140 114.000000 88.000000 0.14356959999999999167
141 118.000000 82.000000 0.18861469999999999625
142 140.000000 91.000000 0.30220999999999997865
143 134.000000 95.000000 0.24824950000000001182
144 93.000000 75.000000 0.18154590000000001004
145 127.000000 94.000000 0.11037909999999999389
146 110.000000 81.000000 0.07974689999999999557
147 86.000000 66.000000 0.14980699999999999572
148 108.000000 81.000000 0.22598799999999999444
149 122.000000 84.000000 0.25675170000000002712
150 79.000000 59.000000 0.15005879999999999219
151 116.000000 81.000000 0.14328689999999999483
152 124.000000 89.000000 0.20093459999999999099
153 98.000000 77.000000 0.19436749999999999861
154 138.000000 102.000000 0.14234689999999999843
155 84.000000 61.000000 0.25741619999999998392
156 100.000000 76.000000 0.15953010000000000801
157 93.000000 76.000000 0.19556680000000001285
158 133.000000 96.000000 0.18102190000000001335
159 104.000000 77.000000 0.14924090000000000966
160 101.000000 72.000000 0.16844890000000001251
161 105.000000 79.000000 0.15917129999999998780
162 115.000000 86.000000 0.17202039999999998998
163 116.000000 85.000000 0.19834460000000000979
164 111.000000 86.000000 0.18560779999999998946
165 124.000000 96.000000 0.13652259999999999396
166 82.000000 57.000000 0.18693770000000001219
167 109.000000 81.000000 0.15493039999999999590
168 52.000000 41.000000 0.28347810000000001063
169 113.000000 90.000000 0.14862230000000001273
170 116.000000 86.000000 0.14722560000000001201
171 101.000000 79.000000 0.19903809999999999558
172 130.000000 92.000000 0.13146120000000000028
173 78.000000 62.000000 0.15896430000000000282
174 91.000000 73.000000 0.12855539999999998635
175 104.000000 80.000000 0.19639280000000000626
176 82.000000 62.000000 0.14331679999999999420
177 101.000000 74.000000 0.31664639999999999453
178 90.000000 68.000000 0.13192229999999999235
179 77.000000 57.000000 0.20446100000000000385
180 115.000000 81.000000 0.19816110000000000668
181 104.000000 81.000000 0.10409269999999999634
182 124.000000 93.000000 0.17250830000000000330
183 103.000000 81.000000 0.20929339999999999056
184 94.000000 67.000000 0.20065450000000001340
185 109.000000 84.000000 0.09656159999999999743
186 129.000000 88.000000 0.14677740000000000231
187 117.000000 86.000000 0.12578829999999999179
188 122.000000 86.000000 0.10855650000000000022
189 132.000000 102.000000 0.11017440000000000566
190 87.000000 64.000000 0.15617369999999999863
191 103.000000 67.000000 0.18124029999999999307
192 71.000000 62.000000 0.12206909999999999983
193 76.000000 60.000000 0.13589999999999999303
194 92.000000 74.000000 0.13070509999999999073
195 117.000000 85.000000 0.13751679999999999460
196 89.000000 62.000000 0.14769650000000000833
197 100.000000 72.000000 0.25231839999999999824
198 97.000000 75.000000 0.12662429999999999519
199 159.000000 113.000000 0.14300209999999999311
200 110.000000 78.000000 0.10222530000000000505
201 107.000000 81.000000 0.20134900000000000020
202 115.000000 82.000000 0.11406600000000000072
203 91.000000 62.000000 0.16578719999999999568
204 102.000000 76.000000 0.15271919999999999940
205 136.000000 96.000000 0.13730349999999999500
206 99.000000 81.000000 0.18917010000000000769
207 109.000000 81.000000 0.09792649999999999966
208 81.000000 58.000000 0.12146049999999999902
209 124.000000 83.000000 0.09620750000000000135
210 88.000000 66.000000 0.16874410000000000798
211 125.000000 89.000000 0.19223979999999998847
212 103.000000 78.000000 0.14609649999999999026
213 115.000000 81.000000 0.10438780000000000281
214 114.000000 78.000000 0.15073120000000000962
215 123.000000 98.000000 0.16211919999999999109
216 115.000000 77.000000 0.14882880000000001108
217 112.000000 85.000000 0.13020280000000000742
218 112.000000 83.000000 0.16498889999999999390
219 87.000000 62.000000 0.21478320000000000745
220 115.000000 86.000000 0.15450839999999999019
221 113.000000 77.000000 0.11492919999999999525
222 106.000000 82.000000 0.14229539999999998856
223 109.000000 86.000000 0.12889290000000000469
224 95.000000 71.000000 0.14551449999999999108
225 92.000000 67.000000 0.13702269999999999728
226 77.000000 62.000000 0.14240110000000000268
227 113.000000 84.000000 0.15671889999999999432
228 132.000000 93.000000 0.15153620000000000978
229 96.000000 70.000000 0.15145729999999998916
230 142.000000 101.000000 0.08549450000000000105
231 100.000000 77.000000 0.08564839999999999953
232 100.000000 77.000000 0.13983219999999998984
233 109.000000 83.000000 0.15189089999999999536
234 125.000000 93.000000 0.13111300000000000732
235 122.000000 87.000000 0.13171450000000001213
236 79.000000 62.000000 0.14921149999999999691
237 123.000000 88.000000 0.18692369999999999819
238 107.000000 78.000000 0.15937270000000000603
239 140.000000 100.000000 0.10545000000000000207
240 75.000000 57.000000 0.14626710000000001100
241 85.000000 65.000000 0.13826540000000001052
242 137.000000 94.000000 0.10799050000000000316
243 98.000000 69.000000 0.14283540000000000125
244 92.000000 77.000000 0.10639060000000000183
245 99.000000 74.000000 0.10448499999999999455
246 100.000000 74.000000 0.11161780000000000312
247 137.000000 91.000000 0.13756950000000001122
248 152.000000 106.000000 0.07062690000000000634
249 120.000000 81.000000 0.09164550000000000474
250 116.000000 85.000000 0.07400239999999999596
251 90.000000 60.000000 0.09992629999999999568
252 128.000000 83.000000 0.15425579999999999847
253 92.000000 66.000000 0.11188689999999999747
254 97.000000 71.000000 0.14967420000000000724
255 112.000000 74.000000 0.16104550000000000809
256 124.000000 93.000000 0.08181149999999999534
257 104.000000 76.000000 0.12148119999999999752
258 107.000000 81.000000 0.11902680000000000204
259 73.000000 61.000000 0.12893859999999998656
260 140.000000 96.000000 0.14413409999999998723
261 128.000000 94.000000 0.18427250000000000574
262 113.000000 78.000000 0.13358419999999998629
263 114.000000 84.000000 0.15096209999999998796
264 103.000000 76.000000 0.14574360000000000093
265 78.000000 59.000000 0.14324549999999999783
266 97.000000 72.000000 0.11123349999999999904
267 89.000000 73.000000 0.11450680000000000580
268 113.000000 84.000000 0.10702109999999999401
269 122.000000 93.000000 0.11198260000000000158
270 149.000000 105.000000 0.09204640000000000044
271 95.000000 70.000000 0.08497190000000000298
272 89.000000 76.000000 0.10826900000000000412
273 129.000000 95.000000 0.07965669999999999695
274 100.000000 80.000000 0.11087139999999999496
275 141.000000 95.000000 0.08875719999999999443
276 126.000000 88.000000 0.12620780000000000887
277 158.000000 107.000000 0.09921739999999999726
278 127.000000 88.000000 0.11599539999999999851
279 86.000000 68.000000 0.09326299999999999868
280 97.000000 76.000000 0.12356820000000000304
281 122.000000 85.000000 0.10691480000000000428
282 75.000000 61.000000 0.10565080000000000304
283 92.000000 72.000000 0.11794979999999999354
284 127.000000 91.000000 0.10473689999999999389
285 127.000000 84.000000 0.12534129999999998883
286 120.000000 83.000000 0.11901920000000000555
287 102.000000 81.000000 0.10264370000000000438
288 82.000000 56.000000 0.09191040000000000321
289 97.000000 70.000000 0.17836360000000001103
290 116.000000 86.000000 0.11043360000000000676
291 81.000000 66.000000 0.15137939999999999729
292 106.000000 81.000000 0.08975149999999999795
293 136.000000 94.000000 0.11389689999999999537
294 108.000000 81.000000 0.08414259999999999795
295 119.000000 90.000000 0.08173709999999999309
296 114.000000 79.000000 0.11141230000000000577
297 118.000000 82.000000 0.19657040000000000624
298 139.000000 94.000000 0.14131330000000000280
299 78.000000 65.000000 0.13393169999999998687
300 97.000000 72.000000 0.08608749999999999736
301 106.000000 76.000000 0.08997710000000000430
302 139.000000 105.000000 0.07901840000000000253
303 126.000000 92.000000 0.12741230000000000611
304 107.000000 89.000000 0.12144670000000000465
305 119.000000 85.000000 0.12447550000000000281
306 103.000000 77.000000 0.10904160000000000241
307 73.000000 60.000000 0.11336709999999999843
308 101.000000 74.000000 0.10787979999999999792
309 125.000000 90.000000 0.15890450000000000408
310 114.000000 91.000000 0.11879309999999999869
311 120.000000 83.000000 0.24222179999999998712
312 136.000000 98.000000 0.10031360000000000277
313 96.000000 72.000000 0.12885199999999999432
314 141.000000 93.000000 0.11643359999999999821
315 83.000000 62.000000 0.07295340000000000158
316 108.000000 81.000000 0.11315880000000000383
317 93.000000 70.000000 0.10658869999999999456
318 105.000000 79.000000 0.12156160000000000576
319 90.000000 65.000000 0.08232570000000000165
320 148.000000 110.000000 0.11828840000000000188
321 90.000000 66.000000 0.12935450000000001114
322 94.000000 70.000000 0.08841459999999999597
323 141.000000 102.000000 0.16153429999999999178
324 129.000000 87.000000 0.08990769999999999318
325 84.000000 64.000000 0.08456629999999999703
326 89.000000 69.000000 0.16439259999999999984
327 94.000000 61.000000 0.19093879999999999186
328 92.000000 73.000000 0.09524409999999999821
329 90.000000 65.000000 0.11653199999999999670
330 85.000000 70.000000 0.09997580000000000355
331 111.000000 81.000000 0.12970999999999999197
332 142.000000 96.000000 0.10865149999999999808
333 113.000000 81.000000 0.14297519999999999674
334 119.000000 86.000000 0.13317529999999999646
335 119.000000 85.000000 0.10427279999999999882
336 107.000000 82.000000 0.09498510000000000286
337 117.000000 85.000000 0.11647369999999999945
338 136.000000 92.000000 0.10712030000000000163
339 114.000000 85.000000 0.09129049999999999665
340 106.000000 77.000000 0.14194889999999998897
341 91.000000 74.000000 0.11789349999999999830
342 91.000000 77.000000 0.11107770000000000143
343 127.000000 91.000000 0.10305060000000000608
344 109.000000 80.000000 0.11855340000000000322
345 121.000000 88.000000 0.08132040000000000102
346 98.000000 74.000000 0.12085289999999999921
347 110.000000 77.000000 0.18457740000000000258
348 105.000000 78.000000 0.10014280000000000403
349 110.000000 84.000000 0.10287939999999999585
350 115.000000 81.000000 0.11034069999999999989
351 112.000000 83.000000 0.14652229999999999421
352 95.000000 75.000000 0.12419310000000000072
353 156.000000 104.000000 0.12741210000000000035
354 113.000000 77.000000 0.08063489999999999547
355 118.000000 90.000000 0.09554669999999999830
356 113.000000 82.000000 0.14141629999999999479
357 79.000000 59.000000 0.13264680000000000915
358 111.000000 81.000000 0.07721060000000000423
359 101.000000 71.000000 0.09649180000000000257
360 80.000000 58.000000 0.13277939999999999188
361 104.000000 79.000000 0.13659029999999999783
362 139.000000 99.000000 0.09887790000000000468
363 130.000000 91.000000 0.09555990000000000317
364 105.000000 73.000000 0.08309800000000000519
365 137.000000 96.000000 0.10370260000000000589
366 102.000000 76.000000 0.12668630000000000169
367 117.000000 82.000000 0.15341869999999999119
368 142.000000 104.000000 0.11561230000000000118
369 86.000000 68.000000 0.10000799999999999967
370 83.000000 62.000000 0.15846950000000001313
371 141.000000 104.000000 0.05858309999999999906
372 109.000000 78.000000 0.16814399999999998792
373 120.000000 88.000000 0.10047240000000000337
374 86.000000 65.000000 0.10423730000000000495
375 107.000000 80.000000 0.08631880000000000108
376 127.000000 92.000000 0.11021630000000000316
377 117.000000 83.000000 0.09914839999999999764
378 109.000000 81.000000 0.11295520000000000560
379 106.000000 77.000000 0.08800230000000000552
380 96.000000 75.000000 0.10252840000000000564
381 116.000000 76.000000 0.08048120000000000274
382 123.000000 87.000000 0.10185479999999999534
383 112.000000 90.000000 0.10742839999999999334
384 125.000000 93.000000 0.14226050000000001194
385 95.000000 76.000000 0.07106640000000000179
386 126.000000 94.000000 0.11334959999999999480
387 138.000000 92.000000 0.17765880000000000560
388 90.000000 76.000000 0.11424299999999999733
389 148.000000 103.000000 0.14265010000000000190
390 145.000000 98.000000 0.08306570000000000620
391 125.000000 89.000000 0.10471859999999999502
392 113.000000 83.000000 0.07949749999999999872
393 112.000000 86.000000 0.05604560000000000097
394 104.000000 85.000000 0.11292870000000000685
395 88.000000 68.000000 0.09693309999999999427
396 116.000000 87.000000 0.08957429999999999559
397 123.000000 91.000000 0.10309820000000000095
398 100.000000 69.000000 0.08492909999999999349
399 101.000000 77.000000 0.08767819999999999780
400 109.000000 81.000000 0.08112840000000000329
401 90.000000 69.000000 0.10396600000000000286
402 119.000000 88.000000 0.08651810000000000056
403 111.000000 84.000000 0.10033050000000000301
404 92.000000 75.000000 0.11226719999999999755
405 121.000000 84.000000 0.11738020000000000398
406 123.000000 83.000000 0.11278570000000000262
407 91.000000 71.000000 0.10664869999999999906
408 106.000000 81.000000 0.11366379999999999539
409 143.000000 105.000000 0.07002500000000000391
410 87.000000 68.000000 0.07775719999999999854
411 102.000000 76.000000 0.12401800000000000324
412 86.000000 69.000000 0.11634719999999999784
413 104.000000 77.000000 0.09222170000000000367
414 111.000000 81.000000 0.08144700000000000550
415 132.000000 94.000000 0.12124759999999999704
416 141.000000 95.000000 0.10117099999999999704
417 120.000000 94.000000 0.06182440000000000158
418 91.000000 69.000000 0.12047960000000000613
419 106.000000 80.000000 0.16518620000000000525
420 111.000000 84.000000 0.11008260000000000267
