1 286.000000 204.000000 3.57727040000000018338
2 285.000000 201.000000 1.49698029999999993045
3 197.000000 140.000000 5.20997790000000016164
4 257.000000 182.000000 13.08249359999999938964
5 257.000000 173.000000 1.62420359999999996958
6 221.000000 163.000000 1.87174149999999994698
7 323.000000 236.000000 1.58860920000000005459
8 225.000000 152.000000 2.92510180000000019618
9 248.000000 179.000000 3.16894780000000020337
10 204.000000 166.000000 1.27505929999999989555
11 239.000000 172.000000 2.69410609999999994812
12 200.000000 146.000000 2.47179830000000011481
13 172.000000 131.000000 2.89715230000000012467
14 170.000000 131.000000 3.03290019999999982403
15 186.000000 131.000000 2.67692439999999987066
16 218.000000 152.000000 1.70916500000000004533
17 174.000000 126.000000 2.89266120000000004353
18 233.000000 175.000000 5.84630229999999961876
19 221.000000 162.000000 4.11399890000000034718
20 185.000000 137.000000 2.37122419999999989315
21 275.000000 192.000000 11.10213270000000029825
22 246.000000 177.000000 1.06424809999999991916
23 232.000000 167.000000 1.77622949999999990567
24 157.000000 122.000000 2.36810870000000006641
25 263.000000 178.000000 8.26001220000000024868
26 204.000000 144.000000 1.44263460000000010020
27 236.000000 163.000000 3.15664329999999981879
28 305.000000 211.000000 4.26213629999999987774
29 217.000000 159.000000 2.20130269999999983455
30 243.000000 176.000000 5.01415119999999969735
31 249.000000 190.000000 1.77913790000000004987
32 215.000000 161.000000 2.06845349999999994495
33 217.000000 154.000000 1.64132999999999995566
34 185.000000 145.000000 1.87781590000000009333
35 241.000000 187.000000 1.40277549999999995300
36 260.000000 179.000000 1.05516699999999996606
37 189.000000 140.000000 2.58888670000000020721
38 215.000000 156.000000 2.56365450000000016928
39 258.000000 201.000000 1.98133699999999990382
40 213.000000 149.000000 1.87403000000000008463
41 281.000000 198.000000 1.75737699999999996692
42 217.000000 161.000000 3.17148949999999985039
43 246.000000 176.000000 3.83339389999999990977
44 225.000000 152.000000 2.17000429999999999708
45 251.000000 171.000000 2.30033839999999978332
46 201.000000 150.000000 2.21614440000000012532
47 281.000000 195.000000 13.95276669999999974436
48 264.000000 177.000000 12.09870770000000028688
49 187.000000 145.000000 1.83467549999999990362
50 245.000000 176.000000 1.81438459999999990302
51 322.000000 222.000000 6.01978650000000037323
52 251.000000 180.000000 4.13693199999999983163
53 187.000000 132.000000 2.13228030000000012834
54 268.000000 195.000000 2.24924319999999999808
55 278.000000 206.000000 1.75622260000000007807
56 218.000000 157.000000 1.38430140000000001521
57 180.000000 130.000000 1.39454290000000002969
58 217.000000 145.000000 2.32245290000000004227
59 280.000000 207.000000 2.25675420000000004350
60 207.000000 159.000000 4.85793250000000043087
61 251.000000 172.000000 1.28750760000000008532
62 262.000000 194.000000 1.75960429999999989903
63 221.000000 150.000000 2.74138800000000015800
64 233.000000 169.000000 2.65749749999999984595
65 209.000000 144.000000 3.25667550000000005639
66 226.000000 168.000000 2.63064419999999987709
67 191.000000 148.000000 4.00312160000000005766
68 194.000000 150.000000 1.08318490000000000606
69 212.000000 148.000000 1.21162339999999990603
70 233.000000 168.000000 1.00457789999999991259
71 282.000000 194.000000 3.35768909999999998206
72 222.000000 159.000000 0.75597630000000004546
73 176.000000 136.000000 1.16044780000000002929
74 184.000000 142.000000 1.70666720000000005086
75 281.000000 214.000000 1.07267149999999999999
76 296.000000 212.000000 7.59664450000000002206
77 316.000000 227.000000 6.08893530000000016145
78 189.000000 146.000000 0.99698160000000002334
79 158.000000 128.000000 1.39177860000000008789
80 254.000000 194.000000 1.29648150000000006443
81 133.000000 99.000000 2.05828420000000011925
82 266.000000 181.000000 2.04760169999999996904
83 284.000000 194.000000 2.08917820000000009628
84 266.000000 179.000000 1.19400210000000006616
85 243.000000 177.000000 1.77078090000000010207
86 185.000000 141.000000 1.17956379999999994013
87 225.000000 157.000000 1.03895819999999994288
88 214.000000 154.000000 1.00160300000000002107
89 228.000000 168.000000 1.99624000000000001442
90 227.000000 162.000000 3.16284579999999992950
91 232.000000 174.000000 1.97143869999999998832
92 282.000000 190.000000 1.86244530000000008130
93 170.000000 125.000000 1.17645460000000001699
94 155.000000 124.000000 1.99674039999999997086
95 223.000000 167.000000 2.62222139999999992455
96 222.000000 170.000000 0.62520819999999999173
97 278.000000 182.000000 1.61455900000000007743
98 159.000000 123.000000 0.88439829999999997057
99 258.000000 193.000000 0.75568040000000002987
100 230.000000 165.000000 4.63764209999999987843
101 182.000000 141.000000 1.85843610000000003524
102 245.000000 179.000000 1.11789160000000009632
103 273.000000 200.000000 1.62970379999999992471
104 223.000000 157.000000 2.77111630000000008778
105 238.000000 177.000000 0.98274139999999998718
106 228.000000 162.000000 2.57131590000000009866
107 206.000000 151.000000 2.67848269999999999413
108 287.000000 195.000000 0.82863430000000004583
109 239.000000 170.000000 0.84666770000000002305
110 251.000000 180.000000 1.14029249999999993115
111 259.000000 187.000000 1.19201420000000002375
112 220.000000 158.000000 1.45983660000000003976
113 231.000000 174.000000 0.94586959999999997706
114 251.000000 175.000000 3.10286419999999996122
115 252.000000 180.000000 3.19865049999999984109
116 235.000000 175.000000 0.69236370000000002634
117 219.000000 160.000000 0.94019269999999999232
118 312.000000 207.000000 2.95584550000000012560
119 199.000000 159.000000 1.93378969999999994478
120 260.000000 192.000000 0.99442010000000002901
121 281.000000 191.000000 1.68538689999999991009
122 288.000000 209.000000 5.24629899999999960158
123 359.000000 235.000000 2.29547400000000001441
124 271.000000 184.000000 0.69711129999999998930
125 273.000000 204.000000 2.90694939999999979463
126 285.000000 194.000000 0.97210209999999996899
127 200.000000 147.000000 1.84691600000000000215
128 236.000000 168.000000 3.79654809999999987014
129 182.000000 134.000000 1.12117669999999991504
130 273.000000 194.000000 0.31090170000000000305
131 227.000000 168.000000 1.05425919999999995191
132 204.000000 156.000000 1.61955029999999999824
133 272.000000 188.000000 5.76880469999999956343
134 270.000000 198.000000 1.10919119999999993276
135 163.000000 120.000000 1.43408289999999993825
136 201.000000 144.000000 1.25965410000000010982
137 251.000000 188.000000 0.98174760000000005356
138 248.000000 176.000000 4.13307749999999973767
139 226.000000 170.000000 2.00969730000000001979
140 244.000000 178.000000 4.23960769999999964597
141 268.000000 192.000000 0.96987719999999999487
142 101.000000 83.000000 1.51415839999999990440
143 166.000000 134.000000 1.27051620000000009547
144 230.000000 178.000000 0.94713309999999995004
145 303.000000 216.000000 1.57759840000000006732
146 304.000000 207.000000 0.94740550000000001152
147 359.000000 238.000000 3.00845640000000003056
148 210.000000 136.000000 1.43222340000000003535
149 249.000000 172.000000 1.16146330000000008731
150 236.000000 168.000000 0.85755389999999998007
151 262.000000 180.000000 1.08553870000000007856
152 197.000000 148.000000 1.07192759999999998044
153 223.000000 162.000000 1.77835600000000004783
154 146.000000 112.000000 1.07770340000000008907
155 214.000000 162.000000 2.01510129999999998418
156 235.000000 172.000000 0.61116250000000005294
157 252.000000 184.000000 0.64923909999999995790
158 226.000000 162.000000 0.94643129999999997537
159 211.000000 164.000000 0.76696240000000004411
160 261.000000 185.000000 0.63631329999999997060
161 273.000000 191.000000 0.89164140000000002839
162 230.000000 162.000000 3.90594080000000021258
163 175.000000 133.000000 1.05955130000000008472
164 275.000000 196.000000 2.63100069999999996995
165 237.000000 160.000000 1.37169640000000003788
166 249.000000 178.000000 1.09281699999999992734
167 149.000000 115.000000 0.98538539999999996688
168 249.000000 184.000000 1.10169279999999991659
169 248.000000 185.000000 0.93338719999999997246
170 247.000000 172.000000 0.99621919999999997142
171 211.000000 157.000000 2.09149809999999991561
172 264.000000 181.000000 2.28312440000000016482
173 200.000000 159.000000 0.87398209999999998399
174 206.000000 152.000000 0.86582599999999998452
175 169.000000 127.000000 1.33897069999999995815
176 253.000000 181.000000 1.17802760000000006357
177 233.000000 164.000000 1.63269510000000006578
178 227.000000 165.000000 0.99114120000000005550
179 239.000000 173.000000 0.78250399999999997736
180 250.000000 177.000000 1.02486929999999998309
181 222.000000 162.000000 2.57662520000000005993
182 202.000000 159.000000 0.97110859999999998848
183 313.000000 224.000000 0.99710679999999995982
184 161.000000 127.000000 1.42373039999999995153
185 208.000000 138.000000 3.25373750000000017124
186 275.000000 195.000000 2.79700330000000008113
187 237.000000 165.000000 0.81450909999999998590
188 204.000000 145.000000 0.83606190000000002449
189 266.000000 192.000000 0.71376799999999995805
190 207.000000 155.000000 1.26889589999999996550
191 233.000000 179.000000 0.75863659999999999428
192 256.000000 180.000000 1.45231029999999994295
193 295.000000 217.000000 1.40040019999999998390
194 202.000000 147.000000 1.97693809999999992044
195 211.000000 153.000000 1.10312169999999998282
196 214.000000 150.000000 1.03348339999999994099
197 213.000000 159.000000 0.95143789999999994755
198 283.000000 198.000000 0.79712760000000004723
199 238.000000 166.000000 0.63909369999999998679
200 230.000000 172.000000 0.66881369999999995546
201 175.000000 142.000000 0.82616160000000005148
202 205.000000 150.000000 1.45124910000000006960
203 297.000000 209.000000 2.62028930000000004341
204 276.000000 195.000000 4.70599949999999989103
205 230.000000 166.000000 5.97974910000000026145
206 287.000000 207.000000 0.94358450000000004820
207 251.000000 191.000000 0.94656340000000005475
208 197.000000 138.000000 0.94775600000000004286
209 276.000000 207.000000 1.02400979999999997005
210 305.000000 211.000000 1.22438340000000001062
211 175.000000 135.000000 0.88792709999999996917
212 207.000000 148.000000 0.65623529999999996587
213 253.000000 174.000000 0.74324950000000000738
214 239.000000 184.000000 1.50501170000000006333
215 264.000000 180.000000 0.91752719999999998723
216 302.000000 205.000000 0.51980689999999996065
217 289.000000 198.000000 0.62073489999999997835
218 251.000000 182.000000 1.32712900000000000311
219 255.000000 179.000000 0.70853719999999997814
220 193.000000 145.000000 1.15556839999999994006
221 244.000000 168.000000 0.72165769999999995754
222 254.000000 176.000000 0.99026650000000004948
223 179.000000 136.000000 0.85764519999999999644
224 223.000000 155.000000 1.08880160000000003606
225 256.000000 182.000000 0.69114489999999995096
226 190.000000 142.000000 1.12663929999999989917
227 240.000000 165.000000 2.95056660000000015032
228 223.000000 156.000000 2.60114970000000012007
229 238.000000 168.000000 0.90998149999999999871
230 184.000000 136.000000 2.48060970000000002855
231 217.000000 158.000000 0.73316769999999997776
232 225.000000 166.000000 0.92186719999999999775
233 257.000000 181.000000 0.88516890000000003624
234 207.000000 147.000000 1.13921889999999992327
235 193.000000 140.000000 0.94381660000000000554
236 202.000000 160.000000 2.07154099999999985471
237 296.000000 211.000000 0.74208609999999997076
238 256.000000 192.000000 1.11332840000000010683
239 282.000000 199.000000 1.06467610000000001413
240 249.000000 176.000000 1.35717369999999992736
241 227.000000 171.000000 0.54321529999999995653
242 235.000000 179.000000 0.67019759999999994893
243 207.000000 154.000000 0.78928109999999995772
244 195.000000 143.000000 3.47706669999999995468
245 213.000000 151.000000 0.71195379999999997001
246 264.000000 180.000000 1.47005859999999999310
247 273.000000 185.000000 0.63506300000000004413
248 178.000000 131.000000 0.66381159999999994614
249 186.000000 146.000000 0.77773409999999998377
250 193.000000 136.000000 2.46201390000000008840
251 233.000000 173.000000 1.17529379999999994411
252 241.000000 181.000000 0.90577470000000004369
253 178.000000 137.000000 0.86487800000000003564
254 252.000000 179.000000 0.74644529999999997827
255 207.000000 160.000000 1.31739830000000002208
256 268.000000 194.000000 0.58444929999999994941
257 233.000000 172.000000 0.60522679999999995371
258 213.000000 146.000000 2.22781040000000007950
259 266.000000 187.000000 3.93287209999999998189
260 276.000000 208.000000 5.27228739999999973520
261 222.000000 161.000000 0.85210200000000002607
262 168.000000 122.000000 0.57103899999999996329
263 193.000000 138.000000 2.63961669999999992697
264 195.000000 150.000000 1.59832789999999991259
265 267.000000 186.000000 0.76720900000000002983
266 257.000000 191.000000 0.71731149999999999078
267 264.000000 177.000000 0.83959589999999995058
268 238.000000 171.000000 0.79681519999999994575
269 204.000000 158.000000 0.62618260000000003362
270 236.000000 185.000000 0.85831910000000000149
271 316.000000 216.000000 4.37389969999999994599
272 192.000000 142.000000 0.86358330000000005366
273 112.000000 84.000000 1.59984719999999991380
274 258.000000 172.000000 0.51421959999999999891
275 269.000000 188.000000 2.79742060000000014597
276 264.000000 185.000000 0.89972759999999996072
277 225.000000 171.000000 1.44323430000000008100
278 212.000000 155.000000 0.60379459999999995912
279 340.000000 228.000000 0.26697219999999999285
280 333.000000 223.000000 0.55770600000000003504
281 270.000000 183.000000 0.41017979999999998331
282 268.000000 191.000000 1.09454659999999992515
283 311.000000 209.000000 1.73233660000000000423
284 249.000000 183.000000 0.54830950000000000522
285 260.000000 192.000000 0.51563599999999998325
286 153.000000 119.000000 0.73405370000000003117
287 279.000000 199.000000 0.72311289999999994738
288 240.000000 171.000000 2.35227019999999997779
289 266.000000 187.000000 0.40768589999999998996
290 235.000000 179.000000 1.42068630000000006852
291 204.000000 144.000000 1.81070299999999995144
292 212.000000 152.000000 2.01221410000000000551
293 230.000000 155.000000 8.54369830000000085590
294 238.000000 170.000000 0.47284510000000001817
295 219.000000 169.000000 0.54524030000000001106
296 206.000000 158.000000 0.99649759999999998339
297 192.000000 136.000000 1.50324830000000009278
298 276.000000 197.000000 0.79945960000000004797
299 208.000000 154.000000 4.72438420000000025567
300 265.000000 193.000000 0.79748680000000005119
301 298.000000 209.000000 0.97935269999999996493
302 251.000000 176.000000 2.16940590000000010917
303 229.000000 168.000000 0.58716040000000002674
304 174.000000 135.000000 1.09441919999999992541
305 188.000000 135.000000 0.48817230000000000345
306 298.000000 220.000000 0.53367520000000001623
307 245.000000 186.000000 1.56177959999999993457
308 216.000000 154.000000 0.81603130000000001498
309 256.000000 192.000000 0.96578770000000002671
310 176.000000 135.000000 0.78750030000000004193
311 304.000000 206.000000 1.36708300000000004815
312 232.000000 165.000000 2.79332670000000016231
313 230.000000 168.000000 0.76849169999999999980
314 262.000000 193.000000 0.81991559999999996666
315 227.000000 161.000000 1.48359149999999995195
316 232.000000 174.000000 0.89486460000000001003
317 225.000000 156.000000 0.37888470000000001869
318 268.000000 186.000000 6.19815480000000018634
319 226.000000 167.000000 0.59319180000000004682
320 212.000000 154.000000 0.53062270000000000270
321 196.000000 147.000000 0.60035819999999995300
322 170.000000 127.000000 1.16192070000000002850
323 260.000000 177.000000 0.62828280000000003014
324 160.000000 125.000000 1.05005229999999993851
325 179.000000 143.000000 0.94336719999999996134
326 241.000000 174.000000 0.43231490000000000196
327 257.000000 174.000000 0.52245319999999995098
328 241.000000 165.000000 2.56653729999999979938
329 223.000000 165.000000 1.13996830000000004546
330 231.000000 172.000000 1.66096899999999991770
331 224.000000 160.000000 0.58260250000000002313
332 316.000000 204.000000 0.67709500000000000242
333 243.000000 181.000000 0.60395699999999996610
334 239.000000 174.000000 0.34582849999999998314
335 272.000000 196.000000 1.06193859999999995480
336 299.000000 206.000000 0.77072589999999996380
337 227.000000 166.000000 1.59158529999999998061
338 256.000000 175.000000 1.13866170000000010987
339 238.000000 166.000000 0.58161039999999997185
340 269.000000 192.000000 0.60697319999999999052
341 213.000000 159.000000 1.08253249999999989761
342 232.000000 162.000000 0.49235529999999999573
343 289.000000 188.000000 1.23074109999999992127
344 231.000000 170.000000 0.55717579999999999885
345 266.000000 189.000000 0.99135249999999996984
346 259.000000 171.000000 0.54329190000000004979
347 203.000000 143.000000 1.28927089999999999748
348 263.000000 186.000000 0.91672649999999999970
349 182.000000 142.000000 0.60223210000000004793
350 181.000000 139.000000 0.59643109999999999182
351 279.000000 193.000000 1.30683320000000002814
352 274.000000 200.000000 0.52053950000000004383
353 239.000000 177.000000 2.92309159999999979007
354 179.000000 134.000000 0.67940259999999996765
355 263.000000 180.000000 2.21593429999999980140
356 232.000000 166.000000 0.56692299999999995475
357 238.000000 174.000000 0.85518890000000002960
358 204.000000 146.000000 0.88452310000000000656
359 239.000000 180.000000 0.81978370000000000406
360 221.000000 150.000000 1.04182939999999990555
361 226.000000 153.000000 1.02138349999999999973
362 243.000000 186.000000 0.76308929999999997040
363 291.000000 197.000000 0.30022090000000001275
364 188.000000 140.000000 0.91175390000000000601
365 280.000000 200.000000 0.62682640000000000580
366 294.000000 211.000000 0.52594629999999997771
367 178.000000 141.000000 1.75752590000000008530
368 231.000000 165.000000 0.74219740000000000713
369 279.000000 195.000000 0.42483260000000000467
370 193.000000 146.000000 0.87341800000000002768
371 213.000000 155.000000 0.61324880000000003832
372 212.000000 162.000000 0.91635920000000004038
373 195.000000 149.000000 0.89303829999999995159
374 275.000000 187.000000 0.41007710000000002770
375 280.000000 196.000000 0.60067850000000000410
376 282.000000 194.000000 8.49576120000000045707
377 284.000000 187.000000 0.60229560000000004205
378 253.000000 176.000000 1.08487580000000005676
379 259.000000 179.000000 2.55794530000000008840
380 158.000000 116.000000 1.35880029999999996093
381 253.000000 186.000000 1.02317980000000008367
382 212.000000 145.000000 1.84294489999999999696
383 177.000000 136.000000 0.92057520000000003790
384 157.000000 125.000000 1.11620469999999993860
385 241.000000 172.000000 0.91140100000000001668
386 286.000000 192.000000 0.60900039999999999729
387 253.000000 176.000000 0.65048280000000002765
388 328.000000 229.000000 0.84608099999999997198
389 275.000000 187.000000 0.58472369999999995738
390 295.000000 207.000000 0.47290310000000002066
391 271.000000 181.000000 3.09005479999999987939
392 247.000000 182.000000 5.01155129999999982005
393 241.000000 175.000000 0.50033989999999994858
394 346.000000 241.000000 3.14119049999999999656
395 206.000000 153.000000 1.28024610000000005350
396 301.000000 206.000000 1.10933700000000001751
397 234.000000 170.000000 0.81666939999999998978
398 227.000000 164.000000 0.79767670000000001629
399 350.000000 250.000000 0.49575580000000002423
400 285.000000 209.000000 0.70467990000000002571
401 187.000000 142.000000 0.61202829999999996957
402 254.000000 185.000000 2.16517129999999990986
403 243.000000 172.000000 1.46457900000000007523
404 185.000000 135.000000 0.74043349999999996669
405 253.000000 185.000000 0.82425570000000003557
406 195.000000 141.000000 1.34833219999999998073
407 311.000000 219.000000 1.12406260000000002286
408 322.000000 215.000000 0.75751310000000005029
409 279.000000 206.000000 0.61167609999999994486
410 231.000000 171.000000 0.93798119999999995944
411 185.000000 142.000000 1.14046479999999994526
412 246.000000 178.000000 5.24717129999999976064
413 314.000000 215.000000 1.10206620000000010684
414 238.000000 175.000000 1.71761180000000002188
415 285.000000 199.000000 0.32387009999999999410
416 288.000000 200.000000 0.35794160000000002642
417 158.000000 110.000000 0.67439439999999994946
418 284.000000 189.000000 0.36773970000000000269
419 222.000000 170.000000 0.66715139999999995002
420 229.000000 158.000000 0.85519230000000001635
