1 49.000000 43.000000 0.23668529999999998736
2 30.000000 28.000000 0.19718430000000000679
3 36.000000 33.000000 0.08484139999999999737
4 37.000000 33.000000 0.12312069999999999959
5 5.000000 5.000000 0.25902009999999997536
6 16.000000 14.000000 0.30890529999999999378
7 9.000000 9.000000 0.38641540000000001998
8 29.000000 29.000000 0.19685639999999998695
9 6.000000 6.000000 0.24832090000000001107
10 3.000000 3.000000 0.29596020000000000660
11 34.000000 34.000000 0.10445820000000000105
12 46.000000 46.000000 0.10380630000000000412
13 54.000000 53.000000 0.13292940000000000311
14 20.000000 18.000000 0.22907159999999998634
15 35.000000 35.000000 0.04926610000000000017
16 32.000000 32.000000 0.06887020000000000641
17 30.000000 27.000000 0.12146510000000000640
18 44.000000 42.000000 0.06753580000000000694
19 32.000000 27.000000 0.05019160000000000288
20 2.000000 2.000000 0.31902180000000002202
21 28.000000 28.000000 0.11731859999999999511
22 23.000000 20.000000 0.25358859999999999735
23 26.000000 23.000000 0.03141700000000000048
24 18.000000 18.000000 0.05056589999999999696
25 31.000000 27.000000 0.12342839999999999367
26 44.000000 44.000000 0.09488280000000000325
27 34.000000 30.000000 0.13599910000000001165
28 23.000000 22.000000 0.12352749999999999841
29 38.000000 37.000000 0.16079740000000000699
30 30.000000 27.000000 0.17468359999999999443
31 14.000000 13.000000 0.17655229999999999535
32 2.000000 2.000000 0.37227130000000002719
33 65.000000 56.000000 0.05656699999999999923
34 47.000000 46.000000 0.09076520000000000421
35 63.000000 61.000000 0.06398439999999999683
36 9.000000 9.000000 0.20443769999999999998
37 16.000000 13.000000 0.26790859999999999674
38 24.000000 24.000000 0.05015189999999999926
39 42.000000 36.000000 0.06338019999999999765
40 9.000000 9.000000 0.28559440000000002602
41 41.000000 40.000000 0.08783720000000000416
42 34.000000 34.000000 0.03500770000000000270
43 31.000000 31.000000 0.03544819999999999915
44 15.000000 15.000000 0.28020850000000002700
45 38.000000 37.000000 0.16185859999999999137
46 22.000000 16.000000 0.02448449999999999932
47 55.000000 50.000000 0.03232610000000000344
48 11.000000 10.000000 0.13291839999999999211
49 16.000000 16.000000 0.23017480000000001272
50 21.000000 21.000000 0.19467039999999999345
51 29.000000 29.000000 0.08609300000000000286
52 66.000000 63.000000 0.04173149999999999776
53 28.000000 28.000000 0.20508529999999999816
54 19.000000 17.000000 0.20840890000000000803
55 42.000000 39.000000 0.13121389999999999443
56 22.000000 22.000000 0.23227539999999999298
57 41.000000 41.000000 0.27129629999999999024
58 21.000000 20.000000 0.10425639999999999907
59 60.000000 60.000000 0.04857970000000000343
60 49.000000 49.000000 0.04833939999999999765
61 38.000000 34.000000 0.20762739999999998974
62 9.000000 9.000000 0.19183449999999999114
63 20.000000 20.000000 0.44676149999999997808
64 4.000000 4.000000 0.30751139999999999031
65 15.000000 15.000000 0.25944760000000000044
66 42.000000 40.000000 0.11489140000000000463
67 25.000000 25.000000 0.08318269999999999831
68 23.000000 23.000000 0.24992220000000001101
69 39.000000 37.000000 0.12012140000000000317
70 21.000000 20.000000 0.16530500000000000749
71 47.000000 46.000000 0.09556430000000000480
72 32.000000 32.000000 0.13751559999999998785
73 34.000000 34.000000 0.11647019999999999595
74 23.000000 21.000000 0.22495750000000000468
75 55.000000 50.000000 0.09544260000000000244
76 49.000000 46.000000 0.06359679999999999500
77 21.000000 21.000000 0.23340730000000001199
78 56.000000 50.000000 0.08209110000000000018
79 49.000000 47.000000 0.05716099999999999653
80 36.000000 36.000000 0.10235930000000000029
81 25.000000 22.000000 0.16338829999999998632
82 39.000000 39.000000 0.12997000000000000219
83 26.000000 25.000000 0.22823550000000000781
84 26.000000 26.000000 0.26347039999999999349
85 51.000000 45.000000 0.02640640000000000001
86 17.000000 16.000000 0.21076420000000001265
87 11.000000 11.000000 0.35528640000000000221
88 41.000000 35.000000 0.13887420000000000320
89 11.000000 11.000000 0.15093619999999999259
90 46.000000 41.000000 0.10143520000000000314
91 16.000000 16.000000 0.22600649999999999906
92 27.000000 27.000000 0.01920749999999999888
93 20.000000 19.000000 0.08686439999999999440
94 28.000000 23.000000 0.06961309999999999720
95 15.000000 15.000000 0.33240330000000001265
96 50.000000 46.000000 0.13657820000000001071
97 43.000000 43.000000 0.07881330000000000280
98 18.000000 18.000000 0.41065859999999998475
99 23.000000 23.000000 0.07023340000000000138
100 30.000000 30.000000 0.11568860000000000254
101 40.000000 38.000000 0.12474749999999999728
102 20.000000 20.000000 0.21350949999999999096
103 48.000000 48.000000 0.11812659999999999827
104 28.000000 26.000000 0.20458899999999999308
105 24.000000 24.000000 0.18645770000000000399
106 6.000000 6.000000 0.19706870000000001331
107 16.000000 15.000000 0.23798179999999999334
108 30.000000 28.000000 0.09121990000000000653
109 19.000000 17.000000 0.23415620000000000878
110 2.000000 2.000000 0.34403450000000002085
111 20.000000 18.000000 0.28764450000000002516
112 54.000000 54.000000 0.04387429999999999802
113 41.000000 41.000000 0.10101870000000000294
114 17.000000 15.000000 0.23070669999999998678
115 67.000000 67.000000 0.05782919999999999727
116 22.000000 22.000000 0.20563239999999999297
117 51.000000 48.000000 0.07330830000000000679
118 11.000000 11.000000 0.23983009999999999051
119 29.000000 27.000000 0.11555640000000000356
120 28.000000 28.000000 0.02212489999999999943
121 52.000000 50.000000 0.05022719999999999962
122 46.000000 44.000000 0.06607169999999999710
123 25.000000 24.000000 0.13392950000000000688
124 21.000000 20.000000 0.18370739999999999292
125 21.000000 20.000000 0.23690910000000001134
126 16.000000 16.000000 0.11913799999999999391
127 15.000000 15.000000 0.23481170000000001208
128 24.000000 21.000000 0.18264420000000000655
129 15.000000 15.000000 0.26517239999999997480
130 28.000000 27.000000 0.17298779999999999712
131 39.000000 38.000000 0.16497519999999998852
132 43.000000 38.000000 0.14505640000000000200
133 39.000000 37.000000 0.11682009999999999617
134 31.000000 31.000000 0.08616089999999999860
135 32.000000 32.000000 0.12664780000000000482
136 23.000000 21.000000 0.14565200000000000369
137 46.000000 46.000000 0.07759459999999999968
138 2.000000 2.000000 0.32916240000000002164
139 16.000000 16.000000 0.14672910000000000119
140 51.000000 51.000000 0.03281780000000000114
141 15.000000 15.000000 0.10878960000000000019
142 56.000000 49.000000 0.05515079999999999982
143 29.000000 29.000000 0.13272449999999999526
144 36.000000 36.000000 0.12241280000000000217
145 29.000000 25.000000 0.16212029999999999497
146 47.000000 47.000000 0.11022360000000000491
147 55.000000 55.000000 0.03444060000000000177
148 27.000000 27.000000 0.09831259999999999999
149 24.000000 23.000000 0.08516319999999999446
150 44.000000 41.000000 0.16086480000000000223
151 23.000000 23.000000 0.20274220000000001130
152 32.000000 31.000000 0.12630849999999999023
153 26.000000 24.000000 0.20366310000000001357
154 23.000000 23.000000 0.08103789999999999605
155 22.000000 20.000000 0.09743150000000000421
156 49.000000 45.000000 0.11707149999999999501
157 11.000000 11.000000 0.28206140000000001766
158 16.000000 14.000000 0.10112830000000000430
159 45.000000 44.000000 0.13818330000000000890
160 28.000000 28.000000 0.17690359999999999419
161 22.000000 22.000000 0.05122499999999999970
162 38.000000 36.000000 0.07878269999999999718
163 8.000000 8.000000 0.18689669999999999894
164 19.000000 19.000000 0.14331040000000000445
165 33.000000 32.000000 0.12890450000000000519
166 34.000000 33.000000 0.18676190000000000846
167 30.000000 30.000000 0.10345219999999999416
168 38.000000 30.000000 0.08691690000000000527
169 20.000000 20.000000 0.09594650000000000400
170 18.000000 16.000000 0.19842139999999999778
171 43.000000 43.000000 0.06816969999999999974
172 46.000000 46.000000 0.03132870000000000099
173 44.000000 44.000000 0.10870109999999999495
174 31.000000 30.000000 0.12827030000000000376
175 37.000000 33.000000 0.11290479999999999960
176 41.000000 39.000000 0.06323249999999999704
177 50.000000 45.000000 0.09356309999999999627
178 9.000000 9.000000 0.25688149999999998485
179 20.000000 20.000000 0.23662459999999999050
180 32.000000 30.000000 0.08584210000000000451
181 41.000000 41.000000 0.08756139999999999757
182 54.000000 52.000000 0.09302559999999999996
183 48.000000 42.000000 0.13414059999999999873
184 38.000000 37.000000 0.10519290000000000584
185 13.000000 13.000000 0.13608999999999998876
186 37.000000 35.000000 0.19014400000000000746
187 28.000000 28.000000 0.23625409999999999466
188 35.000000 35.000000 0.09061819999999999597
189 22.000000 22.000000 0.12300930000000000197
190 23.000000 23.000000 0.26133050000000002111
191 27.000000 25.000000 0.08247409999999999464
192 54.000000 49.000000 0.08721539999999999848
193 25.000000 22.000000 0.14471100000000000629
194 35.000000 33.000000 0.15637560000000000349
195 55.000000 55.000000 0.03451019999999999782
196 25.000000 25.000000 0.17313870000000000648
197 7.000000 7.000000 0.14367530000000000578
198 39.000000 37.000000 0.09950929999999999498
199 40.000000 37.000000 0.02017599999999999949
200 48.000000 48.000000 0.05526040000000000119
201 44.000000 44.000000 0.05949809999999999821
202 48.000000 45.000000 0.05433779999999999860
203 13.000000 13.000000 0.19317210000000001324
204 59.000000 56.000000 0.05790349999999999664
205 12.000000 12.000000 0.14651970000000000272
206 20.000000 20.000000 0.27356340000000001211
207 58.000000 56.000000 0.06468619999999999925
208 41.000000 37.000000 0.05257830000000000142
209 53.000000 49.000000 0.02294209999999999999
210 9.000000 9.000000 0.26850639999999997842
211 58.000000 55.000000 0.02316709999999999950
212 24.000000 24.000000 0.16835880000000000289
213 22.000000 22.000000 0.02879079999999999834
214 33.000000 32.000000 0.06102799999999999891
215 17.000000 17.000000 0.16505890000000000839
216 35.000000 29.000000 0.12372089999999999477
217 33.000000 31.000000 0.17856269999999999087
218 21.000000 20.000000 0.17187109999999999888
219 18.000000 18.000000 0.23170620000000000105
220 16.000000 16.000000 0.19466430000000001233
221 20.000000 17.000000 0.24352009999999998935
222 41.000000 40.000000 0.07114370000000000416
223 16.000000 15.000000 0.25676670000000001437
224 14.000000 14.000000 0.24728549999999999143
225 25.000000 24.000000 0.12522839999999998972
226 52.000000 48.000000 0.06502009999999999734
227 34.000000 33.000000 0.14030829999999999691
228 38.000000 34.000000 0.11627239999999999798
229 13.000000 12.000000 0.21001670000000000060
230 24.000000 24.000000 0.21334910000000001373
231 27.000000 27.000000 0.20513259999999999827
232 26.000000 26.000000 0.05013240000000000057
233 43.000000 40.000000 0.03240420000000000106
234 27.000000 27.000000 0.02293500000000000053
235 62.000000 57.000000 0.04519689999999999819
236 33.000000 31.000000 0.07866099999999999481
237 51.000000 49.000000 0.08018920000000000214
238 20.000000 19.000000 0.20496459999999999679
239 37.000000 36.000000 0.22613720000000001042
240 8.000000 8.000000 0.11497830000000000550
241 11.000000 11.000000 0.29522680000000001144
242 11.000000 11.000000 0.27070460000000001743
243 42.000000 38.000000 0.01824920000000000014
244 37.000000 35.000000 0.12858120000000000660
245 2.000000 2.000000 0.28530290000000002593
246 17.000000 17.000000 0.10073540000000000272
247 34.000000 31.000000 0.20617520000000000291
248 48.000000 41.000000 0.14035100000000000353
249 27.000000 25.000000 0.14856430000000001024
250 36.000000 33.000000 0.12888859999999999206
251 49.000000 46.000000 0.08693270000000000164
252 15.000000 15.000000 0.12668560000000000931
253 21.000000 20.000000 0.20100960000000001049
254 62.000000 62.000000 0.02770399999999999946
255 28.000000 27.000000 0.12572749999999999204
256 24.000000 24.000000 0.17749029999999998974
257 18.000000 18.000000 0.15060760000000000813
258 25.000000 24.000000 0.22038409999999999944
259 31.000000 31.000000 0.08203580000000000594
260 39.000000 34.000000 0.14161679999999998714
261 33.000000 31.000000 0.15790809999999999569
262 41.000000 41.000000 0.15432029999999999359
263 23.000000 23.000000 0.17808140000000000081
264 45.000000 45.000000 0.06677410000000000290
265 38.000000 36.000000 0.11286450000000000649
266 54.000000 50.000000 0.02667889999999999845
267 20.000000 17.000000 0.21019989999999999508
268 14.000000 14.000000 0.23986440000000000539
269 35.000000 35.000000 0.05907799999999999857
270 33.000000 29.000000 0.16594329999999998804
271 37.000000 37.000000 0.05755659999999999943
272 52.000000 49.000000 0.05519090000000000107
273 49.000000 37.000000 0.05699529999999999874
274 27.000000 24.000000 0.10101259999999999406
275 49.000000 46.000000 0.14978559999999999097
276 33.000000 31.000000 0.23235939999999999372
277 23.000000 23.000000 0.23680350000000000010
278 30.000000 30.000000 0.20146819999999998618
279 20.000000 18.000000 0.28686519999999998687
280 38.000000 36.000000 0.11243200000000000416
281 49.000000 45.000000 0.04365900000000000336
282 18.000000 16.000000 0.13348419999999999730
283 9.000000 9.000000 0.20156209999999999405
284 11.000000 11.000000 0.39407360000000002387
285 34.000000 31.000000 0.04447999999999999871
286 44.000000 41.000000 0.15678749999999999631
287 20.000000 18.000000 0.10268670000000000575
288 28.000000 28.000000 0.23433129999999999238
289 20.000000 18.000000 0.08242499999999999827
290 29.000000 29.000000 0.14718880000000000852
291 33.000000 33.000000 0.27282820000000002070
292 41.000000 36.000000 0.07739880000000000371
293 16.000000 16.000000 0.29445029999999999815
294 30.000000 26.000000 0.05206870000000000248
295 21.000000 21.000000 0.22901009999999999422
296 2.000000 2.000000 0.32896170000000002354
297 40.000000 35.000000 0.13453879999999998618
298 28.000000 27.000000 0.14183809999999999474
299 24.000000 24.000000 0.23613519999999998955
300 37.000000 37.000000 0.05842320000000000152
301 19.000000 19.000000 0.29415639999999998455
302 66.000000 59.000000 0.04005489999999999745
303 37.000000 33.000000 0.22996869999999999812
304 27.000000 26.000000 0.18971109999999999363
305 26.000000 22.000000 0.01873990000000000031
306 50.000000 48.000000 0.05627069999999999989
307 30.000000 30.000000 0.20924470000000000569
308 40.000000 37.000000 0.13350870000000000792
309 31.000000 30.000000 0.17192920000000000424
310 43.000000 43.000000 0.04745930000000000287
311 16.000000 16.000000 0.19981199999999998962
312 26.000000 26.000000 0.19519359999999999489
313 44.000000 42.000000 0.12403669999999999973
314 7.000000 7.000000 0.30218139999999998890
315 35.000000 30.000000 0.18241499999999999382
316 26.000000 26.000000 0.19523830000000000351
317 49.000000 46.000000 0.04926250000000000073
318 23.000000 23.000000 0.03553060000000000246
319 30.000000 30.000000 0.02291479999999999906
320 55.000000 47.000000 0.06416560000000000319
321 28.000000 28.000000 0.09877610000000000556
322 17.000000 17.000000 0.15845500000000001251
323 50.000000 47.000000 0.07463029999999999664
324 32.000000 32.000000 0.25250499999999997947
325 66.000000 60.000000 0.07131510000000000626
326 45.000000 45.000000 0.10641979999999999495
327 31.000000 31.000000 0.21562429999999999097
328 14.000000 14.000000 0.27647250000000000991
329 33.000000 32.000000 0.11547469999999999957
330 36.000000 33.000000 0.03413240000000000024
331 45.000000 43.000000 0.09683129999999999515
332 57.000000 57.000000 0.04051369999999999971
333 9.000000 9.000000 0.19258929999999999105
334 64.000000 64.000000 0.03452609999999999707
335 17.000000 16.000000 0.22338849999999998985
336 22.000000 21.000000 0.19086790000000000700
337 35.000000 33.000000 0.16575100000000000944
338 27.000000 27.000000 0.23677529999999999410
339 26.000000 25.000000 0.17651939999999999298
340 20.000000 20.000000 0.18385160000000000391
341 20.000000 19.000000 0.29815300000000000136
342 24.000000 24.000000 0.25182909999999997241
343 35.000000 35.000000 0.16062719999999999776
344 31.000000 31.000000 0.10340050000000000630
345 18.000000 17.000000 0.23418620000000001102
346 2.000000 2.000000 0.43796740000000000670
347 24.000000 24.000000 0.04926690000000000236
348 25.000000 23.000000 0.19685540000000001370
349 25.000000 25.000000 0.04065259999999999707
350 46.000000 44.000000 0.14119270000000000431
351 23.000000 23.000000 0.22233959999999999835
352 20.000000 16.000000 0.31512649999999997608
353 24.000000 23.000000 0.23815919999999998757
354 23.000000 20.000000 0.28396149999999997782
355 5.000000 5.000000 0.19771810000000000773
356 38.000000 38.000000 0.19097390000000000199
357 16.000000 16.000000 0.06054840000000000222
358 19.000000 19.000000 0.18103830000000001310
359 41.000000 41.000000 0.11738419999999999410
360 9.000000 9.000000 0.29748609999999997555
361 56.000000 53.000000 0.05489940000000000098
362 84.000000 76.000000 0.09573199999999999765
363 13.000000 13.000000 0.23595740000000001158
364 9.000000 9.000000 0.30920769999999997424
365 40.000000 36.000000 0.09392409999999999648
366 22.000000 20.000000 0.16627130000000001075
367 24.000000 23.000000 0.18372640000000001193
368 28.000000 28.000000 0.25120179999999997511
369 52.000000 52.000000 0.05604640000000000316
370 16.000000 14.000000 0.05733080000000000120
371 2.000000 2.000000 0.32782689999999997665
372 20.000000 20.000000 0.08089830000000000632
373 31.000000 31.000000 0.05060930000000000289
374 17.000000 17.000000 0.15603980000000000627
375 17.000000 17.000000 0.21159669999999999868
376 62.000000 60.000000 0.09461120000000000640
377 20.000000 19.000000 0.18657809999999999673
378 17.000000 17.000000 0.23784449999999998648
379 25.000000 25.000000 0.20866909999999999625
380 22.000000 22.000000 0.15332519999999999483
381 34.000000 34.000000 0.11917039999999999578
382 14.000000 14.000000 0.29392950000000001021
383 12.000000 12.000000 0.16933580000000000854
384 47.000000 46.000000 0.16655829999999999247
385 29.000000 28.000000 0.16440899999999999959
386 35.000000 35.000000 0.03102830000000000171
387 53.000000 52.000000 0.07365460000000000063
388 37.000000 36.000000 0.17124790000000000845
389 27.000000 27.000000 0.11388389999999999624
390 29.000000 27.000000 0.23076269999999998728
391 34.000000 34.000000 0.15945770000000000777
392 32.000000 31.000000 0.25589289999999997871
393 33.000000 33.000000 0.03710070000000000034
394 12.000000 12.000000 0.02143899999999999972
395 13.000000 12.000000 0.12776699999999999169
396 39.000000 36.000000 0.11907810000000000616
397 30.000000 30.000000 0.03384009999999999796
398 51.000000 51.000000 0.11235399999999999554
399 21.000000 19.000000 0.19858149999999999413
400 19.000000 19.000000 0.27336660000000001514
401 33.000000 29.000000 0.13015869999999998829
402 13.000000 12.000000 0.24854840000000000266
403 32.000000 32.000000 0.05040179999999999660
404 21.000000 21.000000 0.17122139999999999582
405 5.000000 5.000000 0.27377069999999997796
406 26.000000 24.000000 0.14227300000000001057
407 33.000000 31.000000 0.18332560000000000522
408 13.000000 13.000000 0.21212230000000001362
409 40.000000 40.000000 0.06037490000000000218
410 40.000000 40.000000 0.04367569999999999786
411 49.000000 47.000000 0.05901809999999999695
412 49.000000 46.000000 0.02264570000000000125
413 40.000000 40.000000 0.11367190000000000627
414 27.000000 27.000000 0.15742939999999999712
415 34.000000 33.000000 0.12582909999999999928
416 28.000000 28.000000 0.04017540000000000000
417 54.000000 48.000000 0.06504390000000000172
418 29.000000 28.000000 0.09876000000000000056
419 25.000000 22.000000 0.09721960000000000324
420 25.000000 25.000000 0.21283930000000000904
