1 5.000000 4.000000 0.15950449999999999351
2 8.000000 6.000000 0.10348179999999999878
3 3.000000 3.000000 0.07227970000000000228
4 3.000000 3.000000 0.05503450000000000009
5 5.000000 5.000000 0.07302859999999999907
6 7.000000 6.000000 0.01952109999999999956
7 4.000000 4.000000 0.02420229999999999951
8 5.000000 5.000000 0.04502520000000000133
9 7.000000 6.000000 0.05177899999999999864
10 5.000000 4.000000 0.02668270000000000017
11 3.000000 3.000000 0.03079329999999999914
12 5.000000 5.000000 0.03447530000000000039
13 8.000000 7.000000 0.01794470000000000093
14 5.000000 5.000000 0.02157219999999999971
15 6.000000 6.000000 0.02589289999999999994
16 10.000000 10.000000 0.03066670000000000160
17 7.000000 7.000000 0.02016669999999999921
18 3.000000 3.000000 0.01588219999999999910
19 4.000000 4.000000 0.03901969999999999744
20 4.000000 4.000000 0.02115960000000000063
21 7.000000 6.000000 0.01698269999999999988
22 8.000000 7.000000 0.01885890000000000136
23 5.000000 5.000000 0.02172110000000000013
24 5.000000 5.000000 0.02469369999999999898
25 5.000000 5.000000 0.01587699999999999875
26 5.000000 5.000000 0.01596790000000000015
27 7.000000 7.000000 0.01771760000000000002
28 3.000000 3.000000 0.01588590000000000141
29 4.000000 4.000000 0.01718110000000000123
30 7.000000 7.000000 0.01929749999999999868
31 3.000000 3.000000 0.01892599999999999838
32 4.000000 4.000000 0.04630390000000000200
33 4.000000 4.000000 0.01868329999999999991
34 5.000000 5.000000 0.01656169999999999864
35 6.000000 6.000000 0.01829779999999999948
36 5.000000 5.000000 0.04225000000000000283
37 8.000000 7.000000 0.03374049999999999966
38 9.000000 8.000000 0.01483370000000000001
39 9.000000 7.000000 0.02035549999999999859
40 7.000000 6.000000 0.02505929999999999963
41 5.000000 5.000000 0.01898940000000000003
42 4.000000 4.000000 0.01909869999999999970
43 8.000000 7.000000 0.01849400000000000002
44 7.000000 6.000000 0.02769069999999999865
45 5.000000 5.000000 0.01567990000000000009
46 6.000000 6.000000 0.03265069999999999778
47 9.000000 8.000000 0.03630189999999999806
48 6.000000 6.000000 0.02000400000000000095
49 7.000000 7.000000 0.01696270000000000069
50 5.000000 4.000000 0.01786249999999999991
51 4.000000 4.000000 0.01694299999999999973
52 7.000000 6.000000 0.01535120000000000061
53 8.000000 7.000000 0.01759689999999999865
54 8.000000 8.000000 0.01894140000000000060
55 5.000000 5.000000 0.01631020000000000039
56 8.000000 7.000000 0.02116989999999999844
57 9.000000 8.000000 0.01419899999999999982
58 8.000000 8.000000 0.01626379999999999840
59 7.000000 6.000000 0.03090299999999999991
60 7.000000 6.000000 0.03378799999999999859
61 6.000000 6.000000 0.01708499999999999949
62 7.000000 7.000000 0.03012849999999999903
63 4.000000 4.000000 0.02737600000000000103
64 9.000000 7.000000 0.02228050000000000169
65 6.000000 6.000000 0.01628419999999999868
66 7.000000 6.000000 0.03722219999999999696
67 8.000000 8.000000 0.01597869999999999846
68 5.000000 5.000000 0.01468530000000000009
69 5.000000 4.000000 0.03566509999999999819
70 6.000000 6.000000 0.03921260000000000023
71 6.000000 6.000000 0.01507730000000000008
72 5.000000 5.000000 0.02686579999999999871
73 8.000000 7.000000 0.02176909999999999956
74 6.000000 6.000000 0.01577409999999999923
75 6.000000 6.000000 0.01762450000000000128
76 3.000000 3.000000 0.01675830000000000028
77 6.000000 6.000000 0.01626210000000000155
78 6.000000 6.000000 0.01821170000000000080
79 6.000000 6.000000 0.01712529999999999955
80 8.000000 7.000000 0.01466169999999999973
81 7.000000 7.000000 0.01595030000000000059
82 4.000000 4.000000 0.01549900000000000062
83 7.000000 6.000000 0.02889769999999999839
84 4.000000 4.000000 0.01905830000000000024
85 4.000000 4.000000 0.01525010000000000081
86 8.000000 7.000000 0.01576690000000000036
87 7.000000 6.000000 0.01824500000000000080
88 4.000000 4.000000 0.01717259999999999967
89 6.000000 5.000000 0.01610670000000000157
90 4.000000 4.000000 0.01710739999999999830
91 6.000000 6.000000 0.01622380000000000003
92 13.000000 12.000000 0.01594630000000000006
93 5.000000 5.000000 0.01736149999999999846
94 5.000000 4.000000 0.01940849999999999867
95 7.000000 7.000000 0.01557079999999999922
96 7.000000 6.000000 0.02114119999999999888
97 4.000000 4.000000 0.01758849999999999997
98 7.000000 7.000000 0.01650249999999999981
99 6.000000 6.000000 0.02378049999999999956
100 3.000000 3.000000 0.01887240000000000098
101 4.000000 4.000000 0.01645529999999999909
102 4.000000 4.000000 0.01595600000000000143
103 8.000000 6.000000 0.01516089999999999972
104 7.000000 5.000000 0.01629950000000000149
105 4.000000 4.000000 0.01848280000000000062
106 9.000000 7.000000 0.01552940000000000050
107 4.000000 4.000000 0.01608350000000000057
108 6.000000 6.000000 0.01687519999999999992
109 4.000000 4.000000 0.01565139999999999934
110 7.000000 6.000000 0.01551429999999999997
111 7.000000 7.000000 0.01898270000000000166
112 6.000000 6.000000 0.01625650000000000012
113 9.000000 9.000000 0.01543309999999999994
114 7.000000 7.000000 0.01812070000000000000
115 5.000000 5.000000 0.01930400000000000171
116 6.000000 6.000000 0.01665490000000000026
117 7.000000 6.000000 0.01675019999999999981
118 5.000000 5.000000 0.03967699999999999699
119 6.000000 6.000000 0.02101340000000000152
120 5.000000 5.000000 0.02066780000000000006
121 4.000000 4.000000 0.01638979999999999951
122 3.000000 3.000000 0.01879739999999999883
123 3.000000 3.000000 0.01517070000000000050
124 8.000000 7.000000 0.01720539999999999917
125 6.000000 6.000000 0.03343549999999999994
126 5.000000 4.000000 0.02732379999999999878
127 6.000000 6.000000 0.01664869999999999892
128 8.000000 6.000000 0.01581219999999999848
129 4.000000 4.000000 0.01805959999999999857
130 6.000000 6.000000 0.03082709999999999964
131 3.000000 3.000000 0.01585929999999999979
132 4.000000 4.000000 0.01786089999999999900
133 6.000000 6.000000 0.01722220000000000001
134 3.000000 3.000000 0.02040660000000000043
135 6.000000 6.000000 0.02046469999999999886
136 4.000000 4.000000 0.01646500000000000047
137 10.000000 7.000000 0.01691439999999999957
138 6.000000 6.000000 0.01629279999999999964
139 5.000000 5.000000 0.01564279999999999837
140 3.000000 3.000000 0.01648969999999999950
141 6.000000 6.000000 0.01828640000000000126
142 7.000000 7.000000 0.02105539999999999842
143 7.000000 7.000000 0.02425770000000000010
144 4.000000 4.000000 0.03657470000000000165
145 5.000000 4.000000 0.01635719999999999882
146 5.000000 5.000000 0.03130109999999999837
147 8.000000 8.000000 0.01408700000000000056
148 3.000000 3.000000 0.02251749999999999932
149 4.000000 4.000000 0.02204050000000000106
150 6.000000 6.000000 0.01607110000000000136
151 6.000000 5.000000 0.02153870000000000090
152 7.000000 6.000000 0.02371130000000000113
153 3.000000 3.000000 0.01528000000000000018
154 3.000000 3.000000 0.01522839999999999958
155 3.000000 3.000000 0.02137429999999999886
156 5.000000 5.000000 0.02317210000000000103
157 9.000000 8.000000 0.01567429999999999865
158 10.000000 8.000000 0.02893120000000000067
159 10.000000 9.000000 0.01774190000000000142
160 3.000000 3.000000 0.01704359999999999903
161 4.000000 4.000000 0.02961230000000000112
162 3.000000 3.000000 0.01910070000000000170
163 6.000000 6.000000 0.01664209999999999995
164 9.000000 8.000000 0.01510700000000000064
165 9.000000 7.000000 0.02102750000000000105
166 10.000000 9.000000 0.01888859999999999845
167 7.000000 7.000000 0.01745290000000000036
168 10.000000 8.000000 0.03632409999999999806
169 6.000000 6.000000 0.01541400000000000062
170 4.000000 4.000000 0.01625549999999999912
171 4.000000 4.000000 0.03694879999999999692
172 4.000000 4.000000 0.01669450000000000101
173 4.000000 4.000000 0.01595780000000000115
174 6.000000 6.000000 0.01788390000000000118
175 6.000000 6.000000 0.01621289999999999884
176 9.000000 9.000000 0.01477419999999999949
177 3.000000 3.000000 0.01758279999999999912
178 6.000000 6.000000 0.04048229999999999884
179 6.000000 6.000000 0.01758240000000000150
180 5.000000 5.000000 0.01550269999999999947
181 3.000000 3.000000 0.03726619999999999933
182 7.000000 7.000000 0.01561429999999999936
183 7.000000 6.000000 0.01531809999999999942
184 6.000000 6.000000 0.01730819999999999928
185 6.000000 6.000000 0.02358630000000000101
186 9.000000 7.000000 0.01603399999999999964
187 8.000000 8.000000 0.02148510000000000003
188 7.000000 6.000000 0.03142169999999999686
189 3.000000 3.000000 0.01519999999999999997
190 9.000000 8.000000 0.02935039999999999871
191 5.000000 5.000000 0.01559280000000000041
192 9.000000 9.000000 0.01686719999999999886
193 5.000000 5.000000 0.01892529999999999907
194 4.000000 4.000000 0.01699350000000000166
195 11.000000 11.000000 0.02915730000000000058
196 4.000000 4.000000 0.02433070000000000024
197 9.000000 7.000000 0.01567819999999999978
198 4.000000 4.000000 0.04369019999999999848
199 4.000000 4.000000 0.01842649999999999844
200 6.000000 6.000000 0.01597149999999999959
201 8.000000 7.000000 0.01521109999999999997
202 7.000000 7.000000 0.01757330000000000003
203 5.000000 5.000000 0.01490509999999999925
204 3.000000 3.000000 0.01694769999999999957
205 8.000000 7.000000 0.01904049999999999840
206 8.000000 8.000000 0.02013210000000000000
207 4.000000 4.000000 0.01573039999999999855
208 10.000000 9.000000 0.02928259999999999891
209 5.000000 5.000000 0.01420489999999999947
210 5.000000 5.000000 0.02321669999999999984
211 8.000000 7.000000 0.01514929999999999922
212 5.000000 5.000000 0.03019130000000000077
213 5.000000 5.000000 0.01625189999999999968
214 10.000000 8.000000 0.01480180000000000037
215 4.000000 4.000000 0.01604809999999999917
216 4.000000 4.000000 0.01820540000000000005
217 6.000000 6.000000 0.01686170000000000030
218 6.000000 4.000000 0.01394019999999999981
219 3.000000 3.000000 0.01736110000000000084
220 4.000000 4.000000 0.01808809999999999932
221 6.000000 6.000000 0.01629720000000000127
222 5.000000 4.000000 0.01555349999999999962
223 5.000000 5.000000 0.01522890000000000008
224 5.000000 5.000000 0.01539289999999999929
225 3.000000 3.000000 0.01669179999999999969
226 6.000000 5.000000 0.01984729999999999828
227 5.000000 5.000000 0.01716650000000000120
228 4.000000 4.000000 0.01642520000000000091
229 5.000000 5.000000 0.01732030000000000028
230 10.000000 8.000000 0.01498859999999999949
231 7.000000 6.000000 0.01578459999999999933
232 7.000000 6.000000 0.01609429999999999888
233 6.000000 6.000000 0.02771749999999999908
234 4.000000 4.000000 0.02875729999999999953
235 9.000000 8.000000 0.01694460000000000063
236 6.000000 6.000000 0.03187439999999999718
237 3.000000 3.000000 0.02789639999999999828
238 7.000000 6.000000 0.01584079999999999863
239 4.000000 4.000000 0.01951069999999999888
240 7.000000 7.000000 0.01644009999999999916
241 3.000000 3.000000 0.01538040000000000067
242 7.000000 6.000000 0.02408100000000000171
243 7.000000 6.000000 0.03828290000000000165
244 8.000000 8.000000 0.01552459999999999951
245 6.000000 6.000000 0.02013900000000000065
246 8.000000 8.000000 0.03743670000000000331
247 6.000000 5.000000 0.01519039999999999974
248 4.000000 4.000000 0.01799080000000000124
249 5.000000 5.000000 0.01843279999999999919
250 3.000000 3.000000 0.01594229999999999953
251 6.000000 6.000000 0.02477309999999999929
252 12.000000 11.000000 0.01840460000000000013
253 8.000000 8.000000 0.01754999999999999963
254 4.000000 4.000000 0.01576659999999999867
255 4.000000 4.000000 0.01755510000000000057
256 5.000000 5.000000 0.01940329999999999833
257 4.000000 4.000000 0.01597880000000000134
258 8.000000 8.000000 0.01509929999999999953
259 6.000000 6.000000 0.01520610000000000017
260 5.000000 5.000000 0.01521430000000000005
261 6.000000 5.000000 0.01498700000000000032
262 6.000000 6.000000 0.01742339999999999861
263 4.000000 4.000000 0.01710379999999999887
264 6.000000 6.000000 0.01605689999999999895
265 3.000000 3.000000 0.01527429999999999934
266 6.000000 6.000000 0.01547779999999999989
267 8.000000 8.000000 0.01879050000000000165
268 5.000000 5.000000 0.01626259999999999858
269 3.000000 3.000000 0.01653639999999999971
270 8.000000 7.000000 0.01541769999999999946
271 4.000000 4.000000 0.01676599999999999965
272 7.000000 7.000000 0.01776180000000000120
273 3.000000 3.000000 0.01529239999999999940
274 5.000000 5.000000 0.01548809999999999944
275 3.000000 3.000000 0.01849879999999999927
276 6.000000 6.000000 0.01663790000000000061
277 9.000000 8.000000 0.01655150000000000024
278 3.000000 3.000000 0.01574439999999999867
279 8.000000 8.000000 0.01479630000000000008
280 7.000000 7.000000 0.02112270000000000120
281 6.000000 6.000000 0.01702899999999999900
282 11.000000 9.000000 0.01655169999999999905
283 7.000000 7.000000 0.01658439999999999914
284 8.000000 7.000000 0.01822199999999999862
285 6.000000 6.000000 0.01560860000000000025
286 4.000000 4.000000 0.02156949999999999840
287 11.000000 8.000000 0.01710870000000000099
288 7.000000 7.000000 0.01414050000000000029
289 7.000000 7.000000 0.01545939999999999988
290 8.000000 8.000000 0.01471899999999999945
291 5.000000 4.000000 0.01695139999999999841
292 4.000000 4.000000 0.01550950000000000072
293 5.000000 5.000000 0.01388009999999999938
294 4.000000 4.000000 0.01612359999999999835
295 8.000000 7.000000 0.01500010000000000059
296 7.000000 7.000000 0.01924599999999999922
297 8.000000 8.000000 0.02006969999999999935
298 6.000000 6.000000 0.01636779999999999832
299 4.000000 4.000000 0.01556309999999999985
300 5.000000 5.000000 0.01516890000000000079
301 8.000000 7.000000 0.01647339999999999915
302 5.000000 5.000000 0.01615640000000000132
303 7.000000 6.000000 0.01619019999999999834
304 8.000000 7.000000 0.01470450000000000056
305 5.000000 5.000000 0.01585699999999999957
306 7.000000 7.000000 0.01956410000000000093
307 11.000000 11.000000 0.01548899999999999930
308 6.000000 6.000000 0.01640619999999999926
309 5.000000 5.000000 0.01669359999999999941
310 4.000000 4.000000 0.01599810000000000121
311 6.000000 6.000000 0.01982160000000000172
312 4.000000 4.000000 0.01760959999999999956
313 4.000000 4.000000 0.01701110000000000122
314 4.000000 4.000000 0.01760619999999999893
315 4.000000 4.000000 0.01894780000000000075
316 5.000000 4.000000 0.01927190000000000153
317 4.000000 4.000000 0.01603550000000000114
318 5.000000 5.000000 0.01533130000000000083
319 8.000000 8.000000 0.01598310000000000008
320 8.000000 7.000000 0.01563430000000000028
321 7.000000 7.000000 0.01600920000000000121
322 9.000000 7.000000 0.01597739999999999924
323 5.000000 4.000000 0.01580389999999999920
324 10.000000 9.000000 0.01472629999999999946
325 6.000000 6.000000 0.01662829999999999864
326 5.000000 5.000000 0.01682379999999999987
327 4.000000 4.000000 0.02289539999999999978
328 6.000000 6.000000 0.02552170000000000133
329 7.000000 7.000000 0.01309169999999999952
330 5.000000 5.000000 0.03632160000000000249
331 9.000000 9.000000 0.01482439999999999973
332 4.000000 4.000000 0.01705720000000000153
333 6.000000 6.000000 0.01602419999999999886
334 4.000000 4.000000 0.01644529999999999950
335 4.000000 4.000000 0.01550430000000000037
336 9.000000 9.000000 0.02559209999999999957
337 3.000000 3.000000 0.01511769999999999954
338 5.000000 5.000000 0.01548339999999999959
339 3.000000 3.000000 0.01625949999999999965
340 3.000000 3.000000 0.01491740000000000080
341 6.000000 6.000000 0.01520819999999999984
342 5.000000 5.000000 0.01463380000000000063
343 7.000000 6.000000 0.02256659999999999916
344 4.000000 4.000000 0.01554129999999999921
345 8.000000 6.000000 0.01478140000000000009
346 4.000000 4.000000 0.01457190000000000048
347 10.000000 8.000000 0.01460129999999999935
348 7.000000 7.000000 0.01665610000000000007
349 4.000000 4.000000 0.01634139999999999898
350 6.000000 6.000000 0.01503490000000000035
351 3.000000 3.000000 0.01610119999999999954
352 3.000000 3.000000 0.01871089999999999906
353 4.000000 4.000000 0.01521759999999999953
354 7.000000 7.000000 0.01621509999999999965
355 5.000000 5.000000 0.01488809999999999960
356 6.000000 6.000000 0.01589159999999999878
357 4.000000 4.000000 0.01613840000000000066
358 10.000000 8.000000 0.01575899999999999870
359 6.000000 6.000000 0.01796729999999999855
360 6.000000 6.000000 0.01573219999999999827
361 3.000000 3.000000 0.01586430000000000132
362 4.000000 4.000000 0.01555179999999999930
363 5.000000 4.000000 0.01596420000000000131
364 4.000000 4.000000 0.02016859999999999833
365 5.000000 5.000000 0.01650830000000000006
366 4.000000 4.000000 0.01546149999999999955
367 5.000000 5.000000 0.01705200000000000118
368 10.000000 8.000000 0.01533099999999999914
369 4.000000 4.000000 0.01670210000000000097
370 4.000000 4.000000 0.01628270000000000065
371 6.000000 5.000000 0.01487319999999999962
372 4.000000 4.000000 0.01635620000000000129
373 4.000000 4.000000 0.01834289999999999879
374 4.000000 4.000000 0.01777439999999999923
375 7.000000 7.000000 0.01500089999999999930
376 5.000000 4.000000 0.01735959999999999934
377 4.000000 4.000000 0.01662370000000000167
378 4.000000 4.000000 0.01723349999999999882
379 6.000000 6.000000 0.01794719999999999996
380 7.000000 6.000000 0.01495600000000000054
381 5.000000 5.000000 0.02106349999999999889
382 6.000000 6.000000 0.01951490000000000169
383 5.000000 5.000000 0.01560819999999999916
384 11.000000 10.000000 0.01437790000000000075
385 3.000000 3.000000 0.01542430000000000016
386 4.000000 4.000000 0.01586210000000000050
387 3.000000 3.000000 0.01542660000000000038
388 3.000000 3.000000 0.01734410000000000118
389 5.000000 5.000000 0.01487029999999999949
390 4.000000 4.000000 0.01704040000000000069
391 7.000000 6.000000 0.01546540000000000067
392 4.000000 4.000000 0.01486370000000000052
393 8.000000 7.000000 0.03924949999999999967
394 5.000000 5.000000 0.01755620000000000097
395 9.000000 9.000000 0.01713889999999999858
396 7.000000 6.000000 0.01844859999999999903
397 7.000000 7.000000 0.01766619999999999996
398 8.000000 7.000000 0.01577129999999999851
399 5.000000 5.000000 0.02641579999999999970
400 6.000000 6.000000 0.01714680000000000024
401 3.000000 3.000000 0.01659930000000000086
402 5.000000 4.000000 0.03474139999999999867
403 4.000000 4.000000 0.01652570000000000081
404 7.000000 6.000000 0.01649880000000000096
405 3.000000 3.000000 0.02481329999999999994
406 4.000000 4.000000 0.03315570000000000322
407 3.000000 3.000000 0.01720669999999999839
408 3.000000 3.000000 0.03255190000000000167
409 3.000000 3.000000 0.01656849999999999989
410 11.000000 10.000000 0.01510740000000000000
411 4.000000 4.000000 0.03401909999999999656
412 9.000000 8.000000 0.01869550000000000031
413 4.000000 4.000000 0.01845420000000000046
414 8.000000 6.000000 0.02957560000000000050
415 9.000000 8.000000 0.04018010000000000331
416 5.000000 5.000000 0.01548210000000000038
417 7.000000 7.000000 0.02929309999999999900
418 6.000000 5.000000 0.01425930000000000079
419 4.000000 4.000000 0.01553429999999999915
420 6.000000 6.000000 0.01728239999999999985
