1 45.000000 42.000000 0.22310949999999998838
2 47.000000 40.000000 0.93711319999999997954
3 38.000000 33.000000 1.10440089999999990766
4 68.000000 55.000000 0.62635529999999994821
5 79.000000 75.000000 0.42233490000000001308
6 80.000000 69.000000 0.57111999999999996103
7 26.000000 26.000000 0.68938420000000000254
8 53.000000 47.000000 0.34379910000000002412
9 45.000000 41.000000 0.23387310000000000043
10 52.000000 47.000000 0.38076339999999997410
11 52.000000 50.000000 0.51306799999999996853
12 42.000000 40.000000 0.20986199999999999299
13 35.000000 35.000000 0.67118619999999995507
14 59.000000 53.000000 0.17388999999999998902
15 67.000000 57.000000 0.11414470000000000172
16 53.000000 48.000000 0.17532909999999998774
17 86.000000 78.000000 0.08279150000000000398
18 12.000000 12.000000 0.44858480000000000576
19 39.000000 36.000000 0.36397340000000000249
20 53.000000 48.000000 0.18695500000000001006
21 24.000000 23.000000 0.14918059999999999654
22 36.000000 31.000000 0.23691840000000000122
23 52.000000 51.000000 0.23475470000000001058
24 41.000000 38.000000 0.57902569999999997652
25 78.000000 75.000000 0.11065429999999999711
26 39.000000 35.000000 0.38805889999999998441
27 42.000000 38.000000 0.17111609999999999321
28 70.000000 60.000000 0.09345770000000000466
29 73.000000 63.000000 0.15363599999999999479
30 42.000000 41.000000 0.16335730000000001083
31 81.000000 73.000000 0.13957459999999999312
32 25.000000 23.000000 0.19806340000000000057
33 87.000000 77.000000 0.26764409999999999590
34 42.000000 39.000000 0.36442059999999998343
35 48.000000 46.000000 0.27524819999999999842
36 61.000000 58.000000 0.12436790000000000345
37 40.000000 39.000000 0.07762180000000000468
38 86.000000 77.000000 0.08956930000000000447
39 59.000000 54.000000 0.33811910000000000576
40 33.000000 27.000000 0.61351929999999998966
41 45.000000 43.000000 0.08282620000000000260
42 51.000000 49.000000 0.12904799999999999605
43 36.000000 31.000000 0.48246080000000002297
44 16.000000 14.000000 0.40008219999999999894
45 56.000000 48.000000 0.20739309999999999690
46 57.000000 57.000000 0.11811099999999999377
47 11.000000 11.000000 0.73762740000000004414
48 53.000000 46.000000 0.19291869999999999852
49 45.000000 39.000000 0.70604569999999999830
50 13.000000 11.000000 0.43612859999999997740
51 94.000000 81.000000 0.11335710000000000230
52 52.000000 49.000000 0.46304370000000000251
53 47.000000 45.000000 0.34215109999999998580
54 28.000000 27.000000 0.57330309999999995441
55 49.000000 49.000000 0.18057080000000000353
56 27.000000 27.000000 0.36357200000000000628
57 39.000000 31.000000 0.50776849999999995600
58 36.000000 34.000000 0.38421460000000001722
59 33.000000 31.000000 0.07754469999999999419
60 53.000000 52.000000 0.08053090000000000248
61 36.000000 35.000000 0.28372540000000001648
62 39.000000 32.000000 0.40505520000000000413
63 49.000000 43.000000 0.30966539999999997956
64 20.000000 18.000000 0.52498579999999994694
65 42.000000 41.000000 0.13213929999999998732
66 120.000000 107.000000 0.05240700000000000219
67 24.000000 24.000000 0.03137329999999999980
68 74.000000 68.000000 0.07218470000000000442
69 70.000000 70.000000 0.04501600000000000046
70 56.000000 47.000000 0.20021980000000000333
71 75.000000 73.000000 0.08481959999999999500
72 34.000000 33.000000 0.22315509999999999513
73 65.000000 59.000000 0.13580849999999999866
74 18.000000 16.000000 0.31314520000000001243
75 49.000000 44.000000 0.13176409999999999512
76 25.000000 23.000000 0.25177220000000000155
77 19.000000 16.000000 0.25003090000000000037
78 52.000000 50.000000 0.33288360000000000172
79 24.000000 22.000000 0.38097429999999998795
80 55.000000 50.000000 0.37105820000000000469
81 46.000000 44.000000 0.30806050000000001488
82 55.000000 51.000000 0.13288279999999999537
83 24.000000 21.000000 0.37145129999999998427
84 54.000000 50.000000 0.16362319999999999642
85 42.000000 42.000000 0.18895660000000000234
86 61.000000 57.000000 0.12481250000000000677
87 27.000000 26.000000 0.29440790000000000015
88 48.000000 46.000000 0.22882530000000000925
89 58.000000 50.000000 0.30931550000000002099
90 32.000000 26.000000 0.40409659999999997249
91 55.000000 54.000000 0.24059010000000000118
92 20.000000 20.000000 0.45377010000000000955
93 56.000000 52.000000 0.16519919999999999050
94 77.000000 70.000000 0.43659569999999997547
95 56.000000 50.000000 0.08449339999999999629
96 40.000000 39.000000 0.47827849999999999531
97 82.000000 65.000000 0.18094799999999999773
98 55.000000 45.000000 0.10749910000000000021
99 75.000000 72.000000 0.11072260000000000435
100 38.000000 38.000000 0.26720450000000001145
101 33.000000 29.000000 0.43492029999999998191
102 46.000000 44.000000 0.09664830000000000643
103 79.000000 74.000000 0.13741349999999999398
104 86.000000 78.000000 0.04969309999999999700
105 55.000000 53.000000 0.04208859999999999685
106 39.000000 35.000000 0.38513829999999998899
107 47.000000 41.000000 0.19066800000000000415
108 45.000000 43.000000 0.16112819999999999920
109 37.000000 34.000000 0.26167020000000001945
110 68.000000 66.000000 0.23173669999999998992
111 62.000000 57.000000 0.23677960000000000673
112 33.000000 32.000000 0.35364849999999997676
113 16.000000 14.000000 0.44337599999999999234
114 50.000000 48.000000 0.53477379999999996585
115 52.000000 49.000000 0.15936800000000000965
116 62.000000 57.000000 0.10594209999999999738
117 51.000000 49.000000 0.05567500000000000226
118 85.000000 75.000000 0.22617909999999999404
119 23.000000 20.000000 0.28836640000000002271
120 54.000000 49.000000 0.06417029999999999956
121 37.000000 32.000000 0.27019789999999999086
122 41.000000 39.000000 0.16019700000000000606
123 52.000000 47.000000 0.25056790000000001006
124 54.000000 47.000000 0.23739499999999999491
125 51.000000 48.000000 0.12416889999999999872
126 29.000000 28.000000 0.51660399999999995213
127 31.000000 31.000000 0.19016510000000000358
128 43.000000 43.000000 0.25426440000000000152
129 60.000000 58.000000 0.15360509999999999442
130 27.000000 25.000000 0.29663610000000001365
131 76.000000 63.000000 0.14440159999999999108
132 58.000000 52.000000 0.08347720000000000140
133 39.000000 39.000000 0.14008200000000001206
134 33.000000 31.000000 0.13834240000000000426
135 39.000000 39.000000 0.14899879999999998681
136 49.000000 47.000000 0.32181239999999999846
137 72.000000 69.000000 0.04787759999999999933
138 53.000000 53.000000 0.19422380000000000200
139 41.000000 35.000000 0.15428810000000001135
140 75.000000 67.000000 0.13111249999999999294
141 62.000000 59.000000 0.06711849999999999761
142 47.000000 44.000000 0.18651629999999999598
143 36.000000 36.000000 0.24469689999999999497
144 45.000000 43.000000 0.25683280000000002774
145 68.000000 54.000000 0.04523110000000000325
146 30.000000 27.000000 0.44103429999999999023
147 55.000000 52.000000 0.22260550000000001170
148 28.000000 27.000000 0.36431380000000002095
149 56.000000 53.000000 0.21349940000000000584
150 65.000000 59.000000 0.24338329999999999687
151 52.000000 50.000000 0.14025080000000000879
152 20.000000 20.000000 0.27520410000000000705
153 76.000000 70.000000 0.10692669999999999952
154 27.000000 25.000000 0.36211470000000001157
155 17.000000 17.000000 0.36198629999999998308
156 59.000000 57.000000 0.13931950000000001277
157 48.000000 42.000000 0.27426889999999998215
158 46.000000 38.000000 0.46439409999999997636
159 40.000000 37.000000 0.24660000000000001363
160 57.000000 52.000000 0.30750559999999999006
161 53.000000 49.000000 0.20604390000000000205
162 28.000000 26.000000 0.69959079999999995714
163 51.000000 47.000000 0.22913890000000000646
164 20.000000 19.000000 0.45793390000000000484
165 43.000000 38.000000 0.29131230000000002400
166 41.000000 38.000000 0.15326829999999999621
167 30.000000 30.000000 0.28931079999999997909
168 24.000000 23.000000 0.31941000000000002723
169 25.000000 23.000000 0.23018949999999999134
170 76.000000 68.000000 0.06144209999999999949
171 78.000000 75.000000 0.10701380000000000614
172 38.000000 37.000000 0.22529450000000000864
173 27.000000 26.000000 0.15482260000000000466
174 33.000000 32.000000 0.29667929999999997914
175 20.000000 20.000000 0.30643070000000000030
176 26.000000 25.000000 0.26914440000000000586
177 40.000000 37.000000 0.04295009999999999800
178 43.000000 42.000000 0.29065390000000002058
179 50.000000 48.000000 0.10646020000000000483
180 51.000000 50.000000 0.05613889999999999852
181 76.000000 70.000000 0.14731410000000000338
182 32.000000 27.000000 0.16011819999999998831
183 37.000000 35.000000 0.27391359999999997932
184 74.000000 72.000000 0.19021330000000000182
185 12.000000 12.000000 0.17461440000000000294
186 55.000000 50.000000 0.18543529999999999736
187 40.000000 37.000000 0.30669899999999999940
188 67.000000 64.000000 0.20492099999999999205
189 48.000000 44.000000 0.28450300000000000589
190 42.000000 38.000000 0.15373690000000000966
191 28.000000 26.000000 0.19043219999999999592
192 28.000000 28.000000 0.30356509999999997662
193 63.000000 54.000000 0.32198650000000000881
194 63.000000 61.000000 0.21857930000000000414
195 61.000000 51.000000 0.23591560000000000308
196 24.000000 24.000000 0.32399840000000001972
197 32.000000 32.000000 0.35092919999999999670
198 31.000000 26.000000 0.40404649999999997512
199 24.000000 24.000000 0.27090399999999997815
200 54.000000 48.000000 0.26601170000000001759
201 56.000000 55.000000 0.23826720000000001232
202 14.000000 14.000000 0.42861179999999998724
203 31.000000 29.000000 0.23447309999999998986
204 56.000000 51.000000 0.20733319999999999528
205 32.000000 27.000000 0.17675959999999998895
206 31.000000 29.000000 0.26273819999999997732
207 62.000000 58.000000 0.25043209999999999082
208 50.000000 42.000000 0.27434449999999999115
209 58.000000 52.000000 0.60280489999999997686
210 30.000000 29.000000 0.41016750000000001819
211 36.000000 30.000000 0.32445940000000000891
212 36.000000 35.000000 0.32389149999999999885
213 44.000000 44.000000 0.21005689999999999085
214 54.000000 51.000000 0.21264250000000001206
215 36.000000 33.000000 0.23505010000000001180
216 60.000000 55.000000 0.22147220000000000795
217 49.000000 49.000000 0.22242909999999999071
218 28.000000 26.000000 0.26520759999999998779
219 74.000000 65.000000 0.26808130000000002235
220 36.000000 33.000000 0.14188909999999999023
221 59.000000 56.000000 0.18034140000000001280
222 18.000000 18.000000 0.26315450000000001340
223 31.000000 29.000000 0.39981290000000002660
224 51.000000 48.000000 0.23042340000000000044
225 64.000000 57.000000 0.22906209999999999072
226 34.000000 34.000000 0.25392510000000001469
227 45.000000 42.000000 0.25650410000000001265
228 66.000000 59.000000 0.17212040000000000672
229 67.000000 63.000000 0.26027889999999997972
230 37.000000 36.000000 0.36320530000000000870
231 55.000000 53.000000 0.09514179999999999859
232 10.000000 10.000000 0.44133200000000000207
233 64.000000 56.000000 0.17084820000000000562
234 54.000000 50.000000 0.12280130000000000212
235 24.000000 24.000000 0.30443080000000000140
236 67.000000 59.000000 0.23985890000000001376
237 65.000000 56.000000 0.23707380000000000120
238 36.000000 34.000000 0.30365659999999999874
239 34.000000 32.000000 0.21941450000000001230
240 55.000000 52.000000 0.26696550000000002223
241 24.000000 21.000000 0.39628609999999997449
242 75.000000 68.000000 0.09528509999999999758
243 56.000000 46.000000 0.04962849999999999900
244 38.000000 35.000000 0.23425180000000001002
245 63.000000 57.000000 0.13001789999999999181
246 65.000000 65.000000 0.13638539999999998997
247 32.000000 32.000000 0.19387960000000001304
248 37.000000 36.000000 0.20980240000000000000
249 38.000000 38.000000 0.18749560000000001225
250 35.000000 34.000000 0.33975420000000000620
251 60.000000 51.000000 0.35685299999999997578
252 41.000000 36.000000 0.29087200000000001943
253 31.000000 26.000000 0.41171239999999997838
254 36.000000 36.000000 0.15077119999999999411
255 54.000000 52.000000 0.22072659999999999503
256 38.000000 35.000000 0.11165809999999999624
257 44.000000 40.000000 0.24884729999999999350
258 65.000000 58.000000 0.47005980000000002761
259 25.000000 23.000000 0.34446050000000000280
260 55.000000 44.000000 0.16033800000000000829
261 55.000000 51.000000 0.46286280000000001866
262 40.000000 37.000000 0.46929470000000000907
263 20.000000 20.000000 0.26830559999999997745
264 28.000000 28.000000 0.35775689999999998880
265 32.000000 27.000000 0.38247740000000002292
266 62.000000 57.000000 0.26855370000000000630
267 42.000000 42.000000 0.25002200000000002200
268 41.000000 38.000000 0.35067270000000000385
269 43.000000 41.000000 0.37645580000000000709
270 51.000000 51.000000 0.14881730000000001346
271 23.000000 22.000000 0.38209629999999999983
272 61.000000 52.000000 0.11091529999999999445
273 38.000000 33.000000 0.29477819999999999023
274 46.000000 46.000000 0.20485890000000001043
275 55.000000 53.000000 0.23638529999999999265
276 14.000000 14.000000 0.38468700000000000117
277 55.000000 51.000000 0.22149450000000001082
278 63.000000 57.000000 0.13126499999999999280
279 21.000000 19.000000 0.32019310000000000827
280 85.000000 75.000000 0.11416529999999999734
281 21.000000 19.000000 0.12480919999999999515
282 25.000000 20.000000 0.26346449999999999037
283 66.000000 61.000000 0.21278220000000000467
284 41.000000 40.000000 0.34955160000000001785
285 39.000000 38.000000 0.16344110000000000582
286 27.000000 23.000000 0.24562290000000000512
287 53.000000 51.000000 0.34261580000000002588
288 41.000000 37.000000 0.29630859999999997756
289 57.000000 55.000000 0.19935720000000001217
290 34.000000 32.000000 0.39292440000000000699
291 29.000000 29.000000 0.46906069999999999709
292 53.000000 44.000000 0.21800910000000001121
293 44.000000 42.000000 0.15829370000000000940
294 62.000000 54.000000 0.22706309999999998994
295 22.000000 21.000000 0.33563920000000002641
296 50.000000 45.000000 0.20290769999999999640
297 34.000000 31.000000 0.38208569999999997258
298 49.000000 49.000000 0.05825629999999999697
299 65.000000 60.000000 0.22407160000000000966
300 49.000000 46.000000 0.23313079999999999914
301 57.000000 52.000000 0.27207510000000001416
302 54.000000 47.000000 0.12666479999999999406
303 44.000000 38.000000 0.12990409999999999457
304 37.000000 35.000000 0.31900410000000001265
305 22.000000 22.000000 0.38471980000000000066
306 35.000000 34.000000 0.27834490000000000620
307 52.000000 43.000000 0.25895659999999998124
308 71.000000 65.000000 0.16361780000000000768
309 45.000000 43.000000 0.38192749999999997534
310 31.000000 31.000000 0.41190110000000002000
311 44.000000 40.000000 0.22036829999999998919
312 63.000000 56.000000 0.19899839999999999196
313 53.000000 46.000000 0.30286419999999997232
314 44.000000 39.000000 0.28803899999999998949
315 18.000000 18.000000 0.38342809999999999393
316 52.000000 46.000000 0.25910919999999998398
317 48.000000 44.000000 0.28528750000000002718
318 59.000000 52.000000 0.41611480000000000690
319 62.000000 58.000000 0.28635919999999998042
320 35.000000 31.000000 0.12092799999999999383
321 30.000000 30.000000 0.50292280000000000317
322 54.000000 54.000000 0.09534230000000000482
323 38.000000 38.000000 0.08560600000000000154
324 26.000000 26.000000 0.32026219999999999688
325 46.000000 41.000000 0.10346320000000000516
326 45.000000 43.000000 0.21285830000000000028
327 17.000000 17.000000 0.32605650000000002686
328 86.000000 64.000000 0.04129870000000000069
329 41.000000 38.000000 0.22730539999999999079
330 56.000000 51.000000 0.34084900000000001308
331 53.000000 48.000000 0.25012109999999998511
332 71.000000 69.000000 0.22017559999999999909
333 68.000000 57.000000 0.18057019999999998627
334 38.000000 36.000000 0.17575489999999999169
335 88.000000 80.000000 0.04267830000000000235
336 28.000000 26.000000 0.31528339999999999144
337 70.000000 68.000000 0.10825390000000000013
338 33.000000 27.000000 0.45405849999999997602
339 95.000000 91.000000 0.04902770000000000045
340 73.000000 62.000000 0.03966780000000000306
341 11.000000 11.000000 0.37021480000000001054
342 58.000000 55.000000 0.21648919999999999275
343 51.000000 48.000000 0.25988949999999999552
344 37.000000 33.000000 0.26002619999999998512
345 48.000000 42.000000 0.34947240000000001636
346 41.000000 35.000000 0.26706809999999997496
347 39.000000 34.000000 0.11098900000000000432
348 72.000000 57.000000 0.15846399999999999375
349 47.000000 42.000000 0.14526720000000001298
350 38.000000 34.000000 0.42563240000000002183
351 61.000000 55.000000 0.09036039999999999350
352 48.000000 46.000000 0.11337959999999999705
353 64.000000 55.000000 0.20691309999999998870
354 61.000000 57.000000 0.23417889999999999540
355 20.000000 19.000000 0.33114579999999999016
356 23.000000 23.000000 0.28273179999999997758
357 73.000000 61.000000 0.09018460000000000365
358 44.000000 44.000000 0.12209050000000000458
359 56.000000 53.000000 0.15739049999999998875
360 82.000000 76.000000 0.25147669999999999746
361 55.000000 47.000000 0.10589260000000000339
362 51.000000 47.000000 0.18649820000000000286
363 49.000000 46.000000 0.21123759999999999759
364 33.000000 31.000000 0.20499470000000000192
365 24.000000 23.000000 0.15943450000000000677
366 21.000000 21.000000 0.22834489999999998955
367 34.000000 31.000000 0.22040860000000001007
368 8.000000 8.000000 0.56589970000000000550
369 43.000000 41.000000 0.20128860000000001196
370 39.000000 38.000000 0.37123950000000000005
371 60.000000 57.000000 0.02740750000000000131
372 87.000000 83.000000 0.05187750000000000000
373 55.000000 48.000000 0.22098010000000001263
374 42.000000 37.000000 0.21687329999999999108
375 81.000000 71.000000 0.16214080000000000159
376 37.000000 32.000000 0.39513049999999999562
377 78.000000 77.000000 0.08568729999999999403
378 16.000000 16.000000 0.30434159999999998991
379 44.000000 38.000000 0.25763829999999998677
380 50.000000 44.000000 0.30132470000000000088
381 26.000000 26.000000 0.27993469999999998077
382 61.000000 56.000000 0.11593269999999999964
383 70.000000 61.000000 0.18161120000000000041
384 49.000000 46.000000 0.29558010000000001227
385 21.000000 18.000000 0.49150310000000002608
386 46.000000 43.000000 0.26635910000000001530
387 51.000000 51.000000 0.21825420000000000931
388 55.000000 48.000000 0.28385339999999997795
389 32.000000 31.000000 0.13752259999999999485
390 53.000000 50.000000 0.05528779999999999806
391 34.000000 34.000000 0.27842879999999997631
392 62.000000 56.000000 0.27926519999999999122
393 47.000000 42.000000 0.14927750000000000741
394 68.000000 63.000000 0.25411519999999998554
395 22.000000 20.000000 0.37705880000000002727
396 42.000000 38.000000 0.15624070000000001013
397 63.000000 57.000000 0.04515779999999999794
398 48.000000 45.000000 0.21385419999999999430
399 26.000000 23.000000 0.32785300000000000553
400 60.000000 60.000000 0.24225900000000000212
401 80.000000 65.000000 0.10325779999999999681
402 29.000000 26.000000 0.51104930000000003965
403 51.000000 46.000000 0.10048899999999999499
404 39.000000 37.000000 0.24809059999999999446
405 73.000000 60.000000 0.10543510000000000382
406 36.000000 34.000000 0.18476680000000000881
407 12.000000 12.000000 0.28051510000000001721
408 66.000000 60.000000 0.29466100000000000625
409 66.000000 62.000000 0.09147539999999999838
410 55.000000 53.000000 0.32264900000000001912
411 37.000000 35.000000 0.20978420000000000400
412 51.000000 51.000000 0.29776229999999997977
413 53.000000 48.000000 0.35552149999999999030
414 55.000000 54.000000 0.06348349999999999826
415 29.000000 29.000000 0.29933260000000000423
416 54.000000 47.000000 0.19043640000000000567
417 69.000000 62.000000 0.09238109999999999378
418 33.000000 30.000000 0.29044160000000002197
419 60.000000 54.000000 0.18611669999999999603
420 46.000000 46.000000 0.20355159999999999920
