1 104.000000 97.000000 1.94998960000000010062
2 82.000000 80.000000 2.56308220000000019922
3 92.000000 81.000000 2.20667910000000011550
4 131.000000 122.000000 1.05555690000000002016
5 84.000000 82.000000 0.73787899999999995160
6 92.000000 89.000000 1.28450440000000010166
7 71.000000 66.000000 1.43137990000000003832
8 87.000000 83.000000 0.93558879999999999821
9 81.000000 74.000000 1.56037929999999991360
10 13.000000 13.000000 2.30711930000000009500
11 111.000000 98.000000 0.33690520000000001577
12 82.000000 79.000000 1.38515019999999999811
13 111.000000 95.000000 0.62973279999999998147
14 47.000000 42.000000 2.58867750000000018673
15 156.000000 138.000000 0.35078249999999999709
16 86.000000 80.000000 0.75220160000000002576
17 34.000000 30.000000 2.43262750000000016470
18 74.000000 70.000000 1.37446530000000000094
19 79.000000 75.000000 0.80238410000000004452
20 133.000000 118.000000 0.44133230000000001070
21 79.000000 72.000000 0.53134069999999999911
22 89.000000 82.000000 1.91365270000000009532
23 89.000000 84.000000 0.75160050000000000470
24 94.000000 92.000000 0.97616329999999995604
25 72.000000 72.000000 1.18597869999999994128
26 85.000000 85.000000 1.18816009999999994129
27 76.000000 72.000000 0.70841829999999994527
28 49.000000 49.000000 1.64013349999999991091
29 112.000000 106.000000 0.06800399999999999501
30 141.000000 126.000000 1.20549409999999990184
31 62.000000 61.000000 2.51099089999999991463
32 86.000000 86.000000 0.17638019999999998699
33 98.000000 91.000000 1.17137920000000006482
34 164.000000 150.000000 0.21304909999999999126
35 96.000000 89.000000 1.02355010000000001824
36 87.000000 81.000000 0.87763060000000003846
37 108.000000 103.000000 0.50053009999999997781
38 111.000000 102.000000 1.05486820000000003361
39 77.000000 71.000000 0.89475029999999999841
40 101.000000 91.000000 2.12832469999999984722
41 48.000000 44.000000 1.94737369999999998527
42 87.000000 83.000000 2.88091490000000005622
43 90.000000 81.000000 2.08506819999999981619
44 40.000000 39.000000 2.74612850000000019435
45 70.000000 60.000000 2.53099259999999981474
46 70.000000 66.000000 1.86174269999999997260
47 64.000000 61.000000 1.12308140000000000747
48 59.000000 59.000000 1.12108830000000003757
49 107.000000 99.000000 1.81058389999999991282
50 131.000000 118.000000 0.81947590000000003485
51 50.000000 45.000000 1.64661740000000000883
52 126.000000 113.000000 1.00061930000000010033
53 165.000000 150.000000 0.38736809999999999299
54 69.000000 66.000000 1.13645060000000008849
55 63.000000 56.000000 1.27156789999999997320
56 30.000000 27.000000 2.05432600000000009643
57 133.000000 127.000000 0.44961649999999997451
58 130.000000 125.000000 0.25768170000000001352
59 55.000000 48.000000 1.42179030000000006240
60 68.000000 56.000000 3.37082069999999989207
61 136.000000 120.000000 0.58680580000000004404
62 47.000000 45.000000 1.55166260000000000296
63 66.000000 57.000000 2.11835230000000018791
64 106.000000 102.000000 2.02332279999999986586
65 43.000000 36.000000 1.68787850000000005934
66 43.000000 40.000000 3.08235469999999978086
67 139.000000 120.000000 0.43079919999999999325
68 122.000000 122.000000 0.17426620000000000998
69 96.000000 89.000000 1.81418790000000007545
70 152.000000 137.000000 0.72093879999999999075
71 56.000000 52.000000 2.29194960000000014233
72 96.000000 93.000000 0.19433369999999999811
73 153.000000 147.000000 0.47409810000000002228
74 92.000000 81.000000 0.98945910000000003581
75 115.000000 102.000000 1.69355839999999990830
76 50.000000 50.000000 1.85184649999999995096
77 115.000000 108.000000 1.24417209999999989201
78 31.000000 29.000000 3.09187199999999995370
79 95.000000 91.000000 1.97662720000000002862
80 104.000000 100.000000 1.20703120000000008183
81 78.000000 74.000000 1.96934879999999989941
82 106.000000 102.000000 0.87992590000000003858
83 72.000000 64.000000 1.45178279999999992889
84 82.000000 82.000000 1.47477940000000007359
85 89.000000 88.000000 0.84252709999999997326
86 135.000000 119.000000 0.09469950000000000589
87 26.000000 24.000000 3.24259800000000009135
88 165.000000 154.000000 0.26782200000000000450
89 105.000000 94.000000 2.02165930000000004796
90 70.000000 63.000000 2.28314210000000006318
91 111.000000 104.000000 0.79209830000000003292
92 129.000000 114.000000 1.14513430000000004938
93 121.000000 115.000000 1.53874690000000002854
94 101.000000 90.000000 1.09421370000000006684
95 14.000000 14.000000 2.67779360000000021813
96 101.000000 92.000000 1.30530450000000008970
97 99.000000 87.000000 1.31666909999999992564
98 61.000000 59.000000 2.74465029999999998722
99 123.000000 109.000000 0.87748119999999996121
100 48.000000 46.000000 2.14735150000000007964
101 159.000000 142.000000 0.37470229999999998816
102 107.000000 102.000000 1.17316360000000008412
103 93.000000 87.000000 1.92950280000000007341
104 128.000000 112.000000 1.20414360000000009165
105 160.000000 139.000000 0.60754620000000003621
106 180.000000 168.000000 0.08876050000000000606
107 141.000000 124.000000 0.48173880000000002255
108 166.000000 155.000000 0.83764150000000003882
109 168.000000 160.000000 0.42637960000000002525
110 151.000000 140.000000 1.09172690000000005561
111 28.000000 26.000000 1.62781379999999997743
112 36.000000 36.000000 0.75170440000000005032
113 56.000000 53.000000 2.21640280000000000626
114 105.000000 98.000000 1.57163110000000005861
115 176.000000 157.000000 0.24725890000000000368
116 103.000000 97.000000 1.73279190000000005156
117 123.000000 109.000000 1.27045330000000000759
118 117.000000 110.000000 0.40656789999999998209
119 58.000000 53.000000 3.63323490000000015598
120 92.000000 88.000000 0.99974479999999998903
121 151.000000 135.000000 0.40554400000000001558
122 120.000000 112.000000 0.52209839999999996252
123 78.000000 69.000000 2.45676149999999982043
124 89.000000 82.000000 1.37538249999999995232
125 166.000000 156.000000 0.10845000000000000473
126 128.000000 114.000000 0.87468000000000001304
127 59.000000 58.000000 0.80528250000000001219
128 62.000000 56.000000 1.07717320000000005287
129 70.000000 68.000000 1.04458420000000007377
130 104.000000 97.000000 0.70789159999999995421
131 53.000000 50.000000 2.24360489999999979105
132 37.000000 33.000000 0.99316890000000002114
133 103.000000 88.000000 0.59706329999999996350
134 52.000000 47.000000 1.62727730000000003763
135 101.000000 95.000000 1.83462009999999997589
136 42.000000 42.000000 1.87607009999999996275
137 87.000000 81.000000 1.57996960000000008506
138 128.000000 116.000000 0.60628210000000004598
139 101.000000 97.000000 0.59869589999999994756
140 35.000000 35.000000 2.29993429999999987601
141 95.000000 92.000000 1.33035600000000009402
142 137.000000 126.000000 0.40302270000000001149
143 164.000000 145.000000 0.89366380000000000816
144 110.000000 106.000000 0.37455779999999999630
145 133.000000 113.000000 0.77286290000000001932
146 112.000000 107.000000 0.67154170000000001917
147 155.000000 133.000000 1.16960459999999999425
148 93.000000 90.000000 1.21348649999999991245
149 56.000000 50.000000 2.50683850000000019165
150 87.000000 83.000000 1.06474510000000011090
151 105.000000 92.000000 0.69090059999999997586
152 95.000000 89.000000 3.78790160000000009077
153 68.000000 66.000000 2.27099260000000002790
154 135.000000 129.000000 1.02357879999999989984
155 106.000000 101.000000 1.17311140000000002637
156 60.000000 60.000000 1.95198960000000010240
157 141.000000 128.000000 1.13430990000000009310
158 70.000000 65.000000 1.23876479999999999926
159 62.000000 61.000000 2.34965879999999982530
160 138.000000 125.000000 0.10169939999999999536
161 139.000000 130.000000 0.22404640000000000666
162 153.000000 143.000000 0.13600529999999999564
163 128.000000 109.000000 1.01796730000000001937
164 82.000000 82.000000 1.93971190000000004439
165 118.000000 110.000000 0.64527420000000001998
166 90.000000 85.000000 0.66247160000000004931
167 114.000000 98.000000 1.15591430000000006117
168 86.000000 82.000000 2.20470439999999978653
169 81.000000 72.000000 2.32965460000000001983
170 84.000000 79.000000 1.26985949999999991888
171 76.000000 67.000000 1.41075829999999990960
172 72.000000 72.000000 1.68686929999999990493
173 77.000000 72.000000 1.01544429999999996639
174 91.000000 88.000000 1.63114770000000008920
175 122.000000 118.000000 0.29688940000000002550
176 112.000000 100.000000 1.06887719999999997178
177 50.000000 46.000000 3.92995610000000006323
178 65.000000 60.000000 2.35102419999999989741
179 83.000000 79.000000 1.24197230000000002903
180 65.000000 64.000000 1.54914320000000005351
181 47.000000 42.000000 2.49520130000000017745
182 95.000000 89.000000 1.23653750000000006715
183 97.000000 95.000000 1.47751820000000000377
184 95.000000 81.000000 3.24829949999999989529
185 47.000000 41.000000 1.58943379999999989671
186 45.000000 42.000000 1.82280440000000010237
187 82.000000 81.000000 2.15464559999999982765
188 106.000000 101.000000 0.41973779999999999424
189 115.000000 105.000000 2.36841340000000011301
190 81.000000 72.000000 3.28766360000000013031
191 118.000000 113.000000 1.45972100000000004627
192 103.000000 90.000000 1.14579319999999995616
193 67.000000 67.000000 1.60591550000000005127
194 80.000000 76.000000 0.62436040000000003758
195 146.000000 141.000000 1.59346950000000009418
196 108.000000 97.000000 0.44987470000000001624
197 126.000000 118.000000 1.27875380000000005154
198 123.000000 114.000000 1.66323460000000000747
199 103.000000 97.000000 0.70349600000000001021
200 122.000000 111.000000 0.92367060000000000830
201 54.000000 52.000000 2.00236219999999986996
202 37.000000 37.000000 3.01076789999999983038
203 127.000000 116.000000 0.58845320000000000960
204 95.000000 92.000000 0.72436210000000000875
205 43.000000 42.000000 1.45589030000000008158
206 63.000000 61.000000 1.67195179999999998799
207 92.000000 86.000000 1.11010100000000000442
208 208.000000 188.000000 0.39989900000000000446
209 96.000000 95.000000 1.80020730000000006576
210 67.000000 57.000000 1.16893720000000000958
211 101.000000 96.000000 1.90653540000000010224
212 83.000000 81.000000 1.66309820000000008200
213 44.000000 41.000000 0.36109550000000001369
214 76.000000 73.000000 1.41802080000000008120
215 113.000000 100.000000 0.84361430000000003915
216 63.000000 63.000000 1.85102319999999997968
217 147.000000 130.000000 0.18472800000000000331
218 59.000000 56.000000 1.58102199999999992741
219 76.000000 74.000000 0.97132540000000000546
220 133.000000 116.000000 0.89666129999999999445
221 135.000000 123.000000 0.84034260000000005064
222 104.000000 97.000000 1.37351779999999989990
223 86.000000 84.000000 0.95535230000000004313
224 35.000000 31.000000 3.09089109999999989142
225 75.000000 74.000000 2.21458099999999991070
226 87.000000 81.000000 1.62652799999999997382
227 53.000000 51.000000 0.64555540000000000145
228 50.000000 50.000000 1.63792239999999988953
229 69.000000 63.000000 1.60292290000000003936
230 51.000000 51.000000 2.28190939999999997667
231 126.000000 121.000000 0.23312109999999999776
232 51.000000 51.000000 2.21261999999999980915
233 116.000000 106.000000 0.14683070000000000843
234 78.000000 72.000000 2.03751039999999994379
235 108.000000 96.000000 2.05270690000000000097
236 110.000000 103.000000 2.27439990000000014092
237 79.000000 65.000000 2.27561159999999995662
238 62.000000 60.000000 1.71417090000000005290
239 133.000000 121.000000 0.32789920000000000178
240 67.000000 65.000000 1.07218149999999989852
241 123.000000 113.000000 1.18910589999999993793
242 120.000000 107.000000 1.21497889999999997279
243 127.000000 117.000000 0.36622999999999999998
244 143.000000 138.000000 0.93589169999999999305
245 195.000000 179.000000 0.16789870000000001182
246 66.000000 64.000000 1.12669730000000001269
247 130.000000 110.000000 0.49945650000000002544
248 73.000000 71.000000 3.52756809999999987326
249 52.000000 52.000000 1.26612649999999993256
250 69.000000 66.000000 0.20515010000000000190
251 102.000000 94.000000 0.51744100000000003980
252 142.000000 129.000000 0.48636649999999997940
253 41.000000 40.000000 0.56345679999999997989
254 109.000000 109.000000 0.86556219999999994830
255 26.000000 26.000000 1.90053640000000001464
256 144.000000 134.000000 0.57494020000000001236
257 121.000000 113.000000 0.94048719999999996766
258 129.000000 118.000000 1.30550779999999999603
259 78.000000 75.000000 1.03972899999999990328
260 94.000000 85.000000 1.08197370000000003820
261 90.000000 78.000000 1.69236169999999996882
262 90.000000 86.000000 0.58335470000000000379
263 136.000000 126.000000 0.90608719999999998151
264 106.000000 101.000000 0.32347979999999998402
265 138.000000 123.000000 0.10034369999999999401
266 78.000000 67.000000 0.10123649999999999316
267 117.000000 105.000000 0.11995550000000000657
268 99.000000 93.000000 0.99993679999999995900
269 54.000000 52.000000 1.49249950000000008998
270 110.000000 102.000000 1.52936720000000003772
271 72.000000 67.000000 1.38721410000000000551
272 95.000000 89.000000 1.62329889999999998906
273 107.000000 97.000000 1.73820050000000003720
274 80.000000 72.000000 2.65248680000000014445
275 73.000000 68.000000 1.81195349999999999469
276 79.000000 71.000000 0.61254149999999996101
277 111.000000 108.000000 1.55815560000000008500
278 142.000000 128.000000 0.23112219999999999986
279 165.000000 147.000000 0.25652110000000000190
280 97.000000 92.000000 1.12840500000000010239
281 107.000000 91.000000 1.51793360000000010501
282 68.000000 65.000000 0.37761959999999999971
283 79.000000 72.000000 1.33808569999999993350
284 78.000000 78.000000 1.27565810000000001700
285 123.000000 115.000000 0.72688310000000000421
286 117.000000 113.000000 1.32763429999999993392
287 120.000000 115.000000 1.70576379999999994119
288 115.000000 96.000000 0.91047449999999996439
289 92.000000 89.000000 1.13014410000000009582
290 90.000000 87.000000 0.26107590000000002739
291 27.000000 26.000000 1.13232650000000001356
292 61.000000 57.000000 1.48810130000000007122
293 67.000000 62.000000 1.25751699999999999591
294 101.000000 93.000000 0.96893269999999998010
295 36.000000 32.000000 2.27325469999999985049
296 71.000000 70.000000 0.74426040000000004415
297 83.000000 71.000000 2.06711750000000016314
298 174.000000 145.000000 0.80890910000000004754
299 79.000000 79.000000 1.95210240000000001537
300 46.000000 43.000000 2.63285569999999990998
301 101.000000 92.000000 0.81695720000000005001
302 87.000000 78.000000 1.20851449999999993601
303 123.000000 111.000000 0.21440799999999998748
304 136.000000 128.000000 1.13003100000000000769
305 88.000000 77.000000 2.20098990000000016565
306 94.000000 89.000000 1.22442709999999999049
307 79.000000 76.000000 1.60799789999999998003
308 97.000000 83.000000 2.81644009999999989091
309 47.000000 43.000000 2.28627139999999995368
310 111.000000 100.000000 1.56588539999999998287
311 138.000000 126.000000 0.56179080000000003459
312 171.000000 147.000000 0.14440430000000001320
313 92.000000 84.000000 0.64558439999999994718
314 84.000000 70.000000 4.59029679999999995488
315 36.000000 33.000000 1.79973350000000009707
316 63.000000 61.000000 1.35557330000000009207
317 59.000000 59.000000 1.61563110000000009769
318 88.000000 86.000000 0.92915190000000003057
319 96.000000 83.000000 2.55399799999999999045
320 135.000000 125.000000 0.82612499999999999822
321 93.000000 92.000000 1.16742830000000008539
322 138.000000 127.000000 0.29054750000000001409
323 105.000000 102.000000 1.24168530000000010283
324 128.000000 119.000000 0.44523560000000000914
325 74.000000 69.000000 1.54428239999999994403
326 10.000000 10.000000 4.11370460000000015555
327 107.000000 91.000000 1.10637669999999999071
328 81.000000 77.000000 2.21004610000000001335
329 139.000000 126.000000 0.54300729999999997055
330 54.000000 50.000000 2.27681930000000010139
331 104.000000 97.000000 2.04974670000000003256
332 57.000000 53.000000 0.09746489999999999321
333 64.000000 59.000000 2.57917590000000007677
334 183.000000 159.000000 0.24630640000000000867
335 88.000000 83.000000 1.60690960000000004904
336 58.000000 54.000000 1.84983570000000008271
337 130.000000 112.000000 0.96848120000000004204
338 70.000000 69.000000 1.03924180000000010438
339 84.000000 82.000000 1.29176200000000007684
340 66.000000 62.000000 1.25158619999999998207
341 119.000000 105.000000 1.47553489999999998261
342 42.000000 40.000000 2.75799670000000007875
343 111.000000 97.000000 1.14964430000000006338
344 105.000000 97.000000 0.73556679999999996511
345 98.000000 94.000000 1.42012019999999994369
346 79.000000 68.000000 1.97672279999999989109
347 103.000000 98.000000 0.59628210000000003710
348 118.000000 104.000000 0.82801360000000001627
349 84.000000 74.000000 1.00816740000000004684
350 121.000000 117.000000 0.28555950000000002165
351 110.000000 97.000000 1.32195499999999999119
352 58.000000 49.000000 3.37539249999999979579
353 69.000000 66.000000 1.78520220000000007232
354 54.000000 52.000000 1.46394580000000007480
355 88.000000 84.000000 0.75084819999999996565
356 115.000000 105.000000 0.53872569999999997403
357 58.000000 48.000000 1.63951699999999989110
358 93.000000 92.000000 1.06512340000000005347
359 66.000000 62.000000 1.64924139999999996853
360 99.000000 91.000000 1.90381709999999992888
361 170.000000 157.000000 0.19641140000000001375
362 146.000000 144.000000 0.41118149999999997757
363 49.000000 49.000000 1.77735890000000007483
364 142.000000 131.000000 0.31099589999999999179
365 66.000000 65.000000 0.46687620000000001896
366 100.000000 95.000000 0.93366439999999994992
367 89.000000 83.000000 1.09115669999999997941
368 179.000000 168.000000 0.41476679999999999104
369 158.000000 148.000000 0.97415519999999999889
370 86.000000 78.000000 0.35795339999999997715
371 97.000000 90.000000 1.19899259999999996396
372 113.000000 113.000000 0.60383679999999995136
373 94.000000 94.000000 1.49536179999999996326
374 120.000000 115.000000 0.76362589999999996859
375 76.000000 75.000000 1.37780839999999993317
376 83.000000 75.000000 1.57103170000000003093
377 104.000000 89.000000 2.11931620000000009441
378 59.000000 59.000000 2.33087009999999983378
379 108.000000 96.000000 1.16303529999999999411
380 48.000000 44.000000 2.25513999999999992241
381 81.000000 75.000000 1.36928270000000007478
382 76.000000 71.000000 0.99314089999999999314
383 103.000000 90.000000 0.99677329999999997323
384 88.000000 85.000000 1.27280170000000003583
385 109.000000 104.000000 0.09004600000000000104
386 86.000000 82.000000 1.44480469999999994180
387 136.000000 131.000000 0.04026890000000000330
388 40.000000 40.000000 2.24352999999999980218
389 101.000000 90.000000 0.85272930000000002337
390 103.000000 89.000000 0.88705630000000001978
391 81.000000 78.000000 1.57963089999999994895
392 125.000000 106.000000 0.94472610000000001307
393 87.000000 78.000000 1.30892779999999997464
394 131.000000 125.000000 0.94664720000000002198
395 82.000000 77.000000 1.83136459999999989812
396 142.000000 134.000000 0.12320989999999999720
397 92.000000 81.000000 2.05723080000000013712
398 42.000000 42.000000 1.83380150000000008426
399 70.000000 64.000000 2.12302189999999990633
400 168.000000 147.000000 0.34041359999999998287
401 129.000000 122.000000 0.66721019999999997552
402 29.000000 29.000000 2.91333479999999989118
403 90.000000 88.000000 0.75651340000000000252
404 99.000000 93.000000 0.28589459999999999873
405 72.000000 72.000000 0.48705670000000000908
406 146.000000 133.000000 0.54699240000000004525
407 107.000000 99.000000 1.46028069999999998707
408 76.000000 74.000000 1.69811810000000007470
409 61.000000 57.000000 0.94767930000000000224
410 74.000000 72.000000 1.72992949999999989785
411 26.000000 25.000000 2.90461590000000002831
412 71.000000 65.000000 1.23168110000000008419
413 90.000000 80.000000 2.90196209999999998885
414 91.000000 87.000000 0.06565740000000000465
415 91.000000 89.000000 0.78253260000000002261
416 50.000000 46.000000 1.75628610000000007219
417 55.000000 54.000000 1.56403319999999990131
418 62.000000 58.000000 1.77129910000000001524
419 26.000000 26.000000 2.44606790000000007268
420 94.000000 91.000000 0.16369079999999999742
