1 11.000000 8.000000 0.40240930000000002531
2 9.000000 9.000000 0.13635359999999999148
3 6.000000 6.000000 0.11861670000000000547
4 6.000000 6.000000 0.10163640000000000174
5 7.000000 7.000000 0.06158029999999999754
6 9.000000 9.000000 0.04412329999999999725
7 8.000000 8.000000 0.03931910000000000266
8 4.000000 4.000000 0.02166629999999999945
9 9.000000 7.000000 0.02905989999999999962
10 7.000000 6.000000 0.03666989999999999833
11 8.000000 7.000000 0.02828610000000000152
12 7.000000 7.000000 0.02424859999999999863
13 5.000000 5.000000 0.03115129999999999982
14 7.000000 7.000000 0.03371590000000000004
15 6.000000 6.000000 0.01909370000000000164
16 5.000000 5.000000 0.02538989999999999997
17 8.000000 8.000000 0.02043930000000000052
18 8.000000 8.000000 0.02170259999999999898
19 5.000000 5.000000 0.02045409999999999937
20 9.000000 8.000000 0.02987619999999999859
21 6.000000 5.000000 0.07074419999999999320
22 4.000000 4.000000 0.02010400000000000034
23 7.000000 7.000000 0.02049310000000000020
24 9.000000 9.000000 0.07849630000000000496
25 8.000000 8.000000 0.03075740000000000071
26 9.000000 9.000000 0.05234160000000000201
27 6.000000 6.000000 0.03763049999999999728
28 9.000000 9.000000 0.01961330000000000018
29 6.000000 6.000000 0.04428929999999999673
30 7.000000 7.000000 0.02979479999999999976
31 4.000000 4.000000 0.02285540000000000141
32 5.000000 5.000000 0.01788939999999999975
33 7.000000 7.000000 0.01977780000000000163
34 5.000000 5.000000 0.03260579999999999729
35 12.000000 11.000000 0.02607309999999999836
36 6.000000 5.000000 0.04516180000000000194
37 9.000000 8.000000 0.02607220000000000024
38 10.000000 9.000000 0.02326330000000000064
39 8.000000 8.000000 0.02922109999999999985
40 13.000000 13.000000 0.02345550000000000065
41 5.000000 5.000000 0.01825830000000000161
42 9.000000 7.000000 0.01786199999999999941
43 10.000000 9.000000 0.01902289999999999884
44 7.000000 7.000000 0.02203729999999999925
45 8.000000 8.000000 0.01983019999999999922
46 8.000000 6.000000 0.02251059999999999867
47 8.000000 8.000000 0.02227130000000000082
48 4.000000 4.000000 0.01944020000000000123
49 9.000000 7.000000 0.02224040000000000045
50 5.000000 5.000000 0.02891749999999999876
51 8.000000 8.000000 0.02115200000000000066
52 10.000000 10.000000 0.02178340000000000137
53 5.000000 5.000000 0.02416630000000000167
54 7.000000 7.000000 0.01797800000000000092
55 5.000000 5.000000 0.02043820000000000012
56 9.000000 7.000000 0.01915369999999999920
57 9.000000 9.000000 0.02013579999999999884
58 7.000000 7.000000 0.02093439999999999884
59 7.000000 7.000000 0.03175920000000000132
60 10.000000 9.000000 0.02391309999999999963
61 8.000000 8.000000 0.01908210000000000114
62 8.000000 7.000000 0.02167940000000000145
63 8.000000 7.000000 0.01859210000000000029
64 6.000000 5.000000 0.01836909999999999932
65 10.000000 9.000000 0.01918390000000000026
66 9.000000 8.000000 0.01937010000000000121
67 8.000000 8.000000 0.02134770000000000070
68 10.000000 8.000000 0.02071539999999999840
69 9.000000 9.000000 0.02044520000000000018
70 10.000000 9.000000 0.01779450000000000129
71 7.000000 6.000000 0.02778270000000000045
72 11.000000 10.000000 0.02165030000000000079
73 5.000000 5.000000 0.01926840000000000150
74 6.000000 6.000000 0.01868550000000000072
75 11.000000 8.000000 0.02622609999999999872
76 7.000000 7.000000 0.01942369999999999861
77 6.000000 6.000000 0.02120100000000000109
78 7.000000 7.000000 0.01792130000000000112
79 18.000000 13.000000 0.01778079999999999938
80 5.000000 5.000000 0.02356400000000000161
81 8.000000 8.000000 0.02000470000000000026
82 9.000000 8.000000 0.02590920000000000029
83 11.000000 9.000000 0.02052680000000000130
84 8.000000 8.000000 0.03525450000000000111
85 5.000000 5.000000 0.02290999999999999981
86 8.000000 7.000000 0.02071510000000000018
87 5.000000 5.000000 0.02948709999999999873
88 7.000000 7.000000 0.01962010000000000143
89 6.000000 5.000000 0.02285979999999999956
90 6.000000 5.000000 0.01977059999999999929
91 8.000000 7.000000 0.02274270000000000111
92 11.000000 8.000000 0.02139119999999999910
93 12.000000 10.000000 0.02372240000000000112
94 9.000000 8.000000 0.02143959999999999963
95 13.000000 11.000000 0.02249469999999999942
96 9.000000 8.000000 0.01844029999999999975
97 6.000000 6.000000 0.02002479999999999885
98 5.000000 5.000000 0.02244660000000000058
99 13.000000 11.000000 0.02316750000000000059
100 8.000000 6.000000 0.04745859999999999662
101 5.000000 5.000000 0.02150890000000000093
102 6.000000 6.000000 0.01829139999999999933
103 10.000000 9.000000 0.02013919999999999946
104 4.000000 4.000000 0.02038869999999999919
105 8.000000 7.000000 0.02001390000000000113
106 6.000000 6.000000 0.01924359999999999959
107 8.000000 8.000000 0.01659609999999999905
108 8.000000 8.000000 0.01678239999999999940
109 7.000000 7.000000 0.04000360000000000027
110 12.000000 9.000000 0.01789690000000000031
111 6.000000 5.000000 0.02035040000000000113
112 6.000000 6.000000 0.04648999999999999660
113 8.000000 7.000000 0.02605789999999999842
114 8.000000 7.000000 0.03579630000000000312
115 4.000000 4.000000 0.01675640000000000115
116 6.000000 6.000000 0.01911940000000000167
117 4.000000 4.000000 0.03323299999999999865
118 7.000000 7.000000 0.02375009999999999968
119 8.000000 8.000000 0.01952879999999999894
120 4.000000 4.000000 0.07360759999999999525
121 12.000000 12.000000 0.04444229999999999708
122 12.000000 11.000000 0.02024309999999999998
123 11.000000 11.000000 0.01754189999999999916
124 6.000000 6.000000 0.03494970000000000021
125 9.000000 8.000000 0.03688890000000000224
126 8.000000 8.000000 0.03233550000000000313
127 7.000000 7.000000 0.02366729999999999876
128 6.000000 6.000000 0.01962140000000000065
129 6.000000 6.000000 0.01859579999999999914
130 5.000000 5.000000 0.02453510000000000066
131 5.000000 5.000000 0.03011379999999999960
132 12.000000 11.000000 0.04285989999999999939
133 10.000000 10.000000 0.02066559999999999925
134 9.000000 8.000000 0.02601240000000000149
135 7.000000 7.000000 0.02535369999999999985
136 8.000000 7.000000 0.03038019999999999957
137 12.000000 11.000000 0.04948860000000000064
138 6.000000 6.000000 0.01881180000000000005
139 11.000000 10.000000 0.01691729999999999970
140 7.000000 7.000000 0.01769249999999999989
141 6.000000 5.000000 0.03745389999999999830
142 9.000000 8.000000 0.03841699999999999976
143 8.000000 7.000000 0.03653649999999999953
144 11.000000 11.000000 0.03175850000000000201
145 9.000000 9.000000 0.01851650000000000171
146 4.000000 4.000000 0.01609479999999999938
147 7.000000 7.000000 0.05027199999999999724
148 6.000000 6.000000 0.04111200000000000271
149 5.000000 5.000000 0.03567209999999999825
150 4.000000 4.000000 0.02609660000000000105
151 9.000000 8.000000 0.01780800000000000091
152 5.000000 5.000000 0.03034299999999999845
153 7.000000 7.000000 0.03977499999999999786
154 10.000000 10.000000 0.02322619999999999893
155 7.000000 7.000000 0.05761050000000000199
156 16.000000 12.000000 0.02796090000000000034
157 4.000000 4.000000 0.02094860000000000125
158 10.000000 10.000000 0.01728769999999999959
159 8.000000 8.000000 0.02077870000000000064
160 11.000000 9.000000 0.02215889999999999874
161 8.000000 8.000000 0.01873019999999999893
162 8.000000 8.000000 0.02438179999999999861
163 10.000000 10.000000 0.01765540000000000165
164 9.000000 8.000000 0.01855439999999999867
165 10.000000 10.000000 0.02023389999999999911
166 5.000000 5.000000 0.02292780000000000165
167 4.000000 4.000000 0.02572930000000000009
168 8.000000 7.000000 0.02232800000000000062
169 5.000000 5.000000 0.01918080000000000132
170 8.000000 7.000000 0.02838080000000000117
171 6.000000 6.000000 0.01730260000000000131
172 7.000000 7.000000 0.01755119999999999944
173 8.000000 7.000000 0.01905449999999999852
174 9.000000 7.000000 0.02228770000000000057
175 6.000000 6.000000 0.02589719999999999869
176 10.000000 10.000000 0.02901039999999999869
177 14.000000 14.000000 0.01776209999999999942
178 8.000000 7.000000 0.02232980000000000034
179 8.000000 8.000000 0.02964899999999999827
180 10.000000 9.000000 0.03517259999999999831
181 9.000000 8.000000 0.02455979999999999969
182 6.000000 6.000000 0.04011680000000000107
183 8.000000 7.000000 0.04845909999999999801
184 10.000000 10.000000 0.01935500000000000068
185 9.000000 9.000000 0.06759830000000000005
186 6.000000 6.000000 0.03960110000000000019
187 6.000000 6.000000 0.01727770000000000000
188 10.000000 9.000000 0.02109799999999999870
189 8.000000 8.000000 0.03635370000000000268
190 5.000000 5.000000 0.03985999999999999960
191 8.000000 7.000000 0.01878459999999999852
192 8.000000 8.000000 0.02038629999999999956
193 9.000000 9.000000 0.03026380000000000042
194 5.000000 5.000000 0.02254940000000000069
195 11.000000 10.000000 0.02270010000000000083
196 9.000000 8.000000 0.04125270000000000326
197 6.000000 6.000000 0.04852349999999999719
198 8.000000 8.000000 0.03986209999999999753
199 9.000000 8.000000 0.01590609999999999941
200 10.000000 9.000000 0.01822280000000000080
201 9.000000 8.000000 0.03849489999999999856
202 6.000000 6.000000 0.03021189999999999987
203 5.000000 5.000000 0.04484969999999999929
204 8.000000 8.000000 0.01777470000000000092
205 7.000000 7.000000 0.01963229999999999836
206 6.000000 6.000000 0.01720000000000000001
207 6.000000 6.000000 0.03390649999999999914
208 11.000000 10.000000 0.02541890000000000122
209 8.000000 7.000000 0.03177150000000000113
210 7.000000 6.000000 0.03987070000000000197
211 10.000000 9.000000 0.02190459999999999977
212 4.000000 4.000000 0.01718799999999999842
213 8.000000 8.000000 0.03467510000000000037
214 7.000000 7.000000 0.04148729999999999779
215 4.000000 4.000000 0.05107020000000000309
216 7.000000 7.000000 0.01756049999999999972
217 5.000000 5.000000 0.01771669999999999842
218 5.000000 5.000000 0.04092740000000000267
219 5.000000 5.000000 0.02662509999999999877
220 7.000000 7.000000 0.02256570000000000104
221 5.000000 5.000000 0.02916399999999999895
222 7.000000 7.000000 0.03650930000000000147
223 9.000000 9.000000 0.01762060000000000015
224 5.000000 5.000000 0.01913010000000000058
225 6.000000 5.000000 0.01900939999999999921
226 10.000000 9.000000 0.02543310000000000015
227 9.000000 8.000000 0.03218789999999999846
228 11.000000 9.000000 0.03545210000000000028
229 6.000000 6.000000 0.02828829999999999886
230 8.000000 7.000000 0.05402259999999999701
231 5.000000 5.000000 0.02170880000000000032
232 4.000000 4.000000 0.01892020000000000160
233 4.000000 4.000000 0.01936749999999999930
234 5.000000 5.000000 0.04611029999999999990
235 9.000000 9.000000 0.04488899999999999835
236 5.000000 5.000000 0.02899890000000000106
237 7.000000 7.000000 0.02062330000000000066
238 9.000000 9.000000 0.01776399999999999854
239 8.000000 8.000000 0.02017009999999999983
240 10.000000 9.000000 0.04588529999999999692
241 6.000000 6.000000 0.05246159999999999712
242 6.000000 6.000000 0.02092329999999999884
243 7.000000 7.000000 0.01838570000000000135
244 8.000000 8.000000 0.01797980000000000064
245 9.000000 7.000000 0.04513360000000000288
246 6.000000 6.000000 0.04400189999999999657
247 8.000000 8.000000 0.03903390000000000332
248 6.000000 6.000000 0.02210499999999999965
249 6.000000 5.000000 0.01918169999999999945
250 8.000000 8.000000 0.01665900000000000020
251 7.000000 7.000000 0.01943560000000000079
252 6.000000 6.000000 0.03321110000000000034
253 6.000000 5.000000 0.05372829999999999967
254 6.000000 6.000000 0.05167909999999999865
255 9.000000 9.000000 0.02222280000000000089
256 9.000000 9.000000 0.01658849999999999908
257 6.000000 6.000000 0.02316889999999999922
258 7.000000 7.000000 0.01910480000000000164
259 9.000000 8.000000 0.03086119999999999836
260 8.000000 7.000000 0.03666289999999999827
261 11.000000 9.000000 0.02702589999999999854
262 7.000000 7.000000 0.02412030000000000077
263 7.000000 7.000000 0.01698399999999999910
264 9.000000 9.000000 0.01721169999999999992
265 9.000000 8.000000 0.02844210000000000141
266 7.000000 7.000000 0.03131670000000000287
267 7.000000 7.000000 0.02208769999999999831
268 10.000000 10.000000 0.02105169999999999958
269 10.000000 9.000000 0.03764909999999999785
270 6.000000 6.000000 0.02981939999999999938
271 7.000000 7.000000 0.03697589999999999905
272 9.000000 8.000000 0.02503820000000000004
273 12.000000 12.000000 0.03404250000000000331
274 8.000000 7.000000 0.02064720000000000097
275 7.000000 6.000000 0.02353929999999999911
276 6.000000 6.000000 0.02946249999999999911
277 9.000000 7.000000 0.01874889999999999890
278 9.000000 9.000000 0.02025079999999999936
279 8.000000 7.000000 0.02437570000000000014
280 8.000000 7.000000 0.01862689999999999832
281 9.000000 9.000000 0.01670709999999999903
282 10.000000 9.000000 0.01683770000000000058
283 6.000000 6.000000 0.04910520000000000163
284 10.000000 10.000000 0.03148360000000000047
285 11.000000 10.000000 0.01965319999999999914
286 9.000000 9.000000 0.01707260000000000028
287 6.000000 6.000000 0.02140809999999999935
288 5.000000 5.000000 0.01913290000000000129
289 13.000000 13.000000 0.02996789999999999871
290 8.000000 7.000000 0.02180440000000000156
291 10.000000 10.000000 0.02074420000000000083
292 9.000000 8.000000 0.02115370000000000097
293 7.000000 7.000000 0.01691279999999999867
294 10.000000 10.000000 0.04688729999999999981
295 10.000000 9.000000 0.02078009999999999927
296 4.000000 4.000000 0.01615549999999999972
297 6.000000 6.000000 0.01628610000000000127
298 7.000000 7.000000 0.01778599999999999973
299 9.000000 8.000000 0.01746069999999999914
300 8.000000 7.000000 0.01764109999999999984
301 8.000000 7.000000 0.02721039999999999917
302 11.000000 10.000000 0.02335490000000000135
303 6.000000 6.000000 0.03111629999999999951
304 8.000000 8.000000 0.03582749999999999824
305 5.000000 5.000000 0.01775969999999999979
306 4.000000 4.000000 0.01688090000000000077
307 10.000000 9.000000 0.01761619999999999853
308 11.000000 10.000000 0.01743590000000000070
309 5.000000 5.000000 0.02322269999999999890
310 4.000000 4.000000 0.03316949999999999760
311 10.000000 9.000000 0.02143219999999999847
312 12.000000 11.000000 0.02909660000000000024
313 6.000000 6.000000 0.01828439999999999926
314 7.000000 7.000000 0.01826960000000000042
315 8.000000 8.000000 0.01674869999999999831
316 6.000000 6.000000 0.03217049999999999771
317 7.000000 7.000000 0.04220379999999999965
318 8.000000 7.000000 0.01824599999999999833
319 10.000000 9.000000 0.01949849999999999847
320 5.000000 5.000000 0.02149529999999999844
321 6.000000 6.000000 0.04351060000000000344
322 8.000000 7.000000 0.01921899999999999997
323 8.000000 7.000000 0.02076170000000000099
324 8.000000 7.000000 0.03030340000000000117
325 7.000000 7.000000 0.02252169999999999866
326 4.000000 4.000000 0.02042750000000000121
327 9.000000 9.000000 0.02033429999999999960
328 6.000000 6.000000 0.01841049999999999978
329 7.000000 7.000000 0.02061510000000000079
330 6.000000 6.000000 0.02818280000000000091
331 5.000000 5.000000 0.02588700000000000029
332 6.000000 5.000000 0.02759539999999999910
333 9.000000 8.000000 0.03191789999999999905
334 4.000000 4.000000 0.02539850000000000094
335 5.000000 5.000000 0.03530930000000000180
336 9.000000 7.000000 0.02140869999999999926
337 9.000000 8.000000 0.02197069999999999926
338 7.000000 7.000000 0.02329689999999999886
339 9.000000 7.000000 0.02209389999999999965
340 5.000000 5.000000 0.02426439999999999847
341 6.000000 6.000000 0.01737059999999999993
342 8.000000 8.000000 0.02464770000000000155
343 8.000000 7.000000 0.01822700000000000015
344 6.000000 5.000000 0.01692209999999999895
345 10.000000 10.000000 0.01755289999999999975
346 10.000000 8.000000 0.01650350000000000081
347 10.000000 9.000000 0.01900050000000000003
348 7.000000 7.000000 0.04348989999999999800
349 6.000000 6.000000 0.06095640000000000086
350 8.000000 7.000000 0.02232069999999999887
351 6.000000 5.000000 0.01854619999999999880
352 9.000000 8.000000 0.01598990000000000133
353 5.000000 5.000000 0.01992549999999999877
354 7.000000 6.000000 0.01514380000000000066
355 4.000000 4.000000 0.03251439999999999886
356 9.000000 8.000000 0.03106070000000000011
357 8.000000 7.000000 0.02891420000000000101
358 12.000000 9.000000 0.01632559999999999914
359 8.000000 8.000000 0.01911269999999999983
360 4.000000 4.000000 0.02666579999999999992
361 7.000000 6.000000 0.03768930000000000197
362 10.000000 9.000000 0.03000900000000000095
363 9.000000 8.000000 0.02451870000000000091
364 5.000000 5.000000 0.03356370000000000187
365 6.000000 6.000000 0.03432439999999999797
366 5.000000 5.000000 0.01764150000000000093
367 5.000000 5.000000 0.02161799999999999833
368 4.000000 4.000000 0.01716559999999999961
369 14.000000 13.000000 0.01667830000000000007
370 9.000000 9.000000 0.01707950000000000093
371 5.000000 5.000000 0.02390799999999999870
372 7.000000 7.000000 0.02256160000000000110
373 13.000000 12.000000 0.03047510000000000149
374 8.000000 8.000000 0.02250960000000000114
375 7.000000 7.000000 0.04098639999999999922
376 9.000000 7.000000 0.02133629999999999902
377 7.000000 7.000000 0.02154090000000000171
378 6.000000 6.000000 0.01746260000000000173
379 10.000000 10.000000 0.02012670000000000084
380 7.000000 7.000000 0.01757210000000000022
381 7.000000 6.000000 0.01825109999999999927
382 6.000000 6.000000 0.01812170000000000100
383 6.000000 6.000000 0.01604020000000000098
384 6.000000 6.000000 0.01984009999999999940
385 5.000000 5.000000 0.02995120000000000074
386 10.000000 9.000000 0.02478390000000000107
387 8.000000 8.000000 0.02048629999999999896
388 10.000000 8.000000 0.02221139999999999920
389 7.000000 7.000000 0.02206429999999999850
390 5.000000 5.000000 0.02649779999999999844
391 6.000000 6.000000 0.01919910000000000019
392 9.000000 8.000000 0.01647320000000000034
393 9.000000 8.000000 0.01799320000000000086
394 4.000000 4.000000 0.01736359999999999987
395 8.000000 8.000000 0.02175010000000000138
396 5.000000 5.000000 0.01894600000000000103
397 7.000000 7.000000 0.02148080000000000128
398 7.000000 7.000000 0.01810490000000000016
399 5.000000 5.000000 0.03636169999999999680
400 10.000000 10.000000 0.01723500000000000032
401 7.000000 7.000000 0.02859880000000000061
402 6.000000 6.000000 0.02856979999999999936
403 6.000000 5.000000 0.01972959999999999992
404 11.000000 10.000000 0.01648600000000000065
405 7.000000 7.000000 0.02440070000000000086
406 12.000000 9.000000 0.01687330000000000080
407 8.000000 7.000000 0.01618440000000000156
408 9.000000 9.000000 0.01754379999999999828
409 13.000000 10.000000 0.03074299999999999949
410 9.000000 9.000000 0.01794290000000000121
411 6.000000 6.000000 0.01939340000000000161
412 11.000000 10.000000 0.03632910000000000306
413 4.000000 4.000000 0.01727590000000000028
414 4.000000 4.000000 0.01921490000000000004
415 4.000000 4.000000 0.01743580000000000130
416 9.000000 9.000000 0.01580180000000000126
417 13.000000 11.000000 0.01703230000000000022
418 8.000000 8.000000 0.01500089999999999930
419 6.000000 6.000000 0.01924139999999999878
420 4.000000 4.000000 0.02287080000000000016
