1 52.000000 50.000000 1.01015049999999995123
2 50.000000 45.000000 0.66687180000000001456
3 47.000000 43.000000 1.14959349999999993486
4 43.000000 41.000000 1.59078640000000004484
5 70.000000 67.000000 0.32166280000000002648
6 80.000000 75.000000 0.84305180000000001783
7 61.000000 55.000000 0.34253390000000000226
8 41.000000 41.000000 0.32147930000000002337
9 52.000000 45.000000 0.45407370000000002452
10 66.000000 56.000000 0.38407279999999999198
11 36.000000 34.000000 0.39516539999999999999
12 65.000000 61.000000 0.38434930000000000483
13 51.000000 43.000000 0.19280669999999999753
14 63.000000 60.000000 0.08019529999999999714
15 66.000000 62.000000 0.29287859999999998895
16 87.000000 73.000000 0.18108810000000000184
17 86.000000 77.000000 0.13703309999999999103
18 51.000000 47.000000 0.47282590000000002117
19 32.000000 26.000000 0.49784679999999997824
20 62.000000 51.000000 0.26707370000000002497
21 28.000000 26.000000 0.72084709999999996288
22 70.000000 62.000000 0.14849180000000000712
23 69.000000 62.000000 0.38905810000000001780
24 68.000000 55.000000 0.77198020000000000529
25 74.000000 67.000000 0.35073799999999999422
26 86.000000 76.000000 0.10850640000000000285
27 90.000000 75.000000 0.16780249999999999333
28 47.000000 44.000000 0.49352489999999998860
29 50.000000 45.000000 0.28875939999999999941
30 78.000000 63.000000 0.36894050000000000455
31 52.000000 45.000000 0.19570719999999999783
32 43.000000 41.000000 0.51351990000000002912
33 71.000000 63.000000 0.28349220000000002750
34 60.000000 55.000000 0.63904649999999996179
35 67.000000 62.000000 0.30491000000000001435
36 105.000000 95.000000 0.25018410000000002036
37 49.000000 46.000000 0.28629599999999999493
38 67.000000 59.000000 0.13727300000000000613
39 48.000000 42.000000 0.24368380000000000596
40 36.000000 36.000000 0.36146509999999998364
41 28.000000 26.000000 0.60613740000000004837
42 34.000000 29.000000 0.51169330000000001757
43 77.000000 66.000000 0.41082479999999998999
44 83.000000 74.000000 0.12642049999999999121
45 50.000000 47.000000 0.43106660000000002197
46 49.000000 47.000000 0.27389409999999997369
47 47.000000 45.000000 0.41467439999999999856
48 71.000000 60.000000 0.35762270000000001557
49 51.000000 39.000000 0.96612659999999994653
50 37.000000 35.000000 0.52779679999999995488
51 35.000000 33.000000 0.39955420000000002601
52 57.000000 47.000000 0.59489899999999995561
53 50.000000 47.000000 0.13571279999999999455
54 66.000000 58.000000 0.25980659999999999865
55 62.000000 53.000000 0.44848219999999999752
56 63.000000 56.000000 0.63796189999999997067
57 87.000000 79.000000 0.32535219999999998031
58 51.000000 44.000000 0.28260259999999998159
59 72.000000 62.000000 0.35303610000000001934
60 80.000000 69.000000 0.17058110000000001327
61 34.000000 33.000000 0.42797970000000001844
62 51.000000 46.000000 0.60245599999999999152
63 67.000000 60.000000 0.43895669999999997746
64 60.000000 54.000000 0.28357019999999999449
65 60.000000 56.000000 0.39825820000000000665
66 37.000000 31.000000 0.37157639999999997338
67 71.000000 65.000000 0.12667149999999999244
68 89.000000 83.000000 0.14274819999999999176
69 64.000000 59.000000 0.34855599999999997696
70 112.000000 91.000000 0.17551059999999998884
71 67.000000 60.000000 0.26034950000000001147
72 86.000000 80.000000 0.20399359999999999715
73 69.000000 69.000000 0.18010829999999999895
74 56.000000 49.000000 0.63743680000000002561
75 59.000000 55.000000 0.57633179999999994969
76 56.000000 53.000000 0.34871489999999999432
77 39.000000 37.000000 0.51623310000000000031
78 79.000000 70.000000 0.36645240000000001146
79 66.000000 54.000000 0.29031849999999997936
80 83.000000 62.000000 0.42923349999999999005
81 55.000000 52.000000 0.30310969999999998192
82 84.000000 77.000000 0.32659070000000001155
83 56.000000 47.000000 0.26076070000000001192
84 78.000000 68.000000 0.45413170000000002702
85 66.000000 64.000000 0.35849269999999999747
86 47.000000 42.000000 0.32023380000000001289
87 17.000000 17.000000 0.65654979999999996121
88 62.000000 58.000000 0.35413949999999999596
89 87.000000 78.000000 0.39804800000000001292
90 69.000000 60.000000 0.29730580000000000895
91 45.000000 41.000000 0.30906470000000002551
92 81.000000 75.000000 0.28680309999999997750
93 79.000000 65.000000 0.18149180000000000867
94 56.000000 53.000000 0.25326179999999998138
95 33.000000 32.000000 0.65998959999999995407
96 53.000000 49.000000 0.22242419999999998859
97 100.000000 91.000000 0.16274060000000001303
98 80.000000 72.000000 0.25291849999999999055
99 35.000000 34.000000 0.46144020000000002257
100 79.000000 71.000000 0.09472110000000000252
101 57.000000 54.000000 0.44727020000000000666
102 64.000000 60.000000 0.25378859999999997532
103 105.000000 92.000000 0.07134119999999999351
104 31.000000 27.000000 0.26992939999999998602
105 39.000000 36.000000 0.24153479999999999395
106 70.000000 65.000000 0.24914010000000000322
107 64.000000 53.000000 0.33442899999999997629
108 37.000000 36.000000 0.27783540000000001013
109 53.000000 45.000000 0.35959570000000001810
110 35.000000 31.000000 0.35880770000000000719
111 52.000000 48.000000 0.53114139999999998576
112 69.000000 62.000000 0.17817849999999998967
113 71.000000 70.000000 0.27940090000000000758
114 85.000000 74.000000 0.11753230000000000621
115 55.000000 50.000000 0.57198830000000000506
116 46.000000 42.000000 0.49459340000000001636
117 57.000000 57.000000 0.24065880000000000605
118 58.000000 55.000000 0.21435889999999999112
119 89.000000 72.000000 0.25019419999999997772
120 29.000000 24.000000 0.47296440000000000703
121 88.000000 75.000000 0.30272870000000001722
122 51.000000 48.000000 0.45002180000000002735
123 73.000000 67.000000 0.15154429999999999290
124 55.000000 50.000000 0.61992069999999999119
125 80.000000 70.000000 0.10086269999999999958
126 50.000000 46.000000 0.28810109999999999886
127 51.000000 47.000000 0.43067250000000001364
128 49.000000 43.000000 0.33320620000000000793
129 50.000000 45.000000 0.38059070000000000400
130 77.000000 71.000000 0.30490630000000001898
131 58.000000 48.000000 0.22648099999999998788
132 79.000000 70.000000 0.56403440000000004684
133 37.000000 33.000000 0.49522040000000000504
134 53.000000 51.000000 0.45587369999999999282
135 72.000000 69.000000 0.13767840000000000633
136 47.000000 39.000000 0.31122119999999997564
137 41.000000 35.000000 0.48208909999999999263
138 39.000000 34.000000 0.44798379999999998757
139 37.000000 37.000000 0.56094699999999997342
140 101.000000 90.000000 0.18904709999999999570
141 65.000000 57.000000 0.30714449999999998697
142 63.000000 59.000000 0.29218270000000001740
143 77.000000 65.000000 0.37527660000000001572
144 79.000000 67.000000 0.15315760000000000485
145 46.000000 39.000000 0.37576280000000000792
146 42.000000 34.000000 0.51164370000000003458
147 51.000000 43.000000 0.17363080000000000180
148 74.000000 61.000000 0.30006040000000000489
149 59.000000 56.000000 0.18222659999999998859
150 22.000000 21.000000 0.46438109999999999111
151 100.000000 89.000000 0.12799170000000001379
152 79.000000 72.000000 0.15006510000000000682
153 57.000000 51.000000 0.65990429999999999922
154 76.000000 65.000000 0.22724939999999999030
155 39.000000 37.000000 0.60663299999999997780
156 71.000000 63.000000 0.36036030000000002227
157 57.000000 48.000000 0.42845139999999998226
158 61.000000 61.000000 0.15344969999999999444
159 100.000000 88.000000 0.10245020000000000515
160 25.000000 25.000000 0.40053509999999997726
161 102.000000 83.000000 0.19876779999999999449
162 46.000000 42.000000 0.18204239999999999311
163 73.000000 72.000000 0.06099430000000000129
164 76.000000 66.000000 0.35357860000000002065
165 58.000000 52.000000 0.47451680000000001636
166 83.000000 75.000000 0.10569119999999999904
167 50.000000 45.000000 0.42438199999999998147
168 75.000000 69.000000 0.31850299999999998057
169 98.000000 86.000000 0.19904020000000000046
170 74.000000 65.000000 0.30138320000000001775
171 82.000000 69.000000 0.27752120000000002342
172 70.000000 67.000000 0.40545209999999998196
173 90.000000 74.000000 0.29347390000000000976
174 78.000000 69.000000 0.39844639999999997837
175 78.000000 65.000000 0.12922200000000000353
176 38.000000 37.000000 0.29013729999999998688
177 60.000000 55.000000 0.10781880000000000630
178 44.000000 40.000000 0.38534980000000002009
179 31.000000 26.000000 0.40123540000000001982
180 52.000000 44.000000 0.10408710000000000184
181 56.000000 47.000000 0.37531300000000000772
182 79.000000 67.000000 0.13155279999999999752
183 41.000000 40.000000 0.46333910000000000373
184 49.000000 44.000000 0.12610299999999999288
185 44.000000 44.000000 0.22776109999999999411
186 30.000000 26.000000 0.43228210000000000246
187 57.000000 49.000000 0.18103210000000000135
188 35.000000 31.000000 0.45924120000000001607
189 96.000000 84.000000 0.32442650000000000654
190 73.000000 64.000000 0.16434070000000000622
191 36.000000 36.000000 0.24414230000000000653
192 45.000000 40.000000 0.39722590000000002064
193 56.000000 53.000000 0.14884870000000000045
194 44.000000 44.000000 0.36646570000000000533
195 64.000000 62.000000 0.23207479999999999776
196 47.000000 41.000000 0.33867029999999997969
197 73.000000 62.000000 0.18794479999999999520
198 61.000000 51.000000 0.21313519999999999688
199 44.000000 38.000000 0.44620720000000002603
200 62.000000 58.000000 0.44565420000000000034
201 57.000000 50.000000 0.32244499999999998163
202 76.000000 67.000000 0.47748839999999997952
203 66.000000 58.000000 0.37284000000000000474
204 89.000000 79.000000 0.49145400000000000196
205 91.000000 78.000000 0.24602170000000000982
206 43.000000 38.000000 0.31775779999999997916
207 63.000000 60.000000 0.40313710000000002598
208 72.000000 62.000000 0.39216339999999999533
209 59.000000 52.000000 0.21287939999999999641
210 78.000000 70.000000 0.22477449999999998820
211 56.000000 48.000000 0.15753790000000000848
212 54.000000 53.000000 0.35206900000000002082
213 49.000000 49.000000 0.35775079999999997993
214 83.000000 76.000000 0.08309460000000000457
215 47.000000 47.000000 0.27710600000000001897
216 73.000000 67.000000 0.36776189999999997493
217 61.000000 55.000000 0.59281159999999999410
218 63.000000 61.000000 0.45601089999999999680
219 46.000000 39.000000 0.55794480000000001851
220 73.000000 66.000000 0.31087759999999997618
221 31.000000 29.000000 0.23578709999999999947
222 30.000000 30.000000 0.48556959999999999011
223 55.000000 55.000000 0.35528349999999997433
224 74.000000 60.000000 0.38035520000000000440
225 64.000000 61.000000 0.24534210000000000740
226 88.000000 80.000000 0.13252340000000001341
227 65.000000 58.000000 0.28265550000000000397
228 63.000000 55.000000 0.49048199999999997356
229 23.000000 21.000000 0.70388249999999996653
230 60.000000 60.000000 0.41889330000000002396
231 70.000000 64.000000 0.28569299999999997475
232 40.000000 37.000000 0.57725760000000003735
233 54.000000 51.000000 0.34040589999999998350
234 64.000000 60.000000 0.27104089999999997351
235 52.000000 47.000000 0.13536319999999998909
236 60.000000 48.000000 0.11486490000000000589
237 44.000000 43.000000 0.34223900000000001542
238 32.000000 27.000000 0.43383349999999998303
239 24.000000 22.000000 0.59369249999999995637
240 67.000000 60.000000 0.26459729999999997974
241 77.000000 67.000000 0.23859510000000000440
242 65.000000 57.000000 0.34233649999999998803
243 65.000000 62.000000 0.42098689999999999722
244 50.000000 47.000000 0.83290949999999996933
245 70.000000 62.000000 0.31265260000000000273
246 13.000000 13.000000 0.88923260000000003966
247 79.000000 68.000000 0.29570560000000001288
248 57.000000 49.000000 0.48229480000000002349
249 58.000000 54.000000 0.51179989999999997430
250 37.000000 34.000000 0.30759799999999998255
251 72.000000 61.000000 0.26285510000000000819
252 51.000000 50.000000 0.34926230000000002551
253 50.000000 45.000000 0.24286769999999999192
254 50.000000 50.000000 0.37148940000000002515
255 25.000000 23.000000 0.50630129999999995416
256 19.000000 18.000000 0.36585849999999997539
257 80.000000 73.000000 0.30371700000000001474
258 32.000000 32.000000 0.46532190000000001051
259 60.000000 51.000000 0.45315729999999998512
260 92.000000 79.000000 0.36471589999999998177
261 67.000000 56.000000 0.25886779999999998125
262 88.000000 76.000000 0.07865400000000000169
263 72.000000 65.000000 0.25474150000000000960
264 58.000000 52.000000 0.31246220000000002326
265 50.000000 47.000000 0.26577929999999999611
266 85.000000 73.000000 0.43417959999999999887
267 48.000000 44.000000 0.44631219999999999226
268 44.000000 40.000000 0.23399860000000000104
269 81.000000 69.000000 0.21102519999999999611
270 115.000000 101.000000 0.15015790000000001081
271 25.000000 22.000000 0.92345219999999994531
272 22.000000 20.000000 0.69440699999999999648
273 39.000000 33.000000 0.43022660000000001457
274 62.000000 51.000000 0.22964490000000001291
275 62.000000 62.000000 0.42348989999999997469
276 74.000000 60.000000 0.29643479999999999830
277 53.000000 51.000000 0.28221920000000000339
278 75.000000 65.000000 0.30148079999999999323
279 27.000000 26.000000 0.25806620000000002335
280 58.000000 53.000000 0.31106260000000002242
281 27.000000 25.000000 0.44378040000000001930
282 70.000000 64.000000 0.36005829999999999780
283 79.000000 66.000000 0.17544260000000000410
284 39.000000 38.000000 0.52107709999999995976
285 42.000000 41.000000 0.62670049999999999368
286 36.000000 31.000000 0.43196679999999998412
287 43.000000 43.000000 0.26686060000000000336
288 53.000000 47.000000 0.54497609999999996333
289 88.000000 75.000000 0.14578720000000000567
290 72.000000 56.000000 0.26016030000000001099
291 57.000000 50.000000 0.23166249999999999343
292 53.000000 47.000000 0.27431579999999999853
293 58.000000 55.000000 0.22005399999999999960
294 62.000000 55.000000 0.25037870000000000958
295 31.000000 30.000000 0.32516489999999997895
296 78.000000 68.000000 0.16049540000000001028
297 22.000000 21.000000 0.49797190000000002286
298 65.000000 63.000000 0.30643379999999997843
299 55.000000 51.000000 0.27928439999999998822
300 41.000000 38.000000 0.47340749999999998110
301 45.000000 40.000000 0.43048969999999997516
302 57.000000 51.000000 0.07916030000000000288
303 54.000000 45.000000 0.49032540000000002234
304 16.000000 15.000000 0.37139590000000000103
305 88.000000 82.000000 0.26609529999999997907
306 70.000000 63.000000 0.21139120000000000132
307 68.000000 64.000000 0.30118630000000001790
308 58.000000 51.000000 0.34523470000000000546
309 64.000000 51.000000 0.46507080000000000641
310 87.000000 80.000000 0.13294380000000000086
311 27.000000 27.000000 0.22170980000000001242
312 72.000000 63.000000 0.33158979999999999011
313 55.000000 50.000000 0.07844790000000000096
314 77.000000 70.000000 0.12988869999999999583
315 68.000000 62.000000 0.37624829999999997998
316 61.000000 58.000000 0.27472479999999999123
317 36.000000 30.000000 0.34715069999999997874
318 65.000000 58.000000 0.22303560000000000052
319 48.000000 38.000000 0.30739899999999997782
320 71.000000 66.000000 0.41401529999999997500
321 82.000000 70.000000 0.10722080000000000499
322 50.000000 45.000000 0.44253720000000001944
323 67.000000 65.000000 0.28458210000000000450
324 42.000000 42.000000 0.38361339999999999328
325 61.000000 53.000000 0.30397069999999998258
326 65.000000 54.000000 0.19767250000000000099
327 55.000000 45.000000 0.25019449999999998635
328 61.000000 57.000000 0.22496710000000000318
329 54.000000 41.000000 0.36220059999999998368
330 54.000000 46.000000 0.17133470000000000644
331 67.000000 60.000000 0.34515459999999997809
332 83.000000 77.000000 0.18930050000000001043
333 66.000000 54.000000 0.39009300000000002306
334 70.000000 63.000000 0.05304070000000000312
335 94.000000 85.000000 0.08875420000000000531
336 50.000000 42.000000 0.33831369999999999498
337 43.000000 39.000000 0.23065359999999998641
338 66.000000 59.000000 0.15503159999999999163
339 59.000000 53.000000 0.18405520000000000214
340 45.000000 42.000000 0.21201990000000001113
341 107.000000 84.000000 0.08830910000000000148
342 81.000000 71.000000 0.11748939999999999384
343 56.000000 50.000000 0.27775410000000000377
344 69.000000 63.000000 0.34424850000000001282
345 57.000000 44.000000 0.38367529999999999690
346 60.000000 55.000000 0.32696750000000002201
347 85.000000 77.000000 0.12683359999999999079
348 74.000000 64.000000 0.27900199999999997225
349 47.000000 45.000000 0.25484519999999999396
350 56.000000 51.000000 0.17129559999999999231
351 71.000000 62.000000 0.23980740000000000389
352 71.000000 61.000000 0.25927970000000000184
353 85.000000 77.000000 0.12887629999999999919
354 49.000000 45.000000 0.66975919999999999899
355 37.000000 35.000000 0.30377789999999998960
356 60.000000 53.000000 0.37902849999999999042
357 56.000000 45.000000 0.39480640000000000178
358 63.000000 60.000000 0.19542390000000001149
359 67.000000 58.000000 0.52897629999999995487
360 31.000000 31.000000 0.34741810000000000747
361 65.000000 54.000000 0.31737320000000002196
362 57.000000 55.000000 0.39254929999999998991
363 39.000000 38.000000 0.19168479999999998853
364 57.000000 54.000000 0.21140369999999999995
365 90.000000 79.000000 0.26586419999999999497
366 94.000000 80.000000 0.43246639999999997306
367 54.000000 44.000000 0.23063169999999999504
368 71.000000 68.000000 0.17683779999999998944
369 51.000000 44.000000 0.26061060000000002557
370 64.000000 59.000000 0.06998749999999999416
371 74.000000 59.000000 0.47269390000000000018
372 77.000000 69.000000 0.11314380000000000270
373 121.000000 108.000000 0.08961189999999999434
374 58.000000 54.000000 0.23137209999999999721
375 66.000000 58.000000 0.22218560000000001087
376 70.000000 65.000000 0.25219009999999997262
377 60.000000 55.000000 0.23001540000000000874
378 37.000000 32.000000 0.53035319999999996909
379 64.000000 58.000000 0.29576649999999998775
380 106.000000 91.000000 0.28869479999999997366
381 76.000000 70.000000 0.25793189999999999173
382 73.000000 66.000000 0.43639689999999997649
383 37.000000 31.000000 0.67906820000000001070
384 46.000000 42.000000 0.42735069999999997226
385 59.000000 46.000000 0.39587430000000001229
386 51.000000 46.000000 0.35126560000000001116
387 100.000000 88.000000 0.13838559999999999750
388 63.000000 59.000000 0.27398790000000000644
389 47.000000 43.000000 0.32330750000000002542
390 56.000000 51.000000 0.50096719999999994588
391 58.000000 51.000000 0.23675889999999999436
392 43.000000 37.000000 0.47813800000000000745
393 21.000000 18.000000 0.61876489999999995106
394 59.000000 53.000000 0.38234249999999997405
395 99.000000 92.000000 0.06029410000000000325
396 72.000000 68.000000 0.08879510000000000181
397 63.000000 59.000000 0.12772970000000000157
398 46.000000 44.000000 0.10954160000000000286
399 47.000000 41.000000 0.41371900000000000341
400 65.000000 56.000000 0.43107780000000001097
401 48.000000 44.000000 0.25983270000000002753
402 44.000000 42.000000 0.44782440000000001135
403 35.000000 33.000000 0.27808709999999997597
404 89.000000 83.000000 0.22398080000000000767
405 53.000000 51.000000 0.22857259999999998690
406 66.000000 60.000000 0.14527290000000001036
407 52.000000 46.000000 0.25886819999999999276
408 53.000000 48.000000 0.31661089999999997291
409 77.000000 75.000000 0.11256819999999999327
410 51.000000 46.000000 0.30715449999999999697
411 59.000000 54.000000 0.29399209999999997844
412 77.000000 69.000000 0.24367920000000001246
413 81.000000 74.000000 0.18909460000000000157
414 78.000000 74.000000 0.21588820000000000232
415 63.000000 50.000000 0.31287959999999997995
416 58.000000 52.000000 0.24143239999999999146
417 59.000000 54.000000 0.19008910000000001084
418 52.000000 46.000000 0.23786080000000001111
419 36.000000 35.000000 0.30326520000000001254
420 70.000000 60.000000 0.13174990000000000312
