1 90.000000 80.000000 3.04162800000000022038
2 114.000000 106.000000 0.99707619999999996807
3 146.000000 133.000000 1.12415890000000007198
4 95.000000 88.000000 1.74516899999999997029
5 92.000000 79.000000 29.86968540000000160717
6 171.000000 153.000000 1.84333670000000005018
7 162.000000 134.000000 3.43398290000000017130
8 134.000000 132.000000 2.36304770000000008423
9 119.000000 103.000000 1.50180470000000010344
10 82.000000 71.000000 2.30341620000000002477
11 41.000000 38.000000 3.04556380000000004316
12 52.000000 50.000000 3.45390830000000015332
13 126.000000 114.000000 1.48598889999999994593
14 172.000000 143.000000 1.35374979999999989211
15 90.000000 81.000000 1.12851229999999991271
16 102.000000 92.000000 1.11127299999999995528
17 86.000000 79.000000 2.23292570000000001329
18 74.000000 71.000000 2.42567230000000000345
19 139.000000 129.000000 0.63136099999999995003
20 127.000000 117.000000 2.14760090000000003485
21 54.000000 48.000000 5.74303930000000040224
22 134.000000 123.000000 0.91674710000000003696
23 175.000000 159.000000 1.55136519999999999975
24 190.000000 161.000000 0.89376279999999996839
25 100.000000 90.000000 2.25592529999999991119
26 147.000000 135.000000 1.71978159999999991037
27 139.000000 133.000000 1.86189870000000001760
28 107.000000 98.000000 1.27568670000000006226
29 130.000000 125.000000 1.09370989999999990161
30 126.000000 109.000000 2.19454489999999990957
31 41.000000 37.000000 3.03382990000000019037
32 163.000000 148.000000 0.22555739999999999124
33 177.000000 143.000000 0.84414489999999997583
34 219.000000 189.000000 0.62619170000000001775
35 128.000000 115.000000 4.23853209999999958058
36 163.000000 151.000000 4.22759450000000036596
37 195.000000 176.000000 1.16399600000000003064
38 127.000000 118.000000 1.94285440000000009242
39 91.000000 74.000000 5.99448070000000043933
40 189.000000 163.000000 0.07794860000000000677
41 103.000000 91.000000 2.60906200000000021433
42 113.000000 103.000000 2.32894179999999995090
43 149.000000 131.000000 0.99482979999999998633
44 58.000000 50.000000 3.21049950000000006156
45 89.000000 80.000000 2.95232090000000013674
46 171.000000 157.000000 1.36388709999999990785
47 156.000000 141.000000 1.20811810000000008358
48 105.000000 93.000000 2.58303720000000014423
49 223.000000 192.000000 2.08022270000000020218
50 102.000000 96.000000 2.47276139999999999830
51 79.000000 70.000000 1.20663929999999997023
52 130.000000 119.000000 4.67850900000000002876
53 123.000000 117.000000 2.47001630000000016452
54 71.000000 68.000000 0.52315190000000000303
55 111.000000 100.000000 1.28915479999999993410
56 152.000000 142.000000 1.03815839999999992571
57 141.000000 122.000000 2.71885619999999983420
58 197.000000 161.000000 0.99840510000000004531
59 98.000000 91.000000 1.35041579999999994399
60 108.000000 98.000000 2.03623609999999999332
61 137.000000 116.000000 2.25841730000000007195
62 164.000000 152.000000 3.18913339999999978502
63 106.000000 96.000000 2.11561000000000021259
64 38.000000 32.000000 4.63511299999999959454
65 101.000000 95.000000 3.35898250000000020421
66 137.000000 123.000000 3.98738549999999980500
67 32.000000 32.000000 3.89773469999999999658
68 62.000000 57.000000 3.21102739999999986509
69 121.000000 100.000000 2.74768079999999992324
70 82.000000 76.000000 3.31572909999999998476
71 69.000000 62.000000 3.61338500000000006906
72 120.000000 102.000000 10.92006029999999938696
73 93.000000 91.000000 2.40027500000000015845
74 119.000000 116.000000 0.70755149999999999988
75 127.000000 114.000000 1.68556299999999992245
76 125.000000 111.000000 1.99389860000000007645
77 142.000000 127.000000 0.77883599999999997276
78 152.000000 138.000000 1.07444809999999990602
79 76.000000 71.000000 1.83111500000000004817
80 51.000000 50.000000 3.62336210000000003006
81 103.000000 99.000000 0.95156600000000002293
82 97.000000 92.000000 0.84759759999999995106
83 160.000000 144.000000 1.45208070000000000199
84 64.000000 59.000000 4.77027999999999963165
85 140.000000 123.000000 1.34608539999999998749
86 165.000000 149.000000 1.70590569999999996931
87 127.000000 111.000000 1.10996980000000000643
88 89.000000 75.000000 5.44758570000000030831
89 76.000000 67.000000 2.06875220000000004106
90 79.000000 74.000000 1.91588680000000000092
91 139.000000 129.000000 1.64280070000000000263
92 52.000000 49.000000 4.31184269999999969514
93 137.000000 127.000000 2.19005289999999996908
94 77.000000 70.000000 5.48980020000000035196
95 109.000000 101.000000 2.94038479999999990966
96 156.000000 137.000000 1.36247729999999989126
97 148.000000 135.000000 1.17043070000000004605
98 110.000000 99.000000 1.38577210000000006218
99 182.000000 166.000000 0.63761060000000002734
100 54.000000 52.000000 0.96927759999999996143
101 195.000000 162.000000 1.85897109999999998742
102 92.000000 88.000000 1.85862470000000001846
103 152.000000 128.000000 1.52996550000000008929
104 128.000000 121.000000 3.42209610000000008512
105 115.000000 103.000000 1.67943409999999992976
106 105.000000 98.000000 1.66913810000000006895
107 141.000000 119.000000 2.69744349999999988299
108 113.000000 97.000000 2.87961249999999990834
109 162.000000 144.000000 2.01237159999999981608
110 79.000000 74.000000 4.49342630000000031743
111 68.000000 63.000000 1.66134249999999994429
112 70.000000 62.000000 5.18445320000000009486
113 96.000000 93.000000 3.80080939999999989354
114 101.000000 93.000000 2.56542510000000012482
115 151.000000 135.000000 2.10658099999999981478
116 76.000000 76.000000 1.70286369999999998015
117 103.000000 95.000000 1.37505220000000005776
118 133.000000 120.000000 1.81072229999999989580
119 83.000000 70.000000 2.85552919999999987866
120 89.000000 88.000000 3.44271249999999984226
121 103.000000 97.000000 1.21810119999999999507
122 109.000000 101.000000 2.91051040000000016406
123 117.000000 111.000000 1.17402540000000010778
124 89.000000 85.000000 3.00791519999999978907
125 213.000000 184.000000 0.45010010000000000296
126 123.000000 104.000000 0.69146879999999999455
127 87.000000 81.000000 3.07921360000000010615
128 120.000000 113.000000 3.81325670000000016557
129 197.000000 170.000000 0.59752640000000001308
130 163.000000 152.000000 0.63315230000000000121
131 76.000000 65.000000 2.91541160000000010299
132 131.000000 116.000000 1.81016160000000003727
133 147.000000 132.000000 0.26954080000000002482
134 100.000000 79.000000 4.38699640000000012918
135 103.000000 87.000000 2.64684469999999993917
136 125.000000 111.000000 1.50401779999999996029
137 89.000000 75.000000 1.82211889999999998579
138 165.000000 150.000000 0.85393660000000004562
139 188.000000 168.000000 0.69059720000000002216
140 126.000000 123.000000 1.50128539999999999210
141 84.000000 78.000000 2.79007870000000002264
142 178.000000 151.000000 0.59728400000000003711
143 71.000000 60.000000 1.51740530000000006794
144 83.000000 77.000000 2.24149630000000010810
145 202.000000 180.000000 0.19042159999999999642
146 91.000000 84.000000 1.84820809999999990936
147 105.000000 100.000000 2.55888060000000017169
148 91.000000 85.000000 2.66050280000000016756
149 179.000000 161.000000 0.68102629999999997334
150 82.000000 68.000000 3.14682620000000001781
151 174.000000 150.000000 0.11739829999999999710
152 173.000000 153.000000 0.36438540000000002594
153 49.000000 47.000000 3.23962519999999987164
154 76.000000 68.000000 2.28774379999999988300
155 104.000000 97.000000 0.33367390000000002326
156 98.000000 91.000000 1.56143739999999997536
157 131.000000 120.000000 1.55012989999999994950
158 156.000000 139.000000 1.99556690000000003238
159 105.000000 88.000000 2.09195509999999984529
160 236.000000 217.000000 0.46900140000000001272
161 105.000000 102.000000 2.02229169999999980334
162 202.000000 178.000000 1.12394609999999994798
163 148.000000 135.000000 1.50794830000000001924
164 86.000000 76.000000 5.18470940000000002357
165 117.000000 108.000000 1.54176319999999988930
166 177.000000 143.000000 0.90137310000000003818
167 171.000000 158.000000 1.09479769999999998475
168 141.000000 125.000000 4.12193200000000015137
169 46.000000 41.000000 4.62833529999999981897
170 84.000000 77.000000 5.00957230000000031112
171 211.000000 183.000000 0.32933620000000002337
172 103.000000 84.000000 1.81453269999999999840
173 141.000000 122.000000 1.71758039999999989611
174 125.000000 110.000000 1.84060160000000005986
175 117.000000 109.000000 1.11963550000000000573
176 126.000000 106.000000 2.05834299999999981168
177 75.000000 73.000000 1.87730339999999995548
178 145.000000 123.000000 3.24692619999999987357
179 128.000000 120.000000 1.75006050000000001887
180 116.000000 104.000000 0.41462430000000000119
181 108.000000 99.000000 1.20636659999999995563
182 171.000000 156.000000 2.16307530000000003412
183 78.000000 77.000000 3.00126109999999979294
184 175.000000 161.000000 0.16801769999999999206
185 120.000000 106.000000 1.95747739999999992300
186 170.000000 146.000000 1.45143939999999993518
187 134.000000 116.000000 0.70712560000000002081
188 119.000000 108.000000 2.24106279999999991048
189 75.000000 74.000000 1.05513780000000001458
190 120.000000 102.000000 1.37079280000000003348
191 138.000000 125.000000 2.05885570000000006630
192 121.000000 111.000000 0.68275280000000004854
193 119.000000 108.000000 1.64442160000000003883
194 113.000000 104.000000 2.45839160000000012118
195 97.000000 89.000000 1.17479470000000008056
196 121.000000 109.000000 3.30425050000000020134
197 129.000000 123.000000 1.69705330000000009782
198 143.000000 129.000000 3.80663580000000001391
199 148.000000 127.000000 2.25275980000000020098
200 177.000000 165.000000 1.68887450000000005623
201 148.000000 136.000000 0.97168750000000003730
202 65.000000 56.000000 2.69435210000000013864
203 127.000000 121.000000 0.86665749999999996955
204 159.000000 130.000000 1.37460929999999992290
205 123.000000 114.000000 1.05627319999999991218
206 122.000000 118.000000 1.31961839999999996920
207 53.000000 45.000000 5.54314559999999989515
208 128.000000 120.000000 1.35282600000000008400
209 160.000000 139.000000 5.63358150000000001967
210 182.000000 157.000000 1.41013279999999996406
211 103.000000 96.000000 2.07705370000000000275
212 170.000000 152.000000 0.46388049999999997342
213 109.000000 90.000000 3.49536319999999989250
214 71.000000 64.000000 4.12537230000000043617
215 154.000000 144.000000 1.52504159999999999719
216 105.000000 97.000000 2.69485589999999985977
217 196.000000 169.000000 1.08028469999999998663
218 208.000000 181.000000 1.61682090000000000529
219 152.000000 129.000000 0.69748370000000003976
220 52.000000 47.000000 2.39516300000000015302
221 84.000000 72.000000 1.63123010000000001618
222 78.000000 76.000000 1.74037810000000003896
223 139.000000 130.000000 0.89614510000000002776
224 133.000000 123.000000 0.77914340000000004149
225 182.000000 157.000000 0.71302250000000000352
226 100.000000 89.000000 1.08762409999999998256
227 119.000000 104.000000 2.12208530000000017424
228 125.000000 116.000000 2.55891219999999997015
229 114.000000 100.000000 1.69029349999999989329
230 168.000000 165.000000 2.19006329999999982405
231 62.000000 62.000000 2.14926120000000020482
232 117.000000 103.000000 1.77608049999999995094
233 215.000000 176.000000 0.10745920000000000472
234 113.000000 94.000000 2.28849510000000000431
235 106.000000 92.000000 2.07627879999999986893
236 98.000000 94.000000 3.40504510000000015779
237 121.000000 109.000000 1.77259670000000002510
238 133.000000 124.000000 2.49698939999999991457
239 71.000000 62.000000 2.37065809999999999036
240 141.000000 127.000000 1.42208979999999995947
241 66.000000 59.000000 4.93957710000000016493
242 171.000000 145.000000 1.15537219999999996034
243 90.000000 82.000000 3.04097330000000010131
244 106.000000 101.000000 2.20664479999999985083
245 146.000000 127.000000 0.64108790000000004383
246 95.000000 89.000000 2.79284299999999996444
247 107.000000 97.000000 2.47433369999999985822
248 80.000000 62.000000 2.78052540000000014686
249 149.000000 129.000000 2.04189439999999988729
250 145.000000 138.000000 1.84745870000000000921
251 90.000000 81.000000 2.25577769999999988570
252 188.000000 167.000000 0.69531419999999999337
253 77.000000 66.000000 5.87270520000000040284
254 138.000000 126.000000 2.08925060000000017979
255 68.000000 64.000000 2.04634399999999994080
256 139.000000 122.000000 0.68611449999999996052
257 124.000000 110.000000 2.57414889999999996206
258 148.000000 132.000000 0.49995410000000001238
259 80.000000 76.000000 3.09552970000000016171
260 183.000000 162.000000 1.78120549999999999713
261 210.000000 186.000000 0.21810389999999998945
262 116.000000 103.000000 2.64089559999999989870
263 117.000000 102.000000 3.35438470000000021898
264 135.000000 116.000000 2.01274689999999978340
265 151.000000 131.000000 0.37267640000000001876
266 78.000000 69.000000 2.44679009999999985681
267 68.000000 56.000000 3.01550489999999982160
268 126.000000 110.000000 3.90210429999999997008
269 138.000000 125.000000 0.87409999999999998810
270 95.000000 86.000000 2.43455900000000013961
271 217.000000 194.000000 0.32656299999999999217
272 88.000000 83.000000 2.34963439999999978980
273 97.000000 86.000000 2.54122050000000010428
274 252.000000 211.000000 0.33068809999999998483
275 80.000000 69.000000 2.17316930000000008150
276 126.000000 122.000000 0.49545179999999999776
277 200.000000 170.000000 1.21616649999999992815
278 77.000000 73.000000 2.43625930000000012754
279 71.000000 68.000000 1.37966670000000002361
280 154.000000 137.000000 1.06272929999999998785
281 127.000000 120.000000 0.29671760000000002577
282 147.000000 139.000000 1.67957599999999995788
283 178.000000 158.000000 1.17176640000000009678
284 80.000000 75.000000 1.82074580000000008084
285 117.000000 104.000000 3.96414080000000002002
286 122.000000 106.000000 1.21915050000000002584
287 71.000000 70.000000 3.10814689999999993475
288 131.000000 117.000000 0.97192730000000004953
289 132.000000 129.000000 1.45403280000000001415
290 73.000000 70.000000 3.49075690000000005142
291 180.000000 156.000000 0.53824819999999995446
292 108.000000 104.000000 2.29971550000000002356
293 148.000000 126.000000 2.22974879999999986424
294 87.000000 79.000000 2.23881100000000010652
295 230.000000 207.000000 0.36431570000000002008
296 111.000000 103.000000 4.00782799999999994611
297 109.000000 96.000000 1.75075310000000006205
298 51.000000 50.000000 2.52710629999999980555
299 120.000000 105.000000 0.61297570000000001222
300 108.000000 99.000000 6.00442159999999969244
301 64.000000 58.000000 2.87557969999999984978
302 105.000000 96.000000 1.36665450000000010533
303 128.000000 119.000000 0.79126739999999995412
304 148.000000 130.000000 5.12780140000000006495
305 109.000000 96.000000 1.64104790000000000383
306 139.000000 126.000000 1.42349330000000007246
307 128.000000 110.000000 3.41529820000000006175
308 128.000000 124.000000 2.00474350000000001160
309 167.000000 148.000000 1.35003819999999996604
310 150.000000 133.000000 1.44137530000000002595
311 136.000000 116.000000 3.31047650000000004411
312 135.000000 122.000000 2.19810639999999990479
313 137.000000 126.000000 2.39358659999999989765
314 117.000000 112.000000 2.09397250000000001435
315 141.000000 127.000000 2.07975880000000001857
316 114.000000 103.000000 1.95780740000000008649
317 153.000000 121.000000 1.07518489999999999895
318 138.000000 124.000000 1.59723060000000005587
319 58.000000 50.000000 6.85055709999999962179
320 65.000000 54.000000 5.34577840000000037435
321 219.000000 203.000000 0.11735049999999999648
322 198.000000 175.000000 1.28892709999999999226
323 125.000000 111.000000 2.75284579999999978739
324 142.000000 130.000000 1.01236510000000001774
325 69.000000 61.000000 3.19302460000000021267
326 126.000000 106.000000 0.84056969999999997523
327 144.000000 133.000000 0.73784890000000002974
328 140.000000 133.000000 0.54960790000000003808
329 132.000000 110.000000 1.62593389999999993201
330 108.000000 96.000000 1.40677800000000008396
331 114.000000 100.000000 0.82388260000000002048
332 79.000000 72.000000 1.55552789999999996340
333 158.000000 141.000000 0.62403620000000004087
334 146.000000 125.000000 1.79754130000000000855
335 128.000000 118.000000 1.81385540000000000660
336 111.000000 104.000000 0.99255340000000003009
337 174.000000 161.000000 1.28541649999999996190
338 50.000000 43.000000 2.07988399999999984402
339 67.000000 59.000000 5.27502650000000006258
340 140.000000 116.000000 1.97307649999999989987
341 80.000000 73.000000 1.73193620000000003678
342 97.000000 84.000000 1.33008769999999998390
343 142.000000 130.000000 1.24538250000000005890
344 122.000000 110.000000 3.61450190000000004531
345 182.000000 157.000000 2.85448469999999998592
346 168.000000 156.000000 2.21286730000000009255
347 235.000000 209.000000 0.27792319999999998137
348 144.000000 121.000000 0.94564769999999997996
349 171.000000 150.000000 1.00209769999999998014
350 165.000000 148.000000 1.25138280000000001735
351 83.000000 80.000000 2.10560940000000007544
352 96.000000 91.000000 3.27301310000000000855
353 101.000000 92.000000 5.92840969999999956030
354 105.000000 92.000000 1.33984640000000010396
355 150.000000 145.000000 2.03487490000000015300
356 105.000000 101.000000 1.16643520000000000536
357 103.000000 89.000000 2.32581470000000001264
358 118.000000 106.000000 0.75289119999999998267
359 187.000000 169.000000 1.03137720000000010501
360 130.000000 112.000000 1.70103310000000007562
361 131.000000 117.000000 2.23923419999999984142
362 156.000000 141.000000 1.05112150000000004191
363 156.000000 139.000000 0.65468610000000004856
364 127.000000 116.000000 1.38781529999999997393
365 59.000000 53.000000 3.54843360000000007659
366 181.000000 159.000000 0.59388050000000003337
367 116.000000 110.000000 1.50756589999999990326
368 55.000000 52.000000 3.32066259999999990882
369 115.000000 111.000000 2.44644349999999999312
370 101.000000 83.000000 4.53260639999999970229
371 153.000000 143.000000 1.62759860000000000646
372 192.000000 159.000000 0.67361159999999997705
373 112.000000 99.000000 1.08434900000000000730
374 67.000000 61.000000 3.10467490000000001515
375 51.000000 48.000000 3.08189409999999996970
376 173.000000 145.000000 1.99992149999999990762
377 88.000000 84.000000 2.39104459999999985342
378 143.000000 120.000000 2.97534959999999992775
379 204.000000 175.000000 0.43334800000000001097
380 178.000000 165.000000 0.59471700000000005115
381 200.000000 184.000000 0.93066090000000001314
382 144.000000 129.000000 0.12197320000000000384
383 108.000000 97.000000 1.69844829999999991088
384 121.000000 101.000000 3.39527760000000000673
385 131.000000 115.000000 2.39813240000000016394
386 119.000000 111.000000 2.22506039999999982726
387 143.000000 124.000000 2.07153540000000013777
388 84.000000 77.000000 3.00557389999999990948
389 193.000000 181.000000 1.09487960000000006389
390 126.000000 117.000000 1.55385749999999989157
391 118.000000 103.000000 1.14215679999999997207
392 133.000000 120.000000 1.28523030000000004769
393 179.000000 148.000000 1.60122689999999989752
394 109.000000 102.000000 1.60014809999999996215
395 153.000000 125.000000 1.00348660000000000636
396 163.000000 150.000000 0.72038910000000000444
397 188.000000 166.000000 1.28109509999999993113
398 132.000000 114.000000 1.26569160000000002775
399 117.000000 106.000000 0.74918359999999994958
400 32.000000 31.000000 4.57104930000000031498
401 85.000000 80.000000 1.41076709999999994061
402 148.000000 134.000000 3.07102459999999988227
403 111.000000 100.000000 10.37523919999999932884
404 154.000000 132.000000 2.38662410000000013710
405 121.000000 107.000000 1.91254830000000008994
406 164.000000 145.000000 2.81670249999999988688
407 113.000000 100.000000 2.98902199999999984570
408 105.000000 98.000000 4.01057530000000017623
409 184.000000 161.000000 1.21231939999999993596
410 55.000000 54.000000 2.73347559999999978331
411 113.000000 91.000000 2.00525989999999998403
412 138.000000 114.000000 3.18851780000000006865
413 107.000000 97.000000 2.75822009999999995244
414 143.000000 118.000000 3.31178689999999997795
415 110.000000 101.000000 0.60626930000000001098
416 101.000000 85.000000 2.01731710000000008520
417 164.000000 155.000000 1.54097960000000000491
418 172.000000 157.000000 1.40227680000000010097
419 91.000000 88.000000 2.10674500000000008981
420 78.000000 73.000000 2.54389120000000001909
