1 31.000000 22.000000 0.16776720000000000521
2 14.000000 13.000000 0.07966890000000000083
3 9.000000 9.000000 0.11024399999999999478
4 25.000000 21.000000 0.06699789999999999912
5 21.000000 19.000000 0.11081470000000000209
6 14.000000 14.000000 0.04844020000000000270
7 25.000000 22.000000 0.05931589999999999779
8 25.000000 21.000000 0.06269189999999999485
9 24.000000 21.000000 0.03392309999999999770
10 24.000000 20.000000 0.04564800000000000108
11 18.000000 16.000000 0.05248560000000000031
12 10.000000 10.000000 0.04155860000000000110
13 20.000000 16.000000 0.06811620000000000175
14 13.000000 12.000000 0.05423460000000000086
15 20.000000 16.000000 0.03405910000000000187
16 13.000000 11.000000 0.04419900000000000218
17 8.000000 8.000000 0.08043669999999999987
18 19.000000 17.000000 0.08837979999999999448
19 16.000000 15.000000 0.03666509999999999908
20 18.000000 16.000000 0.06536599999999999355
21 14.000000 12.000000 0.04171339999999999770
22 23.000000 18.000000 0.04928919999999999829
23 23.000000 22.000000 0.03563140000000000057
24 10.000000 9.000000 0.05375230000000000286
25 23.000000 20.000000 0.04673709999999999670
26 28.000000 24.000000 0.04931819999999999954
27 24.000000 24.000000 0.04233479999999999882
28 25.000000 21.000000 0.04011390000000000094
29 13.000000 11.000000 0.03590129999999999710
30 25.000000 22.000000 0.04283440000000000164
31 16.000000 13.000000 0.02891639999999999835
32 20.000000 18.000000 0.04119989999999999764
33 18.000000 16.000000 0.03918379999999999780
34 15.000000 14.000000 0.04950800000000000339
35 22.000000 21.000000 0.03984300000000000341
36 20.000000 17.000000 0.03221430000000000127
37 16.000000 14.000000 0.03448149999999999826
38 20.000000 19.000000 0.04153049999999999797
39 21.000000 18.000000 0.03265509999999999941
40 19.000000 17.000000 0.03158799999999999802
41 19.000000 18.000000 0.04395249999999999851
42 33.000000 26.000000 0.04400529999999999720
43 16.000000 16.000000 0.05226080000000000308
44 20.000000 16.000000 0.03683609999999999662
45 37.000000 29.000000 0.04982000000000000317
46 13.000000 12.000000 0.03790500000000000119
47 13.000000 13.000000 0.03611949999999999883
48 25.000000 22.000000 0.05308070000000000149
49 24.000000 19.000000 0.04381020000000000053
50 24.000000 22.000000 0.03799500000000000099
51 22.000000 21.000000 0.04423599999999999755
52 9.000000 9.000000 0.04021879999999999900
53 34.000000 29.000000 0.02869120000000000004
54 22.000000 19.000000 0.05697279999999999706
55 28.000000 24.000000 0.04066720000000000057
56 26.000000 23.000000 0.04333469999999999683
57 25.000000 22.000000 0.05225790000000000296
58 36.000000 26.000000 0.03784289999999999876
59 20.000000 19.000000 0.04429219999999999685
60 23.000000 19.000000 0.05515720000000000345
61 18.000000 18.000000 0.05538069999999999798
62 9.000000 9.000000 0.03119670000000000082
63 28.000000 23.000000 0.03507180000000000020
64 17.000000 15.000000 0.04178540000000000032
65 19.000000 16.000000 0.03147969999999999935
66 31.000000 27.000000 0.05709170000000000217
67 20.000000 17.000000 0.04329550000000000065
68 19.000000 19.000000 0.05281059999999999921
69 27.000000 24.000000 0.04070130000000000275
70 19.000000 15.000000 0.03809450000000000336
71 17.000000 16.000000 0.03777169999999999833
72 34.000000 28.000000 0.03318809999999999816
73 20.000000 19.000000 0.04696759999999999824
74 25.000000 20.000000 0.04498680000000000040
75 26.000000 21.000000 0.06197749999999999787
76 13.000000 11.000000 0.03264419999999999822
77 14.000000 13.000000 0.04216829999999999884
78 25.000000 22.000000 0.04533890000000000142
79 32.000000 24.000000 0.06334629999999999428
80 20.000000 17.000000 0.03998120000000000146
81 26.000000 20.000000 0.04953369999999999995
82 13.000000 12.000000 0.04148969999999999742
83 41.000000 33.000000 0.03399189999999999851
84 28.000000 24.000000 0.04858910000000000312
85 13.000000 13.000000 0.05906460000000000182
86 15.000000 12.000000 0.04272360000000000047
87 28.000000 26.000000 0.03238780000000000131
88 16.000000 15.000000 0.04244590000000000168
89 16.000000 15.000000 0.04444710000000000327
90 16.000000 15.000000 0.04174819999999999920
91 16.000000 15.000000 0.03911450000000000343
92 17.000000 16.000000 0.03848159999999999775
93 24.000000 20.000000 0.04651340000000000335
94 22.000000 19.000000 0.03130039999999999906
95 18.000000 15.000000 0.04290250000000000313
96 33.000000 31.000000 0.03935570000000000040
97 20.000000 19.000000 0.06685190000000000576
98 15.000000 13.000000 0.05375069999999999848
99 26.000000 21.000000 0.04494059999999999722
100 24.000000 22.000000 0.06185170000000000251
101 24.000000 22.000000 0.05070689999999999920
102 26.000000 20.000000 0.03661749999999999727
103 24.000000 21.000000 0.03250039999999999873
104 21.000000 19.000000 0.03304109999999999686
105 19.000000 19.000000 0.05054940000000000128
106 12.000000 12.000000 0.03835039999999999977
107 21.000000 19.000000 0.04022219999999999962
108 21.000000 18.000000 0.05386470000000000147
109 23.000000 21.000000 0.03356809999999999655
110 13.000000 13.000000 0.05963859999999999995
111 25.000000 18.000000 0.04178869999999999807
112 23.000000 20.000000 0.04238829999999999681
113 11.000000 11.000000 0.04903169999999999751
114 12.000000 12.000000 0.06299119999999999719
115 22.000000 20.000000 0.04236890000000000100
116 33.000000 28.000000 0.05109820000000000334
117 27.000000 21.000000 0.03086509999999999948
118 45.000000 38.000000 0.03167020000000000252
119 18.000000 17.000000 0.03265219999999999928
120 15.000000 15.000000 0.03815439999999999804
121 17.000000 15.000000 0.05600909999999999916
122 14.000000 13.000000 0.03297459999999999974
123 32.000000 26.000000 0.03039990000000000053
124 19.000000 19.000000 0.06464000000000000301
125 21.000000 19.000000 0.04166129999999999833
126 14.000000 13.000000 0.04071199999999999819
127 21.000000 19.000000 0.04651369999999999810
128 17.000000 14.000000 0.04345580000000000276
129 31.000000 24.000000 0.04516619999999999663
130 31.000000 26.000000 0.04864299999999999874
131 26.000000 22.000000 0.04727080000000000171
132 34.000000 29.000000 0.03739300000000000263
133 19.000000 18.000000 0.05133440000000000225
134 26.000000 19.000000 0.03676379999999999926
135 26.000000 23.000000 0.04681989999999999763
136 19.000000 18.000000 0.06013249999999999845
137 24.000000 21.000000 0.04514320000000000138
138 13.000000 12.000000 0.03709509999999999891
139 15.000000 14.000000 0.04054150000000000115
140 10.000000 9.000000 0.03373620000000000091
141 15.000000 15.000000 0.06183600000000000207
142 21.000000 17.000000 0.03741579999999999906
143 24.000000 21.000000 0.03632250000000000062
144 16.000000 15.000000 0.04238619999999999888
145 30.000000 26.000000 0.05091509999999999786
146 19.000000 19.000000 0.06145570000000000199
147 14.000000 12.000000 0.04354510000000000325
148 24.000000 20.000000 0.04260060000000000235
149 10.000000 9.000000 0.05443300000000000222
150 16.000000 14.000000 0.03946039999999999964
151 11.000000 11.000000 0.05252300000000000024
152 19.000000 16.000000 0.05757149999999999768
153 21.000000 18.000000 0.05691940000000000194
154 27.000000 21.000000 0.03864739999999999842
155 20.000000 16.000000 0.03716950000000000115
156 9.000000 9.000000 0.03633610000000000312
157 23.000000 22.000000 0.04204789999999999917
158 17.000000 15.000000 0.02919719999999999954
159 24.000000 19.000000 0.05718050000000000216
160 24.000000 21.000000 0.03756820000000000298
161 28.000000 20.000000 0.04216600000000000209
162 24.000000 23.000000 0.03899459999999999732
163 25.000000 23.000000 0.06196150000000000269
164 24.000000 20.000000 0.03554340000000000277
165 22.000000 19.000000 0.04449560000000000320
166 23.000000 18.000000 0.03877080000000000110
167 29.000000 21.000000 0.02900329999999999922
168 25.000000 21.000000 0.03154629999999999934
169 10.000000 9.000000 0.03914170000000000149
170 34.000000 26.000000 0.06213169999999999804
171 11.000000 10.000000 0.04099420000000000147
172 31.000000 24.000000 0.06365750000000000575
173 24.000000 21.000000 0.05015990000000000032
174 12.000000 12.000000 0.03814599999999999935
175 11.000000 10.000000 0.03439330000000000165
176 23.000000 17.000000 0.03698570000000000330
177 9.000000 9.000000 0.04142149999999999999
178 27.000000 22.000000 0.02795620000000000049
179 17.000000 15.000000 0.02717280000000000043
180 9.000000 9.000000 0.03653399999999999703
181 22.000000 22.000000 0.03776439999999999658
182 36.000000 30.000000 0.03170289999999999914
183 43.000000 32.000000 0.03185799999999999743
184 20.000000 19.000000 0.03832150000000000140
185 17.000000 15.000000 0.04077580000000000093
186 19.000000 17.000000 0.03691049999999999887
187 31.000000 25.000000 0.05166199999999999959
188 23.000000 19.000000 0.03574750000000000150
189 23.000000 22.000000 0.04626469999999999888
190 18.000000 17.000000 0.05895430000000000115
191 25.000000 24.000000 0.02989819999999999978
192 16.000000 16.000000 0.04746129999999999793
193 19.000000 16.000000 0.05755369999999999930
194 18.000000 15.000000 0.03884370000000000184
195 24.000000 23.000000 0.06314210000000000655
196 17.000000 13.000000 0.03658329999999999915
197 24.000000 20.000000 0.04962439999999999907
198 22.000000 19.000000 0.04190730000000000149
199 22.000000 19.000000 0.04979159999999999836
200 10.000000 10.000000 0.03738699999999999662
201 29.000000 24.000000 0.05438429999999999653
202 20.000000 16.000000 0.05935030000000000167
203 20.000000 19.000000 0.04957539999999999863
204 21.000000 19.000000 0.05510199999999999820
205 16.000000 13.000000 0.04183379999999999738
206 29.000000 26.000000 0.04681450000000000194
207 24.000000 21.000000 0.04466409999999999825
208 28.000000 26.000000 0.05294159999999999838
209 27.000000 24.000000 0.03550999999999999990
210 20.000000 18.000000 0.05872190000000000049
211 18.000000 16.000000 0.02955110000000000028
212 19.000000 16.000000 0.05354459999999999775
213 16.000000 13.000000 0.05551640000000000047
214 29.000000 24.000000 0.04284280000000000033
215 27.000000 22.000000 0.03622589999999999838
216 30.000000 25.000000 0.03221960000000000102
217 20.000000 18.000000 0.03787959999999999938
218 39.000000 26.000000 0.02390029999999999932
219 21.000000 18.000000 0.03797670000000000212
220 24.000000 20.000000 0.04695099999999999968
221 18.000000 14.000000 0.03130630000000000218
222 28.000000 22.000000 0.03653689999999999716
223 18.000000 15.000000 0.04361029999999999768
224 20.000000 19.000000 0.03234139999999999932
225 18.000000 18.000000 0.03740260000000000112
226 28.000000 24.000000 0.03669759999999999689
227 20.000000 19.000000 0.03496760000000000146
228 18.000000 15.000000 0.03703479999999999966
229 31.000000 28.000000 0.02998560000000000114
230 20.000000 18.000000 0.02886599999999999930
231 20.000000 18.000000 0.03061789999999999998
232 19.000000 18.000000 0.03130259999999999987
233 24.000000 20.000000 0.02974819999999999895
234 11.000000 10.000000 0.03039630000000000110
235 19.000000 16.000000 0.02942360000000000114
236 19.000000 17.000000 0.03459290000000000281
237 20.000000 19.000000 0.07110610000000000541
238 18.000000 16.000000 0.03342549999999999688
239 15.000000 15.000000 0.03247230000000000255
240 22.000000 21.000000 0.03923600000000000004
241 16.000000 15.000000 0.02981469999999999954
242 16.000000 13.000000 0.06064819999999999933
243 20.000000 18.000000 0.03297920000000000018
244 19.000000 17.000000 0.03620509999999999701
245 19.000000 19.000000 0.02911089999999999858
246 27.000000 24.000000 0.03096140000000000003
247 29.000000 26.000000 0.02468849999999999864
248 25.000000 23.000000 0.03353960000000000274
249 22.000000 19.000000 0.03620090000000000113
250 26.000000 21.000000 0.03333810000000000245
251 21.000000 18.000000 0.02897579999999999947
252 11.000000 11.000000 0.03443489999999999746
253 8.000000 7.000000 0.03436999999999999778
254 12.000000 11.000000 0.03104600000000000068
255 19.000000 15.000000 0.02535609999999999947
256 20.000000 18.000000 0.03094910000000000022
257 16.000000 14.000000 0.03343549999999999994
258 21.000000 18.000000 0.02982349999999999932
259 19.000000 18.000000 0.03102009999999999837
260 9.000000 9.000000 0.03404360000000000025
261 16.000000 14.000000 0.03007260000000000141
262 16.000000 13.000000 0.02965720000000000162
263 16.000000 14.000000 0.03512049999999999894
264 22.000000 19.000000 0.03294459999999999750
265 23.000000 19.000000 0.02447140000000000079
266 18.000000 17.000000 0.03202760000000000329
267 24.000000 20.000000 0.03212720000000000159
268 29.000000 25.000000 0.03401219999999999938
269 15.000000 15.000000 0.03962530000000000219
270 23.000000 21.000000 0.03127130000000000187
271 39.000000 29.000000 0.02675450000000000050
272 18.000000 16.000000 0.03579580000000000262
273 28.000000 25.000000 0.03708129999999999760
274 20.000000 16.000000 0.03497800000000000215
275 18.000000 18.000000 0.03029739999999999864
276 34.000000 26.000000 0.03197479999999999767
277 18.000000 16.000000 0.03852429999999999743
278 17.000000 15.000000 0.04645160000000000261
279 25.000000 21.000000 0.04704959999999999698
280 23.000000 19.000000 0.02806559999999999958
281 32.000000 26.000000 0.02736799999999999997
282 23.000000 19.000000 0.07750990000000000657
283 24.000000 21.000000 0.04831130000000000146
284 17.000000 16.000000 0.04347249999999999726
285 22.000000 17.000000 0.03116560000000000163
286 20.000000 19.000000 0.03547650000000000109
287 20.000000 18.000000 0.03497109999999999802
288 25.000000 20.000000 0.05608199999999999991
289 17.000000 14.000000 0.03782510000000000039
290 26.000000 22.000000 0.02938599999999999893
291 14.000000 14.000000 0.03557450000000000195
292 8.000000 7.000000 0.03570290000000000269
293 21.000000 18.000000 0.03385790000000000327
294 19.000000 19.000000 0.02758089999999999847
295 29.000000 23.000000 0.03260249999999999954
296 22.000000 18.000000 0.02989620000000000125
297 28.000000 23.000000 0.03220259999999999789
298 13.000000 13.000000 0.02829109999999999958
299 10.000000 10.000000 0.03109889999999999877
300 26.000000 23.000000 0.03918440000000000117
301 31.000000 25.000000 0.03247680000000000011
302 36.000000 28.000000 0.02872310000000000141
303 16.000000 15.000000 0.03937390000000000334
304 17.000000 16.000000 0.02892170000000000157
305 19.000000 17.000000 0.03816250000000000198
306 23.000000 22.000000 0.03102989999999999915
307 27.000000 23.000000 0.02341640000000000041
308 30.000000 27.000000 0.02938489999999999852
309 20.000000 16.000000 0.02598850000000000118
310 19.000000 18.000000 0.02499480000000000104
311 12.000000 10.000000 0.03274939999999999796
312 21.000000 19.000000 0.03360420000000000074
313 19.000000 17.000000 0.03004070000000000004
314 11.000000 11.000000 0.03163950000000000096
315 28.000000 22.000000 0.02834530000000000036
316 16.000000 15.000000 0.03644290000000000029
317 21.000000 17.000000 0.03264380000000000059
318 25.000000 22.000000 0.02968200000000000005
319 33.000000 24.000000 0.03265370000000000078
320 28.000000 22.000000 0.03785809999999999870
321 8.000000 8.000000 0.06570109999999999839
322 19.000000 15.000000 0.03579700000000000243
323 25.000000 24.000000 0.04024359999999999743
324 13.000000 12.000000 0.03211279999999999690
325 32.000000 25.000000 0.03476039999999999686
326 21.000000 20.000000 0.03467649999999999899
327 14.000000 12.000000 0.03640319999999999667
328 15.000000 12.000000 0.02985200000000000006
329 26.000000 23.000000 0.03260210000000000191
330 20.000000 19.000000 0.03254270000000000079
331 11.000000 11.000000 0.03804760000000000086
332 25.000000 21.000000 0.03891130000000000283
333 32.000000 23.000000 0.05679880000000000345
334 22.000000 19.000000 0.04854499999999999788
335 23.000000 22.000000 0.03783279999999999976
336 14.000000 14.000000 0.03315579999999999916
337 12.000000 11.000000 0.04607320000000000165
338 29.000000 20.000000 0.02755039999999999920
339 33.000000 30.000000 0.03929660000000000097
340 20.000000 17.000000 0.03672539999999999832
341 29.000000 26.000000 0.03942550000000000221
342 23.000000 19.000000 0.04348289999999999794
343 20.000000 17.000000 0.05482290000000000080
344 18.000000 16.000000 0.05609159999999999840
345 13.000000 13.000000 0.03363710000000000311
346 24.000000 21.000000 0.03177159999999999707
347 18.000000 16.000000 0.04062650000000000289
348 26.000000 19.000000 0.03632239999999999774
349 29.000000 24.000000 0.03227880000000000332
350 17.000000 17.000000 0.03122269999999999907
351 15.000000 13.000000 0.03384449999999999958
352 11.000000 11.000000 0.04791689999999999838
353 22.000000 17.000000 0.05817189999999999861
354 14.000000 13.000000 0.04586919999999999886
355 22.000000 21.000000 0.03420689999999999842
356 16.000000 16.000000 0.04564200000000000201
357 21.000000 18.000000 0.04009759999999999713
358 22.000000 18.000000 0.03784690000000000276
359 17.000000 16.000000 0.04904329999999999801
360 12.000000 12.000000 0.03831240000000000340
361 19.000000 16.000000 0.03022149999999999836
362 19.000000 17.000000 0.04280559999999999921
363 12.000000 10.000000 0.04829139999999999822
364 12.000000 12.000000 0.03153729999999999728
365 24.000000 19.000000 0.04725120000000000015
366 19.000000 18.000000 0.03528370000000000117
367 19.000000 18.000000 0.04245630000000000237
368 28.000000 24.000000 0.03356540000000000218
369 21.000000 19.000000 0.03425340000000000329
370 9.000000 9.000000 0.03115559999999999857
371 21.000000 18.000000 0.06238690000000000208
372 21.000000 21.000000 0.04481489999999999779
373 16.000000 14.000000 0.03112739999999999951
374 34.000000 28.000000 0.03798769999999999925
375 11.000000 11.000000 0.03146220000000000266
376 12.000000 12.000000 0.03190189999999999693
377 30.000000 26.000000 0.03405140000000000250
378 24.000000 20.000000 0.03789889999999999926
379 22.000000 19.000000 0.03666479999999999739
380 28.000000 23.000000 0.03458789999999999781
381 15.000000 15.000000 0.03500869999999999677
382 34.000000 28.000000 0.02576289999999999830
383 26.000000 24.000000 0.04414660000000000112
384 14.000000 14.000000 0.03950150000000000189
385 24.000000 21.000000 0.02799000000000000099
386 16.000000 14.000000 0.03640489999999999698
387 35.000000 26.000000 0.02792599999999999943
388 17.000000 13.000000 0.03727169999999999789
389 24.000000 23.000000 0.03705569999999999697
390 19.000000 16.000000 0.03220289999999999958
391 15.000000 14.000000 0.02850050000000000153
392 25.000000 20.000000 0.02804109999999999936
393 22.000000 21.000000 0.03393729999999999664
394 18.000000 18.000000 0.03128199999999999731
395 22.000000 18.000000 0.04702690000000000342
396 18.000000 16.000000 0.02780010000000000120
397 22.000000 21.000000 0.03119130000000000166
398 19.000000 18.000000 0.03312629999999999741
399 18.000000 16.000000 0.03036909999999999957
400 33.000000 25.000000 0.02710569999999999993
401 23.000000 18.000000 0.03312640000000000029
402 24.000000 20.000000 0.03780530000000000002
403 29.000000 22.000000 0.03418039999999999967
404 25.000000 21.000000 0.04077329999999999843
405 18.000000 13.000000 0.03206099999999999922
406 12.000000 12.000000 0.02785009999999999916
407 28.000000 20.000000 0.02776110000000000036
408 19.000000 17.000000 0.03600980000000000153
409 38.000000 31.000000 0.03478749999999999898
410 20.000000 18.000000 0.03527029999999999749
411 17.000000 14.000000 0.03344300000000000050
412 9.000000 9.000000 0.03376590000000000147
413 17.000000 15.000000 0.03167350000000000027
414 18.000000 17.000000 0.04034259999999999929
415 23.000000 18.000000 0.03276860000000000189
416 17.000000 15.000000 0.03942129999999999940
417 21.000000 18.000000 0.03531390000000000223
418 25.000000 22.000000 0.02844369999999999885
419 19.000000 15.000000 0.03212439999999999740
420 22.000000 20.000000 0.03634489999999999943
