1 15.000000 13.000000 0.18832209999999999228
2 20.000000 15.000000 0.13543169999999998820
3 15.000000 12.000000 0.04381179999999999797
4 11.000000 10.000000 0.02970180000000000042
5 13.000000 12.000000 0.06484339999999999549
6 13.000000 12.000000 0.03148200000000000304
7 13.000000 12.000000 0.02226859999999999951
8 8.000000 8.000000 0.02434000000000000052
9 17.000000 15.000000 0.02143909999999999913
10 9.000000 9.000000 0.02589479999999999907
11 13.000000 12.000000 0.07712750000000000161
12 11.000000 10.000000 0.03119660000000000141
13 11.000000 11.000000 0.02629669999999999924
14 15.000000 12.000000 0.02980350000000000013
15 12.000000 11.000000 0.02544920000000000168
16 11.000000 10.000000 0.03214729999999999671
17 12.000000 11.000000 0.04838769999999999877
18 11.000000 11.000000 0.02236449999999999896
19 15.000000 13.000000 0.03291460000000000219
20 19.000000 17.000000 0.02062340000000000007
21 18.000000 16.000000 0.02918719999999999995
22 13.000000 11.000000 0.02504920000000000063
23 9.000000 9.000000 0.03206839999999999691
24 10.000000 10.000000 0.02226660000000000098
25 11.000000 11.000000 0.02693850000000000064
26 12.000000 12.000000 0.12285100000000000187
27 14.000000 13.000000 0.02674270000000000119
28 15.000000 14.000000 0.02004710000000000172
29 14.000000 12.000000 0.14137589999999999879
30 13.000000 11.000000 0.02911489999999999911
31 10.000000 9.000000 0.03634090000000000237
32 11.000000 11.000000 0.02472970000000000029
33 11.000000 11.000000 0.02238619999999999846
34 9.000000 9.000000 0.02120640000000000025
35 12.000000 12.000000 0.03285149999999999876
36 10.000000 10.000000 0.05084110000000000018
37 22.000000 18.000000 0.03811280000000000223
38 14.000000 12.000000 0.02046720000000000136
39 15.000000 13.000000 0.03367119999999999835
40 12.000000 12.000000 0.02086280000000000079
41 13.000000 12.000000 0.03302850000000000230
42 16.000000 13.000000 0.02940119999999999886
43 11.000000 11.000000 0.02712329999999999949
44 11.000000 9.000000 0.01989640000000000158
45 15.000000 15.000000 0.02334450000000000067
46 9.000000 9.000000 0.02534840000000000010
47 9.000000 9.000000 0.02439200000000000049
48 13.000000 11.000000 0.02428829999999999878
49 12.000000 10.000000 0.02430720000000000103
50 14.000000 12.000000 0.03473840000000000261
51 11.000000 10.000000 0.02194389999999999882
52 11.000000 11.000000 0.02947330000000000089
53 10.000000 9.000000 0.02166099999999999970
54 12.000000 11.000000 0.04261739999999999973
55 18.000000 14.000000 0.02239400000000000071
56 17.000000 15.000000 0.11699039999999999440
57 12.000000 11.000000 0.10681279999999999941
58 18.000000 16.000000 0.09963589999999999947
59 18.000000 13.000000 0.11336250000000000493
60 17.000000 13.000000 0.02028179999999999913
61 11.000000 10.000000 0.08716069999999999374
62 12.000000 10.000000 0.08288950000000000484
63 14.000000 11.000000 0.08975020000000000220
64 13.000000 12.000000 0.08865399999999999670
65 19.000000 17.000000 0.02837720000000000173
66 13.000000 11.000000 0.10299160000000000259
67 8.000000 8.000000 0.02085760000000000045
68 14.000000 12.000000 0.07684230000000000227
69 15.000000 12.000000 0.09444819999999999605
70 23.000000 17.000000 0.01896420000000000050
71 12.000000 12.000000 0.05784740000000000021
72 14.000000 13.000000 0.08776899999999999979
73 12.000000 11.000000 0.12255670000000000452
74 14.000000 12.000000 0.13302310000000000523
75 11.000000 11.000000 0.02098869999999999902
76 12.000000 12.000000 0.10423739999999999395
77 13.000000 12.000000 0.12490940000000000376
78 10.000000 8.000000 0.04376410000000000022
79 11.000000 11.000000 0.11891880000000000506
80 12.000000 11.000000 0.12992080000000000295
81 12.000000 11.000000 0.13646939999999999071
82 13.000000 13.000000 0.13354640000000000954
83 13.000000 12.000000 0.02047059999999999852
84 9.000000 8.000000 0.15352560000000001206
85 16.000000 15.000000 0.02081589999999999829
86 11.000000 10.000000 0.01865179999999999963
87 16.000000 13.000000 0.08661900000000000155
88 12.000000 11.000000 0.09055499999999999661
89 12.000000 12.000000 0.01875370000000000162
90 19.000000 14.000000 0.10976009999999999933
91 12.000000 11.000000 0.12611269999999999425
92 15.000000 13.000000 0.02094069999999999959
93 15.000000 13.000000 0.10768650000000000444
94 15.000000 14.000000 0.09724470000000000336
95 15.000000 15.000000 0.02139550000000000132
96 17.000000 12.000000 0.01903820000000000165
97 9.000000 9.000000 0.08487400000000000500
98 16.000000 13.000000 0.02004759999999999875
99 13.000000 12.000000 0.10133910000000000140
100 9.000000 9.000000 0.08359909999999999564
101 18.000000 16.000000 0.02590589999999999907
102 11.000000 10.000000 0.08492869999999999586
103 11.000000 10.000000 0.02026609999999999870
104 19.000000 17.000000 0.01920660000000000076
105 22.000000 17.000000 0.06481420000000000237
106 15.000000 12.000000 0.05320110000000000117
107 18.000000 14.000000 0.01910480000000000164
108 14.000000 11.000000 0.08470740000000000214
109 11.000000 11.000000 0.05304489999999999900
110 13.000000 11.000000 0.02066039999999999890
111 12.000000 11.000000 0.05340109999999999996
112 10.000000 9.000000 0.03792999999999999844
113 13.000000 12.000000 0.08100490000000000468
114 7.000000 7.000000 0.07221519999999999329
115 14.000000 13.000000 0.01961009999999999837
116 13.000000 11.000000 0.02043029999999999846
117 18.000000 14.000000 0.03530269999999999936
118 12.000000 11.000000 0.02407689999999999830
119 10.000000 10.000000 0.10739540000000000197
120 15.000000 13.000000 0.01887549999999999992
121 12.000000 11.000000 0.09924149999999999638
122 12.000000 12.000000 0.09256409999999999638
123 18.000000 16.000000 0.02179549999999999890
124 14.000000 13.000000 0.09354439999999999977
125 16.000000 14.000000 0.07640710000000000557
126 11.000000 11.000000 0.01834269999999999998
127 13.000000 11.000000 0.09706660000000000288
128 10.000000 10.000000 0.01978859999999999994
129 12.000000 11.000000 0.01829940000000000039
130 9.000000 8.000000 0.08420439999999999869
131 19.000000 16.000000 0.02018669999999999840
132 13.000000 11.000000 0.08470850000000000601
133 16.000000 14.000000 0.02414749999999999883
134 13.000000 11.000000 0.02148190000000000169
135 16.000000 13.000000 0.02516699999999999840
136 13.000000 13.000000 0.02179139999999999897
137 11.000000 9.000000 0.01920190000000000091
138 14.000000 12.000000 0.04222879999999999689
139 17.000000 15.000000 0.02027750000000000039
140 9.000000 9.000000 0.11559869999999999868
141 17.000000 13.000000 0.10424519999999999620
142 12.000000 12.000000 0.01948990000000000097
143 12.000000 11.000000 0.12022889999999999966
144 11.000000 10.000000 0.13220930000000000182
145 14.000000 13.000000 0.02199239999999999876
146 16.000000 14.000000 0.11289559999999999873
147 8.000000 8.000000 0.10205569999999999919
148 12.000000 11.000000 0.02051959999999999895
149 18.000000 15.000000 0.09857829999999999371
150 11.000000 11.000000 0.09624620000000000397
151 18.000000 17.000000 0.09524299999999999433
152 11.000000 10.000000 0.02133720000000000061
153 11.000000 10.000000 0.10213730000000000031
154 11.000000 10.000000 0.01908989999999999992
155 10.000000 10.000000 0.09626679999999999959
156 16.000000 12.000000 0.09956160000000000010
157 15.000000 12.000000 0.01929260000000000003
158 12.000000 10.000000 0.07297259999999999858
159 17.000000 14.000000 0.07290399999999999658
160 10.000000 10.000000 0.02122709999999999875
161 17.000000 15.000000 0.01947020000000000001
162 12.000000 11.000000 0.09252660000000000051
163 17.000000 16.000000 0.02724970000000000170
164 11.000000 10.000000 0.09300540000000000196
165 14.000000 12.000000 0.11164060000000000650
166 16.000000 12.000000 0.08527790000000000370
167 8.000000 8.000000 0.04167570000000000302
168 19.000000 14.000000 0.02115670000000000051
169 11.000000 11.000000 0.02174070000000000169
170 9.000000 9.000000 0.02212110000000000118
171 14.000000 12.000000 0.01973640000000000116
172 12.000000 11.000000 0.02128559999999999827
173 9.000000 9.000000 0.02117199999999999985
174 12.000000 11.000000 0.01961639999999999912
175 11.000000 11.000000 0.02077990000000000045
176 18.000000 14.000000 0.02490550000000000055
177 9.000000 9.000000 0.01944869999999999932
178 15.000000 13.000000 0.02101849999999999899
179 8.000000 8.000000 0.02103210000000000149
180 15.000000 14.000000 0.02149929999999999897
181 8.000000 8.000000 0.02101729999999999918
182 12.000000 11.000000 0.02040490000000000012
183 12.000000 12.000000 0.02409009999999999971
184 17.000000 13.000000 0.01931520000000000112
185 10.000000 9.000000 0.02068650000000000003
186 15.000000 14.000000 0.01994020000000000167
187 12.000000 11.000000 0.01889549999999999910
188 10.000000 8.000000 0.08358319999999999639
189 10.000000 9.000000 0.01897679999999999853
190 11.000000 10.000000 0.02102789999999999868
191 9.000000 9.000000 0.02057739999999999916
192 12.000000 10.000000 0.01978840000000000113
193 11.000000 10.000000 0.07289519999999999333
194 14.000000 12.000000 0.08230629999999999891
195 17.000000 13.000000 0.08434189999999999743
196 12.000000 10.000000 0.01943140000000000145
197 20.000000 15.000000 0.01910159999999999983
198 15.000000 14.000000 0.01985429999999999834
199 17.000000 14.000000 0.01882079999999999864
200 12.000000 11.000000 0.02085729999999999876
201 12.000000 11.000000 0.08254240000000000188
202 11.000000 11.000000 0.07499400000000000510
203 17.000000 14.000000 0.02029179999999999873
204 13.000000 10.000000 0.01935950000000000171
205 13.000000 12.000000 0.10688830000000000553
206 23.000000 18.000000 0.01881429999999999908
207 8.000000 8.000000 0.10870159999999999545
208 11.000000 10.000000 0.02152899999999999953
209 10.000000 9.000000 0.01988380000000000009
210 12.000000 12.000000 0.02222369999999999901
211 11.000000 9.000000 0.02168820000000000123
212 18.000000 15.000000 0.01914830000000000004
213 15.000000 14.000000 0.01747800000000000048
214 11.000000 10.000000 0.02252540000000000098
215 11.000000 11.000000 0.01972259999999999985
216 7.000000 7.000000 0.02136180000000000023
217 13.000000 12.000000 0.01933489999999999862
218 12.000000 11.000000 0.08396879999999999622
219 19.000000 14.000000 0.02041079999999999978
220 12.000000 10.000000 0.02050969999999999877
221 13.000000 12.000000 0.08616690000000000460
222 12.000000 11.000000 0.08362509999999999388
223 11.000000 10.000000 0.04072619999999999713
224 14.000000 13.000000 0.01838470000000000035
225 12.000000 11.000000 0.01931249999999999981
226 12.000000 11.000000 0.11062299999999999911
227 14.000000 13.000000 0.01959270000000000109
228 11.000000 10.000000 0.01925489999999999841
229 16.000000 12.000000 0.01937459999999999877
230 12.000000 12.000000 0.08728360000000000285
231 18.000000 15.000000 0.09950290000000000523
232 17.000000 14.000000 0.08032670000000000088
233 9.000000 9.000000 0.01888650000000000051
234 13.000000 13.000000 0.02499590000000000145
235 16.000000 15.000000 0.09083280000000000520
236 15.000000 11.000000 0.05770619999999999916
237 11.000000 11.000000 0.07003230000000000566
238 11.000000 10.000000 0.02509410000000000113
239 11.000000 10.000000 0.02297209999999999877
240 17.000000 14.000000 0.08397549999999999459
241 18.000000 15.000000 0.02267419999999999852
242 18.000000 14.000000 0.02667469999999999911
243 13.000000 11.000000 0.06944119999999999460
244 8.000000 8.000000 0.01951889999999999875
245 12.000000 12.000000 0.02122879999999999906
246 14.000000 12.000000 0.06650570000000000093
247 15.000000 13.000000 0.06752909999999999469
248 15.000000 13.000000 0.01835919999999999913
249 21.000000 17.000000 0.05258850000000000330
250 8.000000 8.000000 0.02344769999999999840
251 8.000000 8.000000 0.03163230000000000208
252 14.000000 12.000000 0.07025059999999999638
253 9.000000 9.000000 0.05859330000000000094
254 9.000000 9.000000 0.02063579999999999928
255 12.000000 12.000000 0.06334650000000000003
256 17.000000 17.000000 0.07464800000000000602
257 11.000000 10.000000 0.02119520000000000085
258 16.000000 13.000000 0.05416350000000000331
259 12.000000 11.000000 0.06140439999999999787
260 11.000000 11.000000 0.02237739999999999868
261 11.000000 10.000000 0.01899570000000000078
262 12.000000 10.000000 0.08407679999999999321
263 14.000000 12.000000 0.01900179999999999925
264 15.000000 14.000000 0.02112699999999999995
265 11.000000 11.000000 0.06764580000000000592
266 15.000000 13.000000 0.03495609999999999690
267 12.000000 11.000000 0.01886820000000000164
268 12.000000 11.000000 0.08399969999999999659
269 12.000000 12.000000 0.02037490000000000134
270 10.000000 10.000000 0.02080169999999999936
271 12.000000 11.000000 0.02962949999999999959
272 10.000000 9.000000 0.02617380000000000054
273 14.000000 12.000000 0.02583490000000000092
274 13.000000 10.000000 0.02091120000000000131
275 15.000000 13.000000 0.04518570000000000225
276 16.000000 14.000000 0.04576960000000000056
277 8.000000 8.000000 0.02248469999999999983
278 12.000000 11.000000 0.02206090000000000134
279 9.000000 9.000000 0.04554280000000000134
280 12.000000 10.000000 0.02250989999999999935
281 20.000000 15.000000 0.02185049999999999840
282 10.000000 10.000000 0.02079349999999999948
283 11.000000 10.000000 0.01984290000000000012
284 16.000000 13.000000 0.02013780000000000084
285 12.000000 12.000000 0.01935629999999999989
286 16.000000 12.000000 0.01765550000000000105
287 17.000000 15.000000 0.01785780000000000006
288 12.000000 11.000000 0.02419229999999999992
289 8.000000 8.000000 0.02011390000000000053
290 10.000000 10.000000 0.02089059999999999875
291 11.000000 10.000000 0.02183190000000000131
292 9.000000 9.000000 0.02031979999999999897
293 14.000000 13.000000 0.02381969999999999921
294 13.000000 12.000000 0.02138879999999999948
295 9.000000 8.000000 0.01937039999999999942
296 10.000000 10.000000 0.01994210000000000080
297 8.000000 8.000000 0.01934340000000000018
298 10.000000 10.000000 0.01724109999999999879
299 14.000000 12.000000 0.01589370000000000019
300 12.000000 11.000000 0.01740090000000000039
301 12.000000 11.000000 0.01733269999999999950
302 12.000000 10.000000 0.01825409999999999880
303 12.000000 11.000000 0.01899779999999999872
304 9.000000 8.000000 0.01853990000000000152
305 14.000000 12.000000 0.01767370000000000052
306 12.000000 11.000000 0.01913700000000000123
307 13.000000 13.000000 0.02557430000000000120
308 12.000000 11.000000 0.02178770000000000012
309 12.000000 11.000000 0.01962010000000000143
310 11.000000 11.000000 0.01885919999999999958
311 16.000000 12.000000 0.01889499999999999860
312 17.000000 13.000000 0.01921410000000000132
313 9.000000 8.000000 0.01997480000000000089
314 13.000000 10.000000 0.02357199999999999920
315 13.000000 12.000000 0.01830539999999999945
316 13.000000 12.000000 0.01836470000000000116
317 10.000000 9.000000 0.01862259999999999957
318 20.000000 15.000000 0.01893140000000000100
319 10.000000 10.000000 0.01916829999999999923
320 13.000000 10.000000 0.02174210000000000031
321 11.000000 9.000000 0.02381180000000000102
322 15.000000 12.000000 0.02075870000000000146
323 17.000000 14.000000 0.02195379999999999901
324 8.000000 8.000000 0.01972240000000000104
325 14.000000 13.000000 0.01942139999999999839
326 14.000000 13.000000 0.01796439999999999843
327 9.000000 9.000000 0.01944560000000000038
328 14.000000 13.000000 0.02441899999999999973
329 17.000000 13.000000 0.01975270000000000151
330 10.000000 10.000000 0.01981190000000000034
331 17.000000 14.000000 0.02033570000000000169
332 13.000000 12.000000 0.02369189999999999838
333 11.000000 10.000000 0.02024870000000000142
334 19.000000 17.000000 0.01865570000000000075
335 12.000000 11.000000 0.02072250000000000134
336 15.000000 13.000000 0.02023080000000000017
337 12.000000 11.000000 0.01758749999999999897
338 16.000000 13.000000 0.01878830000000000083
339 14.000000 11.000000 0.01515380000000000026
340 9.000000 9.000000 0.01767039999999999930
341 14.000000 13.000000 0.01697970000000000035
342 14.000000 11.000000 0.01708700000000000149
343 10.000000 10.000000 0.02167650000000000132
344 10.000000 9.000000 0.01586649999999999866
345 11.000000 10.000000 0.01871199999999999947
346 13.000000 12.000000 0.01991700000000000068
347 11.000000 10.000000 0.01947590000000000085
348 9.000000 9.000000 0.01832479999999999873
349 14.000000 12.000000 0.02086009999999999948
350 10.000000 10.000000 0.01925150000000000125
351 14.000000 12.000000 0.01150720000000000041
352 14.000000 13.000000 0.01579430000000000070
353 13.000000 13.000000 0.01421620000000000002
354 19.000000 15.000000 0.01962629999999999930
355 12.000000 12.000000 0.01652380000000000168
356 9.000000 9.000000 0.01664770000000000139
357 13.000000 11.000000 0.01811549999999999966
358 12.000000 11.000000 0.01691029999999999964
359 14.000000 12.000000 0.01313489999999999970
360 13.000000 12.000000 0.01825409999999999880
361 11.000000 9.000000 0.01967239999999999961
362 18.000000 16.000000 0.01554600000000000079
363 9.000000 9.000000 0.01400919999999999943
364 16.000000 14.000000 0.01326710000000000042
365 8.000000 8.000000 0.01701249999999999984
366 12.000000 11.000000 0.01545149999999999996
367 13.000000 12.000000 0.01531730000000000071
368 19.000000 16.000000 0.01200709999999999972
369 20.000000 16.000000 0.01645229999999999956
370 13.000000 12.000000 0.01479620000000000067
371 9.000000 9.000000 0.01798200000000000146
372 13.000000 12.000000 0.01330330000000000054
373 17.000000 14.000000 0.01566400000000000084
374 13.000000 12.000000 0.01446700000000000069
375 13.000000 10.000000 0.01857040000000000080
376 11.000000 10.000000 0.01496289999999999946
377 13.000000 12.000000 0.01430350000000000024
378 13.000000 13.000000 0.01992930000000000049
379 11.000000 11.000000 0.01361489999999999922
380 10.000000 10.000000 0.01757360000000000172
381 11.000000 11.000000 0.01256179999999999970
382 11.000000 10.000000 0.01365569999999999978
383 11.000000 11.000000 0.01538010000000000072
384 22.000000 17.000000 0.01269529999999999964
385 15.000000 15.000000 0.01747560000000000086
386 14.000000 13.000000 0.01622490000000000043
387 11.000000 11.000000 0.01833270000000000038
388 9.000000 9.000000 0.01746680000000000108
389 12.000000 10.000000 0.01830959999999999879
390 17.000000 15.000000 0.01472779999999999923
391 10.000000 10.000000 0.01619119999999999934
392 15.000000 13.000000 0.01633849999999999886
393 9.000000 9.000000 0.01732749999999999915
394 13.000000 11.000000 0.01733060000000000156
395 18.000000 13.000000 0.01259670000000000060
396 11.000000 11.000000 0.01641690000000000163
397 17.000000 14.000000 0.01816109999999999947
398 11.000000 9.000000 0.01464260000000000041
399 12.000000 12.000000 0.01448799999999999914
400 18.000000 14.000000 0.01733569999999999903
401 10.000000 10.000000 0.01653529999999999930
402 14.000000 13.000000 0.01796419999999999961
403 12.000000 11.000000 0.01712910000000000127
404 11.000000 9.000000 0.01735650000000000040
405 12.000000 11.000000 0.01501830000000000005
406 17.000000 13.000000 0.01703350000000000003
407 15.000000 13.000000 0.01875730000000000106
408 11.000000 11.000000 0.01941879999999999995
409 14.000000 11.000000 0.01888870000000000132
410 9.000000 9.000000 0.02084480000000000013
411 7.000000 7.000000 0.01990079999999999974
412 11.000000 11.000000 0.01947020000000000001
413 9.000000 9.000000 0.01871470000000000078
414 10.000000 10.000000 0.02276310000000000139
415 12.000000 10.000000 0.02134099999999999886
416 10.000000 10.000000 0.01643779999999999894
417 13.000000 12.000000 0.01364950000000000017
418 15.000000 15.000000 0.02086970000000000144
419 10.000000 10.000000 0.01932539999999999952
420 17.000000 14.000000 0.01907640000000000030
