1 28.000000 21.000000 0.62049639999999994799
2 24.000000 21.000000 0.08161720000000000086
3 9.000000 9.000000 0.09229930000000000079
4 32.000000 26.000000 0.10310579999999999745
5 24.000000 20.000000 0.11897620000000000418
6 20.000000 17.000000 0.06388299999999999534
7 17.000000 15.000000 0.05486400000000000304
8 21.000000 18.000000 0.06813400000000000012
9 21.000000 20.000000 0.07667720000000000091
10 34.000000 30.000000 0.06472899999999999487
11 24.000000 21.000000 0.09058589999999999698
12 25.000000 20.000000 0.08506890000000000285
13 26.000000 22.000000 0.09482749999999999513
14 20.000000 17.000000 0.06827600000000000335
15 26.000000 24.000000 0.10377880000000000438
16 28.000000 23.000000 0.06783160000000000578
17 34.000000 26.000000 0.05684109999999999857
18 25.000000 19.000000 0.06892479999999999440
19 26.000000 21.000000 0.06446860000000000090
20 24.000000 21.000000 0.05018419999999999825
21 18.000000 15.000000 0.07466219999999999801
22 19.000000 15.000000 0.06425690000000000568
23 35.000000 34.000000 0.05883139999999999897
24 20.000000 16.000000 0.06306090000000000306
25 22.000000 18.000000 0.06432770000000000155
26 16.000000 15.000000 0.05452409999999999896
27 25.000000 23.000000 0.06158659999999999829
28 39.000000 32.000000 0.06970049999999999857
29 18.000000 15.000000 0.06899239999999999540
30 33.000000 27.000000 0.06549430000000000529
31 15.000000 14.000000 0.06351579999999999726
32 30.000000 24.000000 0.13449349999999998806
33 21.000000 20.000000 0.05669060000000000071
34 18.000000 15.000000 0.06871140000000000581
35 34.000000 29.000000 0.03512420000000000125
36 23.000000 18.000000 0.06828560000000000185
37 24.000000 21.000000 0.07496629999999999960
38 26.000000 22.000000 0.07858350000000000057
39 17.000000 16.000000 0.07475769999999999638
40 30.000000 25.000000 0.06474270000000000025
41 21.000000 18.000000 0.06783799999999999553
42 27.000000 20.000000 0.07796140000000000014
43 24.000000 21.000000 0.07661890000000000367
44 15.000000 14.000000 0.07420190000000000119
45 28.000000 22.000000 0.06726659999999999584
46 29.000000 25.000000 0.06274659999999999960
47 27.000000 25.000000 0.08370840000000000225
48 31.000000 21.000000 0.07205530000000000268
49 26.000000 23.000000 0.08359350000000000114
50 15.000000 13.000000 0.11186999999999999722
51 30.000000 26.000000 0.06935589999999999811
52 33.000000 28.000000 0.06920220000000000538
53 28.000000 24.000000 0.06507229999999999959
54 17.000000 13.000000 0.03360960000000000336
55 27.000000 21.000000 0.07752889999999999782
56 22.000000 20.000000 0.06562830000000000052
57 20.000000 18.000000 0.06824800000000000311
58 25.000000 19.000000 0.06075610000000000038
59 39.000000 32.000000 0.07172660000000000147
60 28.000000 22.000000 0.06706389999999999574
61 25.000000 19.000000 0.06304369999999999419
62 25.000000 20.000000 0.06873509999999999343
63 25.000000 20.000000 0.06478929999999999412
64 26.000000 24.000000 0.06587429999999999675
65 24.000000 20.000000 0.06270499999999999685
66 25.000000 22.000000 0.06843480000000000396
67 20.000000 18.000000 0.07050449999999999773
68 22.000000 17.000000 0.06340369999999999340
69 24.000000 19.000000 0.07010990000000000277
70 26.000000 21.000000 0.06897050000000000403
71 35.000000 29.000000 0.06660810000000000342
72 28.000000 25.000000 0.06722540000000000460
73 21.000000 20.000000 0.06459600000000000064
74 32.000000 25.000000 0.06042159999999999892
75 16.000000 13.000000 0.06558819999999999928
76 23.000000 19.000000 0.06148639999999999661
77 20.000000 18.000000 0.06629480000000000095
78 25.000000 21.000000 0.10780230000000000368
79 37.000000 27.000000 0.07015570000000000139
80 47.000000 34.000000 0.10485819999999999863
81 12.000000 12.000000 0.06405310000000000170
82 37.000000 29.000000 0.06417839999999999656
83 15.000000 15.000000 0.06392169999999999797
84 23.000000 19.000000 0.06701290000000000024
85 31.000000 25.000000 0.06876889999999999392
86 24.000000 19.000000 0.06546770000000000367
87 34.000000 29.000000 0.07259379999999999999
88 27.000000 24.000000 0.06435620000000000229
89 22.000000 19.000000 0.06768330000000000179
90 26.000000 24.000000 0.07711629999999999874
91 23.000000 17.000000 0.06749560000000000282
92 26.000000 22.000000 0.06553489999999999316
93 23.000000 17.000000 0.06619200000000000084
94 42.000000 32.000000 0.06750839999999999619
95 23.000000 19.000000 0.06898819999999999952
96 29.000000 28.000000 0.04437100000000000072
97 23.000000 19.000000 0.05692969999999999975
98 19.000000 17.000000 0.06683719999999999939
99 15.000000 14.000000 0.05927380000000000149
100 37.000000 29.000000 0.06008089999999999958
101 16.000000 14.000000 0.06096059999999999673
102 30.000000 24.000000 0.05520180000000000226
103 31.000000 26.000000 0.07702390000000000625
104 21.000000 19.000000 0.05970439999999999775
105 29.000000 26.000000 0.06370049999999999324
106 15.000000 15.000000 0.09429849999999999344
107 26.000000 21.000000 0.05736329999999999901
108 21.000000 20.000000 0.05380059999999999704
109 22.000000 18.000000 0.05730020000000000252
110 28.000000 26.000000 0.06622190000000000021
111 26.000000 25.000000 0.05914760000000000156
112 22.000000 20.000000 0.05189180000000000181
113 25.000000 21.000000 0.06867719999999999381
114 23.000000 19.000000 0.09181680000000000397
115 15.000000 13.000000 0.06091180000000000205
116 23.000000 21.000000 0.08963880000000000459
117 20.000000 16.000000 0.02827970000000000136
118 19.000000 17.000000 0.09801350000000000340
119 39.000000 27.000000 0.03091589999999999963
120 22.000000 16.000000 0.06479980000000000462
121 27.000000 24.000000 0.06212970000000000298
122 40.000000 30.000000 0.05607770000000000116
123 23.000000 23.000000 0.04755029999999999674
124 18.000000 17.000000 0.04523139999999999800
125 30.000000 23.000000 0.09140860000000000651
126 26.000000 20.000000 0.06152409999999999823
127 21.000000 17.000000 0.07185310000000000308
128 21.000000 16.000000 0.05937280000000000335
129 29.000000 22.000000 0.04512710000000000332
130 22.000000 19.000000 0.06395330000000000459
131 20.000000 17.000000 0.05520300000000000207
132 33.000000 27.000000 0.05349489999999999801
133 22.000000 20.000000 0.05703659999999999980
134 25.000000 20.000000 0.05372999999999999998
135 19.000000 18.000000 0.05410050000000000275
136 33.000000 22.000000 0.04549029999999999740
137 23.000000 21.000000 0.02839600000000000110
138 24.000000 22.000000 0.05782899999999999846
139 21.000000 19.000000 0.06741149999999999920
140 25.000000 20.000000 0.09955730000000000135
141 30.000000 24.000000 0.06772809999999999941
142 24.000000 19.000000 0.06475789999999999325
143 25.000000 21.000000 0.05556069999999999759
144 16.000000 15.000000 0.05722710000000000297
145 17.000000 16.000000 0.06449169999999999903
146 32.000000 27.000000 0.05408740000000000075
147 17.000000 15.000000 0.05102000000000000285
148 30.000000 25.000000 0.05911799999999999694
149 33.000000 26.000000 0.06505840000000000234
150 19.000000 16.000000 0.05675729999999999664
151 35.000000 33.000000 0.05380780000000000285
152 31.000000 24.000000 0.05256450000000000011
153 35.000000 28.000000 0.06235729999999999745
154 21.000000 18.000000 0.06409700000000000120
155 29.000000 24.000000 0.05244769999999999988
156 17.000000 16.000000 0.06349920000000000564
157 28.000000 24.000000 0.06072539999999999882
158 17.000000 17.000000 0.06385150000000000547
159 21.000000 19.000000 0.05794049999999999895
160 21.000000 18.000000 0.10270669999999999800
161 25.000000 25.000000 0.06726650000000000684
162 25.000000 22.000000 0.06549800000000000066
163 23.000000 20.000000 0.05416590000000000293
164 22.000000 19.000000 0.05244379999999999875
165 31.000000 27.000000 0.06210489999999999761
166 26.000000 23.000000 0.06072759999999999964
167 27.000000 25.000000 0.06083399999999999919
168 16.000000 15.000000 0.06138029999999999875
169 17.000000 16.000000 0.06032309999999999756
170 10.000000 10.000000 0.06219009999999999816
171 27.000000 19.000000 0.05701810000000000211
172 30.000000 26.000000 0.05721049999999999747
173 29.000000 24.000000 0.06462669999999999526
174 13.000000 11.000000 0.05678199999999999914
175 27.000000 24.000000 0.05900409999999999683
176 22.000000 20.000000 0.06710839999999999861
177 25.000000 23.000000 0.05968550000000000244
178 25.000000 23.000000 0.05514140000000000014
179 31.000000 28.000000 0.06188289999999999763
180 33.000000 29.000000 0.04722660000000000052
181 23.000000 20.000000 0.04791560000000000263
182 25.000000 21.000000 0.07139529999999999488
183 37.000000 32.000000 0.04445640000000000008
184 30.000000 26.000000 0.05054489999999999678
185 22.000000 16.000000 0.06880210000000000492
186 26.000000 23.000000 0.05856660000000000338
187 26.000000 23.000000 0.06073590000000000239
188 25.000000 24.000000 0.05852249999999999813
189 31.000000 25.000000 0.04545060000000000072
190 19.000000 17.000000 0.04357599999999999668
191 34.000000 27.000000 0.05579560000000000075
192 33.000000 27.000000 0.05517249999999999932
193 41.000000 32.000000 0.06695360000000000200
194 22.000000 18.000000 0.06581650000000000000
195 27.000000 23.000000 0.05417410000000000281
196 22.000000 18.000000 0.06608540000000000247
197 29.000000 24.000000 0.06080390000000000100
198 28.000000 23.000000 0.05663139999999999841
199 25.000000 21.000000 0.07513350000000000584
200 20.000000 18.000000 0.03808430000000000148
201 27.000000 22.000000 0.05345239999999999714
202 23.000000 20.000000 0.06175880000000000258
203 20.000000 16.000000 0.06298869999999999469
204 38.000000 29.000000 0.03221999999999999864
205 30.000000 23.000000 0.04005849999999999689
206 29.000000 24.000000 0.06504590000000000372
207 16.000000 16.000000 0.06791619999999999602
208 7.000000 7.000000 0.07294570000000000221
209 28.000000 23.000000 0.10739509999999999335
210 26.000000 20.000000 0.06867479999999999418
211 28.000000 25.000000 0.04641370000000000218
212 38.000000 30.000000 0.09449670000000000292
213 29.000000 28.000000 0.16432499999999999885
214 19.000000 16.000000 0.05554560000000000053
215 31.000000 26.000000 0.05834400000000000003
216 23.000000 20.000000 0.06329980000000000329
217 18.000000 16.000000 0.05830380000000000285
218 9.000000 9.000000 0.06330800000000000316
219 33.000000 29.000000 0.07761250000000000093
220 27.000000 23.000000 0.05918099999999999750
221 24.000000 21.000000 0.05020990000000000175
222 25.000000 20.000000 0.05642239999999999756
223 32.000000 28.000000 0.04235189999999999788
224 15.000000 14.000000 0.05932740000000000236
225 25.000000 24.000000 0.05174530000000000102
226 25.000000 23.000000 0.06865849999999999731
227 26.000000 21.000000 0.05044339999999999935
228 28.000000 23.000000 0.05511479999999999851
229 29.000000 24.000000 0.06317680000000000518
230 23.000000 16.000000 0.04948810000000000014
231 25.000000 21.000000 0.03010339999999999891
232 27.000000 24.000000 0.05895670000000000077
233 31.000000 22.000000 0.04761370000000000186
234 22.000000 19.000000 0.05702270000000000255
235 22.000000 17.000000 0.05518529999999999963
236 27.000000 22.000000 0.07377690000000000636
237 28.000000 24.000000 0.04430769999999999847
238 24.000000 19.000000 0.05301469999999999794
239 8.000000 8.000000 0.04564109999999999695
240 22.000000 19.000000 0.06132379999999999776
241 23.000000 19.000000 0.07198580000000000256
242 14.000000 13.000000 0.05262730000000000186
243 21.000000 20.000000 0.05102600000000000191
244 35.000000 28.000000 0.05495189999999999797
245 21.000000 19.000000 0.04869489999999999930
246 24.000000 21.000000 0.08326329999999999842
247 30.000000 23.000000 0.03394010000000000082
248 23.000000 22.000000 0.02923540000000000166
249 14.000000 13.000000 0.05762989999999999780
250 13.000000 13.000000 0.04177840000000000026
251 18.000000 16.000000 0.04905820000000000319
252 12.000000 12.000000 0.04064210000000000045
253 30.000000 23.000000 0.04961530000000000107
254 32.000000 23.000000 0.05964900000000000063
255 22.000000 18.000000 0.05548800000000000260
256 14.000000 14.000000 0.06816229999999999511
257 14.000000 14.000000 0.05717099999999999960
258 27.000000 24.000000 0.04488559999999999772
259 14.000000 14.000000 0.04381720000000000059
260 13.000000 13.000000 0.07507990000000000497
261 25.000000 21.000000 0.05080450000000000244
262 25.000000 23.000000 0.04389269999999999977
263 38.000000 28.000000 0.05939289999999999847
264 27.000000 23.000000 0.05603120000000000323
265 31.000000 28.000000 0.05407000000000000001
266 34.000000 28.000000 0.05971159999999999662
267 28.000000 24.000000 0.05844579999999999914
268 24.000000 18.000000 0.05312780000000000280
269 24.000000 24.000000 0.06191699999999999982
270 14.000000 13.000000 0.04927109999999999823
271 22.000000 18.000000 0.03634060000000000068
272 33.000000 26.000000 0.04269459999999999922
273 22.000000 19.000000 0.05344009999999999733
274 22.000000 20.000000 0.06779860000000000053
275 29.000000 27.000000 0.04829309999999999853
276 31.000000 26.000000 0.05648770000000000180
277 15.000000 13.000000 0.04584030000000000049
278 19.000000 16.000000 0.05576559999999999850
279 26.000000 21.000000 0.05997929999999999928
280 28.000000 26.000000 0.05276840000000000003
281 23.000000 19.000000 0.03639699999999999880
282 32.000000 24.000000 0.06805690000000000350
283 24.000000 23.000000 0.05192709999999999687
284 19.000000 17.000000 0.05132819999999999744
285 20.000000 17.000000 0.05062839999999999702
286 25.000000 20.000000 0.03914349999999999774
287 10.000000 8.000000 0.05796640000000000126
288 17.000000 14.000000 0.05872689999999999855
289 19.000000 17.000000 0.05847979999999999845
290 37.000000 26.000000 0.04549099999999999672
291 23.000000 20.000000 0.08370099999999999763
292 13.000000 13.000000 0.05731259999999999827
293 35.000000 28.000000 0.05807459999999999706
294 22.000000 21.000000 0.04915150000000000075
295 18.000000 16.000000 0.05154380000000000073
296 21.000000 18.000000 0.05385190000000000116
297 25.000000 21.000000 0.04265469999999999678
298 18.000000 15.000000 0.06903869999999999452
299 18.000000 17.000000 0.06187890000000000057
300 22.000000 22.000000 0.05400880000000000264
301 21.000000 16.000000 0.04496959999999999846
302 38.000000 28.000000 0.07149070000000000424
303 20.000000 16.000000 0.04827130000000000309
304 24.000000 20.000000 0.06068429999999999658
305 26.000000 22.000000 0.05953920000000000046
306 31.000000 25.000000 0.03498439999999999883
307 33.000000 26.000000 0.04454149999999999776
308 19.000000 18.000000 0.04116779999999999745
309 28.000000 21.000000 0.03551699999999999996
310 41.000000 33.000000 0.03448439999999999839
311 27.000000 23.000000 0.04158329999999999665
312 14.000000 14.000000 0.03036190000000000069
313 11.000000 11.000000 0.03757749999999999979
314 29.000000 22.000000 0.03594640000000000335
315 25.000000 21.000000 0.04803269999999999762
316 32.000000 28.000000 0.03168309999999999876
317 27.000000 24.000000 0.03610510000000000108
318 21.000000 20.000000 0.04678410000000000207
319 23.000000 22.000000 0.03519669999999999743
320 40.000000 33.000000 0.03423380000000000173
321 31.000000 23.000000 0.03336650000000000033
322 11.000000 10.000000 0.03017759999999999887
323 25.000000 24.000000 0.03995810000000000334
324 16.000000 15.000000 0.03528400000000000286
325 25.000000 20.000000 0.03818150000000000016
326 21.000000 18.000000 0.05115340000000000165
327 34.000000 26.000000 0.04270920000000000272
328 21.000000 18.000000 0.06626210000000000433
329 16.000000 15.000000 0.05418649999999999856
330 25.000000 21.000000 0.04437830000000000247
331 24.000000 22.000000 0.03009169999999999900
332 25.000000 24.000000 0.03982100000000000223
333 33.000000 27.000000 0.07793540000000000190
334 29.000000 25.000000 0.03521239999999999787
335 26.000000 24.000000 0.04851740000000000219
336 27.000000 23.000000 0.04273169999999999746
337 12.000000 12.000000 0.05170879999999999921
338 11.000000 11.000000 0.05592840000000000311
339 25.000000 21.000000 0.04056180000000000202
340 14.000000 14.000000 0.05139760000000000162
341 25.000000 21.000000 0.04206680000000000141
342 23.000000 20.000000 0.04746929999999999900
343 32.000000 23.000000 0.03003310000000000007
344 29.000000 24.000000 0.04122490000000000182
345 31.000000 25.000000 0.02687449999999999908
346 32.000000 24.000000 0.04575370000000000131
347 27.000000 25.000000 0.04494019999999999959
348 26.000000 20.000000 0.03177680000000000088
349 37.000000 27.000000 0.05736689999999999845
350 36.000000 29.000000 0.02591560000000000044
351 35.000000 28.000000 0.04002540000000000264
352 22.000000 18.000000 0.03406710000000000294
353 33.000000 26.000000 0.03544309999999999822
354 28.000000 24.000000 0.03234650000000000025
355 20.000000 17.000000 0.03524359999999999993
356 18.000000 16.000000 0.04468230000000000118
357 28.000000 22.000000 0.03888860000000000233
358 22.000000 21.000000 0.03344760000000000094
359 29.000000 22.000000 0.02888069999999999873
360 29.000000 25.000000 0.03846990000000000132
361 28.000000 23.000000 0.02551629999999999870
362 19.000000 16.000000 0.03866350000000000342
363 17.000000 15.000000 0.03604659999999999809
364 19.000000 15.000000 0.03794460000000000194
365 23.000000 21.000000 0.04331759999999999777
366 27.000000 22.000000 0.02490380000000000024
367 34.000000 27.000000 0.02796020000000000102
368 27.000000 23.000000 0.03706090000000000079
369 26.000000 22.000000 0.03699419999999999792
370 28.000000 23.000000 0.04060090000000000227
371 24.000000 22.000000 0.03870919999999999916
372 19.000000 19.000000 0.03086739999999999970
373 21.000000 20.000000 0.02770090000000000052
374 14.000000 14.000000 0.03371070000000000316
375 20.000000 19.000000 0.02845069999999999891
376 21.000000 20.000000 0.02879320000000000143
377 47.000000 35.000000 0.02775659999999999933
378 14.000000 13.000000 0.02238429999999999934
379 30.000000 23.000000 0.03288730000000000125
380 19.000000 15.000000 0.02918820000000000095
381 9.000000 9.000000 0.02382060000000000080
382 26.000000 21.000000 0.03038789999999999894
383 22.000000 19.000000 0.02861019999999999883
384 32.000000 25.000000 0.02901460000000000150
385 15.000000 14.000000 0.03231989999999999863
386 25.000000 20.000000 0.02769970000000000071
387 35.000000 26.000000 0.02779020000000000101
388 43.000000 36.000000 0.03510060000000000263
389 17.000000 16.000000 0.03285110000000000113
390 19.000000 17.000000 0.03024419999999999886
391 17.000000 16.000000 0.03218510000000000121
392 17.000000 17.000000 0.02807350000000000123
393 31.000000 27.000000 0.02497450000000000017
394 36.000000 33.000000 0.03908760000000000012
395 30.000000 25.000000 0.03109829999999999886
396 21.000000 17.000000 0.04313240000000000129
397 20.000000 16.000000 0.04065450000000000313
398 28.000000 26.000000 0.03486260000000000053
399 32.000000 23.000000 0.03362590000000000023
400 19.000000 16.000000 0.03365649999999999892
401 18.000000 14.000000 0.02264160000000000131
402 28.000000 25.000000 0.02227350000000000163
403 11.000000 11.000000 0.02948349999999999929
404 25.000000 20.000000 0.03282380000000000020
405 34.000000 31.000000 0.03362699999999999717
406 10.000000 10.000000 0.02954549999999999885
407 20.000000 15.000000 0.02880349999999999924
408 36.000000 31.000000 0.01856549999999999867
409 16.000000 15.000000 0.02764310000000000031
410 33.000000 26.000000 0.02491060000000000149
411 22.000000 18.000000 0.02673999999999999988
412 25.000000 18.000000 0.03279279999999999695
413 22.000000 21.000000 0.03387960000000000277
414 28.000000 23.000000 0.04621859999999999857
415 37.000000 30.000000 0.04155169999999999697
416 18.000000 15.000000 0.03635399999999999743
417 31.000000 27.000000 0.03739549999999999819
418 22.000000 20.000000 0.02902470000000000050
419 16.000000 13.000000 0.03394429999999999670
420 19.000000 17.000000 0.04061530000000000001
