1 57.000000 50.000000 0.35147499999999998188
2 40.000000 30.000000 0.26464599999999999236
3 51.000000 40.000000 0.31214300000000000379
4 33.000000 30.000000 0.22410440000000000915
5 28.000000 24.000000 0.22346530000000000560
6 41.000000 36.000000 0.16656429999999999847
7 37.000000 33.000000 0.15342290000000000094
8 37.000000 29.000000 0.16422519999999998785
9 55.000000 43.000000 0.22693769999999999221
10 42.000000 35.000000 0.12436139999999999695
11 56.000000 51.000000 0.16908249999999999669
12 43.000000 36.000000 0.16834019999999999539
13 32.000000 30.000000 0.20460239999999998983
14 31.000000 26.000000 0.12160709999999999575
15 78.000000 57.000000 0.13551060000000000882
16 62.000000 51.000000 0.16287060000000000426
17 58.000000 47.000000 0.21170179999999999554
18 70.000000 58.000000 0.15971499999999999586
19 70.000000 59.000000 0.07115689999999999515
20 70.000000 61.000000 0.22629499999999999615
21 41.000000 37.000000 0.22097210000000000463
22 59.000000 45.000000 0.14813219999999999166
23 61.000000 48.000000 0.24337590000000000612
24 67.000000 53.000000 0.23351559999999998984
25 66.000000 50.000000 0.12793409999999999505
26 61.000000 51.000000 0.18874599999999999711
27 44.000000 36.000000 0.24134259999999999047
28 43.000000 37.000000 0.26497670000000000945
29 42.000000 34.000000 0.27439029999999997589
30 42.000000 36.000000 0.21444779999999999398
31 51.000000 45.000000 0.21193380000000000551
32 49.000000 41.000000 0.14660670000000000646
33 28.000000 26.000000 0.18179110000000001102
34 54.000000 46.000000 0.10291369999999999685
35 48.000000 42.000000 0.15077589999999999049
36 59.000000 50.000000 0.14958530000000000437
37 55.000000 45.000000 0.26023239999999997485
38 45.000000 42.000000 0.11607180000000000275
39 70.000000 55.000000 0.25198880000000001278
40 36.000000 29.000000 0.25416260000000001629
41 59.000000 49.000000 0.11275739999999999374
42 41.000000 34.000000 0.13582350000000001367
43 38.000000 33.000000 0.19843859999999999277
44 47.000000 37.000000 0.21916879999999999695
45 36.000000 35.000000 0.24832250000000000156
46 44.000000 38.000000 0.19199949999999998962
47 59.000000 47.000000 0.16712679999999999203
48 44.000000 43.000000 0.19057910000000000128
49 52.000000 36.000000 0.20034219999999999806
50 46.000000 38.000000 0.41128369999999997431
51 51.000000 47.000000 0.17520510000000000250
52 38.000000 34.000000 0.21576580000000000759
53 48.000000 41.000000 0.12740999999999999548
54 43.000000 37.000000 0.18027409999999999268
55 57.000000 50.000000 0.20240259999999998808
56 66.000000 54.000000 0.18415880000000001138
57 41.000000 39.000000 0.26142819999999999947
58 36.000000 33.000000 0.23778920000000000612
59 54.000000 51.000000 0.15874150000000000760
60 37.000000 32.000000 0.22233030000000000848
61 87.000000 64.000000 0.16246579999999999355
62 48.000000 40.000000 0.15066160000000000663
63 40.000000 34.000000 0.19668399999999999772
64 62.000000 49.000000 0.14582600000000001117
65 40.000000 34.000000 0.24014530000000000598
66 59.000000 48.000000 0.12840969999999998774
67 36.000000 35.000000 0.14228279999999998706
68 45.000000 38.000000 0.21040770000000000306
69 54.000000 41.000000 0.13617670000000001163
70 52.000000 44.000000 0.13030169999999999253
71 48.000000 40.000000 0.20397970000000001378
72 45.000000 35.000000 0.27179609999999998493
73 44.000000 39.000000 0.24039940000000001308
74 18.000000 17.000000 0.18072260000000001101
75 40.000000 39.000000 0.21270849999999999480
76 52.000000 40.000000 0.19400739999999999652
77 48.000000 38.000000 0.41416269999999999474
78 50.000000 35.000000 0.11740250000000000685
79 46.000000 40.000000 0.22680990000000000872
80 52.000000 40.000000 0.20717910000000000492
81 87.000000 78.000000 0.13684250000000000580
82 74.000000 62.000000 0.16009619999999999407
83 44.000000 39.000000 0.32595229999999997261
84 55.000000 43.000000 0.19070439999999999614
85 64.000000 52.000000 0.11472939999999999527
86 42.000000 34.000000 0.18784310000000001284
87 63.000000 52.000000 0.10979229999999999545
88 60.000000 56.000000 0.15848470000000000613
89 36.000000 29.000000 0.13894599999999998619
90 30.000000 25.000000 0.21453810000000000935
91 70.000000 56.000000 0.11822059999999999513
92 62.000000 47.000000 0.32766849999999997367
93 68.000000 56.000000 0.16232499999999999707
94 67.000000 62.000000 0.20545669999999999211
95 39.000000 31.000000 0.30584090000000002663
96 47.000000 36.000000 0.16818510000000000404
97 60.000000 48.000000 0.16312060000000000448
98 64.000000 53.000000 0.15601470000000000615
99 51.000000 46.000000 0.10141300000000000314
100 69.000000 53.000000 0.10524179999999999646
101 51.000000 48.000000 0.10880470000000000419
102 31.000000 27.000000 0.26461279999999998136
103 43.000000 39.000000 0.22458239999999998759
104 37.000000 36.000000 0.14865690000000000848
105 53.000000 51.000000 0.18161939999999998641
106 54.000000 41.000000 0.20900520000000000209
107 27.000000 27.000000 0.16837610000000000077
108 56.000000 48.000000 0.15783579999999999832
109 39.000000 29.000000 0.16556560000000000721
110 38.000000 36.000000 0.20230980000000001184
111 64.000000 52.000000 0.17404559999999999476
112 56.000000 54.000000 0.11515569999999999973
113 47.000000 42.000000 0.19303259999999999863
114 83.000000 70.000000 0.14801929999999999255
115 39.000000 35.000000 0.16016700000000000381
116 54.000000 44.000000 0.15761669999999999847
117 52.000000 43.000000 0.19116089999999999471
118 62.000000 53.000000 0.10858220000000000371
119 43.000000 37.000000 0.19838690000000000491
120 49.000000 42.000000 0.19035389999999999255
121 56.000000 39.000000 0.17335739999999999483
122 31.000000 29.000000 0.24086170000000001190
123 54.000000 42.000000 0.21780120000000000036
124 46.000000 42.000000 0.17951480000000000214
125 51.000000 42.000000 0.18786559999999999371
126 43.000000 41.000000 0.15737999999999999212
127 62.000000 50.000000 0.16465740000000000931
128 40.000000 38.000000 0.16645999999999999686
129 63.000000 49.000000 0.15547749999999999071
130 50.000000 42.000000 0.20905869999999998621
131 53.000000 44.000000 0.16179160000000000763
132 52.000000 43.000000 0.20610349999999999504
133 32.000000 27.000000 0.22439609999999998724
134 44.000000 41.000000 0.18842419999999998614
135 17.000000 16.000000 0.26933059999999997558
136 56.000000 39.000000 0.22020819999999999284
137 54.000000 49.000000 0.19445940000000000447
138 63.000000 48.000000 0.16948720000000000452
139 44.000000 38.000000 0.20365810000000000857
140 62.000000 56.000000 0.16377939999999999166
141 68.000000 61.000000 0.15394289999999999363
142 54.000000 47.000000 0.12404339999999999811
143 63.000000 56.000000 0.14371280000000000165
144 38.000000 35.000000 0.18773729999999999585
145 48.000000 46.000000 0.15088190000000001323
146 50.000000 40.000000 0.22036279999999999757
147 42.000000 37.000000 0.21132929999999999771
148 34.000000 30.000000 0.16848450000000000926
149 66.000000 55.000000 0.11009330000000000505
150 42.000000 29.000000 0.18588660000000001293
151 58.000000 49.000000 0.21430730000000000612
152 45.000000 41.000000 0.14247429999999999817
153 50.000000 44.000000 0.17738729999999999776
154 70.000000 52.000000 0.19895999999999999797
155 35.000000 26.000000 0.15966980000000000062
156 43.000000 33.000000 0.17032439999999998692
157 71.000000 52.000000 0.14231710000000000194
158 58.000000 49.000000 0.09650880000000000569
159 12.000000 12.000000 0.22747200000000000752
160 40.000000 32.000000 0.17201720000000000899
161 44.000000 39.000000 0.20735580000000000678
162 44.000000 42.000000 0.15686220000000000718
163 44.000000 34.000000 0.18213509999999999422
164 55.000000 48.000000 0.15921930000000000804
165 76.000000 58.000000 0.13466190000000000104
166 53.000000 45.000000 0.16885959999999999859
167 47.000000 39.000000 0.15090270000000000072
168 24.000000 23.000000 0.24205550000000000677
169 71.000000 56.000000 0.13820699999999999652
170 50.000000 42.000000 0.15093219999999998859
171 42.000000 35.000000 0.10365249999999999464
172 56.000000 46.000000 0.10929690000000000238
173 64.000000 53.000000 0.14917630000000001167
174 40.000000 35.000000 0.23063990000000000880
175 55.000000 45.000000 0.13859309999999999685
176 56.000000 47.000000 0.15486710000000000753
177 62.000000 46.000000 0.20697309999999999319
178 30.000000 27.000000 0.22809979999999999145
179 54.000000 39.000000 0.13582589999999999941
180 26.000000 22.000000 0.21836839999999999029
181 42.000000 36.000000 0.20958399999999999253
182 31.000000 26.000000 0.21638959999999998751
183 66.000000 53.000000 0.18342769999999999908
184 58.000000 46.000000 0.23396459999999999479
185 73.000000 56.000000 0.11595999999999999364
186 31.000000 26.000000 0.33207429999999998893
187 53.000000 45.000000 0.17026649999999998730
188 66.000000 45.000000 0.19504319999999999991
189 59.000000 44.000000 0.20693639999999999257
190 46.000000 42.000000 0.16536939999999999973
191 40.000000 35.000000 0.22511749999999999816
192 78.000000 61.000000 0.10933170000000000388
193 42.000000 33.000000 0.17069200000000001038
194 57.000000 49.000000 0.10343810000000000504
195 55.000000 46.000000 0.15691730000000000955
196 54.000000 41.000000 0.14881220000000000558
197 52.000000 40.000000 0.11027710000000000290
198 57.000000 49.000000 0.13493450000000001276
199 53.000000 44.000000 0.22336500000000000798
200 61.000000 54.000000 0.14352290000000000880
201 46.000000 38.000000 0.20308419999999999250
202 64.000000 47.000000 0.11974250000000000171
203 53.000000 42.000000 0.25772729999999999251
204 73.000000 56.000000 0.24502979999999999206
205 37.000000 33.000000 0.29220370000000001065
206 64.000000 57.000000 0.21780869999999999398
207 28.000000 22.000000 0.24092800000000000327
208 37.000000 32.000000 0.24851780000000001092
209 58.000000 43.000000 0.18510470000000001090
210 43.000000 40.000000 0.17364440000000000430
211 48.000000 43.000000 0.17995579999999999909
212 27.000000 25.000000 0.22955059999999999354
213 67.000000 53.000000 0.22161429999999998630
214 34.000000 29.000000 0.16131129999999999081
215 53.000000 46.000000 0.10625289999999999735
216 64.000000 46.000000 0.22467010000000001146
217 58.000000 47.000000 0.12341000000000000580
218 36.000000 34.000000 0.19406209999999998739
219 52.000000 38.000000 0.19868769999999999487
220 48.000000 42.000000 0.27110519999999999063
221 62.000000 57.000000 0.11012600000000000167
222 35.000000 35.000000 0.13889029999999999432
223 42.000000 36.000000 0.19320219999999999061
224 29.000000 25.000000 0.23133049999999999446
225 38.000000 35.000000 0.16149510000000000254
226 52.000000 41.000000 0.16338579999999999770
227 56.000000 45.000000 0.15870380000000000598
228 47.000000 45.000000 0.13827680000000000526
229 35.000000 28.000000 0.26389529999999999932
230 55.000000 50.000000 0.21585060000000000358
231 49.000000 38.000000 0.15906239999999999268
232 57.000000 48.000000 0.14053740000000000676
233 71.000000 60.000000 0.16137830000000000230
234 62.000000 50.000000 0.10245160000000000378
235 60.000000 48.000000 0.18920249999999999568
236 56.000000 44.000000 0.21316039999999999988
237 62.000000 49.000000 0.15067369999999999375
238 72.000000 57.000000 0.12188279999999999947
239 43.000000 36.000000 0.17791299999999998782
240 48.000000 36.000000 0.22162129999999999330
241 42.000000 37.000000 0.19785929999999998796
242 76.000000 62.000000 0.09844559999999999422
243 38.000000 30.000000 0.16116310000000000358
244 38.000000 32.000000 0.18547559999999999047
245 45.000000 38.000000 0.17989859999999999185
246 30.000000 26.000000 0.20838059999999999916
247 43.000000 36.000000 0.12303799999999999459
248 64.000000 52.000000 0.12379030000000000589
249 53.000000 39.000000 0.13688859999999999917
250 49.000000 39.000000 0.20596800000000001218
251 47.000000 40.000000 0.18491569999999998841
252 42.000000 37.000000 0.19608400000000000829
253 35.000000 31.000000 0.23334910000000000374
254 43.000000 33.000000 0.16998679999999999346
255 57.000000 49.000000 0.14749100000000001098
256 44.000000 40.000000 0.17222999999999999421
257 46.000000 42.000000 0.13661909999999999332
258 34.000000 31.000000 0.09145369999999999888
259 45.000000 38.000000 0.08138449999999999851
260 34.000000 33.000000 0.14139689999999999204
261 48.000000 46.000000 0.05322260000000000185
262 28.000000 23.000000 0.14826919999999998989
263 39.000000 34.000000 0.12081210000000000560
264 56.000000 48.000000 0.11874519999999999520
265 60.000000 55.000000 0.08331439999999999679
266 65.000000 51.000000 0.04832369999999999721
267 37.000000 35.000000 0.10257510000000000239
268 43.000000 38.000000 0.11597799999999999776
269 62.000000 52.000000 0.09319199999999999706
270 59.000000 47.000000 0.08819520000000000137
271 58.000000 52.000000 0.11697019999999999640
272 47.000000 41.000000 0.02573430000000000162
273 58.000000 47.000000 0.08404409999999999659
274 63.000000 57.000000 0.11986750000000000183
275 52.000000 45.000000 0.12015040000000000442
276 34.000000 29.000000 0.12238469999999999904
277 48.000000 41.000000 0.11178680000000000561
278 46.000000 42.000000 0.06688560000000000338
279 49.000000 44.000000 0.07364919999999999800
280 50.000000 47.000000 0.09576880000000000115
281 44.000000 37.000000 0.11982850000000000446
282 40.000000 34.000000 0.10266939999999999400
283 59.000000 49.000000 0.07945019999999999860
284 56.000000 44.000000 0.11134360000000000090
285 41.000000 36.000000 0.09345770000000000466
286 35.000000 29.000000 0.09594900000000000651
287 67.000000 50.000000 0.05263369999999999854
288 63.000000 45.000000 0.07949130000000000085
289 49.000000 41.000000 0.10295559999999999434
290 42.000000 36.000000 0.11396710000000000174
291 38.000000 29.000000 0.10622760000000000535
292 43.000000 33.000000 0.13288430000000001074
293 52.000000 44.000000 0.12395639999999999437
294 29.000000 24.000000 0.09639870000000000383
295 62.000000 47.000000 0.11064799999999999636
296 34.000000 32.000000 0.10621429999999999760
297 51.000000 45.000000 0.09320489999999999331
298 47.000000 41.000000 0.09752439999999999720
299 58.000000 50.000000 0.09483830000000000038
300 31.000000 28.000000 0.06682109999999999439
301 50.000000 41.000000 0.12249229999999999841
302 43.000000 41.000000 0.09076829999999999621
303 43.000000 34.000000 0.11509510000000000574
304 47.000000 44.000000 0.12029990000000000128
305 43.000000 37.000000 0.08221069999999999767
306 55.000000 44.000000 0.12315570000000000683
307 37.000000 32.000000 0.09988600000000000256
308 37.000000 33.000000 0.09488119999999999887
309 49.000000 41.000000 0.09299319999999999808
310 32.000000 29.000000 0.12470920000000000616
311 43.000000 41.000000 0.13443800000000000194
312 25.000000 23.000000 0.12309489999999999321
313 31.000000 29.000000 0.13962990000000000124
314 36.000000 35.000000 0.10146349999999999814
315 43.000000 35.000000 0.11335359999999999880
316 51.000000 38.000000 0.09697880000000000389
317 46.000000 39.000000 0.05813399999999999818
318 48.000000 42.000000 0.07873180000000000456
319 35.000000 32.000000 0.08020140000000000602
320 57.000000 48.000000 0.09566790000000000016
321 47.000000 38.000000 0.10883470000000000644
322 32.000000 29.000000 0.10739600000000000535
323 47.000000 39.000000 0.08664070000000000105
324 58.000000 53.000000 0.10540049999999999419
325 34.000000 30.000000 0.10208150000000000557
326 42.000000 42.000000 0.09448429999999999329
327 54.000000 45.000000 0.09226779999999999704
328 41.000000 34.000000 0.08675520000000000453
329 56.000000 46.000000 0.04718479999999999897
330 61.000000 54.000000 0.09748300000000000021
331 49.000000 40.000000 0.10307900000000000396
332 60.000000 48.000000 0.07670780000000000654
333 54.000000 45.000000 0.07057629999999999459
334 35.000000 29.000000 0.09301560000000000383
335 46.000000 39.000000 0.10961160000000000347
336 55.000000 46.000000 0.09738779999999999659
337 51.000000 41.000000 0.14746429999999999261
338 72.000000 61.000000 0.09607469999999999899
339 43.000000 40.000000 0.10193230000000000346
340 53.000000 43.000000 0.08234400000000000053
341 50.000000 38.000000 0.16536760000000000348
342 46.000000 37.000000 0.12797569999999999779
343 36.000000 35.000000 0.09594590000000000063
344 62.000000 51.000000 0.06373610000000000386
345 43.000000 34.000000 0.09755310000000000370
346 40.000000 36.000000 0.11976040000000000296
347 49.000000 43.000000 0.10077450000000000296
348 52.000000 40.000000 0.06244439999999999713
349 58.000000 50.000000 0.07992459999999999842
350 29.000000 27.000000 0.12878169999999999895
351 40.000000 35.000000 0.11573640000000000316
352 51.000000 40.000000 0.09618089999999999973
353 69.000000 51.000000 0.06724149999999999572
354 42.000000 37.000000 0.10146189999999999376
355 70.000000 51.000000 0.08745329999999999770
356 50.000000 42.000000 0.10386230000000000462
357 57.000000 45.000000 0.15175890000000000213
358 68.000000 57.000000 0.04607279999999999709
359 59.000000 48.000000 0.08653710000000000568
360 39.000000 34.000000 0.08276260000000000561
361 39.000000 35.000000 0.07589070000000000538
362 44.000000 38.000000 0.07494580000000000686
363 48.000000 43.000000 0.13576130000000000142
364 64.000000 52.000000 0.07818849999999999412
365 41.000000 34.000000 0.10318090000000000594
366 60.000000 46.000000 0.09847110000000000585
367 52.000000 46.000000 0.06971230000000000482
368 39.000000 39.000000 0.09172279999999999323
369 55.000000 47.000000 0.06571970000000000589
370 49.000000 43.000000 0.06378649999999999598
371 35.000000 30.000000 0.10231679999999999942
372 57.000000 47.000000 0.06914649999999999963
373 62.000000 55.000000 0.06070090000000000208
374 42.000000 38.000000 0.08979789999999999994
375 56.000000 46.000000 0.05870890000000000136
376 46.000000 39.000000 0.06724070000000000047
377 52.000000 40.000000 0.08026030000000000664
378 56.000000 50.000000 0.06739630000000000620
379 53.000000 42.000000 0.09447990000000000554
380 66.000000 54.000000 0.04875990000000000185
381 37.000000 30.000000 0.09746660000000000046
382 40.000000 33.000000 0.07545229999999999992
383 46.000000 38.000000 0.07371450000000000224
384 65.000000 55.000000 0.07014779999999999627
385 50.000000 44.000000 0.06424489999999999368
386 47.000000 35.000000 0.09198560000000000070
387 67.000000 55.000000 0.06462350000000000039
388 58.000000 52.000000 0.05245840000000000225
389 54.000000 44.000000 0.08471860000000000501
390 25.000000 22.000000 0.07391799999999999760
391 27.000000 25.000000 0.06565870000000000040
392 60.000000 49.000000 0.13246830000000001104
393 60.000000 52.000000 0.09734310000000000185
394 61.000000 50.000000 0.04798199999999999688
395 54.000000 39.000000 0.04937160000000000160
396 45.000000 36.000000 0.07262910000000000199
397 43.000000 38.000000 0.05990050000000000235
398 59.000000 49.000000 0.06081779999999999825
399 56.000000 44.000000 0.08046169999999999711
400 42.000000 38.000000 0.08071069999999999633
401 76.000000 59.000000 0.04018270000000000175
402 57.000000 44.000000 0.07211159999999999792
403 40.000000 37.000000 0.07019019999999999426
404 62.000000 50.000000 0.07102329999999999754
405 91.000000 74.000000 0.09632340000000000346
406 49.000000 39.000000 0.09684700000000000253
407 63.000000 50.000000 0.06541840000000000155
408 23.000000 20.000000 0.07099350000000000105
409 46.000000 37.000000 0.08124520000000000353
410 45.000000 37.000000 0.09956450000000000022
411 49.000000 37.000000 0.06618630000000000346
412 36.000000 33.000000 0.07330780000000000629
413 38.000000 36.000000 0.07451489999999999503
414 45.000000 36.000000 0.07674459999999999615
415 69.000000 59.000000 0.07227799999999999503
416 45.000000 36.000000 0.11335770000000000568
417 39.000000 34.000000 0.08120479999999999365
418 57.000000 45.000000 0.08302020000000000233
419 39.000000 34.000000 0.06441790000000000016
420 55.000000 47.000000 0.08814529999999999588
