1 12.000000 11.000000 0.16049389999999999490
2 19.000000 16.000000 0.14025819999999999954
3 14.000000 12.000000 0.07651410000000000156
4 19.000000 17.000000 0.05020249999999999713
5 13.000000 11.000000 0.07442029999999999479
6 13.000000 13.000000 0.03301869999999999805
7 8.000000 8.000000 0.02331420000000000020
8 16.000000 13.000000 0.04633890000000000231
9 17.000000 16.000000 0.05573089999999999988
10 11.000000 11.000000 0.06861449999999999494
11 12.000000 11.000000 0.08279480000000000173
12 19.000000 17.000000 0.07567169999999999452
13 21.000000 16.000000 0.03026459999999999914
14 18.000000 16.000000 0.09065170000000000172
15 14.000000 12.000000 0.10603600000000000525
16 12.000000 11.000000 0.11640499999999999459
17 15.000000 12.000000 0.10717260000000000675
18 12.000000 11.000000 0.03638820000000000249
19 12.000000 11.000000 0.09608590000000000186
20 15.000000 13.000000 0.05765590000000000298
21 14.000000 13.000000 0.05944409999999999972
22 20.000000 16.000000 0.02183080000000000090
23 11.000000 10.000000 0.02131730000000000083
24 11.000000 10.000000 0.02204019999999999938
25 10.000000 10.000000 0.02179139999999999897
26 11.000000 11.000000 0.02177060000000000106
27 13.000000 12.000000 0.04410209999999999825
28 12.000000 12.000000 0.02269120000000000165
29 13.000000 12.000000 0.03922579999999999817
30 13.000000 11.000000 0.02570489999999999928
31 24.000000 18.000000 0.04667099999999999721
32 12.000000 10.000000 0.02940289999999999918
33 15.000000 12.000000 0.03408619999999999706
34 15.000000 12.000000 0.01940810000000000105
35 16.000000 14.000000 0.02523840000000000111
36 22.000000 15.000000 0.02852100000000000121
37 9.000000 9.000000 0.04779259999999999758
38 14.000000 12.000000 0.02002810000000000007
39 19.000000 17.000000 0.07388999999999999735
40 16.000000 14.000000 0.09422469999999999457
41 14.000000 12.000000 0.10618650000000000311
42 12.000000 11.000000 0.01965690000000000145
43 16.000000 14.000000 0.02024139999999999967
44 17.000000 14.000000 0.08595319999999999350
45 16.000000 12.000000 0.08797080000000000177
46 16.000000 16.000000 0.07622049999999999659
47 13.000000 12.000000 0.11436100000000000432
48 12.000000 11.000000 0.02307599999999999929
49 15.000000 15.000000 0.02086879999999999985
50 12.000000 12.000000 0.11380389999999999950
51 13.000000 11.000000 0.08992749999999999355
52 18.000000 13.000000 0.02049919999999999867
53 11.000000 11.000000 0.03733100000000000307
54 15.000000 12.000000 0.05572869999999999907
55 10.000000 10.000000 0.08929159999999999875
56 17.000000 14.000000 0.11640720000000000234
57 13.000000 11.000000 0.12967480000000000673
58 9.000000 9.000000 0.03756400000000000017
59 16.000000 14.000000 0.02121280000000000041
60 17.000000 13.000000 0.13122610000000001218
61 13.000000 12.000000 0.13396949999999999137
62 15.000000 15.000000 0.12377290000000000514
63 18.000000 15.000000 0.04134759999999999824
64 18.000000 15.000000 0.01957419999999999993
65 12.000000 10.000000 0.12218460000000000432
66 12.000000 12.000000 0.12524199999999999222
67 18.000000 14.000000 0.11049370000000000025
68 12.000000 12.000000 0.02115620000000000001
69 18.000000 15.000000 0.09730519999999999448
70 16.000000 13.000000 0.12261900000000000577
71 18.000000 16.000000 0.09472559999999999314
72 11.000000 11.000000 0.02292869999999999978
73 15.000000 13.000000 0.02142679999999999932
74 16.000000 12.000000 0.11655179999999999707
75 21.000000 16.000000 0.08505519999999999747
76 12.000000 11.000000 0.02256309999999999913
77 9.000000 9.000000 0.02052350000000000008
78 13.000000 12.000000 0.03870900000000000035
79 14.000000 12.000000 0.02839360000000000148
80 20.000000 16.000000 0.02947839999999999835
81 19.000000 17.000000 0.01922180000000000069
82 12.000000 12.000000 0.02369289999999999938
83 14.000000 12.000000 0.03825400000000000328
84 12.000000 11.000000 0.02673100000000000129
85 16.000000 13.000000 0.02197390000000000107
86 13.000000 12.000000 0.02146640000000000006
87 17.000000 15.000000 0.03204869999999999941
88 8.000000 8.000000 0.03428199999999999997
89 16.000000 13.000000 0.03686260000000000231
90 12.000000 11.000000 0.02043199999999999877
91 11.000000 10.000000 0.03124949999999999950
92 17.000000 15.000000 0.03251079999999999942
93 19.000000 16.000000 0.02438869999999999927
94 16.000000 14.000000 0.02135110000000000133
95 17.000000 13.000000 0.02039470000000000172
96 19.000000 17.000000 0.02255120000000000041
97 16.000000 13.000000 0.03688609999999999806
98 13.000000 12.000000 0.02515830000000000150
99 16.000000 14.000000 0.02102489999999999915
100 13.000000 12.000000 0.02519300000000000012
101 17.000000 15.000000 0.02214189999999999908
102 13.000000 12.000000 0.02276109999999999939
103 11.000000 11.000000 0.02192169999999999883
104 14.000000 13.000000 0.02259670000000000081
105 13.000000 13.000000 0.01966009999999999980
106 16.000000 13.000000 0.01997490000000000029
107 13.000000 12.000000 0.02639270000000000158
108 19.000000 17.000000 0.09504340000000000011
109 16.000000 15.000000 0.07860029999999999795
110 14.000000 12.000000 0.02277119999999999839
111 11.000000 10.000000 0.03991019999999999984
112 17.000000 16.000000 0.09715980000000000449
113 25.000000 20.000000 0.10244739999999999402
114 18.000000 14.000000 0.08859100000000000308
115 10.000000 10.000000 0.02182349999999999915
116 11.000000 10.000000 0.10401689999999999547
117 12.000000 12.000000 0.09884210000000000218
118 13.000000 12.000000 0.08760669999999999569
119 17.000000 15.000000 0.02336090000000000041
120 17.000000 15.000000 0.10202200000000000157
121 17.000000 15.000000 0.09412470000000000558
122 15.000000 14.000000 0.02133840000000000042
123 22.000000 16.000000 0.03767960000000000059
124 10.000000 10.000000 0.02821130000000000165
125 22.000000 18.000000 0.11600979999999999626
126 20.000000 16.000000 0.02069560000000000149
127 15.000000 12.000000 0.02184830000000000105
128 20.000000 14.000000 0.10606340000000000212
129 9.000000 9.000000 0.12521409999999999485
130 15.000000 14.000000 0.02332709999999999992
131 17.000000 14.000000 0.02111820000000000017
132 12.000000 11.000000 0.02960739999999999900
133 12.000000 11.000000 0.01932050000000000087
134 22.000000 17.000000 0.11962910000000000210
135 18.000000 13.000000 0.12339880000000000293
136 14.000000 11.000000 0.02085779999999999926
137 17.000000 14.000000 0.10935060000000000613
138 14.000000 11.000000 0.09495339999999999336
139 15.000000 14.000000 0.04204809999999999798
140 24.000000 18.000000 0.01990770000000000040
141 14.000000 13.000000 0.09821030000000000038
142 13.000000 11.000000 0.09977700000000000458
143 13.000000 12.000000 0.02034650000000000000
144 10.000000 10.000000 0.02057700000000000154
145 13.000000 12.000000 0.02477690000000000101
146 14.000000 14.000000 0.08331439999999999679
147 13.000000 12.000000 0.02069029999999999828
148 10.000000 10.000000 0.08432069999999999843
149 17.000000 15.000000 0.02292769999999999878
150 13.000000 12.000000 0.02179510000000000128
151 20.000000 17.000000 0.02073969999999999980
152 8.000000 8.000000 0.02252670000000000020
153 19.000000 17.000000 0.09655080000000000606
154 13.000000 13.000000 0.10959019999999999873
155 18.000000 15.000000 0.01991870000000000099
156 16.000000 16.000000 0.09790530000000000066
157 13.000000 11.000000 0.10705960000000000476
158 15.000000 13.000000 0.11857120000000000160
159 12.000000 12.000000 0.11025369999999999615
160 13.000000 13.000000 0.11163620000000000487
161 13.000000 12.000000 0.08969720000000000470
162 11.000000 11.000000 0.02047500000000000014
163 12.000000 11.000000 0.08079830000000000345
164 16.000000 12.000000 0.02016949999999999993
165 17.000000 15.000000 0.02030320000000000041
166 16.000000 14.000000 0.02357259999999999911
167 12.000000 11.000000 0.09835170000000000023
168 16.000000 14.000000 0.02005409999999999832
169 26.000000 19.000000 0.08117470000000000241
170 11.000000 10.000000 0.01956770000000000037
171 17.000000 15.000000 0.02049120000000000108
172 18.000000 15.000000 0.02029009999999999841
173 9.000000 9.000000 0.02220590000000000064
174 17.000000 15.000000 0.02882200000000000040
175 19.000000 15.000000 0.06663879999999999804
176 14.000000 12.000000 0.01843689999999999912
177 11.000000 11.000000 0.02469439999999999830
178 12.000000 12.000000 0.02087879999999999944
179 13.000000 13.000000 0.03772480000000000278
180 11.000000 11.000000 0.02042160000000000156
181 12.000000 12.000000 0.02397140000000000035
182 11.000000 11.000000 0.02268910000000000024
183 16.000000 15.000000 0.01900949999999999862
184 16.000000 13.000000 0.02105289999999999939
185 13.000000 11.000000 0.01941400000000000070
186 16.000000 14.000000 0.02055349999999999885
187 18.000000 15.000000 0.02062299999999999897
188 10.000000 10.000000 0.02341769999999999963
189 9.000000 9.000000 0.02056120000000000170
190 11.000000 10.000000 0.02160139999999999977
191 14.000000 12.000000 0.02855560000000000043
192 12.000000 11.000000 0.02236619999999999928
193 12.000000 11.000000 0.02333850000000000161
194 14.000000 13.000000 0.02310090000000000060
195 13.000000 12.000000 0.02028349999999999945
196 21.000000 18.000000 0.01973429999999999976
197 17.000000 15.000000 0.02194629999999999845
198 10.000000 10.000000 0.02212659999999999974
199 11.000000 10.000000 0.08095059999999999756
200 14.000000 13.000000 0.09684729999999999728
201 14.000000 13.000000 0.02130330000000000071
202 14.000000 14.000000 0.03576870000000000049
203 15.000000 13.000000 0.09307089999999999808
204 15.000000 12.000000 0.01905130000000000018
205 19.000000 15.000000 0.02019810000000000008
206 17.000000 17.000000 0.01946650000000000116
207 16.000000 14.000000 0.04001899999999999902
208 14.000000 13.000000 0.02801580000000000042
209 11.000000 11.000000 0.02042920000000000152
210 15.000000 13.000000 0.02078400000000000039
211 13.000000 12.000000 0.09273339999999999361
212 14.000000 12.000000 0.01878919999999999896
213 14.000000 14.000000 0.08656729999999999980
214 22.000000 18.000000 0.02060829999999999954
215 16.000000 14.000000 0.02025170000000000095
216 13.000000 11.000000 0.02440749999999999864
217 11.000000 11.000000 0.01952119999999999897
218 17.000000 13.000000 0.02020989999999999939
219 15.000000 11.000000 0.10579059999999999853
220 14.000000 12.000000 0.01896460000000000160
221 10.000000 10.000000 0.02090969999999999981
222 18.000000 15.000000 0.01972760000000000138
223 17.000000 15.000000 0.02056289999999999854
224 14.000000 13.000000 0.01984030000000000168
225 12.000000 12.000000 0.02322300000000000059
226 14.000000 13.000000 0.02109180000000000083
227 20.000000 15.000000 0.02071570000000000009
228 14.000000 12.000000 0.02030619999999999994
229 13.000000 12.000000 0.02150770000000000112
230 22.000000 16.000000 0.01965650000000000036
231 16.000000 15.000000 0.01949400000000000091
232 25.000000 19.000000 0.01798150000000000096
233 10.000000 10.000000 0.02187009999999999996
234 18.000000 14.000000 0.02174610000000000085
235 18.000000 16.000000 0.02229180000000000050
236 16.000000 14.000000 0.02142760000000000151
237 23.000000 20.000000 0.02075460000000000152
238 14.000000 11.000000 0.02053779999999999842
239 16.000000 13.000000 0.02075890000000000027
240 15.000000 14.000000 0.01981530000000000097
241 15.000000 15.000000 0.01870820000000000122
242 11.000000 10.000000 0.02001189999999999913
243 20.000000 17.000000 0.02125449999999999909
244 14.000000 12.000000 0.01936600000000000127
245 11.000000 11.000000 0.03412169999999999787
246 10.000000 10.000000 0.02329029999999999989
247 16.000000 15.000000 0.06026929999999999787
248 18.000000 14.000000 0.01989919999999999883
249 10.000000 10.000000 0.02140239999999999851
250 12.000000 12.000000 0.01858970000000000067
251 15.000000 14.000000 0.02264419999999999975
252 20.000000 18.000000 0.02056919999999999929
253 15.000000 14.000000 0.02440809999999999855
254 14.000000 12.000000 0.02125979999999999884
255 12.000000 9.000000 0.01977579999999999963
256 15.000000 14.000000 0.02521810000000000024
257 11.000000 11.000000 0.02303799999999999945
258 19.000000 15.000000 0.02031950000000000076
259 16.000000 14.000000 0.02348170000000000118
260 14.000000 13.000000 0.01983549999999999897
261 17.000000 13.000000 0.02362260000000000054
262 11.000000 10.000000 0.04712550000000000072
263 15.000000 12.000000 0.02378519999999999940
264 10.000000 9.000000 0.02306240000000000026
265 21.000000 17.000000 0.02086709999999999954
266 20.000000 16.000000 0.02126139999999999974
267 8.000000 8.000000 0.02243670000000000039
268 18.000000 16.000000 0.02530019999999999838
269 15.000000 15.000000 0.01989439999999999958
270 14.000000 12.000000 0.02089500000000000038
271 17.000000 13.000000 0.02325609999999999830
272 18.000000 14.000000 0.02017800000000000149
273 16.000000 14.000000 0.02252720000000000070
274 20.000000 19.000000 0.02348280000000000159
275 16.000000 14.000000 0.04442170000000000146
276 14.000000 13.000000 0.02091700000000000156
277 14.000000 14.000000 0.02280130000000000004
278 12.000000 12.000000 0.02297139999999999946
279 8.000000 8.000000 0.01901620000000000046
280 12.000000 12.000000 0.01942270000000000107
281 14.000000 14.000000 0.01865589999999999957
282 16.000000 16.000000 0.01965969999999999870
283 22.000000 17.000000 0.02087620000000000101
284 11.000000 11.000000 0.02052189999999999917
285 11.000000 10.000000 0.02097519999999999940
286 14.000000 13.000000 0.02110599999999999976
287 16.000000 15.000000 0.02051319999999999880
288 20.000000 17.000000 0.02057859999999999898
289 14.000000 13.000000 0.07096639999999999893
290 12.000000 11.000000 0.02035299999999999956
291 14.000000 14.000000 0.02140099999999999988
292 12.000000 12.000000 0.01958870000000000056
293 14.000000 11.000000 0.01941669999999999854
294 19.000000 17.000000 0.02122759999999999925
295 15.000000 12.000000 0.02391110000000000110
296 16.000000 12.000000 0.02039049999999999890
297 10.000000 9.000000 0.02059829999999999994
298 16.000000 14.000000 0.02240009999999999918
299 15.000000 14.000000 0.02157799999999999996
300 15.000000 13.000000 0.02571729999999999849
301 16.000000 12.000000 0.02089140000000000094
302 18.000000 15.000000 0.02075710000000000055
303 19.000000 15.000000 0.02125849999999999962
304 19.000000 16.000000 0.02548790000000000083
305 16.000000 13.000000 0.02018560000000000146
306 14.000000 12.000000 0.03899659999999999932
307 13.000000 13.000000 0.02074929999999999830
308 19.000000 14.000000 0.02051930000000000073
309 12.000000 12.000000 0.01849790000000000115
310 10.000000 10.000000 0.01809989999999999863
311 16.000000 15.000000 0.01814500000000000141
312 10.000000 10.000000 0.01731859999999999997
313 15.000000 13.000000 0.01799540000000000167
314 18.000000 14.000000 0.01883939999999999920
315 17.000000 15.000000 0.01991470000000000046
316 13.000000 13.000000 0.01958529999999999993
317 18.000000 13.000000 0.01924959999999999866
318 21.000000 17.000000 0.01984850000000000156
319 16.000000 15.000000 0.02183589999999999837
320 16.000000 14.000000 0.01941450000000000120
321 12.000000 12.000000 0.01957669999999999896
322 14.000000 14.000000 0.01916230000000000017
323 17.000000 16.000000 0.01543300000000000054
324 19.000000 19.000000 0.02220420000000000033
325 16.000000 15.000000 0.02258179999999999910
326 14.000000 12.000000 0.02553750000000000117
327 18.000000 14.000000 0.02191380000000000064
328 18.000000 14.000000 0.02051909999999999845
329 23.000000 18.000000 0.02054380000000000095
330 11.000000 11.000000 0.02151420000000000068
331 20.000000 17.000000 0.01884160000000000001
332 14.000000 14.000000 0.02185370000000000021
333 11.000000 10.000000 0.01902689999999999937
334 15.000000 13.000000 0.02095469999999999972
335 16.000000 15.000000 0.02045299999999999896
336 19.000000 15.000000 0.01864649999999999988
337 8.000000 8.000000 0.01725760000000000141
338 21.000000 17.000000 0.03095660000000000078
339 16.000000 14.000000 0.02081790000000000029
340 12.000000 12.000000 0.02055919999999999970
341 13.000000 11.000000 0.02039180000000000159
342 16.000000 14.000000 0.02444380000000000164
343 22.000000 17.000000 0.02295670000000000002
344 11.000000 10.000000 0.02493070000000000008
345 18.000000 16.000000 0.01824740000000000043
346 13.000000 11.000000 0.02095640000000000003
347 17.000000 14.000000 0.01713390000000000052
348 15.000000 13.000000 0.01780469999999999969
349 13.000000 12.000000 0.01581310000000000007
350 17.000000 14.000000 0.01684619999999999868
351 15.000000 13.000000 0.02286109999999999878
352 19.000000 15.000000 0.01710990000000000080
353 18.000000 14.000000 0.01922019999999999978
354 17.000000 17.000000 0.01352779999999999955
355 17.000000 14.000000 0.01946370000000000045
356 20.000000 20.000000 0.02100499999999999937
357 11.000000 10.000000 0.01843909999999999993
358 15.000000 14.000000 0.01658739999999999867
359 19.000000 17.000000 0.01300989999999999959
360 18.000000 13.000000 0.01678659999999999874
361 10.000000 9.000000 0.01555460000000000002
362 18.000000 14.000000 0.01507039999999999942
363 12.000000 12.000000 0.01853449999999999889
364 10.000000 9.000000 0.01438129999999999964
365 13.000000 11.000000 0.01713709999999999886
366 12.000000 10.000000 0.01799540000000000167
367 16.000000 13.000000 0.01531339999999999958
368 12.000000 12.000000 0.01541250000000000085
369 15.000000 14.000000 0.01715890000000000123
370 17.000000 14.000000 0.01282140000000000016
371 16.000000 15.000000 0.01604830000000000145
372 11.000000 11.000000 0.01724969999999999976
373 21.000000 16.000000 0.01718700000000000089
374 12.000000 12.000000 0.01834289999999999879
375 11.000000 11.000000 0.02106310000000000127
376 14.000000 11.000000 0.01958410000000000012
377 15.000000 14.000000 0.01648200000000000012
378 10.000000 9.000000 0.01730009999999999881
379 14.000000 13.000000 0.01745270000000000155
380 14.000000 13.000000 0.01261010000000000082
381 15.000000 12.000000 0.01271519999999999942
382 9.000000 9.000000 0.01515440000000000016
383 12.000000 11.000000 0.01586090000000000069
384 13.000000 12.000000 0.01436489999999999989
385 13.000000 13.000000 0.01731780000000000125
386 18.000000 14.000000 0.01507760000000000003
387 17.000000 16.000000 0.01535210000000000047
388 18.000000 15.000000 0.01625650000000000012
389 16.000000 13.000000 0.01326850000000000078
390 12.000000 11.000000 0.02093460000000000112
391 15.000000 15.000000 0.02034369999999999928
392 19.000000 15.000000 0.01748069999999999832
393 21.000000 18.000000 0.01782929999999999932
394 17.000000 14.000000 0.01875960000000000127
395 15.000000 13.000000 0.01630559999999999996
396 15.000000 13.000000 0.01840769999999999906
397 13.000000 13.000000 0.01854980000000000170
398 16.000000 14.000000 0.01903610000000000024
399 15.000000 13.000000 0.01766279999999999933
400 12.000000 12.000000 0.01842509999999999981
401 16.000000 13.000000 0.01839899999999999869
402 19.000000 16.000000 0.01651489999999999903
403 20.000000 16.000000 0.01905170000000000127
404 23.000000 20.000000 0.02039120000000000169
405 23.000000 20.000000 0.01891529999999999948
406 14.000000 12.000000 0.01892030000000000101
407 12.000000 11.000000 0.01915410000000000029
408 15.000000 14.000000 0.02170019999999999935
409 19.000000 15.000000 0.01979819999999999844
410 14.000000 12.000000 0.01974230000000000082
411 16.000000 14.000000 0.01983880000000000018
412 12.000000 11.000000 0.01865249999999999894
413 11.000000 10.000000 0.02100950000000000040
414 13.000000 12.000000 0.02347559999999999925
415 16.000000 16.000000 0.01917320000000000135
416 16.000000 14.000000 0.01689210000000000017
417 10.000000 10.000000 0.01864189999999999944
418 15.000000 11.000000 0.01711079999999999893
419 16.000000 14.000000 0.01724840000000000054
420 14.000000 12.000000 0.02061100000000000085
