1 51.000000 45.000000 0.31914639999999999675
2 65.000000 58.000000 0.17809739999999998905
3 73.000000 55.000000 0.11938169999999999338
4 78.000000 58.000000 0.14546990000000001308
5 52.000000 43.000000 0.16167329999999999202
6 43.000000 33.000000 0.15793609999999999594
7 46.000000 36.000000 0.18774609999999999910
8 68.000000 59.000000 0.14896970000000001044
9 46.000000 39.000000 0.10671869999999999967
10 74.000000 58.000000 0.09275229999999999586
11 84.000000 71.000000 0.15253620000000001067
12 58.000000 45.000000 0.11218540000000000456
13 59.000000 46.000000 0.17008729999999999682
14 71.000000 55.000000 0.10928490000000000426
15 40.000000 36.000000 0.20210600000000000787
16 57.000000 48.000000 0.11395470000000000599
17 60.000000 46.000000 0.13321479999999999433
18 53.000000 46.000000 0.25101079999999997838
19 79.000000 67.000000 0.15680579999999999519
20 53.000000 42.000000 0.08658200000000000618
21 36.000000 27.000000 0.20283290000000001041
22 48.000000 37.000000 0.24139299999999999646
23 51.000000 45.000000 0.39774460000000000370
24 21.000000 20.000000 0.35830349999999999699
25 47.000000 38.000000 0.24216029999999999500
26 42.000000 38.000000 0.12798090000000000854
27 51.000000 41.000000 0.14927650000000000641
28 56.000000 51.000000 0.18174339999999999939
29 51.000000 37.000000 0.19976440000000000863
30 63.000000 56.000000 0.10021019999999999928
31 72.000000 55.000000 0.18388050000000000228
32 53.000000 44.000000 0.16040879999999999028
33 35.000000 33.000000 0.10800170000000000603
34 49.000000 44.000000 0.13257510000000000128
35 52.000000 44.000000 0.19909419999999999895
36 57.000000 42.000000 0.19370999999999999330
37 79.000000 62.000000 0.11333749999999999380
38 69.000000 49.000000 0.16016079999999999206
39 66.000000 53.000000 0.16890610000000000346
40 65.000000 49.000000 0.13748820000000000485
41 65.000000 49.000000 0.13008959999999999968
42 63.000000 49.000000 0.14839600000000000013
43 61.000000 50.000000 0.16705100000000000504
44 91.000000 72.000000 0.07571790000000000465
45 34.000000 28.000000 0.19383690000000000642
46 60.000000 47.000000 0.17001420000000000421
47 41.000000 37.000000 0.15181510000000000837
48 73.000000 58.000000 0.09013730000000000353
49 54.000000 47.000000 0.26041009999999997770
50 67.000000 52.000000 0.40093550000000000022
51 76.000000 58.000000 0.16861609999999999099
52 89.000000 72.000000 0.13814689999999998915
53 55.000000 47.000000 0.13734180000000001387
54 63.000000 50.000000 0.18687799999999998857
55 74.000000 59.000000 0.18623809999999998976
56 56.000000 45.000000 0.09215280000000000693
57 55.000000 52.000000 0.15757820000000000160
58 52.000000 39.000000 0.18749640000000000750
59 71.000000 51.000000 0.10626879999999999660
60 45.000000 34.000000 0.16878219999999999335
61 30.000000 28.000000 0.11485380000000000589
62 42.000000 38.000000 0.13663949999999999707
63 66.000000 50.000000 0.19522349999999999426
64 45.000000 39.000000 0.10347430000000000516
65 50.000000 42.000000 0.14341010000000001257
66 32.000000 30.000000 0.17016819999999999169
67 68.000000 50.000000 0.07695870000000000488
68 43.000000 37.000000 0.15875090000000000034
69 31.000000 29.000000 0.14519999999999999574
70 51.000000 40.000000 0.27510380000000000944
71 43.000000 38.000000 0.15165190000000000614
72 57.000000 45.000000 0.11767900000000000582
73 50.000000 39.000000 0.15102389999999998871
74 62.000000 56.000000 0.15369510000000000116
75 62.000000 48.000000 0.15590919999999999779
76 73.000000 64.000000 0.08939759999999999374
77 63.000000 48.000000 0.12972410000000000885
78 69.000000 57.000000 0.12930949999999999389
79 38.000000 33.000000 0.29518610000000000682
80 53.000000 45.000000 0.19316040000000000987
81 67.000000 51.000000 0.16778209999999998958
82 67.000000 54.000000 0.24385970000000001257
83 63.000000 53.000000 0.09580460000000000365
84 87.000000 71.000000 0.17159710000000000241
85 78.000000 59.000000 0.10605150000000000687
86 78.000000 63.000000 0.09802529999999999577
87 52.000000 42.000000 0.19713410000000000655
88 63.000000 53.000000 0.21970400000000001040
89 41.000000 35.000000 0.26435700000000000864
90 59.000000 46.000000 0.13576409999999999867
91 64.000000 48.000000 0.11159249999999999725
92 60.000000 45.000000 0.15525430000000001174
93 40.000000 32.000000 0.28429240000000000066
94 42.000000 37.000000 0.15870699999999998697
95 51.000000 46.000000 0.21616040000000000254
96 62.000000 52.000000 0.12693940000000000778
97 48.000000 43.000000 0.18992259999999999698
98 54.000000 46.000000 0.14649629999999999597
99 34.000000 30.000000 0.15756839999999999735
100 51.000000 42.000000 0.15081490000000000173
101 78.000000 62.000000 0.10248229999999999840
102 34.000000 28.000000 0.20373189999999999356
103 53.000000 43.000000 0.19417809999999999238
104 50.000000 39.000000 0.21017939999999998846
105 79.000000 63.000000 0.09105689999999999618
106 48.000000 38.000000 0.14513550000000000062
107 53.000000 45.000000 0.15346899999999999431
108 39.000000 31.000000 0.20775230000000000086
109 49.000000 41.000000 0.30099769999999997916
110 64.000000 52.000000 0.12926529999999999965
111 68.000000 52.000000 0.22931979999999999031
112 45.000000 33.000000 0.14716250000000000164
113 66.000000 58.000000 0.14524940000000000073
114 63.000000 47.000000 0.09686740000000000628
115 64.000000 52.000000 0.23637150000000001215
116 44.000000 38.000000 0.25726389999999998981
117 43.000000 38.000000 0.16950729999999999964
118 79.000000 63.000000 0.10039670000000000538
119 61.000000 51.000000 0.14714530000000000665
120 54.000000 44.000000 0.13587499999999999578
121 111.000000 76.000000 0.09272809999999999386
122 60.000000 46.000000 0.13145809999999999440
123 76.000000 60.000000 0.15420420000000001348
124 50.000000 43.000000 0.13901189999999999380
125 60.000000 50.000000 0.17922029999999999905
126 65.000000 54.000000 0.07171049999999999647
127 39.000000 32.000000 0.20488480000000000580
128 72.000000 59.000000 0.13345589999999998843
129 53.000000 43.000000 0.20290440000000001253
130 73.000000 58.000000 0.13568589999999999818
131 46.000000 36.000000 0.18645300000000000762
132 67.000000 53.000000 0.20877809999999999424
133 60.000000 49.000000 0.23357539999999998859
134 64.000000 54.000000 0.15085650000000000448
135 59.000000 52.000000 0.14918919999999999404
136 64.000000 50.000000 0.12801290000000001279
137 65.000000 54.000000 0.14815039999999998765
138 52.000000 44.000000 0.12648470000000000546
139 37.000000 31.000000 0.17216850000000000209
140 47.000000 37.000000 0.14461089999999998668
141 57.000000 44.000000 0.15847849999999999437
142 38.000000 33.000000 0.15075830000000001174
143 57.000000 45.000000 0.16251660000000001105
144 75.000000 64.000000 0.13523279999999998635
145 83.000000 61.000000 0.12165449999999999875
146 56.000000 45.000000 0.16190180000000001237
147 56.000000 49.000000 0.19665699999999999847
148 57.000000 53.000000 0.15600020000000000553
149 47.000000 37.000000 0.23457500000000000573
150 57.000000 47.000000 0.11630400000000000460
151 78.000000 63.000000 0.16165340000000000265
152 63.000000 48.000000 0.11298239999999999672
153 80.000000 71.000000 0.12832789999999999475
154 56.000000 45.000000 0.15068639999999999812
155 47.000000 40.000000 0.24104269999999999863
156 65.000000 50.000000 0.17524370000000000225
157 45.000000 35.000000 0.18941820000000000879
158 57.000000 51.000000 0.15520210000000000949
159 60.000000 53.000000 0.12937840000000000451
160 67.000000 53.000000 0.17405629999999999713
161 52.000000 47.000000 0.10102909999999999668
162 54.000000 44.000000 0.11310180000000000233
163 47.000000 39.000000 0.15354760000000000630
164 80.000000 60.000000 0.08750620000000000620
165 83.000000 65.000000 0.13009490000000001331
166 60.000000 48.000000 0.09222579999999999667
167 48.000000 40.000000 0.14904020000000001156
168 61.000000 43.000000 0.06186139999999999695
169 59.000000 52.000000 0.12993830000000000657
170 66.000000 50.000000 0.12099740000000000495
171 79.000000 62.000000 0.08767840000000000356
172 38.000000 34.000000 0.13488220000000000764
173 55.000000 47.000000 0.09929409999999999625
174 53.000000 51.000000 0.13407600000000000073
175 43.000000 36.000000 0.18093960000000000599
176 74.000000 62.000000 0.12669310000000000294
177 67.000000 56.000000 0.09183560000000000334
178 79.000000 60.000000 0.13154779999999999252
179 51.000000 45.000000 0.14715039999999998677
180 44.000000 37.000000 0.13997490000000001320
181 56.000000 51.000000 0.09454379999999999729
182 80.000000 62.000000 0.09167699999999999461
183 53.000000 44.000000 0.14714409999999999989
184 53.000000 47.000000 0.10434999999999999831
185 61.000000 45.000000 0.11991259999999999419
186 61.000000 49.000000 0.15311500000000000110
187 30.000000 26.000000 0.12947620000000001350
188 53.000000 41.000000 0.16119820000000001370
189 72.000000 56.000000 0.11906740000000000379
190 54.000000 41.000000 0.15188989999999999436
191 68.000000 56.000000 0.13561049999999999494
192 47.000000 38.000000 0.18832940000000000791
193 82.000000 61.000000 0.11487319999999999476
194 59.000000 47.000000 0.13684319999999999817
195 56.000000 45.000000 0.10141849999999999477
196 51.000000 40.000000 0.15512020000000001363
197 79.000000 59.000000 0.23370260000000001033
198 90.000000 69.000000 0.06729380000000000084
199 44.000000 36.000000 0.14584910000000000929
200 68.000000 60.000000 0.11302800000000000347
201 53.000000 42.000000 0.14200769999999998672
202 57.000000 42.000000 0.14372470000000001078
203 46.000000 39.000000 0.14124890000000001056
204 50.000000 41.000000 0.10658960000000000656
205 58.000000 47.000000 0.11577900000000000691
206 43.000000 39.000000 0.11125790000000000679
207 53.000000 43.000000 0.12133389999999999453
208 54.000000 45.000000 0.10924309999999999576
209 46.000000 39.000000 0.15906310000000001281
210 60.000000 48.000000 0.09996679999999999455
211 49.000000 39.000000 0.08680219999999999603
212 58.000000 42.000000 0.12195219999999999672
213 62.000000 50.000000 0.10748589999999999534
214 60.000000 51.000000 0.12320230000000000070
215 59.000000 49.000000 0.12794440000000001367
216 75.000000 69.000000 0.13642260000000000497
217 51.000000 41.000000 0.16949690000000000589
218 73.000000 59.000000 0.14517589999999999661
219 77.000000 60.000000 0.10026540000000000452
220 51.000000 41.000000 0.14131640000000000867
221 70.000000 55.000000 0.12652979999999999783
222 73.000000 58.000000 0.10854579999999999784
223 85.000000 65.000000 0.10905639999999999779
224 40.000000 33.000000 0.14205929999999999946
225 47.000000 40.000000 0.18455050000000000621
226 104.000000 77.000000 0.08564839999999999953
227 54.000000 44.000000 0.10809209999999999652
228 54.000000 43.000000 0.18575459999999999194
229 49.000000 47.000000 0.12147270000000000290
230 76.000000 55.000000 0.12205920000000000658
231 50.000000 44.000000 0.08380999999999999561
232 18.000000 17.000000 0.21642759999999999776
233 61.000000 51.000000 0.11042420000000000013
234 69.000000 53.000000 0.09675119999999999554
235 55.000000 45.000000 0.15587709999999999066
236 52.000000 42.000000 0.11464230000000000254
237 73.000000 60.000000 0.17719050000000000078
238 55.000000 44.000000 0.10271919999999999662
239 75.000000 57.000000 0.12144109999999999627
240 70.000000 53.000000 0.10602880000000000638
241 48.000000 43.000000 0.14242140000000000355
242 50.000000 38.000000 0.14864559999999998885
243 60.000000 48.000000 0.08690549999999999664
244 43.000000 32.000000 0.19424549999999998762
245 63.000000 47.000000 0.09431219999999999881
246 62.000000 55.000000 0.13833190000000000763
247 40.000000 31.000000 0.13213790000000000258
248 65.000000 49.000000 0.10678010000000000279
249 57.000000 48.000000 0.16100369999999999959
250 59.000000 53.000000 0.12140430000000000665
251 62.000000 54.000000 0.11983009999999999495
252 62.000000 49.000000 0.12888789999999999969
253 56.000000 45.000000 0.08786639999999999728
254 53.000000 47.000000 0.13244420000000001192
255 49.000000 36.000000 0.12376990000000000214
256 51.000000 41.000000 0.14227529999999999344
257 41.000000 37.000000 0.15240429999999999255
258 58.000000 47.000000 0.13832110000000000238
259 57.000000 44.000000 0.10780289999999999317
260 49.000000 39.000000 0.10378469999999999362
261 86.000000 70.000000 0.08921700000000000463
262 54.000000 47.000000 0.13965690000000000048
263 84.000000 73.000000 0.08657689999999999830
264 51.000000 39.000000 0.12215239999999999432
265 90.000000 72.000000 0.10119780000000000442
266 76.000000 64.000000 0.12111689999999999956
267 65.000000 50.000000 0.13457060000000001243
268 49.000000 36.000000 0.13768820000000001058
269 47.000000 39.000000 0.14447050000000000169
270 54.000000 48.000000 0.15205750000000001210
271 69.000000 54.000000 0.10109010000000000218
272 35.000000 31.000000 0.11578950000000000353
273 67.000000 53.000000 0.08281879999999999797
274 44.000000 35.000000 0.10011820000000000441
275 65.000000 49.000000 0.16417029999999999124
276 40.000000 33.000000 0.18208679999999999310
277 65.000000 51.000000 0.10329159999999999731
278 45.000000 35.000000 0.19873109999999999387
279 48.000000 42.000000 0.11721579999999999500
280 43.000000 39.000000 0.12022570000000000479
281 56.000000 49.000000 0.10931670000000000276
282 59.000000 46.000000 0.13164400000000001101
283 66.000000 57.000000 0.09638610000000000233
284 68.000000 52.000000 0.10681549999999999379
285 63.000000 51.000000 0.12112209999999999643
286 61.000000 50.000000 0.11914139999999999453
287 56.000000 48.000000 0.15696389999999998954
288 47.000000 41.000000 0.16730480000000000351
289 57.000000 51.000000 0.17582290000000000418
290 58.000000 50.000000 0.12548509999999998832
291 97.000000 71.000000 0.23676659999999999373
292 52.000000 44.000000 0.17632749999999999813
293 55.000000 44.000000 0.18556570000000000009
294 40.000000 35.000000 0.15420249999999999235
295 53.000000 43.000000 0.16147490000000000454
296 63.000000 50.000000 0.13801640000000001129
297 72.000000 55.000000 0.14862580000000000235
298 42.000000 39.000000 0.18548449999999999660
299 62.000000 49.000000 0.09246989999999999377
300 45.000000 38.000000 0.16491700000000000803
301 84.000000 65.000000 0.08548240000000000005
302 55.000000 47.000000 0.12666910000000000669
303 42.000000 32.000000 0.19091330000000000799
304 53.000000 45.000000 0.15818670000000001341
305 64.000000 52.000000 0.14647460000000001035
306 48.000000 42.000000 0.12101750000000000007
307 48.000000 42.000000 0.10048010000000000275
308 71.000000 55.000000 0.11168699999999999461
309 79.000000 63.000000 0.11273239999999999650
310 55.000000 43.000000 0.13145580000000001153
311 66.000000 56.000000 0.09898999999999999466
312 68.000000 54.000000 0.08753320000000000545
313 77.000000 57.000000 0.15074689999999998924
314 41.000000 35.000000 0.10739859999999999685
315 89.000000 62.000000 0.07947890000000000510
316 48.000000 39.000000 0.15253369999999999429
317 69.000000 52.000000 0.12157060000000000088
318 55.000000 43.000000 0.11491300000000000125
319 53.000000 42.000000 0.12511669999999999736
320 51.000000 44.000000 0.12817799999999998639
321 58.000000 47.000000 0.13073889999999999123
322 61.000000 50.000000 0.13481139999999999790
323 66.000000 57.000000 0.13733680000000000887
324 70.000000 54.000000 0.14776610000000001133
325 72.000000 57.000000 0.21109829999999998873
326 49.000000 43.000000 0.10428400000000000170
327 87.000000 63.000000 0.09396759999999999835
328 47.000000 40.000000 0.14320369999999998933
329 52.000000 44.000000 0.17166349999999999665
330 53.000000 43.000000 0.17174480000000000302
331 44.000000 37.000000 0.09672290000000000054
332 64.000000 56.000000 0.07807010000000000338
333 66.000000 57.000000 0.11757620000000000571
334 69.000000 55.000000 0.11217739999999999656
335 61.000000 50.000000 0.13447719999999999119
336 66.000000 49.000000 0.07838820000000000510
337 39.000000 33.000000 0.11821460000000000301
338 57.000000 50.000000 0.13106529999999999569
339 99.000000 69.000000 0.06847999999999999921
340 46.000000 36.000000 0.14768800000000001371
341 41.000000 34.000000 0.11016600000000000004
342 58.000000 46.000000 0.12461859999999999604
343 55.000000 42.000000 0.09573280000000000678
344 50.000000 42.000000 0.13462370000000001280
345 45.000000 42.000000 0.17478150000000000630
346 73.000000 56.000000 0.29861729999999997442
347 55.000000 43.000000 0.14042250000000000565
348 40.000000 36.000000 0.16276830000000000465
349 40.000000 39.000000 0.10599830000000000363
350 48.000000 39.000000 0.11954259999999999886
351 37.000000 32.000000 0.19330049999999998622
352 54.000000 44.000000 0.10032489999999999464
353 55.000000 49.000000 0.11565960000000000130
354 61.000000 48.000000 0.07229879999999999640
355 60.000000 50.000000 0.08567929999999999990
356 62.000000 49.000000 0.12924260000000001303
357 38.000000 32.000000 0.12141119999999999690
358 48.000000 37.000000 0.11567339999999999567
359 68.000000 52.000000 0.17192350000000000687
360 46.000000 41.000000 0.10536270000000000358
361 55.000000 45.000000 0.10221059999999999868
362 72.000000 60.000000 0.08001890000000000391
363 45.000000 36.000000 0.14381330000000000502
364 32.000000 27.000000 0.14833279999999998688
365 41.000000 33.000000 0.12217820000000000069
366 38.000000 38.000000 0.09990119999999999556
367 58.000000 51.000000 0.07158140000000000336
368 55.000000 48.000000 0.11339109999999999467
369 58.000000 50.000000 0.09863810000000000633
370 61.000000 52.000000 0.10126530000000000253
371 42.000000 37.000000 0.12014610000000000567
372 42.000000 39.000000 0.09346319999999999628
373 73.000000 62.000000 0.13175090000000000412
374 56.000000 48.000000 0.14685680000000000955
375 42.000000 36.000000 0.13126430000000000042
376 53.000000 50.000000 0.10800189999999999790
377 72.000000 59.000000 0.09160200000000000287
378 61.000000 47.000000 0.11887979999999999381
379 63.000000 46.000000 0.15738789999999999725
380 55.000000 44.000000 0.10342250000000000054
381 80.000000 61.000000 0.06999089999999999478
382 83.000000 63.000000 0.07690690000000000026
383 59.000000 45.000000 0.11362680000000000002
384 104.000000 68.000000 0.06445800000000000141
385 52.000000 41.000000 0.10639270000000000671
386 67.000000 53.000000 0.10080200000000000271
387 61.000000 50.000000 0.12380270000000000163
388 60.000000 53.000000 0.09983309999999999407
389 76.000000 61.000000 0.10788509999999999767
390 42.000000 34.000000 0.14986759999999998971
391 52.000000 41.000000 0.09943649999999999711
392 44.000000 40.000000 0.07230330000000000090
393 72.000000 59.000000 0.05566689999999999833
394 50.000000 42.000000 0.09586329999999999851
395 47.000000 40.000000 0.08113080000000000291
396 52.000000 40.000000 0.10774590000000000556
397 75.000000 58.000000 0.10090899999999999870
398 87.000000 68.000000 0.08856809999999999683
399 30.000000 24.000000 0.10316809999999999869
400 18.000000 17.000000 0.14480779999999998653
401 77.000000 62.000000 0.05704120000000000024
402 86.000000 67.000000 0.06623149999999999871
403 78.000000 60.000000 0.08720269999999999411
404 59.000000 50.000000 0.07936110000000000386
405 83.000000 66.000000 0.08992429999999999868
406 48.000000 40.000000 0.11278259999999999674
407 71.000000 57.000000 0.07211529999999999330
408 62.000000 46.000000 0.09708550000000000513
409 80.000000 66.000000 0.07140920000000000600
410 40.000000 33.000000 0.12474090000000000178
411 63.000000 50.000000 0.11833130000000000037
412 38.000000 34.000000 0.12780440000000001244
413 52.000000 37.000000 0.11276509999999999312
414 71.000000 57.000000 0.07729729999999999934
415 63.000000 51.000000 0.07005569999999999853
416 53.000000 45.000000 0.06902030000000000665
417 48.000000 43.000000 0.11429580000000000295
418 62.000000 54.000000 0.09990889999999999493
419 67.000000 52.000000 0.14068020000000000524
420 55.000000 48.000000 0.07876379999999999493
