1 212.000000 173.000000 7.76374209999999997933
2 248.000000 205.000000 8.16568930000000037239
3 246.000000 205.000000 4.14927199999999984925
4 240.000000 193.000000 4.77771309999999971296
5 286.000000 242.000000 2.27931680000000014275
6 302.000000 257.000000 4.82920060000000006539
7 229.000000 191.000000 19.87727440000000100895
8 342.000000 262.000000 11.84935740000000059524
9 337.000000 256.000000 12.24126030000000042719
10 227.000000 203.000000 14.22330840000000051759
11 367.000000 300.000000 24.66706260000000128230
12 226.000000 189.000000 6.98524049999999974148
13 233.000000 188.000000 13.14402660000000011564
14 245.000000 206.000000 9.09738429999999986819
15 188.000000 162.000000 6.86169619999999991222
16 318.000000 266.000000 2.71011669999999993408
17 239.000000 202.000000 7.58786589999999971923
18 305.000000 242.000000 4.22541190000000010940
19 219.000000 178.000000 6.76108629999999966032
20 301.000000 260.000000 6.35645900000000008134
21 184.000000 159.000000 5.54042200000000040205
22 268.000000 220.000000 6.82715720000000025891
23 232.000000 203.000000 21.17521109999999850970
24 162.000000 139.000000 24.48081140000000033297
25 186.000000 149.000000 3.48286819999999996966
26 285.000000 223.000000 2.77893530000000010816
27 251.000000 202.000000 7.19503860000000017294
28 246.000000 215.000000 2.37189670000000019101
29 253.000000 203.000000 21.94131069999999894549
30 165.000000 132.000000 7.78571409999999985985
31 247.000000 213.000000 1.18852209999999991474
32 265.000000 211.000000 8.24892469999999988772
33 167.000000 153.000000 4.66843200000000013716
34 317.000000 262.000000 1.96528320000000000789
35 218.000000 174.000000 5.21649290000000043221
36 278.000000 232.000000 8.11617290000000046746
37 207.000000 165.000000 16.51459150000000164482
38 224.000000 186.000000 10.34626959999999940010
39 432.000000 336.000000 4.68237729999999974240
40 301.000000 256.000000 7.02524160000000019721
41 206.000000 175.000000 3.07428450000000008657
42 263.000000 223.000000 2.38326469999999979166
43 236.000000 181.000000 6.49035519999999976903
44 162.000000 158.000000 4.53409279999999981214
45 246.000000 185.000000 3.57291589999999992244
46 194.000000 173.000000 11.92732840000000038572
47 207.000000 164.000000 3.84966730000000012524
48 232.000000 191.000000 8.16273829999999911422
49 335.000000 271.000000 1.87148129999999990325
50 239.000000 195.000000 2.76767690000000010642
51 190.000000 173.000000 6.36823389999999989186
52 365.000000 300.000000 1.84264160000000010164
53 217.000000 182.000000 4.29481029999999996960
54 264.000000 209.000000 8.90562129999999996244
55 255.000000 205.000000 2.96701829999999988630
56 258.000000 219.000000 15.63890999999999920078
57 351.000000 283.000000 2.35798210000000008080
58 316.000000 259.000000 3.49285580000000006606
59 347.000000 256.000000 4.41461089999999956035
60 216.000000 176.000000 5.35612080000000023716
61 252.000000 215.000000 2.10041939999999982547
62 259.000000 220.000000 2.81642739999999980327
63 180.000000 157.000000 8.94586140000000007433
64 198.000000 172.000000 4.78877250000000032060
65 203.000000 185.000000 6.21305339999999972633
66 316.000000 252.000000 2.34217420000000009495
67 271.000000 226.000000 1.37189230000000006449
68 161.000000 127.000000 11.71129449999999927456
69 229.000000 192.000000 5.19572280000000041866
70 238.000000 194.000000 8.15524390000000032330
71 220.000000 195.000000 3.44732919999999998240
72 213.000000 173.000000 5.28002489999999990999
73 390.000000 295.000000 3.40873220000000021201
74 306.000000 258.000000 5.46598000000000006082
75 221.000000 175.000000 7.50538069999999990500
76 327.000000 247.000000 2.57561719999999994002
77 251.000000 205.000000 28.94598709999999996967
78 217.000000 179.000000 39.54355269999999933361
79 330.000000 260.000000 11.64199769999999922732
80 287.000000 223.000000 9.06454729999999919698
81 322.000000 269.000000 9.38292129999999957590
82 233.000000 195.000000 8.46153619999999939694
83 244.000000 195.000000 9.25181100000000000705
84 176.000000 144.000000 4.91409210000000040708
85 217.000000 175.000000 5.07736500000000035016
86 204.000000 173.000000 3.48346309999999981244
87 241.000000 183.000000 12.31790640000000003340
88 280.000000 226.000000 10.47280370000000004893
89 340.000000 288.000000 1.41858010000000001050
90 248.000000 211.000000 9.41714089999999970360
91 263.000000 213.000000 26.44475389999999848101
92 240.000000 193.000000 7.89780689999999996331
93 212.000000 180.000000 3.63971329999999992921
94 232.000000 193.000000 11.29459360000000067714
95 212.000000 169.000000 18.22482660000000009859
96 235.000000 205.000000 4.39820830000000029258
97 230.000000 190.000000 8.70949339999999949669
98 380.000000 304.000000 9.06806160000000005539
99 147.000000 136.000000 4.24538810000000044198
100 305.000000 247.000000 4.84320139999999987879
101 268.000000 216.000000 29.50907919999999862171
102 320.000000 245.000000 3.07786440000000016681
103 212.000000 173.000000 11.66672690000000045529
104 236.000000 180.000000 9.56025479999999916458
105 230.000000 193.000000 4.52900719999999967769
106 251.000000 203.000000 3.98571369999999980394
107 293.000000 246.000000 3.04401739999999998432
108 256.000000 203.000000 4.52826560000000011286
109 323.000000 264.000000 1.69485029999999992079
110 258.000000 203.000000 8.66640439999999934173
111 266.000000 217.000000 15.81504510000000074399
112 266.000000 215.000000 22.69426079999999856796
113 259.000000 203.000000 1.86540940000000010635
114 176.000000 149.000000 4.75362419999999996634
115 286.000000 226.000000 10.59231209999999911986
116 194.000000 171.000000 7.17668119999999998271
117 232.000000 197.000000 11.02873570000000036373
118 225.000000 174.000000 3.55131769999999979959
119 299.000000 239.000000 4.00485850000000009885
120 156.000000 136.000000 8.16190570000000015227
121 265.000000 202.000000 7.16308919999999993422
122 306.000000 224.000000 3.24069850000000014845
123 244.000000 205.000000 1.98817500000000002558
124 346.000000 271.000000 8.13196229999999964377
125 211.000000 170.000000 13.25075640000000021246
126 239.000000 194.000000 4.34870059999999991618
127 162.000000 139.000000 8.56343659999999928800
128 239.000000 195.000000 9.18449679999999979430
129 261.000000 208.000000 3.47247780000000005884
130 183.000000 163.000000 14.66861560000000075377
131 202.000000 159.000000 6.01406680000000015696
132 201.000000 173.000000 3.75387259999999978177
133 329.000000 272.000000 8.46889069999999932747
134 296.000000 241.000000 2.87232239999999983127
135 271.000000 218.000000 4.61984040000000018011
136 154.000000 132.000000 8.85011259999999921888
137 212.000000 174.000000 3.61396389999999989584
138 193.000000 173.000000 10.38550389999999978841
139 290.000000 232.000000 30.17592640000000159262
140 356.000000 282.000000 1.06156139999999998835
141 284.000000 226.000000 8.88633240000000057535
142 213.000000 185.000000 4.25686959999999992021
143 237.000000 177.000000 20.46953889999999987026
144 257.000000 205.000000 5.46647179999999988098
145 298.000000 243.000000 2.97308690000000019893
146 273.000000 211.000000 27.46881820000000118398
147 259.000000 233.000000 2.52352979999999993410
148 159.000000 142.000000 5.22503459999999986252
149 164.000000 130.000000 12.96326000000000000512
150 190.000000 152.000000 9.30142659999999921183
151 258.000000 208.000000 4.95581630000000039615
152 228.000000 190.000000 4.57766179999999955896
153 256.000000 206.000000 2.12427020000000021938
154 317.000000 254.000000 5.64262759999999996552
155 258.000000 213.000000 5.57873820000000009145
156 336.000000 270.000000 2.64745680000000005450
157 280.000000 225.000000 4.77415479999999980976
158 227.000000 184.000000 7.29707210000000028316
159 255.000000 214.000000 7.50189229999999973586
160 232.000000 191.000000 3.62704709999999996839
161 196.000000 171.000000 11.62225899999999967349
162 385.000000 311.000000 2.29036799999999995947
163 248.000000 207.000000 9.15396540000000058512
164 215.000000 179.000000 2.96190689999999978710
165 259.000000 196.000000 1.50132810000000005424
166 243.000000 194.000000 3.45765289999999980708
167 256.000000 219.000000 3.75534189999999989951
168 311.000000 235.000000 1.96036649999999990079
169 235.000000 191.000000 9.73645770000000077005
170 184.000000 160.000000 11.82503409999999988145
171 289.000000 235.000000 4.68963519999999967069
172 232.000000 196.000000 2.53798779999999979395
173 289.000000 234.000000 3.04327749999999985775
174 198.000000 169.000000 4.72033210000000025275
175 194.000000 164.000000 9.25663849999999932550
176 199.000000 174.000000 5.06015549999999958430
177 327.000000 281.000000 3.58380929999999997548
178 182.000000 163.000000 5.55285880000000009460
179 233.000000 198.000000 10.50083960000000082857
180 177.000000 148.000000 17.82951810000000136824
181 153.000000 129.000000 8.38134140000000016357
182 223.000000 166.000000 35.15856749999999664169
183 277.000000 223.000000 14.66068620000000066739
184 271.000000 218.000000 4.91539199999999976143
185 220.000000 195.000000 3.15377319999999983224
186 180.000000 140.000000 7.86507589999999989772
187 288.000000 236.000000 2.02886450000000007066
188 328.000000 255.000000 4.27169829999999972614
189 269.000000 218.000000 8.18069269999999981735
190 250.000000 183.000000 3.27772340000000017568
191 133.000000 102.000000 20.54025730000000038444
192 254.000000 206.000000 5.54506600000000027251
193 200.000000 159.000000 13.38605369999999972208
194 248.000000 204.000000 9.33916370000000028995
195 379.000000 300.000000 1.71978480000000000238
196 221.000000 181.000000 12.66306280000000050734
197 236.000000 197.000000 4.00570999999999965979
198 260.000000 224.000000 6.75800909999999976918
199 389.000000 293.000000 8.05628749999999982379
200 224.000000 188.000000 7.31663909999999972911
201 247.000000 211.000000 3.93449440000000016937
202 347.000000 262.000000 1.91841499999999998138
203 166.000000 127.000000 9.86397469999999998436
204 125.000000 107.000000 9.32540280000000088023
205 221.000000 178.000000 6.35635510000000003572
206 166.000000 140.000000 5.62503759999999974895
207 205.000000 165.000000 13.10338849999999943918
208 166.000000 131.000000 8.35688140000000068142
209 206.000000 178.000000 6.72568850000000040268
210 211.000000 175.000000 11.39785949999999914439
211 289.000000 255.000000 3.94515599999999988512
212 272.000000 237.000000 4.42510470000000033508
213 239.000000 207.000000 3.45831029999999994828
214 243.000000 192.000000 8.36436800000000069133
215 270.000000 214.000000 9.58443210000000078708
216 238.000000 198.000000 3.23889219999999999899
217 261.000000 212.000000 3.23606900000000008433
218 151.000000 120.000000 9.66617150000000080468
219 229.000000 193.000000 18.83380119999999990910
220 282.000000 219.000000 7.01168950000000013034
221 271.000000 226.000000 3.97095300000000017704
222 210.000000 181.000000 6.64343240000000001544
223 381.000000 295.000000 8.57848159999999992920
224 315.000000 244.000000 1.55037960000000007987
225 273.000000 221.000000 7.20688510000000004396
226 203.000000 169.000000 7.85855749999999986244
227 235.000000 203.000000 14.76968339999999990653
228 198.000000 157.000000 10.74979120000000065716
229 265.000000 218.000000 3.99695430000000007098
230 241.000000 196.000000 10.56591339999999945576
231 198.000000 170.000000 11.09615059999999964191
232 281.000000 209.000000 2.28868360000000015120
233 197.000000 166.000000 6.54643490000000038975
234 244.000000 207.000000 9.26264819999999922118
235 341.000000 282.000000 3.26786690000000001888
236 212.000000 187.000000 5.43861799999999995237
237 308.000000 250.000000 18.30229339999999993438
238 245.000000 193.000000 3.23509860000000015745
239 192.000000 146.000000 15.73754300000000050375
240 217.000000 175.000000 1.93545699999999998298
241 278.000000 223.000000 16.74041629999999969414
242 260.000000 199.000000 7.98480379999999989593
243 245.000000 195.000000 6.38406870000000026266
244 166.000000 140.000000 5.76971140000000026760
245 316.000000 239.000000 8.75447469999999938750
246 270.000000 217.000000 2.32053399999999987457
247 163.000000 140.000000 6.50090400000000023795
248 222.000000 186.000000 2.02771409999999985274
249 275.000000 221.000000 10.51100180000000072766
250 298.000000 251.000000 3.17495500000000019369
251 203.000000 165.000000 2.15922580000000019496
252 195.000000 164.000000 5.41836529999999960694
253 230.000000 183.000000 8.06971069999999990330
254 161.000000 142.000000 16.26046410000000008722
255 337.000000 269.000000 12.96064789999999966597
256 230.000000 185.000000 15.84248769999999950642
257 245.000000 194.000000 27.84269499999999908368
258 217.000000 174.000000 4.96619950000000009993
259 164.000000 139.000000 7.74913369999999979143
260 191.000000 158.000000 5.85212679999999974001
261 277.000000 228.000000 5.45725329999999964059
262 249.000000 224.000000 9.05021520000000023742
263 278.000000 229.000000 6.34659719999999971662
264 263.000000 218.000000 3.15482750000000011781
265 255.000000 218.000000 2.76427399999999989788
266 227.000000 180.000000 8.12648159999999997183
267 363.000000 285.000000 1.64695940000000007331
268 267.000000 207.000000 3.88139570000000011518
269 242.000000 214.000000 2.33417990000000008521
270 172.000000 139.000000 20.66061529999999990537
271 278.000000 233.000000 2.54469089999999997787
272 240.000000 190.000000 13.25914389999999976055
273 259.000000 228.000000 2.55712140000000021089
274 284.000000 229.000000 8.30521069999999994593
275 290.000000 221.000000 25.01522620000000074469
276 178.000000 155.000000 4.81665380000000009630
277 277.000000 216.000000 7.54525019999999990716
278 290.000000 244.000000 1.01815659999999996721
279 210.000000 178.000000 5.40439530000000001309
280 201.000000 164.000000 7.12237119999999990227
281 243.000000 211.000000 5.66033030000000003668
282 301.000000 246.000000 2.61507790000000017727
283 220.000000 181.000000 4.79724069999999969127
284 165.000000 148.000000 4.39108729999999969351
285 217.000000 178.000000 2.19622049999999990888
286 165.000000 136.000000 13.34412359999999964089
287 294.000000 240.000000 13.70760369999999994661
288 269.000000 241.000000 1.65674180000000004220
289 267.000000 213.000000 2.68237069999999988568
290 222.000000 177.000000 25.32050920000000004961
291 229.000000 184.000000 5.65009060000000040702
292 215.000000 173.000000 4.72220580000000023091
293 147.000000 121.000000 4.73500120000000013221
294 341.000000 275.000000 14.95353820000000055757
295 229.000000 196.000000 3.45312600000000013978
296 281.000000 224.000000 10.18039659999999990703
297 380.000000 314.000000 1.20941440000000000055
298 235.000000 196.000000 5.25503359999999997143
299 242.000000 190.000000 2.00926640000000000796
300 274.000000 229.000000 3.45471109999999992368
301 218.000000 173.000000 5.86524010000000028953
302 364.000000 290.000000 3.60033149999999979585
303 273.000000 229.000000 5.01393470000000007758
304 252.000000 194.000000 6.22696629999999995420
305 297.000000 250.000000 13.07898080000000007317
306 321.000000 259.000000 12.08187569999999944059
307 257.000000 217.000000 3.76813980000000015025
308 264.000000 207.000000 2.10052269999999996486
309 244.000000 206.000000 4.91780200000000000671
310 268.000000 219.000000 5.18571190000000026288
311 212.000000 182.000000 3.15753739999999982757
312 337.000000 259.000000 3.20958180000000004028
313 368.000000 286.000000 3.54075240000000013296
314 285.000000 221.000000 4.35489820000000005251
315 271.000000 224.000000 1.11889400000000005519
316 267.000000 214.000000 1.90351399999999992829
317 288.000000 231.000000 4.11907970000000034361
318 296.000000 249.000000 1.57676170000000004379
319 315.000000 251.000000 3.10912880000000013681
320 174.000000 133.000000 6.27154439999999979705
321 123.000000 102.000000 6.43885109999999993846
322 273.000000 207.000000 18.35276869999999860283
323 382.000000 293.000000 1.89800870000000010407
324 294.000000 250.000000 1.79114200000000001189
325 249.000000 215.000000 1.23920239999999992619
326 158.000000 137.000000 3.06880769999999980513
327 234.000000 191.000000 4.85841950000000011300
328 224.000000 187.000000 5.57857130000000012160
329 227.000000 196.000000 7.04812330000000031305
330 261.000000 203.000000 17.63853770000000054097
331 323.000000 251.000000 3.05858659999999993317
332 251.000000 208.000000 2.67226959999999991169
333 192.000000 164.000000 6.53556179999999997676
334 297.000000 219.000000 5.94395969999999973510
335 286.000000 224.000000 3.98219520000000004600
336 216.000000 188.000000 1.63547039999999999083
337 218.000000 184.000000 4.74518850000000025346
338 182.000000 165.000000 4.76709400000000016462
339 297.000000 233.000000 1.13298309999999990971
340 210.000000 173.000000 8.09948939999999950601
341 214.000000 187.000000 3.58080040000000021649
342 138.000000 107.000000 15.85442480000000031737
343 296.000000 234.000000 3.42557309999999981542
344 234.000000 186.000000 21.20430259999999833553
345 285.000000 228.000000 7.56644950000000005019
346 187.000000 160.000000 7.45867449999999987398
347 171.000000 146.000000 5.75861740000000033035
348 364.000000 288.000000 3.39267280000000015505
349 273.000000 219.000000 1.48276159999999990191
350 215.000000 182.000000 4.36140460000000018681
351 188.000000 152.000000 12.66999309999999923093
352 236.000000 172.000000 2.37545420000000007121
353 317.000000 262.000000 1.55898369999999997226
354 316.000000 252.000000 1.92959489999999989074
355 282.000000 230.000000 7.25130590000000019302
356 360.000000 280.000000 6.78465100000000020941
357 371.000000 298.000000 1.54841880000000009510
358 242.000000 187.000000 4.17788689999999984792
359 271.000000 215.000000 5.02087829999999968322
360 253.000000 218.000000 3.79093660000000021171
361 255.000000 206.000000 9.66996179999999938559
362 268.000000 204.000000 14.89029670000000038499
363 226.000000 187.000000 2.72700779999999998182
364 198.000000 157.000000 5.87697770000000030421
365 228.000000 187.000000 5.59799630000000014718
366 277.000000 226.000000 5.08216209999999968261
367 255.000000 200.000000 3.55309939999999979676
368 187.000000 155.000000 2.79420709999999994366
369 337.000000 270.000000 2.71667220000000009250
370 225.000000 176.000000 2.09489139999999984809
371 267.000000 222.000000 4.60178940000000036292
372 212.000000 178.000000 3.94318970000000001974
373 424.000000 318.000000 2.10674569999999983239
374 318.000000 261.000000 2.88558730000000007720
375 221.000000 170.000000 3.44993129999999981194
376 327.000000 268.000000 1.80437040000000004092
377 319.000000 254.000000 2.06537760000000014671
378 223.000000 169.000000 5.81439739999999982700
379 200.000000 159.000000 8.39917289999999994166
380 204.000000 178.000000 6.04329300000000024795
381 210.000000 177.000000 5.34537909999999971689
382 383.000000 294.000000 2.87108929999999995530
383 240.000000 196.000000 1.88452749999999991104
384 241.000000 191.000000 3.23127969999999997697
385 234.000000 202.000000 0.80935840000000003336
386 250.000000 208.000000 2.81704199999999982396
387 334.000000 273.000000 4.12120300000000039375
388 285.000000 227.000000 3.02662550000000019068
389 224.000000 186.000000 6.00364879999999967453
390 278.000000 225.000000 1.32703660000000001062
391 221.000000 186.000000 4.23713009999999989930
392 221.000000 185.000000 3.88377060000000007278
393 115.000000 93.000000 7.97271719999999994855
394 192.000000 159.000000 6.55454649999999983123
395 229.000000 190.000000 2.08523579999999997270
396 269.000000 223.000000 4.51200630000000035835
397 137.000000 125.000000 4.19236270000000033065
398 349.000000 282.000000 1.18626900000000001789
399 178.000000 156.000000 3.73527180000000003091
400 256.000000 211.000000 2.47814839999999980691
401 290.000000 241.000000 5.38798720000000042063
402 235.000000 191.000000 13.65243889999999993279
403 209.000000 174.000000 3.93708249999999981839
404 207.000000 159.000000 17.75550000000000139266
405 156.000000 131.000000 6.39873240000000009786
406 275.000000 216.000000 1.40468159999999997467
407 249.000000 205.000000 3.25338960000000021466
408 283.000000 232.000000 5.71977379999999957505
409 201.000000 169.000000 4.86901310000000009381
410 186.000000 161.000000 3.53954319999999977853
411 229.000000 192.000000 7.23430009999999956705
412 225.000000 188.000000 7.12583280000000041099
413 274.000000 230.000000 3.70516140000000016030
414 392.000000 305.000000 2.27910110000000010189
415 308.000000 248.000000 9.83020420000000072491
416 301.000000 242.000000 7.18566180000000009898
417 184.000000 142.000000 2.70144880000000009446
418 349.000000 279.000000 0.23516349999999999754
419 204.000000 174.000000 5.26982450000000035573
420 163.000000 137.000000 6.72789079999999994897
