1 61.000000 54.000000 0.70406239999999997714
2 65.000000 52.000000 0.21817020000000000857
3 56.000000 46.000000 0.21932370000000001031
4 100.000000 79.000000 0.20097080000000000499
5 62.000000 55.000000 0.30479659999999997311
6 69.000000 56.000000 0.25405379999999999630
7 63.000000 49.000000 0.20414910000000000001
8 88.000000 66.000000 0.21129380000000000384
9 59.000000 53.000000 0.20135770000000000057
10 48.000000 40.000000 0.30518570000000000420
11 65.000000 54.000000 0.19542149999999999799
12 57.000000 47.000000 0.27661710000000000464
13 71.000000 56.000000 0.21483199999999999519
14 58.000000 49.000000 0.21744869999999999477
15 63.000000 51.000000 0.37384939999999999838
16 48.000000 42.000000 0.21598899999999998656
17 68.000000 54.000000 0.39035619999999998653
18 76.000000 61.000000 0.28043859999999998234
19 75.000000 57.000000 0.23962379999999999791
20 70.000000 60.000000 0.28705969999999997322
21 65.000000 50.000000 0.33313700000000001644
22 69.000000 58.000000 0.23334089999999998999
23 88.000000 66.000000 0.24963859999999998829
24 45.000000 40.000000 0.26092500000000001803
25 78.000000 65.000000 0.26676080000000002013
26 69.000000 52.000000 0.25328770000000000451
27 73.000000 59.000000 0.35653639999999997556
28 59.000000 50.000000 0.19776979999999999560
29 63.000000 55.000000 0.23889179999999998749
30 45.000000 40.000000 0.23534309999999999952
31 79.000000 62.000000 0.23108890000000001375
32 71.000000 61.000000 0.21868640000000000301
33 79.000000 61.000000 0.22021170000000001021
34 69.000000 56.000000 0.25392169999999997243
35 67.000000 52.000000 0.22633100000000000440
36 35.000000 30.000000 0.14785470000000000557
37 54.000000 46.000000 0.27431050000000001265
38 62.000000 50.000000 0.28087370000000000392
39 86.000000 65.000000 0.23031460000000000821
40 65.000000 54.000000 0.22270960000000000756
41 38.000000 30.000000 0.22580049999999998733
42 64.000000 55.000000 0.16815469999999999029
43 46.000000 44.000000 0.27974660000000001192
44 88.000000 66.000000 0.18877779999999999561
45 79.000000 61.000000 0.19886850000000000360
46 33.000000 26.000000 0.25717020000000001545
47 32.000000 30.000000 0.30822870000000002211
48 53.000000 43.000000 0.22254329999999999945
49 77.000000 64.000000 0.20891360000000000485
50 52.000000 46.000000 0.20914060000000000983
51 83.000000 64.000000 0.15431130000000001234
52 74.000000 57.000000 0.20482149999999998968
53 46.000000 44.000000 0.20788650000000000184
54 64.000000 59.000000 0.46777390000000002024
55 59.000000 48.000000 0.26378400000000001846
56 77.000000 54.000000 0.24635060000000000291
57 62.000000 52.000000 0.24079180000000000028
58 48.000000 41.000000 0.32082810000000000494
59 96.000000 78.000000 0.11751830000000000609
60 81.000000 60.000000 0.42103590000000001847
61 87.000000 65.000000 0.18664659999999999584
62 88.000000 68.000000 0.28815459999999998297
63 76.000000 62.000000 0.30525580000000002157
64 62.000000 51.000000 0.20722950000000001092
65 54.000000 42.000000 0.33355099999999998639
66 72.000000 53.000000 0.29859999999999997655
67 62.000000 53.000000 0.25536019999999998165
68 75.000000 52.000000 0.20963029999999999164
69 63.000000 47.000000 0.21177979999999999028
70 63.000000 54.000000 0.25882319999999997551
71 66.000000 50.000000 0.25647890000000000965
72 62.000000 52.000000 0.27221440000000002302
73 59.000000 47.000000 0.22778049999999999686
74 80.000000 61.000000 0.22687519999999999909
75 48.000000 38.000000 0.25488840000000001496
76 72.000000 57.000000 0.25251909999999999634
77 65.000000 51.000000 0.27375939999999998609
78 65.000000 48.000000 0.26390599999999997394
79 45.000000 38.000000 0.23839319999999999955
80 63.000000 53.000000 0.23716480000000000894
81 46.000000 42.000000 0.27537010000000000653
82 44.000000 35.000000 0.24180820000000000092
83 53.000000 48.000000 0.23087299999999999489
84 55.000000 44.000000 0.22158510000000000706
85 63.000000 48.000000 0.21182419999999999027
86 53.000000 45.000000 0.25110759999999998637
87 54.000000 44.000000 0.19343730000000000646
88 64.000000 53.000000 0.14790600000000000969
89 42.000000 36.000000 0.25444689999999997587
90 62.000000 53.000000 0.23167940000000000755
91 47.000000 38.000000 0.29536689999999998779
92 57.000000 48.000000 0.22223270000000000524
93 67.000000 54.000000 0.27220280000000002252
94 80.000000 61.000000 0.22721779999999999755
95 58.000000 45.000000 0.23624429999999999041
96 57.000000 48.000000 0.21380650000000001043
97 97.000000 68.000000 0.20444370000000000598
98 61.000000 51.000000 0.20379359999999999142
99 47.000000 40.000000 0.27791729999999997824
100 61.000000 53.000000 0.24720610000000001194
101 86.000000 62.000000 0.21045210000000000305
102 46.000000 37.000000 0.18362380000000000368
103 69.000000 53.000000 0.23470489999999999409
104 66.000000 50.000000 0.43682880000000001708
105 47.000000 41.000000 0.25734360000000000568
106 43.000000 38.000000 0.27198679999999997303
107 70.000000 58.000000 0.21660689999999999111
108 45.000000 41.000000 0.19814819999999999656
109 78.000000 59.000000 0.25920330000000002535
110 70.000000 59.000000 0.20523810000000000664
111 43.000000 40.000000 0.32684180000000001565
112 39.000000 34.000000 0.19990630000000000899
113 66.000000 59.000000 0.20833720000000000017
114 66.000000 54.000000 0.26884809999999997876
115 65.000000 54.000000 0.19016179999999999195
116 51.000000 39.000000 0.18690409999999998969
117 95.000000 68.000000 0.13083120000000000860
118 63.000000 49.000000 0.19630649999999999489
119 64.000000 53.000000 0.27561010000000002451
120 34.000000 30.000000 0.26584000000000002073
121 58.000000 49.000000 0.19965579999999999439
122 100.000000 72.000000 0.13036449999999999427
123 69.000000 56.000000 0.18254210000000001268
124 74.000000 60.000000 0.24118220000000001324
125 52.000000 44.000000 0.27589029999999997722
126 60.000000 46.000000 0.20302229999999998888
127 67.000000 60.000000 0.26678879999999999262
128 59.000000 51.000000 0.27632160000000000055
129 73.000000 62.000000 0.15557899999999999507
130 96.000000 69.000000 0.20226489999999999747
131 48.000000 43.000000 0.25650469999999997439
132 62.000000 46.000000 0.37897429999999998618
133 99.000000 78.000000 0.17474080000000000168
134 78.000000 59.000000 0.12301479999999999360
135 53.000000 39.000000 0.23939579999999999194
136 68.000000 58.000000 0.22304769999999998764
137 65.000000 53.000000 0.33606669999999999598
138 65.000000 53.000000 0.21105830000000000424
139 76.000000 56.000000 0.30714999999999997859
140 73.000000 54.000000 0.37461369999999999392
141 72.000000 55.000000 0.31680219999999997826
142 44.000000 36.000000 0.24356739999999998947
143 51.000000 42.000000 0.36143439999999998902
144 60.000000 51.000000 0.21076949999999999852
145 93.000000 69.000000 0.14734449999999998937
146 71.000000 55.000000 0.23906849999999998935
147 82.000000 61.000000 0.20183799999999998964
148 58.000000 52.000000 0.24040449999999999320
149 55.000000 48.000000 0.16344269999999999632
150 54.000000 50.000000 0.12623519999999999186
151 78.000000 58.000000 0.15854989999999999362
152 57.000000 49.000000 0.22922600000000001308
153 50.000000 40.000000 0.21820660000000000056
154 59.000000 54.000000 0.20848530000000001228
155 92.000000 73.000000 0.17222909999999999608
156 48.000000 39.000000 0.27906930000000002012
157 71.000000 58.000000 0.20566840000000000122
158 68.000000 52.000000 0.19107669999999998822
159 50.000000 41.000000 0.23323699999999999988
160 65.000000 48.000000 0.24897240000000001037
161 53.000000 42.000000 0.21905299999999999772
162 67.000000 48.000000 0.28249740000000000961
163 59.000000 52.000000 0.20714160000000000905
164 68.000000 52.000000 0.40516930000000001000
165 60.000000 47.000000 0.22395419999999999217
166 46.000000 38.000000 0.26438430000000001652
167 65.000000 58.000000 0.22769659999999999900
168 78.000000 65.000000 0.21099789999999998824
169 79.000000 60.000000 0.19071630000000000527
170 42.000000 34.000000 0.33768080000000000318
171 59.000000 48.000000 0.26930189999999998296
172 52.000000 45.000000 0.18173929999999999252
173 52.000000 42.000000 0.40207249999999999934
174 65.000000 53.000000 0.20138179999999999970
175 56.000000 45.000000 0.23897760000000001224
176 90.000000 76.000000 0.21270439999999998792
177 66.000000 55.000000 0.22523889999999999190
178 68.000000 49.000000 0.24814970000000000083
179 96.000000 74.000000 0.21998919999999999586
180 69.000000 57.000000 0.27947240000000000970
181 72.000000 55.000000 0.44537310000000002175
182 54.000000 45.000000 0.28842919999999999670
183 77.000000 61.000000 0.24282480000000000731
184 82.000000 68.000000 0.20815790000000000681
185 81.000000 73.000000 0.19506260000000000265
186 73.000000 60.000000 0.20375240000000000018
187 72.000000 57.000000 0.19253380000000000494
188 62.000000 50.000000 0.20507490000000000441
189 75.000000 62.000000 0.20741909999999999514
190 46.000000 38.000000 0.27080060000000000242
191 76.000000 61.000000 0.17998949999999999672
192 62.000000 50.000000 0.23225170000000000536
193 76.000000 59.000000 0.18132729999999999682
194 55.000000 41.000000 0.32671630000000001504
195 78.000000 58.000000 0.20851339999999998764
196 42.000000 35.000000 0.19657749999999998836
197 76.000000 62.000000 0.17660049999999999359
198 50.000000 38.000000 0.29352759999999999962
199 45.000000 37.000000 0.19711549999999999905
200 63.000000 51.000000 0.13063790000000000124
201 81.000000 64.000000 0.20250529999999999919
202 66.000000 54.000000 0.15184210000000000762
203 49.000000 43.000000 0.11798970000000000291
204 105.000000 80.000000 0.11684659999999999491
205 67.000000 51.000000 0.08678109999999999991
206 77.000000 64.000000 0.09466979999999999840
207 62.000000 52.000000 0.09182990000000000597
208 52.000000 41.000000 0.11390559999999999574
209 82.000000 65.000000 0.09931850000000000400
210 86.000000 61.000000 0.08458119999999999528
211 92.000000 72.000000 0.12267269999999999563
212 81.000000 61.000000 0.11059620000000000561
213 60.000000 47.000000 0.16355669999999999931
214 73.000000 59.000000 0.14166970000000000951
215 49.000000 41.000000 0.12909100000000001129
216 51.000000 39.000000 0.10268789999999999862
217 71.000000 55.000000 0.11515450000000000685
218 76.000000 59.000000 0.10352519999999999778
219 87.000000 71.000000 0.12139149999999999940
220 73.000000 65.000000 0.08481160000000000088
221 62.000000 52.000000 0.09972730000000000483
222 96.000000 66.000000 0.10982179999999999720
223 46.000000 37.000000 0.11952920000000000211
224 70.000000 61.000000 0.12141369999999999940
225 36.000000 32.000000 0.12618869999999998699
226 78.000000 61.000000 0.08997650000000000092
227 82.000000 62.000000 0.10707669999999999688
228 76.000000 59.000000 0.09142000000000000126
229 69.000000 55.000000 0.11526999999999999746
230 63.000000 53.000000 0.14546459999999999946
231 63.000000 55.000000 0.11162529999999999675
232 81.000000 66.000000 0.09835439999999999461
233 58.000000 51.000000 0.11001579999999999693
234 62.000000 52.000000 0.10827040000000000275
235 52.000000 43.000000 0.11311110000000000608
236 81.000000 64.000000 0.11633889999999999509
237 54.000000 46.000000 0.14648479999999999834
238 80.000000 67.000000 0.11015569999999999529
239 42.000000 34.000000 0.13871929999999998984
240 61.000000 49.000000 0.11711920000000000663
241 88.000000 70.000000 0.10057259999999999811
242 61.000000 51.000000 0.10733570000000000610
243 69.000000 57.000000 0.11486280000000000101
244 55.000000 45.000000 0.14176639999999998687
245 73.000000 60.000000 0.12024990000000000678
246 50.000000 40.000000 0.15237909999999998956
247 59.000000 43.000000 0.11986320000000000308
248 79.000000 63.000000 0.08760450000000000181
249 94.000000 67.000000 0.09114980000000000304
250 67.000000 54.000000 0.06706220000000000236
251 48.000000 40.000000 0.16303409999999998736
252 51.000000 46.000000 0.14150070000000000703
253 92.000000 71.000000 0.11057079999999999687
254 67.000000 53.000000 0.13751840000000001285
255 59.000000 50.000000 0.13380220000000001002
256 35.000000 31.000000 0.12283879999999999799
257 79.000000 65.000000 0.10347480000000000566
258 42.000000 36.000000 0.08710220000000000462
259 51.000000 44.000000 0.12065030000000000199
260 90.000000 68.000000 0.11798609999999999653
261 60.000000 51.000000 0.09212839999999999918
262 57.000000 50.000000 0.09355380000000000640
263 66.000000 51.000000 0.13011130000000001306
264 57.000000 46.000000 0.12054919999999999525
265 71.000000 54.000000 0.08052270000000000261
266 79.000000 59.000000 0.12372060000000000002
267 64.000000 52.000000 0.11328720000000000456
268 68.000000 55.000000 0.09897110000000000629
269 72.000000 59.000000 0.13464329999999999354
270 62.000000 52.000000 0.09946710000000000274
271 58.000000 50.000000 0.10551030000000000131
272 32.000000 29.000000 0.13915930000000001354
273 61.000000 51.000000 0.11629069999999999685
274 60.000000 45.000000 0.10844560000000000310
275 29.000000 28.000000 0.14188459999999999961
276 61.000000 49.000000 0.12707899999999999752
277 79.000000 57.000000 0.07050339999999999385
278 75.000000 59.000000 0.10915329999999999477
279 76.000000 61.000000 0.10122219999999999829
280 62.000000 46.000000 0.24067810000000000592
281 70.000000 53.000000 0.13513159999999999061
282 64.000000 50.000000 0.06946710000000000385
283 78.000000 60.000000 0.06399630000000000596
284 53.000000 46.000000 0.11491429999999999700
285 65.000000 50.000000 0.12256209999999999327
286 78.000000 55.000000 0.11556589999999999918
287 63.000000 53.000000 0.09668300000000000505
288 56.000000 45.000000 0.07249809999999999588
289 56.000000 46.000000 0.10383230000000000237
290 55.000000 47.000000 0.11662749999999999506
291 59.000000 49.000000 0.11895239999999999980
292 57.000000 46.000000 0.16386270000000000002
293 69.000000 58.000000 0.10025939999999999852
294 43.000000 35.000000 0.10364160000000000039
295 54.000000 45.000000 0.19574140000000000983
296 81.000000 68.000000 0.08735360000000000347
297 67.000000 56.000000 0.08313230000000000619
298 100.000000 79.000000 0.05873319999999999930
299 46.000000 42.000000 0.12885879999999999557
300 68.000000 48.000000 0.08608390000000000486
301 59.000000 49.000000 0.12407200000000000173
302 57.000000 47.000000 0.07837969999999999660
303 43.000000 40.000000 0.09026339999999999364
304 71.000000 61.000000 0.07021529999999999438
305 53.000000 40.000000 0.09581599999999999839
306 79.000000 65.000000 0.08247960000000000014
307 68.000000 56.000000 0.11258460000000000689
308 65.000000 58.000000 0.07456240000000000090
309 39.000000 34.000000 0.10963849999999999985
310 44.000000 39.000000 0.08165400000000000436
311 40.000000 31.000000 0.12185459999999999348
312 53.000000 48.000000 0.11833670000000000300
313 83.000000 70.000000 0.09185939999999999384
314 82.000000 60.000000 0.08973639999999999395
315 34.000000 31.000000 0.13347670000000000368
316 79.000000 67.000000 0.09846810000000000285
317 90.000000 67.000000 0.07074930000000000108
318 65.000000 51.000000 0.08409439999999999971
319 59.000000 45.000000 0.11533540000000000458
320 52.000000 47.000000 0.10718740000000000212
321 84.000000 67.000000 0.05398689999999999739
322 62.000000 50.000000 0.07459739999999999427
323 84.000000 64.000000 0.10417010000000000158
324 43.000000 41.000000 0.11779240000000000543
325 82.000000 62.000000 0.13744010000000000948
326 58.000000 43.000000 0.12222139999999999393
327 70.000000 57.000000 0.07430269999999999930
328 35.000000 30.000000 0.11202760000000000495
329 64.000000 54.000000 0.12876109999999998945
330 54.000000 45.000000 0.09537510000000000432
331 84.000000 64.000000 0.11641239999999999921
332 84.000000 68.000000 0.08830250000000000599
333 62.000000 50.000000 0.09685789999999999678
334 83.000000 66.000000 0.09121170000000000666
335 54.000000 44.000000 0.10978229999999999933
336 81.000000 60.000000 0.10201630000000000420
337 54.000000 42.000000 0.11681289999999999729
338 66.000000 53.000000 0.05098110000000000142
339 75.000000 57.000000 0.10698130000000000139
340 83.000000 65.000000 0.14940809999999998814
341 85.000000 64.000000 0.06302489999999999482
342 70.000000 55.000000 0.06311279999999999668
343 81.000000 61.000000 0.06910030000000000339
344 87.000000 67.000000 0.09136249999999999927
345 87.000000 64.000000 0.09697939999999999339
346 76.000000 57.000000 0.04785930000000000045
347 64.000000 52.000000 0.11579490000000000616
348 90.000000 72.000000 0.04622539999999999982
349 67.000000 53.000000 0.10580680000000000640
350 78.000000 62.000000 0.09853230000000000322
351 80.000000 66.000000 0.09375680000000000125
352 61.000000 47.000000 0.09646730000000000582
353 50.000000 43.000000 0.08966390000000000471
354 53.000000 43.000000 0.11957979999999999998
355 62.000000 47.000000 0.09140020000000000089
356 79.000000 62.000000 0.06623660000000000658
357 60.000000 47.000000 0.10388490000000000224
358 65.000000 52.000000 0.09475110000000000476
359 65.000000 51.000000 0.07477209999999999412
360 58.000000 53.000000 0.07832409999999999373
361 99.000000 73.000000 0.11401319999999999510
362 62.000000 53.000000 0.11944639999999999425
363 65.000000 50.000000 0.10630309999999999759
364 77.000000 56.000000 0.07257450000000000012
365 44.000000 37.000000 0.12177159999999999374
366 82.000000 69.000000 0.07231490000000000140
367 101.000000 76.000000 0.07526209999999999845
368 50.000000 39.000000 0.11455959999999999754
369 49.000000 39.000000 0.08642539999999999945
370 86.000000 63.000000 0.12922960000000000003
371 64.000000 52.000000 0.12703380000000000227
372 87.000000 65.000000 0.08345149999999999790
373 70.000000 54.000000 0.09444679999999999742
374 62.000000 49.000000 0.05686299999999999688
375 52.000000 41.000000 0.09717919999999999336
376 48.000000 38.000000 0.10131660000000000665
377 69.000000 55.000000 0.06844039999999999846
378 77.000000 57.000000 0.13055089999999999750
379 58.000000 49.000000 0.07503830000000000222
380 56.000000 40.000000 0.09126339999999999453
381 102.000000 69.000000 0.06380420000000000536
382 43.000000 37.000000 0.08762780000000000569
383 60.000000 50.000000 0.06960769999999999458
384 88.000000 71.000000 0.06581149999999999500
385 76.000000 58.000000 0.11166860000000000674
386 46.000000 37.000000 0.09918799999999999839
387 81.000000 65.000000 0.09253540000000000376
388 84.000000 65.000000 0.06375849999999999573
389 62.000000 51.000000 0.06366689999999999849
390 74.000000 58.000000 0.08310900000000000232
391 51.000000 39.000000 0.07150779999999999637
392 65.000000 50.000000 0.10468840000000000090
393 43.000000 32.000000 0.24613070000000000781
394 71.000000 62.000000 0.06915659999999999863
395 65.000000 51.000000 0.09284330000000000360
396 62.000000 47.000000 0.07399569999999999759
397 86.000000 74.000000 0.06947399999999999409
398 83.000000 63.000000 0.13768159999999998733
399 74.000000 60.000000 0.07550049999999999817
400 81.000000 61.000000 0.07309250000000000469
401 52.000000 45.000000 0.10794900000000000329
402 71.000000 58.000000 0.10499509999999999399
403 90.000000 65.000000 0.07743999999999999495
404 67.000000 55.000000 0.10184630000000000072
405 64.000000 51.000000 0.07090770000000000406
406 49.000000 40.000000 0.08010159999999999503
407 56.000000 42.000000 0.11479889999999999539
408 55.000000 48.000000 0.06689199999999999313
409 92.000000 66.000000 0.07687070000000000014
410 47.000000 37.000000 0.07371610000000000662
411 48.000000 39.000000 0.06572450000000000514
412 66.000000 51.000000 0.10157030000000000225
413 74.000000 64.000000 0.07724880000000000635
414 66.000000 51.000000 0.08401290000000000147
415 66.000000 56.000000 0.08940929999999999711
416 87.000000 75.000000 0.05663800000000000084
417 61.000000 52.000000 0.07072630000000000583
418 69.000000 57.000000 0.07280219999999999747
419 67.000000 55.000000 0.07228039999999999465
420 73.000000 59.000000 0.06176550000000000096
