MATLAB is running in headless mode.  Figure windows will not be displayed.
1 1 11.000000 10.000000 0.090909
1 2 12.000000 10.000000 0.166667
1 3 12.000000 11.000000 0.083333
1 4 13.000000 11.000000 0.153846
1 5 11.000000 11.000000 0.000000
1 6 15.000000 11.000000 0.266667
1 7 11.000000 10.000000 0.090909
1 8 9.000000 9.000000 0.000000
1 9 9.000000 9.000000 0.000000
1 10 13.000000 11.000000 0.153846
1 11 10.000000 10.000000 0.000000
1 12 10.000000 10.000000 0.000000
1 13 12.000000 11.000000 0.083333
1 14 11.000000 11.000000 0.000000
1 15 10.000000 10.000000 0.000000
1 16 11.000000 11.000000 0.000000
1 17 10.000000 10.000000 0.000000
1 18 11.000000 11.000000 0.000000
1 19 11.000000 10.000000 0.090909
1 20 11.000000 10.000000 0.090909
1 21 10.000000 10.000000 0.000000
1 22 11.000000 11.000000 0.000000
1 23 11.000000 11.000000 0.000000
1 24 10.000000 10.000000 0.000000
1 25 12.000000 11.000000 0.083333
1 26 10.000000 10.000000 0.000000
1 27 10.000000 10.000000 0.000000
1 28 11.000000 10.000000 0.090909
1 29 9.000000 9.000000 0.000000
1 30 14.000000 11.000000 0.214286
1 31 13.000000 11.000000 0.153846
1 32 10.000000 10.000000 0.000000
1 33 11.000000 10.000000 0.090909
1 34 12.000000 11.000000 0.083333
1 35 10.000000 10.000000 0.000000
1 36 10.000000 10.000000 0.000000
1 37 10.000000 10.000000 0.000000
1 38 12.000000 10.000000 0.166667
1 39 11.000000 10.000000 0.090909
1 40 11.000000 10.000000 0.090909
1 41 11.000000 11.000000 0.000000
1 42 10.000000 10.000000 0.000000
1 43 10.000000 10.000000 0.000000
1 44 11.000000 10.000000 0.090909
1 45 11.000000 11.000000 0.000000
1 46 11.000000 10.000000 0.090909
1 47 12.000000 11.000000 0.083333
1 48 11.000000 11.000000 0.000000
1 49 12.000000 10.000000 0.166667
1 50 11.000000 10.000000 0.090909
1 51 12.000000 11.000000 0.083333
1 52 11.000000 11.000000 0.000000
1 53 15.000000 11.000000 0.266667
1 54 14.000000 11.000000 0.214286
1 55 10.000000 10.000000 0.000000
1 56 11.000000 11.000000 0.000000
1 57 9.000000 9.000000 0.000000
1 58 12.000000 11.000000 0.083333
1 59 12.000000 11.000000 0.083333
1 60 10.000000 10.000000 0.000000
1 61 11.000000 11.000000 0.000000
1 62 9.000000 9.000000 0.000000
1 63 10.000000 10.000000 0.000000
1 64 12.000000 10.000000 0.166667
1 65 12.000000 11.000000 0.083333
1 66 11.000000 10.000000 0.090909
1 67 11.000000 11.000000 0.000000
1 68 9.000000 9.000000 0.000000
1 69 12.000000 10.000000 0.166667
1 70 13.000000 11.000000 0.153846
1 71 12.000000 11.000000 0.083333
1 72 11.000000 10.000000 0.090909
1 73 10.000000 10.000000 0.000000
1 74 9.000000 9.000000 0.000000
1 75 11.000000 10.000000 0.090909
1 76 11.000000 11.000000 0.000000
1 77 11.000000 10.000000 0.090909
1 78 11.000000 11.000000 0.000000
1 79 10.000000 10.000000 0.000000
1 80 14.000000 11.000000 0.214286
1 81 10.000000 10.000000 0.000000
1 82 12.000000 11.000000 0.083333
1 83 11.000000 11.000000 0.000000
1 84 11.000000 10.000000 0.090909
1 85 12.000000 11.000000 0.083333
1 86 11.000000 11.000000 0.000000
1 87 10.000000 10.000000 0.000000
1 88 12.000000 10.000000 0.166667
1 89 11.000000 11.000000 0.000000
1 90 11.000000 11.000000 0.000000
1 91 9.000000 9.000000 0.000000
1 92 9.000000 9.000000 0.000000
1 93 14.000000 11.000000 0.214286
1 94 12.000000 10.000000 0.166667
1 95 12.000000 10.000000 0.166667
1 96 11.000000 10.000000 0.090909
1 97 10.000000 10.000000 0.000000
1 98 10.000000 10.000000 0.000000
1 99 11.000000 11.000000 0.000000
1 100 11.000000 11.000000 0.000000
1 101 12.000000 11.000000 0.083333
1 102 10.000000 10.000000 0.000000
1 103 12.000000 11.000000 0.083333
1 104 12.000000 11.000000 0.083333
1 105 12.000000 11.000000 0.083333
1 106 12.000000 11.000000 0.083333
1 107 12.000000 11.000000 0.083333
1 108 10.000000 10.000000 0.000000
1 109 9.000000 9.000000 0.000000
1 110 12.000000 10.000000 0.166667
1 111 10.000000 10.000000 0.000000
1 112 12.000000 11.000000 0.083333
1 113 13.000000 11.000000 0.153846
1 114 11.000000 11.000000 0.000000
1 115 10.000000 10.000000 0.000000
1 116 16.000000 11.000000 0.312500
1 117 10.000000 10.000000 0.000000
1 118 14.000000 11.000000 0.214286
1 119 13.000000 11.000000 0.153846
1 120 12.000000 11.000000 0.083333
1 121 10.000000 10.000000 0.000000
1 122 12.000000 10.000000 0.166667
1 123 11.000000 11.000000 0.000000
1 124 11.000000 11.000000 0.000000
1 125 11.000000 11.000000 0.000000
1 126 13.000000 11.000000 0.153846
1 127 10.000000 10.000000 0.000000
1 128 12.000000 11.000000 0.083333
1 129 12.000000 11.000000 0.083333
1 130 11.000000 10.000000 0.090909
1 131 11.000000 11.000000 0.000000
1 132 11.000000 10.000000 0.090909
1 133 11.000000 11.000000 0.000000
1 134 12.000000 11.000000 0.083333
1 135 11.000000 10.000000 0.090909
1 136 10.000000 10.000000 0.000000
1 137 12.000000 10.000000 0.166667
1 138 11.000000 10.000000 0.090909
1 139 11.000000 11.000000 0.000000
1 140 12.000000 11.000000 0.083333
1 141 9.000000 9.000000 0.000000
1 142 11.000000 11.000000 0.000000
1 143 10.000000 10.000000 0.000000
1 144 11.000000 10.000000 0.090909
1 145 11.000000 10.000000 0.090909
1 146 11.000000 10.000000 0.090909
1 147 13.000000 11.000000 0.153846
1 148 9.000000 9.000000 0.000000
1 149 13.000000 11.000000 0.153846
1 150 13.000000 11.000000 0.153846
1 151 11.000000 11.000000 0.000000
1 152 9.000000 9.000000 0.000000
1 153 10.000000 10.000000 0.000000
1 154 12.000000 11.000000 0.083333
1 155 12.000000 11.000000 0.083333
1 156 11.000000 10.000000 0.090909
1 157 11.000000 10.000000 0.090909
1 158 13.000000 11.000000 0.153846
1 159 11.000000 11.000000 0.000000
1 160 11.000000 10.000000 0.090909
1 161 11.000000 10.000000 0.090909
1 162 10.000000 10.000000 0.000000
1 163 9.000000 9.000000 0.000000
1 164 13.000000 11.000000 0.153846
1 165 10.000000 10.000000 0.000000
1 166 10.000000 10.000000 0.000000
1 167 11.000000 10.000000 0.090909
1 168 11.000000 11.000000 0.000000
1 169 11.000000 10.000000 0.090909
1 170 10.000000 10.000000 0.000000
1 171 12.000000 10.000000 0.166667
1 172 9.000000 9.000000 0.000000
1 173 12.000000 10.000000 0.166667
1 174 11.000000 10.000000 0.090909
1 175 11.000000 11.000000 0.000000
1 176 10.000000 10.000000 0.000000
1 177 11.000000 11.000000 0.000000
1 178 12.000000 11.000000 0.083333
1 179 11.000000 11.000000 0.000000
1 180 14.000000 11.000000 0.214286
1 181 10.000000 10.000000 0.000000
1 182 11.000000 11.000000 0.000000
1 183 10.000000 10.000000 0.000000
1 184 12.000000 11.000000 0.083333
1 185 11.000000 10.000000 0.090909
1 186 11.000000 11.000000 0.000000
1 187 11.000000 10.000000 0.090909
1 188 12.000000 11.000000 0.083333
1 189 12.000000 10.000000 0.166667
1 190 10.000000 10.000000 0.000000
1 191 13.000000 11.000000 0.153846
1 192 9.000000 9.000000 0.000000
1 193 10.000000 10.000000 0.000000
1 194 12.000000 10.000000 0.166667
1 195 9.000000 9.000000 0.000000
1 196 11.000000 11.000000 0.000000
1 197 10.000000 10.000000 0.000000
1 198 11.000000 10.000000 0.090909
1 199 10.000000 10.000000 0.000000
1 200 10.000000 10.000000 0.000000
1 201 10.000000 10.000000 0.000000
1 202 13.000000 11.000000 0.153846
1 203 14.000000 11.000000 0.214286
1 204 10.000000 10.000000 0.000000
1 205 10.000000 10.000000 0.000000
1 206 9.000000 9.000000 0.000000
1 207 12.000000 11.000000 0.083333
1 208 13.000000 11.000000 0.153846
1 209 10.000000 10.000000 0.000000
1 210 14.000000 11.000000 0.214286
1 211 10.000000 10.000000 0.000000
1 212 9.000000 9.000000 0.000000
1 213 11.000000 11.000000 0.000000
1 214 10.000000 10.000000 0.000000
1 215 12.000000 10.000000 0.166667
1 216 10.000000 10.000000 0.000000
1 217 9.000000 9.000000 0.000000
1 218 12.000000 10.000000 0.166667
1 219 11.000000 11.000000 0.000000
1 220 10.000000 10.000000 0.000000
1 221 12.000000 11.000000 0.083333
1 222 12.000000 10.000000 0.166667
1 223 11.000000 11.000000 0.000000
1 224 10.000000 10.000000 0.000000
1 225 12.000000 11.000000 0.083333
1 226 11.000000 11.000000 0.000000
1 227 11.000000 11.000000 0.000000
1 228 12.000000 11.000000 0.083333
1 229 11.000000 11.000000 0.000000
1 230 12.000000 10.000000 0.166667
1 231 12.000000 11.000000 0.083333
1 232 12.000000 10.000000 0.166667
1 233 11.000000 10.000000 0.090909
1 234 12.000000 11.000000 0.083333
1 235 10.000000 10.000000 0.000000
1 236 11.000000 10.000000 0.090909
1 237 12.000000 11.000000 0.083333
1 238 11.000000 10.000000 0.090909
1 239 13.000000 11.000000 0.153846
1 240 10.000000 10.000000 0.000000
1 241 12.000000 11.000000 0.083333
1 242 12.000000 10.000000 0.166667
1 243 11.000000 10.000000 0.090909
1 244 9.000000 9.000000 0.000000
1 245 13.000000 10.000000 0.230769
1 246 10.000000 10.000000 0.000000
1 247 12.000000 10.000000 0.166667
1 248 9.000000 9.000000 0.000000
1 249 12.000000 11.000000 0.083333
1 250 11.000000 10.000000 0.090909
1 251 13.000000 10.000000 0.230769
1 252 9.000000 9.000000 0.000000
1 253 12.000000 11.000000 0.083333
1 254 10.000000 10.000000 0.000000
1 255 10.000000 10.000000 0.000000
1 256 12.000000 11.000000 0.083333
1 257 14.000000 11.000000 0.214286
1 258 12.000000 11.000000 0.083333
1 259 12.000000 11.000000 0.083333
1 260 10.000000 10.000000 0.000000
1 261 12.000000 11.000000 0.083333
1 262 12.000000 11.000000 0.083333
1 263 14.000000 11.000000 0.214286
1 264 10.000000 10.000000 0.000000
1 265 12.000000 11.000000 0.083333
1 266 12.000000 11.000000 0.083333
1 267 10.000000 10.000000 0.000000
1 268 11.000000 11.000000 0.000000
1 269 12.000000 11.000000 0.083333
1 270 11.000000 10.000000 0.090909
1 271 12.000000 11.000000 0.083333
1 272 11.000000 11.000000 0.000000
1 273 10.000000 10.000000 0.000000
1 274 10.000000 10.000000 0.000000
1 275 12.000000 11.000000 0.083333
1 276 12.000000 11.000000 0.083333
1 277 13.000000 11.000000 0.153846
1 278 10.000000 10.000000 0.000000
1 279 10.000000 10.000000 0.000000
1 280 12.000000 10.000000 0.166667
1 281 11.000000 11.000000 0.000000
1 282 13.000000 11.000000 0.153846
1 283 12.000000 10.000000 0.166667
1 284 11.000000 10.000000 0.090909
1 285 10.000000 10.000000 0.000000
1 286 9.000000 9.000000 0.000000
1 287 11.000000 10.000000 0.090909
1 288 10.000000 10.000000 0.000000
1 289 11.000000 11.000000 0.000000
1 290 10.000000 10.000000 0.000000
1 291 10.000000 10.000000 0.000000
1 292 10.000000 10.000000 0.000000
1 293 11.000000 10.000000 0.090909
1 294 9.000000 9.000000 0.000000
1 295 10.000000 10.000000 0.000000
1 296 10.000000 10.000000 0.000000
1 297 10.000000 10.000000 0.000000
1 298 12.000000 10.000000 0.166667
1 299 11.000000 11.000000 0.000000
1 300 9.000000 9.000000 0.000000
1 301 12.000000 11.000000 0.083333
1 302 10.000000 10.000000 0.000000
1 303 10.000000 10.000000 0.000000
1 304 13.000000 11.000000 0.153846
1 305 9.000000 9.000000 0.000000
1 306 11.000000 11.000000 0.000000
1 307 12.000000 10.000000 0.166667
1 308 10.000000 10.000000 0.000000
1 309 11.000000 11.000000 0.000000
1 310 9.000000 9.000000 0.000000
1 311 10.000000 10.000000 0.000000
1 312 10.000000 10.000000 0.000000
1 313 9.000000 9.000000 0.000000
1 314 14.000000 11.000000 0.214286
1 315 10.000000 10.000000 0.000000
1 316 11.000000 10.000000 0.090909
1 317 12.000000 11.000000 0.083333
1 318 11.000000 11.000000 0.000000
1 319 9.000000 9.000000 0.000000
1 320 10.000000 10.000000 0.000000
1 321 11.000000 10.000000 0.090909
1 322 10.000000 10.000000 0.000000
1 323 13.000000 11.000000 0.153846
1 324 12.000000 11.000000 0.083333
1 325 11.000000 10.000000 0.090909
1 326 11.000000 10.000000 0.090909
1 327 11.000000 10.000000 0.090909
1 328 11.000000 10.000000 0.090909
1 329 12.000000 11.000000 0.083333
1 330 11.000000 11.000000 0.000000
1 331 11.000000 10.000000 0.090909
1 332 12.000000 10.000000 0.166667
1 333 10.000000 10.000000 0.000000
1 334 10.000000 10.000000 0.000000
1 335 13.000000 11.000000 0.153846
1 336 10.000000 10.000000 0.000000
1 337 11.000000 11.000000 0.000000
1 338 10.000000 10.000000 0.000000
1 339 12.000000 11.000000 0.083333
1 340 10.000000 10.000000 0.000000
1 341 10.000000 10.000000 0.000000
1 342 11.000000 10.000000 0.090909
1 343 12.000000 11.000000 0.083333
1 344 14.000000 10.000000 0.285714
1 345 10.000000 10.000000 0.000000
1 346 11.000000 11.000000 0.000000
1 347 11.000000 11.000000 0.000000
1 348 11.000000 11.000000 0.000000
1 349 11.000000 10.000000 0.090909
1 350 10.000000 10.000000 0.000000
1 351 10.000000 10.000000 0.000000
1 352 11.000000 10.000000 0.090909
1 353 13.000000 11.000000 0.153846
1 354 9.000000 9.000000 0.000000
1 355 11.000000 11.000000 0.000000
1 356 11.000000 10.000000 0.090909
1 357 10.000000 10.000000 0.000000
1 358 11.000000 11.000000 0.000000
1 359 10.000000 10.000000 0.000000
1 360 13.000000 11.000000 0.153846
1 361 10.000000 10.000000 0.000000
1 362 10.000000 10.000000 0.000000
1 363 12.000000 10.000000 0.166667
1 364 10.000000 10.000000 0.000000
1 365 11.000000 11.000000 0.000000
1 366 11.000000 11.000000 0.000000
1 367 11.000000 10.000000 0.090909
1 368 11.000000 10.000000 0.090909
1 369 12.000000 11.000000 0.083333
1 370 11.000000 10.000000 0.090909
1 371 11.000000 10.000000 0.090909
1 372 13.000000 11.000000 0.153846
1 373 12.000000 11.000000 0.083333
1 374 11.000000 11.000000 0.000000
1 375 10.000000 10.000000 0.000000
1 376 11.000000 11.000000 0.000000
1 377 12.000000 11.000000 0.083333
1 378 11.000000 11.000000 0.000000
1 379 11.000000 10.000000 0.090909
1 380 11.000000 10.000000 0.090909
1 381 9.000000 9.000000 0.000000
1 382 10.000000 10.000000 0.000000
1 383 12.000000 11.000000 0.083333
1 384 11.000000 10.000000 0.090909
1 385 11.000000 11.000000 0.000000
1 386 12.000000 11.000000 0.083333
1 387 10.000000 10.000000 0.000000
1 388 11.000000 11.000000 0.000000
1 389 11.000000 10.000000 0.090909
1 390 11.000000 11.000000 0.000000
1 391 9.000000 9.000000 0.000000
1 392 10.000000 10.000000 0.000000
1 393 11.000000 10.000000 0.090909
1 394 10.000000 10.000000 0.000000
1 395 12.000000 10.000000 0.166667
1 396 12.000000 10.000000 0.166667
1 397 11.000000 10.000000 0.090909
1 398 11.000000 10.000000 0.090909
1 399 12.000000 11.000000 0.083333
1 400 13.000000 11.000000 0.153846
2 1 22.000000 17.000000 0.227273
2 2 21.000000 17.000000 0.190476
2 3 21.000000 18.000000 0.142857
2 4 17.000000 16.000000 0.058824
2 5 20.000000 16.000000 0.200000
2 6 16.000000 15.000000 0.062500
2 7 14.000000 14.000000 0.000000
2 8 18.000000 14.000000 0.222222
2 9 17.000000 14.000000 0.176471
2 10 10.000000 10.000000 0.000000
2 11 21.000000 20.000000 0.047619
2 12 17.000000 15.000000 0.117647
2 13 13.000000 12.000000 0.076923
2 14 16.000000 14.000000 0.125000
2 15 16.000000 12.000000 0.250000
2 16 22.000000 16.000000 0.272727
2 17 13.000000 12.000000 0.076923
2 18 12.000000 12.000000 0.000000
2 19 16.000000 13.000000 0.187500
2 20 16.000000 15.000000 0.062500
2 21 16.000000 14.000000 0.125000
2 22 18.000000 16.000000 0.111111
2 23 13.000000 13.000000 0.000000
2 24 18.000000 17.000000 0.055556
2 25 12.000000 12.000000 0.000000
2 26 27.000000 21.000000 0.222222
2 27 12.000000 12.000000 0.000000
2 28 19.000000 17.000000 0.105263
2 29 20.000000 19.000000 0.050000
2 30 17.000000 16.000000 0.058824
2 31 16.000000 13.000000 0.187500
2 32 22.000000 19.000000 0.136364
2 33 18.000000 15.000000 0.166667
2 34 18.000000 15.000000 0.166667
2 35 11.000000 11.000000 0.000000
2 36 15.000000 12.000000 0.200000
2 37 19.000000 16.000000 0.157895
2 38 12.000000 11.000000 0.083333
2 39 12.000000 12.000000 0.000000
2 40 14.000000 13.000000 0.071429
2 41 13.000000 11.000000 0.153846
2 42 23.000000 17.000000 0.260870
2 43 26.000000 21.000000 0.192308
2 44 20.000000 17.000000 0.150000
2 45 17.000000 15.000000 0.117647
2 46 14.000000 13.000000 0.071429
2 47 13.000000 12.000000 0.076923
2 48 17.000000 15.000000 0.117647
2 49 17.000000 14.000000 0.176471
2 50 17.000000 15.000000 0.117647
2 51 16.000000 16.000000 0.000000
2 52 20.000000 18.000000 0.100000
2 53 11.000000 11.000000 0.000000
2 54 11.000000 11.000000 0.000000
2 55 13.000000 11.000000 0.153846
2 56 16.000000 14.000000 0.125000
2 57 13.000000 12.000000 0.076923
2 58 22.000000 18.000000 0.181818
2 59 16.000000 15.000000 0.062500
2 60 17.000000 15.000000 0.117647
2 61 14.000000 13.000000 0.071429
2 62 21.000000 16.000000 0.238095
2 63 17.000000 14.000000 0.176471
2 64 13.000000 13.000000 0.000000
2 65 20.000000 16.000000 0.200000
2 66 13.000000 12.000000 0.076923
2 67 17.000000 14.000000 0.176471
2 68 13.000000 12.000000 0.076923
2 69 18.000000 15.000000 0.166667
2 70 13.000000 12.000000 0.076923
2 71 21.000000 16.000000 0.238095
2 72 15.000000 14.000000 0.066667
2 73 14.000000 14.000000 0.000000
2 74 10.000000 10.000000 0.000000
2 75 13.000000 12.000000 0.076923
2 76 16.000000 16.000000 0.000000
2 77 14.000000 12.000000 0.142857
2 78 17.000000 15.000000 0.117647
2 79 17.000000 14.000000 0.176471
2 80 16.000000 14.000000 0.125000
2 81 17.000000 14.000000 0.176471
2 82 15.000000 13.000000 0.133333
2 83 21.000000 18.000000 0.142857
2 84 17.000000 14.000000 0.176471
2 85 15.000000 14.000000 0.066667
2 86 17.000000 13.000000 0.235294
2 87 13.000000 12.000000 0.076923
2 88 27.000000 20.000000 0.259259
2 89 19.000000 16.000000 0.157895
2 90 24.000000 20.000000 0.166667
2 91 17.000000 15.000000 0.117647
2 92 18.000000 16.000000 0.111111
2 93 21.000000 19.000000 0.095238
2 94 15.000000 13.000000 0.133333
2 95 14.000000 13.000000 0.071429
2 96 24.000000 20.000000 0.166667
2 97 15.000000 13.000000 0.133333
2 98 25.000000 21.000000 0.160000
2 99 22.000000 16.000000 0.272727
2 100 13.000000 13.000000 0.000000
2 101 16.000000 15.000000 0.062500
2 102 19.000000 16.000000 0.157895
2 103 15.000000 15.000000 0.000000
2 104 19.000000 17.000000 0.105263
2 105 17.000000 14.000000 0.176471
2 106 13.000000 12.000000 0.076923
2 107 20.000000 18.000000 0.100000
2 108 27.000000 18.000000 0.333333
2 109 16.000000 12.000000 0.250000
2 110 17.000000 14.000000 0.176471
2 111 19.000000 15.000000 0.210526
2 112 15.000000 15.000000 0.000000
2 113 20.000000 19.000000 0.050000
2 114 13.000000 12.000000 0.076923
2 115 19.000000 16.000000 0.157895
2 116 10.000000 10.000000 0.000000
2 117 11.000000 11.000000 0.000000
2 118 22.000000 19.000000 0.136364
2 119 26.000000 20.000000 0.230769
2 120 16.000000 14.000000 0.125000
2 121 14.000000 11.000000 0.214286
2 122 19.000000 16.000000 0.157895
2 123 18.000000 15.000000 0.166667
2 124 24.000000 19.000000 0.208333
2 125 14.000000 12.000000 0.142857
2 126 15.000000 13.000000 0.133333
2 127 19.000000 17.000000 0.105263
2 128 15.000000 14.000000 0.066667
2 129 21.000000 19.000000 0.095238
2 130 27.000000 20.000000 0.259259
2 131 14.000000 13.000000 0.071429
2 132 22.000000 16.000000 0.272727
2 133 16.000000 13.000000 0.187500
2 134 20.000000 16.000000 0.200000
2 135 15.000000 13.000000 0.133333
2 136 12.000000 10.000000 0.166667
2 137 21.000000 19.000000 0.095238
2 138 18.000000 16.000000 0.111111
2 139 20.000000 16.000000 0.200000
2 140 17.000000 13.000000 0.235294
2 141 19.000000 16.000000 0.157895
2 142 12.000000 12.000000 0.000000
2 143 15.000000 14.000000 0.066667
2 144 18.000000 13.000000 0.277778
2 145 14.000000 13.000000 0.071429
2 146 18.000000 15.000000 0.166667
2 147 16.000000 15.000000 0.062500
2 148 16.000000 15.000000 0.062500
2 149 12.000000 11.000000 0.083333
2 150 18.000000 15.000000 0.166667
2 151 21.000000 18.000000 0.142857
2 152 14.000000 12.000000 0.142857
2 153 14.000000 12.000000 0.142857
2 154 11.000000 10.000000 0.090909
2 155 12.000000 11.000000 0.083333
2 156 13.000000 12.000000 0.076923
2 157 14.000000 13.000000 0.071429
2 158 15.000000 14.000000 0.066667
2 159 12.000000 11.000000 0.083333
2 160 22.000000 16.000000 0.272727
2 161 16.000000 14.000000 0.125000
2 162 18.000000 17.000000 0.055556
2 163 21.000000 18.000000 0.142857
2 164 20.000000 16.000000 0.200000
2 165 19.000000 17.000000 0.105263
2 166 14.000000 13.000000 0.071429
2 167 22.000000 18.000000 0.181818
2 168 21.000000 15.000000 0.285714
2 169 21.000000 16.000000 0.238095
2 170 13.000000 13.000000 0.000000
2 171 15.000000 12.000000 0.200000
2 172 13.000000 12.000000 0.076923
2 173 14.000000 14.000000 0.000000
2 174 24.000000 20.000000 0.166667
2 175 22.000000 18.000000 0.181818
2 176 18.000000 16.000000 0.111111
2 177 13.000000 12.000000 0.076923
2 178 18.000000 15.000000 0.166667
2 179 12.000000 12.000000 0.000000
2 180 32.000000 24.000000 0.250000
2 181 21.000000 16.000000 0.238095
2 182 13.000000 13.000000 0.000000
2 183 22.000000 18.000000 0.181818
2 184 20.000000 17.000000 0.150000
2 185 23.000000 18.000000 0.217391
2 186 17.000000 14.000000 0.176471
2 187 17.000000 14.000000 0.176471
2 188 14.000000 11.000000 0.214286
2 189 21.000000 17.000000 0.190476
2 190 16.000000 13.000000 0.187500
2 191 12.000000 12.000000 0.000000
2 192 19.000000 15.000000 0.210526
2 193 14.000000 12.000000 0.142857
2 194 20.000000 16.000000 0.200000
2 195 16.000000 14.000000 0.125000
2 196 10.000000 10.000000 0.000000
2 197 13.000000 12.000000 0.076923
2 198 17.000000 16.000000 0.058824
2 199 20.000000 17.000000 0.150000
2 200 15.000000 13.000000 0.133333
2 201 16.000000 14.000000 0.125000
2 202 17.000000 14.000000 0.176471
2 203 18.000000 13.000000 0.277778
2 204 19.000000 14.000000 0.263158
2 205 14.000000 12.000000 0.142857
2 206 18.000000 14.000000 0.222222
2 207 15.000000 12.000000 0.200000
2 208 14.000000 13.000000 0.071429
2 209 16.000000 15.000000 0.062500
2 210 15.000000 15.000000 0.000000
2 211 20.000000 16.000000 0.200000
2 212 12.000000 11.000000 0.083333
2 213 17.000000 14.000000 0.176471
2 214 12.000000 12.000000 0.000000
2 215 19.000000 16.000000 0.157895
2 216 19.000000 16.000000 0.157895
2 217 17.000000 14.000000 0.176471
2 218 19.000000 16.000000 0.157895
2 219 19.000000 16.000000 0.157895
2 220 23.000000 19.000000 0.173913
2 221 19.000000 16.000000 0.157895
2 222 18.000000 17.000000 0.055556
2 223 12.000000 12.000000 0.000000
2 224 12.000000 12.000000 0.000000
2 225 25.000000 19.000000 0.240000
2 226 17.000000 14.000000 0.176471
2 227 22.000000 16.000000 0.272727
2 228 17.000000 14.000000 0.176471
2 229 12.000000 11.000000 0.083333
2 230 17.000000 15.000000 0.117647
2 231 14.000000 13.000000 0.071429
2 232 12.000000 10.000000 0.166667
2 233 11.000000 10.000000 0.090909
2 234 21.000000 19.000000 0.095238
2 235 13.000000 13.000000 0.000000
2 236 10.000000 10.000000 0.000000
2 237 16.000000 14.000000 0.125000
2 238 16.000000 14.000000 0.125000
2 239 20.000000 16.000000 0.200000
2 240 15.000000 13.000000 0.133333
2 241 19.000000 14.000000 0.263158
2 242 12.000000 12.000000 0.000000
2 243 20.000000 17.000000 0.150000
2 244 17.000000 13.000000 0.235294
2 245 17.000000 15.000000 0.117647
2 246 18.000000 14.000000 0.222222
2 247 17.000000 15.000000 0.117647
2 248 19.000000 16.000000 0.157895
2 249 11.000000 10.000000 0.090909
2 250 11.000000 11.000000 0.000000
2 251 15.000000 14.000000 0.066667
2 252 13.000000 11.000000 0.153846
2 253 19.000000 18.000000 0.052632
2 254 15.000000 13.000000 0.133333
2 255 22.000000 17.000000 0.227273
2 256 14.000000 13.000000 0.071429
2 257 18.000000 16.000000 0.111111
2 258 15.000000 13.000000 0.133333
2 259 23.000000 21.000000 0.086957
2 260 11.000000 11.000000 0.000000
2 261 18.000000 16.000000 0.111111
2 262 13.000000 12.000000 0.076923
2 263 14.000000 12.000000 0.142857
2 264 14.000000 11.000000 0.214286
2 265 20.000000 16.000000 0.200000
2 266 18.000000 15.000000 0.166667
2 267 17.000000 14.000000 0.176471
2 268 19.000000 14.000000 0.263158
2 269 21.000000 18.000000 0.142857
2 270 13.000000 12.000000 0.076923
2 271 16.000000 12.000000 0.250000
2 272 10.000000 10.000000 0.000000
2 273 11.000000 11.000000 0.000000
2 274 17.000000 15.000000 0.117647
2 275 18.000000 16.000000 0.111111
2 276 16.000000 14.000000 0.125000
2 277 14.000000 12.000000 0.142857
2 278 13.000000 12.000000 0.076923
2 279 15.000000 14.000000 0.066667
2 280 17.000000 14.000000 0.176471
2 281 14.000000 14.000000 0.000000
2 282 20.000000 17.000000 0.150000
2 283 11.000000 11.000000 0.000000
2 284 15.000000 13.000000 0.133333
2 285 24.000000 19.000000 0.208333
2 286 24.000000 18.000000 0.250000
2 287 15.000000 12.000000 0.200000
2 288 21.000000 18.000000 0.142857
2 289 12.000000 12.000000 0.000000
2 290 12.000000 12.000000 0.000000
2 291 15.000000 15.000000 0.000000
2 292 24.000000 20.000000 0.166667
2 293 18.000000 16.000000 0.111111
2 294 16.000000 14.000000 0.125000
2 295 15.000000 13.000000 0.133333
2 296 23.000000 17.000000 0.260870
2 297 17.000000 15.000000 0.117647
2 298 14.000000 12.000000 0.142857
2 299 14.000000 14.000000 0.000000
2 300 21.000000 19.000000 0.095238
2 301 12.000000 11.000000 0.083333
2 302 18.000000 15.000000 0.166667
2 303 18.000000 14.000000 0.222222
2 304 24.000000 20.000000 0.166667
2 305 15.000000 12.000000 0.200000
2 306 25.000000 19.000000 0.240000
2 307 18.000000 15.000000 0.166667
2 308 24.000000 20.000000 0.166667
2 309 19.000000 14.000000 0.263158
2 310 11.000000 10.000000 0.090909
2 311 10.000000 10.000000 0.000000
2 312 13.000000 13.000000 0.000000
2 313 22.000000 18.000000 0.181818
2 314 22.000000 19.000000 0.136364
2 315 15.000000 14.000000 0.066667
2 316 17.000000 15.000000 0.117647
2 317 18.000000 15.000000 0.166667
2 318 15.000000 13.000000 0.133333
2 319 20.000000 17.000000 0.150000
2 320 18.000000 15.000000 0.166667
2 321 19.000000 17.000000 0.105263
2 322 18.000000 15.000000 0.166667
2 323 19.000000 15.000000 0.210526
2 324 24.000000 21.000000 0.125000
2 325 19.000000 17.000000 0.105263
2 326 13.000000 11.000000 0.153846
2 327 16.000000 13.000000 0.187500
2 328 14.000000 13.000000 0.071429
2 329 16.000000 12.000000 0.250000
2 330 19.000000 14.000000 0.263158
2 331 20.000000 17.000000 0.150000
2 332 19.000000 17.000000 0.105263
2 333 13.000000 11.000000 0.153846
2 334 16.000000 13.000000 0.187500
2 335 16.000000 16.000000 0.000000
2 336 12.000000 11.000000 0.083333
2 337 12.000000 12.000000 0.000000
2 338 22.000000 16.000000 0.272727
2 339 19.000000 15.000000 0.210526
2 340 19.000000 16.000000 0.157895
2 341 12.000000 12.000000 0.000000
2 342 22.000000 19.000000 0.136364
2 343 20.000000 17.000000 0.150000
2 344 15.000000 12.000000 0.200000
2 345 18.000000 15.000000 0.166667
2 346 15.000000 12.000000 0.200000
2 347 13.000000 13.000000 0.000000
2 348 19.000000 17.000000 0.105263
2 349 15.000000 14.000000 0.066667
2 350 12.000000 11.000000 0.083333
2 351 18.000000 15.000000 0.166667
2 352 19.000000 15.000000 0.210526
2 353 23.000000 16.000000 0.304348
2 354 12.000000 12.000000 0.000000
2 355 20.000000 16.000000 0.200000
2 356 14.000000 13.000000 0.071429
2 357 12.000000 11.000000 0.083333
2 358 18.000000 16.000000 0.111111
2 359 13.000000 13.000000 0.000000
2 360 24.000000 16.000000 0.333333
2 361 19.000000 16.000000 0.157895
2 362 17.000000 14.000000 0.176471
2 363 21.000000 16.000000 0.238095
2 364 18.000000 18.000000 0.000000
2 365 15.000000 14.000000 0.066667
2 366 18.000000 14.000000 0.222222
2 367 14.000000 13.000000 0.071429
2 368 21.000000 17.000000 0.190476
2 369 17.000000 14.000000 0.176471
2 370 20.000000 16.000000 0.200000
2 371 15.000000 13.000000 0.133333
2 372 13.000000 12.000000 0.076923
2 373 19.000000 17.000000 0.105263
2 374 13.000000 12.000000 0.076923
2 375 26.000000 21.000000 0.192308
2 376 21.000000 18.000000 0.142857
2 377 18.000000 15.000000 0.166667
2 378 10.000000 10.000000 0.000000
2 379 22.000000 18.000000 0.181818
2 380 18.000000 14.000000 0.222222
2 381 13.000000 13.000000 0.000000
2 382 19.000000 18.000000 0.052632
2 383 16.000000 15.000000 0.062500
2 384 19.000000 14.000000 0.263158
2 385 13.000000 12.000000 0.076923
2 386 21.000000 17.000000 0.190476
2 387 14.000000 11.000000 0.214286
2 388 17.000000 14.000000 0.176471
2 389 16.000000 13.000000 0.187500
2 390 19.000000 15.000000 0.210526
2 391 21.000000 16.000000 0.238095
2 392 15.000000 14.000000 0.066667
2 393 21.000000 17.000000 0.190476
2 394 20.000000 17.000000 0.150000
2 395 21.000000 16.000000 0.238095
2 396 17.000000 15.000000 0.117647
2 397 24.000000 17.000000 0.291667
2 398 17.000000 14.000000 0.176471
2 399 19.000000 16.000000 0.157895
2 400 10.000000 10.000000 0.000000
3 1 34.000000 27.000000 0.205882
3 2 29.000000 25.000000 0.137931
3 3 39.000000 33.000000 0.153846
3 4 52.000000 40.000000 0.230769
3 5 32.000000 27.000000 0.156250
3 6 38.000000 34.000000 0.105263
3 7 29.000000 24.000000 0.172414
3 8 36.000000 29.000000 0.194444
3 9 38.000000 34.000000 0.105263
3 10 36.000000 29.000000 0.194444
3 11 36.000000 30.000000 0.166667
3 12 23.000000 20.000000 0.130435
3 13 28.000000 27.000000 0.035714
3 14 32.000000 29.000000 0.093750
3 15 24.000000 23.000000 0.041667
3 16 44.000000 35.000000 0.204545
3 17 28.000000 24.000000 0.142857
3 18 32.000000 26.000000 0.187500
3 19 46.000000 32.000000 0.304348
3 20 20.000000 16.000000 0.200000
3 21 42.000000 31.000000 0.261905
3 22 30.000000 25.000000 0.166667
3 23 23.000000 18.000000 0.217391
3 24 40.000000 29.000000 0.275000
3 25 30.000000 26.000000 0.133333
3 26 35.000000 27.000000 0.228571
3 27 27.000000 25.000000 0.074074
3 28 31.000000 25.000000 0.193548
3 29 35.000000 28.000000 0.200000
3 30 35.000000 29.000000 0.171429
3 31 40.000000 26.000000 0.350000
3 32 32.000000 27.000000 0.156250
3 33 27.000000 21.000000 0.222222
3 34 20.000000 18.000000 0.100000
3 35 23.000000 20.000000 0.130435
3 36 45.000000 35.000000 0.222222
3 37 16.000000 15.000000 0.062500
3 38 42.000000 31.000000 0.261905
3 39 28.000000 23.000000 0.178571
3 40 49.000000 38.000000 0.224490
3 41 32.000000 28.000000 0.125000
3 42 28.000000 22.000000 0.214286
3 43 27.000000 25.000000 0.074074
3 44 42.000000 36.000000 0.142857
3 45 37.000000 28.000000 0.243243
3 46 28.000000 24.000000 0.142857
3 47 50.000000 36.000000 0.280000
3 48 49.000000 37.000000 0.244898
3 49 44.000000 35.000000 0.204545
3 50 33.000000 27.000000 0.181818
3 51 34.000000 28.000000 0.176471
3 52 22.000000 21.000000 0.045455
3 53 31.000000 26.000000 0.161290
3 54 39.000000 30.000000 0.230769
3 55 27.000000 21.000000 0.222222
3 56 19.000000 18.000000 0.052632
3 57 41.000000 34.000000 0.170732
3 58 25.000000 22.000000 0.120000
3 59 22.000000 19.000000 0.136364
3 60 44.000000 32.000000 0.272727
3 61 28.000000 24.000000 0.142857
3 62 22.000000 18.000000 0.181818
3 63 30.000000 26.000000 0.133333
3 64 27.000000 21.000000 0.222222
3 65 27.000000 23.000000 0.148148
3 66 43.000000 35.000000 0.186047
3 67 29.000000 28.000000 0.034483
3 68 29.000000 27.000000 0.068966
3 69 47.000000 33.000000 0.297872
3 70 42.000000 34.000000 0.190476
3 71 37.000000 29.000000 0.216216
3 72 38.000000 28.000000 0.263158
3 73 40.000000 31.000000 0.225000
3 74 27.000000 23.000000 0.148148
3 75 40.000000 29.000000 0.275000
3 76 35.000000 27.000000 0.228571
3 77 22.000000 19.000000 0.136364
3 78 33.000000 27.000000 0.181818
3 79 27.000000 20.000000 0.259259
3 80 42.000000 33.000000 0.214286
3 81 45.000000 39.000000 0.133333
3 82 31.000000 25.000000 0.193548
3 83 33.000000 28.000000 0.151515
3 84 50.000000 42.000000 0.160000
3 85 46.000000 36.000000 0.217391
3 86 23.000000 21.000000 0.086957
3 87 29.000000 23.000000 0.206897
3 88 30.000000 27.000000 0.100000
3 89 36.000000 26.000000 0.277778
3 90 34.000000 28.000000 0.176471
3 91 38.000000 29.000000 0.236842
3 92 28.000000 24.000000 0.142857
3 93 42.000000 33.000000 0.214286
3 94 40.000000 32.000000 0.200000
3 95 28.000000 24.000000 0.142857
3 96 34.000000 29.000000 0.147059
3 97 33.000000 28.000000 0.151515
3 98 44.000000 35.000000 0.204545
3 99 28.000000 22.000000 0.214286
3 100 34.000000 31.000000 0.088235
3 101 36.000000 30.000000 0.166667
3 102 37.000000 31.000000 0.162162
3 103 33.000000 26.000000 0.212121
3 104 16.000000 14.000000 0.125000
3 105 30.000000 27.000000 0.100000
3 106 33.000000 26.000000 0.212121
3 107 52.000000 36.000000 0.307692
3 108 27.000000 21.000000 0.222222
3 109 20.000000 19.000000 0.050000
3 110 42.000000 31.000000 0.261905
3 111 35.000000 28.000000 0.200000
3 112 20.000000 18.000000 0.100000
3 113 23.000000 23.000000 0.000000
3 114 31.000000 28.000000 0.096774
3 115 45.000000 37.000000 0.177778
3 116 34.000000 30.000000 0.117647
3 117 28.000000 24.000000 0.142857
3 118 28.000000 24.000000 0.142857
3 119 33.000000 29.000000 0.121212
3 120 35.000000 28.000000 0.200000
3 121 29.000000 23.000000 0.206897
3 122 25.000000 22.000000 0.120000
3 123 29.000000 25.000000 0.137931
3 124 27.000000 25.000000 0.074074
3 125 35.000000 29.000000 0.171429
3 126 29.000000 25.000000 0.137931
3 127 34.000000 26.000000 0.235294
3 128 36.000000 31.000000 0.138889
3 129 33.000000 26.000000 0.212121
3 130 26.000000 21.000000 0.192308
3 131 35.000000 28.000000 0.200000
3 132 36.000000 28.000000 0.222222
3 133 20.000000 20.000000 0.000000
3 134 26.000000 20.000000 0.230769
3 135 29.000000 28.000000 0.034483
3 136 43.000000 37.000000 0.139535
3 137 26.000000 22.000000 0.153846
3 138 22.000000 22.000000 0.000000
3 139 10.000000 10.000000 0.000000
3 140 36.000000 33.000000 0.083333
3 141 35.000000 29.000000 0.171429
3 142 23.000000 22.000000 0.043478
3 143 48.000000 33.000000 0.312500
3 144 40.000000 34.000000 0.150000
3 145 30.000000 24.000000 0.200000
3 146 27.000000 23.000000 0.148148
3 147 42.000000 33.000000 0.214286
3 148 53.000000 35.000000 0.339623
3 149 34.000000 29.000000 0.147059
3 150 31.000000 27.000000 0.129032
3 151 34.000000 26.000000 0.235294
3 152 39.000000 31.000000 0.205128
3 153 46.000000 38.000000 0.173913
3 154 29.000000 26.000000 0.103448
3 155 42.000000 31.000000 0.261905
3 156 24.000000 22.000000 0.083333
3 157 36.000000 28.000000 0.222222
3 158 48.000000 38.000000 0.208333
3 159 39.000000 29.000000 0.256410
3 160 28.000000 24.000000 0.142857
3 161 33.000000 28.000000 0.151515
3 162 24.000000 21.000000 0.125000
3 163 34.000000 28.000000 0.176471
3 164 42.000000 34.000000 0.190476
3 165 29.000000 23.000000 0.206897
3 166 27.000000 23.000000 0.148148
3 167 25.000000 24.000000 0.040000
3 168 30.000000 26.000000 0.133333
3 169 39.000000 30.000000 0.230769
3 170 25.000000 20.000000 0.200000
3 171 32.000000 27.000000 0.156250
3 172 25.000000 22.000000 0.120000
3 173 35.000000 28.000000 0.200000
3 174 23.000000 21.000000 0.086957
3 175 41.000000 32.000000 0.219512
3 176 36.000000 29.000000 0.194444
3 177 32.000000 26.000000 0.187500
3 178 20.000000 20.000000 0.000000
3 179 36.000000 27.000000 0.250000
3 180 25.000000 20.000000 0.200000
3 181 27.000000 24.000000 0.111111
3 182 36.000000 26.000000 0.277778
3 183 34.000000 26.000000 0.235294
3 184 42.000000 34.000000 0.190476
3 185 34.000000 27.000000 0.205882
3 186 36.000000 27.000000 0.250000
3 187 37.000000 28.000000 0.243243
3 188 34.000000 24.000000 0.294118
3 189 38.000000 32.000000 0.157895
3 190 24.000000 21.000000 0.125000
3 191 31.000000 27.000000 0.129032
3 192 29.000000 21.000000 0.275862
3 193 31.000000 28.000000 0.096774
3 194 31.000000 28.000000 0.096774
3 195 16.000000 14.000000 0.125000
3 196 33.000000 29.000000 0.121212
3 197 27.000000 22.000000 0.185185
3 198 26.000000 21.000000 0.192308
3 199 32.000000 22.000000 0.312500
3 200 53.000000 40.000000 0.245283
3 201 48.000000 36.000000 0.250000
3 202 41.000000 33.000000 0.195122
3 203 33.000000 28.000000 0.151515
3 204 23.000000 21.000000 0.086957
3 205 39.000000 31.000000 0.205128
3 206 47.000000 35.000000 0.255319
3 207 36.000000 31.000000 0.138889
3 208 29.000000 22.000000 0.241379
3 209 36.000000 34.000000 0.055556
3 210 16.000000 16.000000 0.000000
3 211 31.000000 25.000000 0.193548
3 212 27.000000 23.000000 0.148148
3 213 37.000000 32.000000 0.135135
3 214 20.000000 17.000000 0.150000
3 215 36.000000 30.000000 0.166667
3 216 35.000000 29.000000 0.171429
3 217 53.000000 41.000000 0.226415
3 218 23.000000 20.000000 0.130435
3 219 21.000000 18.000000 0.142857
3 220 26.000000 22.000000 0.153846
3 221 35.000000 30.000000 0.142857
3 222 33.000000 29.000000 0.121212
3 223 25.000000 22.000000 0.120000
3 224 25.000000 22.000000 0.120000
3 225 25.000000 19.000000 0.240000
3 226 31.000000 25.000000 0.193548
3 227 34.000000 30.000000 0.117647
3 228 27.000000 23.000000 0.148148
3 229 32.000000 27.000000 0.156250
3 230 26.000000 23.000000 0.115385
3 231 37.000000 35.000000 0.054054
3 232 35.000000 27.000000 0.228571
3 233 30.000000 27.000000 0.100000
3 234 49.000000 35.000000 0.285714
3 235 43.000000 33.000000 0.232558
3 236 32.000000 26.000000 0.187500
3 237 44.000000 36.000000 0.181818
3 238 36.000000 29.000000 0.194444
3 239 28.000000 22.000000 0.214286
3 240 39.000000 30.000000 0.230769
3 241 39.000000 36.000000 0.076923
3 242 47.000000 35.000000 0.255319
3 243 30.000000 24.000000 0.200000
3 244 20.000000 18.000000 0.100000
3 245 23.000000 19.000000 0.173913
3 246 42.000000 31.000000 0.261905
3 247 50.000000 37.000000 0.260000
3 248 31.000000 23.000000 0.258065
3 249 50.000000 31.000000 0.380000
3 250 25.000000 21.000000 0.160000
3 251 20.000000 19.000000 0.050000
3 252 32.000000 25.000000 0.218750
3 253 28.000000 23.000000 0.178571
3 254 24.000000 23.000000 0.041667
3 255 50.000000 40.000000 0.200000
3 256 27.000000 22.000000 0.185185
3 257 27.000000 22.000000 0.185185
3 258 30.000000 23.000000 0.233333
3 259 29.000000 24.000000 0.172414
3 260 27.000000 25.000000 0.074074
3 261 33.000000 28.000000 0.151515
3 262 30.000000 25.000000 0.166667
3 263 37.000000 34.000000 0.081081
3 264 42.000000 32.000000 0.238095
3 265 35.000000 30.000000 0.142857
3 266 35.000000 27.000000 0.228571
3 267 46.000000 34.000000 0.260870
3 268 22.000000 20.000000 0.090909
3 269 33.000000 29.000000 0.121212
3 270 28.000000 24.000000 0.142857
3 271 41.000000 36.000000 0.121951
3 272 39.000000 36.000000 0.076923
3 273 42.000000 33.000000 0.214286
3 274 23.000000 21.000000 0.086957
3 275 41.000000 33.000000 0.195122
3 276 35.000000 29.000000 0.171429
3 277 28.000000 23.000000 0.178571
3 278 20.000000 17.000000 0.150000
3 279 40.000000 29.000000 0.275000
3 280 28.000000 26.000000 0.071429
3 281 26.000000 24.000000 0.076923
3 282 39.000000 30.000000 0.230769
3 283 41.000000 32.000000 0.219512
3 284 36.000000 27.000000 0.250000
3 285 32.000000 30.000000 0.062500
3 286 35.000000 27.000000 0.228571
3 287 40.000000 32.000000 0.200000
3 288 25.000000 24.000000 0.040000
3 289 23.000000 23.000000 0.000000
3 290 26.000000 22.000000 0.153846
3 291 24.000000 23.000000 0.041667
3 292 29.000000 25.000000 0.137931
3 293 30.000000 24.000000 0.200000
3 294 36.000000 32.000000 0.111111
3 295 26.000000 21.000000 0.192308
3 296 39.000000 31.000000 0.205128
3 297 37.000000 31.000000 0.162162
3 298 34.000000 29.000000 0.147059
3 299 27.000000 25.000000 0.074074
3 300 32.000000 25.000000 0.218750
3 301 35.000000 28.000000 0.200000
3 302 37.000000 30.000000 0.189189
3 303 30.000000 26.000000 0.133333
3 304 35.000000 31.000000 0.114286
3 305 27.000000 20.000000 0.259259
3 306 28.000000 23.000000 0.178571
3 307 30.000000 22.000000 0.266667
3 308 33.000000 28.000000 0.151515
3 309 37.000000 29.000000 0.216216
3 310 30.000000 25.000000 0.166667
3 311 33.000000 28.000000 0.151515
3 312 28.000000 22.000000 0.214286
3 313 28.000000 23.000000 0.178571
3 314 31.000000 29.000000 0.064516
3 315 30.000000 26.000000 0.133333
3 316 30.000000 24.000000 0.200000
3 317 26.000000 21.000000 0.192308
3 318 32.000000 26.000000 0.187500
3 319 22.000000 19.000000 0.136364
3 320 40.000000 33.000000 0.175000
3 321 27.000000 25.000000 0.074074
3 322 41.000000 34.000000 0.170732
3 323 40.000000 30.000000 0.250000
3 324 34.000000 25.000000 0.264706
3 325 22.000000 20.000000 0.090909
3 326 33.000000 26.000000 0.212121
3 327 36.000000 27.000000 0.250000
3 328 38.000000 32.000000 0.157895
3 329 28.000000 23.000000 0.178571
3 330 38.000000 27.000000 0.289474
3 331 43.000000 37.000000 0.139535
3 332 25.000000 21.000000 0.160000
3 333 39.000000 29.000000 0.256410
3 334 38.000000 33.000000 0.131579
3 335 23.000000 19.000000 0.173913
3 336 34.000000 25.000000 0.264706
3 337 32.000000 25.000000 0.218750
3 338 40.000000 28.000000 0.300000
3 339 19.000000 17.000000 0.105263
3 340 31.000000 27.000000 0.129032
3 341 42.000000 35.000000 0.166667
3 342 32.000000 28.000000 0.125000
3 343 35.000000 27.000000 0.228571
3 344 32.000000 24.000000 0.250000
3 345 20.000000 18.000000 0.100000
3 346 28.000000 25.000000 0.107143
3 347 45.000000 32.000000 0.288889
3 348 30.000000 28.000000 0.066667
3 349 31.000000 25.000000 0.193548
3 350 37.000000 28.000000 0.243243
3 351 34.000000 27.000000 0.205882
3 352 36.000000 27.000000 0.250000
3 353 14.000000 14.000000 0.000000
3 354 21.000000 18.000000 0.142857
3 355 29.000000 23.000000 0.206897
3 356 30.000000 25.000000 0.166667
3 357 30.000000 24.000000 0.200000
3 358 23.000000 21.000000 0.086957
3 359 28.000000 23.000000 0.178571
3 360 28.000000 26.000000 0.071429
3 361 32.000000 28.000000 0.125000
3 362 41.000000 33.000000 0.195122
3 363 21.000000 17.000000 0.190476
3 364 26.000000 20.000000 0.230769
3 365 30.000000 25.000000 0.166667
3 366 33.000000 27.000000 0.181818
3 367 39.000000 31.000000 0.205128
3 368 26.000000 25.000000 0.038462
3 369 43.000000 32.000000 0.255814
3 370 42.000000 27.000000 0.357143
3 371 32.000000 25.000000 0.218750
3 372 25.000000 19.000000 0.240000
3 373 30.000000 25.000000 0.166667
3 374 23.000000 23.000000 0.000000
3 375 44.000000 33.000000 0.250000
3 376 32.000000 27.000000 0.156250
3 377 39.000000 26.000000 0.333333
3 378 44.000000 34.000000 0.227273
3 379 37.000000 29.000000 0.216216
3 380 39.000000 32.000000 0.179487
3 381 26.000000 21.000000 0.192308
3 382 19.000000 16.000000 0.157895
3 383 51.000000 41.000000 0.196078
3 384 50.000000 40.000000 0.200000
3 385 19.000000 19.000000 0.000000
3 386 38.000000 31.000000 0.184211
3 387 30.000000 24.000000 0.200000
3 388 23.000000 20.000000 0.130435
3 389 18.000000 16.000000 0.111111
3 390 30.000000 26.000000 0.133333
3 391 35.000000 29.000000 0.171429
3 392 21.000000 19.000000 0.095238
3 393 26.000000 25.000000 0.038462
3 394 32.000000 24.000000 0.250000
3 395 25.000000 19.000000 0.240000
3 396 40.000000 33.000000 0.175000
3 397 31.000000 27.000000 0.129032
3 398 30.000000 25.000000 0.166667
3 399 33.000000 26.000000 0.212121
3 400 31.000000 26.000000 0.161290
4 1 53.000000 42.000000 0.207547
4 2 78.000000 64.000000 0.179487
4 3 72.000000 57.000000 0.208333
4 4 61.000000 51.000000 0.163934
4 5 56.000000 45.000000 0.196429
4 6 43.000000 34.000000 0.209302
4 7 86.000000 63.000000 0.267442
4 8 80.000000 64.000000 0.200000
4 9 54.000000 45.000000 0.166667
4 10 99.000000 74.000000 0.252525
4 11 44.000000 36.000000 0.181818
4 12 53.000000 45.000000 0.150943
4 13 60.000000 52.000000 0.133333
4 14 68.000000 61.000000 0.102941
4 15 47.000000 40.000000 0.148936
4 16 53.000000 43.000000 0.188679
4 17 83.000000 64.000000 0.228916
4 18 93.000000 75.000000 0.193548
4 19 86.000000 68.000000 0.209302
4 20 62.000000 51.000000 0.177419
4 21 64.000000 49.000000 0.234375
4 22 52.000000 46.000000 0.115385
4 23 72.000000 60.000000 0.166667
4 24 57.000000 42.000000 0.263158
4 25 72.000000 60.000000 0.166667
4 26 81.000000 62.000000 0.234568
4 27 56.000000 42.000000 0.250000
4 28 96.000000 70.000000 0.270833
4 29 68.000000 54.000000 0.205882
4 30 46.000000 35.000000 0.239130
4 31 52.000000 42.000000 0.192308
4 32 42.000000 40.000000 0.047619
4 33 63.000000 53.000000 0.158730
4 34 59.000000 44.000000 0.254237
4 35 65.000000 51.000000 0.215385
4 36 60.000000 56.000000 0.066667
4 37 57.000000 48.000000 0.157895
4 38 51.000000 43.000000 0.156863
4 39 91.000000 66.000000 0.274725
4 40 76.000000 57.000000 0.250000
4 41 66.000000 52.000000 0.212121
4 42 77.000000 58.000000 0.246753
4 43 37.000000 34.000000 0.081081
4 44 36.000000 34.000000 0.055556
4 45 64.000000 52.000000 0.187500
4 46 67.000000 52.000000 0.223881
4 47 85.000000 67.000000 0.211765
4 48 63.000000 51.000000 0.190476
4 49 59.000000 49.000000 0.169492
4 50 59.000000 48.000000 0.186441
4 51 69.000000 49.000000 0.289855
4 52 69.000000 57.000000 0.173913
4 53 84.000000 61.000000 0.273810
4 54 44.000000 37.000000 0.159091
4 55 46.000000 39.000000 0.152174
4 56 81.000000 62.000000 0.234568
4 57 90.000000 70.000000 0.222222
4 58 71.000000 56.000000 0.211268
4 59 56.000000 43.000000 0.232143
4 60 57.000000 53.000000 0.070175
4 61 41.000000 35.000000 0.146341
4 62 79.000000 69.000000 0.126582
4 63 86.000000 60.000000 0.302326
4 64 87.000000 65.000000 0.252874
4 65 47.000000 42.000000 0.106383
4 66 52.000000 40.000000 0.230769
4 67 51.000000 40.000000 0.215686
4 68 97.000000 77.000000 0.206186
4 69 78.000000 63.000000 0.192308
4 70 48.000000 45.000000 0.062500
4 71 53.000000 42.000000 0.207547
4 72 83.000000 66.000000 0.204819
4 73 58.000000 44.000000 0.241379
4 74 72.000000 58.000000 0.194444
4 75 20.000000 20.000000 0.000000
4 76 43.000000 35.000000 0.186047
4 77 54.000000 46.000000 0.148148
4 78 69.000000 50.000000 0.275362
4 79 99.000000 76.000000 0.232323
4 80 60.000000 47.000000 0.216667
4 81 57.000000 46.000000 0.192982
4 82 60.000000 45.000000 0.250000
4 83 69.000000 51.000000 0.260870
4 84 82.000000 63.000000 0.231707
4 85 61.000000 51.000000 0.163934
4 86 73.000000 56.000000 0.232877
4 87 57.000000 51.000000 0.105263
4 88 82.000000 67.000000 0.182927
4 89 60.000000 55.000000 0.083333
4 90 54.000000 46.000000 0.148148
4 91 61.000000 49.000000 0.196721
4 92 52.000000 41.000000 0.211538
4 93 60.000000 51.000000 0.150000
4 94 58.000000 47.000000 0.189655
4 95 72.000000 53.000000 0.263889
4 96 90.000000 67.000000 0.255556
4 97 98.000000 75.000000 0.234694
4 98 46.000000 39.000000 0.152174
4 99 57.000000 50.000000 0.122807
4 100 46.000000 36.000000 0.217391
4 101 64.000000 53.000000 0.171875
4 102 54.000000 41.000000 0.240741
4 103 60.000000 47.000000 0.216667
4 104 51.000000 41.000000 0.196078
4 105 61.000000 49.000000 0.196721
4 106 68.000000 59.000000 0.132353
4 107 86.000000 70.000000 0.186047
4 108 52.000000 38.000000 0.269231
4 109 26.000000 25.000000 0.038462
4 110 63.000000 57.000000 0.095238
4 111 77.000000 56.000000 0.272727
4 112 58.000000 50.000000 0.137931
4 113 67.000000 51.000000 0.238806
4 114 88.000000 67.000000 0.238636
4 115 85.000000 62.000000 0.270588
4 116 88.000000 67.000000 0.238636
4 117 54.000000 45.000000 0.166667
4 118 53.000000 48.000000 0.094340
4 119 73.000000 58.000000 0.205479
4 120 59.000000 43.000000 0.271186
4 121 66.000000 50.000000 0.242424
4 122 53.000000 38.000000 0.283019
4 123 60.000000 50.000000 0.166667
4 124 70.000000 55.000000 0.214286
4 125 69.000000 55.000000 0.202899
4 126 54.000000 44.000000 0.185185
4 127 56.000000 43.000000 0.232143
4 128 84.000000 66.000000 0.214286
4 129 60.000000 50.000000 0.166667
4 130 45.000000 42.000000 0.066667
4 131 80.000000 64.000000 0.200000
4 132 61.000000 48.000000 0.213115
4 133 84.000000 63.000000 0.250000
4 134 73.000000 56.000000 0.232877
4 135 60.000000 51.000000 0.150000
4 136 48.000000 42.000000 0.125000
4 137 50.000000 42.000000 0.160000
4 138 58.000000 52.000000 0.103448
4 139 57.000000 50.000000 0.122807
4 140 62.000000 50.000000 0.193548
4 141 64.000000 50.000000 0.218750
4 142 65.000000 55.000000 0.153846
4 143 38.000000 37.000000 0.026316
4 144 66.000000 56.000000 0.151515
4 145 56.000000 43.000000 0.232143
4 146 82.000000 62.000000 0.243902
4 147 87.000000 66.000000 0.241379
4 148 63.000000 53.000000 0.158730
4 149 52.000000 45.000000 0.134615
4 150 68.000000 57.000000 0.161765
4 151 89.000000 66.000000 0.258427
4 152 62.000000 52.000000 0.161290
4 153 86.000000 65.000000 0.244186
4 154 65.000000 49.000000 0.246154
4 155 75.000000 61.000000 0.186667
4 156 64.000000 49.000000 0.234375
4 157 53.000000 45.000000 0.150943
4 158 76.000000 55.000000 0.276316
4 159 81.000000 60.000000 0.259259
4 160 65.000000 54.000000 0.169231
4 161 83.000000 67.000000 0.192771
4 162 55.000000 49.000000 0.109091
4 163 86.000000 71.000000 0.174419
4 164 65.000000 53.000000 0.184615
4 165 84.000000 66.000000 0.214286
4 166 54.000000 47.000000 0.129630
4 167 58.000000 45.000000 0.224138
4 168 73.000000 57.000000 0.219178
4 169 85.000000 67.000000 0.211765
4 170 45.000000 37.000000 0.177778
4 171 78.000000 64.000000 0.179487
4 172 59.000000 47.000000 0.203390
4 173 52.000000 43.000000 0.173077
4 174 92.000000 63.000000 0.315217
4 175 69.000000 50.000000 0.275362
4 176 74.000000 55.000000 0.256757
4 177 58.000000 46.000000 0.206897
4 178 66.000000 55.000000 0.166667
4 179 38.000000 34.000000 0.105263
4 180 75.000000 62.000000 0.173333
4 181 62.000000 53.000000 0.145161
4 182 72.000000 60.000000 0.166667
4 183 74.000000 59.000000 0.202703
4 184 75.000000 53.000000 0.293333
4 185 87.000000 68.000000 0.218391
4 186 64.000000 53.000000 0.171875
4 187 59.000000 48.000000 0.186441
4 188 55.000000 45.000000 0.181818
4 189 78.000000 58.000000 0.256410
4 190 66.000000 51.000000 0.227273
4 191 57.000000 46.000000 0.192982
4 192 62.000000 50.000000 0.193548
4 193 68.000000 60.000000 0.117647
4 194 57.000000 45.000000 0.210526
4 195 54.000000 44.000000 0.185185
4 196 67.000000 59.000000 0.119403
4 197 60.000000 49.000000 0.183333
4 198 67.000000 52.000000 0.223881
4 199 57.000000 47.000000 0.175439
4 200 76.000000 53.000000 0.302632
4 201 55.000000 47.000000 0.145455
4 202 45.000000 36.000000 0.200000
4 203 80.000000 63.000000 0.212500
4 204 71.000000 54.000000 0.239437
4 205 92.000000 69.000000 0.250000
4 206 79.000000 64.000000 0.189873
4 207 62.000000 46.000000 0.258065
4 208 70.000000 53.000000 0.242857
4 209 57.000000 45.000000 0.210526
4 210 71.000000 59.000000 0.169014
4 211 79.000000 65.000000 0.177215
4 212 76.000000 58.000000 0.236842
4 213 50.000000 44.000000 0.120000
4 214 88.000000 75.000000 0.147727
4 215 71.000000 54.000000 0.239437
4 216 69.000000 58.000000 0.159420
4 217 81.000000 64.000000 0.209877
4 218 74.000000 55.000000 0.256757
4 219 75.000000 60.000000 0.200000
4 220 61.000000 55.000000 0.098361
4 221 44.000000 39.000000 0.113636
4 222 72.000000 55.000000 0.236111
4 223 86.000000 65.000000 0.244186
4 224 80.000000 62.000000 0.225000
4 225 47.000000 38.000000 0.191489
4 226 54.000000 48.000000 0.111111
4 227 74.000000 62.000000 0.162162
4 228 51.000000 45.000000 0.117647
4 229 110.000000 84.000000 0.236364
4 230 71.000000 62.000000 0.126761
4 231 49.000000 42.000000 0.142857
4 232 78.000000 62.000000 0.205128
4 233 75.000000 62.000000 0.173333
4 234 88.000000 71.000000 0.193182
4 235 52.000000 39.000000 0.250000
4 236 78.000000 61.000000 0.217949
4 237 65.000000 53.000000 0.184615
4 238 67.000000 52.000000 0.223881
4 239 38.000000 33.000000 0.131579
4 240 55.000000 45.000000 0.181818
4 241 62.000000 49.000000 0.209677
4 242 49.000000 43.000000 0.122449
4 243 72.000000 54.000000 0.250000
4 244 76.000000 67.000000 0.118421
4 245 60.000000 51.000000 0.150000
4 246 85.000000 70.000000 0.176471
4 247 69.000000 59.000000 0.144928
4 248 64.000000 44.000000 0.312500
4 249 44.000000 38.000000 0.136364
4 250 34.000000 29.000000 0.147059
4 251 50.000000 35.000000 0.300000
4 252 64.000000 49.000000 0.234375
4 253 82.000000 69.000000 0.158537
4 254 46.000000 38.000000 0.173913
4 255 68.000000 55.000000 0.191176
4 256 63.000000 49.000000 0.222222
4 257 77.000000 69.000000 0.103896
4 258 81.000000 66.000000 0.185185
4 259 45.000000 36.000000 0.200000
4 260 104.000000 79.000000 0.240385
4 261 82.000000 61.000000 0.256098
4 262 65.000000 47.000000 0.276923
4 263 47.000000 42.000000 0.106383
4 264 64.000000 53.000000 0.171875
4 265 70.000000 61.000000 0.128571
4 266 65.000000 51.000000 0.215385
4 267 76.000000 54.000000 0.289474
4 268 55.000000 46.000000 0.163636
4 269 75.000000 58.000000 0.226667
4 270 61.000000 48.000000 0.213115
4 271 72.000000 54.000000 0.250000
4 272 72.000000 62.000000 0.138889
4 273 62.000000 54.000000 0.129032
4 274 43.000000 37.000000 0.139535
4 275 43.000000 40.000000 0.069767
4 276 55.000000 44.000000 0.200000
4 277 71.000000 56.000000 0.211268
4 278 83.000000 67.000000 0.192771
4 279 62.000000 47.000000 0.241935
4 280 84.000000 60.000000 0.285714
4 281 74.000000 60.000000 0.189189
4 282 67.000000 52.000000 0.223881
4 283 86.000000 67.000000 0.220930
4 284 60.000000 47.000000 0.216667
4 285 72.000000 60.000000 0.166667
4 286 70.000000 60.000000 0.142857
4 287 59.000000 48.000000 0.186441
4 288 50.000000 46.000000 0.080000
4 289 95.000000 73.000000 0.231579
4 290 69.000000 56.000000 0.188406
4 291 63.000000 51.000000 0.190476
4 292 44.000000 37.000000 0.159091
4 293 38.000000 35.000000 0.078947
4 294 59.000000 52.000000 0.118644
4 295 53.000000 40.000000 0.245283
4 296 79.000000 58.000000 0.265823
4 297 77.000000 58.000000 0.246753
4 298 78.000000 64.000000 0.179487
4 299 73.000000 50.000000 0.315068
4 300 67.000000 53.000000 0.208955
4 301 62.000000 47.000000 0.241935
4 302 38.000000 34.000000 0.105263
4 303 66.000000 54.000000 0.181818
4 304 88.000000 63.000000 0.284091
4 305 58.000000 43.000000 0.258621
4 306 81.000000 69.000000 0.148148
4 307 45.000000 40.000000 0.111111
4 308 81.000000 67.000000 0.172840
4 309 72.000000 54.000000 0.250000
4 310 60.000000 48.000000 0.200000
4 311 80.000000 66.000000 0.175000
4 312 83.000000 66.000000 0.204819
4 313 80.000000 59.000000 0.262500
4 314 78.000000 61.000000 0.217949
4 315 76.000000 63.000000 0.171053
4 316 101.000000 67.000000 0.336634
4 317 59.000000 44.000000 0.254237
4 318 51.000000 42.000000 0.176471
4 319 39.000000 34.000000 0.128205
4 320 82.000000 66.000000 0.195122
4 321 55.000000 43.000000 0.218182
4 322 76.000000 58.000000 0.236842
4 323 60.000000 46.000000 0.233333
4 324 83.000000 66.000000 0.204819
4 325 45.000000 38.000000 0.155556
4 326 48.000000 39.000000 0.187500
4 327 41.000000 34.000000 0.170732
4 328 68.000000 52.000000 0.235294
4 329 67.000000 48.000000 0.283582
4 330 57.000000 48.000000 0.157895
4 331 109.000000 82.000000 0.247706
4 332 105.000000 76.000000 0.276190
4 333 77.000000 63.000000 0.181818
4 334 80.000000 53.000000 0.337500
4 335 67.000000 53.000000 0.208955
4 336 60.000000 51.000000 0.150000
4 337 77.000000 58.000000 0.246753
4 338 59.000000 49.000000 0.169492
4 339 59.000000 46.000000 0.220339
4 340 79.000000 66.000000 0.164557
4 341 65.000000 51.000000 0.215385
4 342 43.000000 35.000000 0.186047
4 343 52.000000 40.000000 0.230769
4 344 36.000000 29.000000 0.194444
4 345 48.000000 39.000000 0.187500
4 346 84.000000 65.000000 0.226190
4 347 62.000000 51.000000 0.177419
4 348 81.000000 61.000000 0.246914
4 349 69.000000 54.000000 0.217391
4 350 69.000000 57.000000 0.173913
4 351 101.000000 77.000000 0.237624
4 352 57.000000 49.000000 0.140351
4 353 53.000000 42.000000 0.207547
4 354 61.000000 46.000000 0.245902
4 355 57.000000 46.000000 0.192982
4 356 86.000000 74.000000 0.139535
4 357 57.000000 45.000000 0.210526
4 358 65.000000 51.000000 0.215385
4 359 95.000000 69.000000 0.273684
4 360 74.000000 59.000000 0.202703
4 361 72.000000 56.000000 0.222222
4 362 48.000000 40.000000 0.166667
4 363 58.000000 50.000000 0.137931
4 364 100.000000 76.000000 0.240000
4 365 88.000000 75.000000 0.147727
4 366 62.000000 49.000000 0.209677
4 367 76.000000 56.000000 0.263158
4 368 81.000000 62.000000 0.234568
4 369 69.000000 52.000000 0.246377
4 370 68.000000 55.000000 0.191176
4 371 66.000000 55.000000 0.166667
4 372 61.000000 50.000000 0.180328
4 373 35.000000 32.000000 0.085714
4 374 74.000000 61.000000 0.175676
4 375 53.000000 41.000000 0.226415
4 376 75.000000 55.000000 0.266667
4 377 52.000000 42.000000 0.192308
4 378 43.000000 37.000000 0.139535
4 379 46.000000 44.000000 0.043478
4 380 46.000000 41.000000 0.108696
4 381 77.000000 62.000000 0.194805
4 382 76.000000 64.000000 0.157895
4 383 91.000000 70.000000 0.230769
4 384 56.000000 43.000000 0.232143
4 385 92.000000 72.000000 0.217391
4 386 83.000000 64.000000 0.228916
4 387 75.000000 60.000000 0.200000
4 388 38.000000 34.000000 0.105263
4 389 103.000000 78.000000 0.242718
4 390 70.000000 55.000000 0.214286
4 391 51.000000 38.000000 0.254902
4 392 58.000000 41.000000 0.293103
4 393 49.000000 39.000000 0.204082
4 394 66.000000 56.000000 0.151515
4 395 82.000000 68.000000 0.170732
4 396 84.000000 67.000000 0.202381
4 397 72.000000 59.000000 0.180556
4 398 73.000000 59.000000 0.191781
4 399 68.000000 53.000000 0.220588
4 400 88.000000 71.000000 0.193182
5 1 117.000000 95.000000 0.188034
5 2 116.000000 95.000000 0.181034
5 3 152.000000 117.000000 0.230263
5 4 141.000000 115.000000 0.184397
5 5 132.000000 107.000000 0.189394
5 6 150.000000 117.000000 0.220000
5 7 104.000000 82.000000 0.211538
5 8 135.000000 108.000000 0.200000
5 9 124.000000 104.000000 0.161290
5 10 117.000000 99.000000 0.153846
5 11 152.000000 118.000000 0.223684
5 12 120.000000 99.000000 0.175000
5 13 145.000000 105.000000 0.275862
5 14 101.000000 79.000000 0.217822
5 15 207.000000 153.000000 0.260870
5 16 117.000000 100.000000 0.145299
5 17 107.000000 91.000000 0.149533
5 18 161.000000 123.000000 0.236025
5 19 123.000000 94.000000 0.235772
5 20 124.000000 102.000000 0.177419
5 21 149.000000 118.000000 0.208054
5 22 115.000000 94.000000 0.182609
5 23 119.000000 87.000000 0.268908
5 24 109.000000 84.000000 0.229358
5 25 173.000000 130.000000 0.248555
5 26 121.000000 92.000000 0.239669
5 27 174.000000 130.000000 0.252874
5 28 143.000000 119.000000 0.167832
5 29 156.000000 126.000000 0.192308
5 30 171.000000 119.000000 0.304094
5 31 134.000000 111.000000 0.171642
5 32 132.000000 105.000000 0.204545
5 33 99.000000 80.000000 0.191919
5 34 137.000000 107.000000 0.218978
5 35 178.000000 133.000000 0.252809
5 36 135.000000 103.000000 0.237037
5 37 139.000000 109.000000 0.215827
5 38 150.000000 120.000000 0.200000
5 39 173.000000 138.000000 0.202312
5 40 104.000000 86.000000 0.173077
5 41 152.000000 119.000000 0.217105
5 42 184.000000 138.000000 0.250000
5 43 129.000000 99.000000 0.232558
5 44 119.000000 102.000000 0.142857
5 45 139.000000 104.000000 0.251799
5 46 118.000000 89.000000 0.245763
5 47 158.000000 126.000000 0.202532
5 48 145.000000 113.000000 0.220690
5 49 93.000000 83.000000 0.107527
5 50 101.000000 78.000000 0.227723
5 51 141.000000 116.000000 0.177305
5 52 126.000000 102.000000 0.190476
5 53 140.000000 103.000000 0.264286
5 54 119.000000 102.000000 0.142857
5 55 118.000000 91.000000 0.228814
5 56 129.000000 104.000000 0.193798
5 57 164.000000 125.000000 0.237805
5 58 184.000000 139.000000 0.244565
5 59 123.000000 96.000000 0.219512
5 60 163.000000 120.000000 0.263804
5 61 120.000000 98.000000 0.183333
5 62 136.000000 110.000000 0.191176
5 63 108.000000 93.000000 0.138889
5 64 168.000000 122.000000 0.273810
5 65 101.000000 82.000000 0.188119
5 66 93.000000 77.000000 0.172043
5 67 147.000000 124.000000 0.156463
5 68 203.000000 152.000000 0.251232
5 69 172.000000 123.000000 0.284884
5 70 82.000000 72.000000 0.121951
5 71 130.000000 95.000000 0.269231
5 72 134.000000 104.000000 0.223881
5 73 127.000000 97.000000 0.236220
5 74 152.000000 118.000000 0.223684
5 75 129.000000 101.000000 0.217054
5 76 146.000000 121.000000 0.171233
5 77 137.000000 106.000000 0.226277
5 78 131.000000 113.000000 0.137405
5 79 113.000000 97.000000 0.141593
5 80 173.000000 131.000000 0.242775
5 81 180.000000 134.000000 0.255556
5 82 108.000000 91.000000 0.157407
5 83 158.000000 122.000000 0.227848
5 84 93.000000 75.000000 0.193548
5 85 116.000000 93.000000 0.198276
5 86 130.000000 105.000000 0.192308
5 87 126.000000 91.000000 0.277778
5 88 83.000000 71.000000 0.144578
5 89 199.000000 152.000000 0.236181
5 90 161.000000 129.000000 0.198758
5 91 141.000000 111.000000 0.212766
5 92 124.000000 94.000000 0.241935
5 93 131.000000 108.000000 0.175573
5 94 147.000000 118.000000 0.197279
5 95 117.000000 87.000000 0.256410
5 96 161.000000 127.000000 0.211180
5 97 189.000000 148.000000 0.216931
5 98 121.000000 106.000000 0.123967
5 99 109.000000 89.000000 0.183486
5 100 152.000000 129.000000 0.151316
5 101 183.000000 130.000000 0.289617
5 102 117.000000 89.000000 0.239316
5 103 184.000000 148.000000 0.195652
5 104 126.000000 103.000000 0.182540
5 105 160.000000 114.000000 0.287500
5 106 146.000000 123.000000 0.157534
5 107 113.000000 96.000000 0.150442
5 108 135.000000 116.000000 0.140741
5 109 120.000000 101.000000 0.158333
5 110 132.000000 116.000000 0.121212
5 111 100.000000 77.000000 0.230000
5 112 113.000000 97.000000 0.141593
5 113 128.000000 101.000000 0.210938
5 114 112.000000 89.000000 0.205357
5 115 150.000000 121.000000 0.193333
5 116 130.000000 106.000000 0.184615
5 117 118.000000 93.000000 0.211864
5 118 94.000000 71.000000 0.244681
5 119 133.000000 104.000000 0.218045
5 120 155.000000 120.000000 0.225806
5 121 176.000000 130.000000 0.261364
5 122 183.000000 146.000000 0.202186
5 123 163.000000 119.000000 0.269939
5 124 98.000000 86.000000 0.122449
5 125 108.000000 92.000000 0.148148
5 126 157.000000 117.000000 0.254777
5 127 181.000000 140.000000 0.226519
5 128 150.000000 113.000000 0.246667
5 129 143.000000 120.000000 0.160839
5 130 172.000000 129.000000 0.250000
5 131 151.000000 115.000000 0.238411
5 132 94.000000 74.000000 0.212766
5 133 121.000000 96.000000 0.206612
5 134 78.000000 64.000000 0.179487
5 135 136.000000 112.000000 0.176471
5 136 113.000000 100.000000 0.115044
5 137 122.000000 106.000000 0.131148
5 138 171.000000 132.000000 0.228070
5 139 118.000000 100.000000 0.152542
5 140 129.000000 108.000000 0.162791
5 141 131.000000 109.000000 0.167939
5 142 148.000000 117.000000 0.209459
5 143 113.000000 88.000000 0.221239
5 144 117.000000 88.000000 0.247863
5 145 195.000000 154.000000 0.210256
5 146 125.000000 98.000000 0.216000
5 147 139.000000 102.000000 0.266187
5 148 154.000000 126.000000 0.181818
5 149 146.000000 112.000000 0.232877
5 150 110.000000 87.000000 0.209091
5 151 115.000000 90.000000 0.217391
5 152 88.000000 73.000000 0.170455
5 153 131.000000 102.000000 0.221374
5 154 88.000000 76.000000 0.136364
5 155 166.000000 126.000000 0.240964
5 156 121.000000 98.000000 0.190083
5 157 106.000000 87.000000 0.179245
5 158 105.000000 86.000000 0.180952
5 159 48.000000 42.000000 0.125000
5 160 72.000000 58.000000 0.194444
5 161 204.000000 155.000000 0.240196
5 162 133.000000 112.000000 0.157895
5 163 161.000000 125.000000 0.223602
5 164 85.000000 69.000000 0.188235
5 165 125.000000 108.000000 0.136000
5 166 176.000000 134.000000 0.238636
5 167 199.000000 137.000000 0.311558
5 168 122.000000 99.000000 0.188525
5 169 167.000000 125.000000 0.251497
5 170 177.000000 137.000000 0.225989
5 171 133.000000 121.000000 0.090226
5 172 118.000000 95.000000 0.194915
5 173 133.000000 104.000000 0.218045
5 174 118.000000 89.000000 0.245763
5 175 138.000000 110.000000 0.202899
5 176 106.000000 83.000000 0.216981
5 177 119.000000 95.000000 0.201681
5 178 138.000000 115.000000 0.166667
5 179 133.000000 96.000000 0.278195
5 180 200.000000 153.000000 0.235000
5 181 109.000000 91.000000 0.165138
5 182 155.000000 125.000000 0.193548
5 183 138.000000 114.000000 0.173913
5 184 154.000000 114.000000 0.259740
5 185 89.000000 70.000000 0.213483
5 186 151.000000 127.000000 0.158940
5 187 156.000000 109.000000 0.301282
5 188 207.000000 161.000000 0.222222
5 189 115.000000 99.000000 0.139130
5 190 100.000000 85.000000 0.150000
5 191 199.000000 149.000000 0.251256
5 192 96.000000 78.000000 0.187500
5 193 97.000000 86.000000 0.113402
5 194 126.000000 111.000000 0.119048
5 195 124.000000 95.000000 0.233871
5 196 153.000000 123.000000 0.196078
5 197 165.000000 122.000000 0.260606
5 198 107.000000 89.000000 0.168224
5 199 154.000000 126.000000 0.181818
5 200 109.000000 84.000000 0.229358
5 201 106.000000 88.000000 0.169811
5 202 155.000000 119.000000 0.232258
5 203 163.000000 124.000000 0.239264
5 204 124.000000 90.000000 0.274194
5 205 164.000000 147.000000 0.103659
5 206 135.000000 105.000000 0.222222
5 207 178.000000 139.000000 0.219101
5 208 142.000000 111.000000 0.218310
5 209 161.000000 126.000000 0.217391
5 210 118.000000 99.000000 0.161017
5 211 90.000000 74.000000 0.177778
5 212 195.000000 149.000000 0.235897
5 213 125.000000 110.000000 0.120000
5 214 151.000000 128.000000 0.152318
5 215 174.000000 136.000000 0.218391
5 216 151.000000 121.000000 0.198675
5 217 123.000000 93.000000 0.243902
5 218 121.000000 99.000000 0.181818
5 219 153.000000 111.000000 0.274510
5 220 142.000000 118.000000 0.169014
5 221 150.000000 122.000000 0.186667
5 222 70.000000 58.000000 0.171429
5 223 138.000000 119.000000 0.137681
5 224 140.000000 106.000000 0.242857
5 225 121.000000 109.000000 0.099174
5 226 86.000000 71.000000 0.174419
5 227 156.000000 126.000000 0.192308
5 228 130.000000 107.000000 0.176923
5 229 132.000000 103.000000 0.219697
5 230 117.000000 96.000000 0.179487
5 231 135.000000 108.000000 0.200000
5 232 167.000000 141.000000 0.155689
5 233 97.000000 80.000000 0.175258
5 234 138.000000 106.000000 0.231884
5 235 183.000000 135.000000 0.262295
5 236 151.000000 118.000000 0.218543
5 237 133.000000 113.000000 0.150376
5 238 120.000000 103.000000 0.141667
5 239 124.000000 96.000000 0.225806
5 240 86.000000 78.000000 0.093023
5 241 163.000000 131.000000 0.196319
5 242 62.000000 48.000000 0.225806
5 243 99.000000 82.000000 0.171717
5 244 141.000000 118.000000 0.163121
5 245 133.000000 106.000000 0.203008
5 246 115.000000 90.000000 0.217391
5 247 99.000000 86.000000 0.131313
5 248 180.000000 145.000000 0.194444
5 249 120.000000 96.000000 0.200000
5 250 123.000000 101.000000 0.178862
5 251 181.000000 146.000000 0.193370
5 252 73.000000 64.000000 0.123288
5 253 86.000000 74.000000 0.139535
5 254 88.000000 74.000000 0.159091
5 255 69.000000 52.000000 0.246377
5 256 116.000000 93.000000 0.198276
5 257 92.000000 82.000000 0.108696
5 258 136.000000 111.000000 0.183824
5 259 113.000000 92.000000 0.185841
5 260 156.000000 124.000000 0.205128
5 261 140.000000 110.000000 0.214286
5 262 111.000000 84.000000 0.243243
5 263 119.000000 101.000000 0.151261
5 264 213.000000 156.000000 0.267606
5 265 181.000000 132.000000 0.270718
5 266 98.000000 83.000000 0.153061
5 267 102.000000 85.000000 0.166667
5 268 165.000000 129.000000 0.218182
5 269 145.000000 118.000000 0.186207
5 270 118.000000 91.000000 0.228814
5 271 133.000000 109.000000 0.180451
5 272 167.000000 135.000000 0.191617
5 273 101.000000 81.000000 0.198020
5 274 129.000000 104.000000 0.193798
5 275 124.000000 95.000000 0.233871
5 276 206.000000 154.000000 0.252427
5 277 227.000000 158.000000 0.303965
5 278 173.000000 135.000000 0.219653
5 279 105.000000 84.000000 0.200000
5 280 157.000000 130.000000 0.171975
5 281 77.000000 64.000000 0.168831
5 282 148.000000 115.000000 0.222973
5 283 171.000000 131.000000 0.233918
5 284 121.000000 102.000000 0.157025
5 285 151.000000 116.000000 0.231788
5 286 91.000000 73.000000 0.197802
5 287 147.000000 123.000000 0.163265
5 288 131.000000 109.000000 0.167939
5 289 117.000000 97.000000 0.170940
5 290 157.000000 124.000000 0.210191
5 291 153.000000 127.000000 0.169935
5 292 156.000000 130.000000 0.166667
5 293 137.000000 105.000000 0.233577
5 294 94.000000 73.000000 0.223404
5 295 96.000000 81.000000 0.156250
5 296 161.000000 123.000000 0.236025
5 297 156.000000 118.000000 0.243590
5 298 167.000000 133.000000 0.203593
5 299 177.000000 146.000000 0.175141
5 300 165.000000 136.000000 0.175758
5 301 181.000000 135.000000 0.254144
5 302 151.000000 116.000000 0.231788
5 303 126.000000 101.000000 0.198413
5 304 125.000000 103.000000 0.176000
5 305 148.000000 113.000000 0.236486
5 306 126.000000 101.000000 0.198413
5 307 94.000000 77.000000 0.180851
5 308 109.000000 84.000000 0.229358
5 309 154.000000 114.000000 0.259740
5 310 142.000000 99.000000 0.302817
5 311 116.000000 91.000000 0.215517
5 312 170.000000 127.000000 0.252941
5 313 161.000000 118.000000 0.267081
5 314 121.000000 100.000000 0.173554
5 315 105.000000 87.000000 0.171429
5 316 126.000000 105.000000 0.166667
5 317 112.000000 87.000000 0.223214
5 318 113.000000 94.000000 0.168142
5 319 88.000000 68.000000 0.227273
5 320 117.000000 99.000000 0.153846
5 321 162.000000 127.000000 0.216049
5 322 136.000000 110.000000 0.191176
5 323 132.000000 110.000000 0.166667
5 324 118.000000 95.000000 0.194915
5 325 136.000000 112.000000 0.176471
5 326 144.000000 117.000000 0.187500
5 327 122.000000 99.000000 0.188525
5 328 148.000000 123.000000 0.168919
5 329 121.000000 104.000000 0.140496
5 330 221.000000 164.000000 0.257919
5 331 192.000000 136.000000 0.291667
5 332 105.000000 88.000000 0.161905
5 333 99.000000 83.000000 0.161616
5 334 138.000000 105.000000 0.239130
5 335 123.000000 100.000000 0.186992
5 336 131.000000 99.000000 0.244275
5 337 138.000000 112.000000 0.188406
5 338 131.000000 106.000000 0.190840
5 339 142.000000 116.000000 0.183099
5 340 114.000000 102.000000 0.105263
5 341 85.000000 66.000000 0.223529
5 342 121.000000 96.000000 0.206612
5 343 112.000000 90.000000 0.196429
5 344 130.000000 99.000000 0.238462
5 345 114.000000 95.000000 0.166667
5 346 129.000000 104.000000 0.193798
5 347 129.000000 108.000000 0.162791
5 348 173.000000 131.000000 0.242775
5 349 135.000000 114.000000 0.155556
5 350 131.000000 98.000000 0.251908
5 351 100.000000 78.000000 0.220000
5 352 113.000000 96.000000 0.150442
5 353 122.000000 99.000000 0.188525
5 354 96.000000 80.000000 0.166667
5 355 124.000000 95.000000 0.233871
5 356 128.000000 103.000000 0.195312
5 357 167.000000 128.000000 0.233533
5 358 139.000000 101.000000 0.273381
5 359 139.000000 115.000000 0.172662
5 360 135.000000 112.000000 0.170370
5 361 82.000000 72.000000 0.121951
5 362 119.000000 99.000000 0.168067
5 363 133.000000 105.000000 0.210526
5 364 123.000000 97.000000 0.211382
5 365 90.000000 77.000000 0.144444
5 366 169.000000 126.000000 0.254438
5 367 192.000000 138.000000 0.281250
5 368 122.000000 105.000000 0.139344
5 369 152.000000 128.000000 0.157895
5 370 116.000000 93.000000 0.198276
5 371 149.000000 125.000000 0.161074
5 372 136.000000 111.000000 0.183824
5 373 140.000000 115.000000 0.178571
5 374 127.000000 98.000000 0.228346
5 375 105.000000 84.000000 0.200000
5 376 170.000000 135.000000 0.205882
5 377 140.000000 106.000000 0.242857
5 378 131.000000 109.000000 0.167939
5 379 151.000000 117.000000 0.225166
5 380 125.000000 99.000000 0.208000
5 381 93.000000 82.000000 0.118280
5 382 159.000000 129.000000 0.188679
5 383 201.000000 145.000000 0.278607
5 384 165.000000 125.000000 0.242424
5 385 121.000000 103.000000 0.148760
5 386 160.000000 119.000000 0.256250
5 387 174.000000 142.000000 0.183908
5 388 150.000000 123.000000 0.180000
5 389 151.000000 115.000000 0.238411
5 390 79.000000 55.000000 0.303797
5 391 130.000000 96.000000 0.261538
5 392 161.000000 131.000000 0.186335
5 393 106.000000 87.000000 0.179245
5 394 121.000000 96.000000 0.206612
5 395 132.000000 103.000000 0.219697
5 396 151.000000 129.000000 0.145695
5 397 151.000000 122.000000 0.192053
5 398 125.000000 101.000000 0.192000
5 399 103.000000 85.000000 0.174757
5 400 106.000000 88.000000 0.169811
6 1 291.000000 242.000000 0.168385
6 2 304.000000 242.000000 0.203947
6 3 381.000000 284.000000 0.254593
6 4 294.000000 238.000000 0.190476
6 5 390.000000 304.000000 0.220513
6 6 286.000000 240.000000 0.160839
6 7 334.000000 277.000000 0.170659
6 8 288.000000 237.000000 0.177083
6 9 232.000000 201.000000 0.133621
6 10 308.000000 235.000000 0.237013
6 11 235.000000 196.000000 0.165957
6 12 397.000000 303.000000 0.236776
6 13 306.000000 239.000000 0.218954
6 14 217.000000 176.000000 0.188940
6 15 239.000000 194.000000 0.188285
6 16 253.000000 197.000000 0.221344
6 17 253.000000 200.000000 0.209486
6 18 267.000000 225.000000 0.157303
6 19 272.000000 214.000000 0.213235
6 20 278.000000 231.000000 0.169065
6 21 303.000000 241.000000 0.204620
6 22 263.000000 214.000000 0.186312
6 23 206.000000 161.000000 0.218447
6 24 241.000000 187.000000 0.224066
6 25 210.000000 186.000000 0.114286
6 26 264.000000 225.000000 0.147727
6 27 238.000000 193.000000 0.189076
6 28 213.000000 169.000000 0.206573
6 29 322.000000 248.000000 0.229814
6 30 186.000000 148.000000 0.204301
6 31 323.000000 249.000000 0.229102
6 32 370.000000 274.000000 0.259459
6 33 203.000000 169.000000 0.167488
6 34 301.000000 252.000000 0.162791
6 35 278.000000 216.000000 0.223022
6 36 239.000000 199.000000 0.167364
6 37 190.000000 161.000000 0.152632
6 38 313.000000 242.000000 0.226837
6 39 293.000000 226.000000 0.228669
6 40 301.000000 241.000000 0.199336
6 41 304.000000 236.000000 0.223684
6 42 282.000000 226.000000 0.198582
6 43 368.000000 285.000000 0.225543
6 44 278.000000 231.000000 0.169065
6 45 301.000000 256.000000 0.149502
6 46 287.000000 234.000000 0.184669
6 47 189.000000 145.000000 0.232804
6 48 294.000000 233.000000 0.207483
6 49 141.000000 124.000000 0.120567
6 50 348.000000 276.000000 0.206897
6 51 272.000000 233.000000 0.143382
6 52 235.000000 200.000000 0.148936
6 53 373.000000 290.000000 0.222520
6 54 293.000000 229.000000 0.218430
6 55 251.000000 204.000000 0.187251
6 56 190.000000 166.000000 0.126316
6 57 332.000000 246.000000 0.259036
6 58 349.000000 285.000000 0.183381
6 59 224.000000 190.000000 0.151786
6 60 240.000000 187.000000 0.220833
6 61 388.000000 279.000000 0.280928
6 62 233.000000 190.000000 0.184549
6 63 346.000000 283.000000 0.182081
6 64 247.000000 197.000000 0.202429
6 65 335.000000 259.000000 0.226866
6 66 314.000000 239.000000 0.238854
6 67 208.000000 177.000000 0.149038
6 68 316.000000 250.000000 0.208861
6 69 435.000000 339.000000 0.220690
6 70 173.000000 138.000000 0.202312
6 71 257.000000 206.000000 0.198444
6 72 322.000000 261.000000 0.189441
6 73 317.000000 245.000000 0.227129
6 74 271.000000 230.000000 0.151292
6 75 326.000000 264.000000 0.190184
6 76 352.000000 269.000000 0.235795
6 77 266.000000 220.000000 0.172932
6 78 302.000000 245.000000 0.188742
6 79 255.000000 221.000000 0.133333
6 80 329.000000 261.000000 0.206687
6 81 216.000000 167.000000 0.226852
6 82 247.000000 192.000000 0.222672
6 83 236.000000 205.000000 0.131356
6 84 323.000000 245.000000 0.241486
6 85 308.000000 259.000000 0.159091
6 86 296.000000 241.000000 0.185811
6 87 227.000000 180.000000 0.207048
6 88 310.000000 259.000000 0.164516
6 89 296.000000 243.000000 0.179054
6 90 238.000000 193.000000 0.189076
6 91 291.000000 235.000000 0.192440
6 92 301.000000 230.000000 0.235880
6 93 256.000000 204.000000 0.203125
6 94 247.000000 205.000000 0.170040
6 95 339.000000 266.000000 0.215339
6 96 295.000000 234.000000 0.206780
6 97 324.000000 242.000000 0.253086
6 98 260.000000 209.000000 0.196154
6 99 378.000000 300.000000 0.206349
6 100 362.000000 281.000000 0.223757
6 101 261.000000 212.000000 0.187739
6 102 271.000000 210.000000 0.225092
6 103 274.000000 223.000000 0.186131
6 104 245.000000 212.000000 0.134694
6 105 291.000000 226.000000 0.223368
6 106 345.000000 280.000000 0.188406
6 107 295.000000 241.000000 0.183051
6 108 255.000000 210.000000 0.176471
6 109 414.000000 318.000000 0.231884
6 110 298.000000 226.000000 0.241611
6 111 248.000000 193.000000 0.221774
6 112 289.000000 231.000000 0.200692
6 113 318.000000 244.000000 0.232704
6 114 281.000000 242.000000 0.138790
6 115 292.000000 223.000000 0.236301
6 116 177.000000 162.000000 0.084746
6 117 227.000000 185.000000 0.185022
6 118 233.000000 186.000000 0.201717
6 119 179.000000 135.000000 0.245810
6 120 280.000000 230.000000 0.178571
6 121 129.000000 118.000000 0.085271
6 122 401.000000 317.000000 0.209476
6 123 331.000000 251.000000 0.241692
6 124 206.000000 162.000000 0.213592
6 125 425.000000 335.000000 0.211765
6 126 311.000000 249.000000 0.199357
6 127 255.000000 207.000000 0.188235
6 128 297.000000 233.000000 0.215488
6 129 303.000000 221.000000 0.270627
6 130 161.000000 133.000000 0.173913
6 131 320.000000 266.000000 0.168750
6 132 233.000000 188.000000 0.193133
6 133 237.000000 186.000000 0.215190
6 134 335.000000 262.000000 0.217910
6 135 297.000000 249.000000 0.161616
6 136 262.000000 218.000000 0.167939
6 137 251.000000 214.000000 0.147410
6 138 268.000000 214.000000 0.201493
6 139 210.000000 163.000000 0.223810
6 140 241.000000 199.000000 0.174274
6 141 232.000000 193.000000 0.168103
6 142 196.000000 173.000000 0.117347
6 143 311.000000 252.000000 0.189711
6 144 230.000000 185.000000 0.195652
6 145 281.000000 234.000000 0.167260
6 146 259.000000 205.000000 0.208494
6 147 288.000000 228.000000 0.208333
6 148 280.000000 218.000000 0.221429
6 149 209.000000 173.000000 0.172249
6 150 286.000000 220.000000 0.230769
6 151 243.000000 189.000000 0.222222
6 152 262.000000 206.000000 0.213740
6 153 179.000000 142.000000 0.206704
6 154 178.000000 148.000000 0.168539
6 155 214.000000 185.000000 0.135514
6 156 339.000000 261.000000 0.230088
6 157 303.000000 226.000000 0.254125
6 158 397.000000 306.000000 0.229219
6 159 333.000000 266.000000 0.201201
6 160 194.000000 165.000000 0.149485
6 161 167.000000 134.000000 0.197605
6 162 212.000000 193.000000 0.089623
6 163 215.000000 178.000000 0.172093
6 164 198.000000 164.000000 0.171717
6 165 314.000000 257.000000 0.181529
6 166 277.000000 219.000000 0.209386
6 167 317.000000 233.000000 0.264984
6 168 274.000000 226.000000 0.175182
6 169 262.000000 220.000000 0.160305
6 170 330.000000 266.000000 0.193939
6 171 348.000000 264.000000 0.241379
6 172 278.000000 214.000000 0.230216
6 173 282.000000 225.000000 0.202128
6 174 330.000000 290.000000 0.121212
6 175 372.000000 286.000000 0.231183
6 176 356.000000 292.000000 0.179775
6 177 209.000000 165.000000 0.210526
6 178 304.000000 228.000000 0.250000
6 179 237.000000 184.000000 0.223629
6 180 254.000000 210.000000 0.173228
6 181 179.000000 139.000000 0.223464
6 182 248.000000 201.000000 0.189516
6 183 267.000000 209.000000 0.217228
6 184 276.000000 216.000000 0.217391
6 185 272.000000 206.000000 0.242647
6 186 260.000000 214.000000 0.176923
6 187 238.000000 205.000000 0.138655
6 188 292.000000 215.000000 0.263699
6 189 342.000000 275.000000 0.195906
6 190 238.000000 199.000000 0.163866
6 191 339.000000 258.000000 0.238938
6 192 229.000000 178.000000 0.222707
6 193 332.000000 263.000000 0.207831
6 194 208.000000 165.000000 0.206731
6 195 275.000000 229.000000 0.167273
6 196 291.000000 231.000000 0.206186
6 197 420.000000 311.000000 0.259524
6 198 370.000000 278.000000 0.248649
6 199 293.000000 242.000000 0.174061
6 200 168.000000 146.000000 0.130952
6 201 368.000000 294.000000 0.201087
6 202 195.000000 174.000000 0.107692
6 203 277.000000 225.000000 0.187726
6 204 297.000000 227.000000 0.235690
6 205 216.000000 162.000000 0.250000
6 206 312.000000 241.000000 0.227564
6 207 285.000000 236.000000 0.171930
6 208 283.000000 224.000000 0.208481
6 209 400.000000 302.000000 0.245000
6 210 262.000000 208.000000 0.206107
6 211 320.000000 249.000000 0.221875
6 212 266.000000 222.000000 0.165414
6 213 343.000000 275.000000 0.198251
6 214 254.000000 209.000000 0.177165
6 215 287.000000 243.000000 0.153310
6 216 231.000000 185.000000 0.199134
6 217 312.000000 247.000000 0.208333
6 218 417.000000 322.000000 0.227818
6 219 220.000000 184.000000 0.163636
6 220 307.000000 249.000000 0.188925
6 221 193.000000 160.000000 0.170984
6 222 284.000000 237.000000 0.165493
6 223 231.000000 190.000000 0.177489
6 224 186.000000 160.000000 0.139785
6 225 228.000000 185.000000 0.188596
6 226 223.000000 180.000000 0.192825
6 227 243.000000 194.000000 0.201646
6 228 356.000000 294.000000 0.174157
6 229 243.000000 198.000000 0.185185
6 230 344.000000 275.000000 0.200581
6 231 328.000000 265.000000 0.192073
6 232 240.000000 196.000000 0.183333
6 233 296.000000 239.000000 0.192568
6 234 349.000000 274.000000 0.214900
6 235 339.000000 286.000000 0.156342
6 236 232.000000 200.000000 0.137931
6 237 302.000000 239.000000 0.208609
6 238 281.000000 232.000000 0.174377
