MATLAB is running in headless mode.  Figure windows will not be displayed.
1 1 12.000000 12.000000 0.000000
1 2 10.000000 10.000000 0.000000
1 3 12.000000 11.000000 0.083333
1 4 14.000000 12.000000 0.142857
1 5 11.000000 11.000000 0.000000
1 6 12.000000 11.000000 0.083333
1 7 12.000000 11.000000 0.083333
1 8 12.000000 11.000000 0.083333
1 9 14.000000 12.000000 0.142857
1 10 10.000000 10.000000 0.000000
1 11 11.000000 11.000000 0.000000
1 12 11.000000 11.000000 0.000000
1 13 14.000000 11.000000 0.214286
1 14 12.000000 11.000000 0.083333
1 15 12.000000 12.000000 0.000000
1 16 15.000000 12.000000 0.200000
1 17 15.000000 12.000000 0.200000
1 18 10.000000 10.000000 0.000000
1 19 13.000000 11.000000 0.153846
1 20 10.000000 10.000000 0.000000
1 21 11.000000 11.000000 0.000000
1 22 12.000000 11.000000 0.083333
1 23 14.000000 12.000000 0.142857
1 24 12.000000 12.000000 0.000000
1 25 12.000000 12.000000 0.000000
1 26 12.000000 11.000000 0.083333
1 27 12.000000 12.000000 0.000000
1 28 12.000000 11.000000 0.083333
1 29 10.000000 10.000000 0.000000
1 30 11.000000 11.000000 0.000000
1 31 12.000000 12.000000 0.000000
1 32 14.000000 12.000000 0.142857
1 33 15.000000 12.000000 0.200000
1 34 14.000000 12.000000 0.142857
1 35 13.000000 12.000000 0.076923
1 36 11.000000 11.000000 0.000000
1 37 15.000000 12.000000 0.200000
1 38 14.000000 12.000000 0.142857
1 39 13.000000 12.000000 0.076923
1 40 12.000000 11.000000 0.083333
1 41 14.000000 12.000000 0.142857
1 42 15.000000 12.000000 0.200000
1 43 13.000000 12.000000 0.076923
1 44 15.000000 12.000000 0.200000
1 45 13.000000 12.000000 0.076923
1 46 13.000000 12.000000 0.076923
1 47 13.000000 12.000000 0.076923
1 48 14.000000 12.000000 0.142857
1 49 13.000000 12.000000 0.076923
1 50 12.000000 12.000000 0.000000
1 51 14.000000 11.000000 0.214286
1 52 14.000000 12.000000 0.142857
1 53 12.000000 12.000000 0.000000
1 54 11.000000 11.000000 0.000000
1 55 12.000000 12.000000 0.000000
1 56 13.000000 11.000000 0.153846
1 57 13.000000 12.000000 0.076923
1 58 12.000000 12.000000 0.000000
1 59 11.000000 11.000000 0.000000
1 60 11.000000 11.000000 0.000000
1 61 13.000000 11.000000 0.153846
1 62 13.000000 12.000000 0.076923
1 63 13.000000 11.000000 0.153846
1 64 13.000000 12.000000 0.076923
1 65 13.000000 12.000000 0.076923
1 66 12.000000 11.000000 0.083333
1 67 11.000000 11.000000 0.000000
1 68 15.000000 12.000000 0.200000
1 69 13.000000 12.000000 0.076923
1 70 13.000000 11.000000 0.153846
1 71 13.000000 11.000000 0.153846
1 72 11.000000 11.000000 0.000000
1 73 12.000000 12.000000 0.000000
1 74 11.000000 11.000000 0.000000
1 75 15.000000 12.000000 0.200000
1 76 12.000000 12.000000 0.000000
1 77 13.000000 12.000000 0.076923
1 78 11.000000 11.000000 0.000000
1 79 10.000000 10.000000 0.000000
1 80 11.000000 11.000000 0.000000
1 81 12.000000 12.000000 0.000000
1 82 13.000000 12.000000 0.076923
1 83 12.000000 12.000000 0.000000
1 84 12.000000 12.000000 0.000000
1 85 13.000000 11.000000 0.153846
1 86 12.000000 12.000000 0.000000
1 87 13.000000 12.000000 0.076923
1 88 12.000000 12.000000 0.000000
1 89 13.000000 12.000000 0.076923
1 90 11.000000 11.000000 0.000000
1 91 12.000000 11.000000 0.083333
1 92 10.000000 10.000000 0.000000
1 93 13.000000 12.000000 0.076923
1 94 13.000000 12.000000 0.076923
1 95 13.000000 12.000000 0.076923
1 96 13.000000 12.000000 0.076923
1 97 13.000000 12.000000 0.076923
1 98 12.000000 12.000000 0.000000
1 99 14.000000 12.000000 0.142857
1 100 13.000000 12.000000 0.076923
1 101 11.000000 11.000000 0.000000
1 102 14.000000 12.000000 0.142857
1 103 12.000000 12.000000 0.000000
1 104 13.000000 11.000000 0.153846
1 105 12.000000 12.000000 0.000000
1 106 12.000000 12.000000 0.000000
1 107 10.000000 10.000000 0.000000
1 108 10.000000 10.000000 0.000000
1 109 14.000000 12.000000 0.142857
1 110 13.000000 12.000000 0.076923
1 111 14.000000 11.000000 0.214286
1 112 10.000000 10.000000 0.000000
1 113 11.000000 11.000000 0.000000
1 114 12.000000 12.000000 0.000000
1 115 12.000000 11.000000 0.083333
1 116 12.000000 11.000000 0.083333
1 117 10.000000 10.000000 0.000000
1 118 12.000000 11.000000 0.083333
1 119 12.000000 12.000000 0.000000
1 120 10.000000 10.000000 0.000000
1 121 12.000000 11.000000 0.083333
1 122 14.000000 12.000000 0.142857
1 123 12.000000 11.000000 0.083333
1 124 12.000000 11.000000 0.083333
1 125 13.000000 12.000000 0.076923
1 126 11.000000 11.000000 0.000000
1 127 12.000000 12.000000 0.000000
1 128 13.000000 12.000000 0.076923
1 129 14.000000 12.000000 0.142857
1 130 14.000000 12.000000 0.142857
1 131 13.000000 12.000000 0.076923
1 132 12.000000 12.000000 0.000000
1 133 13.000000 12.000000 0.076923
1 134 13.000000 11.000000 0.153846
1 135 13.000000 12.000000 0.076923
1 136 12.000000 11.000000 0.083333
1 137 11.000000 11.000000 0.000000
1 138 11.000000 11.000000 0.000000
1 139 11.000000 11.000000 0.000000
1 140 12.000000 12.000000 0.000000
1 141 13.000000 11.000000 0.153846
1 142 12.000000 11.000000 0.083333
1 143 11.000000 11.000000 0.000000
1 144 14.000000 12.000000 0.142857
1 145 13.000000 11.000000 0.153846
1 146 13.000000 12.000000 0.076923
1 147 12.000000 12.000000 0.000000
1 148 13.000000 12.000000 0.076923
1 149 13.000000 12.000000 0.076923
1 150 12.000000 12.000000 0.000000
1 151 12.000000 12.000000 0.000000
1 152 10.000000 10.000000 0.000000
1 153 12.000000 12.000000 0.000000
1 154 12.000000 12.000000 0.000000
1 155 15.000000 12.000000 0.200000
1 156 13.000000 12.000000 0.076923
1 157 10.000000 10.000000 0.000000
1 158 14.000000 11.000000 0.214286
1 159 11.000000 11.000000 0.000000
1 160 12.000000 11.000000 0.083333
1 161 14.000000 12.000000 0.142857
1 162 11.000000 11.000000 0.000000
1 163 11.000000 11.000000 0.000000
1 164 11.000000 11.000000 0.000000
1 165 13.000000 12.000000 0.076923
1 166 13.000000 12.000000 0.076923
1 167 14.000000 12.000000 0.142857
1 168 11.000000 11.000000 0.000000
1 169 15.000000 12.000000 0.200000
1 170 12.000000 11.000000 0.083333
1 171 12.000000 12.000000 0.000000
1 172 12.000000 12.000000 0.000000
1 173 13.000000 12.000000 0.076923
1 174 12.000000 12.000000 0.000000
1 175 13.000000 11.000000 0.153846
1 176 11.000000 11.000000 0.000000
1 177 13.000000 12.000000 0.076923
1 178 11.000000 11.000000 0.000000
1 179 12.000000 11.000000 0.083333
1 180 13.000000 11.000000 0.153846
1 181 10.000000 10.000000 0.000000
1 182 13.000000 12.000000 0.076923
1 183 11.000000 11.000000 0.000000
1 184 15.000000 12.000000 0.200000
1 185 12.000000 12.000000 0.000000
1 186 14.000000 12.000000 0.142857
1 187 13.000000 12.000000 0.076923
1 188 12.000000 11.000000 0.083333
1 189 10.000000 10.000000 0.000000
1 190 11.000000 11.000000 0.000000
1 191 12.000000 11.000000 0.083333
1 192 11.000000 11.000000 0.000000
1 193 13.000000 11.000000 0.153846
1 194 13.000000 12.000000 0.076923
1 195 10.000000 10.000000 0.000000
1 196 12.000000 12.000000 0.000000
1 197 10.000000 10.000000 0.000000
1 198 14.000000 12.000000 0.142857
1 199 11.000000 11.000000 0.000000
1 200 13.000000 12.000000 0.076923
1 201 12.000000 12.000000 0.000000
1 202 11.000000 11.000000 0.000000
1 203 15.000000 12.000000 0.200000
1 204 13.000000 12.000000 0.076923
1 205 13.000000 12.000000 0.076923
1 206 15.000000 12.000000 0.200000
1 207 14.000000 12.000000 0.142857
1 208 11.000000 11.000000 0.000000
1 209 12.000000 11.000000 0.083333
1 210 11.000000 11.000000 0.000000
1 211 14.000000 12.000000 0.142857
1 212 16.000000 12.000000 0.250000
1 213 13.000000 11.000000 0.153846
1 214 11.000000 11.000000 0.000000
1 215 12.000000 12.000000 0.000000
1 216 12.000000 12.000000 0.000000
1 217 14.000000 12.000000 0.142857
1 218 14.000000 12.000000 0.142857
1 219 15.000000 11.000000 0.266667
1 220 13.000000 11.000000 0.153846
1 221 14.000000 12.000000 0.142857
1 222 13.000000 12.000000 0.076923
1 223 11.000000 11.000000 0.000000
1 224 11.000000 11.000000 0.000000
1 225 10.000000 10.000000 0.000000
1 226 14.000000 12.000000 0.142857
1 227 12.000000 11.000000 0.083333
1 228 11.000000 11.000000 0.000000
1 229 12.000000 12.000000 0.000000
1 230 13.000000 12.000000 0.076923
1 231 11.000000 11.000000 0.000000
1 232 12.000000 11.000000 0.083333
1 233 11.000000 11.000000 0.000000
1 234 13.000000 12.000000 0.076923
1 235 11.000000 11.000000 0.000000
1 236 11.000000 11.000000 0.000000
1 237 12.000000 12.000000 0.000000
1 238 13.000000 12.000000 0.076923
1 239 11.000000 11.000000 0.000000
1 240 12.000000 12.000000 0.000000
1 241 15.000000 12.000000 0.200000
1 242 12.000000 11.000000 0.083333
1 243 12.000000 11.000000 0.083333
1 244 15.000000 12.000000 0.200000
1 245 12.000000 12.000000 0.000000
1 246 10.000000 10.000000 0.000000
1 247 14.000000 12.000000 0.142857
1 248 13.000000 12.000000 0.076923
1 249 14.000000 11.000000 0.214286
1 250 12.000000 11.000000 0.083333
1 251 12.000000 11.000000 0.083333
1 252 12.000000 11.000000 0.083333
1 253 13.000000 12.000000 0.076923
1 254 11.000000 11.000000 0.000000
1 255 12.000000 11.000000 0.083333
1 256 12.000000 12.000000 0.000000
1 257 13.000000 12.000000 0.076923
1 258 13.000000 12.000000 0.076923
1 259 13.000000 12.000000 0.076923
1 260 10.000000 10.000000 0.000000
1 261 13.000000 11.000000 0.153846
1 262 11.000000 11.000000 0.000000
1 263 12.000000 12.000000 0.000000
1 264 15.000000 12.000000 0.200000
1 265 14.000000 12.000000 0.142857
1 266 12.000000 12.000000 0.000000
1 267 14.000000 12.000000 0.142857
1 268 11.000000 11.000000 0.000000
1 269 13.000000 12.000000 0.076923
1 270 13.000000 12.000000 0.076923
1 271 12.000000 11.000000 0.083333
1 272 11.000000 11.000000 0.000000
1 273 11.000000 11.000000 0.000000
1 274 13.000000 12.000000 0.076923
1 275 12.000000 11.000000 0.083333
1 276 11.000000 11.000000 0.000000
1 277 15.000000 12.000000 0.200000
1 278 12.000000 12.000000 0.000000
1 279 12.000000 12.000000 0.000000
1 280 13.000000 12.000000 0.076923
1 281 12.000000 12.000000 0.000000
1 282 12.000000 11.000000 0.083333
1 283 14.000000 12.000000 0.142857
1 284 12.000000 12.000000 0.000000
1 285 13.000000 12.000000 0.076923
1 286 10.000000 10.000000 0.000000
1 287 11.000000 11.000000 0.000000
1 288 12.000000 12.000000 0.000000
1 289 12.000000 12.000000 0.000000
1 290 13.000000 12.000000 0.076923
1 291 13.000000 11.000000 0.153846
1 292 11.000000 11.000000 0.000000
1 293 11.000000 11.000000 0.000000
1 294 14.000000 12.000000 0.142857
1 295 12.000000 12.000000 0.000000
1 296 12.000000 12.000000 0.000000
1 297 11.000000 11.000000 0.000000
1 298 12.000000 11.000000 0.083333
1 299 11.000000 11.000000 0.000000
1 300 11.000000 11.000000 0.000000
1 301 11.000000 11.000000 0.000000
1 302 15.000000 12.000000 0.200000
1 303 11.000000 11.000000 0.000000
1 304 12.000000 11.000000 0.083333
1 305 12.000000 11.000000 0.083333
1 306 12.000000 12.000000 0.000000
1 307 15.000000 12.000000 0.200000
1 308 12.000000 11.000000 0.083333
1 309 11.000000 11.000000 0.000000
1 310 12.000000 12.000000 0.000000
1 311 14.000000 12.000000 0.142857
1 312 11.000000 11.000000 0.000000
1 313 11.000000 11.000000 0.000000
1 314 12.000000 11.000000 0.083333
1 315 13.000000 12.000000 0.076923
1 316 12.000000 12.000000 0.000000
1 317 13.000000 12.000000 0.076923
1 318 15.000000 12.000000 0.200000
1 319 11.000000 11.000000 0.000000
1 320 11.000000 11.000000 0.000000
1 321 13.000000 12.000000 0.076923
1 322 12.000000 12.000000 0.000000
1 323 13.000000 12.000000 0.076923
1 324 13.000000 12.000000 0.076923
1 325 12.000000 12.000000 0.000000
1 326 12.000000 11.000000 0.083333
1 327 12.000000 11.000000 0.083333
1 328 11.000000 11.000000 0.000000
1 329 12.000000 12.000000 0.000000
1 330 13.000000 12.000000 0.076923
1 331 12.000000 11.000000 0.083333
1 332 12.000000 12.000000 0.000000
1 333 12.000000 12.000000 0.000000
1 334 11.000000 11.000000 0.000000
1 335 10.000000 10.000000 0.000000
1 336 12.000000 12.000000 0.000000
1 337 13.000000 12.000000 0.076923
1 338 13.000000 12.000000 0.076923
1 339 12.000000 12.000000 0.000000
1 340 13.000000 12.000000 0.076923
1 341 13.000000 12.000000 0.076923
1 342 12.000000 12.000000 0.000000
1 343 13.000000 12.000000 0.076923
1 344 12.000000 12.000000 0.000000
1 345 12.000000 12.000000 0.000000
1 346 10.000000 10.000000 0.000000
1 347 14.000000 12.000000 0.142857
1 348 14.000000 12.000000 0.142857
1 349 12.000000 11.000000 0.083333
1 350 13.000000 12.000000 0.076923
1 351 13.000000 12.000000 0.076923
1 352 14.000000 12.000000 0.142857
1 353 13.000000 12.000000 0.076923
1 354 11.000000 11.000000 0.000000
1 355 14.000000 12.000000 0.142857
1 356 13.000000 12.000000 0.076923
1 357 13.000000 12.000000 0.076923
1 358 13.000000 12.000000 0.076923
1 359 14.000000 12.000000 0.142857
1 360 13.000000 12.000000 0.076923
1 361 10.000000 10.000000 0.000000
1 362 13.000000 12.000000 0.076923
1 363 11.000000 11.000000 0.000000
1 364 11.000000 11.000000 0.000000
1 365 11.000000 11.000000 0.000000
1 366 11.000000 11.000000 0.000000
1 367 10.000000 10.000000 0.000000
1 368 10.000000 10.000000 0.000000
1 369 14.000000 12.000000 0.142857
1 370 12.000000 11.000000 0.083333
1 371 10.000000 10.000000 0.000000
1 372 12.000000 12.000000 0.000000
1 373 12.000000 11.000000 0.083333
1 374 12.000000 12.000000 0.000000
1 375 11.000000 11.000000 0.000000
1 376 12.000000 12.000000 0.000000
1 377 12.000000 11.000000 0.083333
1 378 12.000000 12.000000 0.000000
1 379 13.000000 12.000000 0.076923
1 380 15.000000 12.000000 0.200000
1 381 12.000000 11.000000 0.083333
1 382 11.000000 11.000000 0.000000
1 383 11.000000 11.000000 0.000000
1 384 12.000000 11.000000 0.083333
1 385 11.000000 11.000000 0.000000
1 386 13.000000 12.000000 0.076923
1 387 10.000000 10.000000 0.000000
1 388 14.000000 12.000000 0.142857
1 389 12.000000 12.000000 0.000000
1 390 13.000000 12.000000 0.076923
1 391 10.000000 10.000000 0.000000
1 392 11.000000 11.000000 0.000000
1 393 10.000000 10.000000 0.000000
1 394 10.000000 10.000000 0.000000
1 395 13.000000 12.000000 0.076923
1 396 12.000000 12.000000 0.000000
1 397 10.000000 10.000000 0.000000
1 398 13.000000 11.000000 0.153846
1 399 12.000000 11.000000 0.083333
1 400 12.000000 12.000000 0.000000
2 1 12.000000 12.000000 0.000000
2 2 21.000000 17.000000 0.190476
2 3 20.000000 16.000000 0.200000
2 4 23.000000 19.000000 0.173913
2 5 20.000000 16.000000 0.200000
2 6 21.000000 17.000000 0.190476
2 7 15.000000 14.000000 0.066667
2 8 14.000000 14.000000 0.000000
2 9 21.000000 17.000000 0.190476
2 10 30.000000 23.000000 0.233333
2 11 20.000000 17.000000 0.150000
2 12 19.000000 17.000000 0.105263
2 13 21.000000 17.000000 0.190476
2 14 17.000000 15.000000 0.117647
2 15 23.000000 19.000000 0.173913
2 16 17.000000 14.000000 0.176471
2 17 21.000000 18.000000 0.142857
2 18 19.000000 18.000000 0.052632
2 19 15.000000 14.000000 0.066667
2 20 24.000000 21.000000 0.125000
2 21 17.000000 15.000000 0.117647
2 22 12.000000 11.000000 0.083333
2 23 14.000000 13.000000 0.071429
2 24 23.000000 16.000000 0.304348
2 25 14.000000 14.000000 0.000000
2 26 15.000000 14.000000 0.066667
2 27 18.000000 15.000000 0.166667
2 28 16.000000 14.000000 0.125000
2 29 18.000000 15.000000 0.166667
2 30 16.000000 14.000000 0.125000
2 31 28.000000 21.000000 0.250000
2 32 21.000000 19.000000 0.095238
2 33 20.000000 17.000000 0.150000
2 34 17.000000 16.000000 0.058824
2 35 18.000000 17.000000 0.055556
2 36 18.000000 16.000000 0.111111
2 37 17.000000 15.000000 0.117647
2 38 23.000000 16.000000 0.304348
2 39 16.000000 14.000000 0.125000
2 40 17.000000 16.000000 0.058824
2 41 16.000000 15.000000 0.062500
2 42 15.000000 14.000000 0.066667
2 43 18.000000 15.000000 0.166667
2 44 18.000000 15.000000 0.166667
2 45 19.000000 16.000000 0.157895
2 46 20.000000 16.000000 0.200000
2 47 17.000000 15.000000 0.117647
2 48 23.000000 19.000000 0.173913
2 49 22.000000 17.000000 0.227273
2 50 20.000000 17.000000 0.150000
2 51 17.000000 16.000000 0.058824
2 52 21.000000 18.000000 0.142857
2 53 18.000000 15.000000 0.166667
2 54 23.000000 19.000000 0.173913
2 55 24.000000 21.000000 0.125000
2 56 22.000000 17.000000 0.227273
2 57 23.000000 18.000000 0.217391
2 58 15.000000 14.000000 0.066667
2 59 12.000000 12.000000 0.000000
2 60 15.000000 14.000000 0.066667
2 61 15.000000 15.000000 0.000000
2 62 25.000000 19.000000 0.240000
2 63 18.000000 16.000000 0.111111
2 64 14.000000 13.000000 0.071429
2 65 18.000000 16.000000 0.111111
2 66 14.000000 14.000000 0.000000
2 67 25.000000 21.000000 0.160000
2 68 22.000000 18.000000 0.181818
2 69 17.000000 15.000000 0.117647
2 70 16.000000 15.000000 0.062500
2 71 19.000000 18.000000 0.052632
2 72 16.000000 15.000000 0.062500
2 73 23.000000 19.000000 0.173913
2 74 23.000000 17.000000 0.260870
2 75 15.000000 15.000000 0.000000
2 76 14.000000 12.000000 0.142857
2 77 30.000000 22.000000 0.266667
2 78 15.000000 15.000000 0.000000
2 79 20.000000 18.000000 0.100000
2 80 13.000000 13.000000 0.000000
2 81 21.000000 17.000000 0.190476
2 82 20.000000 18.000000 0.100000
2 83 23.000000 19.000000 0.173913
2 84 15.000000 14.000000 0.066667
2 85 13.000000 12.000000 0.076923
2 86 19.000000 17.000000 0.105263
2 87 15.000000 14.000000 0.066667
2 88 19.000000 15.000000 0.210526
2 89 27.000000 21.000000 0.222222
2 90 16.000000 14.000000 0.125000
2 91 20.000000 17.000000 0.150000
2 92 17.000000 14.000000 0.176471
2 93 19.000000 17.000000 0.105263
2 94 13.000000 13.000000 0.000000
2 95 18.000000 17.000000 0.055556
2 96 17.000000 15.000000 0.117647
2 97 21.000000 19.000000 0.095238
2 98 20.000000 17.000000 0.150000
2 99 18.000000 15.000000 0.166667
2 100 17.000000 15.000000 0.117647
2 101 17.000000 14.000000 0.176471
2 102 20.000000 17.000000 0.150000
2 103 19.000000 15.000000 0.210526
2 104 14.000000 14.000000 0.000000
2 105 15.000000 14.000000 0.066667
2 106 19.000000 17.000000 0.105263
2 107 24.000000 19.000000 0.208333
2 108 21.000000 19.000000 0.095238
2 109 16.000000 14.000000 0.125000
2 110 18.000000 15.000000 0.166667
2 111 28.000000 21.000000 0.250000
2 112 13.000000 11.000000 0.153846
2 113 23.000000 19.000000 0.173913
2 114 22.000000 18.000000 0.181818
2 115 21.000000 18.000000 0.142857
2 116 30.000000 20.000000 0.333333
2 117 17.000000 14.000000 0.176471
2 118 15.000000 13.000000 0.133333
2 119 18.000000 17.000000 0.055556
2 120 17.000000 15.000000 0.117647
2 121 18.000000 18.000000 0.000000
2 122 20.000000 18.000000 0.100000
2 123 22.000000 17.000000 0.227273
2 124 16.000000 15.000000 0.062500
2 125 29.000000 19.000000 0.344828
2 126 16.000000 14.000000 0.125000
2 127 22.000000 18.000000 0.181818
2 128 18.000000 15.000000 0.166667
2 129 19.000000 16.000000 0.157895
2 130 17.000000 16.000000 0.058824
2 131 19.000000 17.000000 0.105263
2 132 20.000000 18.000000 0.100000
2 133 14.000000 12.000000 0.142857
2 134 23.000000 19.000000 0.173913
2 135 29.000000 21.000000 0.275862
2 136 18.000000 15.000000 0.166667
2 137 27.000000 18.000000 0.333333
2 138 18.000000 16.000000 0.111111
2 139 22.000000 18.000000 0.181818
2 140 15.000000 14.000000 0.066667
2 141 22.000000 19.000000 0.136364
2 142 16.000000 14.000000 0.125000
2 143 18.000000 16.000000 0.111111
2 144 18.000000 16.000000 0.111111
2 145 23.000000 18.000000 0.217391
2 146 17.000000 15.000000 0.117647
2 147 28.000000 22.000000 0.214286
2 148 20.000000 17.000000 0.150000
2 149 20.000000 15.000000 0.250000
2 150 16.000000 15.000000 0.062500
2 151 22.000000 17.000000 0.227273
2 152 19.000000 16.000000 0.157895
2 153 14.000000 12.000000 0.142857
2 154 20.000000 17.000000 0.150000
2 155 20.000000 17.000000 0.150000
2 156 17.000000 14.000000 0.176471
2 157 17.000000 16.000000 0.058824
2 158 18.000000 17.000000 0.055556
2 159 20.000000 19.000000 0.050000
2 160 20.000000 16.000000 0.200000
2 161 31.000000 22.000000 0.290323
2 162 19.000000 15.000000 0.210526
2 163 22.000000 19.000000 0.136364
2 164 23.000000 18.000000 0.217391
2 165 22.000000 16.000000 0.272727
2 166 19.000000 18.000000 0.052632
2 167 15.000000 14.000000 0.066667
2 168 19.000000 17.000000 0.105263
2 169 16.000000 15.000000 0.062500
2 170 16.000000 14.000000 0.125000
2 171 17.000000 15.000000 0.117647
2 172 18.000000 16.000000 0.111111
2 173 23.000000 17.000000 0.260870
2 174 19.000000 15.000000 0.210526
2 175 11.000000 11.000000 0.000000
2 176 20.000000 16.000000 0.200000
2 177 14.000000 12.000000 0.142857
2 178 14.000000 14.000000 0.000000
2 179 22.000000 16.000000 0.272727
2 180 19.000000 15.000000 0.210526
2 181 15.000000 13.000000 0.133333
2 182 14.000000 14.000000 0.000000
2 183 21.000000 17.000000 0.190476
2 184 19.000000 16.000000 0.157895
2 185 14.000000 12.000000 0.142857
2 186 15.000000 14.000000 0.066667
2 187 17.000000 14.000000 0.176471
2 188 21.000000 17.000000 0.190476
2 189 20.000000 17.000000 0.150000
2 190 16.000000 13.000000 0.187500
2 191 23.000000 18.000000 0.217391
2 192 16.000000 15.000000 0.062500
2 193 19.000000 17.000000 0.105263
2 194 23.000000 17.000000 0.260870
2 195 22.000000 20.000000 0.090909
2 196 16.000000 15.000000 0.062500
2 197 21.000000 17.000000 0.190476
2 198 23.000000 20.000000 0.130435
2 199 15.000000 15.000000 0.000000
2 200 24.000000 20.000000 0.166667
2 201 13.000000 12.000000 0.076923
2 202 14.000000 14.000000 -0.000000
2 203 21.000000 18.000000 0.142857
2 204 19.000000 15.000000 0.210526
2 205 17.000000 16.000000 0.058824
2 206 15.000000 14.000000 0.066667
2 207 17.000000 14.000000 0.176471
2 208 20.000000 17.000000 0.150000
2 209 15.000000 13.000000 0.133333
2 210 19.000000 16.000000 0.157895
2 211 24.000000 20.000000 0.166667
2 212 19.000000 14.000000 0.263158
2 213 17.000000 14.000000 0.176471
2 214 12.000000 12.000000 0.000000
2 215 20.000000 16.000000 0.200000
2 216 25.000000 18.000000 0.280000
2 217 13.000000 13.000000 0.000000
2 218 27.000000 17.000000 0.370370
2 219 18.000000 15.000000 0.166667
2 220 11.000000 11.000000 0.000000
2 221 24.000000 18.000000 0.250000
2 222 22.000000 19.000000 0.136364
2 223 17.000000 14.000000 0.176471
2 224 23.000000 19.000000 0.173913
2 225 24.000000 20.000000 0.166667
2 226 16.000000 14.000000 0.125000
2 227 18.000000 18.000000 -0.000000
2 228 25.000000 21.000000 0.160000
2 229 21.000000 19.000000 0.095238
2 230 21.000000 17.000000 0.190476
2 231 18.000000 14.000000 0.222222
2 232 14.000000 12.000000 0.142857
2 233 11.000000 11.000000 0.000000
2 234 14.000000 13.000000 0.071429
2 235 14.000000 14.000000 0.000000
2 236 23.000000 19.000000 0.173913
2 237 21.000000 18.000000 0.142857
2 238 14.000000 13.000000 0.071429
2 239 23.000000 18.000000 0.217391
2 240 17.000000 15.000000 0.117647
2 241 26.000000 19.000000 0.269231
2 242 19.000000 15.000000 0.210526
2 243 12.000000 12.000000 0.000000
2 244 14.000000 14.000000 0.000000
2 245 11.000000 11.000000 0.000000
2 246 20.000000 19.000000 0.050000
2 247 24.000000 19.000000 0.208333
2 248 15.000000 13.000000 0.133333
2 249 19.000000 17.000000 0.105263
2 250 17.000000 15.000000 0.117647
2 251 19.000000 16.000000 0.157895
2 252 25.000000 18.000000 0.280000
2 253 23.000000 18.000000 0.217391
2 254 15.000000 14.000000 0.066667
2 255 18.000000 15.000000 0.166667
2 256 21.000000 19.000000 0.095238
2 257 20.000000 16.000000 0.200000
2 258 19.000000 17.000000 0.105263
2 259 16.000000 14.000000 0.125000
2 260 14.000000 14.000000 0.000000
2 261 23.000000 18.000000 0.217391
2 262 17.000000 16.000000 0.058824
2 263 20.000000 16.000000 0.200000
2 264 16.000000 13.000000 0.187500
2 265 15.000000 13.000000 0.133333
2 266 15.000000 14.000000 0.066667
2 267 19.000000 14.000000 0.263158
2 268 20.000000 17.000000 0.150000
2 269 30.000000 23.000000 0.233333
2 270 13.000000 11.000000 0.153846
2 271 15.000000 14.000000 0.066667
2 272 26.000000 20.000000 0.230769
2 273 23.000000 22.000000 0.043478
2 274 23.000000 17.000000 0.260870
2 275 21.000000 17.000000 0.190476
2 276 21.000000 16.000000 0.238095
2 277 22.000000 18.000000 0.181818
2 278 16.000000 16.000000 0.000000
2 279 20.000000 16.000000 0.200000
2 280 19.000000 17.000000 0.105263
2 281 17.000000 16.000000 0.058824
2 282 20.000000 18.000000 0.100000
2 283 19.000000 17.000000 0.105263
2 284 19.000000 16.000000 0.157895
2 285 24.000000 18.000000 0.250000
2 286 20.000000 18.000000 0.100000
2 287 21.000000 19.000000 0.095238
2 288 16.000000 14.000000 0.125000
2 289 17.000000 14.000000 0.176471
2 290 15.000000 15.000000 0.000000
2 291 16.000000 15.000000 0.062500
2 292 17.000000 16.000000 0.058824
2 293 16.000000 14.000000 0.125000
2 294 17.000000 15.000000 0.117647
2 295 16.000000 14.000000 0.125000
2 296 14.000000 13.000000 0.071429
2 297 20.000000 17.000000 0.150000
2 298 17.000000 14.000000 0.176471
2 299 23.000000 18.000000 0.217391
2 300 15.000000 14.000000 0.066667
2 301 24.000000 19.000000 0.208333
2 302 21.000000 17.000000 0.190476
2 303 18.000000 16.000000 0.111111
2 304 21.000000 19.000000 0.095238
2 305 18.000000 18.000000 0.000000
2 306 23.000000 17.000000 0.260870
2 307 21.000000 17.000000 0.190476
2 308 15.000000 12.000000 0.200000
2 309 22.000000 17.000000 0.227273
2 310 19.000000 18.000000 0.052632
2 311 22.000000 19.000000 0.136364
2 312 14.000000 13.000000 0.071429
2 313 19.000000 15.000000 0.210526
2 314 11.000000 11.000000 0.000000
2 315 16.000000 16.000000 0.000000
2 316 17.000000 14.000000 0.176471
2 317 14.000000 12.000000 0.142857
2 318 21.000000 17.000000 0.190476
2 319 18.000000 14.000000 0.222222
2 320 17.000000 15.000000 0.117647
2 321 20.000000 17.000000 0.150000
2 322 21.000000 17.000000 0.190476
2 323 14.000000 13.000000 0.071429
2 324 18.000000 16.000000 0.111111
2 325 15.000000 14.000000 0.066667
2 326 17.000000 17.000000 -0.000000
2 327 16.000000 15.000000 0.062500
2 328 17.000000 15.000000 0.117647
2 329 23.000000 17.000000 0.260870
2 330 19.000000 17.000000 0.105263
2 331 19.000000 16.000000 0.157895
2 332 18.000000 14.000000 0.222222
2 333 17.000000 14.000000 0.176471
2 334 15.000000 14.000000 0.066667
2 335 16.000000 14.000000 0.125000
2 336 15.000000 14.000000 0.066667
2 337 23.000000 20.000000 0.130435
2 338 15.000000 15.000000 0.000000
2 339 18.000000 16.000000 0.111111
2 340 16.000000 13.000000 0.187500
2 341 29.000000 20.000000 0.310345
2 342 23.000000 19.000000 0.173913
2 343 16.000000 15.000000 0.062500
2 344 13.000000 13.000000 0.000000
2 345 30.000000 22.000000 0.266667
2 346 14.000000 13.000000 0.071429
2 347 11.000000 11.000000 0.000000
2 348 21.000000 17.000000 0.190476
2 349 17.000000 15.000000 0.117647
2 350 15.000000 15.000000 -0.000000
2 351 21.000000 17.000000 0.190476
2 352 18.000000 17.000000 0.055556
2 353 25.000000 20.000000 0.200000
2 354 11.000000 11.000000 0.000000
2 355 17.000000 16.000000 0.058824
2 356 26.000000 19.000000 0.269231
2 357 12.000000 11.000000 0.083333
2 358 19.000000 17.000000 0.105263
2 359 25.000000 18.000000 0.280000
2 360 16.000000 15.000000 0.062500
2 361 13.000000 12.000000 0.076923
2 362 18.000000 15.000000 0.166667
2 363 22.000000 19.000000 0.136364
2 364 20.000000 18.000000 0.100000
2 365 20.000000 18.000000 0.100000
2 366 17.000000 13.000000 0.235294
2 367 22.000000 17.000000 0.227273
2 368 15.000000 14.000000 0.066667
2 369 19.000000 16.000000 0.157895
2 370 15.000000 14.000000 0.066667
2 371 27.000000 21.000000 0.222222
2 372 14.000000 14.000000 -0.000000
2 373 21.000000 18.000000 0.142857
2 374 16.000000 14.000000 0.125000
2 375 20.000000 15.000000 0.250000
2 376 11.000000 11.000000 0.000000
2 377 15.000000 15.000000 0.000000
2 378 16.000000 15.000000 0.062500
2 379 13.000000 13.000000 0.000000
2 380 16.000000 13.000000 0.187500
2 381 14.000000 13.000000 0.071429
2 382 20.000000 19.000000 0.050000
2 383 19.000000 17.000000 0.105263
2 384 18.000000 15.000000 0.166667
2 385 16.000000 14.000000 0.125000
2 386 17.000000 16.000000 0.058824
2 387 26.000000 20.000000 0.230769
2 388 14.000000 13.000000 0.071429
2 389 18.000000 15.000000 0.166667
2 390 20.000000 18.000000 0.100000
2 391 25.000000 22.000000 0.120000
2 392 18.000000 16.000000 0.111111
2 393 11.000000 11.000000 0.000000
2 394 21.000000 16.000000 0.238095
2 395 18.000000 15.000000 0.166667
2 396 19.000000 16.000000 0.157895
2 397 15.000000 14.000000 0.066667
2 398 19.000000 17.000000 0.105263
2 399 11.000000 11.000000 0.000000
2 400 19.000000 17.000000 0.105263
3 1 30.000000 28.000000 0.066667
3 2 50.000000 40.000000 0.200000
3 3 33.000000 28.000000 0.151515
3 4 36.000000 28.000000 0.222222
3 5 36.000000 32.000000 0.111111
3 6 27.000000 24.000000 0.111111
3 7 28.000000 24.000000 0.142857
3 8 40.000000 33.000000 0.175000
3 9 31.000000 24.000000 0.225806
3 10 51.000000 40.000000 0.215686
3 11 26.000000 21.000000 0.192308
3 12 30.000000 24.000000 0.200000
3 13 26.000000 25.000000 0.038462
3 14 34.000000 30.000000 0.117647
3 15 26.000000 24.000000 0.076923
3 16 47.000000 36.000000 0.234043
3 17 36.000000 27.000000 0.250000
3 18 33.000000 28.000000 0.151515
3 19 19.000000 18.000000 0.052632
3 20 27.000000 22.000000 0.185185
3 21 29.000000 26.000000 0.103448
3 22 55.000000 44.000000 0.200000
3 23 34.000000 27.000000 0.205882
3 24 28.000000 24.000000 0.142857
3 25 29.000000 26.000000 0.103448
3 26 39.000000 30.000000 0.230769
3 27 37.000000 30.000000 0.189189
3 28 45.000000 38.000000 0.155556
3 29 33.000000 25.000000 0.242424
3 30 38.000000 29.000000 0.236842
3 31 37.000000 30.000000 0.189189
3 32 37.000000 29.000000 0.216216
3 33 35.000000 28.000000 0.200000
3 34 44.000000 32.000000 0.272727
3 35 38.000000 30.000000 0.210526
3 36 34.000000 28.000000 0.176471
3 37 41.000000 34.000000 0.170732
3 38 40.000000 28.000000 0.300000
3 39 31.000000 26.000000 0.161290
3 40 32.000000 29.000000 0.093750
3 41 39.000000 33.000000 0.153846
3 42 33.000000 27.000000 0.181818
3 43 26.000000 23.000000 0.115385
3 44 42.000000 33.000000 0.214286
3 45 29.000000 24.000000 0.172414
3 46 36.000000 28.000000 0.222222
3 47 41.000000 30.000000 0.268293
3 48 36.000000 29.000000 0.194444
3 49 22.000000 20.000000 0.090909
3 50 22.000000 21.000000 0.045455
3 51 20.000000 18.000000 0.100000
3 52 33.000000 30.000000 0.090909
3 53 47.000000 34.000000 0.276596
3 54 30.000000 23.000000 0.233333
3 55 61.000000 41.000000 0.327869
3 56 31.000000 23.000000 0.258065
3 57 38.000000 29.000000 0.236842
3 58 42.000000 32.000000 0.238095
3 59 35.000000 31.000000 0.114286
3 60 30.000000 22.000000 0.266667
3 61 46.000000 31.000000 0.326087
3 62 45.000000 38.000000 0.155556
3 63 28.000000 24.000000 0.142857
3 64 27.000000 24.000000 0.111111
3 65 35.000000 31.000000 0.114286
3 66 30.000000 25.000000 0.166667
3 67 30.000000 26.000000 0.133333
3 68 47.000000 35.000000 0.255319
3 69 28.000000 22.000000 0.214286
3 70 50.000000 35.000000 0.300000
3 71 39.000000 30.000000 0.230769
3 72 39.000000 30.000000 0.230769
3 73 33.000000 26.000000 0.212121
3 74 39.000000 31.000000 0.205128
3 75 29.000000 22.000000 0.241379
3 76 28.000000 23.000000 0.178571
3 77 38.000000 28.000000 0.263158
3 78 49.000000 35.000000 0.285714
3 79 43.000000 34.000000 0.209302
3 80 34.000000 27.000000 0.205882
3 81 31.000000 27.000000 0.129032
3 82 26.000000 22.000000 0.153846
3 83 25.000000 22.000000 0.120000
3 84 35.000000 31.000000 0.114286
3 85 29.000000 23.000000 0.206897
3 86 32.000000 28.000000 0.125000
3 87 41.000000 32.000000 0.219512
3 88 35.000000 30.000000 0.142857
3 89 36.000000 28.000000 0.222222
3 90 48.000000 39.000000 0.187500
3 91 40.000000 28.000000 0.300000
3 92 36.000000 30.000000 0.166667
3 93 50.000000 38.000000 0.240000
3 94 31.000000 27.000000 0.129032
3 95 38.000000 30.000000 0.210526
3 96 29.000000 26.000000 0.103448
3 97 29.000000 26.000000 0.103448
3 98 38.000000 28.000000 0.263158
3 99 29.000000 25.000000 0.137931
3 100 39.000000 29.000000 0.256410
3 101 14.000000 14.000000 0.000000
3 102 37.000000 30.000000 0.189189
3 103 39.000000 31.000000 0.205128
3 104 40.000000 34.000000 0.150000
3 105 43.000000 33.000000 0.232558
3 106 31.000000 23.000000 0.258065
3 107 36.000000 28.000000 0.222222
3 108 29.000000 23.000000 0.206897
3 109 18.000000 18.000000 0.000000
3 110 44.000000 37.000000 0.159091
3 111 45.000000 32.000000 0.288889
3 112 41.000000 33.000000 0.195122
3 113 32.000000 28.000000 0.125000
3 114 29.000000 23.000000 0.206897
3 115 42.000000 32.000000 0.238095
3 116 31.000000 27.000000 0.129032
3 117 37.000000 29.000000 0.216216
3 118 35.000000 27.000000 0.228571
3 119 24.000000 20.000000 0.166667
3 120 32.000000 28.000000 0.125000
3 121 25.000000 23.000000 0.080000
3 122 44.000000 32.000000 0.272727
3 123 42.000000 32.000000 0.238095
3 124 49.000000 38.000000 0.224490
3 125 26.000000 26.000000 0.000000
3 126 31.000000 27.000000 0.129032
3 127 34.000000 27.000000 0.205882
3 128 35.000000 28.000000 0.200000
3 129 24.000000 22.000000 0.083333
3 130 32.000000 30.000000 0.062500
3 131 40.000000 29.000000 0.275000
3 132 25.000000 23.000000 0.080000
3 133 35.000000 26.000000 0.257143
3 134 37.000000 29.000000 0.216216
3 135 36.000000 29.000000 0.194444
3 136 56.000000 42.000000 0.250000
3 137 26.000000 21.000000 0.192308
3 138 40.000000 32.000000 0.200000
3 139 30.000000 25.000000 0.166667
3 140 43.000000 32.000000 0.255814
3 141 35.000000 27.000000 0.228571
3 142 39.000000 31.000000 0.205128
3 143 56.000000 42.000000 0.250000
3 144 24.000000 21.000000 0.125000
3 145 37.000000 31.000000 0.162162
3 146 26.000000 24.000000 0.076923
3 147 39.000000 30.000000 0.230769
3 148 34.000000 28.000000 0.176471
3 149 40.000000 31.000000 0.225000
3 150 54.000000 42.000000 0.222222
3 151 43.000000 33.000000 0.232558
3 152 36.000000 31.000000 0.138889
3 153 40.000000 33.000000 0.175000
3 154 57.000000 43.000000 0.245614
3 155 23.000000 21.000000 0.086957
3 156 32.000000 30.000000 0.062500
3 157 31.000000 27.000000 0.129032
3 158 40.000000 32.000000 0.200000
3 159 41.000000 34.000000 0.170732
3 160 37.000000 30.000000 0.189189
3 161 36.000000 25.000000 0.305556
3 162 30.000000 28.000000 0.066667
3 163 42.000000 34.000000 0.190476
3 164 31.000000 23.000000 0.258065
3 165 35.000000 29.000000 0.171429
3 166 34.000000 27.000000 0.205882
3 167 22.000000 20.000000 0.090909
3 168 35.000000 26.000000 0.257143
3 169 35.000000 29.000000 0.171429
3 170 33.000000 29.000000 0.121212
3 171 29.000000 23.000000 0.206897
3 172 35.000000 27.000000 0.228571
3 173 20.000000 20.000000 0.000000
3 174 23.000000 19.000000 0.173913
3 175 46.000000 35.000000 0.239130
3 176 28.000000 23.000000 0.178571
3 177 24.000000 19.000000 0.208333
3 178 27.000000 23.000000 0.148148
3 179 21.000000 20.000000 0.047619
3 180 37.000000 29.000000 0.216216
3 181 54.000000 40.000000 0.259259
3 182 46.000000 35.000000 0.239130
3 183 28.000000 25.000000 0.107143
3 184 28.000000 24.000000 0.142857
3 185 36.000000 32.000000 0.111111
3 186 40.000000 30.000000 0.250000
3 187 50.000000 37.000000 0.260000
3 188 35.000000 30.000000 0.142857
3 189 33.000000 28.000000 0.151515
3 190 46.000000 39.000000 0.152174
3 191 33.000000 27.000000 0.181818
3 192 48.000000 39.000000 0.187500
3 193 22.000000 18.000000 0.181818
3 194 34.000000 26.000000 0.235294
3 195 38.000000 32.000000 0.157895
3 196 28.000000 23.000000 0.178571
3 197 32.000000 26.000000 0.187500
3 198 37.000000 28.000000 0.243243
3 199 36.000000 30.000000 0.166667
3 200 37.000000 28.000000 0.243243
3 201 33.000000 27.000000 0.181818
3 202 39.000000 34.000000 0.128205
3 203 43.000000 32.000000 0.255814
3 204 35.000000 31.000000 0.114286
3 205 37.000000 27.000000 0.270270
3 206 34.000000 25.000000 0.264706
3 207 47.000000 38.000000 0.191489
3 208 31.000000 25.000000 0.193548
3 209 34.000000 27.000000 0.205882
3 210 44.000000 33.000000 0.250000
3 211 34.000000 25.000000 0.264706
3 212 32.000000 25.000000 0.218750
3 213 40.000000 33.000000 0.175000
3 214 25.000000 23.000000 0.080000
3 215 50.000000 39.000000 0.220000
3 216 44.000000 37.000000 0.159091
3 217 34.000000 28.000000 0.176471
3 218 24.000000 22.000000 0.083333
3 219 43.000000 34.000000 0.209302
3 220 21.000000 18.000000 0.142857
3 221 29.000000 26.000000 0.103448
3 222 26.000000 21.000000 0.192308
3 223 31.000000 25.000000 0.193548
3 224 43.000000 33.000000 0.232558
3 225 19.000000 17.000000 0.105263
3 226 38.000000 28.000000 0.263158
3 227 42.000000 32.000000 0.238095
3 228 21.000000 21.000000 0.000000
3 229 32.000000 27.000000 0.156250
3 230 36.000000 31.000000 0.138889
3 231 42.000000 31.000000 0.261905
3 232 29.000000 24.000000 0.172414
3 233 27.000000 25.000000 0.074074
3 234 41.000000 31.000000 0.243902
3 235 35.000000 34.000000 0.028571
3 236 68.000000 47.000000 0.308824
3 237 50.000000 36.000000 0.280000
3 238 32.000000 27.000000 0.156250
3 239 40.000000 34.000000 0.150000
3 240 33.000000 25.000000 0.242424
3 241 32.000000 25.000000 0.218750
3 242 31.000000 25.000000 0.193548
3 243 25.000000 21.000000 0.160000
3 244 26.000000 24.000000 0.076923
3 245 34.000000 27.000000 0.205882
3 246 37.000000 27.000000 0.270270
3 247 44.000000 33.000000 0.250000
3 248 41.000000 31.000000 0.243902
3 249 33.000000 27.000000 0.181818
3 250 34.000000 25.000000 0.264706
3 251 38.000000 32.000000 0.157895
3 252 54.000000 39.000000 0.277778
3 253 47.000000 34.000000 0.276596
3 254 35.000000 28.000000 0.200000
3 255 32.000000 27.000000 0.156250
3 256 47.000000 36.000000 0.234043
3 257 24.000000 22.000000 0.083333
3 258 52.000000 37.000000 0.288462
3 259 31.000000 26.000000 0.161290
3 260 32.000000 30.000000 0.062500
3 261 33.000000 29.000000 0.121212
3 262 28.000000 25.000000 0.107143
3 263 45.000000 32.000000 0.288889
3 264 29.000000 27.000000 0.068966
3 265 17.000000 16.000000 0.058824
3 266 24.000000 23.000000 0.041667
3 267 28.000000 24.000000 0.142857
3 268 39.000000 28.000000 0.282051
3 269 47.000000 34.000000 0.276596
3 270 42.000000 33.000000 0.214286
3 271 45.000000 35.000000 0.222222
3 272 40.000000 31.000000 0.225000
3 273 34.000000 29.000000 0.147059
3 274 29.000000 25.000000 0.137931
3 275 30.000000 25.000000 0.166667
3 276 45.000000 34.000000 0.244444
3 277 31.000000 24.000000 0.225806
3 278 41.000000 32.000000 0.219512
3 279 35.000000 29.000000 0.171429
3 280 18.000000 17.000000 0.055556
3 281 31.000000 25.000000 0.193548
3 282 29.000000 26.000000 0.103448
3 283 24.000000 22.000000 0.083333
3 284 35.000000 30.000000 0.142857
3 285 48.000000 35.000000 0.270833
3 286 37.000000 32.000000 0.135135
3 287 52.000000 39.000000 0.250000
3 288 31.000000 27.000000 0.129032
3 289 32.000000 28.000000 0.125000
3 290 28.000000 24.000000 0.142857
3 291 29.000000 25.000000 0.137931
3 292 35.000000 31.000000 0.114286
3 293 31.000000 25.000000 0.193548
3 294 48.000000 37.000000 0.229167
3 295 40.000000 35.000000 0.125000
3 296 35.000000 28.000000 0.200000
3 297 42.000000 33.000000 0.214286
3 298 34.000000 27.000000 0.205882
3 299 34.000000 25.000000 0.264706
3 300 25.000000 21.000000 0.160000
3 301 39.000000 31.000000 0.205128
3 302 33.000000 28.000000 0.151515
3 303 37.000000 27.000000 0.270270
3 304 45.000000 33.000000 0.266667
3 305 27.000000 22.000000 0.185185
3 306 36.000000 29.000000 0.194444
3 307 37.000000 29.000000 0.216216
3 308 51.000000 38.000000 0.254902
3 309 30.000000 28.000000 0.066667
3 310 34.000000 26.000000 0.235294
3 311 46.000000 38.000000 0.173913
3 312 47.000000 38.000000 0.191489
3 313 35.000000 26.000000 0.257143
3 314 29.000000 25.000000 0.137931
3 315 41.000000 30.000000 0.268293
3 316 32.000000 27.000000 0.156250
3 317 37.000000 30.000000 0.189189
3 318 29.000000 25.000000 0.137931
3 319 27.000000 24.000000 0.111111
3 320 49.000000 36.000000 0.265306
3 321 31.000000 25.000000 0.193548
3 322 40.000000 29.000000 0.275000
3 323 38.000000 29.000000 0.236842
3 324 32.000000 26.000000 0.187500
3 325 37.000000 31.000000 0.162162
3 326 49.000000 38.000000 0.224490
3 327 36.000000 29.000000 0.194444
3 328 30.000000 27.000000 0.100000
3 329 32.000000 28.000000 0.125000
3 330 29.000000 23.000000 0.206897
3 331 33.000000 26.000000 0.212121
3 332 21.000000 20.000000 0.047619
3 333 29.000000 27.000000 0.068966
3 334 24.000000 21.000000 0.125000
3 335 45.000000 32.000000 0.288889
3 336 29.000000 26.000000 0.103448
3 337 34.000000 28.000000 0.176471
3 338 37.000000 33.000000 0.108108
3 339 37.000000 29.000000 0.216216
3 340 40.000000 33.000000 0.175000
3 341 41.000000 31.000000 0.243902
3 342 24.000000 21.000000 0.125000
3 343 32.000000 30.000000 0.062500
3 344 34.000000 27.000000 0.205882
3 345 33.000000 28.000000 0.151515
3 346 29.000000 26.000000 0.103448
3 347 29.000000 25.000000 0.137931
3 348 40.000000 30.000000 0.250000
3 349 25.000000 22.000000 0.120000
3 350 31.000000 27.000000 0.129032
3 351 30.000000 24.000000 0.200000
3 352 43.000000 30.000000 0.302326
3 353 24.000000 22.000000 0.083333
3 354 26.000000 23.000000 0.115385
3 355 32.000000 28.000000 0.125000
3 356 40.000000 29.000000 0.275000
3 357 22.000000 20.000000 0.090909
3 358 30.000000 25.000000 0.166667
3 359 52.000000 41.000000 0.211538
3 360 37.000000 32.000000 0.135135
3 361 44.000000 36.000000 0.181818
3 362 41.000000 32.000000 0.219512
3 363 31.000000 28.000000 0.096774
3 364 42.000000 31.000000 0.261905
3 365 40.000000 31.000000 0.225000
3 366 29.000000 22.000000 0.241379
3 367 43.000000 35.000000 0.186047
3 368 28.000000 24.000000 0.142857
3 369 26.000000 22.000000 0.153846
3 370 24.000000 21.000000 0.125000
3 371 36.000000 30.000000 0.166667
3 372 41.000000 34.000000 0.170732
3 373 38.000000 28.000000 0.263158
3 374 31.000000 23.000000 0.258065
3 375 30.000000 25.000000 0.166667
3 376 38.000000 33.000000 0.131579
3 377 36.000000 27.000000 0.250000
3 378 18.000000 17.000000 0.055556
3 379 31.000000 25.000000 0.193548
3 380 31.000000 25.000000 0.193548
3 381 36.000000 27.000000 0.250000
3 382 26.000000 22.000000 0.153846
3 383 40.000000 33.000000 0.175000
3 384 22.000000 20.000000 0.090909
3 385 40.000000 28.000000 0.300000
3 386 30.000000 29.000000 0.033333
3 387 41.000000 31.000000 0.243902
3 388 29.000000 23.000000 0.206897
3 389 33.000000 25.000000 0.242424
3 390 53.000000 40.000000 0.245283
3 391 27.000000 26.000000 0.037037
3 392 28.000000 27.000000 0.035714
3 393 27.000000 23.000000 0.148148
3 394 45.000000 36.000000 0.200000
3 395 24.000000 22.000000 0.083333
3 396 34.000000 27.000000 0.205882
3 397 35.000000 28.000000 0.200000
3 398 41.000000 32.000000 0.219512
3 399 36.000000 30.000000 0.166667
3 400 43.000000 34.000000 0.209302
4 1 92.000000 65.000000 0.293478
4 2 67.000000 51.000000 0.238806
4 3 63.000000 51.000000 0.190476
4 4 65.000000 53.000000 0.184615
4 5 82.000000 62.000000 0.243902
4 6 70.000000 56.000000 0.200000
4 7 65.000000 50.000000 0.230769
4 8 66.000000 45.000000 0.318182
4 9 84.000000 65.000000 0.226190
4 10 60.000000 46.000000 0.233333
4 11 70.000000 61.000000 0.128571
4 12 97.000000 80.000000 0.175258
4 13 69.000000 53.000000 0.231884
4 14 64.000000 55.000000 0.140625
4 15 86.000000 65.000000 0.244186
4 16 71.000000 59.000000 0.169014
4 17 78.000000 64.000000 0.179487
4 18 74.000000 60.000000 0.189189
4 19 77.000000 64.000000 0.168831
4 20 95.000000 72.000000 0.242105
4 21 84.000000 64.000000 0.238095
4 22 58.000000 49.000000 0.155172
4 23 88.000000 75.000000 0.147727
4 24 58.000000 45.000000 0.224138
4 25 56.000000 47.000000 0.160714
4 26 42.000000 35.000000 0.166667
4 27 57.000000 45.000000 0.210526
4 28 78.000000 60.000000 0.230769
4 29 61.000000 50.000000 0.180328
4 30 93.000000 76.000000 0.182796
4 31 62.000000 50.000000 0.193548
4 32 28.000000 26.000000 0.071429
4 33 82.000000 59.000000 0.280488
4 34 91.000000 65.000000 0.285714
4 35 76.000000 61.000000 0.197368
4 36 73.000000 53.000000 0.273973
4 37 53.000000 38.000000 0.283019
4 38 68.000000 52.000000 0.235294
4 39 49.000000 39.000000 0.204082
4 40 72.000000 62.000000 0.138889
4 41 58.000000 51.000000 0.120690
4 42 58.000000 51.000000 0.120690
4 43 41.000000 34.000000 0.170732
4 44 89.000000 69.000000 0.224719
4 45 74.000000 59.000000 0.202703
4 46 68.000000 60.000000 0.117647
4 47 81.000000 61.000000 0.246914
4 48 47.000000 37.000000 0.212766
4 49 44.000000 39.000000 0.113636
4 50 71.000000 56.000000 0.211268
4 51 54.000000 49.000000 0.092593
4 52 107.000000 75.000000 0.299065
4 53 79.000000 64.000000 0.189873
4 54 87.000000 67.000000 0.229885
4 55 85.000000 65.000000 0.235294
4 56 82.000000 64.000000 0.219512
4 57 64.000000 53.000000 0.171875
4 58 65.000000 55.000000 0.153846
4 59 72.000000 56.000000 0.222222
4 60 53.000000 41.000000 0.226415
4 61 89.000000 71.000000 0.202247
4 62 67.000000 53.000000 0.208955
4 63 77.000000 62.000000 0.194805
4 64 80.000000 68.000000 0.150000
4 65 96.000000 71.000000 0.260417
4 66 70.000000 59.000000 0.157143
4 67 62.000000 53.000000 0.145161
4 68 72.000000 57.000000 0.208333
4 69 86.000000 72.000000 0.162791
4 70 93.000000 68.000000 0.268817
4 71 67.000000 59.000000 0.119403
4 72 85.000000 69.000000 0.188235
4 73 72.000000 56.000000 0.222222
4 74 83.000000 70.000000 0.156627
4 75 76.000000 66.000000 0.131579
4 76 64.000000 53.000000 0.171875
4 77 64.000000 50.000000 0.218750
4 78 74.000000 59.000000 0.202703
4 79 71.000000 55.000000 0.225352
4 80 62.000000 47.000000 0.241935
4 81 57.000000 44.000000 0.228070
4 82 55.000000 47.000000 0.145455
4 83 45.000000 37.000000 0.177778
4 84 69.000000 53.000000 0.231884
4 85 135.000000 96.000000 0.288889
4 86 64.000000 46.000000 0.281250
4 87 85.000000 62.000000 0.270588
4 88 46.000000 40.000000 0.130435
4 89 85.000000 67.000000 0.211765
4 90 49.000000 42.000000 0.142857
4 91 89.000000 69.000000 0.224719
4 92 51.000000 44.000000 0.137255
4 93 81.000000 68.000000 0.160494
4 94 71.000000 55.000000 0.225352
4 95 56.000000 48.000000 0.142857
4 96 85.000000 68.000000 0.200000
4 97 27.000000 25.000000 0.074074
4 98 64.000000 52.000000 0.187500
4 99 83.000000 64.000000 0.228916
4 100 49.000000 41.000000 0.163265
4 101 52.000000 44.000000 0.153846
4 102 92.000000 69.000000 0.250000
4 103 65.000000 50.000000 0.230769
4 104 91.000000 67.000000 0.263736
4 105 101.000000 70.000000 0.306931
4 106 82.000000 64.000000 0.219512
4 107 79.000000 55.000000 0.303797
4 108 53.000000 46.000000 0.132075
4 109 88.000000 66.000000 0.250000
4 110 70.000000 52.000000 0.257143
4 111 80.000000 69.000000 0.137500
4 112 71.000000 54.000000 0.239437
4 113 77.000000 54.000000 0.298701
4 114 73.000000 57.000000 0.219178
4 115 64.000000 51.000000 0.203125
4 116 80.000000 63.000000 0.212500
4 117 91.000000 69.000000 0.241758
4 118 52.000000 44.000000 0.153846
4 119 56.000000 41.000000 0.267857
4 120 70.000000 56.000000 0.200000
4 121 76.000000 63.000000 0.171053
4 122 67.000000 54.000000 0.194030
4 123 100.000000 77.000000 0.230000
4 124 92.000000 67.000000 0.271739
4 125 83.000000 62.000000 0.253012
4 126 80.000000 66.000000 0.175000
4 127 74.000000 59.000000 0.202703
4 128 71.000000 60.000000 0.154930
4 129 62.000000 51.000000 0.177419
4 130 100.000000 72.000000 0.280000
4 131 60.000000 48.000000 0.200000
4 132 72.000000 65.000000 0.097222
4 133 58.000000 50.000000 0.137931
4 134 90.000000 61.000000 0.322222
4 135 93.000000 71.000000 0.236559
4 136 69.000000 55.000000 0.202899
4 137 82.000000 65.000000 0.207317
4 138 81.000000 64.000000 0.209877
4 139 92.000000 74.000000 0.195652
4 140 80.000000 66.000000 0.175000
4 141 84.000000 67.000000 0.202381
4 142 60.000000 50.000000 0.166667
4 143 72.000000 57.000000 0.208333
4 144 47.000000 38.000000 0.191489
4 145 72.000000 60.000000 0.166667
4 146 67.000000 56.000000 0.164179
4 147 67.000000 52.000000 0.223881
4 148 91.000000 69.000000 0.241758
4 149 67.000000 53.000000 0.208955
4 150 76.000000 60.000000 0.210526
4 151 66.000000 57.000000 0.136364
4 152 58.000000 45.000000 0.224138
4 153 82.000000 63.000000 0.231707
4 154 64.000000 49.000000 0.234375
4 155 76.000000 59.000000 0.223684
4 156 89.000000 70.000000 0.213483
4 157 64.000000 53.000000 0.171875
4 158 66.000000 52.000000 0.212121
4 159 63.000000 52.000000 0.174603
4 160 49.000000 42.000000 0.142857
4 161 58.000000 40.000000 0.310345
4 162 40.000000 32.000000 0.200000
4 163 82.000000 64.000000 0.219512
4 164 81.000000 67.000000 0.172840
4 165 62.000000 53.000000 0.145161
4 166 74.000000 57.000000 0.229730
4 167 40.000000 32.000000 0.200000
4 168 64.000000 52.000000 0.187500
4 169 72.000000 51.000000 0.291667
4 170 73.000000 58.000000 0.205479
4 171 89.000000 76.000000 0.146067
4 172 77.000000 60.000000 0.220779
4 173 51.000000 41.000000 0.196078
4 174 84.000000 67.000000 0.202381
4 175 71.000000 53.000000 0.253521
4 176 70.000000 53.000000 0.242857
4 177 100.000000 73.000000 0.270000
4 178 78.000000 65.000000 0.166667
4 179 56.000000 41.000000 0.267857
4 180 71.000000 57.000000 0.197183
4 181 56.000000 41.000000 0.267857
4 182 78.000000 63.000000 0.192308
4 183 66.000000 54.000000 0.181818
4 184 80.000000 66.000000 0.175000
4 185 57.000000 41.000000 0.280702
4 186 71.000000 54.000000 0.239437
4 187 62.000000 48.000000 0.225806
4 188 55.000000 49.000000 0.109091
4 189 80.000000 56.000000 0.300000
4 190 81.000000 63.000000 0.222222
4 191 78.000000 67.000000 0.141026
4 192 82.000000 66.000000 0.195122
4 193 76.000000 56.000000 0.263158
4 194 73.000000 55.000000 0.246575
4 195 55.000000 45.000000 0.181818
4 196 85.000000 68.000000 0.200000
4 197 65.000000 54.000000 0.169231
4 198 63.000000 51.000000 0.190476
4 199 83.000000 65.000000 0.216867
4 200 84.000000 68.000000 0.190476
4 201 79.000000 60.000000 0.240506
4 202 60.000000 48.000000 0.200000
4 203 94.000000 71.000000 0.244681
4 204 96.000000 67.000000 0.302083
4 205 75.000000 61.000000 0.186667
4 206 92.000000 75.000000 0.184783
4 207 71.000000 61.000000 0.140845
4 208 83.000000 64.000000 0.228916
4 209 82.000000 63.000000 0.231707
4 210 55.000000 48.000000 0.127273
4 211 60.000000 52.000000 0.133333
4 212 53.000000 40.000000 0.245283
4 213 59.000000 48.000000 0.186441
4 214 75.000000 62.000000 0.173333
4 215 108.000000 84.000000 0.222222
4 216 72.000000 56.000000 0.222222
4 217 51.000000 49.000000 0.039216
4 218 62.000000 49.000000 0.209677
4 219 102.000000 75.000000 0.264706
4 220 73.000000 60.000000 0.178082
4 221 63.000000 46.000000 0.269841
4 222 63.000000 57.000000 0.095238
4 223 71.000000 61.000000 0.140845
4 224 71.000000 58.000000 0.183099
4 225 73.000000 59.000000 0.191781
4 226 72.000000 57.000000 0.208333
4 227 79.000000 60.000000 0.240506
4 228 94.000000 81.000000 0.138298
4 229 84.000000 62.000000 0.261905
4 230 78.000000 56.000000 0.282051
4 231 78.000000 61.000000 0.217949
4 232 42.000000 33.000000 0.214286
4 233 45.000000 35.000000 0.222222
4 234 71.000000 53.000000 0.253521
4 235 65.000000 63.000000 0.030769
4 236 51.000000 46.000000 0.098039
4 237 81.000000 60.000000 0.259259
4 238 82.000000 60.000000 0.268293
4 239 95.000000 78.000000 0.178947
4 240 93.000000 73.000000 0.215054
4 241 102.000000 78.000000 0.235294
4 242 44.000000 34.000000 0.227273
4 243 58.000000 45.000000 0.224138
4 244 81.000000 62.000000 0.234568
4 245 81.000000 64.000000 0.209877
4 246 69.000000 58.000000 0.159420
4 247 73.000000 55.000000 0.246575
4 248 59.000000 50.000000 0.152542
4 249 71.000000 56.000000 0.211268
4 250 68.000000 54.000000 0.205882
4 251 96.000000 67.000000 0.302083
4 252 84.000000 60.000000 0.285714
4 253 74.000000 55.000000 0.256757
4 254 79.000000 62.000000 0.215190
4 255 61.000000 52.000000 0.147541
4 256 106.000000 76.000000 0.283019
4 257 63.000000 47.000000 0.253968
4 258 56.000000 50.000000 0.107143
4 259 68.000000 55.000000 0.191176
4 260 93.000000 73.000000 0.215054
4 261 58.000000 44.000000 0.241379
4 262 81.000000 63.000000 0.222222
4 263 92.000000 66.000000 0.282609
4 264 56.000000 47.000000 0.160714
4 265 52.000000 42.000000 0.192308
4 266 86.000000 69.000000 0.197674
4 267 83.000000 67.000000 0.192771
4 268 68.000000 53.000000 0.220588
4 269 66.000000 49.000000 0.257576
4 270 72.000000 57.000000 0.208333
4 271 55.000000 45.000000 0.181818
4 272 75.000000 64.000000 0.146667
4 273 91.000000 73.000000 0.197802
4 274 59.000000 55.000000 0.067797
4 275 59.000000 47.000000 0.203390
4 276 88.000000 65.000000 0.261364
4 277 67.000000 55.000000 0.179104
4 278 63.000000 51.000000 0.190476
4 279 54.000000 44.000000 0.185185
4 280 63.000000 55.000000 0.126984
4 281 64.000000 57.000000 0.109375
4 282 97.000000 77.000000 0.206186
4 283 85.000000 66.000000 0.223529
4 284 81.000000 64.000000 0.209877
4 285 57.000000 50.000000 0.122807
4 286 79.000000 58.000000 0.265823
4 287 80.000000 62.000000 0.225000
4 288 63.000000 51.000000 0.190476
4 289 97.000000 61.000000 0.371134
4 290 87.000000 63.000000 0.275862
4 291 76.000000 59.000000 0.223684
4 292 50.000000 42.000000 0.160000
4 293 104.000000 81.000000 0.221154
4 294 55.000000 44.000000 0.200000
4 295 57.000000 48.000000 0.157895
4 296 71.000000 55.000000 0.225352
4 297 61.000000 49.000000 0.196721
4 298 71.000000 53.000000 0.253521
4 299 89.000000 65.000000 0.269663
4 300 53.000000 47.000000 0.113208
4 301 69.000000 53.000000 0.231884
4 302 83.000000 59.000000 0.289157
4 303 44.000000 38.000000 0.136364
4 304 38.000000 31.000000 0.184211
4 305 91.000000 64.000000 0.296703
4 306 59.000000 53.000000 0.101695
4 307 50.000000 36.000000 0.280000
4 308 68.000000 53.000000 0.220588
4 309 67.000000 56.000000 0.164179
4 310 67.000000 59.000000 0.119403
4 311 66.000000 54.000000 0.181818
4 312 71.000000 53.000000 0.253521
4 313 86.000000 68.000000 0.209302
4 314 71.000000 58.000000 0.183099
4 315 67.000000 54.000000 0.194030
4 316 88.000000 65.000000 0.261364
4 317 50.000000 44.000000 0.120000
4 318 80.000000 64.000000 0.200000
4 319 75.000000 65.000000 0.133333
4 320 86.000000 69.000000 0.197674
4 321 73.000000 62.000000 0.150685
4 322 85.000000 62.000000 0.270588
4 323 52.000000 43.000000 0.173077
4 324 99.000000 68.000000 0.313131
4 325 93.000000 78.000000 0.161290
4 326 92.000000 71.000000 0.228261
4 327 52.000000 46.000000 0.115385
4 328 52.000000 46.000000 0.115385
4 329 67.000000 55.000000 0.179104
4 330 90.000000 70.000000 0.222222
4 331 74.000000 58.000000 0.216216
4 332 85.000000 66.000000 0.223529
4 333 77.000000 53.000000 0.311688
4 334 57.000000 46.000000 0.192982
4 335 68.000000 58.000000 0.147059
4 336 67.000000 51.000000 0.238806
4 337 70.000000 53.000000 0.242857
4 338 87.000000 67.000000 0.229885
4 339 66.000000 51.000000 0.227273
4 340 64.000000 54.000000 0.156250
4 341 69.000000 58.000000 0.159420
4 342 51.000000 41.000000 0.196078
4 343 74.000000 55.000000 0.256757
4 344 68.000000 54.000000 0.205882
4 345 91.000000 66.000000 0.274725
4 346 94.000000 69.000000 0.265957
4 347 67.000000 53.000000 0.208955
4 348 72.000000 58.000000 0.194444
4 349 76.000000 62.000000 0.184211
4 350 67.000000 57.000000 0.149254
4 351 96.000000 71.000000 0.260417
4 352 75.000000 56.000000 0.253333
4 353 81.000000 70.000000 0.135802
4 354 58.000000 43.000000 0.258621
4 355 92.000000 62.000000 0.326087
4 356 84.000000 61.000000 0.273810
4 357 75.000000 56.000000 0.253333
4 358 88.000000 69.000000 0.215909
4 359 65.000000 50.000000 0.230769
4 360 71.000000 54.000000 0.239437
4 361 50.000000 43.000000 0.140000
4 362 64.000000 56.000000 0.125000
4 363 77.000000 58.000000 0.246753
4 364 71.000000 58.000000 0.183099
4 365 84.000000 59.000000 0.297619
4 366 73.000000 62.000000 0.150685
4 367 71.000000 49.000000 0.309859
4 368 82.000000 66.000000 0.195122
4 369 80.000000 65.000000 0.187500
4 370 74.000000 59.000000 0.202703
4 371 85.000000 65.000000 0.235294
4 372 79.000000 59.000000 0.253165
4 373 50.000000 44.000000 0.120000
4 374 80.000000 63.000000 0.212500
4 375 68.000000 59.000000 0.132353
4 376 59.000000 49.000000 0.169492
4 377 34.000000 29.000000 0.147059
4 378 80.000000 64.000000 0.200000
4 379 61.000000 53.000000 0.131148
4 380 66.000000 50.000000 0.242424
4 381 59.000000 50.000000 0.152542
4 382 83.000000 64.000000 0.228916
4 383 75.000000 56.000000 0.253333
4 384 85.000000 64.000000 0.247059
4 385 86.000000 72.000000 0.162791
4 386 72.000000 66.000000 0.083333
4 387 55.000000 44.000000 0.200000
4 388 58.000000 47.000000 0.189655
4 389 66.000000 54.000000 0.181818
4 390 64.000000 52.000000 0.187500
4 391 55.000000 44.000000 0.200000
4 392 71.000000 61.000000 0.140845
4 393 90.000000 69.000000 0.233333
4 394 53.000000 45.000000 0.150943
4 395 59.000000 46.000000 0.220339
4 396 57.000000 47.000000 0.175439
4 397 78.000000 62.000000 0.205128
4 398 39.000000 33.000000 0.153846
4 399 84.000000 62.000000 0.261905
4 400 79.000000 64.000000 0.189873
5 1 114.000000 95.000000 0.166667
5 2 185.000000 142.000000 0.232432
5 3 130.000000 106.000000 0.184615
5 4 172.000000 122.000000 0.290698
5 5 154.000000 121.000000 0.214286
5 6 172.000000 136.000000 0.209302
5 7 112.000000 92.000000 0.178571
5 8 151.000000 120.000000 0.205298
5 9 178.000000 136.000000 0.235955
5 10 217.000000 176.000000 0.188940
5 11 122.000000 105.000000 0.139344
5 12 93.000000 73.000000 0.215054
5 13 198.000000 157.000000 0.207071
5 14 219.000000 160.000000 0.269406
5 15 89.000000 72.000000 0.191011
5 16 124.000000 100.000000 0.193548
5 17 155.000000 127.000000 0.180645
5 18 138.000000 112.000000 0.188406
5 19 122.000000 101.000000 0.172131
5 20 214.000000 150.000000 0.299065
5 21 168.000000 124.000000 0.261905
5 22 108.000000 89.000000 0.175926
5 23 115.000000 90.000000 0.217391
5 24 181.000000 137.000000 0.243094
5 25 156.000000 122.000000 0.217949
5 26 173.000000 144.000000 0.167630
5 27 113.000000 84.000000 0.256637
5 28 170.000000 133.000000 0.217647
5 29 170.000000 134.000000 0.211765
5 30 102.000000 85.000000 0.166667
5 31 143.000000 123.000000 0.139860
5 32 167.000000 137.000000 0.179641
5 33 179.000000 148.000000 0.173184
5 34 142.000000 113.000000 0.204225
5 35 148.000000 110.000000 0.256757
5 36 186.000000 146.000000 0.215054
5 37 207.000000 156.000000 0.246377
5 38 129.000000 104.000000 0.193798
5 39 191.000000 137.000000 0.282723
5 40 170.000000 123.000000 0.276471
5 41 147.000000 117.000000 0.204082
5 42 110.000000 93.000000 0.154545
5 43 194.000000 146.000000 0.247423
5 44 129.000000 100.000000 0.224806
5 45 136.000000 109.000000 0.198529
5 46 166.000000 127.000000 0.234940
5 47 234.000000 165.000000 0.294872
5 48 200.000000 158.000000 0.210000
5 49 161.000000 126.000000 0.217391
5 50 173.000000 133.000000 0.231214
5 51 155.000000 109.000000 0.296774
5 52 160.000000 127.000000 0.206250
5 53 149.000000 107.000000 0.281879
5 54 135.000000 115.000000 0.148148
5 55 190.000000 147.000000 0.226316
5 56 177.000000 128.000000 0.276836
5 57 137.000000 108.000000 0.211679
5 58 210.000000 155.000000 0.261905
5 59 108.000000 92.000000 0.148148
5 60 193.000000 136.000000 0.295337
5 61 126.000000 106.000000 0.158730
5 62 221.000000 159.000000 0.280543
5 63 142.000000 109.000000 0.232394
5 64 162.000000 127.000000 0.216049
5 65 87.000000 66.000000 0.241379
5 66 189.000000 145.000000 0.232804
5 67 113.000000 91.000000 0.194690
5 68 153.000000 130.000000 0.150327
5 69 187.000000 146.000000 0.219251
5 70 141.000000 113.000000 0.198582
5 71 202.000000 161.000000 0.202970
5 72 156.000000 127.000000 0.185897
5 73 143.000000 108.000000 0.244755
5 74 137.000000 115.000000 0.160584
5 75 193.000000 156.000000 0.191710
5 76 150.000000 124.000000 0.173333
5 77 132.000000 105.000000 0.204545
5 78 197.000000 148.000000 0.248731
5 79 190.000000 147.000000 0.226316
5 80 79.000000 70.000000 0.113924
5 81 147.000000 112.000000 0.238095
5 82 161.000000 119.000000 0.260870
5 83 159.000000 130.000000 0.182390
5 84 120.000000 91.000000 0.241667
5 85 129.000000 113.000000 0.124031
5 86 148.000000 119.000000 0.195946
5 87 161.000000 127.000000 0.211180
5 88 105.000000 83.000000 0.209524
5 89 209.000000 153.000000 0.267943
5 90 153.000000 123.000000 0.196078
5 91 138.000000 111.000000 0.195652
5 92 95.000000 82.000000 0.136842
5 93 215.000000 160.000000 0.255814
5 94 153.000000 123.000000 0.196078
5 95 95.000000 81.000000 0.147368
5 96 159.000000 134.000000 0.157233
5 97 159.000000 126.000000 0.207547
5 98 155.000000 124.000000 0.200000
5 99 122.000000 95.000000 0.221311
5 100 125.000000 108.000000 0.136000
5 101 127.000000 107.000000 0.157480
5 102 188.000000 147.000000 0.218085
5 103 181.000000 141.000000 0.220994
5 104 121.000000 95.000000 0.214876
5 105 128.000000 102.000000 0.203125
5 106 147.000000 107.000000 0.272109
5 107 118.000000 86.000000 0.271186
5 108 76.000000 64.000000 0.157895
5 109 188.000000 153.000000 0.186170
5 110 149.000000 126.000000 0.154362
5 111 106.000000 88.000000 0.169811
5 112 169.000000 136.000000 0.195266
5 113 145.000000 119.000000 0.179310
5 114 58.000000 51.000000 0.120690
5 115 171.000000 127.000000 0.257310
5 116 165.000000 130.000000 0.212121
5 117 131.000000 107.000000 0.183206
5 118 153.000000 114.000000 0.254902
5 119 134.000000 112.000000 0.164179
5 120 172.000000 132.000000 0.232558
5 121 118.000000 95.000000 0.194915
5 122 205.000000 153.000000 0.253659
5 123 96.000000 76.000000 0.208333
5 124 115.000000 86.000000 0.252174
5 125 153.000000 128.000000 0.163399
5 126 136.000000 109.000000 0.198529
5 127 217.000000 162.000000 0.253456
5 128 160.000000 123.000000 0.231250
5 129 175.000000 145.000000 0.171429
5 130 148.000000 110.000000 0.256757
5 131 148.000000 117.000000 0.209459
5 132 94.000000 78.000000 0.170213
5 133 178.000000 138.000000 0.224719
5 134 160.000000 128.000000 0.200000
5 135 184.000000 135.000000 0.266304
5 136 132.000000 104.000000 0.212121
5 137 135.000000 119.000000 0.118519
5 138 109.000000 91.000000 0.165138
5 139 158.000000 120.000000 0.240506
5 140 203.000000 137.000000 0.325123
5 141 127.000000 98.000000 0.228346
5 142 225.000000 159.000000 0.293333
5 143 144.000000 114.000000 0.208333
5 144 157.000000 120.000000 0.235669
5 145 140.000000 107.000000 0.235714
5 146 110.000000 91.000000 0.172727
5 147 115.000000 98.000000 0.147826
5 148 176.000000 136.000000 0.227273
5 149 174.000000 145.000000 0.166667
5 150 97.000000 81.000000 0.164948
5 151 108.000000 89.000000 0.175926
5 152 153.000000 111.000000 0.274510
5 153 201.000000 152.000000 0.243781
5 154 210.000000 160.000000 0.238095
5 155 115.000000 95.000000 0.173913
5 156 132.000000 98.000000 0.257576
5 157 186.000000 135.000000 0.274194
5 158 86.000000 78.000000 0.093023
5 159 205.000000 164.000000 0.200000
5 160 193.000000 139.000000 0.279793
5 161 138.000000 116.000000 0.159420
5 162 105.000000 84.000000 0.200000
5 163 128.000000 100.000000 0.218750
5 164 146.000000 113.000000 0.226027
5 165 148.000000 111.000000 0.250000
5 166 116.000000 93.000000 0.198276
5 167 114.000000 93.000000 0.184211
5 168 183.000000 145.000000 0.207650
5 169 225.000000 165.000000 0.266667
5 170 170.000000 132.000000 0.223529
5 171 162.000000 128.000000 0.209877
5 172 136.000000 108.000000 0.205882
5 173 99.000000 82.000000 0.171717
5 174 96.000000 77.000000 0.197917
5 175 209.000000 156.000000 0.253589
5 176 155.000000 130.000000 0.161290
5 177 118.000000 97.000000 0.177966
5 178 120.000000 100.000000 0.166667
5 179 134.000000 108.000000 0.194030
5 180 223.000000 166.000000 0.255605
5 181 165.000000 129.000000 0.218182
5 182 103.000000 87.000000 0.155340
5 183 162.000000 119.000000 0.265432
5 184 151.000000 113.000000 0.251656
5 185 143.000000 113.000000 0.209790
5 186 221.000000 155.000000 0.298643
5 187 102.000000 78.000000 0.235294
5 188 145.000000 114.000000 0.213793
5 189 156.000000 126.000000 0.192308
5 190 160.000000 119.000000 0.256250
5 191 160.000000 131.000000 0.181250
5 192 91.000000 75.000000 0.175824
5 193 138.000000 109.000000 0.210145
5 194 125.000000 103.000000 0.176000
5 195 139.000000 106.000000 0.237410
5 196 153.000000 117.000000 0.235294
5 197 208.000000 161.000000 0.225962
5 198 133.000000 109.000000 0.180451
5 199 125.000000 101.000000 0.192000
5 200 142.000000 108.000000 0.239437
5 201 189.000000 148.000000 0.216931
5 202 128.000000 109.000000 0.148438
5 203 159.000000 126.000000 0.207547
5 204 105.000000 83.000000 0.209524
5 205 122.000000 102.000000 0.163934
5 206 94.000000 81.000000 0.138298
5 207 143.000000 118.000000 0.174825
5 208 182.000000 132.000000 0.274725
5 209 130.000000 106.000000 0.184615
5 210 122.000000 100.000000 0.180328
5 211 198.000000 140.000000 0.292929
5 212 169.000000 134.000000 0.207101
5 213 141.000000 116.000000 0.177305
5 214 171.000000 135.000000 0.210526
5 215 85.000000 70.000000 0.176471
5 216 141.000000 111.000000 0.212766
5 217 157.000000 126.000000 0.197452
5 218 145.000000 119.000000 0.179310
5 219 112.000000 91.000000 0.187500
5 220 186.000000 138.000000 0.258065
5 221 184.000000 143.000000 0.222826
5 222 182.000000 134.000000 0.263736
5 223 133.000000 110.000000 0.172932
5 224 176.000000 137.000000 0.221591
5 225 165.000000 120.000000 0.272727
5 226 255.000000 186.000000 0.270588
5 227 163.000000 122.000000 0.251534
5 228 195.000000 140.000000 0.282051
5 229 111.000000 94.000000 0.153153
5 230 132.000000 106.000000 0.196970
5 231 182.000000 142.000000 0.219780
5 232 152.000000 119.000000 0.217105
5 233 93.000000 82.000000 0.118280
5 234 162.000000 132.000000 0.185185
5 235 127.000000 93.000000 0.267717
5 236 152.000000 115.000000 0.243421
5 237 145.000000 110.000000 0.241379
5 238 162.000000 132.000000 0.185185
5 239 178.000000 136.000000 0.235955
5 240 113.000000 98.000000 0.132743
5 241 177.000000 135.000000 0.237288
5 242 146.000000 116.000000 0.205479
5 243 197.000000 136.000000 0.309645
5 244 167.000000 125.000000 0.251497
5 245 124.000000 98.000000 0.209677
5 246 122.000000 102.000000 0.163934
5 247 91.000000 76.000000 0.164835
5 248 123.000000 99.000000 0.195122
5 249 159.000000 133.000000 0.163522
5 250 156.000000 121.000000 0.224359
5 251 132.000000 107.000000 0.189394
5 252 100.000000 73.000000 0.270000
5 253 203.000000 153.000000 0.246305
5 254 98.000000 75.000000 0.234694
5 255 176.000000 135.000000 0.232955
5 256 167.000000 132.000000 0.209581
5 257 186.000000 142.000000 0.236559
5 258 175.000000 137.000000 0.217143
5 259 170.000000 139.000000 0.182353
5 260 140.000000 106.000000 0.242857
5 261 156.000000 127.000000 0.185897
5 262 201.000000 146.000000 0.273632
5 263 185.000000 143.000000 0.227027
5 264 192.000000 165.000000 0.140625
5 265 228.000000 170.000000 0.254386
5 266 115.000000 96.000000 0.165217
5 267 155.000000 124.000000 0.200000
5 268 174.000000 147.000000 0.155172
5 269 165.000000 120.000000 0.272727
5 270 177.000000 138.000000 0.220339
5 271 141.000000 107.000000 0.241135
5 272 222.000000 174.000000 0.216216
5 273 163.000000 137.000000 0.159509
5 274 186.000000 145.000000 0.220430
5 275 185.000000 143.000000 0.227027
5 276 156.000000 124.000000 0.205128
5 277 143.000000 109.000000 0.237762
5 278 221.000000 168.000000 0.239819
5 279 168.000000 136.000000 0.190476
5 280 176.000000 130.000000 0.261364
5 281 116.000000 99.000000 0.146552
5 282 124.000000 100.000000 0.193548
5 283 125.000000 94.000000 0.248000
5 284 194.000000 140.000000 0.278351
5 285 145.000000 108.000000 0.255172
5 286 169.000000 134.000000 0.207101
5 287 183.000000 139.000000 0.240437
5 288 139.000000 119.000000 0.143885
5 289 162.000000 135.000000 0.166667
5 290 128.000000 107.000000 0.164062
5 291 181.000000 141.000000 0.220994
5 292 132.000000 119.000000 0.098485
5 293 125.000000 104.000000 0.168000
5 294 167.000000 125.000000 0.251497
5 295 145.000000 123.000000 0.151724
5 296 115.000000 87.000000 0.243478
5 297 123.000000 91.000000 0.260163
5 298 166.000000 122.000000 0.265060
5 299 123.000000 104.000000 0.154472
5 300 192.000000 144.000000 0.250000
5 301 126.000000 108.000000 0.142857
5 302 168.000000 131.000000 0.220238
5 303 117.000000 89.000000 0.239316
5 304 213.000000 166.000000 0.220657
5 305 186.000000 137.000000 0.263441
5 306 125.000000 96.000000 0.232000
5 307 147.000000 121.000000 0.176871
5 308 126.000000 101.000000 0.198413
5 309 117.000000 87.000000 0.256410
5 310 151.000000 120.000000 0.205298
5 311 147.000000 124.000000 0.156463
5 312 192.000000 154.000000 0.197917
5 313 132.000000 103.000000 0.219697
5 314 131.000000 100.000000 0.236641
5 315 160.000000 118.000000 0.262500
5 316 163.000000 126.000000 0.226994
5 317 124.000000 110.000000 0.112903
5 318 142.000000 122.000000 0.140845
5 319 80.000000 73.000000 0.087500
5 320 135.000000 100.000000 0.259259
5 321 175.000000 141.000000 0.194286
5 322 119.000000 103.000000 0.134454
5 323 131.000000 104.000000 0.206107
5 324 130.000000 108.000000 0.169231
5 325 204.000000 161.000000 0.210784
5 326 111.000000 93.000000 0.162162
5 327 159.000000 119.000000 0.251572
5 328 188.000000 143.000000 0.239362
5 329 163.000000 128.000000 0.214724
5 330 172.000000 134.000000 0.220930
5 331 105.000000 81.000000 0.228571
5 332 181.000000 130.000000 0.281768
5 333 155.000000 118.000000 0.238710
5 334 190.000000 143.000000 0.247368
5 335 179.000000 147.000000 0.178771
5 336 166.000000 129.000000 0.222892
5 337 134.000000 105.000000 0.216418
5 338 202.000000 149.000000 0.262376
5 339 158.000000 129.000000 0.183544
5 340 142.000000 118.000000 0.169014
5 341 208.000000 161.000000 0.225962
5 342 130.000000 103.000000 0.207692
5 343 172.000000 138.000000 0.197674
5 344 117.000000 99.000000 0.153846
5 345 104.000000 87.000000 0.163462
5 346 209.000000 156.000000 0.253589
5 347 171.000000 133.000000 0.222222
5 348 231.000000 171.000000 0.259740
5 349 222.000000 168.000000 0.243243
5 350 104.000000 90.000000 0.134615
5 351 143.000000 115.000000 0.195804
5 352 170.000000 145.000000 0.147059
5 353 150.000000 114.000000 0.240000
5 354 190.000000 138.000000 0.273684
5 355 143.000000 111.000000 0.223776
5 356 143.000000 122.000000 0.146853
5 357 121.000000 92.000000 0.239669
5 358 169.000000 126.000000 0.254438
5 359 186.000000 149.000000 0.198925
5 360 118.000000 103.000000 0.127119
5 361 134.000000 103.000000 0.231343
5 362 196.000000 153.000000 0.219388
5 363 87.000000 69.000000 0.206897
5 364 149.000000 123.000000 0.174497
5 365 117.000000 94.000000 0.196581
5 366 146.000000 117.000000 0.198630
5 367 161.000000 131.000000 0.186335
5 368 164.000000 119.000000 0.274390
5 369 176.000000 132.000000 0.250000
5 370 179.000000 135.000000 0.245810
5 371 137.000000 111.000000 0.189781
5 372 139.000000 112.000000 0.194245
5 373 115.000000 103.000000 0.104348
5 374 129.000000 95.000000 0.263566
5 375 181.000000 145.000000 0.198895
5 376 158.000000 121.000000 0.234177
5 377 191.000000 148.000000 0.225131
5 378 171.000000 144.000000 0.157895
5 379 186.000000 133.000000 0.284946
5 380 178.000000 144.000000 0.191011
5 381 143.000000 113.000000 0.209790
5 382 133.000000 108.000000 0.187970
5 383 119.000000 95.000000 0.201681
5 384 145.000000 122.000000 0.158621
5 385 178.000000 142.000000 0.202247
5 386 121.000000 103.000000 0.148760
5 387 187.000000 146.000000 0.219251
5 388 197.000000 154.000000 0.218274
5 389 95.000000 74.000000 0.221053
5 390 156.000000 116.000000 0.256410
5 391 185.000000 129.000000 0.302703
5 392 97.000000 80.000000 0.175258
5 393 169.000000 133.000000 0.213018
5 394 218.000000 160.000000 0.266055
5 395 119.000000 94.000000 0.210084
5 396 178.000000 140.000000 0.213483
5 397 161.000000 114.000000 0.291925
5 398 186.000000 130.000000 0.301075
5 399 131.000000 98.000000 0.251908
5 400 130.000000 100.000000 0.230769
6 1 283.000000 223.000000 0.212014
6 2 232.000000 189.000000 0.185345
6 3 285.000000 235.000000 0.175439
6 4 319.000000 252.000000 0.210031
6 5 415.000000 333.000000 0.197590
6 6 415.000000 315.000000 0.240964
6 7 383.000000 291.000000 0.240209
6 8 303.000000 242.000000 0.201320
6 9 342.000000 272.000000 0.204678
6 10 308.000000 250.000000 0.188312
6 11 307.000000 233.000000 0.241042
6 12 384.000000 296.000000 0.229167
6 13 240.000000 189.000000 0.212500
6 14 329.000000 267.000000 0.188450
6 15 346.000000 270.000000 0.219653
6 16 379.000000 295.000000 0.221636
6 17 327.000000 255.000000 0.220183
6 18 293.000000 230.000000 0.215017
6 19 199.000000 151.000000 0.241206
6 20 393.000000 302.000000 0.231552
6 21 306.000000 237.000000 0.225490
6 22 318.000000 245.000000 0.229560
6 23 248.000000 201.000000 0.189516
6 24 352.000000 288.000000 0.181818
6 25 275.000000 215.000000 0.218182
6 26 271.000000 232.000000 0.143911
6 27 441.000000 340.000000 0.229025
6 28 254.000000 199.000000 0.216535
6 29 261.000000 202.000000 0.226054
6 30 310.000000 247.000000 0.203226
6 31 284.000000 220.000000 0.225352
6 32 340.000000 254.000000 0.252941
6 33 282.000000 226.000000 0.198582
6 34 414.000000 305.000000 0.263285
6 35 190.000000 156.000000 0.178947
6 36 186.000000 154.000000 0.172043
6 37 203.000000 158.000000 0.221675
6 38 339.000000 266.000000 0.215339
6 39 407.000000 309.000000 0.240786
6 40 293.000000 236.000000 0.194539
6 41 314.000000 241.000000 0.232484
6 42 338.000000 258.000000 0.236686
6 43 269.000000 220.000000 0.182156
6 44 385.000000 298.000000 0.225974
6 45 250.000000 188.000000 0.248000
6 46 270.000000 217.000000 0.196296
6 47 382.000000 291.000000 0.238220
6 48 196.000000 164.000000 0.163265
6 49 327.000000 259.000000 0.207951
6 50 290.000000 233.000000 0.196552
6 51 281.000000 225.000000 0.199288
6 52 280.000000 229.000000 0.182143
6 53 378.000000 272.000000 0.280423
6 54 418.000000 320.000000 0.234450
6 55 216.000000 179.000000 0.171296
6 56 321.000000 270.000000 0.158879
6 57 218.000000 167.000000 0.233945
6 58 223.000000 180.000000 0.192825
6 59 408.000000 328.000000 0.196078
6 60 336.000000 264.000000 0.214286
6 61 274.000000 231.000000 0.156934
6 62 329.000000 258.000000 0.215805
6 63 359.000000 268.000000 0.253482
6 64 350.000000 283.000000 0.191429
6 65 311.000000 255.000000 0.180064
6 66 314.000000 244.000000 0.222930
6 67 356.000000 264.000000 0.258427
6 68 276.000000 211.000000 0.235507
6 69 341.000000 275.000000 0.193548
6 70 245.000000 199.000000 0.187755
6 71 307.000000 243.000000 0.208469
6 72 362.000000 273.000000 0.245856
6 73 344.000000 272.000000 0.209302
6 74 220.000000 162.000000 0.263636
6 75 218.000000 160.000000 0.266055
6 76 293.000000 218.000000 0.255973
6 77 320.000000 262.000000 0.181250
6 78 304.000000 233.000000 0.233553
6 79 382.000000 296.000000 0.225131
6 80 379.000000 295.000000 0.221636
6 81 261.000000 220.000000 0.157088
6 82 362.000000 300.000000 0.171271
6 83 300.000000 248.000000 0.173333
6 84 360.000000 258.000000 0.283333
6 85 275.000000 239.000000 0.130909
6 86 247.000000 184.000000 0.255061
6 87 430.000000 322.000000 0.251163
6 88 308.000000 250.000000 0.188312
6 89 365.000000 290.000000 0.205479
6 90 217.000000 167.000000 0.230415
6 91 386.000000 298.000000 0.227979
6 92 298.000000 227.000000 0.238255
6 93 335.000000 260.000000 0.223881
6 94 288.000000 225.000000 0.218750
6 95 365.000000 300.000000 0.178082
6 96 354.000000 266.000000 0.248588
6 97 339.000000 255.000000 0.247788
6 98 334.000000 266.000000 0.203593
6 99 372.000000 306.000000 0.177419
6 100 272.000000 222.000000 0.183824
6 101 285.000000 229.000000 0.196491
6 102 280.000000 234.000000 0.164286
6 103 384.000000 303.000000 0.210938
6 104 310.000000 239.000000 0.229032
6 105 233.000000 201.000000 0.137339
6 106 297.000000 235.000000 0.208754
6 107 271.000000 223.000000 0.177122
6 108 405.000000 337.000000 0.167901
6 109 308.000000 230.000000 0.253247
6 110 379.000000 311.000000 0.179420
6 111 252.000000 232.000000 0.079365
6 112 278.000000 230.000000 0.172662
6 113 252.000000 212.000000 0.158730
6 114 303.000000 253.000000 0.165017
6 115 275.000000 211.000000 0.232727
6 116 222.000000 186.000000 0.162162
6 117 285.000000 217.000000 0.238596
6 118 338.000000 256.000000 0.242604
6 119 328.000000 238.000000 0.274390
6 120 316.000000 256.000000 0.189873
6 121 315.000000 249.000000 0.209524
6 122 334.000000 281.000000 0.158683
6 123 361.000000 293.000000 0.188366
6 124 270.000000 224.000000 0.170370
6 125 396.000000 308.000000 0.222222
6 126 357.000000 292.000000 0.182073
6 127 386.000000 316.000000 0.181347
6 128 278.000000 209.000000 0.248201
6 129 272.000000 225.000000 0.172794
6 130 276.000000 235.000000 0.148551
6 131 383.000000 293.000000 0.234987
6 132 287.000000 221.000000 0.229965
6 133 354.000000 285.000000 0.194915
6 134 289.000000 237.000000 0.179931
6 135 312.000000 271.000000 0.131410
6 136 344.000000 287.000000 0.165698
6 137 357.000000 297.000000 0.168067
6 138 289.000000 224.000000 0.224913
6 139 247.000000 208.000000 0.157895
6 140 322.000000 254.000000 0.211180
6 141 250.000000 200.000000 0.200000
6 142 221.000000 189.000000 0.144796
6 143 343.000000 275.000000 0.198251
6 144 347.000000 271.000000 0.219020
6 145 357.000000 291.000000 0.184874
6 146 336.000000 254.000000 0.244048
6 147 319.000000 267.000000 0.163009
6 148 341.000000 259.000000 0.240469
6 149 216.000000 168.000000 0.222222
6 150 342.000000 277.000000 0.190058
6 151 299.000000 233.000000 0.220736
6 152 274.000000 216.000000 0.211679
6 153 155.000000 117.000000 0.245161
6 154 340.000000 262.000000 0.229412
6 155 238.000000 192.000000 0.193277
6 156 244.000000 207.000000 0.151639
6 157 404.000000 316.000000 0.217822
6 158 288.000000 227.000000 0.211806
6 159 361.000000 304.000000 0.157895
6 160 348.000000 268.000000 0.229885
6 161 400.000000 309.000000 0.227500
6 162 311.000000 242.000000 0.221865
6 163 365.000000 305.000000 0.164384
6 164 383.000000 290.000000 0.242820
