1 51.000000 51.000000 0.42266589999999998328
2 61.000000 61.000000 0.22864740000000000064
3 25.000000 25.000000 0.35706900000000002526
4 14.000000 14.000000 0.16923900000000000055
5 14.000000 14.000000 0.90225829999999995756
6 26.000000 26.000000 0.88341659999999999631
7 30.000000 30.000000 0.35758020000000001470
8 40.000000 40.000000 0.09002759999999999929
9 23.000000 23.000000 0.06028639999999999693
10 43.000000 43.000000 0.17830029999999999490
11 35.000000 35.000000 0.54672189999999998289
12 51.000000 51.000000 0.17673089999999999633
13 55.000000 55.000000 0.07442749999999999366
14 11.000000 11.000000 0.82548469999999996016
15 62.000000 62.000000 0.14228170000000001094
16 25.000000 25.000000 0.42166360000000002728
17 12.000000 12.000000 1.05884149999999999103
18 21.000000 21.000000 0.59423309999999995856
19 17.000000 17.000000 0.39026270000000001792
20 1.000000 1.000000 1.17594229999999999592
21 53.000000 53.000000 0.14853459999999998886
22 71.000000 71.000000 0.07178969999999999796
23 10.000000 10.000000 0.85900449999999994866
24 1.000000 1.000000 1.16905569999999991992
25 24.000000 24.000000 0.02302790000000000045
26 18.000000 18.000000 0.01361680000000000008
27 40.000000 40.000000 0.05452509999999999996
28 15.000000 15.000000 0.70818970000000003306
29 6.000000 6.000000 0.93934260000000002755
30 34.000000 34.000000 0.06788539999999999852
31 64.000000 64.000000 0.01815179999999999919
32 37.000000 37.000000 0.22211590000000000500
33 9.000000 9.000000 0.46053860000000002017
34 40.000000 40.000000 0.05747700000000000031
35 44.000000 44.000000 0.24090059999999999252
36 21.000000 21.000000 0.02705569999999999850
37 34.000000 34.000000 0.01512310000000000043
38 67.000000 67.000000 0.11228499999999999592
39 30.000000 30.000000 0.01706490000000000090
40 1.000000 1.000000 1.41372919999999990814
41 1.000000 1.000000 1.25709249999999994607
42 1.000000 1.000000 1.17363860000000008732
43 34.000000 34.000000 0.42289579999999998838
44 12.000000 12.000000 0.80117819999999995151
45 12.000000 12.000000 0.81475410000000003663
46 52.000000 52.000000 0.14634300000000000086
47 40.000000 40.000000 0.08687129999999999852
48 35.000000 35.000000 0.49441790000000002125
49 19.000000 19.000000 0.01449609999999999961
50 63.000000 63.000000 0.10715570000000000650
51 44.000000 44.000000 0.15368760000000000754
52 11.000000 11.000000 0.02272719999999999949
53 6.000000 6.000000 0.95810810000000001807
54 33.000000 33.000000 0.31971019999999999994
55 6.000000 6.000000 0.98552209999999995649
56 38.000000 38.000000 0.06634320000000000495
57 16.000000 16.000000 0.02864150000000000029
58 51.000000 51.000000 0.01927699999999999900
59 26.000000 26.000000 0.42583179999999998255
60 29.000000 29.000000 0.02242419999999999830
61 29.000000 29.000000 0.09322750000000000481
62 67.000000 67.000000 0.01825009999999999827
63 50.000000 50.000000 0.15261340000000001016
64 15.000000 15.000000 0.97414109999999998202
65 24.000000 24.000000 0.40099590000000001622
66 83.000000 83.000000 0.09499290000000000511
67 14.000000 14.000000 0.47021980000000002109
68 1.000000 1.000000 1.15184390000000003162
69 31.000000 31.000000 0.40335510000000002195
70 29.000000 29.000000 0.42245250000000000856
71 47.000000 47.000000 0.06148370000000000224
72 5.000000 5.000000 0.16302530000000001187
73 45.000000 45.000000 0.03661539999999999934
74 37.000000 37.000000 0.30529020000000001156
75 55.000000 55.000000 0.02880999999999999880
76 32.000000 32.000000 0.17267740000000000866
77 56.000000 56.000000 0.12174279999999999824
78 1.000000 1.000000 1.20747190000000004240
79 70.000000 70.000000 0.11385649999999999937
80 12.000000 12.000000 0.98088269999999999627
81 8.000000 8.000000 0.18112259999999999471
82 10.000000 10.000000 1.20115890000000002935
83 28.000000 28.000000 0.53905959999999997212
84 14.000000 14.000000 0.10839189999999999936
85 18.000000 18.000000 0.59758690000000003195
86 21.000000 21.000000 0.04891129999999999783
87 37.000000 37.000000 0.04447340000000000321
88 46.000000 46.000000 0.17377449999999999841
89 47.000000 47.000000 0.06424320000000000030
90 15.000000 15.000000 0.82946660000000005386
91 66.000000 66.000000 0.05634859999999999869
92 54.000000 54.000000 0.07619599999999999984
93 25.000000 25.000000 0.37645529999999999271
94 43.000000 43.000000 0.02930610000000000159
95 35.000000 35.000000 0.07274890000000000523
96 45.000000 45.000000 0.16870199999999999085
97 22.000000 22.000000 0.66602980000000000516
98 6.000000 6.000000 1.06421420000000011008
99 26.000000 26.000000 0.47675679999999998060
100 12.000000 12.000000 0.01272560000000000011
101 52.000000 52.000000 0.18369989999999999930
102 19.000000 19.000000 0.01684650000000000036
103 12.000000 12.000000 1.26468490000000000073
104 44.000000 44.000000 0.22542919999999999625
105 42.000000 42.000000 0.02465759999999999827
106 10.000000 10.000000 0.26531569999999998766
107 65.000000 65.000000 0.04590729999999999811
108 47.000000 47.000000 0.05037989999999999829
109 40.000000 40.000000 0.09203730000000000244
110 47.000000 47.000000 0.20676430000000001197
111 19.000000 19.000000 0.46935029999999999806
112 1.000000 1.000000 1.29752789999999995629
113 42.000000 42.000000 0.37101469999999997507
114 20.000000 20.000000 0.33959210000000000784
115 42.000000 42.000000 0.12381300000000000638
116 14.000000 14.000000 0.09428870000000000307
117 55.000000 55.000000 0.05830509999999999859
118 32.000000 32.000000 0.05089090000000000280
119 45.000000 45.000000 0.19607679999999999554
120 16.000000 16.000000 0.12028129999999999378
121 42.000000 42.000000 0.04494200000000000278
122 10.000000 10.000000 1.22037900000000010259
123 35.000000 35.000000 0.08510339999999999572
124 30.000000 30.000000 0.02641989999999999963
125 35.000000 35.000000 0.28097189999999999666
126 37.000000 37.000000 0.21881559999999999899
127 46.000000 46.000000 0.22948299999999999255
128 60.000000 60.000000 0.07043739999999999724
129 60.000000 60.000000 0.07400700000000000334
130 1.000000 1.000000 1.12636240000000009687
131 17.000000 17.000000 0.77818540000000002710
132 59.000000 59.000000 0.28828429999999999334
133 77.000000 77.000000 0.08434569999999999568
134 14.000000 14.000000 0.76809229999999995009
135 13.000000 13.000000 0.87705599999999994676
136 17.000000 17.000000 0.68236459999999998782
137 31.000000 31.000000 0.48284640000000000892
138 35.000000 35.000000 0.27576760000000000161
139 57.000000 57.000000 0.04577950000000000075
140 61.000000 61.000000 0.12902559999999999030
141 1.000000 1.000000 1.16332110000000010785
142 44.000000 44.000000 0.18593589999999998730
143 1.000000 1.000000 1.20421810000000006902
144 73.000000 73.000000 0.03220499999999999752
145 15.000000 15.000000 0.81410409999999999719
146 21.000000 21.000000 0.71864090000000002689
147 37.000000 37.000000 0.03663770000000000221
148 36.000000 36.000000 0.24315249999999999364
149 30.000000 30.000000 0.15846460000000001100
150 55.000000 55.000000 0.13957990000000000674
151 22.000000 22.000000 0.02709920000000000037
152 30.000000 30.000000 0.14038890000000001090
153 54.000000 54.000000 0.05828280000000000266
154 1.000000 1.000000 1.15931370000000000253
155 42.000000 42.000000 0.16609489999999998977
156 52.000000 52.000000 0.13415879999999999472
157 50.000000 50.000000 0.02747919999999999877
158 5.000000 5.000000 0.02299560000000000146
159 50.000000 50.000000 0.03919689999999999980
160 14.000000 14.000000 0.99045249999999995794
161 1.000000 1.000000 1.22044149999999995693
162 29.000000 29.000000 0.48820910000000000695
163 16.000000 16.000000 0.81933599999999995322
164 56.000000 56.000000 0.06537270000000000580
165 9.000000 9.000000 0.47494930000000001868
166 25.000000 25.000000 0.20301020000000000176
167 26.000000 26.000000 0.56588280000000001912
168 39.000000 39.000000 0.26620779999999999443
169 32.000000 32.000000 0.43247039999999997706
170 29.000000 29.000000 0.28346569999999998712
171 87.000000 87.000000 0.03896079999999999682
172 35.000000 35.000000 0.13249020000000000241
173 1.000000 1.000000 1.22142829999999991131
174 45.000000 45.000000 0.11157229999999999925
175 36.000000 36.000000 0.27793440000000002588
176 58.000000 58.000000 0.04509400000000000214
177 12.000000 12.000000 0.88700760000000000716
178 2.000000 2.000000 1.00067960000000000242
179 11.000000 11.000000 0.64949809999999996712
180 36.000000 36.000000 0.25663160000000001526
181 41.000000 41.000000 0.01829410000000000064
182 43.000000 43.000000 0.18309880000000000599
183 20.000000 20.000000 0.71553849999999996623
184 22.000000 22.000000 0.62222399999999999931
185 49.000000 49.000000 0.06960579999999999545
186 52.000000 52.000000 0.04318149999999999766
187 34.000000 34.000000 0.40429720000000002322
188 1.000000 1.000000 1.44422110000000003538
189 48.000000 48.000000 0.02008189999999999975
190 18.000000 18.000000 0.71881010000000000737
191 66.000000 66.000000 0.12371459999999999402
192 27.000000 27.000000 0.31977689999999997505
193 58.000000 58.000000 0.13485920000000001240
194 37.000000 37.000000 0.02713109999999999827
195 37.000000 37.000000 0.03588360000000000161
196 60.000000 60.000000 0.10468689999999999940
197 12.000000 12.000000 1.06491629999999992684
198 36.000000 36.000000 0.37234960000000000280
199 48.000000 48.000000 0.22165550000000000530
200 18.000000 18.000000 0.88045260000000002965
201 35.000000 35.000000 0.02791510000000000172
202 26.000000 26.000000 0.14316529999999999534
203 14.000000 14.000000 0.90565359999999994756
204 76.000000 76.000000 0.06762070000000000580
205 21.000000 21.000000 0.70588899999999998869
206 8.000000 8.000000 1.00278409999999995605
207 31.000000 31.000000 0.35356359999999997790
208 38.000000 38.000000 0.29177740000000002007
209 2.000000 2.000000 0.85911389999999998590
210 42.000000 42.000000 0.10255839999999999401
211 12.000000 12.000000 0.71743710000000004978
212 8.000000 8.000000 1.17547120000000004936
213 53.000000 53.000000 0.17482880000000000642
214 29.000000 29.000000 0.01651309999999999931
215 38.000000 38.000000 0.09393179999999999585
216 4.000000 4.000000 0.22249710000000000321
217 12.000000 12.000000 0.78457449999999995249
218 1.000000 1.000000 1.52310699999999998866
219 25.000000 25.000000 0.64407890000000000974
220 48.000000 48.000000 0.03379619999999999846
221 42.000000 42.000000 0.11349019999999999941
222 18.000000 18.000000 0.37647629999999998596
223 30.000000 30.000000 0.27783229999999997650
224 33.000000 33.000000 0.26749810000000001642
225 9.000000 9.000000 0.07526339999999999419
226 5.000000 5.000000 0.07899530000000000440
227 10.000000 10.000000 0.72553869999999998086
228 29.000000 29.000000 0.25410969999999999391
229 33.000000 33.000000 0.43607780000000001541
230 12.000000 12.000000 1.01181359999999997967
231 40.000000 40.000000 0.23454839999999999023
232 39.000000 39.000000 0.14417199999999999460
233 51.000000 51.000000 0.19138620000000000632
234 17.000000 17.000000 0.32422760000000000469
235 74.000000 74.000000 0.02924610000000000057
236 17.000000 17.000000 0.86628700000000002923
237 24.000000 24.000000 0.33527489999999998682
238 58.000000 58.000000 0.02203180000000000069
239 53.000000 53.000000 0.09412959999999999383
240 40.000000 40.000000 0.04334869999999999696
241 1.000000 1.000000 1.23920689999999988906
242 34.000000 34.000000 0.25902910000000001212
243 37.000000 37.000000 0.02444529999999999967
244 24.000000 24.000000 0.56139470000000002425
245 56.000000 56.000000 0.01769980000000000164
246 76.000000 76.000000 0.03885029999999999734
247 16.000000 16.000000 0.73418689999999997564
248 13.000000 13.000000 0.01417919999999999944
249 18.000000 18.000000 0.24079130000000001366
250 28.000000 28.000000 0.29598000000000002085
251 35.000000 35.000000 0.09854649999999999521
252 1.000000 1.000000 1.29844899999999996432
253 12.000000 12.000000 0.02662859999999999880
254 29.000000 29.000000 0.23407459999999999378
255 48.000000 48.000000 0.05436110000000000247
256 31.000000 31.000000 0.30089810000000000167
257 13.000000 13.000000 0.87321059999999994794
258 59.000000 59.000000 0.02077299999999999980
259 51.000000 51.000000 0.02906229999999999924
260 15.000000 15.000000 0.18457280000000000908
261 63.000000 63.000000 0.02854920000000000027
262 28.000000 28.000000 0.23614499999999999380
263 4.000000 4.000000 1.03224490000000002077
264 33.000000 33.000000 0.01284049999999999948
265 51.000000 51.000000 0.14522440000000000349
266 41.000000 41.000000 0.06210389999999999661
267 32.000000 32.000000 0.09008529999999999316
268 62.000000 62.000000 0.02800860000000000155
269 1.000000 1.000000 1.32937510000000003174
270 47.000000 47.000000 0.08110549999999999704
271 23.000000 23.000000 0.31554549999999997878
272 20.000000 20.000000 0.51386419999999999320
273 74.000000 74.000000 0.05254559999999999786
274 48.000000 48.000000 0.21229660000000000197
275 33.000000 33.000000 0.04528159999999999824
276 4.000000 4.000000 0.09525759999999999783
277 28.000000 28.000000 0.53874319999999997766
278 1.000000 1.000000 1.28277909999999994994
279 62.000000 62.000000 0.13761490000000001221
280 26.000000 26.000000 0.05634209999999999913
281 11.000000 11.000000 0.70581780000000005071
282 42.000000 42.000000 0.36698029999999998152
283 1.000000 1.000000 1.25631549999999991840
284 22.000000 22.000000 0.54885390000000000565
285 34.000000 34.000000 0.02868120000000000044
286 43.000000 43.000000 0.25638169999999999016
287 31.000000 31.000000 0.24822210000000000107
288 27.000000 27.000000 0.02120000000000000009
289 61.000000 61.000000 0.08730930000000000635
290 22.000000 22.000000 0.11517139999999999322
291 62.000000 62.000000 0.04794709999999999944
292 18.000000 18.000000 0.60631950000000001122
293 14.000000 14.000000 0.92135759999999999881
294 45.000000 45.000000 0.05999510000000000259
295 7.000000 7.000000 0.03267099999999999865
296 32.000000 32.000000 0.16386300000000000865
297 8.000000 8.000000 0.72191059999999995789
298 30.000000 30.000000 0.31773479999999998391
299 50.000000 50.000000 0.25780579999999997387
300 21.000000 21.000000 0.83539540000000001019
301 48.000000 48.000000 0.15292680000000000162
302 12.000000 12.000000 0.82737019999999994457
303 12.000000 12.000000 0.01547800000000000044
304 1.000000 1.000000 1.17764319999999989008
305 13.000000 13.000000 0.87338400000000004919
306 44.000000 44.000000 0.07275249999999999773
307 26.000000 26.000000 0.37552439999999998044
308 41.000000 41.000000 0.27816249999999997922
309 54.000000 54.000000 0.03091390000000000110
310 54.000000 54.000000 0.27427069999999997840
311 21.000000 21.000000 0.59807270000000001264
312 31.000000 31.000000 0.58689150000000001040
313 30.000000 30.000000 0.12006600000000000605
314 74.000000 74.000000 0.02381250000000000033
315 1.000000 1.000000 1.22406590000000004004
316 44.000000 44.000000 0.16883580000000000809
317 62.000000 62.000000 0.11177729999999999611
318 12.000000 12.000000 0.99850779999999994541
319 57.000000 57.000000 0.09999719999999999442
320 55.000000 55.000000 0.01756510000000000016
321 62.000000 62.000000 0.09277370000000000061
322 1.000000 1.000000 1.25012520000000004750
323 1.000000 1.000000 1.23797549999999989545
324 20.000000 20.000000 0.40703739999999999366
325 24.000000 24.000000 0.43840499999999998915
326 60.000000 60.000000 0.04247530000000000056
327 25.000000 25.000000 0.01349889999999999944
328 30.000000 30.000000 0.19303129999999998900
329 8.000000 8.000000 0.71442680000000002849
330 19.000000 19.000000 0.75726700000000002344
331 67.000000 67.000000 0.08207989999999999731
332 19.000000 19.000000 0.20070899999999999852
333 33.000000 33.000000 0.20662539999999998686
334 21.000000 21.000000 0.73109199999999996411
335 13.000000 13.000000 0.81894270000000002341
336 75.000000 75.000000 0.05000879999999999909
337 29.000000 29.000000 0.49078939999999998678
338 65.000000 65.000000 0.09207540000000000169
339 1.000000 1.000000 1.29210889999999989364
340 46.000000 46.000000 0.02296410000000000118
341 28.000000 28.000000 0.19183810000000001139
342 40.000000 40.000000 0.17402100000000000901
343 59.000000 59.000000 0.02043640000000000040
344 33.000000 33.000000 0.28462609999999999300
345 12.000000 12.000000 1.05678249999999995801
346 33.000000 33.000000 0.43585849999999998206
347 43.000000 43.000000 0.03242869999999999781
348 59.000000 59.000000 0.09227810000000000179
349 39.000000 39.000000 0.31689929999999999488
350 12.000000 12.000000 1.03489530000000007348
351 6.000000 6.000000 0.44993460000000001786
352 23.000000 23.000000 0.52829700000000001658
353 28.000000 28.000000 0.30287629999999998720
354 4.000000 4.000000 0.69927220000000001043
355 49.000000 49.000000 0.07281029999999999447
356 1.000000 1.000000 1.56823760000000000936
357 8.000000 8.000000 1.24064449999999992791
358 1.000000 1.000000 1.23615699999999995029
359 48.000000 48.000000 0.17637800000000000700
360 10.000000 10.000000 0.75058139999999995418
361 53.000000 53.000000 0.05488049999999999873
362 29.000000 29.000000 0.03648880000000000179
363 1.000000 1.000000 1.17734369999999999301
364 5.000000 5.000000 0.80801230000000001663
365 51.000000 51.000000 0.04937729999999999897
366 8.000000 8.000000 0.56293070000000000608
367 28.000000 28.000000 0.12193180000000000685
368 55.000000 55.000000 0.13064899999999998736
369 43.000000 43.000000 0.09358669999999999489
370 25.000000 25.000000 0.34074840000000000684
371 55.000000 55.000000 0.02971369999999999914
372 72.000000 72.000000 0.06002129999999999965
373 56.000000 56.000000 0.02447300000000000170
374 23.000000 23.000000 0.16988600000000000922
375 88.000000 88.000000 0.02057799999999999907
376 27.000000 27.000000 0.46290259999999999740
377 89.000000 89.000000 0.03805789999999999867
378 32.000000 32.000000 0.30030390000000001249
379 22.000000 22.000000 0.02047159999999999952
380 28.000000 28.000000 0.42265770000000002504
381 20.000000 20.000000 0.08808620000000000339
382 11.000000 11.000000 0.01492450000000000027
383 36.000000 36.000000 0.38132139999999997704
384 23.000000 23.000000 0.01566520000000000065
385 23.000000 23.000000 0.51251579999999996584
386 24.000000 24.000000 0.60255080000000005302
387 1.000000 1.000000 1.19449260000000001547
388 37.000000 37.000000 0.04259899999999999798
389 28.000000 28.000000 0.58833650000000003999
390 1.000000 1.000000 1.27833329999999989468
391 20.000000 20.000000 0.46669270000000001586
392 8.000000 8.000000 1.08506070000000010012
393 57.000000 57.000000 0.10747679999999999734
394 36.000000 36.000000 0.37583240000000001091
395 1.000000 1.000000 1.43596229999999991378
396 24.000000 24.000000 0.11333490000000000231
397 62.000000 62.000000 0.03180220000000000269
398 1.000000 1.000000 1.21843499999999993477
399 59.000000 59.000000 0.07861289999999999945
400 44.000000 44.000000 0.07488930000000000586
401 8.000000 8.000000 1.02975710000000009181
402 12.000000 12.000000 1.00712000000000001521
403 10.000000 10.000000 1.01752559999999991902
404 10.000000 10.000000 0.69419779999999997600
405 9.000000 9.000000 0.83176859999999996909
406 1.000000 1.000000 1.19747110000000001051
407 31.000000 31.000000 0.10708900000000000363
408 20.000000 20.000000 0.78817789999999998685
409 38.000000 38.000000 0.32678849999999998177
410 21.000000 21.000000 0.64267759999999996001
411 24.000000 24.000000 0.01526220000000000007
412 19.000000 19.000000 0.50287789999999998880
413 50.000000 50.000000 0.09344249999999999778
414 60.000000 60.000000 0.02125420000000000087
415 21.000000 21.000000 0.33666679999999998829
416 2.000000 2.000000 0.81905190000000005490
417 17.000000 17.000000 0.01929430000000000034
418 27.000000 27.000000 0.54487280000000004598
419 5.000000 5.000000 0.03130020000000000024
420 59.000000 59.000000 0.03480930000000000135
