1 39.000000 39.000000 1.39119809999999999306
2 90.000000 90.000000 2.06884889999999987964
3 29.000000 29.000000 6.20034900000000011033
4 93.000000 93.000000 1.06813679999999999737
5 90.000000 90.000000 1.06815970000000004525
6 22.000000 22.000000 2.18370540000000001868
7 145.000000 145.000000 0.02931220000000000006
8 117.000000 117.000000 1.23996369999999989098
9 155.000000 155.000000 0.17230070000000000108
10 118.000000 118.000000 0.61140689999999997539
11 26.000000 26.000000 4.44405170000000016017
12 42.000000 42.000000 0.11877340000000000120
13 97.000000 97.000000 0.50707489999999999508
14 156.000000 156.000000 0.24645990000000000952
15 22.000000 22.000000 6.92489940000000014919
16 24.000000 24.000000 6.71703890000000036764
17 90.000000 90.000000 0.36366349999999997289
18 19.000000 19.000000 7.29941930000000027690
19 125.000000 125.000000 0.50609139999999996906
20 72.000000 72.000000 2.22910820000000020613
21 126.000000 126.000000 0.17789170000000001370
22 52.000000 52.000000 2.75039670000000002759
23 56.000000 56.000000 3.07830680000000000973
24 67.000000 67.000000 2.16333880000000000621
25 15.000000 15.000000 0.43474099999999998856
26 19.000000 19.000000 5.01538639999999968921
27 54.000000 54.000000 1.61904219999999998691
28 61.000000 61.000000 0.21978000000000000314
29 109.000000 109.000000 0.09940789999999999349
30 148.000000 148.000000 0.13025059999999999416
31 90.000000 90.000000 1.67024299999999992217
32 34.000000 34.000000 0.22174179999999998891
33 47.000000 47.000000 2.40443700000000015748
34 179.000000 179.000000 0.04032639999999999836
35 15.000000 15.000000 6.32997530000000008243
36 14.000000 14.000000 8.52457710000000012940
37 43.000000 43.000000 3.72827589999999986503
38 50.000000 50.000000 2.44486589999999992529
39 66.000000 66.000000 0.58155909999999999549
40 14.000000 14.000000 8.17664599999999985869
41 8.000000 8.000000 0.05734210000000000002
42 40.000000 40.000000 4.00521890000000002630
43 16.000000 16.000000 7.56721690000000002385
44 38.000000 38.000000 5.03513110000000008171
45 7.000000 7.000000 7.15357350000000025148
46 27.000000 27.000000 6.17529630000000029355
47 1.000000 1.000000 9.65835670000000057200
48 1.000000 1.000000 10.05245719999999920446
49 45.000000 45.000000 3.41794229999999998881
50 16.000000 16.000000 1.10420439999999997482
51 163.000000 163.000000 0.05340999999999999914
52 34.000000 34.000000 5.70621910000000021057
53 92.000000 92.000000 0.29750009999999998955
54 41.000000 41.000000 1.58829460000000000086
55 15.000000 15.000000 0.96795240000000004610
56 96.000000 96.000000 0.31085230000000002581
57 14.000000 14.000000 8.83146580000000014365
58 31.000000 31.000000 3.84070849999999985869
59 10.000000 10.000000 8.07644480000000086761
60 22.000000 22.000000 0.01637680000000000038
61 146.000000 146.000000 0.17772099999999999009
62 146.000000 146.000000 0.07932899999999999674
63 24.000000 24.000000 6.74125650000000042894
64 141.000000 141.000000 0.36530909999999999771
65 117.000000 117.000000 0.58663509999999996491
66 186.000000 186.000000 0.02732120000000000035
67 134.000000 134.000000 0.02239400000000000071
68 63.000000 63.000000 0.17851449999999999263
69 76.000000 76.000000 1.57667679999999998941
70 110.000000 110.000000 0.85953029999999996935
71 15.000000 15.000000 0.45476169999999999094
72 108.000000 108.000000 0.24119019999999999349
73 20.000000 20.000000 2.72216689999999994498
74 104.000000 104.000000 0.16952580000000000426
75 100.000000 100.000000 0.65862759999999997973
76 85.000000 85.000000 1.05595430000000001236
77 93.000000 93.000000 0.93742820000000004477
78 35.000000 35.000000 4.73089650000000006003
79 112.000000 112.000000 0.02731240000000000057
80 50.000000 50.000000 2.04131349999999978095
81 70.000000 70.000000 2.08404580000000017037
82 95.000000 95.000000 0.87755950000000004785
83 69.000000 69.000000 0.03898870000000000113
84 45.000000 45.000000 3.23881299999999994199
85 10.000000 10.000000 5.07083999999999956998
86 12.000000 12.000000 0.09680329999999999491
87 20.000000 20.000000 8.31547920000000040375
88 24.000000 24.000000 6.84905249999999998778
89 95.000000 95.000000 0.04741279999999999800
90 6.000000 6.000000 6.02533389999999968722
91 28.000000 28.000000 4.72555529999999990309
92 110.000000 110.000000 0.03433520000000000322
93 122.000000 122.000000 0.11906250000000000167
94 95.000000 95.000000 1.60246430000000006366
95 34.000000 34.000000 4.26315869999999996764
96 15.000000 15.000000 7.89585779999999992640
97 96.000000 96.000000 1.08062750000000007411
98 94.000000 94.000000 1.15828839999999999577
99 85.000000 85.000000 0.36435869999999997981
100 124.000000 124.000000 0.58931350000000004563
101 26.000000 26.000000 4.63772909999999960462
102 1.000000 1.000000 10.20382239999999995916
103 41.000000 41.000000 0.04299370000000000275
104 62.000000 62.000000 2.62071630000000022065
105 65.000000 65.000000 0.04083359999999999768
106 78.000000 78.000000 0.08205389999999999906
107 107.000000 107.000000 0.79406060000000000532
108 20.000000 20.000000 7.68958570000000030120
109 71.000000 71.000000 0.96204679999999997975
110 13.000000 13.000000 0.02870759999999999978
111 1.000000 1.000000 10.20507970000000064204
112 35.000000 35.000000 4.91104360000000017550
113 43.000000 43.000000 4.42199369999999980507
114 66.000000 66.000000 0.40379930000000002766
115 66.000000 66.000000 0.32215450000000001030
116 60.000000 60.000000 0.04466669999999999668
117 26.000000 26.000000 5.56660169999999965285
118 128.000000 128.000000 0.71812799999999998857
119 28.000000 28.000000 5.77572840000000020666
120 32.000000 32.000000 1.40358580000000010557
121 54.000000 54.000000 2.69829970000000018970
122 56.000000 56.000000 3.51495550000000012147
123 81.000000 81.000000 0.02144599999999999979
124 22.000000 22.000000 7.34337290000000031398
125 100.000000 100.000000 1.52751339999999991015
126 26.000000 26.000000 1.29283210000000003959
127 12.000000 12.000000 9.17531179999999935148
128 55.000000 55.000000 1.97923329999999997320
129 17.000000 17.000000 8.01372100000000031628
130 121.000000 121.000000 0.40585799999999999654
131 17.000000 17.000000 7.83200309999999966237
132 1.000000 1.000000 9.92699119999999979314
133 54.000000 54.000000 1.61609789999999997612
134 43.000000 43.000000 4.33675669999999957582
135 61.000000 61.000000 0.49902770000000001849
136 142.000000 142.000000 0.23016429999999998834
137 49.000000 49.000000 2.79592170000000006524
138 135.000000 135.000000 0.07167400000000000160
139 12.000000 12.000000 8.87959369999999914569
140 1.000000 1.000000 9.86735179999999978406
141 30.000000 30.000000 6.38195509999999988082
142 99.000000 99.000000 0.97264640000000002207
143 18.000000 18.000000 7.74339750000000037744
144 100.000000 100.000000 0.84200370000000002157
145 18.000000 18.000000 7.13847339999999963567
146 30.000000 30.000000 5.01193600000000039074
147 44.000000 44.000000 4.35055990000000036844
148 42.000000 42.000000 3.28695439999999994285
149 24.000000 24.000000 6.10838999999999998636
150 73.000000 73.000000 0.10111670000000000380
151 17.000000 17.000000 0.10255770000000000164
152 59.000000 59.000000 0.01862849999999999923
153 104.000000 104.000000 0.89413350000000002549
154 1.000000 1.000000 9.97503850000000014120
155 134.000000 134.000000 0.39305620000000002223
156 79.000000 79.000000 1.90218799999999998995
157 25.000000 25.000000 0.62936519999999995800
158 92.000000 92.000000 1.60055060000000004550
159 125.000000 125.000000 0.13317519999999999358
160 28.000000 28.000000 0.30946639999999997483
161 1.000000 1.000000 9.72653460000000080754
162 1.000000 1.000000 10.01291009999999914726
163 83.000000 83.000000 1.72766090000000005489
164 113.000000 113.000000 0.35022670000000000190
165 67.000000 67.000000 3.00928180000000011773
166 1.000000 1.000000 10.27476399999999934209
167 6.000000 6.000000 0.10094699999999999507
168 89.000000 89.000000 3.23150249999999994444
169 53.000000 53.000000 2.02035549999999997084
170 16.000000 16.000000 7.99334800000000011977
171 1.000000 1.000000 9.78460549999999962267
172 142.000000 142.000000 0.13626959999999999074
173 30.000000 30.000000 6.24608589999999974651
174 59.000000 59.000000 7.49667979999999989360
175 27.000000 27.000000 5.28409390000000023235
176 86.000000 86.000000 0.06075320000000000026
177 17.000000 17.000000 7.95853910000000031033
178 79.000000 79.000000 1.10641349999999993869
179 134.000000 134.000000 0.24079849999999999866
180 77.000000 77.000000 2.05703050000000020603
181 61.000000 61.000000 5.38067820000000018865
182 39.000000 39.000000 5.87057420000000007576
183 81.000000 81.000000 2.29784349999999992775
184 38.000000 38.000000 5.06744060000000029476
185 91.000000 91.000000 0.48787659999999999361
186 93.000000 93.000000 1.67862289999999991785
187 102.000000 102.000000 0.29962509999999997756
188 80.000000 80.000000 1.14313449999999994233
189 76.000000 76.000000 0.18439320000000000710
190 10.000000 10.000000 9.15342150000000032151
191 88.000000 88.000000 1.64370499999999997165
192 53.000000 53.000000 3.16430509999999998172
193 59.000000 59.000000 2.16586029999999984952
194 105.000000 105.000000 0.95847199999999999065
195 62.000000 62.000000 2.60270119999999982596
196 33.000000 33.000000 0.03248279999999999917
197 79.000000 79.000000 1.35842139999999989008
198 1.000000 1.000000 10.01756450000000064904
199 31.000000 31.000000 5.39633960000000012514
200 79.000000 79.000000 0.01797839999999999855
201 102.000000 102.000000 1.07624900000000001121
202 54.000000 54.000000 2.71863769999999993487
203 55.000000 55.000000 0.59162639999999999674
204 25.000000 25.000000 7.02310579999999973211
205 84.000000 84.000000 1.31360570000000009827
206 83.000000 83.000000 1.02573730000000007401
207 55.000000 55.000000 3.78322059999999993352
208 49.000000 49.000000 0.05703729999999999911
209 30.000000 30.000000 5.97591490000000025162
210 53.000000 53.000000 2.24117759999999988096
211 14.000000 14.000000 5.48163629999999990616
212 41.000000 41.000000 0.93178539999999998589
213 93.000000 93.000000 0.99078980000000005379
214 1.000000 1.000000 9.89878910000000011848
215 1.000000 1.000000 9.91006900000000001683
216 21.000000 21.000000 6.48447849999999981208
217 16.000000 16.000000 7.86380950000000034095
218 1.000000 1.000000 9.86173780000000022028
219 23.000000 23.000000 0.17743580000000000463
220 117.000000 117.000000 0.53979370000000004293
221 51.000000 51.000000 3.41842090000000009553
222 45.000000 45.000000 0.10055440000000000211
223 131.000000 131.000000 0.20637679999999999914
224 64.000000 64.000000 0.13962209999999999899
225 92.000000 92.000000 0.22149910000000000432
226 103.000000 103.000000 0.59370820000000001926
227 38.000000 38.000000 0.52931709999999998484
228 108.000000 108.000000 0.26105990000000001139
229 14.000000 14.000000 8.66259140000000016357
230 1.000000 1.000000 10.17122179999999964650
231 34.000000 34.000000 4.99715210000000009671
232 21.000000 21.000000 0.02117000000000000132
233 41.000000 41.000000 5.37490220000000018530
234 100.000000 100.000000 1.03809130000000005012
235 89.000000 89.000000 0.99005100000000001437
236 113.000000 113.000000 0.39404040000000001287
237 19.000000 19.000000 0.10945380000000000387
238 161.000000 161.000000 0.06152860000000000273
239 39.000000 39.000000 4.61343390000000042050
240 121.000000 121.000000 0.09603570000000000162
241 92.000000 92.000000 0.12081630000000000147
242 104.000000 104.000000 0.90152399999999999203
243 106.000000 106.000000 0.33315169999999999506
244 29.000000 29.000000 6.55820920000000029404
245 72.000000 72.000000 2.53258520000000020289
246 80.000000 80.000000 0.96925079999999996794
247 1.000000 1.000000 10.41736730000000044072
248 36.000000 36.000000 4.61094809999999988293
249 42.000000 42.000000 4.86655359999999959086
250 150.000000 150.000000 0.07896630000000000316
251 42.000000 42.000000 4.74469950000000029178
252 124.000000 124.000000 0.15492010000000000502
253 57.000000 57.000000 4.50802670000000027528
254 106.000000 106.000000 0.22206580000000000763
255 119.000000 119.000000 0.18232349999999999945
256 69.000000 69.000000 0.24925600000000000533
257 1.000000 1.000000 10.19910879999999941958
258 100.000000 100.000000 0.72313360000000004302
259 37.000000 37.000000 5.33580450000000006128
260 54.000000 54.000000 5.25255600000000022476
261 95.000000 95.000000 0.13289219999999998811
262 125.000000 125.000000 0.07213170000000000692
263 85.000000 85.000000 1.37900270000000002568
264 35.000000 35.000000 3.08820339999999982084
265 43.000000 43.000000 3.42021700000000006270
266 70.000000 70.000000 0.02060990000000000044
267 36.000000 36.000000 3.04530980000000006669
268 32.000000 32.000000 5.00623839999999997730
269 92.000000 92.000000 1.00088859999999990613
270 12.000000 12.000000 9.42439560000000042805
271 77.000000 77.000000 2.22412939999999981211
272 37.000000 37.000000 0.09396060000000000523
273 39.000000 39.000000 0.01612080000000000110
274 54.000000 54.000000 3.74301990000000017744
275 31.000000 31.000000 4.16089749999999991559
276 69.000000 69.000000 1.24554549999999997212
277 162.000000 162.000000 0.25839529999999999443
278 69.000000 69.000000 2.93666239999999989507
279 95.000000 95.000000 1.29455940000000002676
280 54.000000 54.000000 4.13170669999999962130
281 100.000000 100.000000 0.51857229999999998604
282 1.000000 1.000000 9.74473419999999990182
283 69.000000 69.000000 0.09964879999999999571
284 13.000000 13.000000 7.58249219999999990449
285 19.000000 19.000000 8.15074279999999973256
286 63.000000 63.000000 2.46001529999999979381
287 133.000000 133.000000 0.09399009999999999310
288 119.000000 119.000000 0.24649530000000000052
289 28.000000 28.000000 4.37871439999999978454
290 33.000000 33.000000 4.10328040000000004994
291 54.000000 54.000000 3.04442680000000009954
292 122.000000 122.000000 0.05315790000000000098
293 93.000000 93.000000 0.68771649999999995284
294 81.000000 81.000000 0.43522139999999998050
295 107.000000 107.000000 0.35935489999999997712
296 51.000000 51.000000 1.48344279999999995034
297 18.000000 18.000000 5.52696659999999972968
298 1.000000 1.000000 9.42590539999999954546
299 39.000000 39.000000 0.01600820000000000021
300 130.000000 130.000000 0.03559149999999999814
301 97.000000 97.000000 0.03107709999999999986
302 114.000000 114.000000 1.19511129999999998752
303 90.000000 90.000000 0.23533680000000001264
304 8.000000 8.000000 0.89965470000000002937
305 95.000000 95.000000 1.02599789999999990719
306 96.000000 96.000000 0.36273949999999999250
307 112.000000 112.000000 0.25364100000000000534
308 102.000000 102.000000 0.72647200000000000664
309 85.000000 85.000000 1.76609620000000000495
310 70.000000 70.000000 1.90007039999999993718
311 44.000000 44.000000 4.26670230000000039183
312 130.000000 130.000000 0.57605919999999999348
313 42.000000 42.000000 3.44707410000000002981
314 44.000000 44.000000 0.01916160000000000085
315 86.000000 86.000000 1.34631820000000002047
316 1.000000 1.000000 9.78010650000000048010
317 51.000000 51.000000 0.08168889999999999485
318 83.000000 83.000000 1.37292049999999998811
319 111.000000 111.000000 0.63912800000000002942
320 24.000000 24.000000 6.91332249999999959300
321 65.000000 65.000000 0.01900810000000000000
322 84.000000 84.000000 0.47326410000000002087
323 118.000000 118.000000 0.64572490000000004606
324 79.000000 79.000000 1.33125139999999997364
325 40.000000 40.000000 4.93790849999999981179
326 52.000000 52.000000 3.08675109999999985888
327 1.000000 1.000000 10.15188689999999915869
328 119.000000 119.000000 0.05868120000000000280
329 136.000000 136.000000 0.04111800000000000177
330 131.000000 131.000000 0.27350960000000001937
331 53.000000 53.000000 3.26540499999999989100
332 77.000000 77.000000 1.56228769999999994589
333 163.000000 163.000000 0.04760530000000000317
334 99.000000 99.000000 0.07138859999999999650
335 80.000000 80.000000 1.13724329999999995700
336 143.000000 143.000000 0.08693289999999999351
337 51.000000 51.000000 3.26624109999999978626
338 46.000000 46.000000 0.24998270000000000213
339 89.000000 89.000000 0.02842799999999999841
340 31.000000 31.000000 2.75088540000000003616
341 41.000000 41.000000 3.01653450000000011855
342 51.000000 51.000000 3.55585640000000013927
343 1.000000 1.000000 9.90196669999999912193
344 43.000000 43.000000 0.09782129999999999992
345 87.000000 87.000000 1.39798489999999997480
346 3.000000 3.000000 5.93733369999999993638
347 14.000000 14.000000 8.80511530000000064433
348 1.000000 1.000000 9.64008339999999996905
349 17.000000 17.000000 7.60215879999999977201
350 114.000000 114.000000 0.10450460000000000305
351 21.000000 21.000000 7.10190729999999970090
352 25.000000 25.000000 4.37088680000000007198
353 23.000000 23.000000 7.00296559999999956858
354 49.000000 49.000000 0.62543930000000003133
355 128.000000 128.000000 0.59452409999999999979
356 1.000000 1.000000 9.87131770000000052789
357 117.000000 117.000000 0.29552240000000001841
358 124.000000 124.000000 0.24538340000000000152
359 67.000000 67.000000 0.03979039999999999661
360 49.000000 49.000000 3.85979740000000015598
361 79.000000 79.000000 0.02131179999999999880
362 87.000000 87.000000 1.28025410000000006150
363 37.000000 37.000000 1.96921300000000010222
364 61.000000 61.000000 0.37521670000000001410
365 3.000000 3.000000 5.15901009999999971001
366 43.000000 43.000000 3.84824900000000003075
367 167.000000 167.000000 0.07085600000000000231
368 81.000000 81.000000 1.28953070000000002970
369 102.000000 102.000000 1.13395320000000010552
370 118.000000 118.000000 0.51738910000000004619
371 42.000000 42.000000 0.41386230000000001628
372 38.000000 38.000000 0.01661850000000000133
373 48.000000 48.000000 5.26919659999999989708
374 121.000000 121.000000 0.58154589999999994898
375 93.000000 93.000000 1.53209960000000000591
376 150.000000 150.000000 0.11871329999999999383
377 61.000000 61.000000 2.43371979999999998867
378 52.000000 52.000000 1.97945930000000003268
379 76.000000 76.000000 0.70861059999999997938
380 103.000000 103.000000 0.95927470000000003569
381 42.000000 42.000000 0.11566780000000000117
382 57.000000 57.000000 0.04240610000000000213
383 139.000000 139.000000 0.02004939999999999847
384 14.000000 14.000000 8.68423950000000033356
385 87.000000 87.000000 2.19226140000000002672
386 17.000000 17.000000 9.05034269999999985146
387 28.000000 28.000000 6.54722470000000011936
388 132.000000 132.000000 0.27194550000000000667
389 66.000000 66.000000 0.02151609999999999981
390 2.000000 2.000000 5.92204029999999992384
391 19.000000 19.000000 6.77900399999999958567
392 81.000000 81.000000 0.46453610000000000735
393 34.000000 34.000000 1.28313019999999999854
394 83.000000 83.000000 1.26897679999999990486
395 50.000000 50.000000 0.07269899999999999973
396 58.000000 58.000000 0.23334610000000000074
397 60.000000 60.000000 1.11168580000000005725
398 20.000000 20.000000 7.87076119999999956889
399 1.000000 1.000000 9.98881949999999996237
400 14.000000 14.000000 9.09813759999999938088
401 90.000000 90.000000 0.01854669999999999930
402 96.000000 96.000000 0.40766279999999999184
403 108.000000 108.000000 0.26492290000000001671
404 53.000000 53.000000 1.65852299999999996949
405 17.000000 17.000000 0.27537359999999999616
406 11.000000 11.000000 6.34477910000000022706
407 10.000000 10.000000 8.71550889999999967017
408 44.000000 44.000000 4.12320729999999979754
409 96.000000 96.000000 0.09177459999999999785
410 16.000000 16.000000 0.57785140000000001503
411 36.000000 36.000000 7.16207049999999956214
412 76.000000 76.000000 0.03556700000000000139
413 23.000000 23.000000 0.17370620000000000505
414 112.000000 112.000000 0.02465869999999999868
415 41.000000 41.000000 4.12962950000000006412
416 10.000000 10.000000 9.16116010000000002833
417 108.000000 108.000000 0.70606500000000005368
418 72.000000 72.000000 2.05886319999999978236
419 1.000000 1.000000 9.77435119999999990625
420 147.000000 147.000000 0.13172749999999999737
