1 22.000000 18.000000 0.32422469999999997681
2 23.000000 17.000000 0.07021510000000000251
3 20.000000 17.000000 0.06375429999999999986
4 24.000000 20.000000 0.03096209999999999934
5 17.000000 14.000000 0.06386870000000000047
6 25.000000 20.000000 0.03807309999999999861
7 28.000000 22.000000 0.10496519999999999462
8 27.000000 20.000000 0.08352089999999999514
9 21.000000 17.000000 0.12385129999999999750
10 19.000000 16.000000 0.02692889999999999867
11 18.000000 16.000000 0.10993640000000000356
12 18.000000 16.000000 0.08558999999999999941
13 15.000000 13.000000 0.10590879999999999739
14 18.000000 14.000000 0.05049669999999999853
15 19.000000 16.000000 0.10301240000000000396
16 26.000000 19.000000 0.02338890000000000066
17 14.000000 14.000000 0.03310930000000000123
18 16.000000 14.000000 0.05763250000000000317
19 25.000000 19.000000 0.03908539999999999931
20 13.000000 13.000000 0.06614140000000000297
21 17.000000 16.000000 0.05718129999999999741
22 17.000000 16.000000 0.03539799999999999891
23 13.000000 13.000000 0.04496379999999999821
24 25.000000 18.000000 0.04755689999999999917
25 18.000000 14.000000 0.03268839999999999940
26 21.000000 16.000000 0.05632100000000000301
27 23.000000 20.000000 0.02204590000000000022
28 23.000000 17.000000 0.03139589999999999742
29 24.000000 21.000000 0.05672150000000000108
30 20.000000 16.000000 0.02679809999999999831
31 18.000000 15.000000 0.07630820000000000658
32 14.000000 12.000000 0.11273750000000000437
33 23.000000 20.000000 0.02053870000000000001
34 27.000000 22.000000 0.12027469999999999828
35 18.000000 15.000000 0.08337669999999999804
36 18.000000 16.000000 0.08872059999999999669
37 22.000000 20.000000 0.11147160000000000402
38 22.000000 17.000000 0.02333319999999999839
39 21.000000 16.000000 0.09900090000000000279
40 18.000000 16.000000 0.02299319999999999836
41 16.000000 14.000000 0.07626429999999999321
42 18.000000 15.000000 0.06540260000000000518
43 18.000000 13.000000 0.02322039999999999868
44 22.000000 17.000000 0.12745929999999999760
45 18.000000 16.000000 0.12377059999999999451
46 22.000000 16.000000 0.02410150000000000139
47 21.000000 19.000000 0.13619990000000001262
48 20.000000 17.000000 0.02192360000000000142
49 16.000000 14.000000 0.14918600000000001304
50 26.000000 23.000000 0.11687409999999999466
51 17.000000 15.000000 0.02210579999999999837
52 15.000000 15.000000 0.13000950000000000006
53 22.000000 16.000000 0.10953859999999999986
54 20.000000 18.000000 0.02181369999999999837
55 18.000000 15.000000 0.09547310000000000518
56 28.000000 20.000000 0.09990259999999999418
57 14.000000 12.000000 0.02471759999999999929
58 13.000000 13.000000 0.12508879999999999999
59 15.000000 14.000000 0.13015850000000001030
60 23.000000 17.000000 0.02156399999999999983
61 20.000000 15.000000 0.08771410000000000318
62 22.000000 17.000000 0.09420839999999999770
63 23.000000 17.000000 0.02179390000000000147
64 22.000000 19.000000 0.07587510000000000088
65 16.000000 14.000000 0.08347569999999999990
66 11.000000 11.000000 0.02361210000000000045
67 15.000000 14.000000 0.06420499999999999818
68 18.000000 15.000000 0.07175380000000000646
69 12.000000 12.000000 0.02411680000000000074
70 12.000000 12.000000 0.07885309999999999542
71 19.000000 16.000000 0.06539079999999999893
72 20.000000 17.000000 0.02205630000000000090
73 12.000000 12.000000 0.09136429999999999552
74 14.000000 13.000000 0.11527479999999999671
75 17.000000 15.000000 0.02208819999999999881
76 18.000000 15.000000 0.10505539999999999323
77 26.000000 21.000000 0.02031820000000000154
78 20.000000 17.000000 0.09726999999999999535
79 21.000000 18.000000 0.02273870000000000058
80 25.000000 17.000000 0.09076099999999999446
81 18.000000 16.000000 0.09410250000000000559
82 17.000000 16.000000 0.03132920000000000149
83 19.000000 16.000000 0.02050039999999999848
84 14.000000 12.000000 0.03781749999999999695
85 23.000000 17.000000 0.02215840000000000171
86 17.000000 14.000000 0.11120939999999999992
87 19.000000 16.000000 0.08742679999999999896
88 22.000000 18.000000 0.08711910000000000487
89 17.000000 15.000000 0.08506740000000000135
90 22.000000 19.000000 0.02096999999999999906
91 20.000000 18.000000 0.11806460000000000565
92 15.000000 13.000000 0.10473699999999999677
93 19.000000 17.000000 0.12920339999999999603
94 22.000000 19.000000 0.13374510000000000565
95 19.000000 15.000000 0.12030939999999999690
96 21.000000 18.000000 0.11297369999999999635
97 21.000000 17.000000 0.09896629999999999316
98 18.000000 16.000000 0.03708499999999999991
99 25.000000 21.000000 0.10731090000000000073
100 19.000000 18.000000 0.10148400000000000476
101 16.000000 15.000000 0.10568639999999999979
102 16.000000 13.000000 0.10526349999999999596
103 17.000000 15.000000 0.02597009999999999943
104 25.000000 18.000000 0.02337840000000000057
105 22.000000 19.000000 0.02329060000000000158
106 18.000000 15.000000 0.02154210000000000153
107 24.000000 20.000000 0.02105169999999999958
108 15.000000 14.000000 0.02294600000000000112
109 24.000000 18.000000 0.02182160000000000002
110 17.000000 16.000000 0.02827630000000000074
111 23.000000 18.000000 0.08913500000000000589
112 20.000000 16.000000 0.02294979999999999937
113 17.000000 15.000000 0.02190570000000000017
114 22.000000 17.000000 0.02304240000000000108
115 22.000000 17.000000 0.02293569999999999984
116 24.000000 22.000000 0.02156030000000000099
117 29.000000 22.000000 0.02034180000000000016
118 29.000000 21.000000 0.02254669999999999938
119 20.000000 16.000000 0.02124389999999999959
120 18.000000 15.000000 0.09753030000000000033
121 19.000000 17.000000 0.02142339999999999869
122 21.000000 16.000000 0.09344769999999999466
123 13.000000 12.000000 0.02189030000000000142
124 24.000000 20.000000 0.09707290000000000363
125 18.000000 14.000000 0.09034069999999999601
126 17.000000 14.000000 0.09037610000000000088
127 14.000000 13.000000 0.09288829999999999310
128 13.000000 13.000000 0.02546150000000000149
129 20.000000 16.000000 0.08960089999999999721
130 21.000000 17.000000 0.02423319999999999988
131 16.000000 15.000000 0.10551639999999999631
132 23.000000 19.000000 0.03088449999999999876
133 26.000000 21.000000 0.02281050000000000091
134 17.000000 15.000000 0.02506320000000000076
135 18.000000 16.000000 0.02330859999999999876
136 14.000000 13.000000 0.02585070000000000076
137 20.000000 17.000000 0.03199110000000000148
138 18.000000 15.000000 0.02338900000000000007
139 12.000000 12.000000 0.02339930000000000135
140 14.000000 13.000000 0.03471760000000000124
141 14.000000 14.000000 0.09693499999999999339
142 20.000000 16.000000 0.02137829999999999939
143 23.000000 17.000000 0.02333649999999999960
144 17.000000 17.000000 0.02297650000000000040
145 21.000000 17.000000 0.10518460000000000309
146 20.000000 16.000000 0.02257489999999999844
147 23.000000 19.000000 0.09498479999999999424
148 21.000000 19.000000 0.02502729999999999885
149 26.000000 19.000000 0.08851059999999999484
150 20.000000 17.000000 0.02089130000000000154
151 20.000000 16.000000 0.02635120000000000171
152 17.000000 14.000000 0.02149900000000000075
153 18.000000 16.000000 0.09406720000000000359
154 17.000000 16.000000 0.02636710000000000095
155 14.000000 13.000000 0.11854249999999999510
156 17.000000 14.000000 0.02221609999999999904
157 15.000000 14.000000 0.08825879999999999836
158 17.000000 16.000000 0.10096829999999999694
159 17.000000 14.000000 0.02860570000000000127
160 20.000000 17.000000 0.02318359999999999865
161 21.000000 20.000000 0.02426640000000000047
162 20.000000 19.000000 0.02321250000000000049
163 20.000000 18.000000 0.02332390000000000158
164 19.000000 16.000000 0.02199160000000000004
165 23.000000 19.000000 0.02240779999999999855
166 15.000000 14.000000 0.02108140000000000014
167 24.000000 20.000000 0.02578710000000000030
168 15.000000 14.000000 0.02276049999999999948
169 16.000000 15.000000 0.09338470000000000104
170 15.000000 13.000000 0.02585849999999999954
171 13.000000 13.000000 0.02609260000000000052
172 20.000000 18.000000 0.02484460000000000141
173 22.000000 17.000000 0.02067489999999999953
174 21.000000 17.000000 0.01986730000000000093
175 20.000000 16.000000 0.07366620000000000112
176 20.000000 16.000000 0.03076189999999999827
177 19.000000 16.000000 0.02855140000000000108
178 27.000000 22.000000 0.02528549999999999895
179 19.000000 16.000000 0.07946490000000000498
180 28.000000 24.000000 0.02245810000000000167
181 14.000000 14.000000 0.02578650000000000039
182 14.000000 13.000000 0.08675510000000000166
183 19.000000 15.000000 0.02817719999999999947
184 23.000000 17.000000 0.02447600000000000123
185 13.000000 13.000000 0.02815230000000000163
186 20.000000 17.000000 0.07066949999999999621
187 20.000000 15.000000 0.07211249999999999605
188 14.000000 12.000000 0.06144360000000000099
189 22.000000 16.000000 0.02325189999999999896
190 18.000000 17.000000 0.02224980000000000013
191 16.000000 15.000000 0.06809479999999999700
192 21.000000 15.000000 0.02136189999999999964
193 19.000000 16.000000 0.07153619999999999424
194 19.000000 17.000000 0.03080569999999999836
195 18.000000 15.000000 0.02593600000000000072
196 21.000000 16.000000 0.02377189999999999859
197 16.000000 14.000000 0.02326109999999999983
198 20.000000 18.000000 0.02229609999999999925
199 22.000000 15.000000 0.02156800000000000037
200 22.000000 20.000000 0.05842989999999999989
201 15.000000 15.000000 0.02022440000000000002
202 15.000000 14.000000 0.02418719999999999898
203 15.000000 13.000000 0.02259800000000000003
204 14.000000 13.000000 0.02520429999999999893
205 11.000000 11.000000 0.02337329999999999963
206 21.000000 18.000000 0.02164840000000000167
207 19.000000 17.000000 0.03055820000000000064
208 22.000000 19.000000 0.07397760000000000447
209 21.000000 15.000000 0.02540689999999999962
210 15.000000 14.000000 0.02204360000000000000
211 17.000000 16.000000 0.08125380000000000102
212 13.000000 13.000000 0.03138950000000000073
213 22.000000 19.000000 0.03028379999999999961
214 29.000000 20.000000 0.02150089999999999987
215 21.000000 15.000000 0.02123840000000000103
216 27.000000 22.000000 0.01863010000000000013
217 22.000000 18.000000 0.02062450000000000047
218 19.000000 17.000000 0.02496900000000000161
219 21.000000 18.000000 0.01950759999999999994
220 19.000000 16.000000 0.02303349999999999842
221 23.000000 18.000000 0.01938319999999999974
222 15.000000 15.000000 0.02490250000000000102
223 25.000000 21.000000 0.02099639999999999840
224 17.000000 15.000000 0.02454900000000000138
225 22.000000 16.000000 0.01958069999999999949
226 22.000000 18.000000 0.01885529999999999845
227 21.000000 17.000000 0.01991479999999999986
228 24.000000 18.000000 0.03105890000000000040
229 12.000000 12.000000 0.02320519999999999874
230 17.000000 15.000000 0.02341280000000000097
231 13.000000 13.000000 0.02355859999999999899
232 22.000000 17.000000 0.02773820000000000105
233 22.000000 18.000000 0.03232680000000000275
234 30.000000 23.000000 0.02443290000000000045
235 16.000000 14.000000 0.02647199999999999900
236 19.000000 16.000000 0.02233970000000000053
237 24.000000 22.000000 0.02542619999999999950
238 16.000000 15.000000 0.02018460000000000046
239 29.000000 20.000000 0.02186619999999999883
240 15.000000 14.000000 0.01971190000000000095
241 20.000000 16.000000 0.02106190000000000145
242 27.000000 19.000000 0.02120290000000000022
243 17.000000 16.000000 0.02373700000000000115
244 23.000000 17.000000 0.02257549999999999835
245 19.000000 15.000000 0.02071469999999999909
246 18.000000 14.000000 0.02419440000000000132
247 17.000000 15.000000 0.02186950000000000005
248 24.000000 18.000000 0.02009980000000000100
249 20.000000 16.000000 0.02151770000000000072
250 22.000000 19.000000 0.01731540000000000162
251 21.000000 18.000000 0.02294370000000000090
252 26.000000 21.000000 0.02076980000000000146
253 22.000000 17.000000 0.01849309999999999843
254 23.000000 19.000000 0.02223380000000000148
255 18.000000 16.000000 0.01822249999999999912
256 19.000000 17.000000 0.01986629999999999993
257 16.000000 14.000000 0.02297180000000000055
258 19.000000 17.000000 0.01852590000000000139
259 17.000000 16.000000 0.01464870000000000061
260 18.000000 15.000000 0.01746630000000000058
261 20.000000 15.000000 0.01902809999999999918
262 13.000000 12.000000 0.02228460000000000163
263 23.000000 18.000000 0.01607549999999999951
264 24.000000 23.000000 0.01200999999999999984
265 18.000000 15.000000 0.02071059999999999915
266 19.000000 16.000000 0.01601129999999999914
267 22.000000 20.000000 0.01513459999999999979
268 17.000000 15.000000 0.01955470000000000125
269 18.000000 17.000000 0.01784710000000000116
270 21.000000 19.000000 0.01766490000000000074
271 20.000000 16.000000 0.01510610000000000078
272 17.000000 15.000000 0.01921919999999999878
273 19.000000 16.000000 0.01905480000000000021
274 25.000000 19.000000 0.01348919999999999980
275 18.000000 17.000000 0.01458010000000000035
276 16.000000 16.000000 0.02114900000000000113
277 18.000000 16.000000 0.01632940000000000086
278 17.000000 15.000000 0.01451629999999999934
279 18.000000 16.000000 0.01980710000000000109
280 20.000000 16.000000 0.01834550000000000070
281 18.000000 16.000000 0.02171369999999999897
282 18.000000 15.000000 0.02079740000000000061
283 22.000000 18.000000 0.01882609999999999839
284 29.000000 24.000000 0.01311219999999999920
285 24.000000 18.000000 0.01577469999999999914
286 22.000000 18.000000 0.02008940000000000031
287 16.000000 15.000000 0.01667669999999999916
288 15.000000 13.000000 0.02006250000000000047
289 15.000000 12.000000 0.01846309999999999965
290 16.000000 14.000000 0.01648070000000000090
291 14.000000 13.000000 0.02047699999999999868
292 15.000000 13.000000 0.01874390000000000084
293 18.000000 15.000000 0.01639339999999999894
294 20.000000 16.000000 0.01871710000000000040
295 23.000000 18.000000 0.02081529999999999839
296 24.000000 20.000000 0.01820940000000000059
297 26.000000 19.000000 0.02229420000000000013
298 15.000000 14.000000 0.02435769999999999949
299 20.000000 18.000000 0.02243749999999999911
300 19.000000 16.000000 0.02030159999999999951
301 19.000000 15.000000 0.02297570000000000168
302 16.000000 14.000000 0.01900469999999999937
303 14.000000 13.000000 0.02038480000000000153
304 10.000000 10.000000 0.02157380000000000062
305 18.000000 16.000000 0.01954349999999999837
306 25.000000 19.000000 0.01981230000000000144
307 14.000000 13.000000 0.01865069999999999922
308 14.000000 13.000000 0.01638389999999999985
309 17.000000 15.000000 0.01408249999999999953
310 16.000000 14.000000 0.01568380000000000121
311 22.000000 16.000000 0.02277579999999999882
312 27.000000 20.000000 0.01801029999999999992
313 19.000000 14.000000 0.01422780000000000052
314 16.000000 16.000000 0.01891980000000000051
315 16.000000 15.000000 0.01809109999999999885
316 15.000000 13.000000 0.01551280000000000020
317 16.000000 14.000000 0.01484210000000000043
318 18.000000 15.000000 0.01958570000000000103
319 19.000000 15.000000 0.01990569999999999840
320 17.000000 15.000000 0.01501070000000000008
321 19.000000 18.000000 0.02177729999999999944
322 23.000000 19.000000 0.01860979999999999926
323 21.000000 17.000000 0.02124600000000000100
324 23.000000 20.000000 0.02038339999999999944
325 16.000000 14.000000 0.01717060000000000114
326 18.000000 17.000000 0.01584539999999999907
327 20.000000 17.000000 0.01900009999999999893
328 17.000000 14.000000 0.02212690000000000143
329 15.000000 15.000000 0.01590389999999999859
330 19.000000 16.000000 0.02221410000000000051
331 22.000000 17.000000 0.01573460000000000136
332 14.000000 13.000000 0.02011009999999999881
333 20.000000 17.000000 0.01465830000000000084
334 21.000000 16.000000 0.01168710000000000061
335 17.000000 17.000000 0.01178930000000000082
336 17.000000 15.000000 0.01974650000000000016
337 25.000000 19.000000 0.01700070000000000053
338 24.000000 20.000000 0.01215830000000000036
339 23.000000 19.000000 0.01359679999999999916
340 17.000000 13.000000 0.01221080000000000082
341 17.000000 15.000000 0.01331060000000000056
342 14.000000 12.000000 0.01485780000000000087
343 17.000000 15.000000 0.01593860000000000068
344 16.000000 15.000000 0.01302840000000000074
345 14.000000 13.000000 0.01423780000000000011
346 27.000000 22.000000 0.01389450000000000060
347 16.000000 14.000000 0.01545060000000000010
348 25.000000 20.000000 0.01310090000000000039
349 28.000000 22.000000 0.01318779999999999952
350 23.000000 16.000000 0.01259970000000000014
351 18.000000 15.000000 0.01383750000000000084
352 20.000000 17.000000 0.01439220000000000083
353 16.000000 14.000000 0.02037119999999999903
354 23.000000 19.000000 0.01820259999999999934
355 19.000000 14.000000 0.01251279999999999927
356 19.000000 15.000000 0.01282149999999999956
357 20.000000 17.000000 0.01500720000000000005
358 16.000000 15.000000 0.01517849999999999928
359 19.000000 19.000000 0.01321480000000000050
360 19.000000 15.000000 0.01121259999999999965
361 20.000000 15.000000 0.01162249999999999915
362 18.000000 16.000000 0.01176340000000000025
363 19.000000 16.000000 0.01058339999999999975
364 12.000000 12.000000 0.01091810000000000003
365 22.000000 17.000000 0.01113729999999999928
366 23.000000 19.000000 0.01370099999999999964
367 24.000000 18.000000 0.01612219999999999973
368 21.000000 16.000000 0.01298689999999999914
369 15.000000 15.000000 0.01251889999999999947
370 20.000000 17.000000 0.01372400000000000009
371 20.000000 15.000000 0.01830199999999999882
372 16.000000 14.000000 0.02016139999999999946
373 24.000000 19.000000 0.01250440000000000058
374 22.000000 16.000000 0.01135410000000000065
375 26.000000 18.000000 0.01255170000000000070
376 18.000000 15.000000 0.01467339999999999964
377 16.000000 15.000000 0.01301210000000000040
378 15.000000 14.000000 0.02173579999999999957
379 22.000000 19.000000 0.02052889999999999923
380 15.000000 15.000000 0.01172759999999999948
381 18.000000 16.000000 0.01138270000000000080
382 21.000000 16.000000 0.01240980000000000034
383 23.000000 18.000000 0.01152139999999999935
384 17.000000 14.000000 0.01121079999999999993
385 15.000000 14.000000 0.01138759999999999946
386 17.000000 16.000000 0.01160590000000000059
387 16.000000 16.000000 0.01218020000000000040
388 20.000000 18.000000 0.01226110000000000047
389 18.000000 16.000000 0.01083010000000000049
390 22.000000 19.000000 0.01100450000000000039
391 20.000000 16.000000 0.01173440000000000073
392 15.000000 13.000000 0.01411280000000000000
393 22.000000 18.000000 0.01104789999999999939
394 15.000000 15.000000 0.01408079999999999922
395 15.000000 14.000000 0.01777870000000000145
396 21.000000 16.000000 0.00993040000000000068
397 20.000000 16.000000 0.01327539999999999970
398 18.000000 16.000000 0.01371550000000000026
399 29.000000 23.000000 0.01071669999999999914
400 27.000000 20.000000 0.01260730000000000010
401 23.000000 18.000000 0.01222630000000000071
402 15.000000 14.000000 0.01168869999999999978
403 24.000000 19.000000 0.01077479999999999931
404 25.000000 21.000000 0.01518289999999999917
405 20.000000 16.000000 0.01671150000000000066
406 16.000000 15.000000 0.01192750000000000060
407 25.000000 20.000000 0.01303179999999999963
408 19.000000 16.000000 0.01301539999999999989
409 17.000000 14.000000 0.01166520000000000057
410 14.000000 13.000000 0.01462420000000000039
411 24.000000 18.000000 0.01667099999999999832
412 16.000000 16.000000 0.01536739999999999981
413 16.000000 14.000000 0.01271710000000000028
414 19.000000 16.000000 0.01200080000000000070
415 17.000000 15.000000 0.01147289999999999942
416 17.000000 16.000000 0.01138770000000000060
417 21.000000 17.000000 0.01193480000000000062
418 26.000000 19.000000 0.01183670000000000035
419 16.000000 15.000000 0.01377779999999999977
420 17.000000 15.000000 0.01285919999999999945
