1 19.000000 17.000000 0.24071799999999998754
2 25.000000 23.000000 0.08994409999999999905
3 38.000000 30.000000 0.10256060000000000176
4 40.000000 32.000000 0.08700789999999999913
5 38.000000 33.000000 0.10440489999999999493
6 25.000000 20.000000 0.05196850000000000080
7 45.000000 33.000000 0.07036259999999999737
8 17.000000 16.000000 0.04749960000000000293
9 31.000000 24.000000 0.06039880000000000249
10 19.000000 17.000000 0.04391540000000000027
11 44.000000 33.000000 0.06040790000000000048
12 29.000000 23.000000 0.07056489999999999985
13 39.000000 33.000000 0.06211180000000000173
14 50.000000 35.000000 0.05859709999999999919
15 30.000000 27.000000 0.06917059999999999875
16 33.000000 28.000000 0.08020729999999999527
17 33.000000 28.000000 0.06949030000000000484
18 49.000000 39.000000 0.08045650000000000024
19 27.000000 23.000000 0.06049340000000000273
20 43.000000 34.000000 0.05020979999999999888
21 42.000000 34.000000 0.06939080000000000248
22 31.000000 26.000000 0.05572010000000000157
23 37.000000 29.000000 0.04558290000000000258
24 27.000000 23.000000 0.06850739999999999608
25 40.000000 28.000000 0.05998529999999999834
26 42.000000 35.000000 0.06063530000000000308
27 36.000000 27.000000 0.04433249999999999691
28 33.000000 27.000000 0.07083520000000000094
29 32.000000 26.000000 0.06357669999999999988
30 30.000000 26.000000 0.07276090000000000335
31 25.000000 21.000000 0.13907410000000000605
32 25.000000 23.000000 0.05906809999999999838
33 53.000000 36.000000 0.07218330000000000579
34 35.000000 24.000000 0.04837009999999999921
35 44.000000 37.000000 0.06240609999999999907
36 23.000000 21.000000 0.05513010000000000133
37 34.000000 26.000000 0.05052249999999999797
38 32.000000 26.000000 0.06589230000000000087
39 42.000000 33.000000 0.07060059999999999947
40 32.000000 29.000000 0.06055540000000000228
41 35.000000 29.000000 0.04868920000000000192
42 49.000000 38.000000 0.05694339999999999818
43 29.000000 22.000000 0.08279830000000000523
44 45.000000 35.000000 0.08164599999999999635
45 39.000000 28.000000 0.05530840000000000062
46 35.000000 26.000000 0.09635779999999999346
47 39.000000 32.000000 0.05144329999999999736
48 40.000000 32.000000 0.07657120000000000593
49 33.000000 28.000000 0.04803690000000000043
50 46.000000 39.000000 0.06460530000000000439
51 27.000000 24.000000 0.06530260000000000231
52 22.000000 20.000000 0.08798930000000000640
53 32.000000 28.000000 0.06528209999999999569
54 53.000000 36.000000 0.08433430000000000093
55 43.000000 30.000000 0.05161820000000000297
56 45.000000 35.000000 0.06249110000000000081
57 30.000000 26.000000 0.06738769999999999483
58 60.000000 42.000000 0.05507179999999999714
59 40.000000 32.000000 0.06805799999999999350
60 30.000000 26.000000 0.05326000000000000179
61 37.000000 30.000000 0.05818960000000000105
62 23.000000 21.000000 0.05273039999999999672
63 41.000000 31.000000 0.05083019999999999899
64 32.000000 27.000000 0.05553240000000000259
65 28.000000 24.000000 0.05192709999999999687
66 37.000000 28.000000 0.06370539999999999536
67 36.000000 33.000000 0.05452060000000000239
68 34.000000 26.000000 0.06807799999999999963
69 25.000000 20.000000 0.07118069999999999953
70 25.000000 24.000000 0.04765319999999999973
71 40.000000 28.000000 0.06926720000000000099
72 42.000000 34.000000 0.07376370000000000149
73 32.000000 28.000000 0.07021660000000000401
74 40.000000 30.000000 0.06311360000000000581
75 40.000000 33.000000 0.04697450000000000236
76 42.000000 32.000000 0.04775059999999999721
77 37.000000 31.000000 0.04314540000000000042
78 48.000000 37.000000 0.06024750000000000244
79 35.000000 27.000000 0.04422249999999999792
80 21.000000 19.000000 0.06889499999999999791
81 51.000000 38.000000 0.05885839999999999822
82 33.000000 29.000000 0.06287510000000000321
83 34.000000 28.000000 0.05957389999999999908
84 39.000000 31.000000 0.04728059999999999902
85 31.000000 24.000000 0.05062099999999999933
86 36.000000 28.000000 0.08340210000000000679
87 34.000000 30.000000 0.07235360000000000402
88 31.000000 24.000000 0.04703849999999999698
89 29.000000 28.000000 0.06604290000000000160
90 33.000000 27.000000 0.05264520000000000310
91 42.000000 34.000000 0.08764199999999999768
92 28.000000 23.000000 0.06502800000000000247
93 61.000000 43.000000 0.06494949999999999335
94 26.000000 24.000000 0.07595150000000000512
95 41.000000 34.000000 0.06967339999999999645
96 41.000000 33.000000 0.06120509999999999839
97 38.000000 31.000000 0.05506509999999999877
98 37.000000 29.000000 0.05305880000000000318
99 30.000000 22.000000 0.07360759999999999525
100 44.000000 34.000000 0.04560489999999999683
101 29.000000 25.000000 0.05686270000000000213
102 34.000000 29.000000 0.09336700000000000554
103 29.000000 28.000000 0.06396459999999999646
104 33.000000 26.000000 0.05571290000000000270
105 29.000000 25.000000 0.05844810000000000283
106 37.000000 30.000000 0.05550889999999999991
107 40.000000 35.000000 0.05463520000000000182
108 34.000000 27.000000 0.08950940000000000285
109 44.000000 37.000000 0.06967059999999999920
110 38.000000 28.000000 0.07269730000000000636
111 43.000000 33.000000 0.04078119999999999662
112 34.000000 29.000000 0.05847510000000000208
113 50.000000 34.000000 0.04737820000000000226
114 42.000000 31.000000 0.04970900000000000318
115 39.000000 32.000000 0.04423690000000000261
116 21.000000 18.000000 0.05563069999999999821
117 38.000000 29.000000 0.06828009999999999635
118 31.000000 25.000000 0.05495680000000000009
119 52.000000 40.000000 0.06523020000000000207
120 41.000000 35.000000 0.05093729999999999786
121 43.000000 32.000000 0.07389360000000000372
122 29.000000 25.000000 0.08839740000000000097
123 23.000000 18.000000 0.07352989999999999526
124 23.000000 21.000000 0.06285570000000000046
125 28.000000 24.000000 0.10191759999999999708
126 34.000000 27.000000 0.06217860000000000054
127 46.000000 34.000000 0.08087249999999999994
128 29.000000 26.000000 0.06364730000000000387
129 39.000000 32.000000 0.06462560000000000526
130 27.000000 23.000000 0.06085840000000000000
131 42.000000 33.000000 0.07862959999999999394
132 40.000000 29.000000 0.08853880000000000083
133 39.000000 31.000000 0.05527420000000000250
134 30.000000 22.000000 0.06653589999999999505
135 23.000000 21.000000 0.07023680000000000201
136 31.000000 27.000000 0.05278479999999999978
137 34.000000 23.000000 0.03926489999999999841
138 34.000000 31.000000 0.04024269999999999931
139 21.000000 21.000000 0.05519870000000000332
140 29.000000 25.000000 0.04801629999999999787
141 29.000000 23.000000 0.05497509999999999897
142 34.000000 27.000000 0.04602509999999999935
143 26.000000 22.000000 0.05337229999999999752
144 20.000000 18.000000 0.05762029999999999930
145 43.000000 33.000000 0.04856889999999999818
146 36.000000 31.000000 0.04577669999999999656
147 29.000000 22.000000 0.05407639999999999669
148 30.000000 27.000000 0.03940380000000000271
149 47.000000 36.000000 0.03784900000000000070
150 38.000000 32.000000 0.06276650000000000285
151 38.000000 28.000000 0.04973299999999999943
152 45.000000 36.000000 0.05996169999999999972
153 44.000000 34.000000 0.04691750000000000087
154 29.000000 25.000000 0.03887550000000000033
155 50.000000 35.000000 0.04391110000000000152
156 41.000000 33.000000 0.04485190000000000010
157 36.000000 30.000000 0.05082740000000000175
158 26.000000 20.000000 0.06767180000000000417
159 33.000000 25.000000 0.05075380000000000169
160 24.000000 20.000000 0.05041319999999999829
161 33.000000 26.000000 0.04803930000000000006
162 46.000000 34.000000 0.04924749999999999961
163 37.000000 30.000000 0.05271780000000000216
164 44.000000 33.000000 0.05137749999999999956
165 50.000000 33.000000 0.03851999999999999869
166 43.000000 33.000000 0.05631139999999999757
167 29.000000 25.000000 0.04839550000000000102
168 34.000000 27.000000 0.05149209999999999898
169 23.000000 18.000000 0.04808230000000000143
170 31.000000 28.000000 0.04776609999999999884
171 27.000000 21.000000 0.04613110000000000127
172 32.000000 25.000000 0.05284370000000000039
173 33.000000 24.000000 0.05649760000000000199
174 32.000000 27.000000 0.05091690000000000105
175 26.000000 21.000000 0.05357010000000000244
176 26.000000 22.000000 0.04510100000000000220
177 31.000000 27.000000 0.04476580000000000142
178 50.000000 38.000000 0.05671999999999999958
179 15.000000 14.000000 0.04820580000000000004
180 40.000000 32.000000 0.05359069999999999806
181 37.000000 28.000000 0.04662079999999999697
182 37.000000 26.000000 0.04193729999999999680
183 41.000000 33.000000 0.05994590000000000335
184 38.000000 30.000000 0.07653630000000000155
185 33.000000 29.000000 0.04215460000000000040
186 39.000000 30.000000 0.08612659999999999760
187 30.000000 26.000000 0.05293010000000000076
188 35.000000 28.000000 0.06261020000000000474
189 22.000000 20.000000 0.05508849999999999858
190 33.000000 26.000000 0.05038659999999999667
191 46.000000 33.000000 0.04276649999999999896
192 37.000000 31.000000 0.05721799999999999803
193 25.000000 21.000000 0.05029870000000000174
194 35.000000 29.000000 0.04896310000000000245
195 42.000000 33.000000 0.05558489999999999959
196 36.000000 31.000000 0.06914449999999999763
197 36.000000 30.000000 0.04851049999999999807
198 30.000000 25.000000 0.04594589999999999785
199 35.000000 26.000000 0.04817559999999999898
200 36.000000 32.000000 0.04795560000000000100
201 39.000000 32.000000 0.04580039999999999806
202 38.000000 32.000000 0.04322310000000000041
203 38.000000 28.000000 0.06432050000000000267
204 28.000000 24.000000 0.05416979999999999712
205 48.000000 33.000000 0.05543189999999999923
206 34.000000 31.000000 0.05498139999999999972
207 41.000000 31.000000 0.04815830000000000111
208 25.000000 24.000000 0.06540680000000000105
209 35.000000 28.000000 0.05695639999999999731
210 21.000000 20.000000 0.05423440000000000205
211 38.000000 29.000000 0.06484149999999999636
212 33.000000 26.000000 0.05423379999999999868
213 39.000000 34.000000 0.05457420000000000326
214 53.000000 37.000000 0.05883599999999999941
215 43.000000 34.000000 0.05699110000000000287
216 38.000000 30.000000 0.05405250000000000332
217 26.000000 23.000000 0.04992169999999999941
218 36.000000 27.000000 0.05342949999999999783
219 30.000000 25.000000 0.05942370000000000291
220 41.000000 28.000000 0.07388749999999999485
221 37.000000 31.000000 0.04972719999999999918
222 41.000000 32.000000 0.05944769999999999915
223 33.000000 29.000000 0.04952979999999999883
224 33.000000 29.000000 0.04921029999999999849
225 29.000000 27.000000 0.05893199999999999827
226 48.000000 37.000000 0.04979709999999999692
227 21.000000 20.000000 0.04815690000000000248
228 39.000000 34.000000 0.04603759999999999797
229 34.000000 29.000000 0.04323169999999999791
230 50.000000 38.000000 0.05136319999999999775
231 24.000000 22.000000 0.05629699999999999982
232 40.000000 29.000000 0.05587840000000000168
233 33.000000 26.000000 0.04857829999999999787
234 31.000000 25.000000 0.04735749999999999682
235 37.000000 30.000000 0.05052689999999999959
236 44.000000 34.000000 0.04127070000000000044
237 36.000000 31.000000 0.05720619999999999872
238 56.000000 41.000000 0.04463190000000000213
239 43.000000 36.000000 0.04606550000000000228
240 49.000000 39.000000 0.04250400000000000011
241 48.000000 44.000000 0.04323479999999999684
242 39.000000 30.000000 0.05184119999999999701
243 33.000000 28.000000 0.05310539999999999705
244 33.000000 24.000000 0.06955400000000000471
245 21.000000 18.000000 0.05344170000000000170
246 46.000000 36.000000 0.03889379999999999921
247 40.000000 33.000000 0.04375740000000000185
248 29.000000 25.000000 0.04046480000000000216
249 47.000000 38.000000 0.04573510000000000075
250 46.000000 34.000000 0.05276510000000000228
251 30.000000 26.000000 0.04640529999999999655
252 42.000000 33.000000 0.04572899999999999882
253 25.000000 20.000000 0.04700180000000000330
254 22.000000 22.000000 0.04998500000000000165
255 34.000000 27.000000 0.04830179999999999890
256 59.000000 40.000000 0.03682429999999999731
257 28.000000 25.000000 0.04101019999999999666
258 19.000000 17.000000 0.05096040000000000292
259 30.000000 23.000000 0.05469249999999999806
260 61.000000 42.000000 0.05162980000000000347
261 33.000000 29.000000 0.05059720000000000190
262 32.000000 26.000000 0.04885799999999999865
263 38.000000 31.000000 0.05426720000000000155
264 36.000000 26.000000 0.03623479999999999757
265 40.000000 27.000000 0.04484609999999999985
266 35.000000 29.000000 0.04506750000000000339
267 38.000000 30.000000 0.05241389999999999938
268 50.000000 37.000000 0.04002789999999999820
269 38.000000 32.000000 0.05810280000000000306
270 36.000000 27.000000 0.05547200000000000047
271 39.000000 33.000000 0.06046150000000000135
272 37.000000 28.000000 0.06828420000000000323
273 44.000000 33.000000 0.05627050000000000107
274 59.000000 40.000000 0.03839440000000000214
275 37.000000 32.000000 0.04459679999999999894
276 34.000000 28.000000 0.05240550000000000069
277 36.000000 30.000000 0.04186569999999999875
278 32.000000 27.000000 0.05939080000000000054
279 40.000000 33.000000 0.05202740000000000142
280 42.000000 35.000000 0.04588790000000000230
281 36.000000 29.000000 0.04368539999999999923
282 38.000000 30.000000 0.04622670000000000251
283 33.000000 28.000000 0.05193389999999999812
284 61.000000 43.000000 0.04391269999999999896
285 36.000000 35.000000 0.03872459999999999791
286 25.000000 25.000000 0.05807199999999999862
287 37.000000 28.000000 0.05078139999999999737
288 30.000000 24.000000 0.05072519999999999807
289 48.000000 38.000000 0.06048699999999999910
290 43.000000 34.000000 0.05266149999999999998
291 27.000000 23.000000 0.04705220000000000236
292 38.000000 27.000000 0.05300089999999999663
293 31.000000 25.000000 0.06171829999999999677
294 27.000000 22.000000 0.04577930000000000194
295 34.000000 29.000000 0.05702469999999999761
296 56.000000 44.000000 0.04608709999999999890
297 27.000000 23.000000 0.04909929999999999850
298 48.000000 36.000000 0.04910110000000000169
299 31.000000 25.000000 0.05197620000000000018
300 31.000000 26.000000 0.04980620000000000186
301 32.000000 27.000000 0.05220240000000000297
302 31.000000 25.000000 0.04861660000000000287
303 31.000000 25.000000 0.04314980000000000204
304 56.000000 38.000000 0.05592439999999999911
305 27.000000 23.000000 0.04899499999999999689
306 34.000000 28.000000 0.05124360000000000026
307 44.000000 36.000000 0.04624099999999999738
308 33.000000 28.000000 0.04346740000000000326
309 41.000000 32.000000 0.04200389999999999679
310 47.000000 35.000000 0.05081059999999999743
311 45.000000 37.000000 0.04759900000000000242
312 26.000000 22.000000 0.05245960000000000206
313 36.000000 31.000000 0.04016499999999999931
314 28.000000 25.000000 0.04845349999999999657
315 45.000000 37.000000 0.05132069999999999688
316 26.000000 23.000000 0.04440659999999999746
317 33.000000 27.000000 0.04707519999999999760
318 40.000000 30.000000 0.03884159999999999696
319 19.000000 17.000000 0.04091569999999999929
320 30.000000 27.000000 0.04978780000000000011
321 27.000000 21.000000 0.04921779999999999905
322 29.000000 26.000000 0.06369829999999999937
323 32.000000 27.000000 0.05538490000000000080
324 29.000000 26.000000 0.04637340000000000212
325 26.000000 20.000000 0.04964910000000000156
326 39.000000 28.000000 0.05641879999999999812
327 30.000000 25.000000 0.05763800000000000173
328 45.000000 33.000000 0.06010650000000000021
329 34.000000 30.000000 0.04593379999999999685
330 34.000000 28.000000 0.05645979999999999749
331 38.000000 33.000000 0.04978649999999999742
332 40.000000 33.000000 0.04604260000000000297
333 42.000000 32.000000 0.04594399999999999873
334 40.000000 32.000000 0.05058220000000000077
335 34.000000 29.000000 0.04801049999999999762
336 47.000000 37.000000 0.05212309999999999860
337 31.000000 27.000000 0.04910679999999999906
338 30.000000 26.000000 0.04339579999999999826
339 33.000000 29.000000 0.05407769999999999938
340 43.000000 33.000000 0.04371680000000000010
341 56.000000 38.000000 0.03452949999999999769
342 31.000000 28.000000 0.06305299999999999794
343 35.000000 29.000000 0.05134969999999999812
344 34.000000 30.000000 0.04629239999999999744
345 45.000000 35.000000 0.04549410000000000259
346 42.000000 31.000000 0.04398239999999999789
347 26.000000 22.000000 0.05693430000000000019
348 37.000000 31.000000 0.06158219999999999666
349 21.000000 17.000000 0.05254410000000000330
350 30.000000 25.000000 0.07126449999999999452
351 36.000000 28.000000 0.05509100000000000108
352 45.000000 33.000000 0.04079350000000000337
353 29.000000 26.000000 0.04674009999999999970
354 21.000000 21.000000 0.04941099999999999659
355 42.000000 35.000000 0.04807349999999999818
356 37.000000 30.000000 0.04545960000000000278
357 54.000000 38.000000 0.05712140000000000273
358 31.000000 24.000000 0.04870399999999999729
359 61.000000 42.000000 0.03719279999999999808
360 32.000000 25.000000 0.04325779999999999903
361 36.000000 28.000000 0.04568810000000000232
362 29.000000 23.000000 0.05956899999999999695
363 35.000000 28.000000 0.04164140000000000202
364 29.000000 27.000000 0.03941889999999999977
365 41.000000 32.000000 0.03624909999999999938
366 45.000000 33.000000 0.03191370000000000318
367 29.000000 24.000000 0.03914039999999999880
368 25.000000 24.000000 0.03809470000000000217
369 36.000000 31.000000 0.03069610000000000047
370 27.000000 24.000000 0.04348090000000000288
371 44.000000 32.000000 0.03322340000000000015
372 34.000000 28.000000 0.03991399999999999809
373 46.000000 33.000000 0.03501089999999999758
374 20.000000 19.000000 0.04223210000000000158
375 28.000000 25.000000 0.04317399999999999710
376 25.000000 22.000000 0.04417050000000000143
377 35.000000 28.000000 0.03294670000000000237
378 29.000000 25.000000 0.03974389999999999867
379 35.000000 30.000000 0.04623789999999999845
380 38.000000 32.000000 0.04564780000000000226
381 37.000000 30.000000 0.03770899999999999946
382 31.000000 26.000000 0.04445090000000000152
383 37.000000 29.000000 0.04338960000000000039
384 32.000000 27.000000 0.04008819999999999745
385 20.000000 18.000000 0.02998759999999999967
386 31.000000 26.000000 0.04806860000000000299
387 32.000000 23.000000 0.03507430000000000270
388 38.000000 31.000000 0.03293539999999999662
389 30.000000 26.000000 0.03772530000000000328
390 57.000000 44.000000 0.02858979999999999855
391 35.000000 26.000000 0.04654599999999999710
392 38.000000 29.000000 0.04171369999999999939
393 31.000000 26.000000 0.04788069999999999826
394 27.000000 25.000000 0.04811739999999999767
395 51.000000 41.000000 0.04685430000000000150
396 43.000000 34.000000 0.03820099999999999885
397 43.000000 35.000000 0.05298560000000000075
398 24.000000 21.000000 0.04821500000000000091
399 37.000000 28.000000 0.05593150000000000205
400 39.000000 29.000000 0.04551190000000000097
401 32.000000 26.000000 0.04804900000000000143
402 31.000000 27.000000 0.03869480000000000142
403 32.000000 28.000000 0.03491129999999999928
404 39.000000 27.000000 0.02732719999999999941
405 24.000000 21.000000 0.04653179999999999816
406 31.000000 25.000000 0.04514089999999999769
407 37.000000 30.000000 0.04081400000000000305
408 31.000000 25.000000 0.04578530000000000100
409 36.000000 28.000000 0.03517170000000000019
410 39.000000 30.000000 0.03586690000000000017
411 42.000000 34.000000 0.02897500000000000075
412 28.000000 23.000000 0.04141689999999999955
413 36.000000 30.000000 0.02786330000000000057
414 29.000000 25.000000 0.03054209999999999911
415 36.000000 28.000000 0.04765289999999999804
416 39.000000 29.000000 0.04815420000000000117
417 33.000000 30.000000 0.02739050000000000165
418 27.000000 24.000000 0.03490130000000000315
419 35.000000 32.000000 0.05270459999999999728
420 43.000000 34.000000 0.03056220000000000117
