1 173.000000 131.000000 0.94273730000000000029
2 109.000000 92.000000 1.42759299999999988984
3 158.000000 134.000000 8.17646739999999994097
4 181.000000 140.000000 1.75756489999999998552
5 179.000000 138.000000 0.52411110000000005193
6 126.000000 100.000000 0.87797210000000003305
7 231.000000 172.000000 1.13948420000000005814
8 126.000000 95.000000 1.58578649999999998776
9 225.000000 161.000000 0.67535719999999999086
10 114.000000 96.000000 1.08691089999999990212
11 142.000000 118.000000 1.20118769999999996934
12 137.000000 109.000000 0.82751189999999996694
13 169.000000 137.000000 0.57750369999999995319
14 154.000000 126.000000 1.76498479999999990930
15 159.000000 123.000000 1.40256169999999991127
16 122.000000 98.000000 1.37065919999999996648
17 126.000000 101.000000 1.91402279999999991311
18 165.000000 125.000000 0.37840329999999999799
19 181.000000 132.000000 1.10462740000000003704
20 177.000000 144.000000 0.72729580000000004780
21 200.000000 149.000000 0.91285419999999994900
22 128.000000 99.000000 1.22817989999999999107
23 128.000000 102.000000 0.96709750000000005432
24 160.000000 136.000000 1.27374610000000010324
25 153.000000 132.000000 1.08808569999999993350
26 202.000000 153.000000 0.59285229999999999873
27 121.000000 100.000000 2.03327910000000011692
28 201.000000 148.000000 0.61481529999999995351
29 184.000000 134.000000 0.51855110000000004256
30 95.000000 85.000000 0.71436659999999996273
31 128.000000 100.000000 2.28493570000000012499
32 170.000000 138.000000 1.01350600000000001799
33 187.000000 130.000000 0.58551070000000005056
34 139.000000 107.000000 0.47889530000000002374
35 109.000000 80.000000 1.60193870000000004872
36 141.000000 118.000000 1.18921279999999995880
37 129.000000 115.000000 0.89720370000000004840
38 157.000000 120.000000 0.99604780000000003870
39 163.000000 123.000000 1.06901500000000004853
40 160.000000 129.000000 0.85806570000000004228
41 132.000000 100.000000 4.35492420000000013403
42 124.000000 99.000000 1.16432859999999993583
43 149.000000 106.000000 0.59327079999999998705
44 175.000000 135.000000 1.31646109999999993967
45 215.000000 168.000000 2.83474529999999980134
46 208.000000 160.000000 0.86043990000000003526
47 149.000000 119.000000 1.14309299999999991471
48 141.000000 113.000000 0.97608700000000003794
49 129.000000 100.000000 2.03353839999999985722
50 152.000000 126.000000 1.09039510000000006151
51 105.000000 85.000000 2.40122519999999983753
52 111.000000 91.000000 1.46699099999999993393
53 124.000000 107.000000 0.77277320000000004896
54 169.000000 140.000000 0.79542599999999996641
55 150.000000 121.000000 2.30170319999999994920
56 169.000000 130.000000 1.13948969999999993874
57 97.000000 79.000000 0.69568790000000002571
58 195.000000 146.000000 2.67408000000000001251
59 158.000000 114.000000 0.95082990000000000563
60 120.000000 97.000000 1.36196959999999989144
61 195.000000 145.000000 0.90653779999999994921
62 75.000000 62.000000 2.54119319999999992987
63 148.000000 120.000000 2.03839980000000009497
64 146.000000 119.000000 1.18754599999999999049
65 136.000000 113.000000 0.83686260000000001202
66 102.000000 81.000000 1.43985710000000000086
67 179.000000 133.000000 0.92872580000000004574
68 155.000000 113.000000 0.80291959999999995556
69 164.000000 133.000000 1.31434230000000007443
70 104.000000 92.000000 1.33029050000000004239
71 136.000000 111.000000 1.02884400000000009179
72 107.000000 89.000000 1.54382989999999997721
73 183.000000 135.000000 0.49816880000000002271
74 109.000000 84.000000 0.66224329999999997920
75 146.000000 113.000000 1.51463410000000009425
76 139.000000 108.000000 0.83585039999999999338
77 117.000000 89.000000 0.94676610000000005485
78 131.000000 106.000000 1.17546109999999992546
79 190.000000 151.000000 1.09329969999999998542
80 130.000000 106.000000 1.05259370000000007650
81 150.000000 119.000000 0.99946509999999999518
82 146.000000 111.000000 1.07677000000000000490
83 169.000000 124.000000 0.95269579999999998154
84 163.000000 134.000000 0.78473289999999995548
85 154.000000 122.000000 1.83128040000000003040
86 165.000000 123.000000 0.90765350000000000197
87 143.000000 106.000000 1.14269590000000009766
88 134.000000 102.000000 1.65593839999999992152
89 126.000000 103.000000 1.12241279999999998829
90 159.000000 124.000000 1.28256100000000006212
91 154.000000 124.000000 0.94792069999999994945
92 193.000000 148.000000 0.83958869999999996558
93 135.000000 102.000000 0.77204580000000000428
94 150.000000 113.000000 0.90243949999999995004
95 171.000000 139.000000 0.92384469999999996315
96 152.000000 128.000000 0.69034709999999999130
97 146.000000 119.000000 1.28279469999999995444
98 119.000000 103.000000 0.85011650000000005267
99 148.000000 109.000000 0.90511790000000003076
100 137.000000 108.000000 2.51206739999999983937
101 133.000000 110.000000 0.94290059999999997764
102 186.000000 144.000000 0.54213659999999996852
103 140.000000 113.000000 0.73667139999999997624
104 192.000000 141.000000 0.92492030000000002854
105 231.000000 171.000000 0.68676389999999998270
106 131.000000 100.000000 1.49828769999999988904
107 196.000000 154.000000 0.59255329999999994950
108 142.000000 106.000000 2.07120639999999989200
109 109.000000 89.000000 2.40665079999999997895
110 59.000000 53.000000 1.05477149999999997299
111 181.000000 145.000000 0.49088629999999999765
112 134.000000 99.000000 0.83081320000000002945
113 172.000000 121.000000 0.49008469999999998423
114 165.000000 127.000000 0.66100559999999997096
115 191.000000 153.000000 0.46029259999999999620
116 161.000000 126.000000 0.75489220000000001320
117 134.000000 114.000000 1.13456819999999991566
118 171.000000 135.000000 0.68954760000000003828
119 156.000000 119.000000 1.08318669999999994680
120 149.000000 120.000000 0.90320210000000000772
121 161.000000 119.000000 1.28317919999999996428
122 139.000000 109.000000 1.58462959999999997152
123 169.000000 127.000000 2.10074849999999990757
124 161.000000 130.000000 1.01030369999999991570
125 111.000000 83.000000 2.95138979999999984116
126 114.000000 99.000000 2.29344260000000010891
127 159.000000 119.000000 1.16906880000000001907
128 63.000000 51.000000 1.79237859999999993299
129 81.000000 71.000000 1.09864969999999995132
130 181.000000 136.000000 0.68198119999999995411
131 169.000000 135.000000 0.55449459999999994864
132 137.000000 109.000000 0.91333180000000002696
133 145.000000 109.000000 1.24531100000000005679
134 123.000000 104.000000 0.87900699999999998280
135 165.000000 134.000000 0.43638680000000001913
136 166.000000 133.000000 0.66115800000000002346
137 148.000000 124.000000 0.87111190000000005007
138 102.000000 83.000000 0.76091569999999997265
139 171.000000 127.000000 1.05438929999999997378
140 185.000000 141.000000 0.44139040000000001607
141 149.000000 121.000000 0.43437520000000001685
142 146.000000 109.000000 1.70589480000000004445
143 138.000000 108.000000 0.82994210000000001592
144 143.000000 117.000000 0.58593399999999995487
145 99.000000 79.000000 4.27783270000000026556
146 131.000000 106.000000 0.94792600000000004634
147 172.000000 139.000000 0.31041970000000002061
148 148.000000 109.000000 0.88376969999999999139
149 123.000000 98.000000 0.91010250000000003645
150 141.000000 113.000000 0.91108449999999996383
151 100.000000 74.000000 1.42942360000000001641
152 202.000000 154.000000 0.95723449999999998816
153 170.000000 134.000000 0.37806499999999998440
154 113.000000 94.000000 0.77105000000000001315
155 212.000000 159.000000 0.65129490000000000993
156 125.000000 98.000000 0.82732790000000000497
157 143.000000 107.000000 0.71793919999999999959
158 153.000000 116.000000 0.55067200000000005033
159 103.000000 77.000000 1.94157380000000001630
160 163.000000 132.000000 0.82390319999999994671
161 180.000000 136.000000 0.71865909999999999513
162 155.000000 122.000000 1.13366290000000002891
163 130.000000 102.000000 0.83019220000000004678
164 184.000000 129.000000 5.44313999999999964530
165 141.000000 120.000000 0.84499480000000004587
166 173.000000 130.000000 1.09194300000000010797
167 132.000000 106.000000 0.44717780000000001417
168 95.000000 79.000000 0.60183629999999999072
169 135.000000 107.000000 0.76244160000000005262
170 133.000000 98.000000 0.89240310000000000468
171 127.000000 104.000000 0.64748260000000001924
172 156.000000 120.000000 0.77759750000000005254
173 116.000000 100.000000 0.67184270000000001488
174 108.000000 89.000000 0.91303860000000003350
175 156.000000 117.000000 0.66237900000000005107
176 171.000000 131.000000 0.55935360000000000635
177 176.000000 137.000000 0.74165069999999999606
178 97.000000 79.000000 0.71561750000000001748
179 165.000000 125.000000 0.38201180000000001247
180 153.000000 119.000000 0.83904950000000000365
181 150.000000 116.000000 1.14955359999999995324
182 151.000000 135.000000 0.66822610000000004504
183 137.000000 111.000000 1.20846169999999997202
184 116.000000 86.000000 0.68133489999999996556
185 163.000000 118.000000 0.78572830000000004613
186 171.000000 132.000000 0.46818569999999998243
187 139.000000 119.000000 0.72351330000000002585
188 85.000000 67.000000 0.97299959999999996452
189 136.000000 111.000000 0.70552090000000000636
190 105.000000 82.000000 0.79907989999999995412
191 124.000000 98.000000 0.58712810000000004163
192 213.000000 162.000000 0.79791869999999998075
193 209.000000 149.000000 0.69377610000000000667
194 171.000000 126.000000 0.55372849999999995685
195 153.000000 121.000000 0.94647340000000002025
196 177.000000 129.000000 0.63623989999999996936
197 120.000000 98.000000 0.68921399999999999331
198 148.000000 117.000000 1.05198400000000003018
199 186.000000 152.000000 0.29195680000000001630
200 160.000000 120.000000 2.25131529999999990821
201 122.000000 97.000000 0.68905749999999998945
202 139.000000 104.000000 1.18493230000000004942
203 184.000000 136.000000 4.93059769999999986112
204 115.000000 90.000000 0.90754780000000001561
205 201.000000 143.000000 0.52498279999999997170
206 131.000000 107.000000 0.83536980000000005120
207 145.000000 120.000000 0.71985299999999996512
208 146.000000 106.000000 0.50260700000000002596
209 107.000000 90.000000 1.01205039999999990563
210 116.000000 97.000000 1.01904560000000010689
211 123.000000 98.000000 0.56490499999999999048
212 106.000000 94.000000 0.83810099999999998488
213 160.000000 124.000000 0.59373509999999996012
214 215.000000 154.000000 0.62206039999999995782
215 245.000000 178.000000 0.63794470000000003118
216 163.000000 128.000000 0.67263810000000001654
217 142.000000 108.000000 0.66254310000000005143
218 177.000000 137.000000 2.01849709999999982202
219 121.000000 94.000000 0.49739519999999998179
220 181.000000 131.000000 0.28741410000000000569
221 170.000000 134.000000 0.57854939999999999145
222 105.000000 81.000000 0.80081670000000004794
223 113.000000 91.000000 0.69298760000000003689
224 119.000000 88.000000 0.60447240000000002080
225 115.000000 91.000000 0.65339570000000002370
226 190.000000 143.000000 0.80926549999999997098
227 112.000000 91.000000 0.70313270000000005489
228 158.000000 123.000000 0.70402549999999997077
229 166.000000 128.000000 0.36056490000000002150
230 158.000000 125.000000 0.37667390000000000594
231 162.000000 127.000000 0.48095870000000001676
232 163.000000 117.000000 0.72342070000000002761
233 153.000000 111.000000 1.40323099999999989507
234 173.000000 132.000000 0.45649909999999999100
235 125.000000 98.000000 0.98379260000000001707
236 78.000000 73.000000 0.62777879999999997018
237 167.000000 141.000000 0.45110030000000000960
238 140.000000 108.000000 0.54885010000000000741
239 196.000000 139.000000 0.53521730000000000693
240 149.000000 123.000000 0.56669119999999995052
241 146.000000 116.000000 0.51289099999999998580
242 155.000000 119.000000 0.77380179999999998408
243 159.000000 115.000000 0.48905520000000002323
244 132.000000 107.000000 0.50617760000000000531
245 172.000000 130.000000 1.36185200000000006249
246 124.000000 92.000000 0.69069849999999999302
247 159.000000 124.000000 0.31140089999999998049
248 135.000000 108.000000 0.55076519999999995481
249 152.000000 115.000000 1.05129080000000008077
250 105.000000 80.000000 1.01799039999999996198
251 155.000000 115.000000 1.21684070000000010836
252 97.000000 77.000000 0.77245940000000001824
253 198.000000 136.000000 1.25430170000000007491
254 157.000000 123.000000 0.41772599999999998621
255 132.000000 101.000000 1.83111150000000000304
256 117.000000 86.000000 1.18955199999999994276
257 135.000000 102.000000 0.74141769999999995733
258 109.000000 90.000000 0.79424870000000002968
259 158.000000 122.000000 0.60114310000000004131
260 135.000000 115.000000 0.62118309999999998805
261 117.000000 93.000000 0.59181550000000004985
262 136.000000 113.000000 0.62954200000000004600
263 161.000000 133.000000 0.54229970000000005115
264 106.000000 90.000000 0.51541570000000003215
265 132.000000 99.000000 0.36917929999999998802
266 170.000000 135.000000 0.54450439999999999952
267 155.000000 118.000000 0.68365460000000000118
268 193.000000 149.000000 0.37903270000000000017
269 205.000000 156.000000 0.53833600000000003671
270 89.000000 75.000000 0.96178220000000003154
271 151.000000 111.000000 0.63662960000000001770
272 218.000000 159.000000 0.41781879999999999020
273 137.000000 110.000000 0.87820030000000004478
274 161.000000 130.000000 0.44059559999999997615
275 162.000000 134.000000 0.71365920000000004908
276 154.000000 122.000000 0.46274300000000001543
277 90.000000 72.000000 0.64504479999999997375
278 177.000000 132.000000 0.69475609999999998756
279 163.000000 128.000000 0.47216010000000002700
280 134.000000 104.000000 0.94211759999999999948
281 204.000000 154.000000 0.48312769999999999326
282 132.000000 105.000000 3.43347449999999998482
283 168.000000 128.000000 0.58916519999999994450
284 137.000000 110.000000 0.55222130000000002603
285 145.000000 113.000000 0.62147039999999997839
286 139.000000 114.000000 0.67493619999999998615
287 120.000000 93.000000 0.73577639999999999709
288 156.000000 126.000000 0.40073930000000002050
289 151.000000 125.000000 0.73673520000000003449
290 205.000000 153.000000 0.15585740000000000705
291 124.000000 101.000000 0.63354849999999995891
292 132.000000 102.000000 0.64338419999999996168
293 193.000000 150.000000 0.56573910000000005027
294 98.000000 83.000000 0.75040309999999998958
295 95.000000 74.000000 0.50355530000000003898
296 200.000000 148.000000 1.08661249999999998117
297 100.000000 93.000000 0.84618139999999997247
298 116.000000 92.000000 0.72050619999999998555
299 159.000000 122.000000 0.39970410000000000661
300 129.000000 103.000000 0.67080419999999996161
301 181.000000 141.000000 0.48626570000000002292
302 178.000000 147.000000 0.63939520000000005240
303 119.000000 100.000000 0.78654100000000004567
304 198.000000 150.000000 0.90729680000000001439
305 134.000000 103.000000 0.66517999999999999350
306 135.000000 104.000000 0.42205939999999997347
307 164.000000 123.000000 0.67743330000000001601
308 90.000000 81.000000 0.69802699999999995306
309 180.000000 143.000000 0.34696620000000000239
310 98.000000 83.000000 0.98590789999999994819
311 176.000000 125.000000 0.58635090000000000821
312 166.000000 129.000000 1.02804980000000001361
313 144.000000 118.000000 0.57127099999999997326
314 102.000000 82.000000 0.61899930000000003005
315 136.000000 107.000000 0.52791480000000001738
316 134.000000 105.000000 0.42257410000000000805
317 145.000000 112.000000 0.63299340000000003936
318 281.000000 203.000000 0.29745729999999998006
319 121.000000 96.000000 0.52236309999999996911
320 125.000000 96.000000 0.66678260000000000307
321 172.000000 134.000000 0.39555689999999998907
322 177.000000 136.000000 0.36168770000000000087
323 183.000000 147.000000 0.14015679999999999805
324 139.000000 112.000000 0.48607230000000001269
325 204.000000 165.000000 0.30339699999999997226
326 142.000000 111.000000 0.51008909999999996199
327 149.000000 105.000000 0.73947879999999999168
328 131.000000 101.000000 0.43475029999999997843
329 153.000000 116.000000 0.41387720000000000065
330 137.000000 105.000000 0.37230150000000000743
331 131.000000 100.000000 0.36786449999999998317
332 155.000000 130.000000 0.67045989999999999753
333 101.000000 82.000000 0.62862969999999995796
334 119.000000 95.000000 1.01442499999999991012
335 179.000000 137.000000 0.56067820000000001546
336 143.000000 113.000000 0.64819629999999994752
337 144.000000 110.000000 0.38608110000000001039
338 111.000000 87.000000 0.76446939999999996562
339 214.000000 155.000000 0.35650670000000000970
340 127.000000 105.000000 0.52046259999999999746
341 97.000000 80.000000 0.74302049999999997265
342 223.000000 157.000000 0.49452040000000002662
343 193.000000 146.000000 0.33442549999999998667
344 156.000000 121.000000 0.39090429999999998234
345 131.000000 109.000000 0.49240080000000002736
346 132.000000 101.000000 0.47789860000000000673
347 158.000000 121.000000 0.58111520000000005393
348 159.000000 126.000000 0.34180579999999999297
349 158.000000 130.000000 0.35846810000000001173
350 186.000000 151.000000 0.35918290000000002715
351 224.000000 169.000000 0.41398990000000002176
352 88.000000 66.000000 0.95831789999999994478
353 183.000000 137.000000 1.16217539999999996958
354 179.000000 132.000000 0.50582459999999995759
355 187.000000 141.000000 0.43145379999999999843
356 155.000000 125.000000 0.61834949999999999637
357 118.000000 93.000000 1.58385360000000008363
358 151.000000 115.000000 0.62692570000000003017
359 169.000000 127.000000 0.30851030000000001507
360 156.000000 118.000000 0.40875220000000000997
361 121.000000 94.000000 0.59450709999999995503
362 173.000000 128.000000 0.60594559999999997313
363 139.000000 106.000000 0.64549100000000003696
364 162.000000 122.000000 0.61072280000000001010
365 152.000000 116.000000 0.49966739999999998378
366 105.000000 81.000000 0.54761879999999996116
367 144.000000 109.000000 1.08383619999999991634
368 126.000000 98.000000 0.78748209999999996267
369 159.000000 127.000000 3.57249449999999990624
370 130.000000 101.000000 1.29066879999999994943
371 101.000000 81.000000 1.63595139999999994451
372 176.000000 133.000000 0.70482889999999998043
373 151.000000 122.000000 0.69658010000000003537
374 129.000000 94.000000 0.69258529999999995930
375 173.000000 133.000000 0.45732420000000001403
376 162.000000 128.000000 0.66991840000000002497
377 95.000000 84.000000 0.58899999999999996803
378 95.000000 74.000000 0.97399820000000003617
379 128.000000 104.000000 1.46443509999999998961
380 147.000000 118.000000 1.00317619999999996239
381 191.000000 139.000000 0.49299049999999999816
382 215.000000 167.000000 2.66575460000000008520
383 143.000000 110.000000 0.61295279999999996434
384 174.000000 139.000000 0.51993359999999999577
385 168.000000 131.000000 0.45200669999999998350
386 106.000000 84.000000 1.05198489999999988953
387 137.000000 106.000000 0.50296339999999994941
388 91.000000 70.000000 1.26029719999999989533
389 137.000000 115.000000 0.71145740000000001757
390 120.000000 93.000000 0.54646499999999997854
391 183.000000 140.000000 0.25101770000000001026
392 214.000000 160.000000 0.43243949999999997669
393 187.000000 134.000000 0.88032069999999995602
394 95.000000 80.000000 1.00431019999999993075
395 113.000000 83.000000 1.65201519999999990596
396 155.000000 116.000000 0.48991590000000001526
397 138.000000 106.000000 4.18017359999999982278
398 94.000000 78.000000 0.74600929999999998632
399 175.000000 136.000000 0.51478170000000000872
400 158.000000 132.000000 1.05375320000000005649
401 118.000000 93.000000 0.56271380000000004173
402 177.000000 141.000000 0.55558140000000000303
403 108.000000 83.000000 3.62582229999999983150
404 161.000000 129.000000 0.60915850000000004716
405 154.000000 116.000000 0.99083089999999995889
406 124.000000 106.000000 0.26427119999999998390
407 147.000000 121.000000 0.78862770000000004256
408 183.000000 135.000000 0.29546509999999998053
409 182.000000 150.000000 0.32937499999999997335
410 160.000000 124.000000 0.14553620000000000445
411 218.000000 158.000000 0.16726309999999999789
412 181.000000 139.000000 0.27524619999999999642
413 197.000000 149.000000 0.33679049999999999265
414 240.000000 170.000000 0.31973360000000000669
415 195.000000 150.000000 0.30054069999999999396
416 184.000000 142.000000 0.30707400000000001361
417 111.000000 96.000000 0.50095579999999995113
418 164.000000 121.000000 0.63191830000000004386
419 101.000000 81.000000 0.64681789999999994567
420 198.000000 144.000000 0.20389709999999999779
