1 330.000000 261.000000 8.30387379999999986069
2 398.000000 319.000000 33.39212770000000318760
3 434.000000 331.000000 1.40954559999999995412
4 342.000000 257.000000 21.28451270000000050686
5 292.000000 230.000000 37.91115270000000236905
6 351.000000 276.000000 9.93956119999999998527
7 339.000000 257.000000 2.85789500000000007418
8 344.000000 261.000000 16.16469899999999881857
9 257.000000 217.000000 24.35393870000000049458
10 248.000000 204.000000 13.79059260000000008972
11 411.000000 317.000000 2.58628239999999998133
12 362.000000 300.000000 15.29276549999999978979
13 369.000000 291.000000 4.56315310000000007307
14 288.000000 239.000000 5.26166369999999972151
15 297.000000 234.000000 22.02499159999999989168
16 358.000000 271.000000 11.52282259999999958211
17 230.000000 198.000000 6.52179929999999963286
18 216.000000 171.000000 15.79014920000000010702
19 246.000000 200.000000 14.82614640000000072462
20 278.000000 210.000000 10.16403539999999949828
21 266.000000 209.000000 6.70270070000000028898
22 365.000000 268.000000 8.53988449999999943429
23 316.000000 244.000000 16.26402679999999989491
24 312.000000 240.000000 11.10832489999999950214
25 347.000000 277.000000 3.44701589999999979952
26 275.000000 236.000000 2.31457820000000014105
27 258.000000 206.000000 31.50401310000000165701
28 245.000000 203.000000 5.03827460000000026952
29 420.000000 296.000000 21.02750089999999971724
30 300.000000 238.000000 10.66730959999999939214
31 337.000000 254.000000 5.20567970000000013187
32 286.000000 219.000000 15.96050939999999940255
33 446.000000 328.000000 14.70376380000000082759
34 321.000000 258.000000 6.16909859999999987679
35 253.000000 207.000000 7.07571300000000036334
36 277.000000 243.000000 1.93308379999999990773
37 296.000000 244.000000 11.78813530000000042719
38 237.000000 188.000000 4.55988970000000026772
39 364.000000 276.000000 43.29560930000000240625
40 362.000000 289.000000 4.96901070000000011362
41 291.000000 228.000000 9.46322510000000072239
42 396.000000 298.000000 36.74251639999999952124
43 170.000000 152.000000 8.51495429999999942083
44 356.000000 270.000000 13.93463709999999977640
45 195.000000 155.000000 28.35510439999999832139
46 354.000000 280.000000 10.76545929999999984261
47 360.000000 289.000000 6.12091090000000015436
48 339.000000 278.000000 7.05390650000000007935
49 274.000000 219.000000 12.22194960000000030220
50 321.000000 257.000000 5.73599849999999999994
51 294.000000 228.000000 5.01648549999999993076
52 411.000000 315.000000 9.04515160000000051355
53 222.000000 185.000000 14.76434949999999979298
54 277.000000 239.000000 18.03404319999999927404
55 278.000000 223.000000 24.88781570000000087362
56 208.000000 169.000000 7.46553399999999989234
57 424.000000 322.000000 16.81856469999999958986
58 355.000000 271.000000 5.17575170000000017723
59 330.000000 266.000000 5.13447530000000007533
60 284.000000 227.000000 7.63281239999999971957
61 257.000000 205.000000 10.15762020000000021014
62 284.000000 240.000000 4.58727160000000022677
63 375.000000 274.000000 9.93175789999999913960
64 452.000000 343.000000 4.19623209999999957631
65 232.000000 205.000000 11.58757890000000045916
66 247.000000 191.000000 13.59195449999999993906
67 237.000000 194.000000 6.22837469999999981951
68 226.000000 187.000000 9.87116199999999999193
69 247.000000 213.000000 11.85124210000000033460
70 386.000000 308.000000 15.61517890000000008399
71 278.000000 215.000000 24.32249940000000165696
72 167.000000 144.000000 15.89648410000000033904
73 496.000000 363.000000 24.29259460000000103719
74 289.000000 231.000000 57.07940719999999856782
75 225.000000 197.000000 6.04246549999999960079
76 370.000000 288.000000 8.38804790000000011219
77 440.000000 336.000000 3.41435719999999998109
78 231.000000 174.000000 75.92347920000000272012
79 298.000000 240.000000 4.45400699999999982737
80 419.000000 312.000000 8.55915040000000004738
81 357.000000 263.000000 31.41593149999999923239
82 290.000000 238.000000 6.01164849999999972852
83 383.000000 292.000000 16.92453469999999882134
84 221.000000 175.000000 4.49993589999999965556
85 447.000000 343.000000 1.89971390000000006637
86 384.000000 295.000000 28.49418470000000169762
87 454.000000 331.000000 18.74162529999999904362
88 338.000000 248.000000 7.36760899999999985255
89 320.000000 260.000000 5.43558409999999980755
90 311.000000 234.000000 49.46211089999999899192
91 305.000000 226.000000 32.45373210000000341324
92 280.000000 219.000000 40.38404979999999966367
93 282.000000 219.000000 15.45335440000000026828
94 379.000000 293.000000 6.53940300000000007685
95 386.000000 290.000000 2.61147339999999994475
96 233.000000 195.000000 8.08677319999999966171
97 209.000000 181.000000 7.42906590000000033314
98 390.000000 280.000000 50.27056069999999721176
99 344.000000 282.000000 6.25545680000000015042
100 171.000000 131.000000 23.02088090000000164537
101 359.000000 273.000000 11.77067399999999963711
102 299.000000 223.000000 48.43886679999999955726
103 355.000000 264.000000 12.05237119999999961806
104 321.000000 256.000000 52.51256000000000057071
105 334.000000 268.000000 5.60237910000000027821
106 206.000000 177.000000 9.27809940000000032967
107 331.000000 253.000000 8.08944909999999950401
108 375.000000 289.000000 19.79478220000000021628
109 224.000000 173.000000 21.73794739999999947599
110 270.000000 211.000000 6.57335340000000023508
111 193.000000 147.000000 45.55900520000000142318
112 293.000000 235.000000 6.18475160000000023786
113 326.000000 260.000000 20.19110560000000020864
114 248.000000 208.000000 7.37994869999999991705
115 380.000000 300.000000 6.56960280000000018674
116 250.000000 178.000000 61.21580999999999761485
117 339.000000 254.000000 2.77874540000000003204
118 329.000000 252.000000 17.09427679999999938332
119 336.000000 266.000000 4.84177449999999964803
120 265.000000 213.000000 48.24708859999999788215
121 403.000000 290.000000 17.14617390000000085593
122 325.000000 253.000000 23.88427959999999927732
123 342.000000 261.000000 14.15227050000000019736
124 366.000000 294.000000 4.19462169999999989756
125 276.000000 206.000000 44.52056460000000015498
126 439.000000 343.000000 2.73038710000000017786
127 324.000000 246.000000 12.13012250000000058492
128 292.000000 230.000000 3.96165240000000018483
129 337.000000 277.000000 4.54219659999999958444
130 282.000000 243.000000 9.38497800000000026444
131 203.000000 160.000000 9.50828590000000062332
132 345.000000 258.000000 8.66431919999999955451
133 267.000000 225.000000 3.57291839999999982780
134 264.000000 229.000000 14.45115949999999926945
135 332.000000 254.000000 10.30847660000000054481
136 389.000000 305.000000 16.21987909999999999400
137 298.000000 239.000000 11.66165319999999994138
138 220.000000 182.000000 6.28241850000000034981
139 384.000000 298.000000 4.24646620000000041273
140 319.000000 257.000000 23.19099399999999988609
141 350.000000 271.000000 28.61440839999999852239
142 328.000000 248.000000 19.59413350000000164641
143 345.000000 255.000000 29.63675320000000112941
144 316.000000 243.000000 6.31570069999999983423
145 185.000000 169.000000 5.65974109999999974718
146 370.000000 291.000000 3.97107939999999981495
147 273.000000 223.000000 3.34272249999999981895
148 398.000000 314.000000 15.43133749999999970726
149 213.000000 174.000000 8.92372620000000082996
150 346.000000 269.000000 10.71897399999999933584
151 297.000000 239.000000 32.06798460000000261516
152 354.000000 276.000000 49.11312809999999728916
153 386.000000 287.000000 10.11287180000000063274
154 305.000000 231.000000 47.85869490000000325836
155 315.000000 246.000000 7.94555710000000026128
156 304.000000 225.000000 11.80339790000000022019
157 189.000000 161.000000 9.20742869999999946629
158 356.000000 279.000000 10.23547570000000028756
159 372.000000 282.000000 36.66806729999999703296
160 359.000000 273.000000 11.69819150000000007594
161 217.000000 181.000000 24.17125640000000075247
162 282.000000 214.000000 9.15689300000000017121
163 211.000000 173.000000 14.77492879999999964014
164 255.000000 206.000000 18.80740069999999874995
165 380.000000 286.000000 20.69205960000000033006
166 364.000000 288.000000 12.92096560000000060597
167 464.000000 348.000000 2.39216050000000013398
168 320.000000 251.000000 4.78291009999999960911
169 342.000000 263.000000 2.56871489999999980114
170 321.000000 254.000000 6.20868610000000042959
171 335.000000 270.000000 2.35690340000000020382
172 378.000000 282.000000 52.82779850000000010368
173 473.000000 345.000000 11.49341839999999947963
174 278.000000 232.000000 5.02970700000000014995
175 402.000000 313.000000 17.47387420000000091136
176 304.000000 232.000000 6.84181080000000019226
177 279.000000 206.000000 32.45244579999999956499
178 323.000000 259.000000 14.84196400000000082287
179 294.000000 220.000000 30.23598080000000010159
180 447.000000 326.000000 6.64003289999999957161
181 318.000000 245.000000 3.69232599999999999696
182 420.000000 308.000000 39.07365120000000047185
183 235.000000 185.000000 12.59244439999999976010
184 349.000000 270.000000 8.60611150000000080240
185 267.000000 217.000000 12.29838319999999995957
186 354.000000 267.000000 10.62806579999999989639
187 214.000000 185.000000 9.00723020000000040852
188 298.000000 239.000000 5.36713769999999978921
189 323.000000 233.000000 15.56682780000000043685
190 294.000000 240.000000 8.31023120000000048435
191 383.000000 321.000000 3.51051549999999989993
192 257.000000 207.000000 19.24172749999999965098
193 356.000000 286.000000 4.24083599999999982799
194 316.000000 233.000000 39.11849079999999645452
195 394.000000 290.000000 15.39813829999999938991
196 280.000000 212.000000 10.94451330000000055520
197 349.000000 280.000000 10.85046969999999966205
198 295.000000 246.000000 10.30905699999999924898
199 311.000000 239.000000 21.08238360000000000127
200 298.000000 234.000000 15.83266809999999935599
201 409.000000 321.000000 1.71526460000000002815
202 316.000000 240.000000 21.88909749999999831971
203 288.000000 239.000000 11.56017010000000055925
204 285.000000 236.000000 4.02074849999999983652
205 330.000000 277.000000 7.22340810000000033142
206 238.000000 196.000000 15.14805390000000073769
207 261.000000 226.000000 8.06683849999999935676
208 404.000000 308.000000 5.49917940000000005085
209 287.000000 245.000000 5.61589700000000036084
210 366.000000 279.000000 7.86046210000000034057
211 420.000000 319.000000 1.29846689999999997944
212 340.000000 264.000000 3.88575679999999978875
213 318.000000 238.000000 2.09025779999999983261
214 338.000000 286.000000 6.79042250000000002785
215 255.000000 186.000000 45.39814830000000256405
216 347.000000 281.000000 4.09052590000000027004
217 298.000000 224.000000 7.44271119999999974937
218 367.000000 287.000000 18.06554059999999850561
219 262.000000 219.000000 6.91634320000000002437
220 259.000000 216.000000 8.71485230000000044015
221 240.000000 186.000000 24.70380690000000001305
222 303.000000 243.000000 12.97402280000000018845
223 317.000000 239.000000 4.49005100000000023641
224 277.000000 210.000000 28.07199449999999885108
225 361.000000 291.000000 3.49357939999999977942
226 356.000000 277.000000 21.71013819999999938659
227 364.000000 283.000000 5.05116959999999970421
228 473.000000 350.000000 0.50251270000000003435
229 282.000000 225.000000 14.07997029999999938354
230 265.000000 219.000000 3.81904200000000004778
231 313.000000 267.000000 7.43546309999999976981
232 344.000000 270.000000 25.28453999999999979309
233 348.000000 277.000000 8.05683849999999956992
234 312.000000 248.000000 4.21288480000000031822
235 430.000000 316.000000 14.38378920000000071866
236 256.000000 211.000000 13.52273740000000046280
237 274.000000 227.000000 7.41396799999999966957
238 267.000000 218.000000 5.06712360000000039406
239 371.000000 293.000000 3.11951430000000007325
240 414.000000 302.000000 4.25575960000000019789
241 348.000000 263.000000 21.91033150000000162549
242 234.000000 193.000000 9.36249250000000010630
243 255.000000 195.000000 6.67313889999999965141
244 371.000000 283.000000 4.36477670000000017581
245 294.000000 242.000000 5.15302690000000040982
246 293.000000 235.000000 2.75761939999999983186
247 408.000000 316.000000 5.17151530000000025922
248 241.000000 203.000000 5.38641270000000016438
249 444.000000 320.000000 3.44460699999999997445
250 266.000000 221.000000 5.36022439999999988913
251 188.000000 151.000000 14.23110089999999949839
252 329.000000 248.000000 4.63173329999999960904
253 413.000000 317.000000 1.65945790000000004127
254 195.000000 157.000000 5.40168089999999967432
255 251.000000 205.000000 29.59328849999999988540
256 330.000000 260.000000 4.04230700000000009453
257 379.000000 303.000000 6.22716750000000018872
258 280.000000 241.000000 10.18917609999999918102
259 283.000000 230.000000 11.23215949999999985209
260 329.000000 265.000000 3.27359780000000011313
261 336.000000 270.000000 13.50689470000000014238
262 337.000000 272.000000 14.21326769999999939387
263 319.000000 245.000000 4.68573570000000039215
264 321.000000 250.000000 11.64963979999999921233
265 342.000000 286.000000 3.12453339999999979426
266 357.000000 281.000000 21.65715080000000014593
267 289.000000 222.000000 15.01573400000000013677
268 210.000000 159.000000 17.13695219999999963534
269 289.000000 223.000000 6.13661749999999983629
270 276.000000 230.000000 7.09142809999999990112
271 242.000000 193.000000 5.42684980000000027900
272 231.000000 180.000000 7.31607330000000022352
273 343.000000 264.000000 7.32883040000000018921
274 346.000000 284.000000 1.63525309999999990396
275 285.000000 227.000000 3.51399280000000002744
276 320.000000 252.000000 8.25542229999999932488
277 253.000000 190.000000 18.12441589999999891347
278 239.000000 181.000000 19.00370440000000016312
279 227.000000 194.000000 3.78104819999999985924
280 325.000000 256.000000 12.73794230000000027303
281 248.000000 200.000000 1.68868630000000008451
282 344.000000 267.000000 4.98885909999999999087
283 313.000000 262.000000 1.55795419999999995575
284 309.000000 254.000000 6.18083009999999966055
285 360.000000 278.000000 9.43478570000000082985
286 263.000000 230.000000 8.53464869999999997674
287 340.000000 264.000000 17.37655200000000021987
288 221.000000 181.000000 3.96926660000000008921
289 344.000000 279.000000 2.79086269999999991853
290 287.000000 222.000000 3.20396020000000003591
291 394.000000 282.000000 10.02459750000000049397
292 274.000000 225.000000 9.13614940000000075315
293 206.000000 165.000000 4.08907220000000037885
294 318.000000 242.000000 6.55807409999999979533
295 311.000000 226.000000 45.86768649999999780675
296 295.000000 237.000000 20.02133260000000092305
297 214.000000 175.000000 5.55878159999999965635
298 297.000000 235.000000 39.18308350000000217506
299 276.000000 211.000000 5.74076100000000000279
300 381.000000 303.000000 14.30685150000000049886
301 299.000000 227.000000 24.30270840000000021064
302 246.000000 208.000000 3.08493899999999987571
303 329.000000 263.000000 3.34768620000000005632
304 387.000000 300.000000 0.83222680000000004430
305 329.000000 251.000000 15.65442720000000065284
306 340.000000 269.000000 9.34296789999999965914
307 307.000000 248.000000 3.10889710000000007994
308 247.000000 205.000000 3.04360760000000007963
309 354.000000 281.000000 7.20941119999999990853
310 460.000000 333.000000 14.84655829999999987479
311 426.000000 319.000000 2.17991439999999991883
312 259.000000 221.000000 5.76153600000000043480
313 229.000000 176.000000 12.17490010000000033585
314 270.000000 210.000000 12.54236240000000002226
315 344.000000 263.000000 9.62377949999999948716
316 307.000000 237.000000 5.43617439999999962907
317 227.000000 187.000000 11.29686670000000070502
318 321.000000 246.000000 21.81365140000000124587
319 332.000000 266.000000 4.58555880000000026797
320 395.000000 304.000000 3.43282620000000004978
321 337.000000 269.000000 4.62574810000000002930
322 293.000000 231.000000 11.41089679999999972893
323 249.000000 202.000000 6.48428000000000004377
324 381.000000 288.000000 18.25707009999999996808
325 407.000000 322.000000 3.73404619999999987101
326 275.000000 219.000000 4.37101909999999982404
327 213.000000 167.000000 9.06704859999999968068
328 217.000000 164.000000 19.91554569999999912966
329 365.000000 284.000000 6.07395789999999990982
330 358.000000 277.000000 28.68880120000000033542
331 354.000000 279.000000 3.71874400000000004951
332 463.000000 350.000000 34.78257500000000135287
333 254.000000 210.000000 2.92875320000000005649
334 261.000000 207.000000 7.39921740000000038862
335 326.000000 267.000000 8.45307339999999918234
336 323.000000 251.000000 14.97988679999999916959
337 374.000000 283.000000 3.80228760000000010066
338 264.000000 215.000000 3.06825800000000015189
339 389.000000 297.000000 6.54204879999999988627
340 272.000000 218.000000 16.01273049999999997794
341 329.000000 258.000000 6.06027809999999966806
342 207.000000 163.000000 17.37806750000000022283
343 352.000000 264.000000 15.51539069999999931326
344 299.000000 249.000000 15.21866840000000031807
345 364.000000 272.000000 13.81290480000000009397
346 309.000000 256.000000 9.15152840000000011855
347 274.000000 231.000000 14.02371800000000057196
348 330.000000 274.000000 3.03153529999999982181
349 302.000000 263.000000 3.50197590000000014143
350 341.000000 263.000000 5.17329300000000014137
351 281.000000 230.000000 13.04482259999999982369
352 238.000000 200.000000 15.85986890000000038015
353 257.000000 214.000000 7.73174239999999990403
354 228.000000 186.000000 25.25509759999999914726
355 259.000000 208.000000 3.93237710000000006971
356 268.000000 230.000000 3.23110119999999989560
357 360.000000 278.000000 4.74451100000000014489
358 259.000000 214.000000 16.90600540000000151508
359 254.000000 193.000000 3.69642690000000007089
360 379.000000 284.000000 25.52386750000000148475
361 291.000000 245.000000 20.42803350000000150999
362 260.000000 207.000000 7.92709099999999988739
363 338.000000 262.000000 12.59185130000000008010
364 189.000000 155.000000 7.41722380000000036659
365 323.000000 244.000000 2.76544340000000010704
366 271.000000 210.000000 10.43309159999999913282
367 198.000000 166.000000 6.80236600000000013466
368 379.000000 305.000000 4.10469310000000042749
369 333.000000 273.000000 3.76084860000000009705
370 316.000000 250.000000 8.64294049999999991485
371 194.000000 161.000000 13.62593309999999924287
372 405.000000 293.000000 3.24438389999999987623
373 356.000000 281.000000 73.61398649999999577176
374 213.000000 182.000000 6.05825380000000013325
375 264.000000 219.000000 15.98946040000000046177
376 258.000000 214.000000 3.27285039999999982641
377 254.000000 211.000000 17.68886669999999838865
378 323.000000 262.000000 11.05662590000000022883
379 400.000000 298.000000 2.24747019999999997353
380 354.000000 257.000000 38.28206749999999658485
381 343.000000 271.000000 5.35705030000000004264
382 235.000000 187.000000 16.45846630000000132554
383 181.000000 159.000000 8.64104000000000027626
384 212.000000 180.000000 4.79953800000000008197
385 334.000000 260.000000 18.82036159999999824777
386 336.000000 272.000000 17.42899249999999966576
387 262.000000 211.000000 5.22179669999999962471
388 350.000000 275.000000 31.14431510000000002947
389 241.000000 195.000000 8.21158239999999928216
390 248.000000 186.000000 7.84418330000000008084
391 316.000000 246.000000 16.22337759999999917682
392 362.000000 274.000000 4.82591359999999980346
393 366.000000 268.000000 12.88342530000000074608
394 313.000000 257.000000 4.76131119999999974368
395 402.000000 307.000000 24.29774129999999843221
396 420.000000 319.000000 3.15601440000000010855
397 330.000000 259.000000 12.99221960000000031243
398 334.000000 271.000000 13.03484199999999937347
399 153.000000 124.000000 4.69048529999999974649
400 357.000000 281.000000 4.45838890000000009906
401 393.000000 319.000000 3.26559830000000017591
402 384.000000 294.000000 2.68199990000000010326
403 328.000000 263.000000 7.84871300000000005070
404 300.000000 241.000000 2.95373429999999981277
405 228.000000 167.000000 22.52192240000000111877
406 360.000000 267.000000 4.13495420000000013516
407 234.000000 193.000000 6.40259079999999958233
408 253.000000 203.000000 7.47709220000000041040
409 306.000000 253.000000 10.94250120000000059406
410 450.000000 338.000000 2.09008869999999991052
411 212.000000 195.000000 4.65261820000000003716
412 325.000000 264.000000 3.06955530000000020863
413 328.000000 260.000000 3.84686109999999992226
414 319.000000 260.000000 17.32233270000000047162
415 383.000000 305.000000 16.21620019999999939841
416 500.000000 363.000000 2.17618229999999979185
417 238.000000 195.000000 6.79080230000000018009
418 330.000000 259.000000 2.78741580000000022110
419 406.000000 310.000000 2.47885579999999983158
420 320.000000 249.000000 9.72378589999999931592
