1 17.000000 15.000000 0.25182480000000001530
2 23.000000 19.000000 0.12868630000000000346
3 23.000000 17.000000 0.05335840000000000027
4 23.000000 18.000000 0.04671800000000000258
5 19.000000 18.000000 0.07523050000000000570
6 23.000000 20.000000 0.04429049999999999654
7 14.000000 13.000000 0.03160929999999999990
8 22.000000 20.000000 0.03441140000000000171
9 21.000000 18.000000 0.04493250000000000022
10 28.000000 18.000000 0.04240080000000000238
11 17.000000 15.000000 0.04932219999999999660
12 11.000000 11.000000 0.05345319999999999933
13 27.000000 22.000000 0.03538199999999999679
14 19.000000 17.000000 0.03657599999999999740
15 16.000000 14.000000 0.05051329999999999709
16 23.000000 18.000000 0.02963129999999999931
17 18.000000 18.000000 0.03417860000000000342
18 22.000000 21.000000 0.03425639999999999935
19 16.000000 15.000000 0.02763370000000000062
20 22.000000 18.000000 0.03005849999999999841
21 20.000000 17.000000 0.06239870000000000139
22 17.000000 16.000000 0.03391050000000000314
23 23.000000 19.000000 0.05535709999999999936
24 29.000000 23.000000 0.03143930000000000335
25 24.000000 18.000000 0.03142849999999999810
26 23.000000 18.000000 0.03565410000000000107
27 28.000000 22.000000 0.02855419999999999833
28 17.000000 16.000000 0.05094690000000000329
29 16.000000 14.000000 0.02925130000000000091
30 17.000000 15.000000 0.03097779999999999978
31 14.000000 12.000000 0.02970489999999999936
32 20.000000 17.000000 0.02955320000000000169
33 18.000000 16.000000 0.03032409999999999967
34 15.000000 14.000000 0.03558599999999999958
35 23.000000 18.000000 0.03173510000000000220
36 18.000000 16.000000 0.04879220000000000085
37 16.000000 15.000000 0.06935180000000000511
38 20.000000 18.000000 0.06987960000000000005
39 20.000000 16.000000 0.09023359999999999714
40 22.000000 20.000000 0.11041090000000000626
41 20.000000 17.000000 0.13307060000000001110
42 29.000000 21.000000 0.11182449999999999335
43 25.000000 19.000000 0.05431190000000000323
44 26.000000 20.000000 0.03661720000000000252
45 23.000000 19.000000 0.05489209999999999923
46 24.000000 19.000000 0.04683629999999999738
47 20.000000 17.000000 0.04461319999999999869
48 16.000000 16.000000 0.03028300000000000089
49 18.000000 15.000000 0.03486029999999999685
50 26.000000 21.000000 0.05450710000000000277
51 16.000000 15.000000 0.04105059999999999959
52 18.000000 17.000000 0.04498280000000000334
53 21.000000 19.000000 0.03261460000000000053
54 19.000000 18.000000 0.02562669999999999879
55 22.000000 19.000000 0.02722120000000000095
56 16.000000 15.000000 0.05234029999999999933
57 22.000000 20.000000 0.02540469999999999881
58 19.000000 16.000000 0.03082549999999999873
59 20.000000 18.000000 0.03622469999999999857
60 24.000000 18.000000 0.04276409999999999934
61 14.000000 13.000000 0.05149419999999999692
62 16.000000 15.000000 0.07626969999999999583
63 16.000000 15.000000 0.05817730000000000123
64 18.000000 17.000000 0.02523119999999999877
65 21.000000 16.000000 0.07284029999999999672
66 21.000000 18.000000 0.04430710000000000204
67 18.000000 14.000000 0.03857259999999999855
68 24.000000 18.000000 0.02831080000000000055
69 19.000000 18.000000 0.02674139999999999850
70 22.000000 20.000000 0.04006149999999999989
71 13.000000 13.000000 0.07027590000000000225
72 20.000000 17.000000 0.06223569999999999797
73 32.000000 24.000000 0.03092620000000000091
74 23.000000 18.000000 0.05927949999999999886
75 18.000000 17.000000 0.05116649999999999671
76 22.000000 21.000000 0.05612770000000000259
77 23.000000 17.000000 0.05055269999999999903
78 17.000000 15.000000 0.05075350000000000000
79 19.000000 18.000000 0.05129079999999999750
80 22.000000 20.000000 0.04801489999999999925
81 13.000000 13.000000 0.02744510000000000005
82 25.000000 21.000000 0.05173029999999999989
83 25.000000 20.000000 0.04584350000000000230
84 23.000000 20.000000 0.04642079999999999818
85 19.000000 16.000000 0.05386749999999999872
86 16.000000 14.000000 0.05431330000000000185
87 16.000000 15.000000 0.03120030000000000026
88 21.000000 18.000000 0.05914389999999999925
89 19.000000 16.000000 0.04851199999999999957
90 23.000000 19.000000 0.02774199999999999930
91 21.000000 18.000000 0.04410150000000000181
92 30.000000 23.000000 0.04581049999999999706
93 27.000000 21.000000 0.03295510000000000106
94 18.000000 15.000000 0.02561909999999999882
95 15.000000 14.000000 0.04887219999999999759
96 28.000000 21.000000 0.05144680000000000086
97 20.000000 18.000000 0.05245060000000000000
98 22.000000 18.000000 0.02689170000000000102
99 16.000000 13.000000 0.04446039999999999714
100 23.000000 18.000000 0.03692129999999999718
101 19.000000 17.000000 0.04444830000000000308
102 18.000000 16.000000 0.05037250000000000061
103 15.000000 14.000000 0.04526619999999999949
104 21.000000 19.000000 0.03991089999999999915
105 27.000000 20.000000 0.03585800000000000098
106 22.000000 17.000000 0.07588090000000000113
107 13.000000 13.000000 0.02996379999999999877
108 19.000000 16.000000 0.02668600000000000139
109 26.000000 18.000000 0.02584409999999999832
110 19.000000 17.000000 0.04228599999999999720
111 31.000000 21.000000 0.03951469999999999982
112 23.000000 16.000000 0.05684199999999999670
113 20.000000 17.000000 0.04226359999999999839
114 24.000000 21.000000 0.02750760000000000011
115 21.000000 17.000000 0.03697219999999999673
116 19.000000 18.000000 0.04593900000000000067
117 26.000000 20.000000 0.03688740000000000074
118 21.000000 17.000000 0.04522310000000000219
119 18.000000 15.000000 0.02889519999999999936
120 17.000000 15.000000 0.03381050000000000028
121 20.000000 18.000000 0.04339660000000000045
122 18.000000 16.000000 0.02709299999999999903
123 24.000000 22.000000 0.03145680000000000004
124 22.000000 15.000000 0.02588549999999999879
125 16.000000 14.000000 0.02585859999999999895
126 18.000000 15.000000 0.03830970000000000208
127 13.000000 13.000000 0.03483270000000000116
128 17.000000 14.000000 0.03854149999999999937
129 14.000000 13.000000 0.03680320000000000119
130 27.000000 21.000000 0.02939780000000000171
131 31.000000 20.000000 0.02808530000000000054
132 20.000000 17.000000 0.03631859999999999949
133 21.000000 19.000000 0.02853860000000000077
134 14.000000 13.000000 0.04074099999999999944
135 21.000000 17.000000 0.06136520000000000169
136 18.000000 15.000000 0.03575409999999999699
137 26.000000 20.000000 0.02589539999999999897
138 23.000000 18.000000 0.02672149999999999873
139 23.000000 19.000000 0.02485009999999999997
140 13.000000 13.000000 0.03383350000000000246
141 27.000000 21.000000 0.03911110000000000281
142 18.000000 16.000000 0.03416960000000000136
143 24.000000 20.000000 0.03636120000000000324
144 23.000000 19.000000 0.03342640000000000194
145 26.000000 18.000000 0.03236340000000000050
146 21.000000 19.000000 0.02831610000000000030
147 25.000000 20.000000 0.03940269999999999884
148 23.000000 18.000000 0.02520860000000000115
149 15.000000 14.000000 0.04655639999999999779
150 18.000000 17.000000 0.03644880000000000342
151 22.000000 18.000000 0.03263769999999999866
152 17.000000 16.000000 0.02820249999999999840
153 21.000000 18.000000 0.04402980000000000088
154 21.000000 19.000000 0.02473550000000000054
155 21.000000 19.000000 0.02399480000000000016
156 21.000000 18.000000 0.03424200000000000160
157 17.000000 17.000000 0.03247529999999999861
158 22.000000 21.000000 0.04846999999999999920
159 22.000000 18.000000 0.03816449999999999704
160 21.000000 18.000000 0.03030829999999999982
161 21.000000 19.000000 0.03017090000000000050
162 21.000000 18.000000 0.05215399999999999897
163 24.000000 21.000000 0.03615079999999999683
164 20.000000 18.000000 0.03698060000000000236
165 26.000000 21.000000 0.03344910000000000244
166 13.000000 12.000000 0.03404150000000000231
167 14.000000 14.000000 0.04123040000000000038
168 22.000000 18.000000 0.03008519999999999944
169 20.000000 17.000000 0.03027229999999999852
170 19.000000 16.000000 0.02747370000000000020
171 21.000000 17.000000 0.02507600000000000107
172 26.000000 20.000000 0.02454709999999999878
173 21.000000 17.000000 0.03101380000000000109
174 21.000000 18.000000 0.02773410000000000111
175 21.000000 18.000000 0.03041879999999999931
176 16.000000 15.000000 0.02624049999999999994
177 17.000000 16.000000 0.02799379999999999924
178 15.000000 14.000000 0.03301550000000000318
179 20.000000 18.000000 0.03102440000000000059
180 17.000000 16.000000 0.02904479999999999909
181 22.000000 19.000000 0.02538649999999999934
182 31.000000 24.000000 0.02543279999999999846
183 26.000000 21.000000 0.02511390000000000150
184 15.000000 14.000000 0.02786659999999999832
185 16.000000 15.000000 0.02285739999999999994
186 19.000000 16.000000 0.02766829999999999984
187 27.000000 21.000000 0.02492689999999999836
188 25.000000 20.000000 0.02950559999999999988
189 20.000000 16.000000 0.02554369999999999905
190 24.000000 19.000000 0.02724340000000000095
191 20.000000 16.000000 0.02958629999999999940
192 23.000000 18.000000 0.02907979999999999940
193 20.000000 17.000000 0.04700170000000000042
194 18.000000 16.000000 0.03704949999999999910
195 13.000000 12.000000 0.04292580000000000007
196 21.000000 19.000000 0.04175220000000000320
197 20.000000 16.000000 0.03463689999999999825
198 24.000000 20.000000 0.02919580000000000092
199 15.000000 14.000000 0.02417980000000000129
200 16.000000 15.000000 0.03200560000000000210
201 18.000000 14.000000 0.02465370000000000061
202 19.000000 17.000000 0.03033299999999999885
203 17.000000 15.000000 0.03118630000000000013
204 14.000000 13.000000 0.02445790000000000117
205 20.000000 16.000000 0.02531790000000000082
206 27.000000 19.000000 0.02572380000000000153
207 27.000000 21.000000 0.03284179999999999738
208 22.000000 20.000000 0.03200660000000000310
209 22.000000 20.000000 0.02715209999999999846
210 22.000000 18.000000 0.02647170000000000079
211 21.000000 18.000000 0.02543029999999999943
212 32.000000 22.000000 0.02776539999999999911
213 25.000000 18.000000 0.02351129999999999887
214 32.000000 22.000000 0.03466099999999999737
215 21.000000 18.000000 0.02806360000000000104
216 16.000000 15.000000 0.02620300000000000060
217 21.000000 16.000000 0.02319840000000000096
218 23.000000 18.000000 0.02807689999999999839
219 19.000000 17.000000 0.05572470000000000201
220 25.000000 19.000000 0.02945949999999999958
221 20.000000 16.000000 0.02265920000000000087
222 19.000000 16.000000 0.03145169999999999910
223 18.000000 14.000000 0.04018909999999999844
224 21.000000 18.000000 0.02804359999999999839
225 21.000000 18.000000 0.02709280000000000022
226 19.000000 15.000000 0.02443029999999999854
227 16.000000 16.000000 0.02376239999999999949
228 22.000000 19.000000 0.02889610000000000095
229 23.000000 19.000000 0.02887719999999999870
230 18.000000 17.000000 0.02317910000000000109
231 25.000000 19.000000 0.03050920000000000021
232 21.000000 18.000000 0.02824310000000000015
233 21.000000 18.000000 0.02512570000000000081
234 15.000000 12.000000 0.05004080000000000333
235 18.000000 16.000000 0.03160720000000000196
236 18.000000 16.000000 0.02862280000000000033
237 21.000000 17.000000 0.02434400000000000105
238 23.000000 18.000000 0.02445469999999999935
239 19.000000 17.000000 0.02838440000000000060
240 20.000000 17.000000 0.02533610000000000029
241 20.000000 16.000000 0.02429219999999999990
242 24.000000 20.000000 0.02791729999999999906
243 16.000000 15.000000 0.02716860000000000108
244 14.000000 14.000000 0.03332109999999999933
245 24.000000 20.000000 0.02880339999999999984
246 26.000000 19.000000 0.03120679999999999982
247 19.000000 17.000000 0.04619009999999999783
248 18.000000 16.000000 0.02339400000000000160
249 12.000000 12.000000 0.02854359999999999883
250 21.000000 17.000000 0.02767069999999999946
251 16.000000 14.000000 0.02395919999999999994
252 19.000000 16.000000 0.02557670000000000082
253 12.000000 12.000000 0.02853139999999999843
254 16.000000 14.000000 0.02468379999999999880
255 24.000000 18.000000 0.02612010000000000026
256 29.000000 21.000000 0.02442719999999999961
257 25.000000 21.000000 0.02895990000000000023
258 26.000000 21.000000 0.02495790000000000161
259 19.000000 16.000000 0.02444030000000000161
260 22.000000 18.000000 0.02347540000000000043
261 17.000000 17.000000 0.02821809999999999943
262 13.000000 13.000000 0.02776199999999999848
263 20.000000 17.000000 0.02466770000000000074
264 15.000000 13.000000 0.02350850000000000162
265 18.000000 15.000000 0.02682999999999999968
266 17.000000 14.000000 0.02437730000000000105
267 17.000000 15.000000 0.02793409999999999990
268 19.000000 17.000000 0.02763759999999999828
269 17.000000 15.000000 0.02668059999999999876
270 19.000000 16.000000 0.02625479999999999828
271 19.000000 15.000000 0.02547910000000000105
272 25.000000 19.000000 0.02533310000000000076
273 18.000000 14.000000 0.02815969999999999931
274 24.000000 21.000000 0.04032390000000000280
275 23.000000 18.000000 0.02827079999999999871
276 21.000000 19.000000 0.02885209999999999858
277 21.000000 19.000000 0.03014369999999999897
278 20.000000 17.000000 0.03473119999999999680
279 19.000000 15.000000 0.03548649999999999721
280 22.000000 19.000000 0.03154620000000000341
281 17.000000 16.000000 0.02557929999999999926
282 19.000000 17.000000 0.02816870000000000138
283 18.000000 14.000000 0.02658840000000000162
284 18.000000 16.000000 0.03172389999999999932
285 18.000000 17.000000 0.02949639999999999901
286 20.000000 18.000000 0.03139619999999999911
287 23.000000 19.000000 0.02372720000000000037
288 19.000000 19.000000 0.02814550000000000038
289 15.000000 15.000000 0.02960430000000000006
290 21.000000 16.000000 0.02725860000000000088
291 24.000000 18.000000 0.02334980000000000042
292 19.000000 15.000000 0.05309719999999999718
293 20.000000 17.000000 0.02510149999999999881
294 17.000000 16.000000 0.03022340000000000096
295 22.000000 17.000000 0.02524770000000000139
296 24.000000 19.000000 0.02723060000000000064
297 24.000000 19.000000 0.02788339999999999916
298 22.000000 16.000000 0.02377309999999999840
299 21.000000 17.000000 0.02657479999999999912
300 21.000000 18.000000 0.02821579999999999921
301 19.000000 16.000000 0.02732290000000000066
302 14.000000 13.000000 0.02250239999999999879
303 23.000000 17.000000 0.03684790000000000287
304 23.000000 20.000000 0.02558699999999999863
305 19.000000 18.000000 0.02747010000000000077
306 19.000000 15.000000 0.02494740000000000152
307 21.000000 17.000000 0.02313219999999999860
308 16.000000 14.000000 0.02951000000000000151
309 19.000000 16.000000 0.02405449999999999949
310 16.000000 15.000000 0.02785299999999999929
311 13.000000 12.000000 0.02627490000000000034
312 28.000000 22.000000 0.01785650000000000084
313 20.000000 18.000000 0.02164299999999999904
314 17.000000 16.000000 0.02343109999999999984
315 23.000000 20.000000 0.02507269999999999985
316 19.000000 16.000000 0.02248570000000000083
317 21.000000 18.000000 0.02656849999999999837
318 21.000000 20.000000 0.02619430000000000022
319 20.000000 18.000000 0.02658869999999999983
320 22.000000 19.000000 0.01979169999999999888
321 22.000000 20.000000 0.02264680000000000165
322 22.000000 20.000000 0.02951929999999999832
323 21.000000 20.000000 0.02684090000000000087
324 18.000000 17.000000 0.02239040000000000127
325 22.000000 20.000000 0.03160029999999999784
326 21.000000 18.000000 0.02564059999999999950
327 19.000000 16.000000 0.02289259999999999906
328 17.000000 16.000000 0.02812610000000000110
329 22.000000 18.000000 0.02647719999999999935
330 29.000000 22.000000 0.02198670000000000138
331 16.000000 14.000000 0.02337349999999999844
332 18.000000 17.000000 0.02476530000000000051
333 17.000000 16.000000 0.01778039999999999829
334 15.000000 15.000000 0.02300690000000000027
335 22.000000 18.000000 0.02588510000000000116
336 22.000000 18.000000 0.02623460000000000028
337 20.000000 19.000000 0.02462119999999999934
338 22.000000 20.000000 0.02289750000000000119
339 21.000000 18.000000 0.02020840000000000136
340 23.000000 19.000000 0.01709609999999999949
341 17.000000 16.000000 0.01918600000000000166
342 28.000000 23.000000 0.01912099999999999911
343 24.000000 18.000000 0.02224720000000000170
344 15.000000 14.000000 0.02257910000000000125
345 15.000000 14.000000 0.02282170000000000032
346 16.000000 14.000000 0.02267409999999999912
347 22.000000 19.000000 0.01878130000000000077
348 21.000000 16.000000 0.01464790000000000016
349 17.000000 14.000000 0.02102969999999999839
350 23.000000 18.000000 0.01974180000000000032
351 20.000000 18.000000 0.01688629999999999992
352 22.000000 17.000000 0.01934059999999999946
353 17.000000 15.000000 0.02450930000000000122
354 24.000000 20.000000 0.01579490000000000061
355 18.000000 17.000000 0.01378590000000000024
356 24.000000 19.000000 0.01685379999999999864
357 23.000000 20.000000 0.01724530000000000160
358 18.000000 16.000000 0.01914510000000000170
359 21.000000 18.000000 0.02040609999999999993
360 19.000000 16.000000 0.01889580000000000079
361 24.000000 22.000000 0.02003809999999999966
362 22.000000 16.000000 0.02187889999999999974
363 20.000000 18.000000 0.01294760000000000008
364 15.000000 14.000000 0.01362129999999999938
365 27.000000 22.000000 0.01411789999999999920
366 21.000000 17.000000 0.01426930000000000039
367 24.000000 18.000000 0.01758190000000000100
368 19.000000 15.000000 0.01570070000000000146
369 18.000000 14.000000 0.01485050000000000085
370 18.000000 15.000000 0.02023360000000000089
371 16.000000 16.000000 0.01936420000000000155
372 17.000000 16.000000 0.01896779999999999994
373 21.000000 18.000000 0.01767929999999999849
374 18.000000 16.000000 0.01822659999999999905
375 26.000000 19.000000 0.02013939999999999828
376 22.000000 18.000000 0.01953999999999999834
377 24.000000 18.000000 0.02085630000000000123
378 18.000000 16.000000 0.01534370000000000005
379 15.000000 15.000000 0.01853689999999999852
380 25.000000 19.000000 0.02067089999999999900
381 18.000000 16.000000 0.01985680000000000084
382 23.000000 17.000000 0.01715650000000000161
383 19.000000 17.000000 0.02105430000000000149
384 14.000000 13.000000 0.02169180000000000066
385 20.000000 17.000000 0.02559120000000000145
386 16.000000 14.000000 0.02195400000000000129
387 21.000000 19.000000 0.02715180000000000024
388 22.000000 16.000000 0.02503889999999999935
389 19.000000 16.000000 0.02742199999999999846
390 17.000000 16.000000 0.02381470000000000115
391 26.000000 19.000000 0.01949570000000000122
392 26.000000 20.000000 0.02031449999999999922
393 21.000000 20.000000 0.02047699999999999868
394 21.000000 17.000000 0.02068680000000000171
395 20.000000 16.000000 0.01501189999999999990
396 15.000000 15.000000 0.02014370000000000049
397 24.000000 20.000000 0.01828230000000000133
398 26.000000 19.000000 0.02221089999999999870
399 21.000000 19.000000 0.01831079999999999861
400 25.000000 21.000000 0.01829820000000000058
401 19.000000 18.000000 0.02619820000000000135
402 19.000000 16.000000 0.02044539999999999899
403 16.000000 15.000000 0.01886900000000000036
404 32.000000 23.000000 0.02162779999999999911
405 16.000000 15.000000 0.01972410000000000135
406 21.000000 19.000000 0.01323290000000000056
407 17.000000 16.000000 0.02007919999999999844
408 15.000000 14.000000 0.02172910000000000119
409 22.000000 19.000000 0.02098469999999999849
410 20.000000 17.000000 0.01841910000000000075
411 26.000000 19.000000 0.01849989999999999968
412 17.000000 15.000000 0.01701340000000000144
413 19.000000 16.000000 0.02063059999999999894
414 20.000000 17.000000 0.02164610000000000145
415 25.000000 19.000000 0.01944330000000000017
416 22.000000 20.000000 0.02141569999999999932
417 23.000000 17.000000 0.02022130000000000108
418 21.000000 17.000000 0.01290939999999999969
419 22.000000 17.000000 0.01183559999999999994
420 25.000000 21.000000 0.02257829999999999906
