1 39.000000 32.000000 0.23282220000000000693
2 57.000000 38.000000 0.10494489999999999374
3 31.000000 25.000000 0.10970140000000000446
4 38.000000 32.000000 0.12342640000000000555
5 35.000000 30.000000 0.13664799999999999169
6 26.000000 25.000000 0.08135860000000000314
7 35.000000 29.000000 0.07820109999999999562
8 57.000000 45.000000 0.09584099999999999564
9 29.000000 23.000000 0.11362319999999999365
10 29.000000 25.000000 0.10000480000000000480
11 29.000000 25.000000 0.12338789999999999480
12 38.000000 30.000000 0.09680709999999999316
13 52.000000 37.000000 0.10312480000000000258
14 42.000000 30.000000 0.10335400000000000142
15 42.000000 37.000000 0.11386580000000000312
16 30.000000 26.000000 0.08828010000000000024
17 44.000000 33.000000 0.07109179999999999666
18 38.000000 29.000000 0.09889340000000000630
19 33.000000 26.000000 0.06995379999999999654
20 48.000000 40.000000 0.11456040000000000667
21 47.000000 41.000000 0.06450490000000000390
22 36.000000 28.000000 0.08043279999999999874
23 44.000000 37.000000 0.06068670000000000314
24 42.000000 33.000000 0.09153890000000000637
25 36.000000 31.000000 0.06057280000000000303
26 40.000000 32.000000 0.13591649999999999565
27 45.000000 34.000000 0.07509269999999999834
28 33.000000 26.000000 0.08478860000000000563
29 18.000000 16.000000 0.12415110000000000035
30 33.000000 27.000000 0.13773299999999999432
31 44.000000 31.000000 0.07156550000000000411
32 42.000000 33.000000 0.12793350000000000555
33 28.000000 24.000000 0.08151350000000000262
34 47.000000 38.000000 0.07961450000000000471
35 44.000000 36.000000 0.14751739999999999298
36 31.000000 26.000000 0.12097140000000000670
37 46.000000 36.000000 0.13231989999999999030
38 42.000000 33.000000 0.11701749999999999652
39 43.000000 34.000000 0.07742279999999999995
40 37.000000 29.000000 0.08492149999999999699
41 29.000000 24.000000 0.13188900000000000623
42 39.000000 32.000000 0.07867910000000000181
43 27.000000 25.000000 0.07970240000000000657
44 53.000000 42.000000 0.11349489999999999579
45 48.000000 31.000000 0.09003099999999999992
46 54.000000 41.000000 0.07759180000000000244
47 47.000000 37.000000 0.08475000000000000588
48 46.000000 37.000000 0.10935380000000000100
49 27.000000 22.000000 0.08429949999999999943
50 42.000000 34.000000 0.07338669999999999916
51 42.000000 34.000000 0.11666079999999999506
52 38.000000 31.000000 0.17626230000000001064
53 41.000000 31.000000 0.06611690000000000622
54 43.000000 32.000000 0.06681800000000000239
55 34.000000 27.000000 0.08038850000000000162
56 38.000000 28.000000 0.08243849999999999789
57 35.000000 27.000000 0.07250510000000000288
58 38.000000 30.000000 0.11404690000000000660
59 57.000000 41.000000 0.08903579999999999828
60 33.000000 25.000000 0.08023370000000000501
61 43.000000 33.000000 0.11743370000000000197
62 35.000000 30.000000 0.10934950000000000225
63 39.000000 33.000000 0.05536710000000000242
64 48.000000 38.000000 0.07715959999999999486
65 50.000000 37.000000 0.12880040000000000933
66 36.000000 29.000000 0.06805809999999999638
67 37.000000 31.000000 0.07035149999999999737
68 34.000000 29.000000 0.06758970000000000256
69 31.000000 27.000000 0.08268530000000000324
70 39.000000 30.000000 0.10203089999999999382
71 43.000000 36.000000 0.08925299999999999900
72 27.000000 23.000000 0.06667270000000000141
73 37.000000 29.000000 0.06621019999999999683
74 27.000000 23.000000 0.09494569999999999399
75 30.000000 25.000000 0.08599149999999999849
76 34.000000 29.000000 0.07245769999999999988
77 44.000000 32.000000 0.09656199999999999506
78 19.000000 16.000000 0.07416029999999999844
79 30.000000 26.000000 0.10059970000000000023
80 47.000000 37.000000 0.11064709999999999823
81 29.000000 23.000000 0.07553640000000000354
82 38.000000 36.000000 0.06555149999999999866
83 41.000000 35.000000 0.08038660000000000250
84 38.000000 30.000000 0.08697240000000000526
85 56.000000 42.000000 0.07710720000000000074
86 42.000000 31.000000 0.12240429999999999366
87 44.000000 33.000000 0.08803790000000000227
88 28.000000 25.000000 0.07498499999999999610
89 43.000000 34.000000 0.07050420000000000298
90 55.000000 38.000000 0.09113809999999999967
91 37.000000 31.000000 0.10105500000000000593
92 44.000000 36.000000 0.10564679999999999904
93 38.000000 31.000000 0.07683470000000000577
94 49.000000 34.000000 0.06679599999999999427
95 50.000000 35.000000 0.07667559999999999654
96 47.000000 34.000000 0.10091899999999999482
97 39.000000 28.000000 0.06298869999999999469
98 43.000000 34.000000 0.06728099999999999359
99 31.000000 27.000000 0.07143810000000000437
100 42.000000 32.000000 0.10591299999999999326
101 38.000000 29.000000 0.10635239999999999971
102 36.000000 31.000000 0.07317669999999999730
103 34.000000 28.000000 0.09240800000000000403
104 34.000000 27.000000 0.11181330000000000435
105 35.000000 31.000000 0.07150199999999999612
106 47.000000 37.000000 0.09748919999999999808
107 42.000000 34.000000 0.08941970000000000474
108 32.000000 27.000000 0.08592229999999999313
109 25.000000 24.000000 0.07890850000000000641
110 44.000000 32.000000 0.05244549999999999906
111 37.000000 28.000000 0.07233720000000000427
112 28.000000 23.000000 0.07892019999999999591
113 38.000000 30.000000 0.10511819999999999498
114 40.000000 30.000000 0.07157850000000000323
115 39.000000 31.000000 0.11587240000000000040
116 44.000000 34.000000 0.10792820000000000191
117 29.000000 25.000000 0.11288639999999999786
118 44.000000 33.000000 0.07810190000000000188
119 37.000000 32.000000 0.05240460000000000257
120 47.000000 33.000000 0.08382620000000000349
121 38.000000 27.000000 0.08862620000000000220
122 37.000000 30.000000 0.08269440000000000124
123 30.000000 27.000000 0.07239550000000000152
124 23.000000 19.000000 0.07838130000000000097
125 39.000000 31.000000 0.05862910000000000343
126 28.000000 24.000000 0.06084620000000000306
127 45.000000 34.000000 0.09957839999999999747
128 48.000000 39.000000 0.09788470000000000504
129 33.000000 27.000000 0.07743800000000000683
130 22.000000 19.000000 0.10157180000000000375
131 34.000000 31.000000 0.07291590000000000571
132 48.000000 39.000000 0.10371550000000000213
133 42.000000 40.000000 0.06962609999999999633
134 33.000000 24.000000 0.06353000000000000314
135 48.000000 39.000000 0.06874239999999999517
136 37.000000 29.000000 0.10866950000000000220
137 41.000000 33.000000 0.07538469999999999893
138 38.000000 32.000000 0.08512319999999999609
139 65.000000 38.000000 0.06121329999999999827
140 40.000000 31.000000 0.07973819999999999519
141 30.000000 24.000000 0.08816859999999999975
142 42.000000 33.000000 0.06895590000000000053
143 32.000000 26.000000 0.07487099999999999311
144 34.000000 27.000000 0.07057220000000000160
145 38.000000 33.000000 0.09632720000000000171
146 40.000000 35.000000 0.11892550000000000343
147 48.000000 39.000000 0.10351100000000000578
148 34.000000 29.000000 0.11605029999999999513
149 42.000000 35.000000 0.09487750000000000350
150 44.000000 34.000000 0.08958069999999999922
151 35.000000 30.000000 0.05986609999999999848
152 27.000000 24.000000 0.11006259999999999655
153 30.000000 25.000000 0.06023450000000000332
154 46.000000 35.000000 0.07588060000000000638
155 35.000000 29.000000 0.07256529999999999925
156 33.000000 27.000000 0.08708299999999999375
157 34.000000 27.000000 0.05327930000000000166
158 47.000000 39.000000 0.08703950000000000575
159 19.000000 17.000000 0.08505740000000000522
160 39.000000 31.000000 0.08026279999999999526
161 40.000000 30.000000 0.08745540000000000258
162 35.000000 31.000000 0.06533260000000000456
163 60.000000 43.000000 0.08362780000000000213
164 43.000000 32.000000 0.06615580000000000072
165 41.000000 32.000000 0.07400329999999999409
166 40.000000 31.000000 0.08316930000000000156
167 46.000000 37.000000 0.08313879999999999881
168 33.000000 27.000000 0.08398419999999999497
169 33.000000 28.000000 0.07675410000000000565
170 42.000000 32.000000 0.05159790000000000210
171 37.000000 27.000000 0.05813839999999999980
172 35.000000 30.000000 0.08116829999999999878
173 38.000000 35.000000 0.08119049999999999878
174 56.000000 43.000000 0.07071529999999999483
175 34.000000 29.000000 0.08844820000000000459
176 37.000000 30.000000 0.06543079999999999730
177 51.000000 37.000000 0.06640600000000000669
178 50.000000 37.000000 0.08360049999999999426
179 43.000000 36.000000 0.05870349999999999874
180 29.000000 26.000000 0.08526870000000000283
181 42.000000 31.000000 0.07895230000000000303
182 25.000000 22.000000 0.05237429999999999863
183 36.000000 30.000000 0.09033639999999999726
184 55.000000 40.000000 0.05916479999999999656
185 38.000000 30.000000 0.08389570000000000360
186 33.000000 29.000000 0.07854730000000000045
187 37.000000 30.000000 0.07534949999999999981
188 52.000000 40.000000 0.09079360000000000208
189 33.000000 29.000000 0.06311569999999999681
190 34.000000 29.000000 0.05999329999999999941
191 42.000000 34.000000 0.05800980000000000025
192 34.000000 30.000000 0.08496090000000000586
193 25.000000 23.000000 0.06015079999999999733
194 52.000000 38.000000 0.07086670000000000469
195 57.000000 46.000000 0.06034660000000000024
196 29.000000 26.000000 0.07993010000000000392
197 49.000000 37.000000 0.05574149999999999938
198 25.000000 22.000000 0.05569609999999999839
199 49.000000 37.000000 0.06359259999999999913
200 44.000000 35.000000 0.09593309999999999338
201 31.000000 28.000000 0.06034780000000000005
202 34.000000 26.000000 0.08083329999999999682
203 40.000000 34.000000 0.05912459999999999938
204 28.000000 26.000000 0.05142379999999999868
205 40.000000 30.000000 0.05883940000000000003
206 34.000000 29.000000 0.07034990000000000687
207 24.000000 20.000000 0.06712980000000000336
208 22.000000 18.000000 0.04615740000000000121
209 40.000000 36.000000 0.04068630000000000163
210 32.000000 25.000000 0.05059559999999999752
211 41.000000 33.000000 0.07351789999999999714
212 38.000000 30.000000 0.05647780000000000161
213 47.000000 34.000000 0.05406919999999999782
214 36.000000 28.000000 0.05388369999999999965
215 43.000000 33.000000 0.05813999999999999724
216 34.000000 27.000000 0.04807229999999999837
217 39.000000 32.000000 0.05270350000000000035
218 34.000000 29.000000 0.05800430000000000169
219 35.000000 27.000000 0.04617029999999999745
220 39.000000 32.000000 0.05090719999999999967
221 33.000000 27.000000 0.04392460000000000114
222 41.000000 32.000000 0.06201290000000000274
223 35.000000 30.000000 0.07453289999999999915
224 39.000000 29.000000 0.06539580000000000393
225 44.000000 37.000000 0.07979970000000000119
226 50.000000 40.000000 0.07021929999999999839
227 56.000000 40.000000 0.04149760000000000254
228 58.000000 41.000000 0.05840619999999999840
229 42.000000 34.000000 0.06867249999999999743
230 44.000000 32.000000 0.05361590000000000106
231 44.000000 34.000000 0.09251410000000000189
232 29.000000 25.000000 0.05454849999999999977
233 33.000000 27.000000 0.05606930000000000247
234 24.000000 22.000000 0.05888689999999999897
235 44.000000 35.000000 0.05182350000000000151
236 31.000000 27.000000 0.05378489999999999660
237 47.000000 40.000000 0.05077949999999999825
238 48.000000 40.000000 0.05378949999999999704
239 35.000000 28.000000 0.05298490000000000144
240 34.000000 26.000000 0.04540120000000000267
241 41.000000 29.000000 0.04939550000000000191
242 40.000000 33.000000 0.06370960000000000512
243 38.000000 30.000000 0.05497629999999999878
244 36.000000 27.000000 0.04476000000000000117
245 56.000000 40.000000 0.03857470000000000343
246 32.000000 25.000000 0.05040170000000000067
247 59.000000 43.000000 0.04442549999999999971
248 32.000000 23.000000 0.03544420000000000209
249 27.000000 22.000000 0.05480469999999999786
250 30.000000 27.000000 0.03773359999999999909
251 30.000000 27.000000 0.04097649999999999904
252 37.000000 29.000000 0.04354299999999999837
253 53.000000 39.000000 0.04131590000000000262
254 46.000000 33.000000 0.03946910000000000002
255 20.000000 20.000000 0.04452230000000000076
256 35.000000 32.000000 0.03453280000000000238
257 38.000000 27.000000 0.04272080000000000322
258 34.000000 27.000000 0.04156950000000000228
259 23.000000 20.000000 0.04506570000000000020
260 36.000000 27.000000 0.04565120000000000289
261 34.000000 28.000000 0.04276730000000000115
262 29.000000 24.000000 0.04371339999999999948
263 29.000000 24.000000 0.04604250000000000009
264 25.000000 22.000000 0.04647219999999999823
265 51.000000 36.000000 0.04301069999999999893
266 31.000000 27.000000 0.04289939999999999726
267 24.000000 21.000000 0.04192900000000000099
268 42.000000 34.000000 0.04542750000000000260
269 35.000000 30.000000 0.04592729999999999729
270 35.000000 31.000000 0.04314180000000000098
271 46.000000 36.000000 0.04225720000000000171
272 37.000000 34.000000 0.04416049999999999837
273 51.000000 36.000000 0.05408580000000000332
274 45.000000 35.000000 0.04817849999999999910
275 29.000000 24.000000 0.05261550000000000255
276 47.000000 35.000000 0.06030669999999999781
277 40.000000 32.000000 0.05174940000000000095
278 47.000000 37.000000 0.05800360000000000238
279 18.000000 18.000000 0.04641540000000000249
280 24.000000 22.000000 0.04501259999999999983
281 34.000000 31.000000 0.05233940000000000120
282 43.000000 32.000000 0.05528029999999999750
283 44.000000 33.000000 0.03211800000000000072
284 50.000000 38.000000 0.04969389999999999918
285 56.000000 46.000000 0.04030960000000000099
286 40.000000 35.000000 0.04231549999999999895
287 47.000000 33.000000 0.03429549999999999960
288 54.000000 37.000000 0.03593749999999999722
289 34.000000 29.000000 0.04513079999999999870
290 35.000000 27.000000 0.03486759999999999859
291 47.000000 33.000000 0.03238570000000000337
292 21.000000 18.000000 0.03878759999999999847
293 37.000000 33.000000 0.02986429999999999987
294 40.000000 33.000000 0.04196849999999999886
295 33.000000 29.000000 0.03935090000000000116
296 37.000000 30.000000 0.04589769999999999961
297 48.000000 38.000000 0.05178499999999999770
298 38.000000 29.000000 0.03783609999999999751
299 43.000000 33.000000 0.03885319999999999746
300 40.000000 32.000000 0.04685689999999999994
301 36.000000 29.000000 0.03633600000000000024
302 29.000000 25.000000 0.03635120000000000018
303 50.000000 35.000000 0.04731010000000000076
304 45.000000 34.000000 0.03679160000000000069
305 31.000000 28.000000 0.03404660000000000325
306 33.000000 28.000000 0.03690979999999999955
307 40.000000 35.000000 0.02810800000000000104
308 60.000000 44.000000 0.03891270000000000145
309 41.000000 33.000000 0.03940520000000000134
310 30.000000 23.000000 0.03543430000000000191
311 51.000000 40.000000 0.04080500000000000099
312 43.000000 38.000000 0.03497270000000000240
313 21.000000 20.000000 0.04446499999999999758
314 38.000000 29.000000 0.03675289999999999807
315 23.000000 23.000000 0.04436380000000000184
316 46.000000 38.000000 0.05083759999999999668
317 38.000000 32.000000 0.03820439999999999947
318 41.000000 31.000000 0.04182509999999999700
319 30.000000 26.000000 0.04507339999999999958
320 28.000000 24.000000 0.03628139999999999837
321 46.000000 39.000000 0.04091550000000000048
322 31.000000 29.000000 0.03596150000000000041
323 34.000000 27.000000 0.03910940000000000250
324 36.000000 29.000000 0.03285020000000000301
325 38.000000 32.000000 0.03424180000000000279
326 40.000000 29.000000 0.03391380000000000089
327 32.000000 26.000000 0.04071059999999999957
328 33.000000 28.000000 0.03838140000000000301
329 39.000000 29.000000 0.02702289999999999900
330 45.000000 34.000000 0.03294360000000000344
331 37.000000 28.000000 0.03074719999999999884
332 27.000000 22.000000 0.03054079999999999989
333 40.000000 29.000000 0.04102780000000000316
334 32.000000 27.000000 0.03795359999999999706
335 34.000000 31.000000 0.02543930000000000149
336 39.000000 34.000000 0.03935480000000000228
337 34.000000 27.000000 0.04471699999999999980
338 38.000000 34.000000 0.02717999999999999930
339 24.000000 21.000000 0.04280210000000000264
340 45.000000 35.000000 0.03595919999999999672
341 31.000000 30.000000 0.03802950000000000080
342 35.000000 29.000000 0.03148120000000000085
343 34.000000 29.000000 0.02469879999999999992
344 45.000000 35.000000 0.02342699999999999991
345 32.000000 26.000000 0.03680300000000000238
346 49.000000 35.000000 0.04181109999999999688
347 38.000000 31.000000 0.02801879999999999996
348 34.000000 27.000000 0.04126790000000000319
349 39.000000 31.000000 0.04456580000000000263
350 41.000000 35.000000 0.03604589999999999878
351 41.000000 33.000000 0.03244949999999999918
352 43.000000 34.000000 0.02879140000000000171
353 31.000000 24.000000 0.03967280000000000112
354 37.000000 31.000000 0.03928929999999999922
355 39.000000 30.000000 0.03927780000000000160
356 51.000000 39.000000 0.04151180000000000148
357 39.000000 29.000000 0.04866369999999999724
358 41.000000 33.000000 0.04110960000000000308
359 36.000000 26.000000 0.03578150000000000081
360 46.000000 34.000000 0.03401490000000000069
361 37.000000 31.000000 0.04641229999999999661
362 41.000000 36.000000 0.05272709999999999897
363 35.000000 29.000000 0.04369089999999999779
364 29.000000 23.000000 0.04946579999999999727
365 40.000000 31.000000 0.03435010000000000147
366 30.000000 27.000000 0.04127019999999999994
367 32.000000 23.000000 0.03233509999999999857
368 44.000000 34.000000 0.03102310000000000137
369 40.000000 31.000000 0.02937280000000000099
370 46.000000 36.000000 0.03868169999999999942
371 44.000000 36.000000 0.02909389999999999893
372 45.000000 33.000000 0.04547020000000000228
373 45.000000 34.000000 0.03916850000000000193
374 45.000000 34.000000 0.03478989999999999860
375 29.000000 26.000000 0.03521959999999999674
376 41.000000 34.000000 0.02976209999999999967
377 50.000000 40.000000 0.03693720000000000336
378 38.000000 32.000000 0.03810260000000000036
379 27.000000 24.000000 0.02856780000000000083
380 27.000000 24.000000 0.02211190000000000030
381 48.000000 36.000000 0.03706330000000000041
382 28.000000 24.000000 0.03070410000000000153
383 37.000000 29.000000 0.03180899999999999700
384 42.000000 30.000000 0.03180639999999999856
385 37.000000 31.000000 0.03253820000000000323
386 42.000000 34.000000 0.03824229999999999990
387 48.000000 39.000000 0.02749820000000000042
388 34.000000 27.000000 0.02583250000000000129
389 38.000000 31.000000 0.02569650000000000059
390 35.000000 27.000000 0.02365420000000000023
391 48.000000 37.000000 0.02823070000000000093
392 35.000000 29.000000 0.03009850000000000025
393 44.000000 34.000000 0.02629810000000000134
394 45.000000 35.000000 0.03320390000000000147
395 34.000000 28.000000 0.03753120000000000067
396 45.000000 36.000000 0.02739890000000000034
397 39.000000 30.000000 0.02990469999999999934
398 29.000000 22.000000 0.02885949999999999974
399 22.000000 19.000000 0.02784609999999999863
400 56.000000 42.000000 0.02755099999999999910
401 39.000000 30.000000 0.03132540000000000324
402 44.000000 39.000000 0.02527949999999999989
403 47.000000 34.000000 0.04353520000000000306
404 44.000000 33.000000 0.03232569999999999888
405 22.000000 19.000000 0.02727929999999999938
406 29.000000 24.000000 0.04070100000000000107
407 31.000000 25.000000 0.02828730000000000133
408 46.000000 34.000000 0.03595170000000000310
409 45.000000 34.000000 0.03106779999999999958
410 32.000000 25.000000 0.03841409999999999964
411 27.000000 23.000000 0.02792649999999999993
412 24.000000 21.000000 0.03686899999999999900
413 34.000000 27.000000 0.03181939999999999769
414 41.000000 31.000000 0.03348650000000000237
415 26.000000 23.000000 0.04149119999999999892
416 36.000000 31.000000 0.03700300000000000117
417 38.000000 30.000000 0.03959410000000000013
418 34.000000 26.000000 0.02776050000000000045
419 41.000000 30.000000 0.02556450000000000042
420 27.000000 23.000000 0.03402240000000000125
