1 64.000000 51.000000 0.46036090000000001732
2 83.000000 66.000000 0.28008949999999999125
3 84.000000 69.000000 0.38116709999999998093
4 93.000000 69.000000 0.51109830000000000538
5 96.000000 74.000000 0.30208469999999998379
6 78.000000 58.000000 0.37150980000000000114
7 102.000000 84.000000 0.19940779999999999617
8 83.000000 61.000000 0.21461289999999999534
9 75.000000 57.000000 0.22569359999999999422
10 76.000000 57.000000 0.21593589999999998619
11 79.000000 67.000000 0.23284920000000000617
12 99.000000 75.000000 0.24388109999999998956
13 108.000000 80.000000 0.27204519999999998703
14 49.000000 37.000000 0.21466799999999999771
15 78.000000 56.000000 0.26539580000000001503
16 90.000000 68.000000 0.38561279999999997781
17 67.000000 49.000000 0.42539909999999997448
18 60.000000 48.000000 0.18485599999999999254
19 103.000000 81.000000 0.28057729999999997395
20 87.000000 62.000000 0.22812109999999999332
21 56.000000 46.000000 0.26095420000000002503
22 68.000000 53.000000 0.26087880000000002179
23 93.000000 76.000000 0.26735079999999999956
24 72.000000 55.000000 0.37194559999999998734
25 101.000000 78.000000 0.37741170000000001661
26 78.000000 63.000000 0.31437520000000002129
27 80.000000 66.000000 0.26068859999999999255
28 103.000000 69.000000 0.21926380000000000869
29 75.000000 58.000000 0.28713040000000000784
30 75.000000 58.000000 0.31038830000000000586
31 96.000000 72.000000 0.19599110000000000142
32 74.000000 59.000000 0.51279260000000004283
33 58.000000 52.000000 0.39705689999999999040
34 80.000000 59.000000 0.28004040000000002264
35 76.000000 58.000000 0.36919809999999997352
36 76.000000 58.000000 0.31815460000000000962
37 112.000000 80.000000 0.23295640000000000791
38 71.000000 57.000000 0.35953010000000001911
39 97.000000 77.000000 0.26745049999999997992
40 79.000000 63.000000 0.29459340000000000526
41 89.000000 67.000000 0.17869889999999999386
42 137.000000 102.000000 0.12196300000000000197
43 85.000000 61.000000 0.25636799999999998478
44 90.000000 64.000000 0.22221740000000000936
45 112.000000 89.000000 0.27413549999999997642
46 89.000000 65.000000 0.31068780000000001396
47 105.000000 78.000000 0.22002240000000000686
48 61.000000 50.000000 0.32581240000000000201
49 75.000000 60.000000 0.29269079999999997321
50 76.000000 69.000000 0.23586329999999999796
51 75.000000 58.000000 0.21174840000000000328
52 96.000000 72.000000 0.40570850000000002744
53 75.000000 57.000000 0.32962730000000001196
54 82.000000 64.000000 0.21439289999999999736
55 84.000000 63.000000 0.30605979999999999297
56 85.000000 63.000000 0.32929700000000000637
57 75.000000 64.000000 0.28392269999999997232
58 77.000000 60.000000 0.24188100000000001266
59 74.000000 54.000000 0.24849150000000000404
60 99.000000 74.000000 0.27796789999999998999
61 119.000000 87.000000 0.20561240000000000072
62 99.000000 78.000000 0.31066890000000002559
63 48.000000 42.000000 0.35647139999999999382
64 91.000000 68.000000 0.19189269999999999938
65 34.000000 28.000000 0.42131449999999998068
66 67.000000 49.000000 0.33368379999999997487
67 70.000000 53.000000 0.38005769999999999831
68 79.000000 61.000000 0.36320819999999998107
69 65.000000 54.000000 0.22403110000000001079
70 98.000000 80.000000 0.20448740000000001360
71 78.000000 65.000000 0.28020339999999999137
72 63.000000 54.000000 0.24983720000000000927
73 40.000000 38.000000 0.25307049999999997603
74 84.000000 67.000000 0.43239680000000002558
75 110.000000 79.000000 0.30056680000000002284
76 62.000000 51.000000 0.30037619999999998210
77 85.000000 72.000000 0.25862519999999999953
78 84.000000 60.000000 0.16170670000000000877
79 105.000000 73.000000 0.19460669999999999358
80 77.000000 59.000000 0.30398449999999999083
81 65.000000 55.000000 0.26384600000000002495
82 39.000000 33.000000 0.35218620000000000481
83 57.000000 47.000000 0.26364189999999998459
84 92.000000 69.000000 0.19626740000000000852
85 51.000000 44.000000 0.32606930000000000636
86 101.000000 81.000000 0.23337250000000001049
87 74.000000 57.000000 0.28797669999999997437
88 82.000000 60.000000 0.18718589999999998841
89 97.000000 75.000000 0.42774669999999997971
90 82.000000 67.000000 0.37218160000000000132
91 83.000000 64.000000 0.22199430000000000551
92 69.000000 56.000000 0.40619539999999998425
93 90.000000 62.000000 0.21324699999999999211
94 101.000000 77.000000 0.15964870000000000450
95 90.000000 69.000000 0.16414400000000001212
96 71.000000 54.000000 0.23646200000000000552
97 52.000000 41.000000 0.27845989999999998243
98 69.000000 52.000000 0.41174199999999999688
99 74.000000 59.000000 0.26025730000000002473
100 64.000000 50.000000 0.27511489999999999556
101 90.000000 71.000000 0.30521439999999999682
102 84.000000 60.000000 0.26351360000000001449
103 36.000000 34.000000 0.36193930000000001934
104 94.000000 71.000000 0.23751769999999999827
105 96.000000 73.000000 0.24918570000000000997
106 77.000000 59.000000 0.23513370000000000104
107 89.000000 62.000000 0.34224919999999997566
108 97.000000 69.000000 0.29320439999999997616
109 77.000000 59.000000 0.27068979999999998043
110 99.000000 78.000000 0.23678340000000000498
111 106.000000 82.000000 0.31471670000000001588
112 61.000000 49.000000 0.23757100000000000439
113 73.000000 57.000000 0.18062939999999999552
114 108.000000 81.000000 0.21875520000000001075
115 80.000000 73.000000 0.53532869999999999067
116 80.000000 65.000000 0.21121780000000001110
117 76.000000 60.000000 0.39627430000000002375
118 76.000000 62.000000 0.21339929999999998622
119 104.000000 73.000000 0.28745490000000001318
120 111.000000 83.000000 0.32460349999999998927
121 72.000000 55.000000 0.55533449999999995317
122 65.000000 52.000000 0.22995670000000001387
123 94.000000 72.000000 0.28103590000000000515
124 81.000000 63.000000 0.27554499999999998439
125 95.000000 68.000000 0.71198740000000004802
126 67.000000 51.000000 0.24943670000000001119
127 79.000000 63.000000 0.42562579999999999858
128 94.000000 72.000000 0.42056599999999999540
129 90.000000 73.000000 0.26790609999999998037
130 83.000000 66.000000 0.31518239999999997369
131 75.000000 58.000000 0.23073270000000001279
132 58.000000 49.000000 0.30206319999999997616
133 74.000000 56.000000 0.21612080000000000179
134 77.000000 54.000000 0.37977539999999998521
135 106.000000 81.000000 0.32153579999999998273
136 73.000000 59.000000 0.24065919999999998979
137 79.000000 63.000000 0.26617370000000001307
138 70.000000 53.000000 0.30917739999999999112
139 76.000000 59.000000 0.33205519999999999481
140 83.000000 61.000000 0.28236590000000000300
141 65.000000 57.000000 0.33102260000000000018
142 72.000000 54.000000 0.39485249999999999515
143 61.000000 54.000000 0.28453859999999997488
144 63.000000 49.000000 0.18938360000000001304
145 84.000000 66.000000 0.18255769999999998943
146 71.000000 52.000000 0.23678399999999999448
147 73.000000 62.000000 0.17069110000000001226
148 76.000000 62.000000 0.28778720000000002077
149 69.000000 55.000000 0.30783640000000001002
150 74.000000 52.000000 0.22345239999999999547
151 78.000000 62.000000 0.23356689999999999396
152 79.000000 67.000000 0.35937219999999997500
153 68.000000 55.000000 0.41028510000000001368
154 56.000000 48.000000 0.42110160000000002034
155 71.000000 55.000000 0.21978729999999999101
156 81.000000 59.000000 0.21760959999999998637
157 68.000000 56.000000 0.22341600000000000348
158 98.000000 77.000000 0.22651620000000000088
159 93.000000 67.000000 0.15682960000000001344
160 81.000000 64.000000 0.24804329999999999434
161 61.000000 48.000000 0.33077450000000002683
162 93.000000 65.000000 0.26240130000000000399
163 66.000000 56.000000 0.35245819999999999927
164 68.000000 55.000000 0.15050440000000001040
165 75.000000 58.000000 0.19517829999999999901
166 92.000000 67.000000 0.19107460000000001110
167 80.000000 63.000000 0.26932440000000001934
168 79.000000 65.000000 0.15595470000000000166
169 77.000000 59.000000 0.21639800000000000701
170 74.000000 59.000000 0.11710410000000000263
171 61.000000 47.000000 0.15022060000000000968
172 71.000000 48.000000 0.12096809999999999508
173 61.000000 53.000000 0.16323660000000000947
174 50.000000 42.000000 0.23514920000000000266
175 83.000000 67.000000 0.12285580000000000112
176 77.000000 56.000000 0.17624909999999999188
177 66.000000 55.000000 0.17206710000000000060
178 85.000000 66.000000 0.10385569999999999524
179 103.000000 72.000000 0.09670120000000000104
180 67.000000 57.000000 0.15908859999999999668
181 79.000000 60.000000 0.18181159999999998989
182 93.000000 71.000000 0.15146599999999998953
183 73.000000 57.000000 0.14615990000000000926
184 71.000000 55.000000 0.15527569999999998873
185 82.000000 70.000000 0.12094169999999999920
186 85.000000 71.000000 0.19989779999999998661
187 76.000000 60.000000 0.15403300000000000325
188 70.000000 59.000000 0.11943090000000000650
189 77.000000 57.000000 0.14612510000000000776
190 104.000000 75.000000 0.12941669999999999563
191 83.000000 66.000000 0.12593470000000001052
192 81.000000 63.000000 0.15420159999999999423
193 107.000000 78.000000 0.11882589999999999819
194 71.000000 56.000000 0.19083179999999999588
195 61.000000 54.000000 0.17395769999999999289
196 84.000000 66.000000 0.11235299999999999454
197 55.000000 42.000000 0.14597760000000001290
198 86.000000 67.000000 0.12772659999999999569
199 91.000000 66.000000 0.11556589999999999918
200 69.000000 51.000000 0.23001079999999998749
201 91.000000 68.000000 0.13054520000000000013
202 86.000000 64.000000 0.12989000000000000545
203 67.000000 54.000000 0.12357759999999999578
204 83.000000 62.000000 0.16490750000000001241
205 69.000000 54.000000 0.15020810000000001105
206 79.000000 59.000000 0.14962700000000000999
207 68.000000 59.000000 0.13409789999999999210
208 77.000000 57.000000 0.16334919999999999995
209 81.000000 66.000000 0.16771359999999999046
210 86.000000 69.000000 0.10246099999999999652
211 75.000000 57.000000 0.14598900000000000765
212 79.000000 61.000000 0.14879809999999998871
213 82.000000 67.000000 0.12465529999999999666
214 79.000000 55.000000 0.19031170000000000031
215 91.000000 70.000000 0.12982920000000000571
216 74.000000 60.000000 0.16636819999999999387
217 86.000000 60.000000 0.11331189999999999318
218 55.000000 49.000000 0.21070659999999999390
219 64.000000 52.000000 0.14545230000000000659
220 87.000000 66.000000 0.10611610000000000487
221 73.000000 53.000000 0.13201140000000000096
222 90.000000 76.000000 0.10379760000000000375
223 106.000000 73.000000 0.10336339999999999417
224 78.000000 61.000000 0.11650789999999999758
225 76.000000 61.000000 0.10834799999999999986
226 105.000000 79.000000 0.13625509999999999011
227 83.000000 68.000000 0.13155659999999999576
228 59.000000 51.000000 0.17489479999999998916
229 90.000000 73.000000 0.10253660000000000552
230 108.000000 84.000000 0.09825430000000000275
231 71.000000 60.000000 0.13484019999999999340
232 67.000000 60.000000 0.10494320000000000037
233 69.000000 52.000000 0.11458859999999999879
234 90.000000 60.000000 0.07301779999999999382
235 101.000000 81.000000 0.11637210000000000609
236 43.000000 36.000000 0.16741039999999998700
237 91.000000 68.000000 0.14449509999999998744
238 92.000000 63.000000 0.12453240000000000143
239 75.000000 53.000000 0.14117279999999998719
240 112.000000 84.000000 0.10068130000000000135
241 87.000000 65.000000 0.17145900000000000030
242 87.000000 64.000000 0.14367219999999999991
243 85.000000 63.000000 0.20935590000000001143
244 113.000000 83.000000 0.10933030000000000526
245 71.000000 52.000000 0.12521570000000001310
246 61.000000 52.000000 0.15423470000000000235
247 84.000000 68.000000 0.12297360000000000235
248 68.000000 57.000000 0.12402739999999999598
249 69.000000 58.000000 0.16433649999999999647
250 66.000000 51.000000 0.19884910000000000085
251 70.000000 51.000000 0.17647240000000000149
252 72.000000 55.000000 0.12160150000000000126
253 82.000000 68.000000 0.15287059999999999538
254 52.000000 43.000000 0.17132700000000000706
255 49.000000 39.000000 0.12497750000000000525
256 63.000000 49.000000 0.13044580000000000064
257 63.000000 51.000000 0.13819290000000000740
258 88.000000 71.000000 0.08253919999999999313
259 79.000000 55.000000 0.20406350000000000877
260 75.000000 61.000000 0.08890869999999999329
261 40.000000 33.000000 0.18513060000000000627
262 60.000000 50.000000 0.15145269999999999566
263 75.000000 63.000000 0.20945189999999999642
264 54.000000 46.000000 0.14757819999999999272
265 106.000000 79.000000 0.11352450000000000041
266 68.000000 54.000000 0.16020760000000000556
267 67.000000 55.000000 0.23392409999999999592
268 65.000000 51.000000 0.14938740000000000352
269 92.000000 69.000000 0.10051160000000000649
270 76.000000 58.000000 0.27337549999999999351
271 49.000000 44.000000 0.10450009999999999855
272 72.000000 57.000000 0.11368720000000000214
273 87.000000 64.000000 0.07586080000000000600
274 77.000000 65.000000 0.09445140000000000480
275 81.000000 63.000000 0.15820219999999998728
276 84.000000 68.000000 0.09867140000000000633
277 76.000000 61.000000 0.09501249999999999973
278 62.000000 49.000000 0.11836289999999999312
279 71.000000 60.000000 0.08164970000000000561
280 84.000000 63.000000 0.14732429999999999137
281 70.000000 57.000000 0.12307419999999999471
282 96.000000 66.000000 0.11957619999999999361
283 85.000000 62.000000 0.15432319999999999371
284 57.000000 47.000000 0.14715190000000000214
285 104.000000 78.000000 0.13614149999999999863
286 86.000000 70.000000 0.11866089999999999971
287 75.000000 60.000000 0.09760099999999999332
288 70.000000 57.000000 0.10391499999999999349
289 105.000000 80.000000 0.12470680000000000653
290 82.000000 65.000000 0.11796199999999999741
291 70.000000 60.000000 0.08507349999999999635
292 110.000000 82.000000 0.11337360000000000493
293 59.000000 53.000000 0.14004069999999999019
294 68.000000 62.000000 0.09383669999999999511
295 60.000000 47.000000 0.11975669999999999371
296 93.000000 72.000000 0.09911689999999999390
297 71.000000 53.000000 0.12287660000000000249
298 89.000000 71.000000 0.11985030000000000683
299 99.000000 75.000000 0.12642010000000000747
300 79.000000 60.000000 0.10107820000000000693
301 73.000000 56.000000 0.08663410000000000555
302 83.000000 63.000000 0.09332930000000000392
303 44.000000 41.000000 0.14828979999999999939
304 70.000000 53.000000 0.10712979999999999725
305 86.000000 66.000000 0.11666239999999999943
306 53.000000 42.000000 0.13072919999999998986
307 56.000000 49.000000 0.15808530000000001192
308 68.000000 53.000000 0.09567430000000000379
309 48.000000 39.000000 0.14081070000000001086
310 84.000000 58.000000 0.08296929999999999583
311 82.000000 62.000000 0.07890260000000000329
312 100.000000 82.000000 0.05855149999999999938
313 67.000000 54.000000 0.09666149999999999742
314 45.000000 39.000000 0.18290570000000000439
315 75.000000 58.000000 0.11749640000000000084
316 59.000000 47.000000 0.14020900000000000030
317 72.000000 62.000000 0.11811009999999999565
318 58.000000 57.000000 0.12414200000000000235
319 72.000000 61.000000 0.06566320000000000490
320 60.000000 46.000000 0.09198169999999999957
321 80.000000 59.000000 0.07985829999999999318
322 80.000000 63.000000 0.09736229999999999885
323 58.000000 44.000000 0.11554449999999999443
324 69.000000 59.000000 0.10405179999999999985
325 55.000000 48.000000 0.10896580000000000155
326 67.000000 53.000000 0.10853469999999999784
327 78.000000 58.000000 0.09286170000000000535
328 117.000000 82.000000 0.07492060000000000386
329 86.000000 68.000000 0.07772170000000000467
330 60.000000 47.000000 0.09887840000000000518
331 84.000000 65.000000 0.11128580000000000416
332 98.000000 81.000000 0.09406299999999999384
333 72.000000 53.000000 0.07893279999999999741
334 81.000000 58.000000 0.14130970000000001030
335 89.000000 68.000000 0.10986339999999999995
336 77.000000 56.000000 0.16674690000000000345
337 48.000000 37.000000 0.15905440000000001244
338 84.000000 67.000000 0.11624260000000000148
339 84.000000 65.000000 0.10622479999999999423
340 74.000000 58.000000 0.08327919999999999767
341 76.000000 56.000000 0.11887960000000000194
342 70.000000 60.000000 0.08513850000000000584
343 88.000000 77.000000 0.09037509999999999988
344 79.000000 58.000000 0.09419479999999999520
345 60.000000 45.000000 0.10076960000000000084
346 62.000000 51.000000 0.10310930000000000095
347 70.000000 50.000000 0.12155420000000000114
348 70.000000 52.000000 0.10486520000000000563
349 83.000000 64.000000 0.08245320000000000427
350 70.000000 55.000000 0.09195180000000000020
351 64.000000 55.000000 0.11752020000000000521
352 73.000000 53.000000 0.06849879999999999858
353 72.000000 57.000000 0.07440739999999999854
354 52.000000 43.000000 0.10451109999999999567
355 91.000000 75.000000 0.07139120000000000188
356 77.000000 64.000000 0.11072129999999999472
357 75.000000 61.000000 0.09324659999999999893
358 87.000000 70.000000 0.10556609999999999605
359 104.000000 75.000000 0.08205790000000000306
360 49.000000 38.000000 0.15139859999999999429
361 111.000000 80.000000 0.06953330000000000621
362 67.000000 54.000000 0.09708390000000000075
363 76.000000 56.000000 0.09967689999999999884
364 83.000000 66.000000 0.08898580000000000378
365 83.000000 66.000000 0.09432480000000000031
366 73.000000 58.000000 0.11634450000000000347
367 76.000000 55.000000 0.08056800000000000073
368 95.000000 73.000000 0.07946319999999999772
369 94.000000 73.000000 0.11685049999999999604
370 63.000000 52.000000 0.10039270000000000138
371 54.000000 47.000000 0.09740100000000000147
372 108.000000 81.000000 0.07532930000000000181
373 83.000000 67.000000 0.07883640000000000092
374 90.000000 70.000000 0.05813440000000000274
375 51.000000 45.000000 0.09828589999999999549
376 82.000000 66.000000 0.10014209999999999778
377 62.000000 51.000000 0.06707470000000000099
378 79.000000 58.000000 0.11709369999999999501
379 96.000000 68.000000 0.12945980000000001375
380 73.000000 59.000000 0.10171479999999999411
381 66.000000 57.000000 0.09493269999999999487
382 83.000000 60.000000 0.09059770000000000323
383 93.000000 73.000000 0.04122830000000000245
384 90.000000 66.000000 0.06964430000000000620
385 63.000000 51.000000 0.08468080000000000052
386 68.000000 50.000000 0.13033259999999999290
387 98.000000 72.000000 0.08780240000000000267
388 57.000000 46.000000 0.11134449999999999903
389 51.000000 45.000000 0.10087279999999999858
390 82.000000 66.000000 0.05818700000000000261
391 83.000000 59.000000 0.06997150000000000591
392 67.000000 52.000000 0.09831520000000000536
393 59.000000 53.000000 0.11631180000000000685
394 72.000000 57.000000 0.09940029999999999699
395 83.000000 62.000000 0.11986259999999999970
396 87.000000 67.000000 0.08573509999999999465
397 105.000000 87.000000 0.09248040000000000427
398 84.000000 59.000000 0.10463129999999999653
399 68.000000 51.000000 0.07881019999999999692
400 98.000000 75.000000 0.07397890000000000021
401 87.000000 68.000000 0.08864740000000000120
402 89.000000 65.000000 0.10434000000000000219
403 76.000000 60.000000 0.11594440000000000301
404 57.000000 49.000000 0.06606280000000000485
405 67.000000 54.000000 0.11419690000000000396
406 87.000000 66.000000 0.08613850000000000673
407 83.000000 70.000000 0.08221889999999999754
408 89.000000 65.000000 0.07971920000000000395
409 106.000000 75.000000 0.07192099999999999882
410 114.000000 80.000000 0.09267160000000000675
411 94.000000 68.000000 0.07331300000000000316
412 69.000000 54.000000 0.09312090000000000645
413 52.000000 45.000000 0.09461680000000000090
414 105.000000 79.000000 0.06288520000000000221
415 82.000000 64.000000 0.07757880000000000331
416 62.000000 50.000000 0.09530810000000000670
417 76.000000 59.000000 0.09403749999999999609
418 72.000000 60.000000 0.06743780000000000607
419 71.000000 60.000000 0.07344190000000000440
420 74.000000 60.000000 0.11253299999999999415
