1 120.000000 99.000000 2.68815030000000021460
2 187.000000 139.000000 1.74803269999999999484
3 162.000000 111.000000 0.98245260000000000922
4 249.000000 168.000000 1.36951439999999990960
5 198.000000 151.000000 1.69344000000000005635
6 162.000000 120.000000 1.74211169999999992974
7 207.000000 148.000000 1.48146810000000006546
8 144.000000 105.000000 1.91574920000000004094
9 167.000000 116.000000 1.67668909999999993232
10 123.000000 91.000000 1.62714960000000008478
11 171.000000 126.000000 1.09503290000000008675
12 195.000000 145.000000 1.02897440000000006677
13 154.000000 129.000000 1.25856630000000002667
14 130.000000 95.000000 1.39255639999999991652
15 144.000000 113.000000 0.97725030000000001618
16 187.000000 137.000000 1.25702369999999996608
17 159.000000 119.000000 1.68475960000000002381
18 128.000000 102.000000 1.15465679999999992766
19 212.000000 162.000000 1.00899000000000005350
20 183.000000 131.000000 1.28889870000000006378
21 163.000000 129.000000 0.79924560000000000048
22 158.000000 124.000000 1.73083999999999993413
23 176.000000 123.000000 1.91952140000000004427
24 160.000000 123.000000 1.16766619999999998747
25 170.000000 137.000000 1.30421129999999996230
26 125.000000 100.000000 1.05256009999999999849
27 131.000000 97.000000 5.07525009999999987542
28 181.000000 139.000000 1.10117179999999992290
29 170.000000 126.000000 1.76578279999999998573
30 144.000000 112.000000 3.66113279999999985392
31 193.000000 145.000000 2.15704699999999993665
32 235.000000 165.000000 1.96741450000000006604
33 107.000000 86.000000 1.44807519999999989579
34 143.000000 117.000000 1.31378390000000000448
35 146.000000 116.000000 0.91242659999999997655
36 178.000000 134.000000 3.87266580000000004702
37 179.000000 137.000000 0.97413700000000003065
38 157.000000 126.000000 1.15284739999999996662
39 155.000000 107.000000 0.98856869999999996690
40 207.000000 160.000000 0.71498879999999997992
41 229.000000 165.000000 0.90741680000000002337
42 224.000000 169.000000 3.90083959999999985158
43 171.000000 135.000000 1.56560389999999993726
44 193.000000 147.000000 0.95427280000000003213
45 152.000000 117.000000 1.13612249999999992411
46 121.000000 93.000000 1.39555790000000001783
47 128.000000 102.000000 1.05087120000000000530
48 151.000000 117.000000 1.75728149999999994080
49 188.000000 146.000000 1.10269770000000000287
50 151.000000 120.000000 1.65718429999999994351
51 179.000000 131.000000 10.11646310000000070772
52 135.000000 105.000000 1.19007299999999993645
53 165.000000 130.000000 0.90672200000000002795
54 201.000000 141.000000 0.62714380000000002902
55 220.000000 158.000000 1.28207310000000007655
56 133.000000 105.000000 1.09796739999999992676
57 175.000000 130.000000 0.98103819999999997137
58 198.000000 148.000000 0.87706870000000003440
59 226.000000 167.000000 0.86738890000000001823
60 165.000000 130.000000 1.10898080000000009981
61 123.000000 93.000000 2.34517620000000004410
62 173.000000 133.000000 1.16050549999999996764
63 150.000000 118.000000 1.46856549999999996814
64 210.000000 158.000000 0.99598750000000002558
65 165.000000 128.000000 1.54229890000000002814
66 139.000000 106.000000 0.94816659999999997055
67 164.000000 133.000000 1.05920799999999992735
68 186.000000 141.000000 1.19415739999999992449
69 184.000000 143.000000 0.55564919999999995426
70 149.000000 116.000000 1.33169669999999995547
71 115.000000 93.000000 0.72004619999999996960
72 134.000000 103.000000 1.71520519999999998539
73 152.000000 113.000000 1.20771659999999991797
74 204.000000 163.000000 0.84591859999999996500
75 179.000000 137.000000 1.00079000000000006843
76 135.000000 104.000000 2.52136709999999997223
77 132.000000 106.000000 2.70758669999999979083
78 120.000000 92.000000 2.22980940000000016354
79 180.000000 138.000000 1.12826880000000007165
80 181.000000 139.000000 0.72808419999999995920
81 146.000000 122.000000 1.41632129999999989423
82 172.000000 135.000000 0.90298460000000002612
83 203.000000 153.000000 0.92379100000000002879
84 118.000000 97.000000 1.26615319999999997869
85 160.000000 113.000000 1.59753159999999994056
86 179.000000 140.000000 0.65698840000000002792
87 118.000000 97.000000 1.25690970000000001860
88 144.000000 112.000000 1.43632029999999999426
89 175.000000 131.000000 0.84555279999999999330
90 140.000000 115.000000 1.72349090000000004785
91 150.000000 122.000000 0.67268950000000005129
92 175.000000 135.000000 0.71382710000000004769
93 167.000000 129.000000 1.14705030000000007817
94 190.000000 137.000000 0.94946459999999999191
95 114.000000 97.000000 1.24205820000000000114
96 121.000000 103.000000 0.75611390000000000544
97 238.000000 171.000000 2.18077500000000013003
98 94.000000 76.000000 2.69625020000000015230
99 171.000000 133.000000 3.37808770000000002653
100 199.000000 137.000000 1.28851420000000005395
101 164.000000 127.000000 3.12392240000000009914
102 120.000000 101.000000 0.94725130000000001829
103 199.000000 144.000000 1.11067390000000010275
104 123.000000 104.000000 0.79546220000000000816
105 174.000000 130.000000 1.24979189999999995564
106 224.000000 165.000000 0.62922650000000002191
107 151.000000 117.000000 1.40859779999999989997
108 150.000000 110.000000 0.96983779999999997212
109 163.000000 131.000000 1.05771949999999992365
110 210.000000 147.000000 0.60096260000000001344
111 144.000000 110.000000 1.14476160000000004580
112 75.000000 61.000000 1.52467419999999997948
113 172.000000 132.000000 1.76663020000000003940
114 162.000000 122.000000 3.83752780000000015548
115 179.000000 148.000000 0.93658669999999999423
116 209.000000 160.000000 0.93594589999999999730
117 136.000000 103.000000 0.80667230000000000878
118 130.000000 95.000000 1.00703710000000001834
119 176.000000 142.000000 0.73831650000000004219
120 166.000000 117.000000 0.52127710000000004875
121 148.000000 109.000000 1.18643159999999991960
122 199.000000 149.000000 0.71591769999999999019
123 174.000000 136.000000 1.11547580000000001732
124 158.000000 129.000000 1.10191379999999994332
125 254.000000 184.000000 0.92838379999999998127
126 180.000000 138.000000 1.76550389999999990387
127 199.000000 148.000000 0.86110739999999996730
128 160.000000 114.000000 0.79024649999999996286
129 148.000000 121.000000 0.82884939999999995841
130 147.000000 112.000000 2.66096559999999993096
131 114.000000 99.000000 0.83994020000000002568
132 139.000000 111.000000 1.37135640000000003091
133 161.000000 132.000000 0.70115289999999996784
134 155.000000 118.000000 0.56328809999999995828
135 157.000000 134.000000 0.62964790000000003811
136 149.000000 110.000000 3.74825149999999984729
137 200.000000 145.000000 0.69337199999999998834
138 186.000000 136.000000 0.56889069999999997140
139 173.000000 134.000000 0.47577679999999999971
140 157.000000 117.000000 2.85345229999999983050
141 164.000000 122.000000 0.77875709999999997990
142 206.000000 149.000000 1.32226320000000008292
143 123.000000 95.000000 0.93565880000000001271
144 171.000000 126.000000 1.60433990000000004095
145 145.000000 104.000000 1.26797910000000002562
146 173.000000 134.000000 1.55676869999999989425
147 223.000000 167.000000 0.48244740000000002622
148 119.000000 88.000000 0.83464839999999995701
149 143.000000 119.000000 0.81867749999999994692
150 161.000000 126.000000 0.67247500000000004494
151 186.000000 147.000000 0.67871099999999995322
152 95.000000 74.000000 1.24173550000000010307
153 198.000000 151.000000 0.43509750000000002590
154 167.000000 124.000000 1.01873419999999992314
155 188.000000 142.000000 0.44565729999999997846
156 177.000000 129.000000 0.88329449999999998244
157 211.000000 148.000000 0.74217100000000002513
158 178.000000 132.000000 0.97644129999999995650
159 174.000000 140.000000 0.92223670000000002034
160 216.000000 164.000000 0.58452809999999999491
161 179.000000 135.000000 1.02793709999999993698
162 97.000000 79.000000 1.52373870000000000147
163 168.000000 131.000000 0.65765629999999997146
164 187.000000 141.000000 0.21837989999999998791
165 252.000000 185.000000 1.24052389999999990167
166 134.000000 107.000000 1.56464089999999989011
167 157.000000 120.000000 0.77813759999999998485
168 143.000000 114.000000 0.90967620000000004588
169 172.000000 135.000000 0.89808779999999999166
170 175.000000 136.000000 0.81857720000000000482
171 142.000000 114.000000 0.96113839999999994834
172 186.000000 142.000000 0.80715369999999997397
173 150.000000 110.000000 1.01906159999999990085
174 155.000000 122.000000 0.81134079999999997312
175 133.000000 106.000000 0.84482469999999998400
176 163.000000 128.000000 1.41956539999999997725
177 146.000000 110.000000 0.86124339999999999229
178 184.000000 144.000000 0.70794599999999996420
179 118.000000 89.000000 0.69869720000000001825
180 206.000000 153.000000 0.75109000000000003539
181 119.000000 96.000000 0.83548529999999998630
182 150.000000 121.000000 0.47939260000000000206
183 135.000000 105.000000 0.63921099999999997365
184 163.000000 123.000000 0.76761239999999997252
185 157.000000 114.000000 1.08977699999999999569
186 135.000000 118.000000 0.96870559999999994449
187 155.000000 135.000000 0.83434830000000004269
188 215.000000 166.000000 0.43595970000000000555
189 125.000000 102.000000 0.61858480000000004573
190 169.000000 137.000000 0.77449000000000001176
191 156.000000 135.000000 0.73238849999999999785
192 139.000000 111.000000 1.11117829999999995216
193 132.000000 110.000000 0.83331849999999996204
194 142.000000 107.000000 0.51738819999999996480
195 173.000000 135.000000 0.61114199999999996304
196 165.000000 131.000000 0.49832520000000002369
197 151.000000 120.000000 0.91798740000000000894
198 238.000000 166.000000 0.30740909999999999069
199 121.000000 100.000000 0.93479149999999999743
200 167.000000 131.000000 0.69812039999999997431
201 131.000000 102.000000 1.07066970000000005747
202 171.000000 128.000000 1.74843820000000005344
203 194.000000 158.000000 0.55046269999999997147
204 173.000000 143.000000 0.58734399999999997721
205 101.000000 85.000000 0.79428189999999998516
206 225.000000 158.000000 1.02721590000000007059
207 191.000000 142.000000 0.41199479999999999436
208 227.000000 163.000000 1.30589019999999988997
209 188.000000 152.000000 0.44992189999999998573
210 203.000000 153.000000 0.89643870000000003273
211 160.000000 128.000000 0.82634580000000001920
212 125.000000 96.000000 1.19952679999999989313
213 118.000000 99.000000 0.66256879999999995778
214 140.000000 116.000000 1.15034729999999996153
215 162.000000 124.000000 1.16956649999999995337
216 155.000000 116.000000 0.86173390000000005262
217 212.000000 161.000000 0.51616079999999997519
218 244.000000 163.000000 0.40196629999999999860
219 121.000000 102.000000 0.89244210000000001592
220 110.000000 88.000000 0.85435139999999998306
221 145.000000 113.000000 0.81518530000000000157
222 153.000000 125.000000 0.53861400000000003718
223 153.000000 128.000000 0.92163340000000004704
224 118.000000 99.000000 0.58309529999999998306
225 185.000000 151.000000 2.81751959999999979090
226 128.000000 103.000000 0.64260399999999995302
227 178.000000 131.000000 0.78629450000000000731
228 177.000000 135.000000 0.46240740000000002397
229 153.000000 111.000000 0.98526809999999998002
230 191.000000 140.000000 0.49373689999999997857
231 154.000000 119.000000 0.64360079999999997291
232 209.000000 156.000000 0.61982490000000001196
233 144.000000 113.000000 0.90706520000000001591
234 149.000000 121.000000 0.64561230000000002782
235 125.000000 102.000000 0.53093939999999995027
236 170.000000 128.000000 0.66515150000000000663
237 152.000000 118.000000 0.86398609999999997910
238 152.000000 121.000000 1.50812729999999994845
239 162.000000 115.000000 0.56614209999999998146
240 261.000000 187.000000 1.96359440000000007309
241 189.000000 139.000000 0.53778829999999999689
242 167.000000 141.000000 0.39751150000000001761
243 111.000000 90.000000 0.81363300000000005063
244 164.000000 125.000000 0.58025110000000001964
245 159.000000 125.000000 2.46102879999999979432
246 157.000000 121.000000 0.63137399999999999078
247 202.000000 148.000000 0.33527610000000002133
248 144.000000 114.000000 1.19843820000000000903
249 109.000000 92.000000 0.62996269999999998657
250 172.000000 140.000000 0.73465519999999995271
251 145.000000 115.000000 0.68973940000000000250
252 157.000000 129.000000 1.30999780000000010105
253 164.000000 117.000000 0.56492569999999997510
254 143.000000 108.000000 0.36796289999999998166
255 153.000000 124.000000 0.88892009999999999081
256 141.000000 117.000000 1.01431000000000004491
257 166.000000 131.000000 0.46667350000000001886
258 201.000000 155.000000 0.29471469999999999612
259 220.000000 171.000000 0.38755070000000002572
260 226.000000 172.000000 0.57945650000000004098
261 216.000000 160.000000 0.71676110000000003986
262 158.000000 131.000000 2.18283810000000011442
263 206.000000 147.000000 0.36320750000000001645
264 199.000000 150.000000 0.51095959999999995826
265 201.000000 145.000000 0.50184430000000002092
266 108.000000 90.000000 0.81583740000000004589
267 170.000000 139.000000 0.65320759999999999934
268 159.000000 128.000000 0.60041940000000004751
269 164.000000 133.000000 0.86634199999999994546
270 121.000000 90.000000 1.02328390000000002402
271 198.000000 145.000000 0.79433480000000000754
272 188.000000 142.000000 0.41520309999999999162
273 139.000000 109.000000 0.69817300000000004356
274 163.000000 133.000000 0.81598879999999995860
275 176.000000 135.000000 1.40750210000000008925
276 119.000000 97.000000 0.67264639999999997766
277 175.000000 145.000000 0.46991420000000000412
278 190.000000 138.000000 1.94781650000000006173
279 147.000000 115.000000 0.55855299999999996619
280 162.000000 125.000000 0.38899119999999998143
281 96.000000 78.000000 0.97938119999999995180
282 173.000000 133.000000 0.60547649999999997306
283 164.000000 132.000000 0.41335759999999999170
284 173.000000 130.000000 0.87123209999999995379
285 154.000000 119.000000 0.51339729999999994536
286 193.000000 145.000000 0.45819320000000002269
287 185.000000 133.000000 0.66933460000000000178
288 157.000000 118.000000 1.09907280000000007192
289 141.000000 115.000000 0.71604889999999998818
290 148.000000 117.000000 0.41129019999999999468
291 155.000000 120.000000 0.83265359999999999374
292 169.000000 125.000000 0.47632970000000002253
293 142.000000 111.000000 0.71267320000000000668
294 213.000000 150.000000 0.74802769999999996209
295 177.000000 136.000000 0.50783060000000002088
296 210.000000 162.000000 0.83859669999999997270
297 136.000000 104.000000 0.65426050000000002260
298 120.000000 98.000000 1.55642060000000004294
299 184.000000 144.000000 0.60564119999999999067
300 167.000000 126.000000 0.52237569999999999837
301 170.000000 130.000000 0.65942950000000000177
302 189.000000 139.000000 1.19583229999999995918
303 113.000000 91.000000 0.68497629999999998240
304 179.000000 134.000000 0.92846980000000001176
305 205.000000 157.000000 0.31251620000000002175
306 157.000000 121.000000 0.28921099999999999586
307 178.000000 140.000000 0.62246800000000002129
308 200.000000 146.000000 1.70891060000000005736
309 168.000000 122.000000 0.43326080000000000148
310 175.000000 131.000000 0.39386219999999999564
311 176.000000 132.000000 0.60010640000000003980
312 211.000000 167.000000 0.33936990000000000212
313 154.000000 116.000000 0.63912150000000000905
314 147.000000 117.000000 0.49022929999999997897
315 128.000000 105.000000 0.41862219999999999986
316 159.000000 123.000000 0.40321740000000000359
317 150.000000 117.000000 0.42673899999999997945
318 169.000000 126.000000 0.51852460000000000218
319 168.000000 125.000000 0.58422320000000005358
320 182.000000 141.000000 0.85526219999999997246
321 231.000000 171.000000 0.54636379999999995505
322 157.000000 128.000000 0.73138000000000003009
323 95.000000 81.000000 1.39322009999999996133
324 217.000000 166.000000 0.60775319999999999343
325 160.000000 130.000000 0.59643849999999998257
326 247.000000 185.000000 0.34885440000000000893
327 124.000000 110.000000 0.72573940000000003447
328 184.000000 145.000000 0.40701359999999997541
329 195.000000 141.000000 1.58871940000000000381
330 179.000000 144.000000 1.17909020000000008821
331 150.000000 122.000000 1.07735570000000002722
332 137.000000 108.000000 0.43887860000000000760
333 187.000000 144.000000 0.67915659999999999918
334 126.000000 103.000000 1.15336670000000007796
335 184.000000 134.000000 0.25430459999999999177
336 223.000000 159.000000 1.12344529999999998005
337 158.000000 130.000000 0.49268529999999999269
338 160.000000 118.000000 0.81061050000000001159
339 162.000000 128.000000 0.56949229999999995133
340 175.000000 131.000000 1.45664280000000001536
341 162.000000 127.000000 0.64118319999999995318
342 202.000000 144.000000 0.29545640000000000791
343 160.000000 114.000000 0.59140440000000005227
344 141.000000 110.000000 0.61963749999999995222
345 89.000000 70.000000 0.89479640000000004729
346 181.000000 140.000000 0.45976210000000000688
347 92.000000 75.000000 0.60471719999999995476
348 169.000000 123.000000 0.59259030000000001426
349 114.000000 91.000000 0.77233940000000000925
350 193.000000 152.000000 0.44152659999999999130
351 159.000000 119.000000 0.40674810000000000132
352 146.000000 104.000000 0.48044589999999998131
353 195.000000 149.000000 0.56750020000000001019
354 144.000000 119.000000 0.55436589999999996703
355 109.000000 89.000000 0.53340279999999995475
356 216.000000 164.000000 0.44537929999999997799
357 167.000000 131.000000 1.18089529999999998111
358 125.000000 96.000000 1.43315600000000009651
359 122.000000 100.000000 0.54086959999999995041
360 156.000000 126.000000 0.88814680000000001403
361 135.000000 110.000000 1.60222470000000005719
362 137.000000 115.000000 0.52791600000000005188
363 155.000000 133.000000 0.59305560000000001608
364 184.000000 135.000000 0.41263009999999999966
365 166.000000 131.000000 0.38860679999999997447
366 191.000000 136.000000 0.49410969999999998503
367 165.000000 132.000000 0.65851669999999995486
368 193.000000 145.000000 0.45208900000000001862
369 160.000000 118.000000 0.73644430000000005165
370 133.000000 106.000000 0.69886579999999998147
371 125.000000 93.000000 0.80397439999999997795
372 153.000000 117.000000 0.46726240000000002217
373 158.000000 122.000000 0.78187410000000001631
374 180.000000 134.000000 0.87340119999999998868
375 146.000000 122.000000 0.58917479999999999851
376 156.000000 126.000000 0.56875849999999994466
377 167.000000 120.000000 1.96492090000000008132
378 180.000000 138.000000 0.61926999999999998714
379 164.000000 117.000000 0.38113190000000002344
380 164.000000 126.000000 0.62129160000000005493
381 151.000000 112.000000 1.20502050000000004992
382 142.000000 109.000000 0.58361110000000004927
383 152.000000 118.000000 0.53461060000000004688
384 201.000000 149.000000 0.27653159999999998853
385 132.000000 108.000000 0.70675120000000002385
386 170.000000 136.000000 0.40932689999999999353
387 193.000000 146.000000 0.49949949999999998518
388 141.000000 108.000000 1.34089480000000005333
389 133.000000 108.000000 0.35216110000000000468
390 168.000000 142.000000 0.42938819999999999766
391 146.000000 116.000000 0.45329209999999997560
392 202.000000 169.000000 0.61396609999999995910
393 167.000000 125.000000 1.81278990000000006511
394 150.000000 122.000000 0.64182059999999996336
395 170.000000 136.000000 2.76107749999999985135
396 143.000000 109.000000 0.65123370000000002644
397 156.000000 125.000000 0.48190070000000001516
398 137.000000 112.000000 0.76401280000000004744
399 224.000000 171.000000 0.69135100000000004883
400 186.000000 142.000000 0.47358569999999999833
401 217.000000 156.000000 0.31819110000000000449
402 113.000000 90.000000 0.52308399999999999341
403 161.000000 124.000000 0.75494550000000004708
404 171.000000 122.000000 0.50114870000000000250
405 232.000000 169.000000 0.21604740000000000055
406 186.000000 142.000000 0.68954899999999996751
407 241.000000 184.000000 0.40736410000000000675
408 194.000000 156.000000 0.45802870000000001083
409 156.000000 126.000000 0.52587819999999996234
410 110.000000 89.000000 0.68402739999999995213
411 208.000000 158.000000 0.42010669999999999957
412 183.000000 142.000000 0.50822789999999995469
413 141.000000 118.000000 0.51908140000000002612
414 199.000000 153.000000 1.95195009999999991024
415 187.000000 136.000000 0.54750209999999999155
416 213.000000 146.000000 0.31088240000000000318
417 186.000000 144.000000 0.29561379999999998214
418 157.000000 123.000000 0.37282159999999997524
419 210.000000 166.000000 0.24942169999999999619
420 202.000000 157.000000 0.31051729999999999610
