1 20.000000 18.000000 0.20995199999999999974
2 17.000000 17.000000 0.08214009999999999367
3 33.000000 24.000000 0.06112839999999999940
4 21.000000 18.000000 0.06541829999999999867
5 26.000000 21.000000 0.12201339999999999408
6 27.000000 22.000000 0.05153300000000000242
7 26.000000 20.000000 0.06430600000000000205
8 24.000000 20.000000 0.12982409999999999783
9 21.000000 18.000000 0.09310680000000000345
10 28.000000 22.000000 0.10268689999999999762
11 20.000000 17.000000 0.11710980000000000001
12 28.000000 20.000000 0.03415750000000000036
13 27.000000 22.000000 0.15653700000000000947
14 28.000000 24.000000 0.07628649999999999320
15 22.000000 19.000000 0.04300790000000000168
16 20.000000 17.000000 0.03198970000000000286
17 24.000000 20.000000 0.02585159999999999889
18 20.000000 18.000000 0.06417380000000000306
19 26.000000 21.000000 0.03315970000000000029
20 19.000000 18.000000 0.03387029999999999902
21 22.000000 19.000000 0.03152640000000000303
22 27.000000 23.000000 0.03367880000000000179
23 20.000000 18.000000 0.04754499999999999699
24 24.000000 21.000000 0.02597930000000000031
25 19.000000 16.000000 0.06922780000000000600
26 25.000000 23.000000 0.05640069999999999806
27 16.000000 16.000000 0.08648980000000000556
28 17.000000 16.000000 0.12888910000000000644
29 15.000000 14.000000 0.10495509999999999562
30 22.000000 18.000000 0.09965019999999999434
31 23.000000 19.000000 0.09886860000000000093
32 27.000000 19.000000 0.11613619999999999499
33 16.000000 15.000000 0.10227060000000000317
34 28.000000 23.000000 0.10086249999999999383
35 20.000000 19.000000 0.11479520000000000002
36 28.000000 23.000000 0.10746949999999999559
37 18.000000 15.000000 0.08162129999999999386
38 26.000000 22.000000 0.09059720000000000273
39 19.000000 16.000000 0.02646180000000000060
40 19.000000 16.000000 0.11275490000000000512
41 29.000000 24.000000 0.02331350000000000089
42 27.000000 20.000000 0.12687529999999999641
43 17.000000 15.000000 0.02583799999999999986
44 22.000000 18.000000 0.14382449999999999402
45 23.000000 19.000000 0.04375590000000000035
46 33.000000 24.000000 0.09845089999999999397
47 28.000000 23.000000 0.07040109999999999424
48 17.000000 16.000000 0.08894309999999999716
49 19.000000 17.000000 0.10662710000000000243
50 22.000000 17.000000 0.12775090000000000057
51 28.000000 21.000000 0.10614909999999999624
52 27.000000 21.000000 0.09091770000000000407
53 23.000000 18.000000 0.08897850000000000203
54 18.000000 16.000000 0.07809069999999999900
55 19.000000 18.000000 0.07342949999999999477
56 22.000000 17.000000 0.09483850000000000613
57 20.000000 18.000000 0.08902970000000000328
58 22.000000 17.000000 0.07233910000000000340
59 21.000000 16.000000 0.06390629999999999922
60 27.000000 21.000000 0.07330689999999999429
61 22.000000 18.000000 0.07729070000000000384
62 21.000000 19.000000 0.08104169999999999430
63 16.000000 15.000000 0.08224610000000000254
64 27.000000 21.000000 0.09468820000000000014
65 38.000000 26.000000 0.09428100000000000369
66 19.000000 19.000000 0.02718759999999999927
67 18.000000 18.000000 0.10906019999999999603
68 23.000000 17.000000 0.09712540000000000062
69 16.000000 14.000000 0.11418960000000000221
70 22.000000 18.000000 0.09339959999999999929
71 18.000000 15.000000 0.12343930000000000180
72 24.000000 18.000000 0.09403179999999999872
73 17.000000 16.000000 0.02738209999999999950
74 21.000000 17.000000 0.11086600000000000621
75 20.000000 19.000000 0.02381130000000000052
76 21.000000 19.000000 0.10921640000000000514
77 27.000000 21.000000 0.02435340000000000074
78 29.000000 22.000000 0.12653670000000000195
79 23.000000 19.000000 0.11732019999999999949
80 24.000000 20.000000 0.03187530000000000224
81 25.000000 22.000000 0.12313390000000000446
82 16.000000 15.000000 0.12039080000000000614
83 18.000000 17.000000 0.03206180000000000141
84 19.000000 17.000000 0.02693500000000000061
85 20.000000 19.000000 0.09592699999999999838
86 22.000000 18.000000 0.02504659999999999873
87 24.000000 20.000000 0.09808719999999999939
88 19.000000 17.000000 0.10500520000000000687
89 33.000000 27.000000 0.02617059999999999872
90 21.000000 18.000000 0.02691469999999999974
91 20.000000 18.000000 0.10600310000000000288
92 30.000000 21.000000 0.09924499999999999988
93 25.000000 21.000000 0.10766910000000000369
94 32.000000 23.000000 0.10411869999999999459
95 25.000000 19.000000 0.10650139999999999607
96 31.000000 21.000000 0.10012450000000000516
97 17.000000 16.000000 0.07404869999999999508
98 18.000000 17.000000 0.09479849999999999388
99 25.000000 20.000000 0.02602329999999999921
100 22.000000 16.000000 0.02663420000000000024
101 25.000000 19.000000 0.08928510000000000613
102 18.000000 16.000000 0.02468319999999999889
103 21.000000 18.000000 0.02590939999999999910
104 17.000000 15.000000 0.02542950000000000071
105 16.000000 14.000000 0.02585569999999999882
106 20.000000 17.000000 0.02791449999999999834
107 33.000000 24.000000 0.08328080000000000205
108 25.000000 21.000000 0.02513900000000000162
109 27.000000 19.000000 0.09368690000000000351
110 23.000000 17.000000 0.02522709999999999883
111 17.000000 16.000000 0.02463479999999999837
112 21.000000 19.000000 0.09061020000000000185
113 24.000000 21.000000 0.11274320000000000175
114 24.000000 18.000000 0.09302169999999999883
115 18.000000 17.000000 0.02837399999999999992
116 24.000000 18.000000 0.02535250000000000004
117 27.000000 22.000000 0.02996180000000000024
118 22.000000 20.000000 0.03974189999999999667
119 29.000000 25.000000 0.02278470000000000148
120 18.000000 16.000000 0.09761899999999999744
121 26.000000 21.000000 0.11444219999999999393
122 23.000000 19.000000 0.09345549999999999691
123 24.000000 21.000000 0.02339139999999999969
124 15.000000 15.000000 0.02440780000000000033
125 20.000000 18.000000 0.02877129999999999965
126 17.000000 16.000000 0.02626509999999999956
127 23.000000 20.000000 0.02465530000000000152
128 28.000000 19.000000 0.02229420000000000013
129 18.000000 18.000000 0.02600610000000000074
130 18.000000 17.000000 0.09184739999999999571
131 23.000000 20.000000 0.08593420000000000225
132 23.000000 18.000000 0.09002870000000000317
133 22.000000 19.000000 0.02460570000000000118
134 19.000000 16.000000 0.02631640000000000021
135 32.000000 22.000000 0.02727320000000000091
136 23.000000 20.000000 0.06070740000000000164
137 27.000000 22.000000 0.06767689999999999817
138 18.000000 16.000000 0.02584459999999999882
139 17.000000 15.000000 0.07319939999999999780
140 22.000000 18.000000 0.02757429999999999951
141 27.000000 24.000000 0.02703509999999999941
142 18.000000 16.000000 0.04538319999999999854
143 23.000000 19.000000 0.07414239999999999720
144 32.000000 23.000000 0.06675709999999999977
145 20.000000 17.000000 0.02800930000000000086
146 16.000000 16.000000 0.03188099999999999962
147 29.000000 24.000000 0.04061950000000000283
148 18.000000 15.000000 0.02713339999999999849
149 27.000000 22.000000 0.03012139999999999956
150 17.000000 16.000000 0.03049280000000000046
151 15.000000 15.000000 0.02717939999999999939
152 15.000000 15.000000 0.08430780000000000218
153 17.000000 16.000000 0.02876849999999999893
154 23.000000 18.000000 0.02660409999999999858
155 29.000000 21.000000 0.02265409999999999993
156 27.000000 20.000000 0.05512670000000000070
157 24.000000 20.000000 0.02338979999999999879
158 19.000000 17.000000 0.02494870000000000074
159 29.000000 23.000000 0.02114639999999999923
160 27.000000 20.000000 0.06184100000000000014
161 17.000000 16.000000 0.05120050000000000295
162 17.000000 16.000000 0.03346650000000000319
163 29.000000 23.000000 0.02373849999999999918
164 19.000000 16.000000 0.05967510000000000175
165 19.000000 17.000000 0.03693020000000000330
166 22.000000 18.000000 0.03152839999999999809
167 20.000000 18.000000 0.02649829999999999894
168 29.000000 22.000000 0.02435669999999999849
169 22.000000 18.000000 0.02559840000000000032
170 24.000000 20.000000 0.02226770000000000138
171 25.000000 20.000000 0.02059909999999999866
172 25.000000 19.000000 0.02306559999999999860
173 26.000000 22.000000 0.02326390000000000055
174 18.000000 16.000000 0.02487709999999999921
175 21.000000 18.000000 0.02787449999999999997
176 17.000000 16.000000 0.02733410000000000006
177 17.000000 16.000000 0.02795020000000000143
178 17.000000 15.000000 0.02430569999999999953
179 23.000000 22.000000 0.02272729999999999889
180 14.000000 14.000000 0.02339400000000000160
181 24.000000 19.000000 0.02961640000000000106
182 16.000000 15.000000 0.02983150000000000038
183 23.000000 19.000000 0.03323290000000000272
184 18.000000 15.000000 0.02816099999999999853
185 23.000000 19.000000 0.02667759999999999923
186 25.000000 19.000000 0.02344359999999999847
187 30.000000 23.000000 0.02433899999999999952
188 29.000000 21.000000 0.02330209999999999920
189 21.000000 17.000000 0.02955769999999999925
190 23.000000 18.000000 0.02267720000000000152
191 15.000000 13.000000 0.02125979999999999884
192 21.000000 16.000000 0.02611240000000000089
193 28.000000 22.000000 0.02409959999999999880
194 21.000000 18.000000 0.01821829999999999977
195 20.000000 19.000000 0.02364389999999999895
196 25.000000 20.000000 0.02252480000000000107
197 18.000000 17.000000 0.02433580000000000118
198 26.000000 21.000000 0.02341379999999999850
199 25.000000 22.000000 0.01964859999999999871
200 18.000000 17.000000 0.02220290000000000111
201 18.000000 16.000000 0.02309080000000000160
202 27.000000 19.000000 0.02405289999999999859
203 23.000000 18.000000 0.01841399999999999981
204 23.000000 21.000000 0.01683739999999999890
205 28.000000 19.000000 0.01767020000000000049
206 28.000000 21.000000 0.01798009999999999886
207 29.000000 21.000000 0.02193509999999999904
208 24.000000 19.000000 0.02199399999999999966
209 27.000000 22.000000 0.01968759999999999954
210 28.000000 22.000000 0.01882469999999999977
211 23.000000 19.000000 0.01552390000000000020
212 25.000000 19.000000 0.02194000000000000117
213 21.000000 18.000000 0.01757739999999999997
214 19.000000 18.000000 0.01715169999999999889
215 19.000000 16.000000 0.02402929999999999996
216 20.000000 18.000000 0.01842049999999999937
217 22.000000 18.000000 0.02270319999999999977
218 22.000000 19.000000 0.01714419999999999833
219 17.000000 15.000000 0.02177480000000000041
220 18.000000 15.000000 0.01787189999999999959
221 23.000000 18.000000 0.01535369999999999964
222 22.000000 18.000000 0.01918610000000000107
223 30.000000 21.000000 0.01974470000000000044
224 19.000000 18.000000 0.02353600000000000136
225 26.000000 21.000000 0.02355799999999999908
226 20.000000 19.000000 0.02075329999999999883
227 23.000000 17.000000 0.02081799999999999970
228 21.000000 19.000000 0.01751269999999999910
229 24.000000 21.000000 0.02479100000000000054
230 26.000000 21.000000 0.02158030000000000018
231 16.000000 14.000000 0.02243080000000000074
232 20.000000 17.000000 0.02354049999999999893
233 30.000000 21.000000 0.02181829999999999881
234 23.000000 20.000000 0.02234999999999999834
235 25.000000 20.000000 0.01726000000000000104
236 18.000000 15.000000 0.02225040000000000004
237 28.000000 22.000000 0.03130770000000000081
238 28.000000 23.000000 0.02290889999999999940
239 21.000000 19.000000 0.02442189999999999986
240 16.000000 16.000000 0.02112810000000000035
241 22.000000 17.000000 0.02631879999999999983
242 23.000000 20.000000 0.02340249999999999969
243 27.000000 19.000000 0.02449049999999999838
244 19.000000 17.000000 0.02696300000000000086
245 23.000000 20.000000 0.02120350000000000013
246 33.000000 24.000000 0.01708760000000000140
247 25.000000 18.000000 0.01862700000000000120
248 24.000000 21.000000 0.01623339999999999853
249 28.000000 20.000000 0.02021730000000000055
250 19.000000 16.000000 0.02085149999999999851
251 25.000000 21.000000 0.01729539999999999897
252 21.000000 16.000000 0.01735259999999999928
253 23.000000 20.000000 0.02269629999999999911
254 32.000000 25.000000 0.01691089999999999954
255 23.000000 20.000000 0.02432089999999999946
256 26.000000 22.000000 0.01509860000000000022
257 23.000000 19.000000 0.01414520000000000013
258 20.000000 16.000000 0.02118559999999999888
259 29.000000 22.000000 0.02073250000000000093
260 20.000000 18.000000 0.02218449999999999936
261 21.000000 18.000000 0.02161479999999999999
262 23.000000 21.000000 0.02053419999999999898
263 19.000000 18.000000 0.02440259999999999999
264 26.000000 23.000000 0.01925920000000000062
265 28.000000 22.000000 0.02224840000000000151
266 27.000000 21.000000 0.02140939999999999857
267 23.000000 21.000000 0.02159979999999999886
268 18.000000 16.000000 0.01547989999999999956
269 29.000000 22.000000 0.01897189999999999988
270 22.000000 18.000000 0.02119189999999999963
271 24.000000 19.000000 0.01989399999999999849
272 28.000000 21.000000 0.01855570000000000136
273 18.000000 17.000000 0.01670980000000000035
274 15.000000 15.000000 0.01636599999999999860
275 22.000000 19.000000 0.01841630000000000003
276 19.000000 16.000000 0.01784490000000000035
277 30.000000 23.000000 0.01304830000000000052
278 23.000000 20.000000 0.01760540000000000022
279 28.000000 23.000000 0.01466019999999999997
280 25.000000 22.000000 0.01261510000000000062
281 24.000000 18.000000 0.01330770000000000043
282 21.000000 16.000000 0.01870310000000000028
283 29.000000 23.000000 0.01991530000000000036
284 16.000000 15.000000 0.01994630000000000014
285 21.000000 19.000000 0.01825169999999999917
286 28.000000 22.000000 0.01304340000000000013
287 19.000000 16.000000 0.01556459999999999962
288 24.000000 20.000000 0.01420350000000000085
289 25.000000 22.000000 0.01314169999999999922
290 20.000000 18.000000 0.01401119999999999970
291 22.000000 21.000000 0.01285299999999999984
292 22.000000 19.000000 0.01389409999999999951
293 34.000000 26.000000 0.01092339999999999978
294 31.000000 24.000000 0.01145170000000000042
295 21.000000 18.000000 0.01346200000000000001
296 19.000000 16.000000 0.01498009999999999967
297 27.000000 22.000000 0.01731819999999999887
298 22.000000 18.000000 0.01536850000000000022
299 23.000000 19.000000 0.01395339999999999948
300 27.000000 21.000000 0.01863539999999999988
301 27.000000 22.000000 0.01886459999999999873
302 21.000000 18.000000 0.01803309999999999982
303 22.000000 20.000000 0.01541520000000000043
304 26.000000 21.000000 0.01368909999999999919
305 17.000000 16.000000 0.01813899999999999887
306 22.000000 18.000000 0.02285399999999999932
307 20.000000 17.000000 0.01565770000000000009
308 23.000000 18.000000 0.01244980000000000045
309 24.000000 20.000000 0.01328580000000000039
310 22.000000 18.000000 0.01328949999999999923
311 25.000000 21.000000 0.01095819999999999954
312 26.000000 20.000000 0.01318800000000000007
313 25.000000 20.000000 0.01124119999999999980
314 29.000000 23.000000 0.01186620000000000036
315 18.000000 15.000000 0.01212689999999999949
316 18.000000 16.000000 0.01295740000000000086
317 31.000000 25.000000 0.01477189999999999927
318 20.000000 17.000000 0.01496920000000000021
319 24.000000 19.000000 0.01186700000000000081
320 33.000000 22.000000 0.01280470000000000046
321 30.000000 24.000000 0.01271760000000000078
322 23.000000 19.000000 0.01330860000000000029
323 17.000000 16.000000 0.01425610000000000072
324 16.000000 15.000000 0.01691609999999999989
325 15.000000 15.000000 0.01750320000000000001
326 28.000000 21.000000 0.01604099999999999970
327 18.000000 17.000000 0.01530800000000000043
328 23.000000 19.000000 0.01473059999999999994
329 25.000000 23.000000 0.01435580000000000016
330 24.000000 21.000000 0.01453740000000000067
331 24.000000 20.000000 0.01316200000000000009
332 20.000000 16.000000 0.01313040000000000040
333 34.000000 26.000000 0.01219280000000000017
334 23.000000 20.000000 0.01923990000000000075
335 23.000000 16.000000 0.01254210000000000047
336 14.000000 14.000000 0.01435310000000000058
337 20.000000 18.000000 0.01393870000000000005
338 31.000000 23.000000 0.01189160000000000043
339 22.000000 17.000000 0.01294389999999999950
340 18.000000 16.000000 0.01551630000000000023
341 22.000000 19.000000 0.01377019999999999980
342 21.000000 18.000000 0.01226529999999999981
343 21.000000 17.000000 0.01145930000000000039
344 16.000000 14.000000 0.01228199999999999951
345 23.000000 17.000000 0.01203070000000000007
346 22.000000 19.000000 0.01532299999999999982
347 23.000000 18.000000 0.01354720000000000056
348 20.000000 17.000000 0.01173000000000000084
349 23.000000 20.000000 0.01398669999999999948
350 29.000000 24.000000 0.01350419999999999919
351 20.000000 18.000000 0.01451659999999999930
352 24.000000 22.000000 0.01091409999999999950
353 26.000000 21.000000 0.01309150000000000071
354 28.000000 20.000000 0.01169800000000000006
355 24.000000 19.000000 0.01202300000000000070
356 20.000000 18.000000 0.01504020000000000010
357 24.000000 17.000000 0.01138750000000000005
358 22.000000 19.000000 0.01444080000000000016
359 20.000000 20.000000 0.01353500000000000016
360 31.000000 23.000000 0.01135940000000000040
361 28.000000 21.000000 0.00938469999999999929
362 24.000000 21.000000 0.01128780000000000061
363 20.000000 18.000000 0.01106599999999999945
364 34.000000 25.000000 0.00928660000000000076
365 31.000000 23.000000 0.00947160000000000016
366 23.000000 20.000000 0.00992559999999999970
367 23.000000 18.000000 0.01019310000000000008
368 19.000000 18.000000 0.01252580000000000013
369 17.000000 17.000000 0.01228300000000000052
370 21.000000 19.000000 0.01165940000000000032
371 21.000000 18.000000 0.01069050000000000035
372 22.000000 18.000000 0.01088509999999999998
373 25.000000 20.000000 0.00998130000000000024
374 25.000000 21.000000 0.00945080000000000052
375 17.000000 16.000000 0.01218100000000000085
376 24.000000 21.000000 0.01255230000000000061
377 24.000000 18.000000 0.01118929999999999925
378 25.000000 20.000000 0.01058150000000000063
379 20.000000 18.000000 0.00995539999999999967
380 20.000000 18.000000 0.01045779999999999973
381 17.000000 16.000000 0.01102659999999999925
382 30.000000 25.000000 0.01055090000000000021
383 22.000000 20.000000 0.01038850000000000016
384 24.000000 18.000000 0.01097689999999999950
385 30.000000 23.000000 0.01105910000000000053
386 23.000000 17.000000 0.01045160000000000013
387 26.000000 19.000000 0.01046659999999999952
388 16.000000 16.000000 0.01174620000000000004
389 26.000000 19.000000 0.01088689999999999970
390 33.000000 25.000000 0.01125810000000000005
391 20.000000 17.000000 0.01111080000000000054
392 23.000000 19.000000 0.01216479999999999992
393 19.000000 19.000000 0.01180550000000000002
394 25.000000 20.000000 0.01074669999999999966
395 16.000000 16.000000 0.01046369999999999939
396 25.000000 20.000000 0.01098179999999999990
397 25.000000 23.000000 0.01257190000000000044
398 20.000000 17.000000 0.01082220000000000057
399 17.000000 15.000000 0.01179080000000000059
400 21.000000 19.000000 0.01135770000000000009
401 16.000000 16.000000 0.01261349999999999971
402 20.000000 18.000000 0.01316119999999999964
403 20.000000 20.000000 0.01754580000000000028
404 20.000000 16.000000 0.01134519999999999973
405 27.000000 22.000000 0.01124310000000000066
406 29.000000 21.000000 0.01047799999999999947
407 21.000000 19.000000 0.01262929999999999955
408 24.000000 21.000000 0.01064670000000000026
409 27.000000 22.000000 0.01138630000000000024
410 14.000000 14.000000 0.01049059999999999923
411 16.000000 16.000000 0.01070109999999999985
412 15.000000 15.000000 0.01045029999999999917
413 21.000000 18.000000 0.01002240000000000075
414 24.000000 20.000000 0.01047460000000000058
415 19.000000 17.000000 0.01265130000000000074
416 19.000000 16.000000 0.01131670000000000072
417 21.000000 20.000000 0.01059530000000000020
418 19.000000 17.000000 0.01121049999999999998
419 22.000000 20.000000 0.01045349999999999925
420 18.000000 18.000000 0.01120950000000000071
