1 162.000000 123.000000 2.07120090000000001140
2 184.000000 138.000000 1.03215480000000003891
3 189.000000 142.000000 3.57894639999999997215
4 215.000000 164.000000 2.05720979999999986632
5 221.000000 162.000000 2.36216440000000016397
6 219.000000 149.000000 1.46543270000000003250
7 153.000000 128.000000 1.21869120000000008552
8 177.000000 137.000000 1.48228129999999991284
9 108.000000 92.000000 1.46424229999999999663
10 223.000000 158.000000 1.24332299999999995599
11 218.000000 158.000000 4.53000649999999982498
12 168.000000 132.000000 0.77980400000000005267
13 159.000000 126.000000 1.36393399999999997974
14 238.000000 179.000000 2.61373780000000000001
15 207.000000 150.000000 1.17270129999999994652
16 198.000000 155.000000 4.17225409999999996558
17 169.000000 127.000000 1.90839490000000000514
18 145.000000 118.000000 1.54700339999999991747
19 227.000000 165.000000 0.71500770000000002380
20 182.000000 143.000000 1.08744339999999994895
21 178.000000 137.000000 1.89242690000000002293
22 187.000000 143.000000 1.48737169999999996328
23 192.000000 145.000000 1.85175259999999997085
24 191.000000 147.000000 1.10508680000000003574
25 230.000000 167.000000 4.62853699999999967929
26 174.000000 133.000000 1.22486800000000006783
27 196.000000 144.000000 1.60255839999999993850
28 154.000000 119.000000 0.66493210000000002591
29 209.000000 149.000000 1.28711510000000006748
30 211.000000 162.000000 0.86907270000000003130
31 175.000000 139.000000 1.16470450000000003143
32 170.000000 130.000000 1.21876080000000008852
33 182.000000 141.000000 6.52238190000000006563
34 132.000000 117.000000 2.15168260000000000076
35 131.000000 100.000000 1.21281700000000003392
36 139.000000 106.000000 1.49325540000000001051
37 150.000000 106.000000 2.86574179999999989477
38 183.000000 137.000000 2.99257900000000010010
39 224.000000 158.000000 1.01037639999999995233
40 142.000000 115.000000 1.18348220000000003971
41 231.000000 176.000000 0.92756289999999996798
42 189.000000 141.000000 0.91311180000000002899
43 177.000000 126.000000 0.82090879999999999406
44 179.000000 137.000000 0.87902069999999998817
45 294.000000 219.000000 0.69065829999999994726
46 183.000000 140.000000 0.93994310000000003136
47 274.000000 193.000000 0.78199269999999998504
48 133.000000 113.000000 2.05322080000000006805
49 165.000000 136.000000 0.66618980000000005415
50 155.000000 116.000000 2.03048319999999993257
51 172.000000 126.000000 1.59989760000000003082
52 218.000000 164.000000 1.63642090000000006711
53 182.000000 142.000000 1.01386630000000010909
54 144.000000 116.000000 1.16603539999999994414
55 169.000000 135.000000 2.43213670000000004023
56 170.000000 131.000000 1.68465460000000000207
57 194.000000 140.000000 0.61822779999999999401
58 169.000000 124.000000 1.79957330000000004233
59 196.000000 142.000000 0.90098029999999995621
60 192.000000 143.000000 2.29009900000000010678
61 151.000000 123.000000 1.39907939999999997305
62 254.000000 180.000000 0.68563339999999994845
63 242.000000 165.000000 2.15823549999999997340
64 109.000000 87.000000 1.25505259999999996268
65 241.000000 171.000000 0.66991409999999995684
66 199.000000 153.000000 0.86206780000000005071
67 240.000000 163.000000 0.65633620000000003625
68 124.000000 96.000000 1.64475689999999996616
69 245.000000 170.000000 1.46657930000000003012
70 191.000000 143.000000 1.20609929999999998529
71 150.000000 110.000000 1.63000509999999998456
72 153.000000 124.000000 1.06592599999999992910
73 176.000000 139.000000 0.87721439999999994974
74 184.000000 138.000000 1.86462879999999997516
75 130.000000 92.000000 1.65379049999999994114
76 211.000000 150.000000 1.73664730000000000487
77 177.000000 130.000000 2.35556959999999993016
78 195.000000 145.000000 1.68576140000000007646
79 173.000000 139.000000 2.07495660000000015089
80 162.000000 120.000000 1.25287820000000005294
81 135.000000 114.000000 1.63965220000000000411
82 173.000000 140.000000 0.92576729999999995968
83 147.000000 107.000000 1.48501539999999998543
84 194.000000 152.000000 1.04402759999999994456
85 159.000000 126.000000 1.10083350000000002034
86 160.000000 125.000000 1.79524109999999992304
87 159.000000 126.000000 1.46595469999999994393
88 224.000000 161.000000 1.07452260000000010542
89 206.000000 155.000000 1.07009669999999990075
90 237.000000 178.000000 0.51082119999999997528
91 158.000000 122.000000 0.93304600000000004201
92 184.000000 135.000000 1.15833199999999991725
93 177.000000 141.000000 1.12489700000000003577
94 186.000000 137.000000 1.14266010000000006741
95 178.000000 143.000000 1.56792489999999995476
96 193.000000 145.000000 1.34918179999999998664
97 159.000000 130.000000 1.33947430000000000661
98 169.000000 137.000000 1.08789380000000002191
99 161.000000 121.000000 1.33363610000000010203
100 227.000000 164.000000 0.87839840000000002362
101 164.000000 121.000000 1.45783470000000003886
102 213.000000 155.000000 2.77506029999999981328
103 151.000000 120.000000 1.38555790000000000894
104 172.000000 135.000000 0.83002080000000000304
105 173.000000 127.000000 1.45058829999999994165
106 232.000000 166.000000 3.51389480000000009596
107 208.000000 156.000000 1.11013880000000009218
108 208.000000 155.000000 1.33075879999999990844
109 131.000000 111.000000 0.84749019999999997133
110 135.000000 105.000000 0.87540799999999996395
111 220.000000 167.000000 0.51895270000000004451
112 196.000000 153.000000 2.66921400000000019759
113 161.000000 128.000000 0.62976229999999999709
114 200.000000 141.000000 0.83509310000000003260
115 186.000000 133.000000 1.28728630000000010547
116 199.000000 157.000000 1.04212459999999995652
117 182.000000 140.000000 1.32751130000000006071
118 161.000000 126.000000 2.23125349999999977868
119 171.000000 133.000000 1.72154089999999992955
120 162.000000 130.000000 1.79860609999999998543
121 175.000000 135.000000 0.97289680000000000604
122 158.000000 120.000000 0.71258730000000003457
123 155.000000 123.000000 0.75067729999999999180
124 111.000000 95.000000 0.79880099999999998328
125 192.000000 150.000000 0.99993750000000003464
126 197.000000 150.000000 0.94671559999999999047
127 202.000000 147.000000 1.12606530000000004677
128 176.000000 142.000000 1.57666919999999999291
129 259.000000 192.000000 1.25329850000000009302
130 181.000000 135.000000 2.42649189999999981282
131 203.000000 153.000000 0.72298130000000004891
132 210.000000 155.000000 0.89577569999999995254
133 202.000000 146.000000 0.74074569999999995140
134 220.000000 173.000000 0.77690309999999995760
135 139.000000 111.000000 0.98216409999999998437
136 144.000000 112.000000 0.97205200000000002714
137 160.000000 135.000000 0.97423979999999998913
138 255.000000 177.000000 1.03693269999999992947
139 195.000000 139.000000 1.08316750000000006082
140 139.000000 113.000000 0.92114019999999996458
141 197.000000 145.000000 0.81314359999999996642
142 163.000000 130.000000 0.93364559999999996442
143 143.000000 107.000000 1.62930390000000002715
144 148.000000 113.000000 3.92715630000000004429
145 227.000000 171.000000 0.84847700000000003673
146 153.000000 114.000000 0.59657269999999995580
147 193.000000 146.000000 0.98443849999999999412
148 164.000000 125.000000 5.86684040000000006643
149 247.000000 175.000000 0.64842809999999995174
150 206.000000 145.000000 0.66654060000000003861
151 127.000000 99.000000 2.15650509999999995259
152 176.000000 132.000000 1.71465700000000009773
153 196.000000 154.000000 1.56981710000000007632
154 146.000000 116.000000 0.98756699999999997264
155 105.000000 86.000000 1.86479780000000006090
156 178.000000 129.000000 0.70261989999999996392
157 151.000000 116.000000 0.63650640000000002772
158 142.000000 112.000000 0.89178990000000002425
159 127.000000 101.000000 0.71697520000000003471
160 208.000000 152.000000 2.07990979999999980876
161 164.000000 133.000000 0.63260539999999998440
162 129.000000 112.000000 1.15175080000000007452
163 202.000000 149.000000 1.14777259999999992068
164 179.000000 130.000000 0.70193519999999998138
165 179.000000 145.000000 0.86546979999999995581
166 157.000000 108.000000 1.44262730000000005681
167 151.000000 122.000000 0.63014320000000001443
168 234.000000 161.000000 0.66292609999999996262
169 157.000000 127.000000 0.72816740000000002020
170 200.000000 148.000000 0.51801929999999996035
171 180.000000 136.000000 0.78459970000000001100
172 184.000000 147.000000 0.76014970000000003925
173 199.000000 160.000000 0.43667499999999997984
174 157.000000 123.000000 0.97681439999999997159
175 140.000000 113.000000 0.80730279999999998708
176 155.000000 124.000000 0.65660519999999999996
177 232.000000 162.000000 0.84821760000000001600
178 226.000000 163.000000 0.47125080000000002522
179 161.000000 120.000000 0.77141190000000003923
180 183.000000 140.000000 0.88601479999999999126
181 173.000000 135.000000 1.00621540000000009307
182 216.000000 171.000000 0.50745589999999995978
183 149.000000 122.000000 0.59533130000000000770
184 195.000000 155.000000 3.06591980000000008388
185 197.000000 140.000000 0.54049170000000001934
186 168.000000 124.000000 0.47616419999999998192
187 147.000000 108.000000 1.93021090000000006270
188 192.000000 146.000000 2.97300409999999981636
189 202.000000 165.000000 0.72119650000000001810
190 146.000000 108.000000 0.99994649999999996037
191 181.000000 144.000000 2.40299920000000000186
192 176.000000 132.000000 1.44625910000000001965
193 199.000000 156.000000 1.27576679999999997861
194 163.000000 123.000000 0.80934720000000004436
195 258.000000 194.000000 0.63770329999999997295
196 155.000000 117.000000 0.73237549999999995709
197 221.000000 171.000000 0.41591450000000002030
198 189.000000 150.000000 1.02229849999999999888
199 331.000000 229.000000 2.85204360000000001207
200 220.000000 159.000000 1.35953410000000007862
201 198.000000 154.000000 0.73064830000000002830
202 171.000000 134.000000 0.88389189999999995262
203 244.000000 183.000000 0.50187689999999995916
204 195.000000 151.000000 2.73407799999999978624
205 197.000000 146.000000 0.80133440000000000225
206 170.000000 139.000000 0.53185519999999997243
207 194.000000 143.000000 0.88796010000000002993
208 135.000000 108.000000 0.91480930000000004743
209 178.000000 126.000000 0.56524750000000001382
210 163.000000 126.000000 0.63147529999999996164
211 150.000000 123.000000 1.07248579999999993362
212 245.000000 191.000000 0.48971769999999997802
213 146.000000 115.000000 0.62752790000000002735
214 159.000000 122.000000 0.79057639999999995695
215 234.000000 166.000000 0.46081410000000000426
216 131.000000 96.000000 0.92273300000000002541
217 137.000000 110.000000 0.83267009999999996861
218 201.000000 151.000000 0.61659850000000004933
219 197.000000 155.000000 0.95248840000000001282
220 185.000000 138.000000 0.65737920000000005238
221 184.000000 137.000000 0.96661220000000003250
222 133.000000 103.000000 0.53383780000000002897
223 163.000000 122.000000 0.74580519999999994596
224 163.000000 130.000000 0.53708330000000004123
225 199.000000 146.000000 1.09757449999999989743
226 189.000000 134.000000 0.64432579999999994858
227 244.000000 185.000000 0.80174080000000003121
228 149.000000 119.000000 0.66206640000000005486
229 190.000000 140.000000 0.40731349999999999500
230 158.000000 126.000000 1.58051929999999996035
231 177.000000 122.000000 0.54399059999999999082
232 134.000000 104.000000 0.60928320000000002477
233 146.000000 112.000000 0.96194900000000005402
234 233.000000 168.000000 0.40469719999999997917
235 160.000000 128.000000 0.59521570000000001421
236 205.000000 150.000000 1.00076019999999998866
237 173.000000 127.000000 0.64291920000000002400
238 171.000000 124.000000 1.21918069999999989506
239 206.000000 149.000000 0.42728310000000002677
240 161.000000 119.000000 0.86696229999999996352
241 144.000000 113.000000 0.81520919999999996719
242 173.000000 125.000000 0.61727209999999999024
243 254.000000 187.000000 0.57392480000000001272
244 152.000000 108.000000 0.72074680000000002078
245 209.000000 147.000000 0.83320050000000001056
246 152.000000 117.000000 0.98813870000000003646
247 150.000000 109.000000 0.65843359999999995225
248 218.000000 169.000000 0.98961840000000000916
249 188.000000 140.000000 0.61405819999999999848
250 203.000000 162.000000 0.59348429999999996465
251 186.000000 131.000000 0.44637969999999999038
252 229.000000 171.000000 0.38229220000000002644
253 197.000000 139.000000 0.50248130000000001960
254 189.000000 131.000000 1.27297119999999996942
255 156.000000 117.000000 0.65633730000000001237
256 191.000000 145.000000 0.34360960000000001502
257 265.000000 199.000000 1.55085300000000003706
258 174.000000 133.000000 0.98870579999999996801
259 180.000000 136.000000 0.88830679999999995200
260 221.000000 174.000000 0.34071869999999998546
261 208.000000 156.000000 0.82427189999999994630
262 199.000000 163.000000 0.40223290000000000433
263 200.000000 152.000000 0.65624170000000003888
264 220.000000 171.000000 0.57805079999999997575
265 246.000000 174.000000 1.06743729999999992231
266 180.000000 135.000000 0.80997370000000001866
267 112.000000 91.000000 0.78626549999999995055
268 184.000000 132.000000 0.78661849999999999827
269 177.000000 125.000000 5.10013480000000019032
270 174.000000 129.000000 0.71712560000000002969
271 208.000000 148.000000 0.65602170000000004091
272 142.000000 108.000000 0.53433240000000004066
273 158.000000 116.000000 0.63936170000000003277
274 186.000000 149.000000 0.73059819999999997542
275 180.000000 144.000000 0.60959010000000002361
276 148.000000 120.000000 0.95220660000000001411
277 210.000000 170.000000 1.51456509999999999749
278 168.000000 125.000000 0.64344970000000001331
279 172.000000 139.000000 0.46554810000000002024
280 127.000000 98.000000 0.44154090000000001393
281 185.000000 138.000000 1.99764509999999995138
282 202.000000 144.000000 0.47544680000000000275
283 245.000000 178.000000 0.71109730000000004324
284 126.000000 103.000000 0.87556400000000000894
285 216.000000 159.000000 1.60145050000000011003
286 194.000000 138.000000 0.43480570000000001718
287 190.000000 143.000000 2.63512730000000017228
288 170.000000 131.000000 0.41835109999999997576
289 188.000000 142.000000 0.65211010000000002584
290 191.000000 134.000000 1.09829719999999997349
291 209.000000 157.000000 0.50773919999999994612
292 210.000000 146.000000 1.00101729999999999876
293 207.000000 161.000000 0.66404010000000002201
294 168.000000 122.000000 0.44738539999999998864
295 144.000000 117.000000 0.60687690000000005242
296 171.000000 125.000000 0.69871269999999996436
297 223.000000 157.000000 0.25974560000000002091
298 205.000000 154.000000 0.53774800000000000377
299 187.000000 130.000000 1.17238060000000010596
300 177.000000 132.000000 0.92350209999999999244
301 159.000000 123.000000 0.99586479999999999446
302 200.000000 151.000000 1.26195450000000009005
303 190.000000 144.000000 1.08318500000000006445
304 161.000000 131.000000 0.95421469999999997125
305 213.000000 156.000000 0.68406990000000000851
306 191.000000 144.000000 3.88036039999999982086
307 181.000000 149.000000 0.93300980000000000025
308 202.000000 150.000000 0.95383450000000002955
309 165.000000 141.000000 0.52123900000000000787
310 200.000000 158.000000 0.50141469999999999096
311 176.000000 131.000000 2.33442509999999980863
312 158.000000 129.000000 0.49418000000000000815
313 228.000000 166.000000 0.76337670000000001913
314 197.000000 141.000000 0.51457770000000002675
315 136.000000 114.000000 0.57541880000000000805
316 159.000000 123.000000 0.45137789999999999857
317 185.000000 139.000000 1.80689060000000001338
318 155.000000 117.000000 1.22724720000000009357
319 151.000000 118.000000 0.56561139999999998640
320 210.000000 158.000000 0.66517579999999998375
321 141.000000 121.000000 1.43860480000000001688
322 229.000000 171.000000 0.68034539999999998905
323 171.000000 130.000000 0.65077260000000003437
324 123.000000 103.000000 0.76427120000000003941
325 130.000000 103.000000 0.66656269999999995246
326 195.000000 154.000000 0.50906030000000002111
327 213.000000 153.000000 0.99655499999999996863
328 201.000000 156.000000 0.41298750000000000737
329 150.000000 117.000000 0.73951219999999995292
330 149.000000 113.000000 2.74295830000000018245
331 106.000000 86.000000 1.06890179999999990201
332 195.000000 146.000000 1.04639710000000007994
333 174.000000 128.000000 0.88999130000000004070
334 143.000000 117.000000 0.49699080000000001034
335 136.000000 108.000000 1.98248850000000009786
336 249.000000 175.000000 0.27519470000000001431
337 191.000000 151.000000 0.72948429999999997442
338 233.000000 187.000000 0.94869910000000001737
339 201.000000 159.000000 0.45265539999999998555
340 124.000000 99.000000 0.53120210000000001038
341 150.000000 127.000000 0.63314060000000005335
342 194.000000 148.000000 0.57889310000000004930
343 116.000000 85.000000 0.88277439999999995912
344 218.000000 168.000000 0.45009199999999999209
345 191.000000 138.000000 0.80198709999999995279
346 221.000000 162.000000 0.98543749999999996625
347 191.000000 151.000000 0.55254870000000000374
348 205.000000 140.000000 0.56362740000000000062
349 187.000000 148.000000 0.41368009999999999504
350 170.000000 128.000000 0.75533930000000004679
351 209.000000 156.000000 0.76315379999999999328
352 164.000000 127.000000 0.50744319999999998316
353 125.000000 109.000000 0.55929720000000004987
354 164.000000 132.000000 0.69730769999999997477
355 174.000000 128.000000 0.64692000000000005056
356 200.000000 162.000000 0.43625059999999998839
357 186.000000 142.000000 0.87675469999999999793
358 152.000000 122.000000 0.60941500000000004000
359 233.000000 163.000000 0.65162569999999997439
360 186.000000 150.000000 0.25366640000000001409
361 197.000000 149.000000 1.54096060000000001367
362 185.000000 135.000000 1.46882299999999998974
363 172.000000 127.000000 0.38781630000000000269
364 251.000000 180.000000 0.38195560000000000622
365 194.000000 138.000000 0.66209209999999996121
366 98.000000 75.000000 1.13333689999999998044
367 130.000000 105.000000 0.64701220000000003729
368 244.000000 181.000000 0.45372970000000001356
369 213.000000 148.000000 1.66376719999999989064
370 146.000000 105.000000 1.00366700000000008686
371 253.000000 179.000000 0.35404010000000002423
372 180.000000 131.000000 0.40328449999999999021
373 216.000000 163.000000 0.45710489999999998068
374 171.000000 130.000000 1.01989269999999998539
375 167.000000 127.000000 0.63789419999999996680
376 209.000000 153.000000 0.23395340000000000580
377 143.000000 122.000000 0.76226099999999996637
378 193.000000 136.000000 0.62615180000000003613
379 196.000000 150.000000 0.72923360000000003733
380 172.000000 136.000000 0.48714849999999998431
381 164.000000 120.000000 0.46130959999999998633
382 167.000000 117.000000 2.05536049999999992366
383 169.000000 129.000000 0.66242460000000003006
384 203.000000 160.000000 0.40486400000000000166
385 199.000000 149.000000 0.31159229999999998872
386 307.000000 221.000000 0.36913560000000000816
387 158.000000 133.000000 0.97265679999999998806
388 189.000000 147.000000 0.63066889999999997674
389 198.000000 151.000000 0.68982449999999995160
390 129.000000 100.000000 0.28087299999999998379
391 176.000000 138.000000 0.72183200000000002916
392 150.000000 118.000000 0.33541589999999998906
393 190.000000 147.000000 0.53188509999999999955
394 194.000000 138.000000 0.90005970000000001807
395 150.000000 120.000000 0.68723369999999994739
396 199.000000 144.000000 0.76043839999999995882
397 207.000000 159.000000 1.40667739999999996670
398 177.000000 126.000000 0.74493600000000004258
399 219.000000 164.000000 0.36805209999999999315
400 184.000000 142.000000 0.56510930000000003659
401 235.000000 173.000000 0.45463249999999999496
402 252.000000 174.000000 0.32062150000000000372
403 209.000000 150.000000 0.87857359999999995459
404 224.000000 171.000000 0.29688160000000002325
405 200.000000 158.000000 1.57132080000000007303
406 175.000000 143.000000 0.32768710000000000893
407 107.000000 82.000000 0.74113280000000003600
408 206.000000 151.000000 0.31069799999999997420
409 193.000000 144.000000 1.07734890000000005372
410 174.000000 126.000000 0.53511719999999995956
411 202.000000 147.000000 0.48311759999999998039
412 177.000000 128.000000 0.86045830000000000926
413 171.000000 133.000000 3.39611909999999994625
414 135.000000 111.000000 0.50585139999999995108
415 212.000000 147.000000 0.52712769999999997683
416 233.000000 174.000000 0.42086930000000000174
417 160.000000 118.000000 0.65254800000000001692
418 190.000000 134.000000 0.74367249999999995858
419 236.000000 177.000000 0.30075619999999997356
420 182.000000 126.000000 0.61927770000000004202
