1 46.000000 35.000000 0.42624400000000001176
2 37.000000 32.000000 0.13819129999999998915
3 40.000000 34.000000 0.11156679999999999375
4 53.000000 40.000000 0.08173110000000000097
5 35.000000 27.000000 0.21358569999999998945
6 35.000000 32.000000 0.14987190000000000234
7 42.000000 32.000000 0.10089960000000000595
8 42.000000 31.000000 0.09098370000000000068
9 68.000000 43.000000 0.10208879999999999344
10 48.000000 38.000000 0.11538370000000000570
11 41.000000 31.000000 0.07897479999999999778
12 39.000000 30.000000 0.11235449999999999604
13 55.000000 42.000000 0.10095859999999999557
14 60.000000 46.000000 0.11285879999999999523
15 58.000000 45.000000 0.09349509999999999765
16 63.000000 47.000000 0.12673580000000000956
17 35.000000 27.000000 0.11323759999999999382
18 55.000000 42.000000 0.08736030000000000184
19 55.000000 40.000000 0.07984639999999999793
20 43.000000 36.000000 0.11084189999999999321
21 46.000000 34.000000 0.12770080000000000320
22 53.000000 41.000000 0.08506969999999999810
23 60.000000 41.000000 0.12571399999999999242
24 60.000000 44.000000 0.12456979999999999442
25 39.000000 32.000000 0.09183040000000000647
26 42.000000 35.000000 0.12615080000000000737
27 46.000000 37.000000 0.13229409999999999781
28 55.000000 45.000000 0.10753000000000000058
29 39.000000 29.000000 0.08959620000000000084
30 45.000000 36.000000 0.08102099999999999580
31 54.000000 38.000000 0.07907859999999999889
32 54.000000 41.000000 0.08092779999999999418
33 51.000000 40.000000 0.08063549999999999884
34 31.000000 24.000000 0.08542569999999999331
35 58.000000 38.000000 0.07862410000000000232
36 47.000000 36.000000 0.12798270000000000479
37 41.000000 34.000000 0.13924900000000001166
38 57.000000 42.000000 0.08568510000000000015
39 42.000000 34.000000 0.12378390000000000226
40 57.000000 41.000000 0.07237029999999999852
41 42.000000 34.000000 0.12836690000000000600
42 43.000000 31.000000 0.11325369999999999882
43 34.000000 27.000000 0.10937330000000000663
44 52.000000 40.000000 0.11562999999999999667
45 46.000000 36.000000 0.11091570000000000595
46 55.000000 39.000000 0.12732170000000000987
47 45.000000 36.000000 0.12216119999999999757
48 48.000000 38.000000 0.12980669999999999709
49 43.000000 33.000000 0.07780140000000000666
50 40.000000 33.000000 0.11762169999999999570
51 27.000000 25.000000 0.12691500000000000004
52 36.000000 30.000000 0.08004210000000000491
53 39.000000 32.000000 0.11298389999999999822
54 50.000000 42.000000 0.07969350000000000045
55 31.000000 26.000000 0.11379110000000000613
56 40.000000 34.000000 0.07254370000000000263
57 63.000000 44.000000 0.07999829999999999441
58 49.000000 36.000000 0.06660750000000000004
59 63.000000 48.000000 0.07776560000000000417
60 45.000000 34.000000 0.07180229999999999946
61 49.000000 36.000000 0.07697980000000000100
62 38.000000 32.000000 0.09995990000000000431
63 54.000000 40.000000 0.07547710000000000530
64 43.000000 36.000000 0.07430140000000000355
65 57.000000 41.000000 0.09689680000000000515
66 47.000000 36.000000 0.10674720000000000042
67 48.000000 40.000000 0.07186720000000000608
68 43.000000 36.000000 0.07653189999999999993
69 35.000000 29.000000 0.11832189999999999375
70 57.000000 42.000000 0.05879270000000000329
71 43.000000 35.000000 0.11243789999999999341
72 59.000000 44.000000 0.07943569999999999798
73 35.000000 31.000000 0.08125540000000000540
74 41.000000 35.000000 0.08906350000000000378
75 40.000000 33.000000 0.10236330000000000429
76 49.000000 39.000000 0.08799389999999999989
77 49.000000 39.000000 0.10356029999999999403
78 48.000000 37.000000 0.14421549999999999647
79 59.000000 43.000000 0.07781019999999999603
80 76.000000 50.000000 0.06515210000000000445
81 43.000000 35.000000 0.08570189999999999753
82 35.000000 27.000000 0.11339309999999999667
83 48.000000 38.000000 0.06925779999999999437
84 41.000000 33.000000 0.09878460000000000019
85 60.000000 45.000000 0.07531720000000000081
86 37.000000 33.000000 0.09785309999999999842
87 56.000000 42.000000 0.06588249999999999662
88 44.000000 34.000000 0.10972529999999999784
89 53.000000 35.000000 0.09408930000000000071
90 53.000000 39.000000 0.10159079999999999500
91 23.000000 23.000000 0.07792730000000000490
92 54.000000 41.000000 0.07250929999999999875
93 59.000000 44.000000 0.08414789999999999770
94 44.000000 35.000000 0.07219330000000000191
95 27.000000 23.000000 0.07234809999999999852
96 53.000000 41.000000 0.10993519999999999681
97 43.000000 35.000000 0.10880890000000000006
98 38.000000 32.000000 0.09377770000000000550
99 45.000000 34.000000 0.09956039999999999335
100 39.000000 29.000000 0.08035319999999999963
101 33.000000 29.000000 0.06702339999999999687
102 62.000000 45.000000 0.07293260000000000021
103 43.000000 33.000000 0.09964629999999999321
104 44.000000 37.000000 0.10540099999999999469
105 51.000000 36.000000 0.10881739999999999469
106 51.000000 38.000000 0.08573730000000000240
107 44.000000 33.000000 0.10062050000000000161
108 36.000000 30.000000 0.11240450000000000441
109 32.000000 23.000000 0.07214160000000000017
110 52.000000 40.000000 0.07390170000000000072
111 46.000000 36.000000 0.11124570000000000292
112 55.000000 41.000000 0.10215050000000000519
113 43.000000 33.000000 0.08257670000000000288
114 40.000000 30.000000 0.10851210000000000022
115 53.000000 42.000000 0.11708200000000000551
116 45.000000 36.000000 0.09392630000000000423
117 50.000000 37.000000 0.08379440000000000499
118 37.000000 32.000000 0.10371439999999999826
119 47.000000 38.000000 0.08558290000000000342
120 54.000000 39.000000 0.10478510000000000602
121 54.000000 40.000000 0.10174220000000000486
122 54.000000 43.000000 0.06610989999999999922
123 43.000000 33.000000 0.09723740000000000161
124 53.000000 35.000000 0.12537940000000000196
125 39.000000 33.000000 0.06545910000000000617
126 72.000000 51.000000 0.07461460000000000314
127 44.000000 38.000000 0.08639539999999999720
128 35.000000 29.000000 0.11199850000000000083
129 54.000000 38.000000 0.08829960000000000586
130 40.000000 29.000000 0.16330620000000001246
131 59.000000 40.000000 0.09706090000000000551
132 39.000000 34.000000 0.08745100000000000096
133 46.000000 38.000000 0.06036919999999999786
134 55.000000 41.000000 0.08225810000000000066
135 55.000000 39.000000 0.09247039999999999427
136 55.000000 38.000000 0.09485860000000000125
137 38.000000 33.000000 0.08943589999999999873
138 35.000000 30.000000 0.10115599999999999592
139 20.000000 18.000000 0.07139769999999999450
140 44.000000 33.000000 0.09320900000000000019
141 46.000000 37.000000 0.09435019999999999518
142 44.000000 34.000000 0.05665690000000000309
143 44.000000 35.000000 0.10619040000000000423
144 36.000000 34.000000 0.07421909999999999619
145 59.000000 45.000000 0.08933889999999999887
146 51.000000 38.000000 0.09247850000000000514
147 58.000000 42.000000 0.08709550000000000625
148 37.000000 32.000000 0.06020829999999999932
149 45.000000 34.000000 0.07653490000000000293
150 36.000000 29.000000 0.08251899999999999513
151 44.000000 36.000000 0.10717450000000000587
152 60.000000 40.000000 0.09160600000000000687
153 42.000000 32.000000 0.09863900000000000445
154 48.000000 38.000000 0.05919520000000000337
155 42.000000 33.000000 0.09131369999999999765
156 46.000000 40.000000 0.06167120000000000241
157 49.000000 37.000000 0.09743989999999999596
158 46.000000 35.000000 0.07191920000000000257
159 82.000000 54.000000 0.08610479999999999523
160 49.000000 36.000000 0.06224999999999999978
161 49.000000 38.000000 0.09746760000000000146
162 37.000000 30.000000 0.06287909999999999333
163 49.000000 39.000000 0.08925779999999999825
164 28.000000 24.000000 0.07041859999999999786
165 40.000000 33.000000 0.08645869999999999944
166 48.000000 36.000000 0.07523480000000000445
167 35.000000 32.000000 0.15820680000000000853
168 48.000000 38.000000 0.07412169999999999870
169 65.000000 45.000000 0.05901669999999999833
170 50.000000 41.000000 0.07337899999999999978
171 28.000000 24.000000 0.08673799999999999566
172 39.000000 33.000000 0.05564209999999999989
173 39.000000 34.000000 0.05646659999999999874
174 43.000000 34.000000 0.06420080000000000231
175 35.000000 30.000000 0.05561769999999999908
176 38.000000 31.000000 0.05261829999999999979
177 62.000000 44.000000 0.05986179999999999973
178 34.000000 31.000000 0.06671580000000000565
179 35.000000 29.000000 0.05533369999999999955
180 45.000000 37.000000 0.05227149999999999852
181 35.000000 32.000000 0.05073180000000000051
182 60.000000 48.000000 0.05203089999999999798
183 38.000000 30.000000 0.06905650000000000677
184 36.000000 29.000000 0.09755840000000000345
185 57.000000 43.000000 0.06183659999999999851
186 58.000000 39.000000 0.04811130000000000267
187 55.000000 42.000000 0.04980180000000000023
188 59.000000 43.000000 0.06329949999999999466
189 65.000000 49.000000 0.06934170000000000611
190 36.000000 32.000000 0.07655470000000000330
191 42.000000 32.000000 0.07696260000000000601
192 40.000000 32.000000 0.08440979999999999317
193 54.000000 41.000000 0.08697530000000000538
194 57.000000 42.000000 0.06871230000000000393
195 37.000000 32.000000 0.07887689999999999979
196 51.000000 39.000000 0.07635540000000000382
197 27.000000 26.000000 0.05922070000000000112
198 48.000000 37.000000 0.06002480000000000315
199 53.000000 38.000000 0.06028719999999999912
200 39.000000 31.000000 0.08963809999999999834
201 42.000000 35.000000 0.05962819999999999926
202 44.000000 36.000000 0.05297969999999999763
203 38.000000 32.000000 0.05738660000000000289
204 42.000000 30.000000 0.05213890000000000191
205 57.000000 46.000000 0.07719750000000000223
206 49.000000 36.000000 0.05398239999999999983
207 52.000000 34.000000 0.04458489999999999676
208 44.000000 34.000000 0.06021250000000000213
209 36.000000 32.000000 0.04635740000000000000
210 35.000000 26.000000 0.04805840000000000112
211 57.000000 46.000000 0.04178230000000000138
212 41.000000 32.000000 0.02976919999999999913
213 57.000000 40.000000 0.04271490000000000009
214 46.000000 35.000000 0.04194599999999999718
215 51.000000 41.000000 0.04608820000000000278
216 43.000000 38.000000 0.04935280000000000222
217 39.000000 31.000000 0.04760600000000000248
218 43.000000 34.000000 0.06023490000000000094
219 65.000000 49.000000 0.04265349999999999697
220 50.000000 34.000000 0.04980459999999999748
221 55.000000 39.000000 0.06496129999999999960
222 42.000000 33.000000 0.05393900000000000083
223 58.000000 42.000000 0.04802859999999999768
224 44.000000 38.000000 0.06064909999999999746
225 35.000000 28.000000 0.04392410000000000064
226 53.000000 39.000000 0.04306890000000000024
227 28.000000 24.000000 0.06742579999999999407
228 52.000000 40.000000 0.05805670000000000275
229 49.000000 34.000000 0.03888939999999999758
230 48.000000 35.000000 0.04500210000000000321
231 45.000000 33.000000 0.03170440000000000064
232 47.000000 37.000000 0.04879189999999999916
233 38.000000 28.000000 0.06016409999999999814
234 30.000000 27.000000 0.05641059999999999824
235 55.000000 41.000000 0.04805829999999999824
236 49.000000 37.000000 0.07518370000000000608
237 49.000000 35.000000 0.04573660000000000225
238 48.000000 39.000000 0.06172090000000000215
239 35.000000 30.000000 0.06011190000000000283
240 43.000000 34.000000 0.04530320000000000180
241 45.000000 34.000000 0.04866439999999999655
242 32.000000 28.000000 0.04856669999999999737
243 33.000000 31.000000 0.03467169999999999974
244 42.000000 37.000000 0.04023480000000000112
245 42.000000 32.000000 0.03738360000000000294
246 47.000000 43.000000 0.04527099999999999874
247 53.000000 44.000000 0.04828380000000000172
248 28.000000 25.000000 0.04636259999999999687
249 43.000000 35.000000 0.04995079999999999659
250 49.000000 37.000000 0.04516549999999999732
251 47.000000 36.000000 0.03985009999999999941
252 60.000000 44.000000 0.03971949999999999786
253 42.000000 37.000000 0.04457570000000000282
254 26.000000 22.000000 0.04944609999999999977
255 59.000000 41.000000 0.03507529999999999676
256 40.000000 32.000000 0.03781160000000000077
257 40.000000 30.000000 0.04654250000000000054
258 43.000000 32.000000 0.03779330000000000189
259 37.000000 31.000000 0.03621030000000000082
260 62.000000 48.000000 0.03206529999999999797
261 42.000000 33.000000 0.03262029999999999791
262 45.000000 32.000000 0.04191219999999999668
263 50.000000 37.000000 0.03068190000000000153
264 41.000000 32.000000 0.04215649999999999953
265 56.000000 39.000000 0.03212860000000000021
266 59.000000 41.000000 0.03329710000000000308
267 47.000000 39.000000 0.04155570000000000097
268 43.000000 35.000000 0.04209960000000000091
269 31.000000 27.000000 0.04841229999999999839
270 41.000000 32.000000 0.05368520000000000236
271 51.000000 37.000000 0.04206300000000000316
272 42.000000 30.000000 0.03363139999999999880
273 50.000000 39.000000 0.03695520000000000055
274 52.000000 39.000000 0.03514590000000000075
275 48.000000 32.000000 0.04122440000000000132
276 46.000000 36.000000 0.03501320000000000127
277 38.000000 32.000000 0.03994169999999999665
278 60.000000 43.000000 0.02929920000000000094
279 50.000000 36.000000 0.06261780000000000124
280 41.000000 32.000000 0.03298510000000000331
281 45.000000 38.000000 0.02945359999999999992
282 42.000000 32.000000 0.03192579999999999724
283 57.000000 44.000000 0.03127280000000000337
284 50.000000 38.000000 0.05319159999999999860
285 59.000000 44.000000 0.02864830000000000154
286 55.000000 45.000000 0.02838210000000000038
287 49.000000 38.000000 0.04150229999999999891
288 33.000000 30.000000 0.04345090000000000063
289 51.000000 41.000000 0.03021580000000000099
290 42.000000 32.000000 0.02943880000000000108
291 48.000000 35.000000 0.03082990000000000036
292 31.000000 26.000000 0.03199119999999999742
293 43.000000 33.000000 0.03051339999999999955
294 34.000000 27.000000 0.04083219999999999905
295 53.000000 44.000000 0.04097710000000000241
296 49.000000 40.000000 0.03377360000000000084
297 43.000000 33.000000 0.03535250000000000198
298 37.000000 31.000000 0.03961049999999999988
299 47.000000 36.000000 0.03756500000000000117
300 36.000000 31.000000 0.03175580000000000069
301 35.000000 31.000000 0.03889530000000000071
302 61.000000 40.000000 0.04159750000000000253
303 39.000000 32.000000 0.03813769999999999660
304 58.000000 40.000000 0.05190659999999999719
305 28.000000 25.000000 0.05059929999999999983
306 57.000000 44.000000 0.03826149999999999690
307 52.000000 37.000000 0.06317689999999999417
308 55.000000 42.000000 0.06857430000000000470
309 55.000000 43.000000 0.03400199999999999750
310 45.000000 35.000000 0.04690439999999999887
311 43.000000 37.000000 0.04449059999999999820
312 50.000000 39.000000 0.04079669999999999824
313 41.000000 30.000000 0.03416249999999999842
314 39.000000 31.000000 0.04506439999999999751
315 35.000000 33.000000 0.03849249999999999894
316 40.000000 29.000000 0.03109469999999999942
317 42.000000 37.000000 0.03405819999999999681
318 49.000000 35.000000 0.03275430000000000008
319 54.000000 42.000000 0.03153079999999999772
320 55.000000 40.000000 0.04989960000000000229
321 34.000000 25.000000 0.03208020000000000316
322 46.000000 39.000000 0.04714000000000000135
323 43.000000 37.000000 0.03878829999999999778
324 61.000000 43.000000 0.03032510000000000067
325 45.000000 32.000000 0.02890219999999999942
326 75.000000 51.000000 0.02563110000000000041
327 48.000000 36.000000 0.03414770000000000305
328 48.000000 36.000000 0.02775199999999999889
329 50.000000 40.000000 0.03988699999999999884
330 60.000000 46.000000 0.04870929999999999704
331 72.000000 50.000000 0.04370849999999999735
332 50.000000 39.000000 0.02835980000000000098
333 41.000000 32.000000 0.04441930000000000184
334 38.000000 32.000000 0.03425960000000000116
335 43.000000 34.000000 0.04805820000000000231
336 44.000000 34.000000 0.03924419999999999992
337 34.000000 30.000000 0.04618680000000000008
338 42.000000 31.000000 0.03053629999999999886
339 39.000000 32.000000 0.03689169999999999949
340 58.000000 40.000000 0.02944849999999999898
341 54.000000 42.000000 0.02957529999999999881
342 27.000000 23.000000 0.03046990000000000115
343 49.000000 42.000000 0.03471980000000000205
344 58.000000 43.000000 0.03885450000000000015
345 47.000000 40.000000 0.03813579999999999748
346 38.000000 35.000000 0.03486170000000000241
347 55.000000 45.000000 0.02833629999999999829
348 41.000000 35.000000 0.03752370000000000011
349 47.000000 37.000000 0.06796069999999999889
350 37.000000 30.000000 0.03489190000000000347
351 51.000000 39.000000 0.04370249999999999829
352 48.000000 39.000000 0.02858399999999999830
353 51.000000 45.000000 0.03749179999999999874
354 40.000000 34.000000 0.05838139999999999996
355 36.000000 33.000000 0.02802349999999999980
356 52.000000 39.000000 0.03417130000000000167
357 38.000000 29.000000 0.03852860000000000312
358 60.000000 43.000000 0.03971790000000000043
359 51.000000 40.000000 0.03536249999999999810
360 49.000000 35.000000 0.03357210000000000055
361 29.000000 25.000000 0.03554439999999999683
362 36.000000 30.000000 0.03230330000000000007
363 51.000000 43.000000 0.03371419999999999972
364 38.000000 31.000000 0.03282360000000000139
365 54.000000 41.000000 0.03044670000000000015
366 57.000000 42.000000 0.02988100000000000131
367 56.000000 43.000000 0.03424789999999999779
368 39.000000 31.000000 0.03546060000000000184
369 45.000000 37.000000 0.03085119999999999876
370 46.000000 34.000000 0.05307599999999999818
371 42.000000 31.000000 0.03573910000000000281
372 35.000000 30.000000 0.03760199999999999654
373 54.000000 43.000000 0.03116220000000000101
374 36.000000 30.000000 0.03125830000000000275
375 70.000000 43.000000 0.03076179999999999887
376 40.000000 31.000000 0.02829049999999999968
377 46.000000 37.000000 0.03191390000000000199
378 58.000000 44.000000 0.02915809999999999930
379 62.000000 48.000000 0.03244310000000000249
380 51.000000 37.000000 0.03669580000000000064
381 39.000000 32.000000 0.02709369999999999834
382 38.000000 32.000000 0.03114360000000000045
383 57.000000 43.000000 0.03915149999999999880
384 46.000000 36.000000 0.03324499999999999678
385 51.000000 40.000000 0.03064789999999999875
386 39.000000 34.000000 0.03293299999999999700
387 48.000000 38.000000 0.03230849999999999694
388 46.000000 36.000000 0.03387659999999999977
389 52.000000 44.000000 0.03316059999999999841
390 45.000000 36.000000 0.03689409999999999912
391 49.000000 40.000000 0.03369889999999999691
392 43.000000 34.000000 0.02814250000000000085
393 45.000000 37.000000 0.02643699999999999870
394 55.000000 43.000000 0.02674230000000000010
395 45.000000 39.000000 0.02523190000000000155
396 53.000000 40.000000 0.03104070000000000093
397 59.000000 44.000000 0.02086810000000000054
398 28.000000 25.000000 0.02778270000000000045
399 63.000000 51.000000 0.02718310000000000171
400 48.000000 36.000000 0.02726320000000000132
401 53.000000 40.000000 0.03316859999999999947
402 52.000000 43.000000 0.02648170000000000038
403 47.000000 35.000000 0.02542619999999999950
404 47.000000 36.000000 0.03094840000000000091
405 64.000000 46.000000 0.02753569999999999976
406 52.000000 37.000000 0.02654679999999999887
407 62.000000 41.000000 0.03223600000000000076
408 47.000000 39.000000 0.02393699999999999994
409 29.000000 26.000000 0.02701680000000000054
410 51.000000 42.000000 0.03020329999999999890
411 48.000000 36.000000 0.02297890000000000002
412 64.000000 40.000000 0.03067169999999999966
413 37.000000 28.000000 0.02857940000000000133
414 50.000000 37.000000 0.02667790000000000092
415 60.000000 44.000000 0.03711310000000000303
416 62.000000 47.000000 0.02098229999999999887
417 52.000000 41.000000 0.03894709999999999839
418 41.000000 33.000000 0.02959509999999999919
419 42.000000 32.000000 0.03313470000000000304
420 45.000000 38.000000 0.02787390000000000007
