1 421.000000 320.000000 47.07638510000000309219
2 314.000000 242.000000 67.85874450000000024374
3 366.000000 297.000000 21.23706179999999932306
4 350.000000 266.000000 25.12251260000000030459
5 298.000000 231.000000 136.07386969999998882486
6 465.000000 345.000000 26.21524499999999946453
7 397.000000 304.000000 21.00247339999999951488
8 472.000000 366.000000 17.85287969999999901916
9 376.000000 301.000000 34.55906180000000205155
10 415.000000 304.000000 87.37716679999999769279
11 493.000000 341.000000 28.41287349999999989336
12 414.000000 315.000000 69.25247869999999750235
13 423.000000 295.000000 81.60167619999999999436
14 396.000000 291.000000 25.11636550000000056571
15 317.000000 252.000000 7.94980750000000035982
16 318.000000 250.000000 36.38768050000000187083
17 491.000000 366.000000 10.70431010000000071614
18 342.000000 268.000000 14.22054059999999964248
19 415.000000 300.000000 18.05876299999999901047
20 448.000000 336.000000 4.99489529999999959387
21 552.000000 396.000000 4.52971009999999996154
22 512.000000 363.000000 38.47323500000000251475
23 429.000000 320.000000 47.32015189999999904558
24 423.000000 311.000000 3.61366539999999991650
25 327.000000 252.000000 26.56915139999999908582
26 388.000000 283.000000 101.12877240000000256259
27 445.000000 325.000000 165.61258799999998814201
28 480.000000 349.000000 22.47073999999999927013
29 455.000000 326.000000 31.96147149999999825809
30 278.000000 217.000000 24.13500349999999983197
31 521.000000 392.000000 3.22661169999999986047
32 429.000000 328.000000 8.67473140000000064731
33 442.000000 322.000000 14.19950419999999979837
34 350.000000 264.000000 10.24148109999999967101
35 464.000000 346.000000 64.65580540000000553391
36 477.000000 334.000000 108.82584310000000016316
37 303.000000 253.000000 6.15412729999999985608
38 441.000000 311.000000 98.42131340000000250257
39 224.000000 190.000000 24.51954290000000113992
40 299.000000 233.000000 31.38376810000000105561
41 344.000000 264.000000 33.60120760000000217360
42 273.000000 198.000000 29.17524519999999910169
43 390.000000 289.000000 41.75020899999999812735
44 483.000000 353.000000 33.22372250000000093451
45 429.000000 301.000000 87.44148819999999489028
46 334.000000 265.000000 12.88161870000000064351
47 477.000000 349.000000 49.17598279999999988377
48 376.000000 293.000000 53.73315800000000308501
49 448.000000 342.000000 26.33202989999999843462
50 440.000000 335.000000 6.79240889999999986060
51 309.000000 247.000000 8.00345609999999929585
52 366.000000 284.000000 10.17114010000000057232
53 441.000000 334.000000 5.37809359999999969659
54 334.000000 262.000000 15.04135489999999997224
55 540.000000 387.000000 76.31714549999999519514
56 407.000000 328.000000 10.31936010000000081277
57 378.000000 277.000000 26.26894559999999856359
58 551.000000 403.000000 25.28106160000000102173
59 431.000000 316.000000 44.36452280000000314431
60 517.000000 380.000000 84.93697040000000697546
61 545.000000 416.000000 18.45746279999999828192
62 407.000000 309.000000 54.81017740000000060263
63 352.000000 262.000000 36.78671109999999799811
64 512.000000 364.000000 19.45094279999999997699
65 400.000000 308.000000 6.21273140000000001493
66 383.000000 281.000000 163.02379510000000095715
67 612.000000 425.000000 11.35550169999999958748
68 347.000000 248.000000 22.49759579999999914435
69 305.000000 245.000000 15.75020229999999976656
70 501.000000 367.000000 23.76756449999999887268
71 362.000000 271.000000 108.94156350000000088585
72 456.000000 346.000000 61.29061089999999722977
73 436.000000 344.000000 2.33843069999999997322
74 432.000000 319.000000 7.34652659999999979590
75 460.000000 335.000000 36.15875750000000010687
76 465.000000 340.000000 53.25391460000000165564
77 390.000000 307.000000 19.49813310000000043942
78 382.000000 299.000000 11.33606499999999961403
79 305.000000 237.000000 18.76600060000000169680
80 247.000000 189.000000 47.76079200000000213322
81 425.000000 332.000000 11.61913870000000059690
82 467.000000 338.000000 56.41774809999999718002
83 326.000000 265.000000 17.49959000000000131081
84 375.000000 284.000000 51.02728559999999902175
85 357.000000 270.000000 16.85578339999999997190
86 265.000000 190.000000 99.81555009999999583670
87 400.000000 288.000000 49.93176809999999932188
88 433.000000 336.000000 26.17639929999999992560
89 395.000000 286.000000 183.06969900000001416629
90 424.000000 310.000000 3.64246150000000001867
91 417.000000 315.000000 7.43634739999999982984
92 482.000000 367.000000 5.63566840000000013333
93 303.000000 232.000000 54.74240640000000013288
94 368.000000 278.000000 38.64246990000000181453
95 264.000000 194.000000 22.13774510000000006471
96 354.000000 276.000000 16.50865340000000003329
97 540.000000 400.000000 2.67074100000000003163
98 421.000000 308.000000 27.68626619999999860511
99 326.000000 250.000000 19.74122789999999838528
100 401.000000 310.000000 9.93578119999999920253
101 421.000000 320.000000 6.56940339999999967091
102 332.000000 253.000000 21.97549499999999866873
103 502.000000 403.000000 11.49742299999999950444
104 463.000000 345.000000 34.03369359999999943511
105 575.000000 399.000000 15.59084389999999942233
106 302.000000 250.000000 27.22882149999999867873
107 525.000000 376.000000 10.63321069999999934907
108 496.000000 366.000000 43.17262240000000161899
109 396.000000 313.000000 5.14258400000000026608
110 311.000000 242.000000 16.77728319999999939682
111 485.000000 365.000000 27.68333750000000037517
112 515.000000 370.000000 4.79632919999999973726
113 384.000000 275.000000 68.38649309999999559295
114 337.000000 245.000000 40.48607930000000010295
115 383.000000 270.000000 59.09132780000000195741
116 449.000000 338.000000 17.39014020000000115829
117 436.000000 326.000000 19.70917820000000020286
118 514.000000 367.000000 47.54973269999999985203
119 554.000000 393.000000 25.37735779999999863321
120 338.000000 279.000000 7.37235059999999986502
121 464.000000 360.000000 15.90732790000000029806
122 587.000000 417.000000 104.41328289999999867632
123 391.000000 282.000000 43.29825329999999894426
124 213.000000 164.000000 14.86756809999999973115
125 513.000000 374.000000 51.90700180000000329983
126 469.000000 362.000000 18.33959690000000009036
127 456.000000 344.000000 13.93309759999999997149
128 437.000000 322.000000 29.31620589999999992870
129 332.000000 255.000000 5.01006269999999975795
130 267.000000 200.000000 12.14641909999999924707
131 450.000000 317.000000 48.92868200000000200589
132 471.000000 335.000000 21.34967460000000016862
133 319.000000 258.000000 11.03574990000000077828
134 460.000000 347.000000 13.48785699999999998511
135 385.000000 321.000000 6.03863020000000005894
136 339.000000 247.000000 16.81189379999999999882
137 440.000000 347.000000 15.73128759999999992658
138 517.000000 365.000000 130.73231899999998972817
139 376.000000 301.000000 7.14582929999999993953
140 408.000000 322.000000 30.32746909999999829211
141 320.000000 254.000000 16.65096910000000107743
142 567.000000 400.000000 40.08517530000000306245
143 434.000000 323.000000 62.89609639999999757265
144 397.000000 310.000000 10.53663090000000046587
145 480.000000 351.000000 6.19922050000000002257
146 462.000000 370.000000 10.14302320000000001698
147 262.000000 215.000000 8.67985679999999959477
148 456.000000 331.000000 19.52472410000000024866
149 542.000000 383.000000 7.78512109999999957211
150 377.000000 286.000000 12.67001699999999964064
151 337.000000 276.000000 7.39717209999999969483
152 519.000000 398.000000 20.34600340000000073815
153 410.000000 333.000000 4.03757460000000012457
154 540.000000 383.000000 25.93788290000000174018
155 393.000000 310.000000 4.68578280000000013672
156 437.000000 330.000000 22.14256340000000022883
157 464.000000 334.000000 13.25235699999999994247
158 395.000000 313.000000 11.47728930000000069356
159 474.000000 345.000000 3.08828920000000017865
160 324.000000 229.000000 26.85972200000000142950
161 385.000000 280.000000 39.71823919999999930042
162 349.000000 271.000000 34.58711689999999805423
163 446.000000 324.000000 68.35288280000000327163
164 318.000000 245.000000 14.94443869999999918718
165 320.000000 238.000000 11.67689260000000039952
166 451.000000 325.000000 26.82581529999999858660
167 502.000000 360.000000 19.53537760000000034211
168 569.000000 426.000000 38.55148259999999993397
169 439.000000 346.000000 6.37214529999999967913
170 528.000000 350.000000 16.58435300000000012233
171 445.000000 345.000000 70.13069900000000700402
172 483.000000 353.000000 48.95976240000000245800
173 393.000000 297.000000 32.35062690000000173995
174 519.000000 357.000000 4.12385209999999968744
175 332.000000 268.000000 13.44435290000000016164
176 286.000000 218.000000 7.25838040000000006557
177 506.000000 374.000000 16.96318339999999835754
178 419.000000 310.000000 3.57468470000000015929
179 419.000000 303.000000 60.35750819999999805532
180 466.000000 329.000000 39.16850509999999729871
181 514.000000 367.000000 26.28407890000000080022
182 419.000000 310.000000 31.28202350000000109276
183 324.000000 260.000000 6.78418200000000037875
184 405.000000 303.000000 15.70404929999999943391
185 425.000000 306.000000 10.58010480000000086420
186 474.000000 345.000000 63.86493010000000225546
187 434.000000 318.000000 39.42299679999999995061
188 401.000000 309.000000 14.29892210000000041248
189 304.000000 241.000000 3.72932940000000012759
190 364.000000 303.000000 22.68686329999999884421
191 474.000000 347.000000 8.15171890000000054499
192 433.000000 327.000000 9.76106809999999924798
193 425.000000 312.000000 19.14873989999999892575
194 428.000000 326.000000 17.40719689999999886254
195 360.000000 279.000000 22.56814400000000020441
196 448.000000 333.000000 84.77446949999999503689
197 405.000000 302.000000 19.95576200000000000045
198 321.000000 247.000000 19.99973500000000115051
199 508.000000 362.000000 11.63518969999999974618
200 249.000000 197.000000 17.18700400000000172440
201 331.000000 246.000000 31.04264080000000092241
202 248.000000 196.000000 13.80407409999999934769
203 320.000000 254.000000 7.62643369999999976017
204 329.000000 251.000000 13.69116400000000055570
205 415.000000 291.000000 20.93838209999999833144
206 490.000000 345.000000 4.25210069999999973334
207 462.000000 338.000000 69.36361290000000678901
208 521.000000 389.000000 9.31814630000000043708
209 468.000000 362.000000 20.27406999999999825945
210 351.000000 276.000000 14.18474679999999921165
211 447.000000 343.000000 7.60964889999999982706
212 352.000000 257.000000 31.45607499999999845386
213 335.000000 249.000000 38.25678419999999846368
214 351.000000 272.000000 5.77372469999999982093
215 479.000000 355.000000 6.18021669999999989642
216 399.000000 299.000000 9.01796350000000046521
217 495.000000 366.000000 5.44216500000000014126
218 501.000000 358.000000 27.57364360000000047535
219 415.000000 295.000000 5.17651350000000043394
220 442.000000 309.000000 181.11751229999998713538
221 366.000000 274.000000 18.82523520000000161190
222 344.000000 266.000000 19.26147879999999901202
223 398.000000 308.000000 4.36131199999999985550
224 262.000000 212.000000 16.79401449999999940133
225 367.000000 285.000000 18.77210439999999991301
226 431.000000 308.000000 84.80269930000000044856
227 297.000000 231.000000 8.21438509999999944000
228 512.000000 365.000000 31.20146679999999861366
229 509.000000 371.000000 4.56767229999999990753
230 263.000000 188.000000 11.58922860000000021330
231 396.000000 298.000000 43.10919770000000283972
232 364.000000 266.000000 5.54773060000000040048
233 390.000000 295.000000 4.85176289999999976743
234 414.000000 327.000000 9.12027100000000068292
235 459.000000 340.000000 5.24768480000000003827
236 295.000000 213.000000 21.70805830000000113955
237 341.000000 261.000000 15.85570300000000010243
238 411.000000 306.000000 28.25239059999999824413
239 312.000000 233.000000 43.20182839999999657721
240 441.000000 336.000000 5.35149469999999993775
241 367.000000 281.000000 14.62872409999999945285
242 451.000000 341.000000 9.90410630000000047346
243 408.000000 299.000000 26.02213430000000116138
244 392.000000 300.000000 4.23919770000000006860
245 272.000000 212.000000 11.87913209999999963884
246 441.000000 331.000000 25.92672749999999837200
247 423.000000 308.000000 20.25433140000000165060
248 504.000000 384.000000 12.32772240000000074645
249 521.000000 390.000000 2.88999270000000008096
250 415.000000 321.000000 2.98991119999999988011
251 404.000000 324.000000 13.60557610000000039463
252 254.000000 199.000000 6.01526549999999993190
253 433.000000 308.000000 41.83114319999999963784
254 343.000000 265.000000 15.59845950000000058822
255 510.000000 394.000000 6.66978090000000012338
256 378.000000 281.000000 12.49197530000000000427
257 355.000000 286.000000 3.35792609999999980275
258 450.000000 341.000000 4.29356950000000026080
259 321.000000 260.000000 12.06408210000000025275
260 382.000000 271.000000 71.00800700000000631462
261 429.000000 329.000000 5.96980549999999965394
262 382.000000 292.000000 30.19491030000000009181
263 323.000000 241.000000 6.45879530000000023904
264 640.000000 451.000000 10.46252589999999926818
265 463.000000 346.000000 27.38673929999999856477
266 393.000000 292.000000 16.89968929999999858182
267 495.000000 363.000000 28.59331660000000141508
268 394.000000 293.000000 210.88441190000000347027
269 427.000000 328.000000 13.05749600000000043565
270 642.000000 472.000000 3.50293820000000000192
271 471.000000 372.000000 9.93901950000000056207
272 454.000000 318.000000 49.20021059999999835100
273 457.000000 330.000000 52.84040739999999658494
274 402.000000 291.000000 15.72124449999999917793
275 285.000000 219.000000 11.32217849999999970123
276 324.000000 242.000000 18.12698639999999983274
277 446.000000 329.000000 46.36310869999999795255
278 363.000000 275.000000 71.98310189999999408883
279 457.000000 334.000000 26.07229209999999852698
280 423.000000 319.000000 15.38494110000000070215
281 400.000000 294.000000 31.35300649999999933470
282 348.000000 270.000000 5.06557659999999998490
283 433.000000 328.000000 1.96616830000000009093
284 505.000000 368.000000 24.94108459999999993784
285 339.000000 249.000000 11.82491929999999946688
286 414.000000 321.000000 17.50034750000000016712
287 431.000000 340.000000 18.83792010000000161085
288 383.000000 304.000000 9.48425109999999982335
289 352.000000 265.000000 39.19008099999999927832
290 392.000000 289.000000 13.09823249999999994486
291 437.000000 316.000000 24.55627979999999865868
292 422.000000 316.000000 8.45109590000000032717
293 369.000000 284.000000 7.55252839999999991960
294 410.000000 323.000000 13.01408580000000014820
295 365.000000 275.000000 13.65080949999999937461
296 435.000000 327.000000 17.23475189999999912516
297 419.000000 312.000000 5.75578970000000023077
298 425.000000 316.000000 47.17854849999999800048
299 519.000000 350.000000 4.22350250000000038142
300 374.000000 279.000000 51.64390219999999942502
301 368.000000 278.000000 29.30939389999999988845
302 372.000000 280.000000 9.80017480000000063001
303 475.000000 342.000000 12.85581730000000000302
304 428.000000 329.000000 14.11687159999999963134
305 337.000000 273.000000 3.69467219999999985092
306 297.000000 223.000000 6.67449850000000033390
307 354.000000 292.000000 34.94916330000000215250
308 317.000000 264.000000 14.56975790000000081648
309 551.000000 393.000000 13.81440100000000015257
310 321.000000 253.000000 12.71843490000000009843
311 472.000000 349.000000 21.83197210000000154650
312 354.000000 276.000000 13.69899969999999989057
313 382.000000 292.000000 27.38822629999999946904
314 433.000000 322.000000 41.61787060000000337823
315 270.000000 211.000000 16.95806960000000174205
316 293.000000 241.000000 16.17360589999999831434
317 242.000000 209.000000 11.43999209999999955301
318 360.000000 289.000000 20.82466649999999930287
319 353.000000 270.000000 5.97194239999999965107
320 444.000000 350.000000 7.05404229999999987655
321 355.000000 279.000000 3.61294519999999996784
322 320.000000 237.000000 11.88708300000000051000
323 445.000000 318.000000 23.51626650000000040563
324 414.000000 333.000000 2.45744680000000004227
325 369.000000 288.000000 5.48084009999999999252
326 396.000000 293.000000 13.68343860000000056232
327 353.000000 270.000000 12.37044910000000008665
328 499.000000 356.000000 40.57860629999999702022
329 350.000000 282.000000 13.79456519999999919435
330 362.000000 287.000000 8.58149039999999985184
331 463.000000 333.000000 21.12503639999999904830
332 383.000000 297.000000 15.37383319999999997663
333 454.000000 315.000000 17.71815399999999840475
334 378.000000 287.000000 15.74165009999999931267
335 506.000000 371.000000 48.32312280000000015434
336 355.000000 259.000000 45.09504689999999982319
337 339.000000 265.000000 2.88931380000000004316
338 525.000000 371.000000 121.92885130000000515338
339 473.000000 371.000000 6.51547599999999960119
340 495.000000 360.000000 27.27785520000000119012
341 387.000000 312.000000 8.06355890000000030682
342 516.000000 376.000000 6.48723839999999984940
343 293.000000 216.000000 247.57849210000000539367
344 391.000000 301.000000 17.92736280000000093082
345 510.000000 359.000000 37.14402739999999880638
346 365.000000 277.000000 12.59882920000000083860
347 526.000000 378.000000 19.94737960000000143168
348 406.000000 323.000000 5.48730350000000033361
349 402.000000 303.000000 16.12206970000000083587
350 373.000000 270.000000 74.83562320000000056552
351 461.000000 336.000000 2.18627299999999991087
352 375.000000 308.000000 11.47135180000000076461
353 388.000000 297.000000 8.81916769999999949903
354 578.000000 423.000000 3.25425679999999983849
355 292.000000 223.000000 21.67790570000000016648
356 321.000000 252.000000 6.51702840000000005460
357 468.000000 363.000000 2.30533609999999988815
358 289.000000 241.000000 3.38497629999999993800
359 355.000000 276.000000 24.22740410000000110813
360 499.000000 348.000000 11.32937259999999923821
361 407.000000 311.000000 9.55307290000000008945
362 301.000000 230.000000 26.77757139999999935753
363 407.000000 313.000000 10.47329599999999949489
364 515.000000 372.000000 13.89437239999999995632
365 382.000000 284.000000 16.86655760000000014998
366 234.000000 186.000000 7.77183840000000003556
367 437.000000 338.000000 35.74345029999999923120
368 360.000000 272.000000 4.46391519999999974999
369 282.000000 215.000000 54.02139119999999650190
370 506.000000 370.000000 13.75233199999999911256
371 255.000000 201.000000 5.54528680000000040451
372 555.000000 408.000000 16.41741490000000069927
373 585.000000 394.000000 28.83392449999999840315
374 415.000000 314.000000 37.46403970000000072105
375 423.000000 320.000000 22.28500329999999962638
376 475.000000 357.000000 3.68396850000000020131
377 498.000000 375.000000 3.60291739999999993671
378 392.000000 315.000000 6.17786610000000013798
379 263.000000 199.000000 34.98676100000000133150
380 567.000000 415.000000 1.14713700000000007329
381 547.000000 395.000000 18.93490410000000068180
382 259.000000 197.000000 67.68044089999999357588
383 521.000000 388.000000 6.89560290000000009059
384 312.000000 251.000000 1.59974710000000008847
385 380.000000 282.000000 10.68059009999999986462
386 351.000000 258.000000 89.87634869999999409629
387 371.000000 273.000000 29.10284169999999903666
388 385.000000 274.000000 6.63904319999999970037
389 310.000000 236.000000 19.61008740000000116765
390 467.000000 345.000000 13.09297450000000040404
391 397.000000 293.000000 51.55416000000000309456
392 371.000000 277.000000 32.24230270000000331265
393 412.000000 301.000000 34.74510870000000295477
394 461.000000 328.000000 46.87545659999999969614
395 527.000000 387.000000 24.16755870000000072650
396 364.000000 285.000000 8.35318700000000013972
397 502.000000 376.000000 18.98306559999999976185
398 315.000000 270.000000 10.40119699999999980378
399 560.000000 402.000000 14.47535189999999971633
400 348.000000 282.000000 2.97054069999999992291
401 445.000000 317.000000 11.43435239999999986082
402 416.000000 308.000000 24.85042329999999921597
403 425.000000 325.000000 38.55706469999999796983
404 397.000000 299.000000 11.89816569999999984475
405 324.000000 250.000000 6.37984330000000010585
406 361.000000 291.000000 17.18843490000000073792
407 628.000000 442.000000 53.77581299999999941974
408 408.000000 314.000000 12.07422539999999955285
409 505.000000 385.000000 22.53100380000000058089
410 327.000000 254.000000 9.03480200000000088778
411 472.000000 357.000000 7.23778430000000039257
412 416.000000 338.000000 3.80694260000000017641
413 378.000000 295.000000 10.81616610000000022751
414 448.000000 317.000000 28.72606370000000097775
415 439.000000 310.000000 3.98961679999999985213
416 473.000000 346.000000 45.14610919999999794072
417 368.000000 281.000000 26.04433320000000051664
418 386.000000 285.000000 19.07450490000000087321
419 398.000000 285.000000 14.60239259999999994477
420 312.000000 221.000000 28.98836070000000120217
