1 17.000000 15.000000 0.14744170000000000886
2 18.000000 16.000000 0.06238919999999999882
3 16.000000 15.000000 0.04753170000000000311
4 17.000000 16.000000 0.02939280000000000018
5 17.000000 16.000000 0.05576480000000000325
6 16.000000 15.000000 0.03534120000000000317
7 17.000000 16.000000 0.02682529999999999984
8 15.000000 15.000000 0.03597510000000000291
9 16.000000 16.000000 0.02296259999999999968
10 15.000000 15.000000 0.02205750000000000072
11 16.000000 15.000000 0.03998670000000000002
12 15.000000 15.000000 0.02237300000000000053
13 16.000000 15.000000 0.02072260000000000074
14 18.000000 16.000000 0.03436689999999999884
15 17.000000 15.000000 0.02282620000000000135
16 16.000000 16.000000 0.02497850000000000070
17 17.000000 16.000000 0.02210229999999999834
18 20.000000 16.000000 0.02565910000000000066
19 16.000000 16.000000 0.02561230000000000104
20 17.000000 16.000000 0.02298160000000000133
21 15.000000 15.000000 0.02164030000000000120
22 19.000000 16.000000 0.03168109999999999676
23 16.000000 16.000000 0.02132219999999999949
24 17.000000 16.000000 0.03498969999999999858
25 16.000000 16.000000 0.02177470000000000100
26 15.000000 15.000000 0.02030229999999999882
27 17.000000 16.000000 0.01936159999999999964
28 18.000000 16.000000 0.02909300000000000080
29 20.000000 16.000000 0.01979300000000000156
30 20.000000 16.000000 0.02818220000000000100
31 15.000000 15.000000 0.02323920000000000152
32 18.000000 16.000000 0.02228540000000000035
33 16.000000 15.000000 0.02461819999999999981
34 15.000000 15.000000 0.03320279999999999759
35 17.000000 15.000000 0.02170040000000000163
36 18.000000 16.000000 0.02188560000000000158
37 14.000000 14.000000 0.03462470000000000131
38 17.000000 16.000000 0.02256680000000000144
39 15.000000 15.000000 0.02000000000000000042
40 17.000000 16.000000 0.02272489999999999927
41 18.000000 16.000000 0.02893199999999999938
42 16.000000 16.000000 0.02095500000000000140
43 17.000000 16.000000 0.02821569999999999981
44 18.000000 16.000000 0.02205069999999999947
45 18.000000 16.000000 0.01827329999999999927
46 17.000000 16.000000 0.02286370000000000069
47 21.000000 16.000000 0.01888559999999999892
48 16.000000 16.000000 0.02624059999999999934
49 14.000000 14.000000 0.02456720000000000084
50 16.000000 15.000000 0.02649479999999999891
51 20.000000 16.000000 0.01919020000000000101
52 17.000000 16.000000 0.02736469999999999875
53 17.000000 16.000000 0.02173100000000000032
54 21.000000 16.000000 0.02317380000000000134
55 16.000000 15.000000 0.02249929999999999986
56 17.000000 16.000000 0.02046819999999999889
57 18.000000 16.000000 0.02959950000000000081
58 15.000000 15.000000 0.02071639999999999940
59 15.000000 15.000000 0.02212369999999999962
60 17.000000 16.000000 0.02364940000000000098
61 15.000000 15.000000 0.06748479999999999757
62 19.000000 16.000000 0.02400880000000000028
63 17.000000 15.000000 0.01950009999999999938
64 15.000000 15.000000 0.02232069999999999887
65 14.000000 14.000000 0.02567730000000000012
66 18.000000 16.000000 0.01834370000000000098
67 17.000000 16.000000 0.02194149999999999920
68 20.000000 16.000000 0.02201370000000000063
69 20.000000 16.000000 0.01755409999999999957
70 15.000000 15.000000 0.01994819999999999927
71 19.000000 16.000000 0.02205640000000000031
72 17.000000 16.000000 0.02186439999999999911
73 19.000000 16.000000 0.02071809999999999971
74 16.000000 15.000000 0.02387610000000000079
75 17.000000 16.000000 0.02281209999999999835
76 17.000000 15.000000 0.01757970000000000019
77 17.000000 16.000000 0.02016619999999999871
78 17.000000 16.000000 0.02251759999999999873
79 18.000000 16.000000 0.01909560000000000077
80 16.000000 16.000000 0.02189610000000000167
81 16.000000 15.000000 0.02344179999999999875
82 17.000000 16.000000 0.01954909999999999981
83 15.000000 15.000000 0.02031000000000000166
84 15.000000 15.000000 0.02278849999999999973
85 20.000000 15.000000 0.01783059999999999853
86 17.000000 16.000000 0.02303360000000000130
87 20.000000 16.000000 0.03025620000000000046
88 17.000000 15.000000 0.02555359999999999923
89 15.000000 15.000000 0.02909540000000000043
90 18.000000 16.000000 0.02078549999999999842
91 16.000000 16.000000 0.02247240000000000001
92 17.000000 16.000000 0.02417479999999999976
93 17.000000 16.000000 0.02445469999999999935
94 16.000000 16.000000 0.02235499999999999987
95 19.000000 16.000000 0.02078419999999999920
96 17.000000 16.000000 0.02145750000000000088
97 18.000000 15.000000 0.02282510000000000094
98 18.000000 16.000000 0.02102729999999999877
99 17.000000 15.000000 0.02128259999999999874
100 18.000000 16.000000 0.02746629999999999905
101 15.000000 15.000000 0.02351719999999999852
102 17.000000 15.000000 0.02636880000000000127
103 17.000000 16.000000 0.02288350000000000106
104 16.000000 16.000000 0.02058089999999999919
105 17.000000 16.000000 0.02864739999999999995
106 18.000000 16.000000 0.02022569999999999923
107 18.000000 16.000000 0.02409539999999999946
108 16.000000 15.000000 0.02924159999999999954
109 18.000000 16.000000 0.02047059999999999852
110 21.000000 16.000000 0.01920389999999999944
111 17.000000 16.000000 0.02206299999999999928
112 17.000000 16.000000 0.02355900000000000008
113 18.000000 16.000000 0.02068439999999999862
114 18.000000 16.000000 0.04009179999999999688
115 17.000000 16.000000 0.02033209999999999879
116 18.000000 16.000000 0.01935610000000000108
117 16.000000 16.000000 0.01971470000000000167
118 20.000000 16.000000 0.02264400000000000093
119 18.000000 16.000000 0.02000769999999999979
120 15.000000 15.000000 0.04214310000000000278
121 14.000000 14.000000 0.02072289999999999896
122 18.000000 16.000000 0.01940369999999999942
123 18.000000 16.000000 0.01897940000000000044
124 20.000000 16.000000 0.01943579999999999960
125 16.000000 15.000000 0.02116770000000000110
126 19.000000 16.000000 0.02212120000000000059
127 18.000000 16.000000 0.01896509999999999863
128 17.000000 16.000000 0.02028309999999999835
129 19.000000 16.000000 0.01897659999999999972
130 16.000000 16.000000 0.02989150000000000140
131 16.000000 16.000000 0.02437630000000000005
132 17.000000 16.000000 0.03573950000000000043
133 16.000000 15.000000 0.03345240000000000019
134 17.000000 16.000000 0.02551590000000000108
135 18.000000 16.000000 0.02376100000000000087
136 17.000000 16.000000 0.02743840000000000168
137 16.000000 16.000000 0.01879530000000000090
138 17.000000 16.000000 0.01933549999999999852
139 18.000000 16.000000 0.03089180000000000051
140 17.000000 16.000000 0.02023700000000000152
141 16.000000 16.000000 0.02559619999999999951
142 19.000000 16.000000 0.01786309999999999981
143 17.000000 16.000000 0.04202589999999999798
144 15.000000 15.000000 0.02195719999999999963
145 15.000000 15.000000 0.01862000000000000113
146 15.000000 15.000000 0.03542119999999999991
147 16.000000 16.000000 0.02809379999999999863
148 18.000000 16.000000 0.02023739999999999914
149 19.000000 16.000000 0.03737789999999999863
150 18.000000 16.000000 0.01929650000000000115
151 18.000000 16.000000 0.02468470000000000039
152 19.000000 16.000000 0.02091329999999999925
153 17.000000 16.000000 0.02017060000000000033
154 18.000000 16.000000 0.02056890000000000107
155 15.000000 15.000000 0.02182500000000000065
156 18.000000 16.000000 0.01868349999999999872
157 14.000000 14.000000 0.01956559999999999896
158 18.000000 16.000000 0.02300450000000000064
159 15.000000 15.000000 0.02324160000000000115
160 18.000000 16.000000 0.02165289999999999923
161 16.000000 16.000000 0.02345389999999999975
162 17.000000 16.000000 0.01948149999999999882
163 18.000000 16.000000 0.01973509999999999848
164 17.000000 16.000000 0.01943320000000000117
165 16.000000 16.000000 0.02278900000000000023
166 14.000000 14.000000 0.02075410000000000102
167 16.000000 15.000000 0.02075159999999999852
168 14.000000 14.000000 0.02077239999999999989
169 17.000000 16.000000 0.02029660000000000145
170 19.000000 15.000000 0.01890179999999999985
171 17.000000 15.000000 0.04014279999999999932
172 17.000000 15.000000 0.02012349999999999903
173 18.000000 16.000000 0.01951939999999999925
174 20.000000 16.000000 0.03669039999999999802
175 16.000000 16.000000 0.02178870000000000112
176 17.000000 15.000000 0.02013210000000000000
177 15.000000 15.000000 0.02239390000000000130
178 16.000000 15.000000 0.02664079999999999920
179 15.000000 15.000000 0.02776980000000000073
180 18.000000 16.000000 0.01866579999999999975
181 17.000000 16.000000 0.02004509999999999972
182 18.000000 16.000000 0.01950570000000000082
183 18.000000 16.000000 0.01905669999999999933
184 16.000000 16.000000 0.02362219999999999945
185 15.000000 15.000000 0.02178259999999999919
186 17.000000 16.000000 0.01746409999999999976
187 20.000000 16.000000 0.02109050000000000161
188 16.000000 15.000000 0.02104819999999999955
189 16.000000 16.000000 0.02094199999999999881
190 18.000000 16.000000 0.02436400000000000024
191 18.000000 16.000000 0.01867119999999999891
192 17.000000 16.000000 0.02070179999999999937
193 16.000000 15.000000 0.02090300000000000144
194 16.000000 15.000000 0.02136700000000000058
195 19.000000 16.000000 0.01735050000000000134
196 15.000000 15.000000 0.02462759999999999949
197 17.000000 16.000000 0.02072519999999999918
198 19.000000 16.000000 0.03455280000000000157
199 17.000000 16.000000 0.02305199999999999957
200 16.000000 15.000000 0.02393640000000000004
201 14.000000 14.000000 0.02308599999999999888
202 16.000000 15.000000 0.02114030000000000076
203 17.000000 15.000000 0.01801289999999999836
204 17.000000 16.000000 0.02002680000000000085
205 18.000000 15.000000 0.01969539999999999833
206 17.000000 16.000000 0.02673419999999999963
207 18.000000 16.000000 0.01908949999999999883
208 16.000000 15.000000 0.01984249999999999903
209 16.000000 15.000000 0.02090169999999999875
210 18.000000 16.000000 0.01981449999999999878
211 18.000000 16.000000 0.02639029999999999848
212 16.000000 15.000000 0.08543910000000000393
213 15.000000 15.000000 0.01972149999999999945
214 19.000000 15.000000 0.01848570000000000074
215 19.000000 16.000000 0.02020829999999999849
216 19.000000 16.000000 0.01780620000000000119
217 19.000000 16.000000 0.02084990000000000107
218 16.000000 16.000000 0.02114020000000000135
219 16.000000 15.000000 0.02014269999999999949
220 14.000000 14.000000 0.02002879999999999938
221 16.000000 16.000000 0.01937900000000000039
222 18.000000 16.000000 0.01906750000000000111
223 18.000000 16.000000 0.01876049999999999940
224 15.000000 15.000000 0.01826279999999999917
225 18.000000 16.000000 0.01811379999999999935
226 15.000000 15.000000 0.01986979999999999996
227 16.000000 16.000000 0.02274539999999999895
228 17.000000 16.000000 0.02267720000000000152
229 15.000000 15.000000 0.02528839999999999907
230 16.000000 16.000000 0.02066950000000000037
231 16.000000 16.000000 0.02084460000000000132
232 18.000000 16.000000 0.01860480000000000120
233 15.000000 15.000000 0.02043930000000000052
234 16.000000 16.000000 0.01994009999999999880
235 19.000000 16.000000 0.01714069999999999830
236 16.000000 15.000000 0.01945619999999999988
237 18.000000 15.000000 0.01784039999999999931
238 19.000000 16.000000 0.01885070000000000148
239 16.000000 16.000000 0.01978059999999999888
240 18.000000 16.000000 0.02173430000000000153
241 17.000000 16.000000 0.02211000000000000118
242 19.000000 16.000000 0.01946509999999999907
243 15.000000 15.000000 0.01907170000000000046
244 16.000000 16.000000 0.01956250000000000003
245 15.000000 15.000000 0.01965739999999999849
246 16.000000 15.000000 0.01903310000000000071
247 16.000000 15.000000 0.02177400000000000169
248 18.000000 16.000000 0.01835600000000000079
249 19.000000 16.000000 0.01686409999999999992
250 17.000000 16.000000 0.01936449999999999977
251 16.000000 16.000000 0.02213920000000000124
252 19.000000 16.000000 0.01899160000000000084
253 16.000000 15.000000 0.02094880000000000006
254 16.000000 16.000000 0.02339849999999999916
255 14.000000 14.000000 0.01951860000000000053
256 15.000000 15.000000 0.02182200000000000112
257 20.000000 16.000000 0.01904990000000000155
258 18.000000 15.000000 0.01954349999999999837
259 16.000000 15.000000 0.01943970000000000073
260 18.000000 16.000000 0.02290849999999999831
261 16.000000 16.000000 0.02382079999999999961
262 18.000000 16.000000 0.01892109999999999972
263 16.000000 16.000000 0.02323659999999999962
264 20.000000 16.000000 0.01849229999999999971
265 19.000000 16.000000 0.01862460000000000157
266 19.000000 15.000000 0.01817169999999999896
267 16.000000 15.000000 0.01834749999999999923
268 16.000000 16.000000 0.01985579999999999984
269 20.000000 16.000000 0.02105939999999999895
270 18.000000 16.000000 0.01897719999999999962
271 18.000000 16.000000 0.02190100000000000033
272 16.000000 16.000000 0.02225910000000000041
273 14.000000 14.000000 0.02390789999999999929
274 17.000000 16.000000 0.02374959999999999918
275 16.000000 15.000000 0.01940659999999999955
276 17.000000 16.000000 0.02359570000000000070
277 18.000000 16.000000 0.02256029999999999841
278 16.000000 16.000000 0.02113359999999999891
279 18.000000 16.000000 0.02195129999999999998
280 18.000000 16.000000 0.01966680000000000164
281 18.000000 16.000000 0.01776379999999999973
282 19.000000 16.000000 0.02234929999999999903
283 17.000000 16.000000 0.01883349999999999955
284 15.000000 15.000000 0.02409990000000000049
285 17.000000 16.000000 0.01862710000000000060
286 19.000000 16.000000 0.01677510000000000112
287 16.000000 15.000000 0.01799140000000000114
288 15.000000 15.000000 0.01976589999999999944
289 17.000000 16.000000 0.01928049999999999903
290 18.000000 16.000000 0.02347739999999999896
291 16.000000 15.000000 0.02398099999999999885
292 15.000000 15.000000 0.02192850000000000008
293 17.000000 15.000000 0.02131529999999999883
294 19.000000 16.000000 0.02239879999999999996
295 16.000000 16.000000 0.02023530000000000120
296 20.000000 16.000000 0.01996869999999999895
297 17.000000 16.000000 0.02073499999999999996
298 18.000000 16.000000 0.02306590000000000029
299 18.000000 16.000000 0.02340139999999999929
300 17.000000 16.000000 0.01870190000000000047
301 18.000000 16.000000 0.02335829999999999851
302 18.000000 15.000000 0.02175070000000000128
303 17.000000 16.000000 0.01905830000000000024
304 17.000000 15.000000 0.02270209999999999936
305 17.000000 15.000000 0.01850979999999999986
306 17.000000 16.000000 0.02534959999999999991
307 17.000000 16.000000 0.01940849999999999867
308 18.000000 16.000000 0.03202200000000000185
309 21.000000 16.000000 0.04436799999999999772
310 16.000000 16.000000 0.02875020000000000006
311 18.000000 16.000000 0.02508070000000000091
312 16.000000 15.000000 0.02309860000000000038
313 17.000000 16.000000 0.01866479999999999875
314 14.000000 14.000000 0.03690249999999999780
315 17.000000 16.000000 0.03248949999999999755
316 17.000000 16.000000 0.02770560000000000037
317 17.000000 15.000000 0.02199250000000000163
318 16.000000 15.000000 0.01866529999999999925
319 16.000000 16.000000 0.02081749999999999920
320 15.000000 15.000000 0.02165660000000000154
321 17.000000 15.000000 0.02311380000000000032
322 19.000000 16.000000 0.04499220000000000302
323 17.000000 16.000000 0.03158470000000000028
324 16.000000 16.000000 0.01849589999999999915
325 18.000000 16.000000 0.02369910000000000072
326 16.000000 15.000000 0.01980039999999999925
327 16.000000 15.000000 0.04237319999999999975
328 16.000000 16.000000 0.04844849999999999851
329 18.000000 15.000000 0.01871300000000000047
330 16.000000 16.000000 0.02007180000000000075
331 20.000000 16.000000 0.05733359999999999845
332 15.000000 15.000000 0.02146460000000000035
333 15.000000 15.000000 0.02138139999999999832
334 16.000000 16.000000 0.02249140000000000167
335 18.000000 16.000000 0.01883280000000000023
336 19.000000 16.000000 0.01829029999999999892
337 15.000000 15.000000 0.02349359999999999990
338 17.000000 16.000000 0.02677710000000000160
339 19.000000 16.000000 0.04948829999999999896
340 19.000000 16.000000 0.02990299999999999903
341 16.000000 15.000000 0.02222330000000000139
342 19.000000 16.000000 0.02134139999999999995
343 19.000000 16.000000 0.02038809999999999928
344 16.000000 16.000000 0.02236000000000000140
345 16.000000 16.000000 0.01881079999999999905
346 15.000000 15.000000 0.02131809999999999955
347 17.000000 16.000000 0.01778100000000000167
348 19.000000 16.000000 0.02558049999999999907
349 16.000000 16.000000 0.02285150000000000028
350 18.000000 16.000000 0.02624680000000000069
351 17.000000 16.000000 0.02155860000000000068
352 16.000000 15.000000 0.01765320000000000084
353 16.000000 16.000000 0.02258649999999999894
354 19.000000 16.000000 0.02398729999999999959
355 16.000000 16.000000 0.01970989999999999895
356 17.000000 16.000000 0.02346080000000000040
357 17.000000 16.000000 0.02757360000000000019
358 17.000000 16.000000 0.01858920000000000017
359 16.000000 15.000000 0.02572440000000000143
360 15.000000 15.000000 0.02313499999999999931
361 15.000000 15.000000 0.02437049999999999980
362 19.000000 15.000000 0.01702899999999999900
363 17.000000 16.000000 0.02082130000000000092
364 20.000000 16.000000 0.01759259999999999990
365 15.000000 15.000000 0.02108070000000000083
366 17.000000 15.000000 0.02215630000000000030
367 19.000000 16.000000 0.01830369999999999914
368 18.000000 16.000000 0.02602109999999999840
369 15.000000 15.000000 0.02292390000000000053
370 16.000000 15.000000 0.02139020000000000157
371 14.000000 14.000000 0.02133029999999999995
372 15.000000 15.000000 0.02496109999999999995
373 19.000000 16.000000 0.01775699999999999848
374 16.000000 16.000000 0.02282460000000000044
375 16.000000 16.000000 0.02203820000000000084
376 16.000000 15.000000 0.02025019999999999945
377 18.000000 16.000000 0.02182939999999999880
378 19.000000 16.000000 0.01882460000000000036
379 15.000000 15.000000 0.01941999999999999976
380 19.000000 16.000000 0.01755980000000000041
381 19.000000 16.000000 0.01773220000000000005
382 20.000000 16.000000 0.02037670000000000106
383 18.000000 16.000000 0.01875119999999999912
384 15.000000 15.000000 0.01761120000000000047
385 16.000000 16.000000 0.02040569999999999884
386 21.000000 16.000000 0.02150600000000000081
387 18.000000 16.000000 0.02178259999999999919
388 16.000000 16.000000 0.01734429999999999999
389 18.000000 16.000000 0.01811540000000000025
390 17.000000 15.000000 0.01273329999999999948
391 18.000000 16.000000 0.01759420000000000081
392 20.000000 16.000000 0.01407199999999999944
393 17.000000 16.000000 0.02098900000000000071
394 15.000000 15.000000 0.01976170000000000010
395 17.000000 16.000000 0.01676139999999999922
396 17.000000 16.000000 0.01310359999999999997
397 15.000000 15.000000 0.01935419999999999849
398 20.000000 16.000000 0.01070800000000000050
399 17.000000 16.000000 0.01833699999999999913
400 16.000000 15.000000 0.02817810000000000106
401 20.000000 16.000000 0.01133269999999999937
402 15.000000 15.000000 0.01555780000000000010
403 17.000000 16.000000 0.01857829999999999898
404 21.000000 16.000000 0.01123240000000000002
405 16.000000 15.000000 0.01520849999999999980
406 15.000000 15.000000 0.01003210000000000039
407 15.000000 15.000000 0.01149659999999999918
408 17.000000 16.000000 0.01166979999999999927
409 16.000000 15.000000 0.01408470000000000034
410 18.000000 16.000000 0.01206559999999999924
411 20.000000 16.000000 0.01288620000000000043
412 18.000000 16.000000 0.00917950000000000016
413 17.000000 15.000000 0.00969279999999999968
414 17.000000 16.000000 0.00956500000000000059
415 15.000000 15.000000 0.01389050000000000007
416 16.000000 16.000000 0.00954709999999999934
417 17.000000 16.000000 0.01162829999999999940
418 16.000000 15.000000 0.02463960000000000108
419 17.000000 16.000000 0.01132020000000000075
420 18.000000 15.000000 0.01482100000000000084
