1 32.000000 24.000000 0.20580429999999999557
2 29.000000 22.000000 0.10496809999999999474
3 32.000000 22.000000 0.06969409999999999494
4 27.000000 22.000000 0.06331749999999999878
5 20.000000 19.000000 0.08194799999999999307
6 24.000000 21.000000 0.12230489999999999418
7 38.000000 24.000000 0.03815410000000000329
8 24.000000 23.000000 0.04132279999999999981
9 21.000000 19.000000 0.03989689999999999903
10 27.000000 19.000000 0.04434799999999999853
11 25.000000 22.000000 0.03194140000000000174
12 20.000000 17.000000 0.03277100000000000152
13 31.000000 22.000000 0.04627499999999999669
14 30.000000 24.000000 0.03741289999999999893
15 24.000000 20.000000 0.05498129999999999684
16 24.000000 21.000000 0.05541709999999999692
17 21.000000 18.000000 0.03792990000000000250
18 33.000000 25.000000 0.03741370000000000112
19 28.000000 24.000000 0.03016399999999999984
20 26.000000 20.000000 0.03170350000000000251
21 36.000000 27.000000 0.02516439999999999996
22 31.000000 23.000000 0.02908190000000000081
23 20.000000 17.000000 0.03110780000000000142
24 27.000000 22.000000 0.03847860000000000169
25 31.000000 26.000000 0.03580080000000000068
26 25.000000 20.000000 0.02941560000000000008
27 20.000000 18.000000 0.03475650000000000267
28 17.000000 16.000000 0.02913500000000000117
29 23.000000 20.000000 0.02840739999999999932
30 29.000000 22.000000 0.03477600000000000136
31 27.000000 23.000000 0.03381359999999999921
32 26.000000 23.000000 0.03149129999999999985
33 24.000000 19.000000 0.03317450000000000260
34 26.000000 18.000000 0.03223240000000000133
35 28.000000 22.000000 0.03588689999999999936
36 29.000000 22.000000 0.04703220000000000317
37 25.000000 19.000000 0.03528660000000000130
38 29.000000 25.000000 0.03627919999999999756
39 34.000000 26.000000 0.02882699999999999846
40 36.000000 26.000000 0.03036140000000000019
41 25.000000 22.000000 0.03346620000000000150
42 24.000000 21.000000 0.02945170000000000080
43 31.000000 23.000000 0.03585200000000000192
44 25.000000 20.000000 0.03482770000000000310
45 27.000000 22.000000 0.04390419999999999739
46 23.000000 20.000000 0.03482149999999999829
47 33.000000 24.000000 0.05591369999999999674
48 21.000000 19.000000 0.02977410000000000126
49 21.000000 18.000000 0.03627090000000000175
50 30.000000 23.000000 0.03668760000000000077
51 20.000000 18.000000 0.05485040000000000054
52 27.000000 23.000000 0.04502919999999999839
53 30.000000 26.000000 0.04564719999999999889
54 32.000000 26.000000 0.05519650000000000251
55 24.000000 20.000000 0.02772029999999999980
56 36.000000 26.000000 0.05648859999999999992
57 32.000000 23.000000 0.05520400000000000307
58 21.000000 19.000000 0.05621940000000000270
59 26.000000 21.000000 0.07643619999999999581
60 27.000000 19.000000 0.02851889999999999981
61 32.000000 25.000000 0.02734440000000000134
62 34.000000 24.000000 0.03031390000000000126
63 28.000000 23.000000 0.03743090000000000306
64 32.000000 24.000000 0.03366790000000000060
65 26.000000 20.000000 0.04165789999999999771
66 35.000000 25.000000 0.02780789999999999998
67 33.000000 24.000000 0.03539219999999999866
68 29.000000 22.000000 0.05938190000000000135
69 25.000000 20.000000 0.04728559999999999708
70 24.000000 20.000000 0.05427680000000000005
71 23.000000 19.000000 0.04777350000000000346
72 29.000000 22.000000 0.05727340000000000209
73 24.000000 19.000000 0.05594249999999999917
74 28.000000 24.000000 0.04795409999999999950
75 22.000000 20.000000 0.06568599999999999439
76 33.000000 25.000000 0.03039110000000000075
77 26.000000 19.000000 0.04544610000000000316
78 31.000000 24.000000 0.02592679999999999985
79 18.000000 17.000000 0.04953180000000000083
80 22.000000 19.000000 0.06037340000000000068
81 25.000000 22.000000 0.04595429999999999654
82 22.000000 22.000000 0.04821960000000000135
83 27.000000 22.000000 0.05098280000000000173
84 30.000000 23.000000 0.05487809999999999910
85 22.000000 19.000000 0.03960380000000000150
86 46.000000 31.000000 0.03474060000000000342
87 23.000000 19.000000 0.04626480000000000176
88 31.000000 24.000000 0.04044400000000000078
89 27.000000 24.000000 0.05690159999999999663
90 31.000000 24.000000 0.03380539999999999934
91 30.000000 25.000000 0.06440429999999999766
92 33.000000 24.000000 0.02642860000000000001
93 36.000000 23.000000 0.04763909999999999673
94 24.000000 21.000000 0.05081170000000000131
95 26.000000 20.000000 0.04615049999999999708
96 29.000000 23.000000 0.05328449999999999853
97 29.000000 23.000000 0.04546390000000000153
98 25.000000 22.000000 0.03617299999999999682
99 23.000000 20.000000 0.04533940000000000192
100 32.000000 26.000000 0.03184739999999999793
101 29.000000 21.000000 0.03323829999999999840
102 17.000000 17.000000 0.03974749999999999811
103 30.000000 23.000000 0.04043700000000000072
104 30.000000 22.000000 0.03784549999999999720
105 23.000000 20.000000 0.04801199999999999912
106 33.000000 25.000000 0.04839949999999999808
107 36.000000 25.000000 0.04039800000000000335
108 30.000000 24.000000 0.03997459999999999902
109 18.000000 18.000000 0.07662889999999999979
110 27.000000 21.000000 0.03532520000000000104
111 20.000000 18.000000 0.03438909999999999884
112 36.000000 25.000000 0.02480970000000000050
113 30.000000 24.000000 0.06095060000000000061
114 28.000000 23.000000 0.03043600000000000125
115 25.000000 20.000000 0.03399950000000000194
116 24.000000 21.000000 0.03059049999999999964
117 21.000000 17.000000 0.04082910000000000011
118 22.000000 19.000000 0.03477849999999999692
119 28.000000 21.000000 0.03904930000000000206
120 31.000000 27.000000 0.04007369999999999682
121 25.000000 21.000000 0.05077879999999999894
122 27.000000 21.000000 0.04329739999999999978
123 33.000000 27.000000 0.04024250000000000049
124 22.000000 19.000000 0.03167299999999999977
125 25.000000 20.000000 0.03416389999999999705
126 22.000000 19.000000 0.03643199999999999911
127 22.000000 20.000000 0.04436120000000000341
128 30.000000 23.000000 0.03715369999999999784
129 28.000000 22.000000 0.03015899999999999831
130 24.000000 20.000000 0.03253110000000000029
131 29.000000 24.000000 0.03237929999999999975
132 28.000000 23.000000 0.03291560000000000319
133 32.000000 24.000000 0.02756660000000000013
134 34.000000 25.000000 0.05095650000000000179
135 22.000000 21.000000 0.03933819999999999678
136 25.000000 22.000000 0.04805299999999999849
137 34.000000 26.000000 0.03537560000000000010
138 24.000000 20.000000 0.03418619999999999992
139 25.000000 21.000000 0.05575669999999999932
140 32.000000 22.000000 0.03465279999999999749
141 25.000000 24.000000 0.03630450000000000343
142 25.000000 21.000000 0.03521760000000000168
143 33.000000 25.000000 0.02881509999999999974
144 20.000000 18.000000 0.04318659999999999860
145 19.000000 16.000000 0.02752490000000000145
146 39.000000 27.000000 0.03120790000000000022
147 27.000000 22.000000 0.02993159999999999918
148 25.000000 21.000000 0.02950440000000000007
149 26.000000 21.000000 0.03940969999999999890
150 30.000000 22.000000 0.03983210000000000223
151 25.000000 22.000000 0.03571640000000000231
152 22.000000 20.000000 0.02897409999999999916
153 21.000000 20.000000 0.03043010000000000159
154 17.000000 17.000000 0.04294110000000000288
155 23.000000 20.000000 0.03219389999999999752
156 25.000000 20.000000 0.03272789999999999727
157 31.000000 23.000000 0.02503659999999999913
158 29.000000 24.000000 0.03278099999999999764
159 23.000000 21.000000 0.03045190000000000050
160 27.000000 21.000000 0.03144269999999999704
161 26.000000 20.000000 0.02958449999999999969
162 26.000000 22.000000 0.03071110000000000159
163 33.000000 25.000000 0.02668310000000000126
164 24.000000 21.000000 0.02973699999999999954
165 31.000000 24.000000 0.02750400000000000067
166 20.000000 18.000000 0.03090450000000000141
167 28.000000 23.000000 0.02674469999999999972
168 31.000000 26.000000 0.02938390000000000099
169 30.000000 23.000000 0.03140359999999999679
170 27.000000 22.000000 0.03106249999999999983
171 25.000000 23.000000 0.03816270000000000079
172 21.000000 19.000000 0.04066199999999999676
173 31.000000 25.000000 0.03921609999999999679
174 24.000000 21.000000 0.04318400000000000016
175 21.000000 20.000000 0.02726030000000000120
176 23.000000 19.000000 0.03005789999999999851
177 23.000000 21.000000 0.03358219999999999955
178 27.000000 21.000000 0.02927000000000000088
179 27.000000 22.000000 0.03011650000000000091
180 19.000000 19.000000 0.03235350000000000031
181 38.000000 28.000000 0.03318990000000000135
182 21.000000 19.000000 0.05231100000000000333
183 22.000000 17.000000 0.03693400000000000155
184 26.000000 21.000000 0.03174550000000000288
185 25.000000 22.000000 0.02626619999999999996
186 27.000000 22.000000 0.03036410000000000151
187 35.000000 26.000000 0.02958730000000000041
188 23.000000 20.000000 0.03966920000000000168
189 20.000000 18.000000 0.03122199999999999975
190 21.000000 19.000000 0.03184150000000000175
191 26.000000 21.000000 0.03048910000000000162
192 27.000000 22.000000 0.02994190000000000046
193 28.000000 23.000000 0.03162149999999999683
194 27.000000 22.000000 0.03599580000000000141
195 28.000000 23.000000 0.03329839999999999883
196 23.000000 19.000000 0.04468720000000000331
197 19.000000 16.000000 0.02805559999999999998
198 31.000000 26.000000 0.04610299999999999815
199 28.000000 21.000000 0.03227939999999999976
200 21.000000 19.000000 0.03163359999999999783
201 34.000000 25.000000 0.02901880000000000084
202 20.000000 19.000000 0.03352839999999999987
203 24.000000 18.000000 0.03258590000000000098
204 26.000000 22.000000 0.04020150000000000112
205 26.000000 21.000000 0.04400760000000000088
206 27.000000 22.000000 0.02726809999999999998
207 33.000000 24.000000 0.02940299999999999858
208 22.000000 22.000000 0.02933010000000000131
209 31.000000 24.000000 0.03097019999999999981
210 23.000000 20.000000 0.02661540000000000086
211 35.000000 26.000000 0.03152379999999999766
212 31.000000 23.000000 0.02972910000000000136
213 21.000000 20.000000 0.02763639999999999847
214 24.000000 22.000000 0.02892830000000000054
215 25.000000 20.000000 0.05515110000000000151
216 23.000000 20.000000 0.03123690000000000147
217 27.000000 21.000000 0.03476449999999999679
218 23.000000 20.000000 0.03553080000000000127
219 22.000000 20.000000 0.03129289999999999849
220 23.000000 23.000000 0.03412880000000000080
221 27.000000 24.000000 0.02882600000000000093
222 19.000000 16.000000 0.03362989999999999730
223 27.000000 22.000000 0.02792230000000000059
224 20.000000 18.000000 0.03037259999999999960
225 26.000000 19.000000 0.02704439999999999969
226 29.000000 22.000000 0.02802059999999999967
227 24.000000 21.000000 0.02927890000000000006
228 23.000000 21.000000 0.03092740000000000072
229 27.000000 22.000000 0.03170649999999999857
230 28.000000 21.000000 0.03138930000000000192
231 32.000000 25.000000 0.03483719999999999872
232 23.000000 20.000000 0.02738809999999999856
233 19.000000 19.000000 0.03090709999999999985
234 30.000000 22.000000 0.03539550000000000335
235 23.000000 20.000000 0.03587930000000000286
236 28.000000 22.000000 0.03813389999999999835
237 20.000000 18.000000 0.02822509999999999949
238 29.000000 23.000000 0.02552360000000000045
239 20.000000 19.000000 0.02743019999999999833
240 25.000000 20.000000 0.03140640000000000098
241 26.000000 19.000000 0.03084440000000000098
242 23.000000 20.000000 0.03354479999999999962
243 30.000000 22.000000 0.03174359999999999682
244 24.000000 22.000000 0.02669629999999999920
245 31.000000 24.000000 0.03121470000000000147
246 30.000000 24.000000 0.03135829999999999868
247 20.000000 18.000000 0.03262840000000000185
248 29.000000 21.000000 0.03123180000000000053
249 31.000000 23.000000 0.02837920000000000026
250 28.000000 21.000000 0.03094049999999999925
251 29.000000 22.000000 0.03074330000000000118
252 30.000000 26.000000 0.02847349999999999881
253 29.000000 24.000000 0.02763909999999999978
254 30.000000 22.000000 0.02621079999999999938
255 29.000000 22.000000 0.03046319999999999931
256 26.000000 21.000000 0.03427310000000000079
257 18.000000 17.000000 0.03014589999999999978
258 34.000000 28.000000 0.03429220000000000185
259 27.000000 25.000000 0.03560399999999999676
260 27.000000 21.000000 0.02851479999999999987
261 23.000000 21.000000 0.03657099999999999934
262 33.000000 24.000000 0.05016439999999999788
263 22.000000 20.000000 0.05065440000000000220
264 22.000000 18.000000 0.03574909999999999893
265 28.000000 24.000000 0.02694239999999999829
266 27.000000 23.000000 0.02402299999999999922
267 27.000000 23.000000 0.02372099999999999903
268 25.000000 22.000000 0.02712650000000000131
269 28.000000 21.000000 0.02276200000000000098
270 22.000000 19.000000 0.03061360000000000123
271 20.000000 17.000000 0.02822130000000000125
272 23.000000 20.000000 0.02530169999999999988
273 37.000000 26.000000 0.02196669999999999873
274 30.000000 24.000000 0.02711589999999999834
275 22.000000 18.000000 0.02890600000000000114
276 25.000000 22.000000 0.02716549999999999868
277 22.000000 20.000000 0.02995029999999999915
278 31.000000 24.000000 0.02592310000000000100
279 29.000000 23.000000 0.03018519999999999884
280 34.000000 26.000000 0.02681259999999999893
281 37.000000 28.000000 0.02146030000000000160
282 25.000000 23.000000 0.02563170000000000032
283 23.000000 21.000000 0.02220880000000000076
284 27.000000 20.000000 0.02558660000000000101
285 26.000000 22.000000 0.02817450000000000163
286 21.000000 19.000000 0.03150769999999999960
287 39.000000 28.000000 0.02498900000000000080
288 32.000000 23.000000 0.02228779999999999997
289 19.000000 19.000000 0.02555489999999999845
290 24.000000 20.000000 0.02621820000000000053
291 27.000000 21.000000 0.02697770000000000029
292 29.000000 21.000000 0.02520290000000000030
293 34.000000 26.000000 0.02662339999999999846
294 23.000000 21.000000 0.01564070000000000044
295 25.000000 21.000000 0.02197090000000000154
296 32.000000 22.000000 0.02152300000000000046
297 23.000000 20.000000 0.01901040000000000021
298 24.000000 21.000000 0.02031540000000000082
299 26.000000 21.000000 0.02653190000000000062
300 24.000000 19.000000 0.02189549999999999830
301 24.000000 19.000000 0.01534830000000000048
302 25.000000 20.000000 0.02282079999999999873
303 26.000000 23.000000 0.02102379999999999874
304 27.000000 21.000000 0.02101710000000000036
305 32.000000 25.000000 0.02523589999999999861
306 26.000000 21.000000 0.01745489999999999889
307 19.000000 16.000000 0.01667429999999999954
308 22.000000 21.000000 0.02245820000000000108
309 26.000000 20.000000 0.01699370000000000047
310 35.000000 26.000000 0.01496270000000000065
311 29.000000 23.000000 0.01664819999999999842
312 26.000000 22.000000 0.02355590000000000114
313 26.000000 22.000000 0.02200119999999999854
314 27.000000 23.000000 0.02629679999999999865
315 19.000000 16.000000 0.02672420000000000004
316 21.000000 18.000000 0.02459650000000000031
317 22.000000 19.000000 0.02496270000000000086
318 22.000000 19.000000 0.02037260000000000112
319 24.000000 20.000000 0.02353540000000000146
320 32.000000 24.000000 0.01923590000000000022
321 32.000000 23.000000 0.02705770000000000050
322 24.000000 23.000000 0.01872319999999999887
323 22.000000 19.000000 0.02524179999999999827
324 25.000000 21.000000 0.02496810000000000002
325 32.000000 26.000000 0.02517259999999999984
326 27.000000 23.000000 0.02816039999999999863
327 25.000000 20.000000 0.02477810000000000082
328 24.000000 23.000000 0.02578259999999999927
329 27.000000 24.000000 0.02189079999999999845
330 24.000000 22.000000 0.02302759999999999876
331 27.000000 23.000000 0.02473579999999999876
332 26.000000 21.000000 0.01741799999999999946
333 25.000000 23.000000 0.01531470000000000053
334 24.000000 21.000000 0.02001150000000000151
335 20.000000 16.000000 0.02569890000000000022
336 31.000000 25.000000 0.01873400000000000065
337 26.000000 21.000000 0.02344900000000000109
338 27.000000 22.000000 0.02341120000000000007
339 20.000000 18.000000 0.02155879999999999949
340 29.000000 23.000000 0.02176969999999999947
341 19.000000 18.000000 0.01525420000000000074
342 36.000000 27.000000 0.02301200000000000120
343 28.000000 23.000000 0.02142279999999999879
344 38.000000 28.000000 0.02585509999999999892
345 24.000000 21.000000 0.02273230000000000042
346 25.000000 21.000000 0.01992249999999999924
347 26.000000 24.000000 0.02371780000000000069
348 33.000000 27.000000 0.02298769999999999980
349 16.000000 16.000000 0.02258659999999999834
350 28.000000 23.000000 0.01954650000000000137
351 25.000000 22.000000 0.02149210000000000009
352 22.000000 19.000000 0.01754040000000000113
353 33.000000 26.000000 0.02299249999999999905
354 23.000000 20.000000 0.02241289999999999949
355 21.000000 17.000000 0.01511939999999999985
356 18.000000 16.000000 0.01604900000000000077
357 27.000000 21.000000 0.02267600000000000171
358 26.000000 23.000000 0.01867730000000000085
359 22.000000 19.000000 0.01601440000000000155
360 26.000000 25.000000 0.01647790000000000019
361 27.000000 20.000000 0.01523189999999999961
362 36.000000 25.000000 0.01493590000000000022
363 30.000000 23.000000 0.01679519999999999971
364 29.000000 22.000000 0.01509779999999999976
365 23.000000 21.000000 0.01512160000000000067
366 29.000000 23.000000 0.02160029999999999936
367 25.000000 19.000000 0.01381130000000000031
368 27.000000 21.000000 0.01763930000000000012
369 29.000000 22.000000 0.01410199999999999995
370 32.000000 24.000000 0.01297839999999999931
371 23.000000 19.000000 0.01391039999999999985
372 23.000000 20.000000 0.01403489999999999946
373 28.000000 21.000000 0.01217329999999999975
374 32.000000 24.000000 0.01319210000000000001
375 27.000000 21.000000 0.01414370000000000037
376 26.000000 23.000000 0.01652460000000000040
377 25.000000 20.000000 0.01683170000000000152
378 23.000000 19.000000 0.02029660000000000145
379 26.000000 22.000000 0.01859910000000000035
380 28.000000 23.000000 0.01615099999999999869
381 21.000000 19.000000 0.01490069999999999936
382 27.000000 22.000000 0.01448490000000000021
383 25.000000 20.000000 0.01748200000000000101
384 27.000000 21.000000 0.02470779999999999851
385 26.000000 20.000000 0.02140459999999999932
386 23.000000 20.000000 0.01338029999999999949
387 28.000000 23.000000 0.01411470000000000086
388 23.000000 19.000000 0.01220500000000000057
389 22.000000 20.000000 0.01248840000000000020
390 25.000000 21.000000 0.01208820000000000033
391 29.000000 21.000000 0.01322949999999999994
392 32.000000 22.000000 0.01288030000000000078
393 28.000000 23.000000 0.01314230000000000086
394 25.000000 22.000000 0.01278800000000000076
395 23.000000 20.000000 0.01761570000000000150
396 22.000000 20.000000 0.01446579999999999915
397 27.000000 24.000000 0.01367840000000000028
398 23.000000 21.000000 0.01410080000000000014
399 29.000000 23.000000 0.01496609999999999954
400 34.000000 25.000000 0.01225270000000000005
401 24.000000 22.000000 0.01746520000000000017
402 25.000000 23.000000 0.01428130000000000024
403 32.000000 24.000000 0.01670769999999999894
404 27.000000 23.000000 0.01571130000000000096
405 29.000000 22.000000 0.01631960000000000008
406 27.000000 22.000000 0.01267019999999999952
407 23.000000 20.000000 0.01459659999999999951
408 26.000000 19.000000 0.01478550000000000003
409 29.000000 25.000000 0.02012859999999999996
410 20.000000 20.000000 0.01686400000000000052
411 16.000000 15.000000 0.01355349999999999958
412 18.000000 17.000000 0.01438350000000000045
413 29.000000 24.000000 0.01292369999999999977
414 18.000000 17.000000 0.01413050000000000070
415 25.000000 20.000000 0.01320129999999999915
416 18.000000 18.000000 0.01395899999999999919
417 23.000000 19.000000 0.01312909999999999945
418 25.000000 20.000000 0.01309950000000000003
419 21.000000 19.000000 0.01367389999999999925
420 24.000000 21.000000 0.01409490000000000048
