1 45.000000 35.000000 0.32042920000000002512
2 51.000000 36.000000 0.21773270000000000124
3 40.000000 35.000000 0.21646340000000000026
4 56.000000 43.000000 0.11913659999999999528
5 58.000000 45.000000 0.08937050000000000549
6 59.000000 42.000000 0.22731509999999999216
7 54.000000 38.000000 0.35977749999999997232
8 44.000000 35.000000 0.18920500000000001206
9 36.000000 31.000000 0.18112030000000001184
10 57.000000 44.000000 0.39039160000000000528
11 47.000000 37.000000 0.28021869999999998724
12 53.000000 42.000000 0.26979859999999999953
13 62.000000 50.000000 0.13014400000000000968
14 53.000000 40.000000 0.12897330000000001293
15 52.000000 43.000000 0.15874779999999999447
16 46.000000 36.000000 0.24900639999999998886
17 69.000000 49.000000 0.16929140000000000854
18 35.000000 32.000000 0.19639329999999999288
19 55.000000 39.000000 0.10225009999999999655
20 38.000000 33.000000 0.14314080000000001247
21 53.000000 39.000000 0.14635449999999999848
22 78.000000 52.000000 0.18161299999999999666
23 53.000000 39.000000 0.12131830000000000391
24 56.000000 47.000000 0.23955480000000001217
25 62.000000 46.000000 0.16692760000000000931
26 45.000000 34.000000 0.26214389999999998526
27 40.000000 33.000000 0.14878430000000000821
28 48.000000 37.000000 0.24760909999999999864
29 41.000000 32.000000 0.28552969999999999740
30 39.000000 30.000000 0.29370790000000002173
31 51.000000 39.000000 0.25553949999999997500
32 47.000000 37.000000 0.24061240000000000405
33 51.000000 42.000000 0.18472920000000001006
34 34.000000 29.000000 0.16628889999999998950
35 43.000000 37.000000 0.13832279999999999576
36 60.000000 44.000000 0.11695980000000000265
37 60.000000 48.000000 0.16648679999999999035
38 35.000000 28.000000 0.19197300000000000475
39 69.000000 49.000000 0.32346059999999998702
40 48.000000 38.000000 0.22674479999999999635
41 66.000000 44.000000 0.15285750000000000726
42 38.000000 29.000000 0.26957700000000001106
43 50.000000 39.000000 0.22551039999999999974
44 51.000000 37.000000 0.22793350000000001110
45 35.000000 32.000000 0.25340430000000002675
46 47.000000 32.000000 0.25845790000000001818
47 54.000000 42.000000 0.16941280000000000228
48 55.000000 40.000000 0.28064200000000000257
49 39.000000 33.000000 0.29762450000000001404
50 51.000000 39.000000 0.25373790000000001621
51 43.000000 35.000000 0.15677979999999999694
52 68.000000 48.000000 0.26275939999999997632
53 62.000000 42.000000 0.28334239999999999426
54 64.000000 45.000000 0.25339309999999998224
55 57.000000 45.000000 0.16514010000000001188
56 52.000000 37.000000 0.26859820000000000917
57 67.000000 47.000000 0.17596129999999998716
58 38.000000 28.000000 0.27446029999999999038
59 37.000000 30.000000 0.28609620000000002271
60 47.000000 34.000000 0.18894140000000000934
61 62.000000 40.000000 0.15668340000000000045
62 41.000000 34.000000 0.24957380000000001230
63 64.000000 48.000000 0.18234159999999999258
64 44.000000 35.000000 0.27864909999999998291
65 44.000000 32.000000 0.24689769999999999772
66 51.000000 40.000000 0.06715559999999999585
67 66.000000 52.000000 0.20843429999999998903
68 54.000000 41.000000 0.14970539999999998848
69 33.000000 23.000000 0.05671720000000000234
70 43.000000 32.000000 0.16906280000000001307
71 42.000000 35.000000 0.23296500000000000541
72 37.000000 29.000000 0.08131180000000000352
73 57.000000 41.000000 0.05911249999999999838
74 67.000000 45.000000 0.05898559999999999914
75 41.000000 36.000000 0.06833970000000000322
76 58.000000 41.000000 0.18825490000000000279
77 42.000000 32.000000 0.06220830000000000110
78 41.000000 33.000000 0.05240489999999999732
79 47.000000 32.000000 0.13146800000000000153
80 69.000000 48.000000 0.12806950000000000278
81 54.000000 40.000000 0.06766750000000000542
82 53.000000 39.000000 0.06007869999999999877
83 40.000000 37.000000 0.06028039999999999787
84 40.000000 33.000000 0.08436390000000000555
85 52.000000 38.000000 0.06709950000000000636
86 30.000000 28.000000 0.14391229999999999301
87 36.000000 31.000000 0.06131829999999999919
88 58.000000 42.000000 0.30030990000000001849
89 54.000000 40.000000 0.05594600000000000267
90 62.000000 45.000000 0.06580840000000000301
91 39.000000 31.000000 0.18245569999999999844
92 72.000000 47.000000 0.06625430000000000208
93 56.000000 43.000000 0.06359990000000000088
94 41.000000 32.000000 0.07221420000000000616
95 46.000000 38.000000 0.04650529999999999942
96 61.000000 46.000000 0.05694010000000000044
97 55.000000 40.000000 0.05900949999999999945
98 46.000000 36.000000 0.07002350000000000241
99 56.000000 45.000000 0.06322250000000000092
100 53.000000 41.000000 0.06782660000000000078
101 57.000000 43.000000 0.05134140000000000231
102 52.000000 41.000000 0.05768240000000000173
103 49.000000 40.000000 0.06763869999999999605
104 56.000000 45.000000 0.05734829999999999789
105 53.000000 41.000000 0.07331970000000000154
106 58.000000 40.000000 0.08069260000000000321
107 43.000000 32.000000 0.07032460000000000100
108 38.000000 32.000000 0.05854349999999999832
109 38.000000 33.000000 0.11280809999999999449
110 50.000000 34.000000 0.14748900000000000898
111 47.000000 40.000000 0.06845890000000000308
112 39.000000 34.000000 0.06171209999999999890
113 68.000000 51.000000 0.06132769999999999888
114 61.000000 45.000000 0.05716040000000000010
115 51.000000 37.000000 0.05241549999999999682
116 44.000000 35.000000 0.05919300000000000256
117 47.000000 39.000000 0.05779519999999999796
118 30.000000 28.000000 0.07881029999999999980
119 51.000000 41.000000 0.07194159999999999444
120 44.000000 37.000000 0.05920319999999999749
121 31.000000 25.000000 0.07320309999999999317
122 45.000000 36.000000 0.06355560000000000376
123 34.000000 30.000000 0.06966509999999999370
124 44.000000 34.000000 0.07011299999999999477
125 43.000000 36.000000 0.06200100000000000056
126 60.000000 47.000000 0.05143860000000000099
127 39.000000 33.000000 0.06389259999999999384
128 62.000000 45.000000 0.05369759999999999811
129 58.000000 42.000000 0.05517919999999999769
130 61.000000 44.000000 0.07358339999999999326
131 52.000000 40.000000 0.05289750000000000008
132 61.000000 47.000000 0.03389550000000000202
133 41.000000 33.000000 0.04549999999999999878
134 54.000000 41.000000 0.05313869999999999705
135 47.000000 37.000000 0.04597690000000000110
136 44.000000 38.000000 0.04492170000000000191
137 50.000000 38.000000 0.05765760000000000329
138 57.000000 42.000000 0.05767230000000000273
139 50.000000 38.000000 0.05768770000000000148
140 44.000000 32.000000 0.04910529999999999756
141 44.000000 35.000000 0.04785969999999999808
142 37.000000 31.000000 0.03847500000000000225
143 67.000000 45.000000 0.04593409999999999854
144 48.000000 37.000000 0.07212490000000000567
145 63.000000 44.000000 0.05095299999999999829
146 62.000000 46.000000 0.04903459999999999763
147 49.000000 37.000000 0.04255470000000000086
148 43.000000 30.000000 0.05126619999999999788
149 35.000000 27.000000 0.06912530000000000063
150 60.000000 46.000000 0.05770220000000000210
151 32.000000 27.000000 0.06131659999999999888
152 52.000000 40.000000 0.07230490000000000528
153 48.000000 38.000000 0.05997519999999999935
154 47.000000 35.000000 0.06841959999999999709
155 63.000000 46.000000 0.05853869999999999907
156 49.000000 39.000000 0.05157629999999999854
157 40.000000 33.000000 0.04466309999999999725
158 39.000000 34.000000 0.04844749999999999751
159 45.000000 34.000000 0.05007249999999999895
160 56.000000 43.000000 0.05003500000000000308
161 37.000000 32.000000 0.04283440000000000164
162 67.000000 47.000000 0.05222849999999999715
163 52.000000 42.000000 0.04827959999999999890
164 49.000000 37.000000 0.04691300000000000331
165 55.000000 41.000000 0.06866450000000000331
166 50.000000 41.000000 0.06687669999999999726
167 52.000000 41.000000 0.05200980000000000186
168 24.000000 23.000000 0.05050360000000000266
169 41.000000 32.000000 0.03746490000000000237
170 50.000000 38.000000 0.04759959999999999886
171 50.000000 35.000000 0.05515840000000000326
172 50.000000 39.000000 0.04395509999999999695
173 38.000000 36.000000 0.04170859999999999845
174 44.000000 40.000000 0.03827599999999999753
175 47.000000 35.000000 0.03850769999999999887
176 47.000000 39.000000 0.03562880000000000214
177 42.000000 36.000000 0.03517769999999999925
178 64.000000 46.000000 0.05118589999999999945
179 44.000000 36.000000 0.06504509999999999459
180 42.000000 32.000000 0.05753509999999999874
181 58.000000 42.000000 0.04727329999999999727
182 41.000000 30.000000 0.05448089999999999877
183 49.000000 36.000000 0.05432379999999999848
184 65.000000 45.000000 0.04844840000000000257
185 48.000000 38.000000 0.04701070000000000249
186 55.000000 41.000000 0.03061509999999999926
187 51.000000 37.000000 0.04215470000000000328
188 48.000000 34.000000 0.04134050000000000225
189 35.000000 31.000000 0.05372690000000000105
190 63.000000 45.000000 0.04368530000000000330
191 48.000000 39.000000 0.03806840000000000224
192 40.000000 34.000000 0.03467529999999999918
193 36.000000 28.000000 0.04006239999999999801
194 51.000000 38.000000 0.03372830000000000272
195 51.000000 41.000000 0.03974269999999999886
196 56.000000 39.000000 0.03097099999999999853
197 51.000000 40.000000 0.03723619999999999708
198 49.000000 38.000000 0.04102539999999999659
199 41.000000 31.000000 0.05765130000000000254
200 39.000000 32.000000 0.03288689999999999669
201 55.000000 40.000000 0.03639270000000000005
202 43.000000 35.000000 0.03881049999999999778
203 35.000000 31.000000 0.03663199999999999790
204 65.000000 45.000000 0.02766050000000000106
205 58.000000 42.000000 0.04206279999999999741
206 39.000000 35.000000 0.04953350000000000114
207 68.000000 50.000000 0.02948040000000000035
208 54.000000 43.000000 0.04813839999999999786
209 37.000000 31.000000 0.03952309999999999851
210 43.000000 33.000000 0.04934859999999999941
211 54.000000 39.000000 0.03007719999999999838
212 56.000000 38.000000 0.05373429999999999873
213 56.000000 42.000000 0.05555120000000000197
214 43.000000 33.000000 0.03574750000000000150
215 59.000000 42.000000 0.05051039999999999697
216 39.000000 34.000000 0.04207260000000000166
217 45.000000 37.000000 0.05286210000000000214
218 40.000000 34.000000 0.05406369999999999926
219 59.000000 43.000000 0.04651840000000000142
220 44.000000 37.000000 0.05623489999999999739
221 51.000000 35.000000 0.04945490000000000302
222 41.000000 31.000000 0.04357670000000000293
223 40.000000 32.000000 0.04675340000000000051
224 62.000000 45.000000 0.03949010000000000020
225 44.000000 36.000000 0.05105060000000000153
226 53.000000 38.000000 0.03875150000000000122
227 53.000000 37.000000 0.03582640000000000130
228 40.000000 32.000000 0.03753100000000000186
229 36.000000 27.000000 0.04953450000000000214
230 68.000000 45.000000 0.03160779999999999840
231 61.000000 40.000000 0.03822579999999999728
232 46.000000 34.000000 0.04209430000000000116
233 54.000000 41.000000 0.03190099999999999880
234 42.000000 36.000000 0.03633129999999999693
235 48.000000 38.000000 0.03094919999999999963
236 39.000000 31.000000 0.04488690000000000041
237 60.000000 45.000000 0.03259360000000000035
238 60.000000 44.000000 0.05230350000000000277
239 43.000000 34.000000 0.05306580000000000324
240 44.000000 37.000000 0.04574079999999999813
241 49.000000 42.000000 0.02954350000000000032
242 22.000000 20.000000 0.04795119999999999938
243 52.000000 37.000000 0.02885309999999999958
244 40.000000 34.000000 0.03853890000000000093
245 57.000000 43.000000 0.04619800000000000295
246 61.000000 45.000000 0.03768069999999999753
247 56.000000 42.000000 0.02883840000000000015
248 50.000000 37.000000 0.03038360000000000019
249 49.000000 37.000000 0.04611090000000000327
250 36.000000 31.000000 0.04467549999999999993
251 45.000000 36.000000 0.03240610000000000018
252 47.000000 38.000000 0.04466980000000000256
253 39.000000 34.000000 0.03370009999999999672
254 54.000000 39.000000 0.05455770000000000064
255 49.000000 41.000000 0.05198540000000000105
256 42.000000 34.000000 0.04910520000000000163
257 49.000000 37.000000 0.04385599999999999915
258 66.000000 51.000000 0.04115449999999999664
259 53.000000 37.000000 0.03062010000000000079
260 43.000000 34.000000 0.03834900000000000114
261 53.000000 38.000000 0.03918010000000000242
262 50.000000 40.000000 0.02941529999999999839
263 50.000000 44.000000 0.03499039999999999789
264 52.000000 35.000000 0.04368310000000000248
265 56.000000 44.000000 0.03784230000000000232
266 48.000000 36.000000 0.02902839999999999934
267 54.000000 40.000000 0.03323090000000000072
268 44.000000 34.000000 0.03384419999999999790
269 38.000000 31.000000 0.04613470000000000071
270 36.000000 32.000000 0.02976540000000000089
271 54.000000 43.000000 0.04452369999999999939
272 53.000000 39.000000 0.03228539999999999882
273 47.000000 37.000000 0.03159060000000000340
274 50.000000 38.000000 0.02824609999999999968
275 56.000000 43.000000 0.03084330000000000058
276 42.000000 31.000000 0.05118949999999999889
277 61.000000 42.000000 0.03354259999999999881
278 61.000000 47.000000 0.02725560000000000135
279 45.000000 38.000000 0.03393170000000000214
280 48.000000 39.000000 0.03254490000000000161
281 41.000000 35.000000 0.03839429999999999926
282 70.000000 46.000000 0.02543899999999999981
283 64.000000 51.000000 0.03495550000000000046
284 44.000000 34.000000 0.02836050000000000029
285 59.000000 45.000000 0.03121260000000000007
286 48.000000 37.000000 0.03793110000000000231
287 45.000000 36.000000 0.03388449999999999795
288 52.000000 40.000000 0.05435079999999999772
289 78.000000 53.000000 0.05292100000000000276
290 57.000000 42.000000 0.03555309999999999720
291 54.000000 40.000000 0.04676559999999999745
292 51.000000 41.000000 0.02940649999999999861
293 45.000000 35.000000 0.03661620000000000152
294 33.000000 28.000000 0.03111090000000000036
295 59.000000 43.000000 0.03487719999999999709
296 51.000000 36.000000 0.02730250000000000038
297 51.000000 40.000000 0.02981139999999999832
298 38.000000 32.000000 0.02965900000000000133
299 39.000000 31.000000 0.02284200000000000119
300 41.000000 34.000000 0.02678569999999999909
301 69.000000 50.000000 0.02978000000000000091
302 43.000000 37.000000 0.03196039999999999992
303 48.000000 39.000000 0.02963220000000000090
304 44.000000 39.000000 0.02896879999999999941
305 66.000000 48.000000 0.03725959999999999689
306 56.000000 41.000000 0.03094349999999999878
307 30.000000 27.000000 0.03520170000000000243
308 66.000000 48.000000 0.02899059999999999832
309 48.000000 42.000000 0.02692400000000000002
310 45.000000 34.000000 0.03355539999999999912
311 45.000000 38.000000 0.02628930000000000156
312 56.000000 41.000000 0.02712969999999999965
313 42.000000 34.000000 0.02948140000000000135
314 53.000000 43.000000 0.02586290000000000117
315 60.000000 44.000000 0.02462490000000000165
316 35.000000 32.000000 0.03327129999999999671
317 40.000000 32.000000 0.03244120000000000337
318 55.000000 44.000000 0.02792839999999999906
319 63.000000 49.000000 0.02982689999999999994
320 52.000000 42.000000 0.02213379999999999861
321 49.000000 38.000000 0.03031129999999999936
322 47.000000 36.000000 0.03146979999999999916
323 49.000000 39.000000 0.03041579999999999978
324 51.000000 41.000000 0.02516830000000000109
325 49.000000 39.000000 0.02475770000000000054
326 44.000000 37.000000 0.02560319999999999957
327 51.000000 36.000000 0.03015939999999999940
328 48.000000 33.000000 0.02367069999999999938
329 58.000000 39.000000 0.02601140000000000049
330 47.000000 35.000000 0.01846360000000000015
331 48.000000 38.000000 0.02430739999999999984
332 61.000000 44.000000 0.02237959999999999949
333 57.000000 45.000000 0.02636430000000000023
334 40.000000 28.000000 0.02806379999999999986
335 59.000000 44.000000 0.02398010000000000072
336 70.000000 45.000000 0.02542480000000000087
337 37.000000 29.000000 0.02927729999999999916
338 43.000000 36.000000 0.02052939999999999973
339 50.000000 35.000000 0.02565639999999999935
340 51.000000 42.000000 0.02641299999999999898
341 54.000000 37.000000 0.02184320000000000012
342 63.000000 46.000000 0.02467010000000000036
343 48.000000 39.000000 0.02412889999999999827
344 45.000000 36.000000 0.02377330000000000068
345 53.000000 40.000000 0.03490059999999999690
346 66.000000 47.000000 0.02699580000000000035
347 36.000000 31.000000 0.02519019999999999940
348 48.000000 40.000000 0.02395550000000000110
349 46.000000 37.000000 0.02500950000000000048
350 61.000000 47.000000 0.02399509999999999837
351 41.000000 34.000000 0.02745600000000000124
352 58.000000 42.000000 0.01894070000000000129
353 51.000000 40.000000 0.02339849999999999916
354 36.000000 31.000000 0.02567809999999999884
355 50.000000 39.000000 0.03318109999999999810
356 59.000000 41.000000 0.02384659999999999905
357 66.000000 47.000000 0.01964590000000000086
358 60.000000 42.000000 0.02059700000000000072
359 47.000000 37.000000 0.03008869999999999947
360 33.000000 27.000000 0.02318030000000000090
361 31.000000 25.000000 0.02447329999999999992
362 65.000000 44.000000 0.02469270000000000145
363 69.000000 47.000000 0.02837030000000000107
364 46.000000 36.000000 0.02441329999999999889
365 42.000000 32.000000 0.03080060000000000089
366 59.000000 43.000000 0.02303890000000000104
367 81.000000 58.000000 0.02163450000000000095
368 59.000000 46.000000 0.03396720000000000295
369 62.000000 44.000000 0.02606560000000000127
370 43.000000 40.000000 0.02402620000000000103
371 40.000000 32.000000 0.02572450000000000084
372 42.000000 34.000000 0.02598320000000000143
373 48.000000 37.000000 0.02440610000000000002
374 45.000000 37.000000 0.02513550000000000159
375 46.000000 33.000000 0.02620199999999999960
376 38.000000 30.000000 0.02919739999999999835
377 37.000000 29.000000 0.02484149999999999900
378 62.000000 44.000000 0.02601699999999999846
379 44.000000 38.000000 0.02044520000000000018
380 72.000000 48.000000 0.03031920000000000101
381 54.000000 39.000000 0.02671770000000000048
382 43.000000 34.000000 0.02627279999999999893
383 43.000000 30.000000 0.02590309999999999835
384 35.000000 30.000000 0.02601639999999999855
385 39.000000 30.000000 0.02884240000000000068
386 49.000000 38.000000 0.02822879999999999834
387 61.000000 48.000000 0.02364950000000000038
388 40.000000 32.000000 0.02484360000000000041
389 44.000000 33.000000 0.02713870000000000171
390 36.000000 30.000000 0.03211010000000000253
391 67.000000 47.000000 0.02680180000000000062
392 60.000000 49.000000 0.02175449999999999953
393 45.000000 35.000000 0.02725419999999999926
394 49.000000 39.000000 0.03343430000000000013
395 54.000000 43.000000 0.02243619999999999989
396 55.000000 40.000000 0.02593209999999999960
397 36.000000 30.000000 0.02740290000000000087
398 61.000000 44.000000 0.02831840000000000052
399 52.000000 40.000000 0.03133040000000000130
400 62.000000 44.000000 0.02347269999999999912
401 47.000000 38.000000 0.02736529999999999865
402 48.000000 37.000000 0.02812979999999999994
403 50.000000 40.000000 0.02263930000000000109
404 55.000000 41.000000 0.02892749999999999835
405 46.000000 34.000000 0.03090479999999999963
406 54.000000 38.000000 0.02091300000000000103
407 59.000000 41.000000 0.02401819999999999997
408 64.000000 45.000000 0.02127590000000000037
409 38.000000 31.000000 0.02416489999999999957
410 62.000000 48.000000 0.01976469999999999963
411 56.000000 47.000000 0.02245919999999999861
412 54.000000 40.000000 0.02955270000000000119
413 54.000000 42.000000 0.02188040000000000124
414 43.000000 36.000000 0.03183020000000000294
415 66.000000 46.000000 0.02455500000000000044
416 58.000000 47.000000 0.02018700000000000008
417 63.000000 44.000000 0.02518569999999999837
418 52.000000 40.000000 0.02017520000000000077
419 61.000000 42.000000 0.02153940000000000021
420 50.000000 36.000000 0.02629159999999999831
