1 261.000000 187.000000 3.92561690000000007572
2 286.000000 188.000000 2.36966540000000014388
3 146.000000 109.000000 2.21125669999999985293
4 207.000000 162.000000 8.16213450000000051432
5 206.000000 142.000000 3.37309860000000005797
6 256.000000 181.000000 1.58895340000000007130
7 278.000000 196.000000 4.86918559999999978061
8 159.000000 116.000000 2.84656140000000013046
9 172.000000 135.000000 1.11140879999999997452
10 234.000000 168.000000 1.24723359999999994230
11 184.000000 128.000000 6.39327909999999999258
12 178.000000 134.000000 1.49228000000000005087
13 235.000000 178.000000 1.29254910000000000636
14 199.000000 157.000000 1.12287739999999991447
15 178.000000 135.000000 4.51586420000000021702
16 202.000000 141.000000 1.94212899999999999423
17 228.000000 163.000000 1.34618510000000002336
18 271.000000 195.000000 1.33764119999999997468
19 201.000000 147.000000 2.18586400000000002919
20 206.000000 150.000000 2.15862579999999981695
21 225.000000 167.000000 1.43167970000000011055
22 221.000000 164.000000 2.00394810000000012096
23 246.000000 169.000000 1.47465010000000007473
24 166.000000 123.000000 1.63083639999999996384
25 176.000000 126.000000 1.88880469999999989206
26 121.000000 92.000000 3.51266429999999996170
27 235.000000 183.000000 2.35899739999999980000
28 221.000000 167.000000 0.63190579999999996197
29 140.000000 110.000000 2.03506160000000013710
30 204.000000 170.000000 1.66641339999999993360
31 211.000000 159.000000 1.79724130000000004159
32 177.000000 133.000000 1.64629249999999993648
33 179.000000 133.000000 2.47296119999999985950
34 238.000000 167.000000 2.09037259999999980309
35 203.000000 142.000000 1.92877429999999994159
36 231.000000 166.000000 2.44060999999999994614
37 168.000000 130.000000 2.54564849999999998076
38 131.000000 95.000000 4.18078020000000005751
39 235.000000 166.000000 1.15974540000000003737
40 231.000000 174.000000 2.42354469999999988516
41 185.000000 143.000000 1.10341829999999996303
42 218.000000 171.000000 2.40048629999999985074
43 300.000000 211.000000 3.25848620000000011032
44 200.000000 155.000000 1.17809870000000005419
45 205.000000 157.000000 3.70975540000000014729
46 221.000000 159.000000 2.73595649999999990243
47 153.000000 125.000000 1.26643029999999989776
48 151.000000 126.000000 2.66277240000000015030
49 243.000000 178.000000 2.24041680000000020812
50 164.000000 122.000000 7.36136760000000034410
51 177.000000 139.000000 1.58345369999999996402
52 215.000000 165.000000 1.99834620000000007245
53 224.000000 163.000000 0.91634219999999999562
54 248.000000 185.000000 1.33859670000000008372
55 286.000000 206.000000 1.66230680000000008434
56 184.000000 129.000000 3.43137520000000018072
57 266.000000 176.000000 3.07557970000000002742
58 191.000000 146.000000 1.49562029999999990260
59 183.000000 143.000000 5.57303790000000009996
60 184.000000 142.000000 1.26106429999999991587
61 258.000000 190.000000 1.20765110000000008839
62 205.000000 161.000000 4.13216759999999982966
63 230.000000 168.000000 1.09054769999999989771
64 249.000000 182.000000 0.71741869999999996477
65 193.000000 143.000000 1.40272280000000004740
66 220.000000 163.000000 1.44646940000000001625
67 198.000000 143.000000 1.60507519999999992422
68 224.000000 167.000000 0.67026120000000000143
69 209.000000 150.000000 2.07662080000000015545
70 197.000000 157.000000 1.97011490000000000222
71 214.000000 155.000000 3.65681209999999978777
72 188.000000 134.000000 2.45483429999999991367
73 197.000000 149.000000 1.21395070000000004917
74 284.000000 205.000000 0.92552869999999998196
75 200.000000 153.000000 1.47794390000000008811
76 155.000000 121.000000 2.03288929999999989917
77 215.000000 155.000000 1.06262290000000003687
78 260.000000 182.000000 0.92439090000000001535
79 152.000000 118.000000 0.93866479999999996586
80 256.000000 184.000000 1.08931930000000010139
81 225.000000 175.000000 1.17679660000000008147
82 205.000000 149.000000 2.57261020000000018015
83 181.000000 134.000000 1.42664229999999991882
84 198.000000 148.000000 0.92776559999999996808
85 219.000000 168.000000 1.62962750000000000661
86 289.000000 206.000000 1.41362279999999995717
87 261.000000 174.000000 0.58453900000000003079
88 163.000000 136.000000 1.53591820000000001123
89 239.000000 171.000000 1.69369030000000009295
90 205.000000 149.000000 1.49259840000000010285
91 250.000000 186.000000 0.91731240000000002777
92 300.000000 202.000000 0.98168650000000001743
93 211.000000 142.000000 9.59786749999999955207
94 244.000000 177.000000 7.33311880000000027024
95 263.000000 197.000000 0.78649800000000003042
96 205.000000 145.000000 2.38402909999999979007
97 207.000000 156.000000 0.63530070000000005148
98 195.000000 148.000000 1.20828430000000008881
99 186.000000 134.000000 9.88062610000000063337
100 213.000000 157.000000 1.85968189999999999884
101 226.000000 162.000000 5.89389369999999956917
102 307.000000 212.000000 0.83351880000000000415
103 248.000000 170.000000 3.88572559999999977975
104 217.000000 155.000000 0.67423259999999995973
105 232.000000 169.000000 0.72051670000000000993
106 167.000000 131.000000 4.12531339999999957513
107 152.000000 120.000000 2.13670619999999988892
108 151.000000 110.000000 1.19464410000000009759
109 231.000000 165.000000 0.88373539999999994876
110 145.000000 107.000000 0.71199579999999995650
111 187.000000 145.000000 1.63361360000000011006
112 186.000000 138.000000 1.32073540000000000383
113 216.000000 151.000000 1.87558329999999995330
114 259.000000 185.000000 0.62274090000000004164
115 148.000000 114.000000 0.83229010000000003267
116 201.000000 148.000000 5.44499530000000042662
117 233.000000 159.000000 0.99698330000000001672
118 237.000000 176.000000 0.59645190000000003483
119 205.000000 147.000000 0.81969800000000003770
120 263.000000 193.000000 0.68446090000000003872
121 237.000000 170.000000 3.11209399999999991593
122 201.000000 154.000000 1.37217100000000002957
123 239.000000 164.000000 1.02707039999999993896
124 204.000000 158.000000 4.93219109999999982819
125 177.000000 131.000000 1.23382189999999991592
126 190.000000 146.000000 1.80880510000000005455
127 272.000000 207.000000 0.57050440000000002261
128 186.000000 143.000000 1.59033460000000004264
129 234.000000 171.000000 1.07816599999999995774
130 249.000000 171.000000 4.15251370000000008531
131 235.000000 176.000000 0.86738669999999995497
132 258.000000 177.000000 1.21809400000000001008
133 173.000000 128.000000 1.03119880000000008202
134 233.000000 168.000000 4.39525780000000043657
135 173.000000 121.000000 0.85595500000000002139
136 209.000000 165.000000 1.39714300000000002377
137 242.000000 175.000000 0.84550639999999999130
138 247.000000 186.000000 3.04619749999999989143
139 147.000000 103.000000 0.91154780000000001916
140 288.000000 190.000000 1.81646719999999994855
141 243.000000 177.000000 0.73872450000000000614
142 242.000000 172.000000 0.70603810000000000180
143 205.000000 152.000000 1.09469900000000008866
144 264.000000 189.000000 0.51231830000000000425
145 215.000000 158.000000 0.87697360000000001978
146 169.000000 132.000000 1.45538759999999989247
147 332.000000 227.000000 1.04535610000000001030
148 237.000000 171.000000 0.71872219999999997775
149 205.000000 155.000000 0.78393990000000002283
150 154.000000 116.000000 1.44792239999999994282
151 283.000000 198.000000 1.77220949999999999314
152 222.000000 163.000000 1.20437930000000004149
153 155.000000 119.000000 0.97603560000000000318
154 185.000000 141.000000 1.28280930000000004121
155 160.000000 117.000000 1.06313100000000004819
156 222.000000 166.000000 1.25134110000000009499
157 164.000000 128.000000 2.72310320000000016805
158 205.000000 144.000000 1.50837789999999993817
159 235.000000 173.000000 1.22059589999999995591
160 268.000000 196.000000 0.79449510000000000964
161 228.000000 169.000000 0.61011599999999999167
162 241.000000 172.000000 0.69734759999999995639
163 253.000000 185.000000 0.65628200000000003200
164 187.000000 147.000000 0.97008779999999994459
165 160.000000 127.000000 0.95692809999999994819
166 216.000000 163.000000 0.94969009999999998151
167 268.000000 197.000000 1.11504899999999995686
168 208.000000 142.000000 0.96470630000000001658
169 215.000000 156.000000 0.75042120000000001045
170 146.000000 111.000000 1.08410439999999996807
171 258.000000 190.000000 0.86740749999999999797
172 246.000000 176.000000 2.11143780000000003128
173 231.000000 181.000000 1.40914579999999989290
174 241.000000 188.000000 1.04469830000000007963
175 217.000000 157.000000 1.64357500000000000817
176 191.000000 142.000000 1.31964809999999999057
177 91.000000 75.000000 0.73863860000000003403
178 219.000000 165.000000 1.26679289999999999949
179 243.000000 168.000000 0.81803820000000004864
180 170.000000 136.000000 0.92504200000000003090
181 260.000000 180.000000 0.60101409999999999556
182 194.000000 152.000000 1.00034819999999990969
183 201.000000 144.000000 1.13239700000000009794
184 228.000000 163.000000 3.16578980000000020922
185 179.000000 135.000000 3.19671320000000003247
186 162.000000 124.000000 0.97804769999999996433
187 284.000000 183.000000 0.84415150000000005459
188 177.000000 137.000000 2.99355610000000016413
189 261.000000 187.000000 1.02566169999999989848
190 214.000000 153.000000 1.99952839999999998355
191 182.000000 140.000000 1.74955280000000001905
192 149.000000 109.000000 1.15579089999999995442
193 157.000000 121.000000 1.27575860000000007588
194 186.000000 142.000000 0.44213689999999999936
195 206.000000 149.000000 0.92248169999999996005
196 184.000000 144.000000 0.87045589999999994912
197 173.000000 144.000000 0.74195480000000002541
198 198.000000 141.000000 5.41240170000000020423
199 189.000000 151.000000 0.76081609999999999516
200 255.000000 181.000000 0.65905150000000001231
201 227.000000 165.000000 3.02091090000000006555
202 217.000000 155.000000 0.50780840000000004864
203 231.000000 178.000000 0.94979890000000000150
204 153.000000 110.000000 1.12890979999999996330
205 259.000000 198.000000 0.53664849999999997276
206 209.000000 159.000000 1.63979959999999991282
207 98.000000 84.000000 1.61701659999999991513
208 250.000000 189.000000 2.10315120000000010947
209 204.000000 152.000000 1.13292940000000008638
210 262.000000 183.000000 1.93939090000000002867
211 158.000000 118.000000 0.92935800000000001742
212 215.000000 171.000000 1.00163010000000007871
213 212.000000 154.000000 1.06488369999999998861
214 284.000000 195.000000 0.49307879999999998377
215 190.000000 150.000000 1.06358470000000004951
216 205.000000 146.000000 0.74870999999999998664
217 233.000000 158.000000 0.93064630000000003740
218 223.000000 168.000000 0.68221370000000003397
219 162.000000 122.000000 0.93742899999999995675
220 286.000000 194.000000 1.47328020000000003975
221 196.000000 150.000000 0.79412380000000004632
222 257.000000 191.000000 3.57532860000000018985
223 278.000000 197.000000 1.33436979999999993929
224 194.000000 152.000000 0.87396130000000005200
225 242.000000 177.000000 0.44023780000000001245
226 212.000000 151.000000 0.93850469999999996951
227 165.000000 130.000000 0.84537479999999998181
228 216.000000 155.000000 0.73512960000000004968
229 257.000000 186.000000 1.28008779999999999788
230 188.000000 147.000000 1.53045640000000005010
231 160.000000 117.000000 1.26724900000000006983
232 154.000000 120.000000 0.91092759999999994847
233 174.000000 131.000000 0.85481899999999999551
234 159.000000 131.000000 0.75489139999999999020
235 136.000000 103.000000 1.50372290000000008448
236 139.000000 115.000000 1.00631359999999991928
237 178.000000 135.000000 1.20132660000000002221
238 239.000000 170.000000 0.54202950000000005293
239 192.000000 137.000000 1.68035409999999996167
240 259.000000 186.000000 2.96709729999999982653
241 220.000000 161.000000 0.52223189999999997113
242 199.000000 149.000000 0.79578850000000000975
243 237.000000 173.000000 0.70383410000000001805
244 151.000000 112.000000 4.55444340000000025270
245 217.000000 165.000000 0.49864059999999998940
246 234.000000 174.000000 0.54704830000000004286
247 229.000000 164.000000 0.52459080000000002375
248 208.000000 164.000000 0.70231929999999997971
249 218.000000 161.000000 0.61273489999999997124
250 150.000000 115.000000 0.55958909999999995044
251 168.000000 129.000000 0.98158900000000004482
252 206.000000 143.000000 0.73526179999999996539
253 243.000000 171.000000 3.25574770000000013326
254 182.000000 138.000000 0.73329520000000003588
255 202.000000 147.000000 0.73941460000000003294
256 255.000000 173.000000 0.63050320000000004139
257 169.000000 127.000000 0.66847210000000001351
258 294.000000 209.000000 0.63825920000000002652
259 182.000000 137.000000 0.71215470000000002937
260 184.000000 144.000000 0.77677269999999998262
261 188.000000 144.000000 1.02060799999999995968
262 191.000000 143.000000 0.56135040000000002713
263 226.000000 167.000000 1.17154709999999995240
264 191.000000 150.000000 0.79955900000000001970
265 220.000000 161.000000 1.90733339999999995662
266 231.000000 165.000000 0.40613909999999997513
267 157.000000 116.000000 0.63550729999999999720
268 264.000000 183.000000 0.61606550000000004363
269 246.000000 186.000000 1.37054870000000006414
270 233.000000 180.000000 0.52037290000000002710
271 260.000000 185.000000 2.52695289999999994635
272 212.000000 158.000000 0.48300039999999999640
273 216.000000 155.000000 1.88009849999999989478
274 176.000000 135.000000 0.52939740000000001796
275 279.000000 192.000000 0.74788229999999999986
276 200.000000 146.000000 0.60114420000000001743
277 237.000000 174.000000 0.57989069999999998117
278 145.000000 104.000000 1.16965790000000002813
279 149.000000 111.000000 0.71680869999999996534
280 178.000000 126.000000 0.49594769999999999133
281 198.000000 148.000000 1.87235179999999989953
282 231.000000 168.000000 1.14846219999999998862
283 239.000000 174.000000 0.53497539999999998983
284 190.000000 132.000000 1.46922149999999995806
285 252.000000 188.000000 0.60773719999999997743
286 190.000000 137.000000 0.87089479999999996895
287 202.000000 153.000000 0.50334670000000003576
288 200.000000 144.000000 0.64116550000000005483
289 235.000000 165.000000 0.56573399999999995913
290 251.000000 193.000000 0.61273540000000004113
291 213.000000 156.000000 0.49859409999999998453
292 194.000000 151.000000 0.50205690000000002815
293 243.000000 172.000000 1.27087579999999999991
294 240.000000 177.000000 1.37034820000000001627
295 203.000000 149.000000 0.90928629999999999178
296 202.000000 155.000000 0.67177100000000000701
297 222.000000 161.000000 0.62110670000000001156
298 227.000000 152.000000 0.59742689999999998296
299 180.000000 131.000000 1.13329729999999995194
300 210.000000 143.000000 0.70584820000000003670
301 202.000000 144.000000 0.54789960000000004214
302 197.000000 142.000000 1.78597089999999991683
303 180.000000 134.000000 0.89373329999999995277
304 237.000000 170.000000 0.82729319999999995083
305 296.000000 208.000000 0.53032429999999997072
306 161.000000 122.000000 0.39933059999999998002
307 199.000000 135.000000 0.68226730000000002097
308 186.000000 137.000000 0.83313040000000004870
309 244.000000 178.000000 1.17317500000000007887
310 180.000000 132.000000 0.55413319999999999244
311 147.000000 124.000000 0.71903070000000002260
312 237.000000 163.000000 0.69153560000000002805
313 249.000000 185.000000 0.50722590000000000732
314 269.000000 186.000000 0.46931250000000002132
315 225.000000 175.000000 0.59549149999999995142
316 209.000000 156.000000 4.82464150000000024932
317 145.000000 114.000000 0.54068159999999998444
318 297.000000 203.000000 0.64956210000000003113
319 186.000000 134.000000 1.13196380000000007549
320 182.000000 133.000000 1.68485330000000010919
321 151.000000 118.000000 0.79514289999999998582
322 232.000000 162.000000 0.75662450000000003314
323 216.000000 151.000000 1.20739510000000005441
324 219.000000 158.000000 0.52753959999999999742
325 277.000000 200.000000 1.64742739999999998624
326 238.000000 173.000000 0.65172050000000003589
327 183.000000 141.000000 0.61159249999999998337
328 186.000000 143.000000 0.46961989999999997902
329 179.000000 139.000000 0.72985549999999999038
330 189.000000 130.000000 3.64488890000000020919
331 204.000000 159.000000 1.00595009999999995820
332 267.000000 193.000000 0.97604849999999998555
333 199.000000 152.000000 0.45333339999999999748
334 316.000000 213.000000 0.62650179999999999758
335 222.000000 164.000000 0.87534060000000002422
336 163.000000 125.000000 1.04556160000000009092
337 262.000000 194.000000 0.47062900000000001954
338 222.000000 159.000000 0.50853020000000004330
339 205.000000 149.000000 1.60338500000000006018
340 282.000000 206.000000 4.34787540000000038987
341 144.000000 116.000000 0.63041999999999998039
342 218.000000 164.000000 0.87586669999999999803
343 281.000000 200.000000 1.75684639999999991922
344 190.000000 135.000000 0.54779560000000004916
345 224.000000 159.000000 0.42624689999999998413
346 215.000000 162.000000 0.90051400000000003665
347 184.000000 142.000000 0.49234139999999998460
348 214.000000 165.000000 0.63613459999999999450
349 290.000000 197.000000 2.29669169999999978060
350 295.000000 205.000000 1.04725829999999997533
351 244.000000 172.000000 0.49544169999999998488
352 186.000000 131.000000 0.93282699999999996177
353 238.000000 177.000000 0.32357310000000000239
354 187.000000 142.000000 0.79828949999999998521
355 246.000000 177.000000 0.47151470000000000882
356 238.000000 168.000000 0.53163139999999997620
357 201.000000 143.000000 0.77375380000000004710
358 139.000000 107.000000 1.75830860000000011034
359 233.000000 176.000000 0.46580110000000002346
360 198.000000 152.000000 0.88957529999999995773
361 216.000000 166.000000 1.17496069999999996902
362 169.000000 134.000000 1.01971189999999989340
363 220.000000 159.000000 0.94337300000000001710
364 161.000000 124.000000 0.59546069999999995392
365 172.000000 122.000000 0.82790149999999995689
366 268.000000 181.000000 0.63574949999999996741
367 239.000000 184.000000 0.49477419999999999733
368 180.000000 137.000000 0.52250680000000004899
369 232.000000 162.000000 1.06282950000000009361
370 233.000000 157.000000 0.84056580000000002961
371 253.000000 192.000000 0.37204799999999998983
372 142.000000 109.000000 0.95347179999999998046
373 186.000000 146.000000 0.64411390000000001699
374 313.000000 222.000000 0.57638820000000001720
375 190.000000 149.000000 0.53752630000000001242
376 129.000000 102.000000 0.82074840000000004459
377 181.000000 141.000000 1.30267650000000001498
378 211.000000 158.000000 0.59147349999999998538
379 232.000000 171.000000 0.27460370000000000612
380 185.000000 155.000000 0.63404979999999999674
381 235.000000 173.000000 0.60757989999999995057
382 194.000000 144.000000 1.33237929999999993314
383 229.000000 174.000000 0.56206789999999995366
384 172.000000 125.000000 0.79530570000000000430
385 167.000000 121.000000 0.85335510000000003306
386 165.000000 119.000000 0.77997609999999995001
387 265.000000 182.000000 0.41451379999999998782
388 196.000000 153.000000 0.59032329999999999526
389 266.000000 187.000000 0.35495630000000000237
390 223.000000 170.000000 0.35583480000000000665
391 179.000000 143.000000 0.54575399999999996137
392 268.000000 183.000000 5.53168539999999975265
393 236.000000 167.000000 1.02419440000000006030
394 169.000000 131.000000 2.56764109999999989853
395 235.000000 161.000000 1.46336709999999992071
396 200.000000 155.000000 0.90272030000000003103
397 184.000000 141.000000 0.56294449999999995882
398 284.000000 192.000000 0.62316879999999996720
399 267.000000 185.000000 0.70244430000000002146
400 209.000000 147.000000 1.19208540000000007275
401 175.000000 136.000000 0.63787210000000005294
402 269.000000 188.000000 0.87123960000000000292
403 214.000000 157.000000 0.75601260000000003458
404 141.000000 114.000000 1.03265889999999993520
405 104.000000 92.000000 0.67491829999999997103
406 183.000000 127.000000 0.80350290000000001989
407 191.000000 135.000000 0.52008810000000005314
408 266.000000 192.000000 0.53718779999999999308
409 242.000000 173.000000 0.73063679999999997516
410 146.000000 111.000000 0.65795459999999994505
411 185.000000 127.000000 0.78893720000000000514
412 190.000000 146.000000 0.93245780000000000332
413 136.000000 107.000000 0.62661509999999998044
414 220.000000 161.000000 0.70826109999999997680
415 169.000000 128.000000 0.78294850000000004719
416 192.000000 144.000000 0.43855569999999999276
417 171.000000 132.000000 2.36388409999999993261
418 191.000000 140.000000 0.80568410000000001414
419 165.000000 127.000000 0.54179690000000002570
420 184.000000 141.000000 0.68029749999999999943
