1 20.000000 17.000000 0.27757049999999999779
2 19.000000 17.000000 0.04490969999999999684
3 18.000000 16.000000 0.05051200000000000134
4 16.000000 16.000000 0.04620130000000000070
5 17.000000 17.000000 0.06625639999999999308
6 18.000000 17.000000 0.03530400000000000205
7 17.000000 16.000000 0.03456730000000000219
8 20.000000 17.000000 0.03751859999999999917
9 18.000000 17.000000 0.03234759999999999719
10 21.000000 17.000000 0.02966579999999999911
11 18.000000 17.000000 0.02404680000000000012
12 19.000000 17.000000 0.03620779999999999832
13 18.000000 17.000000 0.02423099999999999907
14 18.000000 17.000000 0.04031379999999999686
15 18.000000 16.000000 0.02819850000000000134
16 19.000000 17.000000 0.03288490000000000163
17 18.000000 17.000000 0.01984980000000000078
18 20.000000 17.000000 0.02775539999999999952
19 16.000000 16.000000 0.02067650000000000043
20 20.000000 17.000000 0.02630559999999999843
21 20.000000 17.000000 0.02966600000000000140
22 20.000000 17.000000 0.02334019999999999845
23 17.000000 16.000000 0.13663539999999999019
24 15.000000 15.000000 0.02168919999999999876
25 15.000000 15.000000 0.11041299999999999726
26 18.000000 17.000000 0.08000469999999999804
27 18.000000 17.000000 0.07902570000000000427
28 17.000000 16.000000 0.04141199999999999742
29 16.000000 16.000000 0.02680220000000000172
30 19.000000 17.000000 0.03905440000000000300
31 17.000000 16.000000 0.03332380000000000064
32 19.000000 17.000000 0.06173830000000000290
33 23.000000 17.000000 0.02347449999999999884
34 20.000000 17.000000 0.07313000000000000056
35 19.000000 17.000000 0.07137849999999999751
36 19.000000 17.000000 0.02396090000000000025
37 18.000000 17.000000 0.02467590000000000061
38 17.000000 17.000000 0.02683730000000000143
39 19.000000 17.000000 0.02146599999999999897
40 16.000000 16.000000 0.02348139999999999949
41 22.000000 17.000000 0.12593570000000001152
42 22.000000 17.000000 0.02548900000000000124
43 18.000000 17.000000 0.02463510000000000005
44 19.000000 17.000000 0.02484019999999999978
45 19.000000 17.000000 0.02221240000000000020
46 17.000000 17.000000 0.02137119999999999992
47 19.000000 17.000000 0.11156099999999999350
48 15.000000 15.000000 0.02855790000000000065
49 17.000000 16.000000 0.06567639999999999589
50 18.000000 17.000000 0.04793950000000000294
51 15.000000 15.000000 0.05168199999999999877
52 18.000000 17.000000 0.05093530000000000280
53 19.000000 17.000000 0.02514740000000000031
54 17.000000 17.000000 0.11005379999999999330
55 19.000000 17.000000 0.07428289999999999893
56 19.000000 17.000000 0.02143569999999999851
57 19.000000 17.000000 0.07870439999999999381
58 20.000000 17.000000 0.02439689999999999914
59 16.000000 16.000000 0.03289509999999999657
60 15.000000 15.000000 0.02499289999999999845
61 19.000000 17.000000 0.02787130000000000163
62 22.000000 17.000000 0.02066909999999999928
63 21.000000 17.000000 0.02405389999999999959
64 18.000000 16.000000 0.02719390000000000002
65 21.000000 17.000000 0.02043510000000000118
66 17.000000 17.000000 0.02828639999999999974
67 15.000000 15.000000 0.01871249999999999997
68 19.000000 17.000000 0.02265729999999999827
69 22.000000 17.000000 0.02037670000000000106
70 20.000000 17.000000 0.02684140000000000137
71 18.000000 17.000000 0.12882140000000000257
72 21.000000 17.000000 0.03816329999999999723
73 20.000000 17.000000 0.02370339999999999947
74 20.000000 17.000000 0.17336570000000001146
75 18.000000 17.000000 0.02147949999999999859
76 21.000000 17.000000 0.14366349999999999953
77 19.000000 17.000000 0.02392330000000000151
78 22.000000 17.000000 0.02321929999999999827
79 21.000000 17.000000 0.01816740000000000022
80 16.000000 16.000000 0.02100240000000000093
81 17.000000 16.000000 0.03497109999999999802
82 18.000000 17.000000 0.02187889999999999974
83 17.000000 16.000000 0.02782099999999999851
84 17.000000 17.000000 0.03231459999999999888
85 19.000000 17.000000 0.02071730000000000099
86 15.000000 15.000000 0.02136990000000000070
87 18.000000 17.000000 0.02272019999999999942
88 18.000000 16.000000 0.02048699999999999827
89 20.000000 17.000000 0.03348240000000000244
90 17.000000 17.000000 0.11525670000000000359
91 18.000000 17.000000 0.13529309999999999947
92 19.000000 17.000000 0.02068800000000000153
93 19.000000 17.000000 0.02190550000000000136
94 18.000000 16.000000 0.02170110000000000094
95 16.000000 16.000000 0.12885659999999998782
96 19.000000 17.000000 0.02208419999999999828
97 19.000000 17.000000 0.12216200000000000669
98 20.000000 17.000000 0.13097829999999999195
99 18.000000 17.000000 0.02557359999999999842
100 19.000000 17.000000 0.02151099999999999887
101 16.000000 16.000000 0.03402320000000000344
102 18.000000 16.000000 0.02173109999999999972
103 21.000000 17.000000 0.09898679999999999979
104 18.000000 17.000000 0.01999079999999999954
105 20.000000 17.000000 0.02531989999999999935
106 18.000000 17.000000 0.02384529999999999983
107 17.000000 17.000000 0.02064140000000000072
108 17.000000 17.000000 0.02169980000000000173
109 18.000000 17.000000 0.02187839999999999924
110 18.000000 17.000000 0.02794479999999999881
111 17.000000 17.000000 0.02408909999999999871
112 16.000000 16.000000 0.02412279999999999980
113 22.000000 17.000000 0.02275309999999999833
114 17.000000 17.000000 0.02688969999999999902
115 18.000000 17.000000 0.08586059999999999526
116 17.000000 17.000000 0.13063830000000001275
117 17.000000 16.000000 0.04037629999999999691
118 19.000000 17.000000 0.01991290000000000074
119 18.000000 17.000000 0.02075559999999999905
120 19.000000 17.000000 0.02011929999999999968
121 18.000000 16.000000 0.02349969999999999837
122 18.000000 17.000000 0.02422349999999999851
123 18.000000 17.000000 0.02682839999999999878
124 18.000000 16.000000 0.01945159999999999945
125 21.000000 17.000000 0.03127520000000000300
126 18.000000 17.000000 0.02606299999999999936
127 18.000000 17.000000 0.02413020000000000095
128 17.000000 16.000000 0.02686289999999999858
129 19.000000 17.000000 0.02439900000000000055
130 18.000000 17.000000 0.02540370000000000128
131 19.000000 17.000000 0.01777569999999999845
132 20.000000 17.000000 0.02528609999999999886
133 18.000000 17.000000 0.02257019999999999860
134 19.000000 17.000000 0.02388780000000000070
135 17.000000 17.000000 0.03209549999999999903
136 18.000000 17.000000 0.02151159999999999878
137 19.000000 17.000000 0.02304389999999999911
138 15.000000 15.000000 0.02580450000000000105
139 19.000000 16.000000 0.02126789999999999931
140 18.000000 17.000000 0.02367680000000000132
141 17.000000 16.000000 0.02532169999999999907
142 16.000000 16.000000 0.03610080000000000233
143 19.000000 17.000000 0.05004990000000000133
144 19.000000 17.000000 0.08926520000000000288
145 17.000000 17.000000 0.03496769999999999740
146 19.000000 17.000000 0.03617340000000000139
147 18.000000 16.000000 0.05353089999999999932
148 15.000000 15.000000 0.09847150000000000347
149 20.000000 17.000000 0.05315949999999999842
150 20.000000 17.000000 0.02171319999999999847
151 18.000000 17.000000 0.03135770000000000224
152 19.000000 17.000000 0.02478980000000000072
153 20.000000 17.000000 0.02265059999999999990
154 18.000000 17.000000 0.03125479999999999925
155 20.000000 17.000000 0.04024409999999999793
156 18.000000 17.000000 0.02598469999999999946
157 19.000000 17.000000 0.02058969999999999897
158 18.000000 16.000000 0.02835659999999999917
159 17.000000 16.000000 0.02198100000000000054
160 18.000000 17.000000 0.05072039999999999882
161 20.000000 17.000000 0.02493189999999999990
162 17.000000 17.000000 0.04166910000000000058
163 19.000000 17.000000 0.02906960000000000099
164 20.000000 17.000000 0.02709759999999999946
165 17.000000 16.000000 0.02874410000000000159
166 19.000000 17.000000 0.02292630000000000015
167 18.000000 17.000000 0.02212969999999999868
168 20.000000 17.000000 0.02086440000000000169
169 17.000000 17.000000 0.02835489999999999886
170 17.000000 16.000000 0.02849379999999999968
171 19.000000 17.000000 0.02771090000000000012
172 17.000000 16.000000 0.02413300000000000167
173 19.000000 17.000000 0.02323300000000000018
174 19.000000 17.000000 0.02657419999999999921
175 17.000000 17.000000 0.02573759999999999937
176 22.000000 17.000000 0.02976240000000000135
177 16.000000 16.000000 0.02642430000000000126
178 16.000000 16.000000 0.03008790000000000076
179 23.000000 17.000000 0.04733119999999999689
180 20.000000 17.000000 0.05393110000000000265
181 18.000000 17.000000 0.01932029999999999859
182 18.000000 17.000000 0.02483290000000000150
183 16.000000 16.000000 0.02325819999999999971
184 17.000000 17.000000 0.02457180000000000128
185 18.000000 17.000000 0.01960109999999999977
186 18.000000 17.000000 0.02264530000000000015
187 17.000000 17.000000 0.02157879999999999868
188 18.000000 17.000000 0.02910240000000000049
189 19.000000 17.000000 0.01922880000000000075
190 18.000000 16.000000 0.02452009999999999953
191 17.000000 17.000000 0.02480049999999999963
192 20.000000 17.000000 0.01848589999999999955
193 17.000000 17.000000 0.03009529999999999844
194 19.000000 17.000000 0.02412270000000000039
195 19.000000 17.000000 0.02595060000000000075
196 19.000000 17.000000 0.03249239999999999767
197 19.000000 17.000000 0.02614400000000000057
198 20.000000 17.000000 0.02952199999999999963
199 18.000000 17.000000 0.04373889999999999723
200 18.000000 16.000000 0.02085559999999999845
201 18.000000 17.000000 0.02863150000000000070
202 21.000000 17.000000 0.02511479999999999962
203 19.000000 16.000000 0.02581539999999999876
204 17.000000 16.000000 0.02855099999999999999
205 16.000000 16.000000 0.03498529999999999696
206 17.000000 16.000000 0.02123840000000000103
207 18.000000 17.000000 0.02306139999999999926
208 19.000000 17.000000 0.01962229999999999877
209 18.000000 17.000000 0.02214609999999999843
210 20.000000 17.000000 0.02025170000000000095
211 17.000000 16.000000 0.02528170000000000070
212 19.000000 17.000000 0.02082169999999999854
213 20.000000 17.000000 0.02167310000000000070
214 18.000000 17.000000 0.02578760000000000080
215 19.000000 17.000000 0.02130699999999999955
216 17.000000 17.000000 0.02162729999999999861
217 20.000000 17.000000 0.02950840000000000060
218 17.000000 17.000000 0.01838719999999999938
219 21.000000 17.000000 0.01716830000000000092
220 20.000000 17.000000 0.02002330000000000082
221 19.000000 17.000000 0.01573839999999999961
222 18.000000 16.000000 0.01156279999999999981
223 20.000000 17.000000 0.01861149999999999957
224 17.000000 17.000000 0.02492569999999999855
225 21.000000 17.000000 0.02187129999999999977
226 18.000000 17.000000 0.01526439999999999915
227 21.000000 17.000000 0.01664469999999999839
228 17.000000 16.000000 0.01798090000000000105
229 17.000000 16.000000 0.01717039999999999886
230 19.000000 17.000000 0.01171550000000000022
231 19.000000 16.000000 0.02149109999999999909
232 19.000000 16.000000 0.01181379999999999930
233 20.000000 17.000000 0.01065149999999999951
234 16.000000 16.000000 0.02037049999999999972
235 20.000000 17.000000 0.02225869999999999932
236 19.000000 17.000000 0.01131449999999999990
237 17.000000 16.000000 0.01097180000000000030
238 20.000000 17.000000 0.01097719999999999946
239 17.000000 17.000000 0.01183470000000000008
240 20.000000 17.000000 0.01415770000000000049
241 16.000000 16.000000 0.01001580000000000005
242 18.000000 17.000000 0.01103460000000000031
243 17.000000 16.000000 0.01170810000000000080
244 19.000000 17.000000 0.01082439999999999965
245 20.000000 17.000000 0.00923460000000000079
246 19.000000 16.000000 0.00917869999999999971
247 18.000000 17.000000 0.01161820000000000040
248 18.000000 17.000000 0.01867169999999999941
249 18.000000 17.000000 0.01103580000000000012
250 18.000000 17.000000 0.01508080000000000011
251 18.000000 16.000000 0.01190030000000000081
252 17.000000 16.000000 0.01084229999999999916
253 18.000000 17.000000 0.01275899999999999951
254 17.000000 17.000000 0.01552779999999999959
255 17.000000 16.000000 0.01835760000000000169
256 17.000000 16.000000 0.01588470000000000160
257 19.000000 17.000000 0.01333529999999999958
258 18.000000 16.000000 0.01056690000000000060
259 16.000000 16.000000 0.01026220000000000084
260 18.000000 16.000000 0.01455719999999999931
261 20.000000 17.000000 0.00922989999999999922
262 19.000000 17.000000 0.00929669999999999976
263 17.000000 17.000000 0.00928870000000000043
264 19.000000 17.000000 0.00919500000000000005
265 20.000000 17.000000 0.01015289999999999943
266 17.000000 16.000000 0.00861750000000000016
267 20.000000 17.000000 0.00903900000000000016
268 20.000000 17.000000 0.00852370000000000037
269 20.000000 17.000000 0.00878770000000000072
270 22.000000 17.000000 0.00814029999999999962
271 20.000000 17.000000 0.00896390000000000034
272 19.000000 17.000000 0.00922199999999999930
273 19.000000 17.000000 0.00864760000000000008
274 19.000000 17.000000 0.00840510000000000042
275 19.000000 17.000000 0.00856419999999999924
276 20.000000 17.000000 0.01037489999999999940
277 19.000000 17.000000 0.00877849999999999984
278 19.000000 17.000000 0.00858240000000000045
279 17.000000 16.000000 0.00877039999999999938
280 18.000000 17.000000 0.00852930000000000008
281 16.000000 16.000000 0.00873140000000000027
282 19.000000 17.000000 0.00865259999999999987
283 19.000000 17.000000 0.00866699999999999936
284 17.000000 17.000000 0.01066119999999999915
285 19.000000 17.000000 0.00843250000000000076
286 18.000000 17.000000 0.00914919999999999969
287 19.000000 17.000000 0.01047370000000000072
288 17.000000 17.000000 0.00863610000000000072
289 18.000000 16.000000 0.00895319999999999970
290 18.000000 17.000000 0.00945059999999999997
291 18.000000 16.000000 0.00936799999999999959
292 19.000000 17.000000 0.00757139999999999983
293 16.000000 16.000000 0.00764320000000000017
294 20.000000 17.000000 0.00754659999999999966
295 19.000000 16.000000 0.00926480000000000012
296 19.000000 17.000000 0.01118010000000000011
297 15.000000 15.000000 0.00834850000000000002
298 18.000000 17.000000 0.00977560000000000061
299 15.000000 15.000000 0.00914659999999999952
300 18.000000 17.000000 0.00917920000000000021
301 19.000000 17.000000 0.00849819999999999916
302 16.000000 16.000000 0.00846809999999999924
303 19.000000 17.000000 0.00872520000000000066
304 16.000000 16.000000 0.01105629999999999981
305 19.000000 17.000000 0.00808530000000000013
306 21.000000 17.000000 0.00850180000000000033
307 18.000000 16.000000 0.00830819999999999996
308 19.000000 17.000000 0.00813460000000000051
309 21.000000 17.000000 0.00854079999999999943
310 18.000000 17.000000 0.00815120000000000081
311 17.000000 17.000000 0.01060449999999999934
312 22.000000 17.000000 0.00800080000000000062
313 19.000000 17.000000 0.00877389999999999941
314 16.000000 16.000000 0.00791490000000000075
315 21.000000 17.000000 0.00768749999999999989
316 17.000000 17.000000 0.00782820000000000044
317 18.000000 16.000000 0.00794130000000000009
318 17.000000 16.000000 0.00853710000000000059
319 16.000000 16.000000 0.00794259999999999931
320 20.000000 17.000000 0.00752469999999999962
321 16.000000 16.000000 0.00979159999999999926
322 19.000000 17.000000 0.00750199999999999999
323 20.000000 17.000000 0.00813649999999999964
324 19.000000 17.000000 0.00859799999999999974
325 15.000000 15.000000 0.00809129999999999919
326 17.000000 17.000000 0.00764950000000000005
327 20.000000 17.000000 0.00799530000000000032
328 19.000000 17.000000 0.00750249999999999962
329 17.000000 17.000000 0.00824139999999999942
330 19.000000 17.000000 0.00810469999999999940
331 20.000000 17.000000 0.00765349999999999971
332 20.000000 17.000000 0.00840589999999999914
333 20.000000 17.000000 0.00766010000000000042
334 19.000000 17.000000 0.00911020000000000059
335 18.000000 17.000000 0.00840740000000000064
336 17.000000 17.000000 0.00817110000000000058
337 18.000000 16.000000 0.00874839999999999993
338 21.000000 17.000000 0.00810660000000000026
339 20.000000 17.000000 0.00821440000000000017
340 17.000000 16.000000 0.00812820000000000036
341 16.000000 16.000000 0.00889490000000000072
342 18.000000 17.000000 0.00864550000000000041
343 18.000000 17.000000 0.00801750000000000032
344 19.000000 17.000000 0.00782990000000000075
345 18.000000 17.000000 0.01060690000000000070
346 19.000000 17.000000 0.00850180000000000033
347 21.000000 17.000000 0.00770480000000000036
348 20.000000 16.000000 0.00943270000000000046
349 17.000000 17.000000 0.00814789999999999959
350 18.000000 16.000000 0.00883390000000000043
351 20.000000 17.000000 0.00803599999999999974
352 19.000000 17.000000 0.00754490000000000022
353 21.000000 17.000000 0.00759760000000000036
354 17.000000 16.000000 0.00788799999999999918
355 17.000000 17.000000 0.00771529999999999959
356 20.000000 17.000000 0.00813919999999999921
357 19.000000 17.000000 0.00977150000000000067
358 20.000000 17.000000 0.00745700000000000009
359 18.000000 17.000000 0.00797720000000000026
360 16.000000 16.000000 0.00834700000000000025
361 18.000000 16.000000 0.00897790000000000046
362 18.000000 17.000000 0.00838060000000000020
363 16.000000 16.000000 0.00791050000000000086
364 18.000000 17.000000 0.00897760000000000051
365 17.000000 17.000000 0.00856009999999999931
366 18.000000 17.000000 0.00765259999999999985
367 16.000000 16.000000 0.00741810000000000039
368 16.000000 16.000000 0.00777249999999999990
369 18.000000 16.000000 0.00818540000000000066
370 17.000000 16.000000 0.00793510000000000049
371 16.000000 16.000000 0.00760160000000000002
372 17.000000 16.000000 0.00820680000000000021
373 18.000000 16.000000 0.00822110000000000028
374 17.000000 17.000000 0.00768589999999999985
375 18.000000 16.000000 0.00855500000000000010
376 16.000000 16.000000 0.00752490000000000017
377 16.000000 16.000000 0.00741469999999999976
378 17.000000 16.000000 0.00755299999999999982
379 19.000000 17.000000 0.00754080000000000028
380 17.000000 17.000000 0.00825320000000000047
381 19.000000 17.000000 0.00752219999999999972
382 20.000000 17.000000 0.00906410000000000028
383 17.000000 16.000000 0.00814899999999999999
384 19.000000 17.000000 0.00742760000000000035
385 18.000000 16.000000 0.00787840000000000068
386 19.000000 16.000000 0.00735770000000000000
387 16.000000 16.000000 0.00760189999999999998
388 17.000000 16.000000 0.00736880000000000000
389 16.000000 16.000000 0.00748470000000000038
390 21.000000 17.000000 0.00744150000000000020
391 18.000000 17.000000 0.00770920000000000025
392 17.000000 17.000000 0.00824860000000000003
393 17.000000 16.000000 0.00756330000000000023
394 19.000000 17.000000 0.00935889999999999986
395 18.000000 17.000000 0.00786549999999999923
396 18.000000 17.000000 0.00865860000000000067
397 16.000000 16.000000 0.00787189999999999938
398 17.000000 16.000000 0.00772009999999999971
399 18.000000 17.000000 0.00754449999999999999
400 18.000000 17.000000 0.00760450000000000015
401 20.000000 17.000000 0.00770570000000000022
402 20.000000 17.000000 0.00769309999999999959
403 17.000000 16.000000 0.00827040000000000067
404 19.000000 17.000000 0.00790549999999999933
405 21.000000 17.000000 0.00745320000000000010
406 21.000000 17.000000 0.00795659999999999944
407 17.000000 17.000000 0.00743719999999999971
408 19.000000 16.000000 0.00771230000000000006
409 18.000000 17.000000 0.00731449999999999982
410 19.000000 17.000000 0.00782700000000000062
411 20.000000 17.000000 0.00715480000000000022
412 15.000000 15.000000 0.00752910000000000038
413 20.000000 17.000000 0.00747190000000000007
414 20.000000 16.000000 0.00716530000000000031
415 16.000000 16.000000 0.00738589999999999993
416 17.000000 17.000000 0.00716419999999999991
417 16.000000 16.000000 0.00731370000000000024
418 19.000000 17.000000 0.00726909999999999969
419 19.000000 17.000000 0.00743390000000000023
420 19.000000 16.000000 0.00716690000000000035
