1 142.000000 102.000000 3.00460800000000016752
2 238.000000 161.000000 3.19712230000000019459
3 262.000000 186.000000 1.17835090000000008992
4 254.000000 172.000000 1.68231829999999993319
5 189.000000 150.000000 1.12737229999999999386
6 263.000000 194.000000 8.54663749999999922125
7 238.000000 173.000000 7.04566490000000023031
8 244.000000 181.000000 1.41205090000000010875
9 233.000000 171.000000 1.20159970000000004831
10 151.000000 116.000000 2.37447259999999982227
11 220.000000 150.000000 2.82473840000000020467
12 225.000000 166.000000 1.70878010000000002400
13 258.000000 189.000000 2.90071570000000011902
14 197.000000 147.000000 3.09885520000000003193
15 220.000000 153.000000 1.68153829999999993028
16 290.000000 208.000000 1.39994850000000004009
17 199.000000 150.000000 4.03238529999999961717
18 249.000000 185.000000 2.76201249999999998153
19 191.000000 138.000000 1.33731339999999998547
20 258.000000 179.000000 5.04800510000000013378
21 318.000000 225.000000 6.66693420000000003256
22 244.000000 175.000000 2.15411429999999981533
23 206.000000 151.000000 2.67856000000000005201
24 193.000000 147.000000 3.40034169999999980050
25 153.000000 120.000000 2.09108219999999978000
26 212.000000 149.000000 6.59955870000000022202
27 208.000000 157.000000 1.78018250000000000099
28 179.000000 137.000000 1.87895579999999995380
29 246.000000 186.000000 2.11881880000000011322
30 259.000000 183.000000 2.22951999999999994628
31 278.000000 208.000000 1.79323410000000005304
32 265.000000 187.000000 3.43224680000000015312
33 185.000000 129.000000 1.52797239999999989735
34 167.000000 120.000000 2.85994500000000018147
35 184.000000 141.000000 1.88091689999999989169
36 238.000000 176.000000 2.09586199999999989174
37 182.000000 136.000000 1.29327079999999994264
38 224.000000 159.000000 1.88801770000000002092
39 200.000000 141.000000 2.49189140000000008968
40 247.000000 184.000000 2.67612320000000014630
41 256.000000 187.000000 4.21819939999999959923
42 145.000000 125.000000 1.57601579999999996673
43 178.000000 133.000000 1.76792660000000001475
44 257.000000 191.000000 3.70694940000000006108
45 227.000000 173.000000 1.49680949999999990396
46 299.000000 206.000000 1.29314979999999990490
47 213.000000 162.000000 1.27365660000000002761
48 189.000000 147.000000 7.81431010000000014770
49 179.000000 130.000000 3.16974180000000016477
50 255.000000 184.000000 1.32929129999999995349
51 202.000000 152.000000 1.36818510000000004290
52 268.000000 195.000000 1.13787410000000011046
53 257.000000 190.000000 1.50158520000000006434
54 201.000000 150.000000 2.38943020000000005965
55 254.000000 174.000000 1.23930429999999991431
56 292.000000 208.000000 2.73924490000000009360
57 167.000000 138.000000 1.73198359999999995651
58 127.000000 96.000000 3.52574729999999991747
59 229.000000 164.000000 1.63652360000000007823
60 177.000000 144.000000 1.88672179999999989342
61 172.000000 137.000000 1.09891070000000001805
62 259.000000 183.000000 2.30749840000000006057
63 164.000000 123.000000 2.98138630000000004472
64 162.000000 126.000000 3.40387400000000006628
65 196.000000 151.000000 1.39926349999999999341
66 159.000000 132.000000 1.92510849999999988924
67 191.000000 153.000000 3.59520479999999986731
68 291.000000 209.000000 1.44113500000000005485
69 213.000000 176.000000 1.42942830000000009605
70 248.000000 182.000000 1.42428909999999997460
71 197.000000 137.000000 1.10558069999999997179
72 221.000000 158.000000 5.28795850000000022817
73 157.000000 115.000000 1.57368360000000007126
74 218.000000 163.000000 1.46453140000000003873
75 192.000000 144.000000 1.10049100000000010802
76 253.000000 184.000000 6.93143119999999957059
77 220.000000 169.000000 0.88903869999999995954
78 158.000000 112.000000 4.31318999999999963535
79 199.000000 153.000000 1.93881689999999995422
80 220.000000 161.000000 1.81918910000000000338
81 241.000000 171.000000 3.21651599999999993074
82 247.000000 167.000000 1.11260669999999994850
83 217.000000 162.000000 0.66696040000000000880
84 143.000000 117.000000 1.05626799999999998469
85 246.000000 175.000000 1.14297770000000009638
86 215.000000 166.000000 0.88831300000000001926
87 229.000000 159.000000 0.84040389999999998150
88 299.000000 208.000000 2.81281930000000013337
89 189.000000 153.000000 1.03622379999999991718
90 312.000000 207.000000 13.71021889999999920917
91 268.000000 189.000000 3.79535489999999997579
92 211.000000 182.000000 0.79251680000000002124
93 239.000000 168.000000 1.25471550000000009462
94 164.000000 127.000000 1.73436640000000008577
95 237.000000 168.000000 4.30058819999999997208
96 243.000000 188.000000 1.72241909999999998071
97 299.000000 210.000000 1.33159310000000008500
98 168.000000 133.000000 0.81687149999999997263
99 249.000000 183.000000 2.35938189999999980984
100 199.000000 144.000000 0.97250680000000000458
101 300.000000 213.000000 0.79671089999999999964
102 239.000000 167.000000 1.41223119999999990881
103 179.000000 125.000000 3.75526280000000012294
104 243.000000 170.000000 3.92474709999999982202
105 245.000000 190.000000 0.95314089999999995761
106 220.000000 167.000000 1.91687209999999996768
107 247.000000 164.000000 1.01072769999999989565
108 202.000000 162.000000 1.46388089999999992941
109 207.000000 142.000000 3.08863850000000006446
110 248.000000 186.000000 2.38986540000000013961
111 231.000000 169.000000 0.89683199999999996255
112 239.000000 172.000000 0.98184729999999997840
113 261.000000 185.000000 1.07323750000000006644
114 190.000000 135.000000 1.68022830000000000794
115 199.000000 142.000000 1.99558630000000003513
116 182.000000 142.000000 2.65863469999999990634
117 236.000000 167.000000 1.59626810000000007861
118 216.000000 162.000000 0.98465369999999996509
119 282.000000 206.000000 1.03709980000000001610
120 203.000000 150.000000 1.35855970000000003672
121 199.000000 150.000000 1.30786299999999999777
122 217.000000 148.000000 1.59269459999999996036
123 248.000000 182.000000 1.02691540000000003374
124 252.000000 174.000000 1.28657639999999995339
125 272.000000 197.000000 0.69744059999999996613
126 228.000000 167.000000 1.68182009999999992900
127 267.000000 196.000000 2.79958119999999999195
128 175.000000 136.000000 2.65933250000000009905
129 264.000000 187.000000 1.36409240000000009374
130 219.000000 165.000000 1.00886009999999992637
131 225.000000 161.000000 1.26813400000000009449
132 248.000000 180.000000 0.66469420000000001281
133 215.000000 153.000000 5.05556610000000006266
134 303.000000 219.000000 3.04047780000000011924
135 228.000000 166.000000 0.85744830000000005210
136 170.000000 127.000000 1.28918400000000010763
137 249.000000 171.000000 0.50411200000000000454
138 198.000000 151.000000 1.69618610000000002991
139 278.000000 207.000000 0.86747750000000001247
140 247.000000 177.000000 0.90885260000000001046
141 183.000000 148.000000 1.05047510000000010599
142 224.000000 158.000000 0.80532660000000000355
143 286.000000 192.000000 0.61016119999999995915
144 258.000000 191.000000 1.15713299999999996714
145 177.000000 145.000000 1.11581459999999998978
146 203.000000 155.000000 1.19180989999999997764
147 209.000000 148.000000 1.13123470000000003743
148 232.000000 170.000000 1.26234090000000009901
149 134.000000 101.000000 1.18660140000000002836
150 212.000000 168.000000 1.63470160000000008793
151 232.000000 174.000000 1.03957769999999993793
152 187.000000 138.000000 1.04498570000000001734
153 175.000000 135.000000 1.83407619999999993432
154 210.000000 154.000000 1.13391529999999995937
155 155.000000 122.000000 0.96207270000000000287
156 243.000000 177.000000 2.56351780000000006865
157 214.000000 149.000000 1.34917979999999992913
158 276.000000 193.000000 0.67808990000000002318
159 227.000000 159.000000 0.69477549999999999031
160 221.000000 174.000000 0.74696419999999996708
161 195.000000 155.000000 0.84912350000000003103
162 266.000000 188.000000 2.25238750000000020890
163 185.000000 148.000000 1.15166579999999996176
164 208.000000 153.000000 0.78515199999999996106
165 296.000000 215.000000 0.54810800000000003962
166 264.000000 192.000000 0.84981300000000004058
167 210.000000 155.000000 1.57446430000000003879
168 218.000000 170.000000 0.69953840000000000465
169 219.000000 161.000000 4.56543610000000033011
170 232.000000 167.000000 1.19744899999999998563
171 206.000000 157.000000 1.06093850000000000655
172 221.000000 156.000000 0.97617949999999997779
173 187.000000 148.000000 0.98982119999999995663
174 230.000000 156.000000 0.49007739999999999636
175 223.000000 152.000000 0.90544060000000003985
176 218.000000 148.000000 1.01985630000000004891
177 189.000000 144.000000 0.91816920000000001867
178 265.000000 197.000000 0.50789430000000002075
179 114.000000 96.000000 1.37831860000000006039
180 236.000000 183.000000 0.89548459999999996395
181 181.000000 128.000000 1.19221970000000010437
182 274.000000 198.000000 0.67567169999999998620
183 193.000000 159.000000 0.46335860000000000936
184 266.000000 189.000000 0.78592410000000001435
185 259.000000 194.000000 0.61106899999999997330
186 305.000000 206.000000 0.64238620000000001831
187 307.000000 209.000000 1.39772990000000008060
188 131.000000 97.000000 1.03707759999999993283
189 276.000000 201.000000 2.08517159999999979192
190 225.000000 160.000000 0.88393359999999998600
191 249.000000 176.000000 0.40455859999999999044
192 250.000000 183.000000 0.73696770000000000334
193 226.000000 171.000000 0.74950510000000003519
194 268.000000 190.000000 0.49261139999999997707
195 230.000000 173.000000 1.62518319999999993897
196 211.000000 147.000000 3.13659439999999989368
197 194.000000 152.000000 1.64324969999999992432
198 189.000000 135.000000 1.09252370000000009753
199 211.000000 167.000000 1.17904849999999994381
200 232.000000 171.000000 0.97910859999999999559
201 266.000000 184.000000 1.50171269999999990041
202 260.000000 194.000000 0.47099180000000001600
203 189.000000 152.000000 1.03755189999999997141
204 200.000000 144.000000 3.61392539999999984346
205 235.000000 162.000000 2.70921909999999988017
206 249.000000 175.000000 1.09635489999999991007
207 192.000000 145.000000 0.46461089999999999334
208 271.000000 199.000000 1.62195869999999997546
209 307.000000 210.000000 2.37023859999999997328
210 202.000000 150.000000 0.79706840000000001023
211 222.000000 163.000000 0.88265810000000000102
212 290.000000 197.000000 0.51720469999999996169
213 217.000000 152.000000 2.54141059999999985308
214 224.000000 156.000000 1.27935489999999996158
215 210.000000 154.000000 2.12160320000000002238
216 237.000000 178.000000 1.03068849999999989642
217 286.000000 206.000000 1.83558639999999995140
218 257.000000 188.000000 4.06989939999999972287
219 248.000000 178.000000 0.77888679999999999026
220 339.000000 222.000000 3.05556280000000013430
221 229.000000 157.000000 0.74320940000000002001
222 205.000000 152.000000 1.10047190000000005838
223 240.000000 174.000000 1.05538200000000004231
224 268.000000 196.000000 2.05204189999999986327
225 294.000000 208.000000 0.68497090000000004917
226 201.000000 151.000000 1.39587379999999994240
227 264.000000 187.000000 0.66678590000000004245
228 251.000000 179.000000 1.29842659999999998632
229 188.000000 143.000000 0.72896019999999994710
230 220.000000 162.000000 0.89192289999999996297
231 207.000000 159.000000 0.66753569999999995410
232 270.000000 191.000000 0.90581650000000002443
233 249.000000 171.000000 1.96155640000000008882
234 210.000000 169.000000 0.85460990000000003342
235 187.000000 142.000000 0.98544500000000001538
236 234.000000 172.000000 0.86035340000000004590
237 199.000000 156.000000 1.37631290000000006124
238 201.000000 152.000000 1.83797609999999989050
239 211.000000 153.000000 1.97228610000000004199
240 177.000000 139.000000 0.77702939999999998122
241 238.000000 184.000000 0.88865050000000000985
242 255.000000 180.000000 1.12172699999999991860
243 277.000000 209.000000 0.86188920000000002197
244 254.000000 164.000000 1.53386179999999994195
245 283.000000 186.000000 0.46938419999999997367
246 235.000000 170.000000 0.57522499999999998632
247 281.000000 195.000000 0.76204459999999996089
248 227.000000 160.000000 0.45883160000000000611
249 227.000000 162.000000 2.18654169999999981044
250 207.000000 150.000000 0.80726509999999995770
251 226.000000 162.000000 0.87324930000000000607
252 190.000000 140.000000 1.21028299999999999770
253 179.000000 139.000000 1.10343780000000002417
254 238.000000 170.000000 0.58360489999999998201
255 208.000000 154.000000 0.86039980000000004789
256 217.000000 150.000000 0.84612940000000003149
257 239.000000 184.000000 0.55217220000000000191
258 238.000000 174.000000 0.73890940000000004950
259 247.000000 177.000000 0.40721590000000001952
260 189.000000 146.000000 0.75703679999999995420
261 261.000000 182.000000 0.81847530000000001671
262 195.000000 151.000000 0.86020949999999996027
263 266.000000 184.000000 0.41949100000000000277
264 246.000000 184.000000 1.32261490000000003775
265 182.000000 126.000000 4.19119970000000030552
266 243.000000 182.000000 0.79878050000000000441
267 273.000000 181.000000 0.70049969999999994741
268 224.000000 165.000000 1.16652979999999995009
269 239.000000 170.000000 1.84926349999999994900
270 191.000000 131.000000 1.22136369999999994107
271 218.000000 155.000000 0.90735849999999995674
272 164.000000 126.000000 5.21262869999999978177
273 197.000000 134.000000 3.25799139999999987083
274 227.000000 161.000000 0.67586659999999998405
275 250.000000 177.000000 0.66830239999999996314
276 259.000000 188.000000 0.93473349999999999493
277 145.000000 114.000000 0.58770590000000000330
278 211.000000 143.000000 1.33846979999999993183
279 172.000000 142.000000 0.58153719999999997636
280 189.000000 144.000000 0.83571530000000004978
281 229.000000 168.000000 0.71269579999999999043
282 191.000000 143.000000 2.24035180000000000433
283 169.000000 130.000000 0.57302580000000002958
284 255.000000 194.000000 1.53160249999999997783
285 179.000000 140.000000 0.72867400000000004390
286 228.000000 180.000000 0.85164450000000002650
287 236.000000 169.000000 0.53125780000000000225
288 250.000000 194.000000 0.64588400000000001366
289 237.000000 176.000000 0.80655799999999999716
290 226.000000 168.000000 0.51136979999999998547
291 288.000000 215.000000 0.46850029999999998065
292 234.000000 164.000000 0.42337249999999998495
293 203.000000 142.000000 2.49706390000000011398
294 174.000000 129.000000 0.75294030000000000680
295 226.000000 166.000000 1.89324849999999988981
296 209.000000 147.000000 0.47595260000000000344
297 241.000000 180.000000 0.90267589999999997552
298 264.000000 198.000000 0.78691259999999996211
299 277.000000 193.000000 0.46028449999999998532
300 212.000000 158.000000 0.49966979999999999729
301 264.000000 194.000000 4.42566500000000040416
302 145.000000 110.000000 1.26234350000000006276
303 184.000000 134.000000 0.53552589999999999915
304 210.000000 149.000000 5.13729109999999966618
305 237.000000 176.000000 0.64223540000000001182
306 186.000000 140.000000 1.46442859999999996923
307 202.000000 159.000000 1.21290030000000004229
308 298.000000 209.000000 0.35886730000000000018
309 261.000000 178.000000 1.04086959999999995041
310 329.000000 224.000000 0.56485300000000004950
311 245.000000 174.000000 0.55468150000000004951
312 158.000000 131.000000 0.65635030000000005312
313 232.000000 174.000000 0.59568730000000003066
314 174.000000 126.000000 0.89292439999999995148
315 189.000000 152.000000 0.52333759999999995838
316 216.000000 162.000000 1.71394800000000002704
317 224.000000 159.000000 1.51371239999999995796
318 317.000000 214.000000 5.13887740000000015073
319 274.000000 198.000000 1.55968620000000002257
320 240.000000 172.000000 0.71316150000000000375
321 152.000000 109.000000 1.26988520000000004728
322 321.000000 227.000000 1.34527989999999997295
323 234.000000 161.000000 0.61891980000000001993
324 193.000000 140.000000 0.71725340000000004093
325 189.000000 130.000000 2.96089100000000016166
326 216.000000 160.000000 1.27021870000000003387
327 218.000000 164.000000 0.57651450000000004081
328 193.000000 141.000000 0.87590040000000002340
329 218.000000 162.000000 0.35835689999999997823
330 256.000000 193.000000 0.54483619999999999273
331 174.000000 126.000000 0.79475629999999997111
332 195.000000 153.000000 0.54632619999999998406
333 178.000000 140.000000 0.67373280000000002055
334 242.000000 176.000000 1.39816769999999990226
335 187.000000 146.000000 1.08116839999999991839
336 191.000000 135.000000 0.98017989999999999284
337 195.000000 150.000000 0.68856260000000002464
338 232.000000 179.000000 0.52870159999999999378
339 193.000000 142.000000 1.29174720000000009534
340 219.000000 164.000000 0.80025340000000000362
341 217.000000 147.000000 0.40687950000000000506
342 216.000000 156.000000 1.54289809999999993906
343 219.000000 157.000000 1.97374570000000004732
344 167.000000 125.000000 0.94129680000000004458
345 227.000000 167.000000 1.88805470000000008568
346 219.000000 170.000000 0.84045170000000002375
347 189.000000 142.000000 0.96693059999999997345
348 242.000000 161.000000 0.57515030000000000321
349 258.000000 193.000000 0.65428640000000004573
350 258.000000 173.000000 0.94429949999999995836
351 290.000000 219.000000 2.71129620000000004509
352 237.000000 180.000000 0.49709999999999998632
353 163.000000 123.000000 0.88149310000000002940
354 247.000000 183.000000 1.37171920000000002737
355 318.000000 223.000000 0.64821940000000000115
356 195.000000 143.000000 0.74717639999999996281
357 203.000000 145.000000 0.97983010000000003714
358 280.000000 192.000000 0.58816880000000004713
359 164.000000 126.000000 2.40632370000000017640
360 199.000000 144.000000 0.88708480000000000665
361 233.000000 169.000000 0.45091330000000001688
362 183.000000 140.000000 0.94789369999999995020
363 190.000000 147.000000 0.71533590000000002451
364 245.000000 168.000000 0.56402909999999994994
365 275.000000 193.000000 0.42536709999999999798
366 227.000000 176.000000 0.63766100000000003334
367 261.000000 179.000000 0.55384739999999998972
368 203.000000 149.000000 0.90581420000000001380
369 208.000000 152.000000 1.12203420000000009260
370 240.000000 174.000000 0.80667149999999998577
371 216.000000 165.000000 0.70124370000000002534
372 217.000000 158.000000 0.65028269999999999129
373 236.000000 169.000000 1.39107150000000001633
374 216.000000 157.000000 0.91881869999999998821
375 277.000000 191.000000 0.52778510000000000701
376 258.000000 186.000000 0.60669850000000002943
377 258.000000 177.000000 1.21047930000000003581
378 264.000000 189.000000 0.45095220000000002525
379 271.000000 202.000000 0.56880070000000004793
380 296.000000 208.000000 0.54622680000000001233
381 206.000000 158.000000 0.59262649999999994499
382 219.000000 163.000000 2.82256259999999992161
383 258.000000 178.000000 1.12040340000000004927
384 169.000000 132.000000 2.69057369999999984600
385 267.000000 187.000000 1.06129260000000003039
386 200.000000 133.000000 0.48423979999999999801
387 193.000000 143.000000 0.81531160000000002519
388 293.000000 199.000000 1.06687069999999994963
389 195.000000 142.000000 0.58703519999999997925
390 217.000000 158.000000 2.47530459999999985499
391 218.000000 166.000000 1.50817810000000007697
392 183.000000 132.000000 0.43410019999999999163
393 178.000000 139.000000 0.71829730000000002743
394 269.000000 201.000000 0.43143249999999999655
395 218.000000 160.000000 0.75241899999999994897
396 297.000000 214.000000 0.95909800000000000608
397 198.000000 158.000000 0.71771709999999999674
398 298.000000 207.000000 1.41880370000000000097
399 152.000000 117.000000 0.75187760000000003480
400 319.000000 217.000000 0.49143189999999997708
401 260.000000 173.000000 0.43160439999999999916
402 300.000000 201.000000 0.65164699999999997626
403 221.000000 170.000000 0.65988849999999998897
404 301.000000 203.000000 0.71580659999999995957
405 244.000000 176.000000 1.81761149999999993554
406 205.000000 153.000000 2.33038249999999980133
407 160.000000 114.000000 0.92143509999999995141
408 213.000000 143.000000 0.65914759999999994466
409 288.000000 200.000000 4.57615260000000034779
410 175.000000 140.000000 0.51136040000000004824
411 218.000000 157.000000 1.84925089999999991974
412 214.000000 161.000000 0.68711860000000002380
413 218.000000 164.000000 0.47834630000000000205
414 161.000000 127.000000 0.57082659999999996181
415 229.000000 162.000000 0.55368539999999999424
416 255.000000 163.000000 0.78990519999999997403
417 273.000000 194.000000 0.50552399999999997338
418 300.000000 215.000000 0.74497159999999995605
419 196.000000 152.000000 0.60350939999999997365
420 248.000000 177.000000 2.04107469999999979748
