1 493.000000 356.000000 123.21912820000000010623
2 344.000000 270.000000 49.57141130000000117661
3 507.000000 359.000000 16.57709120000000169171
4 406.000000 312.000000 47.25023180000000166956
5 423.000000 309.000000 13.10390710000000069613
6 463.000000 359.000000 13.97329500000000024329
7 506.000000 364.000000 35.28867439999999788824
8 484.000000 336.000000 63.21216749999999962029
9 444.000000 319.000000 248.32188790000000722102
10 461.000000 336.000000 74.20127920000000187883
11 445.000000 336.000000 37.67149320000000045638
12 478.000000 374.000000 34.09576179999999823167
13 500.000000 382.000000 34.93055830000000128166
14 380.000000 292.000000 25.75409050000000021896
15 454.000000 321.000000 41.76675989999999671909
16 397.000000 312.000000 24.02092580000000054952
17 715.000000 478.000000 125.13498869999999385527
18 485.000000 356.000000 49.23267140000000097189
19 297.000000 239.000000 37.32535550000000057480
20 396.000000 285.000000 83.10288880000000233395
21 392.000000 285.000000 20.45081670000000073628
22 500.000000 371.000000 12.45977330000000016241
23 540.000000 385.000000 21.71017769999999913466
24 388.000000 273.000000 24.97858060000000079981
25 456.000000 330.000000 47.91211359999999785941
26 375.000000 280.000000 29.98373640000000150962
27 458.000000 331.000000 47.78251130000000301834
28 533.000000 377.000000 47.58854730000000188284
29 386.000000 284.000000 22.76145299999999949137
30 356.000000 285.000000 44.25715280000000007021
31 459.000000 330.000000 18.27634600000000020259
32 465.000000 346.000000 17.48212140000000047735
33 390.000000 297.000000 100.41130420000000356140
34 275.000000 224.000000 21.31557910000000077844
35 460.000000 340.000000 51.94470079999999967413
36 549.000000 404.000000 26.85773019999999888796
37 397.000000 282.000000 61.26522930000000144446
38 502.000000 368.000000 30.04108090000000075293
39 590.000000 418.000000 28.44100189999999983570
40 458.000000 334.000000 64.76282140000000708824
41 497.000000 360.000000 34.44518649999999837519
42 475.000000 352.000000 16.08172980000000151790
43 592.000000 413.000000 3.91751819999999995048
44 474.000000 356.000000 68.03225159999999505089
45 461.000000 331.000000 104.05817240000000367672
46 533.000000 393.000000 18.79352109999999953516
47 485.000000 350.000000 8.27521259999999969637
48 527.000000 380.000000 45.92574809999999985166
49 542.000000 409.000000 61.82449189999999816791
50 405.000000 314.000000 47.71295959999999780621
51 529.000000 395.000000 16.90834770000000020218
52 326.000000 253.000000 59.77360999999999791044
53 439.000000 343.000000 10.55046270000000063760
54 505.000000 359.000000 9.50402809999999931279
55 447.000000 336.000000 22.38283789999999839893
56 388.000000 282.000000 44.82692949999999854072
57 410.000000 305.000000 6.81871510000000036200
58 472.000000 344.000000 66.65069800000000554974
59 443.000000 341.000000 9.62314590000000080749
60 226.000000 183.000000 13.62661650000000079785
61 297.000000 220.000000 54.93068420000000173786
62 497.000000 376.000000 23.29497890000000026589
63 529.000000 377.000000 28.98142560000000145237
64 389.000000 295.000000 9.47606500000000018247
65 530.000000 397.000000 71.36089219999999500033
66 367.000000 283.000000 7.07761469999999981439
67 450.000000 334.000000 20.66031919999999999504
68 535.000000 373.000000 113.78601980000000537530
69 509.000000 375.000000 53.77521029999999768734
70 450.000000 323.000000 128.66818989999998734675
71 563.000000 416.000000 10.42517740000000081579
72 548.000000 420.000000 16.57382810000000006312
73 451.000000 345.000000 50.54504339999999729116
74 501.000000 372.000000 53.10977729999999752408
75 479.000000 338.000000 15.40723080000000067002
76 519.000000 393.000000 12.92495420000000017069
77 309.000000 229.000000 52.81286010000000175069
78 475.000000 352.000000 19.07712730000000078689
79 449.000000 336.000000 4.43883839999999985082
80 518.000000 365.000000 87.42906469999999785614
81 490.000000 371.000000 10.08882580000000039888
82 469.000000 330.000000 149.92038299999998685053
83 412.000000 306.000000 22.30886130000000022733
84 296.000000 242.000000 10.83043619999999940262
85 438.000000 332.000000 20.89820160000000015543
86 488.000000 371.000000 13.10108070000000068944
87 529.000000 358.000000 69.62547530000000506334
88 514.000000 358.000000 12.61667600000000000193
89 480.000000 347.000000 24.74080939999999984025
90 700.000000 468.000000 24.77197909999999936304
91 515.000000 392.000000 19.41931879999999921438
92 517.000000 369.000000 54.04590590000000105420
93 547.000000 391.000000 24.47604480000000037876
94 346.000000 261.000000 58.23164299999999826696
95 431.000000 325.000000 18.68522809999999978459
96 451.000000 331.000000 31.28366079999999982419
97 583.000000 407.000000 42.25255589999999727979
98 579.000000 406.000000 109.31365889999999296833
99 477.000000 341.000000 6.33537800000000039802
100 427.000000 326.000000 31.02833019999999919492
101 548.000000 404.000000 10.78173420000000071184
102 464.000000 336.000000 8.27360329999999954964
103 462.000000 342.000000 10.98682230000000004111
104 468.000000 340.000000 48.96034159999999957336
105 409.000000 323.000000 21.67549659999999889237
106 445.000000 323.000000 25.34334559999999925139
107 366.000000 287.000000 10.52198779999999977974
108 349.000000 260.000000 32.73171030000000314431
109 509.000000 360.000000 50.37673060000000191394
110 415.000000 323.000000 39.62489060000000051787
111 410.000000 310.000000 37.94904199999999860893
112 457.000000 338.000000 8.36054269999999988272
113 408.000000 288.000000 141.86860519999999041829
114 594.000000 444.000000 27.40476819999999946731
115 449.000000 331.000000 13.69731630000000066616
116 382.000000 296.000000 39.20436029999999760776
117 438.000000 316.000000 55.94505439999999651945
118 479.000000 345.000000 31.83768480000000167252
119 520.000000 361.000000 26.81620119999999829474
120 555.000000 371.000000 69.36645830000000501059
121 507.000000 353.000000 26.61723519999999965080
122 557.000000 395.000000 18.03814639999999869246
123 532.000000 385.000000 59.74938939999999831798
124 519.000000 381.000000 50.23066049999999904685
125 519.000000 366.000000 38.19959300000000013142
126 482.000000 361.000000 60.97251020000000210075
127 582.000000 420.000000 46.81334400000000073305
128 482.000000 347.000000 58.44439200000000056434
129 652.000000 449.000000 3.65834880000000017830
130 430.000000 323.000000 13.91750760000000042282
131 476.000000 353.000000 27.93057680000000075893
132 441.000000 339.000000 11.93239930000000015298
133 461.000000 342.000000 6.74062450000000001893
134 322.000000 247.000000 90.64754879999999559459
135 540.000000 376.000000 24.65546850000000134173
136 415.000000 298.000000 40.55071490000000267173
137 429.000000 319.000000 9.94177780000000055338
138 458.000000 317.000000 36.46004179999999905704
139 447.000000 338.000000 26.41369960000000105538
140 326.000000 240.000000 31.35863549999999833062
141 445.000000 329.000000 15.58066170000000028040
142 413.000000 323.000000 7.67210459999999994096
143 464.000000 338.000000 6.90226849999999991780
144 446.000000 326.000000 67.92804610000000309356
145 367.000000 282.000000 44.52040319999999695710
146 354.000000 279.000000 29.86279199999999889314
147 391.000000 283.000000 34.18515959999999864749
148 482.000000 357.000000 11.74788999999999994373
149 411.000000 306.000000 84.81434670000000153323
150 395.000000 289.000000 64.11177250000000071850
151 453.000000 343.000000 8.81753110000000006607
152 477.000000 326.000000 130.74771780000000376276
153 259.000000 214.000000 6.59921939999999995763
154 403.000000 305.000000 20.00708990000000042642
155 445.000000 329.000000 16.21343459999999936372
156 704.000000 472.000000 28.46948120000000059804
157 401.000000 297.000000 49.20678170000000051232
158 421.000000 326.000000 4.83427600000000001756
159 649.000000 450.000000 20.96688490000000015812
160 540.000000 384.000000 26.59716930000000090217
161 512.000000 366.000000 31.73771580000000014365
162 525.000000 379.000000 5.39457849999999972113
163 403.000000 311.000000 8.61952310000000032630
164 397.000000 310.000000 9.11706960000000066202
165 536.000000 386.000000 10.52552309999999913259
166 372.000000 285.000000 12.91456890000000079510
167 539.000000 401.000000 18.23949479999999923052
168 504.000000 362.000000 12.14012029999999953134
169 414.000000 325.000000 36.54393170000000168329
170 473.000000 342.000000 48.41860239999999748761
171 518.000000 374.000000 5.43610310000000040986
172 503.000000 359.000000 39.28697429999999712891
173 625.000000 450.000000 43.85562079999999696156
174 484.000000 356.000000 14.02489839999999965414
175 465.000000 337.000000 65.82766110000000026048
176 498.000000 361.000000 24.39163579999999953429
177 395.000000 290.000000 141.69943950000001109402
178 345.000000 269.000000 20.73793350000000046407
179 448.000000 329.000000 29.69331929999999886149
180 402.000000 297.000000 23.72462700000000168643
181 405.000000 314.000000 28.76692129999999991696
182 397.000000 307.000000 9.35046110000000041396
183 458.000000 330.000000 48.04204560000000157061
184 633.000000 456.000000 7.45049839999999985451
185 502.000000 356.000000 71.75090910000000121727
186 399.000000 304.000000 18.24767089999999924999
187 508.000000 385.000000 24.77449939999999983797
188 394.000000 282.000000 34.28023110000000173159
189 430.000000 313.000000 95.05442329999999628853
190 595.000000 414.000000 3.32289259999999986306
191 402.000000 292.000000 20.61234899999999825582
192 383.000000 288.000000 90.35663499999999714873
193 573.000000 404.000000 44.05172470000000117807
194 408.000000 299.000000 6.51920989999999989095
195 457.000000 347.000000 22.48255819999999971515
196 401.000000 281.000000 26.59586350000000010141
197 517.000000 388.000000 17.04301239999999850738
198 530.000000 394.000000 42.24334710000000114860
199 435.000000 319.000000 49.85196799999999939246
200 365.000000 265.000000 138.21327220000000579603
201 427.000000 313.000000 5.20124320000000039954
202 508.000000 364.000000 139.04703290000000492910
203 496.000000 363.000000 16.90012540000000029750
204 504.000000 353.000000 86.25652039999999942665
205 438.000000 321.000000 27.24785239999999930660
206 528.000000 379.000000 8.31536499999999989541
207 500.000000 363.000000 28.52973120000000051277
208 533.000000 395.000000 13.39033140000000088321
209 450.000000 325.000000 49.98921049999999866031
210 455.000000 328.000000 64.00537140000000135842
211 502.000000 375.000000 93.26634180000000640121
212 624.000000 451.000000 22.26560620000000056962
213 595.000000 434.000000 51.88705350000000038335
214 520.000000 386.000000 12.90765219999999935396
215 513.000000 375.000000 3.95771329999999998961
216 335.000000 262.000000 24.10647230000000007522
217 420.000000 330.000000 14.50544219999999917547
218 472.000000 345.000000 8.39709350000000043224
219 598.000000 414.000000 13.86150070000000056325
220 309.000000 242.000000 23.11599950000000092132
221 486.000000 353.000000 48.80399109999999751608
222 407.000000 297.000000 53.48914479999999826987
223 487.000000 377.000000 4.93938960000000015782
224 559.000000 401.000000 31.48010179999999991196
225 384.000000 317.000000 6.39251370000000029847
226 478.000000 337.000000 22.26364990000000076975
227 355.000000 272.000000 48.19864780000000337168
228 454.000000 331.000000 15.91941210000000062053
229 409.000000 289.000000 14.89970650000000063073
230 508.000000 370.000000 15.88231080000000083885
231 494.000000 369.000000 9.18182760000000008915
232 447.000000 349.000000 10.96654780000000073414
233 402.000000 294.000000 18.94641550000000052023
234 379.000000 280.000000 7.59224299999999985289
235 487.000000 345.000000 13.72222679999999961353
236 578.000000 390.000000 120.75039040000000056807
237 466.000000 329.000000 84.24751879999999459869
238 485.000000 364.000000 15.43692949999999974864
239 466.000000 361.000000 3.49125899999999989021
240 529.000000 380.000000 338.02218240000001969747
241 493.000000 356.000000 39.18488250000000050477
242 481.000000 363.000000 10.82382589999999922270
243 539.000000 384.000000 11.86795419999999978700
244 605.000000 437.000000 8.44474710000000072796
245 506.000000 395.000000 20.88770530000000036353
246 651.000000 443.000000 12.52439960000000063189
247 441.000000 319.000000 19.21060269999999903234
248 539.000000 390.000000 47.32558590000000009468
249 474.000000 340.000000 23.49847929999999962547
250 487.000000 367.000000 5.16070720000000005001
251 547.000000 397.000000 13.91835850000000007753
252 399.000000 298.000000 14.85544559999999947308
253 454.000000 341.000000 9.77892759999999938714
254 496.000000 369.000000 65.02951889999999934844
255 452.000000 325.000000 38.23578080000000056771
256 494.000000 367.000000 30.66100979999999864845
257 517.000000 400.000000 39.21785500000000013188
258 418.000000 312.000000 23.53321019999999919037
260 434.000000 314.000000 15.18653349999999946363
261 277.000000 212.000000 22.30408380000000079235
262 399.000000 325.000000 11.08746239999999971815
263 668.000000 473.000000 27.78916080000000121686
264 547.000000 410.000000 32.95421100000000080854
265 485.000000 370.000000 13.06303280000000022198
266 519.000000 367.000000 44.58589270000000226446
267 442.000000 312.000000 23.26836670000000140135
268 465.000000 366.000000 17.44080149999999918009
269 361.000000 287.000000 7.63167659999999958842
270 555.000000 388.000000 17.90258589999999827569
271 435.000000 324.000000 3.37995670000000014710
272 525.000000 369.000000 51.75207429999999675374
273 512.000000 379.000000 66.10442999999999358351
274 380.000000 292.000000 3.81878150000000005093
275 602.000000 438.000000 18.18760299999999929810
276 407.000000 302.000000 75.40292300000000125237
277 423.000000 346.000000 3.29432580000000019282
278 429.000000 305.000000 13.20667730000000084090
279 499.000000 350.000000 45.44475340000000329610
280 404.000000 313.000000 6.67243380000000030350
281 396.000000 282.000000 95.90738389999999924385
282 425.000000 325.000000 26.55854360000000013997
283 618.000000 437.000000 16.33335020000000170626
284 471.000000 342.000000 44.54042760000000100717
285 521.000000 367.000000 23.30686010000000152331
286 453.000000 330.000000 84.30378100000000074488
287 366.000000 275.000000 32.49667010000000288983
288 477.000000 347.000000 32.44539000000000328328
289 301.000000 227.000000 6.73315670000000032758
290 547.000000 398.000000 22.55182369999999991705
291 339.000000 263.000000 18.00000710000000125888
292 431.000000 314.000000 200.21165350000001126318
293 575.000000 441.000000 18.00814259999999933370
294 419.000000 308.000000 44.27633920000000244954
295 530.000000 365.000000 32.87900220000000217624
296 357.000000 278.000000 7.77106500000000011141
297 541.000000 398.000000 17.79426219999999858601
298 579.000000 424.000000 15.14551450000000087925
299 481.000000 357.000000 7.37039210000000011291
300 293.000000 232.000000 8.95247960000000020386
301 427.000000 313.000000 21.77568159999999863885
302 493.000000 363.000000 9.94794270000000047105
303 487.000000 348.000000 40.31799300000000130240
304 410.000000 315.000000 23.26118149999999928923
305 444.000000 337.000000 44.69667700000000110094
306 595.000000 419.000000 15.12936380000000013979
307 419.000000 308.000000 56.59237790000000245527
308 433.000000 304.000000 68.68311559999999360571
309 388.000000 302.000000 25.64512099999999961142
310 459.000000 335.000000 4.20518649999999993838
311 445.000000 338.000000 22.81836810000000070886
312 470.000000 336.000000 694.86736840000003212481
313 534.000000 399.000000 57.93487840000000232976
314 414.000000 306.000000 18.97246480000000090627
315 365.000000 265.000000 105.68123860000000036052
316 588.000000 424.000000 26.33352710000000129753
317 457.000000 347.000000 18.64663910000000157652
318 408.000000 295.000000 36.69269659999999788624
319 429.000000 296.000000 14.72798380000000051382
320 397.000000 296.000000 23.79767959999999860088
321 560.000000 422.000000 40.73860909999999790898
322 537.000000 395.000000 12.57152179999999930260
323 458.000000 346.000000 24.45073740000000128703
324 452.000000 327.000000 12.12730930000000029167
325 458.000000 326.000000 4.14863960000000009387
326 409.000000 293.000000 20.21085139999999924498
327 454.000000 350.000000 4.45261309999999976839
328 413.000000 291.000000 37.86440580000000011296
329 441.000000 332.000000 4.77550939999999979335
330 337.000000 239.000000 25.42862939999999838392
331 536.000000 394.000000 33.60776280000000326709
332 555.000000 405.000000 14.94856359999999995125
333 312.000000 247.000000 32.20775619999999861420
334 476.000000 351.000000 9.02687859999999986371
335 332.000000 239.000000 110.88229669999999771335
336 416.000000 299.000000 21.41431269999999997822
337 509.000000 356.000000 52.26205569999999767106
338 524.000000 384.000000 12.22913669999999974891
339 498.000000 357.000000 21.09442290000000141958
340 318.000000 246.000000 6.39617710000000005977
341 542.000000 380.000000 16.36833869999999890865
342 496.000000 360.000000 6.11365919999999984924
344 549.000000 388.000000 13.66766959999999997422
345 543.000000 400.000000 22.03050419999999931520
346 466.000000 351.000000 12.66052310000000069579
347 468.000000 330.000000 138.06076329999999074971
348 446.000000 326.000000 61.97006079999999883512
349 455.000000 336.000000 16.42033119999999968286
350 466.000000 318.000000 63.02197220000000044138
351 449.000000 324.000000 84.27547950000000298587
352 520.000000 382.000000 24.09704410000000152081
353 446.000000 309.000000 30.85951880000000002724
354 444.000000 332.000000 3.77502860000000017848
355 421.000000 312.000000 11.46074690000000018131
356 481.000000 353.000000 38.33548239999999651673
357 299.000000 238.000000 12.29686079999999925860
358 385.000000 288.000000 9.93162030000000051189
359 399.000000 315.000000 6.28129000000000026205
360 360.000000 267.000000 53.57772219999999663287
361 353.000000 248.000000 31.40418319999999852143
362 373.000000 279.000000 17.89024179999999830670
363 556.000000 368.000000 37.15961329999999662732
364 336.000000 254.000000 12.83239629999999920074
365 488.000000 353.000000 111.28129839999999717293
366 433.000000 314.000000 41.14490949999999713782
367 413.000000 310.000000 61.46360769999999718038
368 376.000000 282.000000 61.19360360000000298442
369 422.000000 312.000000 38.74656910000000209493
370 452.000000 337.000000 19.90407510000000002037
371 483.000000 353.000000 77.17916099999999346437
372 481.000000 356.000000 10.54708289999999948350
373 427.000000 289.000000 68.14837450000000274031
374 371.000000 278.000000 15.12293769999999959452
375 462.000000 349.000000 7.68844230000000017355
376 453.000000 344.000000 14.52890930000000047073
377 611.000000 432.000000 16.77961159999999907200
378 381.000000 291.000000 19.76335459999999955016
379 410.000000 320.000000 8.04413599999999995305
380 400.000000 296.000000 42.94701870000000099026
381 301.000000 240.000000 6.67434870000000035617
382 492.000000 362.000000 27.35510740000000140526
383 631.000000 426.000000 46.45957380000000114251
384 470.000000 355.000000 24.01360259999999868796
385 549.000000 388.000000 17.05311190000000109990
386 582.000000 406.000000 6.45238469999999963989
387 481.000000 363.000000 39.34755299999999778038
388 449.000000 336.000000 9.26994640000000025282
389 380.000000 279.000000 56.63489849999999847796
390 484.000000 359.000000 12.16648239999999958627
391 400.000000 314.000000 14.68234829999999924155
392 454.000000 332.000000 43.40209509999999681895
393 360.000000 265.000000 25.49775289999999827728
394 711.000000 470.000000 15.07241360000000085506
395 378.000000 286.000000 25.67175470000000103710
396 443.000000 333.000000 21.51240239999999914744
397 480.000000 349.000000 28.05936559999999957427
398 299.000000 219.000000 14.45876340000000048747
399 555.000000 404.000000 4.77447830000000017492
400 424.000000 341.000000 9.68844059999999984711
401 450.000000 338.000000 15.80511890000000008172
402 449.000000 347.000000 8.25655070000000002040
403 470.000000 347.000000 41.20224180000000302471
404 440.000000 324.000000 7.14979079999999989070
405 397.000000 306.000000 11.36334410000000083585
406 695.000000 485.000000 4.54500569999999992632
407 484.000000 346.000000 12.30749029999999955010
408 569.000000 398.000000 155.76200629999999591746
409 581.000000 385.000000 103.36709930000000667860
410 542.000000 377.000000 83.73830279999999959273
411 468.000000 337.000000 32.13812610000000091759
412 545.000000 377.000000 43.66230329999999781876
413 360.000000 267.000000 26.08363010000000059563
414 235.000000 188.000000 17.18227230000000105292
415 317.000000 240.000000 35.91822020000000037498
416 588.000000 428.000000 7.64103509999999985780
417 395.000000 294.000000 29.87709149999999880265
418 534.000000 374.000000 33.74089750000000265118
419 631.000000 441.000000 57.42767889999999653128
420 470.000000 327.000000 45.61606210000000061200
