1 19.000000 18.000000 0.15888499999999999845
2 19.000000 18.000000 0.06216789999999999816
3 18.000000 17.000000 0.04265959999999999891
4 20.000000 18.000000 0.02712080000000000046
5 19.000000 18.000000 0.09045300000000000562
6 22.000000 18.000000 0.04448660000000000114
7 20.000000 18.000000 0.02346339999999999884
8 18.000000 17.000000 0.03587800000000000017
9 19.000000 17.000000 0.02842980000000000160
10 17.000000 17.000000 0.02336550000000000085
11 22.000000 18.000000 0.02140219999999999970
12 19.000000 18.000000 0.02501810000000000145
13 22.000000 18.000000 0.02632649999999999921
14 23.000000 18.000000 0.02736440000000000053
15 22.000000 18.000000 0.02545189999999999952
16 19.000000 18.000000 0.02655679999999999846
17 18.000000 18.000000 0.02711300000000000168
18 18.000000 17.000000 0.02882480000000000112
19 18.000000 18.000000 0.02180230000000000015
20 21.000000 17.000000 0.02170340000000000116
21 21.000000 18.000000 0.02353420000000000165
22 18.000000 18.000000 0.02140950000000000145
23 23.000000 18.000000 0.02433700000000000099
24 18.000000 18.000000 0.02869669999999999860
25 20.000000 18.000000 0.03189089999999999980
26 18.000000 17.000000 0.02755820000000000145
27 20.000000 18.000000 0.02374700000000000075
28 21.000000 18.000000 0.02992699999999999874
29 19.000000 18.000000 0.02602020000000000027
30 19.000000 18.000000 0.02763610000000000025
31 17.000000 17.000000 0.02743900000000000158
32 20.000000 17.000000 0.04695880000000000193
33 19.000000 18.000000 0.02479299999999999907
34 19.000000 18.000000 0.02053419999999999898
35 16.000000 16.000000 0.02335109999999999963
36 21.000000 18.000000 0.02630129999999999968
37 20.000000 18.000000 0.02479419999999999888
38 21.000000 17.000000 0.02372640000000000166
39 17.000000 17.000000 0.02048039999999999930
40 18.000000 17.000000 0.02192449999999999954
41 22.000000 18.000000 0.01923599999999999963
42 20.000000 18.000000 0.02514109999999999956
43 20.000000 18.000000 0.02381890000000000049
44 23.000000 18.000000 0.02954139999999999891
45 19.000000 18.000000 0.02667289999999999939
46 21.000000 18.000000 0.02292579999999999965
47 21.000000 18.000000 0.07190009999999999457
48 18.000000 18.000000 0.02450690000000000160
49 18.000000 18.000000 0.03260969999999999841
50 21.000000 18.000000 0.02181369999999999837
51 20.000000 18.000000 0.02208569999999999978
52 19.000000 18.000000 0.02619669999999999985
53 19.000000 18.000000 0.06683160000000000489
54 22.000000 18.000000 0.02434920000000000140
55 17.000000 17.000000 0.02444290000000000004
56 20.000000 18.000000 0.02551820000000000130
57 22.000000 18.000000 0.02007549999999999960
58 18.000000 18.000000 0.02138200000000000170
59 19.000000 17.000000 0.02355590000000000114
60 21.000000 17.000000 0.02041079999999999978
61 20.000000 18.000000 0.02444599999999999898
62 20.000000 18.000000 0.02397389999999999938
63 17.000000 17.000000 0.01999259999999999926
64 19.000000 18.000000 0.03688109999999999999
65 18.000000 17.000000 0.02168490000000000001
66 16.000000 16.000000 0.02246189999999999992
67 20.000000 17.000000 0.03941809999999999758
68 19.000000 17.000000 0.02438850000000000046
69 20.000000 18.000000 0.01959779999999999855
70 21.000000 18.000000 0.02729140000000000038
71 20.000000 18.000000 0.02436320000000000152
72 20.000000 18.000000 0.02204679999999999834
73 19.000000 17.000000 0.02535089999999999913
74 21.000000 18.000000 0.02260710000000000150
75 19.000000 18.000000 0.02200550000000000075
76 19.000000 18.000000 0.02152470000000000078
77 17.000000 17.000000 0.02398219999999999866
78 19.000000 18.000000 0.02586600000000000010
79 20.000000 18.000000 0.04445339999999999708
80 20.000000 18.000000 0.02180970000000000131
81 17.000000 17.000000 0.02525789999999999980
82 16.000000 16.000000 0.02655360000000000012
83 18.000000 18.000000 0.02720900000000000055
84 20.000000 18.000000 0.02269399999999999890
85 20.000000 18.000000 0.02096999999999999906
86 21.000000 18.000000 0.02118170000000000122
87 22.000000 18.000000 0.02360349999999999948
88 21.000000 18.000000 0.02187740000000000171
89 18.000000 17.000000 0.02533109999999999876
90 21.000000 18.000000 0.02590249999999999844
91 21.000000 18.000000 0.02502829999999999985
92 22.000000 18.000000 0.02533060000000000173
93 19.000000 17.000000 0.02700160000000000060
94 22.000000 17.000000 0.02587909999999999863
95 17.000000 17.000000 0.02007810000000000150
96 19.000000 17.000000 0.02235790000000000000
97 18.000000 17.000000 0.02202770000000000075
98 20.000000 18.000000 0.03616749999999999826
99 18.000000 17.000000 0.02699280000000000082
100 19.000000 18.000000 0.02326299999999999896
101 18.000000 18.000000 0.02045179999999999915
102 21.000000 18.000000 0.02006940000000000113
103 19.000000 18.000000 0.02231829999999999925
104 19.000000 18.000000 0.02029239999999999863
105 18.000000 18.000000 0.02276339999999999961
106 22.000000 18.000000 0.02198320000000000135
107 18.000000 17.000000 0.02320329999999999962
108 18.000000 18.000000 0.02191490000000000105
109 21.000000 18.000000 0.02958420000000000147
110 21.000000 18.000000 0.02006849999999999953
111 21.000000 18.000000 0.02023859999999999895
112 16.000000 16.000000 0.02441979999999999845
113 19.000000 18.000000 0.02049760000000000124
114 20.000000 17.000000 0.02364180000000000101
115 19.000000 18.000000 0.03868270000000000042
116 18.000000 18.000000 0.02374909999999999868
117 19.000000 18.000000 0.02452160000000000104
118 18.000000 17.000000 0.02226269999999999985
119 18.000000 18.000000 0.02187779999999999933
120 16.000000 16.000000 0.02343200000000000144
121 20.000000 18.000000 0.04296939999999999787
122 21.000000 18.000000 0.02922380000000000116
123 19.000000 18.000000 0.02223390000000000088
124 20.000000 18.000000 0.04238820000000000088
125 20.000000 18.000000 0.03010600000000000082
126 20.000000 18.000000 0.02646949999999999997
127 23.000000 18.000000 0.02026470000000000007
128 19.000000 18.000000 0.02248609999999999845
129 17.000000 17.000000 0.02510810000000000125
130 21.000000 18.000000 0.02967449999999999949
131 19.000000 17.000000 0.02051230000000000067
132 18.000000 18.000000 0.02165419999999999845
133 21.000000 18.000000 0.02529669999999999835
134 18.000000 17.000000 0.02036870000000000000
135 22.000000 18.000000 0.02343769999999999881
136 22.000000 18.000000 0.02114500000000000060
137 20.000000 18.000000 0.02198539999999999869
138 19.000000 18.000000 0.02372960000000000000
139 18.000000 17.000000 0.02230620000000000172
140 19.000000 18.000000 0.02137589999999999976
141 18.000000 18.000000 0.02635629999999999917
142 20.000000 18.000000 0.02134660000000000030
143 20.000000 18.000000 0.02190670000000000117
144 23.000000 18.000000 0.02168660000000000032
145 19.000000 17.000000 0.02942410000000000164
146 18.000000 18.000000 0.02203240000000000059
147 17.000000 17.000000 0.02224829999999999863
148 19.000000 18.000000 0.02160369999999999999
149 19.000000 17.000000 0.02463869999999999949
150 18.000000 18.000000 0.02151700000000000140
151 20.000000 18.000000 0.02058520000000000141
152 21.000000 18.000000 0.02049360000000000070
153 20.000000 18.000000 0.02431579999999999853
154 18.000000 18.000000 0.03144570000000000004
155 19.000000 18.000000 0.02086899999999999866
156 17.000000 17.000000 0.02160079999999999986
157 18.000000 17.000000 0.04899259999999999726
158 20.000000 17.000000 0.02208890000000000159
159 22.000000 18.000000 0.02068769999999999984
160 22.000000 18.000000 0.01992450000000000124
161 19.000000 18.000000 0.01916810000000000042
162 21.000000 17.000000 0.01865320000000000172
163 19.000000 18.000000 0.01903859999999999927
164 17.000000 17.000000 0.02202490000000000003
165 19.000000 17.000000 0.02262099999999999875
166 19.000000 18.000000 0.02303310000000000080
167 20.000000 18.000000 0.02496059999999999945
168 19.000000 18.000000 0.02097759999999999903
169 16.000000 16.000000 0.02112199999999999842
170 21.000000 18.000000 0.01848090000000000149
171 16.000000 16.000000 0.02173989999999999950
172 21.000000 17.000000 0.01948799999999999838
173 20.000000 18.000000 0.02343299999999999897
174 20.000000 18.000000 0.02183799999999999977
175 21.000000 18.000000 0.03290139999999999731
176 19.000000 18.000000 0.02040370000000000031
177 20.000000 18.000000 0.02049029999999999949
178 21.000000 18.000000 0.02359359999999999929
179 18.000000 18.000000 0.02080450000000000008
180 19.000000 18.000000 0.02084710000000000035
181 23.000000 18.000000 0.02081979999999999942
182 19.000000 18.000000 0.02208040000000000003
183 21.000000 17.000000 0.02047780000000000086
184 20.000000 18.000000 0.01975379999999999844
185 19.000000 18.000000 0.02294840000000000074
186 20.000000 18.000000 0.02985310000000000047
187 21.000000 18.000000 0.02644650000000000126
188 22.000000 18.000000 0.02031300000000000119
189 18.000000 18.000000 0.02282440000000000163
190 19.000000 17.000000 0.02330389999999999892
191 22.000000 18.000000 0.02236480000000000065
192 19.000000 18.000000 0.02035920000000000091
193 19.000000 18.000000 0.02226329999999999976
194 19.000000 17.000000 0.02036999999999999922
195 18.000000 17.000000 0.01938820000000000127
196 20.000000 17.000000 0.02040739999999999915
197 19.000000 17.000000 0.02239680000000000143
198 19.000000 17.000000 0.02271130000000000024
199 20.000000 18.000000 0.02070939999999999934
200 19.000000 18.000000 0.02470489999999999839
201 21.000000 18.000000 0.01937969999999999970
202 23.000000 18.000000 0.01922000000000000097
203 19.000000 18.000000 0.01937770000000000117
204 18.000000 17.000000 0.02135599999999999998
205 18.000000 18.000000 0.02076499999999999874
206 18.000000 18.000000 0.02198500000000000107
207 20.000000 18.000000 0.01938449999999999895
208 18.000000 18.000000 0.02073190000000000102
209 20.000000 17.000000 0.02688940000000000080
210 19.000000 18.000000 0.02024350000000000108
211 19.000000 18.000000 0.02522539999999999852
212 20.000000 18.000000 0.01928790000000000018
213 18.000000 18.000000 0.02041690000000000171
214 20.000000 18.000000 0.01941580000000000042
215 19.000000 18.000000 0.02106579999999999911
216 19.000000 18.000000 0.02383860000000000146
217 17.000000 17.000000 0.02187180000000000027
218 18.000000 18.000000 0.02142410000000000148
219 20.000000 18.000000 0.02737370000000000081
220 20.000000 17.000000 0.02686159999999999937
221 20.000000 18.000000 0.01994129999999999861
222 20.000000 18.000000 0.02292289999999999953
223 21.000000 18.000000 0.01945279999999999926
224 20.000000 17.000000 0.02187240000000000018
225 22.000000 18.000000 0.02007640000000000119
226 17.000000 17.000000 0.02036819999999999950
227 22.000000 18.000000 0.02000760000000000038
228 20.000000 18.000000 0.02225469999999999879
229 21.000000 18.000000 0.03174649999999999694
230 17.000000 17.000000 0.02314170000000000116
231 24.000000 18.000000 0.02169369999999999979
232 17.000000 17.000000 0.01937430000000000055
233 22.000000 18.000000 0.02090250000000000094
234 18.000000 17.000000 0.03131230000000000124
235 20.000000 18.000000 0.02285449999999999982
236 20.000000 18.000000 0.02339590000000000072
237 22.000000 18.000000 0.02021620000000000014
238 20.000000 18.000000 0.01928770000000000137
239 18.000000 18.000000 0.02177950000000000025
240 20.000000 18.000000 0.02179590000000000000
241 22.000000 18.000000 0.02176820000000000144
242 20.000000 18.000000 0.02134109999999999827
243 21.000000 18.000000 0.02192720000000000086
244 17.000000 17.000000 0.02292970000000000078
245 21.000000 18.000000 0.02176339999999999872
246 21.000000 18.000000 0.02888829999999999870
247 18.000000 17.000000 0.02023120000000000127
248 18.000000 18.000000 0.01913739999999999886
249 23.000000 18.000000 0.01781059999999999935
250 18.000000 17.000000 0.02952149999999999913
251 19.000000 18.000000 0.02325740000000000099
252 19.000000 17.000000 0.02383729999999999877
253 19.000000 18.000000 0.01893090000000000050
254 18.000000 18.000000 0.02304230000000000167
255 20.000000 18.000000 0.02025489999999999929
256 22.000000 18.000000 0.01909080000000000152
257 19.000000 18.000000 0.02333059999999999995
258 24.000000 18.000000 0.01810020000000000032
259 18.000000 17.000000 0.02272389999999999827
260 19.000000 18.000000 0.02746619999999999964
261 22.000000 18.000000 0.02102110000000000090
262 19.000000 18.000000 0.02070980000000000043
263 21.000000 18.000000 0.01936900000000000080
264 20.000000 17.000000 0.02561060000000000073
265 18.000000 18.000000 0.02091919999999999891
266 20.000000 17.000000 0.02086659999999999904
267 21.000000 18.000000 0.02359489999999999851
268 19.000000 18.000000 0.02851230000000000084
269 19.000000 18.000000 0.02505430000000000157
270 19.000000 18.000000 0.04351229999999999681
271 19.000000 18.000000 0.02232620000000000091
272 21.000000 18.000000 0.04768739999999999785
273 18.000000 17.000000 0.03803109999999999824
274 19.000000 18.000000 0.02639450000000000129
275 20.000000 17.000000 0.02400520000000000084
276 19.000000 18.000000 0.02779879999999999851
277 19.000000 18.000000 0.02519800000000000165
278 17.000000 17.000000 0.03692569999999999880
279 20.000000 18.000000 0.02984030000000000016
280 23.000000 18.000000 0.04087400000000000061
281 20.000000 18.000000 0.02019270000000000093
282 20.000000 18.000000 0.02391199999999999923
283 20.000000 18.000000 0.02862740000000000076
284 19.000000 18.000000 0.02246889999999999998
285 17.000000 17.000000 0.02499240000000000142
286 19.000000 17.000000 0.02186520000000000130
287 22.000000 18.000000 0.01845110000000000153
288 18.000000 17.000000 0.02601149999999999990
289 18.000000 17.000000 0.02039840000000000056
290 18.000000 17.000000 0.02095160000000000078
291 18.000000 17.000000 0.02245969999999999911
292 16.000000 16.000000 0.03050900000000000140
293 18.000000 18.000000 0.02227799999999999919
294 17.000000 17.000000 0.02469460000000000058
295 18.000000 18.000000 0.02465490000000000043
296 21.000000 18.000000 0.02272410000000000055
297 18.000000 18.000000 0.02861270000000000133
298 20.000000 18.000000 0.01852389999999999939
299 21.000000 18.000000 0.02059300000000000019
300 20.000000 18.000000 0.01895140000000000019
301 19.000000 18.000000 0.02183620000000000005
302 18.000000 18.000000 0.02818450000000000122
303 18.000000 17.000000 0.02016949999999999993
304 18.000000 18.000000 0.02773279999999999842
305 18.000000 17.000000 0.02355310000000000042
306 21.000000 18.000000 0.01998209999999999917
307 24.000000 18.000000 0.01805129999999999929
308 20.000000 18.000000 0.02177990000000000134
309 21.000000 18.000000 0.02174299999999999844
310 17.000000 17.000000 0.02531759999999999913
311 24.000000 18.000000 0.02459990000000000093
312 19.000000 18.000000 0.02142679999999999932
313 18.000000 17.000000 0.01993009999999999921
314 18.000000 18.000000 0.02081610000000000057
315 24.000000 18.000000 0.02298390000000000155
316 23.000000 18.000000 0.02418750000000000067
317 18.000000 18.000000 0.02212750000000000133
318 20.000000 18.000000 0.02334469999999999948
319 18.000000 17.000000 0.02676639999999999922
320 19.000000 18.000000 0.02190380000000000105
321 18.000000 17.000000 0.02439969999999999986
322 19.000000 17.000000 0.02338600000000000054
323 20.000000 18.000000 0.02314480000000000010
324 20.000000 17.000000 0.02272340000000000124
325 20.000000 18.000000 0.02232539999999999872
326 21.000000 18.000000 0.02592720000000000094
327 19.000000 18.000000 0.01976009999999999919
328 20.000000 18.000000 0.02070810000000000012
329 20.000000 18.000000 0.02125209999999999946
330 20.000000 18.000000 0.02722400000000000167
331 22.000000 18.000000 0.01818190000000000084
332 19.000000 18.000000 0.02311639999999999875
333 20.000000 18.000000 0.01977210000000000079
334 18.000000 17.000000 0.01975980000000000097
335 20.000000 18.000000 0.02181160000000000043
336 19.000000 18.000000 0.01953059999999999866
337 18.000000 18.000000 0.01834780000000000091
338 18.000000 18.000000 0.02355940000000000117
339 22.000000 18.000000 0.01855609999999999898
340 18.000000 18.000000 0.02179149999999999837
341 19.000000 17.000000 0.02119019999999999931
342 18.000000 17.000000 0.02468750000000000111
343 19.000000 17.000000 0.01721289999999999973
344 20.000000 17.000000 0.01763949999999999893
345 21.000000 18.000000 0.01803669999999999926
346 18.000000 17.000000 0.01739910000000000068
347 22.000000 18.000000 0.01428759999999999926
348 20.000000 18.000000 0.01122979999999999985
349 20.000000 18.000000 0.02386049999999999977
350 17.000000 17.000000 0.01613119999999999832
351 19.000000 18.000000 0.01419950000000000032
352 16.000000 16.000000 0.01581400000000000167
353 20.000000 18.000000 0.02279569999999999860
354 18.000000 17.000000 0.01586479999999999835
355 22.000000 18.000000 0.02003020000000000148
356 21.000000 18.000000 0.01914659999999999973
357 21.000000 18.000000 0.01364570000000000019
358 20.000000 17.000000 0.02172800000000000079
359 20.000000 18.000000 0.02273980000000000098
360 21.000000 18.000000 0.01030239999999999975
361 18.000000 18.000000 0.01292850000000000076
362 19.000000 17.000000 0.01200720000000000086
363 19.000000 18.000000 0.01055389999999999974
364 20.000000 18.000000 0.01112789999999999960
365 19.000000 18.000000 0.01043069999999999935
366 18.000000 17.000000 0.01171220000000000074
367 19.000000 18.000000 0.01022980000000000070
368 19.000000 18.000000 0.01066160000000000024
369 19.000000 18.000000 0.00941670000000000007
370 21.000000 18.000000 0.00988170000000000021
371 20.000000 18.000000 0.02092250000000000013
372 21.000000 18.000000 0.01312140000000000008
373 18.000000 17.000000 0.01636980000000000032
374 18.000000 18.000000 0.01588120000000000157
375 19.000000 17.000000 0.01162170000000000043
376 18.000000 17.000000 0.01539120000000000071
377 19.000000 18.000000 0.01775550000000000045
378 21.000000 18.000000 0.01351869999999999981
379 18.000000 18.000000 0.01215190000000000020
380 20.000000 18.000000 0.01127550000000000080
381 18.000000 17.000000 0.01156569999999999994
382 17.000000 17.000000 0.00977349999999999920
383 19.000000 17.000000 0.01230529999999999992
384 22.000000 18.000000 0.00983170000000000051
385 17.000000 17.000000 0.01063399999999999936
386 21.000000 18.000000 0.00875929999999999938
387 18.000000 18.000000 0.01026490000000000041
388 22.000000 18.000000 0.00919769999999999963
389 18.000000 18.000000 0.00867539999999999978
390 18.000000 17.000000 0.00875659999999999980
391 19.000000 17.000000 0.00921469999999999928
392 18.000000 18.000000 0.00871970000000000037
393 22.000000 18.000000 0.00889299999999999986
394 17.000000 17.000000 0.00928769999999999943
395 20.000000 18.000000 0.00924559999999999965
396 18.000000 17.000000 0.00869739999999999923
397 21.000000 18.000000 0.00885200000000000049
398 21.000000 18.000000 0.01040319999999999960
399 19.000000 18.000000 0.00854509999999999992
400 22.000000 18.000000 0.00837919999999999984
401 19.000000 17.000000 0.00897910000000000028
402 20.000000 18.000000 0.00879409999999999914
403 23.000000 18.000000 0.00860359999999999944
404 19.000000 17.000000 0.00835370000000000036
405 21.000000 18.000000 0.00996799999999999943
406 18.000000 18.000000 0.00884390000000000003
407 17.000000 17.000000 0.00895349999999999965
408 19.000000 18.000000 0.01244059999999999958
409 19.000000 18.000000 0.00766130000000000023
410 17.000000 17.000000 0.00889260000000000050
411 21.000000 18.000000 0.01016960000000000086
412 20.000000 18.000000 0.00904890000000000035
413 19.000000 17.000000 0.00821640000000000044
414 18.000000 18.000000 0.00846170000000000082
415 19.000000 18.000000 0.00845169999999999949
416 19.000000 18.000000 0.00897369999999999939
417 20.000000 18.000000 0.00881000000000000012
418 21.000000 18.000000 0.00850500000000000041
419 21.000000 18.000000 0.00987030000000000025
420 19.000000 18.000000 0.00861149999999999936
