1 123.000000 86.000000 1.09694739999999990587
2 98.000000 78.000000 0.42014800000000002145
3 133.000000 97.000000 0.62289470000000002337
4 123.000000 85.000000 0.38320419999999999483
5 105.000000 73.000000 0.32038220000000000587
6 112.000000 75.000000 0.31049409999999999510
7 114.000000 82.000000 0.14782449999999999757
8 121.000000 85.000000 0.64810789999999995903
9 146.000000 107.000000 0.69432470000000001686
10 129.000000 93.000000 0.33048169999999998936
11 111.000000 85.000000 0.30244219999999999438
12 104.000000 80.000000 0.26999230000000001839
13 124.000000 89.000000 0.36309560000000001834
14 111.000000 88.000000 0.24779740000000000100
15 131.000000 94.000000 0.29814390000000001724
16 103.000000 74.000000 0.30575679999999999525
17 117.000000 88.000000 0.23699390000000000733
18 130.000000 91.000000 0.23151620000000000532
19 156.000000 106.000000 0.28990359999999998353
20 133.000000 90.000000 0.26188030000000001030
21 172.000000 115.000000 0.62887700000000001932
22 90.000000 68.000000 0.79591929999999999623
23 129.000000 88.000000 0.38131049999999999667
24 145.000000 102.000000 0.26552540000000002252
25 111.000000 80.000000 0.30790679999999998051
26 90.000000 66.000000 0.39243889999999997942
27 95.000000 73.000000 0.40283970000000002276
28 124.000000 83.000000 0.27902310000000002388
29 97.000000 77.000000 0.32246029999999997750
30 108.000000 85.000000 0.46900720000000001297
31 128.000000 99.000000 0.24217980000000000063
32 90.000000 61.000000 0.49250179999999998959
33 125.000000 93.000000 0.43476120000000001431
34 127.000000 88.000000 0.40932720000000000216
35 85.000000 74.000000 0.26439449999999997676
36 87.000000 69.000000 0.23816390000000001170
37 113.000000 79.000000 0.33693070000000002739
38 104.000000 80.000000 0.38354500000000002480
39 87.000000 68.000000 0.20725199999999999179
40 100.000000 73.000000 0.49693850000000000522
41 97.000000 79.000000 0.29483219999999998873
42 100.000000 80.000000 0.52733410000000002782
43 116.000000 91.000000 0.33987440000000002094
44 87.000000 65.000000 0.58084519999999995044
45 117.000000 86.000000 0.52976369999999994853
46 140.000000 97.000000 0.41602070000000002103
47 94.000000 72.000000 0.69214399999999998148
48 132.000000 98.000000 0.46907949999999998258
49 83.000000 64.000000 0.50618450000000003719
50 127.000000 90.000000 0.56075350000000001582
51 114.000000 83.000000 0.34685820000000000540
52 129.000000 87.000000 0.49901820000000002286
53 113.000000 89.000000 0.47283839999999999204
54 113.000000 83.000000 0.43132749999999997481
55 113.000000 73.000000 0.43951780000000001403
56 111.000000 80.000000 0.55197410000000002306
57 126.000000 92.000000 0.66984230000000000160
58 125.000000 92.000000 0.53037360000000000060
59 116.000000 90.000000 0.47052179999999999005
60 112.000000 73.000000 0.55043370000000002573
61 97.000000 65.000000 0.80460889999999996025
62 111.000000 79.000000 0.52646490000000001341
63 98.000000 73.000000 0.46796070000000000721
64 112.000000 81.000000 0.39440829999999998945
65 124.000000 90.000000 0.36990040000000001807
66 136.000000 91.000000 0.35370420000000002414
67 107.000000 75.000000 0.21808060000000001333
68 129.000000 92.000000 0.25747979999999998091
69 111.000000 87.000000 0.33706360000000001875
70 119.000000 88.000000 0.23802960000000000784
71 147.000000 104.000000 0.28762630000000000141
72 130.000000 88.000000 0.26432430000000001202
73 102.000000 74.000000 0.46102270000000000749
74 132.000000 89.000000 0.41851240000000000663
75 100.000000 75.000000 0.26726420000000000732
76 133.000000 94.000000 0.25792979999999998686
77 127.000000 90.000000 0.45975690000000002389
78 121.000000 82.000000 0.36613129999999999287
79 109.000000 76.000000 0.15586810000000000942
80 130.000000 92.000000 0.25089250000000001828
81 104.000000 78.000000 0.31152629999999997823
82 72.000000 50.000000 0.24743860000000000854
83 103.000000 70.000000 0.46779110000000001524
84 113.000000 86.000000 0.21721650000000000680
85 128.000000 86.000000 0.27955210000000002557
86 117.000000 84.000000 0.24015390000000000348
87 128.000000 91.000000 0.24567549999999999111
88 100.000000 71.000000 0.22647510000000001251
89 117.000000 82.000000 0.35990939999999999044
90 93.000000 75.000000 0.30354379999999997475
91 131.000000 88.000000 0.23534810000000000452
92 151.000000 102.000000 0.26445699999999999763
93 86.000000 64.000000 0.26080269999999999841
94 122.000000 95.000000 0.28152810000000000334
95 117.000000 84.000000 0.33602340000000002762
96 112.000000 87.000000 0.31293130000000002333
97 110.000000 83.000000 0.24131910000000000860
98 75.000000 59.000000 0.41581190000000001206
99 156.000000 107.000000 0.12166760000000000075
100 121.000000 88.000000 0.30820979999999997823
101 108.000000 84.000000 0.38217770000000000907
102 127.000000 90.000000 0.74640759999999994889
103 104.000000 73.000000 0.23740780000000000216
104 125.000000 85.000000 0.21438530000000000086
105 94.000000 69.000000 0.36941259999999997987
106 117.000000 86.000000 0.29516759999999997444
107 84.000000 62.000000 0.27912069999999999936
108 132.000000 90.000000 0.33647159999999998181
109 116.000000 80.000000 0.48007440000000001223
110 116.000000 87.000000 0.23785600000000001186
111 120.000000 88.000000 0.24350410000000000110
112 111.000000 90.000000 0.29489470000000000960
113 139.000000 89.000000 0.34485149999999997750
114 152.000000 104.000000 0.20860670000000000601
115 108.000000 85.000000 0.23830070000000000419
116 102.000000 79.000000 0.18447050000000000947
117 141.000000 102.000000 0.25206180000000000252
118 100.000000 82.000000 0.32975110000000001920
119 126.000000 92.000000 0.20558950000000000835
120 128.000000 92.000000 0.32910240000000001714
121 134.000000 99.000000 0.32132729999999998238
122 77.000000 61.000000 0.28077819999999997780
123 130.000000 89.000000 0.19821620000000000905
124 129.000000 98.000000 0.32612540000000000973
125 109.000000 83.000000 0.27570970000000000200
126 109.000000 84.000000 0.23708670000000001132
127 133.000000 93.000000 0.32788539999999999353
128 149.000000 94.000000 0.38563419999999998256
129 137.000000 100.000000 0.29363470000000002624
130 100.000000 73.000000 0.24788969999999999061
131 98.000000 74.000000 0.23697550000000000558
132 75.000000 63.000000 0.30458689999999999376
133 109.000000 84.000000 0.24486649999999998695
134 105.000000 81.000000 0.21221829999999999861
135 129.000000 90.000000 0.27900199999999997225
136 105.000000 72.000000 0.34610170000000001211
137 132.000000 93.000000 0.24783549999999998636
138 128.000000 86.000000 0.20759340000000001125
139 130.000000 93.000000 0.22886980000000001212
140 101.000000 71.000000 0.30903629999999998601
141 110.000000 83.000000 0.23512640000000001317
142 161.000000 112.000000 0.21948059999999999792
143 124.000000 93.000000 0.25886599999999998500
144 136.000000 100.000000 0.25652700000000000502
145 114.000000 87.000000 0.23623630000000001017
146 97.000000 75.000000 0.21737829999999999653
147 122.000000 88.000000 0.20092150000000000287
148 126.000000 89.000000 0.19821079999999999255
149 85.000000 63.000000 0.30098789999999997491
150 123.000000 88.000000 0.25795439999999997260
151 135.000000 88.000000 0.12474749999999999728
152 130.000000 95.000000 0.29214250000000002716
153 119.000000 86.000000 0.39000659999999998107
154 131.000000 89.000000 0.14852160000000000362
155 136.000000 95.000000 0.31474710000000000187
156 119.000000 87.000000 0.26798689999999997235
157 98.000000 72.000000 0.20252819999999999157
158 126.000000 89.000000 0.16056029999999998914
159 90.000000 71.000000 0.29463220000000001075
160 133.000000 100.000000 0.21106630000000001224
161 112.000000 81.000000 0.19503010000000001178
162 89.000000 73.000000 0.18469060000000001032
163 123.000000 90.000000 0.18923760000000000581
164 102.000000 74.000000 0.21120439999999998659
165 132.000000 88.000000 0.27405909999999999993
166 130.000000 99.000000 0.18807070000000000731
167 114.000000 81.000000 0.23469000000000000972
168 111.000000 78.000000 0.28351999999999999424
169 90.000000 71.000000 0.29581010000000002025
170 110.000000 83.000000 0.28688510000000000399
171 148.000000 98.000000 0.21784839999999999760
172 106.000000 84.000000 0.23181129999999999791
173 121.000000 86.000000 0.22398799999999999266
174 139.000000 89.000000 0.16898779999999999357
175 125.000000 83.000000 0.16819799999999998641
176 126.000000 90.000000 0.22076460000000000528
177 150.000000 96.000000 0.18792010000000000658
178 133.000000 86.000000 0.21670049999999999035
179 91.000000 69.000000 0.21168680000000000829
180 130.000000 89.000000 0.22872790000000001176
181 100.000000 79.000000 0.27427040000000002529
182 109.000000 81.000000 0.15949630000000000751
183 104.000000 79.000000 0.17675930000000000808
184 123.000000 82.000000 0.20824080000000000368
185 142.000000 107.000000 0.17484810000000000629
186 111.000000 87.000000 0.18750769999999999937
187 118.000000 83.000000 0.18409120000000001038
188 134.000000 99.000000 0.19062970000000001303
189 98.000000 68.000000 0.47093610000000002414
190 100.000000 75.000000 0.34393699999999999273
191 92.000000 74.000000 0.17548510000000000497
192 97.000000 68.000000 0.19020119999999998694
193 161.000000 125.000000 0.22072900000000000853
194 123.000000 91.000000 0.17722099999999998965
195 107.000000 81.000000 0.12007859999999999367
196 139.000000 92.000000 0.17993609999999998772
197 127.000000 94.000000 0.19373570000000001068
198 139.000000 101.000000 0.19041289999999999605
199 86.000000 64.000000 0.21653330000000001188
200 147.000000 98.000000 0.14461509999999999643
201 147.000000 103.000000 0.17655770000000001185
202 102.000000 75.000000 0.25256820000000002047
203 74.000000 64.000000 0.17410680000000000600
204 134.000000 95.000000 0.16304669999999998886
205 127.000000 86.000000 0.13893800000000000594
206 136.000000 102.000000 0.15073829999999999174
207 133.000000 102.000000 0.12667120000000001157
208 128.000000 95.000000 0.28900779999999998138
209 135.000000 94.000000 0.20081140000000000101
210 134.000000 92.000000 0.28027960000000001761
211 87.000000 66.000000 0.27866010000000002167
212 87.000000 68.000000 0.22204180000000001138
213 122.000000 89.000000 0.20201930000000001275
214 107.000000 82.000000 0.18885799999999999810
215 149.000000 100.000000 0.10863849999999999896
216 101.000000 73.000000 0.17446700000000001096
217 133.000000 93.000000 0.14786279999999998869
218 117.000000 81.000000 0.17048189999999999178
219 153.000000 110.000000 0.16935790000000000566
220 162.000000 107.000000 0.52283210000000002182
221 109.000000 79.000000 0.15555630000000000845
222 103.000000 73.000000 0.15470090000000000230
223 115.000000 85.000000 0.17260729999999999129
224 144.000000 103.000000 0.14059620000000000450
225 137.000000 89.000000 0.17110749999999999571
226 125.000000 85.000000 0.14789030000000000231
227 152.000000 105.000000 0.25411960000000000104
228 143.000000 103.000000 0.19149399999999999755
229 108.000000 81.000000 0.18245089999999999919
230 127.000000 93.000000 0.15578290000000000193
231 122.000000 84.000000 0.20465510000000000645
232 112.000000 77.000000 0.17650599999999999623
233 125.000000 88.000000 0.13770340000000000358
234 94.000000 71.000000 0.15825529999999998765
235 139.000000 94.000000 0.17218530000000001334
236 132.000000 97.000000 0.12195340000000000347
237 165.000000 102.000000 0.13238959999999999617
238 135.000000 91.000000 0.14575979999999999492
239 128.000000 92.000000 0.09323230000000000406
240 117.000000 86.000000 0.12484280000000000377
241 151.000000 96.000000 0.39860800000000001786
242 79.000000 63.000000 0.18995799999999998797
243 122.000000 86.000000 0.14295399999999999774
244 103.000000 79.000000 0.13952729999999999300
245 149.000000 98.000000 0.13132389999999999342
246 99.000000 72.000000 0.09934439999999999937
247 119.000000 88.000000 0.17802329999999999544
248 117.000000 82.000000 0.15490349999999999953
249 147.000000 100.000000 0.12314400000000000346
250 120.000000 83.000000 0.14055950000000000388
251 140.000000 98.000000 0.12843109999999999249
252 96.000000 74.000000 0.25692120000000001623
253 154.000000 108.000000 0.29765239999999998366
254 124.000000 88.000000 0.14714240000000000652
255 113.000000 83.000000 0.17288120000000001264
256 97.000000 76.000000 0.12438420000000000032
257 97.000000 80.000000 0.13068879999999999386
258 94.000000 76.000000 0.24838080000000001268
259 103.000000 74.000000 0.21662239999999999274
260 73.000000 57.000000 0.14627490000000001324
261 139.000000 96.000000 0.14505589999999998763
262 99.000000 74.000000 0.12611130000000000950
263 134.000000 92.000000 0.17671709999999998808
264 119.000000 86.000000 0.13327230000000001020
265 104.000000 76.000000 0.15121570000000000844
266 95.000000 70.000000 0.16972750000000000337
267 105.000000 78.000000 0.17623410000000000464
268 140.000000 100.000000 0.11162569999999999437
269 103.000000 84.000000 0.17911920000000000619
270 133.000000 94.000000 0.12640149999999999997
271 99.000000 74.000000 0.23725330000000000030
272 129.000000 89.000000 0.12499159999999999437
273 112.000000 78.000000 0.13826520000000000477
274 102.000000 79.000000 0.11547219999999999707
275 78.000000 59.000000 0.12833320000000000838
276 81.000000 67.000000 0.16689029999999999143
277 88.000000 70.000000 0.20565479999999999872
278 134.000000 101.000000 0.14297660000000000924
279 121.000000 88.000000 0.12981309999999998683
280 141.000000 102.000000 0.15264980000000000215
281 100.000000 77.000000 0.12178730000000000111
282 136.000000 85.000000 0.13642640000000000322
283 94.000000 73.000000 0.11819230000000000014
284 149.000000 111.000000 0.13199659999999999171
285 120.000000 85.000000 0.11668860000000000343
286 125.000000 89.000000 0.14967379999999999574
287 100.000000 71.000000 0.09005299999999999416
288 102.000000 76.000000 0.12735219999999999874
289 115.000000 90.000000 0.14102339999999999320
290 128.000000 98.000000 0.10313429999999999820
291 92.000000 69.000000 0.14023260000000001280
292 97.000000 73.000000 0.13263500000000000290
293 126.000000 87.000000 0.14515849999999999587
294 81.000000 63.000000 0.18153900000000000592
295 138.000000 100.000000 0.14760029999999998984
296 94.000000 74.000000 0.17237749999999998907
297 114.000000 78.000000 0.15442790000000000683
298 120.000000 79.000000 0.15487919999999999465
299 124.000000 84.000000 0.10923230000000000439
300 142.000000 96.000000 0.12723889999999998812
301 106.000000 74.000000 0.13781689999999999219
302 107.000000 77.000000 0.13167049999999999588
303 61.000000 50.000000 0.14175180000000001113
304 78.000000 58.000000 0.14602360000000000340
305 147.000000 101.000000 0.09702810000000000601
306 154.000000 100.000000 0.12465310000000000279
307 106.000000 84.000000 0.12149930000000000452
308 86.000000 60.000000 0.12533630000000001159
309 114.000000 86.000000 0.09250139999999999751
310 146.000000 109.000000 0.11734410000000000673
311 116.000000 85.000000 0.11581790000000000140
312 114.000000 85.000000 0.12777730000000001032
313 99.000000 71.000000 0.13544249999999999345
314 104.000000 78.000000 0.10856530000000000347
315 149.000000 102.000000 0.08618180000000000285
316 131.000000 97.000000 0.13692190000000001304
317 133.000000 97.000000 0.13293070000000001274
318 130.000000 91.000000 0.17488899999999998891
319 81.000000 60.000000 0.19250320000000001319
320 121.000000 92.000000 0.14102560000000000096
321 131.000000 92.000000 0.11447569999999999968
322 122.000000 85.000000 0.12830659999999999288
323 121.000000 93.000000 0.10170239999999999836
324 80.000000 65.000000 0.12285260000000000624
325 125.000000 85.000000 0.14445949999999999069
326 96.000000 75.000000 0.11920409999999999340
327 112.000000 84.000000 0.13635279999999999623
328 89.000000 70.000000 0.14681120000000000281
329 122.000000 87.000000 0.10938430000000000375
330 104.000000 80.000000 0.17578610000000000069
331 126.000000 88.000000 0.09856090000000000684
332 116.000000 89.000000 0.12516289999999999361
333 118.000000 86.000000 0.10195020000000000471
334 100.000000 79.000000 0.11284869999999999624
335 112.000000 85.000000 0.11011279999999999679
336 121.000000 93.000000 0.11818489999999999551
337 137.000000 95.000000 0.14503900000000000126
338 124.000000 85.000000 0.11794300000000000617
339 93.000000 77.000000 0.10855430000000000634
340 125.000000 93.000000 0.21828849999999999643
341 111.000000 80.000000 0.11722470000000000112
342 108.000000 80.000000 0.14602260000000000240
343 148.000000 107.000000 0.10271859999999999324
344 114.000000 83.000000 0.14360680000000000667
345 161.000000 106.000000 0.08530930000000000457
346 118.000000 85.000000 0.15745649999999999924
347 106.000000 78.000000 0.09238889999999999603
348 97.000000 68.000000 0.11865140000000000409
349 107.000000 73.000000 0.12402230000000000198
350 94.000000 67.000000 0.15800120000000000831
351 117.000000 85.000000 0.11261000000000000176
352 122.000000 78.000000 0.23409360000000001278
353 91.000000 74.000000 0.09834909999999999486
354 141.000000 91.000000 0.12815909999999999802
355 108.000000 79.000000 0.11533250000000000446
356 113.000000 79.000000 0.15913810000000000455
357 125.000000 95.000000 0.10485909999999999676
358 100.000000 79.000000 0.13539829999999999921
359 115.000000 84.000000 0.11271380000000000288
360 107.000000 83.000000 0.10224809999999999455
361 109.000000 84.000000 0.13698089999999998878
362 93.000000 68.000000 0.13382740000000001301
363 123.000000 91.000000 0.12433429999999999482
364 100.000000 77.000000 0.18163250000000000228
365 148.000000 106.000000 0.13661200000000001120
366 105.000000 76.000000 0.11909419999999999729
367 103.000000 76.000000 0.09185770000000000046
368 155.000000 105.000000 0.11184030000000000360
369 104.000000 79.000000 0.16197770000000000223
370 115.000000 84.000000 0.11547330000000000094
371 119.000000 83.000000 0.14027329999999998966
372 150.000000 105.000000 0.20788680000000001047
373 101.000000 77.000000 0.12044889999999999763
374 132.000000 101.000000 0.11079669999999999797
375 112.000000 80.000000 0.13626109999999999611
376 92.000000 70.000000 0.13088749999999998996
377 119.000000 88.000000 0.10159260000000000512
378 68.000000 53.000000 0.13360800000000000454
379 127.000000 93.000000 0.12973000000000001197
380 111.000000 81.000000 0.13864989999999999259
381 120.000000 86.000000 0.14813529999999999753
382 114.000000 83.000000 0.12191420000000000035
383 73.000000 60.000000 0.12669320000000000581
384 110.000000 81.000000 0.08831650000000000611
385 132.000000 91.000000 0.07617619999999999947
386 115.000000 86.000000 0.13695620000000000016
387 119.000000 85.000000 0.13841049999999999187
388 70.000000 57.000000 0.13233960000000000168
389 68.000000 58.000000 0.12365810000000000690
390 171.000000 114.000000 0.10758769999999999445
391 108.000000 82.000000 0.12003999999999999393
392 107.000000 74.000000 0.13789219999999999255
393 120.000000 90.000000 0.11065020000000000411
394 143.000000 102.000000 0.15741230000000000500
395 105.000000 80.000000 0.08278180000000000260
396 96.000000 72.000000 0.11300899999999999834
397 72.000000 62.000000 0.13980919999999999459
398 115.000000 95.000000 0.10172040000000000248
399 99.000000 77.000000 0.12937280000000001001
400 132.000000 100.000000 0.10657959999999999656
401 128.000000 96.000000 0.12738179999999998948
402 128.000000 92.000000 0.14587620000000001141
403 105.000000 74.000000 0.12140549999999999953
404 124.000000 86.000000 0.09148499999999999688
405 103.000000 76.000000 0.12335150000000000281
406 122.000000 84.000000 0.11938419999999999588
407 102.000000 73.000000 0.09089940000000000520
408 134.000000 88.000000 0.07969990000000000407
409 94.000000 71.000000 0.09686400000000000565
410 86.000000 65.000000 0.12043439999999999701
411 124.000000 94.000000 0.10779160000000000130
412 130.000000 97.000000 0.08480300000000000338
413 127.000000 89.000000 0.10420999999999999708
414 105.000000 80.000000 0.10837479999999999336
415 117.000000 86.000000 0.11462500000000000466
416 137.000000 94.000000 0.10261409999999999976
417 122.000000 93.000000 0.12765080000000000870
418 91.000000 64.000000 0.10098169999999999369
419 135.000000 97.000000 0.08801620000000000277
420 135.000000 93.000000 0.11619580000000000186
