1 2.000000 2.000000 0.23823669999999999569
2 3.000000 3.000000 0.18432129999999999348
3 3.000000 3.000000 0.07044809999999999961
4 2.000000 2.000000 0.05492070000000000285
5 2.000000 2.000000 0.04722269999999999940
6 2.000000 2.000000 0.01536569999999999950
7 2.000000 2.000000 0.01268080000000000075
8 2.000000 2.000000 0.01693300000000000013
9 2.000000 2.000000 0.02171539999999999929
10 2.000000 2.000000 0.01255290000000000052
11 3.000000 3.000000 0.03241070000000000062
12 2.000000 2.000000 0.01718909999999999882
13 2.000000 2.000000 0.01273389999999999939
14 3.000000 3.000000 0.02304070000000000076
15 2.000000 2.000000 0.01648190000000000072
16 2.000000 2.000000 0.03582840000000000330
17 2.000000 2.000000 0.02005440000000000000
18 2.000000 2.000000 0.02365159999999999832
19 2.000000 2.000000 0.01421910000000000014
20 2.000000 2.000000 0.01617239999999999997
21 3.000000 3.000000 0.02612750000000000142
22 4.000000 3.000000 0.09360209999999999364
23 3.000000 3.000000 0.01892689999999999997
24 2.000000 2.000000 0.02248910000000000145
25 3.000000 3.000000 0.01373770000000000026
26 2.000000 2.000000 0.01365249999999999971
27 2.000000 2.000000 0.03901749999999999663
28 2.000000 2.000000 0.03072679999999999856
29 2.000000 2.000000 0.01334830000000000044
30 2.000000 2.000000 0.01376179999999999938
31 2.000000 2.000000 0.01312639999999999987
32 2.000000 2.000000 0.09466879999999999740
33 2.000000 2.000000 0.04822350000000000247
34 2.000000 2.000000 0.01557159999999999968
35 3.000000 3.000000 0.01221170000000000068
36 3.000000 3.000000 0.02857339999999999880
37 2.000000 2.000000 0.01345490000000000054
38 2.000000 2.000000 0.06300619999999999832
39 2.000000 2.000000 0.06216239999999999960
40 2.000000 2.000000 0.05938949999999999785
41 2.000000 2.000000 0.01264640000000000035
42 2.000000 2.000000 0.01356259999999999931
43 2.000000 2.000000 0.01381439999999999925
44 2.000000 2.000000 0.01402559999999999918
45 3.000000 3.000000 0.04896249999999999908
46 2.000000 2.000000 0.07202999999999999681
47 2.000000 2.000000 0.01323399999999999924
48 3.000000 3.000000 0.01376540000000000055
49 3.000000 3.000000 0.04140889999999999849
50 3.000000 3.000000 0.02671039999999999873
51 2.000000 2.000000 0.06308579999999999743
52 2.000000 2.000000 0.01275229999999999940
53 2.000000 2.000000 0.01314839999999999932
54 4.000000 4.000000 0.03135550000000000143
55 2.000000 2.000000 0.06143099999999999949
56 2.000000 2.000000 0.01538379999999999956
57 2.000000 2.000000 0.01945900000000000060
58 3.000000 3.000000 0.02069899999999999865
59 3.000000 3.000000 0.04682279999999999776
60 2.000000 2.000000 0.03286209999999999826
61 2.000000 2.000000 0.01363830000000000077
62 2.000000 2.000000 0.01317590000000000081
63 2.000000 2.000000 0.03057640000000000011
64 3.000000 3.000000 0.04502679999999999877
65 2.000000 2.000000 0.04070170000000000038
66 2.000000 2.000000 0.01596929999999999877
67 2.000000 2.000000 0.01279920000000000016
68 3.000000 3.000000 0.02140039999999999998
69 2.000000 2.000000 0.03215200000000000002
70 2.000000 2.000000 0.01297449999999999992
71 3.000000 3.000000 0.01221140000000000073
72 2.000000 2.000000 0.01329770000000000084
73 3.000000 3.000000 0.01164100000000000031
74 2.000000 2.000000 0.07301390000000000657
75 2.000000 2.000000 0.07277069999999999372
76 2.000000 2.000000 0.01342020000000000018
77 2.000000 2.000000 0.01925139999999999837
78 2.000000 2.000000 0.01476850000000000038
79 2.000000 2.000000 0.01378829999999999986
80 3.000000 3.000000 0.05535029999999999811
81 3.000000 3.000000 0.04263039999999999885
82 2.000000 2.000000 0.01923290000000000069
83 2.000000 2.000000 0.05058700000000000002
84 2.000000 2.000000 0.01724650000000000141
85 3.000000 3.000000 0.01290990000000000019
86 2.000000 2.000000 0.01277119999999999991
87 3.000000 3.000000 0.01325510000000000056
88 2.000000 2.000000 0.04468459999999999793
89 3.000000 3.000000 0.02494379999999999861
90 3.000000 3.000000 0.01572029999999999955
91 3.000000 3.000000 0.01726149999999999907
92 3.000000 3.000000 0.07432339999999999780
93 2.000000 2.000000 0.10741320000000000034
94 3.000000 3.000000 0.01903240000000000140
95 3.000000 3.000000 0.01348120000000000047
96 2.000000 2.000000 0.08611509999999999998
97 3.000000 3.000000 0.08126890000000000502
98 3.000000 3.000000 0.03435130000000000128
99 2.000000 2.000000 0.01359929999999999993
100 2.000000 2.000000 0.02645499999999999935
101 3.000000 3.000000 0.01228049999999999975
102 3.000000 3.000000 0.08717519999999999436
103 3.000000 3.000000 0.07605349999999999611
104 2.000000 2.000000 0.01327569999999999965
105 3.000000 3.000000 0.01261589999999999934
106 2.000000 2.000000 0.01753079999999999916
107 2.000000 2.000000 0.09561229999999999729
108 2.000000 2.000000 0.08286319999999999797
109 3.000000 3.000000 0.01215480000000000033
110 2.000000 2.000000 0.01320280000000000065
111 2.000000 2.000000 0.01256479999999999923
112 3.000000 3.000000 0.01293930000000000080
113 2.000000 2.000000 0.08247129999999999739
114 2.000000 2.000000 0.09715690000000000437
115 2.000000 2.000000 0.03156599999999999684
116 2.000000 2.000000 0.09560050000000000492
117 2.000000 2.000000 0.08925840000000000163
118 2.000000 2.000000 0.02081289999999999876
119 2.000000 2.000000 0.01399410000000000064
120 3.000000 3.000000 0.01259910000000000023
121 2.000000 2.000000 0.08862380000000000257
122 2.000000 2.000000 0.08520940000000000458
123 2.000000 2.000000 0.01362900000000000049
124 2.000000 2.000000 0.01337370000000000052
125 2.000000 2.000000 0.06560470000000000190
126 2.000000 2.000000 0.04696120000000000155
127 4.000000 4.000000 0.07800279999999999714
128 3.000000 3.000000 0.01349389999999999964
129 2.000000 2.000000 0.01337660000000000064
130 2.000000 2.000000 0.01411379999999999926
131 2.000000 2.000000 0.09997939999999999605
132 2.000000 2.000000 0.07324899999999999467
133 3.000000 3.000000 0.01337649999999999950
134 2.000000 2.000000 0.01288000000000000082
135 3.000000 3.000000 0.02689479999999999996
136 3.000000 3.000000 0.01494039999999999951
137 3.000000 3.000000 0.02399149999999999894
138 2.000000 2.000000 0.01275500000000000071
139 2.000000 2.000000 0.01356500000000000067
140 3.000000 3.000000 0.01306429999999999918
141 2.000000 2.000000 0.01604070000000000148
142 4.000000 4.000000 0.01861439999999999970
143 2.000000 2.000000 0.01400780000000000081
144 2.000000 2.000000 0.01560869999999999966
145 2.000000 2.000000 0.01354220000000000076
146 2.000000 2.000000 0.03856559999999999849
147 2.000000 2.000000 0.02828390000000000071
148 2.000000 2.000000 0.01357279999999999945
149 2.000000 2.000000 0.01976539999999999894
150 3.000000 3.000000 0.02080430000000000126
151 2.000000 2.000000 0.03411920000000000230
152 2.000000 2.000000 0.01416829999999999999
153 2.000000 2.000000 0.01274750000000000015
154 3.000000 3.000000 0.01332460000000000068
155 3.000000 3.000000 0.02069090000000000165
156 2.000000 2.000000 0.02002550000000000163
157 2.000000 2.000000 0.01419450000000000052
158 2.000000 2.000000 0.01482239999999999946
159 3.000000 3.000000 0.02716379999999999836
160 2.000000 2.000000 0.03610920000000000102
161 3.000000 3.000000 0.05082840000000000275
162 4.000000 4.000000 0.01248160000000000068
163 2.000000 2.000000 0.01286799999999999923
164 3.000000 3.000000 0.01570449999999999971
165 2.000000 2.000000 0.08219980000000000342
166 3.000000 3.000000 0.05303920000000000162
167 3.000000 3.000000 0.01287280000000000021
168 2.000000 2.000000 0.01375170000000000038
169 2.000000 2.000000 0.01305890000000000002
170 3.000000 3.000000 0.14218700000000000783
171 2.000000 2.000000 0.15104110000000001146
172 3.000000 3.000000 0.01236699999999999952
173 2.000000 2.000000 0.01266570000000000022
174 4.000000 3.000000 0.01166679999999999974
175 2.000000 2.000000 0.01263650000000000016
176 2.000000 2.000000 0.12916099999999999803
177 2.000000 2.000000 0.13608760000000000301
178 2.000000 2.000000 0.13538739999999999108
179 3.000000 3.000000 0.01505940000000000056
180 2.000000 2.000000 0.01678040000000000087
181 4.000000 3.000000 0.01157599999999999948
182 2.000000 2.000000 0.01263369999999999944
183 2.000000 2.000000 0.01493449999999999986
184 3.000000 3.000000 0.01324140000000000039
185 3.000000 3.000000 0.01306309999999999936
186 2.000000 2.000000 0.01354870000000000033
187 2.000000 2.000000 0.01372300000000000082
188 3.000000 3.000000 0.01603179999999999883
189 2.000000 2.000000 0.01622439999999999993
190 2.000000 2.000000 0.01279459999999999972
191 2.000000 2.000000 0.01283929999999999967
192 3.000000 3.000000 0.01364330000000000057
193 2.000000 2.000000 0.01372710000000000076
194 3.000000 3.000000 0.01276940000000000019
195 4.000000 4.000000 0.02057370000000000032
196 3.000000 3.000000 0.02023849999999999955
197 3.000000 3.000000 0.02105150000000000077
198 2.000000 2.000000 0.01416099999999999998
199 2.000000 2.000000 0.01304239999999999913
200 2.000000 2.000000 0.01320190000000000079
201 2.000000 2.000000 0.01440299999999999914
202 2.000000 2.000000 0.01283879999999999917
203 2.000000 2.000000 0.01855100000000000152
204 2.000000 2.000000 0.01358350000000000009
205 4.000000 3.000000 0.01339860000000000009
206 2.000000 2.000000 0.01362939999999999985
207 2.000000 2.000000 0.01251550000000000058
208 2.000000 2.000000 0.01400880000000000007
209 2.000000 2.000000 0.01290529999999999976
210 2.000000 2.000000 0.01275669999999999929
211 2.000000 2.000000 0.01334819999999999930
212 2.000000 2.000000 0.01294529999999999986
213 2.000000 2.000000 0.01355420000000000062
214 3.000000 3.000000 0.01292029999999999915
215 2.000000 2.000000 0.01506889999999999966
216 2.000000 2.000000 0.01223759999999999952
217 2.000000 2.000000 0.01418789999999999982
218 3.000000 3.000000 0.01331380000000000063
219 3.000000 3.000000 0.01212710000000000003
220 2.000000 2.000000 0.01321699999999999958
221 2.000000 2.000000 0.01413550000000000050
222 2.000000 2.000000 0.01654359999999999858
223 4.000000 3.000000 0.01499149999999999962
224 3.000000 3.000000 0.01184389999999999922
225 3.000000 3.000000 0.01316469999999999967
226 2.000000 2.000000 0.01317010000000000056
227 2.000000 2.000000 0.01479950000000000015
228 3.000000 3.000000 0.02282790000000000166
229 3.000000 3.000000 0.01569459999999999952
230 2.000000 2.000000 0.01462259999999999949
231 2.000000 2.000000 0.01272120000000000022
232 2.000000 2.000000 0.01304250000000000027
233 2.000000 2.000000 0.03478219999999999923
234 2.000000 2.000000 0.02248949999999999907
235 2.000000 2.000000 0.01351280000000000016
236 4.000000 3.000000 0.01931640000000000093
237 3.000000 3.000000 0.01228070000000000030
238 3.000000 3.000000 0.01435890000000000083
239 4.000000 4.000000 0.01765190000000000162
240 2.000000 2.000000 0.02140529999999999863
241 2.000000 2.000000 0.01258360000000000034
242 3.000000 3.000000 0.01635719999999999882
243 3.000000 3.000000 0.01313759999999999928
244 2.000000 2.000000 0.02289949999999999972
245 2.000000 2.000000 0.02272329999999999836
246 2.000000 2.000000 0.02291030000000000150
247 3.000000 3.000000 0.01231900000000000009
248 2.000000 2.000000 0.01505219999999999995
249 2.000000 2.000000 0.01275489999999999957
250 2.000000 2.000000 0.01285060000000000022
251 3.000000 3.000000 0.08575739999999999752
252 2.000000 2.000000 0.12294040000000000523
253 2.000000 2.000000 0.02071189999999999837
254 2.000000 2.000000 0.01436199999999999977
255 2.000000 2.000000 0.02265790000000000165
256 3.000000 3.000000 0.11158600000000000463
257 4.000000 3.000000 0.11935160000000000213
258 2.000000 2.000000 0.09660119999999999818
259 2.000000 2.000000 0.01341649999999999961
260 2.000000 2.000000 0.01406310000000000025
261 2.000000 2.000000 0.01318350000000000077
262 3.000000 3.000000 0.07729419999999999347
263 3.000000 3.000000 0.07878330000000000055
264 3.000000 3.000000 0.10344269999999999854
265 3.000000 3.000000 0.01277769999999999948
266 3.000000 3.000000 0.01773869999999999961
267 2.000000 2.000000 0.01204749999999999918
268 2.000000 2.000000 0.09111059999999999992
269 3.000000 3.000000 0.11781859999999999555
270 3.000000 3.000000 0.01249349999999999940
271 3.000000 3.000000 0.01279869999999999966
272 2.000000 2.000000 0.01314990000000000082
273 3.000000 3.000000 0.08002869999999999429
274 2.000000 2.000000 0.08658820000000000405
275 2.000000 2.000000 0.01376529999999999941
276 2.000000 2.000000 0.01684700000000000086
277 2.000000 2.000000 0.08306639999999999857
278 2.000000 2.000000 0.01245540000000000015
279 2.000000 2.000000 0.01280829999999999989
280 2.000000 2.000000 0.01334169999999999974
281 3.000000 3.000000 0.01354679999999999947
282 2.000000 2.000000 0.07966679999999999595
283 2.000000 2.000000 0.08249950000000000339
284 2.000000 2.000000 0.01415959999999999962
285 3.000000 3.000000 0.01475820000000000083
286 3.000000 3.000000 0.01266800000000000044
287 2.000000 2.000000 0.08628120000000000234
288 3.000000 3.000000 0.10975160000000000471
289 2.000000 2.000000 0.11676999999999999880
290 2.000000 2.000000 0.01669959999999999847
291 2.000000 2.000000 0.01892330000000000054
292 2.000000 2.000000 0.01370709999999999984
293 2.000000 2.000000 0.01234069999999999959
294 3.000000 3.000000 0.07668519999999999504
295 2.000000 2.000000 0.07664519999999999667
296 2.000000 2.000000 0.08202089999999999381
297 3.000000 3.000000 0.01156740000000000025
298 2.000000 2.000000 0.01353670000000000047
299 3.000000 3.000000 0.01192690000000000070
300 3.000000 3.000000 0.01822609999999999855
301 2.000000 2.000000 0.08051319999999999311
302 2.000000 2.000000 0.09128659999999999553
303 2.000000 2.000000 0.09323689999999999756
304 4.000000 4.000000 0.01618910000000000141
305 3.000000 3.000000 0.01254300000000000033
306 2.000000 2.000000 0.01207019999999999968
307 2.000000 2.000000 0.01375320000000000015
308 3.000000 3.000000 0.07895340000000000691
309 2.000000 2.000000 0.07971409999999999607
310 2.000000 2.000000 0.01242300000000000001
311 2.000000 2.000000 0.01252310000000000055
312 3.000000 3.000000 0.01300660000000000011
313 2.000000 2.000000 0.01359999999999999924
314 3.000000 3.000000 0.08476459999999999551
315 2.000000 2.000000 0.08148410000000000375
316 3.000000 3.000000 0.07717609999999999748
317 2.000000 2.000000 0.01250910000000000043
318 2.000000 2.000000 0.01316699999999999988
319 3.000000 3.000000 0.01319230000000000055
320 3.000000 3.000000 0.08268380000000000174
321 2.000000 2.000000 0.07152429999999999899
322 3.000000 3.000000 0.01283570000000000023
323 3.000000 3.000000 0.01255170000000000070
324 3.000000 3.000000 0.01294340000000000074
325 2.000000 2.000000 0.01334310000000000010
326 2.000000 2.000000 0.06555980000000000141
327 2.000000 2.000000 0.08407620000000000371
328 2.000000 2.000000 0.01341400000000000058
329 3.000000 3.000000 0.01252009999999999929
330 3.000000 3.000000 0.01270849999999999931
331 2.000000 2.000000 0.01309729999999999922
332 3.000000 3.000000 0.01243799999999999940
333 3.000000 3.000000 0.02394189999999999860
334 3.000000 3.000000 0.03914940000000000087
335 2.000000 2.000000 0.01343500000000000076
336 2.000000 2.000000 0.01300420000000000048
337 2.000000 2.000000 0.01175230000000000025
338 3.000000 3.000000 0.01129999999999999928
339 3.000000 3.000000 0.01213559999999999986
340 2.000000 2.000000 0.04712729999999999697
341 3.000000 3.000000 0.05487569999999999948
342 3.000000 3.000000 0.05841860000000000108
343 3.000000 3.000000 0.06536379999999999968
344 3.000000 3.000000 0.06873719999999999830
345 2.000000 2.000000 0.01243030000000000003
346 2.000000 2.000000 0.01251440000000000018
347 2.000000 2.000000 0.01297569999999999973
348 2.000000 2.000000 0.01218130000000000081
349 2.000000 2.000000 0.01228929999999999953
350 2.000000 2.000000 0.06102760000000000129
351 2.000000 2.000000 0.05479409999999999836
352 2.000000 2.000000 0.01148169999999999920
353 3.000000 3.000000 0.01198330000000000055
354 3.000000 3.000000 0.01238539999999999953
355 2.000000 2.000000 0.01524250000000000084
356 2.000000 2.000000 0.01311129999999999934
357 2.000000 2.000000 0.05810130000000000156
358 2.000000 2.000000 0.10429489999999999594
359 3.000000 3.000000 0.01426110000000000051
360 2.000000 2.000000 0.01446230000000000085
361 4.000000 4.000000 0.01146679999999999922
362 2.000000 2.000000 0.09913940000000000252
363 2.000000 2.000000 0.09931199999999999750
364 4.000000 3.000000 0.12441839999999999844
365 2.000000 2.000000 0.01265359999999999922
366 3.000000 3.000000 0.01201110000000000025
367 3.000000 3.000000 0.01236800000000000052
368 2.000000 2.000000 0.01300920000000000028
369 3.000000 3.000000 0.14672779999999999156
370 2.000000 2.000000 0.12245680000000000454
371 2.000000 2.000000 0.01682969999999999952
372 4.000000 4.000000 0.01161270000000000011
373 2.000000 2.000000 0.01346780000000000026
374 2.000000 2.000000 0.12247429999999999428
375 3.000000 3.000000 0.11730669999999999986
376 3.000000 3.000000 0.11734379999999999811
377 2.000000 2.000000 0.01567429999999999865
378 2.000000 2.000000 0.01288669999999999920
379 2.000000 2.000000 0.01527519999999999920
380 2.000000 2.000000 0.01344060000000000046
381 3.000000 3.000000 0.01247870000000000056
382 2.000000 2.000000 0.01598089999999999927
383 2.000000 2.000000 0.02131469999999999893
384 2.000000 2.000000 0.01258920000000000004
385 3.000000 3.000000 0.01510899999999999917
386 3.000000 3.000000 0.01321059999999999943
387 2.000000 2.000000 0.12600749999999999451
388 2.000000 2.000000 0.12307959999999999734
389 2.000000 2.000000 0.01384580000000000012
390 3.000000 3.000000 0.01332520000000000059
391 3.000000 3.000000 0.01322779999999999963
392 2.000000 2.000000 0.01315730000000000025
393 3.000000 3.000000 0.11053029999999999800
394 3.000000 3.000000 0.01303789999999999984
395 2.000000 2.000000 0.01238120000000000019
396 2.000000 2.000000 0.01289809999999999915
397 4.000000 3.000000 0.15198760000000000048
398 2.000000 2.000000 0.11118989999999999430
399 3.000000 3.000000 0.11580500000000000516
400 3.000000 3.000000 0.01241150000000000066
401 2.000000 2.000000 0.01284240000000000034
402 3.000000 3.000000 0.01214340000000000037
403 2.000000 2.000000 0.12968789999999999485
404 4.000000 4.000000 0.13635269999999999335
405 2.000000 2.000000 0.10352100000000000191
406 2.000000 2.000000 0.01511009999999999957
407 3.000000 3.000000 0.01240209999999999924
408 2.000000 2.000000 0.01324889999999999922
409 2.000000 2.000000 0.01250049999999999946
410 4.000000 4.000000 0.01237019999999999960
411 3.000000 3.000000 0.11574009999999999854
412 3.000000 3.000000 0.12207210000000000283
413 2.000000 2.000000 0.11335009999999999530
414 3.000000 3.000000 0.01336000000000000035
415 2.000000 2.000000 0.01720319999999999835
416 3.000000 3.000000 0.01277159999999999927
417 2.000000 2.000000 0.01197370000000000032
418 2.000000 2.000000 0.11395080000000000486
419 3.000000 3.000000 0.11673219999999999430
420 2.000000 2.000000 0.13093399999999999483
