1 5.000000 5.000000 0.25356030000000001623
2 3.000000 3.000000 0.06360780000000000600
3 3.000000 3.000000 0.06630980000000000207
4 5.000000 5.000000 0.04168499999999999983
5 4.000000 4.000000 0.04722459999999999852
6 2.000000 2.000000 0.04757850000000000273
7 6.000000 6.000000 0.03740430000000000144
8 2.000000 2.000000 0.02061139999999999847
9 8.000000 7.000000 0.02031770000000000104
10 4.000000 4.000000 0.04921179999999999999
11 5.000000 5.000000 0.03342900000000000038
12 5.000000 5.000000 0.02148129999999999831
13 7.000000 7.000000 0.01884519999999999945
14 8.000000 8.000000 0.02016530000000000059
15 2.000000 2.000000 0.02523339999999999958
16 6.000000 5.000000 0.01482759999999999981
17 3.000000 3.000000 0.01888640000000000110
18 3.000000 3.000000 0.01912159999999999901
19 3.000000 3.000000 0.02092389999999999875
20 2.000000 2.000000 0.03021369999999999958
21 5.000000 5.000000 0.02039120000000000169
22 4.000000 4.000000 0.02557359999999999842
23 5.000000 5.000000 0.02286279999999999910
24 6.000000 5.000000 0.01865069999999999922
25 3.000000 3.000000 0.02626480000000000134
26 4.000000 4.000000 0.01411560000000000072
27 6.000000 5.000000 0.01514500000000000048
28 5.000000 5.000000 0.01800929999999999892
29 2.000000 2.000000 0.01691029999999999964
30 3.000000 3.000000 0.01561539999999999977
31 2.000000 2.000000 0.01645249999999999838
32 2.000000 2.000000 0.01598170000000000146
33 2.000000 2.000000 0.01469009999999999934
34 5.000000 5.000000 0.01900500000000000106
35 5.000000 5.000000 0.02463490000000000124
36 2.000000 2.000000 0.02504199999999999829
37 5.000000 5.000000 0.02557610000000000092
38 2.000000 2.000000 0.03285129999999999995
39 3.000000 3.000000 0.01670220000000000038
40 3.000000 3.000000 0.01956159999999999843
41 2.000000 2.000000 0.01910680000000000017
42 5.000000 5.000000 0.01826020000000000074
43 7.000000 7.000000 0.03506279999999999814
44 8.000000 8.000000 0.02478549999999999850
45 4.000000 3.000000 0.01438290000000000055
46 2.000000 2.000000 0.01830729999999999857
47 4.000000 4.000000 0.02606959999999999833
48 2.000000 2.000000 0.01481870000000000062
49 6.000000 5.000000 0.03578560000000000074
50 6.000000 5.000000 0.02880059999999999912
51 8.000000 7.000000 0.01603550000000000114
52 7.000000 6.000000 0.02177360000000000059
53 3.000000 3.000000 0.03587019999999999792
54 2.000000 2.000000 0.02083899999999999988
55 2.000000 2.000000 0.01467590000000000040
56 3.000000 3.000000 0.02184430000000000052
57 3.000000 3.000000 0.01591800000000000159
58 2.000000 2.000000 0.01491269999999999922
59 3.000000 3.000000 0.02358880000000000005
60 3.000000 3.000000 0.02982239999999999891
61 5.000000 5.000000 0.01768020000000000008
62 4.000000 4.000000 0.01847939999999999999
63 2.000000 2.000000 0.03714039999999999703
64 3.000000 3.000000 0.02065029999999999991
65 3.000000 3.000000 0.01959529999999999952
66 6.000000 6.000000 0.03498899999999999927
67 3.000000 3.000000 0.01818929999999999853
68 7.000000 7.000000 0.01792840000000000059
69 4.000000 4.000000 0.03410620000000000318
70 2.000000 2.000000 0.01566479999999999956
71 5.000000 5.000000 0.01685100000000000139
72 2.000000 2.000000 0.01461400000000000025
73 5.000000 5.000000 0.02152530000000000068
74 3.000000 3.000000 0.01637310000000000154
75 3.000000 3.000000 0.01554080000000000045
76 5.000000 5.000000 0.02679420000000000066
77 8.000000 7.000000 0.02295950000000000074
78 2.000000 2.000000 0.01961210000000000037
79 2.000000 2.000000 0.02380900000000000030
80 6.000000 5.000000 0.01795329999999999843
81 2.000000 2.000000 0.02039399999999999893
82 5.000000 5.000000 0.02165790000000000076
83 3.000000 3.000000 0.01921080000000000010
84 10.000000 10.000000 0.01883069999999999883
85 2.000000 2.000000 0.01430099999999999948
86 5.000000 5.000000 0.02087359999999999910
87 4.000000 4.000000 0.01733789999999999984
88 3.000000 3.000000 0.01535800000000000012
89 6.000000 5.000000 0.01919869999999999910
90 6.000000 6.000000 0.01577249999999999833
91 2.000000 2.000000 0.01432349999999999943
92 4.000000 4.000000 0.02121560000000000112
93 3.000000 3.000000 0.01502440000000000025
94 4.000000 3.000000 0.01495299999999999928
95 4.000000 4.000000 0.01440130000000000056
96 3.000000 3.000000 0.01940609999999999905
97 3.000000 3.000000 0.01748709999999999848
98 5.000000 5.000000 0.02664269999999999833
99 2.000000 2.000000 0.01424010000000000033
100 8.000000 6.000000 0.04787940000000000251
101 2.000000 2.000000 0.05251920000000000199
102 2.000000 2.000000 0.01488330000000000035
103 6.000000 6.000000 0.01775650000000000145
104 2.000000 2.000000 0.03191900000000000293
105 2.000000 2.000000 0.01523060000000000039
106 5.000000 5.000000 0.01641559999999999894
107 3.000000 3.000000 0.02006300000000000097
108 3.000000 3.000000 0.01904149999999999940
109 5.000000 5.000000 0.01599360000000000018
110 3.000000 3.000000 0.02675169999999999979
111 4.000000 4.000000 0.01826250000000000095
112 3.000000 3.000000 0.01679289999999999949
113 5.000000 5.000000 0.03981139999999999679
114 5.000000 5.000000 0.02205400000000000069
115 5.000000 5.000000 0.01667489999999999944
116 6.000000 6.000000 0.01580279999999999879
117 3.000000 3.000000 0.01701570000000000166
118 5.000000 5.000000 0.01643980000000000094
119 3.000000 3.000000 0.02605340000000000086
120 2.000000 2.000000 0.01543360000000000044
121 7.000000 6.000000 0.04363580000000000236
122 4.000000 4.000000 0.01791359999999999827
123 5.000000 5.000000 0.02713619999999999921
124 5.000000 5.000000 0.01590909999999999894
125 2.000000 2.000000 0.01742010000000000086
126 8.000000 7.000000 0.03436299999999999771
127 10.000000 9.000000 0.02365980000000000166
128 3.000000 3.000000 0.01659230000000000080
129 5.000000 5.000000 0.01523779999999999926
130 2.000000 2.000000 0.01637979999999999992
131 2.000000 2.000000 0.01602860000000000049
132 2.000000 2.000000 0.02639160000000000117
133 2.000000 2.000000 0.02522519999999999971
134 3.000000 3.000000 0.02101919999999999830
135 3.000000 3.000000 0.01659599999999999964
136 3.000000 3.000000 0.01542439999999999957
137 7.000000 7.000000 0.01461319999999999980
138 6.000000 6.000000 0.01501680000000000029
139 2.000000 2.000000 0.02832020000000000023
140 3.000000 3.000000 0.01704889999999999878
141 3.000000 3.000000 0.01597269999999999940
142 2.000000 2.000000 0.01490350000000000008
143 5.000000 5.000000 0.01653289999999999968
144 6.000000 5.000000 0.01518380000000000077
145 2.000000 2.000000 0.02705170000000000144
146 5.000000 5.000000 0.03425260000000000110
147 2.000000 2.000000 0.01915479999999999960
148 5.000000 5.000000 0.01477599999999999920
149 2.000000 2.000000 0.02368670000000000150
150 2.000000 2.000000 0.03079749999999999849
151 5.000000 5.000000 0.03564660000000000051
152 5.000000 5.000000 0.04428929999999999673
153 7.000000 6.000000 0.02512819999999999984
154 3.000000 3.000000 0.01515120000000000008
155 6.000000 6.000000 0.06905279999999999752
156 3.000000 3.000000 0.06483629999999999949
157 2.000000 2.000000 0.01925260000000000166
158 8.000000 8.000000 0.01912279999999999883
159 3.000000 3.000000 0.08716279999999999861
160 2.000000 2.000000 0.01629070000000000171
161 5.000000 5.000000 0.01559149999999999946
162 3.000000 3.000000 0.05268679999999999891
163 2.000000 2.000000 0.06365170000000000550
164 4.000000 4.000000 0.03611749999999999683
165 5.000000 5.000000 0.07864440000000000319
166 2.000000 2.000000 0.08578510000000000302
167 2.000000 2.000000 0.02621110000000000106
168 5.000000 5.000000 0.09070200000000000484
169 4.000000 4.000000 0.08709830000000000350
170 2.000000 2.000000 0.01807160000000000016
171 2.000000 2.000000 0.03235299999999999981
172 8.000000 6.000000 0.03651499999999999885
173 5.000000 5.000000 0.01557329999999999999
174 2.000000 2.000000 0.01547040000000000047
175 2.000000 2.000000 0.01762309999999999918
176 3.000000 3.000000 0.02124250000000000096
177 5.000000 5.000000 0.01863400000000000126
178 4.000000 4.000000 0.02754130000000000120
179 4.000000 4.000000 0.01799200000000000105
180 8.000000 8.000000 0.01437189999999999995
181 3.000000 3.000000 0.01636019999999999835
182 3.000000 3.000000 0.04082290000000000224
183 2.000000 2.000000 0.01356210000000000054
184 2.000000 2.000000 0.01441899999999999953
185 8.000000 7.000000 0.01398100000000000037
186 3.000000 3.000000 0.03251790000000000236
187 5.000000 5.000000 0.01464279999999999922
188 2.000000 2.000000 0.01654169999999999946
189 2.000000 2.000000 0.03302179999999999699
190 2.000000 2.000000 0.01421500000000000020
191 2.000000 2.000000 0.01372950000000000038
192 2.000000 2.000000 0.01401990000000000007
193 2.000000 2.000000 0.02205580000000000040
194 5.000000 5.000000 0.02924989999999999882
195 5.000000 5.000000 0.01491999999999999924
196 5.000000 5.000000 0.01487770000000000065
197 5.000000 5.000000 0.03011890000000000053
198 2.000000 2.000000 0.04523699999999999943
199 5.000000 5.000000 0.01520119999999999978
200 6.000000 5.000000 0.01706289999999999890
201 3.000000 3.000000 0.03507539999999999963
202 3.000000 3.000000 0.04253400000000000236
203 5.000000 5.000000 0.01469089999999999979
204 5.000000 5.000000 0.01868689999999999934
205 10.000000 8.000000 0.03039630000000000110
206 5.000000 5.000000 0.04303400000000000281
207 8.000000 7.000000 0.01559939999999999938
208 3.000000 3.000000 0.02904829999999999912
209 2.000000 2.000000 0.05181360000000000132
210 2.000000 2.000000 0.01439559999999999972
211 6.000000 5.000000 0.01612140000000000101
212 2.000000 2.000000 0.03191209999999999880
213 5.000000 5.000000 0.03222860000000000308
214 5.000000 5.000000 0.01506539999999999963
215 5.000000 5.000000 0.01324660000000000074
216 3.000000 3.000000 0.02388499999999999998
217 4.000000 4.000000 0.04698240000000000055
218 6.000000 6.000000 0.04940959999999999797
219 3.000000 3.000000 0.01633849999999999886
220 5.000000 5.000000 0.02084750000000000145
221 2.000000 2.000000 0.03573819999999999775
222 3.000000 3.000000 0.02513960000000000153
223 2.000000 2.000000 0.01449059999999999931
224 4.000000 4.000000 0.03241490000000000343
225 2.000000 2.000000 0.01558900000000000043
226 2.000000 2.000000 0.01577289999999999942
227 7.000000 7.000000 0.01416640000000000087
228 2.000000 2.000000 0.03757230000000000292
229 2.000000 2.000000 0.01660369999999999902
230 3.000000 3.000000 0.01828549999999999967
231 7.000000 7.000000 0.03753839999999999955
232 3.000000 3.000000 0.02613609999999999892
233 3.000000 3.000000 0.01519449999999999967
234 3.000000 3.000000 0.01847460000000000074
235 3.000000 3.000000 0.03881590000000000040
236 5.000000 5.000000 0.01783929999999999891
237 3.000000 3.000000 0.01468949999999999943
238 5.000000 5.000000 0.02620050000000000157
239 2.000000 2.000000 0.04229720000000000008
240 3.000000 3.000000 0.02179870000000000071
241 6.000000 6.000000 0.01636690000000000020
242 5.000000 5.000000 0.02835779999999999898
243 2.000000 2.000000 0.01888669999999999932
244 2.000000 2.000000 0.02571479999999999946
245 2.000000 2.000000 0.04997569999999999790
246 4.000000 4.000000 0.02629690000000000152
247 6.000000 6.000000 0.01833680000000000032
248 7.000000 7.000000 0.01301659999999999970
249 4.000000 4.000000 0.01282239999999999942
250 8.000000 6.000000 0.03962279999999999969
251 4.000000 4.000000 0.01799349999999999908
252 3.000000 3.000000 0.01502599999999999943
253 5.000000 5.000000 0.01819430000000000006
254 3.000000 3.000000 0.01856040000000000120
255 3.000000 3.000000 0.01506719999999999934
256 3.000000 3.000000 0.01519449999999999967
257 3.000000 3.000000 0.01914149999999999879
258 4.000000 4.000000 0.01807040000000000035
259 2.000000 2.000000 0.01568740000000000065
260 4.000000 4.000000 0.01538499999999999937
261 2.000000 2.000000 0.01622979999999999909
262 5.000000 5.000000 0.01903300000000000131
263 4.000000 4.000000 0.01530620000000000071
264 3.000000 3.000000 0.01935639999999999930
265 4.000000 4.000000 0.01625069999999999987
266 3.000000 3.000000 0.02428829999999999878
267 2.000000 2.000000 0.01756780000000000147
268 5.000000 5.000000 0.03164789999999999964
269 6.000000 5.000000 0.01547210000000000078
270 3.000000 3.000000 0.01513940000000000077
271 3.000000 3.000000 0.04038739999999999691
272 2.000000 2.000000 0.07942499999999999560
273 3.000000 3.000000 0.01687069999999999889
274 2.000000 2.000000 0.04457339999999999913
275 3.000000 3.000000 0.05419070000000000137
276 6.000000 5.000000 0.01634779999999999914
277 5.000000 5.000000 0.03257319999999999660
278 2.000000 2.000000 0.06624159999999999771
279 3.000000 3.000000 0.01660280000000000089
280 5.000000 5.000000 0.05631089999999999707
281 3.000000 3.000000 0.05847900000000000320
282 2.000000 2.000000 0.01556319999999999926
283 8.000000 8.000000 0.01373459999999999959
284 4.000000 4.000000 0.01760739999999999875
285 6.000000 6.000000 0.01850469999999999893
286 3.000000 3.000000 0.02042369999999999949
287 2.000000 2.000000 0.02530810000000000004
288 3.000000 3.000000 0.01709950000000000012
289 5.000000 5.000000 0.01910320000000000074
290 6.000000 5.000000 0.01658750000000000155
291 4.000000 4.000000 0.03528749999999999942
292 3.000000 3.000000 0.01897880000000000053
293 5.000000 5.000000 0.01687229999999999980
294 2.000000 2.000000 0.01652450000000000099
295 3.000000 3.000000 0.04008300000000000057
296 4.000000 4.000000 0.04813989999999999936
297 2.000000 2.000000 0.02414820000000000161
298 2.000000 2.000000 0.04219099999999999934
299 3.000000 3.000000 0.01570560000000000012
300 3.000000 3.000000 0.01645349999999999938
301 10.000000 10.000000 0.01447340000000000085
302 2.000000 2.000000 0.04944300000000000084
303 5.000000 5.000000 0.01537350000000000001
304 2.000000 2.000000 0.01419370000000000007
305 4.000000 4.000000 0.03865999999999999992
306 7.000000 7.000000 0.04736019999999999813
307 8.000000 6.000000 0.01506429999999999922
308 3.000000 3.000000 0.02160279999999999839
309 7.000000 7.000000 0.03443639999999999896
310 5.000000 5.000000 0.01959500000000000131
311 4.000000 4.000000 0.02179470000000000018
312 7.000000 7.000000 0.02402069999999999900
313 3.000000 3.000000 0.02386860000000000023
314 3.000000 3.000000 0.01675280000000000172
315 2.000000 2.000000 0.04687700000000000200
316 2.000000 2.000000 0.01724720000000000072
317 8.000000 6.000000 0.01669110000000000038
318 4.000000 4.000000 0.01450740000000000016
319 3.000000 3.000000 0.02410440000000000152
320 3.000000 3.000000 0.01610409999999999967
321 3.000000 3.000000 0.01707339999999999899
322 2.000000 2.000000 0.03974869999999999792
323 3.000000 3.000000 0.01643369999999999900
324 3.000000 3.000000 0.01393360000000000085
325 3.000000 3.000000 0.02254079999999999973
326 5.000000 5.000000 0.04555630000000000096
327 7.000000 7.000000 0.01408170000000000081
328 2.000000 2.000000 0.01583909999999999832
329 10.000000 10.000000 0.02187769999999999992
330 6.000000 5.000000 0.04470699999999999674
331 5.000000 5.000000 0.01507539999999999922
332 4.000000 3.000000 0.01381049999999999986
333 3.000000 3.000000 0.03259589999999999710
334 5.000000 5.000000 0.03473040000000000155
335 6.000000 6.000000 0.01520679999999999948
336 5.000000 5.000000 0.05517559999999999826
337 3.000000 3.000000 0.02983600000000000141
338 2.000000 2.000000 0.01494359999999999959
339 6.000000 6.000000 0.04433709999999999735
340 6.000000 5.000000 0.03595870000000000316
341 6.000000 5.000000 0.01464039999999999959
342 2.000000 2.000000 0.01855450000000000155
343 2.000000 2.000000 0.03258370000000000016
344 4.000000 4.000000 0.03797260000000000219
345 2.000000 2.000000 0.01477559999999999985
346 2.000000 2.000000 0.02139869999999999967
347 2.000000 2.000000 0.03241759999999999781
348 4.000000 4.000000 0.04450080000000000008
349 2.000000 2.000000 0.01788760000000000003
350 2.000000 2.000000 0.03666339999999999877
351 3.000000 3.000000 0.03890880000000000033
352 3.000000 3.000000 0.01828449999999999867
353 3.000000 3.000000 0.01578080000000000108
354 3.000000 3.000000 0.03761130000000000029
355 2.000000 2.000000 0.01568610000000000143
356 4.000000 3.000000 0.01447179999999999994
357 3.000000 3.000000 0.02086259999999999851
358 2.000000 2.000000 0.01387180000000000010
359 4.000000 4.000000 0.01593210000000000112
360 5.000000 5.000000 0.01657540000000000055
361 6.000000 5.000000 0.03319420000000000009
362 3.000000 3.000000 0.04049370000000000053
363 3.000000 3.000000 0.02376910000000000134
364 3.000000 3.000000 0.03426830000000000154
365 4.000000 4.000000 0.03437489999999999990
366 5.000000 5.000000 0.01748069999999999832
367 3.000000 3.000000 0.01404730000000000041
368 2.000000 2.000000 0.03494119999999999865
369 4.000000 3.000000 0.03637880000000000280
370 6.000000 6.000000 0.01748910000000000048
371 2.000000 2.000000 0.01661690000000000042
372 2.000000 2.000000 0.04691390000000000143
373 3.000000 3.000000 0.05191849999999999937
374 4.000000 4.000000 0.01352839999999999945
375 2.000000 2.000000 0.01671850000000000072
376 6.000000 6.000000 0.03096749999999999850
377 3.000000 3.000000 0.01944339999999999957
378 5.000000 5.000000 0.01736040000000000152
379 5.000000 5.000000 0.02103079999999999880
380 7.000000 7.000000 0.04326320000000000165
381 2.000000 2.000000 0.01432519999999999974
382 4.000000 3.000000 0.01579770000000000132
383 3.000000 3.000000 0.03660580000000000084
384 3.000000 3.000000 0.01565220000000000153
385 4.000000 4.000000 0.01668390000000000151
386 2.000000 2.000000 0.04900949999999999751
387 4.000000 4.000000 0.03179080000000000100
388 2.000000 2.000000 0.01759940000000000115
389 6.000000 5.000000 0.03990590000000000109
390 8.000000 7.000000 0.02575070000000000137
391 4.000000 4.000000 0.01539890000000000009
392 4.000000 4.000000 0.01774039999999999992
393 3.000000 3.000000 0.03190719999999999668
394 2.000000 2.000000 0.01611229999999999954
395 2.000000 2.000000 0.01461029999999999968
396 2.000000 2.000000 0.03597650000000000153
397 5.000000 5.000000 0.03851360000000000200
398 3.000000 3.000000 0.01588140000000000038
399 2.000000 2.000000 0.01375589999999999972
400 5.000000 5.000000 0.02964989999999999987
401 5.000000 5.000000 0.01546999999999999938
402 2.000000 2.000000 0.05628559999999999813
403 10.000000 9.000000 0.01557419999999999985
404 5.000000 5.000000 0.01682099999999999915
405 8.000000 6.000000 0.04044999999999999984
406 4.000000 4.000000 0.02600179999999999853
407 2.000000 2.000000 0.04706029999999999935
408 5.000000 5.000000 0.01616319999999999910
409 5.000000 5.000000 0.02040149999999999950
410 2.000000 2.000000 0.04788180000000000214
411 8.000000 8.000000 0.01777499999999999913
412 2.000000 2.000000 0.03101169999999999968
413 2.000000 2.000000 0.03995180000000000259
414 2.000000 2.000000 0.01530830000000000038
415 4.000000 4.000000 0.01512009999999999917
416 5.000000 5.000000 0.04314849999999999935
417 3.000000 3.000000 0.01932290000000000049
418 6.000000 6.000000 0.01496379999999999932
419 3.000000 3.000000 0.04271060000000000134
420 4.000000 4.000000 0.02951209999999999944
