1 117.000000 114.000000 0.45696569999999997469
2 65.000000 65.000000 1.34391890000000002736
3 40.000000 40.000000 1.08636540000000003658
4 44.000000 42.000000 1.10277559999999996698
5 49.000000 47.000000 0.33235369999999997415
6 43.000000 39.000000 1.20080319999999995950
7 37.000000 35.000000 0.95747329999999997163
8 79.000000 76.000000 0.53899589999999997225
9 38.000000 35.000000 1.25713579999999991443
10 14.000000 14.000000 1.80813770000000006988
11 18.000000 18.000000 1.79889290000000001690
12 77.000000 73.000000 0.49052329999999999544
13 62.000000 60.000000 0.49826989999999998782
14 55.000000 52.000000 1.28701979999999993609
15 72.000000 72.000000 0.51809510000000003060
16 53.000000 50.000000 0.72168750000000003730
17 43.000000 39.000000 1.08039339999999994824
18 13.000000 11.000000 0.62858639999999998960
19 89.000000 83.000000 0.11890159999999999618
20 50.000000 50.000000 0.21912019999999998721
21 50.000000 50.000000 0.27691149999999997711
22 94.000000 92.000000 0.47937229999999997343
23 57.000000 57.000000 0.73450870000000001436
24 90.000000 86.000000 0.55731180000000002384
25 51.000000 51.000000 0.93993320000000002423
26 77.000000 77.000000 0.07325210000000000055
27 74.000000 70.000000 1.26241580000000008788
28 59.000000 59.000000 1.27797399999999994336
29 37.000000 36.000000 1.25746969999999991252
30 44.000000 43.000000 0.75846250000000003944
31 77.000000 73.000000 0.33610679999999998335
32 35.000000 35.000000 0.80164919999999995071
33 40.000000 37.000000 1.44614130000000007392
34 86.000000 83.000000 1.13122269999999991441
35 44.000000 44.000000 1.68125970000000002358
36 22.000000 22.000000 1.49600580000000005221
37 74.000000 70.000000 0.56309989999999998656
38 78.000000 78.000000 0.22999900000000000899
39 90.000000 84.000000 0.57970800000000000107
40 52.000000 48.000000 0.53683720000000001438
41 68.000000 68.000000 0.72330470000000002262
42 83.000000 78.000000 0.06102960000000000329
43 66.000000 65.000000 1.12903339999999996479
44 26.000000 25.000000 1.36595130000000009041
45 41.000000 41.000000 0.26117089999999998362
46 35.000000 35.000000 0.32867200000000001969
47 66.000000 65.000000 1.06098449999999999704
48 67.000000 65.000000 0.40836590000000000389
49 119.000000 102.000000 0.35522070000000000034
50 96.000000 90.000000 0.28672950000000002602
51 115.000000 113.000000 0.36292089999999999073
52 94.000000 89.000000 0.53183290000000005282
53 48.000000 43.000000 0.97306479999999995201
54 84.000000 75.000000 0.81234600000000001252
55 96.000000 86.000000 0.03084370000000000167
56 32.000000 31.000000 1.64683829999999997717
57 108.000000 90.000000 0.44294470000000002452
58 93.000000 88.000000 0.60118349999999998179
59 24.000000 23.000000 1.05925889999999989222
60 78.000000 73.000000 1.03067890000000006445
61 26.000000 26.000000 0.43512109999999998289
62 41.000000 35.000000 0.43319600000000002549
63 64.000000 54.000000 0.41783769999999997857
64 81.000000 77.000000 0.16974749999999999561
65 108.000000 106.000000 0.06287270000000000358
66 88.000000 88.000000 0.17602029999999999066
67 40.000000 40.000000 1.21273990000000009282
68 46.000000 43.000000 0.43801469999999997906
69 30.000000 29.000000 1.25353570000000003049
70 46.000000 42.000000 1.22242380000000006035
71 52.000000 52.000000 1.21494320000000000093
72 64.000000 62.000000 0.02612959999999999935
73 106.000000 98.000000 0.39156780000000002140
74 73.000000 68.000000 0.25130900000000000460
75 74.000000 71.000000 0.56706639999999997048
76 73.000000 70.000000 0.77385369999999997770
77 73.000000 71.000000 0.95455520000000004810
78 48.000000 45.000000 0.87597550000000001802
79 66.000000 57.000000 0.87003620000000003731
80 60.000000 60.000000 0.12633559999999999235
81 51.000000 48.000000 0.92071210000000003326
82 24.000000 22.000000 1.31641680000000005357
83 40.000000 37.000000 1.34896389999999999354
84 25.000000 25.000000 1.36429369999999994256
85 75.000000 71.000000 0.30805719999999997549
86 75.000000 75.000000 0.07633159999999999945
87 67.000000 63.000000 0.73351189999999999447
88 47.000000 43.000000 0.52395999999999998131
89 93.000000 91.000000 0.91822230000000004679
90 86.000000 83.000000 0.27174769999999998094
91 87.000000 84.000000 1.04125690000000004076
92 80.000000 80.000000 0.98606709999999997418
93 30.000000 30.000000 1.71487549999999999706
94 74.000000 72.000000 0.40064990000000000325
95 35.000000 35.000000 1.16546339999999992720
96 84.000000 82.000000 0.70642930000000003776
97 74.000000 73.000000 0.80040169999999999373
98 19.000000 19.000000 0.62519279999999999298
99 65.000000 65.000000 0.18647020000000000262
100 61.000000 60.000000 0.45759220000000000450
101 78.000000 74.000000 0.28043639999999997459
102 23.000000 23.000000 1.79797150000000005576
103 15.000000 13.000000 1.16279289999999990712
104 57.000000 55.000000 1.42002329999999998833
105 79.000000 75.000000 0.05014819999999999695
106 131.000000 125.000000 0.17290759999999999463
107 74.000000 70.000000 0.07563440000000000440
108 21.000000 21.000000 0.03872199999999999948
109 90.000000 84.000000 1.07982589999999989416
110 39.000000 37.000000 1.13156349999999994438
111 89.000000 89.000000 0.17431759999999998922
112 69.000000 69.000000 0.11503610000000000224
113 81.000000 81.000000 0.03002799999999999914
114 74.000000 71.000000 0.37588090000000001778
115 21.000000 20.000000 1.54858089999999992692
116 47.000000 47.000000 0.47025869999999997395
117 88.000000 82.000000 0.52039230000000002985
118 55.000000 51.000000 0.94687779999999999170
119 13.000000 13.000000 2.28189390000000003056
120 71.000000 71.000000 0.19507220000000000115
121 25.000000 24.000000 1.51682589999999994923
122 42.000000 41.000000 0.86223579999999999668
123 76.000000 76.000000 0.04639390000000000180
124 110.000000 110.000000 0.14140769999999999729
125 117.000000 110.000000 0.10136710000000000165
126 42.000000 38.000000 0.14712169999999999415
127 49.000000 49.000000 1.35476869999999993688
128 45.000000 44.000000 1.21814829999999996168
129 121.000000 110.000000 0.25375609999999998445
130 34.000000 29.000000 1.19613900000000006330
131 86.000000 83.000000 0.20826430000000001330
132 42.000000 41.000000 1.12990769999999995932
133 40.000000 36.000000 1.90424299999999990796
134 78.000000 78.000000 0.04911619999999999875
135 13.000000 13.000000 1.25975900000000007317
136 46.000000 46.000000 1.81536600000000003519
137 94.000000 86.000000 0.39031979999999999453
138 107.000000 99.000000 0.08453130000000000366
139 39.000000 39.000000 0.73675710000000005362
140 106.000000 95.000000 0.33060580000000000522
141 83.000000 80.000000 0.25712810000000002608
142 35.000000 35.000000 1.42897089999999993282
143 44.000000 43.000000 0.79205669999999994690
144 85.000000 85.000000 0.05080570000000000225
145 61.000000 61.000000 0.15281880000000000464
146 28.000000 24.000000 1.48893300000000006200
147 22.000000 21.000000 1.00407610000000002692
148 15.000000 15.000000 1.96121279999999997834
149 55.000000 54.000000 1.13145859999999998102
150 83.000000 83.000000 0.59490129999999996624
151 53.000000 51.000000 0.22837050000000000405
152 77.000000 75.000000 0.75871270000000001765
153 25.000000 25.000000 1.83060810000000007136
154 70.000000 68.000000 0.82920930000000003801
155 2.000000 2.000000 2.38712470000000021031
156 66.000000 66.000000 1.26828089999999993331
157 58.000000 56.000000 1.34066540000000000710
158 41.000000 38.000000 1.26544239999999996726
159 108.000000 101.000000 0.14456859999999999156
160 49.000000 46.000000 0.83427980000000001581
161 98.000000 98.000000 0.02664499999999999855
162 71.000000 68.000000 0.27765840000000002741
163 61.000000 58.000000 0.26223940000000001138
164 95.000000 91.000000 0.15639430000000001386
165 88.000000 88.000000 0.09312299999999999744
166 91.000000 88.000000 0.95761220000000002450
167 58.000000 53.000000 0.35922219999999999152
168 34.000000 30.000000 1.60256470000000006415
169 71.000000 71.000000 1.04678209999999993762
170 39.000000 38.000000 1.20954289999999997640
171 59.000000 59.000000 0.98527940000000002740
172 107.000000 102.000000 0.33628789999999997296
173 69.000000 66.000000 0.23534589999999999677
174 22.000000 22.000000 2.09714370000000016603
175 61.000000 61.000000 1.32249219999999989561
176 74.000000 74.000000 0.06310190000000000243
177 44.000000 44.000000 1.29347790000000006927
178 22.000000 19.000000 1.95557169999999991283
179 110.000000 105.000000 0.38326389999999999070
180 52.000000 52.000000 0.36009239999999997917
181 68.000000 65.000000 0.52404689999999998218
182 70.000000 67.000000 1.00563620000000009114
183 80.000000 80.000000 0.72253710000000004321
184 22.000000 22.000000 1.23973179999999993939
185 94.000000 88.000000 0.36249169999999997227
186 44.000000 43.000000 1.10492220000000007651
187 31.000000 31.000000 0.80406440000000001245
188 32.000000 28.000000 0.88242030000000004630
189 28.000000 28.000000 0.89722849999999998438
190 79.000000 73.000000 0.32596669999999999812
191 94.000000 92.000000 0.58717109999999994585
192 105.000000 94.000000 0.24711369999999999170
193 29.000000 29.000000 0.70946270000000000167
194 55.000000 52.000000 0.14791920000000000068
195 73.000000 69.000000 0.57411080000000003221
196 70.000000 70.000000 0.40245530000000001580
197 76.000000 74.000000 0.34612640000000000073
198 84.000000 81.000000 0.78358059999999996048
199 88.000000 83.000000 0.65106929999999996195
200 122.000000 119.000000 0.17593200000000000505
201 51.000000 51.000000 0.10592580000000000051
202 39.000000 37.000000 0.52227860000000003726
203 95.000000 87.000000 0.24389340000000001019
204 107.000000 99.000000 0.36834820000000001450
205 96.000000 90.000000 0.58063529999999996534
206 31.000000 28.000000 1.59948069999999997748
207 53.000000 51.000000 0.39381250000000000977
208 32.000000 32.000000 1.72755339999999990575
209 95.000000 91.000000 0.04159469999999999834
210 72.000000 72.000000 0.31026819999999999400
211 71.000000 68.000000 0.20370789999999999731
212 50.000000 47.000000 1.68221920000000002560
213 16.000000 16.000000 1.00848399999999993604
214 56.000000 56.000000 1.30782630000000010817
215 33.000000 31.000000 1.12837800000000010314
216 68.000000 65.000000 0.20904030000000001221
217 78.000000 74.000000 0.80886349999999995752
218 23.000000 21.000000 1.86293079999999999785
219 59.000000 59.000000 0.14582380000000000342
220 48.000000 48.000000 1.13285100000000005238
221 50.000000 50.000000 1.31856539999999999857
222 64.000000 64.000000 1.31800399999999995337
223 68.000000 63.000000 0.15404860000000000775
224 41.000000 41.000000 0.69455449999999996358
225 70.000000 63.000000 1.17627959999999998075
226 16.000000 16.000000 1.29080639999999990941
227 89.000000 87.000000 0.51152330000000001409
228 126.000000 120.000000 0.58556370000000002030
229 44.000000 44.000000 0.48274050000000001681
230 32.000000 30.000000 1.06342420000000004165
231 10.000000 10.000000 2.01632049999999996004
232 79.000000 75.000000 0.79846110000000003470
233 54.000000 54.000000 1.30412630000000007158
234 34.000000 33.000000 1.06100539999999998741
235 59.000000 59.000000 0.80190179999999999794
236 92.000000 88.000000 0.80655259999999995291
237 64.000000 59.000000 1.27727049999999997532
238 39.000000 36.000000 0.86045229999999994774
239 87.000000 81.000000 0.49690929999999999822
240 38.000000 37.000000 1.12343170000000003306
241 74.000000 74.000000 0.37602269999999998751
242 50.000000 47.000000 0.31112509999999998778
243 46.000000 46.000000 0.33613110000000001598
244 45.000000 45.000000 1.03909150000000005676
245 42.000000 42.000000 1.39822639999999998039
246 114.000000 114.000000 0.05699739999999999668
247 46.000000 46.000000 1.19224590000000008061
248 117.000000 105.000000 0.08161609999999999698
249 60.000000 58.000000 0.72155080000000004770
250 102.000000 102.000000 0.34889290000000000580
251 49.000000 49.000000 0.77188800000000001855
252 54.000000 53.000000 1.07265269999999990347
253 81.000000 77.000000 0.42079630000000001200
254 76.000000 74.000000 0.30583019999999999650
255 48.000000 45.000000 0.03564420000000000088
256 53.000000 49.000000 1.67749159999999997162
257 39.000000 39.000000 1.32019810000000004102
258 93.000000 86.000000 0.05951320000000000221
259 101.000000 99.000000 0.17154620000000000979
260 42.000000 42.000000 1.27600169999999990544
261 63.000000 63.000000 1.23972630000000005879
262 75.000000 68.000000 0.18736059999999998826
263 75.000000 70.000000 0.51212899999999994538
264 60.000000 54.000000 0.25629249999999997867
265 103.000000 98.000000 0.06520879999999999732
266 93.000000 90.000000 0.82463240000000004315
267 97.000000 89.000000 0.29968210000000000681
268 101.000000 96.000000 0.03714080000000000159
269 78.000000 78.000000 0.15579540000000000055
270 89.000000 86.000000 0.23675779999999999048
271 91.000000 86.000000 0.54804589999999997474
272 98.000000 89.000000 0.14990929999999999533
273 35.000000 35.000000 0.91115769999999995932
274 24.000000 22.000000 1.40574040000000000106
275 74.000000 74.000000 0.89651550000000002072
276 72.000000 72.000000 0.17891719999999999846
277 73.000000 70.000000 0.97517900000000001803
278 85.000000 78.000000 0.52640140000000001930
279 37.000000 37.000000 1.82356209999999996363
280 36.000000 34.000000 1.47305939999999990775
281 16.000000 16.000000 1.22597580000000005995
282 16.000000 16.000000 1.90304500000000009763
283 49.000000 48.000000 1.21060929999999999929
284 77.000000 74.000000 1.57980509999999996218
285 31.000000 30.000000 1.34021290000000004028
286 50.000000 48.000000 0.96509670000000002954
287 53.000000 51.000000 0.71150190000000002044
288 76.000000 73.000000 0.60854189999999996896
289 17.000000 17.000000 2.16765700000000016701
290 77.000000 71.000000 0.92926989999999998204
291 58.000000 58.000000 0.15277889999999999526
292 58.000000 58.000000 0.63535229999999998096
293 19.000000 16.000000 1.47654100000000010340
294 57.000000 57.000000 1.16544859999999994571
295 84.000000 84.000000 0.19641710000000001113
296 91.000000 90.000000 0.93670770000000003197
297 61.000000 61.000000 0.13080639999999998935
298 21.000000 21.000000 1.53225680000000008540
299 112.000000 102.000000 0.17315829999999998723
300 19.000000 18.000000 0.42901190000000000158
301 22.000000 22.000000 1.58410129999999993444
302 52.000000 50.000000 0.50320279999999995013
303 64.000000 58.000000 0.95596259999999999568
304 69.000000 69.000000 0.67061400000000004340
305 106.000000 98.000000 0.51694499999999998785
306 28.000000 25.000000 1.86365910000000001290
307 121.000000 119.000000 0.17191709999999998937
308 89.000000 85.000000 0.34999700000000000255
309 77.000000 75.000000 0.61146900000000004027
310 91.000000 83.000000 0.13678940000000000543
311 38.000000 35.000000 1.69522789999999989874
312 23.000000 23.000000 1.23469180000000000597
313 17.000000 17.000000 2.14078500000000016001
314 92.000000 92.000000 0.11700820000000000665
315 16.000000 16.000000 2.80245999999999995111
316 100.000000 91.000000 0.39432260000000002309
317 91.000000 88.000000 0.48481780000000002095
318 106.000000 99.000000 0.40850459999999999550
319 57.000000 52.000000 0.86991940000000000932
320 31.000000 26.000000 1.94125009999999997845
321 35.000000 35.000000 0.99887829999999999675
322 63.000000 61.000000 1.12960079999999996048
323 91.000000 86.000000 0.66860819999999998586
324 158.000000 141.000000 0.22450359999999999761
325 72.000000 66.000000 1.02468659999999989196
326 88.000000 81.000000 0.08251669999999999838
327 23.000000 23.000000 2.67580010000000001469
328 74.000000 74.000000 1.15606819999999999027
329 45.000000 45.000000 0.97661120000000001262
330 28.000000 28.000000 0.90160609999999996589
331 96.000000 92.000000 0.57908999999999999364
332 101.000000 95.000000 0.18978539999999999299
333 85.000000 76.000000 0.22916090000000000071
334 27.000000 24.000000 1.86060110000000000774
335 66.000000 61.000000 0.40544150000000001022
336 65.000000 60.000000 1.07522530000000005046
337 112.000000 105.000000 0.20829380000000000117
338 107.000000 102.000000 0.40730430000000000801
339 100.000000 95.000000 0.31046909999999999785
340 66.000000 64.000000 0.42508479999999998489
341 50.000000 50.000000 1.30690470000000003026
342 61.000000 55.000000 0.76417230000000002654
343 93.000000 82.000000 0.16128300000000000969
344 34.000000 34.000000 0.19490060000000000717
345 45.000000 45.000000 1.36576509999999995415
346 11.000000 11.000000 1.99513180000000001080
347 59.000000 57.000000 0.59375259999999996374
348 63.000000 61.000000 0.43389230000000000853
349 76.000000 74.000000 0.19199040000000000550
350 98.000000 89.000000 0.20783190000000001385
351 97.000000 93.000000 0.07474600000000000688
352 114.000000 108.000000 0.21932560000000000944
353 66.000000 60.000000 0.79230590000000000739
354 80.000000 77.000000 0.09607770000000000199
355 93.000000 85.000000 0.18146390000000001130
356 67.000000 64.000000 0.25989299999999998514
357 45.000000 44.000000 0.90740010000000004275
358 34.000000 31.000000 1.05409350000000001657
359 15.000000 15.000000 1.07033190000000000275
360 45.000000 45.000000 0.41144340000000001467
361 55.000000 54.000000 1.12384419999999995987
362 102.000000 102.000000 0.11148249999999999826
363 116.000000 111.000000 0.23012060000000000848
364 58.000000 55.000000 0.11857919999999999572
365 48.000000 46.000000 1.17205169999999991859
366 59.000000 56.000000 1.50470869999999989908
367 17.000000 17.000000 0.73300889999999996327
368 46.000000 46.000000 0.93653889999999995197
369 133.000000 122.000000 0.09688040000000000540
370 96.000000 92.000000 0.10340610000000000079
371 64.000000 55.000000 0.93820210000000003880
372 31.000000 27.000000 1.54216139999999990451
373 109.000000 104.000000 0.60243579999999996577
374 95.000000 93.000000 0.20218379999999999685
375 84.000000 81.000000 0.40031850000000002154
376 61.000000 61.000000 1.16088110000000011013
377 58.000000 58.000000 0.18184960000000000013
378 35.000000 35.000000 0.43716470000000001717
379 65.000000 57.000000 0.77970919999999999117
380 86.000000 80.000000 0.09107270000000000643
381 28.000000 24.000000 1.56565439999999989062
382 53.000000 49.000000 0.87745470000000003186
383 70.000000 67.000000 0.22060140000000000304
384 23.000000 23.000000 1.19194179999999994024
385 71.000000 69.000000 0.65367160000000001929
386 98.000000 88.000000 0.10412649999999999684
387 2.000000 2.000000 2.00952410000000014634
388 68.000000 66.000000 0.63672519999999999119
389 11.000000 11.000000 1.90903789999999995430
390 47.000000 45.000000 0.74030830000000003022
391 74.000000 64.000000 0.51243910000000003624
392 58.000000 50.000000 0.51900780000000001912
393 27.000000 27.000000 1.20044599999999990203
394 40.000000 39.000000 1.37818189999999995976
395 45.000000 43.000000 0.99198790000000003353
396 41.000000 41.000000 1.08359680000000002664
397 28.000000 24.000000 1.50986189999999997902
398 49.000000 43.000000 1.09690840000000000565
399 53.000000 50.000000 1.30224720000000004916
400 77.000000 72.000000 0.36887589999999997881
401 76.000000 75.000000 0.66580899999999998418
402 94.000000 89.000000 0.18969089999999999563
403 74.000000 70.000000 1.35053130000000010114
404 81.000000 77.000000 1.45534129999999994887
405 45.000000 40.000000 1.73514750000000006480
406 59.000000 53.000000 0.65988489999999999647
407 44.000000 40.000000 1.18216349999999992271
408 22.000000 22.000000 0.86851579999999994897
409 36.000000 34.000000 1.81571259999999989887
410 47.000000 45.000000 0.71799369999999995695
411 37.000000 34.000000 1.40679039999999999644
412 120.000000 116.000000 0.07245250000000000301
413 52.000000 52.000000 1.13659840000000000870
414 72.000000 69.000000 1.02983270000000004529
415 74.000000 72.000000 0.88405230000000001311
416 61.000000 61.000000 0.97428179999999997563
417 36.000000 34.000000 0.80067800000000000082
418 87.000000 75.000000 0.43860339999999997662
419 37.000000 35.000000 0.94197670000000000012
420 80.000000 74.000000 0.66335800000000000320
