1 89.000000 85.000000 8.13900480000000037251
2 149.000000 141.000000 1.49210390000000003852
3 167.000000 164.000000 2.47514259999999985951
4 151.000000 150.000000 7.31650500000000025835
5 126.000000 116.000000 1.27948770000000000557
6 169.000000 158.000000 2.16397329999999987749
7 159.000000 147.000000 7.43297320000000016904
8 208.000000 200.000000 2.99847650000000021109
9 93.000000 92.000000 8.30868030000000068469
10 163.000000 158.000000 3.73775330000000005626
11 154.000000 152.000000 5.25392209999999959535
12 162.000000 161.000000 7.90963830000000012177
13 24.000000 22.000000 15.42133409999999926754
14 110.000000 110.000000 0.56756539999999999768
15 98.000000 93.000000 8.75256970000000045218
16 110.000000 107.000000 2.74687789999999987245
17 12.000000 12.000000 12.53445729999999969095
18 292.000000 277.000000 0.65050110000000005428
19 38.000000 37.000000 9.14730630000000033419
20 151.000000 149.000000 2.69485680000000016321
21 134.000000 133.000000 8.17249720000000046127
22 93.000000 93.000000 9.60844039999999921520
23 47.000000 44.000000 20.01258359999999925094
24 166.000000 166.000000 1.25378290000000003346
25 52.000000 48.000000 17.32687590000000099622
26 257.000000 253.000000 1.17149109999999989640
27 133.000000 126.000000 1.04757549999999999280
28 267.000000 246.000000 0.87701850000000003416
29 149.000000 144.000000 12.85205599999999925842
30 202.000000 193.000000 2.86659910000000017760
31 95.000000 91.000000 10.90571180000000062194
32 115.000000 111.000000 1.62417989999999989870
33 36.000000 33.000000 15.32677789999999973247
34 60.000000 58.000000 8.15489799999999931401
35 68.000000 66.000000 3.81556780000000017594
36 173.000000 168.000000 0.19071060000000000789
37 77.000000 70.000000 7.39108419999999988192
38 169.000000 167.000000 7.15518680000000006913
39 216.000000 209.000000 0.72062000000000003830
40 167.000000 160.000000 0.53282099999999998907
41 186.000000 172.000000 0.16966690000000000937
42 97.000000 94.000000 9.70214529999999975018
43 94.000000 90.000000 1.41263929999999993115
44 169.000000 161.000000 2.50362280000000003710
45 104.000000 101.000000 1.50646309999999994389
46 119.000000 113.000000 10.38050040000000073803
47 82.000000 80.000000 3.88042769999999981323
48 172.000000 164.000000 4.63528330000000021727
49 135.000000 122.000000 13.79530399999999978888
50 96.000000 93.000000 4.75285340000000022798
51 234.000000 216.000000 0.32615830000000001210
52 189.000000 184.000000 1.49201040000000006991
53 123.000000 118.000000 10.94066199999999966508
54 85.000000 78.000000 13.90451359999999958461
55 168.000000 165.000000 1.93300350000000009665
56 62.000000 58.000000 46.86678659999999752017
57 97.000000 97.000000 9.30261110000000002174
58 47.000000 47.000000 12.80876059999999938555
59 137.000000 136.000000 2.00127880000000013538
60 141.000000 141.000000 4.97235110000000002373
61 183.000000 179.000000 7.99220020000000008764
62 74.000000 74.000000 3.81585559999999990310
63 130.000000 129.000000 7.98117690000000035155
64 180.000000 170.000000 0.11651739999999999320
65 213.000000 203.000000 4.67378210000000038349
66 299.000000 292.000000 0.37298769999999997760
67 97.000000 95.000000 1.95481039999999994805
68 93.000000 93.000000 7.79861330000000041451
69 117.000000 108.000000 7.10069090000000002760
70 92.000000 92.000000 11.41803260000000008745
71 163.000000 158.000000 5.16772369999999980905
72 141.000000 134.000000 7.02601950000000030627
73 56.000000 53.000000 15.63697690000000051214
74 111.000000 103.000000 5.34934799999999999187
75 114.000000 105.000000 9.15777910000000083812
76 157.000000 154.000000 3.36931169999999990949
77 128.000000 119.000000 24.67582499999999967599
78 216.000000 205.000000 0.63140240000000003029
79 109.000000 103.000000 3.87979489999999982430
80 50.000000 48.000000 11.10141139999999992938
81 241.000000 236.000000 0.98342750000000000998
82 160.000000 155.000000 0.50014689999999994985
83 132.000000 126.000000 3.07129170000000017993
84 117.000000 109.000000 5.19658390000000025566
85 176.000000 166.000000 1.41531729999999988934
86 42.000000 42.000000 14.70137929999999926167
87 173.000000 166.000000 4.54632280000000044140
88 228.000000 215.000000 2.61888619999999994192
89 44.000000 41.000000 11.02362530000000084840
90 77.000000 73.000000 11.67638520000000035282
91 78.000000 78.000000 6.42810439999999960747
92 22.000000 22.000000 25.21850799999999992451
93 235.000000 231.000000 0.50900429999999996511
94 181.000000 177.000000 5.77721090000000003783
95 243.000000 226.000000 1.28115369999999995088
96 95.000000 95.000000 21.37504530000000002588
97 37.000000 37.000000 6.26577629999999974331
98 33.000000 33.000000 7.87383400000000044372
99 216.000000 202.000000 1.63165899999999997050
100 184.000000 179.000000 6.00188800000000011181
101 119.000000 115.000000 4.70113029999999998410
102 217.000000 210.000000 0.87419780000000002484
103 150.000000 142.000000 1.80431570000000007781
104 130.000000 130.000000 0.23260220000000000895
105 64.000000 64.000000 12.00860190000000038424
106 157.000000 153.000000 1.27474569999999998160
107 170.000000 164.000000 2.68327500000000007674
108 185.000000 178.000000 4.48407960000000027634
109 106.000000 102.000000 8.77488939999999928432
110 193.000000 186.000000 1.43886530000000001372
111 62.000000 54.000000 11.21014970000000054995
112 189.000000 182.000000 3.42945739999999998915
113 178.000000 166.000000 0.61404970000000003161
114 138.000000 132.000000 10.76805850000000042144
115 224.000000 210.000000 1.73572729999999997297
116 38.000000 37.000000 3.90303170000000010376
117 151.000000 139.000000 4.13423359999999995296
118 123.000000 123.000000 0.78439250000000004803
119 211.000000 201.000000 0.14276839999999998976
120 76.000000 67.000000 10.90267689999999944916
121 115.000000 112.000000 3.03508829999999996119
122 118.000000 112.000000 31.73644260000000016930
123 100.000000 98.000000 3.92333450000000016900
124 22.000000 22.000000 17.63161589999999989686
125 129.000000 117.000000 7.31273860000000031079
126 122.000000 122.000000 11.20851829999999971221
127 103.000000 100.000000 4.42589490000000029823
128 39.000000 37.000000 7.45186740000000025219
129 233.000000 228.000000 1.68294419999999989024
130 93.000000 88.000000 8.90877680000000005123
131 155.000000 148.000000 2.13424119999999994945
132 135.000000 132.000000 3.08423259999999999081
133 31.000000 30.000000 9.14965800000000051284
134 126.000000 119.000000 16.17082990000000108921
135 108.000000 106.000000 8.56503550000000046794
136 194.000000 188.000000 2.56719190000000008212
137 171.000000 164.000000 0.59703180000000000138
138 6.000000 6.000000 10.94082820000000033644
139 198.000000 194.000000 1.11741329999999994271
140 176.000000 169.000000 3.18068099999999986949
141 296.000000 291.000000 0.25187640000000000029
142 98.000000 98.000000 0.06996120000000000116
143 215.000000 202.000000 0.56871249999999995417
144 68.000000 68.000000 10.48123380000000004486
145 69.000000 69.000000 4.53494710000000011973
146 169.000000 167.000000 7.54697540000000000049
147 16.000000 16.000000 16.93486869999999910874
148 66.000000 64.000000 12.90748179999999933898
149 124.000000 116.000000 0.24375079999999998970
150 153.000000 153.000000 1.15053139999999998189
151 50.000000 49.000000 7.10560789999999986577
152 212.000000 196.000000 1.94125330000000007047
153 30.000000 30.000000 3.01898899999999992261
154 131.000000 127.000000 7.22779949999999971055
155 162.000000 156.000000 2.10933869999999989986
156 58.000000 58.000000 1.86833369999999998612
157 178.000000 173.000000 0.11000219999999999443
158 70.000000 65.000000 5.34290920000000024714
159 177.000000 175.000000 3.20199459999999991311
160 102.000000 102.000000 2.81558609999999998053
161 121.000000 116.000000 5.85913810000000001565
162 89.000000 87.000000 4.79250120000000023879
163 109.000000 108.000000 9.37955960000000033006
164 211.000000 190.000000 1.93431210000000008975
165 178.000000 166.000000 2.49090280000000019456
166 53.000000 50.000000 16.26385229999999992856
167 255.000000 247.000000 0.79026269999999998461
168 236.000000 223.000000 0.29703550000000000786
169 133.000000 120.000000 0.85841020000000001211
170 118.000000 110.000000 14.48964259999999981687
171 42.000000 42.000000 10.67178619999999966694
172 72.000000 69.000000 3.21833390000000019171
173 85.000000 82.000000 12.40904549999999950671
174 203.000000 185.000000 4.33039299999999993673
175 65.000000 58.000000 11.78653740000000027521
176 69.000000 63.000000 6.45125670000000006610
177 125.000000 122.000000 3.00095819999999990912
178 77.000000 77.000000 18.88200919999999882748
179 252.000000 235.000000 3.88237310000000013233
180 98.000000 88.000000 8.83264349999999964780
181 202.000000 202.000000 0.48772910000000002650
182 122.000000 118.000000 4.82291480000000039041
183 117.000000 113.000000 8.56556540000000055102
184 133.000000 125.000000 6.33447720000000025209
185 156.000000 148.000000 2.55174600000000006972
186 26.000000 25.000000 18.00144069999999985043
187 122.000000 120.000000 9.82671999999999989939
188 77.000000 75.000000 5.79066170000000024487
189 142.000000 133.000000 1.22638390000000008229
190 58.000000 54.000000 14.34297180000000082600
191 79.000000 74.000000 8.89649990000000023826
192 52.000000 52.000000 17.03145860000000055834
193 155.000000 154.000000 7.85263240000000006802
194 147.000000 142.000000 5.19141410000000025349
195 141.000000 135.000000 7.18714220000000025834
196 70.000000 69.000000 8.02854179999999928441
197 159.000000 157.000000 10.38467849999999970123
198 101.000000 98.000000 8.83771349999999955571
199 118.000000 110.000000 7.20786380000000015400
200 226.000000 219.000000 0.66100879999999995196
201 133.000000 127.000000 5.29226789999999969183
202 32.000000 30.000000 16.24727389999999971337
203 166.000000 158.000000 1.32572749999999994763
204 125.000000 125.000000 8.01467470000000048458
205 112.000000 107.000000 4.94508399999999959107
206 52.000000 52.000000 16.00845789999999979614
207 50.000000 48.000000 6.20975259999999984473
208 94.000000 89.000000 5.91286310000000003839
209 107.000000 106.000000 9.43294900000000069440
210 166.000000 158.000000 0.16126719999999999944
211 144.000000 140.000000 7.66404809999999958592
212 105.000000 102.000000 18.93242229999999892698
213 135.000000 133.000000 9.75319949999999913359
214 144.000000 139.000000 4.60431110000000032301
215 153.000000 149.000000 0.18751499999999998725
216 133.000000 130.000000 1.54473180000000009926
217 24.000000 24.000000 14.18513899999999949841
218 69.000000 63.000000 8.68648469999999939262
219 133.000000 132.000000 5.40371470000000009293
220 212.000000 207.000000 0.89967710000000000736
221 63.000000 60.000000 10.46041390000000070870
222 114.000000 114.000000 0.63046060000000003765
223 113.000000 112.000000 6.86165529999999979083
224 215.000000 206.000000 1.23645690000000008091
225 55.000000 54.000000 8.70041510000000073433
226 69.000000 67.000000 4.91879840000000001510
227 194.000000 178.000000 2.46055480000000015295
228 156.000000 153.000000 1.05675359999999995964
229 196.000000 192.000000 0.64464480000000001780
230 130.000000 126.000000 10.19536090000000072564
231 63.000000 61.000000 9.73001359999999948514
232 30.000000 30.000000 8.00960940000000043426
233 39.000000 39.000000 14.07617210000000085302
234 121.000000 121.000000 4.58771579999999978838
235 225.000000 221.000000 0.35319270000000002607
236 151.000000 142.000000 6.19805749999999999744
237 62.000000 58.000000 6.19839759999999984075
238 53.000000 51.000000 11.31135719999999977858
239 35.000000 34.000000 10.22325720000000082166
240 297.000000 271.000000 0.65331570000000005471
241 176.000000 174.000000 0.63522319999999998785
242 72.000000 65.000000 25.22633240000000043324
243 311.000000 286.000000 0.12868360000000000909
244 23.000000 22.000000 12.60334300000000062880
245 46.000000 44.000000 5.47402850000000018582
246 89.000000 87.000000 9.64395209999999991624
247 201.000000 192.000000 0.21104970000000000674
248 112.000000 108.000000 8.12061139999999959116
249 157.000000 151.000000 3.59858449999999985280
250 196.000000 182.000000 0.68516670000000001739
251 262.000000 255.000000 0.47552050000000001262
252 134.000000 130.000000 8.24761340000000053863
253 131.000000 131.000000 1.04143469999999993547
254 189.000000 180.000000 3.60392620000000007963
255 72.000000 72.000000 11.40167789999999925499
256 157.000000 156.000000 2.40281140000000004164
257 85.000000 85.000000 2.74446980000000007038
258 141.000000 141.000000 7.38291849999999971743
259 161.000000 154.000000 2.25537980000000004566
260 136.000000 131.000000 0.43043239999999999279
261 219.000000 212.000000 0.65935750000000004079
262 190.000000 179.000000 1.25298970000000009506
263 166.000000 157.000000 0.83504699999999998372
264 226.000000 217.000000 2.63298930000000019902
265 107.000000 104.000000 7.16135150000000031412
266 133.000000 131.000000 0.87024719999999999853
267 101.000000 94.000000 8.79635430000000084760
268 96.000000 95.000000 8.67361140000000041539
269 37.000000 37.000000 9.65017659999999999343
270 215.000000 202.000000 0.65067039999999998212
271 115.000000 111.000000 2.47540929999999992361
272 116.000000 114.000000 1.60320269999999998056
273 148.000000 148.000000 0.30712060000000002136
274 218.000000 213.000000 0.59950919999999996435
275 88.000000 76.000000 6.30184340000000009496
276 188.000000 178.000000 0.44965779999999999639
277 114.000000 108.000000 4.53876779999999957482
278 190.000000 186.000000 0.56545230000000001880
279 122.000000 122.000000 1.26912439999999993034
280 121.000000 121.000000 1.14182849999999991297
281 190.000000 185.000000 4.30353329999999978384
282 74.000000 74.000000 2.35440849999999990416
283 97.000000 96.000000 1.28111920000000001352
284 39.000000 39.000000 6.95252439999999971576
285 178.000000 167.000000 5.11916100000000007242
286 143.000000 133.000000 18.22520570000000006416
287 146.000000 145.000000 8.66610990000000036559
288 112.000000 109.000000 2.10490690000000002513
289 75.000000 75.000000 3.64250369999999978887
290 117.000000 117.000000 5.79153330000000021727
291 182.000000 182.000000 0.18214700000000000335
292 49.000000 46.000000 8.76405439999999913425
293 23.000000 23.000000 7.58533260000000009171
294 219.000000 207.000000 2.25576020000000010413
295 161.000000 153.000000 3.93579739999999977940
296 153.000000 153.000000 7.40222330000000017236
297 120.000000 120.000000 3.59310460000000020386
298 128.000000 121.000000 3.41663519999999998333
299 30.000000 27.000000 16.06730130000000045243
300 104.000000 101.000000 10.94514389999999970371
301 95.000000 92.000000 14.12101129999999926667
302 193.000000 190.000000 2.00824690000000005696
303 151.000000 141.000000 0.18781610000000001359
304 128.000000 118.000000 6.10750740000000025276
305 170.000000 161.000000 0.81581879999999995512
306 168.000000 161.000000 0.66563070000000001958
307 78.000000 67.000000 5.81946570000000029665
308 124.000000 123.000000 10.44704289999999957672
309 151.000000 149.000000 6.68680650000000031952
310 170.000000 159.000000 5.78211350000000035010
311 140.000000 140.000000 1.57462140000000005990
312 78.000000 75.000000 5.21076780000000017168
313 154.000000 145.000000 0.10382790000000000075
314 69.000000 68.000000 6.32078580000000034289
315 19.000000 19.000000 8.13836279999999945289
316 175.000000 162.000000 1.76544300000000009554
317 132.000000 126.000000 1.96169309999999996741
318 176.000000 176.000000 1.53803500000000004100
319 257.000000 239.000000 2.52275150000000003558
320 31.000000 31.000000 8.05495529999999959614
321 176.000000 157.000000 10.68424070000000014602
322 92.000000 87.000000 15.20212240000000036844
323 126.000000 115.000000 11.18268499999999932015
324 238.000000 224.000000 0.85591589999999995175
325 182.000000 180.000000 4.61697480000000037847
326 145.000000 140.000000 1.17248010000000002506
327 140.000000 134.000000 2.61320340000000017611
328 110.000000 108.000000 5.73922699999999963438
329 115.000000 107.000000 7.40803450000000029974
330 91.000000 84.000000 11.67626339999999984798
331 75.000000 70.000000 29.51030839999999955126
332 88.000000 85.000000 1.14670399999999994556
333 137.000000 126.000000 4.46139720000000039590
334 180.000000 160.000000 2.03655439999999998690
335 135.000000 133.000000 5.76268600000000041916
336 129.000000 121.000000 17.27031140000000064560
337 256.000000 229.000000 0.36858699999999999797
338 70.000000 66.000000 12.98505830000000038638
339 201.000000 192.000000 1.83825590000000005375
340 174.000000 165.000000 0.31217759999999999954
341 130.000000 130.000000 9.80992329999999945755
342 89.000000 83.000000 16.60889759999999881757
343 161.000000 160.000000 8.20149699999999981515
344 136.000000 125.000000 5.21309320000000031570
345 82.000000 82.000000 4.35435359999999960223
346 158.000000 155.000000 0.35317439999999999944
347 131.000000 121.000000 5.95746429999999982385
348 132.000000 125.000000 3.82701499999999983359
349 128.000000 126.000000 4.75260969999999982605
350 124.000000 124.000000 3.90646110000000001961
351 161.000000 148.000000 2.51595959999999996271
352 9.000000 9.000000 18.68046220000000090522
353 166.000000 159.000000 2.48691180000000011674
354 50.000000 49.000000 13.39708560000000048262
355 157.000000 153.000000 2.48188809999999993039
356 195.000000 190.000000 6.47108140000000009451
357 69.000000 67.000000 7.54107850000000023982
358 84.000000 79.000000 15.00039270000000080074
359 160.000000 152.000000 2.04429049999999978837
360 106.000000 104.000000 8.31971689999999952647
361 148.000000 146.000000 1.47047330000000009420
362 112.000000 98.000000 7.64565930000000015809
363 169.000000 159.000000 2.82127600000000011704
364 145.000000 141.000000 2.83856349999999979516
365 117.000000 117.000000 10.07907310000000045136
366 61.000000 59.000000 17.42703290000000038162
367 194.000000 189.000000 2.55229609999999995651
368 92.000000 92.000000 5.20038610000000023348
369 119.000000 118.000000 5.75685110000000044295
370 198.000000 190.000000 1.82172760000000000247
371 197.000000 189.000000 0.31135340000000000238
372 175.000000 165.000000 1.95244060000000008159
373 122.000000 115.000000 4.42372570000000031598
374 107.000000 107.000000 10.40951620000000055200
375 125.000000 125.000000 6.10415539999999978704
376 116.000000 115.000000 15.26060919999999931918
377 142.000000 140.000000 7.05064220000000041466
378 47.000000 47.000000 12.16852270000000046934
379 66.000000 62.000000 18.41385599999999911347
380 85.000000 84.000000 12.57363420000000076016
381 52.000000 52.000000 12.05254369999999930485
382 193.000000 188.000000 1.13771719999999998407
383 114.000000 111.000000 11.81193460000000072796
384 165.000000 159.000000 7.69508610000000015106
385 170.000000 162.000000 0.51229420000000003288
386 65.000000 60.000000 9.84056209999999964566
387 189.000000 184.000000 0.42266350000000002529
388 229.000000 227.000000 0.68316710000000002712
389 128.000000 120.000000 6.19319690000000022678
390 67.000000 63.000000 1.33323339999999990191
391 104.000000 101.000000 0.93339269999999996408
392 119.000000 118.000000 8.74073659999999996728
393 84.000000 83.000000 7.19551899999999999835
394 215.000000 203.000000 0.45400499999999999190
395 146.000000 133.000000 4.35061180000000025103
396 112.000000 107.000000 1.26579949999999996635
397 123.000000 117.000000 6.70299599999999973221
398 118.000000 113.000000 0.15115600000000001257
399 63.000000 61.000000 5.79615800000000014336
400 236.000000 229.000000 2.42113390000000006097
401 167.000000 156.000000 7.57712400000000041445
402 22.000000 20.000000 17.10715210000000041646
403 144.000000 131.000000 3.63482040000000017343
404 125.000000 112.000000 2.63028560000000011243
405 134.000000 134.000000 1.32528929999999989242
406 182.000000 167.000000 10.86537649999999999295
407 71.000000 71.000000 6.42700270000000006831
408 129.000000 122.000000 2.33786579999999988289
409 197.000000 181.000000 1.20697750000000003645
410 179.000000 167.000000 2.37985720000000000596
411 90.000000 85.000000 10.44856769999999990262
412 114.000000 112.000000 2.59291390000000010474
413 133.000000 129.000000 5.04357300000000030593
414 108.000000 103.000000 10.11151199999999938939
415 58.000000 58.000000 10.52082520000000087634
416 73.000000 67.000000 9.23576839999999954500
417 107.000000 104.000000 3.70948440000000001504
418 267.000000 250.000000 0.51283869999999998068
419 148.000000 145.000000 1.79202660000000002505
420 123.000000 119.000000 6.21624290000000012668
