1 5.000000 5.000000 0.20142140000000000044
2 3.000000 3.000000 0.06046329999999999760
3 3.000000 3.000000 0.03459720000000000156
4 4.000000 4.000000 0.03441020000000000190
5 3.000000 3.000000 0.04979200000000000292
6 4.000000 4.000000 0.03096149999999999944
7 3.000000 3.000000 0.01879120000000000096
8 4.000000 4.000000 0.02332400000000000098
9 4.000000 4.000000 0.01739310000000000161
10 4.000000 4.000000 0.02035069999999999935
11 5.000000 5.000000 0.02059269999999999851
12 3.000000 3.000000 0.02010740000000000097
13 4.000000 4.000000 0.01539279999999999989
14 3.000000 3.000000 0.01759760000000000144
15 4.000000 4.000000 0.01477979999999999919
16 5.000000 5.000000 0.01221200000000000063
17 3.000000 3.000000 0.01337990000000000013
18 3.000000 3.000000 0.01437229999999999931
19 4.000000 4.000000 0.01273320000000000007
20 3.000000 3.000000 0.01665929999999999842
21 5.000000 4.000000 0.01653050000000000005
22 4.000000 4.000000 0.01669980000000000075
23 5.000000 4.000000 0.01518910000000000052
24 3.000000 3.000000 0.01449970000000000078
25 4.000000 4.000000 0.01526480000000000024
26 3.000000 3.000000 0.03162229999999999902
27 3.000000 3.000000 0.01399579999999999921
28 5.000000 5.000000 0.02121270000000000100
29 5.000000 4.000000 0.01582070000000000004
30 5.000000 4.000000 0.01753889999999999963
31 3.000000 3.000000 0.01426440000000000000
32 3.000000 3.000000 0.01393630000000000042
33 4.000000 4.000000 0.01839469999999999994
34 4.000000 4.000000 0.01942330000000000098
35 5.000000 4.000000 0.02715959999999999902
36 4.000000 4.000000 0.02603219999999999840
37 3.000000 3.000000 0.01885900000000000076
38 4.000000 4.000000 0.01575410000000000005
39 4.000000 4.000000 0.01607050000000000145
40 4.000000 4.000000 0.01433730000000000074
41 4.000000 4.000000 0.01567189999999999903
42 3.000000 3.000000 0.01488199999999999940
43 4.000000 4.000000 0.01896050000000000166
44 5.000000 5.000000 0.01374610000000000068
45 4.000000 4.000000 0.01302900000000000065
46 3.000000 3.000000 0.01379670000000000028
47 3.000000 3.000000 0.01533890000000000080
48 4.000000 4.000000 0.01444999999999999930
49 4.000000 4.000000 0.01433459999999999943
50 3.000000 3.000000 0.01468760000000000031
51 4.000000 4.000000 0.01858809999999999976
52 4.000000 4.000000 0.01421769999999999978
53 3.000000 3.000000 0.01317819999999999929
54 4.000000 4.000000 0.01620850000000000068
55 3.000000 3.000000 0.01501790000000000069
56 4.000000 4.000000 0.01449710000000000061
57 3.000000 3.000000 0.01395740000000000001
58 3.000000 3.000000 0.01544470000000000044
59 3.000000 3.000000 0.02061939999999999953
60 4.000000 4.000000 0.01332219999999999932
61 4.000000 4.000000 0.01599019999999999955
62 4.000000 4.000000 0.01354349999999999998
63 3.000000 3.000000 0.01366350000000000030
64 3.000000 3.000000 0.01342669999999999975
65 3.000000 3.000000 0.01724380000000000010
66 3.000000 3.000000 0.01458540000000000010
67 4.000000 4.000000 0.01532930000000000056
68 4.000000 4.000000 0.01420219999999999989
69 3.000000 3.000000 0.01448660000000000052
70 3.000000 3.000000 0.02915739999999999998
71 4.000000 4.000000 0.01661129999999999898
72 5.000000 5.000000 0.01332880000000000002
73 4.000000 4.000000 0.01470540000000000042
74 4.000000 4.000000 0.01608549999999999910
75 3.000000 3.000000 0.01684000000000000080
76 5.000000 5.000000 0.01297320000000000070
77 5.000000 4.000000 0.01804309999999999942
78 3.000000 3.000000 0.01701329999999999856
79 4.000000 4.000000 0.01705220000000000000
80 3.000000 3.000000 0.03183180000000000037
81 3.000000 3.000000 0.01401510000000000082
82 4.000000 4.000000 0.01818149999999999974
83 3.000000 3.000000 0.01359360000000000082
84 4.000000 4.000000 0.01410800000000000075
85 4.000000 4.000000 0.01442109999999999920
86 4.000000 4.000000 0.01711060000000000011
87 3.000000 3.000000 0.01575549999999999867
88 3.000000 3.000000 0.01368590000000000084
89 4.000000 4.000000 0.01929290000000000171
90 3.000000 3.000000 0.01395670000000000070
91 5.000000 5.000000 0.01328610000000000034
92 4.000000 4.000000 0.01575479999999999936
93 5.000000 4.000000 0.01324380000000000002
94 3.000000 3.000000 0.01516860000000000083
95 4.000000 4.000000 0.01314519999999999925
96 4.000000 4.000000 0.01480240000000000028
97 4.000000 4.000000 0.01360309999999999991
98 3.000000 3.000000 0.01510069999999999989
99 3.000000 3.000000 0.01827689999999999870
100 4.000000 4.000000 0.01351439999999999933
101 4.000000 4.000000 0.01814230000000000009
102 3.000000 3.000000 0.01951910000000000103
103 5.000000 4.000000 0.01596360000000000140
104 3.000000 3.000000 0.01615240000000000078
105 3.000000 3.000000 0.01985260000000000150
106 3.000000 3.000000 0.01691679999999999920
107 4.000000 4.000000 0.01730020000000000169
108 4.000000 4.000000 0.01571289999999999840
109 4.000000 4.000000 0.01881990000000000052
110 3.000000 3.000000 0.01820389999999999855
111 3.000000 3.000000 0.01545969999999999983
112 3.000000 3.000000 0.02419450000000000073
113 3.000000 3.000000 0.01714339999999999961
114 3.000000 3.000000 0.01771090000000000164
115 6.000000 5.000000 0.01199069999999999997
116 3.000000 3.000000 0.01397739999999999920
117 3.000000 3.000000 0.01378560000000000028
118 4.000000 4.000000 0.01306060000000000033
119 3.000000 3.000000 0.01426819999999999998
120 3.000000 3.000000 0.01455970000000000007
121 3.000000 3.000000 0.01715619999999999992
122 3.000000 3.000000 0.01342770000000000075
123 4.000000 4.000000 0.03780279999999999752
124 3.000000 3.000000 0.02104270000000000099
125 5.000000 4.000000 0.01377070000000000030
126 4.000000 4.000000 0.02149200000000000069
127 3.000000 3.000000 0.02243559999999999999
128 3.000000 3.000000 0.01740140000000000089
129 3.000000 3.000000 0.02111999999999999988
130 3.000000 3.000000 0.01967560000000000142
131 4.000000 4.000000 0.01298050000000000072
132 3.000000 3.000000 0.01824769999999999864
133 4.000000 4.000000 0.01829269999999999854
134 5.000000 5.000000 0.02070210000000000106
135 3.000000 3.000000 0.01487300000000000080
136 4.000000 4.000000 0.08346629999999999328
137 3.000000 3.000000 0.02742699999999999999
138 3.000000 3.000000 0.01771910000000000152
139 3.000000 3.000000 0.02043620000000000159
140 3.000000 3.000000 0.02316319999999999837
141 3.000000 3.000000 0.01649400000000000172
142 4.000000 4.000000 0.01552169999999999939
143 3.000000 3.000000 0.01434470000000000016
144 4.000000 4.000000 0.01919610000000000066
145 3.000000 3.000000 0.01697370000000000129
146 5.000000 5.000000 0.01619100000000000053
147 3.000000 3.000000 0.01548509999999999991
148 4.000000 4.000000 0.01600750000000000089
149 3.000000 3.000000 0.01323530000000000019
150 5.000000 4.000000 0.01434640000000000047
151 3.000000 3.000000 0.01325040000000000072
152 4.000000 4.000000 0.01308540000000000050
153 4.000000 4.000000 0.01909560000000000077
154 4.000000 4.000000 0.01780090000000000144
155 4.000000 4.000000 0.02373770000000000047
156 5.000000 4.000000 0.01298500000000000001
157 4.000000 4.000000 0.02035800000000000110
158 4.000000 4.000000 0.01771520000000000039
159 3.000000 3.000000 0.01498030000000000021
160 5.000000 5.000000 0.01337349999999999997
161 4.000000 4.000000 0.01283809999999999986
162 3.000000 3.000000 0.02001920000000000088
163 4.000000 4.000000 0.02050089999999999898
164 3.000000 3.000000 0.01361509999999999977
165 3.000000 3.000000 0.01582760000000000070
166 3.000000 3.000000 0.01366829999999999955
167 3.000000 3.000000 0.01467090000000000061
168 3.000000 3.000000 0.01263290000000000073
169 3.000000 3.000000 0.01348420000000000001
170 4.000000 4.000000 0.01232250000000000012
171 3.000000 3.000000 0.01330630000000000007
172 4.000000 4.000000 0.01232369999999999993
173 3.000000 3.000000 0.01532410000000000022
174 4.000000 4.000000 0.01622180000000000150
175 3.000000 3.000000 0.01600170000000000065
176 3.000000 3.000000 0.01700780000000000000
177 3.000000 3.000000 0.01753309999999999938
178 4.000000 4.000000 0.01697589999999999863
179 3.000000 3.000000 0.01593330000000000093
180 3.000000 3.000000 0.01447419999999999957
181 3.000000 3.000000 0.01557180000000000022
182 3.000000 3.000000 0.01631379999999999983
183 3.000000 3.000000 0.01682089999999999974
184 3.000000 3.000000 0.01501259999999999921
185 3.000000 3.000000 0.01393709999999999914
186 4.000000 4.000000 0.01892840000000000147
187 5.000000 4.000000 0.01833730000000000082
188 3.000000 3.000000 0.01686290000000000011
189 5.000000 4.000000 0.01340930000000000073
190 4.000000 4.000000 0.01436310000000000017
191 4.000000 4.000000 0.01395779999999999937
192 4.000000 4.000000 0.01357109999999999914
193 4.000000 4.000000 0.01789179999999999937
194 5.000000 5.000000 0.01626350000000000018
195 4.000000 4.000000 0.01411070000000000033
196 3.000000 3.000000 0.01913830000000000045
197 3.000000 3.000000 0.01914280000000000148
198 4.000000 4.000000 0.01803429999999999964
199 3.000000 3.000000 0.01512499999999999956
200 3.000000 3.000000 0.01931700000000000084
201 3.000000 3.000000 0.02547910000000000105
202 4.000000 4.000000 0.01443900000000000045
203 4.000000 4.000000 0.01538489999999999996
204 3.000000 3.000000 0.01799219999999999986
205 4.000000 4.000000 0.01658429999999999974
206 3.000000 3.000000 0.01422050000000000050
207 4.000000 4.000000 0.02189520000000000008
208 3.000000 3.000000 0.01737709999999999949
209 4.000000 4.000000 0.01918920000000000001
210 3.000000 3.000000 0.02503920000000000104
211 4.000000 4.000000 0.01297350000000000066
212 3.000000 3.000000 0.03205489999999999728
213 3.000000 3.000000 0.01695699999999999985
214 3.000000 3.000000 0.01846089999999999884
215 3.000000 3.000000 0.02828160000000000049
216 4.000000 4.000000 0.01510919999999999971
217 3.000000 3.000000 0.01327760000000000051
218 4.000000 4.000000 0.02156759999999999927
219 3.000000 3.000000 0.01388449999999999927
220 3.000000 3.000000 0.01646569999999999978
221 3.000000 3.000000 0.01349329999999999974
222 3.000000 3.000000 0.01666099999999999873
223 4.000000 4.000000 0.01737640000000000018
224 3.000000 3.000000 0.01564149999999999915
225 4.000000 4.000000 0.01544560000000000030
226 3.000000 3.000000 0.01620430000000000134
227 4.000000 4.000000 0.01176409999999999956
228 3.000000 3.000000 0.02917950000000000058
229 4.000000 4.000000 0.01298279999999999920
230 5.000000 5.000000 0.05136129999999999862
231 4.000000 4.000000 0.01505349999999999917
232 4.000000 4.000000 0.02266059999999999949
233 3.000000 3.000000 0.07422230000000000494
234 4.000000 4.000000 0.01713920000000000027
235 4.000000 4.000000 0.05936960000000000154
236 3.000000 3.000000 0.05724939999999999890
237 4.000000 4.000000 0.01388170000000000029
238 4.000000 4.000000 0.11141529999999999490
239 5.000000 4.000000 0.01328840000000000056
240 4.000000 4.000000 0.13869029999999998859
241 5.000000 4.000000 0.01323219999999999952
242 4.000000 4.000000 0.13547790000000001220
243 4.000000 4.000000 0.01272170000000000072
244 4.000000 4.000000 0.12383819999999999550
245 3.000000 3.000000 0.01374140000000000084
246 3.000000 3.000000 0.16190250000000000474
247 3.000000 3.000000 0.11268640000000000601
248 3.000000 3.000000 0.01273649999999999956
249 4.000000 4.000000 0.10851900000000000435
250 4.000000 4.000000 0.01354059999999999986
251 4.000000 4.000000 0.11592570000000000652
252 4.000000 4.000000 0.01429779999999999940
253 4.000000 4.000000 0.01311799999999999945
254 4.000000 4.000000 0.10881330000000000169
255 3.000000 3.000000 0.01388400000000000051
256 4.000000 4.000000 0.09065230000000000510
257 4.000000 4.000000 0.01420539999999999997
258 3.000000 3.000000 0.02866590000000000110
259 4.000000 4.000000 0.01684719999999999968
260 3.000000 3.000000 0.01539719999999999978
261 4.000000 4.000000 0.03122520000000000157
262 3.000000 3.000000 0.01456739999999999945
263 3.000000 3.000000 0.02344459999999999947
264 5.000000 4.000000 0.01307840000000000044
265 4.000000 4.000000 0.02330909999999999926
266 3.000000 3.000000 0.01672250000000000125
267 3.000000 3.000000 0.01812110000000000110
268 3.000000 3.000000 0.01444929999999999999
269 4.000000 4.000000 0.01828159999999999855
270 3.000000 3.000000 0.02402119999999999950
271 3.000000 3.000000 0.01387329999999999987
272 3.000000 3.000000 0.01995399999999999952
273 4.000000 4.000000 0.01372409999999999949
274 3.000000 3.000000 0.02283579999999999985
275 4.000000 4.000000 0.01344060000000000046
276 6.000000 5.000000 0.01224399999999999968
277 4.000000 4.000000 0.01308100000000000061
278 3.000000 3.000000 0.01773229999999999945
279 3.000000 3.000000 0.01496199999999999961
280 3.000000 3.000000 0.01725600000000000050
281 3.000000 3.000000 0.01731519999999999934
282 4.000000 4.000000 0.01526049999999999976
283 4.000000 4.000000 0.01906040000000000165
284 4.000000 4.000000 0.01420940000000000050
285 4.000000 4.000000 0.01677400000000000072
286 4.000000 4.000000 0.01560869999999999966
287 5.000000 4.000000 0.01678730000000000153
288 4.000000 4.000000 0.02039499999999999993
289 5.000000 5.000000 0.01791660000000000127
290 4.000000 4.000000 0.01494509999999999936
291 4.000000 4.000000 0.02032209999999999919
292 4.000000 4.000000 0.01489350000000000049
293 4.000000 4.000000 0.01418580000000000015
294 3.000000 3.000000 0.01425440000000000040
295 3.000000 3.000000 0.01581959999999999963
296 4.000000 4.000000 0.01292770000000000030
297 3.000000 3.000000 0.01446099999999999990
298 4.000000 4.000000 0.01432549999999999969
299 4.000000 4.000000 0.01554069999999999931
300 4.000000 4.000000 0.01300699999999999946
301 3.000000 3.000000 0.01388990000000000016
302 3.000000 3.000000 0.01293159999999999969
303 3.000000 3.000000 0.01512600000000000056
304 4.000000 4.000000 0.01531000000000000069
305 4.000000 4.000000 0.01316280000000000054
306 3.000000 3.000000 0.01587600000000000122
307 3.000000 3.000000 0.03771349999999999703
308 3.000000 3.000000 0.01390689999999999982
309 3.000000 3.000000 0.01505339999999999977
310 4.000000 4.000000 0.01415059999999999929
311 3.000000 3.000000 0.06987730000000000330
312 4.000000 4.000000 0.01460550000000000043
313 4.000000 4.000000 0.01714840000000000114
314 3.000000 3.000000 0.01596540000000000112
315 5.000000 4.000000 0.01615269999999999900
316 3.000000 3.000000 0.01463519999999999925
317 3.000000 3.000000 0.01454860000000000007
318 5.000000 5.000000 0.01637960000000000110
319 5.000000 5.000000 0.01577850000000000086
320 4.000000 4.000000 0.01631159999999999902
321 4.000000 4.000000 0.01701520000000000116
322 4.000000 4.000000 0.01540900000000000082
323 4.000000 4.000000 0.02225119999999999876
324 5.000000 5.000000 0.01794050000000000158
325 4.000000 4.000000 0.01582860000000000170
326 4.000000 4.000000 0.01366530000000000002
327 3.000000 3.000000 0.01717410000000000117
328 3.000000 3.000000 0.01626839999999999883
329 3.000000 3.000000 0.01593649999999999928
330 4.000000 4.000000 0.01651609999999999884
331 3.000000 3.000000 0.01561360000000000005
332 4.000000 4.000000 0.01812039999999999831
333 3.000000 3.000000 0.01593019999999999853
334 4.000000 4.000000 0.01695939999999999948
335 3.000000 3.000000 0.01699159999999999907
336 5.000000 5.000000 0.01509970000000000062
337 3.000000 3.000000 0.01620320000000000094
338 5.000000 5.000000 0.01780920000000000072
339 4.000000 4.000000 0.01713809999999999986
340 5.000000 4.000000 0.01460870000000000050
341 5.000000 5.000000 0.01285479999999999956
342 4.000000 4.000000 0.01510659999999999954
343 3.000000 3.000000 0.01834200000000000066
344 3.000000 3.000000 0.01422340000000000063
345 3.000000 3.000000 0.01453119999999999933
346 4.000000 4.000000 0.01484629999999999977
347 5.000000 5.000000 0.01391569999999999960
348 3.000000 3.000000 0.01529100000000000077
349 4.000000 4.000000 0.02775199999999999889
350 3.000000 3.000000 0.01965930000000000108
351 4.000000 4.000000 0.01546609999999999999
352 4.000000 4.000000 0.01418130000000000085
353 5.000000 4.000000 0.01674600000000000047
354 3.000000 3.000000 0.01341750000000000061
355 3.000000 3.000000 0.01330510000000000026
356 4.000000 4.000000 0.02913579999999999989
357 4.000000 4.000000 0.01327719999999999942
358 4.000000 4.000000 0.02173450000000000035
359 3.000000 3.000000 0.01426050000000000061
360 3.000000 3.000000 0.01292360000000000037
361 3.000000 3.000000 0.01728800000000000128
362 4.000000 4.000000 0.01316939999999999951
363 3.000000 3.000000 0.01506930000000000075
364 3.000000 3.000000 0.01624079999999999968
365 3.000000 3.000000 0.02077170000000000058
366 5.000000 4.000000 0.01215970000000000072
367 4.000000 4.000000 0.01391279999999999947
368 4.000000 4.000000 0.01330549999999999962
369 4.000000 4.000000 0.01362660000000000086
370 4.000000 4.000000 0.01500849999999999927
371 3.000000 3.000000 0.01575379999999999836
372 3.000000 3.000000 0.01480380000000000064
373 3.000000 3.000000 0.01291340000000000023
374 4.000000 4.000000 0.01253819999999999935
375 4.000000 4.000000 0.01399380000000000068
376 3.000000 3.000000 0.01380609999999999997
377 3.000000 3.000000 0.01314210000000000031
378 3.000000 3.000000 0.01366670000000000038
379 3.000000 3.000000 0.01292940000000000061
380 4.000000 4.000000 0.01225060000000000038
381 5.000000 5.000000 0.03034099999999999991
382 3.000000 3.000000 0.01393050000000000017
383 3.000000 3.000000 0.01243009999999999948
384 5.000000 4.000000 0.01151710000000000060
385 4.000000 4.000000 0.01299930000000000009
386 3.000000 3.000000 0.01332810000000000071
387 3.000000 3.000000 0.01304720000000000012
388 3.000000 3.000000 0.01444699999999999977
389 3.000000 3.000000 0.01487969999999999918
390 4.000000 4.000000 0.01321439999999999941
391 3.000000 3.000000 0.01270480000000000047
392 3.000000 3.000000 0.01340679999999999997
393 3.000000 3.000000 0.01291729999999999962
394 3.000000 3.000000 0.01431950000000000063
395 4.000000 4.000000 0.01326049999999999972
396 4.000000 4.000000 0.01227149999999999942
397 3.000000 3.000000 0.01536649999999999995
398 4.000000 4.000000 0.01433859999999999996
399 3.000000 3.000000 0.01306930000000000071
400 4.000000 4.000000 0.01324829999999999931
401 4.000000 4.000000 0.01138579999999999974
402 3.000000 3.000000 0.01315000000000000023
403 3.000000 3.000000 0.01389950000000000040
404 3.000000 3.000000 0.01316299999999999935
405 3.000000 3.000000 0.01370640000000000053
406 4.000000 4.000000 0.01401840000000000031
407 3.000000 3.000000 0.01372330000000000078
408 4.000000 4.000000 0.01344820000000000043
409 4.000000 4.000000 0.01317229999999999963
410 5.000000 5.000000 0.01321559999999999922
411 3.000000 3.000000 0.01401649999999999945
412 3.000000 3.000000 0.01289769999999999979
413 3.000000 3.000000 0.01334609999999999963
414 3.000000 3.000000 0.01461559999999999943
415 4.000000 4.000000 0.01314990000000000082
416 4.000000 4.000000 0.01430060000000000012
417 4.000000 4.000000 0.01428029999999999924
418 4.000000 4.000000 0.02197819999999999982
419 3.000000 3.000000 0.02317270000000000094
420 3.000000 3.000000 0.01526620000000000060
