1 22.000000 21.000000 0.45923890000000000544
2 34.000000 28.000000 0.27266750000000000709
3 34.000000 32.000000 0.41030129999999997992
4 23.000000 21.000000 0.36767729999999998469
5 23.000000 19.000000 0.37897700000000000831
6 24.000000 23.000000 0.35643720000000000958
7 35.000000 34.000000 0.30045319999999997584
8 12.000000 12.000000 0.17425570000000001336
9 27.000000 23.000000 0.27033499999999999197
10 13.000000 13.000000 0.41456049999999999844
11 29.000000 26.000000 0.19416739999999999000
12 26.000000 25.000000 0.02486299999999999968
13 16.000000 16.000000 0.06792090000000000627
14 10.000000 10.000000 0.06144499999999999962
15 26.000000 24.000000 0.05254380000000000162
16 40.000000 37.000000 0.18579029999999999156
17 12.000000 12.000000 0.36792760000000002130
18 33.000000 33.000000 0.19412650000000000738
19 27.000000 27.000000 0.19481799999999999118
20 16.000000 15.000000 0.20419090000000000851
21 20.000000 18.000000 0.29023110000000001962
22 22.000000 21.000000 0.15955099999999999838
23 8.000000 8.000000 0.35237000000000001654
24 31.000000 28.000000 0.02729109999999999869
25 22.000000 20.000000 0.07167370000000000685
26 32.000000 27.000000 0.06621660000000000046
27 24.000000 23.000000 0.17586340000000000305
28 14.000000 12.000000 0.18785060000000000646
29 27.000000 23.000000 0.06174980000000000052
30 17.000000 17.000000 0.07796669999999999989
31 25.000000 21.000000 0.06943430000000000435
32 7.000000 7.000000 0.05798690000000000094
33 20.000000 19.000000 0.08335900000000000254
34 19.000000 19.000000 0.08410969999999999558
35 14.000000 14.000000 0.05448990000000000083
36 40.000000 34.000000 0.02894650000000000001
37 17.000000 17.000000 0.09651669999999999694
38 22.000000 20.000000 0.10243510000000000115
39 16.000000 15.000000 0.17863299999999998624
40 41.000000 35.000000 0.18861100000000000088
41 31.000000 27.000000 0.16666369999999999796
42 19.000000 19.000000 0.18995940000000000047
43 14.000000 13.000000 0.36437469999999999581
44 30.000000 28.000000 0.16951569999999999139
45 21.000000 21.000000 0.14027249999999999441
46 19.000000 17.000000 0.06512329999999999508
47 24.000000 23.000000 0.04151429999999999704
48 29.000000 28.000000 0.05373189999999999911
49 21.000000 21.000000 0.14874829999999999997
50 38.000000 33.000000 0.19977259999999999462
51 22.000000 19.000000 0.28808529999999998861
52 17.000000 17.000000 0.29406549999999997969
53 16.000000 16.000000 0.21535670000000001201
54 24.000000 24.000000 0.22309329999999999439
55 20.000000 20.000000 0.06006109999999999921
56 19.000000 19.000000 0.04624849999999999794
57 4.000000 4.000000 0.12910569999999998991
58 17.000000 15.000000 0.05257669999999999705
59 31.000000 26.000000 0.06806919999999999638
60 20.000000 18.000000 0.05780969999999999859
61 18.000000 15.000000 0.03769320000000000309
62 25.000000 23.000000 0.05381439999999999835
63 10.000000 10.000000 0.11088620000000000421
64 19.000000 15.000000 0.10331329999999999680
65 11.000000 11.000000 0.19035640000000000893
66 25.000000 23.000000 0.11063989999999999936
67 13.000000 13.000000 0.12139790000000000303
68 9.000000 7.000000 0.10404720000000000635
69 16.000000 15.000000 0.14589830000000000854
70 34.000000 29.000000 0.08026729999999999976
71 47.000000 43.000000 0.06933609999999999773
72 23.000000 23.000000 0.09294610000000000372
73 20.000000 17.000000 0.17828840000000001353
74 16.000000 14.000000 0.07843619999999999759
75 48.000000 41.000000 0.06816890000000000449
76 25.000000 22.000000 0.10956349999999999423
77 23.000000 23.000000 0.05306749999999999662
78 28.000000 24.000000 0.12417290000000000272
79 21.000000 19.000000 0.07187810000000000032
80 15.000000 14.000000 0.09176879999999999760
81 28.000000 28.000000 0.05497019999999999684
82 21.000000 19.000000 0.02873679999999999984
83 28.000000 28.000000 0.05631359999999999838
84 24.000000 22.000000 0.06542109999999999592
85 33.000000 29.000000 0.20376009999999999955
86 15.000000 15.000000 0.12169900000000000162
87 21.000000 20.000000 0.12059530000000000249
88 46.000000 44.000000 0.04273919999999999803
89 18.000000 17.000000 0.08579480000000000439
90 32.000000 27.000000 0.14877309999999999146
91 21.000000 21.000000 0.05759279999999999955
92 27.000000 27.000000 0.14006530000000000369
93 35.000000 34.000000 0.13833219999999998850
94 13.000000 13.000000 0.36221560000000002644
95 15.000000 15.000000 0.15145659999999999679
96 11.000000 11.000000 0.22138869999999999383
97 14.000000 14.000000 0.23672090000000001186
98 22.000000 18.000000 0.27925929999999998810
99 26.000000 22.000000 0.16079809999999999937
100 10.000000 9.000000 0.20368839999999999169
101 31.000000 28.000000 0.19168609999999999816
102 17.000000 17.000000 0.18000920000000000809
103 3.000000 3.000000 0.44985530000000001349
104 22.000000 20.000000 0.18197830000000000950
105 13.000000 11.000000 0.29411310000000001619
106 18.000000 17.000000 0.29457309999999997663
107 24.000000 20.000000 0.21119660000000001210
108 23.000000 23.000000 0.16836750000000000327
109 12.000000 11.000000 0.23403879999999999129
110 31.000000 31.000000 0.12853570000000000273
111 20.000000 19.000000 0.14169059999999999988
112 23.000000 22.000000 0.11020190000000000541
113 14.000000 13.000000 0.13727400000000000713
114 29.000000 26.000000 0.09213150000000000506
115 18.000000 16.000000 0.06678599999999999814
116 21.000000 19.000000 0.05181229999999999863
117 24.000000 23.000000 0.13873849999999998683
118 10.000000 10.000000 0.14053750000000000964
119 21.000000 18.000000 0.07759989999999999943
120 6.000000 6.000000 0.11503170000000000062
121 33.000000 31.000000 0.04355889999999999762
122 23.000000 22.000000 0.08644530000000000269
123 31.000000 27.000000 0.06615079999999999572
124 24.000000 21.000000 0.09256749999999999701
125 20.000000 18.000000 0.14716770000000001239
126 21.000000 17.000000 0.13347129999999998717
127 18.000000 17.000000 0.14836330000000000351
128 17.000000 17.000000 0.07101580000000000392
129 18.000000 15.000000 0.12191100000000000547
130 17.000000 15.000000 0.08501530000000000198
131 19.000000 19.000000 0.09114840000000000442
132 31.000000 28.000000 0.11249339999999999340
133 39.000000 36.000000 0.10303790000000000171
134 15.000000 15.000000 0.15177640000000000575
135 19.000000 18.000000 0.10938979999999999537
136 23.000000 20.000000 0.05785049999999999915
137 21.000000 19.000000 0.08863799999999999457
138 30.000000 28.000000 0.02999840000000000145
139 24.000000 22.000000 0.08598240000000000050
140 36.000000 32.000000 0.09996720000000000605
141 17.000000 17.000000 0.05490649999999999697
142 35.000000 31.000000 0.03431950000000000278
143 22.000000 20.000000 0.10510310000000000485
144 13.000000 12.000000 0.06832349999999999535
145 31.000000 29.000000 0.02604779999999999943
146 11.000000 10.000000 0.05654730000000000173
147 16.000000 16.000000 0.12509170000000000011
148 28.000000 23.000000 0.12893260000000000831
149 22.000000 19.000000 0.09246310000000000640
150 20.000000 20.000000 0.19582879999999999732
151 22.000000 19.000000 0.12894600000000000506
152 16.000000 15.000000 0.12138409999999999478
153 27.000000 23.000000 0.09625060000000000560
154 20.000000 19.000000 0.13627030000000001086
155 17.000000 14.000000 0.19030479999999999619
156 14.000000 12.000000 0.05319900000000000323
157 10.000000 10.000000 0.13482310000000000128
158 26.000000 23.000000 0.06869859999999999856
159 13.000000 11.000000 0.20204829999999998624
160 24.000000 21.000000 0.20102680000000000549
161 21.000000 21.000000 0.12797439999999998816
162 30.000000 28.000000 0.16254089999999998817
163 19.000000 16.000000 0.09301030000000000408
164 22.000000 22.000000 0.18117440000000001321
165 22.000000 20.000000 0.11115809999999999580
166 21.000000 21.000000 0.09499979999999999536
167 15.000000 14.000000 0.14926849999999999841
168 13.000000 13.000000 0.16489580000000000903
169 19.000000 18.000000 0.11512070000000000636
170 28.000000 28.000000 0.03099359999999999962
171 18.000000 14.000000 0.07454370000000000440
172 32.000000 32.000000 0.09418029999999999458
173 22.000000 20.000000 0.04248919999999999780
174 26.000000 25.000000 0.10206619999999999582
175 9.000000 8.000000 0.15896930000000000782
176 6.000000 6.000000 0.23063819999999998767
177 41.000000 37.000000 0.09413409999999999833
178 12.000000 12.000000 0.11305999999999999384
179 21.000000 19.000000 0.11571950000000000292
180 30.000000 26.000000 0.23319709999999999051
181 34.000000 29.000000 0.10160909999999999387
182 11.000000 10.000000 0.12661849999999999494
183 21.000000 21.000000 0.14844129999999999825
184 9.000000 9.000000 0.35777249999999999330
185 19.000000 19.000000 0.11130690000000000028
186 11.000000 10.000000 0.14899979999999998781
187 12.000000 12.000000 0.23255349999999999633
188 36.000000 34.000000 0.14155809999999999227
189 4.000000 4.000000 0.23334289999999999199
190 12.000000 11.000000 0.13614740000000000175
191 9.000000 9.000000 0.13003960000000000519
192 20.000000 18.000000 0.26701740000000001585
193 24.000000 24.000000 0.17095840000000001035
194 14.000000 14.000000 0.24248580000000000134
195 21.000000 17.000000 0.21662170000000000036
196 12.000000 12.000000 0.25366939999999998934
197 42.000000 36.000000 0.14097329999999999584
198 17.000000 16.000000 0.18190609999999998725
199 25.000000 22.000000 0.29565330000000000776
200 23.000000 22.000000 0.31055260000000001197
201 6.000000 6.000000 0.18698680000000000856
202 11.000000 10.000000 0.25531779999999998365
203 3.000000 3.000000 0.28388799999999997370
204 30.000000 30.000000 0.13022649999999999504
205 28.000000 26.000000 0.26171299999999997343
206 28.000000 25.000000 0.13497999999999998888
207 30.000000 24.000000 0.03658460000000000184
208 12.000000 12.000000 0.04712390000000000329
209 37.000000 35.000000 0.04326529999999999959
210 17.000000 15.000000 0.05596609999999999779
211 20.000000 20.000000 0.03947860000000000258
212 40.000000 30.000000 0.03008569999999999994
213 20.000000 19.000000 0.04002929999999999683
214 39.000000 36.000000 0.02921460000000000029
215 14.000000 13.000000 0.05985059999999999686
216 13.000000 12.000000 0.04909419999999999756
217 15.000000 15.000000 0.06877300000000000080
218 23.000000 21.000000 0.02474650000000000113
219 30.000000 25.000000 0.04481369999999999798
220 30.000000 24.000000 0.05908320000000000238
221 25.000000 21.000000 0.04224630000000000052
222 21.000000 19.000000 0.03038880000000000053
223 11.000000 11.000000 0.07499440000000000273
224 35.000000 33.000000 0.04072289999999999938
225 24.000000 20.000000 0.06707829999999999349
226 28.000000 25.000000 0.05402740000000000320
227 31.000000 29.000000 0.04514549999999999813
228 31.000000 30.000000 0.05077949999999999825
229 6.000000 6.000000 0.05709800000000000292
230 6.000000 6.000000 0.24408740000000000991
231 17.000000 17.000000 0.04782190000000000052
232 17.000000 16.000000 0.05421689999999999843
233 19.000000 16.000000 0.05471020000000000050
234 5.000000 5.000000 0.04818120000000000042
235 6.000000 6.000000 0.06365400000000000225
236 14.000000 11.000000 0.05440840000000000259
237 23.000000 19.000000 0.12269560000000000188
238 16.000000 16.000000 0.04521619999999999806
239 16.000000 15.000000 0.03127810000000000312
240 17.000000 17.000000 0.04278160000000000296
241 19.000000 17.000000 0.03253140000000000198
242 33.000000 31.000000 0.04156989999999999991
243 20.000000 19.000000 0.24015179999999999860
244 22.000000 22.000000 0.02688710000000000058
245 26.000000 25.000000 0.04353649999999999881
246 28.000000 25.000000 0.03033939999999999901
247 18.000000 17.000000 0.06081199999999999800
248 26.000000 22.000000 0.05348660000000000220
249 10.000000 10.000000 0.07569380000000000552
250 32.000000 26.000000 0.04197449999999999792
251 19.000000 17.000000 0.06015260000000000051
252 14.000000 14.000000 0.25453700000000001324
253 21.000000 21.000000 0.17475409999999999555
254 26.000000 22.000000 0.05292589999999999795
255 30.000000 26.000000 0.03369579999999999798
256 25.000000 25.000000 0.28489619999999998834
257 22.000000 21.000000 0.15748170000000000224
258 17.000000 17.000000 0.18420469999999999899
259 8.000000 8.000000 0.51404490000000002681
260 21.000000 18.000000 0.39661540000000000683
261 14.000000 14.000000 0.38160660000000001801
262 15.000000 15.000000 0.06932639999999999636
263 25.000000 22.000000 0.04096779999999999866
264 20.000000 20.000000 0.06094730000000000286
265 16.000000 16.000000 0.05123989999999999795
266 17.000000 17.000000 0.06098039999999999711
267 36.000000 31.000000 0.04448740000000000333
268 25.000000 22.000000 0.06846889999999999921
269 19.000000 19.000000 0.07180749999999999633
270 24.000000 22.000000 0.03659720000000000334
271 25.000000 25.000000 0.05874859999999999804
272 30.000000 26.000000 0.33755010000000001957
273 21.000000 19.000000 0.18832470000000001153
274 22.000000 21.000000 0.33501760000000002648
275 25.000000 24.000000 0.22746559999999999002
276 21.000000 19.000000 0.33853490000000002746
277 35.000000 32.000000 0.34273169999999997248
278 37.000000 36.000000 0.16807990000000000430
279 18.000000 18.000000 0.29294219999999998594
280 27.000000 25.000000 0.19496430000000000704
281 21.000000 21.000000 0.36273139999999998162
282 23.000000 23.000000 0.24088919999999999777
283 24.000000 23.000000 0.18817429999999998880
284 18.000000 17.000000 0.22328570000000000362
285 27.000000 25.000000 0.21309970000000000301
286 28.000000 25.000000 0.37962339999999999973
287 26.000000 24.000000 0.19405449999999999089
288 30.000000 27.000000 0.29010849999999999138
289 30.000000 29.000000 0.37290279999999997873
290 3.000000 3.000000 0.37361929999999998753
291 35.000000 27.000000 0.30394470000000001209
292 23.000000 22.000000 0.20839610000000000078
293 33.000000 26.000000 0.17117360000000000908
294 21.000000 19.000000 0.19348899999999999433
295 20.000000 20.000000 0.33121040000000001591
296 17.000000 14.000000 0.21695690000000000808
297 25.000000 22.000000 0.03857030000000000181
298 22.000000 21.000000 0.05727800000000000252
299 30.000000 26.000000 0.03406719999999999887
300 12.000000 11.000000 0.05807040000000000118
301 13.000000 11.000000 0.06582899999999999863
302 18.000000 18.000000 0.05908399999999999763
303 15.000000 13.000000 0.08026049999999999851
304 18.000000 17.000000 0.05709800000000000292
305 15.000000 15.000000 0.06996860000000000579
306 29.000000 25.000000 0.21728230000000001154
307 16.000000 16.000000 0.04972909999999999831
308 26.000000 22.000000 0.03243309999999999943
309 33.000000 28.000000 0.04770499999999999741
310 48.000000 44.000000 0.02717170000000000002
311 16.000000 16.000000 0.05418640000000000262
312 22.000000 22.000000 0.03532069999999999654
313 33.000000 30.000000 0.03495439999999999658
314 25.000000 22.000000 0.04653159999999999935
315 16.000000 15.000000 0.08187239999999999795
316 10.000000 10.000000 0.05098359999999999698
317 18.000000 18.000000 0.04621109999999999801
318 22.000000 21.000000 0.05304219999999999768
319 6.000000 6.000000 0.34348909999999999165
320 36.000000 32.000000 0.03850409999999999944
321 30.000000 30.000000 0.03034919999999999979
322 20.000000 19.000000 0.05999480000000000091
323 21.000000 19.000000 0.21100810000000000399
324 9.000000 9.000000 0.19255729999999998681
325 17.000000 14.000000 0.18310180000000000899
326 11.000000 9.000000 0.35783769999999998079
327 12.000000 12.000000 0.29822910000000002473
328 21.000000 21.000000 0.06543920000000000292
329 23.000000 23.000000 0.05173849999999999977
330 23.000000 22.000000 0.04217920000000000003
331 24.000000 21.000000 0.04627740000000000326
332 26.000000 26.000000 0.05258820000000000161
333 36.000000 32.000000 0.13645099999999998897
334 13.000000 13.000000 0.24246029999999998972
335 28.000000 28.000000 0.27409860000000002556
336 10.000000 9.000000 0.30036810000000002674
337 20.000000 17.000000 0.05979860000000000037
338 33.000000 31.000000 0.24480279999999998708
339 14.000000 14.000000 0.05654159999999999742
340 48.000000 42.000000 0.02124699999999999853
341 44.000000 41.000000 0.01900630000000000028
342 25.000000 21.000000 0.04655320000000000291
343 8.000000 8.000000 0.17099929999999999297
344 30.000000 23.000000 0.09307160000000000433
345 23.000000 21.000000 0.07007109999999999728
346 13.000000 12.000000 0.18222179999999998934
347 10.000000 10.000000 0.16115019999999999345
348 28.000000 26.000000 0.05730709999999999971
349 35.000000 30.000000 0.03284089999999999926
350 16.000000 15.000000 0.05496129999999999766
351 14.000000 14.000000 0.05130099999999999938
352 17.000000 14.000000 0.04852379999999999888
353 6.000000 6.000000 0.10442899999999999405
354 22.000000 20.000000 0.04262749999999999873
355 15.000000 12.000000 0.02045829999999999871
356 29.000000 27.000000 0.10766850000000000032
357 12.000000 12.000000 0.04067520000000000163
358 14.000000 13.000000 0.06822069999999999523
359 23.000000 21.000000 0.07062799999999999634
360 29.000000 29.000000 0.06098379999999999773
361 25.000000 24.000000 0.05206779999999999742
362 22.000000 19.000000 0.06499219999999999997
363 10.000000 9.000000 0.04897490000000000177
364 14.000000 14.000000 0.04597880000000000023
365 32.000000 30.000000 0.02991229999999999931
366 32.000000 31.000000 0.04086630000000000124
367 32.000000 28.000000 0.03872540000000000010
368 19.000000 18.000000 0.06017369999999999663
369 13.000000 13.000000 0.07729869999999999797
370 6.000000 6.000000 0.07432279999999999442
371 28.000000 24.000000 0.05218260000000000259
372 28.000000 23.000000 0.03458549999999999819
373 21.000000 20.000000 0.03859049999999999980
374 15.000000 14.000000 0.05557419999999999721
375 24.000000 22.000000 0.04567500000000000032
376 16.000000 14.000000 0.04167459999999999914
377 17.000000 17.000000 0.04490589999999999860
378 22.000000 16.000000 0.04932600000000000179
379 20.000000 15.000000 0.02020730000000000096
380 30.000000 28.000000 0.02852239999999999984
381 17.000000 15.000000 0.06114399999999999696
382 24.000000 21.000000 0.04605689999999999784
383 24.000000 20.000000 0.03358919999999999961
384 21.000000 19.000000 0.05339399999999999702
385 20.000000 20.000000 0.03999489999999999990
386 26.000000 23.000000 0.03564710000000000101
387 30.000000 26.000000 0.02444280000000000064
388 24.000000 22.000000 0.04886340000000000128
389 27.000000 25.000000 0.03844480000000000119
390 21.000000 20.000000 0.05102709999999999885
391 8.000000 8.000000 0.06343029999999999502
392 15.000000 14.000000 0.04238320000000000282
393 19.000000 16.000000 0.03514559999999999906
394 26.000000 23.000000 0.04077170000000000100
395 19.000000 15.000000 0.04713339999999999891
396 33.000000 29.000000 0.03696599999999999886
397 25.000000 24.000000 0.03388700000000000045
398 32.000000 31.000000 0.02854800000000000046
399 17.000000 15.000000 0.04847640000000000282
400 29.000000 24.000000 0.06262089999999999324
401 10.000000 9.000000 0.03332040000000000002
402 18.000000 14.000000 0.04253769999999999774
403 31.000000 28.000000 0.05350010000000000182
404 25.000000 22.000000 0.02690690000000000096
405 8.000000 8.000000 0.06745220000000000382
406 10.000000 10.000000 0.05063959999999999989
407 23.000000 21.000000 0.02903369999999999909
408 13.000000 12.000000 0.05927609999999999824
409 12.000000 10.000000 0.05729220000000000146
410 19.000000 19.000000 0.04445190000000000252
411 17.000000 16.000000 0.04916439999999999699
412 21.000000 21.000000 0.03159590000000000315
413 19.000000 19.000000 0.05529989999999999906
414 19.000000 19.000000 0.02059010000000000007
415 18.000000 18.000000 0.03305009999999999892
416 28.000000 22.000000 0.03599530000000000091
417 18.000000 16.000000 0.02649359999999999910
418 35.000000 30.000000 0.03653100000000000097
419 8.000000 8.000000 0.05100650000000000323
420 34.000000 34.000000 0.01667980000000000157
