1 15.000000 15.000000 0.37924370000000001690
2 21.000000 21.000000 0.08773809999999999942
3 16.000000 12.000000 0.04668510000000000021
4 8.000000 7.000000 0.05430669999999999942
5 12.000000 12.000000 0.06547730000000000217
6 10.000000 9.000000 0.04223500000000000171
7 8.000000 8.000000 0.02959639999999999840
8 15.000000 14.000000 0.02734960000000000169
9 7.000000 7.000000 0.07148530000000000162
10 12.000000 12.000000 0.05456439999999999901
11 21.000000 17.000000 0.05838000000000000134
12 16.000000 15.000000 0.03104669999999999999
13 13.000000 12.000000 0.05221979999999999678
14 17.000000 16.000000 0.03467640000000000305
15 14.000000 11.000000 0.02773540000000000033
16 5.000000 5.000000 0.02805770000000000139
17 17.000000 15.000000 0.04617809999999999970
18 17.000000 16.000000 0.02920510000000000120
19 19.000000 16.000000 0.02759769999999999932
20 13.000000 13.000000 0.02613189999999999957
21 11.000000 11.000000 0.02631079999999999877
22 15.000000 15.000000 0.03124479999999999966
23 10.000000 10.000000 0.02743100000000000052
24 4.000000 4.000000 0.02973500000000000101
25 22.000000 21.000000 0.03166370000000000295
26 18.000000 18.000000 0.02520529999999999993
27 12.000000 11.000000 0.04596610000000000279
28 14.000000 12.000000 0.02704029999999999975
29 13.000000 11.000000 0.02305590000000000070
30 15.000000 15.000000 0.02939539999999999861
31 20.000000 18.000000 0.03593860000000000110
32 12.000000 11.000000 0.04133379999999999693
33 13.000000 13.000000 0.04182570000000000038
34 4.000000 4.000000 0.03257569999999999910
35 14.000000 12.000000 0.02792089999999999850
36 23.000000 18.000000 0.04743619999999999781
37 12.000000 12.000000 0.06004319999999999796
38 18.000000 15.000000 0.03742899999999999699
39 12.000000 12.000000 0.03397050000000000070
40 5.000000 5.000000 0.04143669999999999992
41 14.000000 13.000000 0.02922150000000000095
42 9.000000 9.000000 0.03920529999999999848
43 24.000000 18.000000 0.04576870000000000244
44 14.000000 13.000000 0.03253530000000000311
45 7.000000 7.000000 0.02910849999999999896
46 15.000000 12.000000 0.04312900000000000067
47 12.000000 12.000000 0.03796240000000000031
48 8.000000 8.000000 0.03242629999999999818
49 9.000000 9.000000 0.03497920000000000196
50 20.000000 19.000000 0.02324760000000000021
51 18.000000 18.000000 0.02889819999999999889
52 13.000000 13.000000 0.02753999999999999851
53 9.000000 8.000000 0.02771679999999999977
54 9.000000 9.000000 0.02976200000000000026
55 13.000000 11.000000 0.02660890000000000130
56 14.000000 12.000000 0.03100520000000000012
57 15.000000 14.000000 0.06366829999999999712
58 14.000000 12.000000 0.03668049999999999783
59 5.000000 5.000000 0.02873689999999999925
60 16.000000 16.000000 0.02947829999999999895
61 12.000000 12.000000 0.03783419999999999839
62 15.000000 13.000000 0.03290900000000000075
63 18.000000 14.000000 0.02943959999999999980
64 8.000000 7.000000 0.02863419999999999854
65 12.000000 12.000000 0.03487830000000000097
66 17.000000 15.000000 0.03299810000000000243
67 18.000000 17.000000 0.04847649999999999876
68 9.000000 8.000000 0.04080399999999999999
69 22.000000 20.000000 0.04378080000000000166
70 4.000000 4.000000 0.03413650000000000018
71 19.000000 17.000000 0.04764680000000000304
72 15.000000 13.000000 0.02789089999999999972
73 7.000000 7.000000 0.02584159999999999929
74 19.000000 17.000000 0.02751059999999999964
75 8.000000 8.000000 0.05511970000000000064
76 15.000000 13.000000 0.03306320000000000092
77 15.000000 13.000000 0.03444389999999999952
78 9.000000 9.000000 0.05094839999999999786
79 20.000000 18.000000 0.05340559999999999752
80 14.000000 13.000000 0.05247290000000000287
81 17.000000 15.000000 0.02996029999999999874
82 12.000000 11.000000 0.03696680000000000105
83 12.000000 12.000000 0.04124640000000000251
84 9.000000 9.000000 0.02441899999999999973
85 11.000000 10.000000 0.02813660000000000119
86 11.000000 10.000000 0.04330910000000000315
87 11.000000 11.000000 0.02491269999999999943
88 12.000000 12.000000 0.04414300000000000168
89 16.000000 15.000000 0.03389969999999999789
90 21.000000 18.000000 0.04481609999999999761
91 23.000000 19.000000 0.03261569999999999747
92 23.000000 21.000000 0.03141780000000000267
93 22.000000 18.000000 0.04318770000000000248
94 11.000000 10.000000 0.03498620000000000202
95 14.000000 14.000000 0.02942010000000000111
96 18.000000 16.000000 0.05068790000000000101
97 9.000000 9.000000 0.04133549999999999724
98 19.000000 15.000000 0.03489069999999999672
99 8.000000 8.000000 0.03851269999999999694
100 13.000000 13.000000 0.03584450000000000136
101 15.000000 14.000000 0.02461949999999999902
102 16.000000 16.000000 0.03806249999999999911
103 11.000000 11.000000 0.04725150000000000183
104 10.000000 10.000000 0.02607630000000000017
105 9.000000 7.000000 0.03799709999999999893
106 15.000000 13.000000 0.02526849999999999929
107 12.000000 11.000000 0.03181549999999999656
108 17.000000 14.000000 0.04457579999999999876
109 23.000000 19.000000 0.03273390000000000327
110 10.000000 10.000000 0.02895609999999999851
111 16.000000 15.000000 0.07942269999999999885
112 11.000000 11.000000 0.02560130000000000045
113 19.000000 18.000000 0.02197359999999999938
114 15.000000 15.000000 0.02553340000000000123
115 7.000000 7.000000 0.03111059999999999867
116 12.000000 12.000000 0.03063609999999999944
117 12.000000 12.000000 0.04871589999999999948
118 13.000000 13.000000 0.02971230000000000052
119 19.000000 16.000000 0.02550420000000000118
120 8.000000 8.000000 0.05407180000000000319
121 22.000000 18.000000 0.04251119999999999899
122 12.000000 11.000000 0.03009250000000000119
123 13.000000 11.000000 0.02364809999999999829
124 14.000000 12.000000 0.04551770000000000121
125 9.000000 9.000000 0.05524110000000000131
126 12.000000 11.000000 0.03281429999999999764
127 14.000000 13.000000 0.03737900000000000250
128 15.000000 13.000000 0.02305000000000000104
129 18.000000 15.000000 0.03367799999999999960
130 32.000000 26.000000 0.03181649999999999756
131 4.000000 4.000000 0.03272010000000000196
132 7.000000 7.000000 0.03725450000000000289
133 7.000000 7.000000 0.03705350000000000310
134 16.000000 14.000000 0.03343109999999999832
135 6.000000 6.000000 0.03394559999999999939
136 8.000000 8.000000 0.02665189999999999920
137 24.000000 19.000000 0.04365539999999999698
138 20.000000 15.000000 0.04119629999999999820
139 16.000000 15.000000 0.03037149999999999919
140 14.000000 13.000000 0.03593559999999999810
141 16.000000 15.000000 0.02872800000000000006
142 12.000000 12.000000 0.04002510000000000095
143 14.000000 14.000000 0.04838859999999999689
144 15.000000 15.000000 0.03069989999999999872
145 20.000000 16.000000 0.02895580000000000029
146 19.000000 19.000000 0.02607349999999999945
147 14.000000 14.000000 0.05336479999999999696
148 13.000000 12.000000 0.05179380000000000095
149 12.000000 11.000000 0.02894019999999999926
150 12.000000 11.000000 0.03089839999999999948
151 15.000000 12.000000 0.05285780000000000339
152 14.000000 12.000000 0.03906899999999999956
153 11.000000 9.000000 0.02569079999999999975
154 10.000000 10.000000 0.02789919999999999900
155 17.000000 17.000000 0.02778270000000000045
156 10.000000 8.000000 0.03788459999999999744
157 10.000000 10.000000 0.03453690000000000232
158 11.000000 9.000000 0.02759690000000000060
159 18.000000 17.000000 0.02432170000000000165
160 24.000000 20.000000 0.03369149999999999923
161 18.000000 15.000000 0.02770529999999999868
162 10.000000 10.000000 0.04331080000000000346
163 20.000000 16.000000 0.02910890000000000005
164 17.000000 15.000000 0.02949119999999999867
165 16.000000 16.000000 0.02154640000000000027
166 18.000000 15.000000 0.03895330000000000320
167 4.000000 4.000000 0.03000629999999999964
168 16.000000 13.000000 0.02723220000000000154
169 12.000000 12.000000 0.02959569999999999909
170 22.000000 19.000000 0.02154990000000000031
171 15.000000 15.000000 0.04752950000000000230
172 4.000000 4.000000 0.03881459999999999771
173 18.000000 15.000000 0.02615189999999999876
174 12.000000 12.000000 0.05963389999999999663
175 13.000000 13.000000 0.05138229999999999881
176 13.000000 11.000000 0.03707970000000000016
177 7.000000 7.000000 0.04138649999999999968
178 16.000000 16.000000 0.02289060000000000053
179 15.000000 15.000000 0.02322859999999999855
180 15.000000 13.000000 0.02159200000000000008
181 17.000000 16.000000 0.02230060000000000028
182 14.000000 13.000000 0.02305420000000000039
183 22.000000 21.000000 0.02865730000000000013
184 21.000000 18.000000 0.03728100000000000164
185 8.000000 8.000000 0.05737629999999999814
186 15.000000 12.000000 0.02413169999999999898
187 11.000000 10.000000 0.03427680000000000310
188 15.000000 15.000000 0.02803759999999999933
189 21.000000 17.000000 0.02436200000000000171
190 18.000000 16.000000 0.03030230000000000076
191 19.000000 18.000000 0.03545639999999999903
192 17.000000 13.000000 0.03873479999999999979
193 11.000000 10.000000 0.02452129999999999935
194 28.000000 23.000000 0.03679380000000000150
195 22.000000 19.000000 0.02949890000000000151
196 23.000000 16.000000 0.03613639999999999908
197 9.000000 9.000000 0.03642050000000000148
198 14.000000 14.000000 0.03548620000000000246
199 23.000000 19.000000 0.03485209999999999697
200 16.000000 14.000000 0.03091870000000000035
201 13.000000 12.000000 0.04933509999999999979
202 23.000000 20.000000 0.02465380000000000002
203 13.000000 11.000000 0.02179530000000000009
204 6.000000 6.000000 0.03669909999999999839
205 8.000000 8.000000 0.03342429999999999707
206 13.000000 13.000000 0.04216709999999999903
207 19.000000 16.000000 0.03153100000000000347
208 9.000000 9.000000 0.03667379999999999945
209 5.000000 5.000000 0.04389200000000000046
210 23.000000 20.000000 0.02350440000000000168
211 12.000000 12.000000 0.02845500000000000113
212 15.000000 14.000000 0.03789270000000000138
213 14.000000 12.000000 0.03460649999999999837
214 7.000000 7.000000 0.02897469999999999907
215 16.000000 16.000000 0.02321929999999999827
216 10.000000 10.000000 0.02635420000000000124
217 9.000000 8.000000 0.04669059999999999877
218 12.000000 12.000000 0.02214630000000000071
219 12.000000 11.000000 0.02426120000000000013
220 10.000000 9.000000 0.03579369999999999774
221 12.000000 12.000000 0.03337419999999999970
222 10.000000 10.000000 0.03531900000000000317
223 18.000000 15.000000 0.02350400000000000059
224 19.000000 16.000000 0.04336840000000000139
225 13.000000 11.000000 0.03634600000000000330
226 13.000000 13.000000 0.04015080000000000038
227 12.000000 9.000000 0.02950969999999999982
228 8.000000 7.000000 0.03467429999999999818
229 5.000000 5.000000 0.04272619999999999890
230 20.000000 20.000000 0.02052129999999999926
231 9.000000 9.000000 0.02628470000000000112
232 12.000000 11.000000 0.03074999999999999956
233 16.000000 14.000000 0.02167209999999999970
234 22.000000 21.000000 0.04540919999999999679
235 13.000000 13.000000 0.04372829999999999773
236 12.000000 12.000000 0.03052289999999999864
237 18.000000 15.000000 0.05140589999999999743
238 15.000000 12.000000 0.02648740000000000122
239 17.000000 14.000000 0.03241329999999999906
240 11.000000 11.000000 0.05268910000000000260
241 4.000000 4.000000 0.03966909999999999881
242 13.000000 12.000000 0.02079630000000000020
243 22.000000 18.000000 0.02473739999999999967
244 16.000000 15.000000 0.02828079999999999830
245 10.000000 10.000000 0.02747439999999999952
246 21.000000 18.000000 0.03083500000000000130
247 4.000000 4.000000 0.02565740000000000035
248 8.000000 8.000000 0.02364549999999999985
249 14.000000 13.000000 0.06086740000000000206
250 12.000000 10.000000 0.03098050000000000109
251 10.000000 9.000000 0.03772949999999999915
252 17.000000 14.000000 0.04333719999999999933
253 14.000000 12.000000 0.03557690000000000158
254 21.000000 20.000000 0.05600209999999999910
255 18.000000 14.000000 0.05007570000000000077
256 20.000000 19.000000 0.05123110000000000164
257 10.000000 9.000000 0.02400069999999999981
258 11.000000 9.000000 0.02509789999999999938
259 17.000000 15.000000 0.02672209999999999863
260 14.000000 13.000000 0.02831820000000000170
261 19.000000 17.000000 0.02854239999999999902
262 9.000000 8.000000 0.02378090000000000065
263 12.000000 12.000000 0.02870189999999999894
264 16.000000 16.000000 0.02429579999999999934
265 5.000000 5.000000 0.02615229999999999985
266 21.000000 17.000000 0.02205779999999999894
267 11.000000 10.000000 0.03160260000000000152
268 12.000000 11.000000 0.03421269999999999867
269 19.000000 17.000000 0.02734980000000000050
270 13.000000 11.000000 0.02592730000000000035
271 14.000000 12.000000 0.02759030000000000163
272 21.000000 18.000000 0.02601670000000000024
273 12.000000 11.000000 0.02260600000000000109
274 21.000000 19.000000 0.02406530000000000127
275 13.000000 10.000000 0.02762610000000000066
276 6.000000 6.000000 0.02487030000000000143
277 23.000000 19.000000 0.02132699999999999874
278 14.000000 13.000000 0.02717220000000000052
279 17.000000 17.000000 0.04135780000000000012
280 24.000000 19.000000 0.03581990000000000174
281 26.000000 23.000000 0.02777560000000000098
282 15.000000 14.000000 0.03342090000000000338
283 13.000000 10.000000 0.03944870000000000321
284 14.000000 12.000000 0.06450799999999999590
285 27.000000 23.000000 0.02451779999999999932
286 20.000000 17.000000 0.03043589999999999837
287 19.000000 18.000000 0.04550839999999999747
288 8.000000 8.000000 0.07571959999999999802
289 18.000000 14.000000 0.03021729999999999902
290 8.000000 8.000000 0.02477680000000000160
291 9.000000 9.000000 0.04171169999999999739
292 17.000000 15.000000 0.02539390000000000050
293 17.000000 16.000000 0.03908899999999999875
294 19.000000 18.000000 0.02820949999999999847
295 10.000000 10.000000 0.03073110000000000078
296 13.000000 11.000000 0.03533660000000000273
297 15.000000 13.000000 0.04117719999999999714
298 11.000000 9.000000 0.02754169999999999882
299 23.000000 22.000000 0.04540779999999999816
300 6.000000 6.000000 0.03102239999999999859
301 13.000000 13.000000 0.03946779999999999733
302 9.000000 9.000000 0.03500260000000000177
303 8.000000 8.000000 0.04411930000000000018
304 14.000000 13.000000 0.02867300000000000057
305 19.000000 17.000000 0.04512900000000000245
306 13.000000 10.000000 0.03158190000000000303
307 6.000000 6.000000 0.03677890000000000326
308 13.000000 13.000000 0.04305459999999999843
309 11.000000 10.000000 0.03534330000000000110
310 18.000000 16.000000 0.02979599999999999957
311 7.000000 7.000000 0.03099139999999999881
312 13.000000 10.000000 0.04857910000000000006
313 12.000000 12.000000 0.03169929999999999970
314 14.000000 14.000000 0.02913699999999999971
315 18.000000 17.000000 0.02778229999999999936
316 14.000000 14.000000 0.04653009999999999785
317 16.000000 14.000000 0.02568000000000000144
318 19.000000 18.000000 0.02653180000000000122
319 21.000000 21.000000 0.03147139999999999660
320 12.000000 12.000000 0.02951259999999999994
321 14.000000 12.000000 0.02532169999999999907
322 16.000000 14.000000 0.02157270000000000021
323 10.000000 9.000000 0.02648220000000000088
324 17.000000 15.000000 0.02855560000000000043
325 20.000000 16.000000 0.02368179999999999938
326 11.000000 11.000000 0.02850470000000000087
327 4.000000 4.000000 0.02747459999999999833
328 15.000000 14.000000 0.02985640000000000169
329 9.000000 9.000000 0.02587580000000000088
330 20.000000 17.000000 0.02644960000000000019
331 13.000000 12.000000 0.02599560000000000065
332 15.000000 13.000000 0.02628679999999999906
333 10.000000 9.000000 0.02653929999999999831
334 18.000000 16.000000 0.02840029999999999985
335 11.000000 10.000000 0.02490409999999999846
336 9.000000 8.000000 0.02978549999999999948
337 6.000000 6.000000 0.02678130000000000094
338 15.000000 15.000000 0.02535979999999999832
339 19.000000 17.000000 0.02268210000000000018
340 19.000000 17.000000 0.02558440000000000020
341 23.000000 17.000000 0.02768670000000000159
342 15.000000 15.000000 0.02707870000000000069
343 14.000000 13.000000 0.03303880000000000011
344 9.000000 9.000000 0.02650510000000000019
345 16.000000 15.000000 0.03100709999999999925
346 20.000000 19.000000 0.02597719999999999890
347 19.000000 17.000000 0.02095750000000000043
348 10.000000 9.000000 0.03408329999999999693
349 10.000000 10.000000 0.02772989999999999830
350 20.000000 19.000000 0.03547390000000000265
351 11.000000 11.000000 0.03075599999999999862
352 4.000000 4.000000 0.03143479999999999885
353 13.000000 13.000000 0.03490619999999999834
354 18.000000 17.000000 0.02324839999999999893
355 13.000000 13.000000 0.02799810000000000146
356 12.000000 12.000000 0.02392139999999999891
357 14.000000 14.000000 0.02822960000000000053
358 9.000000 9.000000 0.03028859999999999886
359 22.000000 21.000000 0.02350390000000000118
360 11.000000 10.000000 0.02785719999999999863
361 22.000000 20.000000 0.02235880000000000159
362 23.000000 20.000000 0.02480879999999999891
363 10.000000 10.000000 0.02967240000000000155
364 6.000000 6.000000 0.02686660000000000090
365 17.000000 14.000000 0.02673379999999999854
366 9.000000 8.000000 0.03433049999999999990
367 12.000000 12.000000 0.02421979999999999966
368 14.000000 14.000000 0.02966389999999999999
369 13.000000 13.000000 0.02334810000000000010
370 19.000000 16.000000 0.02773139999999999980
371 10.000000 9.000000 0.01959179999999999949
372 7.000000 7.000000 0.02954199999999999882
373 10.000000 10.000000 0.02908269999999999952
374 14.000000 14.000000 0.02798689999999999858
375 18.000000 16.000000 0.02631819999999999993
376 14.000000 13.000000 0.03006259999999999835
377 13.000000 13.000000 0.02671689999999999829
378 13.000000 10.000000 0.02378119999999999887
379 17.000000 15.000000 0.02596439999999999859
380 17.000000 16.000000 0.02707439999999999847
381 9.000000 9.000000 0.01979130000000000125
382 10.000000 10.000000 0.02831759999999999833
383 17.000000 14.000000 0.02460930000000000062
384 25.000000 20.000000 0.03245510000000000062
385 5.000000 5.000000 0.03157200000000000284
386 11.000000 10.000000 0.02973169999999999980
387 21.000000 18.000000 0.03279569999999999708
388 13.000000 11.000000 0.02416319999999999926
389 17.000000 17.000000 0.03070029999999999981
390 20.000000 16.000000 0.04138300000000000312
391 11.000000 9.000000 0.02272290000000000074
392 18.000000 16.000000 0.01928039999999999962
393 13.000000 11.000000 0.02239000000000000018
394 7.000000 7.000000 0.02652819999999999831
395 8.000000 8.000000 0.03056559999999999833
396 13.000000 13.000000 0.02460249999999999937
397 11.000000 10.000000 0.02696060000000000123
398 15.000000 13.000000 0.02302879999999999858
399 18.000000 15.000000 0.02507099999999999954
400 13.000000 13.000000 0.02726579999999999976
401 17.000000 16.000000 0.02634589999999999849
402 10.000000 9.000000 0.02532529999999999851
403 6.000000 6.000000 0.02559399999999999870
404 4.000000 4.000000 0.02529069999999999929
405 21.000000 18.000000 0.03037789999999999935
406 16.000000 15.000000 0.04207639999999999991
407 17.000000 13.000000 0.03658489999999999659
408 19.000000 15.000000 0.02431600000000000081
409 13.000000 11.000000 0.04256839999999999929
410 13.000000 13.000000 0.03508050000000000057
411 15.000000 13.000000 0.03223279999999999895
412 6.000000 6.000000 0.02696749999999999842
413 5.000000 5.000000 0.03293920000000000181
414 9.000000 9.000000 0.02708500000000000144
415 13.000000 13.000000 0.02072030000000000052
416 7.000000 7.000000 0.03185190000000000243
417 19.000000 18.000000 0.02670660000000000048
418 9.000000 9.000000 0.02618360000000000132
419 16.000000 15.000000 0.02234939999999999843
420 20.000000 18.000000 0.02406780000000000030
