1 320.000000 298.000000 32.31273290000000031341
2 310.000000 270.000000 11.34781199999999934391
3 278.000000 254.000000 2.25263899999999983592
4 318.000000 294.000000 43.53395009999999842876
5 329.000000 305.000000 5.86237299999999983413
6 179.000000 171.000000 16.83604800000000167870
7 260.000000 239.000000 13.90239260000000065531
8 200.000000 181.000000 27.24615349999999835973
9 356.000000 334.000000 3.50972209999999984475
10 286.000000 263.000000 6.10052139999999987197
11 179.000000 162.000000 40.00302030000000286236
12 280.000000 246.000000 40.85133079999999949905
13 426.000000 372.000000 2.39279669999999988761
14 152.000000 128.000000 30.29429299999999969373
15 105.000000 94.000000 39.10498530000000272366
16 364.000000 314.000000 3.30984459999999991453
17 296.000000 264.000000 23.83411909999999878096
18 312.000000 285.000000 7.51048440000000017136
19 262.000000 251.000000 9.52829080000000061546
20 139.000000 123.000000 29.59677040000000047826
21 212.000000 199.000000 17.02003500000000002501
22 235.000000 216.000000 9.44982030000000072789
23 247.000000 227.000000 31.71333930000000123073
24 268.000000 254.000000 5.48470399999999980167
25 296.000000 273.000000 19.09289190000000147052
26 276.000000 266.000000 21.41619250000000107548
27 305.000000 273.000000 8.62452799999999975000
28 314.000000 288.000000 13.96070759999999921774
29 400.000000 349.000000 9.42804910000000084835
30 452.000000 411.000000 4.76493549999999999045
31 329.000000 283.000000 9.90537100000000059197
32 383.000000 325.000000 5.10208930000000027150
33 230.000000 213.000000 13.92176910000000056300
34 404.000000 355.000000 1.89204599999999989457
35 208.000000 190.000000 27.87395160000000160494
36 406.000000 371.000000 4.69650489999999987134
37 290.000000 259.000000 4.23094739999999980284
38 307.000000 274.000000 87.39736030000000255313
39 358.000000 309.000000 3.73758470000000020406
40 276.000000 254.000000 21.70730539999999919587
41 366.000000 339.000000 3.14380699999999979610
42 287.000000 262.000000 13.81129360000000083630
43 193.000000 172.000000 4.17810669999999984014
44 363.000000 322.000000 14.88963210000000003674
45 230.000000 222.000000 2.07632700000000003371
46 363.000000 318.000000 5.96487079999999991742
47 244.000000 219.000000 19.75415930000000130917
48 158.000000 136.000000 67.32801109999999766842
49 189.000000 176.000000 12.84291329999999931033
50 260.000000 239.000000 39.88729150000000345244
51 251.000000 229.000000 14.52663189999999993063
52 247.000000 207.000000 8.78282620000000058269
53 308.000000 282.000000 11.10577579999999997540
54 203.000000 187.000000 1.19429479999999998974
55 264.000000 231.000000 8.65205920000000006098
56 183.000000 174.000000 15.11685549999999977899
57 239.000000 208.000000 17.17230729999999994106
58 219.000000 205.000000 22.31530580000000085761
59 140.000000 132.000000 35.91545539999999903102
60 368.000000 317.000000 3.19341130000000017475
61 173.000000 164.000000 53.21080849999999884403
62 384.000000 349.000000 15.40229330000000018686
63 172.000000 152.000000 20.18892650000000088539
64 236.000000 213.000000 28.15916419999999931179
65 232.000000 223.000000 21.84384430000000065775
66 261.000000 234.000000 97.51526060000000484251
67 190.000000 178.000000 23.91485899999999986676
68 234.000000 203.000000 42.41867940000000203327
69 205.000000 183.000000 65.41014629999999385745
70 119.000000 109.000000 6.35047669999999975232
71 208.000000 189.000000 29.70301579999999930237
72 109.000000 91.000000 40.80166160000000274977
73 387.000000 319.000000 4.06774449999999987426
74 129.000000 114.000000 25.50407969999999835409
75 363.000000 341.000000 0.94805879999999997931
76 147.000000 142.000000 19.54913409999999984734
77 293.000000 258.000000 20.94159459999999839397
78 191.000000 171.000000 17.73745239999999867564
79 310.000000 289.000000 11.69157359999999989952
80 348.000000 321.000000 22.39025499999999979650
81 306.000000 274.000000 4.08081690000000030238
82 219.000000 196.000000 31.89087699999999969691
83 345.000000 312.000000 2.59870299999999998519
84 248.000000 231.000000 36.15266600000000352111
85 218.000000 197.000000 23.82587840000000056762
86 205.000000 181.000000 29.22086380000000005452
87 237.000000 222.000000 14.50462929999999950326
88 296.000000 259.000000 73.17588039999999693919
89 236.000000 217.000000 16.96159660000000002356
90 151.000000 143.000000 40.17981249999999704414
91 274.000000 239.000000 24.62062669999999897641
92 204.000000 189.000000 25.61865870000000100504
93 137.000000 128.000000 17.79041289999999975180
94 324.000000 285.000000 53.46558799999999678221
95 296.000000 252.000000 149.88245919999999955508
96 286.000000 260.000000 3.20463100000000000733
97 161.000000 140.000000 93.27743730000000255131
98 253.000000 237.000000 15.31661420000000006780
99 223.000000 204.000000 18.01898189999999999600
100 287.000000 277.000000 13.52486099999999957788
101 362.000000 336.000000 2.19909340000000019799
102 161.000000 146.000000 50.84907160000000203581
103 317.000000 286.000000 14.77939049999999987506
104 289.000000 260.000000 29.88330110000000061632
105 290.000000 255.000000 12.59721809999999919683
106 274.000000 236.000000 3.76224040000000004014
107 262.000000 247.000000 9.75540250000000064290
108 404.000000 351.000000 1.27195220000000008831
109 177.000000 156.000000 13.50388240000000017460
110 232.000000 216.000000 6.31732720000000025351
111 236.000000 212.000000 16.95680309999999835213
112 338.000000 289.000000 17.56991760000000013520
113 194.000000 183.000000 9.56697549999999985459
114 366.000000 317.000000 19.06140080000000125438
115 327.000000 302.000000 11.96202480000000001326
116 392.000000 348.000000 9.52413909999999930278
117 149.000000 139.000000 33.44185999999999836518
118 246.000000 227.000000 40.74480419999999725178
119 137.000000 118.000000 24.33123559999999940828
120 432.000000 370.000000 11.18494699999999930640
121 171.000000 162.000000 38.55113320000000243226
122 434.000000 362.000000 6.16540770000000026840
123 263.000000 240.000000 62.28859529999999722349
124 291.000000 249.000000 17.91501949999999965257
125 401.000000 354.000000 1.53083239999999998204
126 249.000000 216.000000 31.31510390000000043642
127 211.000000 173.000000 12.82718619999999987158
128 222.000000 205.000000 85.56039699999999470492
129 218.000000 199.000000 43.31341249999999831743
130 402.000000 355.000000 12.31516710000000003333
131 227.000000 217.000000 14.05839830000000034715
132 216.000000 199.000000 11.06855149999999987642
133 333.000000 320.000000 6.33536009999999993880
134 382.000000 325.000000 15.15350010000000047228
135 213.000000 210.000000 3.33675759999999987926
136 240.000000 212.000000 13.56953719999999918855
137 267.000000 242.000000 8.65449219999999996844
138 393.000000 344.000000 19.23863040000000168561
139 268.000000 248.000000 26.46101099999999917145
140 171.000000 148.000000 17.99813530000000127984
141 443.000000 371.000000 5.05858179999999979515
142 293.000000 260.000000 30.71586020000000161190
143 378.000000 332.000000 4.20436720000000008213
144 154.000000 138.000000 143.48376659999999560569
145 252.000000 236.000000 30.51917860000000004561
146 234.000000 216.000000 75.45059530000000336258
147 320.000000 286.000000 62.65868590000000182272
148 226.000000 201.000000 12.01831310000000030414
149 223.000000 206.000000 4.88886570000000020286
150 222.000000 215.000000 6.84688440000000042573
151 296.000000 272.000000 32.10175149999999888450
152 312.000000 279.000000 9.47486250000000040927
153 186.000000 183.000000 20.25645189999999828956
154 102.000000 87.000000 60.70627019999999873789
155 477.000000 434.000000 2.37380589999999980222
156 223.000000 208.000000 19.91015850000000142472
157 234.000000 214.000000 19.09033150000000134128
158 293.000000 251.000000 16.52832180000000050768
159 177.000000 165.000000 43.46832160000000300215
160 261.000000 236.000000 21.54173360000000059244
161 280.000000 249.000000 54.15457130000000063319
162 199.000000 174.000000 86.22289290000000505643
163 225.000000 214.000000 8.98730210000000084847
164 296.000000 246.000000 173.96496880000000828659
165 324.000000 301.000000 5.19132709999999963912
166 315.000000 273.000000 13.66502479999999941640
167 335.000000 325.000000 8.23103960000000078878
168 202.000000 190.000000 30.18326910000000040668
169 218.000000 209.000000 16.65077550000000172759
170 316.000000 286.000000 3.83950620000000020227
171 158.000000 137.000000 155.58864869999999314132
172 311.000000 287.000000 24.14595509999999833894
173 99.000000 89.000000 13.11453880000000005168
174 241.000000 214.000000 70.25263900000000205637
175 402.000000 350.000000 10.66528409999999915669
176 280.000000 259.000000 1.90799089999999993417
177 382.000000 348.000000 6.47026110000000009848
178 313.000000 288.000000 21.07334579999999846223
179 396.000000 344.000000 15.76508809999999982665
180 246.000000 212.000000 17.24952970000000007644
181 236.000000 224.000000 5.90941209999999994551
182 354.000000 317.000000 12.48887479999999960967
183 187.000000 178.000000 15.44639749999999978058
184 364.000000 330.000000 14.01453829999999989298
185 406.000000 350.000000 9.22546700000000008401
186 231.000000 216.000000 15.77341649999999972920
187 384.000000 359.000000 1.54254069999999998686
188 180.000000 167.000000 29.16497950000000116688
189 369.000000 335.000000 10.10119480000000002917
190 321.000000 284.000000 17.23887489999999900192
