1 6.000000 6.000000 0.49346950000000000536
2 6.000000 6.000000 0.07494649999999999923
3 5.000000 5.000000 0.04151160000000000266
4 6.000000 6.000000 0.04771940000000000209
5 7.000000 6.000000 0.10979949999999999433
6 5.000000 5.000000 0.02396409999999999860
7 6.000000 6.000000 0.02226969999999999991
8 7.000000 7.000000 0.08188660000000000383
9 6.000000 6.000000 0.02394179999999999919
10 8.000000 7.000000 0.02620099999999999860
11 6.000000 6.000000 0.01511419999999999951
12 6.000000 6.000000 0.04907480000000000175
13 6.000000 6.000000 0.02022579999999999864
14 6.000000 6.000000 0.02166169999999999901
15 6.000000 6.000000 0.01942500000000000129
16 8.000000 7.000000 0.03949359999999999676
17 5.000000 5.000000 0.01660750000000000073
18 6.000000 6.000000 0.02294119999999999840
19 5.000000 5.000000 0.04413650000000000212
20 6.000000 6.000000 0.01486759999999999991
21 5.000000 5.000000 0.03946580000000000227
22 7.000000 6.000000 0.02146100000000000091
23 6.000000 6.000000 0.05183990000000000126
24 7.000000 7.000000 0.01699140000000000025
25 7.000000 6.000000 0.01491660000000000035
26 6.000000 6.000000 0.01621699999999999878
27 6.000000 6.000000 0.02085549999999999904
28 7.000000 6.000000 0.02665779999999999886
29 5.000000 5.000000 0.01833639999999999923
30 7.000000 7.000000 0.04193070000000000130
31 8.000000 7.000000 0.02209600000000000106
32 7.000000 7.000000 0.01951109999999999997
33 5.000000 5.000000 0.02013289999999999871
34 6.000000 6.000000 0.02332340000000000108
35 5.000000 5.000000 0.01590950000000000003
36 6.000000 6.000000 0.01667909999999999879
37 7.000000 6.000000 0.01975060000000000010
38 7.000000 7.000000 0.04228660000000000058
39 5.000000 5.000000 0.01720549999999999857
40 6.000000 6.000000 0.03071199999999999972
41 8.000000 7.000000 0.01764239999999999906
42 7.000000 6.000000 0.01527760000000000055
43 7.000000 7.000000 0.10217479999999999618
44 5.000000 5.000000 0.01615789999999999935
45 5.000000 5.000000 0.07831509999999999860
46 6.000000 6.000000 0.09416259999999999908
47 6.000000 6.000000 0.01503950000000000078
48 7.000000 7.000000 0.01832850000000000104
49 7.000000 7.000000 0.02168070000000000067
50 5.000000 5.000000 0.08002650000000000041
51 7.000000 6.000000 0.01638910000000000020
52 5.000000 5.000000 0.08738930000000000309
53 8.000000 7.000000 0.07732450000000000434
54 5.000000 5.000000 0.08024860000000000326
55 5.000000 5.000000 0.03758430000000000104
56 7.000000 7.000000 0.07908679999999999877
57 6.000000 6.000000 0.02098389999999999977
58 5.000000 5.000000 0.01532599999999999935
59 8.000000 7.000000 0.01467569999999999986
60 6.000000 6.000000 0.01980339999999999878
61 6.000000 6.000000 0.01713550000000000142
62 6.000000 6.000000 0.01836830000000000060
63 6.000000 6.000000 0.01499130000000000081
64 5.000000 5.000000 0.01583740000000000148
65 6.000000 6.000000 0.02197850000000000151
66 7.000000 6.000000 0.01601870000000000030
67 6.000000 6.000000 0.01877119999999999830
68 6.000000 6.000000 0.01790020000000000153
69 7.000000 6.000000 0.02073699999999999849
70 5.000000 5.000000 0.01793480000000000074
71 6.000000 6.000000 0.01912989999999999829
72 6.000000 6.000000 0.07085130000000000594
73 6.000000 6.000000 0.02158569999999999933
74 6.000000 6.000000 0.04808889999999999693
75 5.000000 5.000000 0.02512500000000000150
76 6.000000 6.000000 0.04868190000000000017
77 8.000000 6.000000 0.01376110000000000007
78 8.000000 7.000000 0.09572700000000000653
79 5.000000 5.000000 0.01491250000000000041
80 5.000000 5.000000 0.05253730000000000205
81 6.000000 6.000000 0.01487549999999999983
82 6.000000 6.000000 0.07212770000000000292
83 6.000000 6.000000 0.01521029999999999952
84 6.000000 6.000000 0.02099149999999999974
85 6.000000 6.000000 0.02574769999999999837
86 7.000000 7.000000 0.08980040000000000244
87 5.000000 5.000000 0.01698130000000000125
88 6.000000 6.000000 0.01823369999999999852
89 6.000000 6.000000 0.11097020000000000495
90 8.000000 6.000000 0.01524389999999999946
91 7.000000 6.000000 0.01486580000000000019
92 8.000000 7.000000 0.01534609999999999967
93 6.000000 6.000000 0.01712429999999999855
94 6.000000 6.000000 0.11427099999999999758
95 6.000000 6.000000 0.01650350000000000081
96 8.000000 7.000000 0.01505790000000000080
97 6.000000 6.000000 0.10146710000000000451
98 5.000000 5.000000 0.02019519999999999996
99 5.000000 5.000000 0.08214879999999999405
100 6.000000 6.000000 0.01507550000000000036
101 6.000000 6.000000 0.01675990000000000119
102 6.000000 6.000000 0.01635139999999999857
103 7.000000 7.000000 0.01604150000000000020
104 5.000000 5.000000 0.01562329999999999969
105 7.000000 6.000000 0.02574279999999999971
106 7.000000 6.000000 0.01630140000000000061
107 6.000000 6.000000 0.01787139999999999909
108 5.000000 5.000000 0.01843399999999999900
109 6.000000 6.000000 0.02205350000000000019
110 8.000000 7.000000 0.01698250000000000107
111 7.000000 7.000000 0.01869169999999999859
112 5.000000 5.000000 0.02055649999999999838
113 6.000000 6.000000 0.01551139999999999984
114 8.000000 7.000000 0.01589439999999999950
115 6.000000 6.000000 0.01995469999999999883
116 6.000000 6.000000 0.01501650000000000033
117 5.000000 5.000000 0.01676760000000000056
118 6.000000 6.000000 0.01576510000000000064
119 8.000000 7.000000 0.01603100000000000011
120 6.000000 6.000000 0.01529729999999999979
121 7.000000 7.000000 0.01604710000000000164
122 6.000000 6.000000 0.01997989999999999836
123 5.000000 5.000000 0.01615549999999999972
124 6.000000 6.000000 0.01461460000000000016
125 6.000000 6.000000 0.01487420000000000062
126 5.000000 5.000000 0.03532480000000000342
127 5.000000 5.000000 0.01968229999999999980
128 6.000000 6.000000 0.07309820000000000206
129 6.000000 6.000000 0.02219530000000000114
130 5.000000 5.000000 0.06125939999999999858
131 8.000000 7.000000 0.01500179999999999916
132 7.000000 7.000000 0.02268560000000000021
133 6.000000 6.000000 0.05586719999999999881
134 6.000000 6.000000 0.02274160000000000070
135 5.000000 5.000000 0.06505260000000000209
136 5.000000 5.000000 0.02202219999999999872
137 7.000000 7.000000 0.01610570000000000057
138 6.000000 6.000000 0.01419780000000000000
139 5.000000 5.000000 0.02415480000000000058
140 7.000000 6.000000 0.01940009999999999998
141 6.000000 6.000000 0.01566719999999999918
142 8.000000 7.000000 0.01809250000000000094
143 5.000000 5.000000 0.01656600000000000086
144 8.000000 7.000000 0.01718460000000000126
145 7.000000 7.000000 0.02145439999999999847
146 5.000000 5.000000 0.01427989999999999989
147 7.000000 6.000000 0.01766679999999999987
148 8.000000 7.000000 0.01554750000000000056
149 6.000000 6.000000 0.01426640000000000026
150 6.000000 6.000000 0.06560860000000000303
151 6.000000 6.000000 0.01519700000000000044
152 6.000000 6.000000 0.09187950000000000284
153 6.000000 6.000000 0.01443209999999999979
154 6.000000 6.000000 0.01413850000000000003
155 5.000000 5.000000 0.10715389999999999637
156 5.000000 5.000000 0.01605439999999999992
157 6.000000 6.000000 0.11299579999999999347
158 7.000000 6.000000 0.08060660000000000047
159 6.000000 6.000000 0.01745439999999999839
160 5.000000 5.000000 0.01465729999999999984
161 6.000000 6.000000 0.01749300000000000160
162 6.000000 6.000000 0.01794279999999999833
163 7.000000 6.000000 0.02243490000000000067
164 7.000000 7.000000 0.01620090000000000072
165 7.000000 7.000000 0.01761700000000000071
166 7.000000 6.000000 0.01392030000000000003
167 5.000000 5.000000 0.02322779999999999984
168 6.000000 6.000000 0.01509220000000000006
169 7.000000 6.000000 0.01703759999999999997
170 5.000000 5.000000 0.01847239999999999993
171 7.000000 7.000000 0.01458150000000000071
172 5.000000 5.000000 0.01613289999999999863
173 7.000000 7.000000 0.01491720000000000025
174 5.000000 5.000000 0.01581530000000000089
175 7.000000 6.000000 0.01484889999999999995
176 7.000000 7.000000 0.01753789999999999863
177 6.000000 6.000000 0.01685290000000000052
178 7.000000 6.000000 0.01976289999999999991
179 7.000000 7.000000 0.01366099999999999953
180 6.000000 6.000000 0.01895339999999999872
181 7.000000 6.000000 0.01534349999999999950
182 6.000000 6.000000 0.01447039999999999958
183 6.000000 6.000000 0.01697150000000000047
184 5.000000 5.000000 0.12071700000000000486
185 8.000000 7.000000 0.01460509999999999933
186 6.000000 6.000000 0.01470059999999999943
187 5.000000 5.000000 0.01682700000000000168
188 5.000000 5.000000 0.01707499999999999990
189 6.000000 6.000000 0.01776640000000000164
190 6.000000 6.000000 0.01592839999999999881
191 7.000000 6.000000 0.01550690000000000054
192 5.000000 5.000000 0.03046520000000000131
193 5.000000 5.000000 0.01635150000000000145
194 6.000000 6.000000 0.01948770000000000016
195 8.000000 7.000000 0.01690919999999999923
196 7.000000 7.000000 0.01462950000000000014
197 6.000000 6.000000 0.01835710000000000119
198 7.000000 7.000000 0.01854379999999999917
199 5.000000 5.000000 0.01582580000000000098
200 7.000000 7.000000 0.17850989999999999913
201 6.000000 6.000000 0.03374289999999999928
202 6.000000 6.000000 0.15417790000000000661
203 6.000000 6.000000 0.01796640000000000043
204 5.000000 5.000000 0.13226609999999999756
205 6.000000 6.000000 0.01756289999999999935
206 7.000000 6.000000 0.01661239999999999939
207 6.000000 6.000000 0.12416989999999999972
208 8.000000 7.000000 0.01542499999999999948
209 7.000000 6.000000 0.01664830000000000129
210 5.000000 5.000000 0.01716289999999999830
211 7.000000 7.000000 0.02186679999999999874
212 6.000000 6.000000 0.01970059999999999867
213 9.000000 6.000000 0.01853209999999999927
214 8.000000 7.000000 0.01449890000000000033
215 6.000000 6.000000 0.01535049999999999956
216 5.000000 5.000000 0.01595979999999999968
217 5.000000 5.000000 0.01517720000000000007
218 7.000000 7.000000 0.02166660000000000114
219 6.000000 6.000000 0.01924910000000000163
220 7.000000 7.000000 0.01491579999999999989
221 6.000000 6.000000 0.01581779999999999992
222 6.000000 6.000000 0.01698469999999999841
223 6.000000 6.000000 0.01447470000000000007
224 6.000000 6.000000 0.01428980000000000007
225 5.000000 5.000000 0.02039169999999999872
226 6.000000 6.000000 0.02246690000000000145
227 5.000000 5.000000 0.02857880000000000142
228 6.000000 6.000000 0.02810170000000000029
229 7.000000 6.000000 0.16699769999999999892
230 7.000000 7.000000 0.01636579999999999979
231 7.000000 6.000000 0.01889530000000000029
232 5.000000 5.000000 0.02118170000000000122
233 5.000000 5.000000 0.01939460000000000142
234 7.000000 7.000000 0.01409200000000000036
235 5.000000 5.000000 0.01896010000000000056
236 5.000000 5.000000 0.01690480000000000108
237 6.000000 6.000000 0.01799419999999999839
238 5.000000 5.000000 0.01760909999999999906
239 5.000000 5.000000 0.02420949999999999838
240 5.000000 5.000000 0.01898209999999999828
241 5.000000 5.000000 0.01520039999999999933
242 5.000000 5.000000 0.01574700000000000058
243 6.000000 6.000000 0.01429869999999999926
244 6.000000 6.000000 0.01544970000000000024
245 6.000000 6.000000 0.01826660000000000089
246 5.000000 5.000000 0.01481470000000000009
247 5.000000 5.000000 0.01790059999999999915
248 6.000000 6.000000 0.02207289999999999947
249 7.000000 7.000000 0.01638329999999999995
250 6.000000 6.000000 0.01814709999999999934
251 5.000000 5.000000 0.01563869999999999844
252 5.000000 5.000000 0.01776509999999999895
253 6.000000 6.000000 0.01662440000000000098
254 5.000000 5.000000 0.02150569999999999912
255 6.000000 6.000000 0.01770510000000000139
256 6.000000 6.000000 0.01811669999999999947
257 5.000000 5.000000 0.01679249999999999840
258 6.000000 6.000000 0.01641159999999999841
259 5.000000 5.000000 0.01877809999999999896
260 5.000000 5.000000 0.01507219999999999914
261 6.000000 6.000000 0.01614700000000000163
262 5.000000 5.000000 0.02188839999999999883
263 5.000000 5.000000 0.01525619999999999928
264 6.000000 6.000000 0.02075130000000000030
265 7.000000 6.000000 0.01426529999999999986
266 6.000000 6.000000 0.01850219999999999990
267 5.000000 5.000000 0.01907350000000000018
268 6.000000 6.000000 0.01672509999999999969
269 9.000000 7.000000 0.01417569999999999941
270 7.000000 6.000000 0.01654879999999999893
271 6.000000 6.000000 0.01697299999999999850
272 6.000000 6.000000 0.13380279999999999951
273 6.000000 6.000000 0.01621790000000000037
274 6.000000 6.000000 0.01627850000000000130
275 6.000000 6.000000 0.13222100000000000519
276 5.000000 5.000000 0.02057909999999999948
277 5.000000 5.000000 0.12199859999999999871
278 5.000000 5.000000 0.01418670000000000000
279 6.000000 6.000000 0.01473439999999999993
280 5.000000 5.000000 0.23459189999999999210
281 6.000000 6.000000 0.01427709999999999917
282 5.000000 5.000000 0.01631000000000000158
283 5.000000 5.000000 0.13980149999999999522
284 7.000000 6.000000 0.01456329999999999951
285 7.000000 6.000000 0.12361890000000000378
286 5.000000 5.000000 0.12254030000000000478
287 7.000000 6.000000 0.01550769999999999926
288 6.000000 6.000000 0.12722010000000000263
289 5.000000 5.000000 0.02274299999999999933
290 7.000000 6.000000 0.01780100000000000085
291 6.000000 6.000000 0.01728949999999999931
292 8.000000 7.000000 0.01748289999999999914
293 6.000000 6.000000 0.01403410000000000074
294 8.000000 7.000000 0.01557019999999999932
295 5.000000 5.000000 0.01940920000000000145
296 5.000000 5.000000 0.03018940000000000165
297 6.000000 6.000000 0.01802880000000000107
298 5.000000 5.000000 0.13806479999999998753
299 6.000000 6.000000 0.01723219999999999960
300 6.000000 6.000000 0.02096119999999999928
301 6.000000 6.000000 0.12292839999999999323
302 5.000000 5.000000 0.01903880000000000156
303 6.000000 6.000000 0.01676750000000000115
304 7.000000 7.000000 0.02097939999999999874
305 6.000000 6.000000 0.01601359999999999936
306 8.000000 7.000000 0.03529240000000000155
307 6.000000 6.000000 0.02820239999999999900
308 6.000000 6.000000 0.01506030000000000042
309 6.000000 6.000000 0.01332960000000000048
310 5.000000 5.000000 0.02025379999999999889
311 7.000000 7.000000 0.01401589999999999954
312 6.000000 6.000000 0.01490189999999999917
313 6.000000 6.000000 0.10075820000000000609
314 5.000000 5.000000 0.09476239999999999664
315 7.000000 7.000000 0.01915259999999999879
316 5.000000 5.000000 0.09695410000000000139
317 5.000000 5.000000 0.04192900000000000099
318 6.000000 6.000000 0.01554170000000000031
319 6.000000 6.000000 0.01474559999999999933
320 6.000000 6.000000 0.01513950000000000018
321 7.000000 6.000000 0.02081159999999999954
322 5.000000 5.000000 0.02004250000000000129
323 6.000000 6.000000 0.01787269999999999831
324 6.000000 6.000000 0.01653570000000000040
325 5.000000 5.000000 0.01478110000000000014
326 8.000000 7.000000 0.01575819999999999999
327 5.000000 5.000000 0.01663620000000000029
328 6.000000 6.000000 0.08537359999999999394
329 6.000000 6.000000 0.01353719999999999923
330 6.000000 6.000000 0.09209000000000000519
331 5.000000 5.000000 0.08791659999999999753
332 7.000000 6.000000 0.02010199999999999834
333 6.000000 6.000000 0.02181490000000000165
334 5.000000 5.000000 0.01689500000000000030
335 6.000000 6.000000 0.01441830000000000021
336 6.000000 6.000000 0.06525939999999999519
337 5.000000 5.000000 0.02183560000000000015
338 6.000000 6.000000 0.03275630000000000208
339 6.000000 6.000000 0.01481689999999999917
340 5.000000 5.000000 0.04366359999999999686
341 6.000000 6.000000 0.01932959999999999887
342 6.000000 6.000000 0.01631459999999999855
343 7.000000 7.000000 0.02174279999999999963
344 6.000000 6.000000 0.01976220000000000060
345 7.000000 6.000000 0.01428959999999999952
346 5.000000 5.000000 0.05437820000000000153
347 6.000000 6.000000 0.01338270000000000085
348 7.000000 6.000000 0.02310730000000000076
349 6.000000 6.000000 0.01961359999999999840
350 5.000000 5.000000 0.01875119999999999912
351 7.000000 6.000000 0.01389780000000000008
352 6.000000 6.000000 0.01401140000000000024
353 6.000000 6.000000 0.01660700000000000023
354 7.000000 6.000000 0.01604890000000000136
355 6.000000 6.000000 0.01568759999999999946
356 5.000000 5.000000 0.03572550000000000031
357 5.000000 5.000000 0.02531189999999999829
358 6.000000 6.000000 0.01968719999999999845
359 8.000000 6.000000 0.01388140000000000034
360 6.000000 6.000000 0.01655099999999999974
361 5.000000 5.000000 0.01546239999999999941
362 7.000000 7.000000 0.01506949999999999956
363 6.000000 6.000000 0.01594610000000000125
364 6.000000 6.000000 0.01536760000000000036
365 7.000000 7.000000 0.01583959999999999882
366 6.000000 6.000000 0.02294619999999999993
367 5.000000 5.000000 0.01633300000000000030
368 6.000000 6.000000 0.01403120000000000062
369 5.000000 5.000000 0.01787690000000000112
370 6.000000 6.000000 0.01653369999999999840
371 5.000000 5.000000 0.03660700000000000065
372 8.000000 6.000000 0.02154450000000000115
373 7.000000 7.000000 0.01559289999999999982
374 6.000000 6.000000 0.02196239999999999998
375 5.000000 5.000000 0.01543169999999999958
376 7.000000 7.000000 0.01525130000000000062
377 8.000000 7.000000 0.02967759999999999843
378 6.000000 6.000000 0.01768089999999999939
379 5.000000 5.000000 0.02648609999999999853
380 7.000000 7.000000 0.02781410000000000132
381 7.000000 6.000000 0.01362310000000000083
382 5.000000 5.000000 0.03064489999999999922
383 6.000000 6.000000 0.02787310000000000135
384 5.000000 5.000000 0.01577289999999999942
385 8.000000 7.000000 0.04232469999999999982
386 7.000000 7.000000 0.02400249999999999953
387 7.000000 6.000000 0.06755350000000000243
388 5.000000 5.000000 0.01533069999999999919
389 6.000000 6.000000 0.01769230000000000108
390 6.000000 6.000000 0.02024460000000000148
391 5.000000 5.000000 0.01730850000000000097
392 5.000000 5.000000 0.01712210000000000121
393 5.000000 5.000000 0.01406450000000000061
394 7.000000 7.000000 0.01853870000000000171
395 6.000000 6.000000 0.02440339999999999870
396 5.000000 5.000000 0.01540440000000000038
397 6.000000 6.000000 0.02483180000000000109
398 5.000000 5.000000 0.02695760000000000170
399 7.000000 7.000000 0.01621960000000000068
400 8.000000 7.000000 0.02042820000000000052
401 5.000000 5.000000 0.02370469999999999869
402 7.000000 7.000000 0.01505749999999999970
403 7.000000 6.000000 0.02574999999999999858
404 5.000000 5.000000 0.02648319999999999841
405 8.000000 6.000000 0.02293730000000000074
406 5.000000 5.000000 0.01907930000000000043
407 5.000000 5.000000 0.01502769999999999974
408 7.000000 6.000000 0.01764759999999999940
409 7.000000 7.000000 0.01508589999999999931
410 5.000000 5.000000 0.02114600000000000160
411 7.000000 6.000000 0.01492279999999999995
412 5.000000 5.000000 0.02379229999999999887
413 6.000000 6.000000 0.01389579999999999982
414 5.000000 5.000000 0.01634110000000000076
415 6.000000 6.000000 0.01268780000000000081
416 5.000000 5.000000 0.01456660000000000073
417 7.000000 6.000000 0.01426580000000000036
418 5.000000 5.000000 0.01732449999999999962
419 5.000000 5.000000 0.01665809999999999860
420 9.000000 7.000000 0.01474379999999999961
