1 5.000000 5.000000 0.14990739999999999621
2 12.000000 12.000000 0.05347940000000000332
3 7.000000 7.000000 0.03598409999999999803
4 8.000000 7.000000 0.05154229999999999923
5 8.000000 8.000000 0.06902469999999999439
6 12.000000 11.000000 0.03534720000000000223
7 11.000000 10.000000 0.04438899999999999790
8 6.000000 6.000000 0.03972490000000000049
9 16.000000 14.000000 0.03323539999999999828
10 9.000000 9.000000 0.03252979999999999761
11 7.000000 7.000000 0.02646690000000000154
12 7.000000 7.000000 0.03590680000000000260
13 8.000000 7.000000 0.04662109999999999865
14 10.000000 10.000000 0.02307529999999999998
15 14.000000 11.000000 0.03746610000000000218
16 10.000000 9.000000 0.02175389999999999963
17 14.000000 14.000000 0.01675659999999999997
18 7.000000 6.000000 0.03686720000000000275
19 8.000000 7.000000 0.01873810000000000059
20 7.000000 6.000000 0.02443729999999999861
21 10.000000 8.000000 0.02415379999999999958
22 11.000000 8.000000 0.01934869999999999993
23 6.000000 6.000000 0.01935080000000000133
24 13.000000 10.000000 0.01766639999999999877
25 10.000000 9.000000 0.02615189999999999876
26 11.000000 10.000000 0.02403179999999999900
27 8.000000 8.000000 0.02135540000000000008
28 10.000000 10.000000 0.02394829999999999876
29 5.000000 5.000000 0.03136860000000000342
30 9.000000 8.000000 0.01828629999999999839
31 9.000000 9.000000 0.02983620000000000022
32 6.000000 6.000000 0.01922569999999999835
33 9.000000 8.000000 0.02882759999999999836
34 9.000000 8.000000 0.02924399999999999916
35 6.000000 6.000000 0.01900989999999999971
36 6.000000 6.000000 0.02271070000000000033
37 12.000000 12.000000 0.01738110000000000002
38 10.000000 10.000000 0.01773330000000000045
39 6.000000 6.000000 0.01960659999999999833
40 10.000000 8.000000 0.03359530000000000155
41 10.000000 9.000000 0.04264099999999999835
42 8.000000 8.000000 0.03739809999999999662
43 6.000000 6.000000 0.03416050000000000336
44 7.000000 7.000000 0.02802690000000000042
45 11.000000 9.000000 0.02029919999999999988
46 8.000000 8.000000 0.03675900000000000001
47 15.000000 12.000000 0.04353019999999999806
48 12.000000 10.000000 0.01811750000000000166
49 10.000000 10.000000 0.02195669999999999913
50 15.000000 13.000000 0.01751180000000000098
51 9.000000 9.000000 0.03599709999999999716
52 11.000000 8.000000 0.01738169999999999993
53 6.000000 6.000000 0.02430010000000000156
54 7.000000 7.000000 0.02153079999999999924
55 13.000000 10.000000 0.01742389999999999911
56 16.000000 14.000000 0.02233490000000000128
57 8.000000 8.000000 0.01833569999999999992
58 6.000000 6.000000 0.01940100000000000158
59 10.000000 9.000000 0.02027019999999999864
60 9.000000 8.000000 0.02873289999999999872
61 9.000000 8.000000 0.01866539999999999866
62 7.000000 7.000000 0.03295870000000000050
63 16.000000 14.000000 0.01723579999999999904
64 6.000000 6.000000 0.01979289999999999869
65 7.000000 7.000000 0.02227149999999999963
66 9.000000 8.000000 0.02060060000000000016
67 9.000000 9.000000 0.01968380000000000130
68 14.000000 11.000000 0.01944099999999999995
69 12.000000 11.000000 0.01965959999999999930
70 12.000000 11.000000 0.01832239999999999910
71 8.000000 8.000000 0.02031849999999999976
72 14.000000 12.000000 0.02726390000000000063
73 9.000000 8.000000 0.01899970000000000131
74 10.000000 9.000000 0.01869370000000000059
75 7.000000 7.000000 0.01961660000000000140
76 10.000000 9.000000 0.01811909999999999910
77 9.000000 9.000000 0.01876320000000000071
78 9.000000 8.000000 0.01993939999999999949
79 8.000000 8.000000 0.01790179999999999896
80 14.000000 10.000000 0.01932139999999999899
81 9.000000 8.000000 0.02267579999999999943
82 7.000000 7.000000 0.02298299999999999996
83 13.000000 10.000000 0.01975280000000000091
84 12.000000 10.000000 0.04136730000000000268
85 10.000000 10.000000 0.01712230000000000002
86 8.000000 8.000000 0.02786989999999999953
87 9.000000 9.000000 0.01673880000000000159
88 8.000000 8.000000 0.02635900000000000049
89 8.000000 7.000000 0.01800519999999999898
90 6.000000 6.000000 0.02399750000000000147
91 6.000000 6.000000 0.02921129999999999907
92 7.000000 6.000000 0.02152000000000000093
93 8.000000 8.000000 0.02146709999999999938
94 8.000000 8.000000 0.05096040000000000292
95 10.000000 9.000000 0.01813309999999999922
96 6.000000 6.000000 0.03163289999999999852
97 8.000000 8.000000 0.02088009999999999866
98 8.000000 8.000000 0.02007420000000000038
99 5.000000 5.000000 0.04490340000000000303
100 11.000000 9.000000 0.02151629999999999862
101 7.000000 6.000000 0.01780529999999999960
102 8.000000 8.000000 0.02443680000000000158
103 9.000000 9.000000 0.01705510000000000012
104 14.000000 12.000000 0.02425810000000000119
105 8.000000 8.000000 0.01747860000000000039
106 12.000000 11.000000 0.04563799999999999801
107 10.000000 10.000000 0.02130949999999999858
108 8.000000 8.000000 0.01907150000000000165
109 12.000000 10.000000 0.01591619999999999840
110 6.000000 6.000000 0.02731340000000000157
111 9.000000 8.000000 0.03074580000000000021
112 11.000000 10.000000 0.03050550000000000136
113 13.000000 12.000000 0.02683249999999999871
114 9.000000 8.000000 0.01843840000000000062
115 10.000000 8.000000 0.02687140000000000015
116 12.000000 10.000000 0.01914899999999999936
117 13.000000 13.000000 0.02138529999999999945
118 9.000000 9.000000 0.01671189999999999828
119 18.000000 17.000000 0.03330480000000000246
120 8.000000 8.000000 0.01694299999999999973
121 6.000000 6.000000 0.03338780000000000220
122 6.000000 6.000000 0.02078009999999999927
123 7.000000 6.000000 0.02579530000000000017
124 11.000000 9.000000 0.01735690000000000149
125 10.000000 9.000000 0.04131180000000000269
126 6.000000 6.000000 0.02119870000000000088
127 7.000000 6.000000 0.02196340000000000098
128 10.000000 10.000000 0.02160930000000000142
129 7.000000 6.000000 0.01896180000000000088
130 11.000000 11.000000 0.02004099999999999979
131 7.000000 7.000000 0.02242500000000000049
132 9.000000 9.000000 0.02481749999999999928
133 12.000000 12.000000 0.01795139999999999930
134 12.000000 12.000000 0.03838099999999999845
135 5.000000 5.000000 0.01764599999999999849
136 5.000000 5.000000 0.01752990000000000104
137 11.000000 9.000000 0.01964660000000000017
138 9.000000 7.000000 0.01700830000000000050
139 11.000000 11.000000 0.03056700000000000042
140 8.000000 7.000000 0.02398120000000000113
141 10.000000 9.000000 0.01822740000000000124
142 10.000000 7.000000 0.01563650000000000109
143 9.000000 8.000000 0.01746090000000000142
144 16.000000 12.000000 0.02693399999999999961
145 10.000000 10.000000 0.01823920000000000055
146 11.000000 9.000000 0.02015590000000000090
147 12.000000 11.000000 0.01733490000000000031
148 7.000000 7.000000 0.01805110000000000048
149 11.000000 10.000000 0.01744940000000000033
150 10.000000 9.000000 0.01708329999999999918
151 7.000000 6.000000 0.01764280000000000015
152 7.000000 6.000000 0.03017200000000000090
153 9.000000 8.000000 0.01883140000000000161
154 9.000000 9.000000 0.01851210000000000008
155 8.000000 7.000000 0.03980340000000000267
156 7.000000 7.000000 0.01813549999999999884
157 12.000000 10.000000 0.02918619999999999895
158 5.000000 5.000000 0.01842059999999999878
159 9.000000 8.000000 0.03118440000000000101
160 9.000000 8.000000 0.01755119999999999944
161 5.000000 5.000000 0.02268589999999999843
162 11.000000 10.000000 0.02042470000000000049
163 9.000000 8.000000 0.01805129999999999929
164 10.000000 8.000000 0.02075369999999999993
165 10.000000 9.000000 0.02267490000000000130
166 15.000000 11.000000 0.03163799999999999946
167 7.000000 6.000000 0.02212899999999999937
168 15.000000 12.000000 0.01809370000000000075
169 8.000000 8.000000 0.03434079999999999772
170 7.000000 7.000000 0.01712670000000000164
171 10.000000 9.000000 0.01995919999999999986
172 7.000000 7.000000 0.01788460000000000050
173 12.000000 12.000000 0.03579399999999999943
174 5.000000 5.000000 0.01748229999999999923
175 8.000000 8.000000 0.01890179999999999985
176 12.000000 10.000000 0.01716159999999999908
177 11.000000 9.000000 0.01862060000000000104
178 7.000000 6.000000 0.01997509999999999911
179 9.000000 8.000000 0.02029159999999999991
180 8.000000 7.000000 0.01766219999999999943
181 13.000000 10.000000 0.01819799999999999890
182 9.000000 8.000000 0.02187319999999999889
183 12.000000 11.000000 0.01804029999999999870
184 6.000000 6.000000 0.01887360000000000079
185 7.000000 7.000000 0.01882369999999999877
186 7.000000 6.000000 0.01889220000000000135
187 9.000000 9.000000 0.01898460000000000078
188 7.000000 6.000000 0.01832649999999999904
189 8.000000 8.000000 0.01733459999999999862
190 9.000000 8.000000 0.01916090000000000154
191 7.000000 7.000000 0.02133269999999999958
192 6.000000 6.000000 0.02587000000000000063
193 11.000000 11.000000 0.02037080000000000141
194 6.000000 6.000000 0.01818320000000000006
195 9.000000 9.000000 0.01666880000000000098
196 11.000000 10.000000 0.01768720000000000014
197 9.000000 9.000000 0.01746249999999999886
198 12.000000 10.000000 0.01945979999999999932
199 9.000000 8.000000 0.01856489999999999876
200 11.000000 9.000000 0.01793929999999999830
201 15.000000 14.000000 0.01964839999999999989
202 10.000000 9.000000 0.01998770000000000061
203 9.000000 9.000000 0.02123130000000000156
204 10.000000 8.000000 0.01775849999999999998
205 14.000000 14.000000 0.01722539999999999835
206 13.000000 11.000000 0.01759339999999999862
207 7.000000 7.000000 0.02132679999999999992
208 9.000000 9.000000 0.01944299999999999848
209 11.000000 9.000000 0.02115260000000000057
210 9.000000 9.000000 0.02058470000000000091
211 5.000000 5.000000 0.01934359999999999899
212 5.000000 5.000000 0.01736029999999999865
213 6.000000 6.000000 0.01906789999999999874
214 8.000000 8.000000 0.01910929999999999920
215 6.000000 6.000000 0.01911169999999999883
216 7.000000 7.000000 0.01704189999999999872
217 7.000000 7.000000 0.01742580000000000170
218 9.000000 8.000000 0.01846050000000000121
219 7.000000 7.000000 0.01825600000000000139
220 10.000000 10.000000 0.02510599999999999984
221 7.000000 7.000000 0.01598199999999999968
222 8.000000 8.000000 0.01719350000000000045
223 7.000000 7.000000 0.01746009999999999923
224 11.000000 9.000000 0.01754210000000000144
225 11.000000 11.000000 0.01873680000000000137
226 6.000000 6.000000 0.01871340000000000156
227 14.000000 12.000000 0.01722229999999999941
228 9.000000 9.000000 0.01870509999999999881
229 8.000000 8.000000 0.03503740000000000326
230 11.000000 10.000000 0.01912169999999999842
231 9.000000 9.000000 0.01776169999999999832
232 7.000000 7.000000 0.01860660000000000092
233 8.000000 8.000000 0.01766500000000000015
234 9.000000 8.000000 0.01787240000000000009
235 7.000000 7.000000 0.01805059999999999998
236 10.000000 10.000000 0.02008710000000000009
237 9.000000 9.000000 0.01836559999999999929
238 7.000000 7.000000 0.01706440000000000040
239 12.000000 11.000000 0.01826579999999999870
240 10.000000 8.000000 0.01952160000000000006
241 12.000000 11.000000 0.01822800000000000115
242 11.000000 9.000000 0.02064689999999999928
243 13.000000 12.000000 0.02004970000000000016
244 8.000000 6.000000 0.01992150000000000171
245 8.000000 7.000000 0.02116229999999999847
246 10.000000 9.000000 0.01745249999999999926
247 13.000000 9.000000 0.01675089999999999912
248 7.000000 7.000000 0.01830489999999999895
249 6.000000 6.000000 0.01846909999999999871
250 9.000000 8.000000 0.01803969999999999879
251 6.000000 6.000000 0.02028999999999999901
252 9.000000 8.000000 0.02149210000000000009
253 15.000000 11.000000 0.01740680000000000005
254 11.000000 10.000000 0.01937610000000000027
255 8.000000 7.000000 0.02115320000000000047
256 6.000000 6.000000 0.01940369999999999942
257 8.000000 8.000000 0.02150650000000000131
258 7.000000 7.000000 0.01760739999999999875
259 8.000000 8.000000 0.02021480000000000152
260 8.000000 8.000000 0.03015390000000000084
261 13.000000 13.000000 0.01807419999999999860
262 9.000000 8.000000 0.03182410000000000100
263 5.000000 5.000000 0.03427750000000000241
264 10.000000 10.000000 0.01999039999999999845
265 5.000000 5.000000 0.01794050000000000158
266 11.000000 10.000000 0.01804120000000000029
267 7.000000 7.000000 0.01775339999999999904
268 6.000000 6.000000 0.01857939999999999939
269 6.000000 6.000000 0.03814639999999999698
270 9.000000 7.000000 0.02171899999999999872
271 6.000000 6.000000 0.01849129999999999871
272 8.000000 8.000000 0.03009610000000000063
273 6.000000 6.000000 0.02030890000000000126
274 6.000000 6.000000 0.02316860000000000100
275 7.000000 6.000000 0.02916279999999999914
276 8.000000 7.000000 0.01855029999999999873
277 5.000000 5.000000 0.02952010000000000051
278 13.000000 12.000000 0.01597060000000000146
279 7.000000 7.000000 0.02937530000000000002
280 8.000000 7.000000 0.02193600000000000064
281 12.000000 8.000000 0.02080829999999999833
282 8.000000 8.000000 0.02300160000000000052
283 11.000000 10.000000 0.01659590000000000024
284 5.000000 5.000000 0.02293289999999999912
285 8.000000 8.000000 0.02041410000000000100
286 12.000000 10.000000 0.02039020000000000069
287 10.000000 9.000000 0.01774799999999999989
288 7.000000 7.000000 0.02012030000000000068
289 9.000000 8.000000 0.01714589999999999864
290 11.000000 10.000000 0.02250840000000000132
291 16.000000 12.000000 0.01622289999999999843
292 11.000000 9.000000 0.01819859999999999881
293 6.000000 6.000000 0.01973919999999999841
294 8.000000 8.000000 0.01820839999999999959
295 6.000000 6.000000 0.02189009999999999914
296 9.000000 8.000000 0.01806280000000000038
297 12.000000 12.000000 0.01897480000000000000
298 6.000000 6.000000 0.01954869999999999872
299 9.000000 8.000000 0.01848949999999999899
300 6.000000 6.000000 0.02097660000000000149
301 14.000000 12.000000 0.01821719999999999937
302 13.000000 11.000000 0.01886689999999999895
303 8.000000 8.000000 0.02136079999999999923
304 10.000000 10.000000 0.03005079999999999904
305 12.000000 9.000000 0.01873170000000000043
306 11.000000 8.000000 0.01765610000000000096
307 11.000000 11.000000 0.01827739999999999920
308 11.000000 10.000000 0.01802110000000000170
309 8.000000 8.000000 0.01794609999999999955
310 6.000000 6.000000 0.01951019999999999838
311 11.000000 10.000000 0.01815649999999999903
312 8.000000 6.000000 0.01809039999999999954
313 15.000000 11.000000 0.01704390000000000072
314 7.000000 7.000000 0.01807790000000000091
315 8.000000 8.000000 0.01887499999999999942
316 6.000000 6.000000 0.01853089999999999946
317 10.000000 9.000000 0.01891670000000000157
318 8.000000 8.000000 0.03169469999999999926
319 11.000000 11.000000 0.01875960000000000127
320 6.000000 6.000000 0.01818459999999999868
321 10.000000 9.000000 0.01612610000000000085
322 7.000000 6.000000 0.01872249999999999956
323 9.000000 8.000000 0.01754669999999999841
324 8.000000 8.000000 0.01739069999999999852
325 6.000000 6.000000 0.01797889999999999905
326 10.000000 9.000000 0.01994980000000000017
327 7.000000 7.000000 0.01761460000000000109
328 7.000000 7.000000 0.02151470000000000118
329 10.000000 10.000000 0.01698660000000000100
330 8.000000 8.000000 0.01840500000000000122
331 6.000000 6.000000 0.01941870000000000054
332 7.000000 7.000000 0.01762189999999999937
333 10.000000 9.000000 0.02161079999999999945
334 13.000000 11.000000 0.02104570000000000052
335 17.000000 14.000000 0.01682590000000000127
336 6.000000 6.000000 0.01693479999999999985
337 13.000000 11.000000 0.01722510000000000013
338 7.000000 6.000000 0.01823169999999999999
339 7.000000 7.000000 0.01722819999999999907
340 10.000000 9.000000 0.01687469999999999942
341 6.000000 6.000000 0.01836420000000000066
342 11.000000 10.000000 0.01741890000000000105
343 9.000000 8.000000 0.01895859999999999906
344 10.000000 9.000000 0.01644239999999999938
345 10.000000 9.000000 0.01592719999999999900
346 8.000000 7.000000 0.01890870000000000051
347 8.000000 8.000000 0.01788860000000000103
348 10.000000 10.000000 0.01835310000000000066
349 11.000000 10.000000 0.01597480000000000080
350 9.000000 9.000000 0.01784379999999999994
351 7.000000 6.000000 0.01926720000000000169
352 8.000000 8.000000 0.01666710000000000066
353 10.000000 9.000000 0.01841579999999999953
354 9.000000 8.000000 0.01705889999999999837
355 10.000000 9.000000 0.02879699999999999968
356 10.000000 10.000000 0.02014660000000000062
357 10.000000 9.000000 0.02160689999999999833
358 8.000000 8.000000 0.02107180000000000164
359 16.000000 14.000000 0.03352030000000000287
360 10.000000 9.000000 0.01784919999999999909
361 8.000000 8.000000 0.02168170000000000167
362 7.000000 7.000000 0.01786580000000000112
363 11.000000 9.000000 0.01730980000000000019
364 15.000000 12.000000 0.01749219999999999942
365 10.000000 7.000000 0.02067509999999999834
366 7.000000 6.000000 0.01740670000000000064
367 10.000000 9.000000 0.01799009999999999845
368 6.000000 6.000000 0.01814270000000000119
369 7.000000 7.000000 0.02574349999999999902
370 11.000000 10.000000 0.02030279999999999932
371 12.000000 12.000000 0.02875219999999999859
372 9.000000 8.000000 0.01974160000000000151
373 7.000000 6.000000 0.03528590000000000199
374 7.000000 6.000000 0.01765979999999999980
375 9.000000 8.000000 0.01942560000000000120
376 7.000000 7.000000 0.01605670000000000014
377 9.000000 9.000000 0.01950580000000000022
378 9.000000 9.000000 0.01753640000000000060
379 6.000000 6.000000 0.02017079999999999915
380 12.000000 10.000000 0.07519480000000000608
381 11.000000 9.000000 0.01758530000000000162
382 8.000000 8.000000 0.03378280000000000172
383 7.000000 7.000000 0.01874489999999999837
384 9.000000 8.000000 0.02261729999999999990
385 11.000000 9.000000 0.01745789999999999842
386 12.000000 10.000000 0.02122680000000000053
387 12.000000 11.000000 0.01725660000000000041
388 6.000000 6.000000 0.04153189999999999660
389 10.000000 9.000000 0.02103860000000000105
390 8.000000 8.000000 0.02115639999999999882
391 8.000000 8.000000 0.01955449999999999897
392 8.000000 8.000000 0.01746970000000000120
393 13.000000 12.000000 0.01751839999999999994
394 12.000000 10.000000 0.02030960000000000057
395 5.000000 5.000000 0.01773080000000000142
396 8.000000 8.000000 0.01737589999999999968
397 8.000000 8.000000 0.01916939999999999963
398 11.000000 11.000000 0.02558809999999999904
399 10.000000 8.000000 0.01760240000000000068
400 15.000000 13.000000 0.01739939999999999889
401 9.000000 9.000000 0.01901339999999999975
402 17.000000 13.000000 0.01741759999999999836
403 10.000000 9.000000 0.02465180000000000149
404 10.000000 9.000000 0.01745220000000000105
405 6.000000 6.000000 0.01898680000000000159
406 16.000000 12.000000 0.01929229999999999834
407 8.000000 8.000000 0.01831249999999999892
408 8.000000 8.000000 0.01897120000000000056
409 8.000000 7.000000 0.01719319999999999876
410 7.000000 7.000000 0.01587809999999999916
411 10.000000 8.000000 0.01896290000000000128
412 9.000000 8.000000 0.01721730000000000135
413 8.000000 8.000000 0.01784329999999999944
414 5.000000 5.000000 0.01784739999999999938
415 8.000000 8.000000 0.01841680000000000053
416 8.000000 8.000000 0.01830239999999999992
417 7.000000 7.000000 0.01923599999999999963
418 9.000000 8.000000 0.01769170000000000118
419 15.000000 13.000000 0.01640820000000000126
420 11.000000 10.000000 0.01910919999999999980
