1 15.000000 14.000000 0.20534189999999999388
2 13.000000 11.000000 0.10317819999999999769
3 15.000000 13.000000 0.06847680000000000433
4 11.000000 11.000000 0.06422250000000000181
5 18.000000 16.000000 0.10265000000000000513
6 8.000000 8.000000 0.04859839999999999993
7 7.000000 7.000000 0.04237219999999999875
8 21.000000 17.000000 0.05391379999999999784
9 18.000000 16.000000 0.04374310000000000004
10 10.000000 10.000000 0.05771239999999999704
11 19.000000 16.000000 0.06694029999999999425
12 14.000000 13.000000 0.03525219999999999743
13 17.000000 15.000000 0.02957059999999999897
14 20.000000 17.000000 0.07872679999999999956
15 17.000000 14.000000 0.02712670000000000012
16 11.000000 11.000000 0.05669939999999999702
17 9.000000 9.000000 0.09267190000000000150
18 29.000000 26.000000 0.05717119999999999841
19 15.000000 13.000000 0.05694140000000000312
20 11.000000 10.000000 0.05027149999999999674
21 21.000000 19.000000 0.06619129999999999459
22 25.000000 23.000000 0.03706410000000000260
23 13.000000 12.000000 0.04753419999999999868
24 17.000000 13.000000 0.05709589999999999804
25 8.000000 8.000000 0.07262910000000000199
26 19.000000 16.000000 0.06665179999999999716
27 19.000000 16.000000 0.06398189999999999433
28 18.000000 17.000000 0.05424989999999999674
29 12.000000 10.000000 0.02816360000000000044
30 11.000000 9.000000 0.04276560000000000084
31 24.000000 19.000000 0.05894019999999999815
32 12.000000 11.000000 0.04616710000000000258
33 17.000000 15.000000 0.05490099999999999841
34 14.000000 13.000000 0.06442779999999999341
35 20.000000 20.000000 0.06398650000000000171
36 19.000000 18.000000 0.02362059999999999854
37 15.000000 13.000000 0.04926040000000000280
38 26.000000 21.000000 0.06940699999999999648
39 16.000000 15.000000 0.05358299999999999869
40 23.000000 19.000000 0.04721349999999999852
41 10.000000 10.000000 0.06238649999999999751
42 23.000000 18.000000 0.06241630000000000095
43 25.000000 21.000000 0.05031800000000000161
44 21.000000 19.000000 0.04388870000000000271
45 15.000000 14.000000 0.05908189999999999970
46 14.000000 13.000000 0.05001209999999999684
47 21.000000 17.000000 0.06133709999999999857
48 8.000000 8.000000 0.05547010000000000135
49 19.000000 18.000000 0.04780990000000000240
50 19.000000 18.000000 0.05961500000000000132
51 17.000000 15.000000 0.04823290000000000216
52 14.000000 13.000000 0.07008430000000000215
53 21.000000 19.000000 0.05925230000000000080
54 14.000000 13.000000 0.03141689999999999761
55 22.000000 20.000000 0.05769620000000000304
56 24.000000 20.000000 0.05569349999999999995
57 16.000000 14.000000 0.04698019999999999974
58 24.000000 20.000000 0.06162630000000000191
59 25.000000 22.000000 0.06848840000000000483
60 25.000000 19.000000 0.05846969999999999945
61 19.000000 16.000000 0.06385100000000000497
62 17.000000 16.000000 0.06298299999999999732
63 25.000000 23.000000 0.06049329999999999985
64 9.000000 9.000000 0.06571190000000000364
65 13.000000 13.000000 0.06028069999999999956
66 15.000000 14.000000 0.06302209999999999757
67 28.000000 21.000000 0.06107069999999999860
68 7.000000 7.000000 0.06470810000000000450
69 20.000000 17.000000 0.06087589999999999668
70 12.000000 12.000000 0.06558569999999999678
71 14.000000 13.000000 0.06756719999999999393
72 20.000000 17.000000 0.07200570000000000581
73 14.000000 14.000000 0.06371580000000000299
74 25.000000 22.000000 0.06382300000000000473
75 22.000000 18.000000 0.05828160000000000285
76 21.000000 18.000000 0.05620990000000000014
77 19.000000 15.000000 0.05941930000000000128
78 18.000000 17.000000 0.02626229999999999884
79 10.000000 10.000000 0.02559490000000000029
80 16.000000 15.000000 0.02661660000000000068
81 9.000000 8.000000 0.06191490000000000188
82 32.000000 24.000000 0.06827550000000000285
83 20.000000 18.000000 0.06308940000000000381
84 21.000000 19.000000 0.05872279999999999861
85 5.000000 5.000000 0.05939919999999999922
86 10.000000 10.000000 0.06039359999999999867
87 25.000000 23.000000 0.05580650000000000194
88 16.000000 14.000000 0.05651699999999999779
89 9.000000 8.000000 0.05933100000000000179
90 22.000000 20.000000 0.02134230000000000155
91 13.000000 12.000000 0.06237859999999999933
92 23.000000 20.000000 0.02202729999999999966
93 19.000000 19.000000 0.02739760000000000112
94 22.000000 17.000000 0.02833590000000000067
95 16.000000 16.000000 0.02468040000000000164
96 12.000000 11.000000 0.02959439999999999987
97 19.000000 17.000000 0.06192460000000000325
98 21.000000 16.000000 0.02466890000000000055
99 23.000000 17.000000 0.06206930000000000086
100 25.000000 20.000000 0.02224059999999999926
101 24.000000 21.000000 0.02925269999999999954
102 12.000000 10.000000 0.02724400000000000086
103 11.000000 10.000000 0.02408619999999999858
104 25.000000 21.000000 0.06954739999999999533
105 15.000000 14.000000 0.06232719999999999927
106 20.000000 20.000000 0.05755829999999999974
107 16.000000 14.000000 0.06267469999999999986
108 17.000000 14.000000 0.05832049999999999734
109 24.000000 19.000000 0.05466089999999999838
110 16.000000 15.000000 0.06105479999999999935
111 18.000000 17.000000 0.02510449999999999834
112 16.000000 15.000000 0.06658239999999999992
113 20.000000 19.000000 0.05894010000000000221
114 18.000000 16.000000 0.02394829999999999876
115 15.000000 14.000000 0.02805080000000000073
116 27.000000 23.000000 0.02494379999999999861
117 23.000000 19.000000 0.06052060000000000078
118 22.000000 19.000000 0.06603109999999999535
119 23.000000 22.000000 0.04032039999999999930
120 26.000000 22.000000 0.05430809999999999804
121 7.000000 7.000000 0.05943140000000000228
122 17.000000 14.000000 0.06354319999999999413
123 9.000000 9.000000 0.06062850000000000183
124 15.000000 14.000000 0.06479600000000000637
125 16.000000 14.000000 0.06409040000000000570
126 18.000000 18.000000 0.02682930000000000037
127 17.000000 14.000000 0.02579530000000000017
128 21.000000 19.000000 0.05873470000000000080
129 19.000000 17.000000 0.06637350000000000194
130 23.000000 19.000000 0.06027600000000000319
131 25.000000 21.000000 0.05144329999999999736
132 11.000000 11.000000 0.04005349999999999883
133 13.000000 13.000000 0.02415360000000000076
134 12.000000 11.000000 0.05584759999999999724
135 23.000000 18.000000 0.04511459999999999776
136 17.000000 15.000000 0.05888580000000000203
137 21.000000 19.000000 0.02953760000000000066
138 17.000000 16.000000 0.04217869999999999953
139 18.000000 17.000000 0.05151990000000000042
140 15.000000 13.000000 0.04458979999999999888
141 17.000000 15.000000 0.04686749999999999944
142 22.000000 19.000000 0.02351179999999999937
143 26.000000 21.000000 0.05321610000000000229
144 23.000000 18.000000 0.05165140000000000009
145 26.000000 22.000000 0.02140169999999999920
146 18.000000 14.000000 0.05493719999999999853
147 22.000000 20.000000 0.04901590000000000114
148 25.000000 22.000000 0.05832280000000000103
149 13.000000 12.000000 0.06949429999999999497
150 21.000000 20.000000 0.05672699999999999965
151 16.000000 15.000000 0.05468669999999999781
152 6.000000 6.000000 0.06057520000000000265
153 19.000000 15.000000 0.05371299999999999686
154 21.000000 17.000000 0.05069370000000000126
155 19.000000 18.000000 0.05965899999999999676
156 14.000000 13.000000 0.06372790000000000399
157 9.000000 9.000000 0.05080119999999999775
158 13.000000 12.000000 0.04228420000000000095
159 21.000000 16.000000 0.05394619999999999971
160 12.000000 10.000000 0.05552170000000000022
161 14.000000 12.000000 0.05723280000000000034
162 15.000000 13.000000 0.05179679999999999701
163 20.000000 18.000000 0.04746140000000000081
164 29.000000 23.000000 0.01983299999999999993
165 17.000000 16.000000 0.05371340000000000142
166 22.000000 21.000000 0.04599620000000000097
167 19.000000 17.000000 0.05248390000000000000
168 27.000000 20.000000 0.05701250000000000068
169 19.000000 17.000000 0.02877889999999999962
170 21.000000 16.000000 0.05227770000000000333
171 28.000000 26.000000 0.02372669999999999987
172 17.000000 15.000000 0.05696609999999999868
173 16.000000 15.000000 0.02295049999999999868
174 19.000000 16.000000 0.05196800000000000030
175 15.000000 13.000000 0.05397140000000000271
176 23.000000 20.000000 0.05228939999999999977
177 25.000000 21.000000 0.05391139999999999821
178 19.000000 15.000000 0.05736190000000000039
179 18.000000 16.000000 0.04456639999999999907
180 22.000000 17.000000 0.05808560000000000112
181 17.000000 14.000000 0.05932359999999999717
182 25.000000 21.000000 0.02327869999999999939
183 19.000000 17.000000 0.03569010000000000238
184 28.000000 23.000000 0.04467680000000000262
185 9.000000 9.000000 0.05495649999999999841
186 15.000000 13.000000 0.05231790000000000052
187 16.000000 16.000000 0.05192739999999999856
188 22.000000 18.000000 0.05353290000000000132
189 15.000000 13.000000 0.05580870000000000275
190 16.000000 16.000000 0.04896369999999999889
191 14.000000 13.000000 0.05481189999999999674
192 30.000000 26.000000 0.05415980000000000100
193 27.000000 20.000000 0.04557760000000000283
194 28.000000 24.000000 0.02071160000000000015
195 14.000000 13.000000 0.05701019999999999699
196 18.000000 17.000000 0.05425920000000000049
197 22.000000 19.000000 0.05862370000000000081
198 15.000000 11.000000 0.05321019999999999917
199 22.000000 21.000000 0.05154310000000000141
200 15.000000 13.000000 0.05179659999999999820
201 22.000000 18.000000 0.05588970000000000049
202 28.000000 23.000000 0.04914600000000000218
203 8.000000 8.000000 0.05546380000000000060
204 23.000000 19.000000 0.02468120000000000036
205 21.000000 19.000000 0.05203920000000000073
206 19.000000 16.000000 0.05703760000000000080
207 8.000000 8.000000 0.05491209999999999841
208 19.000000 17.000000 0.04611040000000000277
209 24.000000 20.000000 0.06178369999999999695
210 17.000000 15.000000 0.05384660000000000141
211 22.000000 20.000000 0.02125470000000000137
212 33.000000 25.000000 0.05748099999999999737
213 12.000000 11.000000 0.04993920000000000303
214 17.000000 13.000000 0.04745309999999999806
215 23.000000 17.000000 0.05430890000000000023
216 24.000000 19.000000 0.04566440000000000082
217 14.000000 13.000000 0.05577950000000000269
218 18.000000 16.000000 0.05742200000000000082
219 9.000000 9.000000 0.06206450000000000161
220 10.000000 10.000000 0.05305909999999999793
221 20.000000 16.000000 0.05072109999999999813
222 21.000000 19.000000 0.04316230000000000067
223 11.000000 11.000000 0.05389379999999999865
224 25.000000 18.000000 0.02512429999999999872
225 23.000000 17.000000 0.02251730000000000051
226 16.000000 12.000000 0.03904810000000000225
227 9.000000 9.000000 0.05281140000000000140
228 18.000000 15.000000 0.05750659999999999800
229 9.000000 9.000000 0.06485119999999999774
230 30.000000 25.000000 0.05704730000000000217
231 16.000000 15.000000 0.05419229999999999881
232 30.000000 26.000000 0.05267270000000000285
233 24.000000 24.000000 0.05155900000000000066
234 11.000000 11.000000 0.05275099999999999928
235 23.000000 19.000000 0.06050540000000000085
236 20.000000 16.000000 0.03886749999999999927
237 17.000000 15.000000 0.05131650000000000100
238 24.000000 20.000000 0.06069309999999999983
239 18.000000 16.000000 0.06363929999999999587
240 25.000000 20.000000 0.05808189999999999881
241 15.000000 15.000000 0.02678509999999999919
242 23.000000 21.000000 0.06484220000000000261
243 23.000000 19.000000 0.02539430000000000159
244 17.000000 16.000000 0.02518919999999999840
245 20.000000 17.000000 0.04693920000000000037
246 18.000000 15.000000 0.03466040000000000093
247 20.000000 16.000000 0.02407170000000000143
248 18.000000 15.000000 0.04774269999999999903
249 15.000000 13.000000 0.05356129999999999919
250 29.000000 24.000000 0.01815150000000000097
251 19.000000 16.000000 0.02525989999999999833
252 23.000000 17.000000 0.06084749999999999881
253 21.000000 16.000000 0.03396230000000000082
254 9.000000 9.000000 0.04374259999999999954
255 22.000000 20.000000 0.04034390000000000198
256 7.000000 7.000000 0.06417680000000000606
257 17.000000 17.000000 0.05368320000000000036
258 19.000000 14.000000 0.04537970000000000198
259 25.000000 20.000000 0.05764230000000000048
260 22.000000 17.000000 0.05507909999999999889
261 24.000000 21.000000 0.06661000000000000254
262 12.000000 11.000000 0.04972730000000000206
263 19.000000 19.000000 0.04720010000000000178
264 18.000000 17.000000 0.04698270000000000224
265 16.000000 15.000000 0.05724459999999999965
266 15.000000 15.000000 0.04398969999999999964
267 17.000000 16.000000 0.05383870000000000322
268 9.000000 8.000000 0.05456219999999999820
269 16.000000 16.000000 0.04022830000000000156
270 15.000000 14.000000 0.05910789999999999794
271 16.000000 14.000000 0.02569000000000000103
272 29.000000 25.000000 0.02640469999999999970
273 10.000000 10.000000 0.02721470000000000139
274 18.000000 16.000000 0.02489080000000000112
275 12.000000 12.000000 0.02597529999999999978
276 20.000000 18.000000 0.02698040000000000160
277 14.000000 13.000000 0.06132810000000000344
278 22.000000 20.000000 0.02394639999999999963
279 16.000000 16.000000 0.02739379999999999940
280 24.000000 22.000000 0.02477299999999999988
281 20.000000 18.000000 0.02678200000000000025
282 16.000000 15.000000 0.04724919999999999815
283 22.000000 18.000000 0.05871289999999999842
284 15.000000 12.000000 0.02544269999999999865
285 13.000000 13.000000 0.06345059999999999589
286 24.000000 20.000000 0.02984770000000000131
287 10.000000 10.000000 0.04948290000000000327
288 16.000000 14.000000 0.05716940000000000216
289 24.000000 21.000000 0.06461419999999999664
290 14.000000 12.000000 0.04577080000000000037
291 16.000000 14.000000 0.05405499999999999888
292 13.000000 12.000000 0.05916149999999999881
293 24.000000 24.000000 0.03805970000000000186
294 13.000000 12.000000 0.06258130000000000637
295 23.000000 20.000000 0.02202470000000000122
296 20.000000 17.000000 0.02462409999999999946
297 17.000000 15.000000 0.02903259999999999869
298 9.000000 9.000000 0.05039579999999999754
299 20.000000 16.000000 0.02600589999999999846
300 19.000000 16.000000 0.02548970000000000055
301 23.000000 20.000000 0.04528200000000000280
302 16.000000 14.000000 0.05814829999999999999
303 9.000000 9.000000 0.05467969999999999775
304 27.000000 26.000000 0.06085650000000000087
305 24.000000 21.000000 0.04705609999999999654
306 15.000000 14.000000 0.05757249999999999868
307 20.000000 17.000000 0.03401749999999999913
308 13.000000 11.000000 0.06090870000000000312
309 18.000000 14.000000 0.04472229999999999955
310 18.000000 15.000000 0.04080280000000000018
311 28.000000 23.000000 0.02165419999999999845
312 37.000000 33.000000 0.04680430000000000007
313 20.000000 18.000000 0.05142170000000000074
314 9.000000 9.000000 0.04131159999999999693
315 8.000000 8.000000 0.02558850000000000013
316 19.000000 16.000000 0.02609809999999999908
317 21.000000 18.000000 0.02712140000000000037
318 13.000000 12.000000 0.02774729999999999905
319 14.000000 13.000000 0.03902619999999999700
320 13.000000 13.000000 0.05375230000000000286
321 18.000000 16.000000 0.02043580000000000049
322 23.000000 19.000000 0.04612870000000000165
323 12.000000 11.000000 0.02915910000000000030
324 16.000000 16.000000 0.03399859999999999688
325 13.000000 12.000000 0.05353619999999999907
326 21.000000 18.000000 0.02731549999999999950
327 13.000000 13.000000 0.04211260000000000003
328 32.000000 25.000000 0.05700990000000000224
329 14.000000 12.000000 0.04010380000000000195
330 18.000000 16.000000 0.03485570000000000335
331 25.000000 19.000000 0.05023509999999999781
332 20.000000 19.000000 0.03847579999999999750
333 7.000000 7.000000 0.04506709999999999883
334 11.000000 10.000000 0.04174839999999999801
335 20.000000 18.000000 0.05464829999999999688
336 16.000000 14.000000 0.05254059999999999980
337 14.000000 13.000000 0.04752900000000000180
338 23.000000 18.000000 0.02644060000000000160
339 14.000000 14.000000 0.02669430000000000067
340 14.000000 14.000000 0.04850759999999999794
341 29.000000 24.000000 0.02817269999999999844
342 17.000000 16.000000 0.04509459999999999857
343 23.000000 19.000000 0.04183710000000000206
344 13.000000 13.000000 0.05139090000000000324
345 14.000000 10.000000 0.04238800000000000207
346 13.000000 12.000000 0.04605100000000000166
347 23.000000 21.000000 0.04381419999999999759
348 14.000000 14.000000 0.05014790000000000220
349 16.000000 15.000000 0.04675220000000000070
350 12.000000 11.000000 0.04828059999999999991
351 21.000000 17.000000 0.03759239999999999804
352 23.000000 18.000000 0.02841300000000000076
353 8.000000 8.000000 0.04358870000000000106
354 13.000000 12.000000 0.04707419999999999660
355 24.000000 22.000000 0.03618539999999999951
356 20.000000 19.000000 0.06140849999999999781
357 14.000000 14.000000 0.03763240000000000335
358 24.000000 21.000000 0.04727390000000000064
359 16.000000 13.000000 0.05079059999999999825
360 20.000000 19.000000 0.03500530000000000308
361 22.000000 18.000000 0.03835029999999999689
362 15.000000 13.000000 0.04722710000000000102
363 17.000000 16.000000 0.04937420000000000003
364 25.000000 21.000000 0.04481990000000000279
365 19.000000 17.000000 0.04261809999999999904
366 21.000000 20.000000 0.07642050000000000232
367 25.000000 21.000000 0.04173980000000000051
368 18.000000 16.000000 0.04720350000000000240
369 13.000000 12.000000 0.04780140000000000083
370 9.000000 8.000000 0.05126580000000000026
371 15.000000 13.000000 0.04202159999999999923
372 19.000000 18.000000 0.03316589999999999816
373 24.000000 19.000000 0.04028539999999999899
374 21.000000 17.000000 0.04567510000000000320
375 25.000000 19.000000 0.05162730000000000097
376 22.000000 22.000000 0.02905200000000000143
377 8.000000 7.000000 0.05462920000000000276
378 16.000000 15.000000 0.03229470000000000257
379 17.000000 16.000000 0.05459870000000000001
380 19.000000 17.000000 0.05444439999999999696
381 21.000000 17.000000 0.04933139999999999747
382 8.000000 8.000000 0.03728490000000000276
383 15.000000 14.000000 0.03873669999999999891
384 20.000000 17.000000 0.04755600000000000105
385 15.000000 13.000000 0.04259519999999999973
386 9.000000 8.000000 0.05707750000000000323
387 13.000000 13.000000 0.05230579999999999952
388 10.000000 9.000000 0.04883210000000000328
389 22.000000 17.000000 0.02082660000000000067
390 18.000000 16.000000 0.04602710000000000135
391 24.000000 21.000000 0.04891600000000000115
392 19.000000 18.000000 0.04882480000000000153
393 26.000000 25.000000 0.04275799999999999740
394 21.000000 17.000000 0.04211739999999999928
395 21.000000 18.000000 0.04337980000000000308
396 18.000000 16.000000 0.05429980000000000223
397 8.000000 8.000000 0.03822649999999999659
398 18.000000 16.000000 0.02623110000000000025
399 17.000000 15.000000 0.02714010000000000034
400 11.000000 11.000000 0.06012950000000000239
401 13.000000 12.000000 0.04303980000000000306
402 13.000000 11.000000 0.04290510000000000157
403 9.000000 9.000000 0.04222850000000000215
404 23.000000 18.000000 0.02615719999999999851
405 20.000000 16.000000 0.02528750000000000095
406 17.000000 16.000000 0.05322110000000000035
407 13.000000 11.000000 0.03821610000000000285
408 13.000000 11.000000 0.05564390000000000308
409 24.000000 23.000000 0.03515170000000000100
410 22.000000 20.000000 0.05865750000000000131
411 12.000000 11.000000 0.04139990000000000336
412 14.000000 13.000000 0.05030869999999999786
413 15.000000 13.000000 0.02786100000000000035
414 14.000000 13.000000 0.04134840000000000043
415 18.000000 16.000000 0.04951780000000000070
416 26.000000 23.000000 0.04578170000000000156
417 30.000000 23.000000 0.04300289999999999668
418 13.000000 12.000000 0.05197090000000000043
419 14.000000 12.000000 0.03999570000000000208
420 25.000000 19.000000 0.05067599999999999882
