1 58.000000 51.000000 1.64221440000000007409
2 106.000000 92.000000 0.71894190000000002261
3 76.000000 65.000000 1.48042720000000005420
4 100.000000 86.000000 0.30018830000000001901
5 70.000000 62.000000 0.36612319999999998199
6 85.000000 71.000000 0.54408129999999998994
7 47.000000 39.000000 0.54348269999999998525
8 58.000000 47.000000 0.62488120000000002552
9 78.000000 68.000000 0.32164399999999998547
10 110.000000 88.000000 0.14250889999999999391
11 107.000000 97.000000 0.19998040000000000260
12 105.000000 97.000000 0.27964420000000000943
13 71.000000 62.000000 0.48389060000000000406
14 80.000000 71.000000 1.53377190000000007686
15 38.000000 32.000000 0.99593900000000001871
16 103.000000 91.000000 0.21886839999999999073
17 42.000000 34.000000 0.42657889999999998309
18 117.000000 93.000000 0.54956150000000003608
19 76.000000 71.000000 0.55646180000000000643
20 53.000000 48.000000 0.58882860000000003531
21 89.000000 73.000000 0.33120349999999998403
22 63.000000 56.000000 0.54955540000000002721
23 56.000000 47.000000 0.51930430000000005197
24 110.000000 86.000000 0.72779409999999999936
25 80.000000 73.000000 0.35204449999999998244
26 51.000000 43.000000 0.74940539999999999932
27 55.000000 48.000000 0.57754360000000004582
28 110.000000 88.000000 0.13857949999999999435
29 59.000000 56.000000 0.36873770000000000158
30 53.000000 49.000000 0.66853540000000000187
31 53.000000 46.000000 0.62139009999999994527
32 61.000000 52.000000 0.42545589999999999797
33 45.000000 40.000000 0.71478050000000004083
34 48.000000 39.000000 0.57554300000000002679
35 79.000000 71.000000 0.61942669999999999675
36 69.000000 59.000000 0.52789330000000000975
37 69.000000 56.000000 0.57414039999999999520
38 83.000000 75.000000 0.40957589999999999275
39 75.000000 68.000000 0.20219550000000000023
40 67.000000 64.000000 0.53617400000000003946
41 64.000000 60.000000 0.63327909999999998369
42 34.000000 33.000000 0.56350210000000000576
43 83.000000 75.000000 0.32013120000000000465
44 80.000000 68.000000 0.14245209999999999817
45 56.000000 53.000000 0.44005630000000001134
46 103.000000 81.000000 0.54623860000000001858
47 78.000000 69.000000 0.36633959999999998747
48 90.000000 84.000000 0.30632160000000002720
49 66.000000 58.000000 0.16894739999999999758
50 117.000000 87.000000 0.44799050000000001370
51 39.000000 33.000000 1.20864740000000003839
52 89.000000 80.000000 0.44884899999999999798
53 69.000000 63.000000 0.64386239999999994588
54 44.000000 39.000000 0.34986889999999998269
55 73.000000 60.000000 0.73745220000000000216
56 51.000000 47.000000 0.69407059999999998201
57 71.000000 65.000000 0.56255540000000003875
58 68.000000 55.000000 0.37102220000000002420
59 67.000000 56.000000 0.29436489999999998490
60 89.000000 76.000000 0.37659789999999998544
61 81.000000 66.000000 0.20760290000000000687
62 54.000000 48.000000 0.64775599999999999845
63 64.000000 55.000000 0.67002369999999999983
64 44.000000 44.000000 0.49599739999999997719
65 73.000000 69.000000 0.49051169999999999494
66 85.000000 72.000000 0.33229209999999997915
67 68.000000 55.000000 0.40994510000000000671
68 98.000000 86.000000 0.24330009999999999137
69 38.000000 36.000000 0.64162030000000003227
70 32.000000 28.000000 0.76037069999999995495
71 77.000000 69.000000 0.79699319999999995723
72 118.000000 96.000000 0.14442160000000001108
73 37.000000 35.000000 0.46999780000000002111
74 41.000000 33.000000 0.79645869999999996391
75 44.000000 33.000000 0.62997179999999997069
76 44.000000 41.000000 0.51730659999999994980
77 66.000000 57.000000 0.60571339999999995740
78 89.000000 70.000000 0.84746710000000002871
79 75.000000 64.000000 0.68461389999999999745
80 85.000000 73.000000 0.22812730000000000508
81 89.000000 74.000000 0.41201510000000002298
82 89.000000 80.000000 0.43783339999999998371
83 107.000000 93.000000 0.30390840000000002297
84 61.000000 50.000000 0.49113610000000001987
85 83.000000 69.000000 0.46272140000000000493
86 63.000000 55.000000 0.68553200000000003023
87 61.000000 54.000000 1.03222640000000009941
88 57.000000 54.000000 0.36599890000000001589
89 87.000000 78.000000 0.44942830000000000279
90 50.000000 44.000000 0.67914090000000004732
91 158.000000 139.000000 0.09236719999999999653
92 62.000000 57.000000 0.45851449999999999152
93 83.000000 74.000000 0.40570030000000001369
94 79.000000 74.000000 0.30340570000000000039
95 55.000000 50.000000 0.58415229999999995769
96 97.000000 82.000000 0.28922510000000001273
97 74.000000 72.000000 0.61096059999999996482
98 82.000000 72.000000 0.43405640000000000889
99 96.000000 80.000000 0.53451970000000004202
100 64.000000 56.000000 0.51448729999999998075
101 63.000000 58.000000 0.52567839999999999012
102 72.000000 62.000000 0.57964669999999995920
103 95.000000 84.000000 0.28878559999999997565
104 82.000000 68.000000 0.49823079999999997369
105 57.000000 50.000000 1.03492410000000001347
106 68.000000 59.000000 0.80707269999999997623
107 59.000000 54.000000 0.57149240000000001150
108 142.000000 115.000000 0.31551020000000001842
109 89.000000 75.000000 0.26144309999999998384
110 46.000000 40.000000 0.68398519999999995989
111 97.000000 91.000000 0.53145739999999996872
112 104.000000 92.000000 0.21056929999999998704
113 22.000000 20.000000 0.70441290000000000848
114 27.000000 27.000000 0.47706959999999998256
115 52.000000 48.000000 0.48240110000000002710
116 76.000000 62.000000 0.73549019999999998287
117 82.000000 65.000000 0.36427120000000001721
118 48.000000 44.000000 0.59768330000000002844
119 84.000000 73.000000 0.47663149999999998574
120 80.000000 67.000000 0.43850840000000002039
121 142.000000 112.000000 0.23432430000000001313
122 70.000000 62.000000 0.19479319999999999968
123 77.000000 65.000000 0.38298369999999998248
124 79.000000 73.000000 0.21689430000000001209
125 90.000000 81.000000 0.48265489999999999782
126 82.000000 70.000000 0.38976399999999999935
127 113.000000 98.000000 0.33710200000000001275
128 87.000000 76.000000 0.67453140000000000320
129 93.000000 79.000000 0.45198500000000002563
130 75.000000 65.000000 0.24880070000000001351
131 45.000000 41.000000 0.42900599999999999845
132 69.000000 61.000000 0.43776429999999999509
133 69.000000 63.000000 0.44493909999999997629
134 57.000000 50.000000 0.38483640000000002290
135 91.000000 75.000000 0.30942740000000001910
136 80.000000 67.000000 0.39766069999999997808
137 65.000000 53.000000 0.45096160000000001800
138 86.000000 73.000000 0.71537870000000003401
139 74.000000 70.000000 0.57687589999999999701
140 123.000000 110.000000 0.13971770000000000023
141 74.000000 66.000000 0.59151790000000004088
142 122.000000 107.000000 0.37586920000000001441
143 62.000000 56.000000 0.60488390000000002988
144 94.000000 79.000000 0.16283100000000000351
145 61.000000 60.000000 0.65141240000000000254
146 117.000000 99.000000 0.24697330000000000672
147 88.000000 80.000000 0.31956990000000001784
148 50.000000 43.000000 0.57647780000000004019
149 71.000000 58.000000 0.40103359999999999008
150 78.000000 69.000000 0.32928039999999997312
151 54.000000 52.000000 0.46969319999999997739
152 56.000000 51.000000 0.36603120000000000100
153 70.000000 59.000000 0.45946829999999999616
154 59.000000 48.000000 2.03081310000000003768
155 99.000000 85.000000 0.47299010000000002441
156 34.000000 32.000000 0.81144780000000005238
157 98.000000 89.000000 0.37368240000000002565
158 55.000000 50.000000 0.51893540000000004664
159 35.000000 30.000000 0.48616019999999998680
160 84.000000 76.000000 0.39814599999999999991
161 39.000000 36.000000 0.71845630000000004767
162 101.000000 81.000000 0.22073840000000000128
163 85.000000 73.000000 0.70935680000000000955
164 64.000000 56.000000 0.38382149999999998213
165 87.000000 72.000000 0.51687220000000000386
166 54.000000 44.000000 0.51189160000000000217
167 115.000000 92.000000 0.23849039999999999129
168 91.000000 76.000000 0.29113689999999997626
169 71.000000 64.000000 0.29633009999999998518
170 108.000000 99.000000 0.22570399999999998797
171 84.000000 70.000000 0.31310680000000001844
172 67.000000 59.000000 0.58432300000000003681
173 89.000000 75.000000 0.30264760000000001661
174 62.000000 45.000000 0.84641399999999999970
175 50.000000 46.000000 0.48609140000000000681
176 63.000000 48.000000 0.39846749999999997449
177 60.000000 50.000000 0.62387499999999995737
178 68.000000 63.000000 0.28270889999999998521
179 92.000000 81.000000 0.38557619999999998006
180 48.000000 44.000000 0.58945360000000002199
181 67.000000 59.000000 0.38534380000000001409
182 58.000000 52.000000 0.38862999999999997547
183 47.000000 37.000000 1.19803159999999997432
184 62.000000 52.000000 0.42135889999999998068
185 104.000000 84.000000 0.44621309999999997364
186 56.000000 46.000000 0.41395219999999999239
187 88.000000 77.000000 0.49626639999999999642
188 83.000000 69.000000 0.19955480000000000440
189 79.000000 69.000000 0.53669820000000001414
190 91.000000 80.000000 0.87032650000000000290
191 49.000000 43.000000 0.51225180000000003488
192 82.000000 69.000000 0.26004369999999998875
193 96.000000 78.000000 0.59656379999999997743
194 62.000000 48.000000 0.82670129999999997228
195 52.000000 42.000000 0.39181939999999998436
196 49.000000 49.000000 0.52622599999999997156
197 77.000000 70.000000 0.21342169999999999197
198 85.000000 73.000000 0.39298660000000001924
199 87.000000 81.000000 0.56937870000000001536
200 70.000000 62.000000 0.46921040000000002745
201 78.000000 72.000000 0.17830319999999999503
202 77.000000 62.000000 0.81784049999999997027
203 73.000000 64.000000 1.27257299999999995421
204 56.000000 51.000000 0.63596280000000005028
205 81.000000 73.000000 0.33527400000000001645
206 82.000000 70.000000 0.74039710000000003021
207 55.000000 46.000000 0.77790709999999996249
208 74.000000 61.000000 0.94123740000000000183
209 65.000000 55.000000 0.72747550000000005266
210 32.000000 31.000000 0.94752530000000001476
211 81.000000 66.000000 0.19298899999999999388
212 63.000000 58.000000 0.49702340000000000408
213 43.000000 36.000000 0.68237769999999997594
214 78.000000 63.000000 1.01921349999999999447
215 105.000000 91.000000 0.34172879999999999923
216 51.000000 41.000000 0.74709999999999998632
217 71.000000 64.000000 0.19180230000000000889
218 66.000000 61.000000 0.68427420000000005462
219 43.000000 39.000000 0.63666900000000004045
220 78.000000 70.000000 0.45325589999999998936
221 95.000000 85.000000 0.23337600000000000011
222 42.000000 40.000000 0.38121110000000002493
223 119.000000 99.000000 0.25994050000000001877
224 121.000000 108.000000 0.32793650000000001965
225 78.000000 68.000000 0.36842550000000001686
226 70.000000 64.000000 0.48251549999999998608
227 64.000000 55.000000 0.43245810000000001194
228 96.000000 78.000000 0.52731720000000004145
229 61.000000 53.000000 0.28290189999999998394
230 51.000000 43.000000 0.66965549999999995912
231 49.000000 41.000000 0.52435889999999996114
232 56.000000 54.000000 0.25422640000000001903
233 33.000000 30.000000 0.55469729999999994874
234 63.000000 50.000000 0.32892939999999998291
235 108.000000 94.000000 0.29178229999999999444
236 49.000000 38.000000 0.26747450000000000392
237 83.000000 72.000000 0.47231499999999998485
238 116.000000 103.000000 0.15667529999999998958
239 79.000000 66.000000 0.17689369999999998706
240 33.000000 32.000000 0.40723350000000002602
241 49.000000 46.000000 0.59141949999999998688
242 63.000000 56.000000 0.34706660000000000288
243 105.000000 89.000000 0.21928439999999999044
244 66.000000 55.000000 0.37142779999999997464
245 94.000000 83.000000 0.22326650000000000662
246 107.000000 91.000000 0.35033160000000002077
247 94.000000 82.000000 0.17931110000000000104
248 103.000000 82.000000 0.13386020000000001251
249 86.000000 71.000000 0.18154829999999999579
250 90.000000 70.000000 0.17811270000000001268
251 45.000000 40.000000 0.54847919999999994456
252 84.000000 79.000000 0.35157610000000000250
253 53.000000 53.000000 0.81616719999999998159
254 80.000000 68.000000 0.48914400000000002322
255 67.000000 61.000000 0.19303529999999999300
256 72.000000 63.000000 0.54124499999999997613
257 64.000000 57.000000 0.44927450000000002106
258 85.000000 79.000000 0.36456179999999999142
259 70.000000 59.000000 0.51789929999999995136
260 45.000000 45.000000 0.50326850000000000751
261 125.000000 104.000000 0.11769699999999999607
262 92.000000 81.000000 0.41360239999999998117
263 29.000000 27.000000 0.69466819999999995794
264 77.000000 63.000000 0.52513980000000004544
265 74.000000 64.000000 0.34643269999999998232
266 43.000000 40.000000 0.56185629999999997519
267 40.000000 39.000000 0.35343079999999998941
268 100.000000 81.000000 0.26468809999999998173
269 90.000000 78.000000 0.39254919999999998703
270 120.000000 100.000000 0.40663929999999998133
271 95.000000 80.000000 0.23850799999999999779
272 62.000000 58.000000 0.73737399999999997391
273 56.000000 48.000000 0.55214710000000000178
274 38.000000 35.000000 0.69632190000000004915
275 112.000000 101.000000 0.28797240000000001725
276 99.000000 86.000000 0.26478259999999997909
277 77.000000 73.000000 0.33886080000000001755
278 46.000000 43.000000 0.62671100000000001806
279 69.000000 66.000000 0.35882910000000001194
280 113.000000 91.000000 0.14162120000000000264
281 78.000000 64.000000 0.30184420000000000694
282 32.000000 32.000000 0.42128110000000001945
283 58.000000 53.000000 0.55442349999999995802
284 75.000000 65.000000 0.29723919999999998121
285 106.000000 93.000000 0.13591469999999999940
286 89.000000 79.000000 0.23602560000000000207
287 72.000000 70.000000 0.43287560000000002702
288 106.000000 95.000000 0.17491740000000000066
289 89.000000 75.000000 0.31028030000000000888
290 86.000000 78.000000 0.24734110000000000817
291 112.000000 98.000000 0.44066719999999998114
292 40.000000 35.000000 0.42464279999999998694
293 84.000000 76.000000 0.28141899999999997473
294 77.000000 73.000000 0.23827290000000000969
295 63.000000 52.000000 0.44435210000000002761
296 52.000000 48.000000 0.29719600000000001572
297 46.000000 42.000000 0.52080680000000001417
298 66.000000 56.000000 0.56220760000000002954
299 49.000000 42.000000 0.38296239999999998060
300 66.000000 59.000000 0.42122100000000001208
301 80.000000 75.000000 0.25959039999999999893
302 41.000000 36.000000 0.38351150000000000517
303 75.000000 68.000000 0.28631649999999997380
304 65.000000 60.000000 0.31478980000000000850
305 93.000000 75.000000 0.32167960000000000997
306 53.000000 50.000000 0.41053879999999998152
307 81.000000 68.000000 0.38639040000000002273
308 86.000000 74.000000 0.24893039999999999612
309 97.000000 79.000000 0.41704689999999999817
310 58.000000 47.000000 0.52030730000000002811
311 51.000000 47.000000 0.34037830000000002251
312 77.000000 65.000000 0.34368470000000000963
313 83.000000 74.000000 0.19777780000000000360
314 92.000000 84.000000 0.09117210000000000591
315 56.000000 52.000000 0.21527279999999998639
316 76.000000 64.000000 0.35484719999999997375
317 76.000000 64.000000 0.56776910000000002654
318 62.000000 53.000000 0.29983239999999999892
319 51.000000 45.000000 0.55644070000000001031
320 62.000000 55.000000 0.94434309999999999086
321 53.000000 52.000000 0.22494600000000000706
322 36.000000 31.000000 0.39206210000000002447
323 98.000000 87.000000 0.26908749999999997948
324 93.000000 81.000000 0.09657689999999999331
325 61.000000 58.000000 0.36508750000000000924
326 69.000000 56.000000 0.39919789999999999441
327 47.000000 43.000000 0.59821279999999998900
328 47.000000 40.000000 0.41893649999999998945
329 65.000000 62.000000 0.32551419999999997579
330 49.000000 45.000000 0.62844250000000001499
331 70.000000 65.000000 0.27740009999999998280
332 65.000000 54.000000 0.15013740000000000419
333 77.000000 70.000000 0.22505790000000000517
334 53.000000 52.000000 0.56505360000000004472
335 45.000000 36.000000 0.40086959999999999260
336 53.000000 48.000000 0.46652399999999999425
337 63.000000 56.000000 0.21409649999999999515
338 60.000000 57.000000 0.14109350000000001057
339 103.000000 94.000000 0.12918750000000001066
340 86.000000 72.000000 0.15952050000000000951
341 54.000000 41.000000 0.52969699999999997342
342 56.000000 47.000000 0.36879359999999999919
343 60.000000 56.000000 0.28972759999999997405
344 39.000000 33.000000 0.52766800000000002591
345 107.000000 101.000000 0.28093299999999998828
346 67.000000 51.000000 0.09191359999999999808
347 93.000000 83.000000 0.22083679999999999977
348 84.000000 72.000000 0.22446510000000000074
349 76.000000 68.000000 0.40998740000000000183
350 93.000000 85.000000 0.15722249999999998726
351 115.000000 96.000000 0.20254969999999999919
352 67.000000 59.000000 0.49545070000000002164
353 110.000000 88.000000 0.14930930000000000590
354 96.000000 84.000000 0.19239290000000000558
355 83.000000 72.000000 0.45237250000000001071
356 116.000000 99.000000 0.22079199999999998827
357 86.000000 75.000000 0.22943410000000000193
358 39.000000 39.000000 0.49369889999999999608
359 104.000000 86.000000 0.25509480000000001043
360 97.000000 85.000000 0.26568219999999997949
361 89.000000 82.000000 0.39324300000000000921
362 86.000000 82.000000 0.20905560000000000809
363 85.000000 71.000000 0.35533049999999999358
364 71.000000 60.000000 0.37860359999999998459
365 103.000000 89.000000 0.28812450000000000561
366 146.000000 119.000000 0.10100530000000000619
367 71.000000 61.000000 0.08989999999999999380
368 85.000000 77.000000 0.17403189999999998938
369 66.000000 56.000000 0.30288779999999998482
370 94.000000 79.000000 0.25201160000000000228
371 62.000000 56.000000 0.26050630000000002395
372 76.000000 64.000000 0.43272490000000002341
373 70.000000 60.000000 0.27281300000000002770
374 97.000000 82.000000 0.38939629999999997301
375 85.000000 64.000000 0.44920270000000001032
376 93.000000 78.000000 0.38058320000000001038
377 112.000000 94.000000 0.17345469999999998945
378 67.000000 55.000000 0.12185419999999999585
379 34.000000 33.000000 0.38585849999999999316
380 80.000000 66.000000 0.34206500000000000794
381 59.000000 55.000000 0.42651470000000002436
382 65.000000 52.000000 0.20706749999999998768
383 85.000000 73.000000 0.15381739999999999302
384 103.000000 86.000000 0.24097669999999998813
385 102.000000 93.000000 0.22853609999999999203
386 85.000000 71.000000 0.22393219999999999792
387 103.000000 91.000000 0.22406639999999999890
388 73.000000 68.000000 0.31131720000000001614
389 46.000000 43.000000 0.33670590000000000241
390 104.000000 92.000000 0.12126589999999999592
391 60.000000 54.000000 0.33044719999999999649
392 71.000000 60.000000 0.32879740000000001743
393 79.000000 63.000000 0.33017659999999998677
394 95.000000 87.000000 0.20144670000000000631
395 93.000000 83.000000 0.39494580000000001352
396 84.000000 72.000000 0.29133609999999998674
397 63.000000 56.000000 0.39704339999999999078
398 74.000000 62.000000 0.33963039999999999896
399 74.000000 67.000000 0.11482889999999999764
400 104.000000 89.000000 0.19170429999999999415
401 89.000000 75.000000 0.19653599999999998849
402 26.000000 26.000000 0.42080420000000001712
403 71.000000 59.000000 0.24620759999999999867
404 56.000000 49.000000 0.35195920000000002759
405 89.000000 71.000000 0.44847290000000000765
406 25.000000 22.000000 0.38884970000000002033
407 93.000000 85.000000 0.07265249999999999486
408 132.000000 106.000000 0.22901930000000000898
409 82.000000 63.000000 0.18101030000000001285
410 69.000000 66.000000 0.29993989999999998153
411 71.000000 66.000000 0.12829619999999999913
412 50.000000 45.000000 0.58508970000000004585
413 97.000000 80.000000 0.32083689999999998044
414 110.000000 95.000000 0.23676900000000000723
415 53.000000 52.000000 0.29965239999999998544
416 89.000000 79.000000 0.25818419999999997483
417 83.000000 72.000000 0.16145519999999999317
418 110.000000 89.000000 0.39391150000000002551
419 63.000000 59.000000 0.26087919999999997778
420 56.000000 51.000000 0.46201130000000001363
