1 247.000000 199.000000 1.63969260000000005562
2 178.000000 163.000000 0.22279840000000000755
3 189.000000 152.000000 6.13907209999999992078
4 227.000000 187.000000 2.98562489999999991497
5 124.000000 118.000000 1.29740349999999993180
6 163.000000 142.000000 1.26066060000000002006
7 138.000000 120.000000 1.94375699999999995704
8 113.000000 106.000000 2.85417699999999996407
9 174.000000 141.000000 4.93568020000000018399
10 125.000000 116.000000 2.29005690000000017292
11 102.000000 87.000000 7.62916680000000013706
12 203.000000 168.000000 2.57494220000000018089
13 198.000000 175.000000 5.24001370000000044058
14 137.000000 134.000000 2.37091969999999996332
15 208.000000 163.000000 1.81783920000000009942
16 121.000000 103.000000 1.60154109999999993974
17 114.000000 94.000000 10.08437009999999922627
18 140.000000 129.000000 0.58729270000000000085
19 140.000000 125.000000 1.35257549999999993062
20 198.000000 165.000000 1.90569530000000009196
21 263.000000 219.000000 0.75856440000000002755
22 110.000000 103.000000 2.67581520000000017134
23 118.000000 103.000000 4.74671440000000011139
24 201.000000 174.000000 1.42014679999999993143
25 108.000000 95.000000 3.33203160000000009333
26 212.000000 180.000000 0.69374700000000000255
27 166.000000 147.000000 1.99131989999999992058
28 144.000000 125.000000 2.30077260000000016760
29 154.000000 139.000000 1.73200519999999991150
30 197.000000 189.000000 2.42676530000000001408
31 153.000000 138.000000 2.78901889999999985648
32 125.000000 112.000000 6.65705700000000000216
33 147.000000 125.000000 5.88748629999999995022
34 159.000000 151.000000 0.83960449999999997583
35 243.000000 212.000000 0.35112399999999999167
36 139.000000 123.000000 1.63863359999999991246
37 166.000000 142.000000 1.89361139999999994465
38 104.000000 80.000000 6.34521879999999960376
39 99.000000 86.000000 2.70604820000000012570
40 143.000000 132.000000 3.67210320000000001173
41 145.000000 126.000000 5.42732939999999963732
42 232.000000 196.000000 0.36164479999999998849
43 220.000000 190.000000 0.98932410000000003958
44 133.000000 118.000000 2.38992419999999983204
45 110.000000 105.000000 2.95754900000000020555
46 273.000000 235.000000 1.67492649999999998478
47 201.000000 179.000000 0.52919979999999999798
48 189.000000 172.000000 4.14367489999999971673
49 186.000000 163.000000 1.92418949999999999712
50 206.000000 173.000000 1.42953130000000006028
51 88.000000 69.000000 11.11530819999999941672
52 290.000000 238.000000 0.83996309999999996254
53 108.000000 101.000000 4.83042309999999996961
54 138.000000 127.000000 1.73758300000000009966
55 146.000000 126.000000 3.69557929999999990045
56 96.000000 80.000000 3.83018590000000003215
57 219.000000 182.000000 1.55322310000000007868
58 146.000000 120.000000 3.28718209999999988469
59 173.000000 151.000000 1.78972810000000004393
60 109.000000 102.000000 3.76084150000000017044
61 222.000000 185.000000 1.36873299999999997745
62 247.000000 203.000000 0.43236019999999997232
63 195.000000 175.000000 1.25146819999999991957
64 139.000000 119.000000 1.38763600000000009160
65 97.000000 90.000000 5.79536430000000013507
66 213.000000 184.000000 0.87260680000000001577
67 84.000000 74.000000 4.72484850000000022874
68 191.000000 162.000000 13.19656280000000059260
69 248.000000 219.000000 1.63621970000000005463
70 126.000000 108.000000 3.15492179999999988738
71 152.000000 129.000000 2.49857750000000011781
72 136.000000 116.000000 7.77573109999999978470
73 137.000000 117.000000 3.74378620000000017498
74 192.000000 161.000000 0.64355160000000000142
75 204.000000 191.000000 1.78020960000000005863
76 173.000000 142.000000 3.82302000000000008484
77 132.000000 115.000000 4.70782019999999956639
78 284.000000 233.000000 0.60464240000000002428
79 109.000000 103.000000 3.28847069999999996881
80 114.000000 96.000000 2.67438319999999984944
81 183.000000 162.000000 0.87983120000000003547
82 176.000000 153.000000 3.81119450000000004053
83 79.000000 73.000000 6.61554570000000019547
84 150.000000 141.000000 1.16875630000000008124
85 218.000000 200.000000 0.68384959999999994640
86 143.000000 118.000000 3.34900410000000015032
87 87.000000 75.000000 7.09812249999999966832
88 122.000000 113.000000 3.98025180000000000646
89 172.000000 151.000000 0.67954389999999997851
90 87.000000 73.000000 4.78874750000000037886
91 137.000000 121.000000 2.79202100000000008606
92 123.000000 100.000000 2.37758819999999992945
93 151.000000 132.000000 3.07168479999999988195
94 180.000000 150.000000 2.05147119999999993922
95 142.000000 120.000000 3.75028639999999979793
96 142.000000 123.000000 1.72026830000000008347
97 195.000000 180.000000 1.59085860000000001158
98 228.000000 205.000000 1.62603180000000002714
99 167.000000 140.000000 3.70532180000000010978
100 127.000000 114.000000 3.27577989999999985571
101 115.000000 98.000000 6.95402119999999968059
102 156.000000 137.000000 1.55555519999999991576
103 210.000000 180.000000 1.64798510000000009157
104 202.000000 172.000000 3.05090750000000010544
105 257.000000 208.000000 1.90304270000000008700
106 152.000000 134.000000 1.43549900000000008049
107 167.000000 149.000000 1.79310100000000005593
108 149.000000 135.000000 3.45355260000000008347
109 116.000000 110.000000 1.71097359999999998337
110 174.000000 144.000000 0.92575799999999996981
111 146.000000 123.000000 3.88606380000000006802
112 224.000000 192.000000 2.13901759999999985240
113 139.000000 121.000000 2.13331559999999997856
114 103.000000 86.000000 5.05064189999999957337
115 137.000000 115.000000 2.30263559999999989358
116 92.000000 81.000000 4.87973750000000006111
117 147.000000 128.000000 3.42698429999999998330
118 151.000000 130.000000 2.21524650000000011829
119 138.000000 123.000000 1.94340000000000001634
120 144.000000 127.000000 2.91363020000000005894
121 173.000000 151.000000 2.84988170000000007320
122 126.000000 114.000000 2.34202500000000002345
123 125.000000 111.000000 4.36315030000000003696
124 118.000000 107.000000 1.17279339999999998589
125 121.000000 105.000000 2.32360379999999988598
126 291.000000 240.000000 0.34536020000000000607
127 158.000000 146.000000 1.39239000000000001656
128 122.000000 103.000000 3.42464989999999991355
129 113.000000 106.000000 2.44496480000000016020
130 255.000000 222.000000 0.91847319999999998963
131 87.000000 78.000000 3.41486519999999993402
132 215.000000 183.000000 1.93776940000000008624
133 113.000000 92.000000 1.13964489999999996073
134 119.000000 111.000000 2.67784680000000019362
135 155.000000 142.000000 1.58250660000000009653
136 66.000000 58.000000 6.28557919999999992200
137 162.000000 139.000000 2.17661080000000017876
138 248.000000 200.000000 1.34851919999999991795
139 140.000000 113.000000 2.66303860000000014452
140 229.000000 199.000000 1.52396989999999998844
141 108.000000 99.000000 3.02319709999999997052
142 148.000000 124.000000 2.01664250000000011553
143 122.000000 114.000000 2.32056530000000016400
144 146.000000 141.000000 2.11118290000000019546
145 211.000000 171.000000 1.34779469999999990115
146 172.000000 143.000000 2.91124470000000012959
147 160.000000 143.000000 1.99643839999999994639
148 192.000000 166.000000 1.02466480000000004225
149 182.000000 152.000000 4.67132560000000029987
150 146.000000 132.000000 2.20039300000000004331
151 137.000000 118.000000 1.01603880000000001971
152 121.000000 113.000000 3.93878249999999985320
153 80.000000 76.000000 3.68269260000000020483
154 232.000000 189.000000 1.70566489999999992833
155 167.000000 155.000000 2.64670940000000021186
156 196.000000 173.000000 1.58542169999999993379
157 126.000000 116.000000 2.15743349999999978195
158 121.000000 103.000000 8.17361029999999999518
159 172.000000 137.000000 1.95947920000000008756
160 196.000000 179.000000 1.14675069999999990067
161 129.000000 123.000000 4.06571359999999959456
162 54.000000 54.000000 3.26786589999999987910
163 165.000000 140.000000 2.99197069999999998302
164 182.000000 156.000000 10.73694470000000045218
165 121.000000 109.000000 9.67064880000000037796
166 164.000000 154.000000 2.10538429999999987530
167 73.000000 68.000000 4.29830760000000022814
168 198.000000 170.000000 1.47822469999999994705
169 111.000000 97.000000 3.67488400000000003942
170 230.000000 188.000000 1.02034960000000007874
171 193.000000 177.000000 2.20029090000000016047
172 100.000000 92.000000 3.94399439999999978923
173 202.000000 174.000000 1.39035630000000010043
174 171.000000 158.000000 1.66557780000000010823
175 321.000000 273.000000 0.88382789999999999964
176 139.000000 113.000000 4.43736490000000038947
177 174.000000 143.000000 3.20275230000000021846
178 46.000000 38.000000 6.61695480000000024745
179 145.000000 134.000000 2.07538009999999983890
180 128.000000 115.000000 2.88381949999999998013
181 254.000000 229.000000 0.45888679999999998360
182 165.000000 149.000000 2.88130389999999980688
183 102.000000 97.000000 2.85034069999999983835
184 110.000000 104.000000 3.18141350000000011633
185 128.000000 113.000000 0.57536940000000003081
186 147.000000 127.000000 2.61676969999999986527
187 156.000000 137.000000 6.52238550000000039120
188 94.000000 77.000000 3.24768489999999987461
189 67.000000 58.000000 5.06753660000000039076
190 159.000000 149.000000 2.04476699999999977919
191 158.000000 142.000000 2.65024920000000019371
192 119.000000 104.000000 5.31616939999999971178
193 206.000000 188.000000 1.79753940000000000943
194 111.000000 103.000000 3.01152309999999978629
195 210.000000 171.000000 2.21674289999999984957
196 78.000000 69.000000 2.46732560000000011868
197 163.000000 138.000000 1.88109649999999994918
198 89.000000 82.000000 3.45466000000000006409
199 162.000000 140.000000 4.02136319999999969355
200 82.000000 80.000000 4.39577490000000015158
201 189.000000 167.000000 1.76047379999999997757
202 166.000000 156.000000 1.11738050000000010975
203 126.000000 107.000000 3.50343779999999993535
204 164.000000 143.000000 1.24832710000000002282
205 112.000000 101.000000 13.87384720000000015716
206 129.000000 111.000000 3.63860589999999994859
207 216.000000 183.000000 1.79031589999999996010
208 218.000000 196.000000 1.06296689999999993681
209 124.000000 106.000000 9.46054439999999985389
210 81.000000 80.000000 1.89621580000000000688
211 181.000000 152.000000 2.28652299999999986113
212 141.000000 122.000000 2.62497589999999991761
213 221.000000 177.000000 3.26871869999999997702
214 260.000000 218.000000 0.70863750000000003126
215 195.000000 169.000000 2.18510099999999996001
216 209.000000 179.000000 1.81300170000000004933
217 138.000000 123.000000 2.32973950000000007421
218 218.000000 187.000000 1.25784329999999999750
219 162.000000 144.000000 2.10722260000000005675
220 179.000000 153.000000 1.25610559999999993330
221 201.000000 172.000000 0.47234120000000001660
222 122.000000 111.000000 5.20319009999999959604
223 142.000000 127.000000 3.83138250000000013529
224 141.000000 115.000000 2.68232530000000002346
225 99.000000 96.000000 4.84679920000000041824
226 148.000000 125.000000 0.38234629999999997230
227 199.000000 173.000000 1.31274700000000010824
228 146.000000 125.000000 1.42999150000000008198
229 229.000000 195.000000 2.77853400000000005932
230 171.000000 149.000000 1.62582789999999999253
231 128.000000 112.000000 1.70659669999999996648
232 107.000000 85.000000 6.57381209999999960303
233 138.000000 113.000000 1.80944799999999994533
234 143.000000 113.000000 3.11518719999999982306
235 204.000000 168.000000 0.97035490000000002020
236 131.000000 123.000000 2.67741000000000006764
237 168.000000 141.000000 3.47467769999999998021
238 151.000000 120.000000 12.62516989999999950101
239 184.000000 165.000000 0.92066780000000003614
240 203.000000 183.000000 1.14437389999999994394
241 132.000000 117.000000 4.18195029999999956516
242 182.000000 160.000000 1.68488999999999999879
243 175.000000 163.000000 2.08523430000000020712
244 132.000000 115.000000 2.54008920000000015804
245 125.000000 115.000000 2.13997469999999978540
246 158.000000 135.000000 4.46216529999999966805
247 153.000000 130.000000 2.40336889999999980816
248 97.000000 87.000000 3.77752679999999996241
249 218.000000 187.000000 1.35361810000000004628
250 175.000000 152.000000 4.59750739999999957774
251 167.000000 141.000000 1.73699399999999992694
252 153.000000 140.000000 1.00535489999999994026
253 147.000000 130.000000 1.39725589999999999513
254 89.000000 83.000000 3.92417259999999989972
255 79.000000 68.000000 8.88283269999999980371
256 106.000000 93.000000 2.60182979999999997034
257 152.000000 131.000000 2.67326329999999989795
258 126.000000 112.000000 3.50790859999999993235
259 75.000000 70.000000 5.25096399999999974284
260 73.000000 67.000000 9.84029890000000051486
261 199.000000 175.000000 3.52104960000000000164
262 182.000000 156.000000 1.12446010000000007345
263 120.000000 104.000000 5.87300679999999974967
264 123.000000 120.000000 4.49560859999999973269
265 121.000000 118.000000 2.68175860000000021444
266 115.000000 93.000000 3.56007760000000006428
267 138.000000 113.000000 1.57434330000000000105
268 158.000000 129.000000 2.03093449999999986488
269 169.000000 154.000000 2.43608119999999983563
270 150.000000 135.000000 4.44587440000000011509
271 161.000000 144.000000 5.82157000000000035556
272 254.000000 217.000000 0.64703719999999997903
273 65.000000 53.000000 4.90049109999999998877
274 206.000000 181.000000 1.35131230000000002178
275 203.000000 180.000000 2.42791060000000014085
276 176.000000 150.000000 2.06172699999999986531
277 148.000000 128.000000 3.87656679999999997932
278 128.000000 119.000000 1.44178619999999990675
279 158.000000 141.000000 0.74354779999999998097
280 147.000000 124.000000 1.30559990000000003540
281 242.000000 205.000000 3.45510200000000011755
282 192.000000 159.000000 1.00377390000000010772
283 186.000000 158.000000 0.88300040000000001861
284 245.000000 208.000000 0.40693920000000000092
285 151.000000 135.000000 7.43164439999999970610
286 107.000000 89.000000 3.62158969999999991174
287 123.000000 110.000000 1.73291639999999991240
288 105.000000 94.000000 1.57366429999999990486
289 65.000000 59.000000 3.70942229999999995016
290 212.000000 179.000000 1.07861059999999997494
291 138.000000 110.000000 2.46833709999999983964
292 107.000000 94.000000 7.15956689999999973395
293 188.000000 169.000000 1.56449199999999999378
294 138.000000 126.000000 3.21237780000000006098
295 178.000000 155.000000 4.40777920000000023038
296 169.000000 146.000000 2.45672019999999990958
297 204.000000 181.000000 1.98432689999999989361
298 205.000000 171.000000 2.50507949999999990354
299 238.000000 201.000000 1.71044470000000004006
300 194.000000 169.000000 4.60587440000000025719
301 247.000000 201.000000 0.23123399999999999510
302 129.000000 110.000000 8.73889589999999927272
303 185.000000 146.000000 2.69991000000000003212
304 222.000000 193.000000 1.55488059999999994609
305 167.000000 141.000000 2.73197070000000019618
306 121.000000 104.000000 9.43456950000000027501
307 175.000000 157.000000 1.92932239999999999291
308 165.000000 140.000000 1.24707940000000006009
309 174.000000 148.000000 1.63331880000000007058
310 143.000000 129.000000 10.31036549999999962779
311 213.000000 183.000000 1.84707099999999990736
312 134.000000 113.000000 1.51508430000000005045
313 137.000000 116.000000 2.94709380000000020772
314 232.000000 204.000000 0.76680349999999997124
315 168.000000 136.000000 1.40553090000000002746
316 114.000000 97.000000 2.77017729999999984258
317 140.000000 122.000000 3.32084570000000001144
318 161.000000 129.000000 1.47923040000000005634
319 159.000000 134.000000 12.94059279999999922950
320 135.000000 123.000000 1.16187069999999992298
321 248.000000 202.000000 1.01950490000000004720
322 132.000000 110.000000 4.28263519999999964227
323 242.000000 201.000000 0.70524509999999995813
324 163.000000 144.000000 2.61412740000000010099
325 140.000000 124.000000 3.11011080000000017520
326 227.000000 192.000000 1.56990750000000001130
327 109.000000 95.000000 3.89363049999999999429
328 168.000000 154.000000 2.32680350000000002453
329 127.000000 117.000000 1.94876899999999997348
330 212.000000 181.000000 1.58113360000000002792
331 186.000000 160.000000 3.08042859999999985021
332 130.000000 117.000000 3.06889050000000018770
333 162.000000 134.000000 2.55655009999999993653
334 170.000000 140.000000 1.15352950000000009645
335 119.000000 105.000000 2.24685919999999983432
336 169.000000 146.000000 2.37263810000000008316
337 100.000000 90.000000 1.91201479999999990333
338 172.000000 148.000000 2.54879400000000000404
339 131.000000 124.000000 2.34753120000000015111
340 158.000000 137.000000 0.67015130000000000532
341 186.000000 159.000000 1.81571269999999995726
342 167.000000 149.000000 1.65369969999999999466
343 215.000000 196.000000 1.37085860000000003822
344 108.000000 98.000000 5.43424140000000033268
345 239.000000 218.000000 0.23927809999999999357
346 179.000000 169.000000 1.20898850000000002147
347 138.000000 128.000000 2.90209850000000013637
348 145.000000 128.000000 1.42200339999999991747
349 194.000000 178.000000 1.57451600000000002666
350 197.000000 176.000000 1.90610089999999998689
351 157.000000 136.000000 0.74146179999999994870
352 185.000000 158.000000 1.79454270000000004615
353 146.000000 137.000000 1.26509190000000004694
354 165.000000 136.000000 11.22807719999999953586
355 81.000000 78.000000 2.01017380000000001061
356 157.000000 128.000000 1.39528469999999993334
357 138.000000 121.000000 1.50517030000000007206
358 99.000000 89.000000 2.02679469999999994911
359 171.000000 150.000000 5.15120389999999961361
360 133.000000 118.000000 2.62049159999999980997
361 155.000000 138.000000 1.72192949999999989075
362 161.000000 138.000000 4.03970539999999989078
363 60.000000 48.000000 3.73789259999999989859
364 151.000000 137.000000 1.31577180000000004689
365 177.000000 159.000000 2.96771209999999996398
366 188.000000 172.000000 0.68069150000000000489
367 138.000000 121.000000 2.16351540000000008845
368 137.000000 128.000000 2.82629209999999986280
369 139.000000 116.000000 9.40120639999999951897
370 171.000000 148.000000 1.04473750000000009663
371 74.000000 68.000000 2.88430389999999992057
372 151.000000 140.000000 1.10075959999999994920
373 126.000000 113.000000 2.77944129999999978153
374 236.000000 196.000000 1.24908149999999995572
375 202.000000 166.000000 1.70775049999999994910
376 120.000000 106.000000 1.95215169999999993422
377 98.000000 92.000000 2.67867500000000013927
378 233.000000 206.000000 1.15282780000000006915
379 95.000000 89.000000 2.17359700000000000131
380 110.000000 103.000000 2.58044349999999989009
381 95.000000 86.000000 4.01167280000000037177
382 171.000000 146.000000 1.06540119999999993716
383 136.000000 121.000000 2.35554510000000005832
384 87.000000 81.000000 4.81142670000000016728
385 107.000000 90.000000 3.81491960000000007724
386 61.000000 52.000000 3.09220519999999998717
387 134.000000 122.000000 2.01233819999999985484
388 138.000000 125.000000 3.00908959999999980894
389 156.000000 140.000000 2.46422290000000021593
390 259.000000 210.000000 2.08911220000000019681
391 182.000000 167.000000 1.83034739999999995774
392 163.000000 152.000000 3.00774119999999989261
393 125.000000 119.000000 4.51686209999999999098
394 144.000000 115.000000 1.23836689999999993717
395 189.000000 172.000000 1.77704979999999990170
396 124.000000 115.000000 1.83451410000000003642
397 135.000000 123.000000 2.27484609999999998209
398 194.000000 184.000000 0.96222319999999994522
399 102.000000 92.000000 2.05663660000000003691
400 151.000000 130.000000 1.60863439999999990881
401 119.000000 103.000000 2.17694520000000002469
402 100.000000 90.000000 2.69707140000000000768
403 160.000000 148.000000 0.44347419999999998508
404 275.000000 228.000000 0.59088149999999994844
405 173.000000 153.000000 1.70367350000000006283
406 123.000000 113.000000 2.64457470000000016697
407 51.000000 42.000000 6.22581700000000015649
408 130.000000 107.000000 4.00017740000000010525
409 105.000000 90.000000 6.43404430000000004952
410 175.000000 150.000000 0.91272509999999995589
411 136.000000 119.000000 2.08640289999999994919
412 252.000000 217.000000 0.29551680000000002391
413 206.000000 168.000000 0.23069939999999999891
414 118.000000 105.000000 2.21426370000000005689
415 156.000000 143.000000 1.38405930000000010338
416 282.000000 257.000000 0.35405809999999998672
417 101.000000 95.000000 2.06336029999999981399
418 37.000000 32.000000 1.66363829999999990328
419 167.000000 145.000000 0.41703269999999997841
420 145.000000 144.000000 2.49873950000000011329
