1 301.000000 274.000000 20.71193949999999972533
2 475.000000 386.000000 18.38267310000000165360
3 158.000000 143.000000 29.37935110000000094033
4 472.000000 400.000000 15.26008900000000068076
5 427.000000 371.000000 9.55794309999999924798
6 328.000000 288.000000 18.90865020000000029654
7 379.000000 326.000000 11.91754760000000068487
8 434.000000 389.000000 4.37475199999999997402
9 411.000000 353.000000 69.74771359999999731372
10 355.000000 306.000000 16.74992680000000078167
11 209.000000 189.000000 53.95852839999999872589
12 366.000000 336.000000 10.74802260000000053708
13 375.000000 315.000000 70.61383829999999761640
14 372.000000 330.000000 4.28011210000000019704
15 364.000000 340.000000 16.06292150000000162891
16 352.000000 311.000000 10.53800930000000057873
17 186.000000 173.000000 15.50227950000000021191
18 212.000000 184.000000 114.93533999999999650754
19 226.000000 199.000000 45.13767310000000065884
20 263.000000 242.000000 8.28868860000000040600
21 292.000000 258.000000 19.34951750000000103569
22 398.000000 368.000000 10.84633439999999993120
23 318.000000 282.000000 23.18751809999999835554
24 384.000000 341.000000 20.65456710000000128957
25 271.000000 260.000000 27.48907900000000026353
26 517.000000 447.000000 1.59407739999999997771
27 154.000000 131.000000 94.58969919999999831361
28 379.000000 322.000000 35.70089310000000182299
29 150.000000 141.000000 27.72196029999999922211
30 251.000000 232.000000 17.41957349999999848933
31 329.000000 293.000000 33.66238380000000063319
32 303.000000 297.000000 12.92362400000000022260
33 444.000000 373.000000 4.75228800000000006776
34 259.000000 214.000000 95.44331970000000353593
35 255.000000 234.000000 8.40695209999999981676
36 545.000000 455.000000 31.70970469999999963306
37 364.000000 331.000000 42.47644160000000113087
38 270.000000 254.000000 13.78990669999999951756
39 367.000000 318.000000 65.38157870000000571054
40 249.000000 221.000000 32.69070430000000015980
41 241.000000 215.000000 128.89109719999999015272
42 313.000000 274.000000 22.20822850000000059367
43 275.000000 263.000000 30.43048680000000061341
44 127.000000 122.000000 22.70490140000000067744
45 206.000000 179.000000 340.10839600000002747038
46 350.000000 313.000000 12.62178669999999947038
47 426.000000 382.000000 9.70059889999999924726
48 537.000000 462.000000 3.28566879999999983397
49 459.000000 397.000000 0.52168970000000003395
50 540.000000 456.000000 4.21812029999999982266
51 517.000000 436.000000 52.50800290000000103419
52 244.000000 229.000000 28.57564569999999903871
53 295.000000 259.000000 68.48210059999999543834
54 310.000000 279.000000 60.42979720000000298796
55 463.000000 405.000000 4.52923000000000008924
56 157.000000 136.000000 53.81677340000000242526
57 227.000000 191.000000 50.01365880000000174732
58 268.000000 239.000000 68.96291759999999726460
59 397.000000 325.000000 5.32818120000000039482
60 424.000000 369.000000 31.99131039999999970291
61 381.000000 324.000000 15.24536029999999975360
62 331.000000 300.000000 6.52033649999999997959
63 459.000000 412.000000 14.27001300000000050261
64 394.000000 345.000000 37.72768440000000111922
65 343.000000 301.000000 36.50945829999999858728
66 273.000000 239.000000 125.29808230000000435211
67 386.000000 329.000000 7.79893049999999998789
68 327.000000 293.000000 20.61738469999999878723
69 202.000000 185.000000 77.88439150000000665841
70 111.000000 103.000000 29.09852940000000032228
71 377.000000 317.000000 39.96784790000000242571
72 185.000000 175.000000 11.94370570000000064681
73 388.000000 346.000000 36.54326410000000180389
74 434.000000 383.000000 10.30919190000000007501
75 346.000000 314.000000 28.55399450000000172167
76 325.000000 277.000000 127.91144740000000012969
77 459.000000 391.000000 62.83134210000000052787
78 290.000000 256.000000 58.35560809999999776210
79 234.000000 211.000000 78.12243580000000520158
80 97.000000 86.000000 41.67600550000000225737
82 243.000000 223.000000 87.16080979999999556185
83 306.000000 274.000000 55.75832189999999854990
84 275.000000 247.000000 32.07212799999999930378
85 261.000000 238.000000 23.21910310000000166042
86 152.000000 128.000000 42.57902270000000299888
87 298.000000 260.000000 44.81754769999999865604
88 190.000000 173.000000 49.71619660000000351374
89 367.000000 331.000000 31.42221759999999974866
90 214.000000 174.000000 198.85626909999999156753
91 381.000000 348.000000 8.81427910000000025548
92 290.000000 269.000000 28.17441519999999854917
93 191.000000 182.000000 45.90741150000000203590
94 390.000000 338.000000 22.96942479999999875417
95 456.000000 402.000000 2.82243639999999995638
96 464.000000 396.000000 19.73814439999999947872
97 384.000000 359.000000 15.93888540000000020314
98 321.000000 282.000000 33.49756059999999990850
99 409.000000 354.000000 37.84196659999999923230
100 257.000000 213.000000 129.93828460000000291075
101 330.000000 285.000000 153.86778459999999313368
102 335.000000 307.000000 16.29156379999999870734
103 502.000000 449.000000 6.04152899999999970504
104 334.000000 293.000000 8.36103160000000045216
105 396.000000 318.000000 42.66781660000000186983
106 304.000000 260.000000 37.98937049999999970851
107 414.000000 374.000000 21.91766189999999880911
108 468.000000 387.000000 146.70534900000001243825
109 259.000000 235.000000 30.99844269999999823995
110 357.000000 324.000000 18.83604959999999906017
111 327.000000 288.000000 14.53213099999999968759
112 371.000000 314.000000 18.42072350000000113823
113 305.000000 278.000000 20.13316160000000110131
114 248.000000 219.000000 4.79420279999999987552
115 266.000000 242.000000 27.22157610000000005357
116 371.000000 354.000000 0.25468309999999999560
117 426.000000 369.000000 19.01126049999999878537
118 297.000000 268.000000 26.53755719999999840297
119 189.000000 163.000000 44.15088269999999681659
