1 9.000000 7.000000 0.38358999999999998654
2 7.000000 7.000000 0.09248130000000000239
3 7.000000 7.000000 0.04944189999999999696
4 7.000000 7.000000 0.01911190000000000111
5 7.000000 7.000000 0.04343670000000000170
6 7.000000 7.000000 0.02874360000000000109
7 7.000000 7.000000 0.02698309999999999945
8 7.000000 7.000000 0.03979769999999999835
9 8.000000 8.000000 0.04046960000000000141
10 8.000000 8.000000 0.03728069999999999995
11 6.000000 6.000000 0.02282079999999999873
12 6.000000 6.000000 0.07151549999999999574
13 7.000000 7.000000 0.10810219999999999552
14 8.000000 8.000000 0.01530510000000000030
15 7.000000 7.000000 0.01615170000000000147
16 7.000000 7.000000 0.01587219999999999950
17 8.000000 7.000000 0.02777599999999999861
18 7.000000 7.000000 0.03228310000000000207
19 8.000000 8.000000 0.04614610000000000239
20 6.000000 6.000000 0.03955340000000000245
21 8.000000 8.000000 0.01599350000000000077
22 8.000000 7.000000 0.04569460000000000188
23 7.000000 7.000000 0.05363330000000000181
24 8.000000 7.000000 0.04054859999999999715
25 6.000000 6.000000 0.01614159999999999900
26 7.000000 7.000000 0.02130169999999999980
27 6.000000 6.000000 0.05944230000000000347
28 7.000000 7.000000 0.02293390000000000012
29 6.000000 6.000000 0.01696630000000000013
30 6.000000 6.000000 0.13184370000000000811
31 9.000000 8.000000 0.06737010000000000220
32 8.000000 8.000000 0.01579240000000000158
33 9.000000 8.000000 0.01480549999999999922
34 7.000000 7.000000 0.07687299999999999689
35 9.000000 8.000000 0.01479169999999999964
36 7.000000 7.000000 0.02867120000000000085
37 6.000000 6.000000 0.03183129999999999987
38 7.000000 7.000000 0.02260190000000000116
39 6.000000 6.000000 0.09627080000000000359
40 8.000000 8.000000 0.08714030000000000387
41 9.000000 7.000000 0.01772819999999999951
42 6.000000 6.000000 0.01640130000000000060
43 8.000000 7.000000 0.01595950000000000146
44 6.000000 6.000000 0.07275449999999999973
45 6.000000 6.000000 0.09609819999999999474
46 6.000000 6.000000 0.01519200000000000064
47 8.000000 7.000000 0.01687659999999999855
48 8.000000 8.000000 0.10278379999999999461
49 6.000000 6.000000 0.10206840000000000357
50 6.000000 6.000000 0.08839220000000000410
51 7.000000 7.000000 0.08581980000000000164
52 9.000000 8.000000 0.01488060000000000077
53 8.000000 7.000000 0.01672039999999999985
54 7.000000 7.000000 0.01574359999999999996
55 7.000000 7.000000 0.01567170000000000021
56 9.000000 8.000000 0.03707989999999999897
57 8.000000 8.000000 0.04481919999999999654
58 8.000000 7.000000 0.01479989999999999951
59 6.000000 6.000000 0.01745479999999999948
60 6.000000 6.000000 0.01570430000000000090
61 8.000000 8.000000 0.02641090000000000104
62 6.000000 6.000000 0.02486139999999999878
63 8.000000 7.000000 0.03187500000000000056
64 8.000000 7.000000 0.03457079999999999875
65 8.000000 8.000000 0.01523839999999999917
66 11.000000 7.000000 0.01404019999999999921
67 8.000000 8.000000 0.03519939999999999874
68 8.000000 7.000000 0.08006879999999999553
69 7.000000 7.000000 0.08727210000000000523
70 6.000000 6.000000 0.01518899999999999938
71 6.000000 6.000000 0.01695790000000000144
72 9.000000 8.000000 0.14462110000000000243
73 8.000000 8.000000 0.14849200000000001287
74 7.000000 7.000000 0.02615150000000000113
75 7.000000 7.000000 0.16108420000000001071
76 7.000000 7.000000 0.11196209999999999496
77 8.000000 7.000000 0.01452460000000000036
78 9.000000 8.000000 0.01421240000000000003
79 7.000000 7.000000 0.10759870000000000545
80 6.000000 6.000000 0.01447120000000000004
81 6.000000 6.000000 0.01488830000000000015
82 8.000000 8.000000 0.06892059999999999853
83 7.000000 7.000000 0.06400989999999999458
84 7.000000 7.000000 0.08170779999999999710
85 6.000000 6.000000 0.01558260000000000027
86 8.000000 7.000000 0.01352199999999999930
87 7.000000 7.000000 0.11488139999999999463
88 8.000000 7.000000 0.09372540000000000038
89 7.000000 7.000000 0.01485910000000000009
90 6.000000 6.000000 0.01587490000000000082
91 7.000000 7.000000 0.07998080000000000467
92 6.000000 6.000000 0.09362579999999999514
93 6.000000 6.000000 0.12744079999999999298
94 9.000000 8.000000 0.01888729999999999923
95 7.000000 7.000000 0.01578159999999999979
96 8.000000 8.000000 0.10716509999999999925
97 7.000000 7.000000 0.08189950000000000008
98 8.000000 7.000000 0.07520530000000000270
99 7.000000 7.000000 0.01548399999999999950
100 6.000000 6.000000 0.02601799999999999946
101 6.000000 6.000000 0.01841970000000000066
102 9.000000 7.000000 0.02774439999999999892
103 8.000000 8.000000 0.02475029999999999938
104 8.000000 8.000000 0.01831690000000000054
105 7.000000 7.000000 0.01711769999999999958
106 7.000000 7.000000 0.02067429999999999962
107 7.000000 7.000000 0.10178579999999999572
108 9.000000 7.000000 0.01526719999999999987
109 6.000000 6.000000 0.03053039999999999921
110 6.000000 6.000000 0.07771759999999999780
111 8.000000 8.000000 0.01532760000000000025
112 8.000000 8.000000 0.01532960000000000052
113 6.000000 6.000000 0.02219679999999999917
114 6.000000 6.000000 0.08164330000000000198
115 7.000000 7.000000 0.01581070000000000045
116 8.000000 7.000000 0.01420279999999999980
117 9.000000 8.000000 0.07878720000000000168
118 6.000000 6.000000 0.07329579999999999429
119 6.000000 6.000000 0.03631179999999999825
120 7.000000 7.000000 0.01579109999999999889
121 8.000000 7.000000 0.07962160000000000071
122 7.000000 7.000000 0.08590599999999999625
123 6.000000 6.000000 0.01549039999999999966
124 7.000000 7.000000 0.02312820000000000153
125 7.000000 7.000000 0.02156409999999999924
126 7.000000 7.000000 0.01438090000000000028
127 6.000000 6.000000 0.01484300000000000029
128 7.000000 7.000000 0.01710619999999999849
129 10.000000 8.000000 0.01589569999999999872
130 8.000000 8.000000 0.02010549999999999837
131 9.000000 8.000000 0.01647900000000000059
132 7.000000 7.000000 0.01375310000000000074
133 9.000000 8.000000 0.03556820000000000120
134 7.000000 7.000000 0.01629480000000000164
135 9.000000 8.000000 0.01832829999999999876
136 8.000000 8.000000 0.01620069999999999844
137 6.000000 6.000000 0.01555959999999999982
138 7.000000 7.000000 0.03037240000000000079
139 7.000000 7.000000 0.01736849999999999852
140 7.000000 7.000000 0.01565750000000000128
141 7.000000 7.000000 0.01722780000000000145
142 8.000000 7.000000 0.01582160000000000163
143 8.000000 8.000000 0.01739459999999999965
144 10.000000 8.000000 0.02340439999999999882
145 7.000000 7.000000 0.02082200000000000023
146 7.000000 7.000000 0.01513019999999999990
147 6.000000 6.000000 0.01763889999999999902
148 6.000000 6.000000 0.01909910000000000080
149 6.000000 6.000000 0.02504179999999999948
150 7.000000 7.000000 0.12136669999999999403
151 6.000000 6.000000 0.13949469999999999925
152 7.000000 7.000000 0.01580579999999999832
153 9.000000 7.000000 0.01514549999999999924
154 6.000000 6.000000 0.13744419999999998860
155 6.000000 6.000000 0.11188220000000000109
156 9.000000 8.000000 0.13696010000000000129
157 7.000000 7.000000 0.13939930000000000376
158 8.000000 7.000000 0.01511490000000000056
159 7.000000 7.000000 0.13260489999999999777
160 7.000000 7.000000 0.12252069999999999628
161 9.000000 8.000000 0.11821280000000000676
162 7.000000 7.000000 0.01854569999999999830
163 7.000000 7.000000 0.01645680000000000059
164 6.000000 6.000000 0.01722189999999999832
165 6.000000 6.000000 0.01623749999999999846
166 10.000000 7.000000 0.11495170000000000388
167 7.000000 7.000000 0.12872079999999999633
168 8.000000 7.000000 0.01662550000000000139
169 7.000000 7.000000 0.01429880000000000040
170 8.000000 7.000000 0.13352300000000000280
171 6.000000 6.000000 0.01861979999999999885
172 7.000000 7.000000 0.01482310000000000051
173 8.000000 8.000000 0.01454369999999999968
174 8.000000 8.000000 0.02402639999999999984
175 7.000000 7.000000 0.01655869999999999911
176 8.000000 7.000000 0.01523900000000000081
177 9.000000 8.000000 0.02741999999999999993
178 7.000000 7.000000 0.01896959999999999966
179 8.000000 8.000000 0.01698329999999999979
180 8.000000 7.000000 0.01585599999999999857
181 6.000000 6.000000 0.11577900000000000691
182 7.000000 7.000000 0.01719530000000000017
183 7.000000 7.000000 0.02105419999999999861
184 6.000000 6.000000 0.02155179999999999943
185 9.000000 7.000000 0.02543810000000000168
186 9.000000 8.000000 0.01424270000000000050
187 7.000000 7.000000 0.01533690000000000053
188 7.000000 7.000000 0.08124710000000000265
189 7.000000 7.000000 0.01592119999999999994
190 8.000000 8.000000 0.01420309999999999975
191 7.000000 7.000000 0.02796689999999999940
192 9.000000 8.000000 0.01387410000000000032
193 8.000000 7.000000 0.02687890000000000071
194 9.000000 8.000000 0.01560540000000000017
195 7.000000 7.000000 0.01363510000000000069
196 7.000000 7.000000 0.01777199999999999960
197 6.000000 6.000000 0.01403180000000000052
198 8.000000 7.000000 0.01494889999999999934
199 7.000000 7.000000 0.09795660000000000478
200 7.000000 7.000000 0.01508649999999999922
201 7.000000 7.000000 0.01633070000000000008
202 7.000000 7.000000 0.01557060000000000041
203 8.000000 7.000000 0.01549470000000000014
204 9.000000 8.000000 0.01629840000000000108
205 8.000000 7.000000 0.01743139999999999967
206 7.000000 7.000000 0.01494849999999999998
207 8.000000 7.000000 0.01546370000000000036
208 7.000000 7.000000 0.01503389999999999935
209 8.000000 8.000000 0.01520379999999999995
210 6.000000 6.000000 0.09936789999999999512
211 8.000000 8.000000 0.09492430000000000312
212 6.000000 6.000000 0.08680910000000000015
213 8.000000 7.000000 0.01722080000000000138
214 6.000000 6.000000 0.01533370000000000045
215 7.000000 7.000000 0.01666760000000000116
216 8.000000 7.000000 0.01731140000000000109
217 8.000000 7.000000 0.01642479999999999982
218 9.000000 8.000000 0.01541509999999999929
219 7.000000 7.000000 0.01479220000000000014
220 6.000000 6.000000 0.08854190000000000671
221 8.000000 7.000000 0.09936119999999999675
222 6.000000 6.000000 0.01522830000000000017
223 8.000000 7.000000 0.09142179999999999751
224 9.000000 8.000000 0.08373619999999999675
225 9.000000 8.000000 0.01664850000000000010
226 6.000000 6.000000 0.10488000000000000100
227 8.000000 8.000000 0.09816840000000000288
228 6.000000 6.000000 0.01510240000000000020
229 9.000000 8.000000 0.09774109999999999743
230 7.000000 7.000000 0.10896859999999999880
231 7.000000 7.000000 0.01424590000000000058
232 8.000000 8.000000 0.10495770000000000099
233 7.000000 7.000000 0.01422099999999999927
234 7.000000 7.000000 0.10282800000000000273
235 7.000000 7.000000 0.01546329999999999927
236 8.000000 8.000000 0.02051959999999999895
237 8.000000 7.000000 0.09063830000000000497
238 9.000000 7.000000 0.09742750000000000021
239 8.000000 8.000000 0.01527189999999999971
240 7.000000 7.000000 0.09927640000000000076
241 6.000000 6.000000 0.01611100000000000032
242 9.000000 8.000000 0.01424759999999999915
243 7.000000 7.000000 0.09350300000000000278
244 7.000000 7.000000 0.09365210000000000201
245 7.000000 7.000000 0.01465879999999999961
246 6.000000 6.000000 0.01363409999999999969
247 6.000000 6.000000 0.09977919999999999845
248 7.000000 7.000000 0.01589109999999999828
249 10.000000 8.000000 0.09787460000000000604
250 8.000000 8.000000 0.08366250000000000075
251 7.000000 7.000000 0.01786570000000000172
252 6.000000 6.000000 0.02355530000000000124
253 7.000000 7.000000 0.02509779999999999997
254 9.000000 8.000000 0.02691850000000000145
255 8.000000 7.000000 0.01730929999999999969
256 8.000000 7.000000 0.09659120000000000206
257 6.000000 6.000000 0.01677769999999999956
258 6.000000 6.000000 0.01435269999999999949
259 7.000000 7.000000 0.01426889999999999929
260 8.000000 7.000000 0.01438970000000000006
261 6.000000 6.000000 0.01492489999999999963
262 8.000000 7.000000 0.01606840000000000004
263 8.000000 7.000000 0.02922589999999999910
264 8.000000 8.000000 0.02225469999999999879
265 6.000000 6.000000 0.02597599999999999909
266 6.000000 6.000000 0.04771809999999999941
267 6.000000 6.000000 0.05411409999999999831
268 6.000000 6.000000 0.01475259999999999939
269 9.000000 8.000000 0.04753980000000000011
270 6.000000 6.000000 0.04722339999999999871
271 9.000000 7.000000 0.04908679999999999988
272 8.000000 7.000000 0.03624789999999999957
273 8.000000 8.000000 0.02623580000000000009
274 7.000000 7.000000 0.01768170000000000158
275 7.000000 7.000000 0.01873910000000000159
276 7.000000 7.000000 0.05710090000000000304
277 7.000000 7.000000 0.01846379999999999896
278 7.000000 7.000000 0.01649710000000000065
279 8.000000 7.000000 0.05914570000000000244
280 8.000000 7.000000 0.01547959999999999961
281 9.000000 8.000000 0.01831580000000000014
282 7.000000 7.000000 0.01815589999999999912
283 8.000000 8.000000 0.02326560000000000086
284 8.000000 7.000000 0.03795350000000000112
285 8.000000 8.000000 0.02405260000000000037
286 6.000000 6.000000 0.01516069999999999918
287 7.000000 7.000000 0.05624069999999999764
288 8.000000 7.000000 0.05238120000000000276
289 8.000000 7.000000 0.02497119999999999895
290 6.000000 6.000000 0.01667640000000000094
291 7.000000 7.000000 0.05203409999999999980
292 6.000000 6.000000 0.04642929999999999974
293 7.000000 7.000000 0.06335399999999999365
294 8.000000 8.000000 0.01473760000000000001
295 8.000000 8.000000 0.02543000000000000121
296 9.000000 8.000000 0.04658659999999999884
297 8.000000 8.000000 0.04402299999999999963
298 9.000000 8.000000 0.01864299999999999985
299 8.000000 8.000000 0.02093259999999999912
300 7.000000 7.000000 0.03286109999999999726
301 8.000000 7.000000 0.01476689999999999947
302 9.000000 8.000000 0.02601880000000000165
303 8.000000 8.000000 0.02756590000000000082
304 7.000000 7.000000 0.04556299999999999933
305 8.000000 7.000000 0.03489339999999999803
306 7.000000 7.000000 0.01514659999999999965
307 7.000000 7.000000 0.01415420000000000046
308 7.000000 7.000000 0.05898230000000000139
309 7.000000 7.000000 0.04736699999999999938
310 7.000000 7.000000 0.01627539999999999890
311 6.000000 6.000000 0.01536769999999999976
312 8.000000 7.000000 0.01642959999999999907
313 8.000000 7.000000 0.01738869999999999999
314 7.000000 7.000000 0.01574450000000000155
315 8.000000 7.000000 0.01516379999999999985
316 7.000000 7.000000 0.01540500000000000029
317 8.000000 8.000000 0.01779889999999999944
318 6.000000 6.000000 0.01749809999999999907
319 8.000000 7.000000 0.01815759999999999943
320 8.000000 7.000000 0.01919759999999999869
321 7.000000 7.000000 0.01816579999999999931
322 7.000000 7.000000 0.01493060000000000047
323 7.000000 7.000000 0.01924630000000000091
324 7.000000 7.000000 0.01750700000000000173
325 6.000000 6.000000 0.04498440000000000077
326 8.000000 8.000000 0.02029809999999999948
327 8.000000 8.000000 0.01964449999999999877
328 7.000000 7.000000 0.01545969999999999983
329 7.000000 7.000000 0.02004219999999999960
330 9.000000 8.000000 0.01510839999999999926
331 7.000000 7.000000 0.01476159999999999972
332 7.000000 7.000000 0.01644409999999999969
333 7.000000 7.000000 0.02029670000000000085
334 8.000000 8.000000 0.03764769999999999922
335 8.000000 8.000000 0.02462380000000000124
336 6.000000 6.000000 0.01449139999999999977
337 6.000000 6.000000 0.02169050000000000145
338 7.000000 7.000000 0.01682700000000000168
339 8.000000 8.000000 0.01635189999999999907
340 7.000000 7.000000 0.01523240000000000011
341 6.000000 6.000000 0.02161089999999999886
342 7.000000 7.000000 0.01494179999999999987
343 7.000000 7.000000 0.01698049999999999907
344 6.000000 6.000000 0.02311289999999999872
345 6.000000 6.000000 0.01925939999999999944
346 8.000000 7.000000 0.01428770000000000040
347 7.000000 7.000000 0.02079450000000000048
348 6.000000 6.000000 0.01678779999999999856
349 8.000000 7.000000 0.01560089999999999914
350 6.000000 6.000000 0.01590760000000000091
351 6.000000 6.000000 0.01791620000000000018
352 7.000000 7.000000 0.05430070000000000036
353 9.000000 8.000000 0.01738889999999999880
354 7.000000 7.000000 0.01738939999999999930
355 6.000000 6.000000 0.01759020000000000028
356 6.000000 6.000000 0.01589499999999999941
357 8.000000 8.000000 0.01812470000000000053
358 6.000000 6.000000 0.01505659999999999984
359 6.000000 6.000000 0.05141350000000000087
360 8.000000 7.000000 0.01312149999999999948
361 7.000000 7.000000 0.05806839999999999918
362 7.000000 7.000000 0.06443550000000000666
363 8.000000 8.000000 0.03080190000000000011
364 8.000000 7.000000 0.01580000000000000154
365 6.000000 6.000000 0.01597530000000000130
366 8.000000 7.000000 0.07170609999999999484
367 6.000000 6.000000 0.06551289999999999891
368 8.000000 7.000000 0.01401939999999999957
369 7.000000 7.000000 0.01992640000000000036
370 7.000000 7.000000 0.03038580000000000100
371 9.000000 7.000000 0.02269830000000000111
372 7.000000 7.000000 0.02737530000000000172
373 6.000000 6.000000 0.01403229999999999929
374 7.000000 7.000000 0.02096469999999999931
375 7.000000 7.000000 0.01682729999999999990
376 8.000000 7.000000 0.01758120000000000169
377 8.000000 8.000000 0.01716039999999999927
378 6.000000 6.000000 0.02384319999999999842
379 8.000000 7.000000 0.02112939999999999957
380 8.000000 8.000000 0.01842569999999999972
381 7.000000 7.000000 0.01556420000000000026
382 8.000000 8.000000 0.01470639999999999968
383 8.000000 8.000000 0.01453989999999999970
384 8.000000 8.000000 0.01999959999999999932
385 7.000000 7.000000 0.01870379999999999959
386 7.000000 7.000000 0.01475409999999999916
387 7.000000 7.000000 0.02511410000000000031
388 7.000000 7.000000 0.01434969999999999996
389 7.000000 7.000000 0.01431679999999999932
390 6.000000 6.000000 0.01671539999999999832
391 8.000000 8.000000 0.01666830000000000048
392 7.000000 7.000000 0.01522369999999999973
393 8.000000 8.000000 0.02526039999999999883
394 8.000000 8.000000 0.01547789999999999930
395 6.000000 6.000000 0.01561060000000000052
396 7.000000 7.000000 0.01710300000000000015
397 8.000000 8.000000 0.01511810000000000064
398 9.000000 8.000000 0.01380950000000000059
399 6.000000 6.000000 0.01695639999999999994
400 6.000000 6.000000 0.01543540000000000016
401 7.000000 7.000000 0.01425180000000000023
402 6.000000 6.000000 0.01514060000000000059
403 8.000000 7.000000 0.02532960000000000073
404 6.000000 6.000000 0.02063210000000000044
405 8.000000 7.000000 0.01658400000000000152
406 6.000000 6.000000 0.01495679999999999926
407 7.000000 7.000000 0.01661879999999999954
408 7.000000 7.000000 0.01523889999999999967
409 8.000000 8.000000 0.01371119999999999978
410 7.000000 7.000000 0.01494949999999999925
411 6.000000 6.000000 0.01507410000000000000
412 10.000000 8.000000 0.01353799999999999969
413 7.000000 7.000000 0.01423609999999999980
414 7.000000 7.000000 0.01623609999999999984
415 6.000000 6.000000 0.01491499999999999944
416 9.000000 7.000000 0.01468979999999999939
417 8.000000 7.000000 0.01570260000000000059
418 8.000000 7.000000 0.01593479999999999897
419 7.000000 7.000000 0.01450139999999999936
420 6.000000 6.000000 0.01497749999999999949
