1 10.000000 9.000000 0.16722600000000001352
2 17.000000 15.000000 0.07237620000000000164
3 10.000000 9.000000 0.03723159999999999664
4 11.000000 10.000000 0.04423200000000000048
5 11.000000 10.000000 0.06596019999999999661
6 10.000000 10.000000 0.03895119999999999832
7 10.000000 9.000000 0.03258609999999999979
8 13.000000 11.000000 0.03398210000000000119
9 10.000000 10.000000 0.04693939999999999918
10 9.000000 9.000000 0.02154100000000000112
11 23.000000 17.000000 0.02579889999999999961
12 9.000000 9.000000 0.02619990000000000166
13 14.000000 11.000000 0.02116200000000000025
14 9.000000 9.000000 0.02701450000000000032
15 13.000000 11.000000 0.02740870000000000112
16 16.000000 14.000000 0.03909619999999999762
17 10.000000 9.000000 0.01908409999999999968
18 12.000000 10.000000 0.02453249999999999875
19 11.000000 9.000000 0.02178520000000000109
20 18.000000 15.000000 0.02239669999999999855
21 11.000000 10.000000 0.03131779999999999980
22 10.000000 9.000000 0.02310550000000000104
23 13.000000 12.000000 0.03229950000000000182
24 12.000000 12.000000 0.02752889999999999851
25 11.000000 10.000000 0.03802500000000000324
26 18.000000 15.000000 0.04037500000000000117
27 10.000000 10.000000 0.02584140000000000048
28 7.000000 7.000000 0.01987850000000000034
29 14.000000 12.000000 0.01936399999999999927
30 9.000000 9.000000 0.02333740000000000120
31 12.000000 11.000000 0.02298870000000000080
32 10.000000 9.000000 0.02169569999999999832
33 10.000000 9.000000 0.02009640000000000037
34 12.000000 9.000000 0.01941050000000000067
35 11.000000 10.000000 0.02266550000000000162
36 9.000000 8.000000 0.01853950000000000042
37 14.000000 12.000000 0.02257759999999999975
38 11.000000 10.000000 0.02361009999999999845
39 13.000000 11.000000 0.04614039999999999808
40 10.000000 9.000000 0.02694650000000000170
41 10.000000 9.000000 0.02084180000000000060
42 7.000000 7.000000 0.02082869999999999860
43 11.000000 10.000000 0.02198960000000000151
44 8.000000 7.000000 0.02008149999999999866
45 12.000000 10.000000 0.02133989999999999845
46 10.000000 9.000000 0.02345900000000000069
47 16.000000 14.000000 0.02090229999999999866
48 10.000000 9.000000 0.02052800000000000111
49 13.000000 12.000000 0.02232369999999999841
50 11.000000 11.000000 0.02041789999999999924
51 11.000000 10.000000 0.02172980000000000050
52 11.000000 10.000000 0.02361419999999999839
53 18.000000 15.000000 0.02100170000000000162
54 12.000000 10.000000 0.01893749999999999947
55 11.000000 10.000000 0.02217020000000000102
56 12.000000 11.000000 0.02109259999999999954
57 11.000000 11.000000 0.02823729999999999990
58 11.000000 10.000000 0.02296079999999999996
59 8.000000 7.000000 0.02337619999999999976
60 14.000000 12.000000 0.02439780000000000074
61 9.000000 9.000000 0.02307889999999999942
62 12.000000 11.000000 0.02150629999999999903
63 14.000000 12.000000 0.02215129999999999877
64 14.000000 12.000000 0.02316019999999999884
65 9.000000 9.000000 0.02793999999999999956
66 9.000000 9.000000 0.02234809999999999922
67 10.000000 9.000000 0.02266309999999999852
68 11.000000 9.000000 0.01888110000000000135
69 12.000000 10.000000 0.01944279999999999967
70 13.000000 11.000000 0.02020979999999999999
71 9.000000 9.000000 0.02114030000000000076
72 15.000000 15.000000 0.01896509999999999863
73 9.000000 9.000000 0.02027309999999999876
74 10.000000 10.000000 0.02380070000000000102
75 15.000000 14.000000 0.02106500000000000039
76 12.000000 10.000000 0.02061850000000000141
77 8.000000 7.000000 0.01996739999999999973
78 15.000000 13.000000 0.02306340000000000126
79 8.000000 8.000000 0.02131330000000000030
80 10.000000 10.000000 0.01986800000000000024
81 8.000000 8.000000 0.02988839999999999900
82 7.000000 7.000000 0.02468340000000000117
83 10.000000 9.000000 0.02201900000000000038
84 14.000000 11.000000 0.02414780000000000051
85 12.000000 12.000000 0.02083660000000000026
86 15.000000 14.000000 0.01889530000000000029
87 9.000000 9.000000 0.02597119999999999984
88 12.000000 9.000000 0.02607860000000000039
89 15.000000 14.000000 0.02803649999999999892
90 13.000000 12.000000 0.02571359999999999965
91 7.000000 7.000000 0.02376429999999999862
92 11.000000 9.000000 0.01942970000000000114
93 17.000000 13.000000 0.01917009999999999895
94 8.000000 8.000000 0.02367860000000000104
95 11.000000 9.000000 0.02494390000000000149
96 14.000000 12.000000 0.02288600000000000009
97 10.000000 10.000000 0.02448780000000000054
98 11.000000 10.000000 0.02756930000000000144
99 13.000000 10.000000 0.02320720000000000074
100 9.000000 7.000000 0.03208690000000000153
101 14.000000 11.000000 0.01720709999999999948
102 10.000000 10.000000 0.02422289999999999860
103 11.000000 8.000000 0.02319219999999999962
104 10.000000 10.000000 0.01990839999999999971
105 13.000000 10.000000 0.01926220000000000016
106 14.000000 13.000000 0.03449100000000000082
107 18.000000 15.000000 0.04214999999999999997
108 13.000000 10.000000 0.03389869999999999689
109 12.000000 10.000000 0.04990689999999999710
110 10.000000 10.000000 0.03517730000000000162
111 12.000000 9.000000 0.04911800000000000194
112 12.000000 11.000000 0.04345460000000000295
113 14.000000 13.000000 0.02919800000000000173
114 9.000000 8.000000 0.03676929999999999782
115 18.000000 14.000000 0.03942020000000000246
116 7.000000 7.000000 0.06477239999999999387
117 10.000000 9.000000 0.04773770000000000097
118 7.000000 7.000000 0.04518520000000000175
119 9.000000 9.000000 0.03875669999999999810
120 8.000000 8.000000 0.04414099999999999968
121 11.000000 10.000000 0.02287199999999999997
122 16.000000 13.000000 0.02011469999999999925
123 14.000000 11.000000 0.02003860000000000016
124 19.000000 13.000000 0.01811619999999999897
125 14.000000 11.000000 0.02275819999999999926
126 17.000000 15.000000 0.01710280000000000133
127 10.000000 10.000000 0.02020510000000000014
128 12.000000 11.000000 0.01836209999999999926
129 9.000000 8.000000 0.01850109999999999949
130 16.000000 14.000000 0.02221240000000000020
131 15.000000 12.000000 0.02709249999999999853
132 12.000000 9.000000 0.02389700000000000157
133 13.000000 10.000000 0.01921470000000000122
134 8.000000 8.000000 0.02989460000000000034
135 9.000000 9.000000 0.02059259999999999910
136 10.000000 10.000000 0.02261900000000000022
137 11.000000 10.000000 0.02098190000000000124
138 8.000000 8.000000 0.01849620000000000083
139 12.000000 10.000000 0.02786840000000000150
140 10.000000 9.000000 0.01896770000000000053
141 7.000000 7.000000 0.02773979999999999849
142 7.000000 7.000000 0.02739170000000000146
143 10.000000 9.000000 0.02028949999999999851
144 7.000000 7.000000 0.02395009999999999847
145 17.000000 13.000000 0.03226369999999999932
146 13.000000 11.000000 0.01989600000000000049
147 11.000000 9.000000 0.01987219999999999959
148 9.000000 8.000000 0.03851569999999999994
149 14.000000 13.000000 0.01886219999999999911
150 10.000000 10.000000 0.02721399999999999861
151 7.000000 7.000000 0.02152199999999999946
152 12.000000 10.000000 0.02271640000000000117
153 10.000000 9.000000 0.02351349999999999968
154 7.000000 7.000000 0.02239259999999999862
155 9.000000 9.000000 0.01971900000000000042
156 8.000000 8.000000 0.02046649999999999858
157 12.000000 11.000000 0.02718129999999999852
158 12.000000 10.000000 0.01873800000000000118
159 11.000000 9.000000 0.03644889999999999936
160 9.000000 8.000000 0.05523580000000000156
161 12.000000 12.000000 0.05205449999999999661
162 11.000000 10.000000 0.04019989999999999675
163 8.000000 8.000000 0.03892690000000000039
164 9.000000 9.000000 0.03274839999999999696
165 10.000000 10.000000 0.03441810000000000008
166 12.000000 10.000000 0.03548239999999999728
167 11.000000 11.000000 0.03262269999999999753
168 10.000000 10.000000 0.04494879999999999709
169 9.000000 8.000000 0.03934039999999999759
170 14.000000 12.000000 0.02316419999999999937
171 12.000000 12.000000 0.03807350000000000317
172 6.000000 6.000000 0.05130830000000000113
173 13.000000 13.000000 0.03912670000000000037
174 7.000000 7.000000 0.03406700000000000006
175 11.000000 11.000000 0.04342619999999999814
176 8.000000 8.000000 0.04055659999999999821
177 11.000000 10.000000 0.04211499999999999966
178 9.000000 9.000000 0.05017209999999999726
179 16.000000 14.000000 0.06666189999999999616
180 12.000000 11.000000 0.03681550000000000100
181 10.000000 9.000000 0.04095399999999999735
182 15.000000 13.000000 0.02329300000000000120
183 13.000000 12.000000 0.01975439999999999835
184 10.000000 10.000000 0.04361999999999999905
185 11.000000 10.000000 0.04571340000000000126
186 7.000000 7.000000 0.03251450000000000173
187 13.000000 12.000000 0.03221399999999999958
188 13.000000 11.000000 0.02550190000000000096
189 13.000000 11.000000 0.05070820000000000188
190 12.000000 10.000000 0.03156090000000000284
191 13.000000 12.000000 0.04189940000000000331
192 8.000000 8.000000 0.02214369999999999880
193 9.000000 9.000000 0.05864699999999999774
194 11.000000 10.000000 0.03101709999999999884
195 13.000000 12.000000 0.04091449999999999948
196 8.000000 8.000000 0.01904600000000000043
197 9.000000 9.000000 0.02203729999999999925
198 12.000000 10.000000 0.03227359999999999951
199 11.000000 9.000000 0.01858430000000000151
200 8.000000 7.000000 0.02330679999999999905
201 10.000000 9.000000 0.04816460000000000186
202 11.000000 10.000000 0.03960749999999999688
203 10.000000 10.000000 0.04981030000000000180
204 11.000000 11.000000 0.04668019999999999808
205 12.000000 11.000000 0.03271609999999999796
206 12.000000 11.000000 0.03068179999999999866
207 14.000000 12.000000 0.03405110000000000081
208 14.000000 12.000000 0.04555010000000000309
209 16.000000 15.000000 0.04757879999999999748
210 14.000000 13.000000 0.03600550000000000278
211 13.000000 12.000000 0.04820289999999999991
212 11.000000 11.000000 0.03340339999999999976
213 6.000000 6.000000 0.03084129999999999858
214 11.000000 10.000000 0.05441950000000000259
215 8.000000 7.000000 0.03326260000000000328
216 9.000000 9.000000 0.03756530000000000286
217 10.000000 10.000000 0.03565120000000000094
218 18.000000 16.000000 0.02929330000000000128
219 7.000000 7.000000 0.03913959999999999662
220 13.000000 11.000000 0.03097149999999999903
221 16.000000 16.000000 0.02179920000000000121
222 7.000000 7.000000 0.03917559999999999792
223 12.000000 11.000000 0.03384070000000000134
224 14.000000 12.000000 0.02215949999999999864
225 10.000000 9.000000 0.08565059999999999341
226 12.000000 12.000000 0.02324210000000000165
227 9.000000 9.000000 0.03042970000000000050
228 7.000000 7.000000 0.02786840000000000150
229 16.000000 13.000000 0.02915339999999999945
230 10.000000 9.000000 0.03862360000000000099
231 15.000000 12.000000 0.03680880000000000263
232 13.000000 11.000000 0.01914369999999999961
233 10.000000 9.000000 0.03154400000000000259
234 10.000000 10.000000 0.01864580000000000057
235 14.000000 10.000000 0.03778129999999999683
236 20.000000 15.000000 0.03793559999999999988
237 14.000000 12.000000 0.03223730000000000345
238 8.000000 8.000000 0.03249939999999999773
239 18.000000 15.000000 0.02560149999999999926
240 14.000000 12.000000 0.01963149999999999964
241 8.000000 7.000000 0.01978830000000000172
242 10.000000 9.000000 0.02424990000000000132
243 14.000000 12.000000 0.02166970000000000007
244 8.000000 8.000000 0.02069309999999999899
245 8.000000 8.000000 0.02080639999999999920
246 17.000000 15.000000 0.02518810000000000146
247 9.000000 9.000000 0.02361730000000000079
248 11.000000 10.000000 0.02143739999999999882
249 15.000000 12.000000 0.02946160000000000098
250 8.000000 8.000000 0.03036149999999999960
251 11.000000 10.000000 0.03052049999999999902
252 10.000000 9.000000 0.02879469999999999946
253 10.000000 9.000000 0.02207270000000000065
254 11.000000 10.000000 0.02954649999999999985
255 7.000000 7.000000 0.03033440000000000095
256 14.000000 11.000000 0.02599769999999999859
257 8.000000 8.000000 0.03819430000000000047
258 17.000000 14.000000 0.02976950000000000082
259 9.000000 9.000000 0.03127169999999999950
260 9.000000 9.000000 0.02696010000000000073
261 16.000000 14.000000 0.02318699999999999928
262 14.000000 12.000000 0.01925610000000000169
263 11.000000 10.000000 0.02966509999999999980
264 11.000000 10.000000 0.02367000000000000007
265 13.000000 12.000000 0.03416750000000000342
266 16.000000 12.000000 0.03792979999999999963
267 13.000000 11.000000 0.01786190000000000000
268 11.000000 10.000000 0.02354940000000000158
269 11.000000 10.000000 0.02401789999999999828
270 8.000000 8.000000 0.02441139999999999977
271 12.000000 12.000000 0.01959529999999999952
272 15.000000 13.000000 0.01909289999999999946
273 15.000000 11.000000 0.02487730000000000150
274 13.000000 11.000000 0.04019430000000000225
275 11.000000 10.000000 0.02061709999999999932
276 9.000000 9.000000 0.02964050000000000018
277 14.000000 13.000000 0.03141469999999999679
278 13.000000 12.000000 0.02873250000000000109
279 12.000000 11.000000 0.03522870000000000168
280 10.000000 9.000000 0.03619429999999999870
281 7.000000 7.000000 0.02767539999999999931
282 18.000000 12.000000 0.02275419999999999873
283 12.000000 10.000000 0.01828930000000000139
284 17.000000 15.000000 0.01991789999999999880
285 12.000000 10.000000 0.01879890000000000033
286 9.000000 9.000000 0.02456070000000000128
287 15.000000 14.000000 0.02480769999999999850
288 17.000000 13.000000 0.02523809999999999942
289 14.000000 13.000000 0.03411549999999999999
290 18.000000 14.000000 0.03105789999999999940
291 12.000000 10.000000 0.02491530000000000133
292 14.000000 14.000000 0.02350340000000000068
293 7.000000 7.000000 0.02253449999999999898
294 11.000000 10.000000 0.04148729999999999779
295 10.000000 9.000000 0.01886080000000000048
296 10.000000 9.000000 0.02048379999999999992
297 14.000000 13.000000 0.02126729999999999940
298 12.000000 10.000000 0.02184380000000000002
299 8.000000 8.000000 0.02437150000000000080
300 12.000000 11.000000 0.02944319999999999923
301 14.000000 11.000000 0.02471119999999999914
302 12.000000 10.000000 0.02660279999999999936
303 15.000000 13.000000 0.01953799999999999981
304 14.000000 11.000000 0.01851010000000000155
305 15.000000 13.000000 0.02120630000000000084
306 7.000000 7.000000 0.01952250000000000166
307 12.000000 10.000000 0.03814370000000000260
308 9.000000 9.000000 0.02750199999999999867
309 12.000000 12.000000 0.04019090000000000162
310 10.000000 10.000000 0.02406869999999999843
311 10.000000 10.000000 0.02766489999999999921
312 11.000000 10.000000 0.01930319999999999953
313 10.000000 10.000000 0.02364890000000000048
314 16.000000 15.000000 0.02972290000000000001
315 7.000000 7.000000 0.02341880000000000003
316 16.000000 13.000000 0.03034070000000000170
317 10.000000 10.000000 0.02797180000000000152
318 14.000000 12.000000 0.03170959999999999751
319 17.000000 17.000000 0.02895819999999999991
320 14.000000 11.000000 0.02097579999999999931
321 12.000000 12.000000 0.01939650000000000055
322 14.000000 12.000000 0.02079680000000000070
323 12.000000 9.000000 0.01900810000000000000
324 13.000000 10.000000 0.02118199999999999944
325 8.000000 7.000000 0.01910219999999999974
326 13.000000 12.000000 0.03276910000000000239
327 9.000000 9.000000 0.01898899999999999894
328 10.000000 9.000000 0.03481560000000000210
329 11.000000 11.000000 0.02452560000000000157
330 7.000000 7.000000 0.02332640000000000061
331 12.000000 9.000000 0.01998230000000000145
332 9.000000 9.000000 0.01786329999999999862
333 16.000000 13.000000 0.01908699999999999980
334 13.000000 13.000000 0.01887809999999999835
335 10.000000 10.000000 0.01970380000000000048
336 9.000000 9.000000 0.02171090000000000172
337 12.000000 10.000000 0.02015609999999999971
338 12.000000 12.000000 0.01992769999999999958
339 12.000000 11.000000 0.02145820000000000019
340 7.000000 7.000000 0.01962679999999999980
341 18.000000 15.000000 0.01809349999999999847
342 13.000000 10.000000 0.01879149999999999918
343 13.000000 12.000000 0.02997680000000000136
344 10.000000 9.000000 0.01823730000000000143
345 9.000000 8.000000 0.02213920000000000124
346 6.000000 6.000000 0.02114190000000000166
347 7.000000 7.000000 0.02304020000000000026
348 12.000000 11.000000 0.01820010000000000031
349 8.000000 8.000000 0.02268430000000000099
350 9.000000 9.000000 0.01883949999999999861
351 10.000000 10.000000 0.02059820000000000054
352 13.000000 12.000000 0.01798479999999999870
353 13.000000 12.000000 0.02444529999999999967
354 12.000000 11.000000 0.02458859999999999865
355 13.000000 12.000000 0.02124710000000000140
356 12.000000 11.000000 0.01793749999999999858
357 6.000000 6.000000 0.02329720000000000055
358 8.000000 8.000000 0.02668709999999999832
359 19.000000 14.000000 0.02062030000000000113
360 11.000000 10.000000 0.02250610000000000110
361 17.000000 13.000000 0.01804539999999999964
362 14.000000 14.000000 0.02021960000000000077
363 14.000000 11.000000 0.02284380000000000091
364 9.000000 9.000000 0.01943009999999999876
365 17.000000 15.000000 0.01829760000000000067
366 15.000000 13.000000 0.01807819999999999913
367 12.000000 11.000000 0.02467909999999999895
368 10.000000 10.000000 0.01962449999999999958
369 12.000000 11.000000 0.01878540000000000071
370 8.000000 8.000000 0.02226730000000000029
371 13.000000 10.000000 0.01960939999999999905
372 9.000000 9.000000 0.02216279999999999986
373 12.000000 10.000000 0.01832910000000000095
374 14.000000 14.000000 0.01799670000000000089
375 8.000000 8.000000 0.01859390000000000001
376 8.000000 8.000000 0.02070040000000000074
377 21.000000 16.000000 0.03960940000000000294
378 14.000000 10.000000 0.02675750000000000003
379 15.000000 15.000000 0.03225440000000000251
380 7.000000 7.000000 0.03958239999999999675
381 8.000000 8.000000 0.02529460000000000042
382 20.000000 18.000000 0.02974900000000000114
383 11.000000 10.000000 0.01791550000000000087
384 14.000000 11.000000 0.02017700000000000049
385 9.000000 9.000000 0.02072879999999999862
386 13.000000 11.000000 0.01780199999999999838
387 12.000000 10.000000 0.02158809999999999896
388 15.000000 10.000000 0.01811899999999999969
389 12.000000 11.000000 0.01928730000000000028
390 11.000000 10.000000 0.01909260000000000124
391 10.000000 9.000000 0.02138560000000000114
392 14.000000 11.000000 0.02304780000000000023
393 12.000000 11.000000 0.02531129999999999838
394 14.000000 12.000000 0.02017800000000000149
395 9.000000 8.000000 0.02469980000000000092
396 10.000000 9.000000 0.02338410000000000141
397 13.000000 12.000000 0.02311560000000000004
398 12.000000 12.000000 0.02599689999999999987
399 13.000000 11.000000 0.02286940000000000153
400 13.000000 11.000000 0.02721590000000000120
401 15.000000 13.000000 0.02674460000000000032
402 11.000000 9.000000 0.04602969999999999978
403 9.000000 7.000000 0.01854219999999999827
404 15.000000 13.000000 0.02224510000000000029
405 14.000000 12.000000 0.01912300000000000111
406 6.000000 6.000000 0.01820959999999999940
407 14.000000 14.000000 0.02076329999999999842
408 9.000000 9.000000 0.02042329999999999840
409 12.000000 10.000000 0.02273369999999999905
410 15.000000 13.000000 0.02064339999999999925
411 8.000000 8.000000 0.02076829999999999996
412 10.000000 10.000000 0.02125370000000000037
413 13.000000 11.000000 0.02136489999999999917
414 9.000000 9.000000 0.02181340000000000015
415 11.000000 10.000000 0.02243469999999999839
416 11.000000 9.000000 0.01930449999999999874
417 14.000000 14.000000 0.02284610000000000113
418 11.000000 9.000000 0.01801289999999999836
419 8.000000 7.000000 0.02206220000000000056
420 15.000000 13.000000 0.02321869999999999837
