1 65.000000 56.000000 0.21964819999999998790
2 47.000000 39.000000 0.16454379999999999007
3 44.000000 36.000000 0.15114559999999999107
4 49.000000 43.000000 0.09894060000000000354
5 59.000000 48.000000 0.11194350000000000134
6 46.000000 37.000000 0.10435690000000000244
7 44.000000 40.000000 0.12478920000000000290
8 59.000000 45.000000 0.12234939999999999705
9 25.000000 23.000000 0.15148039999999998728
10 33.000000 29.000000 0.14551249999999998908
11 27.000000 25.000000 0.12332419999999999494
12 38.000000 34.000000 0.10788830000000000642
13 41.000000 36.000000 0.12588350000000000928
14 37.000000 35.000000 0.08872259999999999869
15 76.000000 59.000000 0.06794390000000000152
16 67.000000 57.000000 0.06696259999999999712
17 52.000000 44.000000 0.07826410000000000311
18 41.000000 35.000000 0.30024119999999998587
19 25.000000 25.000000 0.12778729999999999256
20 50.000000 44.000000 0.07470540000000000513
21 48.000000 36.000000 0.05232429999999999720
22 33.000000 27.000000 0.07405910000000000271
23 53.000000 45.000000 0.07175220000000000209
24 44.000000 33.000000 0.09858010000000000383
25 45.000000 37.000000 0.12031940000000000690
26 44.000000 35.000000 0.12527630000000000710
27 54.000000 48.000000 0.04813699999999999923
28 54.000000 44.000000 0.09348549999999999915
29 41.000000 39.000000 0.07947790000000000410
30 21.000000 18.000000 0.10265080000000000038
31 41.000000 37.000000 0.10265839999999999688
32 78.000000 61.000000 0.07266219999999999624
33 67.000000 56.000000 0.05681080000000000158
34 33.000000 28.000000 0.09909880000000000078
35 41.000000 40.000000 0.09277660000000000073
36 72.000000 56.000000 0.04974259999999999793
37 32.000000 27.000000 0.07033470000000000000
38 45.000000 37.000000 0.09252199999999999314
39 41.000000 35.000000 0.12830059999999998688
40 41.000000 34.000000 0.08604489999999999361
41 61.000000 52.000000 0.08817840000000000400
42 42.000000 35.000000 0.07104459999999999942
43 36.000000 30.000000 0.07979949999999999544
44 36.000000 31.000000 0.11896450000000000080
45 25.000000 24.000000 0.11804249999999999465
46 54.000000 50.000000 0.08896579999999999766
47 34.000000 29.000000 0.07579110000000000014
48 29.000000 24.000000 0.12267229999999999801
49 61.000000 50.000000 0.11991419999999999857
50 56.000000 50.000000 0.08459450000000000303
51 50.000000 45.000000 0.06248870000000000119
52 39.000000 35.000000 0.08774200000000000055
53 48.000000 42.000000 0.07304510000000000169
54 24.000000 19.000000 0.11112410000000000343
55 20.000000 18.000000 0.10458439999999999404
56 42.000000 34.000000 0.13134660000000000779
57 48.000000 40.000000 0.10635989999999999334
58 45.000000 37.000000 0.07810459999999999625
59 32.000000 28.000000 0.13814429999999999765
60 65.000000 49.000000 0.08845569999999999822
61 49.000000 39.000000 0.05991679999999999923
62 67.000000 52.000000 0.08495350000000000124
63 49.000000 38.000000 0.08095979999999999843
64 52.000000 48.000000 0.08600979999999999737
65 41.000000 35.000000 0.07761919999999999931
66 66.000000 52.000000 0.08078739999999999533
67 21.000000 21.000000 0.13736740000000000061
68 47.000000 42.000000 0.11998870000000000369
69 27.000000 22.000000 0.12266159999999999564
70 39.000000 34.000000 0.14268990000000000840
71 40.000000 34.000000 0.10709069999999999701
72 54.000000 42.000000 0.09117790000000000616
73 50.000000 41.000000 0.12550339999999998719
74 51.000000 44.000000 0.13480870000000000353
75 65.000000 56.000000 0.15363579999999998904
76 35.000000 29.000000 0.15045520000000001115
77 46.000000 39.000000 0.10914949999999999652
78 36.000000 31.000000 0.14782649999999999957
79 33.000000 27.000000 0.17293990000000000751
80 30.000000 27.000000 0.14010980000000000656
81 50.000000 44.000000 0.08447050000000000392
82 45.000000 39.000000 0.08099560000000000093
83 48.000000 38.000000 0.07967440000000000633
84 41.000000 35.000000 0.14539979999999999571
85 33.000000 28.000000 0.10683460000000000178
86 56.000000 44.000000 0.16137660000000000893
87 26.000000 22.000000 0.18899230000000000196
88 46.000000 39.000000 0.18891839999999998634
89 34.000000 31.000000 0.11483500000000000651
90 25.000000 23.000000 0.19463869999999999783
91 67.000000 56.000000 0.06990459999999999730
92 45.000000 37.000000 0.12274480000000000113
93 34.000000 28.000000 0.08564439999999999553
94 38.000000 34.000000 0.10245750000000000690
95 54.000000 47.000000 0.07649549999999999406
96 53.000000 39.000000 0.10048450000000000437
97 14.000000 14.000000 0.17714070000000001204
98 48.000000 38.000000 0.17750569999999998849
99 22.000000 21.000000 0.10319319999999999882
100 46.000000 34.000000 0.23518490000000000228
101 77.000000 55.000000 0.07346049999999999802
102 40.000000 33.000000 0.09805800000000000627
103 70.000000 52.000000 0.10192439999999999833
104 36.000000 30.000000 0.18921609999999999818
105 32.000000 31.000000 0.12256309999999999427
106 35.000000 33.000000 0.11347859999999999892
107 33.000000 27.000000 0.11647530000000000383
108 58.000000 50.000000 0.05420339999999999880
109 53.000000 44.000000 0.06942560000000000398
110 42.000000 39.000000 0.21842970000000000441
111 54.000000 44.000000 0.08976629999999999332
112 34.000000 32.000000 0.09353440000000000365
113 53.000000 44.000000 0.09492470000000000074
114 34.000000 31.000000 0.16178429999999999200
115 21.000000 20.000000 0.11406410000000000160
116 31.000000 25.000000 0.12658099999999999907
117 62.000000 53.000000 0.10004709999999999992
118 46.000000 38.000000 0.13531329999999999747
119 15.000000 15.000000 0.11543889999999999707
120 54.000000 47.000000 0.05648670000000000080
121 58.000000 48.000000 0.10886619999999999631
122 73.000000 59.000000 0.05011729999999999657
123 16.000000 15.000000 0.13239839999999999942
124 53.000000 41.000000 0.07500400000000000122
125 60.000000 47.000000 0.06242930000000000007
126 54.000000 46.000000 0.07398359999999999659
127 30.000000 28.000000 0.24197330000000000227
128 17.000000 16.000000 0.16981899999999999773
129 26.000000 23.000000 0.18217710000000000847
130 37.000000 32.000000 0.15591459999999998653
131 51.000000 42.000000 0.04193890000000000118
132 50.000000 43.000000 0.06339780000000000415
133 41.000000 34.000000 0.04787829999999999864
134 45.000000 32.000000 0.08479649999999999688
135 84.000000 69.000000 0.04029780000000000167
136 40.000000 37.000000 0.16449769999999999670
137 36.000000 33.000000 0.13222860000000000169
138 20.000000 20.000000 0.16675309999999998745
139 43.000000 37.000000 0.10199560000000000570
140 55.000000 49.000000 0.10864240000000000008
141 32.000000 26.000000 0.26217129999999999601
142 52.000000 45.000000 0.11245969999999999578
143 30.000000 25.000000 0.13884759999999998770
144 50.000000 43.000000 0.08570999999999999452
145 35.000000 29.000000 0.11464739999999999653
146 49.000000 43.000000 0.11166539999999999799
147 52.000000 44.000000 0.10632669999999999622
148 47.000000 45.000000 0.09135400000000000464
149 38.000000 30.000000 0.15422730000000001160
150 65.000000 53.000000 0.10567379999999999829
151 51.000000 44.000000 0.09414999999999999758
152 26.000000 26.000000 0.12261189999999999589
153 44.000000 36.000000 0.09645109999999999795
154 63.000000 57.000000 0.08881390000000000118
155 39.000000 35.000000 0.08946030000000000648
156 17.000000 16.000000 0.15669640000000001345
157 47.000000 42.000000 0.13085089999999999222
158 43.000000 33.000000 0.06715469999999999773
159 65.000000 52.000000 0.07701180000000000525
160 51.000000 44.000000 0.07282669999999999422
161 42.000000 34.000000 0.17127680000000000682
162 41.000000 35.000000 0.11326659999999999506
163 56.000000 44.000000 0.11828700000000000325
164 64.000000 47.000000 0.09466539999999999677
165 49.000000 40.000000 0.12817899999999998739
166 31.000000 28.000000 0.16520989999999999287
167 58.000000 45.000000 0.10621319999999999373
168 33.000000 33.000000 0.15333849999999998870
169 49.000000 41.000000 0.11883580000000000532
170 40.000000 37.000000 0.12322489999999999832
171 34.000000 32.000000 0.16998889999999999834
172 43.000000 40.000000 0.12163659999999999750
173 56.000000 46.000000 0.13585520000000000929
174 52.000000 45.000000 0.16208439999999998959
175 34.000000 27.000000 0.17477960000000000718
176 46.000000 38.000000 0.10797700000000000353
177 71.000000 61.000000 0.11011070000000000579
178 53.000000 48.000000 0.08335140000000000604
179 47.000000 37.000000 0.10080039999999999834
180 55.000000 45.000000 0.09160709999999999686
181 47.000000 37.000000 0.21021680000000000921
182 44.000000 37.000000 0.15222279999999999145
183 44.000000 33.000000 0.08134840000000000126
184 58.000000 50.000000 0.08479019999999999613
185 37.000000 31.000000 0.14826549999999999452
186 24.000000 23.000000 0.11005570000000000630
187 40.000000 35.000000 0.12247550000000000103
188 44.000000 32.000000 0.10816430000000000489
189 55.000000 49.000000 0.08423529999999999907
190 43.000000 39.000000 0.11000490000000000268
191 27.000000 25.000000 0.12622680000000000011
192 43.000000 40.000000 0.14445600000000000107
193 29.000000 29.000000 0.08919359999999999788
194 71.000000 53.000000 0.10782550000000000467
195 42.000000 39.000000 0.08673279999999999879
196 35.000000 30.000000 0.11412780000000000147
197 39.000000 35.000000 0.08487419999999999687
198 62.000000 53.000000 0.09801989999999999315
199 39.000000 33.000000 0.13918430000000001079
200 51.000000 44.000000 0.05685409999999999769
201 58.000000 52.000000 0.12234799999999999842
202 59.000000 50.000000 0.11474170000000000202
203 73.000000 55.000000 0.12382600000000000551
204 35.000000 31.000000 0.12610530000000000350
205 27.000000 23.000000 0.11423129999999999395
206 48.000000 42.000000 0.10742770000000000097
207 47.000000 36.000000 0.13731329999999999925
208 46.000000 37.000000 0.08650159999999999794
209 48.000000 41.000000 0.08795360000000000678
210 53.000000 49.000000 0.10324940000000000506
211 22.000000 21.000000 0.15151339999999999253
212 38.000000 29.000000 0.12708679999999999977
213 70.000000 59.000000 0.08470790000000000264
214 49.000000 37.000000 0.08976820000000000632
215 28.000000 23.000000 0.13396659999999999124
216 58.000000 44.000000 0.17612729999999998665
217 42.000000 36.000000 0.11954270000000000174
218 45.000000 34.000000 0.10067320000000000435
219 31.000000 25.000000 0.09692929999999999602
220 44.000000 39.000000 0.08061980000000000535
221 44.000000 38.000000 0.13752100000000000435
222 24.000000 23.000000 0.12852900000000000436
223 42.000000 35.000000 0.08205859999999999543
224 55.000000 45.000000 0.07324139999999999817
225 33.000000 31.000000 0.08117699999999999916
226 30.000000 26.000000 0.10102179999999999493
227 40.000000 38.000000 0.09626229999999999509
228 65.000000 50.000000 0.12702749999999998765
229 44.000000 39.000000 0.11093899999999999595
230 44.000000 38.000000 0.07338980000000000503
231 47.000000 45.000000 0.09679630000000000178
232 51.000000 48.000000 0.08601140000000000174
233 45.000000 41.000000 0.09649190000000000544
234 28.000000 25.000000 0.10525270000000000459
235 63.000000 45.000000 0.09962659999999999572
236 43.000000 40.000000 0.10514819999999999722
237 44.000000 38.000000 0.09034269999999999801
238 37.000000 31.000000 0.09220680000000000542
239 48.000000 38.000000 0.07771619999999999917
240 42.000000 36.000000 0.10434720000000000106
241 38.000000 32.000000 0.08528070000000000095
242 45.000000 36.000000 0.11356330000000000591
243 40.000000 39.000000 0.11958829999999999461
244 64.000000 48.000000 0.06592439999999999412
245 40.000000 34.000000 0.07611880000000000035
246 52.000000 47.000000 0.07508170000000000122
247 42.000000 39.000000 0.09244070000000000065
248 47.000000 38.000000 0.08747760000000000258
249 40.000000 37.000000 0.10773050000000000681
250 48.000000 41.000000 0.09415550000000000308
251 50.000000 38.000000 0.13186990000000001211
252 61.000000 53.000000 0.08354960000000000164
253 41.000000 37.000000 0.08537119999999999431
254 34.000000 29.000000 0.10079180000000000084
255 36.000000 29.000000 0.05760749999999999899
256 48.000000 38.000000 0.10820889999999999675
257 22.000000 19.000000 0.12182880000000000098
258 51.000000 46.000000 0.09086479999999999557
259 43.000000 35.000000 0.06701100000000000112
260 52.000000 47.000000 0.06545760000000000467
261 51.000000 46.000000 0.06490579999999999961
262 26.000000 23.000000 0.14700989999999999891
263 55.000000 48.000000 0.08047759999999999636
264 70.000000 58.000000 0.09087249999999999495
265 58.000000 43.000000 0.11025949999999999640
266 58.000000 50.000000 0.11299810000000000410
267 36.000000 30.000000 0.06865250000000000519
268 38.000000 30.000000 0.13064860000000000362
269 38.000000 35.000000 0.10762430000000000607
270 52.000000 40.000000 0.08521309999999999996
271 42.000000 39.000000 0.12756950000000000234
272 42.000000 37.000000 0.08129309999999999314
273 59.000000 51.000000 0.08319350000000000356
274 51.000000 44.000000 0.08828709999999999336
275 32.000000 26.000000 0.07203210000000000168
276 67.000000 56.000000 0.05768220000000000292
277 28.000000 25.000000 0.13319449999999999346
278 39.000000 33.000000 0.08794050000000000478
279 20.000000 18.000000 0.08605980000000000574
280 54.000000 45.000000 0.06046680000000000110
281 48.000000 39.000000 0.07929940000000000599
282 55.000000 45.000000 0.10015019999999999478
283 36.000000 32.000000 0.12338250000000000606
284 52.000000 42.000000 0.08031889999999999863
285 43.000000 37.000000 0.06596150000000000624
286 18.000000 17.000000 0.13229879999999999418
287 35.000000 28.000000 0.10386049999999999449
288 51.000000 41.000000 0.07659860000000000280
289 59.000000 51.000000 0.13804779999999999829
290 38.000000 33.000000 0.06658580000000000054
291 39.000000 37.000000 0.06714269999999999960
292 52.000000 41.000000 0.10379510000000000125
293 54.000000 48.000000 0.09065700000000000147
294 32.000000 29.000000 0.08345379999999999465
295 35.000000 33.000000 0.08995430000000000093
296 39.000000 37.000000 0.06619450000000000334
297 28.000000 22.000000 0.11111920000000000130
298 53.000000 44.000000 0.07559939999999999716
299 37.000000 35.000000 0.06885589999999999766
300 44.000000 34.000000 0.07590289999999999537
301 81.000000 60.000000 0.07225059999999999816
302 50.000000 42.000000 0.07910119999999999651
303 56.000000 45.000000 0.09330280000000000518
304 36.000000 27.000000 0.10414120000000000321
305 39.000000 37.000000 0.10360709999999999364
306 26.000000 23.000000 0.11671650000000000080
307 43.000000 38.000000 0.09797960000000000003
308 49.000000 40.000000 0.06968879999999999519
309 59.000000 52.000000 0.09884519999999999418
310 26.000000 25.000000 0.09331440000000000567
311 37.000000 31.000000 0.10771680000000000144
312 28.000000 24.000000 0.11806940000000000490
313 38.000000 31.000000 0.08747839999999999783
314 56.000000 46.000000 0.07993329999999999880
315 47.000000 37.000000 0.12305320000000000147
316 43.000000 37.000000 0.07430910000000000293
317 47.000000 41.000000 0.10709689999999999488
318 45.000000 37.000000 0.07074010000000000020
319 40.000000 33.000000 0.21990329999999999600
320 46.000000 36.000000 0.09884189999999999643
321 48.000000 36.000000 0.10054009999999999336
322 40.000000 34.000000 0.10478850000000000664
323 34.000000 29.000000 0.10712589999999999613
324 21.000000 21.000000 0.13725470000000000725
325 66.000000 53.000000 0.09350519999999999665
326 52.000000 45.000000 0.09690899999999999515
327 43.000000 33.000000 0.09195799999999999808
328 44.000000 39.000000 0.08360339999999999439
329 55.000000 47.000000 0.10529429999999999346
330 41.000000 34.000000 0.09050360000000000349
331 37.000000 33.000000 0.07850250000000000283
332 35.000000 28.000000 0.10958539999999999948
333 34.000000 30.000000 0.09639269999999999783
334 51.000000 43.000000 0.07115799999999999903
335 55.000000 47.000000 0.08017180000000000140
336 57.000000 47.000000 0.05344720000000000026
337 56.000000 46.000000 0.09865160000000000595
338 42.000000 34.000000 0.12911429999999998741
339 37.000000 35.000000 0.10137659999999999727
340 45.000000 38.000000 0.09296559999999999546
341 62.000000 54.000000 0.07970539999999999570
342 46.000000 42.000000 0.08988179999999999781
343 60.000000 53.000000 0.13327259999999999107
344 33.000000 27.000000 0.14278940000000001076
345 28.000000 25.000000 0.10212380000000000069
346 31.000000 29.000000 0.11004940000000000555
347 36.000000 32.000000 0.13079940000000001010
348 41.000000 35.000000 0.10095729999999999982
349 52.000000 45.000000 0.08259569999999999412
350 45.000000 37.000000 0.10752269999999999883
351 49.000000 43.000000 0.10218969999999999443
352 72.000000 59.000000 0.06610380000000000422
353 32.000000 29.000000 0.13069700000000000761
354 25.000000 23.000000 0.13598489999999999189
355 48.000000 42.000000 0.08798999999999999877
356 57.000000 51.000000 0.10584509999999999752
357 66.000000 57.000000 0.10384279999999999899
358 27.000000 23.000000 0.10029420000000000002
359 54.000000 43.000000 0.06804499999999999438
360 34.000000 30.000000 0.09869890000000000607
361 46.000000 45.000000 0.10283630000000000548
362 58.000000 48.000000 0.08069529999999999759
363 36.000000 31.000000 0.12941089999999999538
364 46.000000 38.000000 0.14385080000000000089
365 35.000000 27.000000 0.09738049999999999484
366 16.000000 16.000000 0.14617520000000000513
367 37.000000 32.000000 0.09498479999999999424
368 50.000000 42.000000 0.10259340000000000126
369 38.000000 33.000000 0.09841809999999999448
370 44.000000 40.000000 0.09152219999999999800
371 32.000000 30.000000 0.11351340000000000041
372 74.000000 59.000000 0.07359330000000000038
373 46.000000 40.000000 0.07271429999999999561
374 51.000000 42.000000 0.10446439999999999892
375 42.000000 36.000000 0.09948519999999999586
376 45.000000 40.000000 0.07098859999999999892
377 50.000000 46.000000 0.06689509999999999901
378 46.000000 42.000000 0.13578309999999998992
379 41.000000 33.000000 0.11033360000000000389
380 37.000000 31.000000 0.10435210000000000319
381 68.000000 54.000000 0.09004650000000000154
382 44.000000 31.000000 0.09350959999999999828
383 33.000000 31.000000 0.21811929999999998819
384 64.000000 50.000000 0.08603929999999999911
385 53.000000 43.000000 0.09281359999999999610
386 37.000000 33.000000 0.11397160000000000624
387 30.000000 27.000000 0.12054239999999999400
388 48.000000 41.000000 0.10166890000000000649
389 42.000000 39.000000 0.10114729999999999555
390 45.000000 42.000000 0.08507170000000000010
391 60.000000 48.000000 0.10958060000000000023
392 56.000000 49.000000 0.07459849999999999814
393 56.000000 50.000000 0.06293980000000000408
394 52.000000 45.000000 0.08801470000000000127
395 38.000000 35.000000 0.07191229999999999845
396 41.000000 35.000000 0.11315429999999999933
397 35.000000 33.000000 0.10132739999999999803
398 48.000000 42.000000 0.14447589999999999044
399 57.000000 48.000000 0.07612850000000000172
400 21.000000 21.000000 0.10569030000000000091
401 54.000000 50.000000 0.07911540000000000239
402 35.000000 31.000000 0.06978729999999999656
403 41.000000 35.000000 0.11573680000000000079
404 56.000000 44.000000 0.11822879999999999501
405 27.000000 24.000000 0.11591909999999999714
406 39.000000 36.000000 0.14271110000000000739
407 27.000000 24.000000 0.11218029999999999669
408 18.000000 18.000000 0.14910519999999999330
409 25.000000 23.000000 0.13572670000000000567
410 47.000000 42.000000 0.08646800000000000319
411 54.000000 47.000000 0.11177800000000000236
412 52.000000 43.000000 0.09271419999999999662
413 61.000000 49.000000 0.10539540000000000020
414 54.000000 43.000000 0.06906679999999999764
415 43.000000 38.000000 0.11501830000000000387
416 66.000000 56.000000 0.07762479999999999380
417 45.000000 39.000000 0.11042589999999999351
418 33.000000 28.000000 0.07865179999999999394
419 33.000000 29.000000 0.11443889999999999618
420 40.000000 33.000000 0.18728859999999999952
