1 110.000000 99.000000 0.22099209999999999687
2 67.000000 60.000000 0.65862989999999999036
3 22.000000 22.000000 0.94279999999999997140
4 90.000000 70.000000 0.68229879999999998308
5 63.000000 55.000000 0.50600920000000004784
6 81.000000 61.000000 0.45223210000000002573
7 71.000000 63.000000 0.85544350000000002332
8 107.000000 93.000000 0.78793299999999999450
9 94.000000 84.000000 0.42406939999999998525
10 113.000000 90.000000 0.19896530000000001159
11 93.000000 79.000000 0.19639789999999998638
12 128.000000 105.000000 0.44581080000000000707
13 86.000000 74.000000 0.30125600000000002376
14 87.000000 75.000000 0.46862120000000001552
15 59.000000 51.000000 0.69978569999999995499
16 43.000000 43.000000 0.49724760000000001181
17 91.000000 77.000000 0.61332149999999996393
18 123.000000 102.000000 0.33936030000000000362
19 83.000000 73.000000 0.27824260000000000659
20 66.000000 58.000000 0.31957309999999999883
21 75.000000 62.000000 0.43904799999999999383
22 90.000000 71.000000 0.27402399999999998981
23 61.000000 55.000000 0.53752800000000000580
24 69.000000 52.000000 0.52784430000000004402
25 56.000000 51.000000 0.51673429999999997975
26 56.000000 51.000000 0.73151690000000002545
27 93.000000 70.000000 3.67851520000000009603
28 70.000000 55.000000 0.33645809999999998219
29 125.000000 114.000000 0.18519859999999999101
30 103.000000 87.000000 0.72765040000000003051
31 67.000000 55.000000 1.02253409999999989033
32 98.000000 81.000000 0.46678809999999998359
33 60.000000 53.000000 0.75644460000000002253
34 137.000000 109.000000 0.40419490000000002361
35 115.000000 90.000000 0.50401709999999999567
36 89.000000 76.000000 0.43973259999999997349
37 102.000000 81.000000 0.34309919999999999307
38 78.000000 74.000000 0.49530990000000002516
39 112.000000 95.000000 0.23948320000000000718
40 95.000000 78.000000 0.45617879999999999541
41 45.000000 39.000000 0.44985249999999998849
42 84.000000 75.000000 0.42733939999999998038
43 124.000000 102.000000 0.21998899999999999011
44 116.000000 95.000000 0.30970100000000000406
45 94.000000 81.000000 0.41856409999999999449
46 70.000000 63.000000 0.56419430000000003744
47 72.000000 59.000000 0.48566389999999998173
48 86.000000 69.000000 0.35028460000000000152
49 112.000000 82.000000 1.46580629999999989543
50 88.000000 75.000000 0.63671500000000003094
51 56.000000 55.000000 0.59626659999999997996
52 93.000000 79.000000 0.65291420000000000012
53 83.000000 67.000000 0.27047320000000002471
54 116.000000 96.000000 0.23769509999999999250
55 98.000000 80.000000 0.47147460000000002145
56 86.000000 67.000000 0.39362730000000001329
57 137.000000 114.000000 0.29645929999999998117
58 102.000000 92.000000 0.43338589999999999058
59 94.000000 72.000000 0.51797219999999999374
60 75.000000 66.000000 0.65606010000000003490
61 108.000000 87.000000 0.37851960000000001161
62 104.000000 92.000000 0.53666800000000003390
63 72.000000 61.000000 0.57148200000000004550
64 76.000000 69.000000 0.88425220000000004372
65 81.000000 67.000000 0.52948189999999994981
66 69.000000 54.000000 0.68835040000000002891
67 78.000000 65.000000 0.33683790000000002340
68 140.000000 123.000000 0.23069690000000001029
69 74.000000 66.000000 0.55243390000000003326
70 95.000000 73.000000 0.32714500000000001911
71 31.000000 29.000000 0.56196349999999994917
72 93.000000 81.000000 0.73454209999999997560
73 84.000000 73.000000 0.72189769999999997552
74 95.000000 82.000000 0.51630560000000003118
75 87.000000 73.000000 0.49408140000000000391
76 100.000000 89.000000 0.44325209999999998223
77 140.000000 113.000000 0.45878289999999999349
78 109.000000 96.000000 0.32035390000000002475
79 69.000000 61.000000 0.38510339999999998462
80 82.000000 67.000000 0.48431109999999999438
81 79.000000 60.000000 0.40936390000000000278
82 103.000000 86.000000 0.32136720000000001951
83 73.000000 62.000000 0.49048550000000001869
84 105.000000 92.000000 0.31236940000000001927
85 126.000000 112.000000 0.47463450000000001472
86 84.000000 70.000000 0.47076390000000001290
87 82.000000 76.000000 0.88553249999999994468
88 66.000000 57.000000 0.56972409999999995556
89 48.000000 43.000000 1.06166160000000009411
90 114.000000 100.000000 0.45241080000000000183
91 55.000000 49.000000 1.03194509999999994854
92 79.000000 73.000000 0.45866950000000000776
93 77.000000 66.000000 0.61718580000000000663
94 73.000000 66.000000 0.73932770000000003208
95 88.000000 74.000000 0.41510619999999998075
96 104.000000 84.000000 0.51367209999999996484
97 94.000000 77.000000 0.39918670000000000542
98 72.000000 60.000000 0.46795310000000001072
99 85.000000 74.000000 0.66602490000000003079
100 112.000000 93.000000 0.25298690000000001454
101 74.000000 66.000000 0.37387860000000000538
102 108.000000 87.000000 0.86551889999999997993
103 48.000000 42.000000 0.66029839999999995204
104 78.000000 65.000000 0.74558760000000001700
105 76.000000 73.000000 0.72179409999999999403
106 92.000000 78.000000 0.21536569999999999325
107 136.000000 111.000000 0.58628290000000005122
108 106.000000 86.000000 0.67829810000000001491
109 62.000000 55.000000 0.70396380000000002841
110 105.000000 91.000000 0.43201749999999999874
111 76.000000 66.000000 0.49372729999999998007
112 105.000000 88.000000 0.87616079999999996186
113 122.000000 102.000000 0.42399290000000000589
114 80.000000 74.000000 0.66402700000000003389
115 83.000000 74.000000 0.53515769999999995843
116 52.000000 45.000000 0.72272469999999999768
117 103.000000 85.000000 0.42968760000000000288
118 64.000000 62.000000 0.65394839999999998525
119 124.000000 112.000000 0.65303670000000002549
120 73.000000 61.000000 0.48459889999999999910
121 55.000000 52.000000 0.46161730000000000818
122 130.000000 109.000000 0.29420540000000000580
123 95.000000 77.000000 0.53075010000000000243
124 78.000000 65.000000 1.10086869999999992231
125 134.000000 104.000000 0.33660119999999998930
126 50.000000 41.000000 0.80245580000000005239
127 143.000000 106.000000 0.45958290000000001641
128 107.000000 88.000000 0.56115519999999996514
129 84.000000 72.000000 0.40402850000000001263
130 67.000000 53.000000 0.53991860000000002628
131 91.000000 73.000000 0.61822719999999997675
132 68.000000 66.000000 0.80960489999999996069
133 78.000000 70.000000 0.47716459999999999431
134 37.000000 34.000000 0.94077089999999996550
135 52.000000 39.000000 0.99278010000000005419
136 57.000000 46.000000 0.67238279999999994718
137 86.000000 74.000000 0.63622380000000000599
138 74.000000 61.000000 1.15476779999999989990
139 83.000000 71.000000 0.43922139999999998405
140 164.000000 135.000000 0.13888549999999999507
141 69.000000 63.000000 0.22538250000000001338
142 84.000000 75.000000 0.58601789999999998049
143 116.000000 86.000000 0.39247460000000000679
144 103.000000 90.000000 0.42521690000000000875
145 103.000000 93.000000 0.29990189999999999904
146 56.000000 50.000000 0.47111730000000001661
147 72.000000 60.000000 1.08798700000000003740
148 82.000000 69.000000 0.53420840000000002767
149 109.000000 97.000000 0.45363560000000002770
150 80.000000 69.000000 0.86324979999999995606
151 100.000000 83.000000 0.66625219999999996112
152 46.000000 37.000000 0.96676600000000001423
153 75.000000 65.000000 0.67418049999999996036
154 68.000000 52.000000 0.79206880000000001729
155 66.000000 58.000000 0.31649169999999998693
156 140.000000 126.000000 0.32237050000000000427
157 71.000000 63.000000 0.49819679999999999520
158 89.000000 69.000000 0.53140989999999999061
159 75.000000 66.000000 0.56284659999999997471
160 67.000000 63.000000 0.67224779999999995095
161 83.000000 72.000000 0.55366029999999999411
162 117.000000 98.000000 0.20047290000000000942
163 90.000000 79.000000 0.57968799999999998107
164 89.000000 70.000000 0.67500329999999997277
165 57.000000 56.000000 0.76770400000000005303
166 91.000000 79.000000 0.79246010000000000062
167 106.000000 85.000000 3.66667619999999994107
168 78.000000 70.000000 0.72074349999999998140
169 74.000000 58.000000 0.49314819999999998101
170 100.000000 85.000000 0.64554759999999999920
171 105.000000 87.000000 0.34229720000000002367
172 128.000000 107.000000 0.26114229999999999388
173 126.000000 96.000000 0.32491150000000001974
174 94.000000 83.000000 0.43598199999999998067
175 105.000000 89.000000 0.36213070000000002757
176 104.000000 90.000000 0.50336510000000000975
177 74.000000 61.000000 0.75105350000000004052
178 98.000000 84.000000 0.82312479999999998981
179 128.000000 110.000000 0.57628279999999998395
180 119.000000 98.000000 0.41635210000000000274
181 122.000000 102.000000 0.32858100000000001195
182 67.000000 56.000000 0.53696509999999997298
183 57.000000 49.000000 1.01889439999999997788
184 71.000000 62.000000 1.02966169999999990203
185 112.000000 90.000000 0.35918660000000002253
186 93.000000 80.000000 0.46791490000000002247
187 130.000000 102.000000 0.25849309999999997567
188 135.000000 108.000000 0.69190379999999995775
189 92.000000 80.000000 0.78971659999999999080
190 72.000000 64.000000 0.34452789999999999804
191 109.000000 94.000000 0.59753880000000003658
192 125.000000 108.000000 0.27657439999999999802
193 74.000000 64.000000 0.40239059999999998718
194 111.000000 95.000000 0.40837679999999998426
195 83.000000 70.000000 0.36276829999999998799
196 118.000000 106.000000 0.47655910000000001325
197 72.000000 66.000000 0.56077900000000002745
198 94.000000 84.000000 0.68914679999999994831
199 53.000000 48.000000 0.57329309999999999992
200 108.000000 85.000000 0.70642629999999995150
201 66.000000 60.000000 0.98512990000000000279
202 75.000000 66.000000 0.76370780000000004772
203 85.000000 73.000000 0.61328099999999996506
204 54.000000 45.000000 0.45546069999999999611
205 94.000000 73.000000 0.49952720000000000455
206 100.000000 88.000000 0.29408509999999998819
207 105.000000 89.000000 0.66257040000000000379
208 116.000000 100.000000 0.41641909999999998648
209 96.000000 86.000000 0.26636589999999998879
210 74.000000 68.000000 0.46178720000000000878
211 77.000000 69.000000 0.33209329999999998018
212 126.000000 108.000000 0.34308769999999999545
213 103.000000 88.000000 0.29620580000000001908
214 108.000000 94.000000 0.24960959999999998704
215 79.000000 68.000000 0.47186869999999997427
216 110.000000 89.000000 0.49066270000000000717
217 111.000000 98.000000 0.30740469999999997519
218 99.000000 89.000000 0.59501009999999998623
219 107.000000 91.000000 0.24439150000000001151
220 90.000000 75.000000 0.52859460000000002555
221 157.000000 132.000000 0.14192060000000000786
222 102.000000 94.000000 0.42502580000000000915
223 78.000000 71.000000 0.33811439999999998163
224 65.000000 59.000000 0.45643810000000001326
225 96.000000 89.000000 0.37249440000000000328
226 105.000000 87.000000 0.47649279999999999413
227 145.000000 126.000000 0.38617519999999999625
228 69.000000 63.000000 0.41084490000000001286
229 64.000000 58.000000 0.57592259999999995124
230 111.000000 88.000000 0.23519539999999999891
231 49.000000 45.000000 0.59226509999999998879
232 69.000000 59.000000 0.60222370000000002843
233 46.000000 39.000000 1.34951419999999999710
234 102.000000 91.000000 0.49078820000000000778
235 61.000000 51.000000 0.33136090000000001377
236 98.000000 84.000000 0.20353820000000000245
237 163.000000 139.000000 0.33457720000000001903
238 73.000000 66.000000 0.38554319999999997481
239 102.000000 83.000000 0.32484319999999999862
240 179.000000 138.000000 0.15960630000000000650
241 62.000000 50.000000 0.68363989999999996705
242 88.000000 69.000000 0.46330690000000002149
243 74.000000 59.000000 0.48007159999999998723
244 98.000000 84.000000 0.34577580000000002203
245 135.000000 119.000000 0.31245689999999998188
246 43.000000 34.000000 0.96488969999999996130
247 103.000000 87.000000 0.62302190000000001735
248 98.000000 78.000000 0.29031529999999999836
249 103.000000 84.000000 0.33018029999999998214
250 139.000000 103.000000 0.63171239999999995174
251 106.000000 93.000000 0.36758119999999999683
252 104.000000 86.000000 0.34491260000000001362
253 103.000000 87.000000 0.42894430000000000058
254 90.000000 76.000000 0.35795989999999999753
255 47.000000 47.000000 0.52074419999999999042
256 55.000000 50.000000 0.72347090000000002785
257 113.000000 102.000000 0.44880340000000001899
258 71.000000 62.000000 0.65954710000000005277
259 89.000000 76.000000 0.28860400000000002718
260 89.000000 80.000000 0.64965309999999998336
261 97.000000 83.000000 0.53047560000000004710
262 126.000000 104.000000 0.24220669999999999700
263 72.000000 59.000000 0.50585000000000002185
264 105.000000 86.000000 0.56769700000000000717
265 119.000000 97.000000 0.67003699999999999370
266 75.000000 63.000000 0.88367729999999999890
267 115.000000 103.000000 0.36273699999999997612
268 98.000000 75.000000 0.28828759999999997721
269 70.000000 59.000000 0.56481760000000003075
270 43.000000 37.000000 0.82933000000000001162
271 59.000000 53.000000 0.65258439999999995340
272 85.000000 73.000000 0.35460439999999998628
273 88.000000 76.000000 0.45492129999999997292
274 74.000000 66.000000 0.35254910000000000414
275 134.000000 108.000000 0.25607049999999997869
276 105.000000 91.000000 0.29640579999999999705
277 111.000000 96.000000 0.35385769999999999724
278 101.000000 83.000000 0.41954059999999998576
279 60.000000 56.000000 0.47292970000000000841
280 89.000000 75.000000 0.19729469999999998953
281 74.000000 66.000000 0.42618780000000000552
282 80.000000 76.000000 0.54078340000000002519
283 66.000000 56.000000 0.48294039999999999191
284 76.000000 65.000000 0.32794069999999997389
285 134.000000 114.000000 0.29098420000000002617
286 120.000000 96.000000 0.23197609999999999064
287 88.000000 79.000000 0.44273069999999997703
288 122.000000 95.000000 0.41914590000000001568
289 99.000000 82.000000 0.61167340000000003375
290 157.000000 125.000000 0.23558999999999999386
291 101.000000 87.000000 0.29994870000000001253
292 124.000000 98.000000 0.21500990000000000379
293 103.000000 83.000000 0.60619529999999999248
294 78.000000 71.000000 0.36517579999999999485
295 73.000000 64.000000 0.47877490000000000325
296 76.000000 67.000000 2.28358680000000013877
297 104.000000 85.000000 0.29879970000000000141
298 106.000000 88.000000 1.25095280000000008691
299 103.000000 82.000000 0.33971659999999997970
300 63.000000 55.000000 0.67116989999999998595
301 91.000000 77.000000 0.62909269999999994916
302 80.000000 65.000000 0.50277300000000002544
303 96.000000 84.000000 0.38593359999999998777
304 83.000000 74.000000 0.36657810000000001782
305 106.000000 92.000000 0.33204050000000001619
306 126.000000 101.000000 0.45584239999999998094
307 69.000000 60.000000 0.31778210000000001179
308 79.000000 69.000000 0.49915179999999997884
309 96.000000 83.000000 0.35695339999999997627
310 59.000000 50.000000 0.33078649999999998332
311 84.000000 76.000000 0.41728470000000000839
312 84.000000 77.000000 0.35546579999999999844
313 73.000000 62.000000 0.59070449999999996571
314 42.000000 35.000000 0.70620490000000002428
315 76.000000 72.000000 0.41055770000000002540
316 122.000000 100.000000 0.29543239999999998391
317 66.000000 59.000000 0.65816039999999997878
318 49.000000 42.000000 0.59194420000000003146
319 74.000000 59.000000 0.60700259999999994776
320 90.000000 77.000000 0.47994100000000000650
321 99.000000 81.000000 0.51471129999999998272
322 105.000000 83.000000 0.59491019999999994461
323 86.000000 81.000000 0.57264669999999995298
324 85.000000 74.000000 0.29629210000000000269
325 76.000000 67.000000 0.39290069999999999162
326 70.000000 56.000000 2.49311429999999978335
327 66.000000 62.000000 0.33316259999999997543
328 100.000000 83.000000 0.61422699999999996745
329 59.000000 55.000000 0.49809290000000000509
330 107.000000 92.000000 0.51836340000000002970
331 84.000000 66.000000 0.35347460000000002767
332 144.000000 127.000000 0.19052700000000000191
333 96.000000 85.000000 0.27585929999999997397
334 57.000000 48.000000 0.69960979999999994838
335 67.000000 57.000000 0.31999460000000001791
336 118.000000 95.000000 0.35476689999999999614
337 90.000000 81.000000 0.61412210000000000409
338 125.000000 95.000000 0.50427120000000003053
339 87.000000 75.000000 0.39381890000000002727
340 66.000000 55.000000 0.47204889999999999350
341 89.000000 80.000000 0.20853209999999999802
342 115.000000 98.000000 0.27428269999999999040
343 106.000000 85.000000 0.29673850000000001614
344 118.000000 106.000000 0.25154700000000002058
345 110.000000 92.000000 0.38621270000000001987
346 91.000000 80.000000 0.28646579999999999266
347 29.000000 27.000000 0.58048060000000001324
348 98.000000 77.000000 0.39388529999999999376
349 110.000000 90.000000 0.31028099999999997349
350 69.000000 60.000000 0.36600680000000002101
351 83.000000 64.000000 0.71242459999999996345
352 132.000000 118.000000 0.22120790000000001285
353 61.000000 51.000000 0.51326959999999999251
354 51.000000 46.000000 0.67485559999999999992
355 126.000000 103.000000 0.20746819999999999151
356 98.000000 87.000000 0.39239519999999999955
357 87.000000 71.000000 0.42150130000000002317
358 133.000000 107.000000 0.14793549999999999756
359 71.000000 61.000000 0.34144829999999998238
360 79.000000 75.000000 0.40072340000000000737
361 78.000000 64.000000 0.53506140000000002033
362 81.000000 72.000000 0.19883790000000001186
363 76.000000 63.000000 0.38208520000000001371
364 91.000000 71.000000 0.35048030000000002238
365 70.000000 67.000000 0.25275439999999999019
366 56.000000 48.000000 0.43138640000000000319
367 55.000000 55.000000 0.32428580000000001293
368 131.000000 106.000000 0.19166369999999999241
369 113.000000 87.000000 0.16271740000000001203
370 86.000000 68.000000 1.00597340000000001758
371 79.000000 72.000000 0.29538870000000000404
372 71.000000 61.000000 0.26659009999999999652
373 50.000000 44.000000 0.64238329999999999043
374 109.000000 92.000000 0.26810729999999999285
375 110.000000 89.000000 0.47612430000000000030
376 146.000000 122.000000 0.16782510000000000483
377 92.000000 74.000000 0.30109340000000001103
378 161.000000 134.000000 0.37259969999999997814
379 70.000000 60.000000 0.48407030000000000891
380 97.000000 84.000000 0.29859869999999999468
381 83.000000 59.000000 0.34264929999999999000
382 79.000000 74.000000 0.28209390000000000853
383 51.000000 45.000000 0.55237769999999997150
384 128.000000 103.000000 0.27679619999999999225
385 87.000000 79.000000 0.41764709999999999335
386 78.000000 70.000000 0.51105509999999998438
387 111.000000 97.000000 0.26705600000000001559
388 73.000000 61.000000 0.39719809999999999839
389 108.000000 93.000000 0.32127489999999997439
390 86.000000 78.000000 0.76631910000000003080
391 106.000000 91.000000 0.19269040000000001167
392 91.000000 75.000000 0.17731749999999998901
393 46.000000 35.000000 0.41151440000000000241
394 100.000000 86.000000 1.09095910000000007045
395 98.000000 85.000000 0.29940579999999999972
396 111.000000 97.000000 0.41953790000000001914
397 86.000000 67.000000 0.41938330000000001441
398 145.000000 117.000000 0.20806299999999999795
399 94.000000 79.000000 0.33990559999999997443
400 49.000000 47.000000 0.38182470000000001686
401 104.000000 79.000000 0.22572529999999998984
402 87.000000 73.000000 0.46813050000000000495
403 67.000000 57.000000 0.30686510000000000176
404 73.000000 65.000000 0.33995989999999998155
405 94.000000 77.000000 0.40186009999999999787
406 109.000000 83.000000 0.21809080000000000132
407 106.000000 87.000000 0.52646199999999998553
408 75.000000 55.000000 0.53408089999999996955
409 144.000000 122.000000 0.14443819999999998882
410 121.000000 100.000000 0.24410339999999999816
411 44.000000 41.000000 0.50035350000000000659
412 84.000000 75.000000 0.27182010000000000893
413 106.000000 82.000000 0.36623250000000001636
414 94.000000 83.000000 0.44695719999999999894
415 58.000000 50.000000 0.61233260000000000467
416 96.000000 75.000000 0.32711489999999998624
417 74.000000 64.000000 0.66345399999999998819
418 92.000000 74.000000 0.34002100000000001767
419 73.000000 64.000000 0.29246630000000001237
420 97.000000 84.000000 0.38320690000000001696
