1 201.000000 174.000000 3.10819240000000007740
2 144.000000 126.000000 5.59206619999999965387
3 150.000000 127.000000 6.05552159999999961570
4 179.000000 158.000000 4.80060709999999968289
5 202.000000 169.000000 1.35578449999999994802
6 221.000000 178.000000 2.24925029999999992469
7 197.000000 159.000000 10.31425280000000022085
8 224.000000 182.000000 2.10172239999999987958
9 171.000000 150.000000 2.28797439999999996374
10 180.000000 160.000000 5.60472079999999994726
11 217.000000 197.000000 1.62676430000000005194
12 219.000000 186.000000 2.92343399999999986605
13 168.000000 153.000000 4.32886810000000021859
14 216.000000 188.000000 1.00611509999999992893
15 259.000000 222.000000 4.94522569999999994650
16 234.000000 201.000000 2.35629320000000008761
17 258.000000 220.000000 1.89068529999999990210
18 238.000000 198.000000 0.99585170000000000634
19 232.000000 197.000000 3.40027370000000006556
20 174.000000 142.000000 4.58525600000000022050
21 233.000000 199.000000 4.08321860000000036450
22 158.000000 133.000000 9.63536159999999952674
23 224.000000 187.000000 2.05631500000000011497
24 200.000000 168.000000 2.94081239999999999313
25 137.000000 119.000000 5.58294560000000039679
26 221.000000 196.000000 1.65209479999999997446
27 191.000000 161.000000 3.84691839999999984911
28 140.000000 117.000000 3.96195209999999997663
29 146.000000 124.000000 13.47708979999999989730
30 193.000000 163.000000 2.47668180000000015539
31 157.000000 131.000000 5.37889570000000016847
32 234.000000 191.000000 1.26344989999999990360
33 149.000000 133.000000 3.60497349999999983083
34 240.000000 197.000000 6.78781920000000038584
35 188.000000 165.000000 6.36202500000000004121
36 218.000000 178.000000 15.99072780000000015832
37 243.000000 204.000000 0.61256060000000001065
38 198.000000 172.000000 5.10624549999999999272
39 108.000000 101.000000 4.82344930000000005066
40 228.000000 200.000000 1.51955710000000010496
41 185.000000 165.000000 3.46004420000000001423
42 141.000000 119.000000 8.25303199999999925751
43 165.000000 143.000000 4.93748580000000014678
44 167.000000 146.000000 2.53732550000000012247
45 313.000000 263.000000 1.05208189999999990327
46 104.000000 88.000000 9.30422470000000068069
47 201.000000 175.000000 6.31102109999999960621
48 159.000000 129.000000 11.86881170000000018661
49 188.000000 177.000000 3.71782389999999995922
50 190.000000 161.000000 3.83694440000000014379
51 167.000000 140.000000 4.86048430000000042384
52 128.000000 112.000000 7.57177240000000040254
53 141.000000 119.000000 2.46731349999999993727
54 269.000000 223.000000 1.69203940000000008226
55 199.000000 186.000000 3.01390419999999981115
56 112.000000 104.000000 6.83868860000000022836
57 211.000000 178.000000 10.59423609999999982278
58 156.000000 147.000000 4.52864070000000040750
59 296.000000 252.000000 2.13841180000000008476
60 173.000000 159.000000 3.15587630000000007868
61 229.000000 192.000000 2.44605119999999987002
62 163.000000 140.000000 3.82076880000000018711
63 230.000000 191.000000 3.14264870000000007266
64 191.000000 169.000000 2.59692949999999989075
65 219.000000 184.000000 11.53647999999999917975
66 128.000000 112.000000 3.33189739999999989806
67 238.000000 195.000000 4.05582699999999984897
68 129.000000 113.000000 3.82601060000000003924
69 149.000000 129.000000 7.89864869999999985595
70 210.000000 179.000000 2.88400260000000008276
71 172.000000 148.000000 2.63426410000000021938
72 208.000000 176.000000 1.26205110000000009229
73 119.000000 101.000000 3.35908059999999997203
74 124.000000 104.000000 4.76828749999999956799
75 94.000000 87.000000 3.87496129999999983085
76 115.000000 102.000000 4.83185880000000000933
77 255.000000 218.000000 1.37323630000000007634
78 179.000000 150.000000 5.07197429999999993555
79 225.000000 199.000000 2.82086639999999988504
80 327.000000 279.000000 0.59835340000000003524
81 209.000000 180.000000 4.46165069999999985839
82 153.000000 131.000000 3.64176680000000008164
83 197.000000 172.000000 1.87576190000000009306
84 186.000000 165.000000 4.05999689999999979761
85 179.000000 153.000000 12.33798980000000078405
86 219.000000 174.000000 3.34521449999999997971
87 169.000000 151.000000 3.49976159999999980599
88 178.000000 154.000000 2.87266170000000009566
89 117.000000 102.000000 3.93570840000000021774
90 117.000000 103.000000 4.25843550000000004019
91 162.000000 123.000000 4.48945279999999957710
92 150.000000 125.000000 3.38115079999999990079
93 168.000000 146.000000 11.10327880000000000393
94 158.000000 143.000000 2.79601210000000000022
95 227.000000 201.000000 10.94209099999999956765
96 204.000000 169.000000 1.42307399999999995011
97 274.000000 244.000000 2.49538560000000009254
98 222.000000 192.000000 7.56228690000000014493
99 140.000000 127.000000 3.05662669999999980774
100 169.000000 140.000000 9.63581379999999931840
101 147.000000 122.000000 5.12809150000000002478
102 185.000000 161.000000 2.49068949999999977862
103 110.000000 98.000000 4.31313089999999998980
104 258.000000 215.000000 1.51078969999999990215
105 235.000000 203.000000 1.57703710000000008051
106 166.000000 146.000000 3.51718419999999998282
107 259.000000 219.000000 1.97810970000000008184
108 151.000000 132.000000 4.50016109999999969205
109 163.000000 139.000000 1.38690050000000009156
110 189.000000 167.000000 2.85202229999999978816
111 194.000000 168.000000 2.49812939999999983343
112 227.000000 184.000000 4.69614650000000022345
113 192.000000 163.000000 4.47990309999999958279
114 178.000000 146.000000 0.57352479999999994575
115 292.000000 252.000000 0.80140639999999996324
116 210.000000 178.000000 6.53939920000000007860
117 197.000000 163.000000 6.59908360000000016043
118 118.000000 104.000000 5.73416309999999995739
119 154.000000 132.000000 3.72693850000000015399
120 99.000000 97.000000 4.64791220000000038226
121 246.000000 219.000000 1.70365779999999999994
122 184.000000 178.000000 2.60216139999999995780
123 262.000000 235.000000 0.38324669999999999570
124 183.000000 157.000000 1.55042330000000005974
125 196.000000 164.000000 1.67723050000000006854
126 224.000000 201.000000 2.27895270000000005339
127 167.000000 149.000000 1.57286400000000003985
128 131.000000 120.000000 3.42334979999999999833
129 196.000000 161.000000 8.59577419999999925437
130 109.000000 91.000000 2.44642850000000011690
131 146.000000 120.000000 5.21860329999999983386
132 193.000000 165.000000 2.49066460000000011732
133 126.000000 114.000000 3.69478559999999989216
134 113.000000 102.000000 3.40018649999999977851
135 227.000000 198.000000 1.79918589999999989359
136 208.000000 188.000000 2.41817560000000009168
137 213.000000 178.000000 1.67277030000000004328
138 243.000000 209.000000 2.49715480000000011884
139 164.000000 137.000000 5.25698720000000019326
140 190.000000 171.000000 0.45733610000000002316
141 160.000000 135.000000 2.49402979999999985239
142 196.000000 177.000000 1.26260119999999997908
143 167.000000 142.000000 3.74866600000000005366
144 178.000000 148.000000 8.11083490000000040254
145 164.000000 142.000000 2.73473109999999985931
146 187.000000 141.000000 2.99166210000000010183
147 165.000000 147.000000 3.50913999999999992596
148 144.000000 120.000000 3.53209879999999998290
149 223.000000 182.000000 1.68195880000000008714
150 209.000000 175.000000 5.49572099999999963416
151 209.000000 186.000000 2.53807520000000019778
152 245.000000 204.000000 1.13509839999999995186
153 265.000000 215.000000 10.17336940000000033990
154 203.000000 166.000000 4.23153869999999976415
155 131.000000 111.000000 7.09334869999999995116
156 173.000000 145.000000 3.39684259999999982327
157 83.000000 71.000000 5.93701189999999989766
158 264.000000 216.000000 1.67004909999999995307
159 219.000000 193.000000 1.06612520000000010612
160 265.000000 210.000000 1.60112870000000007131
161 195.000000 166.000000 2.46539509999999983947
162 108.000000 88.000000 2.33199110000000020548
163 156.000000 138.000000 2.64687770000000011095
164 171.000000 143.000000 4.35926580000000019055
165 274.000000 228.000000 2.92006569999999987530
166 157.000000 135.000000 3.68951859999999998152
167 197.000000 175.000000 4.39778209999999969426
168 232.000000 191.000000 1.43344390000000010410
169 294.000000 248.000000 4.85228099999999962222
170 145.000000 131.000000 4.46752129999999958443
171 271.000000 235.000000 2.57010190000000005028
172 188.000000 164.000000 2.15477879999999988314
173 220.000000 177.000000 26.71073039999999920724
174 194.000000 176.000000 3.72755159999999996501
175 238.000000 195.000000 1.29262089999999996159
176 332.000000 272.000000 0.62907500000000005080
177 261.000000 225.000000 1.47647700000000003939
178 228.000000 190.000000 1.07112059999999997828
179 128.000000 105.000000 8.72155899999999917327
180 132.000000 111.000000 4.05815340000000013276
181 175.000000 155.000000 2.65968589999999993623
182 181.000000 165.000000 4.78679200000000015791
183 214.000000 193.000000 4.51838490000000003732
184 90.000000 82.000000 3.07603740000000014376
185 169.000000 153.000000 3.88474470000000016157
186 168.000000 142.000000 4.04295139999999975089
187 204.000000 173.000000 6.67245500000000024698
188 170.000000 145.000000 4.05493769999999997822
189 138.000000 121.000000 5.72083160000000034984
190 164.000000 139.000000 6.39630999999999971806
191 155.000000 136.000000 5.78450699999999962131
192 159.000000 133.000000 7.08461609999999986087
193 156.000000 142.000000 1.69601320000000010957
194 44.000000 39.000000 9.11054419999999964830
195 211.000000 179.000000 5.13846790000000019916
196 224.000000 214.000000 3.30735350000000005721
197 237.000000 208.000000 1.45811050000000008708
198 202.000000 164.000000 6.95966000000000040160
199 175.000000 140.000000 3.83741440000000011423
200 165.000000 153.000000 0.43061599999999999877
201 197.000000 174.000000 1.72037580000000001057
202 206.000000 164.000000 5.26751949999999968810
203 216.000000 181.000000 2.84595539999999980196
204 288.000000 229.000000 1.70631780000000010666
205 128.000000 117.000000 3.18664240000000020814
206 160.000000 120.000000 38.12571820000000144546
207 188.000000 163.000000 5.21872600000000019804
208 194.000000 164.000000 2.06103909999999990177
209 248.000000 203.000000 1.55965669999999989592
210 267.000000 230.000000 0.91563190000000005409
211 224.000000 190.000000 3.10607480000000002462
212 275.000000 230.000000 0.42294900000000001938
213 237.000000 207.000000 2.59121449999999997615
214 150.000000 116.000000 6.41051970000000004291
215 239.000000 205.000000 2.37636169999999991020
216 137.000000 118.000000 3.46851909999999996614
217 159.000000 142.000000 2.57361970000000006564
218 242.000000 204.000000 2.69624830000000015318
219 201.000000 182.000000 4.22831980000000040576
220 314.000000 248.000000 0.59699539999999995388
221 154.000000 137.000000 2.91019089999999991392
222 249.000000 209.000000 4.39854419999999990409
223 251.000000 209.000000 1.39385350000000007853
224 190.000000 167.000000 1.88547320000000007134
225 229.000000 194.000000 2.20036150000000008120
226 217.000000 192.000000 2.60155860000000016541
227 193.000000 166.000000 3.22502539999999982001
228 156.000000 137.000000 8.85079870000000035191
229 185.000000 166.000000 5.90947189999999977772
230 146.000000 127.000000 1.90336090000000002220
231 167.000000 135.000000 7.36011659999999956483
232 151.000000 133.000000 3.33160349999999993997
233 243.000000 194.000000 2.68037519999999984677
234 136.000000 122.000000 4.65032580000000006493
235 119.000000 115.000000 2.81336079999999988388
236 69.000000 57.000000 3.65835819999999989349
237 213.000000 171.000000 2.67340070000000018524
238 97.000000 85.000000 7.15452930000000009159
239 239.000000 209.000000 9.76422879999999970835
240 165.000000 149.000000 1.13333440000000007508
241 197.000000 163.000000 1.69331399999999998585
242 207.000000 171.000000 1.82698030000000000150
243 296.000000 232.000000 1.39513350000000002638
244 152.000000 126.000000 3.66394310000000000827
245 231.000000 196.000000 1.42889660000000007223
246 231.000000 189.000000 1.04889290000000001690
247 154.000000 141.000000 6.06005989999999972184
248 171.000000 158.000000 1.78732880000000005083
249 195.000000 173.000000 1.04780099999999998239
250 186.000000 159.000000 3.10723819999999983921
251 137.000000 117.000000 2.26920030000000005899
252 124.000000 112.000000 2.14873849999999988469
253 144.000000 124.000000 1.50407190000000001717
254 210.000000 173.000000 1.03569189999999999863
255 154.000000 132.000000 4.82756399999999974426
256 112.000000 100.000000 5.61281080000000009989
257 250.000000 202.000000 2.19821260000000018309
258 106.000000 93.000000 3.24476580000000014437
259 230.000000 196.000000 2.42774549999999988970
260 184.000000 153.000000 2.29440409999999994639
261 208.000000 173.000000 1.25758239999999998915
262 185.000000 161.000000 2.41376070000000009230
263 167.000000 140.000000 10.27001180000000069015
264 195.000000 184.000000 3.00970020000000015870
265 200.000000 175.000000 5.28685079999999985034
266 178.000000 144.000000 8.50676400000000043633
267 201.000000 166.000000 3.33600230000000008701
268 163.000000 143.000000 4.03659099999999959607
269 246.000000 211.000000 2.63797369999999986590
270 189.000000 164.000000 1.95435350000000007675
271 122.000000 107.000000 10.79920229999999925496
272 173.000000 156.000000 2.42158970000000017819
273 271.000000 212.000000 3.36124279999999986401
274 173.000000 149.000000 3.28944049999999998946
275 220.000000 178.000000 1.33244080000000009179
276 152.000000 128.000000 2.28949109999999977916
277 147.000000 132.000000 8.69541940000000046496
278 263.000000 206.000000 1.71596180000000009258
279 261.000000 211.000000 3.02992840000000018819
280 158.000000 140.000000 2.78712969999999993220
281 214.000000 182.000000 1.47323730000000008289
282 176.000000 143.000000 21.60311880000000073210
283 144.000000 117.000000 9.01209150000000036584
284 200.000000 173.000000 1.94738509999999998001
285 167.000000 135.000000 6.15102589999999960213
286 109.000000 102.000000 3.38289920000000021716
287 190.000000 158.000000 3.17405900000000018579
288 220.000000 177.000000 2.64805519999999994241
289 265.000000 231.000000 1.27685979999999998924
290 200.000000 173.000000 2.42249479999999994817
291 170.000000 141.000000 2.47992819999999980496
292 180.000000 146.000000 2.35961720000000019226
293 205.000000 179.000000 17.93001110000000153377
294 253.000000 220.000000 0.64738620000000002275
295 273.000000 227.000000 2.11482180000000008491
296 181.000000 165.000000 1.70874999999999999112
297 150.000000 128.000000 5.32690239999999981535
298 137.000000 122.000000 2.13930130000000007229
299 150.000000 135.000000 4.11497080000000003963
300 243.000000 219.000000 1.83082490000000008834
301 248.000000 222.000000 1.99318109999999992787
302 175.000000 157.000000 0.74017889999999997297
303 79.000000 74.000000 4.52214190000000026970
304 179.000000 156.000000 5.18795450000000002433
305 120.000000 102.000000 4.83335839999999983263
306 200.000000 173.000000 4.34904639999999975686
307 123.000000 98.000000 11.37332360000000086586
308 194.000000 169.000000 2.35878360000000020236
309 187.000000 165.000000 2.37312779999999978742
310 114.000000 94.000000 2.26993460000000002452
311 117.000000 108.000000 5.12650019999999972953
312 154.000000 131.000000 3.36749000000000009436
313 128.000000 110.000000 4.29077290000000033388
314 117.000000 102.000000 3.66542330000000005086
315 313.000000 270.000000 1.16017440000000005007
316 225.000000 195.000000 2.18004480000000011586
317 152.000000 135.000000 2.81290729999999999933
318 236.000000 204.000000 1.74319679999999999076
319 255.000000 214.000000 2.47111239999999998673
320 130.000000 115.000000 3.58083650000000019986
321 189.000000 168.000000 5.33264959999999987872
322 118.000000 102.000000 8.95799550000000088801
323 215.000000 180.000000 1.70439169999999995397
324 106.000000 102.000000 3.45933750000000017621
325 196.000000 169.000000 3.43351639999999980191
326 136.000000 121.000000 8.07147770000000086554
327 103.000000 91.000000 5.56335059999999970159
328 164.000000 154.000000 2.19860189999999988686
329 170.000000 144.000000 1.02782449999999991874
330 199.000000 166.000000 1.91939900000000007729
331 187.000000 151.000000 3.95043340000000009482
332 117.000000 117.000000 0.35282449999999998536
333 169.000000 148.000000 1.60702189999999989212
334 236.000000 200.000000 1.78951729999999997744
335 210.000000 172.000000 3.51234070000000020428
336 214.000000 195.000000 0.76480760000000003185
337 192.000000 165.000000 2.72619299999999986639
338 86.000000 71.000000 6.30087629999999965236
339 269.000000 230.000000 2.88180829999999987834
340 112.000000 97.000000 4.92756400000000027717
341 158.000000 126.000000 5.99148480000000027701
342 163.000000 132.000000 9.69447169999999935897
343 128.000000 113.000000 9.55818340000000077339
344 277.000000 225.000000 2.18046760000000006130
345 155.000000 137.000000 2.79047020000000012274
346 220.000000 190.000000 2.64428919999999978430
347 215.000000 162.000000 11.03093370000000028597
348 84.000000 75.000000 3.17772269999999990020
349 140.000000 130.000000 3.87397090000000021703
350 123.000000 104.000000 3.16327179999999996696
351 193.000000 160.000000 11.71319109999999952265
352 203.000000 172.000000 4.05130259999999964293
353 200.000000 173.000000 0.72578030000000004485
354 227.000000 184.000000 6.25918089999999960327
355 218.000000 184.000000 7.34999000000000002331
356 213.000000 188.000000 1.11507510000000009676
357 278.000000 227.000000 1.03254479999999992934
358 181.000000 156.000000 1.11488839999999989061
359 289.000000 254.000000 1.11612259999999996474
360 243.000000 208.000000 2.62135650000000008930
361 144.000000 123.000000 4.22024590000000010548
362 154.000000 141.000000 2.39095579999999996446
363 166.000000 137.000000 5.28271499999999960551
364 147.000000 131.000000 3.43601590000000012282
365 182.000000 154.000000 2.34649939999999990192
366 167.000000 145.000000 3.53349050000000008964
367 185.000000 149.000000 10.33572629999999925587
368 192.000000 163.000000 2.04861950000000003769
369 168.000000 142.000000 1.47101250000000005613
370 241.000000 210.000000 1.08999449999999997729
371 244.000000 206.000000 1.02011089999999993161
372 78.000000 77.000000 4.10567059999999983688
373 201.000000 156.000000 18.45605769999999878905
374 264.000000 218.000000 4.82501870000000021577
375 206.000000 172.000000 5.23905530000000041468
376 108.000000 103.000000 4.35951640000000040231
377 203.000000 178.000000 1.57062499999999993783
378 188.000000 163.000000 1.70643469999999997100
379 200.000000 176.000000 2.71726039999999979813
380 217.000000 178.000000 0.83258220000000005001
381 189.000000 173.000000 2.72651419999999999888
382 192.000000 163.000000 4.01286620000000038289
383 141.000000 138.000000 3.29005629999999982260
384 247.000000 212.000000 6.74999959999999976645
385 198.000000 170.000000 1.57864040000000005470
386 256.000000 215.000000 1.45299610000000001264
387 184.000000 151.000000 0.89225189999999998669
388 197.000000 167.000000 2.27350999999999991985
389 228.000000 186.000000 1.32567550000000000665
390 244.000000 206.000000 1.42347890000000010247
391 175.000000 155.000000 2.15229770000000009134
392 151.000000 136.000000 5.05080229999999996693
393 191.000000 164.000000 3.60207059999999978928
394 211.000000 178.000000 2.34594050000000020617
395 162.000000 137.000000 6.83407189999999964414
396 322.000000 258.000000 1.44246479999999999144
397 218.000000 185.000000 2.80947410000000008523
398 183.000000 167.000000 1.86978449999999996045
399 245.000000 204.000000 1.38706339999999994639
400 229.000000 188.000000 4.91913510000000009370
401 233.000000 199.000000 2.18786659999999999471
402 214.000000 171.000000 1.71918729999999997382
403 160.000000 151.000000 2.78732420000000002958
404 156.000000 135.000000 5.20651539999999979358
405 234.000000 202.000000 4.94275190000000019808
406 220.000000 195.000000 2.65554699999999987980
407 257.000000 225.000000 1.35661429999999993967
408 181.000000 143.000000 2.52719219999999999970
409 218.000000 193.000000 2.85200139999999979779
410 225.000000 183.000000 0.58241019999999998902
411 171.000000 155.000000 3.78817730000000008062
412 241.000000 208.000000 3.14595860000000016043
413 155.000000 142.000000 1.56719910000000006711
414 105.000000 98.000000 2.51145430000000002835
415 135.000000 116.000000 13.49207039999999935276
416 130.000000 113.000000 3.53485300000000002285
417 168.000000 147.000000 3.65406539999999990798
418 238.000000 213.000000 1.89378200000000007641
419 120.000000 111.000000 3.69202690000000011139
420 253.000000 213.000000 2.17240630000000001232
