1 9.000000 8.000000 0.21456359999999999322
2 8.000000 8.000000 0.06582570000000000088
3 9.000000 8.000000 0.04452360000000000345
4 9.000000 8.000000 0.03749890000000000168
5 8.000000 8.000000 0.04715790000000000259
6 8.000000 8.000000 0.03479630000000000223
7 8.000000 8.000000 0.03264000000000000234
8 9.000000 9.000000 0.04773879999999999790
9 9.000000 8.000000 0.02968950000000000061
10 8.000000 8.000000 0.03025150000000000061
11 9.000000 8.000000 0.02486910000000000162
12 7.000000 7.000000 0.02324089999999999837
13 9.000000 9.000000 0.04885670000000000290
14 8.000000 8.000000 0.03504059999999999814
15 7.000000 7.000000 0.01857440000000000133
16 8.000000 8.000000 0.02035870000000000041
17 8.000000 8.000000 0.02233229999999999937
18 8.000000 8.000000 0.01587919999999999957
19 7.000000 7.000000 0.02202250000000000041
20 8.000000 8.000000 0.02961640000000000106
21 8.000000 8.000000 0.02087090000000000126
22 8.000000 8.000000 0.01557659999999999947
23 7.000000 7.000000 0.01888959999999999945
24 8.000000 8.000000 0.01877130000000000118
25 7.000000 7.000000 0.01889450000000000157
26 9.000000 8.000000 0.01690670000000000020
27 9.000000 9.000000 0.01723270000000000010
28 9.000000 9.000000 0.02505200000000000135
29 7.000000 7.000000 0.01728680000000000147
30 10.000000 8.000000 0.01542050000000000018
31 9.000000 9.000000 0.02184120000000000159
32 7.000000 7.000000 0.01926160000000000025
33 9.000000 9.000000 0.01797779999999999864
34 8.000000 8.000000 0.01984899999999999859
35 11.000000 9.000000 0.02081430000000000086
36 9.000000 8.000000 0.01964650000000000077
37 8.000000 8.000000 0.02049689999999999845
38 8.000000 8.000000 0.01815440000000000109
39 9.000000 8.000000 0.02237389999999999865
40 8.000000 8.000000 0.01677439999999999834
41 8.000000 8.000000 0.01594579999999999956
42 7.000000 7.000000 0.02141830000000000123
43 8.000000 8.000000 0.01878550000000000011
44 11.000000 9.000000 0.01642269999999999841
45 7.000000 7.000000 0.01876320000000000071
46 9.000000 9.000000 0.02028129999999999863
47 9.000000 9.000000 0.02085789999999999866
48 8.000000 8.000000 0.02033360000000000029
49 8.000000 8.000000 0.01984079999999999872
50 8.000000 8.000000 0.01606010000000000076
51 7.000000 7.000000 0.01870629999999999862
52 8.000000 8.000000 0.02097569999999999990
53 9.000000 9.000000 0.01522090000000000075
54 8.000000 8.000000 0.04074710000000000137
55 10.000000 9.000000 0.01982340000000000144
56 8.000000 8.000000 0.02045200000000000143
57 11.000000 8.000000 0.05030659999999999993
58 9.000000 9.000000 0.01702580000000000066
59 9.000000 9.000000 0.02131829999999999836
60 11.000000 8.000000 0.02135449999999999848
61 8.000000 8.000000 0.01705550000000000122
62 7.000000 7.000000 0.02407700000000000118
63 9.000000 8.000000 0.01722960000000000116
64 9.000000 8.000000 0.02338060000000000138
65 7.000000 7.000000 0.01864820000000000019
66 9.000000 8.000000 0.01669059999999999988
67 7.000000 7.000000 0.01802049999999999833
68 8.000000 8.000000 0.01819700000000000137
69 10.000000 8.000000 0.02805759999999999851
70 7.000000 7.000000 0.01965470000000000064
71 10.000000 8.000000 0.02247479999999999964
72 8.000000 8.000000 0.02042559999999999862
73 7.000000 7.000000 0.02166660000000000114
74 7.000000 7.000000 0.01635980000000000073
75 9.000000 9.000000 0.01560160000000000019
76 8.000000 8.000000 0.01919020000000000101
77 8.000000 8.000000 0.01674219999999999875
78 7.000000 7.000000 0.02375709999999999975
79 9.000000 9.000000 0.03032860000000000070
80 8.000000 8.000000 0.03497560000000000252
81 9.000000 9.000000 0.02113809999999999995
82 9.000000 8.000000 0.01611479999999999857
83 9.000000 9.000000 0.02380370000000000055
84 7.000000 7.000000 0.01896750000000000172
85 10.000000 9.000000 0.01821400000000000102
86 7.000000 7.000000 0.02196539999999999951
87 8.000000 8.000000 0.01669920000000000085
88 10.000000 9.000000 0.01610639999999999988
89 9.000000 9.000000 0.02095270000000000118
90 9.000000 8.000000 0.01618030000000000163
91 9.000000 9.000000 0.02043290000000000037
92 8.000000 8.000000 0.01873210000000000153
93 10.000000 9.000000 0.01824260000000000118
94 11.000000 9.000000 0.02166600000000000123
95 7.000000 7.000000 0.01808689999999999951
96 9.000000 9.000000 0.01935699999999999921
97 7.000000 7.000000 0.02008599999999999969
98 7.000000 7.000000 0.02004250000000000129
99 9.000000 8.000000 0.02136300000000000004
100 7.000000 7.000000 0.01721550000000000163
101 10.000000 8.000000 0.01542169999999999999
102 10.000000 9.000000 0.01883690000000000017
103 8.000000 8.000000 0.01932889999999999955
104 9.000000 8.000000 0.01576139999999999833
105 9.000000 9.000000 0.03911719999999999781
106 8.000000 8.000000 0.02245950000000000030
107 12.000000 9.000000 0.01935589999999999880
108 9.000000 8.000000 0.02556179999999999911
109 7.000000 7.000000 0.02107310000000000086
110 9.000000 8.000000 0.02162000000000000033
111 7.000000 7.000000 0.02257699999999999985
112 10.000000 9.000000 0.03240799999999999931
113 8.000000 8.000000 0.01646440000000000056
114 10.000000 9.000000 0.01759600000000000053
115 8.000000 8.000000 0.01756129999999999844
116 7.000000 7.000000 0.01762669999999999862
117 8.000000 8.000000 0.01938979999999999870
118 7.000000 7.000000 0.02137920000000000098
119 9.000000 8.000000 0.01688349999999999920
120 8.000000 8.000000 0.01824370000000000158
121 7.000000 7.000000 0.02255410000000000054
122 8.000000 8.000000 0.01596349999999999852
123 9.000000 8.000000 0.02027759999999999979
124 10.000000 9.000000 0.01698219999999999938
125 9.000000 8.000000 0.01954859999999999931
126 8.000000 8.000000 0.01690799999999999942
127 8.000000 8.000000 0.01849920000000000037
128 7.000000 7.000000 0.01842989999999999906
129 7.000000 7.000000 0.01774950000000000139
130 7.000000 7.000000 0.01633659999999999973
131 9.000000 8.000000 0.01566539999999999946
132 9.000000 9.000000 0.01499269999999999943
133 9.000000 8.000000 0.01677060000000000009
134 8.000000 8.000000 0.01693530000000000035
135 10.000000 9.000000 0.01982460000000000125
136 10.000000 9.000000 0.01869950000000000084
137 11.000000 9.000000 0.01730090000000000100
138 9.000000 9.000000 0.01972840000000000010
139 8.000000 8.000000 0.01631530000000000133
140 7.000000 7.000000 0.02024979999999999836
141 10.000000 9.000000 0.01624959999999999946
142 9.000000 9.000000 0.01596850000000000006
143 8.000000 8.000000 0.01997499999999999970
144 9.000000 8.000000 0.01911169999999999883
145 11.000000 9.000000 0.01621329999999999993
146 8.000000 8.000000 0.01577249999999999833
147 7.000000 7.000000 0.02431480000000000100
148 9.000000 8.000000 0.01546070000000000083
149 9.000000 8.000000 0.02015489999999999990
150 8.000000 8.000000 0.01586869999999999947
151 8.000000 8.000000 0.02053740000000000079
152 9.000000 8.000000 0.01944989999999999913
153 9.000000 8.000000 0.01691880000000000120
154 8.000000 8.000000 0.01901800000000000018
155 9.000000 9.000000 0.01694959999999999870
156 8.000000 8.000000 0.01615159999999999860
157 10.000000 9.000000 0.01460810000000000060
158 8.000000 8.000000 0.02091579999999999828
159 9.000000 9.000000 0.02067149999999999890
160 7.000000 7.000000 0.02242999999999999855
161 8.000000 8.000000 0.02104019999999999849
162 8.000000 8.000000 0.01732639999999999875
163 8.000000 8.000000 0.01757020000000000109
164 9.000000 8.000000 0.08548939999999999317
165 7.000000 7.000000 0.02377080000000000165
166 8.000000 8.000000 0.01876469999999999874
167 7.000000 7.000000 0.02168010000000000076
168 8.000000 8.000000 0.01866879999999999928
169 10.000000 8.000000 0.02359510000000000080
170 10.000000 8.000000 0.01725550000000000000
171 9.000000 9.000000 0.01667070000000000010
172 8.000000 8.000000 0.02406619999999999940
173 12.000000 9.000000 0.01731579999999999925
174 8.000000 8.000000 0.01667149999999999882
175 8.000000 8.000000 0.02320660000000000084
176 9.000000 8.000000 0.01715010000000000145
177 7.000000 7.000000 0.02287580000000000169
178 8.000000 8.000000 0.02676829999999999835
179 10.000000 9.000000 0.01578989999999999908
180 8.000000 8.000000 0.01922559999999999894
181 7.000000 7.000000 0.02640750000000000042
182 9.000000 9.000000 0.01788860000000000103
183 8.000000 8.000000 0.01966990000000000058
184 9.000000 9.000000 0.01540049999999999926
185 8.000000 8.000000 0.01841289999999999941
186 9.000000 8.000000 0.01939710000000000045
187 9.000000 9.000000 0.01779880000000000004
188 7.000000 7.000000 0.02279679999999999901
189 9.000000 9.000000 0.02363749999999999879
190 10.000000 8.000000 0.02176120000000000138
191 9.000000 9.000000 0.02456269999999999981
192 8.000000 8.000000 0.02045289999999999955
193 10.000000 8.000000 0.01681540000000000118
194 8.000000 8.000000 0.02450329999999999869
195 9.000000 8.000000 0.01820949999999999999
196 9.000000 9.000000 0.02147649999999999906
197 8.000000 8.000000 0.01640830000000000066
198 9.000000 8.000000 0.01569510000000000002
199 10.000000 9.000000 0.01935349999999999918
200 8.000000 8.000000 0.01824999999999999886
201 8.000000 8.000000 0.01508840000000000008
202 7.000000 7.000000 0.01544079999999999932
203 8.000000 8.000000 0.01820110000000000131
204 9.000000 8.000000 0.01662889999999999854
205 8.000000 8.000000 0.01769439999999999902
206 9.000000 9.000000 0.01590319999999999928
207 9.000000 9.000000 0.01979639999999999872
208 7.000000 7.000000 0.05127919999999999701
209 9.000000 9.000000 0.02070960000000000162
210 8.000000 8.000000 0.02012140000000000109
211 9.000000 9.000000 0.01738189999999999874
212 9.000000 9.000000 0.02175940000000000166
213 9.000000 9.000000 0.02276239999999999861
214 9.000000 8.000000 0.01712069999999999911
215 7.000000 7.000000 0.01727100000000000163
216 9.000000 8.000000 0.01788889999999999925
217 9.000000 8.000000 0.01578229999999999911
218 9.000000 8.000000 0.01800420000000000145
219 9.000000 9.000000 0.02197709999999999941
220 12.000000 9.000000 0.01524569999999999918
221 9.000000 9.000000 0.01970399999999999929
222 8.000000 8.000000 0.01778319999999999901
223 8.000000 8.000000 0.01914329999999999851
224 9.000000 9.000000 0.01515910000000000001
225 9.000000 8.000000 0.01543729999999999929
226 9.000000 8.000000 0.01534590000000000086
227 10.000000 9.000000 0.01643179999999999988
228 8.000000 8.000000 0.01765419999999999837
229 9.000000 9.000000 0.01733049999999999868
230 8.000000 8.000000 0.01702379999999999866
231 9.000000 9.000000 0.01585690000000000016
232 9.000000 8.000000 0.01876529999999999865
233 8.000000 8.000000 0.03976940000000000336
234 8.000000 8.000000 0.01701690000000000147
235 10.000000 9.000000 0.01533020000000000042
236 10.000000 9.000000 0.01691869999999999832
237 8.000000 8.000000 0.02012349999999999903
238 10.000000 9.000000 0.01656540000000000096
239 8.000000 8.000000 0.01568620000000000084
240 7.000000 7.000000 0.01889319999999999888
241 7.000000 7.000000 0.02098430000000000087
242 7.000000 7.000000 0.01950450000000000100
243 8.000000 8.000000 0.01890090000000000173
244 10.000000 9.000000 0.01699000000000000163
245 8.000000 8.000000 0.01742439999999999961
246 10.000000 9.000000 0.01885629999999999945
247 9.000000 9.000000 0.01899959999999999843
248 11.000000 9.000000 0.01808090000000000044
249 8.000000 8.000000 0.01733869999999999856
250 8.000000 8.000000 0.01559510000000000063
251 7.000000 7.000000 0.01636059999999999945
252 12.000000 9.000000 0.01527109999999999926
253 10.000000 9.000000 0.01817509999999999959
254 8.000000 8.000000 0.02096150000000000097
255 8.000000 8.000000 0.01683950000000000030
256 9.000000 9.000000 0.01771139999999999867
257 7.000000 7.000000 0.01904170000000000168
258 12.000000 9.000000 0.01639200000000000032
259 9.000000 9.000000 0.01708159999999999887
260 7.000000 7.000000 0.01540170000000000081
261 7.000000 7.000000 0.01482589999999999950
262 9.000000 9.000000 0.01619779999999999831
263 8.000000 8.000000 0.02036260000000000153
264 9.000000 9.000000 0.01626850000000000171
265 8.000000 8.000000 0.02126439999999999927
266 8.000000 8.000000 0.01877059999999999840
267 10.000000 9.000000 0.01853240000000000096
268 7.000000 7.000000 0.01803290000000000101
269 9.000000 8.000000 0.01673969999999999972
270 9.000000 9.000000 0.01976380000000000151
271 9.000000 9.000000 0.01844590000000000118
272 8.000000 8.000000 0.01623329999999999912
273 8.000000 8.000000 0.02733000000000000013
274 8.000000 8.000000 0.02177520000000000150
275 8.000000 8.000000 0.01679920000000000024
276 9.000000 8.000000 0.01542179999999999940
277 10.000000 9.000000 0.01811300000000000063
278 8.000000 8.000000 0.01585550000000000154
279 9.000000 8.000000 0.02416969999999999882
280 8.000000 8.000000 0.03019190000000000068
281 7.000000 7.000000 0.02758209999999999829
282 9.000000 9.000000 0.01833370000000000138
283 10.000000 9.000000 0.01695520000000000013
284 9.000000 9.000000 0.01612910000000000038
285 8.000000 8.000000 0.02505610000000000129
286 9.000000 9.000000 0.01812630000000000144
287 7.000000 7.000000 0.02030560000000000004
288 8.000000 8.000000 0.01710199999999999915
289 7.000000 7.000000 0.01834890000000000132
290 8.000000 8.000000 0.02075050000000000158
291 8.000000 8.000000 0.01502530000000000011
292 7.000000 7.000000 0.02089929999999999913
293 8.000000 8.000000 0.01740589999999999846
294 8.000000 8.000000 0.01781639999999999960
295 9.000000 9.000000 0.02075629999999999836
296 9.000000 8.000000 0.01689900000000000083
297 11.000000 9.000000 0.01850349999999999911
298 8.000000 8.000000 0.02210370000000000043
299 9.000000 9.000000 0.02825650000000000037
300 9.000000 8.000000 0.02928220000000000128
301 10.000000 9.000000 0.01809540000000000107
302 8.000000 8.000000 0.01950409999999999991
303 9.000000 8.000000 0.01749910000000000007
304 10.000000 9.000000 0.01998930000000000151
305 9.000000 8.000000 0.01568200000000000149
306 8.000000 8.000000 0.01961610000000000090
307 10.000000 9.000000 0.01901399999999999965
308 8.000000 8.000000 0.01958069999999999949
309 8.000000 8.000000 0.01789709999999999912
310 7.000000 7.000000 0.02041609999999999953
311 8.000000 8.000000 0.02282429999999999876
312 10.000000 9.000000 0.02363070000000000101
313 7.000000 7.000000 0.02199119999999999894
314 7.000000 7.000000 0.01849030000000000118
315 10.000000 9.000000 0.01666880000000000098
316 8.000000 8.000000 0.01806200000000000166
317 8.000000 8.000000 0.01682049999999999865
318 7.000000 7.000000 0.02137069999999999942
319 10.000000 9.000000 0.01914510000000000170
320 8.000000 8.000000 0.01909720000000000167
321 7.000000 7.000000 0.02472119999999999873
322 9.000000 9.000000 0.02283160000000000051
323 8.000000 8.000000 0.01588639999999999844
324 9.000000 8.000000 0.03085320000000000076
325 9.000000 9.000000 0.01938269999999999924
326 9.000000 8.000000 0.01456110000000000043
327 9.000000 9.000000 0.02490449999999999955
328 8.000000 8.000000 0.01878000000000000155
329 8.000000 8.000000 0.01918539999999999829
330 8.000000 8.000000 0.01975690000000000085
331 7.000000 7.000000 0.04816979999999999873
332 7.000000 7.000000 0.02053960000000000161
333 7.000000 7.000000 0.01897499999999999881
334 9.000000 8.000000 0.01516849999999999969
335 7.000000 7.000000 0.02123260000000000078
336 7.000000 7.000000 0.02156519999999999965
337 8.000000 8.000000 0.02086059999999999998
338 9.000000 8.000000 0.01808049999999999935
339 10.000000 8.000000 0.01629469999999999877
340 9.000000 8.000000 0.02152019999999999975
341 9.000000 8.000000 0.02280640000000000098
342 8.000000 8.000000 0.01503320000000000004
343 7.000000 7.000000 0.02028140000000000151
344 10.000000 8.000000 0.01630950000000000108
345 10.000000 9.000000 0.01736249999999999946
346 8.000000 8.000000 0.01772620000000000098
347 11.000000 9.000000 0.01632170000000000148
348 9.000000 9.000000 0.01701719999999999969
349 8.000000 8.000000 0.01591690000000000119
350 8.000000 8.000000 0.01570850000000000024
351 8.000000 8.000000 0.01824500000000000080
352 9.000000 8.000000 0.01711750000000000077
353 7.000000 7.000000 0.01874170000000000003
354 8.000000 8.000000 0.02143619999999999901
355 8.000000 8.000000 0.01748919999999999988
356 8.000000 8.000000 0.01908239999999999936
357 7.000000 7.000000 0.01545230000000000041
358 8.000000 8.000000 0.01562039999999999956
359 10.000000 9.000000 0.02207260000000000125
360 8.000000 8.000000 0.01800140000000000073
361 10.000000 9.000000 0.01668230000000000060
362 7.000000 7.000000 0.02153369999999999937
363 9.000000 8.000000 0.01743559999999999902
364 9.000000 9.000000 0.01509270000000000056
365 9.000000 8.000000 0.01960370000000000168
366 9.000000 9.000000 0.01576659999999999867
367 8.000000 8.000000 0.01993249999999999883
368 8.000000 8.000000 0.01691190000000000054
369 7.000000 7.000000 0.01880930000000000102
370 8.000000 8.000000 0.02018769999999999940
371 9.000000 8.000000 0.01640379999999999963
372 8.000000 8.000000 0.01484259999999999920
373 10.000000 9.000000 0.01607319999999999929
374 10.000000 8.000000 0.01782790000000000069
375 8.000000 8.000000 0.01804079999999999920
376 8.000000 8.000000 0.01513420000000000043
377 8.000000 8.000000 0.01924290000000000028
378 8.000000 8.000000 0.01799080000000000124
379 9.000000 9.000000 0.01614300000000000110
380 9.000000 9.000000 0.02683829999999999896
381 9.000000 8.000000 0.01768669999999999964
382 9.000000 9.000000 0.01555840000000000001
383 9.000000 9.000000 0.01540389999999999988
384 8.000000 8.000000 0.01780580000000000010
385 8.000000 8.000000 0.01939540000000000014
386 8.000000 8.000000 0.01914079999999999948
387 7.000000 7.000000 0.01537529999999999973
388 9.000000 8.000000 0.01954730000000000009
389 9.000000 9.000000 0.02112210000000000129
390 10.000000 8.000000 0.02028889999999999860
391 8.000000 8.000000 0.01861509999999999901
392 7.000000 7.000000 0.01672430000000000097
393 8.000000 8.000000 0.01665660000000000057
394 9.000000 8.000000 0.02710390000000000021
395 9.000000 8.000000 0.01638430000000000095
396 10.000000 9.000000 0.01505890000000000006
397 9.000000 9.000000 0.02127499999999999877
398 8.000000 8.000000 0.01767770000000000105
399 8.000000 8.000000 0.01720290000000000014
400 8.000000 8.000000 0.01754949999999999913
401 7.000000 7.000000 0.01897880000000000053
402 7.000000 7.000000 0.02367959999999999857
403 8.000000 8.000000 0.01546499999999999958
404 8.000000 8.000000 0.01507960000000000030
405 10.000000 8.000000 0.01591740000000000169
406 7.000000 7.000000 0.02236729999999999968
407 8.000000 8.000000 0.01613469999999999835
408 9.000000 8.000000 0.01536610000000000059
409 11.000000 8.000000 0.01667820000000000066
410 7.000000 7.000000 0.01561760000000000058
411 9.000000 9.000000 0.02356919999999999848
412 8.000000 8.000000 0.01966880000000000017
413 10.000000 8.000000 0.01702479999999999966
414 8.000000 8.000000 0.02016799999999999843
415 7.000000 7.000000 0.02176000000000000156
416 9.000000 8.000000 0.02038449999999999984
417 8.000000 8.000000 0.01660839999999999886
418 8.000000 8.000000 0.01823359999999999911
419 8.000000 8.000000 0.02457490000000000022
420 10.000000 9.000000 0.01918809999999999960
