1 365.000000 300.000000 52.91436089999999836664
2 463.000000 396.000000 41.02536510000000191667
3 513.000000 447.000000 19.17961000000000026944
4 321.000000 279.000000 57.38042039999999843758
5 338.000000 283.000000 355.11959550000000263026
6 361.000000 284.000000 147.65537509999998633248
7 451.000000 352.000000 345.45642650000002049637
8 453.000000 384.000000 49.46916050000000097953
9 377.000000 325.000000 141.54328760000001352637
10 424.000000 358.000000 618.11065859999996519036
11 674.000000 538.000000 49.02365449999999924557
12 313.000000 284.000000 39.69015629999999816846
13 480.000000 418.000000 49.63310090000000229793
14 540.000000 456.000000 228.83705770000000256914
15 341.000000 279.000000 135.07182280000000673681
16 665.000000 537.000000 10.67492709999999966897
17 634.000000 529.000000 117.45939789999999902648
18 393.000000 343.000000 31.60557070000000123855
19 514.000000 434.000000 25.74641270000000048412
20 493.000000 425.000000 21.28506820000000132609
21 403.000000 327.000000 71.76254989999999622796
22 557.000000 467.000000 79.67440100000000313685
23 450.000000 356.000000 90.53228260000000204855
24 428.000000 367.000000 24.83923760000000058312
25 345.000000 305.000000 44.82726060000000245509
26 521.000000 434.000000 44.47312459999999845195
27 465.000000 381.000000 248.40371939999999995052
28 276.000000 233.000000 74.49876249999999799911
29 578.000000 476.000000 171.09513179999999010761
30 401.000000 340.000000 157.73380309999998871717
31 283.000000 237.000000 270.89716789999999946303
32 454.000000 366.000000 258.60338300000000799628
33 603.000000 504.000000 16.32041159999999990760
34 278.000000 230.000000 390.54256390000000465079
35 558.000000 467.000000 13.85909050000000064529
36 541.000000 470.000000 44.12382530000000002701
37 385.000000 330.000000 28.33670790000000039299
38 308.000000 251.000000 247.52454520000000570690
39 431.000000 353.000000 334.60289879999999129723
40 372.000000 313.000000 30.89157129999999895631
41 439.000000 362.000000 105.72530570000000693653
42 628.000000 503.000000 136.17064460000000281070
43 374.000000 331.000000 96.16414419999999552147
44 594.000000 469.000000 7.48233860000000028379
45 608.000000 524.000000 35.51411039999999985639
46 480.000000 392.000000 345.59043229999997492996
47 560.000000 472.000000 114.19692170000000430719
