1 10.000000 9.000000 0.16745450000000000612
2 8.000000 8.000000 0.05474239999999999662
3 9.000000 9.000000 0.05069560000000000038
4 8.000000 8.000000 0.02189999999999999933
5 8.000000 8.000000 0.11163299999999999612
6 11.000000 10.000000 0.04764089999999999991
7 10.000000 9.000000 0.06688170000000000226
8 9.000000 9.000000 0.04263600000000000029
9 10.000000 10.000000 0.02575619999999999993
10 9.000000 9.000000 0.01697649999999999854
11 8.000000 8.000000 0.02368980000000000044
12 12.000000 10.000000 0.09428780000000000494
13 11.000000 9.000000 0.03124079999999999913
14 9.000000 9.000000 0.04164999999999999952
15 11.000000 10.000000 0.07364220000000000488
16 10.000000 10.000000 0.01674629999999999869
17 10.000000 10.000000 0.05177319999999999839
18 11.000000 10.000000 0.06904639999999999389
19 11.000000 10.000000 0.01801960000000000020
20 10.000000 10.000000 0.03613689999999999958
21 11.000000 10.000000 0.05660849999999999910
22 9.000000 9.000000 0.02003740000000000035
23 9.000000 9.000000 0.12226299999999999668
24 10.000000 9.000000 0.01608899999999999914
25 10.000000 9.000000 0.01663939999999999864
26 9.000000 9.000000 0.05766240000000000254
27 8.000000 8.000000 0.07056880000000000097
28 12.000000 10.000000 0.01614700000000000163
29 9.000000 9.000000 0.05977009999999999962
30 9.000000 9.000000 0.12266580000000000539
31 11.000000 10.000000 0.01560089999999999914
32 11.000000 10.000000 0.01987449999999999981
33 11.000000 9.000000 0.09805609999999999327
34 9.000000 9.000000 0.01667149999999999882
35 9.000000 9.000000 0.13330449999999999244
36 9.000000 9.000000 0.01595670000000000074
37 11.000000 10.000000 0.01930629999999999846
38 10.000000 9.000000 0.09368509999999999338
39 12.000000 10.000000 0.01623950000000000046
40 9.000000 9.000000 0.02026450000000000126
41 9.000000 9.000000 0.04212239999999999734
42 11.000000 10.000000 0.02803869999999999973
43 9.000000 9.000000 0.02591829999999999828
44 11.000000 10.000000 0.01752149999999999888
45 11.000000 10.000000 0.03880879999999999747
46 9.000000 9.000000 0.03835670000000000052
47 9.000000 9.000000 0.01938940000000000108
48 10.000000 9.000000 0.01932040000000000146
49 10.000000 9.000000 0.02108689999999999870
50 11.000000 9.000000 0.01746829999999999911
51 8.000000 8.000000 0.02083569999999999867
52 10.000000 9.000000 0.02081550000000000067
53 11.000000 9.000000 0.01938319999999999974
54 10.000000 10.000000 0.02356820000000000095
55 10.000000 10.000000 0.01665159999999999904
56 10.000000 9.000000 0.02293480000000000171
57 9.000000 9.000000 0.05974820000000000131
58 11.000000 10.000000 0.01924009999999999956
59 10.000000 10.000000 0.12435770000000000157
60 10.000000 9.000000 0.02368670000000000150
61 9.000000 9.000000 0.13105919999999998682
62 10.000000 10.000000 0.01486239999999999957
63 11.000000 10.000000 0.09944600000000000661
64 11.000000 10.000000 0.01792339999999999905
65 12.000000 9.000000 0.10593740000000000101
66 10.000000 10.000000 0.02746890000000000095
67 11.000000 10.000000 0.07927470000000000350
68 9.000000 9.000000 0.01623669999999999974
69 10.000000 10.000000 0.02426740000000000147
70 9.000000 9.000000 0.08386839999999999573
71 12.000000 10.000000 0.02257539999999999894
72 9.000000 9.000000 0.09783880000000000354
73 10.000000 10.000000 0.10611339999999999661
74 9.000000 9.000000 0.01750209999999999960
75 8.000000 8.000000 0.11095789999999999820
76 8.000000 8.000000 0.01872760000000000050
77 10.000000 9.000000 0.07950889999999999347
78 10.000000 9.000000 0.08729259999999999797
79 12.000000 10.000000 0.01728040000000000131
80 9.000000 9.000000 0.09579329999999999790
81 12.000000 10.000000 0.01437440000000000072
82 11.000000 9.000000 0.08702029999999999488
83 10.000000 10.000000 0.01613660000000000094
84 9.000000 9.000000 0.11490160000000000651
85 10.000000 10.000000 0.01604260000000000061
86 13.000000 10.000000 0.06013980000000000020
87 9.000000 9.000000 0.08740570000000000284
88 9.000000 9.000000 0.01547369999999999995
89 11.000000 10.000000 0.10969890000000000196
90 12.000000 10.000000 0.01516179999999999958
91 9.000000 9.000000 0.08667120000000000379
92 10.000000 10.000000 0.01751399999999999832
93 11.000000 9.000000 0.01720930000000000029
94 9.000000 9.000000 0.02172570000000000057
95 10.000000 10.000000 0.02184320000000000012
96 12.000000 10.000000 0.01802290000000000142
97 9.000000 9.000000 0.03206019999999999703
98 9.000000 9.000000 0.02069139999999999868
99 12.000000 10.000000 0.01692859999999999851
100 9.000000 9.000000 0.01590120000000000075
101 8.000000 8.000000 0.09993839999999999668
102 10.000000 10.000000 0.01459930000000000082
103 10.000000 9.000000 0.04951429999999999720
104 9.000000 9.000000 0.01727549999999999919
105 11.000000 10.000000 0.01649360000000000062
106 10.000000 10.000000 0.07265050000000000674
107 11.000000 10.000000 0.02045759999999999940
108 10.000000 10.000000 0.08499149999999999761
109 10.000000 10.000000 0.03155530000000000140
110 11.000000 10.000000 0.08834590000000000498
111 11.000000 10.000000 0.10595409999999999551
112 9.000000 9.000000 0.12982279999999998821
113 11.000000 10.000000 0.01467079999999999947
114 9.000000 9.000000 0.13706060000000000465
115 10.000000 10.000000 0.01645819999999999922
116 10.000000 10.000000 0.11809310000000000640
117 10.000000 9.000000 0.02018609999999999849
118 9.000000 9.000000 0.19079370000000001051
119 10.000000 9.000000 0.01527700000000000065
120 8.000000 8.000000 0.13473570000000001379
121 11.000000 9.000000 0.12789000000000000368
122 11.000000 10.000000 0.01706589999999999843
123 9.000000 9.000000 0.12370430000000000315
124 11.000000 10.000000 0.01549769999999999967
125 8.000000 8.000000 0.12353279999999999816
126 9.000000 9.000000 0.01709120000000000084
127 10.000000 9.000000 0.12769389999999999907
128 10.000000 9.000000 0.01566019999999999912
129 11.000000 10.000000 0.12565299999999998692
130 9.000000 9.000000 0.01645399999999999988
131 11.000000 10.000000 0.11775389999999999469
132 9.000000 9.000000 0.01619229999999999975
133 9.000000 9.000000 0.09107189999999999730
134 9.000000 9.000000 0.01590050000000000144
135 12.000000 10.000000 0.09049150000000000249
136 13.000000 10.000000 0.01843799999999999953
137 9.000000 9.000000 0.01582609999999999920
138 11.000000 10.000000 0.01606300000000000089
139 8.000000 8.000000 0.02291189999999999893
140 9.000000 9.000000 0.09252939999999999776
141 10.000000 10.000000 0.02808619999999999867
142 11.000000 10.000000 0.09672419999999999629
143 9.000000 9.000000 0.03266410000000000147
144 11.000000 10.000000 0.09634710000000000496
145 8.000000 8.000000 0.01790869999999999962
146 10.000000 10.000000 0.09061850000000000460
147 10.000000 10.000000 0.01725029999999999966
148 11.000000 9.000000 0.09767660000000000231
149 10.000000 10.000000 0.01725399999999999850
150 11.000000 9.000000 0.01867260000000000100
151 8.000000 8.000000 0.01646020000000000122
152 9.000000 9.000000 0.10389660000000000561
153 9.000000 9.000000 0.10886540000000000106
154 8.000000 8.000000 0.09285789999999999322
155 10.000000 9.000000 0.01574640000000000067
156 11.000000 10.000000 0.01604260000000000061
157 9.000000 9.000000 0.01560139999999999964
158 9.000000 9.000000 0.01820099999999999843
159 11.000000 9.000000 0.10485229999999999551
160 10.000000 10.000000 0.01899719999999999881
161 11.000000 9.000000 0.01620539999999999828
162 9.000000 9.000000 0.09663170000000000093
163 8.000000 8.000000 0.01635549999999999851
164 10.000000 9.000000 0.01762210000000000165
165 9.000000 9.000000 0.01589199999999999988
166 12.000000 9.000000 0.01539910000000000063
167 8.000000 8.000000 0.01738910000000000108
168 11.000000 10.000000 0.01592700000000000018
169 9.000000 9.000000 0.01642029999999999879
170 11.000000 10.000000 0.01437869999999999947
171 10.000000 10.000000 0.01730939999999999909
172 11.000000 9.000000 0.01753729999999999872
173 12.000000 10.000000 0.01959229999999999999
174 10.000000 10.000000 0.02830049999999999927
175 10.000000 10.000000 0.01752630000000000160
176 11.000000 10.000000 0.01720740000000000117
177 9.000000 9.000000 0.01560850000000000085
178 12.000000 10.000000 0.01762729999999999853
179 9.000000 9.000000 0.01663869999999999932
180 9.000000 9.000000 0.01588310000000000069
181 10.000000 9.000000 0.09546409999999999618
182 10.000000 9.000000 0.01607580000000000120
183 12.000000 10.000000 0.01692990000000000120
184 9.000000 9.000000 0.01762620000000000159
185 10.000000 9.000000 0.01532599999999999935
186 10.000000 10.000000 0.01591000000000000053
187 10.000000 9.000000 0.01899040000000000103
188 9.000000 9.000000 0.04053049999999999708
189 11.000000 10.000000 0.01589679999999999913
190 8.000000 8.000000 0.01876890000000000155
191 10.000000 9.000000 0.01602469999999999936
192 9.000000 9.000000 0.10610100000000000087
193 10.000000 9.000000 0.01562950000000000103
194 12.000000 10.000000 0.08478149999999999575
195 10.000000 9.000000 0.01751410000000000119
196 10.000000 9.000000 0.02990510000000000043
197 12.000000 10.000000 0.01525289999999999979
198 10.000000 10.000000 0.01574369999999999936
199 10.000000 10.000000 0.01552609999999999928
200 12.000000 10.000000 0.01577689999999999995
201 8.000000 8.000000 0.08469150000000000289
202 9.000000 9.000000 0.01561189999999999974
203 10.000000 9.000000 0.01607549999999999951
204 11.000000 9.000000 0.01690749999999999892
205 10.000000 9.000000 0.01607120000000000076
206 9.000000 9.000000 0.01744539999999999980
207 9.000000 9.000000 0.01659640000000000074
208 9.000000 9.000000 0.01627160000000000065
209 10.000000 10.000000 0.01575810000000000058
210 10.000000 9.000000 0.01986250000000000168
211 8.000000 8.000000 0.01650679999999999856
212 11.000000 10.000000 0.01436050000000000000
213 9.000000 9.000000 0.01545299999999999972
214 9.000000 9.000000 0.01908129999999999896
215 8.000000 8.000000 0.01744029999999999886
216 11.000000 10.000000 0.01721829999999999888
217 9.000000 9.000000 0.02299800000000000108
218 11.000000 10.000000 0.01780889999999999904
219 10.000000 10.000000 0.01638279999999999945
220 10.000000 10.000000 0.01751700000000000132
221 11.000000 9.000000 0.01478029999999999969
222 8.000000 8.000000 0.03261560000000000153
223 10.000000 9.000000 0.02490540000000000115
224 11.000000 10.000000 0.01988929999999999865
225 9.000000 9.000000 0.01864069999999999963
226 13.000000 9.000000 0.01637030000000000082
227 10.000000 10.000000 0.01450959999999999923
228 9.000000 9.000000 0.01613310000000000091
229 11.000000 10.000000 0.01580049999999999857
230 11.000000 9.000000 0.01750360000000000110
231 10.000000 10.000000 0.02027369999999999867
232 10.000000 10.000000 0.02353440000000000046
233 9.000000 9.000000 0.02363760000000000167
234 10.000000 10.000000 0.02376659999999999884
235 11.000000 10.000000 0.01739119999999999902
236 8.000000 8.000000 0.02752040000000000042
237 11.000000 10.000000 0.01793619999999999937
238 9.000000 9.000000 0.04775200000000000278
239 10.000000 9.000000 0.01629020000000000121
240 9.000000 9.000000 0.01917359999999999898
241 12.000000 10.000000 0.02242579999999999921
242 10.000000 9.000000 0.02341359999999999969
243 9.000000 9.000000 0.02165150000000000061
244 8.000000 8.000000 0.03457679999999999781
245 12.000000 9.000000 0.02473660000000000095
246 8.000000 8.000000 0.02550940000000000152
247 9.000000 9.000000 0.03418439999999999673
248 10.000000 9.000000 0.03167230000000000045
249 8.000000 8.000000 0.01534300000000000073
250 9.000000 9.000000 0.02747959999999999986
251 10.000000 9.000000 0.01618119999999999975
252 10.000000 10.000000 0.02315619999999999831
253 10.000000 10.000000 0.04461180000000000007
254 8.000000 8.000000 0.01641899999999999957
255 10.000000 9.000000 0.02254979999999999832
256 12.000000 10.000000 0.02184749999999999887
257 8.000000 8.000000 0.01833080000000000126
258 10.000000 9.000000 0.01833869999999999945
259 9.000000 9.000000 0.02820529999999999912
260 11.000000 10.000000 0.01983280000000000112
261 10.000000 9.000000 0.02010239999999999944
262 11.000000 10.000000 0.01708629999999999871
263 10.000000 9.000000 0.01617029999999999856
264 11.000000 9.000000 0.04325280000000000097
265 9.000000 9.000000 0.03629969999999999725
266 10.000000 10.000000 0.01472970000000000008
267 10.000000 10.000000 0.03745480000000000337
268 9.000000 9.000000 0.01614720000000000044
269 9.000000 9.000000 0.03469749999999999918
270 11.000000 9.000000 0.02982479999999999853
271 10.000000 10.000000 0.01577769999999999867
272 9.000000 9.000000 0.05204179999999999917
273 10.000000 9.000000 0.01899850000000000150
274 9.000000 9.000000 0.05414220000000000144
275 11.000000 10.000000 0.03179309999999999775
276 10.000000 10.000000 0.02952379999999999935
277 12.000000 10.000000 0.06516979999999999995
278 10.000000 10.000000 0.08610289999999999611
279 8.000000 8.000000 0.01538330000000000079
280 10.000000 10.000000 0.07589809999999999612
281 10.000000 9.000000 0.01567810000000000037
282 11.000000 10.000000 0.01552609999999999928
283 8.000000 8.000000 0.04471490000000000187
284 11.000000 9.000000 0.01788649999999999962
285 10.000000 9.000000 0.01834670000000000051
286 10.000000 9.000000 0.01868799999999999975
287 12.000000 10.000000 0.01665410000000000154
288 9.000000 9.000000 0.01693870000000000098
289 9.000000 9.000000 0.01830970000000000167
290 13.000000 10.000000 0.01457929999999999990
291 11.000000 9.000000 0.02024739999999999873
292 8.000000 8.000000 0.01386199999999999932
293 10.000000 9.000000 0.01938029999999999961
294 9.000000 9.000000 0.01802770000000000067
295 8.000000 8.000000 0.02064589999999999828
296 11.000000 10.000000 0.01877099999999999949
297 8.000000 8.000000 0.02371159999999999934
298 10.000000 9.000000 0.02019790000000000127
299 9.000000 9.000000 0.01820139999999999952
300 10.000000 10.000000 0.02099010000000000112
301 9.000000 9.000000 0.01871820000000000081
302 10.000000 9.000000 0.01759530000000000122
303 11.000000 10.000000 0.02083230000000000151
304 9.000000 9.000000 0.01775720000000000076
305 10.000000 9.000000 0.02251299999999999829
306 11.000000 9.000000 0.06082959999999999756
307 9.000000 9.000000 0.01803959999999999939
308 9.000000 9.000000 0.02367119999999999988
309 8.000000 8.000000 0.04193770000000000137
310 10.000000 10.000000 0.02063349999999999906
311 9.000000 9.000000 0.02043489999999999890
312 10.000000 9.000000 0.02231479999999999922
313 8.000000 8.000000 0.02068959999999999896
314 8.000000 8.000000 0.01793430000000000024
315 9.000000 9.000000 0.01742089999999999958
316 11.000000 9.000000 0.01869370000000000059
317 10.000000 10.000000 0.02213990000000000055
318 8.000000 8.000000 0.01713809999999999986
319 9.000000 9.000000 0.02128549999999999887
320 9.000000 9.000000 0.01694309999999999913
321 9.000000 9.000000 0.01645059999999999925
322 11.000000 10.000000 0.01700259999999999966
323 9.000000 9.000000 0.01919430000000000094
324 9.000000 9.000000 0.01529819999999999965
325 10.000000 9.000000 0.04067780000000000007
326 11.000000 9.000000 0.01625129999999999977
327 9.000000 9.000000 0.01634189999999999948
328 10.000000 10.000000 0.01978939999999999866
329 9.000000 9.000000 0.01678639999999999993
330 12.000000 10.000000 0.01485599999999999941
331 9.000000 9.000000 0.01783509999999999956
332 10.000000 9.000000 0.01559720000000000030
333 8.000000 8.000000 0.02062620000000000078
334 12.000000 10.000000 0.01676369999999999943
335 11.000000 10.000000 0.02263110000000000122
336 13.000000 10.000000 0.01883809999999999998
337 8.000000 8.000000 0.01702750000000000097
338 10.000000 9.000000 0.01749720000000000095
339 9.000000 9.000000 0.02260219999999999937
340 10.000000 10.000000 0.02484520000000000131
341 8.000000 8.000000 0.02577130000000000046
342 11.000000 9.000000 0.01651990000000000056
343 8.000000 8.000000 0.01605820000000000164
344 9.000000 9.000000 0.01785499999999999934
345 8.000000 8.000000 0.01582700000000000079
346 11.000000 10.000000 0.01362960000000000040
347 11.000000 9.000000 0.01566210000000000171
348 11.000000 9.000000 0.01332219999999999932
349 8.000000 8.000000 0.01650820000000000065
350 12.000000 9.000000 0.01639890000000000098
351 9.000000 9.000000 0.01526429999999999974
352 8.000000 8.000000 0.01448430000000000030
353 8.000000 8.000000 0.01557640000000000066
354 8.000000 8.000000 0.01658509999999999845
355 9.000000 9.000000 0.01441929999999999948
356 10.000000 9.000000 0.00965940000000000028
357 10.000000 10.000000 0.01051060000000000015
358 11.000000 9.000000 0.01571070000000000105
359 10.000000 9.000000 0.01590509999999999841
360 9.000000 9.000000 0.01800279999999999936
361 10.000000 10.000000 0.01727029999999999885
362 8.000000 8.000000 0.01725099999999999897
363 10.000000 10.000000 0.01493640000000000072
364 8.000000 8.000000 0.01149529999999999996
365 10.000000 9.000000 0.01207779999999999965
366 8.000000 8.000000 0.01199859999999999989
367 10.000000 9.000000 0.01281999999999999980
368 12.000000 10.000000 0.01672289999999999888
369 10.000000 9.000000 0.01011390000000000032
370 10.000000 9.000000 0.01392479999999999933
371 10.000000 9.000000 0.01558310000000000077
372 9.000000 9.000000 0.01668520000000000073
373 11.000000 10.000000 0.01420850000000000064
374 13.000000 10.000000 0.01063369999999999940
375 9.000000 9.000000 0.01257430000000000006
376 11.000000 9.000000 0.00902700000000000030
377 9.000000 9.000000 0.01533789999999999980
378 9.000000 9.000000 0.01447999999999999982
379 10.000000 9.000000 0.01293960000000000075
380 11.000000 9.000000 0.01012550000000000082
381 11.000000 10.000000 0.01318989999999999919
382 10.000000 10.000000 0.01157039999999999978
383 12.000000 10.000000 0.00842090000000000026
384 12.000000 10.000000 0.00808140000000000074
385 13.000000 10.000000 0.01040519999999999987
386 10.000000 10.000000 0.01069690000000000051
387 9.000000 9.000000 0.00985630000000000013
388 8.000000 8.000000 0.01167639999999999997
389 9.000000 9.000000 0.00911969999999999968
390 10.000000 10.000000 0.00811979999999999993
391 10.000000 9.000000 0.00994620000000000053
392 12.000000 10.000000 0.00850889999999999980
393 12.000000 9.000000 0.00819469999999999921
394 10.000000 10.000000 0.00787979999999999930
395 9.000000 9.000000 0.00732010000000000039
396 9.000000 9.000000 0.00927739999999999988
397 10.000000 9.000000 0.00878469999999999945
398 9.000000 9.000000 0.01175909999999999976
399 11.000000 10.000000 0.01194420000000000030
400 9.000000 9.000000 0.01259200000000000076
401 9.000000 9.000000 0.01559619999999999930
402 10.000000 9.000000 0.01340700000000000051
403 10.000000 9.000000 0.00953009999999999968
404 9.000000 9.000000 0.01209170000000000036
405 12.000000 10.000000 0.01039660000000000063
406 9.000000 9.000000 0.01029210000000000021
407 10.000000 9.000000 0.01290879999999999979
408 11.000000 10.000000 0.00987689999999999922
409 8.000000 8.000000 0.00903130000000000079
410 9.000000 9.000000 0.01478269999999999931
411 9.000000 9.000000 0.01380679999999999928
412 10.000000 9.000000 0.01517529999999999921
413 9.000000 9.000000 0.01685460000000000083
414 9.000000 9.000000 0.01419809999999999996
415 9.000000 9.000000 0.01157700000000000048
416 8.000000 8.000000 0.01189989999999999971
417 9.000000 9.000000 0.01100729999999999938
418 9.000000 9.000000 0.01153679999999999983
419 12.000000 10.000000 0.00919580000000000050
420 11.000000 10.000000 0.00901809999999999938
