1 114.000000 101.000000 1.11438280000000000669
2 90.000000 64.000000 1.89856040000000003687
3 142.000000 113.000000 0.81075109999999994681
4 132.000000 105.000000 0.86461790000000005030
5 106.000000 82.000000 1.06771360000000004042
6 95.000000 84.000000 1.10297760000000000247
7 77.000000 68.000000 0.55702750000000000874
8 87.000000 80.000000 0.91295090000000000963
9 111.000000 94.000000 0.37356729999999999103
10 99.000000 76.000000 1.25070809999999998929
11 132.000000 109.000000 0.56674630000000003616
12 124.000000 100.000000 1.00699220000000000397
13 150.000000 121.000000 0.42037249999999998229
14 145.000000 110.000000 0.54396049999999995794
15 150.000000 124.000000 0.76599260000000002346
16 108.000000 93.000000 0.39594649999999997902
17 95.000000 83.000000 0.63695539999999994940
18 153.000000 128.000000 0.34176060000000002548
19 129.000000 117.000000 0.88432500000000002771
20 117.000000 95.000000 0.76206629999999997427
21 120.000000 104.000000 0.49058079999999998355
22 121.000000 91.000000 0.90133909999999994866
23 126.000000 108.000000 0.86031880000000005015
24 156.000000 130.000000 0.49974180000000001378
25 79.000000 58.000000 1.58634370000000002321
26 111.000000 89.000000 0.66106819999999999471
27 123.000000 110.000000 0.79825380000000001335
28 114.000000 93.000000 0.70255029999999996093
29 133.000000 112.000000 0.63993259999999996257
30 139.000000 114.000000 0.91803789999999996230
31 101.000000 84.000000 1.56203150000000001718
32 127.000000 104.000000 0.67498029999999997752
33 122.000000 106.000000 1.02657280000000006304
34 127.000000 106.000000 1.02616939999999989830
35 117.000000 93.000000 0.90164440000000001252
36 67.000000 58.000000 1.26753530000000003142
37 104.000000 86.000000 0.94026670000000001082
38 92.000000 84.000000 1.16156370000000008780
39 188.000000 141.000000 0.44184539999999999926
40 216.000000 171.000000 0.39610960000000000614
41 131.000000 107.000000 0.85174700000000003186
42 95.000000 74.000000 0.96599919999999994680
43 111.000000 87.000000 0.74506969999999994592
44 85.000000 71.000000 1.29333009999999992701
45 114.000000 101.000000 0.71847459999999996327
46 114.000000 89.000000 0.89109979999999999745
47 79.000000 63.000000 0.96917880000000000695
48 144.000000 114.000000 0.62978820000000002022
49 98.000000 76.000000 0.75332169999999998300
50 97.000000 84.000000 1.06548350000000002780
51 146.000000 111.000000 0.43644610000000000349
52 78.000000 71.000000 0.72321970000000002088
53 104.000000 85.000000 1.28195159999999996892
54 116.000000 94.000000 1.06452740000000001253
55 93.000000 79.000000 0.95799630000000002283
56 121.000000 98.000000 1.65523029999999993223
57 102.000000 80.000000 0.70138809999999995881
58 98.000000 73.000000 1.07591799999999992998
59 120.000000 95.000000 0.67919430000000002856
60 115.000000 93.000000 1.07193739999999992918
61 161.000000 131.000000 0.37034390000000000365
62 91.000000 74.000000 1.73023959999999998871
63 133.000000 113.000000 0.60806629999999994851
64 96.000000 79.000000 1.65512090000000000600
65 187.000000 147.000000 1.00118280000000003938
66 80.000000 70.000000 1.01170549999999992430
67 87.000000 74.000000 1.26328449999999992137
68 93.000000 76.000000 0.97909190000000001497
69 163.000000 134.000000 0.43940960000000001129
70 127.000000 101.000000 0.93825069999999999304
71 138.000000 107.000000 0.68286970000000002390
72 149.000000 120.000000 0.61267269999999995900
73 77.000000 66.000000 0.60718879999999997299
74 126.000000 104.000000 0.61616040000000005250
75 100.000000 89.000000 1.38263939999999996289
76 119.000000 97.000000 0.81205329999999997792
77 111.000000 84.000000 2.37776630000000022136
78 90.000000 79.000000 0.61327299999999995705
79 143.000000 119.000000 0.48526750000000001828
80 183.000000 138.000000 2.78352550000000009689
81 102.000000 79.000000 0.79115970000000002127
82 125.000000 95.000000 0.65762169999999997572
83 135.000000 119.000000 0.34296409999999999396
84 91.000000 79.000000 0.85366200000000003190
85 95.000000 76.000000 2.47829610000000011283
86 107.000000 93.000000 1.06176160000000008310
87 172.000000 134.000000 0.43303819999999998425
88 161.000000 125.000000 0.51049590000000000245
89 157.000000 127.000000 0.81221849999999995440
90 99.000000 77.000000 0.60779340000000003919
91 117.000000 90.000000 0.99947289999999999743
92 101.000000 94.000000 0.65517760000000002663
93 84.000000 71.000000 0.94317189999999995198
94 101.000000 81.000000 0.55044389999999998597
95 179.000000 136.000000 0.44347469999999999946
96 131.000000 110.000000 0.47395860000000000767
97 86.000000 70.000000 1.25817080000000003359
98 103.000000 87.000000 0.89988679999999998671
99 116.000000 85.000000 0.34305859999999999133
100 95.000000 86.000000 0.89175760000000003913
101 132.000000 108.000000 0.32249020000000000463
102 118.000000 101.000000 0.66383769999999997502
103 69.000000 58.000000 1.42294800000000010165
104 107.000000 89.000000 1.23862359999999993576
105 60.000000 47.000000 1.02917009999999997660
106 82.000000 69.000000 1.00293600000000004968
107 115.000000 95.000000 0.82217039999999996791
108 93.000000 76.000000 0.59846619999999994821
109 193.000000 153.000000 0.29773050000000000903
110 136.000000 105.000000 0.93113310000000004685
111 130.000000 105.000000 0.92819730000000000292
112 181.000000 148.000000 0.48358279999999997933
113 133.000000 111.000000 0.90600040000000003904
114 74.000000 63.000000 0.77345229999999998149
115 129.000000 114.000000 0.69085140000000000438
116 122.000000 104.000000 0.68528060000000001750
117 90.000000 74.000000 0.54577909999999996149
118 108.000000 90.000000 0.69708650000000005331
119 140.000000 116.000000 0.46321639999999997261
120 112.000000 93.000000 0.70918510000000001270
121 141.000000 107.000000 0.92526770000000002625
122 107.000000 88.000000 0.86150110000000001964
123 127.000000 105.000000 0.37881310000000001370
124 132.000000 112.000000 0.99428380000000005090
125 95.000000 80.000000 1.52606620000000003934
126 100.000000 73.000000 1.09783429999999992965
127 161.000000 119.000000 1.04697499999999998899
128 135.000000 112.000000 0.58584480000000005440
129 97.000000 81.000000 1.11005580000000003693
130 104.000000 83.000000 0.56914830000000005139
131 88.000000 76.000000 0.84737090000000003798
132 71.000000 61.000000 1.01094660000000002853
133 109.000000 92.000000 0.81968730000000000757
134 120.000000 98.000000 0.57718789999999997598
135 74.000000 67.000000 0.65272790000000002753
136 144.000000 112.000000 0.62362099999999998090
137 59.000000 55.000000 1.01359979999999993971
138 88.000000 76.000000 0.87576690000000001479
139 137.000000 108.000000 0.38645170000000000909
140 98.000000 76.000000 0.99398560000000002468
141 158.000000 127.000000 1.20637180000000010516
142 86.000000 75.000000 0.81248290000000000788
143 104.000000 84.000000 0.68734019999999995676
144 115.000000 91.000000 1.84188170000000006610
145 135.000000 105.000000 1.24279530000000004719
146 84.000000 74.000000 0.89667289999999999495
147 110.000000 85.000000 0.51884929999999995776
148 101.000000 87.000000 0.62653400000000003534
149 120.000000 100.000000 0.84059249999999996472
150 155.000000 121.000000 1.10784839999999995541
151 127.000000 105.000000 0.69455889999999997908
152 161.000000 139.000000 0.88960740000000004812
153 124.000000 98.000000 1.04496250000000001634
154 127.000000 99.000000 0.66612130000000002727
155 122.000000 96.000000 0.61142490000000004891
156 130.000000 102.000000 0.67509419999999997763
157 93.000000 80.000000 0.74319720000000000226
158 177.000000 138.000000 0.19078860000000000263
159 79.000000 65.000000 1.89689599999999991553
160 142.000000 110.000000 0.51728640000000003507
161 114.000000 101.000000 0.54008129999999998638
162 88.000000 72.000000 1.25463419999999992172
163 131.000000 111.000000 0.58003890000000002392
164 70.000000 62.000000 0.89489050000000003315
165 138.000000 103.000000 0.70322819999999996998
166 86.000000 77.000000 0.67137749999999996042
167 99.000000 83.000000 0.75315929999999997602
168 104.000000 88.000000 0.72523369999999998115
169 109.000000 91.000000 0.35168830000000000924
170 209.000000 163.000000 0.28142759999999999998
171 157.000000 122.000000 0.61088759999999997508
172 135.000000 110.000000 0.34704150000000000276
173 151.000000 120.000000 0.72138190000000002033
174 110.000000 85.000000 0.54871870000000000367
175 126.000000 106.000000 0.80547029999999997241
176 116.000000 96.000000 0.61936469999999999025
177 134.000000 116.000000 0.33912399999999998101
178 122.000000 96.000000 1.08619559999999992783
179 131.000000 99.000000 0.61840980000000000949
180 124.000000 93.000000 0.27839049999999998519
181 138.000000 104.000000 0.87768230000000002633
182 113.000000 92.000000 0.59314290000000002845
183 118.000000 90.000000 0.83072100000000004272
184 97.000000 85.000000 0.83088890000000004132
185 135.000000 117.000000 0.53939020000000004185
186 129.000000 109.000000 0.49187160000000001991
187 178.000000 135.000000 0.61557720000000004656
188 147.000000 102.000000 0.48833250000000000268
189 132.000000 102.000000 0.99571940000000003224
190 97.000000 78.000000 0.84120890000000003717
191 86.000000 66.000000 1.21481510000000003657
192 149.000000 110.000000 0.35790359999999998841
193 124.000000 107.000000 0.46017760000000001996
194 132.000000 105.000000 0.74261379999999999058
195 152.000000 117.000000 0.47336810000000001386
196 110.000000 88.000000 1.45820140000000009195
197 161.000000 126.000000 0.41275050000000002015
198 108.000000 86.000000 0.99120099999999999874
199 75.000000 60.000000 0.67721200000000003616
200 74.000000 66.000000 0.60966469999999994833
201 160.000000 118.000000 1.14047049999999994263
202 126.000000 101.000000 0.57185050000000003934
203 77.000000 69.000000 0.87591529999999995226
204 118.000000 102.000000 1.03644770000000008281
205 146.000000 116.000000 0.35551800000000000068
206 118.000000 107.000000 0.62628660000000002661
207 143.000000 111.000000 0.51152149999999996233
208 195.000000 154.000000 0.45721620000000001705
209 93.000000 81.000000 0.84318680000000001407
210 96.000000 81.000000 1.42550799999999999734
211 97.000000 79.000000 0.42870999999999997998
212 94.000000 84.000000 0.45669670000000001098
213 139.000000 110.000000 0.60449699999999995104
214 101.000000 85.000000 0.69729540000000000965
215 144.000000 117.000000 0.38288850000000002050
216 127.000000 107.000000 0.40150229999999997865
217 160.000000 138.000000 0.50556060000000002663
218 146.000000 129.000000 0.34853580000000000672
219 128.000000 97.000000 0.60911749999999997840
220 119.000000 101.000000 0.46596409999999999219
221 95.000000 78.000000 0.74082389999999997965
222 117.000000 100.000000 0.40465760000000000618
223 130.000000 110.000000 1.06128390000000005777
224 142.000000 109.000000 0.49773260000000002501
225 91.000000 76.000000 0.26185229999999998229
226 71.000000 56.000000 0.70304069999999996288
227 165.000000 131.000000 0.61246350000000004954
228 105.000000 92.000000 0.96718910000000002380
229 143.000000 110.000000 0.36093029999999998170
230 86.000000 68.000000 0.97954260000000004105
231 103.000000 83.000000 1.02803360000000010288
232 61.000000 51.000000 0.75468340000000000423
233 101.000000 78.000000 0.80301860000000002682
234 96.000000 84.000000 0.95217450000000003474
235 127.000000 104.000000 0.44272970000000000379
236 131.000000 109.000000 0.52759610000000001229
237 110.000000 85.000000 0.51724460000000005433
238 121.000000 92.000000 0.52292850000000001831
239 82.000000 72.000000 0.59156399999999997874
240 111.000000 94.000000 0.41254980000000002205
241 112.000000 95.000000 0.65944939999999996338
242 113.000000 98.000000 0.38570619999999999905
243 112.000000 93.000000 0.61011919999999997266
244 115.000000 93.000000 1.04547110000000009755
245 114.000000 89.000000 0.81372420000000000861
246 117.000000 94.000000 0.54654879999999994578
247 172.000000 131.000000 0.32996959999999997404
248 129.000000 102.000000 0.51478900000000005210
249 91.000000 77.000000 0.41269010000000000415
250 109.000000 93.000000 0.50276240000000005370
251 118.000000 103.000000 0.48103459999999997887
252 135.000000 106.000000 0.48248449999999998283
253 123.000000 98.000000 1.15167050000000004140
254 164.000000 136.000000 0.38453249999999999931
255 139.000000 109.000000 0.49405640000000000667
256 118.000000 88.000000 0.61197930000000000383
257 107.000000 93.000000 0.42686770000000001657
258 116.000000 104.000000 0.43258930000000000993
259 134.000000 103.000000 0.79906060000000000976
260 114.000000 88.000000 0.56171409999999999396
261 112.000000 93.000000 0.73635229999999995965
262 125.000000 110.000000 1.32609540000000003523
263 111.000000 85.000000 1.52169369999999992693
264 94.000000 74.000000 0.62057850000000003288
265 168.000000 147.000000 0.35995830000000000881
266 110.000000 93.000000 1.24495170000000010546
267 107.000000 88.000000 0.88520889999999996522
268 95.000000 74.000000 0.79042149999999999910
269 90.000000 79.000000 0.82506380000000001385
270 88.000000 75.000000 0.81889440000000002229
271 78.000000 62.000000 0.60283220000000004024
272 89.000000 84.000000 0.48219659999999997524
273 125.000000 104.000000 0.37476219999999998977
274 151.000000 117.000000 1.08830559999999998411
275 96.000000 79.000000 0.40593499999999999028
276 111.000000 100.000000 0.37008279999999998955
277 100.000000 88.000000 0.80138759999999997774
278 149.000000 119.000000 0.28890120000000002465
279 96.000000 88.000000 0.56862319999999999531
280 90.000000 76.000000 0.44293709999999997251
281 83.000000 70.000000 0.60423819999999994756
282 104.000000 94.000000 0.43065199999999997926
283 112.000000 92.000000 0.77976389999999995428
284 79.000000 61.000000 0.42062919999999998089
285 132.000000 98.000000 0.54398369999999995894
286 87.000000 78.000000 0.68833299999999997265
287 121.000000 104.000000 0.31393189999999998596
288 85.000000 75.000000 0.47240690000000001847
289 72.000000 64.000000 0.68202770000000001449
290 150.000000 113.000000 0.26127159999999999274
291 151.000000 125.000000 0.50940770000000001883
292 85.000000 68.000000 0.53940440000000000609
293 101.000000 81.000000 0.59472290000000005428
294 72.000000 60.000000 1.22970920000000005778
295 163.000000 127.000000 0.43278889999999997640
296 59.000000 47.000000 0.63525019999999998710
297 108.000000 85.000000 0.74035519999999999108
298 159.000000 130.000000 0.43113859999999998296
299 86.000000 62.000000 0.61349799999999998779
300 109.000000 88.000000 0.59165619999999996548
301 100.000000 85.000000 0.53818730000000003511
302 150.000000 121.000000 0.34364090000000002689
303 70.000000 69.000000 0.34295330000000001647
304 165.000000 136.000000 0.30425059999999998217
305 125.000000 105.000000 0.46453070000000001860
306 85.000000 64.000000 0.49741669999999998941
307 95.000000 81.000000 0.37278080000000002325
308 156.000000 115.000000 0.19181940000000000102
309 111.000000 87.000000 0.59411510000000000709
310 82.000000 73.000000 0.53446079999999995813
311 151.000000 115.000000 0.25714839999999999920
312 109.000000 89.000000 0.94140469999999998318
313 80.000000 66.000000 0.61189059999999995121
314 136.000000 108.000000 0.32527240000000001707
315 29.000000 26.000000 0.81905890000000003415
316 106.000000 86.000000 0.48585460000000002534
317 91.000000 74.000000 0.46637630000000002140
318 94.000000 75.000000 0.41194619999999998461
319 87.000000 79.000000 0.60795940000000003867
320 160.000000 126.000000 0.30719059999999998034
321 123.000000 104.000000 0.36363550000000000040
322 132.000000 105.000000 0.43137959999999997418
323 109.000000 87.000000 0.91325219999999995846
324 90.000000 80.000000 0.68281199999999997452
325 113.000000 87.000000 0.33235999999999998877
326 105.000000 88.000000 0.24711030000000000495
327 133.000000 101.000000 1.94289350000000005103
328 78.000000 66.000000 0.92672650000000000858
329 215.000000 153.000000 0.48250490000000001434
330 112.000000 89.000000 0.44222749999999999559
331 107.000000 93.000000 0.68673580000000000734
332 137.000000 117.000000 0.60449889999999995016
333 96.000000 78.000000 0.51689759999999995710
334 75.000000 65.000000 0.66455260000000004883
335 131.000000 105.000000 0.32492460000000000786
336 98.000000 86.000000 0.51790910000000001112
337 139.000000 123.000000 0.54309499999999999442
338 83.000000 66.000000 0.70735179999999997502
339 113.000000 97.000000 0.38498040000000000038
340 113.000000 97.000000 0.61258529999999999927
341 97.000000 81.000000 0.19933270000000000155
342 130.000000 106.000000 0.34769349999999998868
343 116.000000 91.000000 0.89020969999999999267
344 111.000000 92.000000 0.56481460000000005550
345 114.000000 97.000000 0.50700140000000004648
346 141.000000 114.000000 0.27784599999999998188
347 154.000000 129.000000 0.24522830000000001016
348 147.000000 112.000000 0.17959100000000000064
349 116.000000 98.000000 0.36341170000000000417
350 147.000000 114.000000 0.46464420000000000721
351 118.000000 98.000000 0.47174959999999999116
352 131.000000 119.000000 0.38555289999999997619
353 134.000000 108.000000 0.27937970000000000859
354 131.000000 104.000000 0.52491270000000000984
355 94.000000 84.000000 0.39075739999999997698
356 145.000000 115.000000 0.42016090000000000382
357 104.000000 95.000000 0.47444079999999999586
358 74.000000 71.000000 0.39529629999999998935
359 140.000000 108.000000 0.53734029999999999294
360 100.000000 81.000000 0.70606489999999999529
361 132.000000 111.000000 0.26203840000000000465
362 170.000000 143.000000 0.96491229999999994504
363 142.000000 116.000000 0.30432749999999997303
364 158.000000 125.000000 0.29294059999999999544
365 146.000000 124.000000 0.17517669999999999075
366 104.000000 81.000000 0.45686690000000002021
367 95.000000 81.000000 0.49497869999999999369
368 101.000000 78.000000 0.41161700000000001065
369 91.000000 78.000000 0.55808539999999995374
370 148.000000 111.000000 0.31513659999999998895
371 106.000000 80.000000 0.30802580000000001625
372 153.000000 118.000000 0.46269900000000002693
373 139.000000 114.000000 0.38118319999999999981
374 132.000000 105.000000 0.22289100000000000579
375 112.000000 94.000000 0.36714089999999999225
376 109.000000 89.000000 0.39359189999999999454
377 108.000000 79.000000 1.35001689999999996417
378 98.000000 78.000000 0.83536980000000005120
379 175.000000 138.000000 0.20348389999999999533
380 170.000000 143.000000 0.29057339999999998170
381 101.000000 91.000000 0.40763519999999997534
382 70.000000 63.000000 0.61070020000000002636
383 79.000000 72.000000 0.42643019999999998149
384 129.000000 105.000000 0.30320900000000000629
385 101.000000 86.000000 0.25458150000000001612
386 154.000000 127.000000 0.21991840000000001387
387 114.000000 99.000000 0.47631760000000000765
388 160.000000 118.000000 0.25590180000000001259
389 104.000000 86.000000 1.36116389999999998217
390 99.000000 75.000000 1.91844670000000006027
391 146.000000 136.000000 0.38044580000000000064
392 98.000000 68.000000 0.89582629999999996429
393 118.000000 107.000000 0.80708659999999998735
394 124.000000 99.000000 0.36365579999999997352
395 118.000000 97.000000 1.01476849999999996221
396 48.000000 45.000000 0.73900169999999998360
397 90.000000 78.000000 0.42535610000000001474
398 91.000000 76.000000 0.50622780000000000555
399 117.000000 101.000000 0.40388859999999998651
400 133.000000 113.000000 0.35212609999999999744
401 111.000000 91.000000 0.38779259999999998731
402 175.000000 142.000000 3.18770750000000013813
403 89.000000 75.000000 0.53233379999999996812
404 113.000000 94.000000 0.42663020000000001497
405 70.000000 58.000000 0.51118949999999996336
406 111.000000 94.000000 0.30428539999999998367
407 73.000000 63.000000 0.51648400000000005416
408 95.000000 82.000000 0.60711879999999995849
409 90.000000 78.000000 1.11369089999999992813
410 160.000000 126.000000 0.27600289999999999546
411 160.000000 126.000000 0.16414650000000000074
412 158.000000 121.000000 2.75711690000000020362
413 125.000000 110.000000 0.28768460000000001253
414 179.000000 149.000000 0.39098169999999998758
415 135.000000 112.000000 0.45560289999999997734
416 78.000000 71.000000 0.40541830000000000922
417 98.000000 77.000000 0.68714480000000000004
418 145.000000 119.000000 0.40626099999999998325
419 169.000000 139.000000 0.29292259999999997744
420 117.000000 102.000000 0.18754970000000001362
