1 12.000000 11.000000 0.34672880000000000367
2 10.000000 10.000000 0.11974410000000000609
3 12.000000 10.000000 0.07996330000000000104
4 13.000000 10.000000 0.04010940000000000338
5 9.000000 9.000000 0.06995909999999999629
6 12.000000 10.000000 0.09630020000000000246
7 11.000000 10.000000 0.06677669999999999439
8 12.000000 11.000000 0.05320649999999999685
9 11.000000 11.000000 0.02334330000000000085
10 12.000000 10.000000 0.02108109999999999845
11 13.000000 11.000000 0.01985929999999999987
12 11.000000 10.000000 0.01720390000000000114
13 12.000000 11.000000 0.01579639999999999864
14 11.000000 10.000000 0.02111980000000000107
15 9.000000 9.000000 0.02189079999999999845
16 13.000000 11.000000 0.03157279999999999809
17 9.000000 9.000000 0.11995519999999999794
18 11.000000 10.000000 0.03321310000000000234
19 11.000000 10.000000 0.07870180000000000231
20 11.000000 11.000000 0.02036280000000000034
21 9.000000 9.000000 0.08030679999999999763
22 11.000000 11.000000 0.03280410000000000270
23 12.000000 11.000000 0.01996919999999999945
24 10.000000 10.000000 0.02043949999999999934
25 9.000000 9.000000 0.11234089999999999354
26 10.000000 10.000000 0.02545379999999999865
27 9.000000 9.000000 0.04158690000000000303
28 10.000000 10.000000 0.03447990000000000083
29 13.000000 11.000000 0.07858080000000000620
30 10.000000 10.000000 0.02662919999999999870
31 11.000000 11.000000 0.02238669999999999896
32 11.000000 10.000000 0.10548540000000000694
33 9.000000 9.000000 0.04487010000000000304
34 13.000000 11.000000 0.07937579999999999636
35 11.000000 11.000000 0.06940399999999999348
36 10.000000 10.000000 0.05396990000000000121
37 9.000000 9.000000 0.07549469999999999792
38 9.000000 9.000000 0.06794429999999999914
39 9.000000 9.000000 0.02554489999999999886
40 9.000000 9.000000 0.02305979999999999835
41 10.000000 10.000000 0.02328900000000000067
42 12.000000 10.000000 0.01724859999999999935
43 13.000000 11.000000 0.02290719999999999909
44 10.000000 10.000000 0.02700460000000000013
45 13.000000 11.000000 0.02284320000000000100
46 11.000000 10.000000 0.02104889999999999886
47 11.000000 10.000000 0.01947919999999999860
48 12.000000 11.000000 0.01836379999999999957
49 10.000000 10.000000 0.02558850000000000013
50 11.000000 10.000000 0.01651999999999999996
51 10.000000 10.000000 0.01925719999999999862
52 11.000000 10.000000 0.01840630000000000044
53 14.000000 11.000000 0.02677929999999999894
54 10.000000 10.000000 0.11612169999999999437
55 10.000000 10.000000 0.14145309999999999828
56 12.000000 11.000000 0.02195880000000000054
57 13.000000 11.000000 0.01752710000000000032
58 9.000000 9.000000 0.01711000000000000021
59 9.000000 9.000000 0.02085019999999999929
60 10.000000 10.000000 0.01755960000000000160
61 10.000000 10.000000 0.02665580000000000033
62 11.000000 10.000000 0.02137779999999999889
63 10.000000 10.000000 0.01784289999999999835
64 10.000000 10.000000 0.02208709999999999840
65 10.000000 10.000000 0.02156749999999999987
66 11.000000 10.000000 0.02178149999999999878
67 13.000000 11.000000 0.01688069999999999848
68 10.000000 10.000000 0.01900659999999999850
69 10.000000 10.000000 0.08706440000000000012
70 12.000000 10.000000 0.11620550000000000324
71 12.000000 11.000000 0.07977080000000000282
72 13.000000 11.000000 0.04977360000000000118
73 9.000000 9.000000 0.01852420000000000108
74 12.000000 11.000000 0.01747049999999999992
75 12.000000 11.000000 0.01896439999999999931
76 10.000000 10.000000 0.02038420000000000162
77 12.000000 11.000000 0.02763289999999999844
78 9.000000 9.000000 0.01948990000000000097
79 13.000000 11.000000 0.01963579999999999839
80 10.000000 10.000000 0.02543159999999999865
81 10.000000 10.000000 0.02464380000000000043
82 11.000000 11.000000 0.02068129999999999968
83 11.000000 11.000000 0.02476690000000000141
84 13.000000 10.000000 0.07576070000000000026
85 9.000000 9.000000 0.05555439999999999684
86 11.000000 10.000000 0.02351479999999999890
87 11.000000 11.000000 0.06462220000000000464
88 11.000000 10.000000 0.05540939999999999754
89 11.000000 10.000000 0.01943630000000000010
90 12.000000 11.000000 0.01924479999999999941
91 12.000000 11.000000 0.02132370000000000099
92 9.000000 9.000000 0.02902829999999999994
93 11.000000 11.000000 0.02222810000000000064
94 11.000000 11.000000 0.02083029999999999951
95 11.000000 11.000000 0.02229959999999999928
96 9.000000 9.000000 0.02028690000000000007
97 14.000000 11.000000 0.01752700000000000091
98 12.000000 11.000000 0.01641470000000000082
99 12.000000 11.000000 0.01929010000000000100
100 11.000000 11.000000 0.02555500000000000133
101 13.000000 11.000000 0.02143799999999999872
102 10.000000 10.000000 0.01945879999999999832
103 11.000000 10.000000 0.01629830000000000167
104 11.000000 10.000000 0.01703939999999999969
105 12.000000 11.000000 0.01760350000000000109
106 12.000000 11.000000 0.02533660000000000079
107 10.000000 10.000000 0.01697370000000000129
108 11.000000 11.000000 0.01776180000000000120
109 10.000000 10.000000 0.01905799999999999855
110 12.000000 11.000000 0.09553409999999999680
111 11.000000 11.000000 0.13312899999999999734
112 13.000000 11.000000 0.13628360000000000474
113 10.000000 10.000000 0.13428760000000000696
114 10.000000 10.000000 0.11103979999999999406
115 12.000000 11.000000 0.01529259999999999994
116 12.000000 11.000000 0.01910890000000000158
117 11.000000 11.000000 0.01928119999999999834
118 9.000000 9.000000 0.02193749999999999867
119 11.000000 10.000000 0.13943520000000000914
120 11.000000 10.000000 0.15647089999999999610
121 13.000000 11.000000 0.01737059999999999993
122 12.000000 11.000000 0.02303020000000000067
123 11.000000 11.000000 0.13788890000000000868
124 11.000000 11.000000 0.01744180000000000036
125 9.000000 9.000000 0.02095949999999999896
126 13.000000 11.000000 0.01780690000000000051
127 11.000000 11.000000 0.02322549999999999962
128 9.000000 9.000000 0.01865500000000000144
129 9.000000 9.000000 0.02001700000000000007
130 10.000000 10.000000 0.02202420000000000072
131 11.000000 11.000000 0.02506919999999999982
132 9.000000 9.000000 0.02583409999999999873
133 10.000000 10.000000 0.02436050000000000021
134 10.000000 10.000000 0.02717520000000000005
135 10.000000 10.000000 0.02115059999999999857
136 10.000000 10.000000 0.02040300000000000100
137 9.000000 9.000000 0.02395490000000000119
138 14.000000 11.000000 0.01987219999999999959
139 12.000000 11.000000 0.01874759999999999968
140 10.000000 10.000000 0.02231990000000000016
141 11.000000 10.000000 0.01922640000000000113
142 9.000000 9.000000 0.12861590000000000522
143 9.000000 9.000000 0.14088370000000000060
144 9.000000 9.000000 0.14923819999999998753
145 9.000000 9.000000 0.01747390000000000054
146 10.000000 10.000000 0.01707969999999999974
147 9.000000 9.000000 0.01917169999999999985
148 12.000000 10.000000 0.01704980000000000037
149 11.000000 11.000000 0.02516830000000000109
150 10.000000 10.000000 0.02047790000000000027
151 10.000000 10.000000 0.01845810000000000159
152 10.000000 10.000000 0.01660369999999999902
153 10.000000 10.000000 0.01966060000000000030
154 12.000000 11.000000 0.01688059999999999908
155 12.000000 10.000000 0.01831030000000000157
156 11.000000 10.000000 0.02391389999999999835
157 11.000000 11.000000 0.01866050000000000000
158 10.000000 10.000000 0.01908359999999999917
159 10.000000 10.000000 0.12425579999999999958
160 9.000000 9.000000 0.13529759999999999009
161 10.000000 10.000000 0.12628739999999999410
162 11.000000 10.000000 0.13652329999999998633
163 13.000000 11.000000 0.13270909999999999651
164 11.000000 10.000000 0.12484000000000000652
165 9.000000 9.000000 0.10436429999999999318
166 10.000000 10.000000 0.10740579999999999572
167 13.000000 11.000000 0.01575489999999999877
168 12.000000 10.000000 0.01906079999999999927
169 12.000000 11.000000 0.02671640000000000126
170 11.000000 10.000000 0.01749749999999999917
171 11.000000 11.000000 0.01630770000000000136
172 11.000000 10.000000 0.09958799999999999597
173 10.000000 10.000000 0.10734670000000000323
174 11.000000 10.000000 0.01706739999999999993
175 9.000000 9.000000 0.03390230000000000327
176 11.000000 11.000000 0.06493759999999999810
177 11.000000 11.000000 0.04985069999999999779
178 9.000000 9.000000 0.04860539999999999999
179 10.000000 10.000000 0.02853800000000000087
180 14.000000 11.000000 0.04802700000000000025
181 12.000000 11.000000 0.05351070000000000132
182 10.000000 10.000000 0.03616690000000000182
183 10.000000 10.000000 0.04590930000000000011
184 11.000000 10.000000 0.02137630000000000086
185 10.000000 10.000000 0.01771539999999999920
186 10.000000 10.000000 0.01987339999999999940
187 12.000000 10.000000 0.04248860000000000137
188 11.000000 11.000000 0.01795839999999999936
189 12.000000 11.000000 0.02681209999999999843
190 13.000000 11.000000 0.01898290000000000047
191 11.000000 10.000000 0.01828099999999999864
192 12.000000 11.000000 0.01865999999999999950
193 9.000000 9.000000 0.01737560000000000146
194 10.000000 10.000000 0.01936639999999999889
195 12.000000 11.000000 0.01985900000000000165
196 11.000000 10.000000 0.02725110000000000032
197 11.000000 10.000000 0.03637440000000000118
198 10.000000 10.000000 0.02033110000000000125
199 10.000000 10.000000 0.01659360000000000002
200 9.000000 9.000000 0.01900589999999999918
201 10.000000 10.000000 0.02275690000000000004
202 13.000000 11.000000 0.01566359999999999975
203 9.000000 9.000000 0.01707909999999999984
204 10.000000 10.000000 0.01668750000000000094
205 12.000000 11.000000 0.02168859999999999885
206 11.000000 10.000000 0.02004900000000000085
207 12.000000 11.000000 0.03280059999999999920
208 11.000000 10.000000 0.01898489999999999900
209 9.000000 9.000000 0.02418309999999999904
210 11.000000 10.000000 0.02236679999999999918
211 12.000000 10.000000 0.02365079999999999960
212 11.000000 11.000000 0.01803839999999999957
213 10.000000 10.000000 0.01777919999999999848
214 11.000000 11.000000 0.01822920000000000096
215 12.000000 11.000000 0.01739610000000000115
216 14.000000 11.000000 0.01793579999999999827
217 12.000000 11.000000 0.01768070000000000058
218 13.000000 11.000000 0.02366700000000000054
219 11.000000 11.000000 0.02041379999999999931
220 12.000000 11.000000 0.02665860000000000105
221 12.000000 11.000000 0.02503719999999999904
222 11.000000 11.000000 0.02156879999999999908
223 12.000000 11.000000 0.01693360000000000004
224 11.000000 11.000000 0.02263899999999999940
225 13.000000 11.000000 0.01657830000000000067
226 11.000000 11.000000 0.02191330000000000014
227 10.000000 10.000000 0.01724399999999999891
228 9.000000 9.000000 0.01697800000000000004
229 11.000000 11.000000 0.01933829999999999924
230 12.000000 11.000000 0.01738879999999999940
231 11.000000 10.000000 0.01728050000000000072
232 10.000000 10.000000 0.01696299999999999891
233 9.000000 9.000000 0.02924879999999999841
234 9.000000 9.000000 0.02830279999999999949
235 12.000000 10.000000 0.02327689999999999967
236 10.000000 10.000000 0.02799130000000000021
237 11.000000 11.000000 0.01902200000000000071
238 11.000000 10.000000 0.02172819999999999960
239 10.000000 10.000000 0.01716339999999999880
240 11.000000 11.000000 0.02285039999999999988
241 10.000000 10.000000 0.01932820000000000024
242 12.000000 10.000000 0.01899730000000000169
243 13.000000 11.000000 0.02167060000000000167
244 12.000000 11.000000 0.01964909999999999921
245 13.000000 11.000000 0.02940419999999999839
246 11.000000 11.000000 0.01666120000000000101
247 11.000000 10.000000 0.02086400000000000060
248 10.000000 10.000000 0.02780260000000000023
249 11.000000 11.000000 0.01545799999999999952
250 11.000000 11.000000 0.02035669999999999841
251 12.000000 11.000000 0.02189369999999999858
252 13.000000 11.000000 0.01797189999999999899
253 9.000000 9.000000 0.02209979999999999931
254 10.000000 10.000000 0.01993059999999999971
255 13.000000 11.000000 0.02512460000000000040
256 11.000000 11.000000 0.01622840000000000046
257 11.000000 10.000000 0.02704789999999999972
258 11.000000 10.000000 0.01873949999999999921
259 11.000000 11.000000 0.02694660000000000111
260 10.000000 10.000000 0.02889200000000000101
261 12.000000 11.000000 0.02185820000000000124
262 10.000000 10.000000 0.02369370000000000157
263 11.000000 10.000000 0.02202149999999999941
264 11.000000 10.000000 0.02488889999999999852
265 10.000000 10.000000 0.02003279999999999991
266 10.000000 10.000000 0.02286250000000000088
267 11.000000 11.000000 0.02002380000000000132
268 10.000000 10.000000 0.02289000000000000062
269 9.000000 9.000000 0.01975460000000000063
270 10.000000 10.000000 0.01885200000000000070
271 9.000000 9.000000 0.02049219999999999861
272 10.000000 10.000000 0.02282939999999999969
273 12.000000 11.000000 0.03196979999999999961
274 9.000000 9.000000 0.01902380000000000043
275 11.000000 10.000000 0.01835600000000000079
276 10.000000 10.000000 0.03984399999999999747
277 13.000000 11.000000 0.02076139999999999930
278 11.000000 10.000000 0.01823119999999999949
279 10.000000 10.000000 0.01817010000000000153
280 10.000000 10.000000 0.02610080000000000039
281 10.000000 10.000000 0.01894730000000000025
282 10.000000 10.000000 0.02150619999999999962
283 12.000000 11.000000 0.02155579999999999996
284 9.000000 9.000000 0.01847649999999999987
285 11.000000 10.000000 0.02249639999999999973
286 10.000000 10.000000 0.01723190000000000138
287 9.000000 9.000000 0.01778209999999999860
288 10.000000 10.000000 0.03519329999999999681
289 11.000000 11.000000 0.02033570000000000169
290 10.000000 10.000000 0.02078959999999999836
291 11.000000 10.000000 0.02127810000000000118
292 12.000000 11.000000 0.01896750000000000172
293 11.000000 10.000000 0.02017240000000000005
294 10.000000 10.000000 0.01959680000000000102
295 9.000000 9.000000 0.02866780000000000023
296 10.000000 10.000000 0.01895679999999999935
297 10.000000 10.000000 0.02219259999999999983
298 12.000000 11.000000 0.02343330000000000066
299 12.000000 11.000000 0.02900120000000000128
300 11.000000 11.000000 0.03301099999999999868
301 10.000000 10.000000 0.02003749999999999976
302 11.000000 11.000000 0.01712949999999999889
303 9.000000 9.000000 0.02465780000000000055
304 11.000000 11.000000 0.02121160000000000059
305 12.000000 11.000000 0.03355389999999999762
306 13.000000 11.000000 0.02010529999999999956
307 10.000000 10.000000 0.03163320000000000021
308 13.000000 11.000000 0.02137170000000000042
309 10.000000 10.000000 0.01961529999999999871
310 12.000000 11.000000 0.01877600000000000102
311 11.000000 10.000000 0.01875289999999999943
312 9.000000 9.000000 0.02577339999999999839
313 9.000000 9.000000 0.02031530000000000141
314 10.000000 10.000000 0.01705330000000000040
315 13.000000 11.000000 0.01705310000000000159
316 11.000000 10.000000 0.01815529999999999922
317 12.000000 11.000000 0.01691540000000000057
318 10.000000 10.000000 0.01864410000000000026
319 12.000000 11.000000 0.01567939999999999959
320 13.000000 11.000000 0.01566940000000000000
321 10.000000 10.000000 0.01804359999999999992
322 14.000000 11.000000 0.01829760000000000067
323 13.000000 11.000000 0.01569159999999999999
324 13.000000 10.000000 0.01855810000000000098
325 10.000000 10.000000 0.01826370000000000077
326 11.000000 10.000000 0.01744719999999999951
327 11.000000 11.000000 0.01975750000000000076
328 9.000000 9.000000 0.02132610000000000061
329 12.000000 11.000000 0.03338470000000000326
330 13.000000 10.000000 0.02150410000000000169
331 10.000000 10.000000 0.01662759999999999933
332 14.000000 11.000000 0.02048849999999999977
333 10.000000 10.000000 0.01913650000000000073
334 9.000000 9.000000 0.01707140000000000046
335 11.000000 11.000000 0.01843159999999999937
336 9.000000 9.000000 0.02144959999999999922
337 12.000000 11.000000 0.01871849999999999903
338 10.000000 10.000000 0.01609529999999999988
339 9.000000 9.000000 0.02198649999999999910
340 10.000000 10.000000 0.02160449999999999871
341 11.000000 10.000000 0.01935179999999999886
342 9.000000 9.000000 0.01715629999999999933
343 10.000000 10.000000 0.01483379999999999942
344 11.000000 10.000000 0.01606480000000000061
345 10.000000 10.000000 0.01252909999999999961
346 10.000000 10.000000 0.01662970000000000073
347 10.000000 10.000000 0.01381070000000000041
348 10.000000 10.000000 0.01374730000000000049
349 12.000000 11.000000 0.01525280000000000039
350 9.000000 9.000000 0.01467530000000000050
351 10.000000 10.000000 0.01969960000000000114
352 12.000000 11.000000 0.01597519999999999843
353 11.000000 10.000000 0.01595950000000000146
354 13.000000 11.000000 0.01497429999999999942
355 10.000000 10.000000 0.01366539999999999942
356 10.000000 10.000000 0.01549810000000000076
357 12.000000 11.000000 0.01573050000000000143
358 12.000000 11.000000 0.01782540000000000166
359 11.000000 11.000000 0.01135150000000000048
360 12.000000 10.000000 0.01389149999999999933
361 11.000000 11.000000 0.01472550000000000074
362 11.000000 11.000000 0.01641280000000000169
363 10.000000 10.000000 0.01218490000000000024
364 9.000000 9.000000 0.01282239999999999942
365 11.000000 11.000000 0.00885320000000000031
366 10.000000 10.000000 0.01602529999999999927
367 11.000000 10.000000 0.01262860000000000024
368 10.000000 10.000000 0.01705749999999999975
369 10.000000 10.000000 0.01084380000000000066
370 10.000000 10.000000 0.01352049999999999953
371 9.000000 9.000000 0.01296719999999999991
372 13.000000 11.000000 0.00865550000000000000
373 11.000000 11.000000 0.00952899999999999928
374 11.000000 11.000000 0.01108879999999999935
375 11.000000 10.000000 0.00992419999999999934
376 13.000000 11.000000 0.01102880000000000006
377 10.000000 10.000000 0.00911280000000000076
378 10.000000 10.000000 0.00953069999999999959
379 11.000000 10.000000 0.01134349999999999942
380 10.000000 10.000000 0.00846599999999999957
381 12.000000 11.000000 0.00887330000000000063
382 11.000000 10.000000 0.00949069999999999948
383 10.000000 10.000000 0.00965929999999999914
384 11.000000 11.000000 0.00873400000000000044
385 12.000000 10.000000 0.00867549999999999918
386 10.000000 10.000000 0.00924389999999999934
387 11.000000 11.000000 0.00891710000000000072
388 9.000000 9.000000 0.01545340000000000082
389 14.000000 11.000000 0.00955499999999999926
390 10.000000 10.000000 0.00987030000000000025
391 10.000000 10.000000 0.01004410000000000025
392 12.000000 11.000000 0.00938370000000000003
393 11.000000 11.000000 0.01100860000000000033
394 10.000000 10.000000 0.01276560000000000021
395 12.000000 11.000000 0.00965120000000000040
396 10.000000 10.000000 0.00899849999999999955
397 11.000000 11.000000 0.01152659999999999969
398 13.000000 11.000000 0.01113669999999999938
399 13.000000 10.000000 0.01199069999999999997
400 10.000000 10.000000 0.01310270000000000011
401 10.000000 10.000000 0.01547890000000000030
402 10.000000 10.000000 0.00887779999999999993
403 11.000000 10.000000 0.01012170000000000084
404 10.000000 10.000000 0.01273999999999999959
405 9.000000 9.000000 0.01003199999999999925
406 9.000000 9.000000 0.00972830000000000049
407 10.000000 10.000000 0.00959489999999999996
408 11.000000 10.000000 0.00905309999999999969
409 10.000000 10.000000 0.01036019999999999996
410 11.000000 10.000000 0.01144060000000000042
411 12.000000 11.000000 0.00876629999999999944
412 12.000000 10.000000 0.00923320000000000043
413 11.000000 11.000000 0.00861840000000000002
414 12.000000 10.000000 0.00813080000000000053
415 12.000000 10.000000 0.00937009999999999926
416 14.000000 11.000000 0.00748530000000000029
417 12.000000 11.000000 0.00778859999999999969
418 10.000000 10.000000 0.00794319999999999922
419 12.000000 10.000000 0.00865070000000000075
420 11.000000 10.000000 0.00887499999999999921
