1 280.000000 233.000000 4.86407620000000040505
2 228.000000 187.000000 7.20430089999999978545
3 241.000000 205.000000 14.94822150000000071657
4 349.000000 293.000000 9.97560329999999950701
5 396.000000 300.000000 5.62678420000000034662
6 267.000000 225.000000 6.60201239999999955899
7 240.000000 205.000000 3.32305559999999999832
8 218.000000 190.000000 11.88134879999999959921
9 284.000000 221.000000 3.00466409999999983782
10 230.000000 189.000000 14.57487609999999911281
11 341.000000 265.000000 7.39957689999999956854
12 445.000000 331.000000 43.55247030000000307837
13 217.000000 170.000000 24.30672549999999887405
14 203.000000 164.000000 9.69073659999999925674
15 282.000000 222.000000 15.13689109999999971023
16 205.000000 172.000000 9.01622429999999930317
17 266.000000 211.000000 18.01844159999999916977
18 324.000000 250.000000 4.68640870000000031581
19 358.000000 286.000000 25.30697819999999964580
20 304.000000 240.000000 28.83375570000000109872
21 304.000000 247.000000 5.94283620000000034622
22 209.000000 177.000000 13.82044089999999947338
23 234.000000 183.000000 7.33885059999999977975
24 319.000000 273.000000 9.27819829999999967640
25 377.000000 286.000000 11.26214769999999987249
26 174.000000 144.000000 60.84338429999999675601
27 300.000000 242.000000 5.01653980000000032646
28 301.000000 248.000000 7.71005179999999956664
29 245.000000 187.000000 28.07129379999999940765
30 245.000000 211.000000 8.27211209999999930176
31 352.000000 286.000000 2.48525609999999996802
32 253.000000 214.000000 7.60952369999999955752
33 379.000000 289.000000 9.26187649999999962347
34 166.000000 126.000000 18.97666620000000037294
35 336.000000 277.000000 2.82761230000000018947
36 215.000000 180.000000 13.56105520000000019820
37 221.000000 188.000000 11.36825179999999946290
38 305.000000 239.000000 43.80519379999999785014
39 331.000000 250.000000 18.39958299999999979946
40 285.000000 235.000000 5.39049119999999959418
41 311.000000 245.000000 5.46150490000000043977
42 281.000000 219.000000 2.51290170000000001593
43 261.000000 212.000000 4.82434639999999959059
44 324.000000 254.000000 6.21676349999999988682
45 166.000000 129.000000 14.65319180000000010011
46 400.000000 308.000000 7.58845719999999968053
47 201.000000 166.000000 17.07433509999999898810
48 280.000000 224.000000 4.68219540000000034041
49 323.000000 241.000000 51.05848879999999923029
50 250.000000 189.000000 16.23973900000000014643
51 280.000000 213.000000 27.45878569999999996298
52 333.000000 256.000000 27.86570040000000147984
53 352.000000 271.000000 41.32441659999999927777
54 304.000000 240.000000 4.99416529999999969647
55 333.000000 269.000000 2.53334510000000001639
56 249.000000 214.000000 9.66695370000000053778
57 317.000000 249.000000 20.89980849999999890088
58 232.000000 182.000000 48.04234879999999918709
59 309.000000 245.000000 4.78399209999999985854
60 238.000000 201.000000 7.76969020000000032411
61 275.000000 215.000000 6.84041190000000032256
62 242.000000 181.000000 10.08542120000000075208
63 281.000000 225.000000 6.81167829999999963064
64 135.000000 105.000000 58.29361519999999785568
65 273.000000 227.000000 3.12896259999999992729
66 236.000000 190.000000 5.02035400000000020526
67 318.000000 251.000000 4.37270339999999979597
68 391.000000 308.000000 3.98457570000000016464
69 233.000000 186.000000 40.52001599999999825741
70 173.000000 145.000000 5.62732130000000019265
71 259.000000 216.000000 5.97770859999999970569
72 302.000000 222.000000 43.22206599999999809825
73 243.000000 190.000000 5.66542399999999979343
74 340.000000 260.000000 30.58417830000000137147
75 200.000000 156.000000 23.14786199999999993793
76 279.000000 222.000000 24.41887050000000058958
77 357.000000 290.000000 35.27902139999999775455
78 236.000000 192.000000 20.66240249999999889496
79 214.000000 178.000000 7.42104359999999996234
80 309.000000 251.000000 2.29726980000000002846
81 215.000000 166.000000 3.40248470000000002855
82 260.000000 212.000000 12.43899560000000015236
83 347.000000 281.000000 3.11307879999999981280
84 345.000000 270.000000 2.06200599999999978351
85 294.000000 239.000000 8.87018289999999964834
86 267.000000 226.000000 4.76116829999999957579
87 220.000000 187.000000 5.76565149999999970731
88 222.000000 188.000000 3.05403590000000013660
89 193.000000 166.000000 4.36126360000000001804
90 211.000000 162.000000 9.66509049999999980685
91 276.000000 235.000000 12.62729930000000067025
92 293.000000 238.000000 37.09560510000000022046
93 308.000000 239.000000 3.51821029999999979054
94 219.000000 175.000000 9.73530990000000073792
95 232.000000 193.000000 17.22059240000000102100
96 333.000000 265.000000 21.10748040000000003147
97 317.000000 251.000000 15.76752899999999968372
98 190.000000 155.000000 7.49194500000000029871
99 172.000000 142.000000 24.65088959999999929096
100 326.000000 265.000000 10.03615980000000007522
101 288.000000 226.000000 4.41927839999999960696
102 346.000000 284.000000 5.81898870000000023595
103 247.000000 203.000000 6.86926259999999988537
104 332.000000 260.000000 4.79090919999999975687
105 230.000000 180.000000 7.36300850000000028928
106 234.000000 194.000000 12.66461430000000021323
107 253.000000 210.000000 5.05164629999999981180
108 346.000000 282.000000 2.03318120000000002179
109 351.000000 284.000000 12.33058770000000059497
110 220.000000 175.000000 9.70173250000000031434
111 321.000000 232.000000 3.01140300000000005198
112 239.000000 191.000000 5.91523500000000002075
113 281.000000 227.000000 13.60018370000000054176
114 225.000000 175.000000 3.87664659999999994255
115 256.000000 216.000000 14.31576240000000055375
116 132.000000 117.000000 9.79499369999999913716
117 208.000000 160.000000 16.95995449999999848956
118 334.000000 255.000000 56.23400110000000040600
119 255.000000 208.000000 11.89707680000000067366
120 334.000000 252.000000 7.69562580000000018288
121 287.000000 218.000000 39.79750810000000171840
122 378.000000 272.000000 2.05147740000000000649
123 323.000000 262.000000 10.70824539999999913675
124 314.000000 228.000000 8.32051139999999911367
125 280.000000 225.000000 19.87568179999999884444
126 256.000000 200.000000 5.72660829999999965167
127 247.000000 183.000000 29.87911439999999885231
128 203.000000 171.000000 10.73806760000000082300
129 261.000000 220.000000 6.43392090000000038685
130 359.000000 269.000000 2.13805140000000015732
131 279.000000 236.000000 6.96354019999999973578
132 379.000000 295.000000 11.76091540000000001953
133 265.000000 225.000000 5.41388810000000031408
134 309.000000 257.000000 8.38858029999999921245
135 300.000000 236.000000 46.95135369999999852553
136 314.000000 256.000000 5.27048420000000028551
137 269.000000 238.000000 2.39224449999999988492
138 286.000000 217.000000 8.93832309999999985450
139 341.000000 274.000000 2.80694819999999989335
140 232.000000 197.000000 7.46009540000000015425
141 217.000000 171.000000 10.64186980000000026791
142 366.000000 290.000000 1.10254399999999996851
143 224.000000 181.000000 6.17966809999999977521
144 266.000000 215.000000 4.44737980000000021619
145 234.000000 184.000000 7.06535720000000022623
146 255.000000 210.000000 6.66644569999999969667
147 250.000000 215.000000 13.03498809999999963338
148 263.000000 218.000000 3.84424140000000003070
149 284.000000 230.000000 7.05079540000000015709
150 281.000000 223.000000 11.50271230000000066696
151 344.000000 271.000000 4.90179290000000023042
152 246.000000 190.000000 21.63856120000000160530
153 334.000000 258.000000 68.35801639999999679276
154 288.000000 235.000000 12.09514229999999912479
155 384.000000 316.000000 1.90251450000000010832
156 281.000000 214.000000 2.09674659999999990490
157 267.000000 223.000000 6.67274779999999978486
158 262.000000 207.000000 10.14450270000000031700
159 248.000000 204.000000 6.76375029999999988206
160 276.000000 226.000000 7.25837719999999997356
161 315.000000 251.000000 3.08475760000000009953
162 281.000000 226.000000 4.61124750000000016570
163 345.000000 253.000000 5.53184400000000042752
164 237.000000 193.000000 19.44763760000000019090
165 210.000000 174.000000 4.06377889999999997173
166 178.000000 140.000000 14.82586779999999926360
167 273.000000 222.000000 14.23385120000000014784
168 252.000000 222.000000 6.37870019999999993132
169 279.000000 219.000000 5.65299529999999972318
170 218.000000 187.000000 11.00769569999999930587
171 265.000000 210.000000 6.72809610000000013486
172 276.000000 222.000000 4.81133469999999974220
173 223.000000 177.000000 6.70303540000000008803
174 209.000000 169.000000 3.85408300000000014762
175 223.000000 178.000000 2.83992660000000007869
176 308.000000 248.000000 12.79456689999999952079
177 367.000000 291.000000 12.13632690000000025066
178 282.000000 241.000000 5.20329490000000038918
179 331.000000 269.000000 1.81730330000000006585
180 356.000000 263.000000 24.26577610000000007062
181 302.000000 239.000000 37.70729190000000130567
182 279.000000 229.000000 9.85821160000000062951
183 313.000000 255.000000 2.88083640000000018588
184 434.000000 347.000000 0.81298470000000000457
185 283.000000 225.000000 2.69874210000000003262
186 168.000000 138.000000 12.41215299999999999159
187 348.000000 284.000000 22.57315260000000023410
188 391.000000 306.000000 2.36142459999999987375
189 340.000000 275.000000 2.85899560000000008131
190 216.000000 189.000000 14.45439320000000016364
191 270.000000 224.000000 5.74124630000000024665
192 252.000000 189.000000 23.04902630000000129940
193 212.000000 167.000000 6.63512400000000024392
194 312.000000 240.000000 32.42969440000000247437
195 262.000000 212.000000 1.68709200000000003605
196 224.000000 180.000000 5.93717749999999977462
197 227.000000 186.000000 5.83452000000000037261
198 444.000000 331.000000 1.22429589999999999250
199 378.000000 279.000000 35.31596710000000172158
200 333.000000 265.000000 17.23421850000000077330
201 323.000000 264.000000 3.40261009999999997078
202 301.000000 246.000000 4.60215390000000024173
203 257.000000 204.000000 8.46207659999999961542
204 239.000000 186.000000 4.05243999999999982009
205 209.000000 184.000000 12.88892779999999937957
206 269.000000 211.000000 12.20028989999999957661
207 280.000000 218.000000 2.75938129999999981479
208 261.000000 210.000000 7.59172109999999999985
209 286.000000 252.000000 1.84290360000000008611
210 291.000000 234.000000 2.96217009999999980607
211 290.000000 232.000000 1.69724809999999992627
212 272.000000 223.000000 6.37593720000000008241
213 235.000000 178.000000 23.38205410000000128434
214 255.000000 204.000000 16.55220239999999876090
215 260.000000 212.000000 6.05500970000000027227
216 208.000000 172.000000 6.13529530000000011825
217 325.000000 271.000000 10.29865290000000044301
218 290.000000 242.000000 1.62392669999999994523
219 293.000000 242.000000 4.59697590000000033683
220 430.000000 315.000000 27.83727139999999877773
221 276.000000 206.000000 9.73086990000000007228
222 310.000000 238.000000 7.54234660000000012303
223 315.000000 242.000000 1.91855890000000006701
224 213.000000 170.000000 8.19922099999999964837
225 202.000000 191.000000 4.34183539999999990044
226 238.000000 201.000000 5.08832079999999997710
227 332.000000 268.000000 8.26589199999999912905
228 277.000000 223.000000 6.56947939999999963590
229 345.000000 262.000000 7.99547589999999974708
230 459.000000 357.000000 37.73062070000000289838
231 367.000000 297.000000 1.43874710000000005650
232 268.000000 222.000000 12.18893199999999943373
233 281.000000 215.000000 6.74943589999999993267
234 263.000000 207.000000 34.97309839999999780957
235 332.000000 275.000000 2.63571400000000011232
236 351.000000 288.000000 1.35869039999999996482
237 333.000000 242.000000 2.27806629999999987746
238 393.000000 317.000000 4.40407700000000001950
239 247.000000 190.000000 64.29580160000000432774
240 284.000000 216.000000 2.00539500000000003865
241 152.000000 129.000000 5.54174879999999969726
242 398.000000 296.000000 1.59709049999999996849
243 312.000000 249.000000 1.80577990000000010440
244 278.000000 218.000000 12.34485839999999967631
245 368.000000 281.000000 4.02996170000000031308
246 312.000000 258.000000 19.22843950000000035061
247 326.000000 257.000000 6.08784900000000028797
248 174.000000 142.000000 25.86279049999999912757
249 263.000000 216.000000 4.07307370000000013022
250 271.000000 206.000000 5.42853069999999959805
251 260.000000 205.000000 3.03201359999999997541
252 221.000000 189.000000 2.50690249999999981156
253 378.000000 297.000000 1.92176349999999995788
254 410.000000 321.000000 10.94620280000000001053
255 237.000000 192.000000 6.60521769999999985856
256 245.000000 190.000000 4.15998420000000024288
257 210.000000 182.000000 6.53751019999999982701
258 372.000000 296.000000 2.77366210000000013025
259 258.000000 201.000000 13.22333030000000064774
260 301.000000 241.000000 12.70099790000000083978
261 224.000000 173.000000 8.65492770000000000152
262 317.000000 256.000000 3.20999640000000008300
263 244.000000 189.000000 32.04123649999999656757
264 256.000000 211.000000 8.14507610000000070727
265 223.000000 189.000000 5.98183729999999957982
266 389.000000 316.000000 2.68627580000000021343
267 196.000000 152.000000 39.65281039999999990187
268 316.000000 253.000000 8.58260429999999985284
269 340.000000 274.000000 8.63496529999999928862
270 267.000000 218.000000 4.99537049999999993588
271 291.000000 247.000000 2.30054269999999982943
272 161.000000 152.000000 5.65391569999999976659
273 248.000000 203.000000 6.60984830000000034289
274 269.000000 223.000000 1.42915600000000009295
275 356.000000 280.000000 1.38404199999999999449
276 248.000000 188.000000 5.38302369999999985595
277 257.000000 220.000000 14.19769119999999951176
278 373.000000 284.000000 8.01838279999999947734
279 363.000000 293.000000 1.86390970000000000262
280 164.000000 144.000000 7.11728309999999986246
281 289.000000 228.000000 11.11893869999999928666
282 360.000000 292.000000 1.01973739999999990502
283 240.000000 189.000000 33.05759189999999847487
284 261.000000 202.000000 2.02182899999999987628
285 227.000000 187.000000 1.53643799999999997041
286 291.000000 233.000000 1.72819630000000001857
287 292.000000 240.000000 4.42589140000000025310
288 429.000000 335.000000 18.91459629999999947358
289 239.000000 192.000000 2.36876869999999994931
290 325.000000 272.000000 5.06843359999999965027
291 152.000000 133.000000 4.65255059999999964759
292 270.000000 206.000000 9.86568549999999966360
293 280.000000 212.000000 16.20433290000000070563
294 260.000000 213.000000 3.48377880000000006433
295 303.000000 243.000000 3.39442479999999990881
296 253.000000 206.000000 3.60603139999999999787
297 335.000000 273.000000 2.39080719999999979919
298 371.000000 298.000000 17.14045420000000063965
299 298.000000 227.000000 5.28723719999999985930
300 335.000000 266.000000 3.54887949999999996464
301 364.000000 276.000000 3.71580719999999997682
302 362.000000 285.000000 2.48927280000000017424
303 258.000000 209.000000 23.64187319999999914444
304 250.000000 214.000000 3.26394580000000011921
305 215.000000 178.000000 3.75126349999999986196
306 245.000000 210.000000 1.35458260000000008105
307 275.000000 238.000000 3.85325959999999989591
308 211.000000 166.000000 7.35814669999999981798
309 314.000000 248.000000 1.54623050000000006321
310 204.000000 169.000000 2.91302530000000015065
311 302.000000 243.000000 2.62709439999999982973
312 217.000000 180.000000 2.58340989999999992577
313 295.000000 245.000000 2.81029850000000003263
314 288.000000 234.000000 3.89518459999999988597
315 208.000000 171.000000 5.54697719999999971918
316 255.000000 194.000000 44.51081870000000151322
317 335.000000 261.000000 3.25030380000000018725
318 251.000000 203.000000 18.86938299999999912870
319 237.000000 192.000000 14.50381609999999987792
320 255.000000 210.000000 5.52480420000000016501
321 321.000000 265.000000 3.15536690000000019651
322 308.000000 257.000000 15.51358079999999972642
323 252.000000 213.000000 2.77655200000000013105
324 271.000000 224.000000 0.75154710000000002346
325 165.000000 132.000000 2.99890539999999994336
326 324.000000 248.000000 1.25223580000000001000
327 238.000000 205.000000 1.66852519999999993061
328 283.000000 237.000000 2.17736190000000018330
329 370.000000 303.000000 0.63034460000000003266
330 307.000000 254.000000 16.66827460000000016294
331 298.000000 228.000000 2.74721880000000018285
332 283.000000 234.000000 14.38852699999999984470
333 305.000000 234.000000 2.57468940000000001689
334 367.000000 277.000000 1.76259790000000005072
335 205.000000 165.000000 5.72321019999999958117
336 333.000000 260.000000 19.51914100000000118484
337 335.000000 275.000000 2.88023030000000002104
338 312.000000 252.000000 6.18388160000000031147
339 300.000000 234.000000 7.04318299999999997141
340 196.000000 170.000000 4.28827560000000040930
341 273.000000 222.000000 5.72967039999999983024
342 239.000000 182.000000 5.47409169999999978273
343 142.000000 112.000000 35.66299560000000212767
344 294.000000 233.000000 4.00322069999999996526
345 242.000000 192.000000 18.03577029999999936649
346 378.000000 305.000000 2.26083159999999994128
347 399.000000 305.000000 1.15463650000000006557
348 292.000000 233.000000 1.10177030000000009125
349 287.000000 243.000000 4.33639469999999960237
350 239.000000 196.000000 7.76336840000000005801
351 264.000000 208.000000 5.64310910000000021114
352 324.000000 276.000000 5.59767819999999982628
353 283.000000 229.000000 10.95342379999999948836
354 258.000000 218.000000 5.07023460000000003589
355 315.000000 252.000000 2.80549539999999986151
356 272.000000 217.000000 10.68832369999999976073
357 312.000000 257.000000 3.84248240000000018668
358 338.000000 283.000000 1.22937570000000007120
359 344.000000 283.000000 7.89166830000000008027
360 285.000000 227.000000 3.83756019999999997694
361 240.000000 183.000000 4.27601109999999984268
362 270.000000 215.000000 2.61051980000000005688
363 273.000000 224.000000 8.66379260000000073205
364 392.000000 295.000000 2.48429510000000020042
365 296.000000 213.000000 6.41765510000000016788
366 356.000000 274.000000 21.25769220000000103710
367 271.000000 231.000000 2.87687910000000002242
368 298.000000 244.000000 3.23374009999999989518
369 251.000000 213.000000 3.22158310000000014384
370 151.000000 132.000000 3.89909239999999979176
371 366.000000 294.000000 4.58097129999999985728
372 389.000000 288.000000 52.98534529999999875827
373 271.000000 232.000000 6.93060309999999990538
374 343.000000 272.000000 6.50730089999999972150
375 246.000000 194.000000 23.80233300000000085106
376 211.000000 175.000000 7.32454979999999977736
377 277.000000 235.000000 19.49677289999999985071
378 188.000000 156.000000 7.37822629999999968220
379 221.000000 186.000000 1.99911620000000000985
380 217.000000 175.000000 8.54582970000000052835
381 296.000000 220.000000 7.14457780000000042264
382 250.000000 208.000000 3.18875980000000014414
383 270.000000 213.000000 9.16177459999999932450
384 330.000000 260.000000 7.35920240000000003278
385 263.000000 224.000000 3.35601759999999993411
386 344.000000 253.000000 10.81840569999999956963
387 330.000000 254.000000 5.07344590000000028596
388 264.000000 205.000000 6.45958699999999996777
389 383.000000 308.000000 2.28882560000000001565
390 441.000000 345.000000 4.72713400000000039114
391 280.000000 234.000000 1.15928119999999990064
392 238.000000 200.000000 1.91113590000000010960
393 294.000000 225.000000 10.73983890000000052112
394 261.000000 201.000000 3.49151310000000014711
395 292.000000 233.000000 11.26232060000000068101
396 273.000000 210.000000 14.77070860000000074308
397 170.000000 142.000000 6.37118379999999984165
398 347.000000 269.000000 5.29747900000000004894
399 307.000000 260.000000 5.93172190000000032484
400 462.000000 331.000000 1.21542109999999992098
401 129.000000 92.000000 4.76949549999999966587
402 294.000000 228.000000 3.37606060000000018917
403 213.000000 169.000000 4.21344120000000010862
404 272.000000 213.000000 10.02149119999999982156
405 230.000000 180.000000 7.31239439999999962794
406 239.000000 204.000000 3.41124990000000005708
407 238.000000 189.000000 3.62241809999999997416
408 390.000000 289.000000 1.22672629999999993622
409 299.000000 242.000000 9.99778519999999915058
410 426.000000 320.000000 2.65791140000000014609
411 233.000000 188.000000 3.20178869999999982099
412 319.000000 241.000000 1.10951090000000007763
413 267.000000 213.000000 19.95391130000000146083
414 320.000000 256.000000 3.56825390000000020052
415 303.000000 249.000000 4.66480959999999988952
416 270.000000 215.000000 2.38569619999999993354
417 298.000000 244.000000 3.58600010000000013477
418 303.000000 242.000000 22.82510130000000003747
419 257.000000 215.000000 7.30169430000000030390
420 204.000000 172.000000 4.80007889999999992625
