MATLAB is running in headless mode.  Figure windows will not be displayed.
1 1 2.000000 2.000000 0.000000
1 2 2.000000 2.000000 0.000000
1 3 3.000000 3.000000 0.000000
1 4 3.000000 3.000000 0.000000
1 5 2.000000 2.000000 0.000000
1 6 3.000000 3.000000 0.000000
1 7 3.000000 3.000000 0.000000
1 8 3.000000 3.000000 0.000000
1 9 2.000000 2.000000 0.000000
1 10 3.000000 3.000000 0.000000
1 11 2.000000 2.000000 0.000000
1 12 3.000000 3.000000 0.000000
1 13 3.000000 3.000000 0.000000
1 14 2.000000 2.000000 0.000000
1 15 3.000000 3.000000 0.000000
1 16 3.000000 3.000000 0.000000
1 17 2.000000 2.000000 0.000000
1 18 4.000000 3.000000 0.250000
1 19 2.000000 2.000000 0.000000
1 20 3.000000 3.000000 0.000000
1 21 3.000000 3.000000 0.000000
1 22 2.000000 2.000000 0.000000
1 23 3.000000 3.000000 0.000000
1 24 4.000000 4.000000 0.000000
1 25 3.000000 3.000000 0.000000
1 26 4.000000 3.000000 0.250000
1 27 2.000000 2.000000 0.000000
1 28 2.000000 2.000000 0.000000
1 29 3.000000 3.000000 0.000000
1 30 2.000000 2.000000 0.000000
1 31 3.000000 3.000000 0.000000
1 32 2.000000 2.000000 0.000000
1 33 2.000000 2.000000 0.000000
1 34 2.000000 2.000000 0.000000
1 35 2.000000 2.000000 0.000000
1 36 2.000000 2.000000 0.000000
1 37 2.000000 2.000000 0.000000
1 38 2.000000 2.000000 0.000000
1 39 2.000000 2.000000 0.000000
1 40 2.000000 2.000000 0.000000
1 41 2.000000 2.000000 0.000000
1 42 3.000000 3.000000 0.000000
1 43 4.000000 3.000000 0.250000
1 44 3.000000 3.000000 0.000000
1 45 2.000000 2.000000 0.000000
1 46 3.000000 3.000000 0.000000
1 47 2.000000 2.000000 0.000000
1 48 2.000000 2.000000 0.000000
1 49 2.000000 2.000000 0.000000
1 50 2.000000 2.000000 0.000000
1 51 2.000000 2.000000 0.000000
1 52 3.000000 3.000000 0.000000
1 53 2.000000 2.000000 0.000000
1 54 2.000000 2.000000 0.000000
1 55 2.000000 2.000000 0.000000
1 56 3.000000 3.000000 0.000000
1 57 3.000000 3.000000 0.000000
1 58 2.000000 2.000000 0.000000
1 59 3.000000 3.000000 0.000000
1 60 2.000000 2.000000 0.000000
1 61 3.000000 3.000000 0.000000
1 62 2.000000 2.000000 0.000000
1 63 3.000000 3.000000 0.000000
1 64 2.000000 2.000000 0.000000
1 65 3.000000 3.000000 0.000000
1 66 2.000000 2.000000 0.000000
1 67 2.000000 2.000000 0.000000
1 68 2.000000 2.000000 0.000000
1 69 2.000000 2.000000 0.000000
1 70 2.000000 2.000000 0.000000
1 71 3.000000 3.000000 0.000000
1 72 3.000000 3.000000 0.000000
1 73 2.000000 2.000000 0.000000
1 74 2.000000 2.000000 0.000000
1 75 2.000000 2.000000 0.000000
1 76 2.000000 2.000000 0.000000
1 77 4.000000 3.000000 0.250000
1 78 2.000000 2.000000 0.000000
1 79 3.000000 3.000000 0.000000
1 80 2.000000 2.000000 0.000000
1 81 2.000000 2.000000 0.000000
1 82 2.000000 2.000000 0.000000
1 83 2.000000 2.000000 0.000000
1 84 4.000000 3.000000 0.250000
1 85 2.000000 2.000000 0.000000
1 86 3.000000 3.000000 0.000000
1 87 3.000000 3.000000 0.000000
1 88 2.000000 2.000000 0.000000
1 89 2.000000 2.000000 0.000000
1 90 2.000000 2.000000 0.000000
1 91 2.000000 2.000000 0.000000
1 92 3.000000 3.000000 0.000000
1 93 2.000000 2.000000 0.000000
1 94 2.000000 2.000000 0.000000
1 95 2.000000 2.000000 0.000000
1 96 2.000000 2.000000 0.000000
1 97 3.000000 3.000000 0.000000
1 98 3.000000 3.000000 0.000000
1 99 2.000000 2.000000 0.000000
1 100 2.000000 2.000000 0.000000
1 101 3.000000 3.000000 0.000000
1 102 3.000000 3.000000 0.000000
1 103 2.000000 2.000000 0.000000
1 104 2.000000 2.000000 0.000000
1 105 2.000000 2.000000 0.000000
1 106 2.000000 2.000000 0.000000
1 107 3.000000 3.000000 0.000000
1 108 2.000000 2.000000 0.000000
1 109 3.000000 3.000000 0.000000
1 110 2.000000 2.000000 0.000000
1 111 4.000000 3.000000 0.250000
1 112 2.000000 2.000000 0.000000
1 113 2.000000 2.000000 0.000000
1 114 3.000000 3.000000 0.000000
1 115 2.000000 2.000000 0.000000
1 116 2.000000 2.000000 0.000000
1 117 2.000000 2.000000 0.000000
1 118 2.000000 2.000000 0.000000
1 119 2.000000 2.000000 0.000000
1 120 3.000000 3.000000 0.000000
1 121 2.000000 2.000000 0.000000
1 122 2.000000 2.000000 0.000000
1 123 2.000000 2.000000 0.000000
1 124 2.000000 2.000000 0.000000
1 125 3.000000 3.000000 0.000000
1 126 3.000000 3.000000 0.000000
1 127 2.000000 2.000000 0.000000
1 128 2.000000 2.000000 0.000000
1 129 2.000000 2.000000 0.000000
1 130 2.000000 2.000000 0.000000
1 131 2.000000 2.000000 0.000000
1 132 3.000000 3.000000 0.000000
1 133 4.000000 3.000000 0.250000
1 134 4.000000 3.000000 0.250000
1 135 2.000000 2.000000 0.000000
1 136 3.000000 3.000000 0.000000
1 137 4.000000 4.000000 0.000000
1 138 3.000000 3.000000 0.000000
1 139 2.000000 2.000000 0.000000
1 140 2.000000 2.000000 0.000000
1 141 2.000000 2.000000 0.000000
1 142 3.000000 3.000000 0.000000
1 143 2.000000 2.000000 0.000000
1 144 2.000000 2.000000 0.000000
1 145 2.000000 2.000000 0.000000
1 146 3.000000 3.000000 0.000000
1 147 2.000000 2.000000 0.000000
1 148 2.000000 2.000000 0.000000
1 149 4.000000 3.000000 0.250000
1 150 2.000000 2.000000 0.000000
1 151 3.000000 3.000000 0.000000
1 152 2.000000 2.000000 0.000000
1 153 3.000000 3.000000 0.000000
1 154 2.000000 2.000000 0.000000
1 155 3.000000 3.000000 0.000000
1 156 2.000000 2.000000 0.000000
1 157 2.000000 2.000000 0.000000
1 158 2.000000 2.000000 0.000000
1 159 3.000000 3.000000 0.000000
1 160 2.000000 2.000000 0.000000
1 161 2.000000 2.000000 0.000000
1 162 2.000000 2.000000 0.000000
1 163 2.000000 2.000000 0.000000
1 164 2.000000 2.000000 0.000000
1 165 3.000000 3.000000 0.000000
1 166 2.000000 2.000000 0.000000
1 167 3.000000 3.000000 0.000000
1 168 2.000000 2.000000 0.000000
1 169 2.000000 2.000000 0.000000
1 170 3.000000 3.000000 0.000000
1 171 3.000000 3.000000 0.000000
1 172 2.000000 2.000000 0.000000
1 173 2.000000 2.000000 0.000000
1 174 4.000000 3.000000 0.250000
1 175 2.000000 2.000000 0.000000
1 176 2.000000 2.000000 0.000000
1 177 2.000000 2.000000 0.000000
1 178 2.000000 2.000000 0.000000
1 179 3.000000 3.000000 0.000000
1 180 3.000000 3.000000 0.000000
1 181 3.000000 3.000000 0.000000
1 182 2.000000 2.000000 0.000000
1 183 2.000000 2.000000 0.000000
1 184 2.000000 2.000000 0.000000
1 185 3.000000 3.000000 0.000000
1 186 2.000000 2.000000 0.000000
1 187 2.000000 2.000000 0.000000
1 188 2.000000 2.000000 0.000000
1 189 3.000000 3.000000 0.000000
1 190 2.000000 2.000000 0.000000
1 191 3.000000 3.000000 0.000000
1 192 2.000000 2.000000 0.000000
1 193 2.000000 2.000000 0.000000
1 194 2.000000 2.000000 0.000000
1 195 2.000000 2.000000 0.000000
1 196 2.000000 2.000000 0.000000
1 197 3.000000 3.000000 0.000000
1 198 3.000000 3.000000 0.000000
1 199 3.000000 3.000000 0.000000
1 200 2.000000 2.000000 0.000000
1 201 2.000000 2.000000 0.000000
1 202 3.000000 3.000000 0.000000
1 203 2.000000 2.000000 0.000000
1 204 3.000000 3.000000 0.000000
1 205 2.000000 2.000000 0.000000
1 206 3.000000 3.000000 0.000000
1 207 2.000000 2.000000 0.000000
1 208 3.000000 3.000000 0.000000
1 209 3.000000 3.000000 0.000000
1 210 2.000000 2.000000 0.000000
1 211 3.000000 3.000000 0.000000
1 212 2.000000 2.000000 0.000000
1 213 3.000000 3.000000 0.000000
1 214 3.000000 3.000000 0.000000
1 215 2.000000 2.000000 0.000000
1 216 2.000000 2.000000 0.000000
1 217 3.000000 3.000000 0.000000
1 218 2.000000 2.000000 0.000000
1 219 3.000000 3.000000 0.000000
1 220 3.000000 3.000000 0.000000
1 221 2.000000 2.000000 0.000000
1 222 2.000000 2.000000 0.000000
1 223 2.000000 2.000000 0.000000
1 224 3.000000 3.000000 0.000000
1 225 3.000000 3.000000 0.000000
1 226 3.000000 3.000000 0.000000
1 227 3.000000 3.000000 0.000000
1 228 2.000000 2.000000 0.000000
1 229 3.000000 3.000000 0.000000
1 230 2.000000 2.000000 0.000000
1 231 3.000000 3.000000 0.000000
1 232 2.000000 2.000000 0.000000
1 233 3.000000 3.000000 0.000000
1 234 2.000000 2.000000 0.000000
1 235 3.000000 3.000000 0.000000
1 236 4.000000 3.000000 0.250000
1 237 3.000000 3.000000 0.000000
1 238 3.000000 3.000000 0.000000
1 239 4.000000 4.000000 0.000000
1 240 2.000000 2.000000 0.000000
1 241 4.000000 3.000000 0.250000
1 242 3.000000 3.000000 0.000000
1 243 3.000000 3.000000 0.000000
1 244 2.000000 2.000000 0.000000
1 245 2.000000 2.000000 0.000000
1 246 2.000000 2.000000 0.000000
1 247 3.000000 3.000000 0.000000
1 248 2.000000 2.000000 0.000000
1 249 3.000000 3.000000 0.000000
1 250 2.000000 2.000000 0.000000
1 251 2.000000 2.000000 0.000000
1 252 3.000000 3.000000 0.000000
1 253 2.000000 2.000000 0.000000
1 254 2.000000 2.000000 0.000000
1 255 2.000000 2.000000 0.000000
1 256 2.000000 2.000000 0.000000
1 257 2.000000 2.000000 0.000000
1 258 2.000000 2.000000 0.000000
1 259 3.000000 3.000000 0.000000
1 260 4.000000 3.000000 0.250000
1 261 2.000000 2.000000 0.000000
1 262 3.000000 3.000000 0.000000
1 263 3.000000 3.000000 0.000000
1 264 3.000000 3.000000 0.000000
1 265 2.000000 2.000000 0.000000
1 266 2.000000 2.000000 0.000000
1 267 3.000000 3.000000 0.000000
1 268 2.000000 2.000000 0.000000
1 269 2.000000 2.000000 0.000000
1 270 2.000000 2.000000 0.000000
1 271 2.000000 2.000000 0.000000
1 272 3.000000 3.000000 0.000000
1 273 2.000000 2.000000 0.000000
1 274 3.000000 3.000000 0.000000
1 275 2.000000 2.000000 0.000000
1 276 2.000000 2.000000 0.000000
1 277 2.000000 2.000000 0.000000
1 278 2.000000 2.000000 0.000000
1 279 2.000000 2.000000 0.000000
1 280 2.000000 2.000000 0.000000
1 281 2.000000 2.000000 0.000000
1 282 2.000000 2.000000 0.000000
1 283 2.000000 2.000000 0.000000
1 284 3.000000 3.000000 0.000000
1 285 2.000000 2.000000 0.000000
1 286 3.000000 3.000000 0.000000
1 287 3.000000 3.000000 0.000000
1 288 3.000000 3.000000 0.000000
1 289 3.000000 3.000000 0.000000
1 290 2.000000 2.000000 0.000000
1 291 2.000000 2.000000 0.000000
1 292 4.000000 4.000000 0.000000
1 293 2.000000 2.000000 0.000000
1 294 3.000000 3.000000 0.000000
1 295 3.000000 3.000000 0.000000
1 296 2.000000 2.000000 0.000000
1 297 2.000000 2.000000 0.000000
1 298 3.000000 3.000000 0.000000
1 299 2.000000 2.000000 0.000000
1 300 3.000000 3.000000 0.000000
1 301 2.000000 2.000000 0.000000
1 302 2.000000 2.000000 0.000000
1 303 2.000000 2.000000 0.000000
1 304 2.000000 2.000000 0.000000
1 305 2.000000 2.000000 0.000000
1 306 2.000000 2.000000 0.000000
1 307 3.000000 3.000000 0.000000
1 308 3.000000 3.000000 0.000000
1 309 2.000000 2.000000 0.000000
1 310 3.000000 3.000000 0.000000
1 311 3.000000 3.000000 0.000000
1 312 4.000000 4.000000 0.000000
1 313 2.000000 2.000000 0.000000
1 314 2.000000 2.000000 0.000000
1 315 3.000000 3.000000 0.000000
1 316 4.000000 4.000000 0.000000
1 317 2.000000 2.000000 0.000000
1 318 2.000000 2.000000 0.000000
1 319 3.000000 3.000000 0.000000
1 320 3.000000 3.000000 0.000000
1 321 2.000000 2.000000 0.000000
1 322 2.000000 2.000000 0.000000
1 323 3.000000 3.000000 0.000000
1 324 2.000000 2.000000 0.000000
1 325 2.000000 2.000000 0.000000
1 326 2.000000 2.000000 0.000000
1 327 2.000000 2.000000 0.000000
1 328 2.000000 2.000000 0.000000
1 329 3.000000 3.000000 0.000000
1 330 2.000000 2.000000 0.000000
1 331 2.000000 2.000000 0.000000
1 332 2.000000 2.000000 0.000000
1 333 2.000000 2.000000 0.000000
1 334 2.000000 2.000000 0.000000
1 335 3.000000 3.000000 0.000000
1 336 3.000000 3.000000 0.000000
1 337 2.000000 2.000000 0.000000
1 338 2.000000 2.000000 0.000000
1 339 3.000000 3.000000 0.000000
1 340 3.000000 3.000000 0.000000
1 341 2.000000 2.000000 0.000000
1 342 2.000000 2.000000 0.000000
1 343 2.000000 2.000000 0.000000
1 344 3.000000 3.000000 0.000000
1 345 2.000000 2.000000 0.000000
1 346 2.000000 2.000000 0.000000
1 347 4.000000 3.000000 0.250000
1 348 2.000000 2.000000 0.000000
1 349 3.000000 3.000000 0.000000
1 350 2.000000 2.000000 0.000000
1 351 2.000000 2.000000 0.000000
1 352 2.000000 2.000000 0.000000
1 353 2.000000 2.000000 0.000000
1 354 2.000000 2.000000 0.000000
1 355 3.000000 3.000000 0.000000
1 356 3.000000 3.000000 0.000000
1 357 3.000000 3.000000 0.000000
1 358 4.000000 3.000000 0.250000
1 359 3.000000 3.000000 0.000000
1 360 2.000000 2.000000 0.000000
1 361 2.000000 2.000000 0.000000
1 362 2.000000 2.000000 0.000000
1 363 3.000000 3.000000 0.000000
1 364 2.000000 2.000000 0.000000
1 365 2.000000 2.000000 0.000000
1 366 2.000000 2.000000 0.000000
1 367 3.000000 3.000000 0.000000
1 368 2.000000 2.000000 0.000000
1 369 4.000000 4.000000 0.000000
1 370 3.000000 3.000000 0.000000
1 371 2.000000 2.000000 0.000000
1 372 3.000000 3.000000 0.000000
1 373 2.000000 2.000000 0.000000
1 374 2.000000 2.000000 0.000000
1 375 2.000000 2.000000 0.000000
1 376 3.000000 3.000000 0.000000
1 377 3.000000 3.000000 0.000000
1 378 2.000000 2.000000 0.000000
1 379 2.000000 2.000000 0.000000
1 380 3.000000 3.000000 0.000000
1 381 2.000000 2.000000 0.000000
1 382 4.000000 4.000000 0.000000
1 383 2.000000 2.000000 0.000000
1 384 2.000000 2.000000 0.000000
1 385 2.000000 2.000000 0.000000
1 386 3.000000 3.000000 0.000000
1 387 3.000000 3.000000 0.000000
1 388 3.000000 3.000000 0.000000
1 389 2.000000 2.000000 0.000000
1 390 2.000000 2.000000 0.000000
1 391 2.000000 2.000000 0.000000
1 392 2.000000 2.000000 0.000000
1 393 4.000000 3.000000 0.250000
1 394 3.000000 3.000000 0.000000
1 395 2.000000 2.000000 0.000000
1 396 2.000000 2.000000 0.000000
1 397 2.000000 2.000000 0.000000
1 398 3.000000 3.000000 0.000000
1 399 2.000000 2.000000 0.000000
1 400 3.000000 3.000000 0.000000
2 1 8.000000 8.000000 0.000000
2 2 3.000000 3.000000 0.000000
2 3 4.000000 4.000000 0.000000
2 4 6.000000 5.000000 0.166667
2 5 5.000000 5.000000 -0.000000
2 6 3.000000 3.000000 0.000000
2 7 2.000000 2.000000 0.000000
2 8 3.000000 3.000000 0.000000
2 9 2.000000 2.000000 0.000000
2 10 2.000000 2.000000 0.000000
2 11 5.000000 5.000000 0.000000
2 12 3.000000 3.000000 0.000000
2 13 5.000000 5.000000 -0.000000
2 14 6.000000 5.000000 0.166667
2 15 5.000000 5.000000 0.000000
2 16 2.000000 2.000000 0.000000
2 17 2.000000 2.000000 0.000000
2 18 8.000000 8.000000 0.000000
2 19 4.000000 4.000000 0.000000
2 20 2.000000 2.000000 0.000000
2 21 4.000000 4.000000 0.000000
2 22 7.000000 7.000000 0.000000
2 23 2.000000 2.000000 0.000000
2 24 2.000000 2.000000 0.000000
2 25 7.000000 7.000000 0.000000
2 26 3.000000 3.000000 0.000000
2 27 7.000000 7.000000 0.000000
2 28 3.000000 3.000000 0.000000
2 29 6.000000 6.000000 -0.000000
2 30 3.000000 3.000000 0.000000
2 31 7.000000 6.000000 0.142857
2 32 2.000000 2.000000 0.000000
2 33 4.000000 4.000000 0.000000
2 34 4.000000 4.000000 0.000000
2 35 2.000000 2.000000 0.000000
2 36 3.000000 3.000000 0.000000
2 37 6.000000 5.000000 0.166667
2 38 2.000000 2.000000 0.000000
2 39 2.000000 2.000000 0.000000
2 40 5.000000 5.000000 -0.000000
2 41 8.000000 8.000000 0.000000
2 42 2.000000 2.000000 0.000000
2 43 2.000000 2.000000 0.000000
2 44 3.000000 3.000000 0.000000
2 45 2.000000 2.000000 0.000000
2 46 4.000000 3.000000 0.250000
2 47 2.000000 2.000000 0.000000
2 48 5.000000 5.000000 -0.000000
2 49 2.000000 2.000000 0.000000
2 50 3.000000 3.000000 0.000000
2 51 2.000000 2.000000 0.000000
2 52 6.000000 6.000000 0.000000
2 53 2.000000 2.000000 0.000000
2 54 2.000000 2.000000 0.000000
2 55 5.000000 5.000000 0.000000
2 56 5.000000 5.000000 0.000000
2 57 2.000000 2.000000 0.000000
2 58 7.000000 7.000000 0.000000
2 59 2.000000 2.000000 0.000000
2 60 5.000000 5.000000 -0.000000
2 61 2.000000 2.000000 0.000000
2 62 3.000000 3.000000 0.000000
2 63 3.000000 3.000000 0.000000
2 64 7.000000 7.000000 0.000000
2 65 6.000000 6.000000 0.000000
2 66 3.000000 3.000000 0.000000
2 67 4.000000 4.000000 0.000000
2 68 3.000000 3.000000 0.000000
2 69 8.000000 8.000000 0.000000
2 70 5.000000 5.000000 0.000000
2 71 3.000000 3.000000 0.000000
2 72 5.000000 5.000000 0.000000
2 73 5.000000 5.000000 0.000000
2 74 3.000000 3.000000 0.000000
2 75 2.000000 2.000000 0.000000
2 76 2.000000 2.000000 0.000000
2 77 4.000000 4.000000 0.000000
2 78 3.000000 3.000000 0.000000
2 79 2.000000 2.000000 0.000000
2 80 3.000000 3.000000 0.000000
2 81 3.000000 3.000000 0.000000
2 82 5.000000 5.000000 -0.000000
2 83 2.000000 2.000000 0.000000
2 84 4.000000 4.000000 0.000000
2 85 3.000000 3.000000 0.000000
2 86 6.000000 6.000000 0.000000
2 87 6.000000 6.000000 0.000000
2 88 4.000000 4.000000 0.000000
2 89 4.000000 4.000000 0.000000
2 90 3.000000 3.000000 0.000000
2 91 3.000000 3.000000 0.000000
2 92 4.000000 4.000000 0.000000
2 93 2.000000 2.000000 0.000000
2 94 6.000000 6.000000 0.000000
2 95 6.000000 6.000000 0.000000
2 96 7.000000 6.000000 0.142857
2 97 4.000000 4.000000 0.000000
2 98 5.000000 5.000000 -0.000000
2 99 2.000000 2.000000 0.000000
2 100 2.000000 2.000000 0.000000
2 101 5.000000 4.000000 0.200000
2 102 5.000000 5.000000 -0.000000
2 103 4.000000 4.000000 0.000000
2 104 2.000000 2.000000 0.000000
2 105 8.000000 7.000000 0.125000
2 106 3.000000 3.000000 0.000000
2 107 3.000000 3.000000 0.000000
2 108 3.000000 3.000000 0.000000
2 109 6.000000 6.000000 0.000000
2 110 2.000000 2.000000 0.000000
2 111 2.000000 2.000000 0.000000
2 112 3.000000 3.000000 0.000000
2 113 5.000000 5.000000 -0.000000
2 114 6.000000 6.000000 -0.000000
2 115 6.000000 5.000000 0.166667
2 116 2.000000 2.000000 0.000000
2 117 4.000000 4.000000 0.000000
2 118 4.000000 4.000000 0.000000
2 119 7.000000 7.000000 0.000000
2 120 3.000000 3.000000 0.000000
2 121 3.000000 3.000000 0.000000
2 122 2.000000 2.000000 0.000000
2 123 2.000000 2.000000 0.000000
2 124 3.000000 3.000000 0.000000
2 125 4.000000 4.000000 0.000000
2 126 3.000000 3.000000 0.000000
2 127 3.000000 3.000000 0.000000
2 128 2.000000 2.000000 0.000000
2 129 5.000000 5.000000 -0.000000
2 130 2.000000 2.000000 0.000000
2 131 5.000000 4.000000 0.200000
2 132 3.000000 3.000000 0.000000
2 133 3.000000 3.000000 0.000000
2 134 4.000000 4.000000 0.000000
2 135 2.000000 2.000000 0.000000
2 136 4.000000 4.000000 0.000000
2 137 2.000000 2.000000 0.000000
2 138 2.000000 2.000000 0.000000
2 139 3.000000 3.000000 0.000000
2 140 5.000000 5.000000 -0.000000
2 141 4.000000 4.000000 0.000000
2 142 3.000000 3.000000 0.000000
2 143 2.000000 2.000000 0.000000
2 144 8.000000 8.000000 0.000000
2 145 3.000000 3.000000 0.000000
2 146 2.000000 2.000000 0.000000
2 147 4.000000 4.000000 0.000000
2 148 4.000000 3.000000 0.250000
2 149 4.000000 4.000000 0.000000
2 150 3.000000 3.000000 0.000000
2 151 8.000000 7.000000 0.125000
2 152 6.000000 5.000000 0.166667
2 153 2.000000 2.000000 0.000000
2 154 3.000000 3.000000 0.000000
2 155 3.000000 3.000000 0.000000
2 156 2.000000 2.000000 0.000000
2 157 5.000000 5.000000 0.000000
2 158 5.000000 5.000000 0.000000
2 159 5.000000 5.000000 0.000000
2 160 4.000000 4.000000 0.000000
2 161 5.000000 5.000000 -0.000000
2 162 3.000000 3.000000 0.000000
2 163 2.000000 2.000000 0.000000
2 164 3.000000 3.000000 0.000000
2 165 3.000000 3.000000 0.000000
2 166 2.000000 2.000000 0.000000
2 167 2.000000 2.000000 0.000000
2 168 3.000000 3.000000 0.000000
2 169 2.000000 2.000000 0.000000
2 170 3.000000 3.000000 0.000000
2 171 4.000000 4.000000 0.000000
2 172 2.000000 2.000000 0.000000
2 173 6.000000 5.000000 0.166667
2 174 2.000000 2.000000 0.000000
2 175 7.000000 7.000000 0.000000
2 176 6.000000 5.000000 0.166667
2 177 4.000000 4.000000 0.000000
2 178 6.000000 6.000000 0.000000
2 179 3.000000 3.000000 0.000000
2 180 2.000000 2.000000 0.000000
2 181 3.000000 3.000000 0.000000
2 182 2.000000 2.000000 0.000000
2 183 3.000000 3.000000 0.000000
2 184 2.000000 2.000000 0.000000
2 185 2.000000 2.000000 0.000000
2 186 2.000000 2.000000 0.000000
2 187 2.000000 2.000000 0.000000
2 188 4.000000 3.000000 0.250000
2 189 3.000000 3.000000 0.000000
2 190 5.000000 5.000000 -0.000000
2 191 4.000000 4.000000 0.000000
2 192 3.000000 3.000000 0.000000
2 193 2.000000 2.000000 0.000000
2 194 2.000000 2.000000 0.000000
2 195 2.000000 2.000000 0.000000
2 196 5.000000 5.000000 -0.000000
2 197 2.000000 2.000000 0.000000
2 198 2.000000 2.000000 0.000000
2 199 5.000000 5.000000 -0.000000
2 200 5.000000 5.000000 -0.000000
2 201 2.000000 2.000000 0.000000
2 202 3.000000 3.000000 0.000000
2 203 3.000000 3.000000 0.000000
2 204 2.000000 2.000000 0.000000
2 205 2.000000 2.000000 0.000000
2 206 4.000000 3.000000 0.250000
2 207 7.000000 7.000000 0.000000
2 208 2.000000 2.000000 0.000000
2 209 6.000000 5.000000 0.166667
2 210 6.000000 6.000000 0.000000
2 211 8.000000 8.000000 0.000000
2 212 2.000000 2.000000 0.000000
2 213 2.000000 2.000000 0.000000
2 214 5.000000 5.000000 0.000000
2 215 2.000000 2.000000 0.000000
2 216 4.000000 4.000000 0.000000
2 217 3.000000 3.000000 0.000000
2 218 6.000000 6.000000 -0.000000
2 219 2.000000 2.000000 0.000000
2 220 5.000000 5.000000 -0.000000
2 221 3.000000 3.000000 0.000000
2 222 2.000000 2.000000 0.000000
2 223 7.000000 7.000000 0.000000
2 224 4.000000 4.000000 0.000000
2 225 2.000000 2.000000 0.000000
2 226 3.000000 3.000000 0.000000
2 227 5.000000 5.000000 -0.000000
2 228 3.000000 3.000000 0.000000
2 229 6.000000 5.000000 0.166667
2 230 2.000000 2.000000 0.000000
2 231 3.000000 3.000000 0.000000
2 232 3.000000 3.000000 0.000000
2 233 3.000000 3.000000 0.000000
2 234 4.000000 4.000000 0.000000
2 235 6.000000 6.000000 0.000000
2 236 4.000000 4.000000 0.000000
2 237 2.000000 2.000000 0.000000
2 238 2.000000 2.000000 0.000000
2 239 2.000000 2.000000 0.000000
2 240 5.000000 5.000000 0.000000
2 241 4.000000 4.000000 0.000000
2 242 5.000000 5.000000 -0.000000
2 243 2.000000 2.000000 0.000000
2 244 8.000000 8.000000 0.000000
2 245 3.000000 3.000000 0.000000
2 246 4.000000 4.000000 0.000000
2 247 3.000000 3.000000 0.000000
2 248 8.000000 7.000000 0.125000
2 249 8.000000 7.000000 0.125000
2 250 5.000000 5.000000 -0.000000
2 251 5.000000 5.000000 -0.000000
2 252 2.000000 2.000000 0.000000
2 253 3.000000 3.000000 0.000000
2 254 10.000000 9.000000 0.100000
2 255 2.000000 2.000000 0.000000
2 256 2.000000 2.000000 0.000000
2 257 8.000000 8.000000 0.000000
2 258 7.000000 6.000000 0.142857
2 259 2.000000 2.000000 0.000000
2 260 4.000000 4.000000 0.000000
2 261 4.000000 4.000000 0.000000
2 262 3.000000 3.000000 0.000000
2 263 2.000000 2.000000 0.000000
2 264 2.000000 2.000000 0.000000
2 265 3.000000 3.000000 0.000000
2 266 5.000000 5.000000 0.000000
2 267 2.000000 2.000000 0.000000
2 268 5.000000 5.000000 -0.000000
2 269 2.000000 2.000000 0.000000
2 270 7.000000 7.000000 0.000000
2 271 7.000000 6.000000 0.142857
2 272 5.000000 5.000000 -0.000000
2 273 3.000000 3.000000 0.000000
2 274 5.000000 5.000000 0.000000
2 275 2.000000 2.000000 0.000000
2 276 3.000000 3.000000 0.000000
2 277 4.000000 4.000000 0.000000
2 278 2.000000 2.000000 0.000000
2 279 7.000000 7.000000 0.000000
2 280 4.000000 3.000000 0.250000
2 281 5.000000 5.000000 -0.000000
2 282 3.000000 3.000000 0.000000
2 283 2.000000 2.000000 0.000000
2 284 6.000000 5.000000 0.166667
2 285 2.000000 2.000000 0.000000
2 286 2.000000 2.000000 0.000000
2 287 6.000000 5.000000 0.166667
2 288 2.000000 2.000000 0.000000
2 289 3.000000 3.000000 0.000000
2 290 7.000000 7.000000 0.000000
2 291 2.000000 2.000000 0.000000
2 292 5.000000 5.000000 0.000000
2 293 4.000000 4.000000 0.000000
2 294 3.000000 3.000000 0.000000
2 295 3.000000 3.000000 0.000000
2 296 2.000000 2.000000 0.000000
2 297 4.000000 4.000000 0.000000
2 298 8.000000 8.000000 0.000000
2 299 2.000000 2.000000 0.000000
2 300 3.000000 3.000000 0.000000
2 301 3.000000 3.000000 0.000000
2 302 3.000000 3.000000 0.000000
2 303 2.000000 2.000000 0.000000
2 304 5.000000 4.000000 0.200000
2 305 2.000000 2.000000 0.000000
2 306 3.000000 3.000000 0.000000
2 307 3.000000 3.000000 0.000000
2 308 4.000000 4.000000 0.000000
2 309 4.000000 4.000000 0.000000
2 310 8.000000 6.000000 0.250000
2 311 7.000000 7.000000 0.000000
2 312 2.000000 2.000000 0.000000
2 313 3.000000 3.000000 0.000000
2 314 4.000000 3.000000 0.250000
2 315 4.000000 4.000000 0.000000
2 316 2.000000 2.000000 0.000000
2 317 2.000000 2.000000 0.000000
2 318 2.000000 2.000000 0.000000
2 319 4.000000 4.000000 0.000000
2 320 2.000000 2.000000 0.000000
2 321 4.000000 3.000000 0.250000
2 322 3.000000 3.000000 0.000000
2 323 2.000000 2.000000 0.000000
2 324 7.000000 6.000000 0.142857
2 325 3.000000 3.000000 0.000000
2 326 3.000000 3.000000 0.000000
2 327 3.000000 3.000000 0.000000
2 328 2.000000 2.000000 0.000000
2 329 7.000000 6.000000 0.142857
2 330 2.000000 2.000000 0.000000
2 331 4.000000 4.000000 0.000000
2 332 5.000000 5.000000 -0.000000
2 333 2.000000 2.000000 0.000000
2 334 5.000000 5.000000 -0.000000
2 335 3.000000 3.000000 0.000000
2 336 2.000000 2.000000 0.000000
2 337 4.000000 4.000000 0.000000
2 338 3.000000 3.000000 0.000000
2 339 5.000000 5.000000 0.000000
2 340 5.000000 5.000000 -0.000000
2 341 2.000000 2.000000 0.000000
2 342 2.000000 2.000000 0.000000
2 343 3.000000 3.000000 0.000000
2 344 5.000000 5.000000 -0.000000
2 345 3.000000 3.000000 0.000000
2 346 3.000000 3.000000 0.000000
2 347 6.000000 6.000000 0.000000
2 348 3.000000 3.000000 0.000000
2 349 3.000000 3.000000 0.000000
2 350 3.000000 3.000000 0.000000
2 351 5.000000 5.000000 0.000000
2 352 4.000000 4.000000 0.000000
2 353 3.000000 3.000000 0.000000
2 354 5.000000 5.000000 -0.000000
2 355 4.000000 4.000000 0.000000
2 356 3.000000 3.000000 0.000000
2 357 2.000000 2.000000 0.000000
2 358 7.000000 7.000000 0.000000
2 359 4.000000 4.000000 0.000000
2 360 3.000000 3.000000 0.000000
2 361 2.000000 2.000000 0.000000
2 362 3.000000 3.000000 0.000000
2 363 2.000000 2.000000 0.000000
2 364 5.000000 5.000000 0.000000
2 365 6.000000 5.000000 0.166667
2 366 5.000000 5.000000 -0.000000
2 367 4.000000 4.000000 0.000000
2 368 2.000000 2.000000 0.000000
2 369 5.000000 5.000000 -0.000000
2 370 2.000000 2.000000 0.000000
2 371 3.000000 3.000000 0.000000
2 372 8.000000 7.000000 0.125000
2 373 3.000000 3.000000 0.000000
2 374 2.000000 2.000000 0.000000
2 375 5.000000 5.000000 -0.000000
2 376 5.000000 5.000000 -0.000000
2 377 2.000000 2.000000 0.000000
2 378 6.000000 5.000000 0.166667
2 379 5.000000 5.000000 0.000000
2 380 2.000000 2.000000 0.000000
2 381 5.000000 5.000000 -0.000000
2 382 3.000000 3.000000 0.000000
2 383 3.000000 3.000000 0.000000
2 384 3.000000 3.000000 0.000000
2 385 4.000000 4.000000 0.000000
2 386 6.000000 6.000000 0.000000
2 387 5.000000 5.000000 0.000000
2 388 6.000000 6.000000 0.000000
2 389 7.000000 7.000000 0.000000
2 390 7.000000 6.000000 0.142857
2 391 3.000000 3.000000 0.000000
2 392 3.000000 3.000000 0.000000
2 393 4.000000 3.000000 0.250000
2 394 3.000000 3.000000 0.000000
2 395 4.000000 4.000000 0.000000
2 396 2.000000 2.000000 0.000000
2 397 2.000000 2.000000 0.000000
2 398 3.000000 3.000000 0.000000
2 399 2.000000 2.000000 0.000000
2 400 2.000000 2.000000 0.000000
3 1 12.000000 12.000000 0.000000
3 2 4.000000 4.000000 0.000000
3 3 3.000000 3.000000 0.000000
3 4 6.000000 6.000000 0.000000
3 5 6.000000 6.000000 -0.000000
3 6 3.000000 3.000000 0.000000
3 7 2.000000 2.000000 0.000000
3 8 13.000000 12.000000 0.076923
3 9 7.000000 7.000000 0.000000
3 10 7.000000 7.000000 0.000000
3 11 7.000000 7.000000 0.000000
3 12 3.000000 3.000000 0.000000
3 13 4.000000 4.000000 0.000000
3 14 5.000000 5.000000 0.000000
3 15 12.000000 10.000000 0.166667
3 16 10.000000 9.000000 0.100000
3 17 4.000000 4.000000 0.000000
3 18 8.000000 8.000000 0.000000
3 19 5.000000 5.000000 -0.000000
3 20 7.000000 7.000000 0.000000
3 21 5.000000 5.000000 0.000000
3 22 4.000000 4.000000 0.000000
3 23 5.000000 5.000000 0.000000
3 24 3.000000 3.000000 0.000000
3 25 10.000000 10.000000 -0.000000
3 26 2.000000 2.000000 0.000000
3 27 6.000000 6.000000 0.000000
3 28 9.000000 8.000000 0.111111
3 29 10.000000 9.000000 0.100000
3 30 6.000000 6.000000 0.000000
3 31 14.000000 14.000000 0.000000
3 32 17.000000 17.000000 0.000000
3 33 5.000000 5.000000 -0.000000
3 34 7.000000 7.000000 0.000000
3 35 10.000000 9.000000 0.100000
3 36 6.000000 6.000000 -0.000000
3 37 6.000000 5.000000 0.166667
3 38 2.000000 2.000000 0.000000
3 39 10.000000 8.000000 0.200000
3 40 5.000000 5.000000 -0.000000
3 41 12.000000 10.000000 0.166667
3 42 3.000000 3.000000 0.000000
3 43 7.000000 7.000000 0.000000
3 44 3.000000 3.000000 0.000000
3 45 7.000000 7.000000 0.000000
3 46 13.000000 11.000000 0.153846
3 47 7.000000 7.000000 0.000000
3 48 5.000000 5.000000 -0.000000
3 49 10.000000 8.000000 0.200000
3 50 5.000000 5.000000 0.000000
3 51 6.000000 5.000000 0.166667
3 52 2.000000 2.000000 0.000000
3 53 8.000000 8.000000 0.000000
3 54 7.000000 7.000000 0.000000
3 55 5.000000 5.000000 0.000000
3 56 5.000000 5.000000 0.000000
3 57 3.000000 3.000000 0.000000
3 58 7.000000 7.000000 0.000000
3 59 2.000000 2.000000 0.000000
3 60 12.000000 11.000000 0.083333
3 61 13.000000 13.000000 -0.000000
3 62 9.000000 7.000000 0.222222
3 63 5.000000 5.000000 -0.000000
3 64 7.000000 7.000000 0.000000
3 65 5.000000 5.000000 -0.000000
3 66 2.000000 2.000000 0.000000
3 67 6.000000 6.000000 0.000000
3 68 9.000000 9.000000 0.000000
3 69 2.000000 2.000000 0.000000
3 70 6.000000 6.000000 0.000000
3 71 3.000000 3.000000 0.000000
3 72 8.000000 7.000000 0.125000
3 73 9.000000 9.000000 0.000000
3 74 14.000000 10.000000 0.285714
3 75 7.000000 6.000000 0.142857
3 76 12.000000 12.000000 0.000000
3 77 7.000000 7.000000 0.000000
3 78 4.000000 4.000000 0.000000
3 79 5.000000 5.000000 0.000000
3 80 7.000000 7.000000 0.000000
3 81 3.000000 3.000000 0.000000
3 82 9.000000 8.000000 0.111111
3 83 12.000000 10.000000 0.166667
3 84 10.000000 10.000000 0.000000
3 85 6.000000 6.000000 0.000000
3 86 2.000000 2.000000 0.000000
3 87 2.000000 2.000000 0.000000
3 88 10.000000 10.000000 0.000000
3 89 3.000000 3.000000 0.000000
3 90 4.000000 4.000000 0.000000
3 91 8.000000 8.000000 0.000000
3 92 3.000000 3.000000 0.000000
3 93 14.000000 14.000000 0.000000
3 94 5.000000 5.000000 0.000000
3 95 14.000000 14.000000 0.000000
3 96 2.000000 2.000000 0.000000
3 97 15.000000 13.000000 0.133333
3 98 5.000000 5.000000 0.000000
3 99 8.000000 6.000000 0.250000
3 100 7.000000 7.000000 0.000000
3 101 5.000000 5.000000 -0.000000
3 102 4.000000 4.000000 0.000000
3 103 6.000000 6.000000 0.000000
3 104 8.000000 8.000000 0.000000
3 105 2.000000 2.000000 0.000000
3 106 11.000000 11.000000 0.000000
3 107 6.000000 4.000000 0.333333
3 108 2.000000 2.000000 0.000000
3 109 4.000000 4.000000 0.000000
3 110 2.000000 2.000000 0.000000
3 111 7.000000 7.000000 -0.000000
3 112 10.000000 10.000000 0.000000
3 113 8.000000 7.000000 0.125000
3 114 8.000000 8.000000 0.000000
3 115 6.000000 6.000000 0.000000
3 116 9.000000 7.000000 0.222222
3 117 12.000000 12.000000 0.000000
3 118 8.000000 8.000000 0.000000
3 119 4.000000 4.000000 0.000000
3 120 5.000000 5.000000 -0.000000
3 121 2.000000 2.000000 0.000000
3 122 2.000000 2.000000 0.000000
3 123 17.000000 17.000000 0.000000
3 124 10.000000 10.000000 0.000000
3 125 11.000000 11.000000 0.000000
3 126 2.000000 2.000000 0.000000
3 127 12.000000 12.000000 0.000000
3 128 3.000000 3.000000 0.000000
3 129 12.000000 12.000000 0.000000
3 130 5.000000 5.000000 -0.000000
3 131 4.000000 4.000000 0.000000
3 132 17.000000 14.000000 0.176471
3 133 10.000000 9.000000 0.100000
3 134 7.000000 7.000000 0.000000
3 135 8.000000 8.000000 0.000000
3 136 7.000000 7.000000 0.000000
3 137 5.000000 5.000000 -0.000000
3 138 5.000000 5.000000 0.000000
3 139 10.000000 10.000000 0.000000
3 140 5.000000 5.000000 -0.000000
3 141 10.000000 10.000000 0.000000
3 142 4.000000 4.000000 0.000000
3 143 6.000000 6.000000 0.000000
3 144 7.000000 7.000000 0.000000
3 145 2.000000 2.000000 0.000000
3 146 6.000000 6.000000 0.000000
3 147 11.000000 11.000000 0.000000
3 148 18.000000 18.000000 -0.000000
3 149 10.000000 10.000000 -0.000000
3 150 8.000000 8.000000 0.000000
3 151 13.000000 13.000000 0.000000
3 152 14.000000 14.000000 0.000000
3 153 7.000000 7.000000 0.000000
3 154 8.000000 8.000000 0.000000
3 155 7.000000 7.000000 0.000000
3 156 5.000000 5.000000 -0.000000
3 157 6.000000 6.000000 0.000000
3 158 8.000000 7.000000 0.125000
3 159 14.000000 12.000000 0.142857
3 160 5.000000 5.000000 0.000000
3 161 14.000000 12.000000 0.142857
3 162 9.000000 8.000000 0.111111
3 163 7.000000 7.000000 0.000000
3 164 2.000000 2.000000 0.000000
3 165 10.000000 8.000000 0.200000
3 166 5.000000 4.000000 0.200000
3 167 4.000000 3.000000 0.250000
3 168 7.000000 7.000000 0.000000
3 169 7.000000 7.000000 0.000000
3 170 5.000000 5.000000 -0.000000
3 171 4.000000 4.000000 0.000000
3 172 13.000000 13.000000 -0.000000
3 173 3.000000 3.000000 0.000000
3 174 11.000000 11.000000 -0.000000
3 175 9.000000 9.000000 0.000000
3 176 4.000000 4.000000 0.000000
3 177 7.000000 7.000000 0.000000
3 178 7.000000 7.000000 0.000000
3 179 8.000000 8.000000 0.000000
3 180 9.000000 9.000000 0.000000
3 181 11.000000 9.000000 0.181818
3 182 8.000000 7.000000 0.125000
3 183 6.000000 6.000000 0.000000
3 184 14.000000 11.000000 0.214286
3 185 11.000000 10.000000 0.090909
3 186 11.000000 11.000000 0.000000
3 187 7.000000 7.000000 0.000000
3 188 7.000000 7.000000 0.000000
3 189 2.000000 2.000000 0.000000
3 190 7.000000 7.000000 0.000000
3 191 12.000000 10.000000 0.166667
3 192 4.000000 4.000000 0.000000
3 193 10.000000 10.000000 0.000000
3 194 7.000000 7.000000 0.000000
3 195 6.000000 6.000000 0.000000
3 196 10.000000 10.000000 0.000000
3 197 14.000000 13.000000 0.071429
3 198 15.000000 14.000000 0.066667
3 199 6.000000 6.000000 0.000000
3 200 7.000000 7.000000 0.000000
3 201 6.000000 6.000000 0.000000
3 202 10.000000 9.000000 0.100000
3 203 6.000000 6.000000 0.000000
3 204 7.000000 7.000000 0.000000
3 205 9.000000 9.000000 0.000000
3 206 7.000000 7.000000 -0.000000
3 207 4.000000 4.000000 0.000000
3 208 9.000000 9.000000 0.000000
3 209 4.000000 4.000000 0.000000
3 210 2.000000 2.000000 0.000000
3 211 2.000000 2.000000 0.000000
3 212 14.000000 14.000000 0.000000
3 213 6.000000 6.000000 0.000000
3 214 7.000000 7.000000 0.000000
3 215 9.000000 8.000000 0.111111
3 216 3.000000 3.000000 0.000000
3 217 5.000000 5.000000 0.000000
3 218 8.000000 7.000000 0.125000
3 219 10.000000 10.000000 0.000000
3 220 11.000000 11.000000 0.000000
3 221 12.000000 11.000000 0.083333
3 222 6.000000 5.000000 0.166667
3 223 10.000000 9.000000 0.100000
3 224 9.000000 9.000000 0.000000
3 225 2.000000 2.000000 0.000000
3 226 7.000000 7.000000 0.000000
3 227 9.000000 9.000000 0.000000
3 228 2.000000 2.000000 0.000000
3 229 4.000000 4.000000 0.000000
3 230 3.000000 3.000000 0.000000
3 231 9.000000 9.000000 0.000000
3 232 9.000000 9.000000 0.000000
3 233 17.000000 17.000000 0.000000
3 234 3.000000 3.000000 0.000000
3 235 10.000000 9.000000 0.100000
3 236 12.000000 12.000000 -0.000000
3 237 7.000000 7.000000 0.000000
3 238 6.000000 6.000000 0.000000
3 239 4.000000 4.000000 0.000000
3 240 5.000000 5.000000 -0.000000
3 241 7.000000 7.000000 0.000000
3 242 17.000000 13.000000 0.235294
3 243 5.000000 5.000000 0.000000
3 244 5.000000 5.000000 0.000000
3 245 10.000000 8.000000 0.200000
3 246 7.000000 7.000000 0.000000
3 247 7.000000 7.000000 0.000000
3 248 9.000000 9.000000 0.000000
3 249 8.000000 7.000000 0.125000
3 250 6.000000 6.000000 0.000000
3 251 10.000000 9.000000 0.100000
3 252 5.000000 5.000000 0.000000
3 253 10.000000 10.000000 0.000000
3 254 9.000000 9.000000 0.000000
3 255 8.000000 7.000000 0.125000
3 256 6.000000 6.000000 0.000000
3 257 6.000000 6.000000 0.000000
3 258 10.000000 10.000000 0.000000
3 259 15.000000 15.000000 0.000000
3 260 11.000000 11.000000 0.000000
3 261 2.000000 2.000000 0.000000
3 262 3.000000 3.000000 0.000000
3 263 8.000000 7.000000 0.125000
3 264 6.000000 5.000000 0.166667
3 265 11.000000 10.000000 0.090909
3 266 7.000000 7.000000 0.000000
3 267 3.000000 3.000000 0.000000
3 268 5.000000 5.000000 -0.000000
3 269 2.000000 2.000000 0.000000
3 270 5.000000 5.000000 0.000000
3 271 7.000000 6.000000 0.142857
3 272 2.000000 2.000000 0.000000
3 273 3.000000 3.000000 0.000000
3 274 4.000000 4.000000 0.000000
3 275 9.000000 9.000000 0.000000
3 276 4.000000 4.000000 0.000000
3 277 13.000000 11.000000 0.153846
3 278 6.000000 5.000000 0.166667
3 279 2.000000 2.000000 0.000000
3 280 6.000000 6.000000 -0.000000
3 281 3.000000 3.000000 0.000000
3 282 3.000000 3.000000 0.000000
3 283 5.000000 5.000000 -0.000000
3 284 3.000000 3.000000 0.000000
3 285 6.000000 6.000000 0.000000
3 286 10.000000 10.000000 0.000000
3 287 7.000000 7.000000 0.000000
3 288 15.000000 13.000000 0.133333
3 289 10.000000 9.000000 0.100000
3 290 5.000000 5.000000 0.000000
3 291 5.000000 5.000000 -0.000000
3 292 2.000000 2.000000 0.000000
3 293 2.000000 2.000000 0.000000
3 294 11.000000 11.000000 0.000000
3 295 8.000000 7.000000 0.125000
3 296 6.000000 6.000000 0.000000
3 297 4.000000 4.000000 0.000000
3 298 10.000000 10.000000 -0.000000
3 299 5.000000 5.000000 -0.000000
3 300 6.000000 5.000000 0.166667
3 301 3.000000 3.000000 0.000000
3 302 3.000000 3.000000 0.000000
3 303 2.000000 2.000000 0.000000
3 304 5.000000 5.000000 0.000000
3 305 9.000000 9.000000 0.000000
3 306 9.000000 9.000000 0.000000
3 307 2.000000 2.000000 0.000000
3 308 7.000000 7.000000 0.000000
3 309 2.000000 2.000000 0.000000
3 310 7.000000 7.000000 0.000000
3 311 19.000000 17.000000 0.105263
3 312 5.000000 5.000000 0.000000
3 313 2.000000 2.000000 0.000000
3 314 2.000000 2.000000 0.000000
3 315 2.000000 2.000000 0.000000
3 316 5.000000 5.000000 0.000000
3 317 12.000000 11.000000 0.083333
3 318 7.000000 7.000000 0.000000
3 319 8.000000 7.000000 0.125000
3 320 4.000000 4.000000 0.000000
3 321 9.000000 9.000000 0.000000
3 322 9.000000 9.000000 0.000000
3 323 13.000000 13.000000 -0.000000
3 324 2.000000 2.000000 0.000000
3 325 13.000000 12.000000 0.076923
3 326 9.000000 9.000000 0.000000
3 327 5.000000 5.000000 -0.000000
3 328 2.000000 2.000000 0.000000
3 329 7.000000 7.000000 -0.000000
3 330 2.000000 2.000000 0.000000
3 331 3.000000 3.000000 0.000000
3 332 8.000000 7.000000 0.125000
3 333 6.000000 6.000000 0.000000
3 334 6.000000 5.000000 0.166667
3 335 7.000000 7.000000 0.000000
3 336 7.000000 7.000000 0.000000
3 337 7.000000 7.000000 -0.000000
3 338 5.000000 5.000000 -0.000000
3 339 5.000000 5.000000 0.000000
3 340 7.000000 7.000000 0.000000
3 341 5.000000 5.000000 -0.000000
3 342 8.000000 8.000000 0.000000
3 343 9.000000 8.000000 0.111111
3 344 2.000000 2.000000 0.000000
3 345 7.000000 7.000000 0.000000
3 346 9.000000 9.000000 0.000000
3 347 14.000000 14.000000 0.000000
3 348 6.000000 5.000000 0.166667
3 349 8.000000 8.000000 0.000000
3 350 2.000000 2.000000 0.000000
3 351 9.000000 9.000000 0.000000
3 352 2.000000 2.000000 0.000000
3 353 8.000000 7.000000 0.125000
3 354 2.000000 2.000000 0.000000
3 355 7.000000 7.000000 -0.000000
3 356 4.000000 4.000000 0.000000
3 357 3.000000 3.000000 0.000000
3 358 5.000000 5.000000 0.000000
3 359 9.000000 9.000000 0.000000
3 360 13.000000 13.000000 0.000000
3 361 9.000000 8.000000 0.111111
3 362 9.000000 9.000000 0.000000
3 363 6.000000 5.000000 0.166667
3 364 2.000000 2.000000 0.000000
3 365 10.000000 10.000000 0.000000
3 366 2.000000 2.000000 0.000000
3 367 2.000000 2.000000 0.000000
3 368 6.000000 6.000000 0.000000
3 369 2.000000 2.000000 0.000000
3 370 7.000000 7.000000 0.000000
3 371 12.000000 11.000000 0.083333
3 372 7.000000 7.000000 -0.000000
3 373 2.000000 2.000000 0.000000
3 374 5.000000 5.000000 -0.000000
3 375 2.000000 2.000000 0.000000
3 376 14.000000 13.000000 0.071429
3 377 3.000000 3.000000 0.000000
3 378 6.000000 6.000000 0.000000
3 379 13.000000 13.000000 0.000000
3 380 5.000000 5.000000 0.000000
3 381 5.000000 5.000000 0.000000
3 382 7.000000 7.000000 0.000000
3 383 2.000000 2.000000 0.000000
3 384 12.000000 12.000000 -0.000000
3 385 3.000000 3.000000 0.000000
3 386 9.000000 9.000000 0.000000
3 387 10.000000 10.000000 0.000000
3 388 8.000000 8.000000 0.000000
3 389 4.000000 4.000000 0.000000
3 390 13.000000 13.000000 0.000000
3 391 11.000000 9.000000 0.181818
3 392 10.000000 9.000000 0.100000
3 393 2.000000 2.000000 0.000000
3 394 8.000000 8.000000 0.000000
3 395 8.000000 7.000000 0.125000
3 396 9.000000 8.000000 0.111111
3 397 13.000000 13.000000 -0.000000
3 398 2.000000 2.000000 0.000000
3 399 8.000000 8.000000 0.000000
3 400 5.000000 5.000000 0.000000
4 1 15.000000 13.000000 0.133333
4 2 32.000000 32.000000 0.000000
4 3 8.000000 8.000000 0.000000
4 4 22.000000 20.000000 0.090909
4 5 2.000000 2.000000 0.000000
4 6 3.000000 3.000000 0.000000
4 7 16.000000 16.000000 0.000000
4 8 8.000000 8.000000 0.000000
4 9 9.000000 8.000000 0.111111
4 10 22.000000 19.000000 0.136364
4 11 6.000000 6.000000 0.000000
4 12 12.000000 12.000000 -0.000000
4 13 4.000000 4.000000 0.000000
4 14 12.000000 12.000000 0.000000
4 15 13.000000 12.000000 0.076923
4 16 16.000000 14.000000 0.125000
4 17 10.000000 10.000000 0.000000
4 18 18.000000 17.000000 0.055556
4 19 20.000000 20.000000 0.000000
4 20 8.000000 8.000000 0.000000
4 21 22.000000 21.000000 0.045455
4 22 14.000000 14.000000 0.000000
4 23 7.000000 7.000000 0.000000
4 24 5.000000 5.000000 -0.000000
4 25 5.000000 5.000000 0.000000
4 26 5.000000 5.000000 -0.000000
4 27 25.000000 24.000000 0.040000
4 28 14.000000 12.000000 0.142857
4 29 14.000000 13.000000 0.071429
4 30 2.000000 2.000000 0.000000
4 31 12.000000 12.000000 0.000000
4 32 9.000000 9.000000 0.000000
4 33 2.000000 2.000000 0.000000
4 34 11.000000 11.000000 0.000000
4 35 34.000000 34.000000 0.000000
4 36 19.000000 17.000000 0.105263
4 37 20.000000 20.000000 0.000000
4 38 12.000000 11.000000 0.083333
4 39 14.000000 14.000000 -0.000000
4 40 13.000000 13.000000 0.000000
4 41 19.000000 19.000000 0.000000
4 42 5.000000 5.000000 0.000000
4 43 2.000000 2.000000 0.000000
4 44 10.000000 10.000000 0.000000
4 45 7.000000 7.000000 -0.000000
4 46 5.000000 5.000000 0.000000
4 47 9.000000 9.000000 0.000000
4 48 4.000000 4.000000 0.000000
4 49 10.000000 10.000000 0.000000
4 50 19.000000 19.000000 0.000000
4 51 4.000000 4.000000 0.000000
4 52 14.000000 12.000000 0.142857
4 53 8.000000 8.000000 0.000000
4 54 16.000000 15.000000 0.062500
4 55 16.000000 15.000000 0.062500
4 56 13.000000 13.000000 0.000000
4 57 21.000000 19.000000 0.095238
4 58 2.000000 2.000000 0.000000
4 59 20.000000 19.000000 0.050000
4 60 15.000000 15.000000 0.000000
4 61 2.000000 2.000000 0.000000
4 62 20.000000 20.000000 0.000000
4 63 2.000000 2.000000 0.000000
4 64 16.000000 15.000000 0.062500
4 65 15.000000 15.000000 -0.000000
4 66 2.000000 2.000000 0.000000
4 67 21.000000 21.000000 0.000000
4 68 5.000000 5.000000 -0.000000
4 69 9.000000 9.000000 0.000000
4 70 13.000000 13.000000 0.000000
4 71 7.000000 7.000000 -0.000000
4 72 10.000000 10.000000 0.000000
4 73 17.000000 15.000000 0.117647
4 74 19.000000 17.000000 0.105263
4 75 14.000000 14.000000 0.000000
4 76 9.000000 9.000000 0.000000
4 77 23.000000 21.000000 0.086957
4 78 10.000000 10.000000 0.000000
4 79 17.000000 17.000000 0.000000
4 80 25.000000 21.000000 0.160000
4 81 19.000000 19.000000 0.000000
4 82 20.000000 19.000000 0.050000
4 83 23.000000 21.000000 0.086957
4 84 9.000000 9.000000 0.000000
4 85 27.000000 24.000000 0.111111
4 86 12.000000 11.000000 0.083333
4 87 28.000000 28.000000 0.000000
4 88 9.000000 9.000000 0.000000
4 89 17.000000 17.000000 0.000000
4 90 10.000000 10.000000 0.000000
4 91 28.000000 27.000000 0.035714
4 92 11.000000 11.000000 0.000000
4 93 7.000000 7.000000 0.000000
4 94 2.000000 2.000000 0.000000
4 95 12.000000 12.000000 -0.000000
4 96 3.000000 3.000000 0.000000
4 97 8.000000 8.000000 0.000000
4 98 17.000000 15.000000 0.117647
4 99 13.000000 13.000000 0.000000
4 100 21.000000 21.000000 0.000000
4 101 15.000000 14.000000 0.066667
4 102 19.000000 19.000000 0.000000
4 103 22.000000 22.000000 0.000000
4 104 14.000000 14.000000 0.000000
4 105 2.000000 2.000000 0.000000
4 106 13.000000 13.000000 0.000000
4 107 15.000000 13.000000 0.133333
4 108 21.000000 20.000000 0.047619
4 109 19.000000 18.000000 0.052632
4 110 25.000000 24.000000 0.040000
4 111 9.000000 9.000000 0.000000
4 112 14.000000 14.000000 0.000000
4 113 3.000000 3.000000 0.000000
4 114 2.000000 2.000000 0.000000
4 115 7.000000 7.000000 0.000000
4 116 18.000000 18.000000 0.000000
4 117 8.000000 7.000000 0.125000
4 118 8.000000 7.000000 0.125000
4 119 21.000000 20.000000 0.047619
4 120 22.000000 20.000000 0.090909
4 121 13.000000 13.000000 0.000000
4 122 6.000000 6.000000 0.000000
4 123 37.000000 35.000000 0.054054
4 124 14.000000 14.000000 0.000000
4 125 5.000000 5.000000 0.000000
4 126 12.000000 10.000000 0.166667
4 127 16.000000 16.000000 0.000000
4 128 11.000000 11.000000 0.000000
4 129 27.000000 27.000000 0.000000
4 130 15.000000 15.000000 0.000000
4 131 9.000000 9.000000 0.000000
4 132 18.000000 17.000000 0.055556
4 133 14.000000 14.000000 0.000000
4 134 8.000000 8.000000 0.000000
4 135 20.000000 18.000000 0.100000
4 136 10.000000 10.000000 0.000000
4 137 16.000000 16.000000 0.000000
4 138 16.000000 14.000000 0.125000
4 139 10.000000 10.000000 0.000000
4 140 24.000000 24.000000 0.000000
4 141 22.000000 22.000000 0.000000
4 142 4.000000 4.000000 0.000000
4 143 8.000000 8.000000 0.000000
4 144 4.000000 4.000000 0.000000
4 145 13.000000 13.000000 -0.000000
4 146 3.000000 3.000000 0.000000
4 147 15.000000 15.000000 0.000000
4 148 15.000000 14.000000 0.066667
4 149 9.000000 9.000000 0.000000
4 150 9.000000 9.000000 0.000000
4 151 14.000000 13.000000 0.071429
4 152 19.000000 17.000000 0.105263
4 153 16.000000 14.000000 0.125000
4 154 18.000000 16.000000 0.111111
4 155 5.000000 5.000000 -0.000000
4 156 9.000000 8.000000 0.111111
4 157 14.000000 14.000000 0.000000
4 158 9.000000 9.000000 0.000000
4 159 18.000000 17.000000 0.055556
4 160 11.000000 11.000000 0.000000
4 161 24.000000 22.000000 0.083333
4 162 13.000000 13.000000 0.000000
4 163 5.000000 5.000000 0.000000
4 164 12.000000 11.000000 0.083333
4 165 22.000000 19.000000 0.136364
4 166 16.000000 14.000000 0.125000
4 167 29.000000 25.000000 0.137931
4 168 26.000000 26.000000 0.000000
4 169 14.000000 13.000000 0.071429
4 170 12.000000 12.000000 -0.000000
4 171 16.000000 16.000000 0.000000
4 172 17.000000 17.000000 0.000000
4 173 2.000000 2.000000 0.000000
4 174 2.000000 2.000000 0.000000
4 175 6.000000 6.000000 0.000000
4 176 11.000000 11.000000 -0.000000
4 177 21.000000 18.000000 0.142857
4 178 10.000000 9.000000 0.100000
4 179 21.000000 21.000000 0.000000
4 180 9.000000 9.000000 0.000000
4 181 19.000000 17.000000 0.105263
4 182 2.000000 2.000000 0.000000
4 183 2.000000 2.000000 0.000000
4 184 9.000000 9.000000 0.000000
4 185 18.000000 18.000000 0.000000
4 186 6.000000 6.000000 0.000000
4 187 15.000000 15.000000 0.000000
4 188 9.000000 9.000000 0.000000
4 189 35.000000 32.000000 0.085714
4 190 2.000000 2.000000 0.000000
4 191 26.000000 24.000000 0.076923
4 192 15.000000 15.000000 0.000000
4 193 12.000000 11.000000 0.083333
4 194 15.000000 15.000000 0.000000
4 195 11.000000 11.000000 0.000000
4 196 10.000000 10.000000 -0.000000
4 197 7.000000 7.000000 0.000000
4 198 28.000000 28.000000 -0.000000
4 199 2.000000 2.000000 0.000000
4 200 18.000000 18.000000 0.000000
4 201 17.000000 17.000000 0.000000
4 202 26.000000 26.000000 0.000000
4 203 6.000000 6.000000 0.000000
4 204 17.000000 16.000000 0.058824
4 205 14.000000 14.000000 0.000000
4 206 2.000000 2.000000 0.000000
4 207 15.000000 14.000000 0.066667
4 208 21.000000 20.000000 0.047619
4 209 7.000000 7.000000 0.000000
4 210 17.000000 17.000000 0.000000
4 211 7.000000 7.000000 0.000000
4 212 3.000000 3.000000 0.000000
4 213 13.000000 13.000000 0.000000
4 214 29.000000 29.000000 -0.000000
4 215 18.000000 18.000000 0.000000
4 216 18.000000 18.000000 0.000000
4 217 22.000000 22.000000 0.000000
4 218 25.000000 22.000000 0.120000
4 219 23.000000 23.000000 0.000000
4 220 9.000000 9.000000 0.000000
4 221 11.000000 11.000000 0.000000
4 222 8.000000 8.000000 0.000000
4 223 2.000000 2.000000 0.000000
4 224 16.000000 15.000000 0.062500
4 225 9.000000 9.000000 0.000000
4 226 21.000000 21.000000 0.000000
4 227 11.000000 11.000000 0.000000
4 228 25.000000 22.000000 0.120000
4 229 23.000000 23.000000 0.000000
4 230 12.000000 12.000000 -0.000000
4 231 3.000000 3.000000 0.000000
4 232 9.000000 9.000000 0.000000
4 233 9.000000 9.000000 0.000000
4 234 7.000000 7.000000 0.000000
4 235 2.000000 2.000000 0.000000
4 236 5.000000 5.000000 -0.000000
4 237 10.000000 9.000000 0.100000
4 238 9.000000 9.000000 0.000000
4 239 23.000000 21.000000 0.086957
4 240 2.000000 2.000000 0.000000
4 241 8.000000 8.000000 0.000000
4 242 17.000000 16.000000 0.058824
4 243 28.000000 24.000000 0.142857
4 244 18.000000 17.000000 0.055556
4 245 20.000000 20.000000 0.000000
4 246 12.000000 12.000000 0.000000
4 247 10.000000 10.000000 0.000000
4 248 11.000000 11.000000 0.000000
4 249 12.000000 12.000000 0.000000
4 250 11.000000 10.000000 0.090909
4 251 7.000000 7.000000 0.000000
4 252 24.000000 23.000000 0.041667
4 253 9.000000 9.000000 0.000000
4 254 9.000000 9.000000 0.000000
4 255 15.000000 14.000000 0.066667
4 256 7.000000 6.000000 0.142857
4 257 21.000000 19.000000 0.095238
4 258 19.000000 19.000000 0.000000
4 259 9.000000 9.000000 0.000000
4 260 14.000000 14.000000 -0.000000
4 261 4.000000 4.000000 0.000000
4 262 27.000000 26.000000 0.037037
4 263 14.000000 13.000000 0.071429
4 264 7.000000 7.000000 0.000000
4 265 17.000000 16.000000 0.058824
4 266 14.000000 14.000000 -0.000000
4 267 24.000000 22.000000 0.083333
4 268 4.000000 4.000000 0.000000
4 269 21.000000 21.000000 0.000000
4 270 4.000000 4.000000 0.000000
4 271 7.000000 7.000000 0.000000
4 272 27.000000 27.000000 0.000000
4 273 18.000000 17.000000 0.055556
4 274 5.000000 5.000000 0.000000
4 275 31.000000 28.000000 0.096774
4 276 11.000000 11.000000 0.000000
4 277 17.000000 17.000000 0.000000
4 278 11.000000 11.000000 0.000000
4 279 22.000000 22.000000 0.000000
4 280 8.000000 7.000000 0.125000
4 281 17.000000 17.000000 0.000000
4 282 21.000000 21.000000 0.000000
4 283 10.000000 10.000000 0.000000
4 284 22.000000 20.000000 0.090909
4 285 26.000000 22.000000 0.153846
4 286 15.000000 15.000000 0.000000
4 287 24.000000 22.000000 0.083333
4 288 24.000000 22.000000 0.083333
4 289 8.000000 8.000000 0.000000
4 290 20.000000 20.000000 0.000000
4 291 22.000000 20.000000 0.090909
4 292 25.000000 23.000000 0.080000
4 293 2.000000 2.000000 0.000000
4 294 12.000000 12.000000 0.000000
4 295 2.000000 2.000000 0.000000
4 296 17.000000 16.000000 0.058824
4 297 5.000000 5.000000 -0.000000
4 298 6.000000 6.000000 0.000000
4 299 23.000000 22.000000 0.043478
4 300 14.000000 13.000000 0.071429
4 301 9.000000 9.000000 0.000000
4 302 12.000000 12.000000 -0.000000
4 303 16.000000 14.000000 0.125000
4 304 7.000000 7.000000 0.000000
4 305 18.000000 16.000000 0.111111
4 306 21.000000 20.000000 0.047619
4 307 30.000000 30.000000 0.000000
4 308 13.000000 11.000000 0.153846
4 309 8.000000 8.000000 0.000000
4 310 2.000000 2.000000 0.000000
4 311 6.000000 6.000000 0.000000
4 312 10.000000 9.000000 0.100000
4 313 10.000000 10.000000 0.000000
4 314 4.000000 4.000000 0.000000
4 315 15.000000 14.000000 0.066667
4 316 15.000000 15.000000 0.000000
4 317 18.000000 18.000000 0.000000
4 318 9.000000 9.000000 0.000000
4 319 25.000000 25.000000 0.000000
4 320 16.000000 13.000000 0.187500
4 321 7.000000 7.000000 0.000000
4 322 19.000000 19.000000 0.000000
4 323 24.000000 24.000000 0.000000
4 324 7.000000 7.000000 0.000000
4 325 21.000000 21.000000 0.000000
4 326 2.000000 2.000000 0.000000
4 327 7.000000 7.000000 0.000000
4 328 18.000000 17.000000 0.055556
4 329 19.000000 19.000000 0.000000
4 330 17.000000 15.000000 0.117647
4 331 8.000000 8.000000 0.000000
4 332 8.000000 8.000000 0.000000
4 333 6.000000 6.000000 0.000000
4 334 15.000000 15.000000 0.000000
4 335 19.000000 19.000000 0.000000
4 336 10.000000 10.000000 0.000000
4 337 7.000000 7.000000 0.000000
4 338 20.000000 18.000000 0.100000
4 339 31.000000 27.000000 0.129032
4 340 27.000000 25.000000 0.074074
4 341 12.000000 12.000000 0.000000
4 342 10.000000 10.000000 0.000000
4 343 15.000000 15.000000 -0.000000
4 344 2.000000 2.000000 0.000000
4 345 11.000000 11.000000 -0.000000
4 346 25.000000 23.000000 0.080000
4 347 9.000000 9.000000 0.000000
4 348 23.000000 23.000000 0.000000
4 349 6.000000 6.000000 0.000000
4 350 33.000000 30.000000 0.090909
4 351 31.000000 29.000000 0.064516
4 352 9.000000 9.000000 0.000000
4 353 13.000000 13.000000 0.000000
4 354 17.000000 14.000000 0.176471
4 355 29.000000 27.000000 0.068966
4 356 12.000000 12.000000 0.000000
4 357 2.000000 2.000000 0.000000
4 358 2.000000 2.000000 0.000000
4 359 14.000000 12.000000 0.142857
4 360 24.000000 22.000000 0.083333
4 361 3.000000 3.000000 0.000000
4 362 20.000000 18.000000 0.100000
4 363 6.000000 6.000000 0.000000
4 364 2.000000 2.000000 0.000000
4 365 13.000000 12.000000 0.076923
4 366 17.000000 16.000000 0.058824
4 367 2.000000 2.000000 0.000000
4 368 5.000000 5.000000 0.000000
4 369 15.000000 13.000000 0.133333
4 370 7.000000 7.000000 0.000000
4 371 21.000000 21.000000 0.000000
4 372 7.000000 7.000000 0.000000
4 373 11.000000 11.000000 0.000000
4 374 40.000000 37.000000 0.075000
4 375 14.000000 13.000000 0.071429
4 376 15.000000 14.000000 0.066667
4 377 28.000000 25.000000 0.107143
4 378 17.000000 17.000000 0.000000
4 379 22.000000 22.000000 -0.000000
4 380 13.000000 13.000000 0.000000
4 381 17.000000 15.000000 0.117647
4 382 6.000000 6.000000 0.000000
4 383 8.000000 8.000000 0.000000
4 384 13.000000 13.000000 0.000000
4 385 17.000000 17.000000 0.000000
4 386 10.000000 10.000000 -0.000000
4 387 13.000000 13.000000 0.000000
4 388 47.000000 41.000000 0.127660
4 389 2.000000 2.000000 0.000000
4 390 9.000000 9.000000 0.000000
4 391 7.000000 7.000000 0.000000
4 392 14.000000 14.000000 0.000000
4 393 20.000000 19.000000 0.050000
4 394 25.000000 24.000000 0.040000
4 395 10.000000 10.000000 -0.000000
4 396 7.000000 7.000000 0.000000
4 397 30.000000 26.000000 0.133333
4 398 10.000000 10.000000 0.000000
4 399 18.000000 16.000000 0.111111
4 400 16.000000 16.000000 0.000000
5 1 51.000000 48.000000 0.058824
5 2 31.000000 31.000000 -0.000000
5 3 19.000000 18.000000 0.052632
5 4 23.000000 23.000000 0.000000
5 5 24.000000 24.000000 0.000000
5 6 23.000000 23.000000 -0.000000
5 7 2.000000 2.000000 0.000000
5 8 24.000000 24.000000 0.000000
5 9 39.000000 35.000000 0.102564
5 10 15.000000 14.000000 0.066667
5 11 25.000000 25.000000 0.000000
5 12 54.000000 50.000000 0.074074
5 13 45.000000 43.000000 0.044444
5 14 37.000000 35.000000 0.054054
5 15 45.000000 41.000000 0.088889
5 16 31.000000 29.000000 0.064516
5 17 20.000000 20.000000 0.000000
5 18 20.000000 20.000000 0.000000
5 19 23.000000 23.000000 0.000000
5 20 34.000000 34.000000 0.000000
5 21 28.000000 26.000000 0.071429
5 22 41.000000 39.000000 0.048780
5 23 43.000000 42.000000 0.023256
5 24 31.000000 31.000000 0.000000
5 25 21.000000 21.000000 0.000000
5 26 2.000000 2.000000 0.000000
5 27 21.000000 19.000000 0.095238
5 28 31.000000 29.000000 0.064516
5 29 16.000000 16.000000 0.000000
5 30 25.000000 25.000000 0.000000
5 31 51.000000 49.000000 0.039216
5 32 27.000000 26.000000 0.037037
5 33 34.000000 34.000000 0.000000
5 34 34.000000 31.000000 0.088235
5 35 21.000000 21.000000 0.000000
5 36 38.000000 34.000000 0.105263
5 37 34.000000 32.000000 0.058824
5 38 25.000000 23.000000 0.080000
5 39 44.000000 43.000000 0.022727
5 40 17.000000 17.000000 0.000000
5 41 41.000000 39.000000 0.048780
5 42 39.000000 39.000000 0.000000
5 43 55.000000 53.000000 0.036364
5 44 41.000000 38.000000 0.073171
5 45 29.000000 26.000000 0.103448
5 46 54.000000 54.000000 0.000000
5 47 34.000000 34.000000 0.000000
5 48 42.000000 42.000000 0.000000
5 49 37.000000 37.000000 0.000000
5 50 62.000000 55.000000 0.112903
5 51 8.000000 8.000000 0.000000
5 52 19.000000 15.000000 0.210526
5 53 32.000000 29.000000 0.093750
5 54 36.000000 33.000000 0.083333
5 55 9.000000 9.000000 0.000000
5 56 26.000000 24.000000 0.076923
5 57 60.000000 54.000000 0.100000
5 58 14.000000 12.000000 0.142857
5 59 56.000000 54.000000 0.035714
5 60 39.000000 37.000000 0.051282
5 61 40.000000 40.000000 -0.000000
5 62 14.000000 14.000000 0.000000
5 63 35.000000 30.000000 0.142857
5 64 2.000000 2.000000 0.000000
5 65 35.000000 32.000000 0.085714
5 66 29.000000 27.000000 0.068966
5 67 33.000000 33.000000 0.000000
5 68 21.000000 19.000000 0.095238
5 69 31.000000 31.000000 0.000000
5 70 28.000000 25.000000 0.107143
5 71 35.000000 33.000000 0.057143
5 72 42.000000 42.000000 0.000000
5 73 23.000000 22.000000 0.043478
5 74 29.000000 25.000000 0.137931
5 75 42.000000 39.000000 0.071429
5 76 22.000000 22.000000 -0.000000
5 77 24.000000 23.000000 0.041667
5 78 17.000000 16.000000 0.058824
5 79 15.000000 15.000000 -0.000000
5 80 26.000000 26.000000 -0.000000
5 81 36.000000 34.000000 0.055556
5 82 24.000000 24.000000 0.000000
5 83 39.000000 36.000000 0.076923
5 84 23.000000 21.000000 0.086957
5 85 37.000000 34.000000 0.081081
5 86 38.000000 38.000000 0.000000
5 87 40.000000 38.000000 0.050000
5 88 52.000000 48.000000 0.076923
5 89 13.000000 13.000000 0.000000
5 90 38.000000 36.000000 0.052632
5 91 20.000000 20.000000 0.000000
5 92 30.000000 29.000000 0.033333
5 93 7.000000 7.000000 0.000000
5 94 28.000000 23.000000 0.178571
5 95 2.000000 2.000000 0.000000
5 96 47.000000 44.000000 0.063830
5 97 32.000000 30.000000 0.062500
5 98 11.000000 11.000000 0.000000
5 99 18.000000 18.000000 0.000000
5 100 16.000000 16.000000 -0.000000
5 101 54.000000 52.000000 0.037037
5 102 39.000000 36.000000 0.076923
5 103 51.000000 49.000000 0.039216
5 104 37.000000 37.000000 0.000000
5 105 36.000000 36.000000 -0.000000
5 106 21.000000 21.000000 -0.000000
5 107 31.000000 30.000000 0.032258
5 108 44.000000 40.000000 0.090909
5 109 37.000000 37.000000 0.000000
5 110 11.000000 11.000000 0.000000
5 111 37.000000 37.000000 0.000000
5 112 2.000000 2.000000 0.000000
5 113 22.000000 20.000000 0.090909
5 114 25.000000 25.000000 0.000000
5 115 52.000000 48.000000 0.076923
5 116 31.000000 29.000000 0.064516
5 117 32.000000 30.000000 0.062500
5 118 42.000000 38.000000 0.095238
5 119 41.000000 37.000000 0.097561
5 120 45.000000 45.000000 -0.000000
5 121 22.000000 21.000000 0.045455
5 122 45.000000 43.000000 0.044444
5 123 7.000000 7.000000 0.000000
5 124 31.000000 31.000000 -0.000000
5 125 50.000000 46.000000 0.080000
5 126 9.000000 9.000000 0.000000
5 127 15.000000 15.000000 0.000000
5 128 20.000000 20.000000 0.000000
5 129 38.000000 38.000000 0.000000
5 130 55.000000 55.000000 0.000000
5 131 12.000000 11.000000 0.083333
5 132 42.000000 38.000000 0.095238
5 133 32.000000 30.000000 0.062500
5 134 36.000000 34.000000 0.055556
5 135 57.000000 54.000000 0.052632
5 136 22.000000 21.000000 0.045455
5 137 11.000000 11.000000 0.000000
5 138 19.000000 18.000000 0.052632
5 139 9.000000 9.000000 0.000000
5 140 42.000000 41.000000 0.023810
5 141 37.000000 36.000000 0.027027
5 142 30.000000 28.000000 0.066667
5 143 42.000000 41.000000 0.023810
5 144 29.000000 26.000000 0.103448
5 145 36.000000 36.000000 0.000000
5 146 19.000000 19.000000 0.000000
5 147 26.000000 26.000000 0.000000
5 148 22.000000 16.000000 0.272727
5 149 31.000000 31.000000 0.000000
5 150 40.000000 40.000000 0.000000
5 151 21.000000 21.000000 0.000000
5 152 21.000000 19.000000 0.095238
5 153 24.000000 24.000000 0.000000
5 154 21.000000 19.000000 0.095238
5 155 49.000000 43.000000 0.122449
5 156 29.000000 27.000000 0.068966
5 157 29.000000 29.000000 -0.000000
5 158 13.000000 13.000000 0.000000
5 159 25.000000 25.000000 0.000000
5 160 39.000000 38.000000 0.025641
5 161 43.000000 42.000000 0.023256
5 162 22.000000 22.000000 0.000000
5 163 21.000000 21.000000 0.000000
5 164 26.000000 26.000000 0.000000
5 165 26.000000 26.000000 0.000000
5 166 36.000000 34.000000 0.055556
5 167 34.000000 34.000000 -0.000000
5 168 38.000000 36.000000 0.052632
5 169 19.000000 19.000000 0.000000
5 170 29.000000 26.000000 0.103448
5 171 11.000000 11.000000 0.000000
5 172 25.000000 24.000000 0.040000
5 173 34.000000 34.000000 0.000000
5 174 52.000000 48.000000 0.076923
5 175 31.000000 27.000000 0.129032
5 176 7.000000 7.000000 0.000000
5 177 20.000000 19.000000 0.050000
5 178 26.000000 25.000000 0.038462
5 179 21.000000 20.000000 0.047619
5 180 42.000000 39.000000 0.071429
5 181 23.000000 23.000000 0.000000
5 182 28.000000 27.000000 0.035714
5 183 40.000000 34.000000 0.150000
5 184 28.000000 28.000000 0.000000
5 185 30.000000 28.000000 0.066667
5 186 20.000000 20.000000 0.000000
5 187 31.000000 31.000000 0.000000
5 188 60.000000 55.000000 0.083333
5 189 65.000000 62.000000 0.046154
5 190 44.000000 39.000000 0.113636
5 191 26.000000 26.000000 0.000000
5 192 15.000000 14.000000 0.066667
5 193 53.000000 53.000000 0.000000
5 194 60.000000 57.000000 0.050000
5 195 30.000000 28.000000 0.066667
5 196 52.000000 46.000000 0.115385
5 197 48.000000 48.000000 0.000000
5 198 59.000000 57.000000 0.033898
5 199 59.000000 57.000000 0.033898
5 200 7.000000 7.000000 0.000000
5 201 52.000000 47.000000 0.096154
5 202 31.000000 27.000000 0.129032
5 203 18.000000 16.000000 0.111111
5 204 67.000000 62.000000 0.074627
5 205 18.000000 17.000000 0.055556
5 206 35.000000 35.000000 0.000000
5 207 27.000000 24.000000 0.111111
5 208 52.000000 45.000000 0.134615
5 209 14.000000 14.000000 0.000000
5 210 35.000000 35.000000 0.000000
5 211 20.000000 20.000000 0.000000
5 212 24.000000 24.000000 0.000000
5 213 42.000000 40.000000 0.047619
5 214 20.000000 20.000000 0.000000
5 215 42.000000 42.000000 0.000000
5 216 10.000000 10.000000 0.000000
5 217 30.000000 30.000000 0.000000
5 218 53.000000 49.000000 0.075472
5 219 15.000000 14.000000 0.066667
5 220 42.000000 42.000000 0.000000
5 221 6.000000 6.000000 0.000000
5 222 64.000000 61.000000 0.046875
5 223 29.000000 29.000000 0.000000
5 224 23.000000 22.000000 0.043478
5 225 33.000000 30.000000 0.090909
5 226 16.000000 13.000000 0.187500
5 227 34.000000 33.000000 0.029412
5 228 31.000000 29.000000 0.064516
5 229 2.000000 2.000000 0.000000
5 230 19.000000 19.000000 0.000000
5 231 51.000000 46.000000 0.098039
5 232 28.000000 26.000000 0.071429
5 233 37.000000 37.000000 0.000000
5 234 32.000000 32.000000 0.000000
5 235 31.000000 31.000000 -0.000000
5 236 6.000000 6.000000 0.000000
5 237 17.000000 17.000000 0.000000
5 238 25.000000 23.000000 0.080000
5 239 12.000000 12.000000 0.000000
5 240 28.000000 26.000000 0.071429
5 241 20.000000 20.000000 0.000000
5 242 20.000000 17.000000 0.150000
5 243 11.000000 11.000000 -0.000000
5 244 35.000000 33.000000 0.057143
5 245 15.000000 15.000000 -0.000000
5 246 18.000000 16.000000 0.111111
5 247 33.000000 31.000000 0.060606
5 248 14.000000 14.000000 0.000000
5 249 29.000000 27.000000 0.068966
5 250 38.000000 36.000000 0.052632
5 251 45.000000 41.000000 0.088889
5 252 33.000000 29.000000 0.121212
5 253 32.000000 32.000000 0.000000
5 254 13.000000 13.000000 0.000000
5 255 38.000000 34.000000 0.105263
5 256 21.000000 21.000000 -0.000000
5 257 38.000000 38.000000 0.000000
5 258 25.000000 25.000000 -0.000000
5 259 31.000000 31.000000 -0.000000
5 260 54.000000 54.000000 -0.000000
5 261 52.000000 47.000000 0.096154
5 262 14.000000 14.000000 0.000000
5 263 19.000000 19.000000 -0.000000
5 264 24.000000 24.000000 -0.000000
5 265 2.000000 2.000000 0.000000
5 266 24.000000 23.000000 0.041667
5 267 63.000000 61.000000 0.031746
5 268 42.000000 39.000000 0.071429
5 269 29.000000 28.000000 0.034483
5 270 41.000000 30.000000 0.268293
5 271 9.000000 9.000000 0.000000
5 272 31.000000 28.000000 0.096774
5 273 47.000000 45.000000 0.042553
5 274 14.000000 14.000000 0.000000
5 275 61.000000 61.000000 0.000000
5 276 56.000000 48.000000 0.142857
5 277 20.000000 20.000000 0.000000
5 278 10.000000 10.000000 0.000000
5 279 17.000000 17.000000 0.000000
5 280 46.000000 46.000000 0.000000
5 281 27.000000 26.000000 0.037037
5 282 25.000000 25.000000 0.000000
5 283 37.000000 36.000000 0.027027
5 284 30.000000 30.000000 0.000000
5 285 49.000000 40.000000 0.183673
5 286 38.000000 30.000000 0.210526
5 287 14.000000 14.000000 -0.000000
5 288 22.000000 22.000000 0.000000
5 289 21.000000 21.000000 -0.000000
5 290 30.000000 30.000000 -0.000000
5 291 16.000000 15.000000 0.062500
5 292 37.000000 35.000000 0.054054
5 293 59.000000 56.000000 0.050847
5 294 34.000000 32.000000 0.058824
5 295 25.000000 21.000000 0.160000
5 296 34.000000 32.000000 0.058824
5 297 17.000000 15.000000 0.117647
5 298 42.000000 37.000000 0.119048
5 299 27.000000 27.000000 0.000000
5 300 31.000000 31.000000 0.000000
5 301 15.000000 13.000000 0.133333
5 302 18.000000 18.000000 0.000000
5 303 23.000000 20.000000 0.130435
5 304 17.000000 17.000000 0.000000
5 305 30.000000 30.000000 -0.000000
5 306 2.000000 2.000000 0.000000
5 307 39.000000 36.000000 0.076923
5 308 17.000000 17.000000 0.000000
5 309 29.000000 29.000000 0.000000
5 310 36.000000 36.000000 0.000000
5 311 49.000000 49.000000 0.000000
5 312 31.000000 29.000000 0.064516
5 313 19.000000 19.000000 -0.000000
5 314 8.000000 8.000000 0.000000
5 315 39.000000 34.000000 0.128205
5 316 20.000000 20.000000 0.000000
5 317 14.000000 12.000000 0.142857
5 318 29.000000 27.000000 0.068966
5 319 25.000000 25.000000 0.000000
5 320 37.000000 36.000000 0.027027
5 321 17.000000 16.000000 0.058824
5 322 39.000000 37.000000 0.051282
5 323 47.000000 43.000000 0.085106
5 324 22.000000 22.000000 0.000000
5 325 39.000000 39.000000 0.000000
5 326 54.000000 46.000000 0.148148
5 327 48.000000 48.000000 0.000000
5 328 14.000000 14.000000 -0.000000
5 329 16.000000 16.000000 0.000000
5 330 40.000000 40.000000 -0.000000
5 331 16.000000 15.000000 0.062500
5 332 22.000000 20.000000 0.090909
5 333 22.000000 22.000000 0.000000
5 334 22.000000 20.000000 0.090909
5 335 29.000000 27.000000 0.068966
5 336 35.000000 35.000000 0.000000
5 337 11.000000 11.000000 0.000000
5 338 21.000000 19.000000 0.095238
5 339 11.000000 11.000000 0.000000
5 340 23.000000 23.000000 0.000000
5 341 13.000000 13.000000 0.000000
5 342 44.000000 42.000000 0.045455
5 343 26.000000 26.000000 0.000000
5 344 13.000000 13.000000 0.000000
5 345 17.000000 17.000000 0.000000
5 346 42.000000 39.000000 0.071429
5 347 22.000000 22.000000 -0.000000
5 348 46.000000 42.000000 0.086957
5 349 46.000000 44.000000 0.043478
5 350 27.000000 25.000000 0.074074
5 351 31.000000 31.000000 0.000000
5 352 41.000000 38.000000 0.073171
5 353 14.000000 14.000000 0.000000
5 354 66.000000 64.000000 0.030303
5 355 36.000000 32.000000 0.111111
5 356 32.000000 30.000000 0.062500
5 357 33.000000 33.000000 0.000000
5 358 29.000000 26.000000 0.103448
5 359 34.000000 34.000000 -0.000000
5 360 26.000000 24.000000 0.076923
5 361 15.000000 15.000000 0.000000
5 362 20.000000 20.000000 0.000000
5 363 35.000000 34.000000 0.028571
5 364 16.000000 16.000000 0.000000
5 365 6.000000 6.000000 0.000000
5 366 29.000000 27.000000 0.068966
5 367 7.000000 7.000000 0.000000
5 368 16.000000 14.000000 0.125000
5 369 17.000000 17.000000 0.000000
5 370 16.000000 16.000000 0.000000
5 371 40.000000 40.000000 0.000000
5 372 36.000000 35.000000 0.027778
5 373 47.000000 45.000000 0.042553
5 374 50.000000 48.000000 0.040000
5 375 27.000000 27.000000 0.000000
5 376 32.000000 30.000000 0.062500
5 377 20.000000 20.000000 0.000000
5 378 28.000000 28.000000 -0.000000
5 379 47.000000 47.000000 0.000000
5 380 16.000000 16.000000 0.000000
5 381 14.000000 14.000000 0.000000
5 382 13.000000 13.000000 0.000000
5 383 14.000000 14.000000 0.000000
5 384 16.000000 16.000000 0.000000
5 385 28.000000 28.000000 0.000000
5 386 20.000000 19.000000 0.050000
5 387 33.000000 30.000000 0.090909
5 388 34.000000 34.000000 0.000000
5 389 10.000000 10.000000 0.000000
5 390 26.000000 26.000000 0.000000
5 391 11.000000 11.000000 0.000000
5 392 26.000000 24.000000 0.076923
5 393 18.000000 18.000000 0.000000
5 394 20.000000 20.000000 0.000000
5 395 39.000000 39.000000 0.000000
5 396 31.000000 31.000000 0.000000
5 397 14.000000 14.000000 0.000000
5 398 12.000000 12.000000 -0.000000
5 399 48.000000 44.000000 0.083333
5 400 34.000000 34.000000 0.000000
6 1 20.000000 20.000000 0.000000
6 2 82.000000 75.000000 0.085366
6 3 73.000000 70.000000 0.041096
6 4 86.000000 84.000000 0.023256
6 5 42.000000 42.000000 0.000000
6 6 5.000000 5.000000 -0.000000
6 7 44.000000 42.000000 0.045455
6 8 39.000000 37.000000 0.051282
6 9 110.000000 96.000000 0.127273
6 10 38.000000 34.000000 0.105263
6 11 51.000000 51.000000 0.000000
6 12 70.000000 67.000000 0.042857
6 13 86.000000 81.000000 0.058140
6 14 90.000000 90.000000 0.000000
6 15 70.000000 62.000000 0.114286
6 16 48.000000 44.000000 0.083333
6 17 66.000000 63.000000 0.045455
6 18 111.000000 107.000000 0.036036
6 19 49.000000 47.000000 0.040816
6 20 46.000000 44.000000 0.043478
6 21 39.000000 38.000000 0.025641
6 22 81.000000 78.000000 0.037037
6 23 83.000000 76.000000 0.084337
6 24 118.000000 111.000000 0.059322
6 25 74.000000 73.000000 0.013514
6 26 136.000000 122.000000 0.102941
6 27 45.000000 44.000000 0.022222
6 28 81.000000 81.000000 -0.000000
6 29 67.000000 62.000000 0.074627
6 30 55.000000 50.000000 0.090909
6 31 51.000000 51.000000 0.000000
6 32 68.000000 67.000000 0.014706
6 33 46.000000 46.000000 0.000000
6 34 66.000000 62.000000 0.060606
6 35 101.000000 101.000000 0.000000
6 36 119.000000 113.000000 0.050420
6 37 13.000000 13.000000 0.000000
6 38 92.000000 83.000000 0.097826
6 39 24.000000 24.000000 -0.000000
6 40 69.000000 69.000000 0.000000
6 41 50.000000 47.000000 0.060000
6 42 112.000000 101.000000 0.098214
6 43 80.000000 78.000000 0.025000
6 44 67.000000 65.000000 0.029851
6 45 40.000000 40.000000 0.000000
6 46 82.000000 76.000000 0.073171
6 47 29.000000 27.000000 0.068966
6 48 39.000000 39.000000 -0.000000
6 49 11.000000 11.000000 0.000000
6 50 61.000000 58.000000 0.049180
6 51 90.000000 87.000000 0.033333
6 52 72.000000 72.000000 0.000000
6 53 86.000000 85.000000 0.011628
6 54 84.000000 78.000000 0.071429
6 55 110.000000 110.000000 0.000000
6 56 65.000000 65.000000 0.000000
6 57 42.000000 42.000000 0.000000
6 58 28.000000 25.000000 0.107143
6 59 87.000000 77.000000 0.114943
6 60 39.000000 39.000000 -0.000000
6 61 109.000000 97.000000 0.110092
6 62 99.000000 99.000000 0.000000
6 63 62.000000 62.000000 0.000000
6 64 30.000000 28.000000 0.066667
6 65 19.000000 17.000000 0.105263
6 66 46.000000 44.000000 0.043478
6 67 71.000000 68.000000 0.042254
6 68 89.000000 85.000000 0.044944
6 69 13.000000 13.000000 0.000000
6 70 101.000000 97.000000 0.039604
6 71 80.000000 73.000000 0.087500
6 72 38.000000 38.000000 0.000000
6 73 50.000000 46.000000 0.080000
6 74 67.000000 61.000000 0.089552
6 75 50.000000 50.000000 0.000000
6 76 45.000000 45.000000 0.000000
6 77 85.000000 83.000000 0.023529
6 78 97.000000 83.000000 0.144330
6 79 72.000000 70.000000 0.027778
6 80 94.000000 86.000000 0.085106
6 81 28.000000 25.000000 0.107143
6 82 17.000000 17.000000 0.000000
6 83 33.000000 31.000000 0.060606
6 84 94.000000 93.000000 0.010638
6 85 114.000000 112.000000 0.017544
6 86 51.000000 51.000000 0.000000
6 87 49.000000 49.000000 0.000000
6 88 66.000000 64.000000 0.030303
6 89 43.000000 40.000000 0.069767
6 90 88.000000 80.000000 0.090909
6 91 52.000000 50.000000 0.038462
6 92 82.000000 75.000000 0.085366
6 93 14.000000 14.000000 0.000000
6 94 79.000000 76.000000 0.037975
6 95 45.000000 42.000000 0.066667
6 96 84.000000 78.000000 0.071429
6 97 129.000000 123.000000 0.046512
6 98 40.000000 38.000000 0.050000
6 99 15.000000 15.000000 0.000000
6 100 33.000000 31.000000 0.060606
6 101 73.000000 69.000000 0.054795
6 102 18.000000 18.000000 0.000000
6 103 62.000000 57.000000 0.080645
6 104 50.000000 50.000000 0.000000
6 105 34.000000 34.000000 0.000000
6 106 83.000000 79.000000 0.048193
6 107 65.000000 65.000000 0.000000
6 108 64.000000 60.000000 0.062500
6 109 49.000000 48.000000 0.020408
6 110 88.000000 85.000000 0.034091
6 111 99.000000 93.000000 0.060606
6 112 86.000000 83.000000 0.034884
6 113 113.000000 102.000000 0.097345
6 114 38.000000 38.000000 0.000000
6 115 78.000000 70.000000 0.102564
6 116 48.000000 48.000000 0.000000
6 117 39.000000 39.000000 0.000000
6 118 57.000000 54.000000 0.052632
6 119 40.000000 39.000000 0.025000
6 120 70.000000 65.000000 0.071429
6 121 17.000000 17.000000 0.000000
6 122 59.000000 59.000000 0.000000
6 123 103.000000 96.000000 0.067961
6 124 123.000000 117.000000 0.048780
6 125 94.000000 88.000000 0.063830
6 126 74.000000 68.000000 0.081081
6 127 81.000000 81.000000 0.000000
6 128 37.000000 37.000000 0.000000
6 129 42.000000 42.000000 0.000000
6 130 39.000000 36.000000 0.076923
6 131 100.000000 94.000000 0.060000
6 132 43.000000 41.000000 0.046512
6 133 79.000000 76.000000 0.037975
6 134 52.000000 49.000000 0.057692
6 135 108.000000 101.000000 0.064815
6 136 56.000000 53.000000 0.053571
6 137 61.000000 55.000000 0.098361
6 138 77.000000 70.000000 0.090909
6 139 46.000000 44.000000 0.043478
6 140 58.000000 58.000000 0.000000
6 141 70.000000 62.000000 0.114286
6 142 117.000000 110.000000 0.059829
6 143 87.000000 82.000000 0.057471
6 144 55.000000 53.000000 0.036364
6 145 70.000000 67.000000 0.042857
6 146 2.000000 2.000000 0.000000
6 147 32.000000 32.000000 0.000000
6 148 48.000000 45.000000 0.062500
6 149 43.000000 43.000000 -0.000000
6 150 30.000000 30.000000 -0.000000
6 151 105.000000 103.000000 0.019048
6 152 109.000000 100.000000 0.082569
6 153 98.000000 94.000000 0.040816
6 154 58.000000 56.000000 0.034483
6 155 45.000000 44.000000 0.022222
6 156 46.000000 44.000000 0.043478
6 157 89.000000 87.000000 0.022472
6 158 101.000000 98.000000 0.029703
6 159 63.000000 57.000000 0.095238
6 160 76.000000 76.000000 0.000000
6 161 63.000000 62.000000 0.015873
6 162 126.000000 126.000000 -0.000000
6 163 69.000000 68.000000 0.014493
6 164 107.000000 99.000000 0.074766
6 165 12.000000 12.000000 0.000000
6 166 55.000000 55.000000 0.000000
6 167 47.000000 47.000000 0.000000
6 168 57.000000 57.000000 0.000000
6 169 109.000000 104.000000 0.045872
6 170 126.000000 122.000000 0.031746
6 171 107.000000 100.000000 0.065421
6 172 25.000000 21.000000 0.160000
6 173 33.000000 31.000000 0.060606
6 174 27.000000 26.000000 0.037037
6 175 78.000000 76.000000 0.025641
6 176 110.000000 106.000000 0.036364
6 177 57.000000 55.000000 0.035088
6 178 13.000000 13.000000 0.000000
6 179 75.000000 70.000000 0.066667
6 180 36.000000 36.000000 0.000000
6 181 69.000000 66.000000 0.043478
6 182 45.000000 41.000000 0.088889
6 183 31.000000 31.000000 0.000000
6 184 126.000000 117.000000 0.071429
6 185 85.000000 82.000000 0.035294
6 186 28.000000 28.000000 0.000000
6 187 99.000000 94.000000 0.050505
6 188 49.000000 47.000000 0.040816
6 189 45.000000 45.000000 0.000000
6 190 45.000000 45.000000 0.000000
6 191 40.000000 38.000000 0.050000
6 192 52.000000 48.000000 0.076923
6 193 76.000000 74.000000 0.026316
6 194 35.000000 35.000000 0.000000
6 195 43.000000 41.000000 0.046512
6 196 62.000000 62.000000 0.000000
6 197 37.000000 37.000000 0.000000
6 198 44.000000 41.000000 0.068182
6 199 94.000000 89.000000 0.053191
6 200 113.000000 103.000000 0.088496
6 201 78.000000 76.000000 0.025641
6 202 39.000000 35.000000 0.102564
6 203 59.000000 56.000000 0.050847
6 204 66.000000 59.000000 0.106061
6 205 99.000000 91.000000 0.080808
6 206 72.000000 69.000000 0.041667
6 207 58.000000 55.000000 0.051724
6 208 106.000000 106.000000 0.000000
6 209 114.000000 104.000000 0.087719
6 210 36.000000 36.000000 0.000000
6 211 49.000000 47.000000 0.040816
6 212 39.000000 39.000000 0.000000
6 213 61.000000 59.000000 0.032787
6 214 31.000000 31.000000 0.000000
6 215 83.000000 76.000000 0.084337
6 216 18.000000 18.000000 0.000000
6 217 79.000000 77.000000 0.025316
6 218 3.000000 3.000000 0.000000
6 219 41.000000 36.000000 0.121951
6 220 34.000000 34.000000 -0.000000
6 221 83.000000 83.000000 -0.000000
6 222 44.000000 44.000000 -0.000000
6 223 79.000000 76.000000 0.037975
6 224 6.000000 6.000000 0.000000
6 225 97.000000 94.000000 0.030928
6 226 24.000000 24.000000 0.000000
6 227 56.000000 55.000000 0.017857
6 228 57.000000 57.000000 -0.000000
6 229 81.000000 79.000000 0.024691
6 230 44.000000 43.000000 0.022727
6 231 87.000000 80.000000 0.080460
6 232 102.000000 102.000000 0.000000
6 233 93.000000 83.000000 0.107527
6 234 54.000000 53.000000 0.018519
6 235 32.000000 31.000000 0.031250
6 236 147.000000 139.000000 0.054422
6 237 34.000000 34.000000 0.000000
6 238 115.000000 111.000000 0.034783
6 239 118.000000 106.000000 0.101695
6 240 57.000000 54.000000 0.052632
6 241 81.000000 76.000000 0.061728
6 242 22.000000 22.000000 0.000000
6 243 22.000000 22.000000 0.000000
6 244 24.000000 20.000000 0.166667
6 245 56.000000 55.000000 0.017857
6 246 48.000000 48.000000 -0.000000
6 247 60.000000 59.000000 0.016667
6 248 83.000000 82.000000 0.012048
6 249 38.000000 38.000000 0.000000
6 250 53.000000 53.000000 0.000000
6 251 33.000000 32.000000 0.030303
6 252 61.000000 60.000000 0.016393
6 253 129.000000 117.000000 0.093023
6 254 53.000000 53.000000 0.000000
6 255 54.000000 48.000000 0.111111
6 256 59.000000 59.000000 -0.000000
6 257 49.000000 49.000000 -0.000000
6 258 39.000000 39.000000 0.000000
6 259 54.000000 51.000000 0.055556
6 260 105.000000 90.000000 0.142857
6 261 49.000000 46.000000 0.061224
6 262 48.000000 47.000000 0.020833
6 263 30.000000 26.000000 0.133333
6 264 87.000000 85.000000 0.022989
6 265 83.000000 77.000000 0.072289
6 266 97.000000 95.000000 0.020619
6 267 84.000000 76.000000 0.095238
6 268 67.000000 67.000000 0.000000
6 269 87.000000 87.000000 -0.000000
6 270 95.000000 91.000000 0.042105
6 271 32.000000 29.000000 0.093750
6 272 63.000000 62.000000 0.015873
6 273 48.000000 44.000000 0.083333
6 274 131.000000 131.000000 -0.000000
6 275 36.000000 34.000000 0.055556
6 276 66.000000 64.000000 0.030303
6 277 29.000000 26.000000 0.103448
6 278 59.000000 57.000000 0.033898
6 279 79.000000 71.000000 0.101266
6 280 73.000000 71.000000 0.027397
6 281 108.000000 102.000000 0.055556
6 282 32.000000 32.000000 0.000000
6 283 41.000000 41.000000 0.000000
6 284 110.000000 106.000000 0.036364
6 285 60.000000 60.000000 0.000000
6 286 38.000000 37.000000 0.026316
6 287 87.000000 81.000000 0.068966
6 288 103.000000 103.000000 -0.000000
6 289 38.000000 36.000000 0.052632
6 290 55.000000 55.000000 0.000000
6 291 46.000000 46.000000 0.000000
6 292 31.000000 26.000000 0.161290
6 293 45.000000 43.000000 0.044444
6 294 32.000000 29.000000 0.093750
6 295 52.000000 47.000000 0.096154
6 296 65.000000 62.000000 0.046154
6 297 79.000000 71.000000 0.101266
6 298 66.000000 61.000000 0.075758
6 299 97.000000 97.000000 0.000000
6 300 62.000000 62.000000 -0.000000
6 301 16.000000 16.000000 0.000000
6 302 74.000000 71.000000 0.040541
6 303 50.000000 50.000000 0.000000
6 304 48.000000 44.000000 0.083333
6 305 37.000000 36.000000 0.027027
6 306 61.000000 58.000000 0.049180
6 307 14.000000 14.000000 -0.000000
6 308 77.000000 67.000000 0.129870
6 309 83.000000 83.000000 0.000000
6 310 71.000000 69.000000 0.028169
6 311 85.000000 76.000000 0.105882
6 312 105.000000 98.000000 0.066667
6 313 78.000000 72.000000 0.076923
6 314 66.000000 61.000000 0.075758
6 315 29.000000 29.000000 0.000000
6 316 51.000000 49.000000 0.039216
6 317 77.000000 71.000000 0.077922
6 318 58.000000 52.000000 0.103448
6 319 24.000000 24.000000 0.000000
6 320 39.000000 36.000000 0.076923
6 321 78.000000 69.000000 0.115385
6 322 69.000000 68.000000 0.014493
6 323 40.000000 39.000000 0.025000
6 324 58.000000 56.000000 0.034483
6 325 28.000000 26.000000 0.071429
6 326 56.000000 55.000000 0.017857
6 327 66.000000 66.000000 0.000000
6 328 51.000000 48.000000 0.058824
6 329 64.000000 63.000000 0.015625
6 330 60.000000 58.000000 0.033333
6 331 70.000000 69.000000 0.014286
6 332 48.000000 48.000000 0.000000
6 333 90.000000 89.000000 0.011111
6 334 109.000000 107.000000 0.018349
6 335 36.000000 36.000000 -0.000000
6 336 76.000000 76.000000 0.000000
6 337 40.000000 40.000000 0.000000
6 338 25.000000 25.000000 -0.000000
6 339 54.000000 53.000000 0.018519
6 340 49.000000 42.000000 0.142857
6 341 75.000000 72.000000 0.040000
6 342 54.000000 54.000000 0.000000
6 343 69.000000 67.000000 0.028986
6 344 11.000000 11.000000 0.000000
6 345 66.000000 61.000000 0.075758
6 346 62.000000 60.000000 0.032258
6 347 43.000000 43.000000 0.000000
6 348 91.000000 83.000000 0.087912
6 349 53.000000 45.000000 0.150943
6 350 87.000000 85.000000 0.022989
6 351 26.000000 23.000000 0.115385
6 352 111.000000 106.000000 0.045045
6 353 121.000000 117.000000 0.033058
6 354 108.000000 108.000000 -0.000000
6 355 91.000000 78.000000 0.142857
6 356 92.000000 89.000000 0.032609
6 357 58.000000 58.000000 0.000000
6 358 94.000000 92.000000 0.021277
6 359 105.000000 97.000000 0.076190
6 360 85.000000 79.000000 0.070588
6 361 53.000000 51.000000 0.037736
6 362 61.000000 58.000000 0.049180
6 363 28.000000 27.000000 0.035714
6 364 54.000000 51.000000 0.055556
6 365 87.000000 86.000000 0.011494
6 366 90.000000 88.000000 0.022222
6 367 95.000000 89.000000 0.063158
6 368 63.000000 62.000000 0.015873
6 369 54.000000 54.000000 0.000000
6 370 85.000000 83.000000 0.023529
6 371 64.000000 64.000000 0.000000
6 372 77.000000 70.000000 0.090909
6 373 58.000000 55.000000 0.051724
6 374 84.000000 76.000000 0.095238
6 375 2.000000 2.000000 0.000000
6 376 75.000000 73.000000 0.026667
6 377 70.000000 67.000000 0.042857
6 378 43.000000 42.000000 0.023256
6 379 48.000000 48.000000 0.000000
6 380 85.000000 83.000000 0.023529
6 381 52.000000 52.000000 0.000000
6 382 41.000000 41.000000 0.000000
6 383 91.000000 82.000000 0.098901
6 384 49.000000 47.000000 0.040816
6 385 26.000000 23.000000 0.115385
6 386 43.000000 43.000000 0.000000
6 387 72.000000 70.000000 0.027778
6 388 49.000000 42.000000 0.142857
6 389 112.000000 107.000000 0.044643
6 390 45.000000 42.000000 0.066667
6 391 59.000000 59.000000 0.000000
6 392 25.000000 25.000000 -0.000000
6 393 32.000000 28.000000 0.125000
6 394 87.000000 79.000000 0.091954
6 395 54.000000 49.000000 0.092593
6 396 61.000000 59.000000 0.032787
6 397 37.000000 34.000000 0.081081
6 398 53.000000 50.000000 0.056604
6 399 49.000000 42.000000 0.142857
6 400 75.000000 74.000000 0.013333
7 1 227.000000 212.000000 0.066079
7 2 63.000000 56.000000 0.111111
7 3 91.000000 85.000000 0.065934
7 4 167.000000 159.000000 0.047904
7 5 215.000000 204.000000 0.051163
7 6 147.000000 145.000000 0.013605
7 7 167.000000 164.000000 0.017964
7 8 167.000000 167.000000 -0.000000
7 9 186.000000 178.000000 0.043011
7 10 159.000000 159.000000 -0.000000
7 11 225.000000 211.000000 0.062222
7 12 97.000000 93.000000 0.041237
7 13 43.000000 43.000000 -0.000000
7 14 166.000000 160.000000 0.036145
7 15 152.000000 150.000000 0.013158
7 16 90.000000 86.000000 0.044444
7 17 139.000000 139.000000 0.000000
7 18 183.000000 171.000000 0.065574
7 19 143.000000 143.000000 0.000000
7 20 147.000000 144.000000 0.020408
7 21 158.000000 158.000000 -0.000000
7 22 186.000000 180.000000 0.032258
7 23 159.000000 151.000000 0.050314
7 24 204.000000 192.000000 0.058824
7 25 55.000000 53.000000 0.036364
7 26 36.000000 33.000000 0.083333
7 27 85.000000 85.000000 0.000000
7 28 84.000000 80.000000 0.047619
7 29 181.000000 168.000000 0.071823
7 30 83.000000 83.000000 0.000000
7 31 185.000000 179.000000 0.032432
7 32 66.000000 66.000000 0.000000
7 33 89.000000 89.000000 0.000000
7 34 72.000000 72.000000 0.000000
7 35 88.000000 88.000000 -0.000000
7 36 110.000000 110.000000 0.000000
7 37 226.000000 219.000000 0.030973
7 38 104.000000 104.000000 0.000000
7 39 53.000000 47.000000 0.113208
7 40 185.000000 177.000000 0.043243
7 41 41.000000 40.000000 0.024390
7 42 117.000000 116.000000 0.008547
7 43 92.000000 89.000000 0.032609
7 44 174.000000 155.000000 0.109195
7 45 128.000000 124.000000 0.031250
7 46 94.000000 92.000000 0.021277
7 47 127.000000 119.000000 0.062992
7 48 153.000000 144.000000 0.058824
7 49 130.000000 127.000000 0.023077
7 50 131.000000 129.000000 0.015267
7 51 102.000000 101.000000 0.009804
7 52 61.000000 55.000000 0.098361
7 53 73.000000 72.000000 0.013699
7 54 194.000000 184.000000 0.051546
7 55 151.000000 151.000000 0.000000
7 56 110.000000 104.000000 0.054545
7 57 99.000000 92.000000 0.070707
7 58 164.000000 151.000000 0.079268
7 59 123.000000 123.000000 0.000000
7 60 216.000000 210.000000 0.027778
7 61 49.000000 45.000000 0.081633
7 62 66.000000 66.000000 0.000000
7 63 185.000000 182.000000 0.016216
7 64 193.000000 186.000000 0.036269
7 65 67.000000 65.000000 0.029851
7 66 154.000000 145.000000 0.058442
7 67 67.000000 65.000000 0.029851
7 68 116.000000 111.000000 0.043103
7 69 312.000000 285.000000 0.086538
7 70 106.000000 101.000000 0.047170
7 71 101.000000 95.000000 0.059406
7 72 85.000000 83.000000 0.023529
7 73 201.000000 190.000000 0.054726
7 74 241.000000 241.000000 -0.000000
7 75 91.000000 88.000000 0.032967
7 76 262.000000 253.000000 0.034351
7 77 125.000000 125.000000 0.000000
7 78 176.000000 170.000000 0.034091
7 79 53.000000 53.000000 0.000000
7 80 69.000000 68.000000 0.014493
7 81 128.000000 123.000000 0.039062
7 82 38.000000 36.000000 0.052632
7 83 126.000000 117.000000 0.071429
7 84 43.000000 39.000000 0.093023
7 85 131.000000 126.000000 0.038168
7 86 137.000000 136.000000 0.007299
7 87 84.000000 83.000000 0.011905
7 88 59.000000 57.000000 0.033898
7 89 17.000000 17.000000 0.000000
7 90 212.000000 206.000000 0.028302
7 91 332.000000 305.000000 0.081325
7 92 72.000000 64.000000 0.111111
7 93 162.000000 148.000000 0.086420
7 94 105.000000 105.000000 0.000000
7 95 107.000000 107.000000 0.000000
7 96 146.000000 137.000000 0.061644
7 97 132.000000 129.000000 0.022727
7 98 157.000000 152.000000 0.031847
7 99 42.000000 42.000000 0.000000
7 100 72.000000 72.000000 0.000000
7 101 213.000000 201.000000 0.056338
7 102 183.000000 162.000000 0.114754
7 103 168.000000 162.000000 0.035714
7 104 197.000000 181.000000 0.081218
7 105 163.000000 154.000000 0.055215
7 106 92.000000 88.000000 0.043478
7 107 131.000000 130.000000 0.007634
7 108 129.000000 120.000000 0.069767
7 109 84.000000 81.000000 0.035714
7 110 94.000000 90.000000 0.042553
7 111 110.000000 107.000000 0.027273
7 112 177.000000 172.000000 0.028249
7 113 123.000000 123.000000 0.000000
7 114 138.000000 134.000000 0.028986
7 115 154.000000 147.000000 0.045455
7 116 91.000000 89.000000 0.021978
7 117 54.000000 54.000000 0.000000
7 118 110.000000 107.000000 0.027273
7 119 133.000000 130.000000 0.022556
7 120 62.000000 56.000000 0.096774
7 121 48.000000 48.000000 -0.000000
7 122 106.000000 100.000000 0.056604
7 123 129.000000 124.000000 0.038760
7 124 161.000000 160.000000 0.006211
7 125 174.000000 169.000000 0.028736
7 126 206.000000 196.000000 0.048544
7 127 67.000000 65.000000 0.029851
7 128 198.000000 188.000000 0.050505
7 129 164.000000 158.000000 0.036585
7 130 99.000000 94.000000 0.050505
7 131 246.000000 236.000000 0.040650
7 132 51.000000 49.000000 0.039216
7 133 204.000000 199.000000 0.024510
7 134 137.000000 135.000000 0.014599
7 135 73.000000 71.000000 0.027397
7 136 81.000000 81.000000 0.000000
7 137 169.000000 157.000000 0.071006
7 138 61.000000 61.000000 0.000000
7 139 253.000000 236.000000 0.067194
7 140 39.000000 37.000000 0.051282
7 141 150.000000 150.000000 0.000000
7 142 146.000000 144.000000 0.013699
7 143 177.000000 173.000000 0.022599
7 144 160.000000 154.000000 0.037500
7 145 165.000000 164.000000 0.006061
7 146 194.000000 180.000000 0.072165
7 147 72.000000 72.000000 -0.000000
7 148 145.000000 134.000000 0.075862
7 149 33.000000 30.000000 0.090909
7 150 84.000000 82.000000 0.023810
7 151 63.000000 59.000000 0.063492
7 152 208.000000 199.000000 0.043269
7 153 271.000000 261.000000 0.036900
7 154 142.000000 142.000000 0.000000
7 155 232.000000 218.000000 0.060345
7 156 261.000000 243.000000 0.068966
7 157 108.000000 108.000000 0.000000
7 158 151.000000 146.000000 0.033113
7 159 112.000000 103.000000 0.080357
7 160 123.000000 114.000000 0.073171
7 161 83.000000 77.000000 0.072289
7 162 113.000000 113.000000 0.000000
7 163 138.000000 134.000000 0.028986
7 164 203.000000 200.000000 0.014778
7 165 122.000000 117.000000 0.040984
7 166 52.000000 52.000000 0.000000
7 167 103.000000 93.000000 0.097087
7 168 76.000000 76.000000 -0.000000
7 169 246.000000 236.000000 0.040650
7 170 122.000000 119.000000 0.024590
7 171 159.000000 139.000000 0.125786
7 172 139.000000 129.000000 0.071942
7 173 216.000000 213.000000 0.013889
7 174 141.000000 131.000000 0.070922
7 175 194.000000 192.000000 0.010309
7 176 111.000000 103.000000 0.072072
7 177 116.000000 114.000000 0.017241
7 178 161.000000 161.000000 0.000000
7 179 43.000000 38.000000 0.116279
7 180 54.000000 54.000000 0.000000
7 181 190.000000 185.000000 0.026316
7 182 120.000000 120.000000 0.000000
7 183 143.000000 139.000000 0.027972
7 184 96.000000 96.000000 0.000000
7 185 132.000000 130.000000 0.015152
7 186 51.000000 51.000000 0.000000
7 187 240.000000 233.000000 0.029167
7 188 311.000000 282.000000 0.093248
7 189 168.000000 163.000000 0.029762
7 190 147.000000 146.000000 0.006803
7 191 139.000000 128.000000 0.079137
7 192 37.000000 37.000000 0.000000
7 193 104.000000 102.000000 0.019231
7 194 57.000000 51.000000 0.105263
7 195 131.000000 128.000000 0.022901
7 196 246.000000 231.000000 0.060976
7 197 236.000000 229.000000 0.029661
7 198 207.000000 201.000000 0.028986
7 199 116.000000 112.000000 0.034483
7 200 239.000000 222.000000 0.071130
7 201 116.000000 105.000000 0.094828
7 202 25.000000 25.000000 0.000000
7 203 157.000000 152.000000 0.031847
7 204 206.000000 199.000000 0.033981
7 205 154.000000 154.000000 0.000000
7 206 77.000000 70.000000 0.090909
7 207 33.000000 33.000000 0.000000
7 208 49.000000 49.000000 0.000000
7 209 37.000000 35.000000 0.054054
7 210 136.000000 130.000000 0.044118
7 211 119.000000 117.000000 0.016807
7 212 89.000000 78.000000 0.123596
7 213 161.000000 158.000000 0.018634
7 214 73.000000 69.000000 0.054795
7 215 42.000000 42.000000 0.000000
7 216 162.000000 162.000000 0.000000
7 217 274.000000 254.000000 0.072993
7 218 162.000000 156.000000 0.037037
7 219 142.000000 138.000000 0.028169
7 220 165.000000 165.000000 -0.000000
7 221 69.000000 69.000000 0.000000
7 222 38.000000 38.000000 0.000000
7 223 107.000000 100.000000 0.065421
7 224 71.000000 69.000000 0.028169
7 225 221.000000 206.000000 0.067873
7 226 84.000000 81.000000 0.035714
7 227 68.000000 67.000000 0.014706
7 228 144.000000 140.000000 0.027778
7 229 112.000000 112.000000 0.000000
7 230 245.000000 225.000000 0.081633
7 231 104.000000 100.000000 0.038462
7 232 144.000000 144.000000 0.000000
7 233 71.000000 71.000000 0.000000
7 234 140.000000 133.000000 0.050000
7 235 183.000000 170.000000 0.071038
7 236 136.000000 133.000000 0.022059
7 237 103.000000 100.000000 0.029126
7 238 67.000000 64.000000 0.044776
7 239 76.000000 75.000000 0.013158
7 240 215.000000 203.000000 0.055814
7 241 146.000000 139.000000 0.047945
7 242 280.000000 260.000000 0.071429
7 243 40.000000 40.000000 0.000000
7 244 162.000000 153.000000 0.055556
7 245 52.000000 52.000000 -0.000000
7 246 167.000000 164.000000 0.017964
7 247 71.000000 69.000000 0.028169
7 248 98.000000 91.000000 0.071429
7 249 113.000000 111.000000 0.017699
7 250 114.000000 104.000000 0.087719
7 251 38.000000 38.000000 -0.000000
7 252 234.000000 214.000000 0.085470
7 253 217.000000 209.000000 0.036866
7 254 261.000000 239.000000 0.084291
7 255 65.000000 58.000000 0.107692
7 256 167.000000 160.000000 0.041916
7 257 256.000000 246.000000 0.039062
7 258 170.000000 160.000000 0.058824
7 259 129.000000 124.000000 0.038760
7 260 66.000000 66.000000 0.000000
7 261 88.000000 83.000000 0.056818
7 262 191.000000 182.000000 0.047120
7 263 130.000000 123.000000 0.053846
7 264 162.000000 158.000000 0.024691
7 265 88.000000 88.000000 0.000000
7 266 126.000000 122.000000 0.031746
7 267 76.000000 75.000000 0.013158
7 268 190.000000 173.000000 0.089474
7 269 202.000000 184.000000 0.089109
7 270 56.000000 47.000000 0.160714
7 271 233.000000 227.000000 0.025751
7 272 220.000000 208.000000 0.054545
7 273 92.000000 89.000000 0.032609
7 274 147.000000 146.000000 0.006803
7 275 158.000000 152.000000 0.037975
7 276 107.000000 96.000000 0.102804
7 277 212.000000 198.000000 0.066038
7 278 157.000000 155.000000 0.012739
7 279 109.000000 104.000000 0.045872
7 280 247.000000 234.000000 0.052632
7 281 191.000000 184.000000 0.036649
7 282 145.000000 138.000000 0.048276
7 283 126.000000 118.000000 0.063492
7 284 102.000000 102.000000 0.000000
7 285 146.000000 140.000000 0.041096
7 286 111.000000 103.000000 0.072072
7 287 105.000000 105.000000 0.000000
7 288 123.000000 110.000000 0.105691
7 289 49.000000 45.000000 0.081633
7 290 39.000000 38.000000 0.025641
7 291 134.000000 124.000000 0.074627
7 292 70.000000 67.000000 0.042857
7 293 172.000000 168.000000 0.023256
7 294 217.000000 209.000000 0.036866
7 295 164.000000 162.000000 0.012195
7 296 84.000000 82.000000 0.023810
7 297 222.000000 206.000000 0.072072
7 298 141.000000 126.000000 0.106383
7 299 137.000000 135.000000 0.014599
7 300 175.000000 169.000000 0.034286
7 301 158.000000 152.000000 0.037975
7 302 139.000000 138.000000 0.007194
7 303 50.000000 47.000000 0.060000
7 304 113.000000 110.000000 0.026549
7 305 72.000000 65.000000 0.097222
7 306 85.000000 83.000000 0.023529
7 307 104.000000 94.000000 0.096154
7 308 117.000000 112.000000 0.042735
7 309 68.000000 66.000000 0.029412
7 310 199.000000 191.000000 0.040201
7 311 73.000000 69.000000 0.054795
7 312 168.000000 161.000000 0.041667
7 313 125.000000 125.000000 0.000000
7 314 152.000000 145.000000 0.046053
7 315 83.000000 79.000000 0.048193
7 316 169.000000 158.000000 0.065089
7 317 127.000000 120.000000 0.055118
7 318 73.000000 71.000000 0.027397
7 319 16.000000 16.000000 0.000000
7 320 187.000000 177.000000 0.053476
7 321 72.000000 72.000000 0.000000
7 322 140.000000 128.000000 0.085714
7 323 176.000000 169.000000 0.039773
7 324 64.000000 64.000000 0.000000
7 325 54.000000 50.000000 0.074074
7 326 83.000000 81.000000 0.024096
7 327 157.000000 144.000000 0.082803
7 328 177.000000 169.000000 0.045198
7 329 156.000000 155.000000 0.006410
7 330 122.000000 122.000000 0.000000
7 331 153.000000 149.000000 0.026144
7 332 94.000000 92.000000 0.021277
7 333 88.000000 88.000000 -0.000000
7 334 133.000000 133.000000 0.000000
7 335 49.000000 49.000000 0.000000
7 336 271.000000 261.000000 0.036900
7 337 84.000000 81.000000 0.035714
7 338 212.000000 209.000000 0.014151
7 339 63.000000 63.000000 0.000000
7 340 153.000000 151.000000 0.013072
7 341 91.000000 91.000000 -0.000000
7 342 107.000000 105.000000 0.018692
7 343 130.000000 124.000000 0.046154
7 344 128.000000 118.000000 0.078125
7 345 234.000000 223.000000 0.047009
7 346 160.000000 159.000000 0.006250
7 347 149.000000 134.000000 0.100671
7 348 72.000000 70.000000 0.027778
7 349 180.000000 174.000000 0.033333
7 350 131.000000 131.000000 0.000000
7 351 108.000000 108.000000 0.000000
7 352 163.000000 159.000000 0.024540
7 353 112.000000 112.000000 0.000000
7 354 97.000000 92.000000 0.051546
7 355 99.000000 94.000000 0.050505
7 356 42.000000 42.000000 0.000000
7 357 63.000000 59.000000 0.063492
7 358 47.000000 43.000000 0.085106
7 359 136.000000 132.000000 0.029412
7 360 336.000000 311.000000 0.074405
7 361 220.000000 210.000000 0.045455
7 362 187.000000 170.000000 0.090909
7 363 144.000000 138.000000 0.041667
7 364 72.000000 70.000000 0.027778
7 365 134.000000 132.000000 0.014925
7 366 74.000000 71.000000 0.040541
7 367 179.000000 171.000000 0.044693
7 368 148.000000 128.000000 0.135135
7 369 98.000000 89.000000 0.091837
7 370 94.000000 88.000000 0.063830
7 371 162.000000 161.000000 0.006173
7 372 75.000000 66.000000 0.120000
7 373 91.000000 91.000000 0.000000
7 374 149.000000 147.000000 0.013423
7 375 137.000000 130.000000 0.051095
7 376 156.000000 148.000000 0.051282
7 377 46.000000 42.000000 0.086957
7 378 84.000000 80.000000 0.047619
7 379 88.000000 88.000000 -0.000000
7 380 171.000000 166.000000 0.029240
7 381 47.000000 45.000000 0.042553
7 382 78.000000 78.000000 0.000000
7 383 231.000000 219.000000 0.051948
7 384 131.000000 129.000000 0.015267
7 385 20.000000 20.000000 0.000000
7 386 51.000000 51.000000 0.000000
7 387 184.000000 184.000000 0.000000
7 388 214.000000 204.000000 0.046729
7 389 70.000000 64.000000 0.085714
7 390 122.000000 118.000000 0.032787
7 391 148.000000 145.000000 0.020270
7 392 67.000000 62.000000 0.074627
7 393 19.000000 19.000000 -0.000000
7 394 165.000000 150.000000 0.090909
7 395 88.000000 82.000000 0.068182
7 396 59.000000 59.000000 0.000000
7 397 190.000000 177.000000 0.068421
7 398 109.000000 106.000000 0.027523
7 399 184.000000 179.000000 0.027174
7 400 94.000000 91.000000 0.031915
MATLAB is running in headless mode.  Figure windows will not be displayed.
8 1 145.000000 145.000000 0.000000
8 2 402.000000 396.000000 0.014925
8 3 275.000000 265.000000 0.036364
8 4 99.000000 98.000000 0.010101
8 5 97.000000 95.000000 0.020619
8 6 408.000000 402.000000 0.014706
8 7 171.000000 166.000000 0.029240
8 8 222.000000 221.000000 0.004505
8 9 217.000000 208.000000 0.041475
8 10 364.000000 359.000000 0.013736
