MATLAB is running in headless mode.  Figure windows will not be displayed.
1 1 1.000000 1.000000 0.000000
1 2 2.000000 2.000000 0.000000
1 3 1.000000 1.000000 0.000000
1 4 1.000000 1.000000 0.000000
1 5 1.000000 1.000000 0.000000
1 6 1.000000 1.000000 0.000000
1 7 1.000000 1.000000 0.000000
1 8 1.000000 1.000000 0.000000
1 9 1.000000 1.000000 0.000000
1 10 1.000000 1.000000 0.000000
1 11 1.000000 1.000000 0.000000
1 12 1.000000 1.000000 0.000000
1 13 2.000000 2.000000 0.000000
1 14 1.000000 1.000000 0.000000
1 15 2.000000 2.000000 0.000000
1 16 1.000000 1.000000 0.000000
1 17 1.000000 1.000000 0.000000
1 18 1.000000 1.000000 0.000000
1 19 1.000000 1.000000 0.000000
1 20 1.000000 1.000000 0.000000
1 21 1.000000 1.000000 0.000000
1 22 1.000000 1.000000 0.000000
1 23 2.000000 2.000000 0.000000
1 24 1.000000 1.000000 0.000000
1 25 1.000000 1.000000 0.000000
1 26 1.000000 1.000000 0.000000
1 27 1.000000 1.000000 0.000000
1 28 1.000000 1.000000 0.000000
1 29 1.000000 1.000000 0.000000
1 30 1.000000 1.000000 0.000000
1 31 1.000000 1.000000 0.000000
1 32 1.000000 1.000000 0.000000
1 33 1.000000 1.000000 0.000000
1 34 2.000000 2.000000 0.000000
1 35 1.000000 1.000000 0.000000
1 36 1.000000 1.000000 0.000000
1 37 1.000000 1.000000 0.000000
1 38 1.000000 1.000000 0.000000
1 39 2.000000 2.000000 0.000000
1 40 1.000000 1.000000 0.000000
1 41 1.000000 1.000000 0.000000
1 42 1.000000 1.000000 0.000000
1 43 1.000000 1.000000 0.000000
1 44 1.000000 1.000000 0.000000
1 45 1.000000 1.000000 0.000000
1 46 2.000000 2.000000 0.000000
1 47 1.000000 1.000000 0.000000
1 48 1.000000 1.000000 0.000000
1 49 1.000000 1.000000 0.000000
1 50 1.000000 1.000000 0.000000
1 51 1.000000 1.000000 0.000000
1 52 1.000000 1.000000 0.000000
1 53 1.000000 1.000000 0.000000
1 54 1.000000 1.000000 0.000000
1 55 1.000000 1.000000 0.000000
1 56 1.000000 1.000000 0.000000
1 57 1.000000 1.000000 0.000000
1 58 2.000000 2.000000 0.000000
1 59 1.000000 1.000000 0.000000
1 60 2.000000 2.000000 0.000000
1 61 2.000000 2.000000 0.000000
1 62 1.000000 1.000000 0.000000
1 63 1.000000 1.000000 0.000000
1 64 2.000000 2.000000 0.000000
1 65 1.000000 1.000000 0.000000
1 66 1.000000 1.000000 0.000000
1 67 1.000000 1.000000 0.000000
1 68 1.000000 1.000000 0.000000
1 69 2.000000 2.000000 0.000000
1 70 1.000000 1.000000 0.000000
1 71 1.000000 1.000000 0.000000
1 72 2.000000 2.000000 0.000000
1 73 1.000000 1.000000 0.000000
1 74 1.000000 1.000000 0.000000
1 75 1.000000 1.000000 0.000000
1 76 1.000000 1.000000 0.000000
1 77 1.000000 1.000000 0.000000
1 78 1.000000 1.000000 0.000000
1 79 1.000000 1.000000 0.000000
1 80 1.000000 1.000000 0.000000
1 81 1.000000 1.000000 0.000000
1 82 1.000000 1.000000 0.000000
1 83 1.000000 1.000000 0.000000
1 84 1.000000 1.000000 0.000000
1 85 2.000000 2.000000 0.000000
1 86 2.000000 2.000000 0.000000
1 87 1.000000 1.000000 0.000000
1 88 1.000000 1.000000 0.000000
1 89 2.000000 2.000000 0.000000
1 90 2.000000 2.000000 0.000000
1 91 1.000000 1.000000 0.000000
1 92 2.000000 2.000000 0.000000
1 93 2.000000 2.000000 0.000000
1 94 1.000000 1.000000 0.000000
1 95 1.000000 1.000000 0.000000
1 96 1.000000 1.000000 0.000000
1 97 1.000000 1.000000 0.000000
1 98 1.000000 1.000000 0.000000
1 99 2.000000 2.000000 0.000000
1 100 2.000000 2.000000 0.000000
1 101 1.000000 1.000000 0.000000
1 102 1.000000 1.000000 0.000000
1 103 2.000000 2.000000 0.000000
1 104 1.000000 1.000000 0.000000
1 105 2.000000 2.000000 0.000000
1 106 1.000000 1.000000 0.000000
1 107 1.000000 1.000000 0.000000
1 108 1.000000 1.000000 0.000000
1 109 2.000000 2.000000 0.000000
1 110 1.000000 1.000000 0.000000
1 111 1.000000 1.000000 0.000000
1 112 1.000000 1.000000 0.000000
1 113 1.000000 1.000000 0.000000
1 114 2.000000 2.000000 0.000000
1 115 1.000000 1.000000 0.000000
1 116 1.000000 1.000000 0.000000
1 117 2.000000 2.000000 0.000000
1 118 1.000000 1.000000 0.000000
1 119 1.000000 1.000000 0.000000
1 120 2.000000 2.000000 0.000000
1 121 1.000000 1.000000 0.000000
1 122 1.000000 1.000000 0.000000
1 123 1.000000 1.000000 0.000000
1 124 2.000000 2.000000 0.000000
1 125 1.000000 1.000000 0.000000
1 126 1.000000 1.000000 0.000000
1 127 1.000000 1.000000 0.000000
1 128 1.000000 1.000000 0.000000
1 129 2.000000 2.000000 0.000000
1 130 1.000000 1.000000 0.000000
1 131 2.000000 2.000000 0.000000
1 132 2.000000 2.000000 0.000000
1 133 1.000000 1.000000 0.000000
1 134 1.000000 1.000000 0.000000
1 135 1.000000 1.000000 0.000000
1 136 1.000000 1.000000 0.000000
1 137 2.000000 2.000000 0.000000
1 138 1.000000 1.000000 0.000000
1 139 1.000000 1.000000 0.000000
1 140 1.000000 1.000000 0.000000
1 141 1.000000 1.000000 0.000000
1 142 2.000000 2.000000 0.000000
1 143 1.000000 1.000000 0.000000
1 144 1.000000 1.000000 0.000000
1 145 1.000000 1.000000 0.000000
1 146 1.000000 1.000000 0.000000
1 147 1.000000 1.000000 0.000000
1 148 1.000000 1.000000 0.000000
1 149 1.000000 1.000000 0.000000
1 150 2.000000 2.000000 0.000000
1 151 2.000000 2.000000 0.000000
1 152 1.000000 1.000000 0.000000
1 153 1.000000 1.000000 0.000000
1 154 1.000000 1.000000 0.000000
1 155 1.000000 1.000000 0.000000
1 156 1.000000 1.000000 0.000000
1 157 1.000000 1.000000 0.000000
1 158 1.000000 1.000000 0.000000
1 159 1.000000 1.000000 0.000000
1 160 1.000000 1.000000 0.000000
1 161 2.000000 2.000000 0.000000
1 162 1.000000 1.000000 0.000000
1 163 1.000000 1.000000 0.000000
1 164 1.000000 1.000000 0.000000
1 165 1.000000 1.000000 0.000000
1 166 1.000000 1.000000 0.000000
1 167 1.000000 1.000000 0.000000
1 168 1.000000 1.000000 0.000000
1 169 2.000000 2.000000 0.000000
1 170 1.000000 1.000000 0.000000
1 171 1.000000 1.000000 0.000000
1 172 1.000000 1.000000 0.000000
1 173 1.000000 1.000000 0.000000
1 174 1.000000 1.000000 0.000000
1 175 2.000000 2.000000 0.000000
1 176 2.000000 2.000000 0.000000
1 177 1.000000 1.000000 0.000000
1 178 1.000000 1.000000 0.000000
1 179 2.000000 2.000000 0.000000
1 180 1.000000 1.000000 0.000000
1 181 2.000000 2.000000 0.000000
1 182 1.000000 1.000000 0.000000
1 183 1.000000 1.000000 0.000000
1 184 1.000000 1.000000 0.000000
1 185 1.000000 1.000000 0.000000
1 186 1.000000 1.000000 0.000000
1 187 1.000000 1.000000 0.000000
1 188 1.000000 1.000000 0.000000
1 189 1.000000 1.000000 0.000000
1 190 1.000000 1.000000 0.000000
1 191 1.000000 1.000000 0.000000
1 192 1.000000 1.000000 0.000000
1 193 1.000000 1.000000 0.000000
1 194 1.000000 1.000000 0.000000
1 195 1.000000 1.000000 0.000000
1 196 1.000000 1.000000 0.000000
1 197 1.000000 1.000000 0.000000
1 198 1.000000 1.000000 0.000000
1 199 1.000000 1.000000 0.000000
1 200 1.000000 1.000000 0.000000
1 201 1.000000 1.000000 0.000000
1 202 1.000000 1.000000 0.000000
1 203 1.000000 1.000000 0.000000
1 204 1.000000 1.000000 0.000000
1 205 2.000000 2.000000 0.000000
1 206 1.000000 1.000000 0.000000
1 207 1.000000 1.000000 0.000000
1 208 1.000000 1.000000 0.000000
1 209 1.000000 1.000000 0.000000
1 210 1.000000 1.000000 0.000000
1 211 2.000000 2.000000 0.000000
1 212 2.000000 2.000000 0.000000
1 213 1.000000 1.000000 0.000000
1 214 1.000000 1.000000 0.000000
1 215 1.000000 1.000000 0.000000
1 216 2.000000 2.000000 0.000000
1 217 1.000000 1.000000 0.000000
1 218 2.000000 2.000000 0.000000
1 219 1.000000 1.000000 0.000000
1 220 2.000000 2.000000 0.000000
1 221 2.000000 2.000000 0.000000
1 222 1.000000 1.000000 0.000000
1 223 1.000000 1.000000 0.000000
1 224 1.000000 1.000000 0.000000
1 225 1.000000 1.000000 0.000000
1 226 1.000000 1.000000 0.000000
1 227 1.000000 1.000000 0.000000
1 228 1.000000 1.000000 0.000000
1 229 1.000000 1.000000 0.000000
1 230 1.000000 1.000000 0.000000
1 231 2.000000 2.000000 0.000000
1 232 2.000000 2.000000 0.000000
1 233 1.000000 1.000000 0.000000
1 234 1.000000 1.000000 0.000000
1 235 1.000000 1.000000 0.000000
1 236 2.000000 2.000000 0.000000
1 237 1.000000 1.000000 0.000000
1 238 2.000000 2.000000 0.000000
1 239 1.000000 1.000000 0.000000
1 240 2.000000 2.000000 0.000000
1 241 1.000000 1.000000 0.000000
1 242 1.000000 1.000000 0.000000
1 243 1.000000 1.000000 0.000000
1 244 1.000000 1.000000 0.000000
1 245 1.000000 1.000000 0.000000
1 246 1.000000 1.000000 0.000000
1 247 2.000000 2.000000 0.000000
1 248 1.000000 1.000000 0.000000
1 249 2.000000 2.000000 0.000000
1 250 1.000000 1.000000 0.000000
1 251 1.000000 1.000000 0.000000
1 252 1.000000 1.000000 0.000000
1 253 1.000000 1.000000 0.000000
1 254 1.000000 1.000000 0.000000
1 255 2.000000 2.000000 0.000000
1 256 1.000000 1.000000 0.000000
1 257 1.000000 1.000000 0.000000
1 258 2.000000 2.000000 0.000000
1 259 2.000000 2.000000 0.000000
1 260 2.000000 2.000000 0.000000
1 261 1.000000 1.000000 0.000000
1 262 1.000000 1.000000 0.000000
1 263 1.000000 1.000000 0.000000
1 264 1.000000 1.000000 0.000000
1 265 1.000000 1.000000 0.000000
1 266 1.000000 1.000000 0.000000
1 267 1.000000 1.000000 0.000000
1 268 1.000000 1.000000 0.000000
1 269 1.000000 1.000000 0.000000
1 270 1.000000 1.000000 0.000000
1 271 1.000000 1.000000 0.000000
1 272 1.000000 1.000000 0.000000
1 273 1.000000 1.000000 0.000000
1 274 2.000000 2.000000 0.000000
1 275 1.000000 1.000000 0.000000
1 276 1.000000 1.000000 0.000000
1 277 1.000000 1.000000 0.000000
1 278 1.000000 1.000000 0.000000
1 279 1.000000 1.000000 0.000000
1 280 1.000000 1.000000 0.000000
1 281 2.000000 2.000000 0.000000
1 282 1.000000 1.000000 0.000000
1 283 1.000000 1.000000 0.000000
1 284 1.000000 1.000000 0.000000
1 285 1.000000 1.000000 0.000000
1 286 2.000000 2.000000 0.000000
1 287 1.000000 1.000000 0.000000
1 288 2.000000 2.000000 0.000000
1 289 1.000000 1.000000 0.000000
1 290 1.000000 1.000000 0.000000
1 291 1.000000 1.000000 0.000000
1 292 1.000000 1.000000 0.000000
1 293 1.000000 1.000000 0.000000
1 294 1.000000 1.000000 0.000000
1 295 2.000000 2.000000 0.000000
1 296 1.000000 1.000000 0.000000
1 297 1.000000 1.000000 0.000000
1 298 2.000000 2.000000 0.000000
1 299 1.000000 1.000000 0.000000
1 300 1.000000 1.000000 0.000000
1 301 2.000000 2.000000 0.000000
1 302 1.000000 1.000000 0.000000
1 303 1.000000 1.000000 0.000000
1 304 1.000000 1.000000 0.000000
1 305 2.000000 2.000000 0.000000
1 306 2.000000 2.000000 0.000000
1 307 1.000000 1.000000 0.000000
1 308 1.000000 1.000000 0.000000
1 309 1.000000 1.000000 0.000000
1 310 1.000000 1.000000 0.000000
1 311 1.000000 1.000000 0.000000
1 312 1.000000 1.000000 0.000000
1 313 2.000000 2.000000 0.000000
1 314 1.000000 1.000000 0.000000
1 315 1.000000 1.000000 0.000000
1 316 1.000000 1.000000 0.000000
1 317 1.000000 1.000000 0.000000
1 318 1.000000 1.000000 0.000000
1 319 1.000000 1.000000 0.000000
1 320 2.000000 2.000000 0.000000
1 321 1.000000 1.000000 0.000000
1 322 2.000000 2.000000 0.000000
1 323 2.000000 2.000000 0.000000
1 324 1.000000 1.000000 0.000000
1 325 1.000000 1.000000 0.000000
1 326 1.000000 1.000000 0.000000
1 327 1.000000 1.000000 0.000000
1 328 1.000000 1.000000 0.000000
1 329 1.000000 1.000000 0.000000
1 330 1.000000 1.000000 0.000000
1 331 1.000000 1.000000 0.000000
1 332 1.000000 1.000000 0.000000
1 333 1.000000 1.000000 0.000000
1 334 1.000000 1.000000 0.000000
1 335 1.000000 1.000000 0.000000
1 336 1.000000 1.000000 0.000000
1 337 2.000000 2.000000 0.000000
1 338 1.000000 1.000000 0.000000
1 339 1.000000 1.000000 0.000000
1 340 1.000000 1.000000 0.000000
1 341 1.000000 1.000000 0.000000
1 342 1.000000 1.000000 0.000000
1 343 1.000000 1.000000 0.000000
1 344 1.000000 1.000000 0.000000
1 345 1.000000 1.000000 0.000000
1 346 2.000000 2.000000 0.000000
1 347 2.000000 2.000000 0.000000
1 348 1.000000 1.000000 0.000000
1 349 1.000000 1.000000 0.000000
1 350 1.000000 1.000000 0.000000
1 351 2.000000 2.000000 0.000000
1 352 2.000000 2.000000 0.000000
1 353 1.000000 1.000000 0.000000
1 354 1.000000 1.000000 0.000000
1 355 1.000000 1.000000 0.000000
1 356 1.000000 1.000000 0.000000
1 357 1.000000 1.000000 0.000000
1 358 1.000000 1.000000 0.000000
1 359 2.000000 2.000000 0.000000
1 360 1.000000 1.000000 0.000000
1 361 1.000000 1.000000 0.000000
1 362 1.000000 1.000000 0.000000
1 363 1.000000 1.000000 0.000000
1 364 1.000000 1.000000 0.000000
1 365 1.000000 1.000000 0.000000
1 366 1.000000 1.000000 0.000000
1 367 2.000000 2.000000 0.000000
1 368 2.000000 2.000000 0.000000
1 369 1.000000 1.000000 0.000000
1 370 2.000000 2.000000 0.000000
1 371 1.000000 1.000000 0.000000
1 372 2.000000 2.000000 0.000000
1 373 2.000000 2.000000 0.000000
1 374 1.000000 1.000000 0.000000
1 375 1.000000 1.000000 0.000000
1 376 1.000000 1.000000 0.000000
1 377 1.000000 1.000000 0.000000
1 378 1.000000 1.000000 0.000000
1 379 2.000000 2.000000 0.000000
1 380 2.000000 2.000000 0.000000
1 381 1.000000 1.000000 0.000000
1 382 1.000000 1.000000 0.000000
1 383 1.000000 1.000000 0.000000
1 384 1.000000 1.000000 0.000000
1 385 2.000000 2.000000 0.000000
1 386 1.000000 1.000000 0.000000
1 387 2.000000 2.000000 0.000000
1 388 1.000000 1.000000 0.000000
1 389 1.000000 1.000000 0.000000
1 390 1.000000 1.000000 0.000000
1 391 2.000000 2.000000 0.000000
1 392 1.000000 1.000000 0.000000
1 393 1.000000 1.000000 0.000000
1 394 1.000000 1.000000 0.000000
1 395 1.000000 1.000000 0.000000
1 396 1.000000 1.000000 0.000000
1 397 1.000000 1.000000 0.000000
1 398 1.000000 1.000000 0.000000
1 399 1.000000 1.000000 0.000000
1 400 1.000000 1.000000 0.000000
2 1 1.000000 1.000000 0.000000
2 2 1.000000 1.000000 0.000000
2 3 1.000000 1.000000 0.000000
2 4 6.000000 6.000000 0.000000
2 5 1.000000 1.000000 0.000000
2 6 1.000000 1.000000 0.000000
2 7 1.000000 1.000000 0.000000
2 8 2.000000 2.000000 0.000000
2 9 1.000000 1.000000 0.000000
2 10 2.000000 2.000000 0.000000
2 11 1.000000 1.000000 0.000000
2 12 1.000000 1.000000 0.000000
2 13 1.000000 1.000000 0.000000
2 14 2.000000 2.000000 0.000000
2 15 2.000000 2.000000 0.000000
2 16 4.000000 4.000000 0.000000
2 17 1.000000 1.000000 0.000000
2 18 1.000000 1.000000 0.000000
2 19 4.000000 4.000000 0.000000
2 20 1.000000 1.000000 0.000000
2 21 2.000000 2.000000 0.000000
2 22 1.000000 1.000000 0.000000
2 23 2.000000 2.000000 0.000000
2 24 1.000000 1.000000 0.000000
2 25 4.000000 4.000000 0.000000
2 26 6.000000 6.000000 0.000000
2 27 2.000000 2.000000 0.000000
2 28 2.000000 2.000000 0.000000
2 29 1.000000 1.000000 0.000000
2 30 4.000000 4.000000 0.000000
2 31 3.000000 3.000000 0.000000
2 32 1.000000 1.000000 0.000000
2 33 1.000000 1.000000 0.000000
2 34 4.000000 4.000000 0.000000
2 35 4.000000 4.000000 0.000000
2 36 1.000000 1.000000 0.000000
2 37 2.000000 2.000000 0.000000
2 38 1.000000 1.000000 0.000000
2 39 1.000000 1.000000 0.000000
2 40 1.000000 1.000000 0.000000
2 41 2.000000 2.000000 0.000000
2 42 1.000000 1.000000 0.000000
2 43 1.000000 1.000000 0.000000
2 44 2.000000 2.000000 0.000000
2 45 1.000000 1.000000 0.000000
2 46 1.000000 1.000000 0.000000
2 47 6.000000 6.000000 0.000000
2 48 4.000000 4.000000 0.000000
2 49 6.000000 6.000000 0.000000
2 50 6.000000 6.000000 0.000000
2 51 1.000000 1.000000 0.000000
2 52 1.000000 1.000000 0.000000
2 53 1.000000 1.000000 0.000000
2 54 1.000000 1.000000 0.000000
2 55 1.000000 1.000000 0.000000
2 56 1.000000 1.000000 0.000000
2 57 2.000000 2.000000 0.000000
2 58 1.000000 1.000000 0.000000
2 59 1.000000 1.000000 0.000000
2 60 1.000000 1.000000 0.000000
2 61 1.000000 1.000000 0.000000
2 62 4.000000 4.000000 0.000000
2 63 2.000000 2.000000 0.000000
2 64 1.000000 1.000000 0.000000
2 65 2.000000 2.000000 0.000000
2 66 2.000000 2.000000 0.000000
2 67 1.000000 1.000000 0.000000
2 68 1.000000 1.000000 0.000000
2 69 1.000000 1.000000 0.000000
2 70 1.000000 1.000000 0.000000
2 71 1.000000 1.000000 0.000000
2 72 1.000000 1.000000 0.000000
2 73 1.000000 1.000000 0.000000
2 74 1.000000 1.000000 0.000000
2 75 1.000000 1.000000 0.000000
2 76 1.000000 1.000000 0.000000
2 77 3.000000 3.000000 0.000000
2 78 4.000000 4.000000 0.000000
2 79 1.000000 1.000000 0.000000
2 80 1.000000 1.000000 0.000000
2 81 1.000000 1.000000 0.000000
2 82 1.000000 1.000000 0.000000
2 83 1.000000 1.000000 0.000000
2 84 3.000000 3.000000 0.000000
2 85 1.000000 1.000000 0.000000
2 86 4.000000 4.000000 0.000000
2 87 1.000000 1.000000 0.000000
2 88 1.000000 1.000000 0.000000
2 89 1.000000 1.000000 0.000000
2 90 1.000000 1.000000 0.000000
2 91 1.000000 1.000000 0.000000
2 92 1.000000 1.000000 0.000000
2 93 6.000000 6.000000 0.000000
2 94 2.000000 2.000000 0.000000
2 95 1.000000 1.000000 0.000000
2 96 4.000000 4.000000 0.000000
2 97 1.000000 1.000000 0.000000
2 98 1.000000 1.000000 0.000000
2 99 1.000000 1.000000 0.000000
2 100 1.000000 1.000000 0.000000
2 101 1.000000 1.000000 0.000000
2 102 3.000000 3.000000 0.000000
2 103 1.000000 1.000000 0.000000
2 104 1.000000 1.000000 0.000000
2 105 3.000000 3.000000 0.000000
2 106 1.000000 1.000000 0.000000
2 107 3.000000 3.000000 0.000000
2 108 1.000000 1.000000 0.000000
2 109 3.000000 3.000000 0.000000
2 110 1.000000 1.000000 0.000000
2 111 3.000000 3.000000 0.000000
2 112 1.000000 1.000000 0.000000
2 113 3.000000 3.000000 0.000000
2 114 2.000000 2.000000 0.000000
2 115 1.000000 1.000000 0.000000
2 116 1.000000 1.000000 0.000000
2 117 1.000000 1.000000 0.000000
2 118 2.000000 2.000000 0.000000
2 119 1.000000 1.000000 0.000000
2 120 1.000000 1.000000 0.000000
2 121 1.000000 1.000000 0.000000
2 122 2.000000 2.000000 0.000000
2 123 1.000000 1.000000 0.000000
2 124 1.000000 1.000000 0.000000
2 125 1.000000 1.000000 0.000000
2 126 2.000000 2.000000 0.000000
2 127 4.000000 4.000000 0.000000
2 128 4.000000 4.000000 0.000000
2 129 1.000000 1.000000 0.000000
2 130 1.000000 1.000000 0.000000
2 131 1.000000 1.000000 0.000000
2 132 1.000000 1.000000 0.000000
2 133 1.000000 1.000000 0.000000
2 134 1.000000 1.000000 0.000000
2 135 3.000000 3.000000 0.000000
2 136 1.000000 1.000000 0.000000
2 137 1.000000 1.000000 0.000000
2 138 4.000000 4.000000 0.000000
2 139 1.000000 1.000000 0.000000
2 140 1.000000 1.000000 0.000000
2 141 1.000000 1.000000 0.000000
2 142 1.000000 1.000000 0.000000
2 143 3.000000 3.000000 0.000000
2 144 1.000000 1.000000 0.000000
2 145 4.000000 4.000000 0.000000
2 146 1.000000 1.000000 0.000000
2 147 2.000000 2.000000 0.000000
2 148 4.000000 4.000000 0.000000
2 149 1.000000 1.000000 0.000000
2 150 6.000000 6.000000 0.000000
2 151 6.000000 6.000000 0.000000
2 152 2.000000 2.000000 0.000000
2 153 2.000000 2.000000 0.000000
2 154 3.000000 3.000000 0.000000
2 155 1.000000 1.000000 0.000000
2 156 1.000000 1.000000 0.000000
2 157 4.000000 4.000000 0.000000
2 158 1.000000 1.000000 0.000000
2 159 2.000000 2.000000 0.000000
2 160 1.000000 1.000000 0.000000
2 161 2.000000 2.000000 0.000000
2 162 2.000000 2.000000 0.000000
2 163 2.000000 2.000000 0.000000
2 164 1.000000 1.000000 0.000000
2 165 1.000000 1.000000 0.000000
2 166 2.000000 2.000000 0.000000
2 167 1.000000 1.000000 0.000000
2 168 1.000000 1.000000 0.000000
2 169 1.000000 1.000000 0.000000
2 170 2.000000 2.000000 0.000000
2 171 4.000000 4.000000 0.000000
2 172 4.000000 4.000000 0.000000
2 173 1.000000 1.000000 0.000000
2 174 1.000000 1.000000 0.000000
2 175 3.000000 3.000000 0.000000
2 176 1.000000 1.000000 0.000000
2 177 1.000000 1.000000 0.000000
2 178 1.000000 1.000000 0.000000
2 179 2.000000 2.000000 0.000000
2 180 1.000000 1.000000 0.000000
2 181 2.000000 2.000000 0.000000
2 182 2.000000 2.000000 0.000000
2 183 2.000000 2.000000 0.000000
2 184 3.000000 3.000000 0.000000
2 185 1.000000 1.000000 0.000000
2 186 2.000000 2.000000 0.000000
2 187 1.000000 1.000000 0.000000
2 188 1.000000 1.000000 0.000000
2 189 1.000000 1.000000 0.000000
2 190 1.000000 1.000000 0.000000
2 191 1.000000 1.000000 0.000000
2 192 2.000000 2.000000 0.000000
2 193 2.000000 2.000000 0.000000
2 194 4.000000 4.000000 0.000000
2 195 1.000000 1.000000 0.000000
2 196 2.000000 2.000000 0.000000
2 197 2.000000 2.000000 0.000000
2 198 1.000000 1.000000 0.000000
2 199 2.000000 2.000000 0.000000
2 200 3.000000 3.000000 0.000000
2 201 1.000000 1.000000 0.000000
2 202 4.000000 4.000000 0.000000
2 203 1.000000 1.000000 0.000000
2 204 1.000000 1.000000 0.000000
2 205 2.000000 2.000000 0.000000
2 206 1.000000 1.000000 0.000000
2 207 2.000000 2.000000 0.000000
2 208 1.000000 1.000000 0.000000
2 209 2.000000 2.000000 0.000000
2 210 1.000000 1.000000 0.000000
2 211 2.000000 2.000000 0.000000
2 212 1.000000 1.000000 0.000000
2 213 1.000000 1.000000 0.000000
2 214 1.000000 1.000000 0.000000
2 215 3.000000 3.000000 0.000000
2 216 3.000000 3.000000 0.000000
2 217 2.000000 2.000000 0.000000
2 218 1.000000 1.000000 0.000000
2 219 1.000000 1.000000 0.000000
2 220 1.000000 1.000000 0.000000
2 221 2.000000 2.000000 0.000000
2 222 2.000000 2.000000 0.000000
2 223 3.000000 3.000000 0.000000
2 224 4.000000 4.000000 0.000000
2 225 1.000000 1.000000 0.000000
2 226 1.000000 1.000000 0.000000
2 227 2.000000 2.000000 0.000000
2 228 1.000000 1.000000 0.000000
2 229 1.000000 1.000000 0.000000
2 230 4.000000 4.000000 0.000000
2 231 2.000000 2.000000 0.000000
2 232 2.000000 2.000000 0.000000
2 233 2.000000 2.000000 0.000000
2 234 1.000000 1.000000 0.000000
2 235 1.000000 1.000000 0.000000
2 236 1.000000 1.000000 0.000000
2 237 1.000000 1.000000 0.000000
2 238 1.000000 1.000000 0.000000
2 239 4.000000 4.000000 0.000000
2 240 2.000000 2.000000 0.000000
2 241 4.000000 4.000000 0.000000
2 242 2.000000 2.000000 0.000000
2 243 4.000000 4.000000 0.000000
2 244 2.000000 2.000000 0.000000
2 245 1.000000 1.000000 0.000000
2 246 2.000000 2.000000 0.000000
2 247 1.000000 1.000000 0.000000
2 248 2.000000 2.000000 0.000000
2 249 1.000000 1.000000 0.000000
2 250 2.000000 2.000000 0.000000
2 251 2.000000 2.000000 0.000000
2 252 3.000000 3.000000 0.000000
2 253 1.000000 1.000000 0.000000
2 254 2.000000 2.000000 0.000000
2 255 1.000000 1.000000 0.000000
2 256 2.000000 2.000000 0.000000
2 257 2.000000 2.000000 0.000000
2 258 2.000000 2.000000 0.000000
2 259 3.000000 3.000000 0.000000
2 260 4.000000 4.000000 0.000000
2 261 1.000000 1.000000 0.000000
2 262 2.000000 2.000000 0.000000
2 263 1.000000 1.000000 0.000000
2 264 1.000000 1.000000 0.000000
2 265 1.000000 1.000000 0.000000
2 266 1.000000 1.000000 0.000000
2 267 3.000000 3.000000 0.000000
2 268 2.000000 2.000000 0.000000
2 269 1.000000 1.000000 0.000000
2 270 4.000000 4.000000 0.000000
2 271 1.000000 1.000000 0.000000
2 272 4.000000 4.000000 0.000000
2 273 1.000000 1.000000 0.000000
2 274 1.000000 1.000000 0.000000
2 275 1.000000 1.000000 0.000000
2 276 1.000000 1.000000 0.000000
2 277 1.000000 1.000000 0.000000
2 278 3.000000 3.000000 0.000000
2 279 3.000000 3.000000 0.000000
2 280 4.000000 4.000000 0.000000
2 281 1.000000 1.000000 0.000000
2 282 1.000000 1.000000 0.000000
2 283 2.000000 2.000000 0.000000
2 284 2.000000 2.000000 0.000000
2 285 1.000000 1.000000 0.000000
2 286 1.000000 1.000000 0.000000
2 287 1.000000 1.000000 0.000000
2 288 1.000000 1.000000 0.000000
2 289 4.000000 4.000000 0.000000
2 290 2.000000 2.000000 0.000000
2 291 1.000000 1.000000 0.000000
2 292 2.000000 2.000000 0.000000
2 293 4.000000 4.000000 0.000000
2 294 1.000000 1.000000 0.000000
2 295 2.000000 2.000000 0.000000
2 296 1.000000 1.000000 0.000000
2 297 1.000000 1.000000 0.000000
2 298 4.000000 4.000000 0.000000
2 299 1.000000 1.000000 0.000000
2 300 1.000000 1.000000 0.000000
2 301 1.000000 1.000000 0.000000
2 302 4.000000 4.000000 0.000000
2 303 1.000000 1.000000 0.000000
2 304 1.000000 1.000000 0.000000
2 305 2.000000 2.000000 0.000000
2 306 2.000000 2.000000 0.000000
2 307 2.000000 2.000000 0.000000
2 308 3.000000 3.000000 0.000000
2 309 4.000000 4.000000 0.000000
2 310 4.000000 4.000000 0.000000
2 311 6.000000 6.000000 0.000000
2 312 4.000000 4.000000 0.000000
2 313 1.000000 1.000000 0.000000
2 314 1.000000 1.000000 0.000000
2 315 3.000000 3.000000 0.000000
2 316 1.000000 1.000000 0.000000
2 317 1.000000 1.000000 0.000000
2 318 1.000000 1.000000 0.000000
2 319 1.000000 1.000000 0.000000
2 320 2.000000 2.000000 0.000000
2 321 1.000000 1.000000 0.000000
2 322 1.000000 1.000000 0.000000
2 323 2.000000 2.000000 0.000000
2 324 1.000000 1.000000 0.000000
2 325 2.000000 2.000000 0.000000
2 326 1.000000 1.000000 0.000000
2 327 2.000000 2.000000 0.000000
2 328 1.000000 1.000000 0.000000
2 329 1.000000 1.000000 0.000000
2 330 4.000000 4.000000 0.000000
2 331 1.000000 1.000000 0.000000
2 332 2.000000 2.000000 0.000000
2 333 2.000000 2.000000 0.000000
2 334 1.000000 1.000000 0.000000
2 335 3.000000 3.000000 0.000000
2 336 1.000000 1.000000 0.000000
2 337 2.000000 2.000000 0.000000
2 338 1.000000 1.000000 0.000000
2 339 1.000000 1.000000 0.000000
2 340 1.000000 1.000000 0.000000
2 341 4.000000 4.000000 0.000000
2 342 1.000000 1.000000 0.000000
2 343 3.000000 3.000000 0.000000
2 344 3.000000 3.000000 0.000000
2 345 1.000000 1.000000 0.000000
2 346 1.000000 1.000000 0.000000
2 347 1.000000 1.000000 0.000000
2 348 4.000000 4.000000 0.000000
2 349 4.000000 4.000000 0.000000
2 350 4.000000 4.000000 0.000000
2 351 4.000000 4.000000 0.000000
2 352 1.000000 1.000000 0.000000
2 353 2.000000 2.000000 0.000000
2 354 3.000000 3.000000 0.000000
2 355 4.000000 4.000000 0.000000
2 356 1.000000 1.000000 0.000000
2 357 3.000000 3.000000 0.000000
2 358 1.000000 1.000000 0.000000
2 359 1.000000 1.000000 0.000000
2 360 4.000000 4.000000 0.000000
2 361 3.000000 3.000000 0.000000
2 362 2.000000 2.000000 0.000000
2 363 2.000000 2.000000 0.000000
2 364 1.000000 1.000000 0.000000
2 365 1.000000 1.000000 0.000000
2 366 6.000000 6.000000 0.000000
2 367 1.000000 1.000000 0.000000
2 368 1.000000 1.000000 0.000000
2 369 2.000000 2.000000 0.000000
2 370 2.000000 2.000000 0.000000
2 371 1.000000 1.000000 0.000000
2 372 2.000000 2.000000 0.000000
2 373 1.000000 1.000000 0.000000
2 374 1.000000 1.000000 0.000000
2 375 4.000000 4.000000 0.000000
2 376 2.000000 2.000000 0.000000
2 377 2.000000 2.000000 0.000000
2 378 1.000000 1.000000 0.000000
2 379 2.000000 2.000000 0.000000
2 380 2.000000 2.000000 0.000000
2 381 2.000000 2.000000 0.000000
2 382 2.000000 2.000000 0.000000
2 383 2.000000 2.000000 0.000000
2 384 2.000000 2.000000 0.000000
2 385 2.000000 2.000000 0.000000
2 386 4.000000 4.000000 0.000000
2 387 6.000000 6.000000 0.000000
2 388 1.000000 1.000000 0.000000
2 389 1.000000 1.000000 0.000000
2 390 2.000000 2.000000 0.000000
2 391 1.000000 1.000000 0.000000
2 392 1.000000 1.000000 0.000000
2 393 1.000000 1.000000 0.000000
2 394 6.000000 6.000000 0.000000
2 395 4.000000 4.000000 0.000000
2 396 1.000000 1.000000 0.000000
2 397 3.000000 3.000000 0.000000
2 398 1.000000 1.000000 0.000000
2 399 1.000000 1.000000 0.000000
2 400 1.000000 1.000000 0.000000
3 1 3.000000 3.000000 0.000000
3 2 6.000000 6.000000 0.000000
3 3 5.000000 5.000000 0.000000
3 4 6.000000 6.000000 0.000000
3 5 5.000000 5.000000 0.000000
3 6 6.000000 6.000000 0.000000
3 7 8.000000 8.000000 0.000000
3 8 1.000000 1.000000 0.000000
3 9 4.000000 4.000000 0.000000
3 10 2.000000 2.000000 0.000000
3 11 3.000000 3.000000 0.000000
3 12 1.000000 1.000000 0.000000
3 13 4.000000 4.000000 0.000000
3 14 1.000000 1.000000 0.000000
3 15 6.000000 6.000000 0.000000
3 16 6.000000 6.000000 -0.000000
3 17 5.000000 5.000000 0.000000
3 18 3.000000 3.000000 0.000000
3 19 9.000000 9.000000 0.000000
3 20 5.000000 5.000000 0.000000
3 21 7.000000 7.000000 0.000000
3 22 1.000000 1.000000 0.000000
3 23 1.000000 1.000000 0.000000
3 24 1.000000 1.000000 0.000000
3 25 3.000000 3.000000 0.000000
3 26 1.000000 1.000000 0.000000
3 27 4.000000 4.000000 0.000000
3 28 3.000000 3.000000 0.000000
3 29 4.000000 4.000000 0.000000
3 30 4.000000 4.000000 0.000000
3 31 2.000000 2.000000 0.000000
3 32 6.000000 6.000000 0.000000
3 33 6.000000 6.000000 0.000000
3 34 9.000000 9.000000 0.000000
3 35 1.000000 1.000000 0.000000
3 36 1.000000 1.000000 0.000000
3 37 8.000000 8.000000 0.000000
3 38 1.000000 1.000000 0.000000
3 39 1.000000 1.000000 0.000000
3 40 1.000000 1.000000 0.000000
3 41 1.000000 1.000000 0.000000
3 42 3.000000 3.000000 0.000000
3 43 6.000000 6.000000 0.000000
3 44 4.000000 4.000000 0.000000
3 45 1.000000 1.000000 0.000000
3 46 5.000000 5.000000 0.000000
3 47 1.000000 1.000000 0.000000
3 48 1.000000 1.000000 0.000000
3 49 1.000000 1.000000 0.000000
3 50 4.000000 4.000000 0.000000
3 51 5.000000 5.000000 0.000000
3 52 6.000000 6.000000 0.000000
3 53 3.000000 3.000000 0.000000
3 54 3.000000 3.000000 0.000000
3 55 3.000000 3.000000 0.000000
3 56 1.000000 1.000000 0.000000
3 57 2.000000 2.000000 0.000000
3 58 1.000000 1.000000 0.000000
3 59 6.000000 6.000000 0.000000
3 60 5.000000 5.000000 0.000000
3 61 3.000000 3.000000 0.000000
3 62 1.000000 1.000000 0.000000
3 63 1.000000 1.000000 0.000000
3 64 1.000000 1.000000 0.000000
3 65 4.000000 4.000000 0.000000
3 66 6.000000 6.000000 0.000000
3 67 3.000000 3.000000 0.000000
3 68 6.000000 6.000000 0.000000
3 69 1.000000 1.000000 0.000000
3 70 6.000000 6.000000 0.000000
3 71 3.000000 3.000000 0.000000
3 72 1.000000 1.000000 0.000000
3 73 6.000000 6.000000 0.000000
3 74 1.000000 1.000000 0.000000
3 75 5.000000 5.000000 0.000000
3 76 6.000000 6.000000 0.000000
3 77 4.000000 4.000000 0.000000
3 78 1.000000 1.000000 0.000000
3 79 4.000000 4.000000 0.000000
3 80 1.000000 1.000000 0.000000
3 81 4.000000 4.000000 0.000000
3 82 1.000000 1.000000 0.000000
3 83 2.000000 2.000000 0.000000
3 84 2.000000 2.000000 0.000000
3 85 6.000000 6.000000 0.000000
3 86 6.000000 6.000000 0.000000
3 87 1.000000 1.000000 0.000000
3 88 3.000000 3.000000 0.000000
3 89 1.000000 1.000000 0.000000
3 90 1.000000 1.000000 0.000000
3 91 1.000000 1.000000 0.000000
3 92 1.000000 1.000000 0.000000
3 93 2.000000 2.000000 0.000000
3 94 4.000000 4.000000 0.000000
3 95 4.000000 4.000000 0.000000
3 96 6.000000 6.000000 0.000000
3 97 4.000000 4.000000 0.000000
3 98 4.000000 4.000000 0.000000
3 99 1.000000 1.000000 0.000000
3 100 4.000000 4.000000 0.000000
3 101 1.000000 1.000000 0.000000
3 102 3.000000 3.000000 0.000000
3 103 4.000000 4.000000 0.000000
3 104 1.000000 1.000000 0.000000
3 105 12.000000 12.000000 0.000000
3 106 1.000000 1.000000 0.000000
3 107 8.000000 8.000000 0.000000
3 108 6.000000 6.000000 0.000000
3 109 3.000000 3.000000 0.000000
3 110 1.000000 1.000000 0.000000
3 111 1.000000 1.000000 0.000000
3 112 6.000000 6.000000 0.000000
3 113 2.000000 2.000000 0.000000
3 114 6.000000 6.000000 0.000000
3 115 1.000000 1.000000 0.000000
3 116 6.000000 6.000000 0.000000
3 117 4.000000 4.000000 0.000000
3 118 6.000000 6.000000 0.000000
3 119 9.000000 9.000000 0.000000
3 120 7.000000 7.000000 0.000000
3 121 2.000000 2.000000 0.000000
3 122 4.000000 4.000000 0.000000
3 123 4.000000 4.000000 0.000000
3 124 1.000000 1.000000 0.000000
3 125 6.000000 6.000000 0.000000
3 126 1.000000 1.000000 0.000000
3 127 6.000000 6.000000 0.000000
3 128 4.000000 4.000000 0.000000
3 129 2.000000 2.000000 0.000000
3 130 9.000000 9.000000 0.000000
3 131 6.000000 6.000000 0.000000
3 132 6.000000 6.000000 0.000000
3 133 4.000000 4.000000 0.000000
3 134 10.000000 10.000000 0.000000
3 135 9.000000 9.000000 0.000000
3 136 2.000000 2.000000 0.000000
3 137 2.000000 2.000000 0.000000
3 138 2.000000 2.000000 0.000000
3 139 1.000000 1.000000 0.000000
3 140 4.000000 4.000000 0.000000
3 141 8.000000 8.000000 0.000000
3 142 1.000000 1.000000 0.000000
3 143 2.000000 2.000000 0.000000
3 144 1.000000 1.000000 0.000000
3 145 4.000000 4.000000 0.000000
3 146 6.000000 6.000000 0.000000
3 147 2.000000 2.000000 0.000000
3 148 1.000000 1.000000 0.000000
3 149 4.000000 4.000000 0.000000
3 150 1.000000 1.000000 0.000000
3 151 2.000000 2.000000 0.000000
3 152 8.000000 8.000000 0.000000
3 153 1.000000 1.000000 0.000000
3 154 5.000000 5.000000 0.000000
3 155 1.000000 1.000000 0.000000
3 156 1.000000 1.000000 0.000000
3 157 1.000000 1.000000 0.000000
3 158 1.000000 1.000000 0.000000
3 159 9.000000 9.000000 0.000000
3 160 6.000000 6.000000 0.000000
3 161 4.000000 4.000000 0.000000
3 162 3.000000 3.000000 0.000000
3 163 9.000000 9.000000 0.000000
3 164 5.000000 5.000000 0.000000
3 165 1.000000 1.000000 0.000000
3 166 3.000000 3.000000 0.000000
3 167 1.000000 1.000000 0.000000
3 168 6.000000 6.000000 0.000000
3 169 2.000000 2.000000 0.000000
3 170 6.000000 6.000000 0.000000
3 171 1.000000 1.000000 0.000000
3 172 2.000000 2.000000 0.000000
3 173 4.000000 4.000000 0.000000
3 174 2.000000 2.000000 0.000000
3 175 4.000000 4.000000 0.000000
3 176 5.000000 5.000000 0.000000
3 177 6.000000 6.000000 0.000000
3 178 6.000000 6.000000 0.000000
3 179 2.000000 2.000000 0.000000
3 180 4.000000 4.000000 0.000000
3 181 4.000000 4.000000 0.000000
3 182 2.000000 2.000000 0.000000
3 183 6.000000 6.000000 0.000000
3 184 3.000000 3.000000 0.000000
3 185 2.000000 2.000000 0.000000
3 186 6.000000 6.000000 0.000000
3 187 6.000000 6.000000 0.000000
3 188 1.000000 1.000000 0.000000
3 189 1.000000 1.000000 0.000000
3 190 1.000000 1.000000 0.000000
3 191 2.000000 2.000000 0.000000
3 192 5.000000 5.000000 0.000000
3 193 4.000000 4.000000 0.000000
3 194 4.000000 4.000000 0.000000
3 195 9.000000 9.000000 0.000000
3 196 2.000000 2.000000 0.000000
3 197 1.000000 1.000000 0.000000
3 198 1.000000 1.000000 0.000000
3 199 4.000000 4.000000 0.000000
3 200 3.000000 3.000000 0.000000
3 201 1.000000 1.000000 0.000000
3 202 1.000000 1.000000 0.000000
3 203 1.000000 1.000000 0.000000
3 204 8.000000 8.000000 0.000000
3 205 6.000000 6.000000 0.000000
3 206 1.000000 1.000000 0.000000
3 207 4.000000 4.000000 0.000000
3 208 1.000000 1.000000 0.000000
3 209 7.000000 7.000000 0.000000
3 210 2.000000 2.000000 0.000000
3 211 9.000000 9.000000 0.000000
3 212 1.000000 1.000000 0.000000
3 213 2.000000 2.000000 0.000000
3 214 4.000000 4.000000 0.000000
3 215 7.000000 7.000000 0.000000
3 216 2.000000 2.000000 0.000000
3 217 2.000000 2.000000 0.000000
3 218 6.000000 6.000000 0.000000
3 219 4.000000 4.000000 0.000000
3 220 2.000000 2.000000 0.000000
3 221 1.000000 1.000000 0.000000
3 222 4.000000 4.000000 0.000000
3 223 1.000000 1.000000 0.000000
3 224 4.000000 4.000000 0.000000
3 225 6.000000 6.000000 0.000000
3 226 5.000000 5.000000 0.000000
3 227 2.000000 2.000000 0.000000
3 228 2.000000 2.000000 0.000000
3 229 6.000000 6.000000 0.000000
3 230 6.000000 6.000000 0.000000
3 231 1.000000 1.000000 0.000000
3 232 2.000000 2.000000 0.000000
3 233 8.000000 8.000000 0.000000
3 234 2.000000 2.000000 0.000000
3 235 3.000000 3.000000 0.000000
3 236 1.000000 1.000000 0.000000
3 237 6.000000 6.000000 0.000000
3 238 5.000000 5.000000 0.000000
3 239 1.000000 1.000000 0.000000
3 240 6.000000 6.000000 -0.000000
3 241 2.000000 2.000000 0.000000
3 242 1.000000 1.000000 0.000000
3 243 6.000000 6.000000 0.000000
3 244 5.000000 5.000000 0.000000
3 245 2.000000 2.000000 0.000000
3 246 5.000000 5.000000 0.000000
3 247 2.000000 2.000000 0.000000
3 248 5.000000 5.000000 0.000000
3 249 6.000000 6.000000 0.000000
3 250 2.000000 2.000000 0.000000
3 251 8.000000 8.000000 0.000000
3 252 1.000000 1.000000 0.000000
3 253 5.000000 5.000000 0.000000
3 254 3.000000 3.000000 0.000000
3 255 1.000000 1.000000 0.000000
3 256 2.000000 2.000000 0.000000
3 257 5.000000 5.000000 0.000000
3 258 6.000000 6.000000 0.000000
3 259 1.000000 1.000000 0.000000
3 260 4.000000 4.000000 0.000000
3 261 4.000000 4.000000 0.000000
3 262 1.000000 1.000000 0.000000
3 263 1.000000 1.000000 0.000000
3 264 6.000000 6.000000 0.000000
3 265 4.000000 4.000000 0.000000
3 266 1.000000 1.000000 0.000000
3 267 6.000000 6.000000 0.000000
3 268 4.000000 4.000000 0.000000
3 269 4.000000 4.000000 0.000000
3 270 13.000000 13.000000 0.000000
3 271 3.000000 3.000000 0.000000
3 272 1.000000 1.000000 0.000000
3 273 7.000000 7.000000 0.000000
3 274 1.000000 1.000000 0.000000
3 275 1.000000 1.000000 0.000000
3 276 8.000000 8.000000 0.000000
3 277 1.000000 1.000000 0.000000
3 278 6.000000 6.000000 0.000000
3 279 6.000000 6.000000 0.000000
3 280 3.000000 3.000000 0.000000
3 281 1.000000 1.000000 0.000000
3 282 1.000000 1.000000 0.000000
3 283 5.000000 5.000000 0.000000
3 284 2.000000 2.000000 0.000000
3 285 4.000000 4.000000 0.000000
3 286 6.000000 6.000000 0.000000
3 287 4.000000 4.000000 0.000000
3 288 4.000000 4.000000 0.000000
3 289 1.000000 1.000000 0.000000
3 290 7.000000 7.000000 0.000000
3 291 4.000000 4.000000 0.000000
3 292 4.000000 4.000000 0.000000
3 293 4.000000 4.000000 0.000000
3 294 1.000000 1.000000 0.000000
3 295 1.000000 1.000000 0.000000
3 296 2.000000 2.000000 0.000000
3 297 3.000000 3.000000 0.000000
3 298 8.000000 8.000000 0.000000
3 299 1.000000 1.000000 0.000000
3 300 4.000000 4.000000 0.000000
3 301 4.000000 4.000000 0.000000
3 302 6.000000 6.000000 0.000000
3 303 6.000000 6.000000 -0.000000
3 304 4.000000 4.000000 -0.000000
3 305 1.000000 1.000000 0.000000
3 306 2.000000 2.000000 0.000000
3 307 1.000000 1.000000 0.000000
3 308 2.000000 2.000000 0.000000
3 309 1.000000 1.000000 0.000000
3 310 1.000000 1.000000 0.000000
3 311 6.000000 6.000000 0.000000
3 312 6.000000 6.000000 0.000000
3 313 2.000000 2.000000 0.000000
3 314 4.000000 4.000000 0.000000
3 315 2.000000 2.000000 0.000000
3 316 6.000000 6.000000 0.000000
3 317 8.000000 8.000000 0.000000
3 318 6.000000 6.000000 0.000000
3 319 2.000000 2.000000 0.000000
3 320 5.000000 5.000000 0.000000
3 321 2.000000 2.000000 0.000000
3 322 3.000000 3.000000 0.000000
3 323 2.000000 2.000000 0.000000
3 324 3.000000 3.000000 0.000000
3 325 3.000000 3.000000 0.000000
3 326 1.000000 1.000000 0.000000
3 327 4.000000 4.000000 0.000000
3 328 6.000000 6.000000 0.000000
3 329 5.000000 5.000000 0.000000
3 330 3.000000 3.000000 0.000000
3 331 1.000000 1.000000 0.000000
3 332 4.000000 4.000000 0.000000
3 333 1.000000 1.000000 0.000000
3 334 2.000000 2.000000 0.000000
3 335 1.000000 1.000000 0.000000
3 336 2.000000 2.000000 0.000000
3 337 5.000000 5.000000 0.000000
3 338 1.000000 1.000000 0.000000
3 339 1.000000 1.000000 0.000000
3 340 1.000000 1.000000 0.000000
3 341 7.000000 7.000000 0.000000
3 342 1.000000 1.000000 0.000000
3 343 5.000000 5.000000 0.000000
3 344 2.000000 2.000000 0.000000
3 345 1.000000 1.000000 0.000000
3 346 1.000000 1.000000 0.000000
3 347 4.000000 4.000000 0.000000
3 348 13.000000 13.000000 0.000000
3 349 9.000000 9.000000 0.000000
3 350 1.000000 1.000000 0.000000
3 351 1.000000 1.000000 0.000000
3 352 1.000000 1.000000 0.000000
3 353 6.000000 6.000000 0.000000
3 354 2.000000 2.000000 0.000000
3 355 10.000000 10.000000 0.000000
3 356 6.000000 6.000000 0.000000
3 357 4.000000 4.000000 0.000000
3 358 2.000000 2.000000 0.000000
3 359 6.000000 6.000000 0.000000
3 360 2.000000 2.000000 0.000000
3 361 6.000000 6.000000 0.000000
3 362 8.000000 8.000000 0.000000
3 363 6.000000 6.000000 0.000000
3 364 1.000000 1.000000 0.000000
3 365 6.000000 6.000000 0.000000
3 366 6.000000 6.000000 0.000000
3 367 1.000000 1.000000 0.000000
3 368 9.000000 9.000000 0.000000
3 369 5.000000 5.000000 0.000000
3 370 6.000000 6.000000 -0.000000
3 371 1.000000 1.000000 0.000000
3 372 1.000000 1.000000 0.000000
3 373 9.000000 9.000000 0.000000
3 374 2.000000 2.000000 0.000000
3 375 5.000000 5.000000 0.000000
3 376 1.000000 1.000000 0.000000
3 377 3.000000 3.000000 0.000000
3 378 3.000000 3.000000 0.000000
3 379 1.000000 1.000000 0.000000
3 380 2.000000 2.000000 0.000000
3 381 4.000000 4.000000 0.000000
3 382 4.000000 4.000000 0.000000
3 383 6.000000 6.000000 -0.000000
3 384 5.000000 5.000000 0.000000
3 385 6.000000 6.000000 0.000000
3 386 3.000000 3.000000 0.000000
3 387 1.000000 1.000000 0.000000
3 388 1.000000 1.000000 0.000000
3 389 2.000000 2.000000 0.000000
3 390 4.000000 4.000000 0.000000
3 391 7.000000 7.000000 0.000000
3 392 2.000000 2.000000 0.000000
3 393 3.000000 3.000000 0.000000
3 394 1.000000 1.000000 0.000000
3 395 1.000000 1.000000 0.000000
3 396 6.000000 6.000000 0.000000
3 397 1.000000 1.000000 0.000000
3 398 6.000000 6.000000 0.000000
3 399 1.000000 1.000000 0.000000
3 400 6.000000 6.000000 0.000000
4 1 6.000000 6.000000 0.000000
4 2 13.000000 13.000000 0.000000
4 3 3.000000 3.000000 0.000000
4 4 15.000000 15.000000 0.000000
4 5 9.000000 9.000000 0.000000
4 6 19.000000 19.000000 0.000000
4 7 1.000000 1.000000 0.000000
4 8 1.000000 1.000000 0.000000
4 9 13.000000 13.000000 0.000000
4 10 8.000000 8.000000 0.000000
4 11 8.000000 8.000000 0.000000
4 12 2.000000 2.000000 0.000000
4 13 10.000000 10.000000 0.000000
4 14 11.000000 11.000000 0.000000
4 15 2.000000 2.000000 0.000000
4 16 12.000000 12.000000 0.000000
4 17 11.000000 11.000000 0.000000
4 18 15.000000 15.000000 0.000000
4 19 16.000000 16.000000 0.000000
4 20 2.000000 2.000000 0.000000
4 21 10.000000 10.000000 0.000000
4 22 8.000000 8.000000 0.000000
4 23 1.000000 1.000000 0.000000
4 24 9.000000 9.000000 0.000000
4 25 11.000000 11.000000 0.000000
4 26 6.000000 6.000000 0.000000
4 27 1.000000 1.000000 0.000000
4 28 3.000000 3.000000 0.000000
4 29 11.000000 11.000000 0.000000
4 30 1.000000 1.000000 0.000000
4 31 1.000000 1.000000 0.000000
4 32 1.000000 1.000000 0.000000
4 33 14.000000 14.000000 0.000000
4 34 2.000000 2.000000 0.000000
4 35 6.000000 6.000000 0.000000
4 36 6.000000 6.000000 0.000000
4 37 6.000000 6.000000 0.000000
4 38 8.000000 8.000000 0.000000
4 39 1.000000 1.000000 0.000000
4 40 4.000000 4.000000 0.000000
4 41 1.000000 1.000000 0.000000
4 42 12.000000 12.000000 0.000000
4 43 6.000000 6.000000 0.000000
4 44 10.000000 10.000000 0.000000
4 45 1.000000 1.000000 0.000000
4 46 10.000000 10.000000 0.000000
4 47 16.000000 16.000000 0.000000
4 48 10.000000 10.000000 0.000000
4 49 7.000000 7.000000 0.000000
4 50 9.000000 9.000000 0.000000
4 51 11.000000 11.000000 0.000000
4 52 4.000000 4.000000 0.000000
4 53 3.000000 3.000000 0.000000
4 54 12.000000 12.000000 0.000000
4 55 9.000000 9.000000 0.000000
4 56 4.000000 4.000000 0.000000
4 57 1.000000 1.000000 0.000000
4 58 13.000000 13.000000 0.000000
4 59 10.000000 10.000000 0.000000
4 60 1.000000 1.000000 0.000000
4 61 7.000000 7.000000 -0.000000
4 62 10.000000 10.000000 0.000000
4 63 1.000000 1.000000 0.000000
4 64 11.000000 11.000000 0.000000
4 65 14.000000 14.000000 0.000000
4 66 6.000000 6.000000 0.000000
4 67 15.000000 15.000000 0.000000
4 68 1.000000 1.000000 0.000000
4 69 6.000000 6.000000 0.000000
4 70 11.000000 11.000000 0.000000
4 71 4.000000 4.000000 0.000000
4 72 8.000000 8.000000 0.000000
4 73 1.000000 1.000000 0.000000
4 74 4.000000 4.000000 0.000000
4 75 8.000000 8.000000 0.000000
4 76 8.000000 8.000000 0.000000
4 77 8.000000 8.000000 0.000000
4 78 8.000000 8.000000 0.000000
4 79 10.000000 10.000000 0.000000
4 80 1.000000 1.000000 0.000000
4 81 3.000000 3.000000 0.000000
4 82 9.000000 9.000000 0.000000
4 83 10.000000 10.000000 0.000000
4 84 5.000000 5.000000 0.000000
4 85 11.000000 11.000000 -0.000000
4 86 2.000000 2.000000 0.000000
4 87 13.000000 13.000000 0.000000
4 88 2.000000 2.000000 0.000000
4 89 12.000000 12.000000 0.000000
4 90 10.000000 10.000000 0.000000
4 91 1.000000 1.000000 0.000000
4 92 6.000000 6.000000 0.000000
4 93 11.000000 11.000000 0.000000
4 94 6.000000 6.000000 0.000000
4 95 13.000000 13.000000 0.000000
4 96 1.000000 1.000000 0.000000
4 97 8.000000 8.000000 0.000000
4 98 12.000000 12.000000 0.000000
4 99 3.000000 3.000000 0.000000
4 100 3.000000 3.000000 0.000000
4 101 25.000000 25.000000 0.000000
4 102 11.000000 11.000000 0.000000
4 103 6.000000 6.000000 0.000000
4 104 6.000000 6.000000 0.000000
4 105 8.000000 8.000000 0.000000
4 106 13.000000 13.000000 0.000000
4 107 1.000000 1.000000 0.000000
4 108 4.000000 4.000000 0.000000
4 109 1.000000 1.000000 0.000000
4 110 8.000000 8.000000 0.000000
4 111 6.000000 6.000000 0.000000
4 112 6.000000 6.000000 0.000000
4 113 1.000000 1.000000 0.000000
4 114 17.000000 17.000000 0.000000
4 115 9.000000 9.000000 0.000000
4 116 16.000000 16.000000 0.000000
4 117 8.000000 8.000000 0.000000
4 118 10.000000 10.000000 0.000000
4 119 6.000000 6.000000 0.000000
4 120 1.000000 1.000000 0.000000
4 121 1.000000 1.000000 0.000000
4 122 4.000000 4.000000 0.000000
4 123 4.000000 4.000000 0.000000
4 124 13.000000 13.000000 0.000000
4 125 8.000000 8.000000 0.000000
4 126 12.000000 12.000000 0.000000
4 127 16.000000 16.000000 0.000000
4 128 8.000000 8.000000 0.000000
4 129 1.000000 1.000000 0.000000
4 130 1.000000 1.000000 0.000000
4 131 1.000000 1.000000 0.000000
4 132 14.000000 14.000000 0.000000
4 133 1.000000 1.000000 0.000000
4 134 1.000000 1.000000 0.000000
4 135 12.000000 12.000000 0.000000
4 136 8.000000 8.000000 0.000000
4 137 10.000000 10.000000 0.000000
4 138 7.000000 7.000000 0.000000
4 139 4.000000 4.000000 0.000000
4 140 3.000000 3.000000 0.000000
4 141 1.000000 1.000000 0.000000
4 142 2.000000 2.000000 0.000000
4 143 11.000000 11.000000 0.000000
4 144 8.000000 8.000000 0.000000
4 145 6.000000 6.000000 0.000000
4 146 8.000000 8.000000 0.000000
4 147 8.000000 8.000000 0.000000
4 148 8.000000 8.000000 0.000000
4 149 13.000000 13.000000 0.000000
4 150 10.000000 10.000000 0.000000
4 151 14.000000 14.000000 0.000000
4 152 10.000000 10.000000 0.000000
4 153 2.000000 2.000000 0.000000
4 154 25.000000 25.000000 0.000000
4 155 10.000000 10.000000 0.000000
4 156 6.000000 6.000000 0.000000
4 157 1.000000 1.000000 0.000000
4 158 2.000000 2.000000 0.000000
4 159 1.000000 1.000000 0.000000
4 160 8.000000 8.000000 0.000000
4 161 15.000000 15.000000 0.000000
4 162 5.000000 5.000000 0.000000
4 163 9.000000 9.000000 0.000000
4 164 12.000000 12.000000 0.000000
4 165 12.000000 12.000000 0.000000
4 166 15.000000 15.000000 0.000000
4 167 1.000000 1.000000 0.000000
4 168 1.000000 1.000000 0.000000
4 169 1.000000 1.000000 0.000000
4 170 1.000000 1.000000 0.000000
4 171 13.000000 13.000000 0.000000
4 172 7.000000 7.000000 0.000000
4 173 8.000000 8.000000 0.000000
4 174 17.000000 17.000000 0.000000
4 175 3.000000 3.000000 0.000000
4 176 13.000000 13.000000 0.000000
4 177 5.000000 5.000000 0.000000
4 178 12.000000 12.000000 0.000000
4 179 10.000000 10.000000 0.000000
4 180 10.000000 10.000000 0.000000
4 181 8.000000 8.000000 0.000000
4 182 1.000000 1.000000 0.000000
4 183 1.000000 1.000000 0.000000
4 184 19.000000 19.000000 0.000000
4 185 6.000000 6.000000 0.000000
4 186 8.000000 8.000000 0.000000
4 187 13.000000 13.000000 0.000000
4 188 10.000000 10.000000 0.000000
4 189 4.000000 4.000000 0.000000
4 190 6.000000 6.000000 0.000000
4 191 15.000000 15.000000 0.000000
4 192 11.000000 11.000000 0.000000
4 193 8.000000 8.000000 0.000000
4 194 10.000000 10.000000 0.000000
4 195 12.000000 12.000000 0.000000
4 196 1.000000 1.000000 0.000000
4 197 14.000000 14.000000 0.000000
4 198 13.000000 13.000000 0.000000
4 199 15.000000 15.000000 0.000000
4 200 6.000000 6.000000 0.000000
4 201 6.000000 6.000000 0.000000
4 202 18.000000 18.000000 0.000000
4 203 5.000000 5.000000 0.000000
4 204 4.000000 4.000000 0.000000
4 205 1.000000 1.000000 0.000000
4 206 6.000000 6.000000 0.000000
4 207 9.000000 9.000000 0.000000
4 208 11.000000 11.000000 0.000000
4 209 17.000000 17.000000 0.000000
4 210 1.000000 1.000000 0.000000
4 211 11.000000 11.000000 0.000000
4 212 1.000000 1.000000 0.000000
4 213 1.000000 1.000000 0.000000
4 214 1.000000 1.000000 0.000000
4 215 4.000000 4.000000 0.000000
4 216 1.000000 1.000000 0.000000
4 217 9.000000 9.000000 0.000000
4 218 11.000000 11.000000 0.000000
4 219 15.000000 15.000000 -0.000000
4 220 11.000000 11.000000 0.000000
4 221 3.000000 3.000000 0.000000
4 222 6.000000 6.000000 0.000000
4 223 5.000000 5.000000 0.000000
4 224 1.000000 1.000000 0.000000
4 225 5.000000 5.000000 0.000000
4 226 1.000000 1.000000 0.000000
4 227 1.000000 1.000000 0.000000
4 228 9.000000 9.000000 0.000000
4 229 17.000000 17.000000 0.000000
4 230 4.000000 4.000000 0.000000
4 231 6.000000 6.000000 0.000000
4 232 9.000000 9.000000 0.000000
4 233 9.000000 9.000000 0.000000
4 234 8.000000 8.000000 0.000000
4 235 9.000000 9.000000 0.000000
4 236 1.000000 1.000000 0.000000
4 237 8.000000 8.000000 0.000000
4 238 6.000000 6.000000 0.000000
4 239 1.000000 1.000000 0.000000
4 240 14.000000 14.000000 0.000000
4 241 1.000000 1.000000 0.000000
4 242 3.000000 3.000000 0.000000
4 243 16.000000 16.000000 0.000000
4 244 18.000000 18.000000 0.000000
4 245 9.000000 9.000000 0.000000
4 246 13.000000 13.000000 0.000000
4 247 5.000000 5.000000 0.000000
4 248 8.000000 8.000000 0.000000
4 249 1.000000 1.000000 0.000000
4 250 11.000000 11.000000 0.000000
4 251 1.000000 1.000000 0.000000
4 252 11.000000 11.000000 0.000000
4 253 1.000000 1.000000 0.000000
4 254 17.000000 17.000000 0.000000
4 255 16.000000 16.000000 0.000000
4 256 16.000000 16.000000 0.000000
4 257 2.000000 2.000000 0.000000
4 258 12.000000 12.000000 0.000000
4 259 4.000000 4.000000 0.000000
4 260 12.000000 12.000000 0.000000
4 261 1.000000 1.000000 0.000000
4 262 7.000000 7.000000 -0.000000
4 263 6.000000 6.000000 0.000000
4 264 13.000000 13.000000 0.000000
4 265 8.000000 8.000000 0.000000
4 266 11.000000 11.000000 0.000000
4 267 6.000000 6.000000 0.000000
4 268 6.000000 6.000000 0.000000
4 269 16.000000 16.000000 0.000000
4 270 4.000000 4.000000 0.000000
4 271 15.000000 15.000000 0.000000
4 272 1.000000 1.000000 0.000000
4 273 2.000000 2.000000 0.000000
4 274 1.000000 1.000000 0.000000
4 275 6.000000 6.000000 0.000000
4 276 8.000000 8.000000 0.000000
4 277 16.000000 16.000000 0.000000
4 278 13.000000 13.000000 0.000000
4 279 1.000000 1.000000 0.000000
4 280 1.000000 1.000000 0.000000
4 281 13.000000 13.000000 0.000000
4 282 8.000000 8.000000 0.000000
4 283 8.000000 8.000000 0.000000
4 284 4.000000 4.000000 0.000000
4 285 1.000000 1.000000 0.000000
4 286 4.000000 4.000000 0.000000
4 287 8.000000 8.000000 0.000000
4 288 15.000000 15.000000 0.000000
4 289 7.000000 7.000000 0.000000
4 290 8.000000 8.000000 0.000000
4 291 4.000000 4.000000 0.000000
4 292 11.000000 11.000000 0.000000
4 293 1.000000 1.000000 0.000000
4 294 10.000000 10.000000 0.000000
4 295 10.000000 10.000000 0.000000
4 296 6.000000 6.000000 0.000000
4 297 1.000000 1.000000 0.000000
4 298 1.000000 1.000000 0.000000
4 299 1.000000 1.000000 0.000000
4 300 1.000000 1.000000 0.000000
4 301 16.000000 16.000000 0.000000
4 302 3.000000 3.000000 0.000000
4 303 6.000000 6.000000 0.000000
4 304 12.000000 12.000000 0.000000
4 305 21.000000 21.000000 0.000000
4 306 1.000000 1.000000 0.000000
4 307 10.000000 10.000000 0.000000
4 308 6.000000 6.000000 0.000000
4 309 11.000000 11.000000 0.000000
4 310 4.000000 4.000000 0.000000
4 311 12.000000 12.000000 0.000000
4 312 10.000000 10.000000 0.000000
4 313 1.000000 1.000000 0.000000
4 314 3.000000 3.000000 0.000000
4 315 13.000000 13.000000 0.000000
4 316 6.000000 6.000000 0.000000
4 317 15.000000 15.000000 0.000000
4 318 2.000000 2.000000 0.000000
4 319 8.000000 8.000000 0.000000
4 320 1.000000 1.000000 0.000000
4 321 8.000000 8.000000 0.000000
4 322 15.000000 15.000000 0.000000
4 323 7.000000 7.000000 0.000000
4 324 1.000000 1.000000 0.000000
4 325 6.000000 6.000000 0.000000
4 326 7.000000 7.000000 0.000000
4 327 12.000000 12.000000 0.000000
4 328 16.000000 16.000000 0.000000
4 329 1.000000 1.000000 0.000000
4 330 1.000000 1.000000 0.000000
4 331 12.000000 12.000000 -0.000000
4 332 16.000000 16.000000 0.000000
4 333 13.000000 13.000000 0.000000
4 334 1.000000 1.000000 0.000000
4 335 9.000000 9.000000 0.000000
4 336 17.000000 17.000000 0.000000
4 337 1.000000 1.000000 0.000000
4 338 8.000000 8.000000 0.000000
4 339 2.000000 2.000000 0.000000
4 340 12.000000 12.000000 -0.000000
4 341 17.000000 17.000000 0.000000
4 342 11.000000 11.000000 0.000000
4 343 14.000000 14.000000 0.000000
4 344 1.000000 1.000000 0.000000
4 345 17.000000 17.000000 0.000000
4 346 8.000000 8.000000 0.000000
4 347 1.000000 1.000000 0.000000
4 348 8.000000 8.000000 0.000000
4 349 8.000000 8.000000 0.000000
4 350 10.000000 10.000000 0.000000
4 351 4.000000 4.000000 0.000000
4 352 7.000000 7.000000 -0.000000
4 353 8.000000 8.000000 0.000000
4 354 13.000000 13.000000 0.000000
4 355 14.000000 14.000000 0.000000
4 356 7.000000 7.000000 0.000000
4 357 6.000000 6.000000 0.000000
4 358 1.000000 1.000000 0.000000
4 359 3.000000 3.000000 0.000000
4 360 10.000000 10.000000 0.000000
4 361 6.000000 6.000000 0.000000
4 362 1.000000 1.000000 0.000000
4 363 17.000000 17.000000 0.000000
4 364 11.000000 11.000000 0.000000
4 365 3.000000 3.000000 0.000000
4 366 1.000000 1.000000 0.000000
4 367 1.000000 1.000000 0.000000
4 368 6.000000 6.000000 0.000000
4 369 7.000000 7.000000 0.000000
4 370 7.000000 7.000000 0.000000
4 371 8.000000 8.000000 0.000000
4 372 8.000000 8.000000 0.000000
4 373 1.000000 1.000000 0.000000
4 374 1.000000 1.000000 0.000000
4 375 11.000000 11.000000 0.000000
4 376 14.000000 14.000000 0.000000
4 377 1.000000 1.000000 0.000000
4 378 8.000000 8.000000 0.000000
4 379 14.000000 14.000000 0.000000
4 380 12.000000 12.000000 0.000000
4 381 21.000000 21.000000 0.000000
4 382 1.000000 1.000000 0.000000
4 383 11.000000 11.000000 0.000000
4 384 8.000000 8.000000 0.000000
4 385 17.000000 17.000000 0.000000
4 386 1.000000 1.000000 0.000000
4 387 7.000000 7.000000 0.000000
4 388 1.000000 1.000000 0.000000
4 389 7.000000 7.000000 0.000000
4 390 4.000000 4.000000 0.000000
4 391 16.000000 16.000000 0.000000
4 392 6.000000 6.000000 0.000000
4 393 12.000000 12.000000 0.000000
4 394 6.000000 6.000000 0.000000
4 395 8.000000 8.000000 0.000000
4 396 10.000000 10.000000 0.000000
4 397 13.000000 13.000000 0.000000
4 398 1.000000 1.000000 0.000000
4 399 12.000000 12.000000 0.000000
4 400 13.000000 13.000000 0.000000
5 1 18.000000 18.000000 0.000000
5 2 23.000000 23.000000 0.000000
5 3 8.000000 8.000000 0.000000
5 4 13.000000 13.000000 0.000000
5 5 9.000000 9.000000 0.000000
5 6 12.000000 12.000000 0.000000
5 7 23.000000 23.000000 0.000000
5 8 19.000000 19.000000 0.000000
5 9 10.000000 10.000000 0.000000
5 10 1.000000 1.000000 0.000000
5 11 31.000000 31.000000 0.000000
5 12 12.000000 12.000000 0.000000
5 13 1.000000 1.000000 0.000000
5 14 20.000000 20.000000 0.000000
5 15 35.000000 35.000000 0.000000
5 16 11.000000 11.000000 0.000000
5 17 24.000000 24.000000 0.000000
5 18 5.000000 5.000000 0.000000
5 19 23.000000 23.000000 0.000000
5 20 9.000000 9.000000 0.000000
5 21 26.000000 26.000000 0.000000
5 22 6.000000 6.000000 0.000000
5 23 8.000000 8.000000 0.000000
5 24 10.000000 10.000000 0.000000
5 25 30.000000 30.000000 0.000000
5 26 12.000000 12.000000 0.000000
5 27 6.000000 6.000000 0.000000
5 28 8.000000 8.000000 0.000000
5 29 12.000000 12.000000 0.000000
5 30 25.000000 25.000000 0.000000
5 31 17.000000 17.000000 0.000000
5 32 27.000000 27.000000 0.000000
5 33 8.000000 8.000000 0.000000
5 34 14.000000 14.000000 0.000000
5 35 28.000000 28.000000 0.000000
5 36 12.000000 12.000000 0.000000
5 37 9.000000 9.000000 0.000000
5 38 9.000000 9.000000 0.000000
5 39 1.000000 1.000000 0.000000
5 40 17.000000 17.000000 0.000000
5 41 8.000000 8.000000 0.000000
5 42 5.000000 5.000000 0.000000
5 43 13.000000 13.000000 0.000000
5 44 13.000000 13.000000 0.000000
5 45 28.000000 28.000000 0.000000
5 46 5.000000 5.000000 0.000000
5 47 4.000000 4.000000 0.000000
5 48 25.000000 25.000000 0.000000
5 49 26.000000 26.000000 0.000000
5 50 21.000000 21.000000 0.000000
5 51 10.000000 10.000000 0.000000
5 52 21.000000 21.000000 0.000000
5 53 4.000000 4.000000 0.000000
5 54 8.000000 8.000000 0.000000
5 55 27.000000 27.000000 0.000000
5 56 17.000000 17.000000 0.000000
5 57 26.000000 26.000000 0.000000
5 58 14.000000 14.000000 0.000000
5 59 24.000000 24.000000 0.000000
5 60 1.000000 1.000000 0.000000
5 61 1.000000 1.000000 0.000000
5 62 15.000000 15.000000 0.000000
5 63 10.000000 10.000000 0.000000
5 64 28.000000 28.000000 0.000000
5 65 17.000000 17.000000 0.000000
5 66 31.000000 31.000000 0.000000
5 67 6.000000 6.000000 0.000000
5 68 31.000000 31.000000 0.000000
5 69 22.000000 22.000000 0.000000
5 70 1.000000 1.000000 0.000000
5 71 16.000000 16.000000 0.000000
5 72 21.000000 21.000000 0.000000
5 73 12.000000 12.000000 0.000000
5 74 31.000000 31.000000 0.000000
5 75 4.000000 4.000000 0.000000
5 76 23.000000 23.000000 0.000000
5 77 10.000000 10.000000 -0.000000
5 78 1.000000 1.000000 0.000000
5 79 26.000000 26.000000 0.000000
5 80 1.000000 1.000000 0.000000
5 81 31.000000 31.000000 0.000000
5 82 16.000000 16.000000 0.000000
5 83 20.000000 20.000000 0.000000
5 84 1.000000 1.000000 0.000000
5 85 5.000000 5.000000 0.000000
5 86 8.000000 8.000000 0.000000
5 87 10.000000 10.000000 0.000000
5 88 17.000000 17.000000 0.000000
5 89 15.000000 15.000000 0.000000
5 90 21.000000 21.000000 0.000000
5 91 1.000000 1.000000 0.000000
5 92 32.000000 32.000000 0.000000
5 93 4.000000 4.000000 0.000000
5 94 8.000000 8.000000 0.000000
5 95 21.000000 21.000000 0.000000
5 96 32.000000 32.000000 0.000000
5 97 1.000000 1.000000 0.000000
5 98 26.000000 26.000000 0.000000
5 99 7.000000 7.000000 0.000000
5 100 9.000000 9.000000 0.000000
5 101 40.000000 40.000000 0.000000
5 102 33.000000 33.000000 0.000000
5 103 1.000000 1.000000 0.000000
5 104 15.000000 15.000000 0.000000
5 105 20.000000 20.000000 0.000000
5 106 25.000000 25.000000 0.000000
5 107 15.000000 15.000000 0.000000
5 108 24.000000 24.000000 0.000000
5 109 9.000000 9.000000 0.000000
5 110 14.000000 14.000000 0.000000
5 111 1.000000 1.000000 0.000000
5 112 10.000000 10.000000 0.000000
5 113 23.000000 23.000000 0.000000
5 114 22.000000 22.000000 0.000000
5 115 6.000000 6.000000 0.000000
5 116 13.000000 13.000000 0.000000
5 117 1.000000 1.000000 0.000000
5 118 16.000000 16.000000 0.000000
5 119 9.000000 9.000000 0.000000
5 120 18.000000 18.000000 0.000000
5 121 9.000000 9.000000 0.000000
5 122 8.000000 8.000000 0.000000
5 123 20.000000 20.000000 0.000000
5 124 14.000000 14.000000 0.000000
5 125 14.000000 14.000000 0.000000
5 126 7.000000 7.000000 0.000000
5 127 11.000000 11.000000 -0.000000
5 128 1.000000 1.000000 0.000000
5 129 25.000000 25.000000 0.000000
5 130 1.000000 1.000000 0.000000
5 131 23.000000 23.000000 0.000000
5 132 10.000000 10.000000 0.000000
5 133 12.000000 12.000000 0.000000
5 134 1.000000 1.000000 0.000000
5 135 31.000000 31.000000 0.000000
5 136 24.000000 24.000000 0.000000
5 137 14.000000 14.000000 0.000000
5 138 1.000000 1.000000 0.000000
5 139 1.000000 1.000000 0.000000
5 140 21.000000 21.000000 0.000000
5 141 16.000000 16.000000 0.000000
5 142 27.000000 27.000000 0.000000
5 143 26.000000 26.000000 0.000000
5 144 9.000000 9.000000 0.000000
5 145 4.000000 4.000000 0.000000
5 146 24.000000 24.000000 0.000000
5 147 19.000000 19.000000 0.000000
5 148 23.000000 23.000000 0.000000
5 149 12.000000 12.000000 0.000000
5 150 22.000000 22.000000 0.000000
5 151 26.000000 26.000000 0.000000
5 152 4.000000 4.000000 0.000000
5 153 1.000000 1.000000 0.000000
5 154 5.000000 5.000000 0.000000
5 155 4.000000 4.000000 0.000000
5 156 14.000000 14.000000 0.000000
5 157 23.000000 23.000000 0.000000
5 158 23.000000 23.000000 0.000000
5 159 33.000000 33.000000 0.000000
5 160 10.000000 10.000000 0.000000
5 161 9.000000 9.000000 0.000000
5 162 30.000000 30.000000 0.000000
5 163 3.000000 3.000000 0.000000
5 164 1.000000 1.000000 0.000000
5 165 43.000000 43.000000 0.000000
5 166 25.000000 25.000000 0.000000
5 167 15.000000 15.000000 0.000000
5 168 32.000000 32.000000 0.000000
5 169 9.000000 9.000000 0.000000
5 170 6.000000 6.000000 0.000000
5 171 1.000000 1.000000 0.000000
5 172 43.000000 43.000000 0.000000
5 173 8.000000 8.000000 0.000000
5 174 25.000000 25.000000 0.000000
5 175 19.000000 19.000000 0.000000
5 176 20.000000 20.000000 0.000000
5 177 11.000000 11.000000 0.000000
5 178 13.000000 13.000000 0.000000
5 179 18.000000 18.000000 0.000000
5 180 20.000000 20.000000 0.000000
5 181 23.000000 23.000000 0.000000
5 182 12.000000 12.000000 0.000000
5 183 19.000000 19.000000 0.000000
5 184 20.000000 20.000000 0.000000
5 185 6.000000 6.000000 0.000000
5 186 39.000000 39.000000 0.000000
5 187 1.000000 1.000000 0.000000
5 188 1.000000 1.000000 0.000000
5 189 14.000000 14.000000 0.000000
5 190 12.000000 12.000000 0.000000
5 191 15.000000 15.000000 0.000000
5 192 14.000000 14.000000 0.000000
5 193 13.000000 13.000000 0.000000
5 194 11.000000 11.000000 0.000000
5 195 1.000000 1.000000 0.000000
5 196 26.000000 26.000000 0.000000
5 197 3.000000 3.000000 0.000000
5 198 1.000000 1.000000 0.000000
5 199 8.000000 8.000000 0.000000
5 200 26.000000 26.000000 0.000000
5 201 45.000000 45.000000 0.000000
5 202 13.000000 13.000000 0.000000
5 203 1.000000 1.000000 0.000000
5 204 10.000000 10.000000 0.000000
5 205 19.000000 19.000000 0.000000
5 206 1.000000 1.000000 0.000000
5 207 8.000000 8.000000 0.000000
5 208 19.000000 19.000000 0.000000
5 209 40.000000 40.000000 0.000000
5 210 10.000000 10.000000 0.000000
5 211 10.000000 10.000000 0.000000
5 212 19.000000 19.000000 0.000000
5 213 14.000000 14.000000 0.000000
5 214 8.000000 8.000000 0.000000
5 215 10.000000 10.000000 0.000000
5 216 17.000000 17.000000 0.000000
5 217 10.000000 10.000000 0.000000
5 218 29.000000 29.000000 0.000000
5 219 14.000000 14.000000 0.000000
5 220 5.000000 5.000000 0.000000
5 221 12.000000 12.000000 0.000000
5 222 7.000000 7.000000 0.000000
5 223 2.000000 2.000000 0.000000
5 224 25.000000 25.000000 0.000000
5 225 13.000000 13.000000 0.000000
5 226 31.000000 31.000000 0.000000
5 227 29.000000 29.000000 0.000000
5 228 8.000000 8.000000 0.000000
5 229 10.000000 10.000000 0.000000
5 230 4.000000 4.000000 0.000000
5 231 8.000000 8.000000 0.000000
5 232 1.000000 1.000000 0.000000
5 233 1.000000 1.000000 0.000000
5 234 7.000000 7.000000 0.000000
5 235 22.000000 22.000000 0.000000
5 236 18.000000 18.000000 0.000000
5 237 6.000000 6.000000 0.000000
5 238 6.000000 6.000000 0.000000
5 239 22.000000 22.000000 0.000000
5 240 4.000000 4.000000 0.000000
5 241 10.000000 10.000000 0.000000
5 242 7.000000 7.000000 0.000000
5 243 16.000000 16.000000 0.000000
5 244 33.000000 33.000000 0.000000
5 245 14.000000 14.000000 0.000000
5 246 19.000000 19.000000 0.000000
5 247 22.000000 22.000000 0.000000
5 248 27.000000 27.000000 0.000000
5 249 29.000000 29.000000 0.000000
5 250 23.000000 23.000000 0.000000
5 251 27.000000 27.000000 0.000000
5 252 27.000000 27.000000 0.000000
5 253 1.000000 1.000000 0.000000
5 254 1.000000 1.000000 0.000000
5 255 11.000000 11.000000 0.000000
5 256 22.000000 22.000000 0.000000
5 257 11.000000 11.000000 0.000000
5 258 31.000000 31.000000 0.000000
5 259 19.000000 19.000000 0.000000
5 260 1.000000 1.000000 0.000000
5 261 1.000000 1.000000 0.000000
5 262 21.000000 21.000000 0.000000
5 263 10.000000 10.000000 0.000000
5 264 8.000000 8.000000 0.000000
5 265 25.000000 25.000000 0.000000
5 266 1.000000 1.000000 0.000000
5 267 10.000000 10.000000 0.000000
5 268 39.000000 39.000000 0.000000
5 269 12.000000 12.000000 0.000000
5 270 22.000000 22.000000 0.000000
5 271 1.000000 1.000000 0.000000
5 272 20.000000 20.000000 0.000000
5 273 13.000000 13.000000 0.000000
5 274 28.000000 28.000000 0.000000
5 275 23.000000 23.000000 0.000000
5 276 10.000000 10.000000 0.000000
5 277 37.000000 37.000000 0.000000
5 278 17.000000 17.000000 0.000000
5 279 34.000000 34.000000 0.000000
5 280 10.000000 10.000000 0.000000
5 281 1.000000 1.000000 0.000000
5 282 1.000000 1.000000 0.000000
5 283 15.000000 15.000000 0.000000
5 284 8.000000 8.000000 0.000000
5 285 10.000000 10.000000 0.000000
5 286 16.000000 16.000000 0.000000
5 287 31.000000 31.000000 0.000000
5 288 39.000000 39.000000 0.000000
5 289 4.000000 4.000000 0.000000
5 290 9.000000 9.000000 0.000000
5 291 28.000000 28.000000 0.000000
5 292 22.000000 22.000000 0.000000
5 293 9.000000 9.000000 0.000000
5 294 16.000000 16.000000 0.000000
5 295 18.000000 18.000000 0.000000
5 296 17.000000 17.000000 0.000000
5 297 14.000000 14.000000 0.000000
5 298 40.000000 40.000000 0.000000
5 299 24.000000 24.000000 0.000000
5 300 10.000000 10.000000 0.000000
5 301 24.000000 24.000000 0.000000
5 302 2.000000 2.000000 0.000000
5 303 9.000000 9.000000 0.000000
5 304 29.000000 29.000000 0.000000
5 305 15.000000 15.000000 0.000000
5 306 45.000000 45.000000 0.000000
5 307 18.000000 18.000000 0.000000
5 308 8.000000 8.000000 0.000000
5 309 2.000000 2.000000 0.000000
5 310 4.000000 4.000000 0.000000
5 311 6.000000 6.000000 0.000000
5 312 14.000000 14.000000 0.000000
5 313 6.000000 6.000000 0.000000
5 314 31.000000 31.000000 0.000000
5 315 4.000000 4.000000 0.000000
5 316 2.000000 2.000000 0.000000
5 317 36.000000 36.000000 0.000000
5 318 31.000000 31.000000 0.000000
5 319 14.000000 14.000000 0.000000
5 320 1.000000 1.000000 0.000000
5 321 10.000000 10.000000 0.000000
5 322 41.000000 41.000000 0.000000
5 323 21.000000 21.000000 0.000000
5 324 6.000000 6.000000 0.000000
5 325 13.000000 13.000000 0.000000
5 326 26.000000 26.000000 0.000000
5 327 25.000000 25.000000 0.000000
5 328 16.000000 16.000000 0.000000
5 329 10.000000 10.000000 0.000000
5 330 20.000000 20.000000 0.000000
5 331 8.000000 8.000000 0.000000
5 332 24.000000 24.000000 0.000000
5 333 22.000000 22.000000 0.000000
5 334 25.000000 25.000000 0.000000
5 335 33.000000 33.000000 0.000000
5 336 9.000000 9.000000 0.000000
5 337 33.000000 33.000000 0.000000
5 338 25.000000 25.000000 0.000000
5 339 18.000000 18.000000 0.000000
5 340 9.000000 9.000000 0.000000
5 341 29.000000 29.000000 0.000000
5 342 18.000000 18.000000 0.000000
5 343 8.000000 8.000000 0.000000
5 344 6.000000 6.000000 0.000000
5 345 1.000000 1.000000 0.000000
5 346 6.000000 6.000000 0.000000
5 347 21.000000 21.000000 0.000000
5 348 23.000000 23.000000 0.000000
5 349 15.000000 15.000000 0.000000
5 350 1.000000 1.000000 0.000000
5 351 10.000000 10.000000 0.000000
5 352 15.000000 15.000000 0.000000
5 353 1.000000 1.000000 0.000000
5 354 3.000000 3.000000 0.000000
5 355 16.000000 16.000000 0.000000
5 356 10.000000 10.000000 0.000000
5 357 28.000000 28.000000 0.000000
5 358 10.000000 10.000000 0.000000
5 359 1.000000 1.000000 0.000000
5 360 1.000000 1.000000 0.000000
5 361 8.000000 8.000000 0.000000
5 362 21.000000 21.000000 0.000000
5 363 10.000000 10.000000 0.000000
5 364 1.000000 1.000000 0.000000
5 365 28.000000 28.000000 0.000000
5 366 20.000000 20.000000 0.000000
5 367 8.000000 8.000000 0.000000
5 368 14.000000 14.000000 0.000000
5 369 10.000000 10.000000 0.000000
5 370 44.000000 44.000000 0.000000
5 371 1.000000 1.000000 0.000000
5 372 34.000000 34.000000 0.000000
5 373 24.000000 24.000000 0.000000
5 374 19.000000 19.000000 0.000000
5 375 14.000000 14.000000 0.000000
5 376 11.000000 11.000000 0.000000
5 377 35.000000 35.000000 0.000000
5 378 1.000000 1.000000 0.000000
5 379 1.000000 1.000000 0.000000
5 380 10.000000 10.000000 0.000000
5 381 1.000000 1.000000 0.000000
5 382 20.000000 20.000000 0.000000
5 383 8.000000 8.000000 0.000000
5 384 12.000000 12.000000 0.000000
5 385 8.000000 8.000000 0.000000
5 386 7.000000 7.000000 0.000000
5 387 18.000000 18.000000 0.000000
5 388 16.000000 16.000000 0.000000
5 389 5.000000 5.000000 0.000000
5 390 28.000000 28.000000 0.000000
5 391 9.000000 9.000000 0.000000
5 392 10.000000 10.000000 0.000000
5 393 23.000000 23.000000 0.000000
5 394 26.000000 26.000000 0.000000
5 395 8.000000 8.000000 0.000000
5 396 8.000000 8.000000 0.000000
5 397 1.000000 1.000000 0.000000
5 398 27.000000 27.000000 0.000000
5 399 44.000000 44.000000 0.000000
5 400 36.000000 36.000000 0.000000
6 1 12.000000 12.000000 0.000000
6 2 42.000000 42.000000 0.000000
6 3 9.000000 9.000000 0.000000
6 4 2.000000 2.000000 0.000000
6 5 31.000000 31.000000 0.000000
6 6 50.000000 50.000000 0.000000
6 7 1.000000 1.000000 0.000000
6 8 57.000000 57.000000 0.000000
6 9 20.000000 20.000000 0.000000
6 10 12.000000 12.000000 0.000000
6 11 60.000000 60.000000 0.000000
6 12 25.000000 25.000000 0.000000
6 13 55.000000 55.000000 0.000000
6 14 59.000000 59.000000 0.000000
6 15 47.000000 47.000000 0.000000
6 16 17.000000 17.000000 0.000000
6 17 66.000000 66.000000 0.000000
6 18 22.000000 22.000000 0.000000
6 19 7.000000 7.000000 0.000000
6 20 54.000000 54.000000 0.000000
6 21 12.000000 12.000000 0.000000
6 22 29.000000 29.000000 0.000000
6 23 6.000000 6.000000 -0.000000
6 24 60.000000 60.000000 0.000000
6 25 17.000000 17.000000 0.000000
6 26 10.000000 10.000000 0.000000
6 27 1.000000 1.000000 0.000000
6 28 48.000000 48.000000 0.000000
6 29 29.000000 29.000000 0.000000
6 30 59.000000 59.000000 0.000000
6 31 26.000000 26.000000 0.000000
6 32 34.000000 34.000000 0.000000
6 33 41.000000 41.000000 0.000000
6 34 15.000000 15.000000 0.000000
6 35 8.000000 8.000000 0.000000
6 36 33.000000 33.000000 0.000000
6 37 12.000000 12.000000 0.000000
6 38 39.000000 39.000000 0.000000
6 39 1.000000 1.000000 0.000000
6 40 20.000000 20.000000 0.000000
6 41 47.000000 47.000000 0.000000
6 42 28.000000 28.000000 0.000000
6 43 22.000000 22.000000 0.000000
6 44 24.000000 24.000000 0.000000
6 45 46.000000 46.000000 0.000000
6 46 8.000000 8.000000 0.000000
6 47 1.000000 1.000000 0.000000
6 48 27.000000 27.000000 0.000000
6 49 59.000000 59.000000 0.000000
6 50 63.000000 63.000000 0.000000
6 51 22.000000 22.000000 0.000000
6 52 38.000000 38.000000 0.000000
6 53 41.000000 41.000000 0.000000
6 54 20.000000 20.000000 0.000000
6 55 1.000000 1.000000 0.000000
6 56 1.000000 1.000000 0.000000
6 57 45.000000 45.000000 0.000000
6 58 9.000000 9.000000 0.000000
6 59 1.000000 1.000000 0.000000
6 60 39.000000 39.000000 0.000000
6 61 8.000000 8.000000 0.000000
6 62 10.000000 10.000000 0.000000
6 63 56.000000 56.000000 0.000000
6 64 42.000000 42.000000 0.000000
6 65 63.000000 63.000000 0.000000
6 66 3.000000 3.000000 0.000000
6 67 1.000000 1.000000 0.000000
6 68 82.000000 82.000000 0.000000
6 69 42.000000 42.000000 0.000000
6 70 40.000000 40.000000 0.000000
6 71 4.000000 4.000000 0.000000
6 72 47.000000 47.000000 0.000000
6 73 12.000000 12.000000 0.000000
6 74 24.000000 24.000000 0.000000
6 75 20.000000 20.000000 0.000000
6 76 37.000000 37.000000 0.000000
6 77 25.000000 25.000000 0.000000
6 78 28.000000 28.000000 0.000000
6 79 80.000000 80.000000 0.000000
6 80 3.000000 3.000000 0.000000
6 81 34.000000 34.000000 0.000000
6 82 27.000000 27.000000 0.000000
6 83 29.000000 29.000000 0.000000
6 84 44.000000 44.000000 0.000000
6 85 57.000000 57.000000 0.000000
6 86 63.000000 63.000000 0.000000
6 87 12.000000 12.000000 0.000000
6 88 23.000000 23.000000 0.000000
6 89 32.000000 32.000000 0.000000
6 90 22.000000 22.000000 0.000000
6 91 7.000000 7.000000 0.000000
6 92 64.000000 64.000000 0.000000
6 93 1.000000 1.000000 0.000000
6 94 31.000000 31.000000 0.000000
6 95 45.000000 45.000000 0.000000
6 96 1.000000 1.000000 0.000000
6 97 31.000000 31.000000 0.000000
6 98 37.000000 37.000000 0.000000
6 99 27.000000 27.000000 0.000000
6 100 1.000000 1.000000 0.000000
6 101 68.000000 68.000000 0.000000
6 102 58.000000 58.000000 0.000000
6 103 26.000000 26.000000 0.000000
6 104 1.000000 1.000000 0.000000
6 105 6.000000 6.000000 0.000000
6 106 32.000000 32.000000 0.000000
6 107 13.000000 13.000000 0.000000
6 108 18.000000 18.000000 0.000000
6 109 41.000000 41.000000 0.000000
6 110 17.000000 17.000000 0.000000
6 111 77.000000 77.000000 0.000000
6 112 77.000000 77.000000 0.000000
6 113 62.000000 62.000000 0.000000
6 114 40.000000 40.000000 0.000000
6 115 32.000000 32.000000 0.000000
6 116 8.000000 8.000000 0.000000
6 117 1.000000 1.000000 0.000000
6 118 60.000000 60.000000 0.000000
6 119 43.000000 43.000000 0.000000
6 120 17.000000 17.000000 -0.000000
6 121 26.000000 26.000000 0.000000
6 122 39.000000 39.000000 0.000000
6 123 48.000000 48.000000 0.000000
6 124 36.000000 36.000000 0.000000
6 125 51.000000 51.000000 0.000000
6 126 25.000000 25.000000 0.000000
6 127 41.000000 41.000000 0.000000
6 128 47.000000 47.000000 0.000000
6 129 8.000000 8.000000 0.000000
6 130 40.000000 40.000000 0.000000
6 131 39.000000 39.000000 0.000000
6 132 38.000000 38.000000 0.000000
6 133 51.000000 51.000000 0.000000
6 134 54.000000 54.000000 0.000000
6 135 26.000000 26.000000 0.000000
6 136 1.000000 1.000000 0.000000
6 137 44.000000 44.000000 0.000000
6 138 75.000000 75.000000 0.000000
6 139 73.000000 73.000000 0.000000
6 140 10.000000 10.000000 0.000000
6 141 73.000000 73.000000 0.000000
6 142 14.000000 14.000000 0.000000
6 143 55.000000 55.000000 0.000000
6 144 45.000000 45.000000 0.000000
6 145 30.000000 30.000000 0.000000
6 146 64.000000 64.000000 0.000000
6 147 18.000000 18.000000 0.000000
6 148 1.000000 1.000000 0.000000
6 149 23.000000 23.000000 0.000000
6 150 30.000000 30.000000 -0.000000
6 151 47.000000 47.000000 0.000000
6 152 54.000000 54.000000 0.000000
6 153 41.000000 41.000000 0.000000
6 154 4.000000 4.000000 0.000000
6 155 39.000000 39.000000 0.000000
6 156 24.000000 24.000000 0.000000
6 157 1.000000 1.000000 0.000000
6 158 9.000000 9.000000 0.000000
6 159 22.000000 22.000000 0.000000
6 160 12.000000 12.000000 0.000000
6 161 79.000000 79.000000 0.000000
6 162 1.000000 1.000000 0.000000
6 163 40.000000 40.000000 0.000000
6 164 56.000000 56.000000 0.000000
6 165 30.000000 30.000000 0.000000
6 166 79.000000 79.000000 0.000000
6 167 42.000000 42.000000 0.000000
6 168 22.000000 22.000000 0.000000
6 169 10.000000 10.000000 0.000000
6 170 55.000000 55.000000 0.000000
6 171 49.000000 49.000000 0.000000
6 172 61.000000 61.000000 0.000000
6 173 46.000000 46.000000 0.000000
6 174 35.000000 35.000000 0.000000
6 175 47.000000 47.000000 0.000000
6 176 32.000000 32.000000 0.000000
6 177 25.000000 25.000000 0.000000
6 178 10.000000 10.000000 0.000000
6 179 64.000000 64.000000 0.000000
6 180 19.000000 19.000000 0.000000
6 181 19.000000 19.000000 0.000000
6 182 32.000000 32.000000 0.000000
6 183 12.000000 12.000000 0.000000
6 184 11.000000 11.000000 0.000000
6 185 24.000000 24.000000 0.000000
6 186 14.000000 14.000000 0.000000
6 187 65.000000 65.000000 0.000000
6 188 98.000000 98.000000 0.000000
6 189 1.000000 1.000000 0.000000
6 190 49.000000 49.000000 0.000000
6 191 8.000000 8.000000 0.000000
6 192 17.000000 17.000000 0.000000
6 193 21.000000 21.000000 0.000000
6 194 1.000000 1.000000 0.000000
6 195 10.000000 10.000000 0.000000
6 196 16.000000 16.000000 0.000000
6 197 51.000000 51.000000 0.000000
6 198 61.000000 61.000000 0.000000
6 199 29.000000 29.000000 0.000000
6 200 11.000000 11.000000 -0.000000
6 201 72.000000 72.000000 0.000000
6 202 20.000000 20.000000 0.000000
6 203 11.000000 11.000000 0.000000
6 204 8.000000 8.000000 0.000000
6 205 21.000000 21.000000 0.000000
6 206 73.000000 73.000000 0.000000
6 207 9.000000 9.000000 0.000000
6 208 33.000000 33.000000 0.000000
6 209 44.000000 44.000000 0.000000
6 210 23.000000 23.000000 0.000000
6 211 64.000000 64.000000 0.000000
6 212 29.000000 29.000000 0.000000
6 213 12.000000 12.000000 0.000000
6 214 29.000000 29.000000 0.000000
6 215 25.000000 25.000000 0.000000
6 216 78.000000 78.000000 0.000000
6 217 18.000000 18.000000 -0.000000
6 218 45.000000 45.000000 0.000000
6 219 1.000000 1.000000 0.000000
6 220 1.000000 1.000000 0.000000
6 221 20.000000 20.000000 0.000000
6 222 33.000000 33.000000 0.000000
6 223 62.000000 62.000000 0.000000
6 224 16.000000 16.000000 0.000000
6 225 5.000000 5.000000 0.000000
6 226 49.000000 49.000000 0.000000
6 227 20.000000 20.000000 0.000000
6 228 33.000000 33.000000 0.000000
6 229 12.000000 12.000000 0.000000
6 230 10.000000 10.000000 0.000000
6 231 49.000000 49.000000 0.000000
6 232 50.000000 50.000000 0.000000
6 233 54.000000 54.000000 0.000000
6 234 11.000000 11.000000 0.000000
6 235 36.000000 36.000000 0.000000
6 236 42.000000 42.000000 0.000000
6 237 33.000000 33.000000 0.000000
6 238 48.000000 48.000000 0.000000
6 239 31.000000 31.000000 0.000000
6 240 22.000000 22.000000 0.000000
6 241 1.000000 1.000000 0.000000
6 242 83.000000 83.000000 0.000000
6 243 27.000000 27.000000 0.000000
6 244 34.000000 34.000000 0.000000
6 245 81.000000 81.000000 0.000000
6 246 46.000000 46.000000 0.000000
6 247 13.000000 13.000000 0.000000
6 248 10.000000 10.000000 0.000000
6 249 17.000000 17.000000 0.000000
6 250 19.000000 19.000000 -0.000000
6 251 10.000000 10.000000 0.000000
6 252 8.000000 8.000000 0.000000
6 253 37.000000 37.000000 0.000000
6 254 1.000000 1.000000 0.000000
6 255 15.000000 15.000000 0.000000
6 256 37.000000 37.000000 0.000000
6 257 84.000000 84.000000 0.000000
6 258 20.000000 20.000000 0.000000
6 259 11.000000 11.000000 0.000000
6 260 29.000000 29.000000 0.000000
6 261 22.000000 22.000000 0.000000
6 262 17.000000 17.000000 0.000000
6 263 46.000000 46.000000 0.000000
6 264 14.000000 14.000000 0.000000
6 265 43.000000 43.000000 0.000000
6 266 9.000000 9.000000 -0.000000
6 267 39.000000 39.000000 0.000000
6 268 6.000000 6.000000 -0.000000
6 269 27.000000 27.000000 0.000000
6 270 21.000000 21.000000 0.000000
6 271 30.000000 30.000000 0.000000
6 272 23.000000 23.000000 0.000000
6 273 27.000000 27.000000 0.000000
6 274 52.000000 52.000000 0.000000
6 275 63.000000 63.000000 0.000000
6 276 21.000000 21.000000 0.000000
6 277 26.000000 26.000000 0.000000
6 278 53.000000 53.000000 0.000000
6 279 35.000000 35.000000 0.000000
6 280 23.000000 23.000000 0.000000
6 281 36.000000 36.000000 0.000000
6 282 26.000000 26.000000 0.000000
6 283 62.000000 62.000000 0.000000
6 284 55.000000 55.000000 0.000000
6 285 12.000000 12.000000 0.000000
6 286 3.000000 3.000000 0.000000
6 287 33.000000 33.000000 0.000000
6 288 2.000000 2.000000 0.000000
6 289 44.000000 44.000000 0.000000
6 290 33.000000 33.000000 0.000000
6 291 44.000000 44.000000 0.000000
6 292 19.000000 19.000000 0.000000
6 293 16.000000 16.000000 0.000000
6 294 39.000000 39.000000 0.000000
6 295 35.000000 35.000000 0.000000
6 296 4.000000 4.000000 0.000000
6 297 40.000000 40.000000 0.000000
6 298 23.000000 23.000000 0.000000
6 299 47.000000 47.000000 0.000000
6 300 51.000000 51.000000 0.000000
6 301 22.000000 22.000000 0.000000
6 302 26.000000 26.000000 0.000000
6 303 16.000000 16.000000 0.000000
6 304 15.000000 15.000000 0.000000
6 305 33.000000 33.000000 0.000000
6 306 1.000000 1.000000 0.000000
6 307 33.000000 33.000000 0.000000
6 308 16.000000 16.000000 0.000000
6 309 12.000000 12.000000 0.000000
6 310 21.000000 21.000000 0.000000
6 311 12.000000 12.000000 -0.000000
6 312 23.000000 23.000000 0.000000
6 313 36.000000 36.000000 0.000000
6 314 41.000000 41.000000 0.000000
6 315 62.000000 62.000000 0.000000
6 316 25.000000 25.000000 0.000000
6 317 12.000000 12.000000 0.000000
6 318 18.000000 18.000000 0.000000
6 319 12.000000 12.000000 0.000000
6 320 12.000000 12.000000 0.000000
6 321 9.000000 9.000000 0.000000
6 322 8.000000 8.000000 0.000000
6 323 34.000000 34.000000 0.000000
6 324 48.000000 48.000000 0.000000
6 325 28.000000 28.000000 0.000000
6 326 15.000000 15.000000 0.000000
6 327 35.000000 35.000000 0.000000
6 328 15.000000 15.000000 0.000000
6 329 19.000000 19.000000 0.000000
6 330 37.000000 37.000000 0.000000
6 331 36.000000 36.000000 0.000000
6 332 20.000000 20.000000 0.000000
6 333 21.000000 21.000000 0.000000
6 334 89.000000 89.000000 0.000000
6 335 39.000000 39.000000 0.000000
6 336 54.000000 54.000000 0.000000
6 337 12.000000 12.000000 0.000000
6 338 18.000000 18.000000 0.000000
6 339 36.000000 36.000000 0.000000
6 340 61.000000 61.000000 0.000000
6 341 12.000000 12.000000 0.000000
6 342 10.000000 10.000000 0.000000
6 343 72.000000 72.000000 0.000000
6 344 21.000000 21.000000 0.000000
6 345 19.000000 19.000000 0.000000
6 346 63.000000 63.000000 0.000000
6 347 50.000000 50.000000 0.000000
6 348 18.000000 18.000000 0.000000
6 349 22.000000 22.000000 0.000000
6 350 1.000000 1.000000 0.000000
6 351 80.000000 80.000000 0.000000
6 352 57.000000 57.000000 0.000000
6 353 30.000000 30.000000 0.000000
6 354 78.000000 78.000000 0.000000
6 355 49.000000 49.000000 0.000000
6 356 41.000000 41.000000 0.000000
6 357 45.000000 45.000000 0.000000
6 358 21.000000 21.000000 0.000000
6 359 10.000000 10.000000 0.000000
6 360 49.000000 49.000000 0.000000
6 361 61.000000 61.000000 0.000000
6 362 22.000000 22.000000 0.000000
6 363 21.000000 21.000000 0.000000
6 364 33.000000 33.000000 0.000000
6 365 35.000000 35.000000 0.000000
6 366 13.000000 13.000000 0.000000
6 367 40.000000 40.000000 0.000000
6 368 68.000000 68.000000 0.000000
6 369 39.000000 39.000000 0.000000
6 370 34.000000 34.000000 0.000000
6 371 1.000000 1.000000 0.000000
6 372 70.000000 70.000000 0.000000
6 373 1.000000 1.000000 0.000000
6 374 17.000000 17.000000 0.000000
6 375 8.000000 8.000000 0.000000
6 376 45.000000 45.000000 0.000000
6 377 38.000000 38.000000 0.000000
6 378 90.000000 90.000000 0.000000
6 379 24.000000 24.000000 0.000000
6 380 40.000000 40.000000 0.000000
6 381 27.000000 27.000000 0.000000
6 382 33.000000 33.000000 0.000000
6 383 59.000000 59.000000 0.000000
6 384 33.000000 33.000000 0.000000
6 385 37.000000 37.000000 0.000000
6 386 31.000000 31.000000 0.000000
6 387 25.000000 25.000000 -0.000000
6 388 19.000000 19.000000 0.000000
6 389 69.000000 69.000000 0.000000
6 390 6.000000 6.000000 -0.000000
6 391 44.000000 44.000000 0.000000
6 392 53.000000 53.000000 -0.000000
6 393 14.000000 14.000000 0.000000
6 394 12.000000 12.000000 0.000000
6 395 84.000000 84.000000 0.000000
6 396 12.000000 12.000000 0.000000
6 397 1.000000 1.000000 0.000000
6 398 60.000000 60.000000 0.000000
6 399 27.000000 27.000000 0.000000
6 400 55.000000 55.000000 0.000000
7 1 77.000000 77.000000 0.000000
7 2 61.000000 61.000000 0.000000
7 3 14.000000 14.000000 0.000000
7 4 39.000000 39.000000 0.000000
7 5 10.000000 10.000000 0.000000
7 6 37.000000 37.000000 -0.000000
7 7 75.000000 75.000000 0.000000
7 8 112.000000 112.000000 0.000000
7 9 25.000000 25.000000 0.000000
7 10 137.000000 137.000000 0.000000
7 11 83.000000 83.000000 0.000000
7 12 6.000000 6.000000 -0.000000
7 13 38.000000 38.000000 0.000000
7 14 37.000000 37.000000 0.000000
7 15 20.000000 20.000000 0.000000
7 16 25.000000 25.000000 0.000000
7 17 18.000000 18.000000 0.000000
7 18 23.000000 23.000000 0.000000
7 19 149.000000 149.000000 0.000000
7 20 54.000000 54.000000 0.000000
7 21 92.000000 92.000000 0.000000
7 22 25.000000 25.000000 0.000000
7 23 98.000000 98.000000 0.000000
7 24 82.000000 82.000000 0.000000
7 25 44.000000 44.000000 0.000000
7 26 12.000000 12.000000 0.000000
7 27 39.000000 39.000000 0.000000
7 28 8.000000 8.000000 0.000000
7 29 13.000000 13.000000 0.000000
7 30 99.000000 99.000000 0.000000
7 31 42.000000 42.000000 0.000000
7 32 23.000000 23.000000 0.000000
7 33 72.000000 72.000000 0.000000
7 34 41.000000 41.000000 0.000000
7 35 97.000000 97.000000 0.000000
7 36 56.000000 56.000000 0.000000
7 37 40.000000 40.000000 0.000000
7 38 1.000000 1.000000 0.000000
7 39 87.000000 87.000000 0.000000
7 40 1.000000 1.000000 0.000000
7 41 86.000000 86.000000 0.000000
7 42 41.000000 41.000000 0.000000
7 43 165.000000 165.000000 0.000000
7 44 94.000000 94.000000 0.000000
7 45 18.000000 18.000000 0.000000
7 46 116.000000 116.000000 0.000000
7 47 18.000000 18.000000 0.000000
7 48 1.000000 1.000000 0.000000
7 49 3.000000 3.000000 0.000000
7 50 138.000000 138.000000 0.000000
7 51 42.000000 42.000000 -0.000000
7 52 67.000000 67.000000 0.000000
7 53 58.000000 58.000000 0.000000
7 54 106.000000 106.000000 0.000000
7 55 113.000000 113.000000 0.000000
7 56 129.000000 129.000000 0.000000
7 57 44.000000 44.000000 0.000000
7 58 16.000000 16.000000 -0.000000
7 59 17.000000 17.000000 0.000000
7 60 25.000000 25.000000 0.000000
7 61 104.000000 104.000000 -0.000000
7 62 11.000000 11.000000 0.000000
7 63 122.000000 122.000000 0.000000
7 64 124.000000 124.000000 0.000000
7 65 124.000000 124.000000 0.000000
7 66 90.000000 90.000000 0.000000
7 67 99.000000 99.000000 0.000000
7 68 84.000000 84.000000 0.000000
7 69 7.000000 7.000000 0.000000
7 70 63.000000 63.000000 0.000000
7 71 23.000000 23.000000 0.000000
7 72 127.000000 127.000000 0.000000
7 73 39.000000 39.000000 0.000000
7 74 92.000000 92.000000 0.000000
7 75 73.000000 73.000000 -0.000000
7 76 66.000000 66.000000 0.000000
7 77 85.000000 85.000000 0.000000
7 78 100.000000 100.000000 -0.000000
7 79 70.000000 70.000000 0.000000
7 80 40.000000 40.000000 0.000000
7 81 77.000000 77.000000 0.000000
7 82 114.000000 114.000000 0.000000
7 83 111.000000 111.000000 0.000000
7 84 11.000000 11.000000 0.000000
7 85 73.000000 73.000000 0.000000
7 86 30.000000 30.000000 0.000000
7 87 12.000000 12.000000 0.000000
7 88 18.000000 18.000000 0.000000
7 89 172.000000 172.000000 0.000000
7 90 14.000000 14.000000 0.000000
7 91 14.000000 14.000000 0.000000
7 92 103.000000 103.000000 0.000000
7 93 14.000000 14.000000 0.000000
7 94 56.000000 56.000000 0.000000
7 95 16.000000 16.000000 0.000000
7 96 36.000000 36.000000 0.000000
7 97 120.000000 120.000000 -0.000000
7 98 50.000000 50.000000 0.000000
7 99 84.000000 84.000000 0.000000
7 100 113.000000 113.000000 0.000000
7 101 158.000000 158.000000 0.000000
7 102 56.000000 56.000000 0.000000
7 103 172.000000 172.000000 0.000000
7 104 89.000000 89.000000 0.000000
7 105 91.000000 91.000000 0.000000
7 106 93.000000 93.000000 0.000000
7 107 14.000000 14.000000 0.000000
7 108 43.000000 43.000000 0.000000
7 109 92.000000 92.000000 0.000000
7 110 60.000000 60.000000 0.000000
7 111 46.000000 46.000000 0.000000
7 112 172.000000 172.000000 0.000000
7 113 129.000000 129.000000 0.000000
7 114 50.000000 50.000000 -0.000000
7 115 97.000000 97.000000 0.000000
7 116 114.000000 114.000000 0.000000
7 117 40.000000 40.000000 -0.000000
7 118 104.000000 104.000000 0.000000
7 119 1.000000 1.000000 0.000000
7 120 87.000000 87.000000 0.000000
7 121 12.000000 12.000000 0.000000
7 122 49.000000 49.000000 0.000000
7 123 12.000000 12.000000 0.000000
7 124 39.000000 39.000000 0.000000
7 125 75.000000 75.000000 0.000000
7 126 106.000000 106.000000 0.000000
7 127 33.000000 33.000000 0.000000
7 128 102.000000 102.000000 0.000000
7 129 10.000000 10.000000 0.000000
7 130 67.000000 67.000000 0.000000
7 131 1.000000 1.000000 0.000000
7 132 13.000000 13.000000 0.000000
7 133 129.000000 129.000000 0.000000
7 134 68.000000 68.000000 0.000000
7 135 14.000000 14.000000 0.000000
7 136 37.000000 37.000000 0.000000
7 137 14.000000 14.000000 0.000000
7 138 102.000000 102.000000 -0.000000
7 139 82.000000 82.000000 0.000000
7 140 1.000000 1.000000 0.000000
7 141 31.000000 31.000000 0.000000
7 142 121.000000 121.000000 0.000000
7 143 141.000000 141.000000 0.000000
7 144 73.000000 73.000000 0.000000
7 145 145.000000 145.000000 0.000000
7 146 54.000000 54.000000 0.000000
7 147 57.000000 57.000000 0.000000
7 148 98.000000 98.000000 0.000000
7 149 18.000000 18.000000 0.000000
7 150 114.000000 114.000000 0.000000
7 151 86.000000 86.000000 0.000000
7 152 11.000000 11.000000 0.000000
7 153 45.000000 45.000000 0.000000
7 154 14.000000 14.000000 0.000000
7 155 32.000000 32.000000 0.000000
7 156 3.000000 3.000000 0.000000
7 157 137.000000 137.000000 0.000000
7 158 59.000000 59.000000 0.000000
7 159 29.000000 29.000000 0.000000
7 160 130.000000 130.000000 0.000000
7 161 7.000000 7.000000 0.000000
7 162 132.000000 132.000000 0.000000
7 163 18.000000 18.000000 0.000000
7 164 47.000000 47.000000 0.000000
7 165 155.000000 155.000000 0.000000
7 166 61.000000 61.000000 0.000000
7 167 18.000000 18.000000 0.000000
7 168 105.000000 105.000000 0.000000
7 169 3.000000 3.000000 0.000000
7 170 59.000000 59.000000 0.000000
7 171 91.000000 91.000000 0.000000
7 172 93.000000 93.000000 0.000000
7 173 30.000000 30.000000 0.000000
7 174 23.000000 23.000000 0.000000
7 175 17.000000 17.000000 -0.000000
7 176 78.000000 78.000000 -0.000000
7 177 139.000000 139.000000 0.000000
7 178 51.000000 51.000000 0.000000
7 179 116.000000 116.000000 0.000000
7 180 57.000000 57.000000 0.000000
7 181 89.000000 89.000000 0.000000
7 182 94.000000 94.000000 -0.000000
7 183 21.000000 21.000000 0.000000
7 184 165.000000 165.000000 0.000000
7 185 114.000000 114.000000 0.000000
7 186 112.000000 112.000000 0.000000
7 187 55.000000 55.000000 -0.000000
7 188 118.000000 118.000000 0.000000
7 189 50.000000 50.000000 0.000000
7 190 74.000000 74.000000 0.000000
7 191 14.000000 14.000000 0.000000
7 192 50.000000 50.000000 0.000000
7 193 146.000000 146.000000 0.000000
7 194 67.000000 67.000000 0.000000
7 195 86.000000 86.000000 0.000000
7 196 62.000000 62.000000 0.000000
7 197 107.000000 107.000000 0.000000
7 198 59.000000 59.000000 0.000000
7 199 78.000000 78.000000 0.000000
7 200 23.000000 23.000000 0.000000
7 201 19.000000 19.000000 0.000000
7 202 15.000000 15.000000 0.000000
7 203 29.000000 29.000000 0.000000
7 204 34.000000 34.000000 0.000000
7 205 19.000000 19.000000 0.000000
7 206 37.000000 37.000000 0.000000
7 207 114.000000 114.000000 0.000000
7 208 14.000000 14.000000 0.000000
7 209 22.000000 22.000000 0.000000
7 210 46.000000 46.000000 0.000000
7 211 39.000000 39.000000 0.000000
7 212 61.000000 61.000000 0.000000
7 213 60.000000 60.000000 0.000000
7 214 38.000000 38.000000 0.000000
7 215 119.000000 119.000000 0.000000
7 216 74.000000 74.000000 0.000000
7 217 99.000000 99.000000 0.000000
7 218 59.000000 59.000000 0.000000
7 219 123.000000 123.000000 0.000000
7 220 70.000000 70.000000 0.000000
7 221 44.000000 44.000000 0.000000
7 222 33.000000 33.000000 0.000000
7 223 28.000000 28.000000 0.000000
7 224 119.000000 119.000000 0.000000
7 225 97.000000 97.000000 0.000000
7 226 54.000000 54.000000 0.000000
7 227 32.000000 32.000000 -0.000000
7 228 141.000000 141.000000 0.000000
7 229 54.000000 54.000000 0.000000
7 230 10.000000 10.000000 0.000000
7 231 17.000000 17.000000 0.000000
7 232 20.000000 20.000000 0.000000
7 233 61.000000 61.000000 0.000000
7 234 127.000000 127.000000 0.000000
7 235 12.000000 12.000000 0.000000
7 236 47.000000 47.000000 0.000000
7 237 64.000000 64.000000 0.000000
7 238 86.000000 86.000000 0.000000
7 239 66.000000 66.000000 0.000000
7 240 23.000000 23.000000 0.000000
7 241 138.000000 138.000000 0.000000
7 242 59.000000 59.000000 0.000000
7 243 118.000000 118.000000 0.000000
7 244 42.000000 42.000000 0.000000
7 245 31.000000 31.000000 -0.000000
7 246 56.000000 56.000000 0.000000
7 247 59.000000 59.000000 0.000000
7 248 36.000000 36.000000 0.000000
7 249 61.000000 61.000000 0.000000
7 250 157.000000 157.000000 0.000000
7 251 18.000000 18.000000 0.000000
7 252 108.000000 108.000000 0.000000
7 253 1.000000 1.000000 0.000000
7 254 147.000000 147.000000 0.000000
7 255 178.000000 178.000000 0.000000
7 256 51.000000 51.000000 0.000000
7 257 138.000000 138.000000 0.000000
7 258 46.000000 46.000000 0.000000
7 259 123.000000 123.000000 0.000000
7 260 105.000000 105.000000 0.000000
7 261 12.000000 12.000000 0.000000
7 262 110.000000 110.000000 0.000000
7 263 74.000000 74.000000 0.000000
7 264 13.000000 13.000000 0.000000
7 265 39.000000 39.000000 0.000000
7 266 79.000000 79.000000 0.000000
7 267 33.000000 33.000000 0.000000
7 268 105.000000 105.000000 0.000000
7 269 56.000000 56.000000 0.000000
7 270 1.000000 1.000000 0.000000
7 271 98.000000 98.000000 0.000000
7 272 141.000000 141.000000 0.000000
7 273 88.000000 88.000000 0.000000
7 274 38.000000 38.000000 0.000000
7 275 77.000000 77.000000 0.000000
7 276 1.000000 1.000000 0.000000
7 277 64.000000 64.000000 0.000000
7 278 70.000000 70.000000 0.000000
7 279 64.000000 64.000000 0.000000
7 280 17.000000 17.000000 0.000000
7 281 80.000000 80.000000 0.000000
7 282 32.000000 32.000000 0.000000
7 283 71.000000 71.000000 0.000000
7 284 119.000000 119.000000 0.000000
7 285 106.000000 106.000000 0.000000
7 286 58.000000 58.000000 0.000000
7 287 122.000000 122.000000 0.000000
7 288 28.000000 28.000000 0.000000
7 289 130.000000 130.000000 0.000000
7 290 35.000000 35.000000 0.000000
7 291 72.000000 72.000000 0.000000
7 292 22.000000 22.000000 0.000000
7 293 62.000000 62.000000 0.000000
7 294 136.000000 136.000000 0.000000
7 295 63.000000 63.000000 0.000000
7 296 18.000000 18.000000 0.000000
7 297 111.000000 111.000000 0.000000
7 298 31.000000 31.000000 0.000000
7 299 119.000000 119.000000 0.000000
7 300 14.000000 14.000000 0.000000
7 301 25.000000 25.000000 0.000000
7 302 21.000000 21.000000 0.000000
7 303 130.000000 130.000000 0.000000
7 304 6.000000 6.000000 0.000000
7 305 108.000000 108.000000 0.000000
7 306 67.000000 67.000000 0.000000
7 307 89.000000 89.000000 0.000000
7 308 94.000000 94.000000 0.000000
7 309 75.000000 75.000000 0.000000
7 310 49.000000 49.000000 0.000000
7 311 13.000000 13.000000 0.000000
7 312 42.000000 42.000000 0.000000
7 313 57.000000 57.000000 0.000000
7 314 16.000000 16.000000 0.000000
7 315 34.000000 34.000000 0.000000
7 316 65.000000 65.000000 0.000000
7 317 51.000000 51.000000 0.000000
7 318 24.000000 24.000000 0.000000
7 319 23.000000 23.000000 0.000000
7 320 107.000000 107.000000 0.000000
7 321 79.000000 79.000000 0.000000
7 322 45.000000 45.000000 0.000000
7 323 132.000000 132.000000 0.000000
7 324 121.000000 121.000000 0.000000
7 325 77.000000 77.000000 -0.000000
7 326 36.000000 36.000000 0.000000
7 327 84.000000 84.000000 -0.000000
7 328 60.000000 60.000000 0.000000
7 329 115.000000 115.000000 0.000000
7 330 114.000000 114.000000 0.000000
7 331 55.000000 55.000000 0.000000
7 332 125.000000 125.000000 0.000000
7 333 106.000000 106.000000 0.000000
7 334 92.000000 92.000000 0.000000
7 335 1.000000 1.000000 0.000000
7 336 95.000000 95.000000 0.000000
7 337 24.000000 24.000000 0.000000
7 338 31.000000 31.000000 0.000000
7 339 88.000000 88.000000 0.000000
7 340 15.000000 15.000000 0.000000
7 341 48.000000 48.000000 0.000000
7 342 22.000000 22.000000 0.000000
7 343 60.000000 60.000000 -0.000000
7 344 128.000000 128.000000 0.000000
7 345 18.000000 18.000000 0.000000
7 346 54.000000 54.000000 -0.000000
7 347 112.000000 112.000000 0.000000
7 348 16.000000 16.000000 0.000000
7 349 1.000000 1.000000 0.000000
7 350 35.000000 35.000000 0.000000
7 351 7.000000 7.000000 0.000000
7 352 69.000000 69.000000 0.000000
7 353 113.000000 113.000000 0.000000
7 354 58.000000 58.000000 0.000000
7 355 160.000000 160.000000 0.000000
7 356 48.000000 48.000000 0.000000
7 357 66.000000 66.000000 0.000000
7 358 60.000000 60.000000 0.000000
7 359 31.000000 31.000000 0.000000
7 360 65.000000 65.000000 0.000000
7 361 53.000000 53.000000 0.000000
7 362 92.000000 92.000000 0.000000
7 363 139.000000 139.000000 0.000000
7 364 155.000000 155.000000 0.000000
7 365 44.000000 44.000000 0.000000
7 366 69.000000 69.000000 0.000000
7 367 63.000000 63.000000 -0.000000
7 368 135.000000 135.000000 0.000000
7 369 1.000000 1.000000 0.000000
7 370 135.000000 135.000000 0.000000
7 371 29.000000 29.000000 0.000000
7 372 96.000000 96.000000 0.000000
7 373 85.000000 85.000000 0.000000
7 374 160.000000 160.000000 0.000000
7 375 28.000000 28.000000 0.000000
7 376 74.000000 74.000000 -0.000000
7 377 129.000000 129.000000 -0.000000
7 378 36.000000 36.000000 0.000000
7 379 56.000000 56.000000 0.000000
7 380 75.000000 75.000000 0.000000
7 381 145.000000 145.000000 0.000000
7 382 80.000000 80.000000 0.000000
7 383 22.000000 22.000000 0.000000
7 384 12.000000 12.000000 0.000000
7 385 96.000000 96.000000 0.000000
7 386 97.000000 97.000000 0.000000
7 387 43.000000 43.000000 0.000000
7 388 129.000000 129.000000 0.000000
7 389 51.000000 51.000000 0.000000
7 390 115.000000 115.000000 0.000000
7 391 56.000000 56.000000 0.000000
7 392 12.000000 12.000000 0.000000
7 393 77.000000 77.000000 0.000000
7 394 124.000000 124.000000 0.000000
7 395 136.000000 136.000000 0.000000
7 396 86.000000 86.000000 0.000000
7 397 47.000000 47.000000 0.000000
7 398 60.000000 60.000000 0.000000
7 399 56.000000 56.000000 0.000000
7 400 89.000000 89.000000 0.000000
8 1 150.000000 150.000000 0.000000
8 2 181.000000 181.000000 0.000000
8 3 150.000000 150.000000 0.000000
8 4 99.000000 99.000000 0.000000
8 5 22.000000 22.000000 0.000000
8 6 19.000000 19.000000 0.000000
8 7 19.000000 19.000000 0.000000
8 8 107.000000 107.000000 0.000000
8 9 108.000000 108.000000 0.000000
8 10 107.000000 107.000000 0.000000
8 11 113.000000 113.000000 -0.000000
8 12 320.000000 320.000000 0.000000
8 13 47.000000 47.000000 -0.000000
8 14 98.000000 98.000000 0.000000
8 15 280.000000 280.000000 0.000000
8 16 143.000000 143.000000 0.000000
8 17 137.000000 137.000000 0.000000
8 18 144.000000 144.000000 0.000000
8 19 45.000000 45.000000 0.000000
8 20 220.000000 220.000000 0.000000
8 21 34.000000 34.000000 0.000000
8 22 218.000000 218.000000 -0.000000
8 23 197.000000 197.000000 0.000000
8 24 79.000000 79.000000 0.000000
8 25 278.000000 278.000000 0.000000
8 26 207.000000 207.000000 -0.000000
8 27 78.000000 78.000000 0.000000
8 28 223.000000 223.000000 0.000000
8 29 136.000000 136.000000 0.000000
8 30 163.000000 163.000000 0.000000
8 31 129.000000 129.000000 0.000000
8 32 64.000000 64.000000 0.000000
8 33 216.000000 216.000000 -0.000000
8 34 269.000000 269.000000 0.000000
8 35 137.000000 137.000000 0.000000
8 36 33.000000 33.000000 -0.000000
8 37 198.000000 198.000000 0.000000
8 38 218.000000 218.000000 0.000000
8 39 31.000000 31.000000 0.000000
8 40 103.000000 103.000000 0.000000
8 41 77.000000 77.000000 0.000000
8 42 20.000000 20.000000 0.000000
8 43 117.000000 117.000000 0.000000
8 44 143.000000 143.000000 0.000000
8 45 274.000000 274.000000 0.000000
8 46 49.000000 49.000000 0.000000
8 47 205.000000 205.000000 0.000000
8 48 157.000000 157.000000 0.000000
8 49 190.000000 190.000000 0.000000
8 50 106.000000 106.000000 0.000000
8 51 322.000000 322.000000 0.000000
8 52 22.000000 22.000000 0.000000
8 53 272.000000 272.000000 0.000000
8 54 222.000000 222.000000 0.000000
8 55 44.000000 44.000000 0.000000
8 56 43.000000 43.000000 0.000000
8 57 125.000000 125.000000 0.000000
8 58 56.000000 56.000000 -0.000000
8 59 262.000000 262.000000 0.000000
8 60 250.000000 250.000000 0.000000
8 61 51.000000 51.000000 0.000000
8 62 55.000000 55.000000 0.000000
8 63 1.000000 1.000000 0.000000
8 64 158.000000 158.000000 0.000000
8 65 97.000000 97.000000 0.000000
8 66 33.000000 33.000000 -0.000000
8 67 53.000000 53.000000 0.000000
8 68 214.000000 214.000000 0.000000
8 69 100.000000 100.000000 0.000000
8 70 170.000000 170.000000 0.000000
8 71 47.000000 47.000000 0.000000
8 72 131.000000 131.000000 0.000000
8 73 119.000000 119.000000 0.000000
8 74 27.000000 27.000000 0.000000
8 75 109.000000 109.000000 -0.000000
8 76 22.000000 22.000000 0.000000
8 77 109.000000 109.000000 0.000000
8 78 254.000000 254.000000 -0.000000
8 79 172.000000 172.000000 0.000000
8 80 29.000000 29.000000 0.000000
8 81 157.000000 157.000000 0.000000
8 82 293.000000 293.000000 0.000000
8 83 204.000000 204.000000 0.000000
8 84 69.000000 69.000000 0.000000
MATLAB is running in headless mode.  Figure windows will not be displayed.
8 85 161.000000 161.000000 0.000000
8 86 189.000000 189.000000 0.000000
8 87 151.000000 151.000000 0.000000
8 88 177.000000 177.000000 0.000000
8 89 151.000000 151.000000 0.000000
8 90 270.000000 270.000000 0.000000
8 91 83.000000 83.000000 0.000000
8 92 58.000000 58.000000 0.000000
8 93 205.000000 205.000000 0.000000
8 94 266.000000 266.000000 0.000000
8 95 248.000000 248.000000 0.000000
8 96 34.000000 34.000000 0.000000
8 97 255.000000 255.000000 0.000000
8 98 214.000000 214.000000 -0.000000
8 99 185.000000 185.000000 0.000000
8 100 124.000000 124.000000 0.000000
8 101 71.000000 71.000000 0.000000
8 102 344.000000 344.000000 0.000000
8 103 154.000000 154.000000 0.000000
8 104 43.000000 43.000000 0.000000
8 105 28.000000 28.000000 0.000000
8 106 316.000000 316.000000 0.000000
8 107 121.000000 121.000000 0.000000
8 108 166.000000 166.000000 0.000000
8 109 66.000000 66.000000 0.000000
8 110 161.000000 161.000000 -0.000000
8 111 95.000000 95.000000 0.000000
8 112 27.000000 27.000000 0.000000
