MATLAB is running in headless mode.  Figure windows will not be displayed.
1 1 18.000000 17.000000 0.055556
1 2 17.000000 16.000000 0.058824
1 3 18.000000 17.000000 0.055556
1 4 18.000000 17.000000 0.055556
1 5 17.000000 16.000000 0.058824
1 6 18.000000 17.000000 0.055556
1 7 19.000000 17.000000 0.105263
1 8 20.000000 17.000000 0.150000
1 9 17.000000 17.000000 0.000000
1 10 16.000000 16.000000 0.000000
1 11 18.000000 17.000000 0.055556
1 12 17.000000 17.000000 0.000000
1 13 19.000000 17.000000 0.105263
1 14 19.000000 17.000000 0.105263
1 15 19.000000 17.000000 0.105263
1 16 16.000000 16.000000 0.000000
1 17 18.000000 17.000000 0.055556
1 18 20.000000 17.000000 0.150000
1 19 18.000000 17.000000 0.055556
1 20 16.000000 16.000000 0.000000
1 21 19.000000 16.000000 0.157895
1 22 16.000000 16.000000 0.000000
1 23 20.000000 17.000000 0.150000
1 24 19.000000 17.000000 0.105263
1 25 17.000000 16.000000 0.058824
1 26 19.000000 17.000000 0.105263
1 27 18.000000 17.000000 0.055556
1 28 19.000000 17.000000 0.105263
1 29 18.000000 16.000000 0.111111
1 30 20.000000 16.000000 0.200000
1 31 18.000000 17.000000 0.055556
1 32 18.000000 17.000000 0.055556
1 33 19.000000 16.000000 0.157895
1 34 20.000000 17.000000 0.150000
1 35 18.000000 16.000000 0.111111
1 36 17.000000 16.000000 0.058824
1 37 19.000000 16.000000 0.157895
1 38 20.000000 17.000000 0.150000
1 39 18.000000 17.000000 0.055556
1 40 17.000000 17.000000 0.000000
1 41 18.000000 17.000000 0.055556
1 42 16.000000 16.000000 0.000000
1 43 21.000000 17.000000 0.190476
1 44 17.000000 17.000000 0.000000
1 45 19.000000 17.000000 0.105263
1 46 17.000000 17.000000 0.000000
1 47 15.000000 15.000000 0.000000
1 48 18.000000 16.000000 0.111111
1 49 19.000000 17.000000 0.105263
1 50 21.000000 17.000000 0.190476
1 51 19.000000 17.000000 0.105263
1 52 18.000000 17.000000 0.055556
1 53 16.000000 16.000000 0.000000
1 54 18.000000 17.000000 0.055556
1 55 17.000000 17.000000 0.000000
1 56 20.000000 17.000000 0.150000
1 57 16.000000 16.000000 0.000000
1 58 19.000000 17.000000 0.105263
1 59 19.000000 17.000000 0.105263
1 60 19.000000 17.000000 0.105263
1 61 18.000000 17.000000 0.055556
1 62 19.000000 17.000000 0.105263
1 63 16.000000 16.000000 0.000000
1 64 19.000000 17.000000 0.105263
1 65 17.000000 17.000000 0.000000
1 66 19.000000 17.000000 0.105263
1 67 17.000000 17.000000 0.000000
1 68 16.000000 16.000000 0.000000
1 69 18.000000 17.000000 0.055556
1 70 19.000000 17.000000 0.105263
1 71 15.000000 15.000000 0.000000
1 72 21.000000 17.000000 0.190476
1 73 23.000000 17.000000 0.260870
1 74 18.000000 16.000000 0.111111
1 75 18.000000 17.000000 0.055556
1 76 20.000000 17.000000 0.150000
1 77 19.000000 17.000000 0.105263
1 78 17.000000 16.000000 0.058824
1 79 20.000000 17.000000 0.150000
1 80 20.000000 17.000000 0.150000
1 81 17.000000 17.000000 0.000000
1 82 17.000000 17.000000 0.000000
1 83 16.000000 16.000000 0.000000
1 84 18.000000 17.000000 0.055556
1 85 20.000000 17.000000 0.150000
1 86 19.000000 17.000000 0.105263
1 87 20.000000 17.000000 0.150000
1 88 16.000000 16.000000 0.000000
1 89 18.000000 17.000000 0.055556
1 90 17.000000 16.000000 0.058824
1 91 21.000000 17.000000 0.190476
1 92 23.000000 17.000000 0.260870
1 93 18.000000 17.000000 0.055556
1 94 16.000000 16.000000 0.000000
1 95 16.000000 16.000000 0.000000
1 96 20.000000 17.000000 0.150000
1 97 16.000000 16.000000 0.000000
1 98 19.000000 17.000000 0.105263
1 99 17.000000 17.000000 0.000000
1 100 16.000000 16.000000 0.000000
1 101 20.000000 17.000000 0.150000
1 102 22.000000 17.000000 0.227273
1 103 17.000000 16.000000 0.058824
1 104 19.000000 17.000000 0.105263
1 105 18.000000 16.000000 0.111111
1 106 20.000000 17.000000 0.150000
1 107 20.000000 17.000000 0.150000
1 108 19.000000 17.000000 0.105263
1 109 18.000000 17.000000 0.055556
1 110 17.000000 16.000000 0.058824
1 111 17.000000 17.000000 0.000000
1 112 18.000000 16.000000 0.111111
1 113 20.000000 17.000000 0.150000
1 114 17.000000 17.000000 0.000000
1 115 17.000000 16.000000 0.058824
1 116 17.000000 16.000000 0.058824
1 117 20.000000 17.000000 0.150000
1 118 16.000000 16.000000 0.000000
1 119 17.000000 17.000000 0.000000
1 120 19.000000 17.000000 0.105263
1 121 17.000000 17.000000 0.000000
1 122 17.000000 16.000000 0.058824
1 123 17.000000 16.000000 0.058824
1 124 19.000000 17.000000 0.105263
1 125 22.000000 17.000000 0.227273
1 126 18.000000 16.000000 0.111111
1 127 19.000000 17.000000 0.105263
1 128 17.000000 17.000000 0.000000
1 129 17.000000 16.000000 0.058824
1 130 18.000000 17.000000 0.055556
1 131 17.000000 17.000000 0.000000
1 132 16.000000 16.000000 0.000000
1 133 19.000000 17.000000 0.105263
1 134 17.000000 17.000000 0.000000
1 135 20.000000 17.000000 0.150000
1 136 16.000000 16.000000 0.000000
1 137 22.000000 17.000000 0.227273
1 138 18.000000 17.000000 0.055556
1 139 18.000000 17.000000 0.055556
1 140 18.000000 17.000000 0.055556
1 141 18.000000 17.000000 0.055556
1 142 19.000000 17.000000 0.105263
1 143 17.000000 17.000000 0.000000
1 144 18.000000 17.000000 0.055556
1 145 17.000000 16.000000 0.058824
1 146 18.000000 17.000000 0.055556
1 147 21.000000 17.000000 0.190476
1 148 21.000000 17.000000 0.190476
1 149 20.000000 17.000000 0.150000
1 150 18.000000 17.000000 0.055556
1 151 18.000000 17.000000 0.055556
1 152 21.000000 17.000000 0.190476
1 153 18.000000 17.000000 0.055556
1 154 20.000000 17.000000 0.150000
1 155 22.000000 17.000000 0.227273
1 156 16.000000 16.000000 0.000000
1 157 20.000000 17.000000 0.150000
1 158 19.000000 17.000000 0.105263
1 159 17.000000 16.000000 0.058824
1 160 18.000000 17.000000 0.055556
1 161 19.000000 17.000000 0.105263
1 162 17.000000 17.000000 0.000000
1 163 18.000000 17.000000 0.055556
1 164 17.000000 17.000000 0.000000
1 165 18.000000 17.000000 0.055556
1 166 18.000000 16.000000 0.111111
1 167 19.000000 17.000000 0.105263
1 168 16.000000 16.000000 0.000000
1 169 19.000000 17.000000 0.105263
1 170 20.000000 17.000000 0.150000
1 171 16.000000 16.000000 0.000000
1 172 18.000000 17.000000 0.055556
1 173 17.000000 17.000000 0.000000
1 174 17.000000 16.000000 0.058824
1 175 19.000000 17.000000 0.105263
1 176 19.000000 17.000000 0.105263
1 177 17.000000 16.000000 0.058824
1 178 18.000000 16.000000 0.111111
1 179 20.000000 16.000000 0.200000
1 180 21.000000 17.000000 0.190476
1 181 17.000000 16.000000 0.058824
1 182 16.000000 16.000000 0.000000
1 183 18.000000 17.000000 0.055556
1 184 18.000000 17.000000 0.055556
1 185 19.000000 17.000000 0.105263
1 186 18.000000 17.000000 0.055556
1 187 18.000000 17.000000 0.055556
1 188 18.000000 17.000000 0.055556
1 189 20.000000 17.000000 0.150000
1 190 17.000000 16.000000 0.058824
1 191 16.000000 16.000000 0.000000
1 192 19.000000 17.000000 0.105263
1 193 16.000000 16.000000 0.000000
1 194 17.000000 17.000000 0.000000
1 195 17.000000 17.000000 0.000000
1 196 16.000000 16.000000 0.000000
1 197 20.000000 17.000000 0.150000
1 198 16.000000 16.000000 0.000000
1 199 16.000000 16.000000 0.000000
1 200 18.000000 17.000000 0.055556
1 201 19.000000 17.000000 0.105263
1 202 18.000000 16.000000 0.111111
1 203 18.000000 17.000000 0.055556
1 204 19.000000 17.000000 0.105263
1 205 18.000000 17.000000 0.055556
1 206 18.000000 16.000000 0.111111
1 207 17.000000 16.000000 0.058824
1 208 20.000000 17.000000 0.150000
1 209 20.000000 17.000000 0.150000
1 210 17.000000 16.000000 0.058824
1 211 18.000000 17.000000 0.055556
1 212 21.000000 16.000000 0.238095
1 213 16.000000 16.000000 0.000000
1 214 18.000000 17.000000 0.055556
1 215 20.000000 17.000000 0.150000
1 216 17.000000 17.000000 0.000000
1 217 16.000000 16.000000 0.000000
1 218 18.000000 16.000000 0.111111
1 219 19.000000 16.000000 0.157895
1 220 18.000000 17.000000 0.055556
1 221 17.000000 16.000000 0.058824
1 222 20.000000 17.000000 0.150000
1 223 17.000000 16.000000 0.058824
1 224 20.000000 17.000000 0.150000
1 225 18.000000 17.000000 0.055556
1 226 19.000000 17.000000 0.105263
1 227 20.000000 17.000000 0.150000
1 228 17.000000 17.000000 0.000000
1 229 16.000000 16.000000 0.000000
1 230 15.000000 15.000000 0.000000
1 231 17.000000 17.000000 0.000000
1 232 18.000000 16.000000 0.111111
1 233 17.000000 17.000000 0.000000
1 234 18.000000 17.000000 0.055556
1 235 20.000000 17.000000 0.150000
1 236 17.000000 17.000000 0.000000
1 237 18.000000 17.000000 0.055556
1 238 16.000000 16.000000 0.000000
1 239 21.000000 17.000000 0.190476
1 240 19.000000 17.000000 0.105263
1 241 17.000000 17.000000 0.000000
1 242 19.000000 17.000000 0.105263
1 243 21.000000 17.000000 0.190476
1 244 19.000000 17.000000 0.105263
1 245 16.000000 16.000000 0.000000
1 246 19.000000 17.000000 0.105263
1 247 17.000000 17.000000 0.000000
1 248 18.000000 17.000000 0.055556
1 249 15.000000 15.000000 0.000000
1 250 19.000000 17.000000 0.105263
1 251 18.000000 16.000000 0.111111
1 252 21.000000 17.000000 0.190476
1 253 17.000000 17.000000 0.000000
1 254 22.000000 17.000000 0.227273
1 255 19.000000 17.000000 0.105263
1 256 18.000000 17.000000 0.055556
1 257 19.000000 17.000000 0.105263
1 258 16.000000 16.000000 0.000000
1 259 18.000000 17.000000 0.055556
1 260 17.000000 17.000000 0.000000
1 261 18.000000 17.000000 0.055556
1 262 20.000000 17.000000 0.150000
1 263 18.000000 17.000000 0.055556
1 264 18.000000 17.000000 0.055556
1 265 18.000000 17.000000 0.055556
1 266 18.000000 17.000000 0.055556
1 267 18.000000 17.000000 0.055556
1 268 21.000000 17.000000 0.190476
1 269 17.000000 16.000000 0.058824
1 270 16.000000 16.000000 0.000000
1 271 19.000000 16.000000 0.157895
1 272 15.000000 15.000000 0.000000
1 273 21.000000 17.000000 0.190476
1 274 15.000000 15.000000 0.000000
1 275 22.000000 17.000000 0.227273
1 276 17.000000 16.000000 0.058824
1 277 23.000000 17.000000 0.260870
1 278 20.000000 17.000000 0.150000
1 279 18.000000 17.000000 0.055556
1 280 18.000000 17.000000 0.055556
1 281 15.000000 15.000000 0.000000
1 282 19.000000 17.000000 0.105263
1 283 20.000000 17.000000 0.150000
1 284 17.000000 17.000000 0.000000
1 285 18.000000 17.000000 0.055556
1 286 19.000000 16.000000 0.157895
1 287 16.000000 16.000000 0.000000
1 288 17.000000 16.000000 0.058824
1 289 19.000000 17.000000 0.105263
1 290 17.000000 16.000000 0.058824
1 291 21.000000 17.000000 0.190476
1 292 18.000000 17.000000 0.055556
1 293 19.000000 17.000000 0.105263
1 294 20.000000 17.000000 0.150000
1 295 20.000000 17.000000 0.150000
1 296 19.000000 17.000000 0.105263
1 297 18.000000 17.000000 0.055556
1 298 18.000000 16.000000 0.111111
1 299 19.000000 17.000000 0.105263
1 300 20.000000 17.000000 0.150000
1 301 18.000000 17.000000 0.055556
1 302 17.000000 16.000000 0.058824
1 303 18.000000 17.000000 0.055556
1 304 22.000000 16.000000 0.272727
1 305 18.000000 16.000000 0.111111
1 306 20.000000 17.000000 0.150000
1 307 18.000000 16.000000 0.111111
1 308 16.000000 16.000000 0.000000
1 309 19.000000 17.000000 0.105263
1 310 16.000000 16.000000 0.000000
1 311 20.000000 17.000000 0.150000
1 312 17.000000 16.000000 0.058824
1 313 18.000000 17.000000 0.055556
1 314 20.000000 17.000000 0.150000
1 315 18.000000 17.000000 0.055556
1 316 16.000000 16.000000 0.000000
1 317 17.000000 16.000000 0.058824
1 318 21.000000 17.000000 0.190476
1 319 18.000000 16.000000 0.111111
1 320 19.000000 17.000000 0.105263
1 321 19.000000 17.000000 0.105263
1 322 19.000000 17.000000 0.105263
1 323 17.000000 16.000000 0.058824
1 324 18.000000 17.000000 0.055556
1 325 16.000000 16.000000 0.000000
1 326 19.000000 17.000000 0.105263
1 327 21.000000 17.000000 0.190476
1 328 20.000000 17.000000 0.150000
1 329 18.000000 17.000000 0.055556
1 330 19.000000 17.000000 0.105263
1 331 18.000000 16.000000 0.111111
1 332 18.000000 17.000000 0.055556
1 333 20.000000 17.000000 0.150000
1 334 17.000000 17.000000 0.000000
1 335 21.000000 17.000000 0.190476
1 336 19.000000 17.000000 0.105263
1 337 17.000000 16.000000 0.058824
1 338 16.000000 16.000000 0.000000
1 339 18.000000 17.000000 0.055556
1 340 16.000000 16.000000 0.000000
1 341 17.000000 16.000000 0.058824
1 342 18.000000 16.000000 0.111111
1 343 20.000000 17.000000 0.150000
1 344 20.000000 17.000000 0.150000
1 345 17.000000 17.000000 0.000000
1 346 17.000000 16.000000 0.058824
1 347 18.000000 17.000000 0.055556
1 348 19.000000 17.000000 0.105263
1 349 18.000000 16.000000 0.111111
1 350 20.000000 17.000000 0.150000
1 351 17.000000 17.000000 0.000000
1 352 16.000000 16.000000 0.000000
1 353 16.000000 16.000000 0.000000
1 354 17.000000 17.000000 0.000000
1 355 19.000000 17.000000 0.105263
1 356 17.000000 16.000000 0.058824
1 357 19.000000 17.000000 0.105263
1 358 20.000000 17.000000 0.150000
1 359 16.000000 16.000000 0.000000
1 360 18.000000 17.000000 0.055556
1 361 17.000000 17.000000 0.000000
1 362 19.000000 17.000000 0.105263
1 363 20.000000 17.000000 0.150000
1 364 20.000000 17.000000 0.150000
1 365 19.000000 17.000000 0.105263
1 366 19.000000 17.000000 0.105263
1 367 21.000000 17.000000 0.190476
1 368 16.000000 16.000000 0.000000
1 369 16.000000 16.000000 0.000000
1 370 22.000000 17.000000 0.227273
1 371 20.000000 17.000000 0.150000
1 372 17.000000 16.000000 0.058824
1 373 20.000000 17.000000 0.150000
1 374 17.000000 17.000000 0.000000
1 375 21.000000 17.000000 0.190476
1 376 16.000000 16.000000 0.000000
1 377 19.000000 17.000000 0.105263
1 378 19.000000 17.000000 0.105263
1 379 19.000000 17.000000 0.105263
1 380 20.000000 17.000000 0.150000
1 381 17.000000 16.000000 0.058824
1 382 17.000000 16.000000 0.058824
1 383 18.000000 17.000000 0.055556
1 384 18.000000 17.000000 0.055556
1 385 15.000000 15.000000 0.000000
1 386 18.000000 17.000000 0.055556
1 387 17.000000 16.000000 0.058824
1 388 18.000000 17.000000 0.055556
1 389 19.000000 17.000000 0.105263
1 390 19.000000 17.000000 0.105263
1 391 18.000000 17.000000 0.055556
1 392 18.000000 16.000000 0.111111
1 393 17.000000 17.000000 0.000000
1 394 19.000000 17.000000 0.105263
1 395 20.000000 17.000000 0.150000
1 396 19.000000 17.000000 0.105263
1 397 19.000000 17.000000 0.105263
1 398 16.000000 16.000000 0.000000
1 399 21.000000 17.000000 0.190476
1 400 16.000000 16.000000 0.000000
2 1 27.000000 22.000000 0.185185
2 2 24.000000 22.000000 0.083333
2 3 28.000000 24.000000 0.142857
2 4 18.000000 18.000000 0.000000
2 5 35.000000 25.000000 0.285714
2 6 30.000000 24.000000 0.200000
2 7 40.000000 27.000000 0.325000
2 8 21.000000 19.000000 0.095238
2 9 34.000000 26.000000 0.235294
2 10 35.000000 25.000000 0.285714
2 11 33.000000 26.000000 0.212121
2 12 26.000000 21.000000 0.192308
2 13 28.000000 23.000000 0.178571
2 14 32.000000 25.000000 0.218750
2 15 26.000000 23.000000 0.115385
2 16 20.000000 18.000000 0.100000
2 17 24.000000 22.000000 0.083333
2 18 34.000000 24.000000 0.294118
2 19 30.000000 25.000000 0.166667
2 20 33.000000 24.000000 0.272727
2 21 21.000000 20.000000 0.047619
2 22 25.000000 23.000000 0.080000
2 23 27.000000 21.000000 0.222222
2 24 25.000000 23.000000 0.080000
2 25 31.000000 23.000000 0.258065
2 26 29.000000 22.000000 0.241379
2 27 30.000000 23.000000 0.233333
2 28 31.000000 24.000000 0.225806
2 29 25.000000 21.000000 0.160000
2 30 21.000000 19.000000 0.095238
2 31 30.000000 22.000000 0.266667
2 32 25.000000 20.000000 0.200000
2 33 25.000000 22.000000 0.120000
2 34 33.000000 27.000000 0.181818
2 35 36.000000 25.000000 0.305556
2 36 34.000000 25.000000 0.264706
2 37 23.000000 21.000000 0.086957
2 38 36.000000 27.000000 0.250000
2 39 26.000000 23.000000 0.115385
2 40 23.000000 20.000000 0.130435
2 41 27.000000 21.000000 0.222222
2 42 33.000000 26.000000 0.212121
2 43 25.000000 22.000000 0.120000
2 44 34.000000 26.000000 0.235294
2 45 29.000000 24.000000 0.172414
2 46 33.000000 26.000000 0.212121
2 47 23.000000 21.000000 0.086957
2 48 27.000000 23.000000 0.148148
2 49 27.000000 23.000000 0.148148
2 50 35.000000 30.000000 0.142857
2 51 34.000000 24.000000 0.294118
2 52 31.000000 24.000000 0.225806
2 53 31.000000 25.000000 0.193548
2 54 28.000000 24.000000 0.142857
2 55 30.000000 23.000000 0.233333
2 56 35.000000 25.000000 0.285714
2 57 27.000000 24.000000 0.111111
2 58 31.000000 25.000000 0.193548
2 59 32.000000 24.000000 0.250000
2 60 33.000000 28.000000 0.151515
2 61 33.000000 25.000000 0.242424
2 62 31.000000 25.000000 0.193548
2 63 27.000000 23.000000 0.148148
2 64 29.000000 24.000000 0.172414
2 65 25.000000 23.000000 0.080000
2 66 25.000000 22.000000 0.120000
2 67 25.000000 21.000000 0.160000
2 68 25.000000 22.000000 0.120000
2 69 29.000000 24.000000 0.172414
2 70 30.000000 22.000000 0.266667
2 71 28.000000 21.000000 0.250000
2 72 39.000000 28.000000 0.282051
2 73 34.000000 27.000000 0.205882
2 74 21.000000 19.000000 0.095238
2 75 24.000000 22.000000 0.083333
2 76 26.000000 22.000000 0.153846
2 77 27.000000 22.000000 0.185185
2 78 24.000000 19.000000 0.208333
2 79 30.000000 27.000000 0.100000
2 80 29.000000 23.000000 0.206897
2 81 27.000000 24.000000 0.111111
2 82 26.000000 22.000000 0.153846
2 83 28.000000 22.000000 0.214286
2 84 29.000000 22.000000 0.241379
2 85 20.000000 19.000000 0.050000
2 86 24.000000 22.000000 0.083333
2 87 28.000000 23.000000 0.178571
2 88 25.000000 23.000000 0.080000
2 89 27.000000 21.000000 0.222222
2 90 30.000000 23.000000 0.233333
2 91 22.000000 20.000000 0.090909
2 92 27.000000 24.000000 0.111111
2 93 31.000000 23.000000 0.258065
2 94 26.000000 23.000000 0.115385
2 95 27.000000 21.000000 0.222222
2 96 32.000000 23.000000 0.281250
2 97 24.000000 21.000000 0.125000
2 98 27.000000 21.000000 0.222222
2 99 27.000000 21.000000 0.222222
2 100 25.000000 20.000000 0.200000
2 101 27.000000 21.000000 0.222222
2 102 27.000000 22.000000 0.185185
2 103 27.000000 22.000000 0.185185
2 104 26.000000 21.000000 0.192308
2 105 28.000000 24.000000 0.142857
2 106 28.000000 24.000000 0.142857
2 107 22.000000 21.000000 0.045455
2 108 23.000000 21.000000 0.086957
2 109 29.000000 24.000000 0.172414
2 110 21.000000 18.000000 0.142857
2 111 27.000000 23.000000 0.148148
2 112 28.000000 22.000000 0.214286
2 113 21.000000 20.000000 0.047619
2 114 30.000000 24.000000 0.200000
2 115 26.000000 21.000000 0.192308
2 116 42.000000 29.000000 0.309524
2 117 26.000000 21.000000 0.192308
2 118 35.000000 26.000000 0.257143
2 119 25.000000 21.000000 0.160000
2 120 27.000000 22.000000 0.185185
2 121 35.000000 25.000000 0.285714
2 122 24.000000 21.000000 0.125000
2 123 26.000000 23.000000 0.115385
2 124 35.000000 25.000000 0.285714
2 125 32.000000 22.000000 0.312500
2 126 35.000000 27.000000 0.228571
2 127 26.000000 21.000000 0.192308
2 128 31.000000 26.000000 0.161290
2 129 31.000000 23.000000 0.258065
2 130 29.000000 24.000000 0.172414
2 131 30.000000 24.000000 0.200000
2 132 34.000000 27.000000 0.205882
2 133 23.000000 21.000000 0.086957
2 134 30.000000 25.000000 0.166667
2 135 24.000000 21.000000 0.125000
2 136 26.000000 23.000000 0.115385
2 137 36.000000 25.000000 0.305556
2 138 32.000000 27.000000 0.156250
2 139 22.000000 20.000000 0.090909
2 140 30.000000 25.000000 0.166667
2 141 26.000000 22.000000 0.153846
2 142 21.000000 20.000000 0.047619
2 143 22.000000 21.000000 0.045455
2 144 26.000000 21.000000 0.192308
2 145 25.000000 20.000000 0.200000
2 146 33.000000 27.000000 0.181818
2 147 25.000000 22.000000 0.120000
2 148 28.000000 23.000000 0.178571
2 149 19.000000 17.000000 0.105263
2 150 34.000000 24.000000 0.294118
2 151 30.000000 26.000000 0.133333
2 152 35.000000 28.000000 0.200000
2 153 35.000000 26.000000 0.257143
2 154 27.000000 22.000000 0.185185
2 155 29.000000 23.000000 0.206897
2 156 30.000000 25.000000 0.166667
2 157 24.000000 22.000000 0.083333
2 158 28.000000 24.000000 0.142857
2 159 28.000000 23.000000 0.178571
2 160 29.000000 24.000000 0.172414
2 161 30.000000 26.000000 0.133333
2 162 20.000000 19.000000 0.050000
2 163 22.000000 20.000000 0.090909
2 164 39.000000 28.000000 0.282051
2 165 38.000000 30.000000 0.210526
2 166 35.000000 24.000000 0.314286
2 167 37.000000 27.000000 0.270270
2 168 29.000000 24.000000 0.172414
2 169 35.000000 27.000000 0.228571
2 170 27.000000 23.000000 0.148148
2 171 18.000000 17.000000 0.055556
2 172 22.000000 21.000000 0.045455
2 173 25.000000 21.000000 0.160000
2 174 29.000000 21.000000 0.275862
2 175 27.000000 23.000000 0.148148
2 176 35.000000 26.000000 0.257143
2 177 25.000000 21.000000 0.160000
2 178 24.000000 20.000000 0.166667
2 179 29.000000 23.000000 0.206897
2 180 25.000000 23.000000 0.080000
2 181 24.000000 20.000000 0.166667
2 182 29.000000 23.000000 0.206897
2 183 20.000000 17.000000 0.150000
2 184 33.000000 25.000000 0.242424
2 185 29.000000 23.000000 0.206897
2 186 25.000000 22.000000 0.120000
2 187 26.000000 24.000000 0.076923
2 188 25.000000 20.000000 0.200000
2 189 29.000000 22.000000 0.241379
2 190 29.000000 24.000000 0.172414
2 191 26.000000 23.000000 0.115385
2 192 24.000000 21.000000 0.125000
2 193 27.000000 23.000000 0.148148
2 194 27.000000 22.000000 0.185185
2 195 30.000000 25.000000 0.166667
2 196 30.000000 23.000000 0.233333
2 197 24.000000 20.000000 0.166667
2 198 21.000000 20.000000 0.047619
2 199 25.000000 21.000000 0.160000
2 200 34.000000 26.000000 0.235294
2 201 29.000000 23.000000 0.206897
2 202 29.000000 24.000000 0.172414
2 203 22.000000 18.000000 0.181818
2 204 21.000000 19.000000 0.095238
2 205 35.000000 26.000000 0.257143
2 206 28.000000 24.000000 0.142857
2 207 29.000000 22.000000 0.241379
2 208 31.000000 25.000000 0.193548
2 209 29.000000 22.000000 0.241379
2 210 27.000000 23.000000 0.148148
2 211 29.000000 23.000000 0.206897
2 212 23.000000 19.000000 0.173913
2 213 24.000000 20.000000 0.166667
2 214 30.000000 23.000000 0.233333
2 215 32.000000 24.000000 0.250000
2 216 22.000000 19.000000 0.136364
2 217 27.000000 25.000000 0.074074
2 218 26.000000 23.000000 0.115385
2 219 35.000000 27.000000 0.228571
2 220 30.000000 26.000000 0.133333
2 221 24.000000 21.000000 0.125000
2 222 31.000000 23.000000 0.258065
2 223 22.000000 20.000000 0.090909
2 224 30.000000 26.000000 0.133333
2 225 21.000000 20.000000 0.047619
2 226 27.000000 22.000000 0.185185
2 227 24.000000 21.000000 0.125000
2 228 34.000000 25.000000 0.264706
2 229 33.000000 24.000000 0.272727
2 230 37.000000 28.000000 0.243243
2 231 23.000000 21.000000 0.086957
2 232 25.000000 21.000000 0.160000
2 233 32.000000 27.000000 0.156250
2 234 28.000000 25.000000 0.107143
2 235 24.000000 20.000000 0.166667
2 236 34.000000 26.000000 0.235294
2 237 23.000000 22.000000 0.043478
2 238 30.000000 22.000000 0.266667
2 239 32.000000 23.000000 0.281250
2 240 27.000000 23.000000 0.148148
2 241 24.000000 20.000000 0.166667
2 242 28.000000 24.000000 0.142857
2 243 32.000000 24.000000 0.250000
2 244 31.000000 24.000000 0.225806
2 245 27.000000 21.000000 0.222222
2 246 27.000000 24.000000 0.111111
2 247 26.000000 24.000000 0.076923
2 248 29.000000 24.000000 0.172414
2 249 34.000000 27.000000 0.205882
2 250 33.000000 28.000000 0.151515
2 251 20.000000 18.000000 0.100000
2 252 23.000000 21.000000 0.086957
2 253 34.000000 26.000000 0.235294
2 254 19.000000 18.000000 0.052632
2 255 39.000000 29.000000 0.256410
2 256 34.000000 26.000000 0.235294
2 257 18.000000 18.000000 0.000000
2 258 25.000000 21.000000 0.160000
2 259 39.000000 30.000000 0.230769
2 260 26.000000 23.000000 0.115385
2 261 25.000000 22.000000 0.120000
2 262 25.000000 20.000000 0.200000
2 263 29.000000 22.000000 0.241379
2 264 31.000000 24.000000 0.225806
2 265 28.000000 22.000000 0.214286
2 266 38.000000 28.000000 0.263158
2 267 28.000000 25.000000 0.107143
2 268 25.000000 23.000000 0.080000
2 269 24.000000 21.000000 0.125000
2 270 23.000000 21.000000 0.086957
2 271 32.000000 23.000000 0.281250
2 272 33.000000 26.000000 0.212121
2 273 27.000000 21.000000 0.222222
2 274 24.000000 22.000000 0.083333
2 275 39.000000 25.000000 0.358974
2 276 22.000000 19.000000 0.136364
2 277 19.000000 19.000000 0.000000
2 278 35.000000 27.000000 0.228571
2 279 29.000000 22.000000 0.241379
2 280 26.000000 23.000000 0.115385
2 281 35.000000 25.000000 0.285714
2 282 28.000000 25.000000 0.107143
2 283 33.000000 24.000000 0.272727
2 284 32.000000 24.000000 0.250000
2 285 26.000000 24.000000 0.076923
2 286 28.000000 22.000000 0.214286
2 287 21.000000 19.000000 0.095238
2 288 34.000000 27.000000 0.205882
2 289 29.000000 23.000000 0.206897
2 290 22.000000 20.000000 0.090909
2 291 30.000000 24.000000 0.200000
2 292 24.000000 21.000000 0.125000
2 293 29.000000 22.000000 0.241379
2 294 26.000000 22.000000 0.153846
2 295 29.000000 24.000000 0.172414
2 296 36.000000 26.000000 0.277778
2 297 31.000000 24.000000 0.225806
2 298 20.000000 18.000000 0.100000
2 299 31.000000 24.000000 0.225806
2 300 24.000000 19.000000 0.208333
2 301 34.000000 26.000000 0.235294
2 302 31.000000 25.000000 0.193548
2 303 31.000000 25.000000 0.193548
2 304 35.000000 25.000000 0.285714
2 305 27.000000 22.000000 0.185185
2 306 31.000000 23.000000 0.258065
2 307 34.000000 27.000000 0.205882
2 308 33.000000 25.000000 0.242424
2 309 25.000000 25.000000 0.000000
2 310 24.000000 21.000000 0.125000
2 311 37.000000 29.000000 0.216216
2 312 37.000000 28.000000 0.243243
2 313 30.000000 24.000000 0.200000
2 314 36.000000 26.000000 0.277778
2 315 36.000000 26.000000 0.277778
2 316 24.000000 20.000000 0.166667
2 317 23.000000 19.000000 0.173913
2 318 26.000000 22.000000 0.153846
2 319 30.000000 23.000000 0.233333
2 320 35.000000 27.000000 0.228571
2 321 23.000000 20.000000 0.130435
2 322 23.000000 20.000000 0.130435
2 323 24.000000 22.000000 0.083333
2 324 24.000000 22.000000 0.083333
2 325 32.000000 23.000000 0.281250
2 326 22.000000 20.000000 0.090909
2 327 20.000000 19.000000 0.050000
2 328 34.000000 25.000000 0.264706
2 329 29.000000 22.000000 0.241379
2 330 28.000000 24.000000 0.142857
2 331 25.000000 21.000000 0.160000
2 332 33.000000 25.000000 0.242424
2 333 33.000000 24.000000 0.272727
2 334 25.000000 21.000000 0.160000
2 335 27.000000 22.000000 0.185185
2 336 33.000000 25.000000 0.242424
2 337 29.000000 23.000000 0.206897
2 338 23.000000 20.000000 0.130435
2 339 31.000000 23.000000 0.258065
2 340 25.000000 23.000000 0.080000
2 341 29.000000 25.000000 0.137931
2 342 30.000000 25.000000 0.166667
2 343 23.000000 18.000000 0.217391
2 344 26.000000 22.000000 0.153846
2 345 26.000000 21.000000 0.192308
2 346 29.000000 24.000000 0.172414
2 347 36.000000 25.000000 0.305556
2 348 28.000000 23.000000 0.178571
2 349 30.000000 25.000000 0.166667
2 350 29.000000 22.000000 0.241379
2 351 37.000000 29.000000 0.216216
2 352 25.000000 19.000000 0.240000
2 353 26.000000 22.000000 0.153846
2 354 30.000000 24.000000 0.200000
2 355 31.000000 25.000000 0.193548
2 356 29.000000 26.000000 0.103448
2 357 34.000000 26.000000 0.235294
2 358 34.000000 26.000000 0.235294
2 359 29.000000 25.000000 0.137931
2 360 36.000000 27.000000 0.250000
2 361 27.000000 21.000000 0.222222
2 362 30.000000 23.000000 0.233333
2 363 32.000000 24.000000 0.250000
2 364 26.000000 24.000000 0.076923
2 365 36.000000 25.000000 0.305556
2 366 28.000000 21.000000 0.250000
2 367 38.000000 25.000000 0.342105
2 368 38.000000 28.000000 0.263158
2 369 30.000000 23.000000 0.233333
2 370 32.000000 26.000000 0.187500
2 371 27.000000 21.000000 0.222222
2 372 25.000000 23.000000 0.080000
2 373 26.000000 23.000000 0.115385
2 374 26.000000 21.000000 0.192308
2 375 36.000000 26.000000 0.277778
2 376 26.000000 22.000000 0.153846
2 377 28.000000 23.000000 0.178571
2 378 32.000000 24.000000 0.250000
2 379 29.000000 24.000000 0.172414
2 380 29.000000 22.000000 0.241379
2 381 28.000000 21.000000 0.250000
2 382 23.000000 20.000000 0.130435
2 383 25.000000 23.000000 0.080000
2 384 28.000000 22.000000 0.214286
2 385 26.000000 23.000000 0.115385
2 386 26.000000 22.000000 0.153846
2 387 30.000000 25.000000 0.166667
2 388 28.000000 22.000000 0.214286
2 389 21.000000 19.000000 0.095238
2 390 27.000000 22.000000 0.185185
2 391 27.000000 24.000000 0.111111
2 392 27.000000 22.000000 0.185185
2 393 28.000000 22.000000 0.214286
2 394 25.000000 22.000000 0.120000
2 395 25.000000 21.000000 0.160000
2 396 29.000000 22.000000 0.241379
2 397 22.000000 20.000000 0.090909
2 398 29.000000 25.000000 0.137931
2 399 30.000000 24.000000 0.200000
2 400 30.000000 24.000000 0.200000
3 1 55.000000 43.000000 0.218182
3 2 52.000000 41.000000 0.211538
3 3 57.000000 42.000000 0.263158
3 4 51.000000 37.000000 0.274510
3 5 52.000000 39.000000 0.250000
3 6 48.000000 38.000000 0.208333
3 7 43.000000 33.000000 0.232558
3 8 37.000000 30.000000 0.189189
3 9 48.000000 37.000000 0.229167
3 10 57.000000 46.000000 0.192982
3 11 62.000000 47.000000 0.241935
3 12 50.000000 39.000000 0.220000
3 13 59.000000 42.000000 0.288136
3 14 56.000000 44.000000 0.214286
3 15 40.000000 31.000000 0.225000
3 16 48.000000 37.000000 0.229167
3 17 52.000000 40.000000 0.230769
3 18 52.000000 40.000000 0.230769
3 19 36.000000 32.000000 0.111111
3 20 73.000000 55.000000 0.246575
3 21 51.000000 38.000000 0.254902
3 22 61.000000 44.000000 0.278689
3 23 39.000000 33.000000 0.153846
3 24 60.000000 44.000000 0.266667
3 25 57.000000 44.000000 0.228070
3 26 47.000000 37.000000 0.212766
3 27 56.000000 40.000000 0.285714
3 28 51.000000 40.000000 0.215686
3 29 51.000000 36.000000 0.294118
3 30 49.000000 38.000000 0.224490
3 31 58.000000 40.000000 0.310345
3 32 58.000000 43.000000 0.258621
3 33 52.000000 41.000000 0.211538
3 34 54.000000 43.000000 0.203704
3 35 56.000000 41.000000 0.267857
3 36 69.000000 54.000000 0.217391
3 37 41.000000 31.000000 0.243902
3 38 55.000000 41.000000 0.254545
3 39 44.000000 36.000000 0.181818
3 40 42.000000 34.000000 0.190476
3 41 50.000000 39.000000 0.220000
3 42 48.000000 36.000000 0.250000
3 43 47.000000 38.000000 0.191489
3 44 61.000000 46.000000 0.245902
3 45 57.000000 40.000000 0.298246
3 46 42.000000 32.000000 0.238095
3 47 41.000000 34.000000 0.170732
3 48 45.000000 36.000000 0.200000
3 49 38.000000 30.000000 0.210526
3 50 58.000000 43.000000 0.258621
3 51 62.000000 43.000000 0.306452
3 52 54.000000 43.000000 0.203704
3 53 72.000000 51.000000 0.291667
3 54 66.000000 49.000000 0.257576
3 55 50.000000 39.000000 0.220000
3 56 52.000000 39.000000 0.250000
3 57 63.000000 50.000000 0.206349
3 58 43.000000 31.000000 0.279070
3 59 48.000000 38.000000 0.208333
3 60 50.000000 41.000000 0.180000
3 61 48.000000 38.000000 0.208333
3 62 70.000000 52.000000 0.257143
3 63 57.000000 44.000000 0.228070
3 64 44.000000 33.000000 0.250000
3 65 62.000000 48.000000 0.225806
3 66 67.000000 44.000000 0.343284
3 67 58.000000 42.000000 0.275862
3 68 59.000000 46.000000 0.220339
3 69 51.000000 35.000000 0.313725
3 70 51.000000 40.000000 0.215686
3 71 57.000000 43.000000 0.245614
3 72 68.000000 48.000000 0.294118
3 73 54.000000 40.000000 0.259259
3 74 59.000000 46.000000 0.220339
3 75 61.000000 47.000000 0.229508
3 76 51.000000 41.000000 0.196078
3 77 66.000000 47.000000 0.287879
3 78 38.000000 34.000000 0.105263
3 79 52.000000 42.000000 0.192308
3 80 67.000000 49.000000 0.268657
3 81 35.000000 28.000000 0.200000
3 82 59.000000 42.000000 0.288136
3 83 73.000000 54.000000 0.260274
3 84 55.000000 42.000000 0.236364
3 85 44.000000 34.000000 0.227273
3 86 72.000000 52.000000 0.277778
3 87 48.000000 34.000000 0.291667
3 88 35.000000 28.000000 0.200000
3 89 42.000000 30.000000 0.285714
3 90 66.000000 46.000000 0.303030
3 91 61.000000 42.000000 0.311475
3 92 60.000000 42.000000 0.300000
3 93 56.000000 42.000000 0.250000
3 94 46.000000 37.000000 0.195652
3 95 62.000000 44.000000 0.290323
3 96 56.000000 41.000000 0.267857
3 97 49.000000 39.000000 0.204082
3 98 54.000000 41.000000 0.240741
3 99 41.000000 34.000000 0.170732
3 100 51.000000 41.000000 0.196078
3 101 43.000000 37.000000 0.139535
3 102 62.000000 43.000000 0.306452
3 103 66.000000 48.000000 0.272727
3 104 55.000000 39.000000 0.290909
3 105 64.000000 46.000000 0.281250
3 106 57.000000 41.000000 0.280702
3 107 53.000000 42.000000 0.207547
3 108 42.000000 32.000000 0.238095
3 109 53.000000 40.000000 0.245283
3 110 28.000000 25.000000 0.107143
3 111 57.000000 45.000000 0.210526
3 112 59.000000 43.000000 0.271186
3 113 68.000000 49.000000 0.279412
3 114 76.000000 52.000000 0.315789
3 115 44.000000 33.000000 0.250000
3 116 51.000000 38.000000 0.254902
3 117 63.000000 48.000000 0.238095
3 118 49.000000 40.000000 0.183673
3 119 64.000000 47.000000 0.265625
3 120 39.000000 35.000000 0.102564
3 121 56.000000 44.000000 0.214286
3 122 50.000000 38.000000 0.240000
3 123 56.000000 42.000000 0.250000
3 124 64.000000 50.000000 0.218750
3 125 43.000000 36.000000 0.162791
3 126 41.000000 29.000000 0.292683
3 127 36.000000 30.000000 0.166667
3 128 42.000000 32.000000 0.238095
3 129 46.000000 42.000000 0.086957
3 130 64.000000 47.000000 0.265625
3 131 48.000000 36.000000 0.250000
3 132 62.000000 45.000000 0.274194
3 133 39.000000 32.000000 0.179487
3 134 50.000000 39.000000 0.220000
3 135 68.000000 49.000000 0.279412
3 136 46.000000 38.000000 0.173913
3 137 45.000000 34.000000 0.244444
3 138 39.000000 31.000000 0.205128
3 139 55.000000 41.000000 0.254545
3 140 34.000000 30.000000 0.117647
3 141 66.000000 46.000000 0.303030
3 142 85.000000 56.000000 0.341176
3 143 63.000000 43.000000 0.317460
3 144 63.000000 48.000000 0.238095
3 145 60.000000 47.000000 0.216667
3 146 52.000000 40.000000 0.230769
3 147 52.000000 38.000000 0.269231
3 148 52.000000 40.000000 0.230769
3 149 53.000000 43.000000 0.188679
3 150 43.000000 36.000000 0.162791
3 151 67.000000 51.000000 0.238806
3 152 56.000000 40.000000 0.285714
3 153 45.000000 37.000000 0.177778
3 154 47.000000 36.000000 0.234043
3 155 51.000000 39.000000 0.235294
3 156 42.000000 33.000000 0.214286
3 157 65.000000 48.000000 0.261538
3 158 49.000000 41.000000 0.163265
3 159 51.000000 47.000000 0.078431
3 160 49.000000 37.000000 0.244898
3 161 44.000000 36.000000 0.181818
3 162 56.000000 41.000000 0.267857
3 163 35.000000 27.000000 0.228571
3 164 53.000000 43.000000 0.188679
3 165 52.000000 42.000000 0.192308
3 166 67.000000 52.000000 0.223881
3 167 37.000000 31.000000 0.162162
3 168 69.000000 46.000000 0.333333
3 169 40.000000 30.000000 0.250000
3 170 59.000000 45.000000 0.237288
3 171 48.000000 35.000000 0.270833
3 172 54.000000 40.000000 0.259259
3 173 43.000000 34.000000 0.209302
3 174 66.000000 45.000000 0.318182
3 175 39.000000 31.000000 0.205128
3 176 61.000000 43.000000 0.295082
3 177 48.000000 36.000000 0.250000
3 178 51.000000 38.000000 0.254902
3 179 63.000000 45.000000 0.285714
3 180 66.000000 42.000000 0.363636
3 181 50.000000 37.000000 0.260000
3 182 50.000000 38.000000 0.240000
3 183 55.000000 44.000000 0.200000
3 184 50.000000 36.000000 0.280000
3 185 46.000000 37.000000 0.195652
3 186 51.000000 39.000000 0.235294
3 187 59.000000 42.000000 0.288136
3 188 54.000000 39.000000 0.277778
3 189 61.000000 44.000000 0.278689
3 190 61.000000 43.000000 0.295082
3 191 55.000000 41.000000 0.254545
3 192 61.000000 47.000000 0.229508
3 193 71.000000 52.000000 0.267606
3 194 54.000000 43.000000 0.203704
3 195 57.000000 41.000000 0.280702
3 196 31.000000 25.000000 0.193548
3 197 65.000000 47.000000 0.276923
3 198 53.000000 42.000000 0.207547
3 199 49.000000 39.000000 0.204082
3 200 57.000000 46.000000 0.192982
3 201 63.000000 48.000000 0.238095
3 202 64.000000 48.000000 0.250000
3 203 53.000000 41.000000 0.226415
3 204 61.000000 44.000000 0.278689
3 205 42.000000 33.000000 0.214286
3 206 49.000000 35.000000 0.285714
3 207 70.000000 50.000000 0.285714
3 208 42.000000 32.000000 0.238095
3 209 50.000000 38.000000 0.240000
3 210 80.000000 57.000000 0.287500
3 211 58.000000 43.000000 0.258621
3 212 71.000000 47.000000 0.338028
3 213 66.000000 46.000000 0.303030
3 214 59.000000 47.000000 0.203390
3 215 72.000000 52.000000 0.277778
3 216 56.000000 40.000000 0.285714
3 217 55.000000 46.000000 0.163636
3 218 58.000000 44.000000 0.241379
3 219 48.000000 40.000000 0.166667
3 220 43.000000 32.000000 0.255814
3 221 59.000000 40.000000 0.322034
3 222 78.000000 58.000000 0.256410
3 223 61.000000 44.000000 0.278689
3 224 51.000000 39.000000 0.235294
3 225 50.000000 42.000000 0.160000
3 226 53.000000 45.000000 0.150943
3 227 39.000000 32.000000 0.179487
3 228 54.000000 36.000000 0.333333
3 229 48.000000 34.000000 0.291667
3 230 48.000000 39.000000 0.187500
3 231 42.000000 39.000000 0.071429
3 232 44.000000 37.000000 0.159091
3 233 58.000000 41.000000 0.293103
3 234 68.000000 49.000000 0.279412
3 235 56.000000 42.000000 0.250000
3 236 49.000000 44.000000 0.102041
3 237 33.000000 30.000000 0.090909
3 238 48.000000 38.000000 0.208333
3 239 72.000000 48.000000 0.333333
3 240 43.000000 36.000000 0.162791
3 241 70.000000 42.000000 0.400000
3 242 36.000000 31.000000 0.138889
3 243 38.000000 31.000000 0.184211
3 244 65.000000 48.000000 0.261538
3 245 49.000000 39.000000 0.204082
3 246 52.000000 41.000000 0.211538
3 247 69.000000 49.000000 0.289855
3 248 52.000000 41.000000 0.211538
3 249 46.000000 35.000000 0.239130
3 250 63.000000 48.000000 0.238095
3 251 54.000000 37.000000 0.314815
3 252 50.000000 40.000000 0.200000
3 253 42.000000 37.000000 0.119048
3 254 70.000000 48.000000 0.314286
3 255 50.000000 37.000000 0.260000
3 256 59.000000 43.000000 0.271186
3 257 55.000000 39.000000 0.290909
3 258 61.000000 47.000000 0.229508
3 259 57.000000 38.000000 0.333333
3 260 48.000000 38.000000 0.208333
3 261 55.000000 41.000000 0.254545
3 262 58.000000 43.000000 0.258621
3 263 75.000000 53.000000 0.293333
3 264 47.000000 38.000000 0.191489
3 265 48.000000 36.000000 0.250000
3 266 78.000000 58.000000 0.256410
3 267 53.000000 44.000000 0.169811
3 268 66.000000 45.000000 0.318182
3 269 57.000000 46.000000 0.192982
3 270 50.000000 36.000000 0.280000
3 271 45.000000 37.000000 0.177778
3 272 53.000000 39.000000 0.264151
3 273 40.000000 32.000000 0.200000
3 274 45.000000 38.000000 0.155556
3 275 48.000000 37.000000 0.229167
3 276 57.000000 42.000000 0.263158
3 277 48.000000 37.000000 0.229167
3 278 60.000000 46.000000 0.233333
3 279 47.000000 41.000000 0.127660
3 280 54.000000 36.000000 0.333333
3 281 60.000000 43.000000 0.283333
3 282 42.000000 34.000000 0.190476
3 283 70.000000 50.000000 0.285714
3 284 64.000000 45.000000 0.296875
3 285 68.000000 45.000000 0.338235
3 286 32.000000 25.000000 0.218750
3 287 40.000000 32.000000 0.200000
3 288 36.000000 27.000000 0.250000
3 289 57.000000 41.000000 0.280702
3 290 38.000000 34.000000 0.105263
3 291 63.000000 46.000000 0.269841
3 292 62.000000 50.000000 0.193548
3 293 43.000000 32.000000 0.255814
3 294 57.000000 43.000000 0.245614
3 295 35.000000 32.000000 0.085714
3 296 48.000000 39.000000 0.187500
3 297 69.000000 49.000000 0.289855
3 298 53.000000 39.000000 0.264151
3 299 65.000000 48.000000 0.261538
3 300 71.000000 52.000000 0.267606
3 301 49.000000 40.000000 0.183673
3 302 41.000000 33.000000 0.195122
3 303 51.000000 39.000000 0.235294
3 304 41.000000 34.000000 0.170732
3 305 50.000000 39.000000 0.220000
3 306 40.000000 36.000000 0.100000
3 307 49.000000 38.000000 0.224490
3 308 32.000000 27.000000 0.156250
3 309 59.000000 41.000000 0.305085
3 310 57.000000 42.000000 0.263158
3 311 61.000000 40.000000 0.344262
3 312 60.000000 46.000000 0.233333
3 313 60.000000 46.000000 0.233333
3 314 53.000000 44.000000 0.169811
3 315 54.000000 39.000000 0.277778
3 316 54.000000 43.000000 0.203704
3 317 58.000000 46.000000 0.206897
3 318 52.000000 41.000000 0.211538
3 319 55.000000 44.000000 0.200000
3 320 61.000000 46.000000 0.245902
3 321 79.000000 53.000000 0.329114
3 322 48.000000 40.000000 0.166667
3 323 59.000000 48.000000 0.186441
3 324 49.000000 38.000000 0.224490
3 325 46.000000 39.000000 0.152174
3 326 62.000000 44.000000 0.290323
3 327 56.000000 40.000000 0.285714
3 328 53.000000 39.000000 0.264151
3 329 48.000000 34.000000 0.291667
3 330 80.000000 55.000000 0.312500
3 331 57.000000 40.000000 0.298246
3 332 50.000000 40.000000 0.200000
3 333 76.000000 53.000000 0.302632
3 334 50.000000 37.000000 0.260000
3 335 42.000000 34.000000 0.190476
3 336 49.000000 40.000000 0.183673
3 337 74.000000 53.000000 0.283784
3 338 49.000000 38.000000 0.224490
3 339 69.000000 49.000000 0.289855
3 340 34.000000 25.000000 0.264706
3 341 42.000000 34.000000 0.190476
3 342 49.000000 43.000000 0.122449
3 343 42.000000 32.000000 0.238095
3 344 66.000000 47.000000 0.287879
3 345 66.000000 52.000000 0.212121
3 346 49.000000 39.000000 0.204082
3 347 41.000000 36.000000 0.121951
3 348 53.000000 39.000000 0.264151
3 349 65.000000 45.000000 0.307692
3 350 46.000000 36.000000 0.217391
3 351 55.000000 41.000000 0.254545
3 352 61.000000 47.000000 0.229508
3 353 70.000000 49.000000 0.300000
3 354 45.000000 39.000000 0.133333
3 355 55.000000 40.000000 0.272727
3 356 49.000000 40.000000 0.183673
3 357 48.000000 38.000000 0.208333
3 358 44.000000 33.000000 0.250000
3 359 51.000000 38.000000 0.254902
3 360 56.000000 46.000000 0.178571
3 361 63.000000 47.000000 0.253968
3 362 55.000000 39.000000 0.290909
3 363 41.000000 30.000000 0.268293
3 364 48.000000 38.000000 0.208333
3 365 48.000000 37.000000 0.229167
3 366 54.000000 40.000000 0.259259
3 367 46.000000 35.000000 0.239130
3 368 38.000000 30.000000 0.210526
3 369 54.000000 43.000000 0.203704
3 370 41.000000 35.000000 0.146341
3 371 55.000000 41.000000 0.254545
3 372 71.000000 53.000000 0.253521
3 373 60.000000 44.000000 0.266667
3 374 38.000000 31.000000 0.184211
3 375 53.000000 39.000000 0.264151
3 376 44.000000 35.000000 0.204545
3 377 58.000000 45.000000 0.224138
3 378 49.000000 40.000000 0.183673
3 379 43.000000 35.000000 0.186047
3 380 47.000000 35.000000 0.255319
3 381 33.000000 29.000000 0.121212
3 382 50.000000 40.000000 0.200000
3 383 65.000000 47.000000 0.276923
3 384 38.000000 32.000000 0.157895
3 385 40.000000 30.000000 0.250000
3 386 63.000000 44.000000 0.301587
3 387 69.000000 54.000000 0.217391
3 388 48.000000 34.000000 0.291667
3 389 42.000000 34.000000 0.190476
3 390 63.000000 46.000000 0.269841
3 391 64.000000 43.000000 0.328125
3 392 44.000000 36.000000 0.181818
3 393 57.000000 41.000000 0.280702
3 394 59.000000 42.000000 0.288136
3 395 68.000000 54.000000 0.205882
3 396 51.000000 39.000000 0.235294
3 397 59.000000 42.000000 0.288136
3 398 57.000000 41.000000 0.280702
3 399 56.000000 40.000000 0.285714
3 400 36.000000 28.000000 0.222222
4 1 122.000000 95.000000 0.221311
4 2 103.000000 76.000000 0.262136
4 3 84.000000 59.000000 0.297619
4 4 93.000000 67.000000 0.279570
4 5 137.000000 101.000000 0.262774
4 6 81.000000 63.000000 0.222222
4 7 108.000000 76.000000 0.296296
4 8 133.000000 95.000000 0.285714
4 9 131.000000 95.000000 0.274809
4 10 135.000000 98.000000 0.274074
4 11 102.000000 82.000000 0.196078
4 12 115.000000 81.000000 0.295652
4 13 106.000000 82.000000 0.226415
4 14 140.000000 96.000000 0.314286
4 15 90.000000 76.000000 0.155556
4 16 113.000000 81.000000 0.283186
4 17 133.000000 94.000000 0.293233
4 18 96.000000 72.000000 0.250000
4 19 96.000000 72.000000 0.250000
4 20 108.000000 82.000000 0.240741
4 21 131.000000 91.000000 0.305344
4 22 132.000000 94.000000 0.287879
4 23 86.000000 69.000000 0.197674
4 24 114.000000 82.000000 0.280702
4 25 87.000000 75.000000 0.137931
4 26 87.000000 71.000000 0.183908
4 27 120.000000 85.000000 0.291667
4 28 79.000000 65.000000 0.177215
4 29 119.000000 85.000000 0.285714
4 30 105.000000 81.000000 0.228571
4 31 104.000000 76.000000 0.269231
4 32 103.000000 73.000000 0.291262
4 33 131.000000 94.000000 0.282443
4 34 103.000000 77.000000 0.252427
4 35 79.000000 63.000000 0.202532
4 36 87.000000 64.000000 0.264368
4 37 138.000000 96.000000 0.304348
4 38 123.000000 89.000000 0.276423
4 39 114.000000 92.000000 0.192982
4 40 102.000000 72.000000 0.294118
4 41 113.000000 79.000000 0.300885
4 42 109.000000 81.000000 0.256881
4 43 99.000000 70.000000 0.292929
4 44 128.000000 98.000000 0.234375
4 45 128.000000 87.000000 0.320312
4 46 125.000000 86.000000 0.312000
4 47 105.000000 78.000000 0.257143
4 48 120.000000 94.000000 0.216667
4 49 85.000000 67.000000 0.211765
4 50 98.000000 83.000000 0.153061
4 51 89.000000 70.000000 0.213483
4 52 104.000000 78.000000 0.250000
4 53 105.000000 78.000000 0.257143
4 54 125.000000 88.000000 0.296000
4 55 97.000000 71.000000 0.268041
4 56 122.000000 87.000000 0.286885
4 57 137.000000 97.000000 0.291971
4 58 117.000000 81.000000 0.307692
4 59 108.000000 82.000000 0.240741
4 60 117.000000 84.000000 0.282051
4 61 157.000000 110.000000 0.299363
4 62 123.000000 93.000000 0.243902
4 63 106.000000 75.000000 0.292453
4 64 112.000000 85.000000 0.241071
4 65 108.000000 74.000000 0.314815
4 66 84.000000 63.000000 0.250000
4 67 123.000000 90.000000 0.268293
4 68 89.000000 73.000000 0.179775
4 69 85.000000 63.000000 0.258824
4 70 110.000000 77.000000 0.300000
4 71 77.000000 65.000000 0.155844
4 72 112.000000 86.000000 0.232143
4 73 72.000000 60.000000 0.166667
4 74 88.000000 68.000000 0.227273
4 75 99.000000 75.000000 0.242424
4 76 117.000000 83.000000 0.290598
4 77 116.000000 79.000000 0.318966
4 78 126.000000 85.000000 0.325397
4 79 90.000000 68.000000 0.244444
4 80 115.000000 90.000000 0.217391
4 81 83.000000 67.000000 0.192771
4 82 117.000000 83.000000 0.290598
4 83 98.000000 78.000000 0.204082
4 84 93.000000 71.000000 0.236559
4 85 116.000000 91.000000 0.215517
4 86 122.000000 87.000000 0.286885
4 87 126.000000 89.000000 0.293651
4 88 121.000000 84.000000 0.305785
4 89 115.000000 89.000000 0.226087
4 90 140.000000 99.000000 0.292857
4 91 99.000000 76.000000 0.232323
4 92 76.000000 63.000000 0.171053
4 93 118.000000 84.000000 0.288136
4 94 129.000000 87.000000 0.325581
4 95 112.000000 81.000000 0.276786
4 96 104.000000 74.000000 0.288462
4 97 91.000000 76.000000 0.164835
4 98 121.000000 88.000000 0.272727
4 99 130.000000 98.000000 0.246154
4 100 118.000000 81.000000 0.313559
4 101 101.000000 74.000000 0.267327
4 102 93.000000 76.000000 0.182796
4 103 115.000000 83.000000 0.278261
4 104 103.000000 73.000000 0.291262
4 105 112.000000 79.000000 0.294643
4 106 116.000000 91.000000 0.215517
4 107 141.000000 100.000000 0.290780
4 108 128.000000 91.000000 0.289062
4 109 102.000000 85.000000 0.166667
4 110 148.000000 105.000000 0.290541
4 111 124.000000 90.000000 0.274194
4 112 110.000000 80.000000 0.272727
4 113 113.000000 81.000000 0.283186
4 114 122.000000 90.000000 0.262295
4 115 75.000000 60.000000 0.200000
4 116 69.000000 55.000000 0.202899
4 117 123.000000 96.000000 0.219512
4 118 127.000000 87.000000 0.314961
4 119 133.000000 99.000000 0.255639
4 120 94.000000 75.000000 0.202128
4 121 125.000000 89.000000 0.288000
4 122 144.000000 99.000000 0.312500
4 123 122.000000 88.000000 0.278689
4 124 107.000000 74.000000 0.308411
4 125 126.000000 95.000000 0.246032
4 126 106.000000 80.000000 0.245283
4 127 111.000000 83.000000 0.252252
4 128 98.000000 72.000000 0.265306
4 129 80.000000 65.000000 0.187500
4 130 91.000000 69.000000 0.241758
4 131 112.000000 80.000000 0.285714
4 132 117.000000 87.000000 0.256410
4 133 126.000000 90.000000 0.285714
4 134 87.000000 71.000000 0.183908
4 135 117.000000 89.000000 0.239316
4 136 158.000000 103.000000 0.348101
4 137 100.000000 80.000000 0.200000
4 138 94.000000 65.000000 0.308511
4 139 123.000000 91.000000 0.260163
4 140 94.000000 70.000000 0.255319
4 141 157.000000 109.000000 0.305732
4 142 102.000000 79.000000 0.225490
4 143 93.000000 68.000000 0.268817
4 144 119.000000 88.000000 0.260504
4 145 107.000000 84.000000 0.214953
4 146 118.000000 84.000000 0.288136
4 147 103.000000 86.000000 0.165049
4 148 143.000000 106.000000 0.258741
4 149 129.000000 91.000000 0.294574
4 150 73.000000 60.000000 0.178082
4 151 94.000000 70.000000 0.255319
4 152 86.000000 64.000000 0.255814
4 153 127.000000 85.000000 0.330709
4 154 141.000000 94.000000 0.333333
4 155 158.000000 105.000000 0.335443
4 156 99.000000 76.000000 0.232323
4 157 130.000000 87.000000 0.330769
4 158 82.000000 64.000000 0.219512
4 159 126.000000 83.000000 0.341270
4 160 73.000000 60.000000 0.178082
4 161 123.000000 88.000000 0.284553
4 162 80.000000 60.000000 0.250000
4 163 107.000000 78.000000 0.271028
4 164 80.000000 67.000000 0.162500
4 165 116.000000 82.000000 0.293103
4 166 116.000000 84.000000 0.275862
4 167 95.000000 78.000000 0.178947
4 168 90.000000 70.000000 0.222222
4 169 101.000000 76.000000 0.247525
4 170 145.000000 106.000000 0.268966
4 171 132.000000 92.000000 0.303030
4 172 94.000000 69.000000 0.265957
4 173 61.000000 50.000000 0.180328
4 174 115.000000 93.000000 0.191304
4 175 136.000000 103.000000 0.242647
4 176 126.000000 95.000000 0.246032
4 177 111.000000 83.000000 0.252252
4 178 120.000000 88.000000 0.266667
4 179 127.000000 87.000000 0.314961
4 180 127.000000 88.000000 0.307087
4 181 108.000000 78.000000 0.277778
4 182 119.000000 90.000000 0.243697
4 183 100.000000 82.000000 0.180000
4 184 73.000000 60.000000 0.178082
4 185 149.000000 102.000000 0.315436
4 186 115.000000 78.000000 0.321739
4 187 104.000000 78.000000 0.250000
4 188 81.000000 67.000000 0.172840
4 189 127.000000 93.000000 0.267717
4 190 94.000000 72.000000 0.234043
4 191 122.000000 81.000000 0.336066
4 192 126.000000 94.000000 0.253968
4 193 120.000000 79.000000 0.341667
4 194 99.000000 76.000000 0.232323
4 195 114.000000 86.000000 0.245614
4 196 120.000000 90.000000 0.250000
4 197 97.000000 72.000000 0.257732
4 198 115.000000 91.000000 0.208696
4 199 138.000000 99.000000 0.282609
4 200 111.000000 82.000000 0.261261
4 201 111.000000 77.000000 0.306306
4 202 83.000000 62.000000 0.253012
4 203 106.000000 80.000000 0.245283
4 204 97.000000 73.000000 0.247423
4 205 101.000000 77.000000 0.237624
4 206 116.000000 86.000000 0.258621
4 207 80.000000 65.000000 0.187500
4 208 93.000000 73.000000 0.215054
4 209 113.000000 83.000000 0.265487
4 210 144.000000 95.000000 0.340278
4 211 123.000000 94.000000 0.235772
4 212 78.000000 61.000000 0.217949
4 213 97.000000 69.000000 0.288660
4 214 94.000000 72.000000 0.234043
4 215 71.000000 57.000000 0.197183
4 216 138.000000 96.000000 0.304348
4 217 114.000000 91.000000 0.201754
4 218 87.000000 76.000000 0.126437
4 219 84.000000 71.000000 0.154762
4 220 133.000000 89.000000 0.330827
4 221 133.000000 93.000000 0.300752
4 222 133.000000 90.000000 0.323308
4 223 108.000000 84.000000 0.222222
4 224 90.000000 75.000000 0.166667
4 225 121.000000 89.000000 0.264463
4 226 127.000000 92.000000 0.275591
4 227 150.000000 112.000000 0.253333
4 228 113.000000 80.000000 0.292035
4 229 111.000000 79.000000 0.288288
4 230 133.000000 92.000000 0.308271
4 231 132.000000 94.000000 0.287879
4 232 107.000000 75.000000 0.299065
4 233 139.000000 102.000000 0.266187
4 234 109.000000 85.000000 0.220183
4 235 103.000000 77.000000 0.252427
4 236 126.000000 94.000000 0.253968
4 237 90.000000 68.000000 0.244444
4 238 83.000000 66.000000 0.204819
4 239 106.000000 79.000000 0.254717
4 240 116.000000 83.000000 0.284483
4 241 133.000000 92.000000 0.308271
4 242 96.000000 73.000000 0.239583
4 243 100.000000 76.000000 0.240000
4 244 126.000000 89.000000 0.293651
4 245 110.000000 83.000000 0.245455
4 246 113.000000 85.000000 0.247788
4 247 86.000000 70.000000 0.186047
4 248 114.000000 84.000000 0.263158
4 249 107.000000 72.000000 0.327103
4 250 122.000000 89.000000 0.270492
4 251 82.000000 65.000000 0.207317
4 252 86.000000 61.000000 0.290698
4 253 121.000000 90.000000 0.256198
4 254 100.000000 75.000000 0.250000
4 255 109.000000 77.000000 0.293578
4 256 116.000000 83.000000 0.284483
4 257 85.000000 63.000000 0.258824
4 258 106.000000 71.000000 0.330189
4 259 98.000000 79.000000 0.193878
4 260 102.000000 78.000000 0.235294
4 261 91.000000 69.000000 0.241758
4 262 76.000000 58.000000 0.236842
4 263 86.000000 61.000000 0.290698
4 264 96.000000 73.000000 0.239583
4 265 125.000000 92.000000 0.264000
4 266 84.000000 62.000000 0.261905
4 267 93.000000 78.000000 0.161290
4 268 102.000000 77.000000 0.245098
4 269 156.000000 102.000000 0.346154
4 270 110.000000 82.000000 0.254545
4 271 101.000000 77.000000 0.237624
4 272 66.000000 54.000000 0.181818
4 273 124.000000 85.000000 0.314516
4 274 124.000000 93.000000 0.250000
4 275 68.000000 50.000000 0.264706
4 276 93.000000 80.000000 0.139785
4 277 132.000000 91.000000 0.310606
4 278 69.000000 57.000000 0.173913
4 279 119.000000 90.000000 0.243697
4 280 126.000000 95.000000 0.246032
4 281 120.000000 90.000000 0.250000
4 282 102.000000 77.000000 0.245098
4 283 111.000000 90.000000 0.189189
4 284 68.000000 55.000000 0.191176
4 285 94.000000 73.000000 0.223404
4 286 106.000000 86.000000 0.188679
4 287 110.000000 83.000000 0.245455
4 288 89.000000 65.000000 0.269663
4 289 84.000000 72.000000 0.142857
4 290 169.000000 119.000000 0.295858
4 291 124.000000 92.000000 0.258065
4 292 98.000000 69.000000 0.295918
4 293 83.000000 63.000000 0.240964
4 294 89.000000 65.000000 0.269663
4 295 127.000000 90.000000 0.291339
4 296 103.000000 77.000000 0.252427
4 297 92.000000 71.000000 0.228261
4 298 89.000000 73.000000 0.179775
4 299 111.000000 88.000000 0.207207
4 300 117.000000 87.000000 0.256410
4 301 128.000000 87.000000 0.320312
4 302 69.000000 54.000000 0.217391
4 303 64.000000 53.000000 0.171875
4 304 104.000000 77.000000 0.259615
4 305 85.000000 63.000000 0.258824
4 306 123.000000 94.000000 0.235772
4 307 134.000000 89.000000 0.335821
4 308 93.000000 69.000000 0.258065
4 309 91.000000 73.000000 0.197802
4 310 113.000000 83.000000 0.265487
4 311 123.000000 89.000000 0.276423
4 312 98.000000 68.000000 0.306122
4 313 98.000000 82.000000 0.163265
4 314 110.000000 86.000000 0.218182
4 315 100.000000 71.000000 0.290000
4 316 97.000000 73.000000 0.247423
4 317 145.000000 105.000000 0.275862
4 318 121.000000 87.000000 0.280992
4 319 106.000000 79.000000 0.254717
4 320 119.000000 86.000000 0.277311
4 321 133.000000 92.000000 0.308271
4 322 98.000000 73.000000 0.255102
4 323 114.000000 83.000000 0.271930
4 324 91.000000 77.000000 0.153846
4 325 114.000000 78.000000 0.315789
4 326 110.000000 82.000000 0.254545
4 327 148.000000 102.000000 0.310811
4 328 104.000000 78.000000 0.250000
4 329 95.000000 66.000000 0.305263
4 330 120.000000 84.000000 0.300000
4 331 118.000000 85.000000 0.279661
4 332 118.000000 85.000000 0.279661
4 333 117.000000 82.000000 0.299145
4 334 109.000000 76.000000 0.302752
4 335 104.000000 74.000000 0.288462
4 336 146.000000 107.000000 0.267123
4 337 102.000000 81.000000 0.205882
4 338 121.000000 86.000000 0.289256
4 339 105.000000 78.000000 0.257143
4 340 122.000000 85.000000 0.303279
4 341 108.000000 74.000000 0.314815
4 342 92.000000 75.000000 0.184783
4 343 122.000000 82.000000 0.327869
4 344 82.000000 66.000000 0.195122
4 345 130.000000 90.000000 0.307692
4 346 97.000000 73.000000 0.247423
4 347 121.000000 85.000000 0.297521
4 348 125.000000 97.000000 0.224000
4 349 100.000000 85.000000 0.150000
4 350 112.000000 84.000000 0.250000
4 351 102.000000 80.000000 0.215686
4 352 123.000000 90.000000 0.268293
4 353 110.000000 88.000000 0.200000
4 354 103.000000 78.000000 0.242718
4 355 100.000000 82.000000 0.180000
4 356 82.000000 66.000000 0.195122
4 357 69.000000 56.000000 0.188406
4 358 136.000000 92.000000 0.323529
4 359 99.000000 75.000000 0.242424
4 360 89.000000 68.000000 0.235955
4 361 109.000000 80.000000 0.266055
4 362 94.000000 73.000000 0.223404
4 363 155.000000 105.000000 0.322581
4 364 106.000000 81.000000 0.235849
4 365 93.000000 62.000000 0.333333
4 366 113.000000 80.000000 0.292035
4 367 102.000000 75.000000 0.264706
4 368 103.000000 74.000000 0.281553
4 369 108.000000 79.000000 0.268519
4 370 129.000000 93.000000 0.279070
4 371 103.000000 75.000000 0.271845
4 372 107.000000 77.000000 0.280374
4 373 85.000000 66.000000 0.223529
4 374 128.000000 91.000000 0.289062
4 375 92.000000 74.000000 0.195652
4 376 137.000000 97.000000 0.291971
4 377 103.000000 69.000000 0.330097
4 378 102.000000 81.000000 0.205882
4 379 137.000000 91.000000 0.335766
4 380 88.000000 67.000000 0.238636
4 381 121.000000 90.000000 0.256198
4 382 110.000000 78.000000 0.290909
4 383 139.000000 97.000000 0.302158
4 384 102.000000 78.000000 0.235294
4 385 91.000000 70.000000 0.230769
4 386 91.000000 70.000000 0.230769
4 387 118.000000 91.000000 0.228814
4 388 77.000000 57.000000 0.259740
4 389 79.000000 66.000000 0.164557
4 390 70.000000 58.000000 0.171429
4 391 103.000000 75.000000 0.271845
4 392 111.000000 79.000000 0.288288
4 393 109.000000 80.000000 0.266055
4 394 91.000000 69.000000 0.241758
4 395 93.000000 68.000000 0.268817
4 396 117.000000 90.000000 0.230769
4 397 125.000000 90.000000 0.280000
4 398 99.000000 81.000000 0.181818
4 399 105.000000 77.000000 0.266667
4 400 122.000000 83.000000 0.319672
5 1 245.000000 182.000000 0.257143
5 2 264.000000 181.000000 0.314394
5 3 242.000000 169.000000 0.301653
5 4 294.000000 215.000000 0.268707
5 5 253.000000 177.000000 0.300395
5 6 250.000000 173.000000 0.308000
5 7 215.000000 162.000000 0.246512
5 8 166.000000 128.000000 0.228916
5 9 283.000000 196.000000 0.307420
5 10 252.000000 185.000000 0.265873
5 11 274.000000 190.000000 0.306569
5 12 200.000000 154.000000 0.230000
5 13 274.000000 183.000000 0.332117
5 14 156.000000 114.000000 0.269231
5 15 271.000000 192.000000 0.291513
5 16 252.000000 178.000000 0.293651
5 17 191.000000 137.000000 0.282723
5 18 277.000000 190.000000 0.314079
5 19 207.000000 149.000000 0.280193
5 20 246.000000 173.000000 0.296748
5 21 318.000000 211.000000 0.336478
5 22 227.000000 174.000000 0.233480
5 23 231.000000 173.000000 0.251082
5 24 260.000000 186.000000 0.284615
5 25 242.000000 176.000000 0.272727
5 26 249.000000 201.000000 0.192771
5 27 203.000000 159.000000 0.216749
5 28 230.000000 173.000000 0.247826
5 29 191.000000 149.000000 0.219895
5 30 204.000000 141.000000 0.308824
5 31 208.000000 153.000000 0.264423
5 32 189.000000 140.000000 0.259259
5 33 221.000000 164.000000 0.257919
5 34 201.000000 159.000000 0.208955
5 35 255.000000 180.000000 0.294118
5 36 237.000000 176.000000 0.257384
5 37 176.000000 130.000000 0.261364
5 38 229.000000 166.000000 0.275109
5 39 208.000000 159.000000 0.235577
5 40 231.000000 153.000000 0.337662
5 41 250.000000 187.000000 0.252000
5 42 248.000000 181.000000 0.270161
5 43 247.000000 188.000000 0.238866
5 44 226.000000 165.000000 0.269912
5 45 208.000000 153.000000 0.264423
5 46 212.000000 169.000000 0.202830
5 47 224.000000 164.000000 0.267857
5 48 290.000000 209.000000 0.279310
5 49 194.000000 148.000000 0.237113
5 50 206.000000 158.000000 0.233010
5 51 268.000000 186.000000 0.305970
5 52 156.000000 121.000000 0.224359
5 53 296.000000 215.000000 0.273649
5 54 165.000000 116.000000 0.296970
5 55 260.000000 190.000000 0.269231
5 56 310.000000 209.000000 0.325806
5 57 163.000000 111.000000 0.319018
5 58 223.000000 161.000000 0.278027
5 59 258.000000 187.000000 0.275194
5 60 247.000000 180.000000 0.271255
5 61 244.000000 181.000000 0.258197
5 62 284.000000 204.000000 0.281690
5 63 235.000000 171.000000 0.272340
5 64 179.000000 129.000000 0.279330
5 65 177.000000 133.000000 0.248588
5 66 192.000000 142.000000 0.260417
5 67 196.000000 146.000000 0.255102
5 68 219.000000 150.000000 0.315068
5 69 250.000000 175.000000 0.300000
5 70 239.000000 180.000000 0.246862
5 71 207.000000 152.000000 0.265700
5 72 246.000000 184.000000 0.252033
5 73 179.000000 131.000000 0.268156
5 74 236.000000 191.000000 0.190678
5 75 127.000000 95.000000 0.251969
5 76 153.000000 113.000000 0.261438
5 77 219.000000 168.000000 0.232877
5 78 210.000000 145.000000 0.309524
5 79 233.000000 173.000000 0.257511
5 80 222.000000 157.000000 0.292793
5 81 200.000000 155.000000 0.225000
5 82 241.000000 172.000000 0.286307
5 83 186.000000 142.000000 0.236559
5 84 176.000000 126.000000 0.284091
5 85 253.000000 195.000000 0.229249
5 86 229.000000 181.000000 0.209607
5 87 200.000000 144.000000 0.280000
5 88 264.000000 198.000000 0.250000
5 89 250.000000 182.000000 0.272000
5 90 205.000000 145.000000 0.292683
5 91 188.000000 141.000000 0.250000
5 92 204.000000 147.000000 0.279412
5 93 188.000000 143.000000 0.239362
5 94 165.000000 124.000000 0.248485
5 95 286.000000 188.000000 0.342657
5 96 204.000000 148.000000 0.274510
5 97 284.000000 203.000000 0.285211
5 98 241.000000 177.000000 0.265560
5 99 154.000000 123.000000 0.201299
5 100 213.000000 147.000000 0.309859
5 101 244.000000 171.000000 0.299180
5 102 192.000000 143.000000 0.255208
5 103 224.000000 171.000000 0.236607
5 104 228.000000 158.000000 0.307018
5 105 148.000000 110.000000 0.256757
5 106 227.000000 153.000000 0.325991
5 107 213.000000 155.000000 0.272300
5 108 219.000000 159.000000 0.273973
5 109 191.000000 142.000000 0.256545
5 110 304.000000 191.000000 0.371711
5 111 217.000000 163.000000 0.248848
MATLAB is running in headless mode.  Figure windows will not be displayed.
5 112 206.000000 143.000000 0.305825
5 113 298.000000 208.000000 0.302013
5 114 209.000000 151.000000 0.277512
5 115 215.000000 149.000000 0.306977
5 116 196.000000 145.000000 0.260204
5 117 266.000000 185.000000 0.304511
5 118 231.000000 168.000000 0.272727
5 119 194.000000 140.000000 0.278351
5 120 195.000000 137.000000 0.297436
5 121 239.000000 177.000000 0.259414
5 122 230.000000 169.000000 0.265217
5 123 223.000000 160.000000 0.282511
5 124 180.000000 142.000000 0.211111
5 125 258.000000 195.000000 0.244186
5 126 194.000000 156.000000 0.195876
5 127 260.000000 182.000000 0.300000
5 128 258.000000 180.000000 0.302326
5 129 291.000000 207.000000 0.288660
5 130 196.000000 152.000000 0.224490
5 131 213.000000 153.000000 0.281690
5 132 215.000000 161.000000 0.251163
5 133 243.000000 176.000000 0.275720
5 134 215.000000 173.000000 0.195349
5 135 245.000000 174.000000 0.289796
5 136 194.000000 135.000000 0.304124
5 137 263.000000 191.000000 0.273764
5 138 171.000000 136.000000 0.204678
5 139 197.000000 148.000000 0.248731
5 140 173.000000 141.000000 0.184971
5 141 230.000000 165.000000 0.282609
5 142 188.000000 149.000000 0.207447
5 143 336.000000 232.000000 0.309524
5 144 234.000000 168.000000 0.282051
5 145 226.000000 161.000000 0.287611
5 146 193.000000 131.000000 0.321244
5 147 216.000000 157.000000 0.273148
5 148 173.000000 124.000000 0.283237
5 149 185.000000 141.000000 0.237838
5 150 227.000000 163.000000 0.281938
5 151 249.000000 174.000000 0.301205
5 152 210.000000 143.000000 0.319048
5 153 208.000000 151.000000 0.274038
5 154 301.000000 213.000000 0.292359
5 155 212.000000 158.000000 0.254717
5 156 278.000000 185.000000 0.334532
5 157 233.000000 169.000000 0.274678
5 158 205.000000 160.000000 0.219512
5 159 248.000000 174.000000 0.298387
5 160 270.000000 182.000000 0.325926
5 161 214.000000 165.000000 0.228972
5 162 246.000000 190.000000 0.227642
5 163 244.000000 178.000000 0.270492
5 164 218.000000 172.000000 0.211009
5 165 261.000000 187.000000 0.283525
5 166 249.000000 190.000000 0.236948
5 167 226.000000 166.000000 0.265487
5 168 163.000000 132.000000 0.190184
5 169 227.000000 163.000000 0.281938
5 170 209.000000 157.000000 0.248804
5 171 244.000000 180.000000 0.262295
5 172 187.000000 140.000000 0.251337
5 173 247.000000 179.000000 0.275304
5 174 200.000000 155.000000 0.225000
5 175 216.000000 162.000000 0.250000
5 176 198.000000 152.000000 0.232323
5 177 210.000000 160.000000 0.238095
5 178 207.000000 160.000000 0.227053
5 179 258.000000 171.000000 0.337209
5 180 221.000000 168.000000 0.239819
5 181 239.000000 170.000000 0.288703
5 182 264.000000 184.000000 0.303030
5 183 305.000000 207.000000 0.321311
5 184 229.000000 170.000000 0.257642
5 185 196.000000 141.000000 0.280612
5 186 178.000000 134.000000 0.247191
5 187 321.000000 216.000000 0.327103
5 188 289.000000 204.000000 0.294118
5 189 260.000000 192.000000 0.261538
5 190 253.000000 185.000000 0.268775
5 191 186.000000 134.000000 0.279570
5 192 295.000000 210.000000 0.288136
5 193 201.000000 154.000000 0.233831
5 194 241.000000 172.000000 0.286307
5 195 292.000000 198.000000 0.321918
5 196 223.000000 167.000000 0.251121
5 197 159.000000 121.000000 0.238994
5 198 232.000000 161.000000 0.306034
5 199 273.000000 195.000000 0.285714
5 200 275.000000 181.000000 0.341818
5 201 242.000000 168.000000 0.305785
5 202 207.000000 148.000000 0.285024
5 203 243.000000 169.000000 0.304527
5 204 262.000000 177.000000 0.324427
5 205 210.000000 150.000000 0.285714
5 206 216.000000 154.000000 0.287037
5 207 175.000000 138.000000 0.211429
5 208 246.000000 186.000000 0.243902
5 209 255.000000 184.000000 0.278431
5 210 230.000000 170.000000 0.260870
5 211 278.000000 204.000000 0.266187
5 212 253.000000 187.000000 0.260870
5 213 259.000000 198.000000 0.235521
5 214 213.000000 155.000000 0.272300
5 215 274.000000 197.000000 0.281022
5 216 192.000000 143.000000 0.255208
5 217 195.000000 140.000000 0.282051
5 218 233.000000 167.000000 0.283262
5 219 218.000000 175.000000 0.197248
5 220 250.000000 181.000000 0.276000
5 221 183.000000 143.000000 0.218579
5 222 248.000000 175.000000 0.294355
5 223 212.000000 158.000000 0.254717
5 224 214.000000 172.000000 0.196262
5 225 194.000000 142.000000 0.268041
5 226 225.000000 169.000000 0.248889
5 227 229.000000 176.000000 0.231441
5 228 220.000000 163.000000 0.259091
5 229 254.000000 187.000000 0.263780
5 230 224.000000 166.000000 0.258929
5 231 186.000000 137.000000 0.263441
5 232 239.000000 177.000000 0.259414
5 233 242.000000 173.000000 0.285124
5 234 207.000000 152.000000 0.265700
5 235 194.000000 142.000000 0.268041
5 236 203.000000 145.000000 0.285714
5 237 199.000000 160.000000 0.195980
5 238 236.000000 164.000000 0.305085
5 239 190.000000 149.000000 0.215789
5 240 293.000000 205.000000 0.300341
5 241 271.000000 192.000000 0.291513
5 242 197.000000 141.000000 0.284264
5 243 233.000000 169.000000 0.274678
5 244 216.000000 155.000000 0.282407
5 245 231.000000 168.000000 0.272727
5 246 254.000000 188.000000 0.259843
5 247 185.000000 146.000000 0.210811
5 248 171.000000 131.000000 0.233918
5 249 182.000000 131.000000 0.280220
5 250 219.000000 162.000000 0.260274
5 251 223.000000 164.000000 0.264574
5 252 153.000000 121.000000 0.209150
5 253 237.000000 177.000000 0.253165
5 254 202.000000 150.000000 0.257426
5 255 203.000000 157.000000 0.226601
5 256 240.000000 176.000000 0.266667
5 257 278.000000 205.000000 0.262590
5 258 131.000000 107.000000 0.183206
5 259 214.000000 164.000000 0.233645
5 260 244.000000 174.000000 0.286885
5 261 152.000000 116.000000 0.236842
5 262 190.000000 136.000000 0.284211
5 263 274.000000 195.000000 0.288321
5 264 199.000000 142.000000 0.286432
5 265 130.000000 98.000000 0.246154
5 266 151.000000 115.000000 0.238411
5 267 242.000000 177.000000 0.268595
5 268 262.000000 190.000000 0.274809
5 269 198.000000 148.000000 0.252525
5 270 216.000000 167.000000 0.226852
5 271 162.000000 115.000000 0.290123
5 272 261.000000 184.000000 0.295019
5 273 164.000000 120.000000 0.268293
5 274 165.000000 130.000000 0.212121
5 275 212.000000 157.000000 0.259434
5 276 177.000000 116.000000 0.344633
5 277 207.000000 141.000000 0.318841
5 278 233.000000 157.000000 0.326180
5 279 219.000000 161.000000 0.264840
5 280 262.000000 183.000000 0.301527
5 281 180.000000 132.000000 0.266667
5 282 172.000000 135.000000 0.215116
5 283 207.000000 146.000000 0.294686
5 284 178.000000 138.000000 0.224719
5 285 204.000000 148.000000 0.274510
5 286 182.000000 132.000000 0.274725
5 287 244.000000 176.000000 0.278689
5 288 155.000000 115.000000 0.258065
5 289 194.000000 145.000000 0.252577
5 290 195.000000 158.000000 0.189744
5 291 218.000000 168.000000 0.229358
5 292 202.000000 149.000000 0.262376
5 293 221.000000 163.000000 0.262443
5 294 163.000000 130.000000 0.202454
5 295 258.000000 182.000000 0.294574
5 296 249.000000 176.000000 0.293173
5 297 211.000000 160.000000 0.241706
5 298 246.000000 170.000000 0.308943
5 299 211.000000 150.000000 0.289100
5 300 188.000000 136.000000 0.276596
5 301 229.000000 170.000000 0.257642
5 302 265.000000 182.000000 0.313208
5 303 108.000000 92.000000 0.148148
5 304 145.000000 110.000000 0.241379
5 305 168.000000 139.000000 0.172619
5 306 236.000000 167.000000 0.292373
5 307 208.000000 150.000000 0.278846
5 308 236.000000 176.000000 0.254237
5 309 228.000000 152.000000 0.333333
5 310 229.000000 171.000000 0.253275
5 311 263.000000 185.000000 0.296578
5 312 230.000000 168.000000 0.269565
5 313 204.000000 150.000000 0.264706
5 314 230.000000 166.000000 0.278261
5 315 223.000000 174.000000 0.219731
5 316 288.000000 198.000000 0.312500
5 317 256.000000 179.000000 0.300781
5 318 332.000000 224.000000 0.325301
5 319 291.000000 219.000000 0.247423
5 320 231.000000 161.000000 0.303030
5 321 293.000000 199.000000 0.320819
5 322 240.000000 170.000000 0.291667
5 323 233.000000 162.000000 0.304721
5 324 277.000000 193.000000 0.303249
5 325 212.000000 162.000000 0.235849
5 326 220.000000 158.000000 0.281818
5 327 221.000000 160.000000 0.276018
5 328 232.000000 179.000000 0.228448
5 329 229.000000 167.000000 0.270742
5 330 216.000000 158.000000 0.268519
5 331 254.000000 184.000000 0.275591
5 332 273.000000 194.000000 0.289377
5 333 282.000000 191.000000 0.322695
5 334 210.000000 155.000000 0.261905
5 335 286.000000 211.000000 0.262238
5 336 208.000000 154.000000 0.259615
5 337 241.000000 166.000000 0.311203
5 338 194.000000 158.000000 0.185567
5 339 178.000000 136.000000 0.235955
5 340 320.000000 216.000000 0.325000
5 341 198.000000 145.000000 0.267677
5 342 197.000000 142.000000 0.279188
5 343 284.000000 205.000000 0.278169
5 344 247.000000 185.000000 0.251012
5 345 233.000000 165.000000 0.291845
5 346 137.000000 110.000000 0.197080
5 347 300.000000 203.000000 0.323333
5 348 244.000000 185.000000 0.241803
5 349 226.000000 158.000000 0.300885
5 350 245.000000 166.000000 0.322449
5 351 201.000000 156.000000 0.223881
5 352 284.000000 189.000000 0.334507
5 353 212.000000 158.000000 0.254717
5 354 241.000000 160.000000 0.336100
5 355 197.000000 147.000000 0.253807
5 356 204.000000 150.000000 0.264706
5 357 154.000000 119.000000 0.227273
5 358 214.000000 152.000000 0.289720
5 359 232.000000 169.000000 0.271552
5 360 299.000000 205.000000 0.314381
5 361 256.000000 187.000000 0.269531
5 362 214.000000 168.000000 0.214953
5 363 212.000000 159.000000 0.250000
5 364 253.000000 198.000000 0.217391
5 365 220.000000 166.000000 0.245455
5 366 247.000000 171.000000 0.307692
5 367 282.000000 192.000000 0.319149
5 368 189.000000 142.000000 0.248677
5 369 190.000000 135.000000 0.289474
5 370 235.000000 164.000000 0.302128
5 371 266.000000 182.000000 0.315789
5 372 196.000000 139.000000 0.290816
5 373 228.000000 161.000000 0.293860
5 374 202.000000 147.000000 0.272277
5 375 243.000000 178.000000 0.267490
5 376 205.000000 149.000000 0.273171
5 377 240.000000 172.000000 0.283333
5 378 187.000000 146.000000 0.219251
5 379 228.000000 163.000000 0.285088
5 380 172.000000 139.000000 0.191860
5 381 258.000000 194.000000 0.248062
5 382 178.000000 136.000000 0.235955
5 383 170.000000 127.000000 0.252941
5 384 215.000000 160.000000 0.255814
5 385 279.000000 185.000000 0.336918
5 386 253.000000 187.000000 0.260870
5 387 176.000000 136.000000 0.227273
5 388 215.000000 161.000000 0.251163
5 389 158.000000 128.000000 0.189873
5 390 213.000000 159.000000 0.253521
5 391 256.000000 184.000000 0.281250
5 392 179.000000 148.000000 0.173184
5 393 135.000000 98.000000 0.274074
5 394 224.000000 168.000000 0.250000
5 395 258.000000 192.000000 0.255814
5 396 191.000000 145.000000 0.240838
5 397 246.000000 174.000000 0.292683
5 398 192.000000 141.000000 0.265625
5 399 256.000000 190.000000 0.257812
5 400 168.000000 131.000000 0.220238
6 1 566.000000 417.000000 0.263251
6 2 539.000000 379.000000 0.296846
